Added MKL.jl
Project LightCones v0.1.0
Status `/gpfs/bwfor/work/ws/hd_ku269-light_cones/WorkingFolder/Project.toml`
  [7d9fca2a] Arpack v0.5.4
  [7073ff75] IJulia v1.24.0
  [033835bb] JLD2 v0.4.29
  [0b1a1467] KrylovKit v0.6.0
  [d3d80556] LineSearches v7.2.0
  [33e6dc65] MKL v0.6.0
  [429524aa] Optim v1.7.4
  [91a5bcdd] Plots v1.38.2
  [c3e4b0f8] Pluto v0.19.19
  [3c0b384b] QuantumInformation v0.4.9
  [189a3867] Reexport v1.2.2
  [295af30f] Revise v3.5.0
  [ebcc8a00] SpinSymmetry v0.3.3
  [59d54670] ThreadedSparseArrays v0.2.2
  [ade2ca70] Dates
  [8ba89e20] Distributed
  [37e2e46d] LinearAlgebra
  [de0858da] Printf
  [9a3f8284] Random
  [1a1011a3] SharedArrays
  [2f01184e] SparseArrays
  [10745b16] Statistics
[2023-01-16T01:23:57.173]**********RANDOM FIELDS**********
shared_krylov.jl
Working Directory:          /gpfs/bwfor/work/ws/hd_ku269-light_cones/WorkingFolder
SLURM Directory:            /gpfs/bwfor/work/ws/hd_ku269-light_cones/WorkingFolder 
Running on host:            m09c01
Job id:                     512577
Job name:                   otoc_simulation_N11_TRNEW
Number of nodes allocated:  
Number of cores allocated:  1
#threads of Julia:          64
#threads of BLAS:           1
ARGS = ["11", "5", "50", "BS", "x", "12", "100", "Rhim71_FR"]
LOCATION = "/gpfs/bwfor/work/ws/hd_ku269-logs/LightCones/2023-01-16"
N = 11
SHOTS = 5
MULT_RANDOM_STATES = true
N_RANDOM_STATES = 50
TYPE_OF_RS = "BS"
OBSERVABLE = "x"
DISORDER_PARAM = 12.0
[2023-01-16T01:23:57.344]**********Running simulation**********
[2023-01-16T01:23:57.397]trange = 0.1:0.1:20.0
[2023-01-16T01:23:57.685]A = σx
[2023-01-16T01:23:58.081]alpha=6
[2023-01-16T01:23:58.081]PBC
SlowPulse([1.0, 0.0, 0.0], π, 1570.7963267948965)SlowPulse([-1.0, 0.0, 0.0], π, 1570.7963267948965)SlowPulse([1.0, 0.0, 0.0], π, 1570.7963267948965)SlowPulse([-1.0, 0.0, 0.0], π, 1570.7963267948965)6[2023-01-16T01:24:01.791]Operations set up.
Using multiple states.
7616.301920 seconds (6.21 G allocations: 23.734 TiB, 15.58% gc time, 0.01% compilation time)
7626.935865 seconds (6.22 G allocations: 23.749 TiB, 15.58% gc time, 0.09% compilation time)
7627.985098 seconds (6.22 G allocations: 23.753 TiB, 15.57% gc time, 0.09% compilation time)
7624.884625 seconds (6.22 G allocations: 23.756 TiB, 15.58% gc time, 0.04% compilation time)
7625.740974 seconds (6.22 G allocations: 23.759 TiB, 15.58% gc time, 0.04% compilation time)
7625.409281 seconds (6.22 G allocations: 23.762 TiB, 15.58% gc time, 0.02% compilation time)
7626.710270 seconds (6.22 G allocations: 23.763 TiB, 15.58% gc time, 0.04% compilation time)
7625.818000 seconds (6.22 G allocations: 23.764 TiB, 15.58% gc time, 0.03% compilation time)
7626.396710 seconds (6.22 G allocations: 23.766 TiB, 15.58% gc time, 0.02% compilation time)
7629.154179 seconds (6.22 G allocations: 23.774 TiB, 15.57% gc time, 0.03% compilation time)
7635.059099 seconds (6.23 G allocations: 23.777 TiB, 15.56% gc time, 0.09% compilation time)
7631.380134 seconds (6.23 G allocations: 23.777 TiB, 15.59% gc time, 0.02% compilation time)
7636.803026 seconds (6.23 G allocations: 23.778 TiB, 15.58% gc time, 0.09% compilation time)
7637.134445 seconds (6.23 G allocations: 23.779 TiB, 15.58% gc time, 0.09% compilation time)
7637.351581 seconds (6.23 G allocations: 23.780 TiB, 15.58% gc time, 0.09% compilation time)
7637.409815 seconds (6.23 G allocations: 23.780 TiB, 15.58% gc time, 0.09% compilation time)
7632.905949 seconds (6.23 G allocations: 23.781 TiB, 15.58% gc time, 0.02% compilation time)
7633.721760 seconds (6.23 G allocations: 23.784 TiB, 15.58% gc time, 0.03% compilation time)
7633.725220 seconds (6.23 G allocations: 23.784 TiB, 15.58% gc time, 0.02% compilation time)
7634.381592 seconds (6.23 G allocations: 23.786 TiB, 15.58% gc time, 0.03% compilation time)
7635.652619 seconds (6.23 G allocations: 23.790 TiB, 15.58% gc time, 0.03% compilation time)
7636.006694 seconds (6.23 G allocations: 23.791 TiB, 15.58% gc time, 0.02% compilation time)
7636.427837 seconds (6.23 G allocations: 23.793 TiB, 15.58% gc time, 0.02% compilation time)
7638.234767 seconds (6.23 G allocations: 23.799 TiB, 15.57% gc time, 0.02% compilation time)
7638.446575 seconds (6.23 G allocations: 23.799 TiB, 15.57% gc time, 0.03% compilation time)
7638.607387 seconds (6.23 G allocations: 23.800 TiB, 15.57% gc time, 0.02% compilation time)
7639.428457 seconds (6.23 G allocations: 23.803 TiB, 15.57% gc time, 0.02% compilation time)
7639.638413 seconds (6.23 G allocations: 23.803 TiB, 15.57% gc time, 0.03% compilation time)
7646.465275 seconds (6.24 G allocations: 23.805 TiB, 15.57% gc time, 0.09% compilation time)
7641.288336 seconds (6.23 G allocations: 23.805 TiB, 15.58% gc time, 0.02% compilation time)
7642.297503 seconds (6.23 G allocations: 23.807 TiB, 15.58% gc time, 0.03% compilation time)
7642.946181 seconds (6.23 G allocations: 23.808 TiB, 15.58% gc time, 0.03% compilation time)
7649.607113 seconds (6.24 G allocations: 23.813 TiB, 15.57% gc time, 0.09% compilation time)
7650.879929 seconds (6.24 G allocations: 23.818 TiB, 15.56% gc time, 0.09% compilation time)
7646.221596 seconds (6.24 G allocations: 23.819 TiB, 15.57% gc time, 0.03% compilation time)
7652.175413 seconds (6.24 G allocations: 23.822 TiB, 15.56% gc time, 0.09% compilation time)
7652.279022 seconds (6.24 G allocations: 23.822 TiB, 15.56% gc time, 0.09% compilation time)
7647.517256 seconds (6.24 G allocations: 23.822 TiB, 15.57% gc time, 0.02% compilation time)
7648.523471 seconds (6.24 G allocations: 23.826 TiB, 15.57% gc time, 0.02% compilation time)
7649.372629 seconds (6.24 G allocations: 23.828 TiB, 15.57% gc time, 0.02% compilation time)
7654.787637 seconds (6.24 G allocations: 23.830 TiB, 15.56% gc time, 0.09% compilation time)
7651.936866 seconds (6.24 G allocations: 23.833 TiB, 15.58% gc time, 0.02% compilation time)
7657.346811 seconds (6.24 G allocations: 23.834 TiB, 15.57% gc time, 0.09% compilation time)
7652.511166 seconds (6.24 G allocations: 23.834 TiB, 15.58% gc time, 0.02% compilation time)
7658.011052 seconds (6.24 G allocations: 23.835 TiB, 15.57% gc time, 0.09% compilation time)
7654.487062 seconds (6.24 G allocations: 23.840 TiB, 15.58% gc time, 0.03% compilation time)
7655.179123 seconds (6.24 G allocations: 23.842 TiB, 15.58% gc time, 0.02% compilation time)
7661.665570 seconds (6.25 G allocations: 23.847 TiB, 15.56% gc time, 0.09% compilation time)
7663.555852 seconds (6.25 G allocations: 23.854 TiB, 15.56% gc time, 0.09% compilation time)
7660.553270 seconds (6.25 G allocations: 23.861 TiB, 15.57% gc time, 0.03% compilation time)
7599.879047 seconds (6.23 G allocations: 23.795 TiB, 15.73% gc time, 0.01% compilation time)
7592.279870 seconds (6.22 G allocations: 23.769 TiB, 15.74% gc time, 0.01% compilation time)
7597.606706 seconds (6.23 G allocations: 23.787 TiB, 15.73% gc time, 0.01% compilation time)
7607.494461 seconds (6.24 G allocations: 23.819 TiB, 15.73% gc time, 0.03% compilation time)
7594.720165 seconds (6.23 G allocations: 23.779 TiB, 15.74% gc time, 0.01% compilation time)
7601.389417 seconds (6.23 G allocations: 23.802 TiB, 15.72% gc time, 0.01% compilation time)
[2023-01-16T05:38:10.848]Diagonalized H.
[2023-01-16T05:38:10.848]Diagonalized H.
[2023-01-16T05:38:10.851]Diagonalized H.
[2023-01-16T05:38:10.853]Diagonalized H.
[2023-01-16T05:38:10.871]Diagonalized H.
[2023-01-16T05:38:11.278]Diagonalized H.
7602.607676 seconds (6.23 G allocations: 23.785 TiB, 15.73% gc time, 0.01% compilation time)
7594.607903 seconds (6.22 G allocations: 23.765 TiB, 15.73% gc time, 0.03% compilation time)
7604.358142 seconds (6.23 G allocations: 23.793 TiB, 15.73% gc time, 0.03% compilation time)
[2023-01-16T05:38:30.696]Diagonalized H.
7618.380753 seconds (6.23 G allocations: 23.783 TiB, 15.70% gc time, 0.04% compilation time)
[2023-01-16T05:38:36.370]Diagonalized H.
[2023-01-16T05:38:43.978]Diagonalized H.
[2023-01-16T05:38:43.985]Diagonalized H.
7643.296945 seconds (6.25 G allocations: 23.837 TiB, 15.69% gc time, 0.04% compilation time)
 44.844150 seconds (18.98 M allocations: 47.641 GiB, 9.56% gc time, 5.77% compilation time)
[2023-01-16T05:38:44.948]Completed Shot 1, state 28
7642.488650 seconds (6.25 G allocations: 23.834 TiB, 15.69% gc time, 0.04% compilation time)
 46.040503 seconds (20.17 M allocations: 52.352 GiB, 9.31% gc time, 5.62% compilation time)
[2023-01-16T05:38:45.395]Completed Shot 1, state 27
 46.763319 seconds (21.02 M allocations: 55.436 GiB, 9.17% gc time, 6.14% compilation time)
[2023-01-16T05:38:45.595]Completed Shot 1, state 45
 45.773325 seconds (19.46 M allocations: 50.955 GiB, 9.37% gc time, 5.65% compilation time)
[2023-01-16T05:38:46.651]Completed Shot 1, state 48
 45.929163 seconds (19.52 M allocations: 51.167 GiB, 9.33% gc time, 5.63% compilation time)
[2023-01-16T05:38:46.865]Completed Shot 1, state 29
7634.792516 seconds (6.24 G allocations: 23.815 TiB, 15.69% gc time, 0.04% compilation time)
7646.711460 seconds (6.25 G allocations: 23.848 TiB, 15.69% gc time, 0.04% compilation time)
7627.571472 seconds (6.24 G allocations: 23.792 TiB, 15.69% gc time, 0.04% compilation time)
7647.641314 seconds (6.25 G allocations: 23.845 TiB, 15.68% gc time, 0.04% compilation time)
7621.822722 seconds (6.23 G allocations: 23.778 TiB, 15.68% gc time, 0.04% compilation time)
7648.873271 seconds (6.25 G allocations: 23.849 TiB, 15.68% gc time, 0.04% compilation time)
 51.070090 seconds (21.01 M allocations: 59.576 GiB, 8.39% gc time, 5.06% compilation time)
[2023-01-16T05:38:52.460]Completed Shot 1, state 20
 43.813649 seconds (16.14 M allocations: 49.377 GiB, 4.38% gc time, 3.20% compilation time)
[2023-01-16T05:38:56.889]Completed Shot 1, state 9
7647.514686 seconds (6.25 G allocations: 23.838 TiB, 15.66% gc time, 0.04% compilation time)
7635.149032 seconds (6.24 G allocations: 23.800 TiB, 15.67% gc time, 0.04% compilation time)
7643.741752 seconds (6.24 G allocations: 23.822 TiB, 15.67% gc time, 0.04% compilation time)
7637.150698 seconds (6.24 G allocations: 23.805 TiB, 15.67% gc time, 0.04% compilation time)
7650.738504 seconds (6.25 G allocations: 23.844 TiB, 15.66% gc time, 0.04% compilation time)
7648.047648 seconds (6.25 G allocations: 23.833 TiB, 15.66% gc time, 0.04% compilation time)
7641.871225 seconds (6.24 G allocations: 23.818 TiB, 15.66% gc time, 0.04% compilation time)
 48.813431 seconds (17.87 M allocations: 57.043 GiB, 3.93% gc time, 2.87% compilation time)
[2023-01-16T05:39:01.976]Completed Shot 1, state 1
[2023-01-16T05:39:02.270]Diagonalized H.
[2023-01-16T05:39:02.434]Diagonalized H.
[[2023-01-16T05:39:12.976]Diagonalized H.
[[[[[[[[[2023-01-16T05:39:12.981]Diagonalized H.
2023-01-16T05:39:14.009]Diagonalized H.
2023-01-16T05:39:14.0112023-01-16T05:39:14.022]Diagonalized H.
]Diagonalized H.
[2023-01-16T05:39:14.0162023-01-16T05:39:14.019]2023-01-16T05:39:14.152]]Diagonalized H.
2023-01-16T05:39:14.019]Diagonalized H.
Diagonalized H.
Diagonalized H.2023-01-16T05:39:14.012
][2023-01-16T05:39:14.018]Diagonalized H.
2023-01-16T05:39:14.154]Diagonalized H.
2023-01-16T05:39:14.154]Diagonalized H.
Diagonalized H.
119.308830 seconds (20.55 M allocations: 83.534 GiB, 9.48% gc time, 2.11% compilation time)
[2023-01-16T05:40:11.052]Completed Shot 1, state 2
101.618665 seconds (9.11 M allocations: 60.890 GiB, 11.77% gc time)
[2023-01-16T05:40:16.688]Completed Shot 1, state 38
136.650980 seconds (5.37 M allocations: 46.095 GiB, 12.43% gc time)
[2023-01-16T05:41:04.968]Completed Shot 1, state 24
171.940050 seconds (8.42 M allocations: 66.894 GiB, 12.02% gc time)
[2023-01-16T05:41:36]Completed Shot 1, state 39
170.592570 seconds (2.31 M allocations: 39.151 GiB, 13.24% gc time)
[2023-01-16T05:41:50.029]Completed Shot 1, state 36
7835.195388 seconds (6.25 G allocations: 23.878 TiB, 15.61% gc time, 0.04% compilation time)
[2023-01-16T05:42:13.829]Diagonalized H.
204.224563 seconds (4.81 M allocations: 52.901 GiB, 12.56% gc time)
[2023-01-16T05:42:15.395]Completed Shot 1, state 12
7849.588926 seconds (6.24 G allocations: 23.862 TiB, 15.61% gc time, 0.04% compilation time)
214.095700 seconds (2.36 M allocations: 43.834 GiB, 13.10% gc time)
[2023-01-16T05:42:34.143]Completed Shot 1, state 3
[2023-01-16T05:42:34.447]Diagonalized H.
214.610664 seconds (2.38 M allocations: 43.973 GiB, 13.17% gc time)
[2023-01-16T05:42:34.716]Completed Shot 1, state 6
7871.535779 seconds (6.24 G allocations: 23.865 TiB, 15.59% gc time, 0.04% compilation time)
7860.312089 seconds (6.24 G allocations: 23.835 TiB, 15.59% gc time, 0.04% compilation time)
[2023-01-16T05:43:02.974]Diagonalized H.
[2023-01-16T05:43:03.036]Diagonalized H.
271.548867 seconds (5.36 M allocations: 62.786 GiB, 12.33% gc time)
[2023-01-16T05:43:23.303]Completed Shot 1, state 47
273.317952 seconds (3.23 M allocations: 54.901 GiB, 12.70% gc time)
[2023-01-16T05:43:32.660]Completed Shot 1, state 19
288.139725 seconds (8.61 M allocations: 80.832 GiB, 12.04% gc time)
[2023-01-16T05:43:33.217]Completed Shot 1, state 30
282.531912 seconds (5.73 M allocations: 66.240 GiB, 12.28% gc time)
[2023-01-16T05:43:33.309]Completed Shot 1, state 14
273.912543 seconds (2.78 M allocations: 52.889 GiB, 12.69% gc time)
[2023-01-16T05:43:35.052]Completed Shot 1, state 43
279.694623 seconds (4.47 M allocations: 60.436 GiB, 12.53% gc time)
[2023-01-16T05:43:37.270]Completed Shot 1, state 46
7903.921584 seconds (6.24 G allocations: 23.831 TiB, 15.56% gc time, 0.04% compilation time)
7916.355031 seconds (6.24 G allocations: 23.866 TiB, 15.56% gc time, 0.04% compilation time)
[2023-01-16T05:43:44.041]Diagonalized H.
[2023-01-16T05:43:50.734]Diagonalized H.
7929.934722 seconds (6.24 G allocations: 23.853 TiB, 15.55% gc time, 0.04% compilation time)
311.916752 seconds (7.74 M allocations: 78.605 GiB, 11.85% gc time)
[2023-01-16T05:44:00.623]Completed Shot 1, state 42
298.744837 seconds (3.21 M allocations: 58.096 GiB, 12.47% gc time)
[2023-01-16T05:44:06.951]Completed Shot 1, state 34
[2023-01-16T05:44:07.881]Diagonalized H.
7943.371505 seconds (6.24 G allocations: 23.857 TiB, 15.54% gc time, 0.04% compilation time)
319.179520 seconds (6.56 M allocations: 73.636 GiB, 11.93% gc time)
[2023-01-16T05:44:10.304]Completed Shot 1, state 50
[2023-01-16T05:44:18.436]Diagonalized H.
127.359178 seconds (1.71 M allocations: 22.177 GiB, 10.36% gc time)
[2023-01-16T05:44:33.530]Completed Shot 1, state 8
155.174950 seconds (1.95 M allocations: 26.595 GiB, 10.61% gc time)
[2023-01-16T05:44:41.179]Completed Shot 1, state 40
7993.535383 seconds (6.25 G allocations: 23.905 TiB, 15.51% gc time, 0.04% compilation time)
7990.664410 seconds (6.25 G allocations: 23.896 TiB, 15.52% gc time, 0.04% compilation time)
[2023-01-16T05:44:51.109]Diagonalized H.
[2023-01-16T05:44:57.439]Diagonalized H.
144.623511 seconds (1.61 M allocations: 24.071 GiB, 10.24% gc time)
[2023-01-16T05:45:14.766]Completed Shot 1, state 15
147.252790 seconds (1.62 M allocations: 24.527 GiB, 10.25% gc time)
[2023-01-16T05:45:17.592]Completed Shot 1, state 5
8013.382947 seconds (6.24 G allocations: 23.854 TiB, 15.49% gc time, 0.04% compilation time)
[2023-01-16T05:45:32.748]Diagonalized H.
120.003390 seconds (1.67 M allocations: 22.356 GiB, 10.07% gc time)
[2023-01-16T05:45:37.607]Completed Shot 1, state 23
121.361713 seconds (1.73 M allocations: 22.564 GiB, 10.20% gc time)
[2023-01-16T05:45:39.340]Completed Shot 1, state 25
104.131418 seconds (2.17 M allocations: 22.204 GiB, 10.87% gc time)
[2023-01-16T05:45:42.440]Completed Shot 1, state 33
8053.170306 seconds (6.25 G allocations: 23.924 TiB, 15.47% gc time, 0.04% compilation time)
8038.462660 seconds (6.24 G allocations: 23.882 TiB, 15.48% gc time, 0.04% compilation time)
[2023-01-16T05:45:55.102]Diagonalized H.
[2023-01-16T05:45:55.118]Diagonalized H.
8070.344807 seconds (6.25 G allocations: 23.908 TiB, 15.46% gc time, 0.04% compilation time)
8067.563026 seconds (6.25 G allocations: 23.901 TiB, 15.46% gc time, 0.04% compilation time)
8075.678873 seconds (6.25 G allocations: 23.922 TiB, 15.46% gc time, 0.04% compilation time)
[2023-01-16T05:46:13.605]Diagonalized H.
[2023-01-16T05:46:19.849]Diagonalized H.
[2023-01-16T05:46:27.192]Diagonalized H.
176.892915 seconds (2.64 M allocations: 32.990 GiB, 10.53% gc time)
[2023-01-16T05:47:06.198]Completed Shot 1, state 17
142.998942 seconds (2.28 M allocations: 26.968 GiB, 10.49% gc time)
[2023-01-16T05:47:08.546]Completed Shot 1, state 35
144.284477 seconds (2.31 M allocations: 27.189 GiB, 10.57% gc time)
[2023-01-16T05:47:08.548]Completed Shot 1, state 21
8143.092363 seconds (6.26 G allocations: 23.939 TiB, 15.42% gc time, 0.04% compilation time)
[2023-01-16T05:47:18.896]Diagonalized H.
127.476031 seconds (2.03 M allocations: 23.633 GiB, 10.71% gc time)
[2023-01-16T05:47:33.127]Completed Shot 1, state 32
8162.855322 seconds (6.25 G allocations: 23.923 TiB, 15.41% gc time, 0.04% compilation time)
8154.004326 seconds (6.25 G allocations: 23.900 TiB, 15.42% gc time, 0.04% compilation time)
[2023-01-16T05:47:44.555]Diagonalized H.
[2023-01-16T05:47:52.055]Diagonalized H.
8166.613894 seconds (6.24 G allocations: 23.891 TiB, 15.39% gc time, 0.04% compilation time)
[2023-01-16T05:48:06.930]Diagonalized H.
147.364048 seconds (1.36 M allocations: 23.355 GiB, 10.29% gc time)
[2023-01-16T05:48:09.961]Completed Shot 1, state 22
156.427741 seconds (1.58 M allocations: 26.078 GiB, 10.50% gc time)
[2023-01-16T05:48:19.186]Completed Shot 1, state 37
133.885010 seconds (1.53 M allocations: 22.592 GiB, 10.81% gc time)
[2023-01-16T05:48:20.808]Completed Shot 1, state 31
8184.501415 seconds (6.24 G allocations: 23.869 TiB, 15.39% gc time, 0.04% compilation time)
8198.972128 seconds (6.24 G allocations: 23.896 TiB, 15.37% gc time, 0.04% compilation time)
[2023-01-16T05:48:28.910]Diagonalized H.
143.386564 seconds (1.75 M allocations: 24.288 GiB, 10.50% gc time)
[2023-01-16T05:48:29.185]Completed Shot 1, state 18
[2023-01-16T05:48:36.448]Diagonalized H.
167.818748 seconds (1.87 M allocations: 28.436 GiB, 10.43% gc time)
[2023-01-16T05:48:54.885]Completed Shot 1, state 4
8229.863235 seconds (6.24 G allocations: 23.907 TiB, 15.37% gc time, 0.04% compilation time)
8221.425995 seconds (6.24 G allocations: 23.883 TiB, 15.36% gc time, 0.04% compilation time)
[2023-01-16T05:49:02.994]Diagonalized H.
[2023-01-16T05:49:09.553]Diagonalized H.
137.599201 seconds (1.75 M allocations: 24.845 GiB, 10.25% gc time)
[2023-01-16T05:49:29.391]Completed Shot 1, state 7
8260.815686 seconds (6.24 G allocations: 23.902 TiB, 15.33% gc time, 0.04% compilation time)
118.213523 seconds (1.07 M allocations: 20.074 GiB, 9.67% gc time)
[2023-01-16T05:49:36.819]Completed Shot 1, state 41
121.704078 seconds (1.19 M allocations: 21.127 GiB, 9.40% gc time)
[2023-01-16T05:49:39.879]Completed Shot 1, state 11
[2023-01-16T05:49:44.825]Diagonalized H.
111.092594 seconds (1.11 M allocations: 19.355 GiB, 9.49% gc time)
[2023-01-16T05:49:47.054]Completed Shot 1, state 16
 56.890324 seconds (301.25 k allocations: 9.122 GiB, 8.26% gc time)
[2023-01-16T05:49:53.557]Completed Shot 1, state 49
 86.711839 seconds (579.62 k allocations: 14.691 GiB, 9.12% gc time)
[2023-01-16T05:49:55.606]Completed Shot 1, state 13
 95.052219 seconds (676.12 k allocations: 15.592 GiB, 8.48% gc time)
[2023-01-16T05:49:57.156]Completed Shot 1, state 26
 62.825691 seconds (339.51 k allocations: 9.751 GiB, 7.94% gc time)
[2023-01-16T05:49:59.823]Completed Shot 1, state 44
 28.114809 seconds (226.80 k allocations: 5.166 GiB, 5.23% gc time)
[2023-01-16T05:50:00.424]Completed Shot 1, state 10
7529.336770 seconds (6.00 G allocations: 23.233 TiB, 17.04% gc time)
7530.236025 seconds (6.00 G allocations: 23.236 TiB, 17.04% gc time)
7531.816925 seconds (6.00 G allocations: 23.241 TiB, 17.04% gc time)
7532.467792 seconds (6.00 G allocations: 23.243 TiB, 17.03% gc time)
7532.720411 seconds (6.00 G allocations: 23.245 TiB, 17.03% gc time)
7532.780439 seconds (6.00 G allocations: 23.245 TiB, 17.03% gc time)
7533.033887 seconds (6.00 G allocations: 23.246 TiB, 17.03% gc time)
7533.753601 seconds (6.00 G allocations: 23.248 TiB, 17.03% gc time)
7534.675667 seconds (6.01 G allocations: 23.252 TiB, 17.03% gc time)
7535.242058 seconds (6.01 G allocations: 23.254 TiB, 17.03% gc time)
7540.918081 seconds (6.01 G allocations: 23.256 TiB, 17.08% gc time)
7542.168798 seconds (6.01 G allocations: 23.260 TiB, 17.08% gc time)
7543.665251 seconds (6.01 G allocations: 23.265 TiB, 17.07% gc time)
7543.703250 seconds (6.01 G allocations: 23.265 TiB, 17.07% gc time)
7544.036821 seconds (6.01 G allocations: 23.266 TiB, 17.07% gc time)
7544.157022 seconds (6.01 G allocations: 23.266 TiB, 17.07% gc time)
7544.218151 seconds (6.01 G allocations: 23.267 TiB, 17.07% gc time)
7545.122396 seconds (6.01 G allocations: 23.270 TiB, 17.07% gc time)
7545.540008 seconds (6.01 G allocations: 23.271 TiB, 17.07% gc time)
7545.789894 seconds (6.01 G allocations: 23.272 TiB, 17.07% gc time)
7545.804115 seconds (6.01 G allocations: 23.272 TiB, 17.07% gc time)
7546.898747 seconds (6.01 G allocations: 23.276 TiB, 17.07% gc time)
7547.477098 seconds (6.01 G allocations: 23.278 TiB, 17.07% gc time)
7548.201031 seconds (6.01 G allocations: 23.280 TiB, 17.06% gc time)
7548.262941 seconds (6.01 G allocations: 23.280 TiB, 17.06% gc time)
7548.862542 seconds (6.01 G allocations: 23.282 TiB, 17.06% gc time)
7549.114926 seconds (6.01 G allocations: 23.283 TiB, 17.06% gc time)
7549.551490 seconds (6.01 G allocations: 23.284 TiB, 17.06% gc time)
7549.977495 seconds (6.01 G allocations: 23.285 TiB, 17.06% gc time)
7550.463730 seconds (6.01 G allocations: 23.287 TiB, 17.06% gc time)
7550.705156 seconds (6.01 G allocations: 23.287 TiB, 17.06% gc time)
7551.757174 seconds (6.02 G allocations: 23.291 TiB, 17.06% gc time)
7552.059797 seconds (6.02 G allocations: 23.292 TiB, 17.06% gc time)
7552.269244 seconds (6.02 G allocations: 23.293 TiB, 17.06% gc time)
7552.294704 seconds (6.02 G allocations: 23.293 TiB, 17.05% gc time)
7552.298566 seconds (6.02 G allocations: 23.293 TiB, 17.05% gc time)
7552.786537 seconds (6.02 G allocations: 23.294 TiB, 17.05% gc time)
7552.912348 seconds (6.02 G allocations: 23.295 TiB, 17.05% gc time)
7552.930999 seconds (6.02 G allocations: 23.295 TiB, 17.05% gc time)
7554.071508 seconds (6.02 G allocations: 23.299 TiB, 17.05% gc time)
7554.076179 seconds (6.02 G allocations: 23.299 TiB, 17.05% gc time)
7554.824328 seconds (6.02 G allocations: 23.301 TiB, 17.05% gc time)
7556.198687 seconds (6.02 G allocations: 23.305 TiB, 17.05% gc time)
7557.406244 seconds (6.02 G allocations: 23.310 TiB, 17.04% gc time)
7558.041804 seconds (6.02 G allocations: 23.312 TiB, 17.04% gc time)
7558.831534 seconds (6.02 G allocations: 23.315 TiB, 17.04% gc time)
7563.226428 seconds (6.02 G allocations: 23.329 TiB, 17.03% gc time)
7563.526517 seconds (6.02 G allocations: 23.330 TiB, 17.03% gc time)
7566.398322 seconds (6.03 G allocations: 23.340 TiB, 17.02% gc time)
7576.335224 seconds (6.03 G allocations: 23.355 TiB, 17.07% gc time)
7421.036732 seconds (6.01 G allocations: 23.283 TiB, 17.28% gc time)
7411.509689 seconds (6.01 G allocations: 23.268 TiB, 17.24% gc time)
7421.297869 seconds (6.02 G allocations: 23.287 TiB, 17.28% gc time)
7408.364447 seconds (6.01 G allocations: 23.260 TiB, 17.24% gc time)
7425.272938 seconds (6.02 G allocations: 23.301 TiB, 17.27% gc time)
7422.441223 seconds (6.02 G allocations: 23.291 TiB, 17.28% gc time)
7423.108236 seconds (6.02 G allocations: 23.294 TiB, 17.27% gc time)
7409.070080 seconds (6.01 G allocations: 23.263 TiB, 17.24% gc time)
[2023-01-16T09:59:28.255]Diagonalized H.
[2023-01-16T09:59:28.258]Diagonalized H.
[2023-01-16T09:59:28.260]Diagonalized H.
[2023-01-16T09:59:28.265]Diagonalized H.
[2023-01-16T09:59:28.266]Diagonalized H.
[[2023-01-16T09:59:28.268]Diagonalized H.
2023-01-16T09:59:28.267]Diagonalized H.
7423.231400 seconds (6.01 G allocations: 23.273 TiB, 17.29% gc time)
[2023-01-16T09:59:51.079]Diagonalized H.
7448.785091 seconds (6.01 G allocations: 23.298 TiB, 17.23% gc time)
7447.800030 seconds (6.01 G allocations: 23.294 TiB, 17.23% gc time)
7441.004237 seconds (6.01 G allocations: 23.272 TiB, 17.24% gc time)
7445.445273 seconds (6.01 G allocations: 23.286 TiB, 17.23% gc time)
7462.019663 seconds (6.02 G allocations: 23.324 TiB, 17.26% gc time)
7461.135264 seconds (6.02 G allocations: 23.321 TiB, 17.26% gc time)
7452.892108 seconds (6.02 G allocations: 23.310 TiB, 17.22% gc time)
7448.357670 seconds (6.01 G allocations: 23.295 TiB, 17.23% gc time)
[2023-01-16T09:59:58.627]Diagonalized H.
7452.882697 seconds (6.02 G allocations: 23.310 TiB, 17.22% gc time)
7450.244261 seconds (6.01 G allocations: 23.301 TiB, 17.22% gc time)
 43.893085 seconds (7.44 M allocations: 46.909 GiB, 13.15% gc time)
[2023-01-16T09:59:59.796]Completed Shot 2, state 15
7466.656949 seconds (6.02 G allocations: 23.338 TiB, 17.25% gc time)
7457.362667 seconds (6.02 G allocations: 23.324 TiB, 17.21% gc time)
7455.982568 seconds (6.02 G allocations: 23.318 TiB, 17.21% gc time)
7449.400975 seconds (6.01 G allocations: 23.297 TiB, 17.23% gc time)
 45.722118 seconds (8.93 M allocations: 53.220 GiB, 12.62% gc time)
[2023-01-16T10:00:00.320]Completed Shot 2, state 33
7452.529874 seconds (6.02 G allocations: 23.306 TiB, 17.22% gc time)
 47.586936 seconds (10.99 M allocations: 61.330 GiB, 12.13% gc time)
[2023-01-16T10:00:00.444]Completed Shot 2, state 29
 47.487300 seconds (10.35 M allocations: 59.038 GiB, 12.15% gc time)
[2023-01-16T10:00:01.032]Completed Shot 2, state 48
7451.949459 seconds (6.01 G allocations: 23.304 TiB, 17.22% gc time)
7467.090937 seconds (6.02 G allocations: 23.337 TiB, 17.25% gc time)
 47.372501 seconds (9.25 M allocations: 56.451 GiB, 12.18% gc time)
[2023-01-16T10:00:02.408]Completed Shot 2, state 1
7458.117725 seconds (6.02 G allocations: 23.323 TiB, 17.21% gc time)
7452.455056 seconds (6.01 G allocations: 23.305 TiB, 17.22% gc time)
7448.652893 seconds (6.01 G allocations: 23.292 TiB, 17.23% gc time)
7458.622044 seconds (6.02 G allocations: 23.324 TiB, 17.20% gc time)
7450.806381 seconds (6.01 G allocations: 23.299 TiB, 17.22% gc time)
7470.394109 seconds (6.03 G allocations: 23.347 TiB, 17.24% gc time)
7451.668115 seconds (6.01 G allocations: 23.301 TiB, 17.22% gc time)
[2023-01-16T10:01:31.148]Diagonalized H.
[[[[[[2023-01-16T10:01:31.157]Diagonalized H.
2023-01-16T10:01:31.165]Diagonalized H.
2023-01-16T10:01:31.164]Diagonalized H.
2023-01-16T10:01:31.160]Diagonalized H.
2023-01-16T10:01:31.164]Diagonalized H.
[2023-01-16T10:01:31.166]Diagonalized H.
2023-01-16T10:01:31.163]Diagonalized H.
[[[[2023-01-16T10:01:31.442]Diagonalized H.
2023-01-16T10:01:31.442]Diagonalized H.
2023-01-16T10:01:31.4382023-01-16T10:01:31.437]]Diagonalized H.
[[[[[[[[2023-01-16T10:01:31.539]Diagonalized H.
2023-01-16T10:01:31.538]Diagonalized H.
[[[2023-01-16T10:01:31.537]Diagonalized H.
2023-01-16T10:01:31.540]Diagonalized H.
2023-01-16T10:01:31.5372023-01-16T10:01:31.536]Diagonalized H.
]Diagonalized H.
2023-01-16T10:01:31.557]Diagonalized H.
2023-01-16T10:01:31.533]Diagonalized H.
2023-01-16T10:01:31.537]Diagonalized H.
2023-01-16T10:01:31.537]Diagonalized H.
2023-01-16T10:01:31.543]Diagonalized H.
[2023-01-16T10:01:39.909]Diagonalized H.
240.217383 seconds (9.44 M allocations: 78.766 GiB, 41.82% gc time)
[2023-01-16T10:03:16.223]Completed Shot 2, state 25
229.919392 seconds (8.42 M allocations: 73.502 GiB, 41.31% gc time)
[2023-01-16T10:03:18.703]Completed Shot 2, state 45
275.251128 seconds (14.34 M allocations: 102.339 GiB, 37.78% gc time)
[2023-01-16T10:03:46.951]Completed Shot 2, state 7
260.934727 seconds (4.47 M allocations: 52.892 GiB, 39.07% gc time)
[2023-01-16T10:04:17.138]Completed Shot 2, state 39
289.372224 seconds (2.24 M allocations: 45.555 GiB, 36.85% gc time)
[2023-01-16T10:04:49.809]Completed Shot 2, state 38
Diagonalized H.
300.559673 seconds (858.67 k allocations: 39.616 GiB, 36.08% gc time)
[2023-01-16T10:05:04.716]Completed Shot 2, state 22
371.994528 seconds (9.65 M allocations: 98.310 GiB, 31.50% gc time)
[2023-01-16T10:05:28.393]Completed Shot 2, state 41
340.773829 seconds (6.95 M allocations: 73.909 GiB, 32.95% gc time)
[2023-01-16T10:05:34.026]Completed Shot 2, state 44
337.041396 seconds (4.20 M allocations: 62.515 GiB, 33.32% gc time)
[2023-01-16T10:05:34.026]Completed Shot 2, state 10
356.576539 seconds (3.18 M allocations: 59.595 GiB, 32.37% gc time)
[2023-01-16T10:05:55.427]Completed Shot 2, state 12
365.234158 seconds (6.44 M allocations: 75.342 GiB, 31.78% gc time)
[2023-01-16T10:05:59.251]Completed Shot 2, state 8
418.929586 seconds (2.85 M allocations: 66.508 GiB, 29.56% gc time)
[2023-01-16T10:06:59.225]Completed Shot 2, state 40
421.493701 seconds (2.97 M allocations: 67.562 GiB, 29.45% gc time)
[2023-01-16T10:07:01.455]Completed Shot 2, state 42
430.051335 seconds (6.49 M allocations: 84.410 GiB, 28.93% gc time)
[2023-01-16T10:07:04.413]Completed Shot 2, state 2
427.471127 seconds (4.57 M allocations: 76.409 GiB, 29.11% gc time)
[2023-01-16T10:07:04.460]Completed Shot 2, state 50
425.604006 seconds (3.12 M allocations: 68.812 GiB, 29.24% gc time)
[2023-01-16T10:07:05.471]Completed Shot 2, state 31
7873.368393 seconds (6.01 G allocations: 23.356 TiB, 17.88% gc time)
424.154702 seconds (2.10 M allocations: 62.296 GiB, 29.42% gc time)
[2023-01-16T10:07:07.014]Completed Shot 2, state 3
7874.094065 seconds (6.01 G allocations: 23.356 TiB, 17.88% gc time)
[2023-01-16T10:07:13.035]Diagonalized H.
[2023-01-16T10:07:20.469]Diagonalized H.
460.399001 seconds (2.07 M allocations: 66.062 GiB, 28.01% gc time)
[2023-01-16T10:07:43.941]Completed Shot 2, state 13
7912.646169 seconds (6.02 G allocations: 23.364 TiB, 17.85% gc time)
[2023-01-16T10:07:52.176]Diagonalized H.
471.594132 seconds (3.33 M allocations: 74.090 GiB, 27.46% gc time)
[2023-01-16T10:07:52.836]Completed Shot 2, state 37
488.396943 seconds (7.03 M allocations: 93.520 GiB, 26.78% gc time)
[2023-01-16T10:08:03.386]Completed Shot 2, state 21
7933.228195 seconds (6.02 G allocations: 23.370 TiB, 17.83% gc time)
488.884876 seconds (5.78 M allocations: 88.597 GiB, 26.88% gc time)
[2023-01-16T10:08:05.691]Completed Shot 2, state 27
483.533540 seconds (3.26 M allocations: 74.144 GiB, 27.18% gc time)
[2023-01-16T10:08:05.729]Completed Shot 2, state 19
[2023-01-16T10:08:12.915]Diagonalized H.
7954.448553 seconds (6.02 G allocations: 23.377 TiB, 17.81% gc time)
507.300041 seconds (4.97 M allocations: 85.704 GiB, 26.31% gc time)
[2023-01-16T10:08:26.234]Completed Shot 2, state 4
7951.014645 seconds (6.01 G allocations: 23.364 TiB, 17.82% gc time)
[2023-01-16T10:08:32.974]Diagonalized H.
[2023-01-16T10:08:39.646]Diagonalized H.
530.908900 seconds (4.53 M allocations: 85.726 GiB, 25.55% gc time)
[2023-01-16T10:08:51.024]Completed Shot 2, state 32
535.009666 seconds (3.26 M allocations: 79.141 GiB, 25.53% gc time)
[2023-01-16T10:08:58.515]Completed Shot 2, state 43
535.362067 seconds (3.43 M allocations: 80.101 GiB, 25.51% gc time)
[2023-01-16T10:08:58.516]Completed Shot 2, state 49
541.628684 seconds (3.41 M allocations: 80.766 GiB, 25.38% gc time)
[2023-01-16T10:09:04.897]Completed Shot 2, state 23
542.361386 seconds (3.67 M allocations: 82.249 GiB, 25.35% gc time)
[2023-01-16T10:09:05.063]Completed Shot 2, state 6
7993.848039 seconds (6.02 G allocations: 23.373 TiB, 17.78% gc time)
[2023-01-16T10:09:15.034]Diagonalized H.
8016.343203 seconds (6.02 G allocations: 23.392 TiB, 17.75% gc time)
140.373770 seconds (2.50 M allocations: 26.448 GiB, 10.77% gc time)
[2023-01-16T10:09:27.084]Completed Shot 2, state 26
145.963404 seconds (2.50 M allocations: 26.410 GiB, 10.21% gc time)
[2023-01-16T10:09:33.272]Completed Shot 2, state 11
[2023-01-16T10:09:33.438]Diagonalized H.
8022.934512 seconds (6.01 G allocations: 23.365 TiB, 17.75% gc time)
[2023-01-16T10:09:49.388]Diagonalized H.
8037.630029 seconds (6.02 G allocations: 23.388 TiB, 17.73% gc time)
[2023-01-16T10:09:59.340]Diagonalized H.
151.556855 seconds (2.81 M allocations: 29.165 GiB, 10.07% gc time)
[2023-01-16T10:10:16.928]Completed Shot 2, state 47
8060.837546 seconds (6.02 G allocations: 23.380 TiB, 17.71% gc time)
112.428556 seconds (2.02 M allocations: 21.703 GiB, 10.22% gc time)
[2023-01-16T10:10:18.010]Completed Shot 2, state 16
8060.991069 seconds (6.01 G allocations: 23.357 TiB, 17.71% gc time)
[2023-01-16T10:10:24.666]Diagonalized H.
8058.499248 seconds (6.01 G allocations: 23.347 TiB, 17.72% gc time)
[2023-01-16T10:10:32.012]Diagonalized H.
[2023-01-16T10:10:41.166]Diagonalized H.
180.862110 seconds (2.66 M allocations: 31.727 GiB, 10.04% gc time)
[2023-01-16T10:11:06.277]Completed Shot 2, state 17
171.386859 seconds (2.24 M allocations: 29.053 GiB, 10.31% gc time)
[2023-01-16T10:11:17.656]Completed Shot 2, state 34
8123.036328 seconds (6.01 G allocations: 23.382 TiB, 17.66% gc time)
[2023-01-16T10:11:30.121]Diagonalized H.
8135.977877 seconds (6.01 G allocations: 23.367 TiB, 17.66% gc time)
[2023-01-16T10:11:47.620]Diagonalized H.
143.371868 seconds (1.60 M allocations: 23.255 GiB, 10.13% gc time)
[2023-01-16T10:11:49.697]Completed Shot 2, state 46
166.987525 seconds (2.15 M allocations: 29.395 GiB, 10.05% gc time)
[2023-01-16T10:11:55.342]Completed Shot 2, state 35
137.118131 seconds (1.25 M allocations: 21.678 GiB, 10.35% gc time)
[2023-01-16T10:11:59.313]Completed Shot 2, state 20
8145.111077 seconds (6.00 G allocations: 23.346 TiB, 17.60% gc time)
[2023-01-16T10:12:08.378]Diagonalized H.
138.909578 seconds (1.14 M allocations: 21.533 GiB, 9.99% gc time)
[2023-01-16T10:12:09.267]Completed Shot 2, state 28
8171.609846 seconds (6.02 G allocations: 23.393 TiB, 17.60% gc time)
112.693211 seconds (981.51 k allocations: 17.289 GiB, 9.72% gc time)
[2023-01-16T10:12:10.158]Completed Shot 2, state 18
[2023-01-16T10:12:19.228]Diagonalized H.
124.544401 seconds (926.71 k allocations: 20.370 GiB, 9.97% gc time)
[2023-01-16T10:12:29.192]Completed Shot 2, state 36
127.399582 seconds (945.98 k allocations: 20.692 GiB, 9.54% gc time)
[2023-01-16T10:12:32.726]Completed Shot 2, state 30
 71.854067 seconds (743.94 k allocations: 13.310 GiB, 7.98% gc time)
[2023-01-16T10:12:33.361]Completed Shot 2, state 24
 55.673147 seconds (560.98 k allocations: 10.566 GiB, 6.89% gc time)
[2023-01-16T10:12:35.604]Completed Shot 2, state 5
 35.914151 seconds (214.72 k allocations: 6.374 GiB, 6.00% gc time)
[2023-01-16T10:12:37.788]Completed Shot 2, state 9
 29.890921 seconds (175.64 k allocations: 5.754 GiB, 6.27% gc time)
[2023-01-16T10:12:39.335]Completed Shot 2, state 14
7271.667825 seconds (5.93 G allocations: 23.068 TiB, 17.43% gc time)
7275.498482 seconds (5.93 G allocations: 23.083 TiB, 17.42% gc time)
7276.181217 seconds (5.93 G allocations: 23.085 TiB, 17.42% gc time)
7276.292738 seconds (5.93 G allocations: 23.086 TiB, 17.42% gc time)
7276.810448 seconds (5.93 G allocations: 23.088 TiB, 17.42% gc time)
7277.043362 seconds (5.93 G allocations: 23.088 TiB, 17.42% gc time)
7278.983612 seconds (5.94 G allocations: 23.096 TiB, 17.42% gc time)
7278.999641 seconds (5.94 G allocations: 23.096 TiB, 17.42% gc time)
7279.680266 seconds (5.94 G allocations: 23.099 TiB, 17.41% gc time)
7280.392490 seconds (5.94 G allocations: 23.101 TiB, 17.41% gc time)
7280.420945 seconds (5.94 G allocations: 23.101 TiB, 17.41% gc time)
7280.518114 seconds (5.94 G allocations: 23.102 TiB, 17.41% gc time)
7280.588372 seconds (5.94 G allocations: 23.102 TiB, 17.41% gc time)
7281.265081 seconds (5.94 G allocations: 23.104 TiB, 17.41% gc time)
7281.535712 seconds (5.94 G allocations: 23.105 TiB, 17.41% gc time)
7282.545394 seconds (5.94 G allocations: 23.108 TiB, 17.41% gc time)
7282.944352 seconds (5.94 G allocations: 23.110 TiB, 17.41% gc time)
7283.720744 seconds (5.94 G allocations: 23.113 TiB, 17.40% gc time)
7283.881257 seconds (5.94 G allocations: 23.113 TiB, 17.40% gc time)
7284.952414 seconds (5.94 G allocations: 23.116 TiB, 17.40% gc time)
7286.506601 seconds (5.94 G allocations: 23.121 TiB, 17.40% gc time)
7287.271148 seconds (5.94 G allocations: 23.124 TiB, 17.40% gc time)
7287.500427 seconds (5.94 G allocations: 23.125 TiB, 17.40% gc time)
7287.555842 seconds (5.94 G allocations: 23.125 TiB, 17.40% gc time)
7287.650974 seconds (5.94 G allocations: 23.125 TiB, 17.40% gc time)
7288.020490 seconds (5.94 G allocations: 23.126 TiB, 17.39% gc time)
7288.045137 seconds (5.94 G allocations: 23.127 TiB, 17.39% gc time)
7288.597625 seconds (5.94 G allocations: 23.128 TiB, 17.39% gc time)
7289.017233 seconds (5.94 G allocations: 23.130 TiB, 17.39% gc time)
7289.920660 seconds (5.95 G allocations: 23.132 TiB, 17.39% gc time)
7294.853865 seconds (5.95 G allocations: 23.134 TiB, 17.44% gc time)
7295.914825 seconds (5.95 G allocations: 23.137 TiB, 17.44% gc time)
7298.212591 seconds (5.95 G allocations: 23.144 TiB, 17.43% gc time)
7298.339491 seconds (5.95 G allocations: 23.144 TiB, 17.43% gc time)
7298.390950 seconds (5.95 G allocations: 23.145 TiB, 17.43% gc time)
7299.142593 seconds (5.95 G allocations: 23.147 TiB, 17.43% gc time)
7299.525859 seconds (5.95 G allocations: 23.149 TiB, 17.43% gc time)
7300.844740 seconds (5.95 G allocations: 23.154 TiB, 17.42% gc time)
7301.220821 seconds (5.95 G allocations: 23.155 TiB, 17.42% gc time)
7302.764506 seconds (5.95 G allocations: 23.161 TiB, 17.42% gc time)
7303.805560 seconds (5.95 G allocations: 23.165 TiB, 17.42% gc time)
7304.543706 seconds (5.95 G allocations: 23.168 TiB, 17.42% gc time)
7305.210725 seconds (5.95 G allocations: 23.170 TiB, 17.41% gc time)
7305.623463 seconds (5.95 G allocations: 23.172 TiB, 17.41% gc time)
7306.878567 seconds (5.96 G allocations: 23.176 TiB, 17.41% gc time)
7307.478896 seconds (5.96 G allocations: 23.178 TiB, 17.41% gc time)
7308.252505 seconds (5.96 G allocations: 23.181 TiB, 17.41% gc time)
7310.214340 seconds (5.96 G allocations: 23.189 TiB, 17.40% gc time)
7310.279096 seconds (5.96 G allocations: 23.189 TiB, 17.40% gc time)
7310.957803 seconds (5.96 G allocations: 23.192 TiB, 17.40% gc time)
7366.420817 seconds (5.94 G allocations: 23.106 TiB, 17.21% gc time)
7369.474149 seconds (5.94 G allocations: 23.119 TiB, 17.21% gc time)
7371.062522 seconds (5.94 G allocations: 23.125 TiB, 17.20% gc time)
7370.884872 seconds (5.94 G allocations: 23.125 TiB, 17.20% gc time)
7361.676211 seconds (5.94 G allocations: 23.095 TiB, 17.23% gc time)
7365.117426 seconds (5.94 G allocations: 23.107 TiB, 17.22% gc time)
7369.880069 seconds (5.94 G allocations: 23.122 TiB, 17.21% gc time)
7376.198133 seconds (5.95 G allocations: 23.145 TiB, 17.19% gc time)
7374.166689 seconds (5.95 G allocations: 23.137 TiB, 17.20% gc time)
7371.214284 seconds (5.95 G allocations: 23.128 TiB, 17.20% gc time)
7377.902333 seconds (5.95 G allocations: 23.152 TiB, 17.19% gc time)
7378.202863 seconds (5.95 G allocations: 23.153 TiB, 17.19% gc time)
7374.066367 seconds (5.95 G allocations: 23.138 TiB, 17.20% gc time)
7375.793156 seconds (5.95 G allocations: 23.145 TiB, 17.19% gc time)
7383.817215 seconds (5.96 G allocations: 23.176 TiB, 17.17% gc time)
7371.628859 seconds (5.95 G allocations: 23.131 TiB, 17.20% gc time)
7371.921905 seconds (5.95 G allocations: 23.132 TiB, 17.20% gc time)
7369.594119 seconds (5.94 G allocations: 23.126 TiB, 17.21% gc time)
7379.464293 seconds (5.95 G allocations: 23.160 TiB, 17.18% gc time)
7381.038847 seconds (5.96 G allocations: 23.166 TiB, 17.18% gc time)
7358.656944 seconds (5.94 G allocations: 23.106 TiB, 17.17% gc time)
7373.462566 seconds (5.95 G allocations: 23.140 TiB, 17.20% gc time)
7369.458510 seconds (5.95 G allocations: 23.127 TiB, 17.21% gc time)
7364.235808 seconds (5.94 G allocations: 23.125 TiB, 17.16% gc time)
7356.598000 seconds (5.94 G allocations: 23.099 TiB, 17.18% gc time)
7378.217081 seconds (5.95 G allocations: 23.157 TiB, 17.19% gc time)
7371.919099 seconds (5.95 G allocations: 23.136 TiB, 17.20% gc time)
[2023-01-16T14:16:59.028]Diagonalized H.
[2023-01-16T14:17:10.615]Diagonalized H.
[2023-01-16T14:17:10.615]Diagonalized H.
[2023-01-16T14:17:10.617]Diagonalized H.
[[2023-01-16T14:17:10.618]Diagonalized H.
2023-01-16T14:17:10.618]Diagonalized H.
[2023-01-16T14:17:10.620]Diagonalized H.
[[2023-01-16T14:17:10.621]Diagonalized H.
2023-01-16T14:17:10.621]Diagonalized H.
[[[2023-01-16T14:17:10.622]Diagonalized H.
2023-01-16T14:17:10.622]Diagonalized H.
2023-01-16T14:17:10.623]Diagonalized H.
[[[[[2023-01-16T14:17:10.625]Diagonalized H.
2023-01-16T14:17:10.625]Diagonalized H.
2023-01-16T14:17:10.626]Diagonalized H.
2023-01-16T14:17:10.625]Diagonalized H.
2023-01-16T14:17:10.626]Diagonalized H.
[2023-01-16T14:17:10.635]Diagonalized H.
[2023-01-16T14:17:10.640]Diagonalized H.
[[2023-01-16T14:17:10.641]Diagonalized H.
2023-01-16T14:17:10.641]Diagonalized H.
[[2023-01-16T14:17:10.643]Diagonalized H.
2023-01-16T14:17:10.642]Diagonalized H.
[2023-01-16T14:17:10.645]Diagonalized H.
[2023-01-16T14:17:10.646]Diagonalized H.
[2023-01-16T14:17:10.647]Diagonalized H.
[2023-01-16T14:17:10.662]Diagonalized H.
7384.174483 seconds (5.95 G allocations: 23.146 TiB, 17.24% gc time)
7390.211810 seconds (5.95 G allocations: 23.166 TiB, 17.23% gc time)
7383.204046 seconds (5.95 G allocations: 23.143 TiB, 17.24% gc time)
[2023-01-16T14:17:35.896]Diagonalized H.
[2023-01-16T14:17:39.930]Diagonalized H.
[2023-01-16T14:17:40.632]Diagonalized H.
 52.831320 seconds (7.37 M allocations: 59.491 GiB, 9.66% gc time)
[2023-01-16T14:17:46.824]Completed Shot 3, state 2
 52.911031 seconds (6.42 M allocations: 56.458 GiB, 9.65% gc time)
[2023-01-16T14:17:47.725]Completed Shot 3, state 39
 73.120413 seconds (16.04 M allocations: 100.522 GiB, 6.98% gc time)
[2023-01-16T14:17:59.274]Completed Shot 3, state 26
 79.402768 seconds (8.76 M allocations: 80.800 GiB, 6.43% gc time)
[2023-01-16T14:18:12.503]Completed Shot 3, state 36
105.320597 seconds (13.24 M allocations: 109.645 GiB, 4.85% gc time)
[2023-01-16T14:18:34.556]Completed Shot 3, state 32
 96.090762 seconds (2.85 M allocations: 67.819 GiB, 5.31% gc time)
[2023-01-16T14:18:34.999]Completed Shot 3, state 6
103.856687 seconds (8.33 M allocations: 91.691 GiB, 4.92% gc time)
[2023-01-16T14:18:37.692]Completed Shot 3, state 19
 98.991861 seconds (3.09 M allocations: 70.350 GiB, 5.16% gc time)
[2023-01-16T14:18:37.693]Completed Shot 3, state 13
 87.039797 seconds (2.13 M allocations: 59.285 GiB)
[2023-01-16T14:18:38.056]Completed Shot 3, state 41
105.709155 seconds (9.98 M allocations: 98.616 GiB, 4.83% gc time)
[2023-01-16T14:18:38.057]Completed Shot 3, state 15
103.521977 seconds (6.11 M allocations: 83.554 GiB, 4.93% gc time)
[2023-01-16T14:18:39.399]Completed Shot 3, state 17
103.872668 seconds (6.16 M allocations: 84.286 GiB, 4.91% gc time)
[2023-01-16T14:18:39.721]Completed Shot 3, state 42
114.125421 seconds (13.20 M allocations: 115.280 GiB, 4.47% gc time)
[2023-01-16T14:18:43.526]Completed Shot 3, state 8
108.053599 seconds (3.14 M allocations: 76.128 GiB, 4.72% gc time)
[2023-01-16T14:18:46.876]Completed Shot 3, state 27
7466.701540 seconds (5.94 G allocations: 23.169 TiB, 16.99% gc time)
 99.868374 seconds (2.32 M allocations: 67.457 GiB)
[2023-01-16T14:18:50.953]Completed Shot 3, state 1
119.123185 seconds (10.14 M allocations: 106.736 GiB, 4.29% gc time)
[2023-01-16T14:18:51.613]Completed Shot 3, state 20
118.141358 seconds (7.55 M allocations: 96.274 GiB, 4.32% gc time)
[2023-01-16T14:18:53.123]Completed Shot 3, state 11
123.678554 seconds (12.43 M allocations: 116.510 GiB, 4.13% gc time)
[2023-01-16T14:18:54.423]Completed Shot 3, state 50
7487.780644 seconds (5.95 G allocations: 23.215 TiB, 17.00% gc time)
7488.497103 seconds (5.95 G allocations: 23.217 TiB, 17.00% gc time)
122.161031 seconds (10.07 M allocations: 107.087 GiB, 4.18% gc time)
[2023-01-16T14:18:55.584]Completed Shot 3, state 16
122.249504 seconds (8.92 M allocations: 102.602 GiB, 4.18% gc time)
[2023-01-16T14:18:57.101]Completed Shot 3, state 49
7478.624956 seconds (5.95 G allocations: 23.196 TiB, 16.97% gc time)
[2023-01-16T14:19:05.810]Diagonalized H.
[2023-01-16T14:19:06.086]Diagonalized H.
[[2023-01-16T14:19:06.094]Diagonalized H.
2023-01-16T14:19:06.089]Diagonalized H.
158.250032 seconds (5.52 M allocations: 95.979 GiB, 7.21% gc time)
[2023-01-16T14:19:36.680]Completed Shot 3, state 25
7523.459136 seconds (5.95 G allocations: 23.210 TiB, 16.95% gc time)
163.498520 seconds (6.30 M allocations: 99.766 GiB, 7.33% gc time)
[2023-01-16T14:19:41.316]Completed Shot 3, state 45
150.891639 seconds (4.36 M allocations: 84.504 GiB, 4.56% gc time)
[2023-01-16T14:19:42.031]Completed Shot 3, state 3
[2023-01-16T14:19:48.251]Diagonalized H.
176.945511 seconds (12.57 M allocations: 125.876 GiB, 7.02% gc time)
[2023-01-16T14:19:49.110]Completed Shot 3, state 31
186.061894 seconds (9.77 M allocations: 116.361 GiB, 7.38% gc time)
[2023-01-16T14:20:00.885]Completed Shot 3, state 7
189.947575 seconds (13.93 M allocations: 133.252 GiB, 7.23% gc time)
[2023-01-16T14:20:00.885]Completed Shot 3, state 47
189.653101 seconds (13.15 M allocations: 130.268 GiB, 7.35% gc time)
[2023-01-16T14:20:01.379]Completed Shot 3, state 4
186.280204 seconds (6.76 M allocations: 104.487 GiB, 7.64% gc time)
[2023-01-16T14:20:04.036]Completed Shot 3, state 37
7535.575832 seconds (5.94 G allocations: 23.167 TiB, 16.96% gc time)
[2023-01-16T14:20:13.089]Diagonalized H.
209.064844 seconds (9.54 M allocations: 117.743 GiB, 7.82% gc time)
[2023-01-16T14:20:24.506]Completed Shot 3, state 33
212.592270 seconds (8.92 M allocations: 115.569 GiB, 7.96% gc time)
[2023-01-16T14:20:28.981]Completed Shot 3, state 29
7564.081851 seconds (5.94 G allocations: 23.192 TiB, 16.93% gc time)
7574.068091 seconds (5.95 G allocations: 23.227 TiB, 16.91% gc time)
[2023-01-16T14:20:35.365]Diagonalized H.
[2023-01-16T14:20:41.874]Diagonalized H.
125.933023 seconds (3.72 M allocations: 33.196 GiB, 11.55% gc time)
[2023-01-16T14:20:56.518]Completed Shot 3, state 18
7609.814298 seconds (5.95 G allocations: 23.243 TiB, 16.92% gc time)
119.763095 seconds (2.18 M allocations: 25.920 GiB, 12.36% gc time)
[2023-01-16T14:20:57.257]Completed Shot 3, state 34
122.667137 seconds (3.07 M allocations: 30.036 GiB, 12.08% gc time)
[2023-01-16T14:20:57.832]Completed Shot 3, state 12
122.481018 seconds (3.00 M allocations: 29.620 GiB, 12.10% gc time)
[2023-01-16T14:20:57.874]Completed Shot 3, state 21
[2023-01-16T14:21:04.014]Diagonalized H.
7604.081166 seconds (5.95 G allocations: 23.216 TiB, 16.88% gc time)
[2023-01-16T14:21:13.866]Diagonalized H.
7630.900238 seconds (5.95 G allocations: 23.231 TiB, 16.86% gc time)
[2023-01-16T14:21:36.029]Diagonalized H.
7632.388722 seconds (5.94 G allocations: 23.206 TiB, 16.87% gc time)
[2023-01-16T14:21:44.954]Diagonalized H.
147.323532 seconds (2.48 M allocations: 27.805 GiB, 10.52% gc time)
[2023-01-16T14:22:08.334]Completed Shot 3, state 10
129.988315 seconds (1.97 M allocations: 23.716 GiB, 10.70% gc time)
[2023-01-16T14:22:15.862]Completed Shot 3, state 22
7675.196118 seconds (5.95 G allocations: 23.217 TiB, 16.84% gc time)
7671.491435 seconds (5.94 G allocations: 23.202 TiB, 16.85% gc time)
[2023-01-16T14:22:25.112]Diagonalized H.
[2023-01-16T14:22:32.509]Diagonalized H.
136.119190 seconds (1.59 M allocations: 23.259 GiB, 10.73% gc time)
[2023-01-16T14:22:45.442]Completed Shot 3, state 28
139.625112 seconds (1.66 M allocations: 24.111 GiB, 10.70% gc time)
[2023-01-16T14:22:48.668]Completed Shot 3, state 5
7712.578181 seconds (5.95 G allocations: 23.241 TiB, 16.80% gc time)
[2023-01-16T14:22:58.109]Diagonalized H.
124.830936 seconds (1.32 M allocations: 21.215 GiB, 10.59% gc time)
[2023-01-16T14:23:02.006]Completed Shot 3, state 30
7712.485595 seconds (5.94 G allocations: 23.202 TiB, 16.81% gc time)
119.442537 seconds (1.04 M allocations: 19.884 GiB, 11.05% gc time)
[2023-01-16T14:23:04.086]Completed Shot 3, state 38
7717.626830 seconds (5.94 G allocations: 23.213 TiB, 16.81% gc time)
[2023-01-16T14:23:10.675]Diagonalized H.
[2023-01-16T14:23:18.208]Diagonalized H.
7754.362756 seconds (5.94 G allocations: 23.208 TiB, 16.78% gc time)
7764.540076 seconds (5.95 G allocations: 23.243 TiB, 16.77% gc time)
142.185214 seconds (1.16 M allocations: 22.424 GiB, 10.75% gc time)
[2023-01-16T14:23:50.763]Completed Shot 3, state 9
[2023-01-16T14:23:50.772]Diagonalized H.
7765.585517 seconds (5.94 G allocations: 23.222 TiB, 16.77% gc time)
[2023-01-16T14:23:58.308]Diagonalized H.
[2023-01-16T14:24:06.435]Diagonalized H.
122.204661 seconds (832.86 k allocations: 19.685 GiB, 10.43% gc time)
[2023-01-16T14:24:20.546]Completed Shot 3, state 23
164.742676 seconds (1.14 M allocations: 26.111 GiB, 10.92% gc time)
[2023-01-16T14:24:21.684]Completed Shot 3, state 43
134.661105 seconds (849.19 k allocations: 21.382 GiB, 10.55% gc time)
[2023-01-16T14:24:33.746]Completed Shot 3, state 46
105.676144 seconds (695.73 k allocations: 17.396 GiB, 10.44% gc time)
[2023-01-16T14:24:36.737]Completed Shot 3, state 35
 96.308648 seconds (507.93 k allocations: 14.922 GiB, 10.48% gc time)
[2023-01-16T14:24:38.350]Completed Shot 3, state 48
 98.617866 seconds (520.46 k allocations: 15.382 GiB, 10.00% gc time)
[2023-01-16T14:24:43.063]Completed Shot 3, state 24
 61.088942 seconds (306.63 k allocations: 9.509 GiB, 8.92% gc time)
[2023-01-16T14:24:45.072]Completed Shot 3, state 40
 61.338870 seconds (286.87 k allocations: 9.260 GiB, 8.79% gc time)
[2023-01-16T14:24:46.063]Completed Shot 3, state 14
 54.835163 seconds (267.88 k allocations: 8.745 GiB, 8.81% gc time)
[2023-01-16T14:24:46.640]Completed Shot 3, state 44
7399.011142 seconds (6.00 G allocations: 23.220 TiB, 15.92% gc time)
7399.152197 seconds (6.00 G allocations: 23.221 TiB, 15.92% gc time)
7401.313793 seconds (6.00 G allocations: 23.229 TiB, 15.92% gc time)
7403.708999 seconds (6.00 G allocations: 23.238 TiB, 15.91% gc time)
7404.007634 seconds (6.00 G allocations: 23.239 TiB, 15.91% gc time)
7406.545562 seconds (6.00 G allocations: 23.249 TiB, 15.91% gc time)
7407.599039 seconds (6.01 G allocations: 23.253 TiB, 15.90% gc time)
7407.850188 seconds (6.01 G allocations: 23.254 TiB, 15.90% gc time)
7408.196358 seconds (6.01 G allocations: 23.255 TiB, 15.90% gc time)
7409.023411 seconds (6.01 G allocations: 23.258 TiB, 15.90% gc time)
7409.179235 seconds (6.01 G allocations: 23.258 TiB, 15.90% gc time)
7409.766560 seconds (6.01 G allocations: 23.261 TiB, 15.90% gc time)
7409.984143 seconds (6.01 G allocations: 23.262 TiB, 15.90% gc time)
7411.449222 seconds (6.01 G allocations: 23.266 TiB, 15.89% gc time)
7412.336611 seconds (6.01 G allocations: 23.269 TiB, 15.89% gc time)
7412.618036 seconds (6.01 G allocations: 23.270 TiB, 15.89% gc time)
7412.949409 seconds (6.01 G allocations: 23.271 TiB, 15.89% gc time)
7413.028748 seconds (6.01 G allocations: 23.271 TiB, 15.89% gc time)
7413.123126 seconds (6.01 G allocations: 23.272 TiB, 15.89% gc time)
7413.238478 seconds (6.01 G allocations: 23.272 TiB, 15.89% gc time)
7413.770986 seconds (6.01 G allocations: 23.274 TiB, 15.89% gc time)
7414.302662 seconds (6.01 G allocations: 23.276 TiB, 15.89% gc time)
7414.727337 seconds (6.01 G allocations: 23.277 TiB, 15.89% gc time)
7414.908917 seconds (6.01 G allocations: 23.278 TiB, 15.89% gc time)
7414.986442 seconds (6.01 G allocations: 23.278 TiB, 15.89% gc time)
7415.072208 seconds (6.01 G allocations: 23.278 TiB, 15.89% gc time)
7415.150457 seconds (6.01 G allocations: 23.278 TiB, 15.89% gc time)
7415.148403 seconds (6.01 G allocations: 23.278 TiB, 15.89% gc time)
7415.634292 seconds (6.01 G allocations: 23.280 TiB, 15.89% gc time)
7417.339682 seconds (6.01 G allocations: 23.286 TiB, 15.88% gc time)
7417.806785 seconds (6.01 G allocations: 23.287 TiB, 15.88% gc time)
7418.324185 seconds (6.01 G allocations: 23.289 TiB, 15.88% gc time)
7418.545792 seconds (6.01 G allocations: 23.290 TiB, 15.88% gc time)
7418.581006 seconds (6.01 G allocations: 23.290 TiB, 15.88% gc time)
7418.590240 seconds (6.01 G allocations: 23.290 TiB, 15.88% gc time)
7420.649957 seconds (6.02 G allocations: 23.298 TiB, 15.88% gc time)
7420.886561 seconds (6.02 G allocations: 23.299 TiB, 15.87% gc time)
7421.191691 seconds (6.02 G allocations: 23.300 TiB, 15.87% gc time)
7421.525563 seconds (6.02 G allocations: 23.301 TiB, 15.87% gc time)
7421.526018 seconds (6.02 G allocations: 23.301 TiB, 15.87% gc time)
7421.852410 seconds (6.02 G allocations: 23.302 TiB, 15.87% gc time)
7421.887902 seconds (6.02 G allocations: 23.302 TiB, 15.87% gc time)
7428.333561 seconds (6.02 G allocations: 23.303 TiB, 15.94% gc time)
7428.979633 seconds (6.02 G allocations: 23.305 TiB, 15.94% gc time)
7429.869091 seconds (6.02 G allocations: 23.308 TiB, 15.93% gc time)
7430.083883 seconds (6.02 G allocations: 23.309 TiB, 15.93% gc time)
7430.368642 seconds (6.02 G allocations: 23.310 TiB, 15.93% gc time)
7430.708629 seconds (6.02 G allocations: 23.311 TiB, 15.93% gc time)
7431.785136 seconds (6.02 G allocations: 23.315 TiB, 15.93% gc time)
7432.439338 seconds (6.02 G allocations: 23.317 TiB, 15.93% gc time)
7318.703614 seconds (6.01 G allocations: 23.282 TiB, 14.81% gc time)
[2023-01-16T18:30:11.473]Diagonalized H.
7321.717027 seconds (6.01 G allocations: 23.260 TiB, 14.81% gc time)
[2023-01-16T18:30:23.055]Diagonalized H.
7329.035165 seconds (6.01 G allocations: 23.263 TiB, 14.81% gc time)
[2023-01-16T18:30:31.931]Diagonalized H.
7331.260667 seconds (6.00 G allocations: 23.241 TiB, 14.82% gc time)
[2023-01-16T18:30:41.741]Diagonalized H.
7359.267690 seconds (6.02 G allocations: 23.301 TiB, 14.78% gc time)
[2023-01-16T18:30:55.150]Diagonalized H.
7356.911496 seconds (6.00 G allocations: 23.252 TiB, 14.80% gc time)
[2023-01-16T18:31:05.399]Diagonalized H.
 91.294920 seconds (4.18 M allocations: 29.411 GiB, 10.39% gc time)
[2023-01-16T18:31:35.797]Completed Shot 4, state 40
7411.119049 seconds (6.02 G allocations: 23.310 TiB, 14.75% gc time)
[2023-01-16T18:31:45.711]Diagonalized H.
7409.667535 seconds (6.01 G allocations: 23.280 TiB, 14.76% gc time)
[2023-01-16T18:31:55.429]Diagonalized H.
7423.122201 seconds (6.01 G allocations: 23.298 TiB, 14.75% gc time)
[2023-01-16T18:32:05.920]Diagonalized H.
118.693769 seconds (6.79 M allocations: 43.423 GiB, 10.45% gc time)
[2023-01-16T18:32:14.653]Completed Shot 4, state 12
7445.400845 seconds (6.02 G allocations: 23.318 TiB, 14.73% gc time)
[2023-01-16T18:32:23.774]Diagonalized H.
120.643497 seconds (7.08 M allocations: 44.804 GiB, 9.98% gc time)
[2023-01-16T18:32:24.173]Completed Shot 4, state 18
116.951252 seconds (7.28 M allocations: 45.310 GiB, 10.35% gc time)
[2023-01-16T18:32:29.921]Completed Shot 4, state 37
7451.628365 seconds (6.01 G allocations: 23.287 TiB, 14.74% gc time)
[2023-01-16T18:32:40.247]Diagonalized H.
115.613578 seconds (7.48 M allocations: 44.873 GiB, 9.97% gc time)
[2023-01-16T18:32:40.538]Completed Shot 4, state 27
7463.274675 seconds (6.01 G allocations: 23.300 TiB, 14.73% gc time)
[2023-01-16T18:32:51.363]Diagonalized H.
7486.111167 seconds (6.01 G allocations: 23.284 TiB, 14.73% gc time)
134.487159 seconds (7.89 M allocations: 49.328 GiB, 10.26% gc time)
[2023-01-16T18:33:11.167]Completed Shot 4, state 25
[2023-01-16T18:33:17.873]Diagonalized H.
7499.762443 seconds (6.01 G allocations: 23.305 TiB, 14.71% gc time)
[2023-01-16T18:33:27.445]Diagonalized H.
106.182288 seconds (4.37 M allocations: 31.451 GiB, 10.87% gc time)
[2023-01-16T18:33:42.496]Completed Shot 4, state 33
118.095623 seconds (5.33 M allocations: 37.060 GiB, 10.64% gc time)
[2023-01-16T18:33:44.391]Completed Shot 4, state 3
125.385777 seconds (6.12 M allocations: 40.402 GiB, 10.47% gc time)
[2023-01-16T18:33:44.461]Completed Shot 4, state 4
7532.047885 seconds (6.02 G allocations: 23.321 TiB, 14.69% gc time)
7533.186537 seconds (6.02 G allocations: 23.325 TiB, 14.69% gc time)
[2023-01-16T18:33:54.987]Diagonalized H.
[2023-01-16T18:34:02.499]Diagonalized H.
125.785244 seconds (3.65 M allocations: 30.151 GiB, 10.75% gc time)
[2023-01-16T18:34:21.839]Completed Shot 4, state 31
111.359892 seconds (3.10 M allocations: 26.318 GiB, 10.70% gc time)
[2023-01-16T18:34:24.362]Completed Shot 4, state 44
7563.938925 seconds (6.01 G allocations: 23.312 TiB, 14.68% gc time)
104.851650 seconds (3.00 M allocations: 25.656 GiB, 10.85% gc time)
[2023-01-16T18:34:26.221]Completed Shot 4, state 45
[2023-01-16T18:34:32.515]Diagonalized H.
7572.046927 seconds (6.01 G allocations: 23.317 TiB, 14.67% gc time)
[2023-01-16T18:34:40.388]Diagonalized H.
104.492221 seconds (3.43 M allocations: 26.499 GiB, 11.31% gc time)
[2023-01-16T18:35:03.235]Completed Shot 4, state 7
7602.201715 seconds (6.02 G allocations: 23.322 TiB, 14.67% gc time)
7608.769781 seconds (6.02 G allocations: 23.343 TiB, 14.66% gc time)
[2023-01-16T18:35:10.899]Diagonalized H.
[2023-01-16T18:35:18.911]Diagonalized H.
145.867931 seconds (4.40 M allocations: 34.914 GiB, 11.09% gc time)
[2023-01-16T18:35:36.429]Completed Shot 4, state 2
7649.398714 seconds (6.03 G allocations: 23.369 TiB, 14.63% gc time)
[2023-01-16T18:35:46.587]Diagonalized H.
7632.360547 seconds (6.01 G allocations: 23.304 TiB, 14.59% gc time)
[2023-01-16T18:35:57.328]Diagonalized H.
148.736042 seconds (3.55 M allocations: 31.174 GiB, 10.79% gc time)
[2023-01-16T18:36:17.592]Completed Shot 4, state 46
7679.789571 seconds (6.02 G allocations: 23.342 TiB, 14.62% gc time)
7671.998919 seconds (6.01 G allocations: 23.313 TiB, 14.64% gc time)
[2023-01-16T18:36:26.214]Diagonalized H.
[2023-01-16T18:36:33.726]Diagonalized H.
7706.307737 seconds (6.02 G allocations: 23.344 TiB, 14.61% gc time)
[2023-01-16T18:36:54.565]Diagonalized H.
195.899332 seconds (3.84 M allocations: 37.295 GiB, 10.64% gc time)
[2023-01-16T18:37:04.359]Completed Shot 4, state 28
7745.102878 seconds (6.02 G allocations: 23.350 TiB, 14.60% gc time)
178.998389 seconds (2.64 M allocations: 30.718 GiB, 11.00% gc time)
[2023-01-16T18:37:31.992]Completed Shot 4, state 16
[2023-01-16T18:37:32.311]Diagonalized H.
148.738274 seconds (1.57 M allocations: 22.796 GiB, 10.72% gc time)
[2023-01-16T18:37:32.659]Completed Shot 4, state 48
7758.027619 seconds (6.02 G allocations: 23.368 TiB, 14.58% gc time)
[2023-01-16T18:37:40.488]Diagonalized H.
195.526857 seconds (3.09 M allocations: 33.744 GiB, 10.74% gc time)
[2023-01-16T18:37:41.353]Completed Shot 4, state 49
173.823398 seconds (1.52 M allocations: 25.903 GiB, 11.06% gc time)
[2023-01-16T18:37:58.416]Completed Shot 4, state 15
7782.670779 seconds (6.02 G allocations: 23.350 TiB, 14.58% gc time)
[2023-01-16T18:38:11.547]Diagonalized H.
152.989063 seconds (1.42 M allocations: 23.509 GiB, 11.19% gc time)
[2023-01-16T18:38:20.974]Completed Shot 4, state 22
161.742126 seconds (1.78 M allocations: 25.584 GiB, 10.78% gc time)
[2023-01-16T18:38:21.496]Completed Shot 4, state 47
7803.351410 seconds (6.02 G allocations: 23.356 TiB, 14.57% gc time)
7797.829973 seconds (6.01 G allocations: 23.336 TiB, 14.58% gc time)
[2023-01-16T18:38:31.450]Diagonalized H.
[2023-01-16T18:38:38.891]Diagonalized H.
159.502045 seconds (1.93 M allocations: 25.699 GiB, 11.41% gc time)
[2023-01-16T18:38:58.886]Completed Shot 4, state 29
138.355555 seconds (2.19 M allocations: 24.970 GiB, 11.65% gc time)
[2023-01-16T18:39:04.548]Completed Shot 4, state 36
165.126863 seconds (2.35 M allocations: 28.035 GiB, 11.24% gc time)
[2023-01-16T18:39:05.297]Completed Shot 4, state 35
7837.503713 seconds (6.01 G allocations: 23.340 TiB, 14.57% gc time)
7843.961107 seconds (6.02 G allocations: 23.362 TiB, 14.56% gc time)
[2023-01-16T18:39:18.811]Diagonalized H.
[2023-01-16T18:39:18.944]Diagonalized H.
7862.082014 seconds (6.01 G allocations: 23.331 TiB, 14.50% gc time)
7867.430220 seconds (6.01 G allocations: 23.343 TiB, 14.49% gc time)
[2023-01-16T18:39:49.354]Diagonalized H.
[2023-01-16T18:39:56.598]Diagonalized H.
166.554595 seconds (2.52 M allocations: 29.220 GiB, 10.82% gc time)
[2023-01-16T18:40:11.331]Completed Shot 4, state 19
166.106500 seconds (2.33 M allocations: 29.020 GiB, 11.04% gc time)
[2023-01-16T18:40:18.973]Completed Shot 4, state 1
7904.527299 seconds (6.01 G allocations: 23.341 TiB, 14.47% gc time)
7918.082530 seconds (6.02 G allocations: 23.363 TiB, 14.53% gc time)
144.579774 seconds (2.06 M allocations: 24.511 GiB, 10.59% gc time)
[2023-01-16T18:40:29.045]Completed Shot 4, state 13
[2023-01-16T18:40:29.126]Diagonalized H.
[2023-01-16T18:40:36.846]Diagonalized H.
158.722717 seconds (1.31 M allocations: 23.429 GiB, 11.14% gc time)
[2023-01-16T18:41:03.706]Completed Shot 4, state 23
7947.060932 seconds (6.01 G allocations: 23.347 TiB, 14.46% gc time)
[2023-01-16T18:41:12.465]Diagonalized H.
167.784086 seconds (1.43 M allocations: 24.500 GiB, 11.00% gc time)
[2023-01-16T18:41:13.144]Completed Shot 4, state 6
7977.430772 seconds (6.02 G allocations: 23.375 TiB, 14.50% gc time)
7974.715463 seconds (6.01 G allocations: 23.361 TiB, 14.50% gc time)
[2023-01-16T18:41:29.155]Diagonalized H.
[2023-01-16T18:41:35.772]Diagonalized H.
176.140391 seconds (1.10 M allocations: 24.911 GiB, 10.94% gc time)
[2023-01-16T18:42:02.175]Completed Shot 4, state 8
142.843906 seconds (990.85 k allocations: 20.707 GiB, 10.84% gc time)
[2023-01-16T18:42:03.357]Completed Shot 4, state 34
177.726911 seconds (1.20 M allocations: 25.366 GiB, 10.89% gc time)
[2023-01-16T18:42:03.968]Completed Shot 4, state 38
8005.079513 seconds (6.01 G allocations: 23.349 TiB, 14.43% gc time)
8019.401114 seconds (6.02 G allocations: 23.377 TiB, 14.48% gc time)
[2023-01-16T18:42:10.663]Diagonalized H.
8021.634381 seconds (6.01 G allocations: 23.359 TiB, 14.42% gc time)
[2023-01-16T18:42:18.419]Diagonalized H.
[2023-01-16T18:42:29.321]Diagonalized H.
194.188435 seconds (1.29 M allocations: 27.688 GiB, 11.05% gc time)
[2023-01-16T18:42:56.595]Completed Shot 4, state 5
162.796976 seconds (1.17 M allocations: 23.479 GiB, 11.50% gc time)
[2023-01-16T18:43:04.678]Completed Shot 4, state 26
8076.546443 seconds (6.01 G allocations: 23.373 TiB, 14.47% gc time)
8079.998313 seconds (6.02 G allocations: 23.385 TiB, 14.46% gc time)
[2023-01-16T18:43:12.030]Diagonalized H.
[2023-01-16T18:43:18.321]Diagonalized H.
198.271072 seconds (1.28 M allocations: 27.657 GiB, 11.14% gc time)
[2023-01-16T18:43:41.323]Completed Shot 4, state 32
160.252089 seconds (1.16 M allocations: 22.964 GiB, 11.02% gc time)
[2023-01-16T18:43:44.326]Completed Shot 4, state 20
8118.535300 seconds (6.01 G allocations: 23.379 TiB, 14.45% gc time)
8127.080004 seconds (6.02 G allocations: 23.407 TiB, 14.43% gc time)
[2023-01-16T18:43:53.687]Diagonalized H.
[2023-01-16T18:44:01.079]Diagonalized H.
178.791934 seconds (976.48 k allocations: 23.911 GiB, 11.25% gc time)
[2023-01-16T18:44:20.207]Completed Shot 4, state 21
8168.334576 seconds (6.02 G allocations: 23.416 TiB, 14.42% gc time)
[2023-01-16T18:44:34.767]Diagonalized H.
192.660136 seconds (1.18 M allocations: 26.258 GiB, 11.08% gc time)
[2023-01-16T18:44:35.213]Completed Shot 4, state 42
8158.942477 seconds (6.01 G allocations: 23.379 TiB, 14.37% gc time)
[2023-01-16T18:44:45.405]Diagonalized H.
172.671826 seconds (896.85 k allocations: 23.285 GiB, 10.79% gc time)
[2023-01-16T18:44:57.308]Completed Shot 4, state 14
175.802365 seconds (937.76 k allocations: 24.090 GiB, 11.06% gc time)
[2023-01-16T18:45:00.757]Completed Shot 4, state 39
8204.672853 seconds (6.02 G allocations: 23.402 TiB, 14.40% gc time)
[2023-01-16T18:45:17.197]Diagonalized H.
180.417678 seconds (1.09 M allocations: 26.135 GiB, 10.89% gc time)
[2023-01-16T18:45:18.781]Completed Shot 4, state 17
139.185700 seconds (858.69 k allocations: 20.062 GiB, 10.20% gc time)
[2023-01-16T18:45:24.373]Completed Shot 4, state 9
139.605198 seconds (876.16 k allocations: 20.249 GiB, 10.21% gc time)
[2023-01-16T18:45:24.650]Completed Shot 4, state 50
104.500884 seconds (833.58 k allocations: 16.330 GiB, 9.82% gc time)
[2023-01-16T18:45:31.207]Completed Shot 4, state 30
103.858648 seconds (768.12 k allocations: 15.841 GiB, 9.82% gc time)
[2023-01-16T18:45:31.355]Completed Shot 4, state 41
8224.381394 seconds (6.02 G allocations: 23.398 TiB, 14.39% gc time)
 58.378310 seconds (496.05 k allocations: 10.101 GiB, 8.83% gc time)
[2023-01-16T18:45:33.833]Completed Shot 4, state 11
 66.237154 seconds (600.65 k allocations: 11.184 GiB, 8.53% gc time)
[2023-01-16T18:45:33.834]Completed Shot 4, state 24
[2023-01-16T18:45:38.140]Diagonalized H.
 28.493479 seconds (302.99 k allocations: 5.004 GiB, 7.26% gc time)
[2023-01-16T18:45:38.391]Completed Shot 4, state 10
 19.437686 seconds (92.38 k allocations: 3.118 GiB, 7.48% gc time)
[2023-01-16T18:45:51.115]Completed Shot 4, state 43
8165.149774 seconds (6.13 G allocations: 23.515 TiB, 4.76% gc time)
8166.540626 seconds (6.13 G allocations: 23.520 TiB, 4.76% gc time)
8167.047045 seconds (6.13 G allocations: 23.521 TiB, 4.76% gc time)
8167.197567 seconds (6.13 G allocations: 23.522 TiB, 4.76% gc time)
8168.282675 seconds (6.13 G allocations: 23.525 TiB, 4.76% gc time)
8168.534204 seconds (6.13 G allocations: 23.526 TiB, 4.76% gc time)
8168.665662 seconds (6.13 G allocations: 23.526 TiB, 4.76% gc time)
8169.007174 seconds (6.13 G allocations: 23.527 TiB, 4.76% gc time)
8169.275356 seconds (6.13 G allocations: 23.528 TiB, 4.76% gc time)
8169.328187 seconds (6.13 G allocations: 23.528 TiB, 4.76% gc time)
8170.647872 seconds (6.13 G allocations: 23.532 TiB, 4.76% gc time)
8170.720108 seconds (6.13 G allocations: 23.532 TiB, 4.76% gc time)
8171.855145 seconds (6.13 G allocations: 23.535 TiB, 4.76% gc time)
8171.916490 seconds (6.13 G allocations: 23.536 TiB, 4.76% gc time)
8172.297454 seconds (6.13 G allocations: 23.537 TiB, 4.76% gc time)
8172.408332 seconds (6.13 G allocations: 23.537 TiB, 4.76% gc time)
8172.542259 seconds (6.13 G allocations: 23.538 TiB, 4.76% gc time)
  Activating project at `/gpfs/bwfor/work/ws/hd_ku269-light_cones/WorkingFolder`
8172.819692 seconds (6.13 G allocations: 23.538 TiB, 4.76% gc time)
8173.041456 seconds (6.13 G allocations: 23.539 TiB, 4.76% gc time)
8173.047488 seconds (6.13 G allocations: 23.539 TiB, 4.76% gc time)
8173.069029 seconds (6.13 G allocations: 23.539 TiB, 4.76% gc time)
8173.293820 seconds (6.13 G allocations: 23.540 TiB, 4.76% gc time)
8173.326032 seconds (6.13 G allocations: 23.540 TiB, 4.76% gc time)
8173.340813 seconds (6.13 G allocations: 23.540 TiB, 4.76% gc time)
8173.495521 seconds (6.13 G allocations: 23.540 TiB, 4.76% gc time)
8173.692114 seconds (6.13 G allocations: 23.541 TiB, 4.76% gc time)
8174.303814 seconds (6.13 G allocations: 23.543 TiB, 4.76% gc time)
8174.322008 seconds (6.13 G allocations: 23.543 TiB, 4.76% gc time)
8174.581135 seconds (6.13 G allocations: 23.543 TiB, 4.76% gc time)
8174.708710 seconds (6.13 G allocations: 23.544 TiB, 4.76% gc time)
8175.479482 seconds (6.13 G allocations: 23.546 TiB, 4.76% gc time)
8176.107327 seconds (6.13 G allocations: 23.548 TiB, 4.76% gc time)
8176.425890 seconds (6.13 G allocations: 23.548 TiB, 4.76% gc time)
8176.649667 seconds (6.13 G allocations: 23.549 TiB, 4.76% gc time)
8176.790836 seconds (6.13 G allocations: 23.549 TiB, 4.76% gc time)
8176.824514 seconds (6.13 G allocations: 23.549 TiB, 4.76% gc time)
8177.033107 seconds (6.13 G allocations: 23.550 TiB, 4.76% gc time)
8177.215494 seconds (6.13 G allocations: 23.550 TiB, 4.76% gc time)
8177.763701 seconds (6.13 G allocations: 23.552 TiB, 4.76% gc time)
8177.892893 seconds (6.13 G allocations: 23.552 TiB, 4.76% gc time)
8178.747147 seconds (6.14 G allocations: 23.555 TiB, 4.76% gc time)
8180.058320 seconds (6.14 G allocations: 23.558 TiB, 4.76% gc time)
8180.232525 seconds (6.14 G allocations: 23.559 TiB, 4.76% gc time)
8180.381644 seconds (6.14 G allocations: 23.559 TiB, 4.76% gc time)
8180.740326 seconds (6.14 G allocations: 23.560 TiB, 4.76% gc time)
8180.821284 seconds (6.14 G allocations: 23.560 TiB, 4.76% gc time)
8180.960434 seconds (6.14 G allocations: 23.561 TiB, 4.76% gc time)
8181.064089 seconds (6.14 G allocations: 23.561 TiB, 4.76% gc time)
8182.084780 seconds (6.14 G allocations: 23.564 TiB, 4.76% gc time)
8182.145141 seconds (6.14 G allocations: 23.564 TiB, 4.76% gc time)
8331.647354 seconds (6.13 G allocations: 23.527 TiB, 4.95% gc time)
[2023-01-16T23:21:01.638]Diagonalized H.
8345.146113 seconds (6.13 G allocations: 23.543 TiB, 4.95% gc time)
8350.233390 seconds (6.14 G allocations: 23.556 TiB, 4.95% gc time)
[2023-01-16T23:21:19.237]Diagonalized H.
[2023-01-16T23:21:19.254]Diagonalized H.
8373.688444 seconds (6.14 G allocations: 23.559 TiB, 4.97% gc time)
[2023-01-16T23:21:38.438]Diagonalized H.
8387.101758 seconds (6.14 G allocations: 23.558 TiB, 4.99% gc time)
8383.000815 seconds (6.13 G allocations: 23.545 TiB, 4.99% gc time)
[2023-01-16T23:22:00.389]Diagonalized H.
[2023-01-16T23:22:00.460]Diagonalized H.
8439.549397 seconds (6.14 G allocations: 23.572 TiB, 5.02% gc time)
8439.558269 seconds (6.14 G allocations: 23.572 TiB, 5.02% gc time)
8433.807323 seconds (6.13 G allocations: 23.555 TiB, 5.02% gc time)
[2023-01-16T23:22:44.306]Diagonalized H.
[2023-01-16T23:22:50.383]Diagonalized H.
[2023-01-16T23:22:57.839]Diagonalized H.
8483.569888 seconds (6.14 G allocations: 23.573 TiB, 5.04% gc time)
138.411206 seconds (3.43 M allocations: 30.918 GiB, 10.53% gc time)
[2023-01-16T23:23:23.953]Completed Shot 5, state 41
[2023-01-16T23:23:30.429]Diagonalized H.
144.462048 seconds (3.55 M allocations: 31.641 GiB, 10.24% gc time)
[2023-01-16T23:23:30.966]Completed Shot 5, state 42
156.152940 seconds (5.06 M allocations: 39.212 GiB, 10.12% gc time)
[2023-01-16T23:23:31.218]Completed Shot 5, state 31
8496.448432 seconds (6.13 G allocations: 23.562 TiB, 5.05% gc time)
8499.597996 seconds (6.14 G allocations: 23.571 TiB, 5.06% gc time)
[2023-01-16T23:23:49.280]Diagonalized H.
[2023-01-16T23:23:55.782]Diagonalized H.
145.541001 seconds (3.26 M allocations: 29.687 GiB, 10.12% gc time)
[2023-01-16T23:23:57.020]Completed Shot 5, state 29
148.187442 seconds (2.42 M allocations: 27.979 GiB, 10.19% gc time)
[2023-01-16T23:24:14.943]Completed Shot 5, state 36
153.635637 seconds (2.49 M allocations: 28.852 GiB, 10.36% gc time)
[2023-01-16T23:24:20.823]Completed Shot 5, state 7
8543.711375 seconds (6.14 G allocations: 23.583 TiB, 5.09% gc time)
8545.496580 seconds (6.14 G allocations: 23.588 TiB, 5.09% gc time)
8547.118043 seconds (6.13 G allocations: 23.576 TiB, 5.08% gc time)
[2023-01-16T23:24:32.188]Diagonalized H.
[2023-01-16T23:24:45.381]Diagonalized H.
[2023-01-16T23:24:45.470]Diagonalized H.
153.700791 seconds (2.67 M allocations: 30.081 GiB, 10.73% gc time)
[2023-01-16T23:25:11.416]Completed Shot 5, state 26
155.082152 seconds (2.71 M allocations: 30.307 GiB, 10.64% gc time)
[2023-01-16T23:25:12.955]Completed Shot 5, state 3
8590.313956 seconds (6.14 G allocations: 23.584 TiB, 5.12% gc time)
8591.789014 seconds (6.14 G allocations: 23.587 TiB, 5.12% gc time)
[2023-01-16T23:25:21.548]Diagonalized H.
[2023-01-16T23:25:28.099]Diagonalized H.
190.591155 seconds (3.12 M allocations: 36.279 GiB, 10.55% gc time)
[2023-01-16T23:25:48.560]Completed Shot 5, state 35
8624.134241 seconds (6.14 G allocations: 23.589 TiB, 5.14% gc time)
[2023-01-16T23:25:57.144]Diagonalized H.
135.500852 seconds (1.94 M allocations: 24.510 GiB, 10.37% gc time)
[2023-01-16T23:25:58.075]Completed Shot 5, state 30
164.091630 seconds (2.91 M allocations: 32.019 GiB, 10.67% gc time)
[2023-01-16T23:26:07.912]Completed Shot 5, state 45
148.052646 seconds (2.05 M allocations: 26.769 GiB, 10.81% gc time)
[2023-01-16T23:26:10.328]Completed Shot 5, state 14
8647.474820 seconds (6.13 G allocations: 23.588 TiB, 5.16% gc time)
8657.093695 seconds (6.14 G allocations: 23.597 TiB, 5.15% gc time)
[2023-01-16T23:26:21.075]Diagonalized H.
[2023-01-16T23:26:28.489]Diagonalized H.
138.462149 seconds (1.32 M allocations: 22.507 GiB, 10.65% gc time)
[2023-01-16T23:26:44.404]Completed Shot 5, state 1
8686.047646 seconds (6.14 G allocations: 23.604 TiB, 5.18% gc time)
144.119688 seconds (1.73 M allocations: 25.052 GiB, 10.64% gc time)
[2023-01-16T23:26:49.671]Completed Shot 5, state 40
[2023-01-16T23:26:56.001]Diagonalized H.
8691.478305 seconds (6.14 G allocations: 23.598 TiB, 5.18% gc time)
[2023-01-16T23:27:08.563]Diagonalized H.
159.955972 seconds (1.83 M allocations: 27.572 GiB, 10.70% gc time)
[2023-01-16T23:27:11.885]Completed Shot 5, state 20
129.276703 seconds (1.49 M allocations: 21.646 GiB, 10.83% gc time)
[2023-01-16T23:27:24.005]Completed Shot 5, state 47
8717.286849 seconds (6.13 G allocations: 23.594 TiB, 5.20% gc time)
8722.033272 seconds (6.14 G allocations: 23.606 TiB, 5.21% gc time)
[2023-01-16T23:27:39.444]Diagonalized H.
[2023-01-16T23:27:39.541]Diagonalized H.
138.593839 seconds (1.53 M allocations: 22.438 GiB, 11.11% gc time)
[2023-01-16T23:28:07.343]Completed Shot 5, state 17
172.253073 seconds (1.65 M allocations: 27.026 GiB, 10.86% gc time)
[2023-01-16T23:28:07.569]Completed Shot 5, state 19
8771.856950 seconds (6.14 G allocations: 23.626 TiB, 5.24% gc time)
8767.502785 seconds (6.14 G allocations: 23.613 TiB, 5.24% gc time)
[2023-01-16T23:28:18.205]Diagonalized H.
[2023-01-16T23:28:25.677]Diagonalized H.
155.193254 seconds (1.47 M allocations: 23.993 GiB, 11.20% gc time)
[2023-01-16T23:28:49.266]Completed Shot 5, state 18
149.494169 seconds (1.34 M allocations: 23.242 GiB, 11.62% gc time)
[2023-01-16T23:28:50.248]Completed Shot 5, state 6
8810.790184 seconds (6.14 G allocations: 23.626 TiB, 5.27% gc time)
[2023-01-16T23:28:59.715]Diagonalized H.
8816.650616 seconds (6.14 G allocations: 23.621 TiB, 5.27% gc time)
[2023-01-16T23:29:09.423]Diagonalized H.
148.485931 seconds (1.30 M allocations: 22.263 GiB, 11.89% gc time)
[2023-01-16T23:29:25.666]Completed Shot 5, state 43
8845.853762 seconds (6.14 G allocations: 23.622 TiB, 5.29% gc time)
8843.853213 seconds (6.14 G allocations: 23.616 TiB, 5.29% gc time)
8844.498096 seconds (6.14 G allocations: 23.616 TiB, 5.30% gc time)
[2023-01-16T23:29:38.301]Diagonalized H.
[2023-01-16T23:29:51.298]Diagonalized H.
[2023-01-16T23:29:51.411]Diagonalized H.
214.340306 seconds (1.86 M allocations: 31.532 GiB, 11.24% gc time)
[2023-01-16T23:30:23.425]Completed Shot 5, state 44
182.997464 seconds (1.40 M allocations: 25.877 GiB, 11.45% gc time)
[2023-01-16T23:30:29.167]Completed Shot 5, state 10
183.940430 seconds (1.39 M allocations: 25.982 GiB, 11.45% gc time)
[2023-01-16T23:30:30.418]Completed Shot 5, state 11
8907.305445 seconds (6.14 G allocations: 23.629 TiB, 5.34% gc time)
[2023-01-16T23:30:41.190]Diagonalized H.
149.985670 seconds (1.05 M allocations: 20.465 GiB, 11.30% gc time)
[2023-01-16T23:30:41.625]Completed Shot 5, state 5
8917.872010 seconds (6.14 G allocations: 23.624 TiB, 5.34% gc time)
[2023-01-16T23:30:54.134]Diagonalized H.
181.350478 seconds (1.13 M allocations: 24.408 GiB, 11.53% gc time)
[2023-01-16T23:31:13.314]Completed Shot 5, state 24
8949.734026 seconds (6.14 G allocations: 23.626 TiB, 5.37% gc time)
145.114006 seconds (899.02 k allocations: 19.628 GiB, 11.05% gc time)
[2023-01-16T23:31:25.711]Completed Shot 5, state 2
[2023-01-16T23:31:25.767]Diagonalized H.
167.409021 seconds (1.48 M allocations: 24.461 GiB, 11.14% gc time)
[2023-01-16T23:31:39.966]Completed Shot 5, state 16
8976.303011 seconds (6.14 G allocations: 23.643 TiB, 5.38% gc time)
[2023-01-16T23:31:47.470]Diagonalized H.
149.369993 seconds (1.38 M allocations: 21.997 GiB, 11.10% gc time)
[2023-01-16T23:32:00.665]Completed Shot 5, state 34
8991.274659 seconds (6.14 G allocations: 23.628 TiB, 5.39% gc time)
9003.955552 seconds (6.14 G allocations: 23.662 TiB, 5.39% gc time)
[2023-01-16T23:32:09.526]Diagonalized H.
[2023-01-16T23:32:17.337]Diagonalized H.
187.807471 seconds (1.68 M allocations: 27.437 GiB, 10.80% gc time)
[2023-01-16T23:32:39.430]Completed Shot 5, state 28
9031.096037 seconds (6.14 G allocations: 23.634 TiB, 5.41% gc time)
9030.931884 seconds (6.14 G allocations: 23.633 TiB, 5.41% gc time)
9032.851464 seconds (6.14 G allocations: 23.638 TiB, 5.41% gc time)
[2023-01-16T23:32:49.098]Diagonalized H.
[2023-01-16T23:33:01.559]Diagonalized H.
[2023-01-16T23:33:03.312]Diagonalized H.
160.676717 seconds (1.62 M allocations: 24.019 GiB, 10.40% gc time)
[2023-01-16T23:33:26.700]Completed Shot 5, state 15
177.780683 seconds (1.75 M allocations: 26.381 GiB, 10.41% gc time)
[2023-01-16T23:33:30.509]Completed Shot 5, state 23
247.906279 seconds (1.97 M allocations: 35.222 GiB, 10.79% gc time)
[2023-01-16T23:33:40.970]Completed Shot 5, state 27
9091.261400 seconds (6.14 G allocations: 23.640 TiB, 5.45% gc time)
[2023-01-16T23:33:51.177]Diagonalized H.
168.254375 seconds (1.58 M allocations: 25.324 GiB, 10.57% gc time)
[2023-01-16T23:34:06.999]Completed Shot 5, state 4
9119.231409 seconds (6.14 G allocations: 23.654 TiB, 5.46% gc time)
9120.477181 seconds (6.14 G allocations: 23.654 TiB, 5.46% gc time)
[2023-01-16T23:34:15.042]Diagonalized H.
9130.228489 seconds (6.14 G allocations: 23.643 TiB, 5.46% gc time)
[2023-01-16T23:34:22.427]Diagonalized H.
[2023-01-16T23:34:30.748]Diagonalized H.
172.963969 seconds (770.12 k allocations: 21.988 GiB, 10.71% gc time)
[2023-01-16T23:34:55.591]Completed Shot 5, state 38
200.626109 seconds (1.30 M allocations: 27.413 GiB, 11.00% gc time)
[2023-01-16T23:35:01.095]Completed Shot 5, state 12
9177.299879 seconds (6.14 G allocations: 23.650 TiB, 5.51% gc time)
[2023-01-16T23:35:16.622]Diagonalized H.
9184.549093 seconds (6.14 G allocations: 23.648 TiB, 5.51% gc time)
[2023-01-16T23:35:28.076]Diagonalized H.
223.773557 seconds (1.10 M allocations: 29.093 GiB, 11.50% gc time)
[2023-01-16T23:35:47.131]Completed Shot 5, state 21
9224.020553 seconds (6.14 G allocations: 23.669 TiB, 5.54% gc time)
9222.985431 seconds (6.14 G allocations: 23.666 TiB, 5.54% gc time)
[2023-01-16T23:35:58.178]Diagonalized H.
[2023-01-16T23:36:04.947]Diagonalized H.
223.831284 seconds (1.03 M allocations: 28.883 GiB, 11.77% gc time)
[2023-01-16T23:36:26.266]Completed Shot 5, state 49
229.106264 seconds (1.05 M allocations: 29.589 GiB, 11.66% gc time)
[2023-01-16T23:36:31.824]Completed Shot 5, state 33
231.155940 seconds (1.07 M allocations: 30.135 GiB, 11.82% gc time)
[2023-01-16T23:36:33.431]Completed Shot 5, state 39
172.917667 seconds (956.90 k allocations: 23.223 GiB, 11.96% gc time)
[2023-01-16T23:36:36.037]Completed Shot 5, state 9
148.839890 seconds (797.80 k allocations: 19.668 GiB, 12.21% gc time)
[2023-01-16T23:36:37.226]Completed Shot 5, state 13
9265.706802 seconds (6.14 G allocations: 23.662 TiB, 5.57% gc time)
[2023-01-16T23:36:44.405]Diagonalized H.
9277.702715 seconds (6.14 G allocations: 23.661 TiB, 5.58% gc time)
166.018655 seconds (956.67 k allocations: 23.045 GiB, 11.68% gc time)
[2023-01-16T23:36:53.192]Completed Shot 5, state 8
151.255263 seconds (924.39 k allocations: 22.248 GiB, 12.25% gc time)
[2023-01-16T23:36:53.668]Completed Shot 5, state 50
106.722708 seconds (738.66 k allocations: 16.049 GiB, 11.47% gc time)
[2023-01-16T23:36:55.962]Completed Shot 5, state 22
[2023-01-16T23:37:02.256]Diagonalized H.
104.545359 seconds (602.27 k allocations: 15.289 GiB, 11.38% gc time)
[2023-01-16T23:37:02.299]Completed Shot 5, state 37
 71.749261 seconds (461.33 k allocations: 10.660 GiB, 9.36% gc time)
[2023-01-16T23:37:03.070]Completed Shot 5, state 48
 77.895676 seconds (493.56 k allocations: 12.558 GiB, 9.50% gc time)
[2023-01-16T23:37:09.143]Completed Shot 5, state 32
 33.433334 seconds (221.94 k allocations: 6.308 GiB, 6.30% gc time)
[2023-01-16T23:37:11.220]Completed Shot 5, state 25
 23.411526 seconds (174.30 k allocations: 4.364 GiB, 6.16% gc time)
[2023-01-16T23:37:14.380]Completed Shot 5, state 46
[2023-01-16T23:37:14.381]**********Simulation completed!**********
[2023-01-16T23:37:14.381]**********Saving**********
[2023-01-16T23:37:18.360]Saving file: /gpfs/bwfor/work/ws/hd_ku269-logs/LightCones/2023-01-16/512577_N11_BS.jld2
[2023-01-16T23:37:19.902]**********Run completed!**********
============================= JOB FEEDBACK =============================
Job ID: 512577
Cluster: helix
User/Group: hd_ku269/hd_hd
State: COMPLETED (exit code 0)
Nodes: 1
Cores per node: 64
CPU Utilized: 53-13:04:03
CPU Efficiency: 90.30% of 59-07:04:32 core-walltime
Job Wall-clock time: 22:14:08
Memory Utilized: 199.47 GB
Memory Efficiency: 84.52% of 236.00 GB
