Added MKL.jl
Project LightCones v0.1.0
Status `/gpfs/bwfor/work/ws/hd_ku269-light_cones/WorkingFolder/Project.toml`
⌃ [7d9fca2a] Arpack v0.5.3
⌃ [7073ff75] IJulia v1.23.3
⌃ [033835bb] JLD2 v0.4.25
  [0b1a1467] KrylovKit v0.6.0
  [d3d80556] LineSearches v7.2.0
  [33e6dc65] MKL v0.6.0
⌃ [429524aa] Optim v1.7.3
⌃ [91a5bcdd] Plots v1.35.5
⌃ [c3e4b0f8] Pluto v0.19.14
  [3c0b384b] QuantumInformation v0.4.9
  [189a3867] Reexport v1.2.2
⌃ [295af30f] Revise v3.4.0
  [ebcc8a00] SpinSymmetry v0.3.3
  [59d54670] ThreadedSparseArrays v0.2.2
  [ade2ca70] Dates
  [8ba89e20] Distributed
  [37e2e46d] LinearAlgebra
  [de0858da] Printf
  [9a3f8284] Random
  [1a1011a3] SharedArrays
  [2f01184e] SparseArrays
  [10745b16] Statistics
Info Packages marked with ⌃ have new versions available and may be upgradable.
[2023-01-09T09:15:41.148]**********RANDOM FIELDS**********
shared_krylov.jl
Working Directory:          /gpfs/bwfor/work/ws/hd_ku269-light_cones/WorkingFolder
SLURM Directory:            /gpfs/bwfor/work/ws/hd_ku269-light_cones/WorkingFolder 
Running on host:            o01n13
Job id:                     468872
Job name:                   otoc_simulation_N11_TR_FIDONLY
Number of nodes allocated:  
Number of cores allocated:  1
#threads of Julia:          64
#threads of BLAS:           1
ARGS = ["11", "10", "50", "BS", "x", "6", "500", "WAHUHA"]
LOCATION = "/gpfs/bwfor/work/ws/hd_ku269-logs/LightCones/2023-01-09"
N = 11
SHOTS = 10
MULT_RANDOM_STATES = true
N_RANDOM_STATES = 50
TYPE_OF_RS = "BS"
OBSERVABLE = "x"
DISORDER_PARAM = 6.0
[2023-01-09T09:15:41.330]**********Running simulation**********
[2023-01-09T09:15:41.384]trange = 0.1:0.1:20.0
[2023-01-09T09:15:41.728]A = σx
[2023-01-09T09:15:42.191]alpha=6
[2023-01-09T09:15:42.192]PBC
4[2023-01-09T09:15:44.947]Operations set up.
Using multiple states.
18856.943258 seconds (12.31 G allocations: 31.316 TiB, 12.95% gc time, 0.04% compilation time)
[2023-01-09T14:30:12.322]Completed Shot 1, state 34
18864.938554 seconds (12.31 G allocations: 31.329 TiB, 12.95% gc time, 0.04% compilation time)
[2023-01-09T14:30:20.290]Completed Shot 1, state 48
18859.398968 seconds (12.31 G allocations: 31.328 TiB, 12.95% gc time, 0.00% compilation time)
[2023-01-09T14:30:20.592]Completed Shot 1, state 19
18866.025381 seconds (12.31 G allocations: 31.331 TiB, 12.95% gc time, 0.04% compilation time)
[2023-01-09T14:30:21.379]Completed Shot 1, state 50
18867.201806 seconds (12.32 G allocations: 31.333 TiB, 12.95% gc time, 0.04% compilation time)
[2023-01-09T14:30:22.555]Completed Shot 1, state 49
18871.749621 seconds (12.32 G allocations: 31.341 TiB, 12.95% gc time, 0.04% compilation time)
[2023-01-09T14:30:27.101]Completed Shot 1, state 3
18877.727695 seconds (12.32 G allocations: 31.350 TiB, 12.95% gc time, 0.04% compilation time)
[2023-01-09T14:30:33.079]Completed Shot 1, state 11
18878.518680 seconds (12.32 G allocations: 31.352 TiB, 12.95% gc time, 0.04% compilation time)
[2023-01-09T14:30:33.870]Completed Shot 1, state 18
18880.478443 seconds (12.32 G allocations: 31.355 TiB, 12.95% gc time, 0.04% compilation time)
[2023-01-09T14:30:35.831]Completed Shot 1, state 37
18880.640226 seconds (12.32 G allocations: 31.356 TiB, 12.95% gc time, 0.04% compilation time)
[2023-01-09T14:30:35.993]Completed Shot 1, state 36
18880.818130 seconds (12.32 G allocations: 31.356 TiB, 12.95% gc time, 0.04% compilation time)
[2023-01-09T14:30:36.170]Completed Shot 1, state 23
18885.574852 seconds (12.33 G allocations: 31.364 TiB, 12.95% gc time, 0.04% compilation time)
[2023-01-09T14:30:40.928]Completed Shot 1, state 45
18887.633888 seconds (12.33 G allocations: 31.368 TiB, 12.95% gc time, 0.04% compilation time)
[2023-01-09T14:30:42.986]Completed Shot 1, state 30
18888.119839 seconds (12.33 G allocations: 31.369 TiB, 12.95% gc time, 0.04% compilation time)
[2023-01-09T14:30:43.472]Completed Shot 1, state 21
18888.678025 seconds (12.33 G allocations: 31.370 TiB, 12.95% gc time, 0.04% compilation time)
[2023-01-09T14:30:44.030]Completed Shot 1, state 5
18889.269570 seconds (12.33 G allocations: 31.371 TiB, 12.95% gc time, 0.04% compilation time)
[2023-01-09T14:30:44.621]Completed Shot 1, state 27
18892.905119 seconds (12.33 G allocations: 31.377 TiB, 12.95% gc time, 0.04% compilation time)
[2023-01-09T14:30:48.257]Completed Shot 1, state 17
18896.026402 seconds (12.34 G allocations: 31.383 TiB, 12.95% gc time, 0.04% compilation time)
[2023-01-09T14:30:51.379]Completed Shot 1, state 46
18897.439507 seconds (12.34 G allocations: 31.386 TiB, 12.95% gc time, 0.04% compilation time)
[2023-01-09T14:30:52.791]Completed Shot 1, state 41
18897.653566 seconds (12.34 G allocations: 31.386 TiB, 12.95% gc time, 0.04% compilation time)
[2023-01-09T14:30:53.005]Completed Shot 1, state 24
18897.989981 seconds (12.34 G allocations: 31.387 TiB, 12.95% gc time, 0.04% compilation time)
[2023-01-09T14:30:53.343]Completed Shot 1, state 44
18900.163032 seconds (12.34 G allocations: 31.390 TiB, 12.95% gc time, 0.04% compilation time)
[2023-01-09T14:30:55.514]Completed Shot 1, state 35
18900.271315 seconds (12.34 G allocations: 31.390 TiB, 12.95% gc time, 0.04% compilation time)
[2023-01-09T14:30:55.624]Completed Shot 1, state 32
18902.276841 seconds (12.34 G allocations: 31.393 TiB, 12.95% gc time, 0.04% compilation time)
[2023-01-09T14:30:57.629]Completed Shot 1, state 39
18902.597030 seconds (12.34 G allocations: 31.394 TiB, 12.95% gc time, 0.04% compilation time)
[2023-01-09T14:30:57.948]Completed Shot 1, state 2
18903.356389 seconds (12.34 G allocations: 31.395 TiB, 12.95% gc time, 0.04% compilation time)
[2023-01-09T14:30:58.709]Completed Shot 1, state 14
18908.793812 seconds (12.34 G allocations: 31.404 TiB, 12.95% gc time, 0.04% compilation time)
[2023-01-09T14:31:04.146]Completed Shot 1, state 43
18908.862414 seconds (12.34 G allocations: 31.404 TiB, 12.95% gc time, 0.04% compilation time)
[2023-01-09T14:31:04.214]Completed Shot 1, state 8
18908.909470 seconds (12.34 G allocations: 31.404 TiB, 12.95% gc time, 0.04% compilation time)
[2023-01-09T14:31:04.228]Completed Shot 1, state 1
18910.081904 seconds (12.34 G allocations: 31.405 TiB, 12.95% gc time, 0.04% compilation time)
[2023-01-09T14:31:05.433]Completed Shot 1, state 9
18910.765789 seconds (12.34 G allocations: 31.406 TiB, 12.95% gc time, 0.04% compilation time)
[2023-01-09T14:31:06.117]Completed Shot 1, state 4
18910.785248 seconds (12.34 G allocations: 31.407 TiB, 12.95% gc time, 0.04% compilation time)
[2023-01-09T14:31:06.138]Completed Shot 1, state 16
18912.190341 seconds (12.35 G allocations: 31.408 TiB, 12.95% gc time, 0.04% compilation time)
[2023-01-09T14:31:07.542]Completed Shot 1, state 28
18912.427060 seconds (12.35 G allocations: 31.409 TiB, 12.95% gc time, 0.04% compilation time)
[2023-01-09T14:31:07.779]Completed Shot 1, state 22
18912.895246 seconds (12.35 G allocations: 31.409 TiB, 12.94% gc time, 0.04% compilation time)
[2023-01-09T14:31:08.248]Completed Shot 1, state 40
18915.610686 seconds (12.35 G allocations: 31.412 TiB, 12.95% gc time, 0.04% compilation time)
[2023-01-09T14:31:10.963]Completed Shot 1, state 47
18915.806591 seconds (12.35 G allocations: 31.412 TiB, 12.94% gc time, 0.04% compilation time)
[2023-01-09T14:31:11.159]Completed Shot 1, state 13
18915.900054 seconds (12.35 G allocations: 31.412 TiB, 12.94% gc time, 0.04% compilation time)
[2023-01-09T14:31:11.251]Completed Shot 1, state 31
18917.761007 seconds (12.35 G allocations: 31.414 TiB, 12.94% gc time, 0.04% compilation time)
[2023-01-09T14:31:13.113]Completed Shot 1, state 15
18918.588006 seconds (12.35 G allocations: 31.415 TiB, 12.94% gc time, 0.04% compilation time)
[2023-01-09T14:31:13.940]Completed Shot 1, state 10
18921.087881 seconds (12.35 G allocations: 31.417 TiB, 12.94% gc time, 0.04% compilation time)
[2023-01-09T14:31:16.441]Completed Shot 1, state 6
18921.271248 seconds (12.35 G allocations: 31.417 TiB, 12.94% gc time, 0.04% compilation time)
[2023-01-09T14:31:16.590]Completed Shot 1, state 29
18921.310524 seconds (12.35 G allocations: 31.417 TiB, 12.94% gc time, 0.04% compilation time)
[2023-01-09T14:31:16.663]Completed Shot 1, state 12
18921.991020 seconds (12.35 G allocations: 31.417 TiB, 12.94% gc time, 0.04% compilation time)
[2023-01-09T14:31:17.343]Completed Shot 1, state 20
18923.858542 seconds (12.35 G allocations: 31.418 TiB, 12.94% gc time, 0.04% compilation time)
[2023-01-09T14:31:19.210]Completed Shot 1, state 7
18924.529724 seconds (12.35 G allocations: 31.418 TiB, 12.94% gc time, 0.04% compilation time)
[2023-01-09T14:31:19.881]Completed Shot 1, state 38
18924.980251 seconds (12.35 G allocations: 31.418 TiB, 12.94% gc time, 0.04% compilation time)
[2023-01-09T14:31:20.299]Completed Shot 1, state 26
18929.623932 seconds (12.35 G allocations: 31.420 TiB, 12.94% gc time, 0.04% compilation time)
[2023-01-09T14:31:24.976]Completed Shot 1, state 42
18930.423271 seconds (12.35 G allocations: 31.420 TiB, 12.94% gc time, 0.04% compilation time)
[2023-01-09T14:31:25.742]Completed Shot 1, state 33
18936.224008 seconds (12.35 G allocations: 31.420 TiB, 12.93% gc time, 0.04% compilation time)
[2023-01-09T14:31:31.576]Completed Shot 1, state 25
17662.315732 seconds (12.31 G allocations: 31.321 TiB, 13.60% gc time)
[2023-01-09T19:25:53.898]Completed Shot 2, state 50
17662.686825 seconds (12.31 G allocations: 31.322 TiB, 13.60% gc time)
[2023-01-09T19:25:54.267]Completed Shot 2, state 11
17671.979205 seconds (12.32 G allocations: 31.339 TiB, 13.60% gc time)
[2023-01-09T19:26:03.561]Completed Shot 2, state 44
17675.148138 seconds (12.32 G allocations: 31.347 TiB, 13.60% gc time)
[2023-01-09T19:26:06.727]Completed Shot 2, state 4
17678.186545 seconds (12.32 G allocations: 31.351 TiB, 13.60% gc time)
[2023-01-09T19:26:09.768]Completed Shot 2, state 25
17684.094164 seconds (12.33 G allocations: 31.366 TiB, 13.60% gc time)
[2023-01-09T19:26:15.676]Completed Shot 2, state 40
17684.783847 seconds (12.33 G allocations: 31.367 TiB, 13.60% gc time)
[2023-01-09T19:26:16.365]Completed Shot 2, state 6
17687.114587 seconds (12.33 G allocations: 31.369 TiB, 13.61% gc time)
[2023-01-09T19:26:18.696]Completed Shot 2, state 28
17689.365946 seconds (12.33 G allocations: 31.374 TiB, 13.60% gc time)
[2023-01-09T19:26:20.946]Completed Shot 2, state 15
17690.676281 seconds (12.33 G allocations: 31.378 TiB, 13.60% gc time)
[2023-01-09T19:26:22.258]Completed Shot 2, state 49
17694.314768 seconds (12.33 G allocations: 31.384 TiB, 13.61% gc time)
[2023-01-09T19:26:25.897]Completed Shot 2, state 41
17695.271517 seconds (12.34 G allocations: 31.386 TiB, 13.61% gc time)
[2023-01-09T19:26:26.852]Completed Shot 2, state 13
17697.081399 seconds (12.34 G allocations: 31.392 TiB, 13.60% gc time)
[2023-01-09T19:26:28.663]Completed Shot 2, state 37
17697.386755 seconds (12.34 G allocations: 31.392 TiB, 13.60% gc time)
[2023-01-09T19:26:28.968]Completed Shot 2, state 30
17697.504330 seconds (12.34 G allocations: 31.393 TiB, 13.60% gc time)
[2023-01-09T19:26:29.085]Completed Shot 2, state 27
17697.721245 seconds (12.34 G allocations: 31.394 TiB, 13.60% gc time)
[2023-01-09T19:26:29.303]Completed Shot 2, state 46
17697.818142 seconds (12.34 G allocations: 31.394 TiB, 13.60% gc time)
[2023-01-09T19:26:29.400]Completed Shot 2, state 32
17697.853606 seconds (12.34 G allocations: 31.394 TiB, 13.60% gc time)
[2023-01-09T19:26:29.436]Completed Shot 2, state 42
17697.859184 seconds (12.34 G allocations: 31.394 TiB, 13.60% gc time)
[2023-01-09T19:26:29.439]Completed Shot 2, state 10
17701.496568 seconds (12.34 G allocations: 31.401 TiB, 13.61% gc time)
[2023-01-09T19:26:33.078]Completed Shot 2, state 35
17701.497041 seconds (12.34 G allocations: 31.401 TiB, 13.61% gc time)
[2023-01-09T19:26:33.078]Completed Shot 2, state 31
17702.748147 seconds (12.34 G allocations: 31.405 TiB, 13.60% gc time)
[2023-01-09T19:26:34.330]Completed Shot 2, state 38
17702.776021 seconds (12.34 G allocations: 31.405 TiB, 13.60% gc time)
[2023-01-09T19:26:34.355]Completed Shot 2, state 1
17703.196587 seconds (12.34 G allocations: 31.406 TiB, 13.60% gc time)
[2023-01-09T19:26:34.779]Completed Shot 2, state 45
17704.880898 seconds (12.34 G allocations: 31.408 TiB, 13.61% gc time)
[2023-01-09T19:26:36.460]Completed Shot 2, state 2
17705.263011 seconds (12.34 G allocations: 31.409 TiB, 13.61% gc time)
[2023-01-09T19:26:36.842]Completed Shot 2, state 3
17705.564343 seconds (12.34 G allocations: 31.409 TiB, 13.61% gc time)
[2023-01-09T19:26:37.144]Completed Shot 2, state 14
17706.349421 seconds (12.34 G allocations: 31.411 TiB, 13.61% gc time)
[2023-01-09T19:26:37.930]Completed Shot 2, state 23
17706.998333 seconds (12.35 G allocations: 31.412 TiB, 13.61% gc time)
[2023-01-09T19:26:38.579]Completed Shot 2, state 21
17707.459661 seconds (12.35 G allocations: 31.413 TiB, 13.61% gc time)
[2023-01-09T19:26:39.039]Completed Shot 2, state 9
17708.562699 seconds (12.35 G allocations: 31.414 TiB, 13.61% gc time)
[2023-01-09T19:26:40.143]Completed Shot 2, state 12
17708.604261 seconds (12.35 G allocations: 31.415 TiB, 13.61% gc time)
[2023-01-09T19:26:40.185]Completed Shot 2, state 19
17708.627916 seconds (12.35 G allocations: 31.415 TiB, 13.61% gc time)
[2023-01-09T19:26:40.209]Completed Shot 2, state 33
17708.628431 seconds (12.35 G allocations: 31.415 TiB, 13.61% gc time)
[2023-01-09T19:26:40.210]Completed Shot 2, state 29
17708.749246 seconds (12.35 G allocations: 31.415 TiB, 13.61% gc time)
[2023-01-09T19:26:40.331]Completed Shot 2, state 39
17708.770129 seconds (12.35 G allocations: 31.415 TiB, 13.61% gc time)
[2023-01-09T19:26:40.352]Completed Shot 2, state 36
17708.958149 seconds (12.35 G allocations: 31.415 TiB, 13.61% gc time)
[2023-01-09T19:26:40.538]Completed Shot 2, state 17
17709.047732 seconds (12.35 G allocations: 31.415 TiB, 13.61% gc time)
[2023-01-09T19:26:40.627]Completed Shot 2, state 5
17709.619661 seconds (12.35 G allocations: 31.416 TiB, 13.61% gc time)
17709.620001 seconds (12.35 G allocations: 31.416 TiB, 13.61% gc time)
[2023-01-09T19:26:41.201]Completed Shot 2, state 47
[2023-01-09T19:26:41.201]Completed Shot 2, state 34
17709.712645 seconds (12.35 G allocations: 31.416 TiB, 13.61% gc time)
[2023-01-09T19:26:41.293]Completed Shot 2, state 20
17709.825431 seconds (12.35 G allocations: 31.416 TiB, 13.61% gc time)
[2023-01-09T19:26:41.405]Completed Shot 2, state 8
17710.187774 seconds (12.35 G allocations: 31.416 TiB, 13.61% gc time)
[2023-01-09T19:26:41.767]Completed Shot 2, state 7
17710.389614 seconds (12.35 G allocations: 31.417 TiB, 13.61% gc time)
[2023-01-09T19:26:41.971]Completed Shot 2, state 48
17713.874106 seconds (12.35 G allocations: 31.419 TiB, 13.60% gc time)
[2023-01-09T19:26:45.456]Completed Shot 2, state 43
17714.943027 seconds (12.35 G allocations: 31.419 TiB, 13.60% gc time)
[2023-01-09T19:26:46.524]Completed Shot 2, state 26
17715.141302 seconds (12.35 G allocations: 31.419 TiB, 13.60% gc time)
[2023-01-09T19:26:46.722]Completed Shot 2, state 18
17715.959672 seconds (12.35 G allocations: 31.419 TiB, 13.60% gc time)
[2023-01-09T19:26:47.540]Completed Shot 2, state 16
17716.234144 seconds (12.35 G allocations: 31.419 TiB, 13.60% gc time)
[2023-01-09T19:26:47.815]Completed Shot 2, state 24
17725.761830 seconds (12.35 G allocations: 31.420 TiB, 13.60% gc time)
[2023-01-09T19:26:57.343]Completed Shot 2, state 22
16901.562545 seconds (12.32 G allocations: 31.348 TiB, 14.10% gc time)
[2023-01-10T00:08:38.910]Completed Shot 3, state 39
16910.639834 seconds (12.33 G allocations: 31.365 TiB, 14.10% gc time)
[2023-01-10T00:08:47.985]Completed Shot 3, state 7
16911.617107 seconds (12.33 G allocations: 31.367 TiB, 14.10% gc time)
[2023-01-10T00:08:48.963]Completed Shot 3, state 14
16916.770633 seconds (12.33 G allocations: 31.377 TiB, 14.10% gc time)
[2023-01-10T00:08:54.116]Completed Shot 3, state 10
16917.116179 seconds (12.33 G allocations: 31.378 TiB, 14.10% gc time)
[2023-01-10T00:08:54.463]Completed Shot 3, state 48
16917.175144 seconds (12.33 G allocations: 31.378 TiB, 14.10% gc time)
[2023-01-10T00:08:54.523]Completed Shot 3, state 43
16917.608865 seconds (12.33 G allocations: 31.379 TiB, 14.10% gc time)
[2023-01-10T00:08:54.954]Completed Shot 3, state 8
16918.121075 seconds (12.33 G allocations: 31.381 TiB, 14.10% gc time)
[2023-01-10T00:08:55.467]Completed Shot 3, state 17
16919.154420 seconds (12.33 G allocations: 31.384 TiB, 14.10% gc time)
[2023-01-10T00:08:56.501]Completed Shot 3, state 37
16922.518967 seconds (12.34 G allocations: 31.389 TiB, 14.10% gc time)
[2023-01-10T00:08:59.865]Completed Shot 3, state 31
16923.339711 seconds (12.34 G allocations: 31.391 TiB, 14.10% gc time)
[2023-01-10T00:09:00.687]Completed Shot 3, state 38
16924.277628 seconds (12.34 G allocations: 31.393 TiB, 14.10% gc time)
[2023-01-10T00:09:01.624]Completed Shot 3, state 26
16924.861356 seconds (12.34 G allocations: 31.395 TiB, 14.10% gc time)
[2023-01-10T00:09:02.208]Completed Shot 3, state 34
16924.941128 seconds (12.34 G allocations: 31.395 TiB, 14.10% gc time)
[2023-01-10T00:09:02.287]Completed Shot 3, state 18
16924.976753 seconds (12.34 G allocations: 31.395 TiB, 14.10% gc time)
[2023-01-10T00:09:02.324]Completed Shot 3, state 35
16925.013362 seconds (12.34 G allocations: 31.395 TiB, 14.10% gc time)
[2023-01-10T00:09:02.360]Completed Shot 3, state 25
16925.455741 seconds (12.34 G allocations: 31.397 TiB, 14.10% gc time)
[2023-01-10T00:09:02.802]Completed Shot 3, state 30
16927.017677 seconds (12.34 G allocations: 31.398 TiB, 14.10% gc time)
[2023-01-10T00:09:04.365]Completed Shot 3, state 46
16927.892108 seconds (12.34 G allocations: 31.401 TiB, 14.10% gc time)
[2023-01-10T00:09:05.238]Completed Shot 3, state 15
16928.639800 seconds (12.34 G allocations: 31.403 TiB, 14.10% gc time)
[2023-01-10T00:09:05.987]Completed Shot 3, state 33
16928.828337 seconds (12.34 G allocations: 31.403 TiB, 14.10% gc time)
[2023-01-10T00:09:06.173]Completed Shot 3, state 5
16928.828955 seconds (12.34 G allocations: 31.403 TiB, 14.10% gc time)
[2023-01-10T00:09:06.173]Completed Shot 3, state 3
16929.386599 seconds (12.34 G allocations: 31.405 TiB, 14.10% gc time)
[2023-01-10T00:09:06.732]Completed Shot 3, state 11
16930.480256 seconds (12.34 G allocations: 31.406 TiB, 14.10% gc time)
[2023-01-10T00:09:07.827]Completed Shot 3, state 44
16930.619185 seconds (12.34 G allocations: 31.407 TiB, 14.10% gc time)
[2023-01-10T00:09:07.965]Completed Shot 3, state 20
16931.294483 seconds (12.34 G allocations: 31.408 TiB, 14.10% gc time)
[2023-01-10T00:09:08.641]Completed Shot 3, state 24
16931.452886 seconds (12.34 G allocations: 31.408 TiB, 14.10% gc time)
[2023-01-10T00:09:08.798]Completed Shot 3, state 9
16931.459683 seconds (12.34 G allocations: 31.408 TiB, 14.10% gc time)
[2023-01-10T00:09:08.806]Completed Shot 3, state 36
16932.070304 seconds (12.34 G allocations: 31.410 TiB, 14.10% gc time)
[2023-01-10T00:09:09.416]Completed Shot 3, state 16
16932.068783 seconds (12.34 G allocations: 31.410 TiB, 14.10% gc time)
[2023-01-10T00:09:09.416]Completed Shot 3, state 49
16932.349549 seconds (12.34 G allocations: 31.410 TiB, 14.10% gc time)
[2023-01-10T00:09:09.696]Completed Shot 3, state 29
16932.404876 seconds (12.34 G allocations: 31.410 TiB, 14.10% gc time)
[2023-01-10T00:09:09.751]Completed Shot 3, state 22
16932.846212 seconds (12.35 G allocations: 31.411 TiB, 14.10% gc time)
[2023-01-10T00:09:10.193]Completed Shot 3, state 50
16933.579842 seconds (12.35 G allocations: 31.412 TiB, 14.10% gc time)
[2023-01-10T00:09:10.925]Completed Shot 3, state 13
16934.234449 seconds (12.35 G allocations: 31.413 TiB, 14.10% gc time)
[2023-01-10T00:09:11.579]Completed Shot 3, state 4
16934.406131 seconds (12.35 G allocations: 31.413 TiB, 14.10% gc time)
[2023-01-10T00:09:11.750]Completed Shot 3, state 1
16935.078247 seconds (12.35 G allocations: 31.414 TiB, 14.10% gc time)
[2023-01-10T00:09:12.423]Completed Shot 3, state 6
16935.124959 seconds (12.35 G allocations: 31.414 TiB, 14.10% gc time)
[2023-01-10T00:09:12.472]Completed Shot 3, state 40
16935.348423 seconds (12.35 G allocations: 31.414 TiB, 14.10% gc time)
[2023-01-10T00:09:12.695]Completed Shot 3, state 42
16935.665939 seconds (12.35 G allocations: 31.414 TiB, 14.10% gc time)
[2023-01-10T00:09:13.012]Completed Shot 3, state 28
16936.739130 seconds (12.35 G allocations: 31.415 TiB, 14.10% gc time)
[2023-01-10T00:09:14.084]Completed Shot 3, state 12
16937.742901 seconds (12.35 G allocations: 31.416 TiB, 14.10% gc time)
[2023-01-10T00:09:15.089]Completed Shot 3, state 21
16938.269359 seconds (12.35 G allocations: 31.416 TiB, 14.10% gc time)
[2023-01-10T00:09:15.616]Completed Shot 3, state 47
16938.908022 seconds (12.35 G allocations: 31.417 TiB, 14.10% gc time)
[2023-01-10T00:09:16.254]Completed Shot 3, state 23
16939.325672 seconds (12.35 G allocations: 31.417 TiB, 14.10% gc time)
[2023-01-10T00:09:16.672]Completed Shot 3, state 27
16939.698921 seconds (12.35 G allocations: 31.417 TiB, 14.10% gc time)
[2023-01-10T00:09:17.045]Completed Shot 3, state 19
16940.929950 seconds (12.35 G allocations: 31.418 TiB, 14.10% gc time)
[2023-01-10T00:09:18.276]Completed Shot 3, state 32
16944.536339 seconds (12.35 G allocations: 31.419 TiB, 14.10% gc time)
[2023-01-10T00:09:21.880]Completed Shot 3, state 2
16944.931523 seconds (12.35 G allocations: 31.419 TiB, 14.10% gc time)
[2023-01-10T00:09:22.279]Completed Shot 3, state 45
16945.237508 seconds (12.35 G allocations: 31.419 TiB, 14.10% gc time)
[2023-01-10T00:09:22.584]Completed Shot 3, state 41
17155.860588 seconds (12.31 G allocations: 31.312 TiB, 13.03% gc time)
[2023-01-10T04:55:18.450]Completed Shot 4, state 31
17156.893701 seconds (12.31 G allocations: 31.314 TiB, 13.03% gc time)
[2023-01-10T04:55:19.483]Completed Shot 4, state 40
17157.512892 seconds (12.31 G allocations: 31.316 TiB, 13.03% gc time)
[2023-01-10T04:55:20.100]Completed Shot 4, state 10
17157.724944 seconds (12.32 G allocations: 31.316 TiB, 13.03% gc time)
[2023-01-10T04:55:20.313]Completed Shot 4, state 15
17157.988613 seconds (12.32 G allocations: 31.317 TiB, 13.03% gc time)
[2023-01-10T04:55:20.578]Completed Shot 4, state 38
17162.254246 seconds (12.32 G allocations: 31.325 TiB, 13.03% gc time)
[2023-01-10T04:55:24.845]Completed Shot 4, state 29
17164.453614 seconds (12.32 G allocations: 31.330 TiB, 13.03% gc time)
[2023-01-10T04:55:27.042]Completed Shot 4, state 30
17171.877169 seconds (12.33 G allocations: 31.345 TiB, 13.04% gc time)
[2023-01-10T04:55:34.465]Completed Shot 4, state 21
17172.426049 seconds (12.33 G allocations: 31.346 TiB, 13.04% gc time)
[2023-01-10T04:55:35.012]Completed Shot 4, state 6
17172.978957 seconds (12.33 G allocations: 31.347 TiB, 13.04% gc time)
[2023-01-10T04:55:35.569]Completed Shot 4, state 44
17174.117101 seconds (12.33 G allocations: 31.351 TiB, 13.04% gc time)
[2023-01-10T04:55:36.706]Completed Shot 4, state 25
17174.155291 seconds (12.33 G allocations: 31.351 TiB, 13.04% gc time)
[2023-01-10T04:55:36.745]Completed Shot 4, state 45
17176.260058 seconds (12.33 G allocations: 31.354 TiB, 13.04% gc time)
[2023-01-10T04:55:38.849]Completed Shot 4, state 27
17177.461127 seconds (12.33 G allocations: 31.358 TiB, 13.04% gc time)
[2023-01-10T04:55:40.049]Completed Shot 4, state 17
17177.933363 seconds (12.33 G allocations: 31.360 TiB, 13.04% gc time)
[2023-01-10T04:55:40.521]Completed Shot 4, state 14
17177.950031 seconds (12.33 G allocations: 31.360 TiB, 13.04% gc time)
[2023-01-10T04:55:40.536]Completed Shot 4, state 1
17179.564332 seconds (12.33 G allocations: 31.363 TiB, 13.04% gc time)
[2023-01-10T04:55:42.153]Completed Shot 4, state 23
17179.847571 seconds (12.33 G allocations: 31.363 TiB, 13.04% gc time)
[2023-01-10T04:55:42.435]Completed Shot 4, state 19
17180.995821 seconds (12.33 G allocations: 31.366 TiB, 13.04% gc time)
[2023-01-10T04:55:43.585]Completed Shot 4, state 34
17181.236788 seconds (12.34 G allocations: 31.367 TiB, 13.04% gc time)
[2023-01-10T04:55:43.824]Completed Shot 4, state 9
17181.364461 seconds (12.34 G allocations: 31.367 TiB, 13.04% gc time)
[2023-01-10T04:55:43.953]Completed Shot 4, state 26
17181.388393 seconds (12.34 G allocations: 31.367 TiB, 13.04% gc time)
[2023-01-10T04:55:43.976]Completed Shot 4, state 16
17181.906716 seconds (12.34 G allocations: 31.368 TiB, 13.04% gc time)
[2023-01-10T04:55:44.495]Completed Shot 4, state 22
17182.922248 seconds (12.34 G allocations: 31.370 TiB, 13.04% gc time)
[2023-01-10T04:55:45.510]Completed Shot 4, state 20
17183.479281 seconds (12.34 G allocations: 31.371 TiB, 13.04% gc time)
[2023-01-10T04:55:46.067]Completed Shot 4, state 11
17183.889236 seconds (12.34 G allocations: 31.372 TiB, 13.04% gc time)
[2023-01-10T04:55:46.479]Completed Shot 4, state 48
17185.907370 seconds (12.34 G allocations: 31.376 TiB, 13.04% gc time)
[2023-01-10T04:55:48.494]Completed Shot 4, state 8
17186.759762 seconds (12.34 G allocations: 31.378 TiB, 13.04% gc time)
[2023-01-10T04:55:49.349]Completed Shot 4, state 35
17187.939946 seconds (12.34 G allocations: 31.380 TiB, 13.04% gc time)
[2023-01-10T04:55:50.529]Completed Shot 4, state 32
17188.007626 seconds (12.34 G allocations: 31.381 TiB, 13.04% gc time)
[2023-01-10T04:55:50.597]Completed Shot 4, state 42
17188.406098 seconds (12.34 G allocations: 31.381 TiB, 13.04% gc time)
[2023-01-10T04:55:50.996]Completed Shot 4, state 43
17188.468578 seconds (12.34 G allocations: 31.382 TiB, 13.04% gc time)
[2023-01-10T04:55:51.056]Completed Shot 4, state 13
17189.311941 seconds (12.34 G allocations: 31.382 TiB, 13.04% gc time)
[2023-01-10T04:55:51.898]Completed Shot 4, state 4
17189.590660 seconds (12.34 G allocations: 31.383 TiB, 13.04% gc time)
[2023-01-10T04:55:52.178]Completed Shot 4, state 12
17192.027406 seconds (12.34 G allocations: 31.386 TiB, 13.04% gc time)
[2023-01-10T04:55:54.617]Completed Shot 4, state 49
17192.115654 seconds (12.34 G allocations: 31.387 TiB, 13.04% gc time)
[2023-01-10T04:55:54.706]Completed Shot 4, state 50
17192.636156 seconds (12.34 G allocations: 31.387 TiB, 13.04% gc time)
[2023-01-10T04:55:55.225]Completed Shot 4, state 33
17192.884282 seconds (12.34 G allocations: 31.388 TiB, 13.04% gc time)
[2023-01-10T04:55:55.470]Completed Shot 4, state 2
17197.098020 seconds (12.35 G allocations: 31.392 TiB, 13.03% gc time)
[2023-01-10T04:55:59.684]Completed Shot 4, state 3
17197.831564 seconds (12.35 G allocations: 31.393 TiB, 13.03% gc time)
[2023-01-10T04:56:00.421]Completed Shot 4, state 39
17198.986419 seconds (12.35 G allocations: 31.394 TiB, 13.03% gc time)
[2023-01-10T04:56:01.576]Completed Shot 4, state 46
17199.245528 seconds (12.35 G allocations: 31.394 TiB, 13.03% gc time)
[2023-01-10T04:56:01.833]Completed Shot 4, state 18
17199.325342 seconds (12.35 G allocations: 31.394 TiB, 13.03% gc time)
[2023-01-10T04:56:01.915]Completed Shot 4, state 37
17199.780078 seconds (12.35 G allocations: 31.395 TiB, 13.03% gc time)
[2023-01-10T04:56:02.370]Completed Shot 4, state 47
17200.168693 seconds (12.35 G allocations: 31.395 TiB, 13.03% gc time)
[2023-01-10T04:56:02.755]Completed Shot 4, state 7
17201.107878 seconds (12.35 G allocations: 31.395 TiB, 13.03% gc time)
[2023-01-10T04:56:03.697]Completed Shot 4, state 41
17201.536982 seconds (12.35 G allocations: 31.396 TiB, 13.03% gc time)
[2023-01-10T04:56:04.126]Completed Shot 4, state 28
17202.342014 seconds (12.35 G allocations: 31.396 TiB, 13.03% gc time)
[2023-01-10T04:56:04.931]Completed Shot 4, state 36
17206.055336 seconds (12.35 G allocations: 31.396 TiB, 13.03% gc time)
[2023-01-10T04:56:08.644]Completed Shot 4, state 24
17216.787820 seconds (12.35 G allocations: 31.397 TiB, 13.02% gc time)
[2023-01-10T04:56:19.374]Completed Shot 4, state 5
16039.240502 seconds (12.32 G allocations: 31.365 TiB, 14.26% gc time)
[2023-01-10T09:23:38.619]Completed Shot 5, state 31
16048.438691 seconds (12.33 G allocations: 31.382 TiB, 14.26% gc time)
[2023-01-10T09:23:47.817]Completed Shot 5, state 49
16048.485797 seconds (12.33 G allocations: 31.382 TiB, 14.26% gc time)
[2023-01-10T09:23:47.863]Completed Shot 5, state 23
16050.586320 seconds (12.33 G allocations: 31.387 TiB, 14.26% gc time)
[2023-01-10T09:23:49.964]Completed Shot 5, state 14
16051.958493 seconds (12.33 G allocations: 31.391 TiB, 14.26% gc time)
[2023-01-10T09:23:51.334]Completed Shot 5, state 7
16053.499768 seconds (12.33 G allocations: 31.392 TiB, 14.26% gc time)
[2023-01-10T09:23:52.877]Completed Shot 5, state 24
16054.602012 seconds (12.33 G allocations: 31.394 TiB, 14.26% gc time)
[2023-01-10T09:23:53.981]Completed Shot 5, state 38
16054.887062 seconds (12.33 G allocations: 31.395 TiB, 14.26% gc time)
[2023-01-10T09:23:54.263]Completed Shot 5, state 3
16056.246745 seconds (12.34 G allocations: 31.399 TiB, 14.26% gc time)
[2023-01-10T09:23:55.624]Completed Shot 5, state 22
16056.368751 seconds (12.34 G allocations: 31.399 TiB, 14.26% gc time)
[2023-01-10T09:23:55.748]Completed Shot 5, state 46
16058.290041 seconds (12.34 G allocations: 31.403 TiB, 14.26% gc time)
[2023-01-10T09:23:57.668]Completed Shot 5, state 33
16059.707478 seconds (12.34 G allocations: 31.406 TiB, 14.26% gc time)
[2023-01-10T09:23:59.085]Completed Shot 5, state 30
16059.771314 seconds (12.34 G allocations: 31.406 TiB, 14.26% gc time)
[2023-01-10T09:23:59.150]Completed Shot 5, state 45
16061.092530 seconds (12.34 G allocations: 31.410 TiB, 14.26% gc time)
[2023-01-10T09:24:00.471]Completed Shot 5, state 50
16061.179458 seconds (12.34 G allocations: 31.410 TiB, 14.26% gc time)
[2023-01-10T09:24:00.557]Completed Shot 5, state 25
16061.337599 seconds (12.34 G allocations: 31.411 TiB, 14.26% gc time)
[2023-01-10T09:24:00.713]Completed Shot 5, state 6
16062.218111 seconds (12.34 G allocations: 31.412 TiB, 14.26% gc time)
[2023-01-10T09:24:01.596]Completed Shot 5, state 34
16063.356169 seconds (12.34 G allocations: 31.414 TiB, 14.26% gc time)
[2023-01-10T09:24:02.734]Completed Shot 5, state 32
16063.506686 seconds (12.34 G allocations: 31.415 TiB, 14.26% gc time)
[2023-01-10T09:24:02.884]Completed Shot 5, state 26
16063.511535 seconds (12.34 G allocations: 31.415 TiB, 14.26% gc time)
[2023-01-10T09:24:02.888]Completed Shot 5, state 18
16064.247204 seconds (12.34 G allocations: 31.417 TiB, 14.26% gc time)
[2023-01-10T09:24:03.623]Completed Shot 5, state 8
16064.385827 seconds (12.34 G allocations: 31.417 TiB, 14.26% gc time)
[2023-01-10T09:24:03.764]Completed Shot 5, state 39
16065.233851 seconds (12.34 G allocations: 31.418 TiB, 14.26% gc time)
[2023-01-10T09:24:04.611]Completed Shot 5, state 17
16065.682064 seconds (12.34 G allocations: 31.419 TiB, 14.26% gc time)
[2023-01-10T09:24:05.059]Completed Shot 5, state 15
16065.750026 seconds (12.34 G allocations: 31.419 TiB, 14.26% gc time)
[2023-01-10T09:24:05.126]Completed Shot 5, state 11
16066.649591 seconds (12.34 G allocations: 31.421 TiB, 14.26% gc time)
[2023-01-10T09:24:06.028]Completed Shot 5, state 41
16066.989471 seconds (12.35 G allocations: 31.422 TiB, 14.26% gc time)
[2023-01-10T09:24:06.367]Completed Shot 5, state 21
16067.099012 seconds (12.35 G allocations: 31.422 TiB, 14.26% gc time)
[2023-01-10T09:24:06.476]Completed Shot 5, state 16
16067.425018 seconds (12.35 G allocations: 31.423 TiB, 14.26% gc time)
[2023-01-10T09:24:06.803]Completed Shot 5, state 44
16067.525007 seconds (12.35 G allocations: 31.423 TiB, 14.26% gc time)
[2023-01-10T09:24:06.903]Completed Shot 5, state 36
16067.760210 seconds (12.35 G allocations: 31.423 TiB, 14.26% gc time)
[2023-01-10T09:24:07.137]Completed Shot 5, state 12
16067.804090 seconds (12.35 G allocations: 31.424 TiB, 14.26% gc time)
[2023-01-10T09:24:07.181]Completed Shot 5, state 20
16068.435508 seconds (12.35 G allocations: 31.424 TiB, 14.26% gc time)
[2023-01-10T09:24:07.814]Completed Shot 5, state 48
16068.625233 seconds (12.35 G allocations: 31.424 TiB, 14.26% gc time)
[2023-01-10T09:24:08.003]Completed Shot 5, state 43
16069.390623 seconds (12.35 G allocations: 31.425 TiB, 14.26% gc time)
[2023-01-10T09:24:08.767]Completed Shot 5, state 10
16069.402617 seconds (12.35 G allocations: 31.425 TiB, 14.26% gc time)
[2023-01-10T09:24:08.779]Completed Shot 5, state 13
16070.018766 seconds (12.35 G allocations: 31.426 TiB, 14.26% gc time)
[2023-01-10T09:24:09.397]Completed Shot 5, state 47
16070.082844 seconds (12.35 G allocations: 31.426 TiB, 14.26% gc time)
[2023-01-10T09:24:09.459]Completed Shot 5, state 5
16070.100240 seconds (12.35 G allocations: 31.426 TiB, 14.26% gc time)
[2023-01-10T09:24:09.478]Completed Shot 5, state 37
16070.521586 seconds (12.35 G allocations: 31.427 TiB, 14.26% gc time)
[2023-01-10T09:24:09.897]Completed Shot 5, state 2
16070.567274 seconds (12.35 G allocations: 31.427 TiB, 14.26% gc time)
[2023-01-10T09:24:09.945]Completed Shot 5, state 27
16070.772861 seconds (12.35 G allocations: 31.427 TiB, 14.26% gc time)
[2023-01-10T09:24:10.149]Completed Shot 5, state 9
  Activating project at `/gpfs/bwfor/work/ws/hd_ku269-light_cones/WorkingFolder`
16071.297729 seconds (12.35 G allocations: 31.427 TiB, 14.26% gc time)
[2023-01-10T09:24:10.674]Completed Shot 5, state 1
16072.453804 seconds (12.35 G allocations: 31.428 TiB, 14.26% gc time)
[2023-01-10T09:24:11.832]Completed Shot 5, state 42
16073.091900 seconds (12.35 G allocations: 31.429 TiB, 14.26% gc time)
[2023-01-10T09:24:12.469]Completed Shot 5, state 28
16073.817001 seconds (12.35 G allocations: 31.429 TiB, 14.26% gc time)
[2023-01-10T09:24:13.193]Completed Shot 5, state 4
16073.907558 seconds (12.35 G allocations: 31.429 TiB, 14.26% gc time)
[2023-01-10T09:24:13.285]Completed Shot 5, state 29
16074.689597 seconds (12.35 G allocations: 31.429 TiB, 14.26% gc time)
[2023-01-10T09:24:14.066]Completed Shot 5, state 19
16078.048371 seconds (12.35 G allocations: 31.430 TiB, 14.26% gc time)
[2023-01-10T09:24:17.426]Completed Shot 5, state 40
16081.602060 seconds (12.35 G allocations: 31.430 TiB, 14.25% gc time)
[2023-01-10T09:24:20.980]Completed Shot 5, state 35
17133.707539 seconds (12.31 G allocations: 31.327 TiB, 13.09% gc time)
[2023-01-10T14:09:54.693]Completed Shot 6, state 37
17133.752163 seconds (12.31 G allocations: 31.327 TiB, 13.09% gc time)
[2023-01-10T14:09:54.737]Completed Shot 6, state 29
17137.592252 seconds (12.31 G allocations: 31.333 TiB, 13.09% gc time)
[2023-01-10T14:09:58.574]Completed Shot 6, state 8
17141.071801 seconds (12.32 G allocations: 31.341 TiB, 13.09% gc time)
[2023-01-10T14:10:02.058]Completed Shot 6, state 45
17141.421054 seconds (12.32 G allocations: 31.342 TiB, 13.09% gc time)
[2023-01-10T14:10:02.405]Completed Shot 6, state 22
17147.216453 seconds (12.32 G allocations: 31.351 TiB, 13.09% gc time)
[2023-01-10T14:10:08.201]Completed Shot 6, state 31
17148.122776 seconds (12.32 G allocations: 31.354 TiB, 13.09% gc time)
[2023-01-10T14:10:09.105]Completed Shot 6, state 12
17149.050689 seconds (12.32 G allocations: 31.356 TiB, 13.09% gc time)
[2023-01-10T14:10:10.035]Completed Shot 6, state 36
17151.260937 seconds (12.32 G allocations: 31.360 TiB, 13.09% gc time)
[2023-01-10T14:10:12.246]Completed Shot 6, state 41
17152.804735 seconds (12.33 G allocations: 31.363 TiB, 13.09% gc time)
[2023-01-10T14:10:13.788]Completed Shot 6, state 21
17153.417143 seconds (12.33 G allocations: 31.365 TiB, 13.09% gc time)
[2023-01-10T14:10:14.401]Completed Shot 6, state 27
17153.916216 seconds (12.33 G allocations: 31.365 TiB, 13.09% gc time)
[2023-01-10T14:10:14.898]Completed Shot 6, state 3
17155.829041 seconds (12.33 G allocations: 31.370 TiB, 13.09% gc time)
[2023-01-10T14:10:16.813]Completed Shot 6, state 25
17156.482134 seconds (12.33 G allocations: 31.372 TiB, 13.09% gc time)
[2023-01-10T14:10:17.466]Completed Shot 6, state 26
17162.347714 seconds (12.33 G allocations: 31.384 TiB, 13.09% gc time)
[2023-01-10T14:10:23.333]Completed Shot 6, state 39
17164.868821 seconds (12.34 G allocations: 31.389 TiB, 13.09% gc time)
[2023-01-10T14:10:25.855]Completed Shot 6, state 49
17164.951375 seconds (12.34 G allocations: 31.389 TiB, 13.09% gc time)
[2023-01-10T14:10:25.933]Completed Shot 6, state 2
17165.047152 seconds (12.34 G allocations: 31.389 TiB, 13.09% gc time)
[2023-01-10T14:10:26.030]Completed Shot 6, state 11
17165.115829 seconds (12.34 G allocations: 31.389 TiB, 13.09% gc time)
[2023-01-10T14:10:26.098]Completed Shot 6, state 5
17165.147554 seconds (12.34 G allocations: 31.389 TiB, 13.09% gc time)
[2023-01-10T14:10:26.131]Completed Shot 6, state 16
17166.108972 seconds (12.34 G allocations: 31.391 TiB, 13.09% gc time)
[2023-01-10T14:10:27.093]Completed Shot 6, state 24
17166.523077 seconds (12.34 G allocations: 31.391 TiB, 13.09% gc time)
[2023-01-10T14:10:27.505]Completed Shot 6, state 4
17166.954953 seconds (12.34 G allocations: 31.392 TiB, 13.09% gc time)
[2023-01-10T14:10:27.938]Completed Shot 6, state 13
17167.484878 seconds (12.34 G allocations: 31.393 TiB, 13.09% gc time)
[2023-01-10T14:10:28.466]Completed Shot 6, state 1
17167.597478 seconds (12.34 G allocations: 31.394 TiB, 13.09% gc time)
[2023-01-10T14:10:28.584]Completed Shot 6, state 50
17167.992882 seconds (12.34 G allocations: 31.395 TiB, 13.09% gc time)
[2023-01-10T14:10:28.978]Completed Shot 6, state 42
17168.379878 seconds (12.34 G allocations: 31.395 TiB, 13.09% gc time)
[2023-01-10T14:10:29.364]Completed Shot 6, state 28
17168.659701 seconds (12.34 G allocations: 31.395 TiB, 13.09% gc time)
[2023-01-10T14:10:29.645]Completed Shot 6, state 38
17169.519457 seconds (12.34 G allocations: 31.397 TiB, 13.09% gc time)
[2023-01-10T14:10:30.504]Completed Shot 6, state 30
17169.805322 seconds (12.34 G allocations: 31.397 TiB, 13.09% gc time)
[2023-01-10T14:10:30.790]Completed Shot 6, state 33
17170.273205 seconds (12.34 G allocations: 31.398 TiB, 13.09% gc time)
[2023-01-10T14:10:31.259]Completed Shot 6, state 47
17172.329447 seconds (12.34 G allocations: 31.401 TiB, 13.09% gc time)
[2023-01-10T14:10:33.313]Completed Shot 6, state 20
17173.344334 seconds (12.34 G allocations: 31.403 TiB, 13.09% gc time)
[2023-01-10T14:10:34.326]Completed Shot 6, state 9
17177.681531 seconds (12.34 G allocations: 31.410 TiB, 13.09% gc time)
[2023-01-10T14:10:38.664]Completed Shot 6, state 15
17177.930804 seconds (12.34 G allocations: 31.410 TiB, 13.09% gc time)
[2023-01-10T14:10:38.913]Completed Shot 6, state 6
17178.831502 seconds (12.35 G allocations: 31.411 TiB, 13.09% gc time)
17178.833096 seconds (12.35 G allocations: 31.411 TiB, 13.09% gc time)
[2023-01-10T14:10:39.816]Completed Shot 6, state 35
[2023-01-10T14:10:39.816]Completed Shot 6, state 17
17179.339903 seconds (12.35 G allocations: 31.412 TiB, 13.09% gc time)
[2023-01-10T14:10:40.323]Completed Shot 6, state 14
17180.187333 seconds (12.35 G allocations: 31.413 TiB, 13.09% gc time)
[2023-01-10T14:10:41.173]Completed Shot 6, state 48
17180.717043 seconds (12.35 G allocations: 31.413 TiB, 13.09% gc time)
[2023-01-10T14:10:41.699]Completed Shot 6, state 7
17182.514849 seconds (12.35 G allocations: 31.415 TiB, 13.09% gc time)
[2023-01-10T14:10:43.500]Completed Shot 6, state 43
17184.099673 seconds (12.35 G allocations: 31.416 TiB, 13.09% gc time)
[2023-01-10T14:10:45.084]Completed Shot 6, state 34
17184.213516 seconds (12.35 G allocations: 31.416 TiB, 13.09% gc time)
[2023-01-10T14:10:45.197]Completed Shot 6, state 23
17184.305984 seconds (12.35 G allocations: 31.416 TiB, 13.09% gc time)
[2023-01-10T14:10:45.292]Completed Shot 6, state 44
17184.531019 seconds (12.35 G allocations: 31.416 TiB, 13.09% gc time)
[2023-01-10T14:10:45.513]Completed Shot 6, state 10
17184.826589 seconds (12.35 G allocations: 31.416 TiB, 13.08% gc time)
[2023-01-10T14:10:45.812]Completed Shot 6, state 40
17187.762007 seconds (12.35 G allocations: 31.417 TiB, 13.08% gc time)
[2023-01-10T14:10:48.746]Completed Shot 6, state 32
17188.926831 seconds (12.35 G allocations: 31.418 TiB, 13.08% gc time)
[2023-01-10T14:10:49.910]Completed Shot 6, state 19
17190.763900 seconds (12.35 G allocations: 31.418 TiB, 13.08% gc time)
[2023-01-10T14:10:51.747]Completed Shot 6, state 18
17191.030359 seconds (12.35 G allocations: 31.418 TiB, 13.08% gc time)
[2023-01-10T14:10:52.016]Completed Shot 6, state 46
17019.606657 seconds (12.30 G allocations: 31.284 TiB, 13.07% gc time)
[2023-01-10T18:54:31.626]Completed Shot 7, state 7
17023.026738 seconds (12.30 G allocations: 31.288 TiB, 13.07% gc time)
[2023-01-10T18:54:35.051]Completed Shot 7, state 49
17034.690165 seconds (12.31 G allocations: 31.311 TiB, 13.07% gc time)
[2023-01-10T18:54:46.713]Completed Shot 7, state 46
17044.981879 seconds (12.32 G allocations: 31.332 TiB, 13.07% gc time)
[2023-01-10T18:54:57.005]Completed Shot 7, state 50
17046.396666 seconds (12.32 G allocations: 31.335 TiB, 13.07% gc time)
[2023-01-10T18:54:58.419]Completed Shot 7, state 27
17050.975824 seconds (12.32 G allocations: 31.342 TiB, 13.07% gc time)
[2023-01-10T18:55:02.994]Completed Shot 7, state 3
17053.642424 seconds (12.33 G allocations: 31.349 TiB, 13.07% gc time)
[2023-01-10T18:55:05.665]Completed Shot 7, state 45
17054.510090 seconds (12.33 G allocations: 31.351 TiB, 13.07% gc time)
[2023-01-10T18:55:06.531]Completed Shot 7, state 12
17059.100848 seconds (12.33 G allocations: 31.359 TiB, 13.07% gc time)
[2023-01-10T18:55:11.123]Completed Shot 7, state 36
17059.513631 seconds (12.33 G allocations: 31.360 TiB, 13.07% gc time)
[2023-01-10T18:55:11.532]Completed Shot 7, state 4
17059.650596 seconds (12.33 G allocations: 31.360 TiB, 13.07% gc time)
[2023-01-10T18:55:11.673]Completed Shot 7, state 18
17062.682406 seconds (12.33 G allocations: 31.366 TiB, 13.08% gc time)
[2023-01-10T18:55:14.705]Completed Shot 7, state 31
17063.533154 seconds (12.33 G allocations: 31.368 TiB, 13.08% gc time)
[2023-01-10T18:55:15.552]Completed Shot 7, state 2
17065.277350 seconds (12.33 G allocations: 31.374 TiB, 13.07% gc time)
[2023-01-10T18:55:17.296]Completed Shot 7, state 6
17065.835297 seconds (12.34 G allocations: 31.375 TiB, 13.07% gc time)
[2023-01-10T18:55:17.858]Completed Shot 7, state 39
17066.137637 seconds (12.34 G allocations: 31.376 TiB, 13.07% gc time)
[2023-01-10T18:55:18.160]Completed Shot 7, state 28
17067.616039 seconds (12.34 G allocations: 31.378 TiB, 13.07% gc time)
[2023-01-10T18:55:19.638]Completed Shot 7, state 42
17068.384731 seconds (12.34 G allocations: 31.379 TiB, 13.07% gc time)
[2023-01-10T18:55:20.407]Completed Shot 7, state 32
17069.079915 seconds (12.34 G allocations: 31.381 TiB, 13.07% gc time)
[2023-01-10T18:55:21.100]Completed Shot 7, state 11
17069.124532 seconds (12.34 G allocations: 31.381 TiB, 13.07% gc time)
[2023-01-10T18:55:21.147]Completed Shot 7, state 33
17069.215969 seconds (12.34 G allocations: 31.381 TiB, 13.07% gc time)
[2023-01-10T18:55:21.234]Completed Shot 7, state 1
17069.399359 seconds (12.34 G allocations: 31.382 TiB, 13.07% gc time)
[2023-01-10T18:55:21.420]Completed Shot 7, state 13
17069.434236 seconds (12.34 G allocations: 31.382 TiB, 13.07% gc time)
[2023-01-10T18:55:21.454]Completed Shot 7, state 8
17069.590080 seconds (12.34 G allocations: 31.382 TiB, 13.07% gc time)
[2023-01-10T18:55:21.613]Completed Shot 7, state 48
17069.634813 seconds (12.34 G allocations: 31.382 TiB, 13.07% gc time)
[2023-01-10T18:55:21.655]Completed Shot 7, state 10
17069.707363 seconds (12.34 G allocations: 31.382 TiB, 13.07% gc time)
[2023-01-10T18:55:21.730]Completed Shot 7, state 30
17070.017848 seconds (12.34 G allocations: 31.383 TiB, 13.07% gc time)
[2023-01-10T18:55:22.040]Completed Shot 7, state 24
17070.229470 seconds (12.34 G allocations: 31.384 TiB, 13.07% gc time)
[2023-01-10T18:55:22.248]Completed Shot 7, state 5
17070.497739 seconds (12.34 G allocations: 31.384 TiB, 13.07% gc time)
[2023-01-10T18:55:22.520]Completed Shot 7, state 29
17070.940295 seconds (12.34 G allocations: 31.385 TiB, 13.07% gc time)
[2023-01-10T18:55:22.962]Completed Shot 7, state 17
17072.421536 seconds (12.34 G allocations: 31.387 TiB, 13.07% gc time)
[2023-01-10T18:55:24.443]Completed Shot 7, state 20
17073.802822 seconds (12.34 G allocations: 31.389 TiB, 13.07% gc time)
[2023-01-10T18:55:25.825]Completed Shot 7, state 21
17074.868571 seconds (12.34 G allocations: 31.391 TiB, 13.07% gc time)
[2023-01-10T18:55:26.891]Completed Shot 7, state 44
17075.857490 seconds (12.34 G allocations: 31.392 TiB, 13.07% gc time)
[2023-01-10T18:55:27.880]Completed Shot 7, state 22
17076.382527 seconds (12.34 G allocations: 31.393 TiB, 13.07% gc time)
[2023-01-10T18:55:28.402]Completed Shot 7, state 9
17076.547056 seconds (12.34 G allocations: 31.393 TiB, 13.07% gc time)
[2023-01-10T18:55:28.568]Completed Shot 7, state 16
17077.416275 seconds (12.34 G allocations: 31.394 TiB, 13.07% gc time)
[2023-01-10T18:55:29.439]Completed Shot 7, state 43
17078.403658 seconds (12.34 G allocations: 31.395 TiB, 13.07% gc time)
[2023-01-10T18:55:30.426]Completed Shot 7, state 34
17080.855311 seconds (12.34 G allocations: 31.398 TiB, 13.07% gc time)
[2023-01-10T18:55:32.878]Completed Shot 7, state 37
17082.673066 seconds (12.35 G allocations: 31.400 TiB, 13.07% gc time)
[2023-01-10T18:55:34.695]Completed Shot 7, state 23
17083.263281 seconds (12.35 G allocations: 31.400 TiB, 13.07% gc time)
[2023-01-10T18:55:35.286]Completed Shot 7, state 41
17083.965369 seconds (12.35 G allocations: 31.401 TiB, 13.07% gc time)
[2023-01-10T18:55:35.986]Completed Shot 7, state 14
17085.892093 seconds (12.35 G allocations: 31.402 TiB, 13.07% gc time)
[2023-01-10T18:55:37.914]Completed Shot 7, state 25
17087.151391 seconds (12.35 G allocations: 31.403 TiB, 13.07% gc time)
[2023-01-10T18:55:39.172]Completed Shot 7, state 15
17089.048885 seconds (12.35 G allocations: 31.404 TiB, 13.07% gc time)
[2023-01-10T18:55:41.071]Completed Shot 7, state 38
17089.975066 seconds (12.35 G allocations: 31.405 TiB, 13.07% gc time)
[2023-01-10T18:55:41.998]Completed Shot 7, state 47
17090.040707 seconds (12.35 G allocations: 31.405 TiB, 13.07% gc time)
[2023-01-10T18:55:42.063]Completed Shot 7, state 40
17091.120062 seconds (12.35 G allocations: 31.405 TiB, 13.07% gc time)
[2023-01-10T18:55:43.142]Completed Shot 7, state 19
17092.344776 seconds (12.35 G allocations: 31.405 TiB, 13.07% gc time)
[2023-01-10T18:55:44.367]Completed Shot 7, state 26
17094.901940 seconds (12.35 G allocations: 31.406 TiB, 13.06% gc time)
[2023-01-10T18:55:46.924]Completed Shot 7, state 35
16518.746189 seconds (12.31 G allocations: 31.327 TiB, 13.61% gc time)
[2023-01-10T23:31:05.676]Completed Shot 8, state 50
16534.536825 seconds (12.32 G allocations: 31.357 TiB, 13.61% gc time)
[2023-01-10T23:31:21.464]Completed Shot 8, state 10
16537.635694 seconds (12.33 G allocations: 31.365 TiB, 13.61% gc time)
[2023-01-10T23:31:24.563]Completed Shot 8, state 13
16542.916767 seconds (12.33 G allocations: 31.374 TiB, 13.61% gc time)
[2023-01-10T23:31:29.846]Completed Shot 8, state 48
16543.157274 seconds (12.33 G allocations: 31.375 TiB, 13.61% gc time)
[2023-01-10T23:31:30.085]Completed Shot 8, state 17
16545.415186 seconds (12.33 G allocations: 31.381 TiB, 13.61% gc time)
[2023-01-10T23:31:32.343]Completed Shot 8, state 27
16547.224147 seconds (12.33 G allocations: 31.383 TiB, 13.62% gc time)
[2023-01-10T23:31:34.153]Completed Shot 8, state 42
16548.813217 seconds (12.33 G allocations: 31.386 TiB, 13.62% gc time)
[2023-01-10T23:31:35.742]Completed Shot 8, state 39
16548.955524 seconds (12.33 G allocations: 31.387 TiB, 13.62% gc time)
[2023-01-10T23:31:35.884]Completed Shot 8, state 29
16549.009967 seconds (12.33 G allocations: 31.387 TiB, 13.62% gc time)
[2023-01-10T23:31:35.937]Completed Shot 8, state 11
16549.144323 seconds (12.33 G allocations: 31.387 TiB, 13.62% gc time)
[2023-01-10T23:31:36.073]Completed Shot 8, state 44
16550.930002 seconds (12.34 G allocations: 31.393 TiB, 13.61% gc time)
[2023-01-10T23:31:37.857]Completed Shot 8, state 8
16551.356001 seconds (12.34 G allocations: 31.394 TiB, 13.61% gc time)
[2023-01-10T23:31:38.282]Completed Shot 8, state 5
16551.405127 seconds (12.34 G allocations: 31.394 TiB, 13.61% gc time)
[2023-01-10T23:31:38.333]Completed Shot 8, state 23
16552.529031 seconds (12.34 G allocations: 31.395 TiB, 13.62% gc time)
[2023-01-10T23:31:39.458]Completed Shot 8, state 41
16553.105781 seconds (12.34 G allocations: 31.396 TiB, 13.62% gc time)
[2023-01-10T23:31:40.035]Completed Shot 8, state 46
16553.653628 seconds (12.34 G allocations: 31.398 TiB, 13.62% gc time)
[2023-01-10T23:31:40.580]Completed Shot 8, state 4
16554.624693 seconds (12.34 G allocations: 31.401 TiB, 13.62% gc time)
[2023-01-10T23:31:41.552]Completed Shot 8, state 18
16554.962299 seconds (12.34 G allocations: 31.402 TiB, 13.61% gc time)
[2023-01-10T23:31:41.889]Completed Shot 8, state 12
16555.263526 seconds (12.34 G allocations: 31.403 TiB, 13.61% gc time)
[2023-01-10T23:31:42.192]Completed Shot 8, state 28
16558.298940 seconds (12.34 G allocations: 31.408 TiB, 13.62% gc time)
[2023-01-10T23:31:45.225]Completed Shot 8, state 3
16558.507253 seconds (12.34 G allocations: 31.409 TiB, 13.62% gc time)
[2023-01-10T23:31:45.434]Completed Shot 8, state 14
16558.706850 seconds (12.34 G allocations: 31.409 TiB, 13.62% gc time)
[2023-01-10T23:31:45.634]Completed Shot 8, state 22
16558.817920 seconds (12.34 G allocations: 31.410 TiB, 13.62% gc time)
[2023-01-10T23:31:45.744]Completed Shot 8, state 1
16559.055801 seconds (12.34 G allocations: 31.410 TiB, 13.62% gc time)
[2023-01-10T23:31:45.983]Completed Shot 8, state 15
16559.374556 seconds (12.34 G allocations: 31.411 TiB, 13.62% gc time)
[2023-01-10T23:31:46.303]Completed Shot 8, state 47
16559.973348 seconds (12.34 G allocations: 31.412 TiB, 13.61% gc time)
[2023-01-10T23:31:46.901]Completed Shot 8, state 24
16561.068371 seconds (12.34 G allocations: 31.414 TiB, 13.62% gc time)
[2023-01-10T23:31:47.996]Completed Shot 8, state 25
16561.358740 seconds (12.35 G allocations: 31.414 TiB, 13.62% gc time)
[2023-01-10T23:31:48.286]Completed Shot 8, state 20
16561.539550 seconds (12.35 G allocations: 31.415 TiB, 13.62% gc time)
[2023-01-10T23:31:48.468]Completed Shot 8, state 43
16561.560760 seconds (12.35 G allocations: 31.415 TiB, 13.62% gc time)
[2023-01-10T23:31:48.489]Completed Shot 8, state 37
16561.841879 seconds (12.35 G allocations: 31.415 TiB, 13.62% gc time)
[2023-01-10T23:31:48.770]Completed Shot 8, state 35
16562.272123 seconds (12.35 G allocations: 31.416 TiB, 13.62% gc time)
[2023-01-10T23:31:49.198]Completed Shot 8, state 2
16562.334147 seconds (12.35 G allocations: 31.416 TiB, 13.62% gc time)
[2023-01-10T23:31:49.261]Completed Shot 8, state 7
16562.698804 seconds (12.35 G allocations: 31.417 TiB, 13.62% gc time)
[2023-01-10T23:31:49.627]Completed Shot 8, state 36
16562.733727 seconds (12.35 G allocations: 31.417 TiB, 13.62% gc time)
[2023-01-10T23:31:49.662]Completed Shot 8, state 31
16562.876761 seconds (12.35 G allocations: 31.417 TiB, 13.62% gc time)
[2023-01-10T23:31:49.805]Completed Shot 8, state 26
16563.187295 seconds (12.35 G allocations: 31.417 TiB, 13.62% gc time)
[2023-01-10T23:31:50.116]Completed Shot 8, state 40
16563.404301 seconds (12.35 G allocations: 31.418 TiB, 13.62% gc time)
[2023-01-10T23:31:50.332]Completed Shot 8, state 19
16563.861580 seconds (12.35 G allocations: 31.418 TiB, 13.61% gc time)
[2023-01-10T23:31:50.790]Completed Shot 8, state 49
16563.957926 seconds (12.35 G allocations: 31.418 TiB, 13.61% gc time)
[2023-01-10T23:31:50.886]Completed Shot 8, state 32
16565.689963 seconds (12.35 G allocations: 31.420 TiB, 13.62% gc time)
[2023-01-10T23:31:52.619]Completed Shot 8, state 45
16565.844836 seconds (12.35 G allocations: 31.420 TiB, 13.62% gc time)
[2023-01-10T23:31:52.773]Completed Shot 8, state 38
16566.848012 seconds (12.35 G allocations: 31.420 TiB, 13.61% gc time)
[2023-01-10T23:31:53.775]Completed Shot 8, state 21
16566.901669 seconds (12.35 G allocations: 31.420 TiB, 13.61% gc time)
[2023-01-10T23:31:53.830]Completed Shot 8, state 30
16567.837407 seconds (12.35 G allocations: 31.421 TiB, 13.61% gc time)
[2023-01-10T23:31:54.766]Completed Shot 8, state 34
16568.453667 seconds (12.35 G allocations: 31.421 TiB, 13.61% gc time)
[2023-01-10T23:31:55.380]Completed Shot 8, state 6
16569.184965 seconds (12.35 G allocations: 31.421 TiB, 13.61% gc time)
[2023-01-10T23:31:56.112]Completed Shot 8, state 9
16571.081427 seconds (12.35 G allocations: 31.422 TiB, 13.61% gc time)
[2023-01-10T23:31:58.009]Completed Shot 8, state 16
16582.906566 seconds (12.35 G allocations: 31.423 TiB, 13.60% gc time)
[2023-01-10T23:32:09.835]Completed Shot 8, state 33
16543.300893 seconds (12.32 G allocations: 31.330 TiB, 13.69% gc time)
[2023-01-11T04:07:53.144]Completed Shot 9, state 38
16558.283424 seconds (12.33 G allocations: 31.359 TiB, 13.69% gc time)
[2023-01-11T04:08:08.125]Completed Shot 9, state 26
16559.997654 seconds (12.33 G allocations: 31.361 TiB, 13.69% gc time)
[2023-01-11T04:08:09.835]Completed Shot 9, state 8
16560.207606 seconds (12.33 G allocations: 31.361 TiB, 13.69% gc time)
[2023-01-11T04:08:10.051]Completed Shot 9, state 46
16561.217752 seconds (12.33 G allocations: 31.363 TiB, 13.69% gc time)
[2023-01-11T04:08:11.060]Completed Shot 9, state 32
16561.810260 seconds (12.33 G allocations: 31.365 TiB, 13.69% gc time)
[2023-01-11T04:08:11.653]Completed Shot 9, state 37
16562.231433 seconds (12.33 G allocations: 31.366 TiB, 13.69% gc time)
[2023-01-11T04:08:12.069]Completed Shot 9, state 9
16562.418910 seconds (12.33 G allocations: 31.366 TiB, 13.69% gc time)
[2023-01-11T04:08:12.256]Completed Shot 9, state 4
16565.807870 seconds (12.33 G allocations: 31.373 TiB, 13.69% gc time)
[2023-01-11T04:08:15.650]Completed Shot 9, state 34
16566.004724 seconds (12.33 G allocations: 31.374 TiB, 13.69% gc time)
[2023-01-11T04:08:15.846]Completed Shot 9, state 25
16567.414957 seconds (12.33 G allocations: 31.377 TiB, 13.69% gc time)
[2023-01-11T04:08:17.251]Completed Shot 9, state 2
16568.444893 seconds (12.34 G allocations: 31.380 TiB, 13.69% gc time)
[2023-01-11T04:08:18.288]Completed Shot 9, state 45
16568.704828 seconds (12.34 G allocations: 31.381 TiB, 13.69% gc time)
[2023-01-11T04:08:18.546]Completed Shot 9, state 28
16569.124114 seconds (12.34 G allocations: 31.382 TiB, 13.69% gc time)
[2023-01-11T04:08:18.967]Completed Shot 9, state 39
16571.609081 seconds (12.34 G allocations: 31.385 TiB, 13.70% gc time)
[2023-01-11T04:08:21.450]Completed Shot 9, state 24
16573.681525 seconds (12.34 G allocations: 31.391 TiB, 13.69% gc time)
[2023-01-11T04:08:23.525]Completed Shot 9, state 44
16573.784033 seconds (12.34 G allocations: 31.391 TiB, 13.69% gc time)
[2023-01-11T04:08:23.624]Completed Shot 9, state 20
16575.392140 seconds (12.34 G allocations: 31.394 TiB, 13.70% gc time)
[2023-01-11T04:08:25.236]Completed Shot 9, state 49
16575.432751 seconds (12.34 G allocations: 31.394 TiB, 13.70% gc time)
[2023-01-11T04:08:25.269]Completed Shot 9, state 3
16575.479817 seconds (12.34 G allocations: 31.394 TiB, 13.70% gc time)
[2023-01-11T04:08:25.319]Completed Shot 9, state 14
16575.854451 seconds (12.34 G allocations: 31.395 TiB, 13.70% gc time)
[2023-01-11T04:08:25.691]Completed Shot 9, state 6
16576.292984 seconds (12.34 G allocations: 31.396 TiB, 13.70% gc time)
[2023-01-11T04:08:26.135]Completed Shot 9, state 33
16576.721332 seconds (12.34 G allocations: 31.397 TiB, 13.70% gc time)
[2023-01-11T04:08:26.563]Completed Shot 9, state 31
16576.783797 seconds (12.34 G allocations: 31.397 TiB, 13.70% gc time)
[2023-01-11T04:08:26.624]Completed Shot 9, state 21
16576.961184 seconds (12.34 G allocations: 31.398 TiB, 13.69% gc time)
[2023-01-11T04:08:26.800]Completed Shot 9, state 12
16577.031909 seconds (12.34 G allocations: 31.398 TiB, 13.69% gc time)
[2023-01-11T04:08:26.872]Completed Shot 9, state 19
16578.430428 seconds (12.34 G allocations: 31.401 TiB, 13.69% gc time)
[2023-01-11T04:08:28.271]Completed Shot 9, state 22
16578.448954 seconds (12.34 G allocations: 31.401 TiB, 13.69% gc time)
[2023-01-11T04:08:28.292]Completed Shot 9, state 41
16579.074454 seconds (12.34 G allocations: 31.402 TiB, 13.70% gc time)
[2023-01-11T04:08:28.918]Completed Shot 9, state 50
16579.752823 seconds (12.34 G allocations: 31.403 TiB, 13.70% gc time)
[2023-01-11T04:08:29.591]Completed Shot 9, state 10
16579.920863 seconds (12.34 G allocations: 31.403 TiB, 13.70% gc time)
[2023-01-11T04:08:29.760]Completed Shot 9, state 13
16580.432390 seconds (12.34 G allocations: 31.404 TiB, 13.70% gc time)
[2023-01-11T04:08:30.275]Completed Shot 9, state 35
16580.443806 seconds (12.34 G allocations: 31.404 TiB, 13.70% gc time)
[2023-01-11T04:08:30.283]Completed Shot 9, state 16
16580.639319 seconds (12.34 G allocations: 31.405 TiB, 13.69% gc time)
[2023-01-11T04:08:30.483]Completed Shot 9, state 48
16580.702684 seconds (12.34 G allocations: 31.405 TiB, 13.69% gc time)
[2023-01-11T04:08:30.541]Completed Shot 9, state 11
16580.837678 seconds (12.34 G allocations: 31.405 TiB, 13.69% gc time)
[2023-01-11T04:08:30.677]Completed Shot 9, state 18
16581.301545 seconds (12.35 G allocations: 31.406 TiB, 13.69% gc time)
[2023-01-11T04:08:31.141]Completed Shot 9, state 15
16582.499477 seconds (12.35 G allocations: 31.407 TiB, 13.69% gc time)
[2023-01-11T04:08:32.343]Completed Shot 9, state 42
16582.629016 seconds (12.35 G allocations: 31.407 TiB, 13.69% gc time)
[2023-01-11T04:08:32.472]Completed Shot 9, state 47
16583.306398 seconds (12.35 G allocations: 31.408 TiB, 13.69% gc time)
[2023-01-11T04:08:33.148]Completed Shot 9, state 29
16584.547688 seconds (12.35 G allocations: 31.409 TiB, 13.69% gc time)
[2023-01-11T04:08:34.390]Completed Shot 9, state 36
16585.455912 seconds (12.35 G allocations: 31.410 TiB, 13.69% gc time)
[2023-01-11T04:08:35.299]Completed Shot 9, state 40
16586.537981 seconds (12.35 G allocations: 31.411 TiB, 13.69% gc time)
[2023-01-11T04:08:36.375]Completed Shot 9, state 7
16586.826048 seconds (12.35 G allocations: 31.411 TiB, 13.69% gc time)
[2023-01-11T04:08:36.667]Completed Shot 9, state 23
16587.130665 seconds (12.35 G allocations: 31.411 TiB, 13.69% gc time)
[2023-01-11T04:08:36.972]Completed Shot 9, state 30
16587.942425 seconds (12.35 G allocations: 31.412 TiB, 13.69% gc time)
[2023-01-11T04:08:37.786]Completed Shot 9, state 43
16588.919140 seconds (12.35 G allocations: 31.412 TiB, 13.69% gc time)
[2023-01-11T04:08:38.756]Completed Shot 9, state 5
16589.597579 seconds (12.35 G allocations: 31.412 TiB, 13.69% gc time)
[2023-01-11T04:08:39.439]Completed Shot 9, state 27
16590.338968 seconds (12.35 G allocations: 31.412 TiB, 13.69% gc time)
[2023-01-11T04:08:40.179]Completed Shot 9, state 17
16597.543960 seconds (12.35 G allocations: 31.413 TiB, 13.68% gc time)
[2023-01-11T04:08:47.380]Completed Shot 9, state 1
16439.481798 seconds (12.32 G allocations: 31.350 TiB, 13.86% gc time)
[2023-01-11T08:42:46.866]Completed Shot 10, state 29
16446.899628 seconds (12.33 G allocations: 31.364 TiB, 13.86% gc time)
[2023-01-11T08:42:54.282]Completed Shot 10, state 6
16451.696638 seconds (12.33 G allocations: 31.374 TiB, 13.86% gc time)
[2023-01-11T08:42:59.080]Completed Shot 10, state 19
16453.667210 seconds (12.33 G allocations: 31.378 TiB, 13.86% gc time)
[2023-01-11T08:43:01.049]Completed Shot 10, state 3
16454.787087 seconds (12.33 G allocations: 31.381 TiB, 13.86% gc time)
[2023-01-11T08:43:02.170]Completed Shot 10, state 14
16455.328786 seconds (12.33 G allocations: 31.382 TiB, 13.86% gc time)
[2023-01-11T08:43:02.712]Completed Shot 10, state 17
16456.519335 seconds (12.33 G allocations: 31.385 TiB, 13.86% gc time)
[2023-01-11T08:43:03.904]Completed Shot 10, state 46
16457.920544 seconds (12.33 G allocations: 31.386 TiB, 13.86% gc time)
[2023-01-11T08:43:05.305]Completed Shot 10, state 39
16458.228584 seconds (12.33 G allocations: 31.387 TiB, 13.86% gc time)
[2023-01-11T08:43:05.612]Completed Shot 10, state 21
16458.916366 seconds (12.33 G allocations: 31.388 TiB, 13.86% gc time)
[2023-01-11T08:43:06.298]Completed Shot 10, state 4
16459.594649 seconds (12.34 G allocations: 31.390 TiB, 13.86% gc time)
[2023-01-11T08:43:06.977]Completed Shot 10, state 8
16460.105127 seconds (12.34 G allocations: 31.392 TiB, 13.86% gc time)
[2023-01-11T08:43:07.490]Completed Shot 10, state 43
16460.645428 seconds (12.34 G allocations: 31.393 TiB, 13.86% gc time)
[2023-01-11T08:43:08.029]Completed Shot 10, state 27
16461.136166 seconds (12.34 G allocations: 31.395 TiB, 13.86% gc time)
[2023-01-11T08:43:08.519]Completed Shot 10, state 12
16462.217897 seconds (12.34 G allocations: 31.396 TiB, 13.86% gc time)
[2023-01-11T08:43:09.602]Completed Shot 10, state 31
16463.585476 seconds (12.34 G allocations: 31.399 TiB, 13.86% gc time)
[2023-01-11T08:43:10.969]Completed Shot 10, state 28
16464.048302 seconds (12.34 G allocations: 31.401 TiB, 13.86% gc time)
[2023-01-11T08:43:11.430]Completed Shot 10, state 2
16464.413364 seconds (12.34 G allocations: 31.402 TiB, 13.86% gc time)
[2023-01-11T08:43:11.796]Completed Shot 10, state 13
16464.580650 seconds (12.34 G allocations: 31.402 TiB, 13.86% gc time)
[2023-01-11T08:43:11.966]Completed Shot 10, state 38
16465.416940 seconds (12.34 G allocations: 31.403 TiB, 13.86% gc time)
[2023-01-11T08:43:12.802]Completed Shot 10, state 42
16465.446624 seconds (12.34 G allocations: 31.403 TiB, 13.86% gc time)
[2023-01-11T08:43:12.832]Completed Shot 10, state 40
16466.925184 seconds (12.34 G allocations: 31.407 TiB, 13.86% gc time)
[2023-01-11T08:43:14.310]Completed Shot 10, state 44
16467.289507 seconds (12.34 G allocations: 31.408 TiB, 13.86% gc time)
[2023-01-11T08:43:14.674]Completed Shot 10, state 35
16467.711704 seconds (12.34 G allocations: 31.409 TiB, 13.86% gc time)
[2023-01-11T08:43:15.097]Completed Shot 10, state 49
16468.948729 seconds (12.34 G allocations: 31.410 TiB, 13.87% gc time)
[2023-01-11T08:43:16.333]Completed Shot 10, state 30
16468.949730 seconds (12.34 G allocations: 31.410 TiB, 13.87% gc time)
[2023-01-11T08:43:16.333]Completed Shot 10, state 25
16469.155037 seconds (12.34 G allocations: 31.410 TiB, 13.87% gc time)
[2023-01-11T08:43:16.539]Completed Shot 10, state 22
16469.863997 seconds (12.34 G allocations: 31.412 TiB, 13.86% gc time)
[2023-01-11T08:43:17.247]Completed Shot 10, state 11
16469.925884 seconds (12.34 G allocations: 31.412 TiB, 13.86% gc time)
[2023-01-11T08:43:17.307]Completed Shot 10, state 1
16470.207361 seconds (12.34 G allocations: 31.412 TiB, 13.86% gc time)
[2023-01-11T08:43:17.590]Completed Shot 10, state 10
16470.498343 seconds (12.34 G allocations: 31.413 TiB, 13.86% gc time)
[2023-01-11T08:43:17.883]Completed Shot 10, state 34
16470.567410 seconds (12.34 G allocations: 31.413 TiB, 13.86% gc time)
[2023-01-11T08:43:17.952]Completed Shot 10, state 41
16470.852041 seconds (12.34 G allocations: 31.414 TiB, 13.86% gc time)
[2023-01-11T08:43:18.236]Completed Shot 10, state 33
16471.399481 seconds (12.35 G allocations: 31.415 TiB, 13.86% gc time)
[2023-01-11T08:43:18.785]Completed Shot 10, state 50
16472.031461 seconds (12.35 G allocations: 31.415 TiB, 13.87% gc time)
[2023-01-11T08:43:19.414]Completed Shot 10, state 7
16472.192829 seconds (12.35 G allocations: 31.415 TiB, 13.87% gc time)
[2023-01-11T08:43:19.576]Completed Shot 10, state 18
16472.320005 seconds (12.35 G allocations: 31.416 TiB, 13.86% gc time)
[2023-01-11T08:43:19.703]Completed Shot 10, state 20
16472.977337 seconds (12.35 G allocations: 31.416 TiB, 13.86% gc time)
[2023-01-11T08:43:20.362]Completed Shot 10, state 47
16473.250613 seconds (12.35 G allocations: 31.417 TiB, 13.86% gc time)
[2023-01-11T08:43:20.635]Completed Shot 10, state 32
16473.961410 seconds (12.35 G allocations: 31.418 TiB, 13.86% gc time)
[2023-01-11T08:43:21.344]Completed Shot 10, state 15
16474.776804 seconds (12.35 G allocations: 31.418 TiB, 13.86% gc time)
[2023-01-11T08:43:22.161]Completed Shot 10, state 26
16475.382767 seconds (12.35 G allocations: 31.419 TiB, 13.86% gc time)
[2023-01-11T08:43:22.767]Completed Shot 10, state 36
16475.423038 seconds (12.35 G allocations: 31.419 TiB, 13.86% gc time)
[2023-01-11T08:43:22.807]Completed Shot 10, state 24
16476.542111 seconds (12.35 G allocations: 31.420 TiB, 13.86% gc time)
[2023-01-11T08:43:23.927]Completed Shot 10, state 48
16478.112165 seconds (12.35 G allocations: 31.421 TiB, 13.86% gc time)
[2023-01-11T08:43:25.497]Completed Shot 10, state 37
16478.399763 seconds (12.35 G allocations: 31.421 TiB, 13.86% gc time)
[2023-01-11T08:43:25.783]Completed Shot 10, state 16
16479.929422 seconds (12.35 G allocations: 31.421 TiB, 13.86% gc time)
[2023-01-11T08:43:27.314]Completed Shot 10, state 45
16481.062871 seconds (12.35 G allocations: 31.422 TiB, 13.86% gc time)
[2023-01-11T08:43:28.445]Completed Shot 10, state 5
16482.018668 seconds (12.35 G allocations: 31.422 TiB, 13.86% gc time)
[2023-01-11T08:43:29.401]Completed Shot 10, state 9
16482.941252 seconds (12.35 G allocations: 31.422 TiB, 13.86% gc time)
[2023-01-11T08:43:30.325]Completed Shot 10, state 23
[2023-01-11T08:43:30.326]**********Simulation completed!**********
[2023-01-11T08:43:30.326]**********Saving**********
[2023-01-11T08:43:34.304]Saving file: /gpfs/bwfor/work/ws/hd_ku269-logs/LightCones/2023-01-09/468872_N11_BS.jld2
[2023-01-11T08:43:36.663]**********Run completed!**********
============================= JOB FEEDBACK =============================
Job ID: 468872
Cluster: helix
User/Group: hd_ku269/hd_hd
State: COMPLETED (exit code 0)
Nodes: 1
Cores per node: 64
CPU Utilized: 112-16:42:04
CPU Efficiency: 89.02% of 126-14:13:20 core-walltime
Job Wall-clock time: 1-23:28:20
Memory Utilized: 43.07 GB
Memory Efficiency: 18.25% of 236.00 GB
