  Activating project at `/gpfs/bwfor/work/ws/hd_ku269-light_cones/WorkingFolder`
Added MKL.jl
Project LightCones v0.1.0
Status `/gpfs/bwfor/work/ws/hd_ku269-light_cones/WorkingFolder/Project.toml`
  [7d9fca2a] Arpack v0.5.4
  [7073ff75] IJulia v1.24.0
  [033835bb] JLD2 v0.4.29
  [0b1a1467] KrylovKit v0.6.0
  [d3d80556] LineSearches v7.2.0
  [33e6dc65] MKL v0.6.0
  [429524aa] Optim v1.7.4
  [91a5bcdd] Plots v1.38.2
  [c3e4b0f8] Pluto v0.19.19
  [3c0b384b] QuantumInformation v0.4.9
  [189a3867] Reexport v1.2.2
  [295af30f] Revise v3.5.0
  [ebcc8a00] SpinSymmetry v0.3.3
  [59d54670] ThreadedSparseArrays v0.2.2
  [ade2ca70] Dates
  [8ba89e20] Distributed
  [37e2e46d] LinearAlgebra
  [de0858da] Printf
  [9a3f8284] Random
  [1a1011a3] SharedArrays
  [2f01184e] SparseArrays
  [10745b16] Statistics
[2023-01-15T14:28:14.706]**********RANDOM FIELDS**********
shared_krylov.jl
Working Directory:          /gpfs/bwfor/work/ws/hd_ku269-light_cones/WorkingFolder
SLURM Directory:            /gpfs/bwfor/work/ws/hd_ku269-light_cones/WorkingFolder 
Running on host:            m07n06
Job id:                     512322
Job name:                   otoc_simulation_N7_FS
Number of nodes allocated:  
Number of cores allocated:  1
#threads of Julia:          64
#threads of BLAS:           1
ARGS = ["7", "1", "50", "BS", "x", "0", "100", "Rhim71_FR"]
LOCATION = "/gpfs/bwfor/work/ws/hd_ku269-logs/LightCones/2023-01-15"
N = 7
SHOTS = 1
MULT_RANDOM_STATES = true
N_RANDOM_STATES = 50
TYPE_OF_RS = "BS"
OBSERVABLE = "x"
DISORDER_PARAM = 0.0
[2023-01-15T14:28:14.869]**********Running simulation**********
[2023-01-15T14:28:14.920]trange = 0.1:0.1:20.0
[2023-01-15T14:28:15.202]A = σx
[2023-01-15T14:28:15.603]alpha=6
[2023-01-15T14:28:15.603]PBC
SlowPulse([1.0, 0.0, 0.0], π, 1570.7963267948965)SlowPulse([-1.0, 0.0, 0.0], π, 1570.7963267948965)SlowPulse([1.0, 0.0, 0.0], π, 1570.7963267948965)SlowPulse([-1.0, 0.0, 0.0], π, 1570.7963267948965)6[2023-01-15T14:28:17.839]Operations set up.
Using multiple states.
945.013294 seconds (2.37 G allocations: 1.331 TiB, 56.80% gc time, 0.30% compilation time)
[2023-01-15T14:44:15.771]Completed Shot 1, state 20
949.265846 seconds (2.37 G allocations: 1.331 TiB, 56.55% gc time, 0.75% compilation time)
[2023-01-15T14:44:15.772]Completed Shot 1, state 42
943.673525 seconds (2.36 G allocations: 1.331 TiB, 56.84% gc time, 0.15% compilation time)
[2023-01-15T14:44:15.908]Completed Shot 1, state 43
943.327605 seconds (2.36 G allocations: 1.331 TiB, 56.87% gc time, 0.10% compilation time)
[2023-01-15T14:44:16.030]Completed Shot 1, state 3
945.512644 seconds (2.37 G allocations: 1.332 TiB, 56.77% gc time, 0.33% compilation time)
[2023-01-15T14:44:16.031]Completed Shot 1, state 10
943.832762 seconds (2.36 G allocations: 1.332 TiB, 56.83% gc time, 0.15% compilation time)
[2023-01-15T14:44:16.066]Completed Shot 1, state 17
945.312084 seconds (2.37 G allocations: 1.332 TiB, 56.78% gc time, 0.30% compilation time)
[2023-01-15T14:44:16.069]Completed Shot 1, state 26
944.016014 seconds (2.37 G allocations: 1.332 TiB, 56.82% gc time, 0.15% compilation time)
[2023-01-15T14:44:16.251]Completed Shot 1, state 18
944.079999 seconds (2.37 G allocations: 1.332 TiB, 56.82% gc time, 0.15% compilation time)
[2023-01-15T14:44:16.313]Completed Shot 1, state 5
944.097279 seconds (2.37 G allocations: 1.332 TiB, 56.82% gc time, 0.15% compilation time)
[2023-01-15T14:44:16.332]Completed Shot 1, state 38
944.126956 seconds (2.37 G allocations: 1.332 TiB, 56.82% gc time, 0.15% compilation time)
[2023-01-15T14:44:16.362]Completed Shot 1, state 35
944.182282 seconds (2.37 G allocations: 1.332 TiB, 56.81% gc time, 0.15% compilation time)
[2023-01-15T14:44:16.417]Completed Shot 1, state 32
944.189443 seconds (2.37 G allocations: 1.332 TiB, 56.81% gc time, 0.15% compilation time)
[2023-01-15T14:44:16.422]Completed Shot 1, state 50
949.924144 seconds (2.37 G allocations: 1.333 TiB, 56.51% gc time, 0.75% compilation time)
[2023-01-15T14:44:16.431]Completed Shot 1, state 41
944.204322 seconds (2.37 G allocations: 1.332 TiB, 56.81% gc time, 0.15% compilation time)
[2023-01-15T14:44:16.439]Completed Shot 1, state 46
944.251235 seconds (2.37 G allocations: 1.333 TiB, 56.81% gc time, 0.15% compilation time)
[2023-01-15T14:44:16.485]Completed Shot 1, state 49
944.315804 seconds (2.37 G allocations: 1.333 TiB, 56.81% gc time, 0.15% compilation time)
[2023-01-15T14:44:16.550]Completed Shot 1, state 25
945.817107 seconds (2.37 G allocations: 1.333 TiB, 56.75% gc time, 0.31% compilation time)
[2023-01-15T14:44:16.564]Completed Shot 1, state 21
944.508194 seconds (2.37 G allocations: 1.333 TiB, 56.79% gc time, 0.15% compilation time)
[2023-01-15T14:44:16.743]Completed Shot 1, state 48
946.005058 seconds (2.37 G allocations: 1.334 TiB, 56.74% gc time, 0.29% compilation time)
[2023-01-15T14:44:16.894]Completed Shot 1, state 22
947.235062 seconds (2.37 G allocations: 1.334 TiB, 56.89% gc time, 0.15% compilation time)
[2023-01-15T14:44:19.469]Completed Shot 1, state 13
948.727987 seconds (2.37 G allocations: 1.334 TiB, 56.84% gc time, 0.30% compilation time)
[2023-01-15T14:44:19.475]Completed Shot 1, state 19
947.258419 seconds (2.37 G allocations: 1.334 TiB, 56.89% gc time, 0.15% compilation time)
[2023-01-15T14:44:19.493]Completed Shot 1, state 29
948.770506 seconds (2.37 G allocations: 1.334 TiB, 56.84% gc time, 0.30% compilation time)
[2023-01-15T14:44:19.518]Completed Shot 1, state 2
948.841115 seconds (2.37 G allocations: 1.334 TiB, 56.83% gc time, 0.30% compilation time)
[2023-01-15T14:44:19.589]Completed Shot 1, state 15
947.378341 seconds (2.37 G allocations: 1.334 TiB, 56.89% gc time, 0.15% compilation time)
[2023-01-15T14:44:19.613]Completed Shot 1, state 45
947.393614 seconds (2.37 G allocations: 1.334 TiB, 56.88% gc time, 0.15% compilation time)
[2023-01-15T14:44:19.628]Completed Shot 1, state 30
947.401736 seconds (2.37 G allocations: 1.334 TiB, 56.88% gc time, 0.15% compilation time)
[2023-01-15T14:44:19.637]Completed Shot 1, state 16
947.409077 seconds (2.37 G allocations: 1.334 TiB, 56.88% gc time, 0.15% compilation time)
[2023-01-15T14:44:19.644]Completed Shot 1, state 23
947.438805 seconds (2.37 G allocations: 1.334 TiB, 56.88% gc time, 0.15% compilation time)
[2023-01-15T14:44:19.673]Completed Shot 1, state 33
947.527981 seconds (2.37 G allocations: 1.334 TiB, 56.88% gc time, 0.15% compilation time)
[2023-01-15T14:44:19.762]Completed Shot 1, state 47
947.653655 seconds (2.37 G allocations: 1.334 TiB, 56.87% gc time, 0.15% compilation time)
[2023-01-15T14:44:19.886]Completed Shot 1, state 12
947.706677 seconds (2.37 G allocations: 1.335 TiB, 56.87% gc time, 0.15% compilation time)
[2023-01-15T14:44:19.942]Completed Shot 1, state 31
949.525125 seconds (2.37 G allocations: 1.335 TiB, 56.79% gc time, 0.33% compilation time)
[2023-01-15T14:44:20.044]Completed Shot 1, state 11
947.858156 seconds (2.37 G allocations: 1.335 TiB, 56.86% gc time, 0.15% compilation time)
[2023-01-15T14:44:20.093]Completed Shot 1, state 37
949.367640 seconds (2.37 G allocations: 1.335 TiB, 56.80% gc time, 0.31% compilation time)
[2023-01-15T14:44:20.114]Completed Shot 1, state 9
947.985982 seconds (2.37 G allocations: 1.335 TiB, 56.85% gc time, 0.15% compilation time)
[2023-01-15T14:44:20.220]Completed Shot 1, state 14
947.992142 seconds (2.37 G allocations: 1.335 TiB, 56.85% gc time, 0.15% compilation time)
[2023-01-15T14:44:20.226]Completed Shot 1, state 24
948.025463 seconds (2.37 G allocations: 1.335 TiB, 56.85% gc time, 0.15% compilation time)
[2023-01-15T14:44:20.259]Completed Shot 1, state 7
948.038583 seconds (2.37 G allocations: 1.335 TiB, 56.85% gc time, 0.15% compilation time)
[2023-01-15T14:44:20.273]Completed Shot 1, state 36
949.844906 seconds (2.38 G allocations: 1.335 TiB, 56.77% gc time, 0.33% compilation time)
[2023-01-15T14:44:20.363]Completed Shot 1, state 27
948.158687 seconds (2.37 G allocations: 1.335 TiB, 56.84% gc time, 0.15% compilation time)
[2023-01-15T14:44:20.393]Completed Shot 1, state 8
948.254412 seconds (2.37 G allocations: 1.335 TiB, 56.83% gc time, 0.15% compilation time)
[2023-01-15T14:44:20.489]Completed Shot 1, state 6
949.804830 seconds (2.38 G allocations: 1.336 TiB, 56.78% gc time, 0.31% compilation time)
[2023-01-15T14:44:20.506]Completed Shot 1, state 40
948.274836 seconds (2.37 G allocations: 1.335 TiB, 56.83% gc time, 0.15% compilation time)
[2023-01-15T14:44:20.508]Completed Shot 1, state 39
948.332200 seconds (2.37 G allocations: 1.335 TiB, 56.83% gc time, 0.15% compilation time)
[2023-01-15T14:44:20.567]Completed Shot 1, state 44
954.106705 seconds (2.38 G allocations: 1.336 TiB, 56.52% gc time, 0.75% compilation time)
[2023-01-15T14:44:20.612]Completed Shot 1, state 1
954.107580 seconds (2.38 G allocations: 1.336 TiB, 56.52% gc time, 0.75% compilation time)
[2023-01-15T14:44:20.613]Completed Shot 1, state 4
949.427384 seconds (2.37 G allocations: 1.335 TiB, 56.83% gc time, 0.15% compilation time)
[2023-01-15T14:44:21.660]Completed Shot 1, state 28
949.537504 seconds (2.37 G allocations: 1.335 TiB, 56.82% gc time, 0.15% compilation time)
[2023-01-15T14:44:21.772]Completed Shot 1, state 34
[2023-01-15T14:44:21.773]**********Simulation completed!**********
[2023-01-15T14:44:21.773]**********Saving**********
[2023-01-15T14:44:25.975]Saving file: /gpfs/bwfor/work/ws/hd_ku269-logs/LightCones/2023-01-15/512322_N7_BS.jld2
[2023-01-15T14:44:27.517]**********Run completed!**********
============================= JOB FEEDBACK =============================
Job ID: 512322
Cluster: helix
User/Group: hd_ku269/hd_hd
State: COMPLETED (exit code 0)
Nodes: 1
Cores per node: 64
CPU Utilized: 16:14:40
CPU Efficiency: 92.96% of 17:28:32 core-walltime
Job Wall-clock time: 00:16:23
Memory Utilized: 9.14 GB
Memory Efficiency: 3.87% of 236.00 GB
