  Activating project at `/lustre/work/ws/ws1/hd_ku269-light_cones/WorkingFolder`
Added MKL.jl
Project LightCones v0.1.0
Status `/lustre/work/ws/ws1/hd_ku269-light_cones/WorkingFolder/Project.toml`
⌃ [7d9fca2a] Arpack v0.5.3
  [7073ff75] IJulia v1.23.3
⌃ [033835bb] JLD2 v0.4.25
⌃ [0b1a1467] KrylovKit v0.5.4
  [d3d80556] LineSearches v7.2.0
  [33e6dc65] MKL v0.6.0
  [429524aa] Optim v1.7.3
⌃ [91a5bcdd] Plots v1.35.4
⌃ [c3e4b0f8] Pluto v0.19.14
  [3c0b384b] QuantumInformation v0.4.9
  [189a3867] Reexport v1.2.2
  [295af30f] Revise v3.4.0
  [ebcc8a00] SpinSymmetry v0.3.3
  [59d54670] ThreadedSparseArrays v0.2.2
  [ade2ca70] Dates
  [8ba89e20] Distributed
  [37e2e46d] LinearAlgebra
  [de0858da] Printf
  [9a3f8284] Random
  [1a1011a3] SharedArrays
  [2f01184e] SparseArrays
  [10745b16] Statistics
Info Packages marked with ⌃ have new versions available
[2022-11-20T21:42:52.237]**********RANDOM FIELDS**********
shared_krylov.jl
Working Directory:          /lustre/work/ws/ws1/hd_ku269-light_cones/WorkingFolder
SLURM Directory:            /lustre/work/ws/ws1/hd_ku269-light_cones/WorkingFolder 
Running on host:            n0631
Job id:                     7759575
Job name:                   otoc_simulation_N17_Krylov
Number of nodes allocated:  
Number of cores allocated:  1
#threads of Julia:          96
#threads of BLAS:           1
ARGS = ["17", "25", "0", "RS", "x", "3"]
LOCATION = "/lustre/work/ws/ws1/hd_ku269-logs/LightCones/2022-11-20"
N = 17
SHOTS = 25
MULT_RANDOM_STATES = false
N_RANDOM_STATES = 0
TYPE_OF_RS = "RS"
OBSERVABLE = "x"
DISORDER_PARAM = 3.0
[2022-11-20T21:42:52.454]**********Running simulation**********
[2022-11-20T21:42:52.570]trange = [0.001, 0.0010974987654930556, 0.0012045035402587824, 0.0013219411484660286, 0.0014508287784959386, 0.0015922827933410922, 0.001747528400007683, 0.0019179102616724867, 0.00210490414451202, 0.0023101297000831605, 0.0025353644939701114, 0.0027825594022071257, 0.0030538555088334154, 0.003351602650938841, 0.0036783797718286343, 0.004037017258596553, 0.004430621457583882, 0.004862601580065354, 0.005336699231206312, 0.005857020818056668, 0.006428073117284319, 0.007054802310718645, 0.007742636826811269, 0.008497534359086439, 0.0093260334688322, 0.010235310218990268, 0.011233240329780276, 0.012328467394420665, 0.013530477745798075, 0.01484968262254465, 0.016297508346206444, 0.01788649529057435, 0.019630406500402715, 0.021544346900318832, 0.023644894126454073, 0.025950242113997372, 0.02848035868435802, 0.031257158496882355, 0.03430469286314919, 0.037649358067924674, 0.04132012400115335, 0.04534878508128582, 0.04977023564332114, 0.05462277217684343, 0.05994842503189409, 0.06579332246575682, 0.07220809018385464, 0.0792482898353917, 0.08697490026177834, 0.09545484566618347, 0.10476157527896648, 0.11497569953977356, 0.1261856883066021, 0.13848863713938728, 0.1519911082952933, 0.1668100537200059, 0.18307382802953673, 0.20092330025650484, 0.22051307399030456, 0.24201282647943803, 0.2656087782946687, 0.2915053062825176, 0.31992671377973847, 0.35111917342151316, 0.385352859371053, 0.4229242874389499, 0.46415888336127786, 0.5094138014816381, 0.5590810182512223, 0.6135907273413176, 0.6734150657750821, 0.7390722033525775, 0.8111308307896873, 0.8902150854450384, 0.9770099572992257, 1.072267222010323, 1.1768119524349978, 1.291549665014884, 1.4174741629268048, 1.5556761439304723, 1.7073526474706904, 1.873817422860385, 2.0565123083486516, 2.2570197196339192, 2.4770763559917115, 2.71858824273294, 2.9836472402833403, 3.2745491628777286, 3.593813663804626, 3.944206059437656, 4.328761281083057, 4.750810162102798, 5.214008287999684, 5.72236765935022, 6.280291441834253, 6.892612104349695, 7.56463327554629, 8.302175681319744, 9.111627561154895, 10.0]
[2022-11-20T21:42:52.887]A = σx
[2022-11-20T21:42:59.193]alpha=6
[2022-11-20T21:42:59.193]PBC
[2022-11-20T21:42:59.587]Sampled 1 random initial state
[[2022-11-20T21:43:00.746]Created Hamiltonian for Shot 1
2022-11-20T21:43:00.746]Created Hamiltonian for Shot 21
[[[[[[[[[2022-11-20T21:43:01.1802022-11-20T21:43:01.180]Created Hamiltonian for Shot 32022-11-20T21:43:01.180]Created Hamiltonian for Shot 4
2022-11-20T21:43:01.180]Created Hamiltonian for Shot 24
2022-11-20T21:43:01.180]Created Hamiltonian for Shot 19
2022-11-20T21:43:01.180]Created Hamiltonian for Shot 11
2022-11-20T21:43:01.180]Created Hamiltonian for Shot 2
]Created Hamiltonian for Shot 22
[[2022-11-20T21:43:01.1802022-11-20T21:43:01.180]Created Hamiltonian for Shot 18
[2022-11-20T21:43:01.180
[]Created Hamiltonian for Shot 92022-11-20T21:43:01.180]Created Hamiltonian for Shot 20
2022-11-20T21:43:01.180]Created Hamiltonian for Shot 14
2022-11-20T21:43:01.180]Created Hamiltonian for Shot 6
][
Created Hamiltonian for Shot 17
[2022-11-20T21:43:01.180]Created Hamiltonian for Shot 25
2022-11-20T21:43:01.180]Created Hamiltonian for Shot 10
[2022-11-20T21:43:01.305]Created Hamiltonian for Shot 15
[2022-11-20T21:43:01.307]Created Hamiltonian for Shot 13
[2022-11-20T21:43:01.313]Created Hamiltonian for Shot 7
[2022-11-20T21:43:01.315]Created Hamiltonian for Shot 23
[2022-11-20T21:43:01.320]Created Hamiltonian for Shot 12
[2022-11-20T21:43:01.321]Created Hamiltonian for Shot 5
[2022-11-20T21:43:01.321]Created Hamiltonian for Shot 8
[2022-11-20T21:43:01.322]Created Hamiltonian for Shot 16
46514.344523 seconds (526.13 M allocations: 46.813 TiB, 3.37% gc time, 0.05% compilation time)
[2022-11-21T10:38:15.643]Completed Shot 22
46886.672236 seconds (530.21 M allocations: 47.190 TiB, 3.37% gc time, 0.05% compilation time)
[2022-11-21T10:44:27.419]Completed Shot 1
46937.609394 seconds (530.75 M allocations: 47.240 TiB, 3.36% gc time, 0.05% compilation time)
[2022-11-21T10:45:18.790]Completed Shot 2
46941.499625 seconds (530.56 M allocations: 47.243 TiB, 3.36% gc time, 0.05% compilation time)
[2022-11-21T10:45:22.813]Completed Shot 7
46943.490489 seconds (530.81 M allocations: 47.246 TiB, 3.36% gc time, 0.05% compilation time)
[2022-11-21T10:45:24.671]Completed Shot 11
46963.097201 seconds (530.80 M allocations: 47.265 TiB, 3.36% gc time, 0.05% compilation time)
[2022-11-21T10:45:44.419]Completed Shot 16
46970.438192 seconds (531.12 M allocations: 47.273 TiB, 3.36% gc time, 0.05% compilation time)
[2022-11-21T10:45:51.619]Completed Shot 19
46976.632772 seconds (531.18 M allocations: 47.280 TiB, 3.37% gc time, 0.05% compilation time)
[2022-11-21T10:45:57.814]Completed Shot 10
46978.187161 seconds (530.98 M allocations: 47.280 TiB, 3.37% gc time, 0.05% compilation time)
[2022-11-21T10:45:59.495]Completed Shot 13
46998.335869 seconds (531.19 M allocations: 47.300 TiB, 3.37% gc time, 0.05% compilation time)
[2022-11-21T10:46:19.658]Completed Shot 8
47002.813452 seconds (531.48 M allocations: 47.306 TiB, 3.37% gc time, 0.05% compilation time)
[2022-11-21T10:46:23.994]Completed Shot 3
47003.094044 seconds (531.48 M allocations: 47.306 TiB, 3.37% gc time, 0.05% compilation time)
[2022-11-21T10:46:24.274]Completed Shot 24
47003.497319 seconds (531.48 M allocations: 47.306 TiB, 3.37% gc time, 0.05% compilation time)
[2022-11-21T10:46:24.678]Completed Shot 14
47004.084915 seconds (531.49 M allocations: 47.307 TiB, 3.37% gc time, 0.05% compilation time)
[2022-11-21T10:46:25.266]Completed Shot 25
47004.832393 seconds (531.50 M allocations: 47.308 TiB, 3.37% gc time, 0.05% compilation time)
[2022-11-21T10:46:26.013]Completed Shot 9
47008.100331 seconds (531.57 M allocations: 47.313 TiB, 3.37% gc time, 0.05% compilation time)
[2022-11-21T10:46:28.847]Completed Shot 21
47007.858872 seconds (531.32 M allocations: 47.310 TiB, 3.37% gc time, 0.05% compilation time)
[2022-11-21T10:46:29.174]Completed Shot 23
47012.759404 seconds (531.60 M allocations: 47.317 TiB, 3.37% gc time, 0.05% compilation time)
[2022-11-21T10:46:33.940]Completed Shot 17
47013.269021 seconds (531.61 M allocations: 47.317 TiB, 3.37% gc time, 0.05% compilation time)
[2022-11-21T10:46:34.450]Completed Shot 18
47019.229169 seconds (531.44 M allocations: 47.322 TiB, 3.37% gc time, 0.05% compilation time)
[2022-11-21T10:46:40.550]Completed Shot 12
47023.214182 seconds (531.72 M allocations: 47.327 TiB, 3.37% gc time, 0.05% compilation time)
[2022-11-21T10:46:44.395]Completed Shot 6
47027.796846 seconds (531.54 M allocations: 47.331 TiB, 3.37% gc time, 0.05% compilation time)
[2022-11-21T10:46:49.102]Completed Shot 15
47033.210367 seconds (531.59 M allocations: 47.336 TiB, 3.37% gc time, 0.05% compilation time)
[2022-11-21T10:46:54.532]Completed Shot 5
47033.703923 seconds (531.83 M allocations: 47.337 TiB, 3.37% gc time, 0.05% compilation time)
[2022-11-21T10:46:54.885]Completed Shot 20
47543.373277 seconds (536.01 M allocations: 47.721 TiB, 3.46% gc time, 0.05% compilation time)
[2022-11-21T10:55:24.554]Completed Shot 4
[2022-11-21T10:55:24.556]**********Simulation completed!**********
[2022-11-21T10:55:24.557]**********Saving**********
[2022-11-21T10:55:29.475]Saving file: /lustre/work/ws/ws1/hd_ku269-logs/LightCones/2022-11-20/7759575_N17_RS.jld2
[2022-11-21T10:55:32.466]**********Run completed!**********
