  Activating project at `/lustre/work/ws/ws1/hd_ku269-light_cones/WorkingFolder`
Added MKL.jl
Project LightCones v0.1.0
Status `/lustre/work/ws/ws1/hd_ku269-light_cones/WorkingFolder/Project.toml`
  [7d9fca2a] Arpack v0.5.4
  [7073ff75] IJulia v1.23.3
  [033835bb] JLD2 v0.4.29
  [0b1a1467] KrylovKit v0.6.0
  [d3d80556] LineSearches v7.2.0
  [33e6dc65] MKL v0.6.0
  [429524aa] Optim v1.7.4
  [91a5bcdd] Plots v1.36.6
  [c3e4b0f8] Pluto v0.19.16
  [3c0b384b] QuantumInformation v0.4.9
  [189a3867] Reexport v1.2.2
  [295af30f] Revise v3.4.0
  [ebcc8a00] SpinSymmetry v0.3.3
  [59d54670] ThreadedSparseArrays v0.2.2
  [ade2ca70] Dates
  [8ba89e20] Distributed
  [37e2e46d] LinearAlgebra
  [de0858da] Printf
  [9a3f8284] Random
  [1a1011a3] SharedArrays
  [2f01184e] SparseArrays
  [10745b16] Statistics
[2022-11-30T16:06:27.805]**********RANDOM FIELDS**********
shared_krylov.jl
Working Directory:          /lustre/work/ws/ws1/hd_ku269-light_cones/WorkingFolder
SLURM Directory:            /lustre/work/ws/ws1/hd_ku269-light_cones/WorkingFolder 
Running on host:            n1606
Job id:                     7851832
Job name:                   otoc_simulation_N17_Krylov
Number of nodes allocated:  
Number of cores allocated:  1
#threads of Julia:          96
#threads of BLAS:           1
ARGS = ["17", "25", "0", "RS", "x", "12"]
LOCATION = "/lustre/work/ws/ws1/hd_ku269-logs/LightCones/2022-11-30"
N = 17
SHOTS = 25
MULT_RANDOM_STATES = false
N_RANDOM_STATES = 0
TYPE_OF_RS = "RS"
OBSERVABLE = "x"
DISORDER_PARAM = 12.0
[2022-11-30T16:06:28.017]**********Running simulation**********
[2022-11-30T16:06:28.088]trange = [0.001, 0.0010974987654930556, 0.0012045035402587824, 0.0013219411484660286, 0.0014508287784959386, 0.0015922827933410922, 0.001747528400007683, 0.0019179102616724867, 0.00210490414451202, 0.0023101297000831605, 0.0025353644939701114, 0.0027825594022071257, 0.0030538555088334154, 0.003351602650938841, 0.0036783797718286343, 0.004037017258596553, 0.004430621457583882, 0.004862601580065354, 0.005336699231206312, 0.005857020818056668, 0.006428073117284319, 0.007054802310718645, 0.007742636826811269, 0.008497534359086439, 0.0093260334688322, 0.010235310218990268, 0.011233240329780276, 0.012328467394420665, 0.013530477745798075, 0.01484968262254465, 0.016297508346206444, 0.01788649529057435, 0.019630406500402715, 0.021544346900318832, 0.023644894126454073, 0.025950242113997372, 0.02848035868435802, 0.031257158496882355, 0.03430469286314919, 0.037649358067924674, 0.04132012400115335, 0.04534878508128582, 0.04977023564332114, 0.05462277217684343, 0.05994842503189409, 0.06579332246575682, 0.07220809018385464, 0.0792482898353917, 0.08697490026177834, 0.09545484566618347, 0.10476157527896648, 0.11497569953977356, 0.1261856883066021, 0.13848863713938728, 0.1519911082952933, 0.1668100537200059, 0.18307382802953673, 0.20092330025650484, 0.22051307399030456, 0.24201282647943803, 0.2656087782946687, 0.2915053062825176, 0.31992671377973847, 0.35111917342151316, 0.385352859371053, 0.4229242874389499, 0.46415888336127786, 0.5094138014816381, 0.5590810182512223, 0.6135907273413176, 0.6734150657750821, 0.7390722033525775, 0.8111308307896873, 0.8902150854450384, 0.9770099572992257, 1.072267222010323, 1.1768119524349978, 1.291549665014884, 1.4174741629268048, 1.5556761439304723, 1.7073526474706904, 1.873817422860385, 2.0565123083486516, 2.2570197196339192, 2.4770763559917115, 2.71858824273294, 2.9836472402833403, 3.2745491628777286, 3.593813663804626, 3.944206059437656, 4.328761281083057, 4.750810162102798, 5.214008287999684, 5.72236765935022, 6.280291441834253, 6.892612104349695, 7.56463327554629, 8.302175681319744, 9.111627561154895, 10.0]
[2022-11-30T16:06:28.602]A = σx
[2022-11-30T16:06:34.702]alpha=6
[2022-11-30T16:06:34.702]PBC
[2022-11-30T16:06:35.075]Sampled 1 random initial state
[2022-11-30T16:06:36.574]Created Hamiltonian for Shot 15
[[2022-11-30T16:06:36.574]Created Hamiltonian for Shot 12
2022-11-30T16:06:36.574]Created Hamiltonian for Shot 23
[2022-11-30T16:06:36.574]Created Hamiltonian for Shot 2
[2022-11-30T16:06:36.574]Created Hamiltonian for Shot 1
[2022-11-30T16:06:36.574]Created Hamiltonian for Shot 22
[2022-11-30T16:06:36.574]Created Hamiltonian for Shot 4
[2022-11-30T16:06:36.580]Created Hamiltonian for Shot 3
[2022-11-30T16:06:36.657]Created Hamiltonian for Shot 5
[2022-11-30T16:06:36.672]Created Hamiltonian for Shot 13
[2022-11-30T16:06:36.677]Created Hamiltonian for Shot 14
[2022-11-30T16:06:36.679]Created Hamiltonian for Shot 19
[2022-11-30T16:06:36.681]Created Hamiltonian for Shot 20
[2022-11-30T16:06:36.699]Created Hamiltonian for Shot 17
[2022-11-30T16:06:36.703]Created Hamiltonian for Shot 7
[2022-11-30T16:06:36.708]Created Hamiltonian for Shot 9
[2022-11-30T16:06:36.712]Created Hamiltonian for Shot 24
[2022-11-30T16:06:36.778]Created Hamiltonian for Shot 16
[2022-11-30T16:06:36.783]Created Hamiltonian for Shot 25
[2022-11-30T16:06:36.786]Created Hamiltonian for Shot 8
[2022-11-30T16:06:36.787]Created Hamiltonian for Shot 6
[2022-11-30T16:06:36.789]Created Hamiltonian for Shot 10
[2022-11-30T16:06:36.791]Created Hamiltonian for Shot 11
[2022-11-30T16:06:47.145]Created Hamiltonian for Shot 21
[2022-11-30T16:06:47.227]Created Hamiltonian for Shot 18
71645.641544 seconds (797.95 M allocations: 70.728 TiB, 3.51% gc time, 0.04% compilation time)
[2022-12-01T12:00:42.505]Completed Shot 7
73107.941841 seconds (812.84 M allocations: 72.071 TiB, 3.51% gc time, 0.04% compilation time)
[2022-12-01T12:25:04.517]Completed Shot 23
73303.915582 seconds (787.48 M allocations: 72.255 TiB, 3.51% gc time, 0.02% compilation time)
[2022-12-01T12:28:31.146]Completed Shot 18
73789.171314 seconds (819.67 M allocations: 72.689 TiB, 3.51% gc time, 0.04% compilation time)
[2022-12-01T12:36:25.746]Completed Shot 1
83311.832990 seconds (923.68 M allocations: 82.127 TiB, 3.49% gc time, 0.03% compilation time)
[2022-12-01T15:15:08.747]Completed Shot 8
83429.171854 seconds (925.19 M allocations: 82.247 TiB, 3.49% gc time, 0.03% compilation time)
[2022-12-01T15:17:05.852]Completed Shot 19
83575.350079 seconds (926.81 M allocations: 82.395 TiB, 3.49% gc time, 0.03% compilation time)
[2022-12-01T15:19:32.058]Completed Shot 9
83608.037519 seconds (927.00 M allocations: 82.427 TiB, 3.49% gc time, 0.03% compilation time)
[2022-12-01T15:20:04.820]Completed Shot 25
83786.344684 seconds (929.20 M allocations: 82.610 TiB, 3.49% gc time, 0.03% compilation time)
[2022-12-01T15:23:03.026]Completed Shot 20
84067.218421 seconds (932.44 M allocations: 82.899 TiB, 3.49% gc time, 0.03% compilation time)
[2022-12-01T15:27:43.798]Completed Shot 3
84309.940984 seconds (935.20 M allocations: 83.148 TiB, 3.49% gc time, 0.03% compilation time)
[2022-12-01T15:31:46.516]Completed Shot 22
88889.156363 seconds (958.92 M allocations: 87.768 TiB, 3.48% gc time, 0.02% compilation time)
[2022-12-01T16:48:16.356]Completed Shot 21
89368.018473 seconds (991.51 M allocations: 88.247 TiB, 3.48% gc time, 0.03% compilation time)
[2022-12-01T16:56:04.691]Completed Shot 13
89787.979891 seconds (996.29 M allocations: 88.676 TiB, 3.49% gc time, 0.03% compilation time)
[2022-12-01T17:03:04.554]Completed Shot 12
90009.680686 seconds (998.68 M allocations: 88.897 TiB, 3.49% gc time, 0.03% compilation time)
[2022-12-01T17:06:46.358]Completed Shot 14
90119.445627 seconds (999.69 M allocations: 89.005 TiB, 3.49% gc time, 0.03% compilation time)
[2022-12-01T17:08:36.233]Completed Shot 6
90128.944598 seconds (999.97 M allocations: 89.014 TiB, 3.49% gc time, 0.03% compilation time)
[2022-12-01T17:08:45.656]Completed Shot 24
90171.677312 seconds (1.00 G allocations: 89.057 TiB, 3.49% gc time, 0.03% compilation time)
[2022-12-01T17:09:28.335]Completed Shot 5
90239.096027 seconds (1.00 G allocations: 89.125 TiB, 3.50% gc time, 0.03% compilation time)
[2022-12-01T17:10:35.670]Completed Shot 15
90244.738839 seconds (1.00 G allocations: 89.129 TiB, 3.50% gc time, 0.03% compilation time)
[2022-12-01T17:10:41.438]Completed Shot 17
90279.378641 seconds (1.00 G allocations: 89.163 TiB, 3.50% gc time, 0.03% compilation time)
[2022-12-01T17:11:16.168]Completed Shot 10
90523.958689 seconds (1.00 G allocations: 89.413 TiB, 3.51% gc time, 0.03% compilation time)
[2022-12-01T17:15:20.533]Completed Shot 4
91458.949611 seconds (1.01 G allocations: 90.337 TiB, 3.56% gc time, 0.03% compilation time)
[2022-12-01T17:30:55.524]Completed Shot 2
91462.042894 seconds (1.01 G allocations: 90.336 TiB, 3.56% gc time, 0.03% compilation time)
[2022-12-01T17:30:58.834]Completed Shot 11
91517.597070 seconds (1.01 G allocations: 90.348 TiB, 3.56% gc time, 0.03% compilation time)
[2022-12-01T17:31:54.375]Completed Shot 16
[2022-12-01T17:31:54.383]**********Simulation completed!**********
[2022-12-01T17:31:54.383]**********Saving**********
[2022-12-01T17:32:00.099]Save directory: /lustre/work/ws/ws1/hd_ku269-logs/LightCones/2022-11-30 does not exist. Creating!
[2022-12-01T17:32:00.102]Saving file: /lustre/work/ws/ws1/hd_ku269-logs/LightCones/2022-11-30/7851832_N17_RS.jld2
[2022-12-01T17:32:03.164]**********Run completed!**********
