  Activating project at `/lustre/work/ws/ws1/hd_ku269-light_cones/WorkingFolder`
Added MKL.jl
Project LightCones v0.1.0
Status `/lustre/work/ws/ws1/hd_ku269-light_cones/WorkingFolder/Project.toml`
⌃ [7d9fca2a] Arpack v0.5.3
  [7073ff75] IJulia v1.23.3
⌃ [033835bb] JLD2 v0.4.25
⌃ [0b1a1467] KrylovKit v0.5.4
  [d3d80556] LineSearches v7.2.0
  [33e6dc65] MKL v0.6.0
  [429524aa] Optim v1.7.3
⌃ [91a5bcdd] Plots v1.35.4
⌃ [c3e4b0f8] Pluto v0.19.14
  [3c0b384b] QuantumInformation v0.4.9
  [189a3867] Reexport v1.2.2
  [295af30f] Revise v3.4.0
  [ebcc8a00] SpinSymmetry v0.3.3
  [59d54670] ThreadedSparseArrays v0.2.2
  [ade2ca70] Dates
  [8ba89e20] Distributed
  [37e2e46d] LinearAlgebra
  [de0858da] Printf
  [9a3f8284] Random
  [1a1011a3] SharedArrays
  [2f01184e] SparseArrays
  [10745b16] Statistics
Info Packages marked with ⌃ have new versions available
[2022-11-19T15:08:47.826]**********RANDOM FIELDS**********
shared_krylov.jl
Working Directory:          /lustre/work/ws/ws1/hd_ku269-light_cones/WorkingFolder
SLURM Directory:            /lustre/work/ws/ws1/hd_ku269-light_cones/WorkingFolder 
Running on host:            n1740
Job id:                     7742500
Job name:                   otoc_simulation_N17_Krylov
Number of nodes allocated:  
Number of cores allocated:  1
#threads of Julia:          96
#threads of BLAS:           1
ARGS = ["17", "25", "0", "RS", "x", "12"]
LOCATION = "/lustre/work/ws/ws1/hd_ku269-logs/LightCones/2022-11-19"
N = 17
SHOTS = 25
MULT_RANDOM_STATES = false
N_RANDOM_STATES = 0
TYPE_OF_RS = "RS"
OBSERVABLE = "x"
DISORDER_PARAM = 12.0
[2022-11-19T15:08:48.038]**********Running simulation**********
[2022-11-19T15:08:48.145]trange = [0.001, 0.0010974987654930556, 0.0012045035402587824, 0.0013219411484660286, 0.0014508287784959386, 0.0015922827933410922, 0.001747528400007683, 0.0019179102616724867, 0.00210490414451202, 0.0023101297000831605, 0.0025353644939701114, 0.0027825594022071257, 0.0030538555088334154, 0.003351602650938841, 0.0036783797718286343, 0.004037017258596553, 0.004430621457583882, 0.004862601580065354, 0.005336699231206312, 0.005857020818056668, 0.006428073117284319, 0.007054802310718645, 0.007742636826811269, 0.008497534359086439, 0.0093260334688322, 0.010235310218990268, 0.011233240329780276, 0.012328467394420665, 0.013530477745798075, 0.01484968262254465, 0.016297508346206444, 0.01788649529057435, 0.019630406500402715, 0.021544346900318832, 0.023644894126454073, 0.025950242113997372, 0.02848035868435802, 0.031257158496882355, 0.03430469286314919, 0.037649358067924674, 0.04132012400115335, 0.04534878508128582, 0.04977023564332114, 0.05462277217684343, 0.05994842503189409, 0.06579332246575682, 0.07220809018385464, 0.0792482898353917, 0.08697490026177834, 0.09545484566618347, 0.10476157527896648, 0.11497569953977356, 0.1261856883066021, 0.13848863713938728, 0.1519911082952933, 0.1668100537200059, 0.18307382802953673, 0.20092330025650484, 0.22051307399030456, 0.24201282647943803, 0.2656087782946687, 0.2915053062825176, 0.31992671377973847, 0.35111917342151316, 0.385352859371053, 0.4229242874389499, 0.46415888336127786, 0.5094138014816381, 0.5590810182512223, 0.6135907273413176, 0.6734150657750821, 0.7390722033525775, 0.8111308307896873, 0.8902150854450384, 0.9770099572992257, 1.072267222010323, 1.1768119524349978, 1.291549665014884, 1.4174741629268048, 1.5556761439304723, 1.7073526474706904, 1.873817422860385, 2.0565123083486516, 2.2570197196339192, 2.4770763559917115, 2.71858824273294, 2.9836472402833403, 3.2745491628777286, 3.593813663804626, 3.944206059437656, 4.328761281083057, 4.750810162102798, 5.214008287999684, 5.72236765935022, 6.280291441834253, 6.892612104349695, 7.56463327554629, 8.302175681319744, 9.111627561154895, 10.0]
[2022-11-19T15:08:48.450]A = σx
[2022-11-19T15:08:54.728]alpha=6
[2022-11-19T15:08:54.728]PBC
[2022-11-19T15:08:55.097]Sampled 1 random initial state
[2022-11-19T15:08:56.534]Created Hamiltonian for Shot 7
[2022-11-19T15:08:56.591]Created Hamiltonian for Shot 1
[2022-11-19T15:08:56.599]Created Hamiltonian for Shot 22
[2022-11-19T15:08:56.599]Created Hamiltonian for Shot 19
[2022-11-19T15:08:56.604]Created Hamiltonian for Shot 9
[2022-11-19T15:08:56.605]Created Hamiltonian for Shot 13
[2022-11-19T15:08:56.916]Created Hamiltonian for Shot 14
[2022-11-19T15:08:57.005]Created Hamiltonian for Shot 4
[2022-11-19T15:08:57.018]Created Hamiltonian for Shot 20
[2022-11-19T15:08:57.039]Created Hamiltonian for Shot 2
[2022-11-19T15:08:57.042]Created Hamiltonian for Shot 3
[2022-11-19T15:08:57.049]Created Hamiltonian for Shot 12
[[2022-11-19T15:08:57.049]Created Hamiltonian for Shot 17
2022-11-19T15:08:57.049]Created Hamiltonian for Shot 18
[2022-11-19T15:08:57.053]Created Hamiltonian for Shot 10
[2022-11-19T15:08:57.054]Created Hamiltonian for Shot 21
[2022-11-19T15:08:57.058]Created Hamiltonian for Shot 23
[2022-11-19T15:08:57.073]Created Hamiltonian for Shot 25
[2022-11-19T15:08:57.078]Created Hamiltonian for Shot 6
[2022-11-19T15:08:57.116]Created Hamiltonian for Shot 16
[2022-11-19T15:08:57.119]Created Hamiltonian for Shot 5
[2022-11-19T15:08:57.124]Created Hamiltonian for Shot 11
[2022-11-19T15:08:57.128]Created Hamiltonian for Shot 24
[2022-11-19T15:08:57.139]Created Hamiltonian for Shot 15
[2022-11-19T15:08:57.151]Created Hamiltonian for Shot 8
80415.198993 seconds (814.54 M allocations: 72.210 TiB, 3.07% gc time, 0.03% compilation time)
[2022-11-20T13:29:12.365]Completed Shot 3
81423.260923 seconds (822.95 M allocations: 72.991 TiB, 3.07% gc time, 0.03% compilation time)
[2022-11-20T13:46:00.402]Completed Shot 11
93231.961640 seconds (933.01 M allocations: 82.915 TiB, 3.06% gc time, 0.02% compilation time)
[2022-11-20T17:02:48.622]Completed Shot 19
93682.177566 seconds (936.83 M allocations: 83.286 TiB, 3.06% gc time, 0.02% compilation time)
[2022-11-20T17:10:19.251]Completed Shot 25
94091.022130 seconds (940.46 M allocations: 83.624 TiB, 3.06% gc time, 0.02% compilation time)
[2022-11-20T17:17:08.138]Completed Shot 16
94422.556248 seconds (943.61 M allocations: 83.894 TiB, 3.06% gc time, 0.02% compilation time)
[2022-11-20T17:22:39.609]Completed Shot 10
94484.486766 seconds (943.89 M allocations: 83.945 TiB, 3.06% gc time, 0.02% compilation time)
[2022-11-20T17:23:41.626]Completed Shot 15
94518.699319 seconds (944.47 M allocations: 83.972 TiB, 3.06% gc time, 0.02% compilation time)
[2022-11-20T17:24:15.749]Completed Shot 17
95295.717641 seconds (951.02 M allocations: 84.565 TiB, 3.05% gc time, 0.02% compilation time)
[2022-11-20T17:37:12.767]Completed Shot 18
95653.776694 seconds (954.35 M allocations: 84.847 TiB, 3.05% gc time, 0.02% compilation time)
[2022-11-20T17:43:10.376]Completed Shot 22
102294.374674 seconds (1.02 G allocations: 90.361 TiB, 3.04% gc time, 0.02% compilation time)
[2022-11-20T19:33:51.507]Completed Shot 12
102804.675264 seconds (1.02 G allocations: 90.788 TiB, 3.05% gc time, 0.02% compilation time)
[2022-11-20T19:42:21.267]Completed Shot 1
102814.926165 seconds (1.02 G allocations: 90.798 TiB, 3.05% gc time, 0.02% compilation time)
[2022-11-20T19:42:31.478]Completed Shot 7
102877.835215 seconds (1.02 G allocations: 90.851 TiB, 3.05% gc time, 0.02% compilation time)
[2022-11-20T19:43:34.751]Completed Shot 14
102902.917799 seconds (1.02 G allocations: 90.869 TiB, 3.05% gc time, 0.02% compilation time)
[2022-11-20T19:44:00.070]Completed Shot 8
102904.251209 seconds (1.02 G allocations: 90.873 TiB, 3.05% gc time, 0.02% compilation time)
[2022-11-20T19:44:00.856]Completed Shot 13
102948.981590 seconds (1.02 G allocations: 90.909 TiB, 3.05% gc time, 0.02% compilation time)
[2022-11-20T19:44:46.021]Completed Shot 2
102949.015057 seconds (1.02 G allocations: 90.910 TiB, 3.05% gc time, 0.02% compilation time)
[2022-11-20T19:44:46.033]Completed Shot 20
102997.176223 seconds (1.02 G allocations: 90.954 TiB, 3.05% gc time, 0.02% compilation time)
[2022-11-20T19:45:34.181]Completed Shot 4
103001.702866 seconds (1.02 G allocations: 90.958 TiB, 3.05% gc time, 0.02% compilation time)
[2022-11-20T19:45:38.822]Completed Shot 5
103002.921474 seconds (1.02 G allocations: 90.962 TiB, 3.05% gc time, 0.02% compilation time)
[2022-11-20T19:45:39.526]Completed Shot 9
103011.155461 seconds (1.02 G allocations: 90.967 TiB, 3.05% gc time, 0.02% compilation time)
[2022-11-20T19:45:48.210]Completed Shot 21
103017.037610 seconds (1.02 G allocations: 90.972 TiB, 3.05% gc time, 0.02% compilation time)
[2022-11-20T19:45:54.096]Completed Shot 23
103041.525686 seconds (1.02 G allocations: 90.992 TiB, 3.05% gc time, 0.02% compilation time)
[2022-11-20T19:46:18.603]Completed Shot 6
104186.172788 seconds (1.03 G allocations: 91.881 TiB, 3.14% gc time, 0.02% compilation time)
[2022-11-20T20:05:23.301]Completed Shot 24
[2022-11-20T20:05:23.308]**********Simulation completed!**********
[2022-11-20T20:05:23.308]**********Saving**********
[2022-11-20T20:05:28.672]Saving file: /lustre/work/ws/ws1/hd_ku269-logs/LightCones/2022-11-19/7742500_N17_RS.jld2
[2022-11-20T20:05:31.314]**********Run completed!**********
