  Activating project at `/lustre/work/ws/ws1/hd_ku269-light_cones/WorkingFolder`
Added MKL.jl
Project LightCones v0.1.0
Status `/lustre/work/ws/ws1/hd_ku269-light_cones/WorkingFolder/Project.toml`
⌃ [7d9fca2a] Arpack v0.5.3
  [7073ff75] IJulia v1.23.3
⌃ [033835bb] JLD2 v0.4.25
⌃ [0b1a1467] KrylovKit v0.5.4
  [d3d80556] LineSearches v7.2.0
  [33e6dc65] MKL v0.6.0
  [429524aa] Optim v1.7.3
⌃ [91a5bcdd] Plots v1.35.4
⌃ [c3e4b0f8] Pluto v0.19.14
  [3c0b384b] QuantumInformation v0.4.9
  [189a3867] Reexport v1.2.2
  [295af30f] Revise v3.4.0
  [ebcc8a00] SpinSymmetry v0.3.3
  [59d54670] ThreadedSparseArrays v0.2.2
  [ade2ca70] Dates
  [8ba89e20] Distributed
  [37e2e46d] LinearAlgebra
  [de0858da] Printf
  [9a3f8284] Random
  [1a1011a3] SharedArrays
  [2f01184e] SparseArrays
  [10745b16] Statistics
Info Packages marked with ⌃ have new versions available
[2022-11-19T15:11:05.347]**********RANDOM FIELDS**********
shared_krylov.jl
Working Directory:          /lustre/work/ws/ws1/hd_ku269-light_cones/WorkingFolder
SLURM Directory:            /lustre/work/ws/ws1/hd_ku269-light_cones/WorkingFolder 
Running on host:            n1617
Job id:                     7742503
Job name:                   otoc_simulation_N17_Krylov
Number of nodes allocated:  
Number of cores allocated:  1
#threads of Julia:          96
#threads of BLAS:           1
ARGS = ["17", "25", "0", "RS", "x", "12"]
LOCATION = "/lustre/work/ws/ws1/hd_ku269-logs/LightCones/2022-11-19"
N = 17
SHOTS = 25
MULT_RANDOM_STATES = false
N_RANDOM_STATES = 0
TYPE_OF_RS = "RS"
OBSERVABLE = "x"
DISORDER_PARAM = 12.0
[2022-11-19T15:11:05.555]**********Running simulation**********
[2022-11-19T15:11:05.654]trange = [0.001, 0.0010974987654930556, 0.0012045035402587824, 0.0013219411484660286, 0.0014508287784959386, 0.0015922827933410922, 0.001747528400007683, 0.0019179102616724867, 0.00210490414451202, 0.0023101297000831605, 0.0025353644939701114, 0.0027825594022071257, 0.0030538555088334154, 0.003351602650938841, 0.0036783797718286343, 0.004037017258596553, 0.004430621457583882, 0.004862601580065354, 0.005336699231206312, 0.005857020818056668, 0.006428073117284319, 0.007054802310718645, 0.007742636826811269, 0.008497534359086439, 0.0093260334688322, 0.010235310218990268, 0.011233240329780276, 0.012328467394420665, 0.013530477745798075, 0.01484968262254465, 0.016297508346206444, 0.01788649529057435, 0.019630406500402715, 0.021544346900318832, 0.023644894126454073, 0.025950242113997372, 0.02848035868435802, 0.031257158496882355, 0.03430469286314919, 0.037649358067924674, 0.04132012400115335, 0.04534878508128582, 0.04977023564332114, 0.05462277217684343, 0.05994842503189409, 0.06579332246575682, 0.07220809018385464, 0.0792482898353917, 0.08697490026177834, 0.09545484566618347, 0.10476157527896648, 0.11497569953977356, 0.1261856883066021, 0.13848863713938728, 0.1519911082952933, 0.1668100537200059, 0.18307382802953673, 0.20092330025650484, 0.22051307399030456, 0.24201282647943803, 0.2656087782946687, 0.2915053062825176, 0.31992671377973847, 0.35111917342151316, 0.385352859371053, 0.4229242874389499, 0.46415888336127786, 0.5094138014816381, 0.5590810182512223, 0.6135907273413176, 0.6734150657750821, 0.7390722033525775, 0.8111308307896873, 0.8902150854450384, 0.9770099572992257, 1.072267222010323, 1.1768119524349978, 1.291549665014884, 1.4174741629268048, 1.5556761439304723, 1.7073526474706904, 1.873817422860385, 2.0565123083486516, 2.2570197196339192, 2.4770763559917115, 2.71858824273294, 2.9836472402833403, 3.2745491628777286, 3.593813663804626, 3.944206059437656, 4.328761281083057, 4.750810162102798, 5.214008287999684, 5.72236765935022, 6.280291441834253, 6.892612104349695, 7.56463327554629, 8.302175681319744, 9.111627561154895, 10.0]
[2022-11-19T15:11:05.955]A = σx
[2022-11-19T15:11:12.439]alpha=6
[2022-11-19T15:11:12.439]PBC
[2022-11-19T15:11:12.815]Sampled 1 random initial state
[[2022-11-19T15:11:14.411]Created Hamiltonian for Shot 7
2022-11-19T15:11:14.411]Created Hamiltonian for Shot 22
[2022-11-19T15:11:14.411]Created Hamiltonian for Shot 3
[2022-11-19T15:11:14.411]Created Hamiltonian for Shot 23
[2022-11-19T15:11:14.419]Created Hamiltonian for Shot 11
[[2022-11-19T15:11:14.524]Created Hamiltonian for Shot 6
2022-11-19T15:11:14.524]Created Hamiltonian for Shot 8
[2022-11-19T15:11:14.529]Created Hamiltonian for Shot 9
[2022-11-19T15:11:14.534]Created Hamiltonian for Shot 5
[2022-11-19T15:11:14.541]Created Hamiltonian for Shot 20
[2022-11-19T15:11:14.541]Created Hamiltonian for Shot 2
[2022-11-19T15:11:14.543]Created Hamiltonian for Shot 25
[2022-11-19T15:11:14.543]Created Hamiltonian for Shot 16
[2022-11-19T15:11:14.546]Created Hamiltonian for Shot 21
[2022-11-19T15:11:14.546]Created Hamiltonian for Shot 24
[2022-11-19T15:11:14.560]Created Hamiltonian for Shot 19
[2022-11-19T15:11:14.560]Created Hamiltonian for Shot 12
[2022-11-19T15:11:14.573]Created Hamiltonian for Shot 14
[2022-11-19T15:11:14.575]Created Hamiltonian for Shot 15
[2022-11-19T15:11:14.583]Created Hamiltonian for Shot 4
[2022-11-19T15:11:14.626]Created Hamiltonian for Shot 17
[2022-11-19T15:11:14.630]Created Hamiltonian for Shot 18
[2022-11-19T15:11:14.630]Created Hamiltonian for Shot 10
[2022-11-19T15:11:14.631]Created Hamiltonian for Shot 13
[2022-11-19T15:11:25.155]Created Hamiltonian for Shot 1
74452.491804 seconds (813.90 M allocations: 72.157 TiB, 3.32% gc time, 0.03% compilation time)
[2022-11-20T11:52:07.168]Completed Shot 25
75056.602500 seconds (820.03 M allocations: 72.713 TiB, 3.32% gc time, 0.03% compilation time)
[2022-11-20T12:02:11.144]Completed Shot 2
86437.847791 seconds (936.70 M allocations: 83.279 TiB, 3.31% gc time, 0.03% compilation time)
[2022-11-20T15:11:52.527]Completed Shot 14
86488.714364 seconds (937.24 M allocations: 83.327 TiB, 3.31% gc time, 0.03% compilation time)
[2022-11-20T15:12:43.258]Completed Shot 16
86568.669013 seconds (938.07 M allocations: 83.401 TiB, 3.31% gc time, 0.03% compilation time)
[2022-11-20T15:14:03.194]Completed Shot 6
86711.372875 seconds (912.30 M allocations: 83.542 TiB, 3.31% gc time, 0.01% compilation time)
[2022-11-20T15:16:36.529]Completed Shot 1
86889.009346 seconds (941.41 M allocations: 83.701 TiB, 3.31% gc time, 0.03% compilation time)
[2022-11-20T15:19:23.421]Completed Shot 7
86981.235279 seconds (942.31 M allocations: 83.785 TiB, 3.31% gc time, 0.03% compilation time)
[2022-11-20T15:20:55.795]Completed Shot 19
87019.130726 seconds (942.70 M allocations: 83.821 TiB, 3.31% gc time, 0.03% compilation time)
[2022-11-20T15:21:33.672]Completed Shot 20
87244.557797 seconds (945.06 M allocations: 84.034 TiB, 3.31% gc time, 0.03% compilation time)
[2022-11-20T15:25:19.083]Completed Shot 8
87381.961829 seconds (946.51 M allocations: 84.165 TiB, 3.31% gc time, 0.03% compilation time)
[2022-11-20T15:27:36.497]Completed Shot 5
87494.744492 seconds (947.74 M allocations: 84.274 TiB, 3.31% gc time, 0.03% compilation time)
[2022-11-20T15:29:29.164]Completed Shot 11
87522.842246 seconds (947.97 M allocations: 84.298 TiB, 3.31% gc time, 0.03% compilation time)
[2022-11-20T15:29:57.389]Completed Shot 24
92561.359343 seconds (1.00 G allocations: 89.219 TiB, 3.31% gc time, 0.02% compilation time)
[2022-11-20T16:53:55.773]Completed Shot 23
92573.325937 seconds (1.00 G allocations: 89.226 TiB, 3.31% gc time, 0.02% compilation time)
[2022-11-20T16:54:07.957]Completed Shot 10
92596.659064 seconds (1.00 G allocations: 89.250 TiB, 3.32% gc time, 0.02% compilation time)
[2022-11-20T16:54:31.070]Completed Shot 3
92602.262341 seconds (1.00 G allocations: 89.252 TiB, 3.32% gc time, 0.02% compilation time)
[2022-11-20T16:54:36.889]Completed Shot 17
92648.948134 seconds (1.00 G allocations: 89.297 TiB, 3.32% gc time, 0.02% compilation time)
[2022-11-20T16:55:23.580]Completed Shot 13
92663.526616 seconds (1.00 G allocations: 89.312 TiB, 3.32% gc time, 0.02% compilation time)
[2022-11-20T16:55:38.073]Completed Shot 21
92667.468774 seconds (1.00 G allocations: 89.316 TiB, 3.32% gc time, 0.02% compilation time)
[2022-11-20T16:55:42.044]Completed Shot 15
92671.960827 seconds (1.00 G allocations: 89.324 TiB, 3.32% gc time, 0.02% compilation time)
[2022-11-20T16:55:46.372]Completed Shot 22
92676.596549 seconds (1.00 G allocations: 89.326 TiB, 3.32% gc time, 0.02% compilation time)
[2022-11-20T16:55:51.127]Completed Shot 9
92680.310540 seconds (1.00 G allocations: 89.328 TiB, 3.32% gc time, 0.02% compilation time)
[2022-11-20T16:55:54.870]Completed Shot 12
92686.105619 seconds (1.00 G allocations: 89.333 TiB, 3.32% gc time, 0.02% compilation time)
[2022-11-20T16:56:00.735]Completed Shot 18
93280.598974 seconds (1.01 G allocations: 89.766 TiB, 3.37% gc time, 0.02% compilation time)
[2022-11-20T17:05:55.182]Completed Shot 4
[2022-11-20T17:05:55.193]**********Simulation completed!**********
[2022-11-20T17:05:55.193]**********Saving**********
[2022-11-20T17:06:00.299]Saving file: /lustre/work/ws/ws1/hd_ku269-logs/LightCones/2022-11-19/7742503_N17_RS.jld2
[2022-11-20T17:06:02.641]**********Run completed!**********
