  Activating project at `/lustre/work/ws/ws1/hd_ku269-light_cones/WorkingFolder`
Added MKL.jl
Project LightCones v0.1.0
Status `/lustre/work/ws/ws1/hd_ku269-light_cones/WorkingFolder/Project.toml`
  [7d9fca2a] Arpack v0.5.4
  [7073ff75] IJulia v1.23.3
  [033835bb] JLD2 v0.4.29
  [0b1a1467] KrylovKit v0.6.0
  [d3d80556] LineSearches v7.2.0
  [33e6dc65] MKL v0.6.0
  [429524aa] Optim v1.7.4
  [91a5bcdd] Plots v1.36.6
  [c3e4b0f8] Pluto v0.19.16
  [3c0b384b] QuantumInformation v0.4.9
  [189a3867] Reexport v1.2.2
  [295af30f] Revise v3.4.0
  [ebcc8a00] SpinSymmetry v0.3.3
  [59d54670] ThreadedSparseArrays v0.2.2
  [ade2ca70] Dates
  [8ba89e20] Distributed
  [37e2e46d] LinearAlgebra
  [de0858da] Printf
  [9a3f8284] Random
  [1a1011a3] SharedArrays
  [2f01184e] SparseArrays
  [10745b16] Statistics
[2022-12-02T01:26:22.144]**********RANDOM FIELDS**********
shared_krylov.jl
Working Directory:          /lustre/work/ws/ws1/hd_ku269-light_cones/WorkingFolder
SLURM Directory:            /lustre/work/ws/ws1/hd_ku269-light_cones/WorkingFolder 
Running on host:            n1804
Job id:                     7851889
Job name:                   otoc_simulation_N17_Krylov
Number of nodes allocated:  
Number of cores allocated:  1
#threads of Julia:          96
#threads of BLAS:           1
ARGS = ["17", "25", "0", "RS", "x", "12"]
LOCATION = "/lustre/work/ws/ws1/hd_ku269-logs/LightCones/2022-12-02"
N = 17
SHOTS = 25
MULT_RANDOM_STATES = false
N_RANDOM_STATES = 0
TYPE_OF_RS = "RS"
OBSERVABLE = "x"
DISORDER_PARAM = 12.0
[2022-12-02T01:26:22.354]**********Running simulation**********
[2022-12-02T01:26:22.424]trange = [0.001, 0.0010974987654930556, 0.0012045035402587824, 0.0013219411484660286, 0.0014508287784959386, 0.0015922827933410922, 0.001747528400007683, 0.0019179102616724867, 0.00210490414451202, 0.0023101297000831605, 0.0025353644939701114, 0.0027825594022071257, 0.0030538555088334154, 0.003351602650938841, 0.0036783797718286343, 0.004037017258596553, 0.004430621457583882, 0.004862601580065354, 0.005336699231206312, 0.005857020818056668, 0.006428073117284319, 0.007054802310718645, 0.007742636826811269, 0.008497534359086439, 0.0093260334688322, 0.010235310218990268, 0.011233240329780276, 0.012328467394420665, 0.013530477745798075, 0.01484968262254465, 0.016297508346206444, 0.01788649529057435, 0.019630406500402715, 0.021544346900318832, 0.023644894126454073, 0.025950242113997372, 0.02848035868435802, 0.031257158496882355, 0.03430469286314919, 0.037649358067924674, 0.04132012400115335, 0.04534878508128582, 0.04977023564332114, 0.05462277217684343, 0.05994842503189409, 0.06579332246575682, 0.07220809018385464, 0.0792482898353917, 0.08697490026177834, 0.09545484566618347, 0.10476157527896648, 0.11497569953977356, 0.1261856883066021, 0.13848863713938728, 0.1519911082952933, 0.1668100537200059, 0.18307382802953673, 0.20092330025650484, 0.22051307399030456, 0.24201282647943803, 0.2656087782946687, 0.2915053062825176, 0.31992671377973847, 0.35111917342151316, 0.385352859371053, 0.4229242874389499, 0.46415888336127786, 0.5094138014816381, 0.5590810182512223, 0.6135907273413176, 0.6734150657750821, 0.7390722033525775, 0.8111308307896873, 0.8902150854450384, 0.9770099572992257, 1.072267222010323, 1.1768119524349978, 1.291549665014884, 1.4174741629268048, 1.5556761439304723, 1.7073526474706904, 1.873817422860385, 2.0565123083486516, 2.2570197196339192, 2.4770763559917115, 2.71858824273294, 2.9836472402833403, 3.2745491628777286, 3.593813663804626, 3.944206059437656, 4.328761281083057, 4.750810162102798, 5.214008287999684, 5.72236765935022, 6.280291441834253, 6.892612104349695, 7.56463327554629, 8.302175681319744, 9.111627561154895, 10.0]
[2022-12-02T01:26:22.931]A = σx
[2022-12-02T01:26:29.002]alpha=6
[2022-12-02T01:26:29.002]PBC
[2022-12-02T01:26:29.383]Sampled 1 random initial state
[2022-12-02T01:26:30.876]Created Hamiltonian for Shot 1
[2022-12-02T01:26:30.876]Created Hamiltonian for Shot 20
[2022-12-02T01:26:30.876]Created Hamiltonian for Shot 5
[2022-12-02T01:26:30.882]Created Hamiltonian for Shot 17
[2022-12-02T01:26:30.906]Created Hamiltonian for Shot 22
[2022-12-02T01:26:30.906]Created Hamiltonian for Shot 25
[2022-12-02T01:26:30.906]Created Hamiltonian for Shot 3
[2022-12-02T01:26:30.906]Created Hamiltonian for Shot 8
[2022-12-02T01:26:30.907]Created Hamiltonian for Shot 2
[2022-12-02T01:26:30.907]Created Hamiltonian for Shot 19
[2022-12-02T01:26:30.907]Created Hamiltonian for Shot 15
[2022-12-02T01:26:30.907]Created Hamiltonian for Shot 16
[2022-12-02T01:26:30.907]Created Hamiltonian for Shot 13
[2022-12-02T01:26:30.907]Created Hamiltonian for Shot 6
[2022-12-02T01:26:30.907]Created Hamiltonian for Shot 7
[2022-12-02T01:26:30.959]Created Hamiltonian for Shot 21
[2022-12-02T01:26:30.973]Created Hamiltonian for Shot 14
[2022-12-02T01:26:30.981]Created Hamiltonian for Shot 24
[2022-12-02T01:26:30.986]Created Hamiltonian for Shot 10
[2022-12-02T01:26:30.988]Created Hamiltonian for Shot 9
[2022-12-02T01:26:30.998]Created Hamiltonian for Shot 4
[2022-12-02T01:26:41.596]Created Hamiltonian for Shot 23
[2022-12-02T01:26:41.597]Created Hamiltonian for Shot 18
[2022-12-02T01:26:41.607]Created Hamiltonian for Shot 12
[2022-12-02T01:26:41.627]Created Hamiltonian for Shot 11
75539.625503 seconds (798.13 M allocations: 73.180 TiB, 3.35% gc time, 0.02% compilation time)
[2022-12-02T22:25:41.374]Completed Shot 18
86542.941564 seconds (940.16 M allocations: 83.563 TiB, 3.36% gc time, 0.03% compilation time)
[2022-12-03T01:28:53.904]Completed Shot 2
86605.154306 seconds (940.69 M allocations: 83.620 TiB, 3.36% gc time, 0.03% compilation time)
[2022-12-03T01:29:56.152]Completed Shot 4
86737.159006 seconds (942.13 M allocations: 83.741 TiB, 3.36% gc time, 0.03% compilation time)
[2022-12-03T01:32:08.075]Completed Shot 22
87293.281761 seconds (947.60 M allocations: 84.235 TiB, 3.35% gc time, 0.03% compilation time)
[2022-12-03T01:41:24.164]Completed Shot 17
87478.872643 seconds (949.38 M allocations: 84.402 TiB, 3.35% gc time, 0.03% compilation time)
[2022-12-03T01:44:29.846]Completed Shot 14
87757.239360 seconds (952.25 M allocations: 84.655 TiB, 3.35% gc time, 0.03% compilation time)
[2022-12-03T01:49:08.116]Completed Shot 1
87925.708217 seconds (953.89 M allocations: 84.806 TiB, 3.35% gc time, 0.03% compilation time)
[2022-12-03T01:51:56.615]Completed Shot 6
87928.307926 seconds (953.86 M allocations: 84.809 TiB, 3.35% gc time, 0.03% compilation time)
[2022-12-03T01:51:59.290]Completed Shot 24
88004.140390 seconds (954.66 M allocations: 84.876 TiB, 3.35% gc time, 0.03% compilation time)
[2022-12-03T01:53:15.047]Completed Shot 3
87997.008576 seconds (927.34 M allocations: 84.878 TiB, 3.35% gc time, 0.02% compilation time)
[2022-12-03T01:53:18.616]Completed Shot 12
94293.833022 seconds (1.02 G allocations: 90.457 TiB, 3.33% gc time, 0.03% compilation time)
[2022-12-03T03:38:05.211]Completed Shot 8
94401.103809 seconds (1.02 G allocations: 90.553 TiB, 3.33% gc time, 0.03% compilation time)
[2022-12-03T03:39:51.981]Completed Shot 20
94425.208670 seconds (1.02 G allocations: 90.574 TiB, 3.33% gc time, 0.03% compilation time)
[2022-12-03T03:40:16.197]Completed Shot 9
94572.285192 seconds (1.02 G allocations: 90.703 TiB, 3.33% gc time, 0.03% compilation time)
[2022-12-03T03:42:43.192]Completed Shot 15
94574.251484 seconds (1.02 G allocations: 90.706 TiB, 3.33% gc time, 0.03% compilation time)
[2022-12-03T03:42:45.128]Completed Shot 5
94581.871232 seconds (1.02 G allocations: 90.713 TiB, 3.33% gc time, 0.03% compilation time)
[2022-12-03T03:42:52.778]Completed Shot 19
94586.106647 seconds (1.02 G allocations: 90.716 TiB, 3.33% gc time, 0.03% compilation time)
[2022-12-03T03:42:57.013]Completed Shot 16
94588.340149 seconds (1.02 G allocations: 90.719 TiB, 3.33% gc time, 0.03% compilation time)
[2022-12-03T03:42:59.247]Completed Shot 25
94583.583536 seconds (991.98 M allocations: 90.723 TiB, 3.33% gc time, 0.02% compilation time)
[2022-12-03T03:43:05.181]Completed Shot 23
94598.995414 seconds (1.02 G allocations: 90.728 TiB, 3.33% gc time, 0.03% compilation time)
[2022-12-03T03:43:09.902]Completed Shot 7
94600.336138 seconds (1.02 G allocations: 90.730 TiB, 3.33% gc time, 0.03% compilation time)
[2022-12-03T03:43:11.295]Completed Shot 21
94627.189990 seconds (1.02 G allocations: 90.753 TiB, 3.34% gc time, 0.03% compilation time)
[2022-12-03T03:43:38.097]Completed Shot 13
94627.269582 seconds (1.02 G allocations: 90.753 TiB, 3.34% gc time, 0.03% compilation time)
[2022-12-03T03:43:38.255]Completed Shot 10
95209.463972 seconds (997.00 M allocations: 91.178 TiB, 3.39% gc time, 0.02% compilation time)
[2022-12-03T03:53:31.091]Completed Shot 11
[2022-12-03T03:53:31.104]**********Simulation completed!**********
[2022-12-03T03:53:31.104]**********Saving**********
[2022-12-03T03:53:36.603]Saving file: /lustre/work/ws/ws1/hd_ku269-logs/LightCones/2022-12-02/7851889_N17_RS.jld2
[2022-12-03T03:53:40.016]**********Run completed!**********
