  Activating project at `/lustre/work/ws/ws1/hd_ku269-light_cones/WorkingFolder`
Added MKL.jl
Project LightCones v0.1.0
Status `/lustre/work/ws/ws1/hd_ku269-light_cones/WorkingFolder/Project.toml`
  [7d9fca2a] Arpack v0.5.4
  [7073ff75] IJulia v1.23.3
  [033835bb] JLD2 v0.4.29
  [0b1a1467] KrylovKit v0.6.0
  [d3d80556] LineSearches v7.2.0
  [33e6dc65] MKL v0.6.0
  [429524aa] Optim v1.7.4
  [91a5bcdd] Plots v1.36.6
  [c3e4b0f8] Pluto v0.19.16
  [3c0b384b] QuantumInformation v0.4.9
  [189a3867] Reexport v1.2.2
  [295af30f] Revise v3.4.0
  [ebcc8a00] SpinSymmetry v0.3.3
  [59d54670] ThreadedSparseArrays v0.2.2
  [ade2ca70] Dates
  [8ba89e20] Distributed
  [37e2e46d] LinearAlgebra
  [de0858da] Printf
  [9a3f8284] Random
  [1a1011a3] SharedArrays
  [2f01184e] SparseArrays
  [10745b16] Statistics
[2022-12-01T21:05:49.328]**********RANDOM FIELDS**********
shared_krylov.jl
Working Directory:          /lustre/work/ws/ws1/hd_ku269-light_cones/WorkingFolder
SLURM Directory:            /lustre/work/ws/ws1/hd_ku269-light_cones/WorkingFolder 
Running on host:            n1609
Job id:                     7851882
Job name:                   otoc_simulation_N17_Krylov
Number of nodes allocated:  
Number of cores allocated:  1
#threads of Julia:          96
#threads of BLAS:           1
ARGS = ["17", "25", "0", "RS", "x", "12"]
LOCATION = "/lustre/work/ws/ws1/hd_ku269-logs/LightCones/2022-12-01"
N = 17
SHOTS = 25
MULT_RANDOM_STATES = false
N_RANDOM_STATES = 0
TYPE_OF_RS = "RS"
OBSERVABLE = "x"
DISORDER_PARAM = 12.0
[2022-12-01T21:05:49.540]**********Running simulation**********
[2022-12-01T21:05:49.612]trange = [0.001, 0.0010974987654930556, 0.0012045035402587824, 0.0013219411484660286, 0.0014508287784959386, 0.0015922827933410922, 0.001747528400007683, 0.0019179102616724867, 0.00210490414451202, 0.0023101297000831605, 0.0025353644939701114, 0.0027825594022071257, 0.0030538555088334154, 0.003351602650938841, 0.0036783797718286343, 0.004037017258596553, 0.004430621457583882, 0.004862601580065354, 0.005336699231206312, 0.005857020818056668, 0.006428073117284319, 0.007054802310718645, 0.007742636826811269, 0.008497534359086439, 0.0093260334688322, 0.010235310218990268, 0.011233240329780276, 0.012328467394420665, 0.013530477745798075, 0.01484968262254465, 0.016297508346206444, 0.01788649529057435, 0.019630406500402715, 0.021544346900318832, 0.023644894126454073, 0.025950242113997372, 0.02848035868435802, 0.031257158496882355, 0.03430469286314919, 0.037649358067924674, 0.04132012400115335, 0.04534878508128582, 0.04977023564332114, 0.05462277217684343, 0.05994842503189409, 0.06579332246575682, 0.07220809018385464, 0.0792482898353917, 0.08697490026177834, 0.09545484566618347, 0.10476157527896648, 0.11497569953977356, 0.1261856883066021, 0.13848863713938728, 0.1519911082952933, 0.1668100537200059, 0.18307382802953673, 0.20092330025650484, 0.22051307399030456, 0.24201282647943803, 0.2656087782946687, 0.2915053062825176, 0.31992671377973847, 0.35111917342151316, 0.385352859371053, 0.4229242874389499, 0.46415888336127786, 0.5094138014816381, 0.5590810182512223, 0.6135907273413176, 0.6734150657750821, 0.7390722033525775, 0.8111308307896873, 0.8902150854450384, 0.9770099572992257, 1.072267222010323, 1.1768119524349978, 1.291549665014884, 1.4174741629268048, 1.5556761439304723, 1.7073526474706904, 1.873817422860385, 2.0565123083486516, 2.2570197196339192, 2.4770763559917115, 2.71858824273294, 2.9836472402833403, 3.2745491628777286, 3.593813663804626, 3.944206059437656, 4.328761281083057, 4.750810162102798, 5.214008287999684, 5.72236765935022, 6.280291441834253, 6.892612104349695, 7.56463327554629, 8.302175681319744, 9.111627561154895, 10.0]
[2022-12-01T21:05:50.119]A = σx
[2022-12-01T21:05:56.681]alpha=6
[2022-12-01T21:05:56.681]PBC
[2022-12-01T21:05:57.056]Sampled 1 random initial state
[2022-12-01T21:05:58.492]Created Hamiltonian for Shot 2
[2022-12-01T21:05:58.492]Created Hamiltonian for Shot 24
[2022-12-01T21:05:58.492]Created Hamiltonian for Shot 3
[2022-12-01T21:05:58.492]Created Hamiltonian for Shot 1
[2022-12-01T21:05:58.499]Created Hamiltonian for Shot 14
[2022-12-01T21:05:58.524]Created Hamiltonian for Shot 5
[2022-12-01T21:05:58.524]Created Hamiltonian for Shot 25
[2022-12-01T21:05:58.573]Created Hamiltonian for Shot 6
[2022-12-01T21:05:58.583]Created Hamiltonian for Shot 9
[2022-12-01T21:05:58.597]Created Hamiltonian for Shot 21
[2022-12-01T21:05:58.600]Created Hamiltonian for Shot 7
[2022-12-01T21:05:58.602]Created Hamiltonian for Shot 12
[2022-12-01T21:05:58.604]Created Hamiltonian for Shot 8
[2022-12-01T21:05:58.613]Created Hamiltonian for Shot 11
[2022-12-01T21:05:58.622]Created Hamiltonian for Shot 17
[2022-12-01T21:06:09.144]Created Hamiltonian for Shot 10
[2022-12-01T21:06:09.144]Created Hamiltonian for Shot 22
[2022-12-01T21:06:09.144]Created Hamiltonian for Shot 4
[2022-12-01T21:06:09.150]Created Hamiltonian for Shot 23
[2022-12-01T21:06:09.151]Created Hamiltonian for Shot 19
[2022-12-01T21:06:09.151]Created Hamiltonian for Shot 13
[2022-12-01T21:06:09.152]Created Hamiltonian for Shot 20
[2022-12-01T21:06:09.153]Created Hamiltonian for Shot 16
[2022-12-01T21:06:09.160]Created Hamiltonian for Shot 18
[2022-12-01T21:06:09.161]Created Hamiltonian for Shot 15
84432.055036 seconds (942.23 M allocations: 83.731 TiB, 3.42% gc time, 0.03% compilation time)
[2022-12-02T20:33:10.656]Completed Shot 14
84868.163975 seconds (919.76 M allocations: 84.175 TiB, 3.41% gc time, 0.02% compilation time)
[2022-12-02T20:40:37.314]Completed Shot 23
85469.491506 seconds (953.62 M allocations: 84.767 TiB, 3.41% gc time, 0.03% compilation time)
[2022-12-02T20:50:28.065]Completed Shot 6
85685.034974 seconds (956.07 M allocations: 84.984 TiB, 3.41% gc time, 0.03% compilation time)
[2022-12-02T20:54:03.527]Completed Shot 24
85687.455225 seconds (956.10 M allocations: 84.987 TiB, 3.41% gc time, 0.03% compilation time)
[2022-12-02T20:54:05.947]Completed Shot 3
85733.565949 seconds (956.59 M allocations: 85.033 TiB, 3.41% gc time, 0.03% compilation time)
[2022-12-02T20:54:52.090]Completed Shot 5
85766.976781 seconds (956.81 M allocations: 85.066 TiB, 3.41% gc time, 0.03% compilation time)
[2022-12-02T20:55:25.599]Completed Shot 17
86007.084612 seconds (959.56 M allocations: 85.307 TiB, 3.41% gc time, 0.03% compilation time)
[2022-12-02T20:59:25.684]Completed Shot 7
86145.046351 seconds (961.18 M allocations: 85.447 TiB, 3.41% gc time, 0.03% compilation time)
[2022-12-02T21:01:43.539]Completed Shot 1
86315.718737 seconds (935.82 M allocations: 85.626 TiB, 3.41% gc time, 0.02% compilation time)
[2022-12-02T21:04:44.864]Completed Shot 4
92150.915461 seconds (1.00 G allocations: 91.514 TiB, 3.41% gc time, 0.02% compilation time)
[2022-12-02T22:42:00.120]Completed Shot 15
92202.062462 seconds (1.00 G allocations: 91.566 TiB, 3.41% gc time, 0.02% compilation time)
[2022-12-02T22:42:51.223]Completed Shot 18
92283.782546 seconds (1.03 G allocations: 91.639 TiB, 3.41% gc time, 0.03% compilation time)
[2022-12-02T22:44:02.366]Completed Shot 9
92351.059029 seconds (1.00 G allocations: 91.717 TiB, 3.41% gc time, 0.02% compilation time)
[2022-12-02T22:45:20.204]Completed Shot 10
92361.824247 seconds (1.03 G allocations: 91.718 TiB, 3.41% gc time, 0.03% compilation time)
[2022-12-02T22:45:20.437]Completed Shot 11
92376.012887 seconds (1.03 G allocations: 91.733 TiB, 3.41% gc time, 0.03% compilation time)
[2022-12-02T22:45:34.537]Completed Shot 25
92414.667501 seconds (1.03 G allocations: 91.772 TiB, 3.41% gc time, 0.03% compilation time)
[2022-12-02T22:46:13.272]Completed Shot 8
92419.310398 seconds (1.03 G allocations: 91.776 TiB, 3.41% gc time, 0.03% compilation time)
[2022-12-02T22:46:17.913]Completed Shot 12
92408.977273 seconds (1.00 G allocations: 91.775 TiB, 3.41% gc time, 0.02% compilation time)
[2022-12-02T22:46:18.122]Completed Shot 22
92449.416843 seconds (1.03 G allocations: 91.806 TiB, 3.41% gc time, 0.03% compilation time)
[2022-12-02T22:46:47.909]Completed Shot 2
92457.996705 seconds (1.03 G allocations: 91.814 TiB, 3.41% gc time, 0.03% compilation time)
[2022-12-02T22:46:56.594]Completed Shot 21
92530.288045 seconds (1.01 G allocations: 91.894 TiB, 3.42% gc time, 0.02% compilation time)
[2022-12-02T22:48:19.439]Completed Shot 13
92548.749118 seconds (1.01 G allocations: 91.913 TiB, 3.42% gc time, 0.02% compilation time)
[2022-12-02T22:48:37.902]Completed Shot 20
93274.082615 seconds (1.01 G allocations: 92.640 TiB, 3.48% gc time, 0.02% compilation time)
[2022-12-02T23:00:43.233]Completed Shot 19
93288.809989 seconds (1.01 G allocations: 92.642 TiB, 3.48% gc time, 0.02% compilation time)
[2022-12-02T23:00:57.963]Completed Shot 16
[2022-12-02T23:00:57.968]**********Simulation completed!**********
[2022-12-02T23:00:57.968]**********Saving**********
[2022-12-02T23:01:03.872]Saving file: /lustre/work/ws/ws1/hd_ku269-logs/LightCones/2022-12-01/7851882_N17_RS.jld2
[2022-12-02T23:01:06.193]**********Run completed!**********
pure virtual method called
terminate called without an active exception

signal (6): Aborted
in expression starting at none:0
gsignal at /lib64/libc.so.6 (unknown line)
abort at /lib64/libc.so.6 (unknown line)
__verbose_terminate_handler at /workspace/srcdir/gcc-11.1.0/libstdc++-v3/libsupc++/vterminate.cc:95
__terminate at /workspace/srcdir/gcc-11.1.0/libstdc++-v3/libsupc++/eh_terminate.cc:48
terminate at /workspace/srcdir/gcc-11.1.0/libstdc++-v3/libsupc++/eh_terminate.cc:58
__cxa_pure_virtual at /workspace/srcdir/gcc-11.1.0/libstdc++-v3/libsupc++/pure.cc:50
_ZN4llvm11raw_ostream5writeEPKcm at /lustre/home/hd/hd_hd/hd_ku269/julia-1.8.1/bin/../lib/julia/libLLVM-13jl.so (unknown line)
_ZN4llvm11LLVMContext8diagnoseERKNS_14DiagnosticInfoE at /lustre/home/hd/hd_hd/hd_ku269/julia-1.8.1/bin/../lib/julia/libLLVM-13jl.so (unknown line)
_ZNSt17_Function_handlerIFvRKN4llvm12SMDiagnosticEbRKNS0_9SourceMgrERSt6vectorIPKNS0_6MDNodeESaISA_EEEZNS0_28MachineModuleInfoWrapperPass16doInitializationERNS0_6ModuleEEUlS3_bS6_SD_E_E9_M_invokeERKSt9_Any_dataS3_ObS6_SD_ at /lustre/home/hd/hd_hd/hd_ku269/julia-1.8.1/bin/../lib/julia/libLLVM-13jl.so (unknown line)
_ZN4llvm9MCContext8diagnoseERKNS_12SMDiagnosticE at /lustre/home/hd/hd_hd/hd_ku269/julia-1.8.1/bin/../lib/julia/libLLVM-13jl.so (unknown line)
_ZN12_GLOBAL__N_19AsmParser11DiagHandlerERKN4llvm12SMDiagnosticEPv at /lustre/home/hd/hd_hd/hd_ku269/julia-1.8.1/bin/../lib/julia/libLLVM-13jl.so (unknown line)
_ZNK4llvm9SourceMgr12PrintMessageERNS_11raw_ostreamENS_5SMLocENS0_8DiagKindERKNS_5TwineENS_8ArrayRefINS_7SMRangeEEENS8_INS_7SMFixItEEEb at /lustre/home/hd/hd_hd/hd_ku269/julia-1.8.1/bin/../lib/julia/libLLVM-13jl.so (unknown line)
_ZNK4llvm9SourceMgr12PrintMessageENS_5SMLocENS0_8DiagKindERKNS_5TwineENS_8ArrayRefINS_7SMRangeEEENS6_INS_7SMFixItEEEb at /lustre/home/hd/hd_hd/hd_ku269/julia-1.8.1/bin/../lib/julia/libLLVM-13jl.so (unknown line)
_ZN12_GLOBAL__N_19AsmParser3RunEbb at /lustre/home/hd/hd_hd/hd_ku269/julia-1.8.1/bin/../lib/julia/libLLVM-13jl.so (unknown line)
_ZNK4llvm10AsmPrinter13emitInlineAsmENS_9StringRefERKNS_15MCSubtargetInfoERKNS_15MCTargetOptionsEPKNS_6MDNodeENS_9InlineAsm10AsmDialectE at /lustre/home/hd/hd_hd/hd_ku269/julia-1.8.1/bin/../lib/julia/libLLVM-13jl.so (unknown line)
_ZNK4llvm10AsmPrinter13emitInlineAsmEPKNS_12MachineInstrE at /lustre/home/hd/hd_hd/hd_ku269/julia-1.8.1/bin/../lib/julia/libLLVM-13jl.so (unknown line)
_ZN4llvm10AsmPrinter16emitFunctionBodyEv at /lustre/home/hd/hd_hd/hd_ku269/julia-1.8.1/bin/../lib/julia/libLLVM-13jl.so (unknown line)
_ZN4llvm13X86AsmPrinter20runOnMachineFunctionERNS_15MachineFunctionE at /lustre/home/hd/hd_hd/hd_ku269/julia-1.8.1/bin/../lib/julia/libLLVM-13jl.so (unknown line)
_ZN4llvm19MachineFunctionPass13runOnFunctionERNS_8FunctionE at /lustre/home/hd/hd_hd/hd_ku269/julia-1.8.1/bin/../lib/julia/libLLVM-13jl.so (unknown line)
_ZN4llvm13FPPassManager13runOnFunctionERNS_8FunctionE at /lustre/home/hd/hd_hd/hd_ku269/julia-1.8.1/bin/../lib/julia/libLLVM-13jl.so (unknown line)
_ZN4llvm13FPPassManager11runOnModuleERNS_6ModuleE at /lustre/home/hd/hd_hd/hd_ku269/julia-1.8.1/bin/../lib/julia/libLLVM-13jl.so (unknown line)
_ZN4llvm6legacy15PassManagerImpl3runERNS_6ModuleE at /lustre/home/hd/hd_hd/hd_ku269/julia-1.8.1/bin/../lib/julia/libLLVM-13jl.so (unknown line)
operator() at /cache/build/default-amdci5-0/julialang/julia-release-1-dot-8/src/jitlayers.cpp:528
_ZN4llvm3orc14IRCompileLayer4emitESt10unique_ptrINS0_29MaterializationResponsibilityESt14default_deleteIS3_EENS0_16ThreadSafeModuleE at /lustre/home/hd/hd_hd/hd_ku269/julia-1.8.1/bin/../lib/julia/libLLVM-13jl.so (unknown line)
_ZN4llvm3orc31BasicIRLayerMaterializationUnit11materializeESt10unique_ptrINS0_29MaterializationResponsibilityESt14default_deleteIS3_EE at /lustre/home/hd/hd_hd/hd_ku269/julia-1.8.1/bin/../lib/julia/libLLVM-13jl.so (unknown line)
_ZN4llvm3orc19MaterializationTask3runEv at /lustre/home/hd/hd_hd/hd_ku269/julia-1.8.1/bin/../lib/julia/libLLVM-13jl.so (unknown line)
_ZN4llvm6detail18UniqueFunctionBaseIvJSt10unique_ptrINS_3orc4TaskESt14default_deleteIS4_EEEE8CallImplIPFvS7_EEEvPvRS7_ at /lustre/home/hd/hd_hd/hd_ku269/julia-1.8.1/bin/../lib/julia/libLLVM-13jl.so (unknown line)
_ZN4llvm3orc16ExecutionSession22dispatchOutstandingMUsEv at /lustre/home/hd/hd_hd/hd_ku269/julia-1.8.1/bin/../lib/julia/libLLVM-13jl.so (unknown line)
_ZN4llvm3orc16ExecutionSession17OL_completeLookupESt10unique_ptrINS0_21InProgressLookupStateESt14default_deleteIS3_EESt10shared_ptrINS0_23AsynchronousSymbolQueryEESt8functionIFvRKNS_8DenseMapIPNS0_8JITDylibENS_8DenseSetINS0_15SymbolStringPtrENS_12DenseMapInfoISF_EEEENSG_ISD_EENS_6detail12DenseMapPairISD_SI_EEEEEE at /lustre/home/hd/hd_hd/hd_ku269/julia-1.8.1/bin/../lib/julia/libLLVM-13jl.so (unknown line)
_ZN4llvm3orc25InProgressFullLookupState8completeESt10unique_ptrINS0_21InProgressLookupStateESt14default_deleteIS3_EE at /lustre/home/hd/hd_hd/hd_ku269/julia-1.8.1/bin/../lib/julia/libLLVM-13jl.so (unknown line)
_ZN4llvm3orc16ExecutionSession19OL_applyQueryPhase1ESt10unique_ptrINS0_21InProgressLookupStateESt14default_deleteIS3_EENS_5ErrorE at /lustre/home/hd/hd_hd/hd_ku269/julia-1.8.1/bin/../lib/julia/libLLVM-13jl.so (unknown line)
_ZN4llvm3orc16ExecutionSession6lookupENS0_10LookupKindERKSt6vectorISt4pairIPNS0_8JITDylibENS0_19JITDylibLookupFlagsEESaIS8_EENS0_15SymbolLookupSetENS0_11SymbolStateENS_15unique_functionIFvNS_8ExpectedINS_8DenseMapINS0_15SymbolStringPtrENS_18JITEvaluatedSymbolENS_12DenseMapInfoISI_EENS_6detail12DenseMapPairISI_SJ_EEEEEEEEESt8functionIFvRKNSH_IS6_NS_8DenseSetISI_SL_EENSK_IS6_EENSN_IS6_SV_EEEEEE at /lustre/home/hd/hd_hd/hd_ku269/julia-1.8.1/bin/../lib/julia/libLLVM-13jl.so (unknown line)
_ZN4llvm3orc16ExecutionSession6lookupERKSt6vectorISt4pairIPNS0_8JITDylibENS0_19JITDylibLookupFlagsEESaIS7_EERKNS0_15SymbolLookupSetENS0_10LookupKindENS0_11SymbolStateESt8functionIFvRKNS_8DenseMapIS5_NS_8DenseSetINS0_15SymbolStringPtrENS_12DenseMapInfoISK_EEEENSL_IS5_EENS_6detail12DenseMapPairIS5_SN_EEEEEE at /lustre/home/hd/hd_hd/hd_ku269/julia-1.8.1/bin/../lib/julia/libLLVM-13jl.so (unknown line)
_ZN4llvm3orc16ExecutionSession6lookupERKSt6vectorISt4pairIPNS0_8JITDylibENS0_19JITDylibLookupFlagsEESaIS7_EENS0_15SymbolStringPtrENS0_11SymbolStateE at /lustre/home/hd/hd_hd/hd_ku269/julia-1.8.1/bin/../lib/julia/libLLVM-13jl.so (unknown line)
_ZN4llvm3orc16ExecutionSession6lookupENS_8ArrayRefIPNS0_8JITDylibEEENS0_15SymbolStringPtrENS0_11SymbolStateE at /lustre/home/hd/hd_hd/hd_ku269/julia-1.8.1/bin/../lib/julia/libLLVM-13jl.so (unknown line)
_ZN4llvm3orc16ExecutionSession6lookupENS_8ArrayRefIPNS0_8JITDylibEEENS_9StringRefENS0_11SymbolStateE at /lustre/home/hd/hd_hd/hd_ku269/julia-1.8.1/bin/../lib/julia/libLLVM-13jl.so (unknown line)
addModule at /cache/build/default-amdci5-0/julialang/julia-release-1-dot-8/src/jitlayers.cpp:968
jl_add_to_ee at /cache/build/default-amdci5-0/julialang/julia-release-1-dot-8/src/jitlayers.cpp:1261 [inlined]
jl_add_to_ee at /cache/build/default-amdci5-0/julialang/julia-release-1-dot-8/src/jitlayers.cpp:1305
jl_add_to_ee at /cache/build/default-amdci5-0/julialang/julia-release-1-dot-8/src/jitlayers.cpp:1327 [inlined]
_jl_compile_codeinst at /cache/build/default-amdci5-0/julialang/julia-release-1-dot-8/src/jitlayers.cpp:149
jl_generate_fptr_impl at /cache/build/default-amdci5-0/julialang/julia-release-1-dot-8/src/jitlayers.cpp:332
jl_compile_method_internal at /cache/build/default-amdci5-0/julialang/julia-release-1-dot-8/src/gf.c:2081 [inlined]
jl_compile_method_internal at /cache/build/default-amdci5-0/julialang/julia-release-1-dot-8/src/gf.c:2025
_jl_invoke at /cache/build/default-amdci5-0/julialang/julia-release-1-dot-8/src/gf.c:2359 [inlined]
ijl_apply_generic at /cache/build/default-amdci5-0/julialang/julia-release-1-dot-8/src/gf.c:2549
#handle_message#3 at /cache/build/default-amdci5-0/julialang/julia-release-1-dot-8/usr/share/julia/stdlib/v1.8/Logging/src/ConsoleLogger.jl:134
handle_message##kw at /cache/build/default-amdci5-0/julialang/julia-release-1-dot-8/usr/share/julia/stdlib/v1.8/Logging/src/ConsoleLogger.jl:106
unknown function (ip: 0x1469818d0a34)
_jl_invoke at /cache/build/default-amdci5-0/julialang/julia-release-1-dot-8/src/gf.c:2367 [inlined]
ijl_apply_generic at /cache/build/default-amdci5-0/julialang/julia-release-1-dot-8/src/gf.c:2549
macro expansion at ./logging.jl:365 [inlined]
profile_printing_listener at /cache/build/default-amdci5-0/julialang/julia-release-1-dot-8/usr/share/julia/stdlib/v1.8/Profile/src/Profile.jl:44
#3 at ./threadingconstructs.jl:258
jfptr_YY.3_66369.clone_1 at /lustre/home/hd/hd_hd/hd_ku269/julia-1.8.1/lib/julia/sys.so (unknown line)
_jl_invoke at /cache/build/default-amdci5-0/julialang/julia-release-1-dot-8/src/gf.c:2367 [inlined]
ijl_apply_generic at /cache/build/default-amdci5-0/julialang/julia-release-1-dot-8/src/gf.c:2549
jl_apply at /cache/build/default-amdci5-0/julialang/julia-release-1-dot-8/src/julia.h:1838 [inlined]
start_task at /cache/build/default-amdci5-0/julialang/julia-release-1-dot-8/src/task.c:931
Allocations: 1017139063 (Pool: 1006836078; Big: 10302985); GC: 18455
