  Activating project at `/lustre/work/ws/ws1/hd_ku269-light_cones/WorkingFolder`
Added MKL.jl
Project LightCones v0.1.0
Status `/lustre/work/ws/ws1/hd_ku269-light_cones/WorkingFolder/Project.toml`
⌃ [7d9fca2a] Arpack v0.5.3
  [7073ff75] IJulia v1.23.3
⌃ [033835bb] JLD2 v0.4.25
⌃ [0b1a1467] KrylovKit v0.5.4
  [d3d80556] LineSearches v7.2.0
  [33e6dc65] MKL v0.6.0
  [429524aa] Optim v1.7.3
⌃ [91a5bcdd] Plots v1.35.4
⌃ [c3e4b0f8] Pluto v0.19.14
  [3c0b384b] QuantumInformation v0.4.9
  [189a3867] Reexport v1.2.2
  [295af30f] Revise v3.4.0
  [ebcc8a00] SpinSymmetry v0.3.3
  [59d54670] ThreadedSparseArrays v0.2.2
  [ade2ca70] Dates
  [8ba89e20] Distributed
  [37e2e46d] LinearAlgebra
  [de0858da] Printf
  [9a3f8284] Random
  [1a1011a3] SharedArrays
  [2f01184e] SparseArrays
  [10745b16] Statistics
Info Packages marked with ⌃ have new versions available
[2022-11-19T16:07:14.531]**********RANDOM FIELDS**********
shared_krylov.jl
Working Directory:          /lustre/work/ws/ws1/hd_ku269-light_cones/WorkingFolder
SLURM Directory:            /lustre/work/ws/ws1/hd_ku269-light_cones/WorkingFolder 
Running on host:            n0419
Job id:                     7742511
Job name:                   otoc_simulation_N17_Krylov
Number of nodes allocated:  
Number of cores allocated:  1
#threads of Julia:          96
#threads of BLAS:           1
ARGS = ["17", "25", "0", "RS", "x", "12"]
LOCATION = "/lustre/work/ws/ws1/hd_ku269-logs/LightCones/2022-11-19"
N = 17
SHOTS = 25
MULT_RANDOM_STATES = false
N_RANDOM_STATES = 0
TYPE_OF_RS = "RS"
OBSERVABLE = "x"
DISORDER_PARAM = 12.0
[2022-11-19T16:07:14.744]**********Running simulation**********
[2022-11-19T16:07:14.854]trange = [0.001, 0.0010974987654930556, 0.0012045035402587824, 0.0013219411484660286, 0.0014508287784959386, 0.0015922827933410922, 0.001747528400007683, 0.0019179102616724867, 0.00210490414451202, 0.0023101297000831605, 0.0025353644939701114, 0.0027825594022071257, 0.0030538555088334154, 0.003351602650938841, 0.0036783797718286343, 0.004037017258596553, 0.004430621457583882, 0.004862601580065354, 0.005336699231206312, 0.005857020818056668, 0.006428073117284319, 0.007054802310718645, 0.007742636826811269, 0.008497534359086439, 0.0093260334688322, 0.010235310218990268, 0.011233240329780276, 0.012328467394420665, 0.013530477745798075, 0.01484968262254465, 0.016297508346206444, 0.01788649529057435, 0.019630406500402715, 0.021544346900318832, 0.023644894126454073, 0.025950242113997372, 0.02848035868435802, 0.031257158496882355, 0.03430469286314919, 0.037649358067924674, 0.04132012400115335, 0.04534878508128582, 0.04977023564332114, 0.05462277217684343, 0.05994842503189409, 0.06579332246575682, 0.07220809018385464, 0.0792482898353917, 0.08697490026177834, 0.09545484566618347, 0.10476157527896648, 0.11497569953977356, 0.1261856883066021, 0.13848863713938728, 0.1519911082952933, 0.1668100537200059, 0.18307382802953673, 0.20092330025650484, 0.22051307399030456, 0.24201282647943803, 0.2656087782946687, 0.2915053062825176, 0.31992671377973847, 0.35111917342151316, 0.385352859371053, 0.4229242874389499, 0.46415888336127786, 0.5094138014816381, 0.5590810182512223, 0.6135907273413176, 0.6734150657750821, 0.7390722033525775, 0.8111308307896873, 0.8902150854450384, 0.9770099572992257, 1.072267222010323, 1.1768119524349978, 1.291549665014884, 1.4174741629268048, 1.5556761439304723, 1.7073526474706904, 1.873817422860385, 2.0565123083486516, 2.2570197196339192, 2.4770763559917115, 2.71858824273294, 2.9836472402833403, 3.2745491628777286, 3.593813663804626, 3.944206059437656, 4.328761281083057, 4.750810162102798, 5.214008287999684, 5.72236765935022, 6.280291441834253, 6.892612104349695, 7.56463327554629, 8.302175681319744, 9.111627561154895, 10.0]
[2022-11-19T16:07:15.157]A = σx
[2022-11-19T16:07:21.624]alpha=6
[2022-11-19T16:07:21.624]PBC
[2022-11-19T16:07:21.992]Sampled 1 random initial state
[[2022-11-19T16:07:23.418]Created Hamiltonian for Shot 1
2022-11-19T16:07:23.418]Created Hamiltonian for Shot 5
[2022-11-19T16:07:23.418]Created Hamiltonian for Shot 18
[2022-11-19T16:07:23.418]Created Hamiltonian for Shot 14
[2022-11-19T16:07:23.524]Created Hamiltonian for Shot 16
[2022-11-19T16:07:23.528]Created Hamiltonian for Shot 24
[2022-11-19T16:07:23.540]Created Hamiltonian for Shot 6
[[2022-11-19T16:07:23.549]Created Hamiltonian for Shot 12
[[[2022-11-19T16:07:23.551]Created Hamiltonian for Shot 17
2022-11-19T16:07:23.551]Created Hamiltonian for Shot 23
2022-11-19T16:07:23.551]Created Hamiltonian for Shot 19
[2022-11-19T16:07:23.551]Created Hamiltonian for Shot 9
[2022-11-19T16:07:23.554]Created Hamiltonian for Shot 10
[2022-11-19T16:07:23.555]Created Hamiltonian for Shot 8
[2022-11-19T16:07:23.557]Created Hamiltonian for Shot 2
[2022-11-19T16:07:23.558]Created Hamiltonian for Shot 21
[2022-11-19T16:07:23.561]Created Hamiltonian for Shot 7
[2022-11-19T16:07:23.562]Created Hamiltonian for Shot 22
[2022-11-19T16:07:23.568]Created Hamiltonian for Shot 3
[2022-11-19T16:07:23.570]Created Hamiltonian for Shot 11
[2022-11-19T16:07:23.592]Created Hamiltonian for Shot 15
[2022-11-19T16:07:23.603]Created Hamiltonian for Shot 4
[2022-11-19T16:07:23.621]Created Hamiltonian for Shot 20
[2022-11-19T16:07:23.622]Created Hamiltonian for Shot 25
2022-11-19T16:07:23.549]Created Hamiltonian for Shot 13
73341.841283 seconds (820.51 M allocations: 72.721 TiB, 3.40% gc time, 0.03% compilation time)
[2022-11-20T12:29:45.535]Completed Shot 4
84801.584136 seconds (944.19 M allocations: 83.904 TiB, 3.38% gc time, 0.02% compilation time)
[2022-11-20T15:40:45.174]Completed Shot 7
85255.476810 seconds (949.09 M allocations: 84.348 TiB, 3.38% gc time, 0.02% compilation time)
[2022-11-20T15:48:19.034]Completed Shot 2
85547.243201 seconds (952.26 M allocations: 84.636 TiB, 3.38% gc time, 0.02% compilation time)
[2022-11-20T15:53:10.814]Completed Shot 11
85575.157687 seconds (952.65 M allocations: 84.667 TiB, 3.38% gc time, 0.02% compilation time)
[2022-11-20T15:53:38.576]Completed Shot 5
85781.129380 seconds (954.81 M allocations: 84.865 TiB, 3.38% gc time, 0.02% compilation time)
[2022-11-20T15:57:04.679]Completed Shot 12
85988.813733 seconds (929.76 M allocations: 85.075 TiB, 3.37% gc time, 0.01% compilation time)
[2022-11-20T16:00:49.727]Completed Shot 13
86333.544805 seconds (960.72 M allocations: 85.400 TiB, 3.37% gc time, 0.02% compilation time)
[2022-11-20T16:06:17.108]Completed Shot 22
92878.107637 seconds (1.03 G allocations: 91.748 TiB, 3.37% gc time, 0.02% compilation time)
[2022-11-20T17:55:21.736]Completed Shot 8
92973.602120 seconds (1.03 G allocations: 91.840 TiB, 3.37% gc time, 0.02% compilation time)
[2022-11-20T17:56:57.154]Completed Shot 19
93047.207672 seconds (1.03 G allocations: 91.912 TiB, 3.37% gc time, 0.02% compilation time)
[2022-11-20T17:58:10.766]Completed Shot 21
93069.178565 seconds (1.03 G allocations: 91.934 TiB, 3.37% gc time, 0.02% compilation time)
[2022-11-20T17:58:32.747]Completed Shot 3
93078.464013 seconds (1.03 G allocations: 91.943 TiB, 3.37% gc time, 0.02% compilation time)
[2022-11-20T17:58:42.086]Completed Shot 25
93083.934712 seconds (1.03 G allocations: 91.948 TiB, 3.37% gc time, 0.02% compilation time)
[2022-11-20T17:58:47.527]Completed Shot 15
93139.453836 seconds (1.03 G allocations: 91.999 TiB, 3.37% gc time, 0.02% compilation time)
[2022-11-20T17:59:43.005]Completed Shot 17
93141.950748 seconds (1.03 G allocations: 92.001 TiB, 3.37% gc time, 0.02% compilation time)
[2022-11-20T17:59:45.572]Completed Shot 20
93158.906471 seconds (1.03 G allocations: 92.020 TiB, 3.37% gc time, 0.02% compilation time)
[2022-11-20T18:00:02.325]Completed Shot 1
93247.057609 seconds (1.03 G allocations: 92.109 TiB, 3.37% gc time, 0.02% compilation time)
[2022-11-20T18:01:30.476]Completed Shot 18
93304.212958 seconds (1.04 G allocations: 92.169 TiB, 3.38% gc time, 0.02% compilation time)
[2022-11-20T18:02:27.631]Completed Shot 14
93306.887500 seconds (1.04 G allocations: 92.168 TiB, 3.38% gc time, 0.02% compilation time)
[2022-11-20T18:02:30.441]Completed Shot 10
93310.345281 seconds (1.04 G allocations: 92.172 TiB, 3.38% gc time, 0.02% compilation time)
[2022-11-20T18:02:33.870]Completed Shot 16
93320.039758 seconds (1.04 G allocations: 92.182 TiB, 3.38% gc time, 0.02% compilation time)
[2022-11-20T18:02:43.591]Completed Shot 23
93321.707884 seconds (1.04 G allocations: 92.184 TiB, 3.38% gc time, 0.02% compilation time)
[2022-11-20T18:02:45.250]Completed Shot 6
94091.186263 seconds (1.04 G allocations: 92.947 TiB, 3.44% gc time, 0.02% compilation time)
[2022-11-20T18:15:34.716]Completed Shot 24
94104.127838 seconds (1.04 G allocations: 92.948 TiB, 3.44% gc time, 0.02% compilation time)
[2022-11-20T18:15:47.679]Completed Shot 9
[2022-11-20T18:15:47.688]**********Simulation completed!**********
[2022-11-20T18:15:47.688]**********Saving**********
[2022-11-20T18:15:53.208]Saving file: /lustre/work/ws/ws1/hd_ku269-logs/LightCones/2022-11-19/7742511_N17_RS.jld2
[2022-11-20T18:15:56.016]**********Run completed!**********
