  Activating project at `/gpfs/bwfor/work/ws/hd_ku269-light_cones/WorkingFolder`
Added MKL.jl
Project LightCones v0.1.0
Status `/gpfs/bwfor/work/ws/hd_ku269-light_cones/WorkingFolder/Project.toml`
  [7d9fca2a] Arpack v0.5.3
  [7073ff75] IJulia v1.23.3
  [033835bb] JLD2 v0.4.25
  [0b1a1467] KrylovKit v0.6.0
  [d3d80556] LineSearches v7.2.0
  [33e6dc65] MKL v0.6.0
  [429524aa] Optim v1.7.3
  [91a5bcdd] Plots v1.35.5
  [c3e4b0f8] Pluto v0.19.14
  [3c0b384b] QuantumInformation v0.4.9
  [189a3867] Reexport v1.2.2
  [295af30f] Revise v3.4.0
  [ebcc8a00] SpinSymmetry v0.3.3
  [59d54670] ThreadedSparseArrays v0.2.2
  [ade2ca70] Dates
  [8ba89e20] Distributed
  [37e2e46d] LinearAlgebra
  [de0858da] Printf
  [9a3f8284] Random
  [1a1011a3] SharedArrays
  [2f01184e] SparseArrays
  [10745b16] Statistics
[2022-11-29T03:01:18.164]**********RANDOM FIELDS**********
shared_ED_pbc.jl
Working Directory:          /gpfs/bwfor/work/ws/hd_ku269-light_cones/WorkingFolder
SLURM Directory:            /gpfs/bwfor/work/ws/hd_ku269-light_cones/WorkingFolder 
Running on host:            m05n07
Job id:                     369907
Job name:                   otoc_simulation_N13_ED_pbc
Number of nodes allocated:  
Number of cores allocated:  1
#threads of Julia:          64
#threads of BLAS:           64
ARGS = ["13", "25", "z", "50"]
LOCATION = "/gpfs/bwfor/work/ws/hd_ku269-logs/LightCones/2022-11-29"
N = 13
SHOTS = 25
OBSERVABLE = "z"
DISORDER_PARAM = 50.0
[2022-11-29T03:01:18.353]**********Running simulation**********
[2022-11-29T03:01:18.408]trange = [0.001, 0.0012328467394420659, 0.0015199110829529332, 0.001873817422860383, 0.002310129700083158, 0.002848035868435802, 0.003511191734215131, 0.004328761281083057, 0.005336699231206307, 0.006579332246575682, 0.008111308307896864, 0.010000000000000002, 0.012328467394420665, 0.01519911082952933, 0.01873817422860384, 0.023101297000831605, 0.02848035868435802, 0.03511191734215131, 0.043287612810830614, 0.05336699231206307, 0.0657933224657568, 0.08111308307896876, 0.09999999999999995, 0.12328467394420659, 0.15199110829529347, 0.1873817422860385, 0.23101297000831617, 0.2848035868435802, 0.3511191734215131, 0.43287612810830595, 0.5336699231206312, 0.6579332246575682, 0.8111308307896873, 1.0, 1.232846739442066, 1.5199110829529339, 1.873817422860383, 2.31012970008316, 2.8480358684358005, 3.5111917342151275, 4.328761281083057, 5.3366992312063095, 6.5793322465756825, 8.11130830789688, 9.999999999999995, 12.32846739442066, 15.199110829529348, 18.73817422860384, 23.101297000831604, 28.480358684358034, 35.11191734215131, 43.28761281083057, 53.366992312063154, 65.79332246575676, 81.11308307896864, 100.0, 123.28467394420646, 151.99110829529363, 187.3817422860383, 231.01297000831556, 284.8035868435805, 351.11917342151276, 432.87612810830615, 533.6699231206312, 657.9332246575682, 811.1308307896873, 1000.0, 1232.8467394420659, 1519.9110829529332, 1873.817422860383, 2310.1297000831582, 2848.035868435799, 3511.1917342151273, 4328.761281083052, 5336.6992312063185, 6579.332246575669, 8111.308307896856, 10000.0, 12328.467394420633, 15199.11082952933, 18738.17422860383, 23101.297000831626, 28480.35868435805, 35111.917342151275, 43287.612810830615, 53366.99231206302, 65793.32246575695, 81113.08307896873, 100000.0, 123284.67394420685, 151991.10829529332, 187381.74228603867, 231012.97000831628, 284803.5868435805, 351119.17342151346, 432876.12810830615, 533669.9231206313, 657933.2246575683, 811130.8307896872, 1.0e6]
[2022-11-29T03:01:18.725]A=σz
[2022-11-29T03:01:19.210]alpha = 6
[2022-11-29T03:01:19.210]PBC
[2022-11-29T03:01:20.213]Created Hamiltonian for Shot 21
[2022-11-29T03:01:20.213]Created Hamiltonian for Shot 3
[2022-11-29T03:01:20.213]Created Hamiltonian for Shot 7
[[2022-11-29T03:01:20.213]Created Hamiltonian for Shot 19
2022-11-29T03:01:20.213]Created Hamiltonian for Shot 9
[2022-11-29T03:01:20.213]Created Hamiltonian for Shot 10
[2022-11-29T03:01:20.213]Created Hamiltonian for Shot 11
[2022-11-29T03:01:20.213]Created Hamiltonian for Shot 16
[2022-11-29T03:01:20.214]Created Hamiltonian for Shot 23
[2022-11-29T03:01:20.214]Created Hamiltonian for Shot 2
[[2022-11-29T03:01:20.215]Created Hamiltonian for Shot 14
2022-11-29T03:01:20.215]Created Hamiltonian for Shot 4
[2022-11-29T03:01:20.215]Created Hamiltonian for Shot 12
[[[[[2022-11-29T03:01:20.259]Created Hamiltonian for Shot 22
[2022-11-29T03:01:20.259]Created Hamiltonian for Shot 18
[[[[[2022-11-29T03:01:20.259]Created Hamiltonian for Shot 13
2022-11-29T03:01:20.259]Created Hamiltonian for Shot 24
2022-11-29T03:01:20.259]Created Hamiltonian for Shot 5
2022-11-29T03:01:20.2592022-11-29T03:01:20.259]Created Hamiltonian for Shot 17
2022-11-29T03:01:20.259]Created Hamiltonian for Shot 25
2022-11-29T03:01:20.259]Created Hamiltonian for Shot 20
2022-11-29T03:01:20.259]]Created Hamiltonian for Shot 6
2022-11-29T03:01:20.259Created Hamiltonian for Shot 8]Created Hamiltonian for Shot 15

[2022-11-29T03:01:20.260]Created Hamiltonian for Shot 1
[[[[[2022-11-29T04:40:23.119]Diagonalized H.2022-11-29T04:40:23.119
]Diagonalized H.
2022-11-29T04:40:23.163]Diagonalized H.
2022-11-29T04:40:23.164]Diagonalized H.
2022-11-29T04:40:23.163]Diagonalized H.
[[2022-11-29T04:40:23.249]Diagonalized H.
2022-11-29T04:40:23.249]Diagonalized H.
[2022-11-29T04:40:23.401]Diagonalized H.
[2022-11-29T04:40:23.447]Diagonalized H.
[2022-11-29T04:40:23.450]Diagonalized H.
[2022-11-29T04:40:23.450]Diagonalized H.
[2022-11-29T04:40:23.451]Diagonalized H.
[2022-11-29T04:40:23.451]Diagonalized H.
[2022-11-29T04:40:23.451]Diagonalized H.
[[[[[[[2022-11-29T04:40:24.618]Diagonalized H.
2022-11-29T04:40:24.578]Diagonalized H.
2022-11-29T04:40:24.513]2022-11-29T04:40:24.5762022-11-29T04:40:24.563]Diagonalized H.
2022-11-29T04:40:24.563]Diagonalized H.
Diagonalized H.]Diagonalized H.
2022-11-29T04:40:24.515
]Diagonalized H.
[[[2022-11-29T04:40:26.669]Diagonalized H.
[2022-11-29T04:40:26.576]Diagonalized H.
2022-11-29T04:40:26.398]Diagonalized H.
2022-11-29T04:40:26.625]Diagonalized H.
[2022-11-29T05:43:02.301]Completed Shot 14
[2022-11-29T06:09:45.430]Completed Shot 19
[2022-11-29T06:13:17.988]Completed Shot 11
[2022-11-29T06:22:28.562]Completed Shot 22
[2022-11-29T06:51:49.863]Completed Shot 5
[2022-11-29T06:59:37.989]Completed Shot 2
[2022-11-29T07:05:07.748]Completed Shot 23
[2022-11-29T07:13:19.135]Completed Shot 9
[2022-11-29T07:14:24.881]Completed Shot 17
[2022-11-29T07:14:56.668]Completed Shot 24
[2022-11-29T07:20:01.967]Completed Shot 25
[2022-11-29T07:28:06.379]Completed Shot 13
[2022-11-29T07:28:11.435]Completed Shot 3
[2022-11-29T07:30:13.090]Completed Shot 1
[2022-11-29T07:32:16.367]Completed Shot 4
[2022-11-29T07:33:21.886]Completed Shot 7
[2022-11-29T07:34:39.464]Completed Shot 8
[2022-11-29T07:34:59.418]Completed Shot 21
[2022-11-29T07:35:16.435]Completed Shot 10
[2022-11-29T07:35:26.175]Completed Shot 15
[2022-11-29T07:35:45.706]Completed Shot 6
[2022-11-29T07:35:46.763]Completed Shot 18
[2022-11-29T07:35:59.780]Completed Shot 20
[2022-11-29T07:36:00.550]Completed Shot 16
[2022-11-29T07:36:05.300]Completed Shot 12
[2022-11-29T07:36:05.301]**********Simulation completed!**********
[2022-11-29T07:36:05.301]**********Saving**********
[2022-11-29T07:36:09.300]Saving file: /gpfs/bwfor/work/ws/hd_ku269-logs/LightCones/2022-11-29/369907_N13_ED.jld2
[2022-11-29T07:36:10.695]**********Run completed!**********
============================= JOB FEEDBACK =============================
Job ID: 369907
Cluster: helix
User/Group: hd_ku269/hd_hd
State: COMPLETED (exit code 0)
Nodes: 1
Cores per node: 64
CPU Utilized: 11-23:41:57
CPU Efficiency: 97.98% of 12-05:37:04 core-walltime
Job Wall-clock time: 04:35:16
Memory Utilized: 143.03 GB
Memory Efficiency: 58.38% of 245.00 GB
