  Activating project at `/lustre/work/ws/ws1/hd_ku269-light_cones/LightCones`
Added MKL.jl
Project LightCones v0.1.0
Status `/lustre/work/ws/ws1/hd_ku269-light_cones/LightCones/Project.toml`
  [7d9fca2a] Arpack v0.5.3
  [7073ff75] IJulia v1.23.3
  [033835bb] JLD2 v0.4.25
  [0b1a1467] KrylovKit v0.5.4
  [d3d80556] LineSearches v7.2.0
  [33e6dc65] MKL v0.5.0
  [429524aa] Optim v1.7.3
  [91a5bcdd] Plots v1.35.3
  [c3e4b0f8] Pluto v0.19.13
  [3c0b384b] QuantumInformation v0.4.9
  [189a3867] Reexport v1.2.2
  [295af30f] Revise v3.4.0
  [ebcc8a00] SpinSymmetry v0.3.3
  [59d54670] ThreadedSparseArrays v0.2.2
  [ade2ca70] Dates
  [8ba89e20] Distributed
  [37e2e46d] LinearAlgebra
  [de0858da] Printf
  [9a3f8284] Random
  [1a1011a3] SharedArrays
  [2f01184e] SparseArrays
  [10745b16] Statistics
[2022-10-16T16:52:05.266]**********RANDOM FIELDS**********
shared_krylov.jl
Working Directory:          /lustre/work/ws/ws1/hd_ku269-light_cones/LightCones
SLURM Directory:            /lustre/work/ws/ws1/hd_ku269-light_cones/LightCones 
Running on host:            n1413
Job id:                     7361032
Job name:                   otoc_simulation_N13_ED
Number of nodes allocated:  
Number of cores allocated:  1
#threads of Julia:          96
#threads of BLAS:           1
ARGS = ["13", "50", "x", "3"]
LOCATION = "/lustre/work/ws/ws1/hd_ku269-logs/LightCones/2022-10-16"
N = 13
SHOTS = 50
OBSERVABLE = "x"
DISORDER_PARAM = 3.0
[2022-10-16T16:52:05.470]**********Running simulation**********
[2022-10-16T16:52:05.470]s = 10
[2022-10-16T16:52:05.546]trange = [0.001, 0.001291549665014884, 0.0016681005372000592, 0.002154434690031882, 0.002782559402207123, 0.003593813663804626, 0.004641588833612777, 0.005994842503189409, 0.007742636826811269, 0.010000000000000005, 0.012915496650148827, 0.016681005372000592, 0.021544346900318846, 0.02782559402207123, 0.03593813663804628, 0.046415888336127795, 0.05994842503189412, 0.0774263682681127, 0.1000000000000001, 0.12915496650148833, 0.16681005372000582, 0.21544346900318856, 0.2782559402207123, 0.3593813663804626, 0.4641588833612782, 0.5994842503189415, 0.7742636826811278, 1.0, 1.291549665014884, 1.6681005372000592, 2.1544346900318843, 2.782559402207126, 3.5938136638046294, 4.6415888336127775, 5.994842503189409, 7.742636826811274, 10.0, 12.91549665014884, 16.681005372000584, 21.54434690031882, 27.82559402207123, 35.938136638046274, 46.41588833612782, 59.948425031894146, 77.42636826811265, 100.0, 129.1549665014884, 166.81005372000593, 215.44346900318845, 278.2559402207126, 359.3813663804629, 464.15888336127773, 599.4842503189421, 774.263682681127, 999.999999999999, 1291.5496650148852, 1668.1005372000575, 2154.4346900318865, 2782.559402207126, 3593.813663804622, 4641.588833612782, 5994.8425031894085, 7742.636826811277, 10000.0, 12915.496650148852, 16681.005372000593, 21544.346900318822, 27825.59402207126, 35938.13663804626, 46415.88833612782, 59948.42503189409, 77426.36826811262, 100000.0, 129154.96650148826, 166810.0537200059, 215443.46900318822, 278255.94022071204, 359381.36638046254, 464158.8833612772, 599484.2503189421, 774263.6826811262, 1.0000000000000021e6, 1.2915496650148828e6, 1.6681005372000558e6, 2.1544346900318866e6, 2.782559402207126e6, 3.593813663804633e6, 4.641588833612782e6, 5.994842503189396e6, 7.742636826811277e6, 1.0e7, 1.2915496650148854e7, 1.6681005372000592e7, 2.154434690031887e7, 2.7825594022071257e7, 3.593813663804626e7, 4.641588833612782e7, 5.994842503189409e7, 7.742636826811278e7, 1.0e8]
[2022-10-16T16:52:05.975]A = σx
[2022-10-16T16:52:08.393]Created Hamiltonian for Shot 50
[2022-10-16T16:52:08.393]Created Hamiltonian for Shot 15
[2022-10-16T16:52:08.394]Created Hamiltonian for Shot 42
[2022-10-16T16:52:08.394]Created Hamiltonian for Shot 45
[2022-10-16T16:52:08.396]Created Hamiltonian for Shot 46
[2022-10-16T16:52:08.396]Created Hamiltonian for Shot 48
[2022-10-16T16:52:08.396]Created Hamiltonian for Shot 44
[2022-10-16T16:52:08.396]Created Hamiltonian for Shot 1
[2022-10-16T16:52:08.400]Created Hamiltonian for Shot 35
[2022-10-16T16:52:08.400]Created Hamiltonian for Shot 41
[2022-10-16T16:52:08.413]Created Hamiltonian for Shot 19
[2022-10-16T16:52:08.416]Created Hamiltonian for Shot 25
[2022-10-16T16:52:08.417]Created Hamiltonian for Shot 17
[2022-10-16T16:52:08.417]Created Hamiltonian for Shot 12
[2022-10-16T16:52:08.420]Created Hamiltonian for Shot 8
[2022-10-16T16:52:08.423]Created Hamiltonian for Shot 34
[2022-10-16T16:52:08.423]Created Hamiltonian for Shot 29
[2022-10-16T16:52:08.424]Created Hamiltonian for Shot 31
[[2022-10-16T16:52:08.424]Created Hamiltonian for Shot 4
2022-10-16T16:52:08.424]Created Hamiltonian for Shot 18
[2022-10-16T16:52:08.424]Created Hamiltonian for Shot 39
[2022-10-16T16:52:08.424]Created Hamiltonian for Shot 49
[2022-10-16T16:52:08.424]Created Hamiltonian for Shot 6
[2022-10-16T16:52:08.425]Created Hamiltonian for Shot 20
[2022-10-16T16:52:08.425]Created Hamiltonian for Shot 40
[2022-10-16T16:52:08.425]Created Hamiltonian for Shot 21
[2022-10-16T16:52:08.426]Created Hamiltonian for Shot 27
[2022-10-16T16:52:08.426]Created Hamiltonian for Shot 30
[2022-10-16T16:52:08.426]Created Hamiltonian for Shot 16
[2022-10-16T16:52:08.427]Created Hamiltonian for Shot 24
[[2022-10-16T16:52:08.427]Created Hamiltonian for Shot 2
2022-10-16T16:52:08.427]Created Hamiltonian for Shot 28
[[2022-10-16T16:52:08.427]Created Hamiltonian for Shot 14
2022-10-16T16:52:08.427]Created Hamiltonian for Shot 33
[2022-10-16T16:52:08.428]Created Hamiltonian for Shot 43
[2022-10-16T16:52:08.428]Created Hamiltonian for Shot 32
[[2022-10-16T16:52:08.428]Created Hamiltonian for Shot 11
2022-10-16T16:52:08.428]Created Hamiltonian for Shot 47
[2022-10-16T16:52:08.428]Created Hamiltonian for Shot 37
[2022-10-16T16:52:08.428]Created Hamiltonian for Shot 22
[2022-10-16T16:52:08.428]Created Hamiltonian for Shot 13
[2022-10-16T16:52:08.428]Created Hamiltonian for Shot 26
[2022-10-16T16:52:08.428]Created Hamiltonian for Shot 23
[2022-10-16T16:52:08.428]Created Hamiltonian for Shot 3
[[2022-10-16T16:52:08.428]Created Hamiltonian for Shot 10
2022-10-16T16:52:08.428]Created Hamiltonian for Shot 36
[2022-10-16T16:52:08.428]Created Hamiltonian for Shot 38
[[2022-10-16T16:52:08.428]Created Hamiltonian for Shot 5
2022-10-16T16:52:08.428]Created Hamiltonian for Shot 9
[2022-10-16T16:52:08.428]Created Hamiltonian for Shot 7
[[2022-10-16T17:03:56.306]Diagonalized H.
[[[[[[[[[[[[[[[[[[[[2022-10-16T17:03:56.252]Diagonalized H.
[2022-10-16T17:03:56.255]Diagonalized H.
2022-10-16T17:03:56.302]Diagonalized H.
2022-10-16T17:03:56.255]Diagonalized H.
2022-10-16T17:03:56.303]Diagonalized H.
2022-10-16T17:03:56.304]Diagonalized H.
[2022-10-16T17:03:56.266][[[[2022-10-16T17:03:56.262]Diagonalized H.
[[2022-10-16T17:03:57.134]Diagonalized H.
[[[[2022-10-16T17:03:56.303]Diagonalized H.
2022-10-16T17:03:56.305]Diagonalized H.
2022-10-16T17:03:56.304]Diagonalized H.
2022-10-16T17:03:56.304]Diagonalized H.
[2022-10-16T17:03:56.269]Diagonalized H.
2022-10-16T17:03:56.262]Diagonalized H.
2022-10-16T17:03:57.146]Diagonalized H.
2022-10-16T17:03:56.302]Diagonalized H.
2022-10-16T17:03:56.405]Diagonalized H.
2022-10-16T17:03:56.304]Diagonalized H.
2022-10-16T17:03:56.268]Diagonalized H.
2022-10-16T17:03:56.301]Diagonalized H.
2022-10-16T17:03:56.270]Diagonalized H.
[[2022-10-16T17:03:56.261][[2022-10-16T17:03:56.269]Diagonalized H.
2022-10-16T17:03:56.411]Diagonalized H.
2022-10-16T17:03:56.259]Diagonalized H.
[[2022-10-16T17:03:56.297]Diagonalized H.
[[2022-10-16T17:03:56.411]Diagonalized H.2022-10-16T17:03:56.267]Diagonalized H.
[2022-10-16T17:03:56.266]Diagonalized H.
2022-10-16T17:03:56.262]Diagonalized H.
2022-10-16T17:03:56.273]Diagonalized H.
[
[2022-10-16T17:03:56.304]Diagonalized H.
[2022-10-16T17:03:56.269]Diagonalized H.
2022-10-16T17:03:56.305]Diagonalized H.
2022-10-16T17:03:56.266]Diagonalized H.
[2022-10-16T17:03:57.148[2022-10-16T17:03:56.269]Diagonalized H.
]Diagonalized H.
2022-10-16T17:03:56.271]Diagonalized H.
2022-10-16T17:03:56.304]2022-10-16T17:03:56.303Diagonalized H.
]Diagonalized H.
Diagonalized H.
2022-10-16T17:03:56.304]Diagonalized H.
2022-10-16T17:03:56.303]Diagonalized H.
Diagonalized H.
2022-10-16T17:03:56.304]Diagonalized H.
2022-10-16T17:03:56.303]Diagonalized H.
2022-10-16T17:03:56.261]Diagonalized H.
2022-10-16T17:03:56.303]Diagonalized H.
2022-10-16T17:03:56.308]Diagonalized H.
[2022-10-16T17:03:57.457]Diagonalized H.
[2022-10-17T02:10:09.306]Completed Shot 50
[2022-10-17T02:17:22.789]Completed Shot 22
[2022-10-17T02:46:14.225]Completed Shot 44
[2022-10-17T03:40:24.887]Completed Shot 13
[2022-10-17T03:51:13.408]Completed Shot 49
[2022-10-17T03:57:51.871]Completed Shot 15
[2022-10-17T03:59:25.841]Completed Shot 28
[2022-10-17T04:04:26.421]Completed Shot 32
[2022-10-17T04:11:38.231]Completed Shot 19
[2022-10-17T04:16:08.440]Completed Shot 6
[2022-10-17T04:22:01.807]Completed Shot 3
[2022-10-17T04:23:36.355]Completed Shot 9
[2022-10-17T04:23:36.355]Completed Shot 8
[2022-10-17T04:24:30.732]Completed Shot 48
[2022-10-17T04:25:31.586]Completed Shot 36
[2022-10-17T04:25:43.736]Completed Shot 11
[2022-10-17T04:27:47.081]Completed Shot 35
[2022-10-17T04:28:23.004]Completed Shot 29
[2022-10-17T04:40:45.799]Completed Shot 23
[2022-10-17T04:41:09.769]Completed Shot 4
[2022-10-17T04:41:22.482]Completed Shot 16
[2022-10-17T04:42:12.789]Completed Shot 41
[2022-10-17T04:42:42.989]Completed Shot 12
[2022-10-17T04:43:00.284]Completed Shot 7
[2022-10-17T04:44:12.751]Completed Shot 34
[2022-10-17T04:46:31.784]Completed Shot 37
[2022-10-17T04:47:09.662]Completed Shot 2
[2022-10-17T04:47:23.234]Completed Shot 21
[2022-10-17T04:47:50.936]Completed Shot 25
[2022-10-17T04:47:56.300]Completed Shot 1
[2022-10-17T04:48:17.142]Completed Shot 30
[2022-10-17T04:48:21.249]Completed Shot 24
[2022-10-17T04:48:34.557]Completed Shot 33
[2022-10-17T04:48:45.558]Completed Shot 39
[2022-10-17T04:48:46.525]Completed Shot 14
[2022-10-17T04:48:58.816]Completed Shot 38
[2022-10-17T04:49:02.296]Completed Shot 40
[2022-10-17T04:49:05.962]Completed Shot 18
[2022-10-17T04:49:09.998]Completed Shot 5
[2022-10-17T04:49:21.244]Completed Shot 43
[2022-10-17T04:49:26.910]Completed Shot 31
[2022-10-17T04:49:33.581]Completed Shot 42
[2022-10-17T04:49:39.722]Completed Shot 47
[2022-10-17T04:49:41.246]Completed Shot 45
[2022-10-17T04:49:42.225]Completed Shot 20
[2022-10-17T04:49:48.775]Completed Shot 46
[2022-10-17T04:49:50.178]Completed Shot 10
[2022-10-17T04:49:58.820]Completed Shot 26
[2022-10-17T04:50:00.228]Completed Shot 17
[2022-10-17T04:50:05.348]Completed Shot 27
[2022-10-17T04:50:05.357]**********Simulation completed!**********
[2022-10-17T04:50:05.358]**********Saving**********
[2022-10-17T04:50:10.578]Saving file: /lustre/work/ws/ws1/hd_ku269-logs/LightCones/2022-10-16/7361032_N13_ED.jld2
[2022-10-17T04:50:13.143]**********Run completed!**********
