  Activating project at `/lustre/work/ws/ws1/hd_ku269-light_cones/LightCones`
Added MKL.jl
     Project LightCones v0.1.0
      Status `/lustre/work/ws/ws1/hd_ku269-light_cones/LightCones/Project.toml`
  [7d9fca2a] Arpack v0.5.3
  [d9af566e] FilteredMatrices v0.1.0 `https://github.com/pablosanjose/FilteredMatrices.jl.git#master`
  [7073ff75] IJulia v1.23.2
  [033835bb] JLD2 v0.4.17
  [0b1a1467] KrylovKit v0.5.3
  [d3d80556] LineSearches v7.1.1
  [429524aa] Optim v1.6.0
  [14b8a8f1] PkgTemplates v0.7.26
  [91a5bcdd] Plots v1.24.3
  [c3e4b0f8] Pluto v0.17.7
  [189a3867] Reexport v1.2.2
  [295af30f] Revise v3.3.1
  [6038ab10] Rotations v1.1.1
  [d0a720f3] SimLib v0.9.1 `https://github.com/abraemer/SimLib.jl.git#main`
  [ebcc8a00] SpinSymmetry v0.3.3
  [df0c8232] XXZNumerics v0.6.0 `https://github.com/abraemer/XXZNumerics.jl.git#main`
  [ade2ca70] Dates
  [8ba89e20] Distributed
  [37e2e46d] LinearAlgebra
  [de0858da] Printf
  [9a3f8284] Random
  [1a1011a3] SharedArrays
  [2f01184e] SparseArrays
  [10745b16] Statistics
shared_krylov.jl
Working Directory:          /lustre/work/ws/ws1/hd_ku269-light_cones/LightCones
SLURM Directory:            /lustre/work/ws/ws1/hd_ku269-light_cones/LightCones 
Running on host:            n1228
Job id:                     5203836
Job name:                   otoc_simulation_N10_100S
Number of nodes allocated:  
Number of cores allocated:  1
#threads of Julia:          96
#threads of BLAS:           1
ARGS = ["10", "1", "100", "z", "0"]
LOCATION = "/lustre/work/ws/ws1/hd_ku269-logs/LightCones/2022-03-06"
N = 10
SHOTS = 1
RANDOM_STATES = true
N_RANDOM_STATES = 100
OBSERVABLE = "z"
DISORDER_PARAM = 0.0
[2022-03-06T20:51:37.821]**********Running simulation**********
[2022-03-06T20:51:39.954]Used Random Product States.
[2022-03-06T20:51:39.954]Used Random Product States.
[2022-03-06T20:51:39.954]Used Random Product States.
[2022-03-06T20:51:39.954]Used Random Product States.
[2022-03-06T20:51:39.954]Used Random Product States.
[2022-03-06T20:51:39.954]Used Random Product States.
[2022-03-06T20:51:39.954]Used Random Product States.
[2022-03-06T20:51:39.954]Used Random Product States.
[2022-03-06T20:51:39.954]Used Random Product States.
[2022-03-06T20:51:39.954]Used Random Product States.
[2022-03-06T20:51:39.954]Used Random Product States.
[2022-03-06T20:51:39.954]Used Random Product States.
[2022-03-06T20:51:39.954]Used Random Product States.
[2022-03-06T20:51:39.954]Used Random Product States.
[2022-03-06T20:51:39.955]Used Random Product States.
[2022-03-06T20:51:39.955]Used Random Product States.
[2022-03-06T20:51:39.955]Used Random Product States.
[2022-03-06T20:51:39.955]Used Random Product States.
[2022-03-06T20:51:39.955]Used Random Product States.
[2022-03-06T20:51:39.955]Used Random Product States.
[2022-03-06T20:51:39.955]Used Random Product States.
[2022-03-06T20:51:39.955]Used Random Product States.
[2022-03-06T20:51:39.955]Used Random Product States.
[2022-03-06T20:51:39.955]Used Random Product States.
[2022-03-06T20:51:39.955]Used Random Product States.
[2022-03-06T20:51:39.955]Used Random Product States.
[2022-03-06T20:51:39.955]Used Random Product States.
[2022-03-06T20:51:39.955]Used Random Product States.
[2022-03-06T20:51:39.955]Used Random Product States.
[2022-03-06T20:51:39.955]Used Random Product States.
[2022-03-06T20:51:39.955]Used Random Product States.
[2022-03-06T20:51:39.955]Used Random Product States.
[2022-03-06T20:51:39.955]Used Random Product States.
[2022-03-06T20:51:39.955]Used Random Product States.
[2022-03-06T20:51:39.955]Used Random Product States.
[2022-03-06T20:51:39.955]Used Random Product States.
[2022-03-06T20:51:39.955]Used Random Product States.
[2022-03-06T20:51:39.955]Used Random Product States.
[2022-03-06T20:51:39.955]Used Random Product States.
[2022-03-06T20:51:39.955]Used Random Product States.
[2022-03-06T20:51:39.955]Used Random Product States.
[2022-03-06T20:51:39.955]Used Random Product States.
[2022-03-06T20:51:39.955]Used Random Product States.
[2022-03-06T20:51:39.955]Used Random Product States.
[2022-03-06T20:51:39.955]Used Random Product States.
[2022-03-06T20:51:39.955]Used Random Product States.
[2022-03-06T20:51:39.955]Used Random Product States.
[2022-03-06T20:51:39.955]Used Random Product States.
[2022-03-06T20:51:39.955]Used Random Product States.
[2022-03-06T20:51:39.955]Used Random Product States.
[2022-03-06T20:51:39.955]Used Random Product States.
[2022-03-06T20:51:39.955]Used Random Product States.
[2022-03-06T20:51:39.955]Used Random Product States.
[2022-03-06T20:51:39.955]Used Random Product States.
[2022-03-06T20:51:39.955]Used Random Product States.
[2022-03-06T20:51:39.955]Used Random Product States.
[2022-03-06T20:51:39.955]Used Random Product States.
[2022-03-06T20:51:39.955]Used Random Product States.
[2022-03-06T20:51:39.955]Used Random Product States.
[2022-03-06T20:51:39.955]Used Random Product States.
[2022-03-06T20:51:39.955]Used Random Product States.
[2022-03-06T20:51:39.955]Used Random Product States.
[2022-03-06T20:51:39.955]Used Random Product States.
[2022-03-06T20:51:39.955]Used Random Product States.
[2022-03-06T20:51:39.955]Used Random Product States.
[2022-03-06T20:51:39.955]Used Random Product States.
[2022-03-06T20:51:39.955]Used Random Product States.
[2022-03-06T20:51:39.955]Used Random Product States.
[2022-03-06T20:51:39.955]Used Random Product States.
[2022-03-06T20:51:39.955]Used Random Product States.
[2022-03-06T20:51:39.956]Used Random Product States.
[2022-03-06T20:51:39.956]Used Random Product States.
[2022-03-06T20:51:39.956]Used Random Product States.
[2022-03-06T20:51:39.956]Used Random Product States.
[2022-03-06T20:51:39.956]Used Random Product States.
[2022-03-06T20:51:39.956]Used Random Product States.
[2022-03-06T20:51:39.956]Used Random Product States.
[2022-03-06T20:51:39.956]Used Random Product States.
[2022-03-06T20:51:39.956]Used Random Product States.
[2022-03-06T20:51:39.956]Used Random Product States.
[2022-03-06T20:51:39.956]Used Random Product States.
[2022-03-06T20:51:39.956]Used Random Product States.
[2022-03-06T20:51:39.956]Used Random Product States.
[2022-03-06T20:51:39.956]Used Random Product States.
[2022-03-06T20:51:39.956]Used Random Product States.
[2022-03-06T20:51:39.956]Used Random Product States.
[2022-03-06T20:51:39.956]Used Random Product States.
[2022-03-06T20:51:39.956]Used Random Product States.
[2022-03-06T20:51:39.956]Used Random Product States.
[2022-03-06T20:51:39.956]Used Random Product States.
[2022-03-06T20:51:39.956]Used Random Product States.
[2022-03-06T20:51:39.956]Used Random Product States.
[2022-03-06T20:51:39.956]Used Random Product States.
[2022-03-06T20:51:39.956]Used Random Product States.
[2022-03-06T20:51:39.956]Used Random Product States.
[2022-03-06T20:51:39.956]Used Random Product States.
[2022-03-06T20:51:39.956]Used Random Product States.
[2022-03-06T20:51:39.956]Used Random Product States.
[2022-03-06T20:51:39.956]Used Random Product States.
[2022-03-06T20:51:39.956]Used Random Product States.
test 65.151633 seconds (49.94 M allocations: 343.528 GiB, 23.18% gc time, 21.19% compilation time)
[2022-03-06T20:52:45.897]Completed Shot 1, state 14
 67.484162 seconds (51.78 M allocations: 366.811 GiB, 23.75% gc time, 20.50% compilation time)
[2022-03-06T20:52:48.198]Completed Shot 1, state 65
 75.412162 seconds (59.43 M allocations: 464.215 GiB, 23.79% gc time, 18.36% compilation time)
[2022-03-06T20:52:56.109]Completed Shot 1, state 38
 77.918586 seconds (61.93 M allocations: 496.204 GiB, 23.63% gc time, 17.77% compilation time)
[2022-03-06T20:52:58.618]Completed Shot 1, state 28
 66.266917 seconds (40.22 M allocations: 508.352 GiB, 26.25% gc time, 1.53% compilation time)
[2022-03-06T20:52:59.801]Completed Shot 1, state 99
 82.311674 seconds (66.12 M allocations: 549.585 GiB, 23.64% gc time, 16.82% compilation time)
[2022-03-06T20:53:03.019]Completed Shot 1, state 25
 84.769371 seconds (68.57 M allocations: 580.871 GiB, 23.55% gc time, 16.33% compilation time)
[2022-03-06T20:53:05.612]Completed Shot 1, state 26
 73.600886 seconds (46.87 M allocations: 588.726 GiB, 25.75% gc time, 2.54% compilation time)
[2022-03-06T20:53:06.279]Completed Shot 1, state 30
 74.006768 seconds (47.20 M allocations: 590.984 GiB, 25.60% gc time, 2.92% compilation time)
[2022-03-06T20:53:06.393]Completed Shot 1, state 94
 86.661339 seconds (70.30 M allocations: 603.040 GiB, 23.66% gc time, 15.96% compilation time)
[2022-03-06T20:53:07.373]Completed Shot 1, state 46
 87.463805 seconds (71.19 M allocations: 614.908 GiB, 23.58% gc time, 15.77% compilation time)
[2022-03-06T20:53:08.210]Completed Shot 1, state 68
 87.571318 seconds (71.35 M allocations: 617.496 GiB, 23.55% gc time, 15.70% compilation time)
[2022-03-06T20:53:08.367]Completed Shot 1, state 88
 88.089981 seconds (71.77 M allocations: 622.184 GiB, 23.60% gc time, 15.66% compilation time)
[2022-03-06T20:53:08.836]Completed Shot 1, state 54
 75.606473 seconds (49.25 M allocations: 624.238 GiB, 25.94% gc time, 1.28% compilation time)
[2022-03-06T20:53:09.232]Completed Shot 1, state 93
 88.687984 seconds (72.39 M allocations: 629.498 GiB, 23.57% gc time, 15.61% compilation time)
[2022-03-06T20:53:09.385]Completed Shot 1, state 57
 92.148272 seconds (75.82 M allocations: 673.340 GiB, 23.55% gc time, 15.01% compilation time)
[2022-03-06T20:53:12.860]Completed Shot 1, state 76
 79.530750 seconds (53.32 M allocations: 673.933 GiB, 25.66% gc time, 1.33% compilation time)
[2022-03-06T20:53:13.020]Completed Shot 1, state 97
 80.312234 seconds (53.96 M allocations: 681.456 GiB, 25.63% gc time, 1.54% compilation time)
[2022-03-06T20:53:13.651]Completed Shot 1, state 17
 93.998041 seconds (77.58 M allocations: 695.770 GiB, 23.57% gc time, 14.72% compilation time)
[2022-03-06T20:53:14.709]Completed Shot 1, state 10
 81.085615 seconds (54.69 M allocations: 693.520 GiB, 25.73% gc time, 1.20% compilation time)
[2022-03-06T20:53:14.719]Completed Shot 1, state 85
 94.046116 seconds (77.65 M allocations: 696.667 GiB, 23.56% gc time, 14.71% compilation time)
[2022-03-06T20:53:14.758]Completed Shot 1, state 24
 94.138002 seconds (77.77 M allocations: 698.105 GiB, 23.54% gc time, 14.71% compilation time)
[2022-03-06T20:53:14.839]Completed Shot 1, state 37
 82.134221 seconds (55.42 M allocations: 698.145 GiB, 25.41% gc time, 2.21% compilation time)
[2022-03-06T20:53:14.931]Completed Shot 1, state 33
 81.876366 seconds (55.45 M allocations: 701.318 GiB, 25.71% gc time, 1.27% compilation time)
[2022-03-06T20:53:15.381]Completed Shot 1, state 49
 94.840777 seconds (78.43 M allocations: 706.482 GiB, 23.55% gc time, 14.60% compilation time)
[2022-03-06T20:53:15.539]Completed Shot 1, state 32
 82.565254 seconds (55.83 M allocations: 706.819 GiB, 25.91% gc time, 1.24% compilation time)
[2022-03-06T20:53:16.090]Completed Shot 1, state 22
 84.680925 seconds (57.08 M allocations: 712.850 GiB, 25.56% gc time, 3.40% compilation time)
[2022-03-06T20:53:16.353]Completed Shot 1, state 62
 95.981549 seconds (79.25 M allocations: 717.057 GiB, 23.73% gc time, 14.41% compilation time)
[2022-03-06T20:53:16.693]Completed Shot 1, state 100
 96.207982 seconds (79.59 M allocations: 721.814 GiB, 23.68% gc time, 14.34% compilation time)
[2022-03-06T20:53:16.954]Completed Shot 1, state 34
 96.777338 seconds (80.06 M allocations: 727.343 GiB, 23.70% gc time, 14.31% compilation time)
[2022-03-06T20:53:17.484]Completed Shot 1, state 87
 96.770897 seconds (80.07 M allocations: 727.913 GiB, 23.70% gc time, 14.26% compilation time)
[2022-03-06T20:53:17.517]Completed Shot 1, state 18
 84.237389 seconds (57.60 M allocations: 730.298 GiB, 25.70% gc time, 1.17% compilation time)
[2022-03-06T20:53:17.798]Completed Shot 1, state 45
 97.318846 seconds (80.54 M allocations: 734.063 GiB, 23.73% gc time, 14.18% compilation time)
[2022-03-06T20:53:18.067]Completed Shot 1, state 40
 98.168910 seconds (81.42 M allocations: 744.551 GiB, 23.68% gc time, 14.10% compilation time)
[2022-03-06T20:53:18.866]Completed Shot 1, state 50
 86.921101 seconds (59.63 M allocations: 751.155 GiB, 25.50% gc time, 2.26% compilation time)
[2022-03-06T20:53:19.555]Completed Shot 1, state 35
 98.901545 seconds (82.14 M allocations: 754.287 GiB, 23.71% gc time, 13.95% compilation time)
[2022-03-06T20:53:19.648]Completed Shot 1, state 67
 99.446230 seconds (82.61 M allocations: 759.706 GiB, 23.73% gc time, 13.92% compilation time)
[2022-03-06T20:53:20.142]Completed Shot 1, state 66
 87.031919 seconds (60.29 M allocations: 762.161 GiB, 25.64% gc time, 1.35% compilation time)
[2022-03-06T20:53:20.414]Completed Shot 1, state 53
100.259427 seconds (83.34 M allocations: 769.113 GiB, 23.68% gc time, 13.81% compilation time)
[2022-03-06T20:53:20.958]Completed Shot 1, state 74
100.605988 seconds (83.59 M allocations: 772.299 GiB, 23.77% gc time, 13.76% compilation time)
[2022-03-06T20:53:21.312]Completed Shot 1, state 92
100.692702 seconds (83.72 M allocations: 774.038 GiB, 23.75% gc time, 13.74% compilation time)
[2022-03-06T20:53:21.405]Completed Shot 1, state 52
102.207213 seconds (85.22 M allocations: 793.697 GiB, 23.66% gc time, 13.50% compilation time)
[2022-03-06T20:53:22.954]Completed Shot 1, state 96
 91.241508 seconds (63.26 M allocations: 792.789 GiB, 25.36% gc time, 3.10% compilation time)
[2022-03-06T20:53:22.962]Completed Shot 1, state 84
102.690632 seconds (85.57 M allocations: 797.575 GiB, 23.68% gc time, 13.47% compilation time)
[2022-03-06T20:53:23.403]Completed Shot 1, state 91
102.936363 seconds (85.92 M allocations: 802.050 GiB, 23.62% gc time, 13.45% compilation time)
[2022-03-06T20:53:23.644]Completed Shot 1, state 71
102.948833 seconds (85.93 M allocations: 802.155 GiB, 23.62% gc time, 13.45% compilation time)
[2022-03-06T20:53:23.649]Completed Shot 1, state 42
103.007574 seconds (86.03 M allocations: 803.384 GiB, 23.61% gc time, 13.44% compilation time)
[2022-03-06T20:53:23.715]Completed Shot 1, state 61
103.128313 seconds (86.19 M allocations: 805.428 GiB, 23.58% gc time, 13.43% compilation time)
[2022-03-06T20:53:23.828]Completed Shot 1, state 41
103.655229 seconds (86.72 M allocations: 812.232 GiB, 23.59% gc time, 13.34% compilation time)
[2022-03-06T20:53:24.367]Completed Shot 1, state 82
 92.763818 seconds (64.82 M allocations: 814.078 GiB, 25.38% gc time, 2.81% compilation time)
[2022-03-06T20:53:24.698]Completed Shot 1, state 16
104.003030 seconds (86.96 M allocations: 815.218 GiB, 23.64% gc time, 13.31% compilation time)
[2022-03-06T20:53:24.700]Completed Shot 1, state 7
103.994472 seconds (86.97 M allocations: 815.990 GiB, 23.64% gc time, 13.27% compilation time)
[2022-03-06T20:53:24.743]Completed Shot 1, state 51
104.138570 seconds (87.17 M allocations: 817.907 GiB, 23.61% gc time, 13.30% compilation time)
[2022-03-06T20:53:24.845]Completed Shot 1, state 19
 92.418318 seconds (65.00 M allocations: 819.199 GiB, 25.20% gc time, 2.16% compilation time)
[2022-03-06T20:53:24.990]Completed Shot 1, state 1
104.391035 seconds (87.52 M allocations: 822.318 GiB, 23.55% gc time, 13.27% compilation time)
[2022-03-06T20:53:25.087]Completed Shot 1, state 59
104.664229 seconds (87.64 M allocations: 823.857 GiB, 23.65% gc time, 13.22% compilation time)
[2022-03-06T20:53:25.376]Completed Shot 1, state 43
 93.715678 seconds (65.84 M allocations: 826.598 GiB, 25.30% gc time, 2.86% compilation time)
[2022-03-06T20:53:25.584]Completed Shot 1, state 58
105.340677 seconds (88.32 M allocations: 832.522 GiB, 23.63% gc time, 13.13% compilation time)
[2022-03-06T20:53:26.052]Completed Shot 1, state 39
105.662110 seconds (88.77 M allocations: 838.962 GiB, 23.56% gc time, 13.06% compilation time)
[2022-03-06T20:53:26.411]Completed Shot 1, state 5
 95.120149 seconds (67.10 M allocations: 841.745 GiB, 25.24% gc time, 2.98% compilation time)
[2022-03-06T20:53:26.840]Completed Shot 1, state 21
107.099183 seconds (90.01 M allocations: 854.089 GiB, 23.65% gc time, 12.93% compilation time)
[2022-03-06T20:53:27.806]Completed Shot 1, state 47
107.339734 seconds (90.09 M allocations: 855.760 GiB, 23.78% gc time, 12.85% compilation time)
[2022-03-06T20:53:28.088]Completed Shot 1, state 78
107.581023 seconds (90.43 M allocations: 859.474 GiB, 23.72% gc time, 12.87% compilation time)
[2022-03-06T20:53:28.288]Completed Shot 1, state 27
107.927930 seconds (90.74 M allocations: 863.509 GiB, 23.76% gc time, 12.82% compilation time)
[2022-03-06T20:53:28.642]Completed Shot 1, state 15
108.215579 seconds (91.02 M allocations: 867.007 GiB, 23.76% gc time, 12.79% compilation time)
[2022-03-06T20:53:28.916]Completed Shot 1, state 75
108.687159 seconds (91.57 M allocations: 874.170 GiB, 23.72% gc time, 12.74% compilation time)
[2022-03-06T20:53:29.394]Completed Shot 1, state 60
 96.913510 seconds (69.30 M allocations: 873.929 GiB, 25.27% gc time, 2.07% compilation time)
[2022-03-06T20:53:29.456]Completed Shot 1, state 9
 97.970077 seconds (69.88 M allocations: 876.409 GiB, 25.32% gc time, 2.92% compilation time)
[2022-03-06T20:53:29.656]Completed Shot 1, state 83
108.954738 seconds (91.83 M allocations: 877.460 GiB, 23.73% gc time, 12.71% compilation time)
[2022-03-06T20:53:29.656]Completed Shot 1, state 31
 96.904788 seconds (69.38 M allocations: 875.967 GiB, 25.34% gc time, 1.87% compilation time)
[2022-03-06T20:53:29.659]Completed Shot 1, state 63
 96.867386 seconds (69.51 M allocations: 878.943 GiB, 25.42% gc time, 1.54% compilation time)
[2022-03-06T20:53:29.932]Completed Shot 1, state 13
109.225513 seconds (92.09 M allocations: 880.803 GiB, 23.73% gc time, 12.68% compilation time)
[2022-03-06T20:53:29.933]Completed Shot 1, state 55
109.372626 seconds (92.28 M allocations: 883.147 GiB, 23.69% gc time, 12.66% compilation time)
[2022-03-06T20:53:30.070]Completed Shot 1, state 90
109.497406 seconds (92.42 M allocations: 885.018 GiB, 23.67% gc time, 12.64% compilation time)
[2022-03-06T20:53:30.195]Completed Shot 1, state 95
 97.562238 seconds (69.98 M allocations: 883.560 GiB, 25.30% gc time, 1.91% compilation time)
[2022-03-06T20:53:30.258]Completed Shot 1, state 56
109.558121 seconds (92.42 M allocations: 885.130 GiB, 23.71% gc time, 12.64% compilation time)
[2022-03-06T20:53:30.264]Completed Shot 1, state 89
 98.596273 seconds (70.50 M allocations: 884.473 GiB, 25.29% gc time, 2.90% compilation time)
[2022-03-06T20:53:30.291]Completed Shot 1, state 11
109.595133 seconds (92.47 M allocations: 885.691 GiB, 23.70% gc time, 12.63% compilation time)
109.606535 seconds (92.48 M allocations: 885.709 GiB, 23.70% gc time, 12.63% compilation time)
[[2022-03-06T20:53:30.302]Completed Shot 1, state 772022-03-06T20:53:30.302]Completed Shot 1, state 81

109.614067 seconds (92.49 M allocations: 885.853 GiB, 23.70% gc time, 12.63% compilation time)
[2022-03-06T20:53:30.312]Completed Shot 1, state 48
 96.703359 seconds (69.60 M allocations: 883.801 GiB, 25.53% gc time, 1.00% compilation time)
[2022-03-06T20:53:30.338]Completed Shot 1, state 64
 97.052995 seconds (69.94 M allocations: 885.459 GiB, 25.43% gc time, 1.21% compilation time)
[2022-03-06T20:53:30.435]Completed Shot 1, state 72
 97.750052 seconds (70.19 M allocations: 886.167 GiB, 25.25% gc time, 1.91% compilation time)
 97.954954 seconds (70.31 M allocations: 886.353 GiB, 25.20% gc time, 2.11% compilation time)
[2022-03-06T20:53:30.437]Completed Shot 1, state 79
[2022-03-06T20:53:30.437]Completed Shot 1, state 3
 98.273765 seconds (70.49 M allocations: 887.614 GiB, 25.19% gc time, 2.27% compilation time)
[2022-03-06T20:53:30.587]Completed Shot 1, state 20
 98.898365 seconds (70.80 M allocations: 890.992 GiB, 25.34% gc time, 2.59% compilation time)
[2022-03-06T20:53:30.898]Completed Shot 1, state 80
 99.250497 seconds (71.08 M allocations: 891.306 GiB, 25.25% gc time, 2.90% compilation time)
[2022-03-06T20:53:30.917]Completed Shot 1, state 44
  6.332055 seconds (6.13 M allocations: 78.406 GiB, 24.04% gc time)
[2022-03-06T20:53:31.034]Completed Shot 1, state 8
 98.751089 seconds (70.89 M allocations: 893.112 GiB, 25.17% gc time, 2.18% compilation time)
[2022-03-06T20:53:31.142]Completed Shot 1, state 23
110.477068 seconds (93.18 M allocations: 894.742 GiB, 23.67% gc time, 12.53% compilation time)
[2022-03-06T20:53:31.184]Completed Shot 1, state 70
 98.815528 seconds (70.94 M allocations: 894.421 GiB, 25.15% gc time, 2.10% compilation time)
[2022-03-06T20:53:31.290]Completed Shot 1, state 73
  6.296536 seconds (5.87 M allocations: 75.082 GiB, 24.83% gc time)
[2022-03-06T20:53:31.290]Completed Shot 1, state 2
110.710245 seconds (93.32 M allocations: 896.565 GiB, 23.64% gc time, 12.49% compilation time)
[2022-03-06T20:53:31.422]Completed Shot 1, state 86
 99.004985 seconds (71.04 M allocations: 895.720 GiB, 25.13% gc time, 2.09% compilation time)
[2022-03-06T20:53:31.481]Completed Shot 1, state 69
  5.148530 seconds (4.56 M allocations: 58.411 GiB, 25.22% gc time)
[2022-03-06T20:53:31.561]Completed Shot 1, state 6
110.860048 seconds (93.39 M allocations: 897.486 GiB, 23.63% gc time, 12.48% compilation time)
[2022-03-06T20:53:31.572]Completed Shot 1, state 36
 99.905318 seconds (71.48 M allocations: 896.459 GiB, 25.18% gc time, 2.88% compilation time)
[2022-03-06T20:53:31.572]Completed Shot 1, state 29
110.945093 seconds (93.43 M allocations: 897.913 GiB, 23.61% gc time, 12.48% compilation time)
[2022-03-06T20:53:31.641]Completed Shot 1, state 12
 99.565791 seconds (71.21 M allocations: 900.876 GiB, 25.09% gc time, 1.50% compilation time)
[2022-03-06T20:53:32.674]Completed Shot 1, state 98
  2.240356 seconds (1.18 M allocations: 15.103 GiB, 13.32% gc time)
[2022-03-06T20:53:32.679]Completed Shot 1, state 4
[2022-03-06T20:53:32.679]**********Simulation completed!**********
[2022-03-06T20:53:32.680]**********Saving**********
[2022-03-06T20:53:34.314]Saving file: /lustre/work/ws/ws1/hd_ku269-logs/LightCones/2022-03-06/5203836_N10.jld2
[2022-03-06T20:53:38.375]**********Run completed!**********
