  Activating project at `/lustre/work/ws/ws1/hd_ku269-light_cones/LightCones`
Added MKL.jl
     Project LightCones v0.1.0
      Status `/lustre/work/ws/ws1/hd_ku269-light_cones/LightCones/Project.toml`
  [7d9fca2a] Arpack v0.5.3
  [d9af566e] FilteredMatrices v0.1.0 `https://github.com/pablosanjose/FilteredMatrices.jl.git#master`
  [7073ff75] IJulia v1.23.2
  [033835bb] JLD2 v0.4.17
  [0b1a1467] KrylovKit v0.5.3
  [d3d80556] LineSearches v7.1.1
  [429524aa] Optim v1.6.0
  [14b8a8f1] PkgTemplates v0.7.26
  [91a5bcdd] Plots v1.24.3
  [c3e4b0f8] Pluto v0.17.7
  [189a3867] Reexport v1.2.2
  [295af30f] Revise v3.3.1
  [6038ab10] Rotations v1.1.1
  [d0a720f3] SimLib v0.9.1 `https://github.com/abraemer/SimLib.jl.git#main`
  [ebcc8a00] SpinSymmetry v0.3.3
  [df0c8232] XXZNumerics v0.6.0 `https://github.com/abraemer/XXZNumerics.jl.git#main`
  [ade2ca70] Dates
  [8ba89e20] Distributed
  [37e2e46d] LinearAlgebra
  [de0858da] Printf
  [9a3f8284] Random
  [1a1011a3] SharedArrays
  [2f01184e] SparseArrays
  [10745b16] Statistics
shared_krylov.jl
Working Directory:          /lustre/work/ws/ws1/hd_ku269-light_cones/LightCones
SLURM Directory:            /lustre/work/ws/ws1/hd_ku269-light_cones/LightCones 
Running on host:            n0607
Job id:                     5213229
Job name:                   otoc_simulation_N18_FD0
Number of nodes allocated:  
Number of cores allocated:  1
#threads of Julia:          96
#threads of BLAS:           1
ARGS = ["18", "5", "0", "z", "12"]
LOCATION = "/lustre/work/ws/ws1/hd_ku269-logs/LightCones/2022-03-08"
N = 18
SHOTS = 5
RANDOM_STATES = false
N_RANDOM_STATES = 0
OBSERVABLE = "z"
DISORDER_PARAM = 12.0
[2022-03-08T23:30:32.181]**********Running simulation**********
[2022-03-08T23:30:47.654]Sampled random initial state
[2022-03-08T23:30:49.045]Created Hamiltonian for Shot 1
[[[2022-03-08T23:30:49.167]Created Hamiltonian for Shot 3
2022-03-08T23:30:49.167]Created Hamiltonian for Shot 2
2022-03-08T23:30:49.167]Created Hamiltonian for Shot 4
[2022-03-08T23:30:49.182]Created Hamiltonian for Shot 5
45229.169894 seconds (53.58 M allocations: 44.665 TiB, 3.64% gc time, 0.02% compilation time)
[2022-03-09T12:04:38.484]Completed Shot 2
45670.758260 seconds (54.28 M allocations: 45.061 TiB, 3.67% gc time, 0.02% compilation time)
[2022-03-09T12:11:59.803]Completed Shot 1
46473.689494 seconds (54.27 M allocations: 45.637 TiB, 3.73% gc time, 0.02% compilation time)
[2022-03-09T12:25:22.856]Completed Shot 4
46756.739992 seconds (54.34 M allocations: 45.742 TiB, 3.75% gc time, 0.02% compilation time)
[2022-03-09T12:30:05.907]Completed Shot 3
47279.433777 seconds (54.38 M allocations: 45.799 TiB, 3.73% gc time, 0.02% compilation time)
[2022-03-09T12:38:48.622]Completed Shot 5
[2022-03-09T12:38:48.628]**********Simulation completed!**********
[2022-03-09T12:38:48.628]**********Saving**********
[2022-03-09T12:38:50.363]Saving file: /lustre/work/ws/ws1/hd_ku269-logs/LightCones/2022-03-08/5213229_N18_FD.jld2
[2022-03-09T12:38:54.347]**********Run completed!**********
