  Activating project at `/lustre/work/ws/ws1/hd_ku269-light_cones/WorkingFolder`
Added MKL.jl
Project LightCones v0.1.0
Status `/lustre/work/ws/ws1/hd_ku269-light_cones/WorkingFolder/Project.toml`
  [7d9fca2a] Arpack v0.5.3
  [7073ff75] IJulia v1.23.3
  [033835bb] JLD2 v0.4.25
  [0b1a1467] KrylovKit v0.5.4
  [d3d80556] LineSearches v7.2.0
  [33e6dc65] MKL v0.6.0
  [429524aa] Optim v1.7.3
  [91a5bcdd] Plots v1.35.4
  [c3e4b0f8] Pluto v0.19.14
  [3c0b384b] QuantumInformation v0.4.9
  [189a3867] Reexport v1.2.2
  [295af30f] Revise v3.4.0
  [ebcc8a00] SpinSymmetry v0.3.3
  [59d54670] ThreadedSparseArrays v0.2.2
  [ade2ca70] Dates
  [8ba89e20] Distributed
  [37e2e46d] LinearAlgebra
  [de0858da] Printf
  [9a3f8284] Random
  [1a1011a3] SharedArrays
  [2f01184e] SparseArrays
  [10745b16] Statistics
[2022-11-12T19:46:52.017]**********RANDOM FIELDS**********
shared_krylov.jl
Working Directory:          /lustre/work/ws/ws1/hd_ku269-light_cones/WorkingFolder
SLURM Directory:            /lustre/work/ws/ws1/hd_ku269-light_cones/WorkingFolder 
Running on host:            n1338
Job id:                     7621758
Job name:                   otoc_simulation_N19_Krylov
Number of nodes allocated:  
Number of cores allocated:  1
#threads of Julia:          96
#threads of BLAS:           1
ARGS = ["19", "1", "0", "RS", "z", "0"]
LOCATION = "/lustre/work/ws/ws1/hd_ku269-logs/LightCones/2022-11-12"
N = 19
SHOTS = 1
MULT_RANDOM_STATES = false
N_RANDOM_STATES = 0
TYPE_OF_RS = "RS"
OBSERVABLE = "z"
DISORDER_PARAM = 0.0
[2022-11-12T19:46:52.231]**********Running simulation**********
[2022-11-12T19:46:52.287]trange = 0.0:0.01:2.5
[2022-11-12T19:46:52.601]A = σz
[2022-11-12T19:47:24.668]alpha=1.5
[2022-11-12T19:47:24.668]PBC
[2022-11-12T19:47:25.042]Sampled 1 random initial state
[2022-11-12T19:47:26.722]Created Hamiltonian for Shot 1
44412.351981 seconds (101.64 M allocations: 26.892 TiB, 7.50% gc time, 0.02% compilation time)
[2022-11-13T08:07:39.108]Completed Shot 1
[2022-11-13T08:07:39.116]**********Simulation completed!**********
[2022-11-13T08:07:39.116]**********Saving**********
[2022-11-13T08:07:43.808]Saving file: /lustre/work/ws/ws1/hd_ku269-logs/LightCones/2022-11-12/7621758_N19_RS.jld2
[2022-11-13T08:07:46.313]**********Run completed!**********
