Added MKL.jl
Project LightCones v0.1.0
Status `/gpfs/bwfor/work/ws/hd_ku269-light_cones/WorkingFolder/Project.toml`
⌃ [7d9fca2a] Arpack v0.5.3
⌃ [7073ff75] IJulia v1.23.3
⌃ [033835bb] JLD2 v0.4.25
  [0b1a1467] KrylovKit v0.6.0
  [d3d80556] LineSearches v7.2.0
  [33e6dc65] MKL v0.6.0
⌃ [429524aa] Optim v1.7.3
⌃ [91a5bcdd] Plots v1.35.5
⌃ [c3e4b0f8] Pluto v0.19.14
  [3c0b384b] QuantumInformation v0.4.9
  [189a3867] Reexport v1.2.2
⌃ [295af30f] Revise v3.4.0
  [ebcc8a00] SpinSymmetry v0.3.3
  [59d54670] ThreadedSparseArrays v0.2.2
  [ade2ca70] Dates
  [8ba89e20] Distributed
  [37e2e46d] LinearAlgebra
  [de0858da] Printf
  [9a3f8284] Random
  [1a1011a3] SharedArrays
  [2f01184e] SparseArrays
  [10745b16] Statistics
Info Packages marked with ⌃ have new versions available and may be upgradable.
[2023-01-09T21:34:25.631]**********RANDOM FIELDS**********
shared_krylov.jl
Working Directory:          /gpfs/bwfor/work/ws/hd_ku269-light_cones/WorkingFolder
SLURM Directory:            /gpfs/bwfor/work/ws/hd_ku269-light_cones/WorkingFolder 
Running on host:            m04n11
Job id:                     468974
Job name:                   otoc_simulation_N11_TR_FIDONLY
Number of nodes allocated:  
Number of cores allocated:  1
#threads of Julia:          64
#threads of BLAS:           1
ARGS = ["11", "10", "50", "BS", "x", "3", "500", "Rhim71"]
LOCATION = "/gpfs/bwfor/work/ws/hd_ku269-logs/LightCones/2023-01-09"
N = 11
SHOTS = 10
MULT_RANDOM_STATES = true
N_RANDOM_STATES = 50
TYPE_OF_RS = "BS"
OBSERVABLE = "x"
DISORDER_PARAM = 3.0
[2023-01-09T21:34:25.795]**********Running simulation**********
[2023-01-09T21:34:25.880]trange = 0.1:0.1:20.0
[2023-01-09T21:34:26.213]A = σx
[2023-01-09T21:34:26.686]alpha=6
[2023-01-09T21:34:26.686]PBC
SlowPulse([1.0, 0.0, 0.0], π, 7853.981633974482)SlowPulse([-1.0, 0.0, 0.0], π, 7853.981633974482)2[2023-01-09T21:34:29.586]Operations set up.
Using multiple states.
11941.086021 seconds (10.01 G allocations: 46.445 TiB, 17.97% gc time, 0.08% compilation time)
[2023-01-10T00:53:42.007]Completed Shot 1, state 17
11944.326893 seconds (10.02 G allocations: 46.461 TiB, 17.96% gc time, 0.08% compilation time)
[2023-01-10T00:53:45.230]Completed Shot 1, state 14
11948.349333 seconds (10.02 G allocations: 46.481 TiB, 17.96% gc time, 0.08% compilation time)
[2023-01-10T00:53:49.222]Completed Shot 1, state 39
11948.706712 seconds (10.02 G allocations: 46.482 TiB, 17.96% gc time, 0.08% compilation time)
[2023-01-10T00:53:49.611]Completed Shot 1, state 33
11947.728009 seconds (10.02 G allocations: 46.487 TiB, 17.97% gc time, 0.04% compilation time)
[2023-01-10T00:53:52.441]Completed Shot 1, state 27
11948.491264 seconds (10.02 G allocations: 46.504 TiB, 17.96% gc time, 0.02% compilation time)
[2023-01-10T00:53:55.901]Completed Shot 1, state 50
11955.494115 seconds (10.03 G allocations: 46.507 TiB, 17.96% gc time, 0.08% compilation time)
[2023-01-10T00:53:56.398]Completed Shot 1, state 21
11951.491991 seconds (10.03 G allocations: 46.508 TiB, 17.97% gc time, 0.04% compilation time)
[2023-01-10T00:53:56.623]Completed Shot 1, state 9
11950.211117 seconds (10.02 G allocations: 46.513 TiB, 17.96% gc time, 0.02% compilation time)
[2023-01-10T00:53:57.782]Completed Shot 1, state 40
11953.690254 seconds (10.02 G allocations: 46.520 TiB, 17.97% gc time, 0.03% compilation time)
[2023-01-10T00:54:00.535]Completed Shot 1, state 45
11956.587203 seconds (10.03 G allocations: 46.526 TiB, 17.97% gc time, 0.04% compilation time)
[2023-01-10T00:54:01.718]Completed Shot 1, state 6
11960.925628 seconds (10.03 G allocations: 46.527 TiB, 17.96% gc time, 0.08% compilation time)
[2023-01-10T00:54:01.829]Completed Shot 1, state 29
11962.103620 seconds (10.03 G allocations: 46.532 TiB, 17.96% gc time, 0.08% compilation time)
[2023-01-10T00:54:03.007]Completed Shot 1, state 43
11963.301154 seconds (10.03 G allocations: 46.538 TiB, 17.96% gc time, 0.08% compilation time)
[2023-01-10T00:54:04.173]Completed Shot 1, state 24
11963.887922 seconds (10.03 G allocations: 46.541 TiB, 17.96% gc time, 0.08% compilation time)
[2023-01-10T00:54:04.791]Completed Shot 1, state 31
11960.782335 seconds (10.03 G allocations: 46.550 TiB, 17.97% gc time, 0.02% compilation time)
[2023-01-10T00:54:08.192]Completed Shot 1, state 47
11961.514385 seconds (10.03 G allocations: 46.552 TiB, 17.96% gc time, 0.03% compilation time)
[2023-01-10T00:54:08.376]Completed Shot 1, state 10
11967.841816 seconds (10.04 G allocations: 46.554 TiB, 17.96% gc time, 0.08% compilation time)
[2023-01-10T00:54:08.746]Completed Shot 1, state 12
11968.493597 seconds (10.04 G allocations: 46.557 TiB, 17.96% gc time, 0.08% compilation time)
[2023-01-10T00:54:09.397]Completed Shot 1, state 7
11961.500708 seconds (10.03 G allocations: 46.555 TiB, 17.96% gc time, 0.02% compilation time)
[2023-01-10T00:54:09.428]Completed Shot 1, state 46
11968.604732 seconds (10.04 G allocations: 46.557 TiB, 17.96% gc time, 0.08% compilation time)
[2023-01-10T00:54:09.508]Completed Shot 1, state 20
11964.508683 seconds (10.04 G allocations: 46.557 TiB, 17.97% gc time, 0.04% compilation time)
[2023-01-10T00:54:09.646]Completed Shot 1, state 22
11962.243154 seconds (10.03 G allocations: 46.559 TiB, 17.96% gc time, 0.02% compilation time)
[2023-01-10T00:54:10.169]Completed Shot 1, state 15
11963.362628 seconds (10.03 G allocations: 46.561 TiB, 17.96% gc time, 0.02% compilation time)
[2023-01-10T00:54:10.772]Completed Shot 1, state 18
11966.136884 seconds (10.04 G allocations: 46.563 TiB, 17.97% gc time, 0.04% compilation time)
[2023-01-10T00:54:11.199]Completed Shot 1, state 16
11969.481173 seconds (10.04 G allocations: 46.572 TiB, 17.97% gc time, 0.04% compilation time)
[2023-01-10T00:54:14.610]Completed Shot 1, state 4
11967.773330 seconds (10.03 G allocations: 46.574 TiB, 17.96% gc time, 0.02% compilation time)
[2023-01-10T00:54:15.365]Completed Shot 1, state 34
11974.954555 seconds (10.04 G allocations: 46.577 TiB, 17.96% gc time, 0.08% compilation time)
[2023-01-10T00:54:15.858]Completed Shot 1, state 35
11976.338159 seconds (10.04 G allocations: 46.581 TiB, 17.96% gc time, 0.08% compilation time)
[2023-01-10T00:54:17.242]Completed Shot 1, state 48
11978.862305 seconds (10.04 G allocations: 46.588 TiB, 17.96% gc time, 0.08% compilation time)
[2023-01-10T00:54:19.734]Completed Shot 1, state 2
11972.302058 seconds (10.04 G allocations: 46.587 TiB, 17.96% gc time, 0.02% compilation time)
[2023-01-10T00:54:19.894]Completed Shot 1, state 13
11979.472478 seconds (10.04 G allocations: 46.589 TiB, 17.96% gc time, 0.08% compilation time)
[2023-01-10T00:54:20.376]Completed Shot 1, state 3
11975.771271 seconds (10.04 G allocations: 46.590 TiB, 17.96% gc time, 0.04% compilation time)
[2023-01-10T00:54:20.474]Completed Shot 1, state 38
11979.795678 seconds (10.04 G allocations: 46.590 TiB, 17.96% gc time, 0.08% compilation time)
[2023-01-10T00:54:20.699]Completed Shot 1, state 41
11976.257756 seconds (10.04 G allocations: 46.592 TiB, 17.96% gc time, 0.04% compilation time)
[2023-01-10T00:54:21.368]Completed Shot 1, state 42
11973.991725 seconds (10.04 G allocations: 46.592 TiB, 17.96% gc time, 0.02% compilation time)
[2023-01-10T00:54:21.401]Completed Shot 1, state 25
11974.051473 seconds (10.04 G allocations: 46.592 TiB, 17.96% gc time, 0.02% compilation time)
[2023-01-10T00:54:21.461]Completed Shot 1, state 11
11975.009523 seconds (10.04 G allocations: 46.593 TiB, 17.96% gc time, 0.03% compilation time)
[2023-01-10T00:54:21.854]Completed Shot 1, state 49
11974.698885 seconds (10.04 G allocations: 46.593 TiB, 17.96% gc time, 0.02% compilation time)
[2023-01-10T00:54:22.591]Completed Shot 1, state 28
11981.895500 seconds (10.05 G allocations: 46.595 TiB, 17.96% gc time, 0.08% compilation time)
[2023-01-10T00:54:22.767]Completed Shot 1, state 19
11983.618398 seconds (10.05 G allocations: 46.598 TiB, 17.95% gc time, 0.08% compilation time)
[2023-01-10T00:54:24.521]Completed Shot 1, state 26
11988.043871 seconds (10.05 G allocations: 46.606 TiB, 17.95% gc time, 0.08% compilation time)
[2023-01-10T00:54:28.947]Completed Shot 1, state 30
11988.930568 seconds (10.05 G allocations: 46.607 TiB, 17.95% gc time, 0.08% compilation time)
[2023-01-10T00:54:29.834]Completed Shot 1, state 37
11989.629376 seconds (10.05 G allocations: 46.608 TiB, 17.95% gc time, 0.08% compilation time)
[2023-01-10T00:54:30.533]Completed Shot 1, state 36
11983.559366 seconds (10.04 G allocations: 46.608 TiB, 17.95% gc time, 0.02% compilation time)
[2023-01-10T00:54:30.970]Completed Shot 1, state 44
11990.311425 seconds (10.05 G allocations: 46.609 TiB, 17.95% gc time, 0.08% compilation time)
[2023-01-10T00:54:31.215]Completed Shot 1, state 23
11987.695741 seconds (10.04 G allocations: 46.611 TiB, 17.94% gc time, 0.03% compilation time)
[2023-01-10T00:54:34.535]Completed Shot 1, state 8
11988.304023 seconds (10.04 G allocations: 46.611 TiB, 17.94% gc time, 0.02% compilation time)
[2023-01-10T00:54:35.714]Completed Shot 1, state 5
11988.114396 seconds (10.04 G allocations: 46.611 TiB, 17.94% gc time, 0.02% compilation time)
[2023-01-10T00:54:36.042]Completed Shot 1, state 32
11997.877222 seconds (10.05 G allocations: 46.612 TiB, 17.94% gc time, 0.08% compilation time)
[2023-01-10T00:54:38.736]Completed Shot 1, state 1
12289.074308 seconds (9.99 G allocations: 46.395 TiB, 18.04% gc time)
[2023-01-10T04:19:27.814]Completed Shot 2, state 16
12291.173279 seconds (10.00 G allocations: 46.405 TiB, 18.04% gc time)
[2023-01-10T04:19:29.914]Completed Shot 2, state 24
12301.047732 seconds (10.00 G allocations: 46.441 TiB, 18.05% gc time)
[2023-01-10T04:19:39.787]Completed Shot 2, state 14
12301.348327 seconds (10.00 G allocations: 46.442 TiB, 18.05% gc time)
[2023-01-10T04:19:40.089]Completed Shot 2, state 40
12303.335730 seconds (10.01 G allocations: 46.452 TiB, 18.04% gc time)
[2023-01-10T04:19:42.076]Completed Shot 2, state 21
12307.104018 seconds (10.01 G allocations: 46.471 TiB, 18.04% gc time)
[2023-01-10T04:19:45.844]Completed Shot 2, state 27
12312.039470 seconds (10.01 G allocations: 46.481 TiB, 18.05% gc time)
[2023-01-10T04:19:50.781]Completed Shot 2, state 45
12312.380804 seconds (10.01 G allocations: 46.483 TiB, 18.05% gc time)
[2023-01-10T04:19:51.120]Completed Shot 2, state 15
12313.250044 seconds (10.01 G allocations: 46.487 TiB, 18.05% gc time)
[2023-01-10T04:19:51.990]Completed Shot 2, state 25
12313.732097 seconds (10.01 G allocations: 46.489 TiB, 18.05% gc time)
[2023-01-10T04:19:52.471]Completed Shot 2, state 11
12315.235558 seconds (10.02 G allocations: 46.497 TiB, 18.05% gc time)
[2023-01-10T04:19:53.976]Completed Shot 2, state 20
12316.237749 seconds (10.02 G allocations: 46.502 TiB, 18.05% gc time)
[2023-01-10T04:19:54.979]Completed Shot 2, state 35
12317.569446 seconds (10.02 G allocations: 46.508 TiB, 18.05% gc time)
[2023-01-10T04:19:56.311]Completed Shot 2, state 37
12318.199600 seconds (10.02 G allocations: 46.511 TiB, 18.04% gc time)
[2023-01-10T04:19:56.941]Completed Shot 2, state 43
12320.720148 seconds (10.02 G allocations: 46.515 TiB, 18.05% gc time)
[2023-01-10T04:19:59.459]Completed Shot 2, state 4
12320.853555 seconds (10.02 G allocations: 46.516 TiB, 18.05% gc time)
[2023-01-10T04:19:59.592]Completed Shot 2, state 8
12321.229160 seconds (10.02 G allocations: 46.518 TiB, 18.05% gc time)
[2023-01-10T04:19:59.968]Completed Shot 2, state 7
12323.649709 seconds (10.02 G allocations: 46.529 TiB, 18.05% gc time)
[2023-01-10T04:20:02.388]Completed Shot 2, state 2
12324.744924 seconds (10.02 G allocations: 46.534 TiB, 18.05% gc time)
[2023-01-10T04:20:03.484]Completed Shot 2, state 13
12324.914004 seconds (10.02 G allocations: 46.534 TiB, 18.05% gc time)
[2023-01-10T04:20:03.654]Completed Shot 2, state 22
12326.595186 seconds (10.02 G allocations: 46.542 TiB, 18.05% gc time)
[2023-01-10T04:20:05.334]Completed Shot 2, state 12
12328.245786 seconds (10.03 G allocations: 46.549 TiB, 18.04% gc time)
[2023-01-10T04:20:06.985]Completed Shot 2, state 17
12329.331551 seconds (10.03 G allocations: 46.552 TiB, 18.04% gc time)
[2023-01-10T04:20:08.072]Completed Shot 2, state 32
12330.882635 seconds (10.03 G allocations: 46.554 TiB, 18.05% gc time)
[2023-01-10T04:20:09.623]Completed Shot 2, state 29
12331.687303 seconds (10.03 G allocations: 46.558 TiB, 18.05% gc time)
[2023-01-10T04:20:10.428]Completed Shot 2, state 36
12332.645394 seconds (10.03 G allocations: 46.561 TiB, 18.04% gc time)
[2023-01-10T04:20:11.386]Completed Shot 2, state 38
12332.782191 seconds (10.03 G allocations: 46.562 TiB, 18.04% gc time)
[2023-01-10T04:20:11.523]Completed Shot 2, state 39
12333.097899 seconds (10.03 G allocations: 46.563 TiB, 18.04% gc time)
[2023-01-10T04:20:11.837]Completed Shot 2, state 19
12336.508647 seconds (10.03 G allocations: 46.575 TiB, 18.04% gc time)
[2023-01-10T04:20:15.250]Completed Shot 2, state 41
12337.269476 seconds (10.03 G allocations: 46.577 TiB, 18.04% gc time)
[2023-01-10T04:20:16.010]Completed Shot 2, state 26
12339.878863 seconds (10.03 G allocations: 46.581 TiB, 18.04% gc time)
[2023-01-10T04:20:18.620]Completed Shot 2, state 33
12340.825795 seconds (10.03 G allocations: 46.585 TiB, 18.04% gc time)
[2023-01-10T04:20:19.567]Completed Shot 2, state 50
12341.039440 seconds (10.03 G allocations: 46.585 TiB, 18.04% gc time)
[2023-01-10T04:20:19.780]Completed Shot 2, state 47
12342.108590 seconds (10.03 G allocations: 46.588 TiB, 18.04% gc time)
[2023-01-10T04:20:20.850]Completed Shot 2, state 49
12342.659100 seconds (10.04 G allocations: 46.590 TiB, 18.04% gc time)
[2023-01-10T04:20:21.400]Completed Shot 2, state 48
12346.812297 seconds (10.04 G allocations: 46.599 TiB, 18.04% gc time)
[2023-01-10T04:20:25.551]Completed Shot 2, state 6
12347.007660 seconds (10.04 G allocations: 46.599 TiB, 18.04% gc time)
[2023-01-10T04:20:25.748]Completed Shot 2, state 34
12347.086255 seconds (10.04 G allocations: 46.599 TiB, 18.04% gc time)
[2023-01-10T04:20:25.826]Completed Shot 2, state 18
12347.769576 seconds (10.04 G allocations: 46.601 TiB, 18.04% gc time)
[2023-01-10T04:20:26.510]Completed Shot 2, state 30
12347.904500 seconds (10.04 G allocations: 46.601 TiB, 18.04% gc time)
[2023-01-10T04:20:26.645]Completed Shot 2, state 42
12349.440766 seconds (10.04 G allocations: 46.604 TiB, 18.04% gc time)
[2023-01-10T04:20:28.182]Completed Shot 2, state 44
12349.559660 seconds (10.04 G allocations: 46.604 TiB, 18.04% gc time)
[2023-01-10T04:20:28.301]Completed Shot 2, state 46
12349.697313 seconds (10.04 G allocations: 46.604 TiB, 18.04% gc time)
[2023-01-10T04:20:28.435]Completed Shot 2, state 3
12349.781074 seconds (10.04 G allocations: 46.604 TiB, 18.04% gc time)
[2023-01-10T04:20:28.520]Completed Shot 2, state 9
12349.850314 seconds (10.04 G allocations: 46.605 TiB, 18.04% gc time)
[2023-01-10T04:20:28.588]Completed Shot 2, state 1
12351.190539 seconds (10.04 G allocations: 46.606 TiB, 18.03% gc time)
[2023-01-10T04:20:29.931]Completed Shot 2, state 31
12354.264877 seconds (10.04 G allocations: 46.608 TiB, 18.04% gc time)
[2023-01-10T04:20:33.003]Completed Shot 2, state 5
12354.812629 seconds (10.04 G allocations: 46.608 TiB, 18.03% gc time)
[2023-01-10T04:20:33.551]Completed Shot 2, state 10
12368.528101 seconds (10.04 G allocations: 46.613 TiB, 18.02% gc time)
[2023-01-10T04:20:47.268]Completed Shot 2, state 28
12370.394019 seconds (10.04 G allocations: 46.613 TiB, 18.01% gc time)
[2023-01-10T04:20:49.134]Completed Shot 2, state 23
11727.723314 seconds (9.99 G allocations: 46.396 TiB, 19.57% gc time)
[2023-01-10T07:36:16.861]Completed Shot 3, state 29
11728.277911 seconds (9.99 G allocations: 46.399 TiB, 19.57% gc time)
[2023-01-10T07:36:17.416]Completed Shot 3, state 31
11743.620773 seconds (10.01 G allocations: 46.460 TiB, 19.58% gc time)
[2023-01-10T07:36:32.758]Completed Shot 3, state 18
11744.506822 seconds (10.01 G allocations: 46.465 TiB, 19.58% gc time)
[2023-01-10T07:36:33.644]Completed Shot 3, state 14
11745.828418 seconds (10.01 G allocations: 46.473 TiB, 19.58% gc time)
[2023-01-10T07:36:34.966]Completed Shot 3, state 22
11746.628138 seconds (10.01 G allocations: 46.478 TiB, 19.58% gc time)
[2023-01-10T07:36:35.765]Completed Shot 3, state 6
11749.300842 seconds (10.01 G allocations: 46.492 TiB, 19.57% gc time)
[2023-01-10T07:36:38.439]Completed Shot 3, state 36
11755.340393 seconds (10.02 G allocations: 46.499 TiB, 19.60% gc time)
[2023-01-10T07:36:44.479]Completed Shot 3, state 47
11757.606081 seconds (10.02 G allocations: 46.512 TiB, 19.60% gc time)
[2023-01-10T07:36:46.745]Completed Shot 3, state 50
11757.923556 seconds (10.02 G allocations: 46.514 TiB, 19.59% gc time)
[2023-01-10T07:36:47.062]Completed Shot 3, state 41
11758.986532 seconds (10.02 G allocations: 46.521 TiB, 19.59% gc time)
[2023-01-10T07:36:48.122]Completed Shot 3, state 1
11760.154396 seconds (10.02 G allocations: 46.528 TiB, 19.59% gc time)
[2023-01-10T07:36:49.292]Completed Shot 3, state 19
11760.668284 seconds (10.02 G allocations: 46.531 TiB, 19.59% gc time)
[2023-01-10T07:36:49.807]Completed Shot 3, state 34
11761.157637 seconds (10.02 G allocations: 46.534 TiB, 19.59% gc time)
[2023-01-10T07:36:50.296]Completed Shot 3, state 30
11761.667520 seconds (10.02 G allocations: 46.536 TiB, 19.59% gc time)
[2023-01-10T07:36:50.805]Completed Shot 3, state 23
11761.866574 seconds (10.02 G allocations: 46.538 TiB, 19.59% gc time)
[2023-01-10T07:36:51.005]Completed Shot 3, state 46
11763.433188 seconds (10.03 G allocations: 46.546 TiB, 19.59% gc time)
[2023-01-10T07:36:52.571]Completed Shot 3, state 28
11763.488453 seconds (10.03 G allocations: 46.546 TiB, 19.59% gc time)
[2023-01-10T07:36:52.625]Completed Shot 3, state 17
11763.810801 seconds (10.03 G allocations: 46.548 TiB, 19.58% gc time)
[2023-01-10T07:36:52.947]Completed Shot 3, state 9
11765.310891 seconds (10.03 G allocations: 46.555 TiB, 19.58% gc time)
[2023-01-10T07:36:54.446]Completed Shot 3, state 2
11765.566888 seconds (10.03 G allocations: 46.557 TiB, 19.58% gc time)
[2023-01-10T07:36:54.704]Completed Shot 3, state 21
11770.034851 seconds (10.03 G allocations: 46.565 TiB, 19.60% gc time)
[2023-01-10T07:36:59.171]Completed Shot 3, state 8
11770.172016 seconds (10.03 G allocations: 46.566 TiB, 19.60% gc time)
[2023-01-10T07:36:59.311]Completed Shot 3, state 42
11770.342397 seconds (10.03 G allocations: 46.567 TiB, 19.60% gc time)
[2023-01-10T07:36:59.481]Completed Shot 3, state 35
11770.507620 seconds (10.03 G allocations: 46.568 TiB, 19.60% gc time)
[2023-01-10T07:36:59.646]Completed Shot 3, state 37
11770.907807 seconds (10.03 G allocations: 46.570 TiB, 19.60% gc time)
[2023-01-10T07:37:00.046]Completed Shot 3, state 32
11772.001781 seconds (10.03 G allocations: 46.575 TiB, 19.59% gc time)
[2023-01-10T07:37:01.139]Completed Shot 3, state 12
11773.243074 seconds (10.03 G allocations: 46.581 TiB, 19.59% gc time)
[2023-01-10T07:37:02.379]Completed Shot 3, state 11
11773.323858 seconds (10.03 G allocations: 46.581 TiB, 19.59% gc time)
[2023-01-10T07:37:02.461]Completed Shot 3, state 13
11773.380451 seconds (10.03 G allocations: 46.581 TiB, 19.59% gc time)
[2023-01-10T07:37:02.518]Completed Shot 3, state 20
11775.182881 seconds (10.03 G allocations: 46.588 TiB, 19.59% gc time)
[2023-01-10T07:37:04.319]Completed Shot 3, state 4
11776.186042 seconds (10.04 G allocations: 46.592 TiB, 19.59% gc time)
[2023-01-10T07:37:05.324]Completed Shot 3, state 26
11776.198717 seconds (10.04 G allocations: 46.592 TiB, 19.59% gc time)
[2023-01-10T07:37:05.337]Completed Shot 3, state 39
11776.737723 seconds (10.04 G allocations: 46.594 TiB, 19.59% gc time)
[2023-01-10T07:37:05.876]Completed Shot 3, state 49
11777.131007 seconds (10.04 G allocations: 46.595 TiB, 19.59% gc time)
[2023-01-10T07:37:06.269]Completed Shot 3, state 27
11777.145062 seconds (10.04 G allocations: 46.595 TiB, 19.59% gc time)
[2023-01-10T07:37:06.284]Completed Shot 3, state 44
11777.639840 seconds (10.04 G allocations: 46.596 TiB, 19.58% gc time)
[2023-01-10T07:37:06.776]Completed Shot 3, state 5
11778.412745 seconds (10.04 G allocations: 46.598 TiB, 19.58% gc time)
[2023-01-10T07:37:07.551]Completed Shot 3, state 33
11779.718202 seconds (10.04 G allocations: 46.599 TiB, 19.59% gc time)
[2023-01-10T07:37:08.854]Completed Shot 3, state 7
11780.688640 seconds (10.04 G allocations: 46.601 TiB, 19.59% gc time)
[2023-01-10T07:37:09.827]Completed Shot 3, state 48
11781.140508 seconds (10.04 G allocations: 46.602 TiB, 19.58% gc time)
[2023-01-10T07:37:10.276]Completed Shot 3, state 3
11781.843840 seconds (10.04 G allocations: 46.603 TiB, 19.58% gc time)
[2023-01-10T07:37:10.981]Completed Shot 3, state 25
11784.372265 seconds (10.04 G allocations: 46.607 TiB, 19.58% gc time)
[2023-01-10T07:37:13.509]Completed Shot 3, state 16
11786.400862 seconds (10.04 G allocations: 46.610 TiB, 19.58% gc time)
[2023-01-10T07:37:15.539]Completed Shot 3, state 43
11786.970662 seconds (10.04 G allocations: 46.611 TiB, 19.57% gc time)
[2023-01-10T07:37:16.109]Completed Shot 3, state 45
11787.092198 seconds (10.04 G allocations: 46.611 TiB, 19.57% gc time)
[2023-01-10T07:37:16.230]Completed Shot 3, state 24
11787.479970 seconds (10.04 G allocations: 46.611 TiB, 19.57% gc time)
[2023-01-10T07:37:16.618]Completed Shot 3, state 38
11787.787694 seconds (10.04 G allocations: 46.612 TiB, 19.57% gc time)
[2023-01-10T07:37:16.924]Completed Shot 3, state 10
11791.983598 seconds (10.04 G allocations: 46.613 TiB, 19.57% gc time)
[2023-01-10T07:37:21.120]Completed Shot 3, state 15
11794.481691 seconds (10.04 G allocations: 46.613 TiB, 19.57% gc time)
[2023-01-10T07:37:23.620]Completed Shot 3, state 40
11167.719332 seconds (10.00 G allocations: 46.409 TiB, 11.53% gc time)
[2023-01-10T10:43:31.344]Completed Shot 4, state 29
11183.355287 seconds (10.02 G allocations: 46.477 TiB, 11.52% gc time)
[2023-01-10T10:43:46.978]Completed Shot 4, state 8
11186.521485 seconds (10.02 G allocations: 46.490 TiB, 11.52% gc time)
[2023-01-10T10:43:50.146]Completed Shot 4, state 42
11186.665333 seconds (10.02 G allocations: 46.491 TiB, 11.52% gc time)
[2023-01-10T10:43:50.289]Completed Shot 4, state 20
11186.700552 seconds (10.02 G allocations: 46.491 TiB, 11.52% gc time)
[2023-01-10T10:43:50.322]Completed Shot 4, state 1
11189.386495 seconds (10.02 G allocations: 46.503 TiB, 11.52% gc time)
[2023-01-10T10:43:53.010]Completed Shot 4, state 9
11190.600883 seconds (10.03 G allocations: 46.508 TiB, 11.52% gc time)
[2023-01-10T10:43:54.226]Completed Shot 4, state 46
11191.396387 seconds (10.03 G allocations: 46.511 TiB, 11.52% gc time)
[2023-01-10T10:43:55.021]Completed Shot 4, state 30
11191.575553 seconds (10.03 G allocations: 46.512 TiB, 11.52% gc time)
[2023-01-10T10:43:55.200]Completed Shot 4, state 40
11191.750929 seconds (10.03 G allocations: 46.513 TiB, 11.52% gc time)
[2023-01-10T10:43:55.375]Completed Shot 4, state 25
11191.877528 seconds (10.03 G allocations: 46.513 TiB, 11.52% gc time)
[2023-01-10T10:43:55.501]Completed Shot 4, state 14
11194.369349 seconds (10.03 G allocations: 46.523 TiB, 11.52% gc time)
[2023-01-10T10:43:57.991]Completed Shot 4, state 7
11195.422620 seconds (10.03 G allocations: 46.528 TiB, 11.52% gc time)
[2023-01-10T10:43:59.046]Completed Shot 4, state 24
11195.583042 seconds (10.03 G allocations: 46.528 TiB, 11.52% gc time)
[2023-01-10T10:43:59.206]Completed Shot 4, state 17
11195.833196 seconds (10.03 G allocations: 46.530 TiB, 11.52% gc time)
[2023-01-10T10:43:59.455]Completed Shot 4, state 3
11196.743784 seconds (10.03 G allocations: 46.533 TiB, 11.52% gc time)
[2023-01-10T10:44:00.368]Completed Shot 4, state 34
11199.234033 seconds (10.03 G allocations: 46.543 TiB, 11.51% gc time)
[2023-01-10T10:44:02.858]Completed Shot 4, state 23
11200.344265 seconds (10.03 G allocations: 46.547 TiB, 11.51% gc time)
[2023-01-10T10:44:03.966]Completed Shot 4, state 5
11200.473591 seconds (10.03 G allocations: 46.548 TiB, 11.51% gc time)
[2023-01-10T10:44:04.097]Completed Shot 4, state 18
11202.553786 seconds (10.04 G allocations: 46.556 TiB, 11.51% gc time)
[2023-01-10T10:44:06.179]Completed Shot 4, state 49
11202.930603 seconds (10.04 G allocations: 46.557 TiB, 11.51% gc time)
[2023-01-10T10:44:06.555]Completed Shot 4, state 43
11204.885599 seconds (10.04 G allocations: 46.565 TiB, 11.51% gc time)
[2023-01-10T10:44:08.510]Completed Shot 4, state 33
11206.030633 seconds (10.04 G allocations: 46.569 TiB, 11.51% gc time)
[2023-01-10T10:44:09.654]Completed Shot 4, state 21
11208.836072 seconds (10.04 G allocations: 46.579 TiB, 11.51% gc time)
[2023-01-10T10:44:12.461]Completed Shot 4, state 38
11210.007436 seconds (10.04 G allocations: 46.583 TiB, 11.51% gc time)
[2023-01-10T10:44:13.632]Completed Shot 4, state 41
11210.553221 seconds (10.04 G allocations: 46.585 TiB, 11.51% gc time)
[2023-01-10T10:44:14.178]Completed Shot 4, state 37
11210.961671 seconds (10.04 G allocations: 46.587 TiB, 11.51% gc time)
[2023-01-10T10:44:14.586]Completed Shot 4, state 45
11211.761207 seconds (10.04 G allocations: 46.589 TiB, 11.51% gc time)
[2023-01-10T10:44:15.385]Completed Shot 4, state 31
11211.776740 seconds (10.04 G allocations: 46.589 TiB, 11.51% gc time)
[2023-01-10T10:44:15.400]Completed Shot 4, state 16
11212.278787 seconds (10.04 G allocations: 46.591 TiB, 11.51% gc time)
[2023-01-10T10:44:15.902]Completed Shot 4, state 13
11213.240862 seconds (10.04 G allocations: 46.594 TiB, 11.51% gc time)
[2023-01-10T10:44:16.864]Completed Shot 4, state 22
11213.502391 seconds (10.04 G allocations: 46.595 TiB, 11.51% gc time)
[2023-01-10T10:44:17.124]Completed Shot 4, state 2
11213.538405 seconds (10.04 G allocations: 46.595 TiB, 11.51% gc time)
[2023-01-10T10:44:17.160]Completed Shot 4, state 6
11214.760268 seconds (10.04 G allocations: 46.598 TiB, 11.51% gc time)
[2023-01-10T10:44:18.385]Completed Shot 4, state 47
11215.119829 seconds (10.04 G allocations: 46.599 TiB, 11.50% gc time)
[2023-01-10T10:44:18.744]Completed Shot 4, state 36
11215.318019 seconds (10.04 G allocations: 46.600 TiB, 11.50% gc time)
[2023-01-10T10:44:18.943]Completed Shot 4, state 48
11216.274585 seconds (10.05 G allocations: 46.602 TiB, 11.50% gc time)
[2023-01-10T10:44:19.898]Completed Shot 4, state 26
11216.350011 seconds (10.05 G allocations: 46.602 TiB, 11.50% gc time)
[2023-01-10T10:44:19.972]Completed Shot 4, state 4
11216.458825 seconds (10.05 G allocations: 46.602 TiB, 11.50% gc time)
[2023-01-10T10:44:20.083]Completed Shot 4, state 28
11218.118210 seconds (10.05 G allocations: 46.606 TiB, 11.50% gc time)
[2023-01-10T10:44:21.741]Completed Shot 4, state 10
11218.468958 seconds (10.05 G allocations: 46.607 TiB, 11.50% gc time)
[2023-01-10T10:44:22.094]Completed Shot 4, state 50
11219.166553 seconds (10.05 G allocations: 46.608 TiB, 11.50% gc time)
[2023-01-10T10:44:22.791]Completed Shot 4, state 32
11219.168979 seconds (10.05 G allocations: 46.608 TiB, 11.50% gc time)
[2023-01-10T10:44:22.793]Completed Shot 4, state 27
11219.549471 seconds (10.05 G allocations: 46.608 TiB, 11.50% gc time)
[2023-01-10T10:44:23.174]Completed Shot 4, state 44
11221.911238 seconds (10.05 G allocations: 46.611 TiB, 11.50% gc time)
[2023-01-10T10:44:25.534]Completed Shot 4, state 12
11222.782741 seconds (10.05 G allocations: 46.612 TiB, 11.50% gc time)
[2023-01-10T10:44:26.406]Completed Shot 4, state 15
11222.899067 seconds (10.05 G allocations: 46.612 TiB, 11.50% gc time)
[2023-01-10T10:44:26.523]Completed Shot 4, state 35
11223.131340 seconds (10.05 G allocations: 46.612 TiB, 11.50% gc time)
[2023-01-10T10:44:26.756]Completed Shot 4, state 39
11223.480411 seconds (10.05 G allocations: 46.612 TiB, 11.50% gc time)
[2023-01-10T10:44:27.104]Completed Shot 4, state 19
11224.764183 seconds (10.05 G allocations: 46.612 TiB, 11.50% gc time)
[2023-01-10T10:44:28.387]Completed Shot 4, state 11
10450.021264 seconds (10.01 G allocations: 46.412 TiB, 5.57% gc time)
[2023-01-10T13:38:38.411]Completed Shot 5, state 18
10453.979959 seconds (10.01 G allocations: 46.431 TiB, 5.57% gc time)
[2023-01-10T13:38:42.370]Completed Shot 5, state 16
10457.438890 seconds (10.02 G allocations: 46.448 TiB, 5.57% gc time)
[2023-01-10T13:38:45.831]Completed Shot 5, state 42
10467.194084 seconds (10.03 G allocations: 46.495 TiB, 5.57% gc time)
[2023-01-10T13:38:55.584]Completed Shot 5, state 14
10468.060580 seconds (10.03 G allocations: 46.499 TiB, 5.57% gc time)
[2023-01-10T13:38:56.453]Completed Shot 5, state 47
10471.973176 seconds (10.03 G allocations: 46.517 TiB, 5.57% gc time)
[2023-01-10T13:39:00.364]Completed Shot 5, state 33
10473.006807 seconds (10.03 G allocations: 46.522 TiB, 5.57% gc time)
[2023-01-10T13:39:01.398]Completed Shot 5, state 30
10475.297893 seconds (10.04 G allocations: 46.533 TiB, 5.57% gc time)
[2023-01-10T13:39:03.690]Completed Shot 5, state 45
10475.789672 seconds (10.04 G allocations: 46.535 TiB, 5.57% gc time)
[2023-01-10T13:39:04.179]Completed Shot 5, state 10
10477.350052 seconds (10.04 G allocations: 46.543 TiB, 5.57% gc time)
[2023-01-10T13:39:05.740]Completed Shot 5, state 19
10479.235905 seconds (10.04 G allocations: 46.551 TiB, 5.57% gc time)
[2023-01-10T13:39:07.627]Completed Shot 5, state 34
10479.477909 seconds (10.04 G allocations: 46.553 TiB, 5.57% gc time)
[2023-01-10T13:39:07.869]Completed Shot 5, state 29
10479.871576 seconds (10.04 G allocations: 46.555 TiB, 5.57% gc time)
[2023-01-10T13:39:08.262]Completed Shot 5, state 13
10480.437719 seconds (10.04 G allocations: 46.557 TiB, 5.57% gc time)
[2023-01-10T13:39:08.829]Completed Shot 5, state 44
10481.801264 seconds (10.04 G allocations: 46.563 TiB, 5.57% gc time)
[2023-01-10T13:39:10.193]Completed Shot 5, state 46
10482.423896 seconds (10.04 G allocations: 46.566 TiB, 5.57% gc time)
[2023-01-10T13:39:10.814]Completed Shot 5, state 17
10482.600525 seconds (10.04 G allocations: 46.567 TiB, 5.57% gc time)
[2023-01-10T13:39:10.992]Completed Shot 5, state 37
10483.456758 seconds (10.04 G allocations: 46.571 TiB, 5.57% gc time)
[2023-01-10T13:39:11.847]Completed Shot 5, state 24
10483.631657 seconds (10.04 G allocations: 46.572 TiB, 5.57% gc time)
[2023-01-10T13:39:12.023]Completed Shot 5, state 48
10483.879921 seconds (10.04 G allocations: 46.573 TiB, 5.57% gc time)
[2023-01-10T13:39:12.271]Completed Shot 5, state 26
10483.928608 seconds (10.04 G allocations: 46.573 TiB, 5.57% gc time)
[2023-01-10T13:39:12.319]Completed Shot 5, state 21
10484.087251 seconds (10.05 G allocations: 46.574 TiB, 5.57% gc time)
[2023-01-10T13:39:12.479]Completed Shot 5, state 50
10485.393602 seconds (10.05 G allocations: 46.579 TiB, 5.57% gc time)
[2023-01-10T13:39:13.785]Completed Shot 5, state 36
10485.670277 seconds (10.05 G allocations: 46.581 TiB, 5.57% gc time)
[2023-01-10T13:39:14.059]Completed Shot 5, state 9
10485.769424 seconds (10.05 G allocations: 46.581 TiB, 5.57% gc time)
[2023-01-10T13:39:14.161]Completed Shot 5, state 39
10485.919636 seconds (10.05 G allocations: 46.582 TiB, 5.57% gc time)
[2023-01-10T13:39:14.309]Completed Shot 5, state 11
10486.469463 seconds (10.05 G allocations: 46.584 TiB, 5.57% gc time)
[2023-01-10T13:39:14.858]Completed Shot 5, state 1
10487.287526 seconds (10.05 G allocations: 46.587 TiB, 5.57% gc time)
[2023-01-10T13:39:15.677]Completed Shot 5, state 12
10487.933286 seconds (10.05 G allocations: 46.589 TiB, 5.57% gc time)
[2023-01-10T13:39:16.325]Completed Shot 5, state 43
10488.078781 seconds (10.05 G allocations: 46.590 TiB, 5.57% gc time)
[2023-01-10T13:39:16.469]Completed Shot 5, state 23
10488.216173 seconds (10.05 G allocations: 46.591 TiB, 5.57% gc time)
[2023-01-10T13:39:16.607]Completed Shot 5, state 35
10488.262810 seconds (10.05 G allocations: 46.591 TiB, 5.57% gc time)
[2023-01-10T13:39:16.651]Completed Shot 5, state 4
10489.024442 seconds (10.05 G allocations: 46.593 TiB, 5.57% gc time)
[2023-01-10T13:39:17.414]Completed Shot 5, state 15
10489.367458 seconds (10.05 G allocations: 46.594 TiB, 5.57% gc time)
[2023-01-10T13:39:17.756]Completed Shot 5, state 7
10489.597300 seconds (10.05 G allocations: 46.595 TiB, 5.57% gc time)
[2023-01-10T13:39:17.985]Completed Shot 5, state 2
10489.624426 seconds (10.05 G allocations: 46.595 TiB, 5.57% gc time)
[2023-01-10T13:39:18.013]Completed Shot 5, state 5
10489.942961 seconds (10.05 G allocations: 46.596 TiB, 5.57% gc time)
[2023-01-10T13:39:18.332]Completed Shot 5, state 6
10491.252792 seconds (10.05 G allocations: 46.599 TiB, 5.57% gc time)
[2023-01-10T13:39:19.643]Completed Shot 5, state 22
10492.106686 seconds (10.05 G allocations: 46.601 TiB, 5.57% gc time)
[2023-01-10T13:39:20.498]Completed Shot 5, state 32
10492.747606 seconds (10.05 G allocations: 46.602 TiB, 5.57% gc time)
[2023-01-10T13:39:21.138]Completed Shot 5, state 28
10493.380425 seconds (10.05 G allocations: 46.604 TiB, 5.57% gc time)
[2023-01-10T13:39:21.772]Completed Shot 5, state 38
10493.713231 seconds (10.05 G allocations: 46.604 TiB, 5.57% gc time)
[  Activating project at `/gpfs/bwfor/work/ws/hd_ku269-light_cones/WorkingFolder`
2023-01-10T13:39:22.105]Completed Shot 5, state 41
10493.797610 seconds (10.05 G allocations: 46.604 TiB, 5.57% gc time)
[2023-01-10T13:39:22.189]Completed Shot 5, state 49
10494.481765 seconds (10.05 G allocations: 46.605 TiB, 5.57% gc time)
[2023-01-10T13:39:22.871]Completed Shot 5, state 8
10495.940093 seconds (10.05 G allocations: 46.607 TiB, 5.57% gc time)
[2023-01-10T13:39:24.330]Completed Shot 5, state 20
10497.187186 seconds (10.05 G allocations: 46.608 TiB, 5.57% gc time)
[2023-01-10T13:39:25.578]Completed Shot 5, state 40
10498.316398 seconds (10.05 G allocations: 46.609 TiB, 5.57% gc time)
[2023-01-10T13:39:26.707]Completed Shot 5, state 27
10500.692998 seconds (10.05 G allocations: 46.611 TiB, 5.57% gc time)
[2023-01-10T13:39:29.081]Completed Shot 5, state 3
10502.176446 seconds (10.05 G allocations: 46.611 TiB, 5.57% gc time)
[2023-01-10T13:39:30.567]Completed Shot 5, state 25
10507.482822 seconds (10.05 G allocations: 46.612 TiB, 5.57% gc time)
[2023-01-10T13:39:35.874]Completed Shot 5, state 31
9863.241906 seconds (10.03 G allocations: 46.473 TiB, 5.87% gc time)
[2023-01-10T16:23:59.117]Completed Shot 6, state 2
9863.714958 seconds (10.03 G allocations: 46.475 TiB, 5.87% gc time)
[2023-01-10T16:23:59.592]Completed Shot 6, state 28
9864.898343 seconds (10.03 G allocations: 46.481 TiB, 5.87% gc time)
[2023-01-10T16:24:00.776]Completed Shot 6, state 30
9865.434334 seconds (10.03 G allocations: 46.483 TiB, 5.87% gc time)
[2023-01-10T16:24:01.311]Completed Shot 6, state 8
9865.887735 seconds (10.03 G allocations: 46.485 TiB, 5.87% gc time)
[2023-01-10T16:24:01.766]Completed Shot 6, state 35
9866.152551 seconds (10.03 G allocations: 46.486 TiB, 5.87% gc time)
[2023-01-10T16:24:02.031]Completed Shot 6, state 40
9866.174094 seconds (10.03 G allocations: 46.487 TiB, 5.87% gc time)
[2023-01-10T16:24:02.052]Completed Shot 6, state 38
9868.432218 seconds (10.03 G allocations: 46.498 TiB, 5.87% gc time)
[2023-01-10T16:24:04.311]Completed Shot 6, state 47
9871.284552 seconds (10.03 G allocations: 46.512 TiB, 5.87% gc time)
[2023-01-10T16:24:07.161]Completed Shot 6, state 11
9872.087499 seconds (10.03 G allocations: 46.515 TiB, 5.87% gc time)
[2023-01-10T16:24:07.966]Completed Shot 6, state 41
9873.988789 seconds (10.04 G allocations: 46.524 TiB, 5.87% gc time)
[2023-01-10T16:24:09.865]Completed Shot 6, state 7
9875.246769 seconds (10.04 G allocations: 46.530 TiB, 5.87% gc time)
[2023-01-10T16:24:11.126]Completed Shot 6, state 49
9878.357110 seconds (10.04 G allocations: 46.545 TiB, 5.87% gc time)
[2023-01-10T16:24:14.234]Completed Shot 6, state 15
9880.962117 seconds (10.04 G allocations: 46.557 TiB, 5.87% gc time)
[2023-01-10T16:24:16.841]Completed Shot 6, state 45
9881.167551 seconds (10.04 G allocations: 46.558 TiB, 5.87% gc time)
[2023-01-10T16:24:17.046]Completed Shot 6, state 46
9881.949027 seconds (10.04 G allocations: 46.561 TiB, 5.87% gc time)
[2023-01-10T16:24:17.824]Completed Shot 6, state 4
9882.345158 seconds (10.04 G allocations: 46.563 TiB, 5.87% gc time)
[2023-01-10T16:24:18.223]Completed Shot 6, state 37
9882.368631 seconds (10.04 G allocations: 46.563 TiB, 5.87% gc time)
[2023-01-10T16:24:18.247]Completed Shot 6, state 43
9882.411347 seconds (10.04 G allocations: 46.563 TiB, 5.87% gc time)
[2023-01-10T16:24:18.290]Completed Shot 6, state 48
9882.828923 seconds (10.05 G allocations: 46.565 TiB, 5.87% gc time)
[2023-01-10T16:24:18.707]Completed Shot 6, state 31
9885.000670 seconds (10.05 G allocations: 46.575 TiB, 5.87% gc time)
[2023-01-10T16:24:20.876]Completed Shot 6, state 3
9885.037832 seconds (10.05 G allocations: 46.575 TiB, 5.87% gc time)
[2023-01-10T16:24:20.915]Completed Shot 6, state 24
9886.042759 seconds (10.05 G allocations: 46.579 TiB, 5.87% gc time)
[2023-01-10T16:24:21.920]Completed Shot 6, state 25
9886.569305 seconds (10.05 G allocations: 46.581 TiB, 5.87% gc time)
[2023-01-10T16:24:22.446]Completed Shot 6, state 19
9887.034306 seconds (10.05 G allocations: 46.583 TiB, 5.87% gc time)
[2023-01-10T16:24:22.912]Completed Shot 6, state 32
9887.474675 seconds (10.05 G allocations: 46.585 TiB, 5.87% gc time)
[2023-01-10T16:24:23.353]Completed Shot 6, state 44
9887.674092 seconds (10.05 G allocations: 46.586 TiB, 5.87% gc time)
[2023-01-10T16:24:23.553]Completed Shot 6, state 42
9888.216144 seconds (10.05 G allocations: 46.588 TiB, 5.87% gc time)
[2023-01-10T16:24:24.094]Completed Shot 6, state 29
9888.239237 seconds (10.05 G allocations: 46.588 TiB, 5.87% gc time)
[2023-01-10T16:24:24.115]Completed Shot 6, state 5
9888.618592 seconds (10.05 G allocations: 46.589 TiB, 5.87% gc time)
[2023-01-10T16:24:24.496]Completed Shot 6, state 22
9888.886016 seconds (10.05 G allocations: 46.590 TiB, 5.87% gc time)
[2023-01-10T16:24:24.762]Completed Shot 6, state 12
9889.757436 seconds (10.05 G allocations: 46.593 TiB, 5.87% gc time)
[2023-01-10T16:24:25.635]Completed Shot 6, state 33
9890.187576 seconds (10.05 G allocations: 46.595 TiB, 5.87% gc time)
[2023-01-10T16:24:26.063]Completed Shot 6, state 6
9890.369278 seconds (10.05 G allocations: 46.595 TiB, 5.87% gc time)
[2023-01-10T16:24:26.244]Completed Shot 6, state 1
9890.408660 seconds (10.05 G allocations: 46.595 TiB, 5.87% gc time)
[2023-01-10T16:24:26.286]Completed Shot 6, state 20
9890.472008 seconds (10.05 G allocations: 46.595 TiB, 5.87% gc time)
[2023-01-10T16:24:26.349]Completed Shot 6, state 16
9890.868651 seconds (10.05 G allocations: 46.597 TiB, 5.87% gc time)
[2023-01-10T16:24:26.747]Completed Shot 6, state 36
9891.928718 seconds (10.05 G allocations: 46.599 TiB, 5.87% gc time)
[2023-01-10T16:24:27.805]Completed Shot 6, state 18
9892.327385 seconds (10.05 G allocations: 46.600 TiB, 5.87% gc time)
[2023-01-10T16:24:28.203]Completed Shot 6, state 9
9893.148059 seconds (10.05 G allocations: 46.602 TiB, 5.87% gc time)
[2023-01-10T16:24:29.025]Completed Shot 6, state 13
9894.434677 seconds (10.05 G allocations: 46.605 TiB, 5.87% gc time)
[2023-01-10T16:24:30.313]Completed Shot 6, state 39
9894.761421 seconds (10.05 G allocations: 46.605 TiB, 5.87% gc time)
[2023-01-10T16:24:30.640]Completed Shot 6, state 50
9895.258160 seconds (10.05 G allocations: 46.606 TiB, 5.87% gc time)
[2023-01-10T16:24:31.136]Completed Shot 6, state 34
9898.193292 seconds (10.05 G allocations: 46.610 TiB, 5.87% gc time)
[2023-01-10T16:24:34.070]Completed Shot 6, state 21
9898.234360 seconds (10.05 G allocations: 46.610 TiB, 5.87% gc time)
[2023-01-10T16:24:34.112]Completed Shot 6, state 27
9898.454263 seconds (10.05 G allocations: 46.610 TiB, 5.87% gc time)
[2023-01-10T16:24:34.331]Completed Shot 6, state 23
9899.327044 seconds (10.05 G allocations: 46.611 TiB, 5.87% gc time)
[2023-01-10T16:24:35.203]Completed Shot 6, state 10
9900.359575 seconds (10.06 G allocations: 46.611 TiB, 5.87% gc time)
[2023-01-10T16:24:36.236]Completed Shot 6, state 17
9900.797823 seconds (10.06 G allocations: 46.612 TiB, 5.87% gc time)
[2023-01-10T16:24:36.674]Completed Shot 6, state 14
9906.669242 seconds (10.06 G allocations: 46.613 TiB, 5.87% gc time)
[2023-01-10T16:24:42.547]Completed Shot 6, state 26
9966.140062 seconds (10.03 G allocations: 46.475 TiB, 5.84% gc time)
[2023-01-10T19:10:48.691]Completed Shot 7, state 50
9968.117744 seconds (10.03 G allocations: 46.483 TiB, 5.84% gc time)
[2023-01-10T19:10:50.669]Completed Shot 7, state 49
9969.723477 seconds (10.03 G allocations: 46.490 TiB, 5.84% gc time)
[2023-01-10T19:10:52.274]Completed Shot 7, state 35
9971.933852 seconds (10.03 G allocations: 46.500 TiB, 5.84% gc time)
[2023-01-10T19:10:54.485]Completed Shot 7, state 45
9972.482636 seconds (10.03 G allocations: 46.502 TiB, 5.84% gc time)
[2023-01-10T19:10:55.033]Completed Shot 7, state 14
9975.354267 seconds (10.04 G allocations: 46.514 TiB, 5.84% gc time)
[2023-01-10T19:10:57.906]Completed Shot 7, state 41
9976.773493 seconds (10.04 G allocations: 46.520 TiB, 5.84% gc time)
[2023-01-10T19:10:59.324]Completed Shot 7, state 22
9977.068925 seconds (10.04 G allocations: 46.521 TiB, 5.84% gc time)
[2023-01-10T19:10:59.620]Completed Shot 7, state 37
9979.792749 seconds (10.04 G allocations: 46.532 TiB, 5.84% gc time)
[2023-01-10T19:11:02.346]Completed Shot 7, state 42
9981.824723 seconds (10.04 G allocations: 46.541 TiB, 5.83% gc time)
[2023-01-10T19:11:04.375]Completed Shot 7, state 11
9982.359460 seconds (10.04 G allocations: 46.543 TiB, 5.83% gc time)
[2023-01-10T19:11:04.911]Completed Shot 7, state 40
9982.936134 seconds (10.04 G allocations: 46.545 TiB, 5.83% gc time)
[2023-01-10T19:11:05.487]Completed Shot 7, state 15
9983.647816 seconds (10.04 G allocations: 46.548 TiB, 5.83% gc time)
[2023-01-10T19:11:06.199]Completed Shot 7, state 36
9984.617161 seconds (10.04 G allocations: 46.552 TiB, 5.83% gc time)
[2023-01-10T19:11:07.168]Completed Shot 7, state 43
9984.776924 seconds (10.04 G allocations: 46.553 TiB, 5.83% gc time)
[2023-01-10T19:11:07.328]Completed Shot 7, state 34
9984.897447 seconds (10.04 G allocations: 46.553 TiB, 5.83% gc time)
[2023-01-10T19:11:07.447]Completed Shot 7, state 16
9985.019441 seconds (10.04 G allocations: 46.554 TiB, 5.83% gc time)
[2023-01-10T19:11:07.569]Completed Shot 7, state 13
9985.360446 seconds (10.04 G allocations: 46.555 TiB, 5.83% gc time)
[2023-01-10T19:11:07.912]Completed Shot 7, state 38
9985.542449 seconds (10.04 G allocations: 46.556 TiB, 5.83% gc time)
[2023-01-10T19:11:08.092]Completed Shot 7, state 10
9985.659612 seconds (10.04 G allocations: 46.556 TiB, 5.83% gc time)
[2023-01-10T19:11:08.211]Completed Shot 7, state 46
9987.066819 seconds (10.05 G allocations: 46.562 TiB, 5.83% gc time)
[2023-01-10T19:11:09.619]Completed Shot 7, state 39
9987.489165 seconds (10.05 G allocations: 46.563 TiB, 5.83% gc time)
[2023-01-10T19:11:10.040]Completed Shot 7, state 23
9989.560836 seconds (10.05 G allocations: 46.571 TiB, 5.83% gc time)
[2023-01-10T19:11:12.111]Completed Shot 7, state 20
9989.565013 seconds (10.05 G allocations: 46.571 TiB, 5.83% gc time)
[2023-01-10T19:11:12.116]Completed Shot 7, state 48
9989.762625 seconds (10.05 G allocations: 46.572 TiB, 5.83% gc time)
[2023-01-10T19:11:12.312]Completed Shot 7, state 9
9990.166187 seconds (10.05 G allocations: 46.574 TiB, 5.83% gc time)
[2023-01-10T19:11:12.717]Completed Shot 7, state 17
9990.515422 seconds (10.05 G allocations: 46.575 TiB, 5.83% gc time)
[2023-01-10T19:11:13.065]Completed Shot 7, state 18
9991.873588 seconds (10.05 G allocations: 46.580 TiB, 5.83% gc time)
[2023-01-10T19:11:14.422]Completed Shot 7, state 5
9992.416778 seconds (10.05 G allocations: 46.581 TiB, 5.83% gc time)
[2023-01-10T19:11:14.965]Completed Shot 7, state 2
9992.742989 seconds (10.05 G allocations: 46.582 TiB, 5.83% gc time)
[2023-01-10T19:11:15.293]Completed Shot 7, state 25
9993.463848 seconds (10.05 G allocations: 46.585 TiB, 5.83% gc time)
[2023-01-10T19:11:16.014]Completed Shot 7, state 28
9993.844021 seconds (10.05 G allocations: 46.586 TiB, 5.83% gc time)
[2023-01-10T19:11:16.394]Completed Shot 7, state 19
9993.930010 seconds (10.05 G allocations: 46.586 TiB, 5.83% gc time)
[2023-01-10T19:11:16.480]Completed Shot 7, state 27
9994.829512 seconds (10.05 G allocations: 46.589 TiB, 5.83% gc time)
[2023-01-10T19:11:17.380]Completed Shot 7, state 32
9996.314549 seconds (10.05 G allocations: 46.593 TiB, 5.83% gc time)
[2023-01-10T19:11:18.866]Completed Shot 7, state 47
9996.362507 seconds (10.05 G allocations: 46.593 TiB, 5.83% gc time)
[2023-01-10T19:11:18.911]Completed Shot 7, state 1
9997.334073 seconds (10.05 G allocations: 46.595 TiB, 5.83% gc time)
[2023-01-10T19:11:19.885]Completed Shot 7, state 33
9998.609297 seconds (10.05 G allocations: 46.598 TiB, 5.83% gc time)
[2023-01-10T19:11:21.158]Completed Shot 7, state 12
9999.349606 seconds (10.05 G allocations: 46.600 TiB, 5.83% gc time)
[2023-01-10T19:11:21.898]Completed Shot 7, state 8
10000.727497 seconds (10.05 G allocations: 46.603 TiB, 5.83% gc time)
[2023-01-10T19:11:23.276]Completed Shot 7, state 7
10001.181118 seconds (10.05 G allocations: 46.604 TiB, 5.83% gc time)
[2023-01-10T19:11:23.731]Completed Shot 7, state 21
10001.248427 seconds (10.05 G allocations: 46.604 TiB, 5.83% gc time)
[2023-01-10T19:11:23.799]Completed Shot 7, state 44
10002.258537 seconds (10.05 G allocations: 46.605 TiB, 5.83% gc time)
[2023-01-10T19:11:24.807]Completed Shot 7, state 6
10002.316152 seconds (10.05 G allocations: 46.605 TiB, 5.83% gc time)
[2023-01-10T19:11:24.864]Completed Shot 7, state 4
10003.285827 seconds (10.06 G allocations: 46.607 TiB, 5.83% gc time)
[2023-01-10T19:11:25.836]Completed Shot 7, state 24
10004.449548 seconds (10.06 G allocations: 46.608 TiB, 5.83% gc time)
[2023-01-10T19:11:27]Completed Shot 7, state 29
10006.320958 seconds (10.06 G allocations: 46.609 TiB, 5.83% gc time)
[2023-01-10T19:11:28.871]Completed Shot 7, state 26
10010.630141 seconds (10.06 G allocations: 46.612 TiB, 5.83% gc time)
[2023-01-10T19:11:33.181]Completed Shot 7, state 30
10012.637314 seconds (10.06 G allocations: 46.612 TiB, 5.83% gc time)
[2023-01-10T19:11:35.188]Completed Shot 7, state 31
10013.821530 seconds (10.06 G allocations: 46.612 TiB, 5.83% gc time)
[2023-01-10T19:11:36.370]Completed Shot 7, state 3
10448.601843 seconds (10.03 G allocations: 46.482 TiB, 5.51% gc time)
[2023-01-10T22:05:44.975]Completed Shot 8, state 21
10449.291156 seconds (10.03 G allocations: 46.485 TiB, 5.51% gc time)
[2023-01-10T22:05:45.664]Completed Shot 8, state 17
10452.567517 seconds (10.03 G allocations: 46.500 TiB, 5.51% gc time)
[2023-01-10T22:05:48.942]Completed Shot 8, state 34
10452.943168 seconds (10.03 G allocations: 46.502 TiB, 5.51% gc time)
[2023-01-10T22:05:49.316]Completed Shot 8, state 15
10453.233992 seconds (10.03 G allocations: 46.504 TiB, 5.51% gc time)
[2023-01-10T22:05:49.607]Completed Shot 8, state 5
10454.672346 seconds (10.03 G allocations: 46.510 TiB, 5.51% gc time)
[2023-01-10T22:05:51.048]Completed Shot 8, state 40
10456.899582 seconds (10.04 G allocations: 46.521 TiB, 5.51% gc time)
[2023-01-10T22:05:53.272]Completed Shot 8, state 7
10458.064068 seconds (10.04 G allocations: 46.526 TiB, 5.51% gc time)
[2023-01-10T22:05:54.437]Completed Shot 8, state 13
10459.180373 seconds (10.04 G allocations: 46.531 TiB, 5.51% gc time)
[2023-01-10T22:05:55.554]Completed Shot 8, state 25
10461.018011 seconds (10.04 G allocations: 46.540 TiB, 5.51% gc time)
[2023-01-10T22:05:57.394]Completed Shot 8, state 36
10461.308973 seconds (10.04 G allocations: 46.541 TiB, 5.51% gc time)
[2023-01-10T22:05:57.680]Completed Shot 8, state 4
10462.779093 seconds (10.04 G allocations: 46.548 TiB, 5.51% gc time)
[2023-01-10T22:05:59.151]Completed Shot 8, state 9
10462.956629 seconds (10.04 G allocations: 46.548 TiB, 5.51% gc time)
[2023-01-10T22:05:59.330]Completed Shot 8, state 28
10463.480491 seconds (10.04 G allocations: 46.551 TiB, 5.51% gc time)
[2023-01-10T22:05:59.854]Completed Shot 8, state 18
10466.959420 seconds (10.05 G allocations: 46.566 TiB, 5.51% gc time)
[2023-01-10T22:06:03.335]Completed Shot 8, state 44
10467.770330 seconds (10.05 G allocations: 46.570 TiB, 5.51% gc time)
[2023-01-10T22:06:04.145]Completed Shot 8, state 32
10468.531899 seconds (10.05 G allocations: 46.573 TiB, 5.51% gc time)
[2023-01-10T22:06:04.904]Completed Shot 8, state 8
10468.741486 seconds (10.05 G allocations: 46.574 TiB, 5.51% gc time)
[2023-01-10T22:06:05.117]Completed Shot 8, state 38
10470.204235 seconds (10.05 G allocations: 46.581 TiB, 5.51% gc time)
[2023-01-10T22:06:06.577]Completed Shot 8, state 20
10470.385268 seconds (10.05 G allocations: 46.582 TiB, 5.51% gc time)
[2023-01-10T22:06:06.761]Completed Shot 8, state 35
10471.253643 seconds (10.05 G allocations: 46.585 TiB, 5.51% gc time)
[2023-01-10T22:06:07.630]Completed Shot 8, state 45
10471.741983 seconds (10.05 G allocations: 46.587 TiB, 5.51% gc time)
[2023-01-10T22:06:08.114]Completed Shot 8, state 11
10472.100378 seconds (10.05 G allocations: 46.589 TiB, 5.51% gc time)
[2023-01-10T22:06:08.473]Completed Shot 8, state 10
10472.229873 seconds (10.05 G allocations: 46.589 TiB, 5.51% gc time)
[2023-01-10T22:06:08.602]Completed Shot 8, state 14
10472.435247 seconds (10.05 G allocations: 46.590 TiB, 5.51% gc time)
[2023-01-10T22:06:08.810]Completed Shot 8, state 37
10472.790561 seconds (10.05 G allocations: 46.592 TiB, 5.51% gc time)
[2023-01-10T22:06:09.167]Completed Shot 8, state 48
10473.603886 seconds (10.05 G allocations: 46.595 TiB, 5.51% gc time)
[2023-01-10T22:06:09.979]Completed Shot 8, state 33
10473.899301 seconds (10.05 G allocations: 46.596 TiB, 5.51% gc time)
[2023-01-10T22:06:10.273]Completed Shot 8, state 30
10473.929750 seconds (10.05 G allocations: 46.596 TiB, 5.51% gc time)
10473.924631 seconds (10.05 G allocations: 46.596 TiB, 5.51% gc time)
[2023-01-10T22:06:10.301]Completed Shot 8, state 49
[2023-01-10T22:06:10.301]Completed Shot 8, state 1
10474.375136 seconds (10.05 G allocations: 46.598 TiB, 5.51% gc time)
[2023-01-10T22:06:10.748]Completed Shot 8, state 16
10474.472183 seconds (10.05 G allocations: 46.598 TiB, 5.51% gc time)
[2023-01-10T22:06:10.846]Completed Shot 8, state 27
10475.658998 seconds (10.05 G allocations: 46.602 TiB, 5.51% gc time)
[2023-01-10T22:06:12.035]Completed Shot 8, state 47
10476.349154 seconds (10.05 G allocations: 46.604 TiB, 5.51% gc time)
[2023-01-10T22:06:12.722]Completed Shot 8, state 26
10476.390317 seconds (10.05 G allocations: 46.604 TiB, 5.51% gc time)
[2023-01-10T22:06:12.765]Completed Shot 8, state 31
10476.668173 seconds (10.05 G allocations: 46.605 TiB, 5.51% gc time)
[2023-01-10T22:06:13.044]Completed Shot 8, state 43
10477.109455 seconds (10.05 G allocations: 46.606 TiB, 5.51% gc time)
[2023-01-10T22:06:13.482]Completed Shot 8, state 12
10477.476227 seconds (10.05 G allocations: 46.607 TiB, 5.51% gc time)
[2023-01-10T22:06:13.852]Completed Shot 8, state 42
10477.526722 seconds (10.05 G allocations: 46.607 TiB, 5.51% gc time)
[2023-01-10T22:06:13.898]Completed Shot 8, state 2
10477.842349 seconds (10.05 G allocations: 46.608 TiB, 5.51% gc time)
[2023-01-10T22:06:14.215]Completed Shot 8, state 19
10478.893777 seconds (10.06 G allocations: 46.610 TiB, 5.51% gc time)
[2023-01-10T22:06:15.269]Completed Shot 8, state 39
10478.996850 seconds (10.06 G allocations: 46.610 TiB, 5.51% gc time)
[2023-01-10T22:06:15.371]Completed Shot 8, state 29
10479.486880 seconds (10.06 G allocations: 46.611 TiB, 5.51% gc time)
10479.481898 seconds (10.06 G allocations: 46.611 TiB, 5.51% gc time)
[[2023-01-10T22:06:15.858]Completed Shot 8, state 50
2023-01-10T22:06:15.858]Completed Shot 8, state 3
10479.488056 seconds (10.06 G allocations: 46.611 TiB, 5.51% gc time)
[2023-01-10T22:06:15.864]Completed Shot 8, state 41
10480.001698 seconds (10.06 G allocations: 46.611 TiB, 5.51% gc time)
[2023-01-10T22:06:16.373]Completed Shot 8, state 6
10480.045312 seconds (10.06 G allocations: 46.611 TiB, 5.51% gc time)
[2023-01-10T22:06:16.418]Completed Shot 8, state 23
10480.782256 seconds (10.06 G allocations: 46.612 TiB, 5.51% gc time)
[2023-01-10T22:06:17.158]Completed Shot 8, state 46
10481.577496 seconds (10.06 G allocations: 46.612 TiB, 5.50% gc time)
[2023-01-10T22:06:17.951]Completed Shot 8, state 24
10481.668252 seconds (10.06 G allocations: 46.612 TiB, 5.50% gc time)
[2023-01-10T22:06:18.041]Completed Shot 8, state 22
8967.200861 seconds (10.04 G allocations: 46.549 TiB, 6.65% gc time)
[2023-01-11T00:35:45.246]Completed Shot 9, state 34
8969.865130 seconds (10.05 G allocations: 46.564 TiB, 6.65% gc time)
[2023-01-11T00:35:47.911]Completed Shot 9, state 45
8970.255765 seconds (10.05 G allocations: 46.566 TiB, 6.65% gc time)
[2023-01-11T00:35:48.302]Completed Shot 9, state 49
8970.829396 seconds (10.05 G allocations: 46.569 TiB, 6.65% gc time)
[2023-01-11T00:35:48.875]Completed Shot 9, state 48
8971.078309 seconds (10.05 G allocations: 46.570 TiB, 6.65% gc time)
[2023-01-11T00:35:49.124]Completed Shot 9, state 35
8971.192339 seconds (10.05 G allocations: 46.571 TiB, 6.65% gc time)
[2023-01-11T00:35:49.237]Completed Shot 9, state 22
8971.348782 seconds (10.05 G allocations: 46.572 TiB, 6.65% gc time)
[2023-01-11T00:35:49.394]Completed Shot 9, state 44
8971.456130 seconds (10.05 G allocations: 46.572 TiB, 6.65% gc time)
[2023-01-11T00:35:49.500]Completed Shot 9, state 7
8971.468845 seconds (10.05 G allocations: 46.572 TiB, 6.65% gc time)
[2023-01-11T00:35:49.513]Completed Shot 9, state 20
8972.048566 seconds (10.05 G allocations: 46.575 TiB, 6.65% gc time)
[2023-01-11T00:35:50.093]Completed Shot 9, state 18
8972.335247 seconds (10.05 G allocations: 46.577 TiB, 6.65% gc time)
[2023-01-11T00:35:50.379]Completed Shot 9, state 12
8973.349890 seconds (10.05 G allocations: 46.582 TiB, 6.65% gc time)
[2023-01-11T00:35:51.395]Completed Shot 9, state 32
8973.691007 seconds (10.05 G allocations: 46.584 TiB, 6.65% gc time)
[2023-01-11T00:35:51.737]Completed Shot 9, state 38
8973.876850 seconds (10.05 G allocations: 46.585 TiB, 6.65% gc time)
[2023-01-11T00:35:51.923]Completed Shot 9, state 46
8974.354830 seconds (10.05 G allocations: 46.587 TiB, 6.65% gc time)
[2023-01-11T00:35:52.400]Completed Shot 9, state 21
8974.506010 seconds (10.05 G allocations: 46.588 TiB, 6.65% gc time)
[2023-01-11T00:35:52.552]Completed Shot 9, state 47
8974.738166 seconds (10.05 G allocations: 46.589 TiB, 6.65% gc time)
[2023-01-11T00:35:52.781]Completed Shot 9, state 3
8974.802595 seconds (10.05 G allocations: 46.589 TiB, 6.65% gc time)
[2023-01-11T00:35:52.848]Completed Shot 9, state 33
8974.948476 seconds (10.05 G allocations: 46.590 TiB, 6.65% gc time)
[2023-01-11T00:35:52.994]Completed Shot 9, state 30
8974.975154 seconds (10.05 G allocations: 46.590 TiB, 6.65% gc time)
[2023-01-11T00:35:53.019]Completed Shot 9, state 11
8974.993597 seconds (10.05 G allocations: 46.590 TiB, 6.65% gc time)
[2023-01-11T00:35:53.040]Completed Shot 9, state 43
8975.442834 seconds (10.05 G allocations: 46.593 TiB, 6.65% gc time)
[2023-01-11T00:35:53.488]Completed Shot 9, state 28
8975.611170 seconds (10.05 G allocations: 46.593 TiB, 6.65% gc time)
[2023-01-11T00:35:53.655]Completed Shot 9, state 8
8975.817204 seconds (10.05 G allocations: 46.594 TiB, 6.65% gc time)
[2023-01-11T00:35:53.863]Completed Shot 9, state 41
8976.388082 seconds (10.05 G allocations: 46.597 TiB, 6.65% gc time)
[2023-01-11T00:35:54.434]Completed Shot 9, state 40
8976.565470 seconds (10.05 G allocations: 46.597 TiB, 6.65% gc time)
[2023-01-11T00:35:54.611]Completed Shot 9, state 36
8977.303744 seconds (10.05 G allocations: 46.600 TiB, 6.65% gc time)
[2023-01-11T00:35:55.349]Completed Shot 9, state 31
8977.460274 seconds (10.05 G allocations: 46.601 TiB, 6.65% gc time)
[2023-01-11T00:35:55.506]Completed Shot 9, state 39
8977.520814 seconds (10.05 G allocations: 46.601 TiB, 6.65% gc time)
[2023-01-11T00:35:55.564]Completed Shot 9, state 2
8977.580835 seconds (10.06 G allocations: 46.601 TiB, 6.65% gc time)
[2023-01-11T00:35:55.626]Completed Shot 9, state 37
8977.615402 seconds (10.06 G allocations: 46.601 TiB, 6.65% gc time)
[2023-01-11T00:35:55.658]Completed Shot 9, state 1
8978.438511 seconds (10.06 G allocations: 46.604 TiB, 6.65% gc time)
[2023-01-11T00:35:56.483]Completed Shot 9, state 15
8978.575479 seconds (10.06 G allocations: 46.605 TiB, 6.65% gc time)
[2023-01-11T00:35:56.619]Completed Shot 9, state 17
8978.637236 seconds (10.06 G allocations: 46.605 TiB, 6.65% gc time)
[2023-01-11T00:35:56.681]Completed Shot 9, state 6
8978.659212 seconds (10.06 G allocations: 46.605 TiB, 6.65% gc time)
[2023-01-11T00:35:56.702]Completed Shot 9, state 4
8978.941672 seconds (10.06 G allocations: 46.606 TiB, 6.65% gc time)
[2023-01-11T00:35:56.985]Completed Shot 9, state 9
8979.183125 seconds (10.06 G allocations: 46.607 TiB, 6.65% gc time)
[2023-01-11T00:35:57.228]Completed Shot 9, state 29
8979.225049 seconds (10.06 G allocations: 46.607 TiB, 6.65% gc time)
[2023-01-11T00:35:57.269]Completed Shot 9, state 10
8980.042442 seconds (10.06 G allocations: 46.609 TiB, 6.65% gc time)
[2023-01-11T00:35:58.086]Completed Shot 9, state 13
8980.904917 seconds (10.06 G allocations: 46.611 TiB, 6.65% gc time)
[2023-01-11T00:35:58.949]Completed Shot 9, state 24
8980.965063 seconds (10.06 G allocations: 46.611 TiB, 6.65% gc time)
[2023-01-11T00:35:59.009]Completed Shot 9, state 16
8981.275402 seconds (10.06 G allocations: 46.611 TiB, 6.65% gc time)
[2023-01-11T00:35:59.319]Completed Shot 9, state 14
8981.616515 seconds (10.06 G allocations: 46.612 TiB, 6.65% gc time)
[2023-01-11T00:35:59.661]Completed Shot 9, state 26
8981.633582 seconds (10.06 G allocations: 46.612 TiB, 6.65% gc time)
[2023-01-11T00:35:59.677]Completed Shot 9, state 5
8981.772231 seconds (10.06 G allocations: 46.612 TiB, 6.65% gc time)
[2023-01-11T00:35:59.816]Completed Shot 9, state 19
8981.771037 seconds (10.06 G allocations: 46.612 TiB, 6.65% gc time)
[2023-01-11T00:35:59.817]Completed Shot 9, state 42
8981.830476 seconds (10.06 G allocations: 46.612 TiB, 6.65% gc time)
[2023-01-11T00:35:59.875]Completed Shot 9, state 25
8982.770692 seconds (10.06 G allocations: 46.613 TiB, 6.65% gc time)
[2023-01-11T00:36:00.815]Completed Shot 9, state 23
8983.939435 seconds (10.06 G allocations: 46.613 TiB, 6.65% gc time)
[2023-01-11T00:36:01.985]Completed Shot 9, state 50
8984.495796 seconds (10.06 G allocations: 46.613 TiB, 6.65% gc time)
[2023-01-11T00:36:02.541]Completed Shot 9, state 27
8452.254786 seconds (10.04 G allocations: 46.549 TiB, 7.46% gc time)
[2023-01-11T02:56:54.798]Completed Shot 10, state 4
8452.903646 seconds (10.05 G allocations: 46.553 TiB, 7.46% gc time)
[2023-01-11T02:56:55.448]Completed Shot 10, state 30
8453.276981 seconds (10.05 G allocations: 46.555 TiB, 7.46% gc time)
[2023-01-11T02:56:55.822]Completed Shot 10, state 38
8453.424755 seconds (10.05 G allocations: 46.555 TiB, 7.46% gc time)
[2023-01-11T02:56:55.970]Completed Shot 10, state 43
8455.645074 seconds (10.05 G allocations: 46.567 TiB, 7.46% gc time)
[2023-01-11T02:56:58.190]Completed Shot 10, state 41
8456.268206 seconds (10.05 G allocations: 46.570 TiB, 7.46% gc time)
[2023-01-11T02:56:58.813]Completed Shot 10, state 15
8456.804444 seconds (10.05 G allocations: 46.573 TiB, 7.46% gc time)
[2023-01-11T02:56:59.348]Completed Shot 10, state 6
8456.941080 seconds (10.05 G allocations: 46.573 TiB, 7.46% gc time)
[2023-01-11T02:56:59.485]Completed Shot 10, state 5
8457.519999 seconds (10.05 G allocations: 46.576 TiB, 7.46% gc time)
[2023-01-11T02:57:00.064]Completed Shot 10, state 24
8458.017279 seconds (10.05 G allocations: 46.579 TiB, 7.46% gc time)
[2023-01-11T02:57:00.561]Completed Shot 10, state 17
8458.497614 seconds (10.05 G allocations: 46.581 TiB, 7.46% gc time)
[2023-01-11T02:57:01.042]Completed Shot 10, state 29
8459.150426 seconds (10.05 G allocations: 46.585 TiB, 7.46% gc time)
[2023-01-11T02:57:01.695]Completed Shot 10, state 23
8459.647581 seconds (10.05 G allocations: 46.587 TiB, 7.46% gc time)
[2023-01-11T02:57:02.191]Completed Shot 10, state 8
8459.868820 seconds (10.05 G allocations: 46.588 TiB, 7.46% gc time)
[2023-01-11T02:57:02.411]Completed Shot 10, state 2
8460.096019 seconds (10.05 G allocations: 46.589 TiB, 7.46% gc time)
[2023-01-11T02:57:02.639]Completed Shot 10, state 3
8460.653504 seconds (10.05 G allocations: 46.592 TiB, 7.46% gc time)
[2023-01-11T02:57:03.198]Completed Shot 10, state 18
8460.692801 seconds (10.05 G allocations: 46.592 TiB, 7.46% gc time)
[2023-01-11T02:57:03.238]Completed Shot 10, state 34
8461.825682 seconds (10.06 G allocations: 46.597 TiB, 7.46% gc time)
[2023-01-11T02:57:04.370]Completed Shot 10, state 31
8462.170601 seconds (10.06 G allocations: 46.599 TiB, 7.46% gc time)
[2023-01-11T02:57:04.714]Completed Shot 10, state 7
8462.415727 seconds (10.06 G allocations: 46.600 TiB, 7.46% gc time)
[2023-01-11T02:57:04.961]Completed Shot 10, state 40
8462.429040 seconds (10.06 G allocations: 46.600 TiB, 7.46% gc time)
[2023-01-11T02:57:04.974]Completed Shot 10, state 47
8462.468440 seconds (10.06 G allocations: 46.600 TiB, 7.46% gc time)
[2023-01-11T02:57:05.013]Completed Shot 10, state 33
8462.569845 seconds (10.06 G allocations: 46.601 TiB, 7.46% gc time)
[2023-01-11T02:57:05.115]Completed Shot 10, state 35
8462.674587 seconds (10.06 G allocations: 46.601 TiB, 7.46% gc time)
[2023-01-11T02:57:05.220]Completed Shot 10, state 42
8462.878567 seconds (10.06 G allocations: 46.602 TiB, 7.46% gc time)
[2023-01-11T02:57:05.424]Completed Shot 10, state 46
8462.905034 seconds (10.06 G allocations: 46.602 TiB, 7.46% gc time)
[2023-01-11T02:57:05.451]Completed Shot 10, state 48
8463.405611 seconds (10.06 G allocations: 46.604 TiB, 7.46% gc time)
[2023-01-11T02:57:05.951]Completed Shot 10, state 32
8463.408705 seconds (10.06 G allocations: 46.604 TiB, 7.46% gc time)
8463.409164 seconds (10.06 G allocations: 46.604 TiB, 7.46% gc time)
[2023-01-11T02:57:05.953]Completed Shot 10, state 26
[2023-01-11T02:57:05.954]Completed Shot 10, state 19
8463.700176 seconds (10.06 G allocations: 46.605 TiB, 7.46% gc time)
[2023-01-11T02:57:06.244]Completed Shot 10, state 12
8463.986141 seconds (10.06 G allocations: 46.606 TiB, 7.46% gc time)
[2023-01-11T02:57:06.531]Completed Shot 10, state 36
8464.080350 seconds (10.06 G allocations: 46.606 TiB, 7.46% gc time)
[2023-01-11T02:57:06.625]Completed Shot 10, state 37
8464.483851 seconds (10.06 G allocations: 46.607 TiB, 7.46% gc time)
[2023-01-11T02:57:07.028]Completed Shot 10, state 28
8464.737535 seconds (10.06 G allocations: 46.608 TiB, 7.46% gc time)
[2023-01-11T02:57:07.281]Completed Shot 10, state 16
8464.984717 seconds (10.06 G allocations: 46.609 TiB, 7.46% gc time)
[2023-01-11T02:57:07.530]Completed Shot 10, state 49
8465.031027 seconds (10.06 G allocations: 46.609 TiB, 7.46% gc time)
[2023-01-11T02:57:07.576]Completed Shot 10, state 27
8465.264822 seconds (10.06 G allocations: 46.610 TiB, 7.46% gc time)
[2023-01-11T02:57:07.810]Completed Shot 10, state 44
8465.441118 seconds (10.06 G allocations: 46.610 TiB, 7.46% gc time)
[2023-01-11T02:57:07.983]Completed Shot 10, state 1
8465.786909 seconds (10.06 G allocations: 46.611 TiB, 7.46% gc time)
[2023-01-11T02:57:08.330]Completed Shot 10, state 14
8465.883051 seconds (10.06 G allocations: 46.611 TiB, 7.46% gc time)
[2023-01-11T02:57:08.426]Completed Shot 10, state 11
8465.882319 seconds (10.06 G allocations: 46.611 TiB, 7.46% gc time)
[2023-01-11T02:57:08.426]Completed Shot 10, state 22
8465.947539 seconds (10.06 G allocations: 46.611 TiB, 7.46% gc time)
[2023-01-11T02:57:08.492]Completed Shot 10, state 25
8466.286723 seconds (10.06 G allocations: 46.612 TiB, 7.46% gc time)
[2023-01-11T02:57:08.831]Completed Shot 10, state 20
8466.523509 seconds (10.06 G allocations: 46.612 TiB, 7.46% gc time)
[2023-01-11T02:57:09.069]Completed Shot 10, state 39
8466.655748 seconds (10.06 G allocations: 46.612 TiB, 7.46% gc time)
[2023-01-11T02:57:09.199]Completed Shot 10, state 10
8466.697827 seconds (10.06 G allocations: 46.612 TiB, 7.46% gc time)
[2023-01-11T02:57:09.243]Completed Shot 10, state 50
8467.336035 seconds (10.06 G allocations: 46.613 TiB, 7.46% gc time)
[2023-01-11T02:57:09.880]Completed Shot 10, state 21
8467.577944 seconds (10.06 G allocations: 46.613 TiB, 7.46% gc time)
[2023-01-11T02:57:10.121]Completed Shot 10, state 13
8468.065682 seconds (10.06 G allocations: 46.613 TiB, 7.46% gc time)
[2023-01-11T02:57:10.609]Completed Shot 10, state 9
8468.678887 seconds (10.06 G allocations: 46.613 TiB, 7.46% gc time)
[2023-01-11T02:57:11.224]Completed Shot 10, state 45
[2023-01-11T02:57:11.225]**********Simulation completed!**********
[2023-01-11T02:57:11.225]**********Saving**********
[2023-01-11T02:57:15.338]Saving file: /gpfs/bwfor/work/ws/hd_ku269-logs/LightCones/2023-01-09/468974_N11_BS.jld2
[2023-01-11T02:57:16.877]**********Run completed!**********
============================= JOB FEEDBACK =============================
Job ID: 468974
Cluster: helix
User/Group: hd_ku269/hd_hd
State: COMPLETED (exit code 0)
Nodes: 1
Cores per node: 64
CPU Utilized: 70-03:54:03
CPU Efficiency: 89.52% of 78-09:06:08 core-walltime
Job Wall-clock time: 1-05:23:32
Memory Utilized: 147.30 GB
Memory Efficiency: 62.42% of 236.00 GB
