Added MKL.jl
Project LightCones v0.1.0
Status `/gpfs/bwfor/work/ws/hd_ku269-light_cones/WorkingFolder/Project.toml`
⌃ [7d9fca2a] Arpack v0.5.3
⌃ [7073ff75] IJulia v1.23.3
⌃ [033835bb] JLD2 v0.4.25
  [0b1a1467] KrylovKit v0.6.0
  [d3d80556] LineSearches v7.2.0
  [33e6dc65] MKL v0.6.0
⌃ [429524aa] Optim v1.7.3
⌃ [91a5bcdd] Plots v1.35.5
⌃ [c3e4b0f8] Pluto v0.19.14
  [3c0b384b] QuantumInformation v0.4.9
  [189a3867] Reexport v1.2.2
⌃ [295af30f] Revise v3.4.0
  [ebcc8a00] SpinSymmetry v0.3.3
  [59d54670] ThreadedSparseArrays v0.2.2
  [ade2ca70] Dates
  [8ba89e20] Distributed
  [37e2e46d] LinearAlgebra
  [de0858da] Printf
  [9a3f8284] Random
  [1a1011a3] SharedArrays
  [2f01184e] SparseArrays
  [10745b16] Statistics
Info Packages marked with ⌃ have new versions available and may be upgradable.
[2023-01-09T21:20:32.917]**********RANDOM FIELDS**********
shared_krylov.jl
Working Directory:          /gpfs/bwfor/work/ws/hd_ku269-light_cones/WorkingFolder
SLURM Directory:            /gpfs/bwfor/work/ws/hd_ku269-light_cones/WorkingFolder 
Running on host:            p03n04
Job id:                     468970
Job name:                   otoc_simulation_N11_TR_FIDONLY
Number of nodes allocated:  
Number of cores allocated:  1
#threads of Julia:          64
#threads of BLAS:           1
ARGS = ["11", "10", "50", "BS", "x", "3", "500", "Rhim71"]
LOCATION = "/gpfs/bwfor/work/ws/hd_ku269-logs/LightCones/2023-01-09"
N = 11
SHOTS = 10
MULT_RANDOM_STATES = true
N_RANDOM_STATES = 50
TYPE_OF_RS = "BS"
OBSERVABLE = "x"
DISORDER_PARAM = 3.0
[2023-01-09T21:20:33.080]**********Running simulation**********
[2023-01-09T21:20:33.131]trange = 0.1:0.1:20.0
[2023-01-09T21:20:33.427]A = σx
[2023-01-09T21:20:33.828]alpha=6
[2023-01-09T21:20:33.828]PBC
SlowPulse([1.0, 0.0, 0.0], π, 7853.981633974482)SlowPulse([-1.0, 0.0, 0.0], π, 7853.981633974482)2[2023-01-09T21:20:36.542]Operations set up.
Using multiple states.
11724.397801 seconds (10.02 G allocations: 46.461 TiB, 18.19% gc time, 0.03% compilation time)
[2023-01-10T00:36:16.214]Completed Shot 1, state 23
11723.804894 seconds (10.01 G allocations: 46.465 TiB, 18.19% gc time, 0.01% compilation time)
[2023-01-10T00:36:17.141]Completed Shot 1, state 30
11725.314406 seconds (10.02 G allocations: 46.466 TiB, 18.19% gc time, 0.03% compilation time)
[2023-01-10T00:36:17.184]Completed Shot 1, state 4
11730.063408 seconds (10.01 G allocations: 46.490 TiB, 18.20% gc time, 0.01% compilation time)
[2023-01-10T00:36:24.233]Completed Shot 1, state 2
11731.251662 seconds (10.02 G allocations: 46.492 TiB, 18.19% gc time, 0.01% compilation time)
[2023-01-10T00:36:24.589]Completed Shot 1, state 28
11734.763119 seconds (10.02 G allocations: 46.503 TiB, 18.19% gc time, 0.03% compilation time)
[2023-01-10T00:36:26.532]Completed Shot 1, state 14
11731.978000 seconds (10.02 G allocations: 46.502 TiB, 18.19% gc time, 0.00% compilation time)
[2023-01-10T00:36:26.536]Completed Shot 1, state 25
11733.438635 seconds (10.02 G allocations: 46.505 TiB, 18.19% gc time, 0.01% compilation time)
[2023-01-10T00:36:26.789]Completed Shot 1, state 18
11737.947085 seconds (10.02 G allocations: 46.519 TiB, 18.20% gc time, 0.01% compilation time)
[2023-01-10T00:36:31.284]Completed Shot 1, state 38
11740.108089 seconds (10.03 G allocations: 46.523 TiB, 18.20% gc time, 0.03% compilation time)
[2023-01-10T00:36:31.978]Completed Shot 1, state 36
11741.816915 seconds (10.03 G allocations: 46.533 TiB, 18.19% gc time, 0.03% compilation time)
[2023-01-10T00:36:33.844]Completed Shot 1, state 5
11749.412638 seconds (10.03 G allocations: 46.540 TiB, 18.19% gc time, 0.06% compilation time)
[2023-01-10T00:36:36.903]Completed Shot 1, state 17
11749.865784 seconds (10.03 G allocations: 46.542 TiB, 18.19% gc time, 0.06% compilation time)
[2023-01-10T00:36:37.356]Completed Shot 1, state 1
11745.986958 seconds (10.03 G allocations: 46.545 TiB, 18.20% gc time, 0.03% compilation time)
[2023-01-10T00:36:37.857]Completed Shot 1, state 35
11743.768552 seconds (10.03 G allocations: 46.546 TiB, 18.20% gc time, 0.00% compilation time)
[2023-01-10T00:36:38.525]Completed Shot 1, state 31
11751.483505 seconds (10.04 G allocations: 46.550 TiB, 18.19% gc time, 0.06% compilation time)
[2023-01-10T00:36:38.974]Completed Shot 1, state 50
11752.214114 seconds (10.04 G allocations: 46.553 TiB, 18.19% gc time, 0.06% compilation time)
[2023-01-10T00:36:39.704]Completed Shot 1, state 3
11747.284222 seconds (10.03 G allocations: 46.557 TiB, 18.19% gc time, 0.02% compilation time)
[2023-01-10T00:36:40.601]Completed Shot 1, state 41
11751.766287 seconds (10.04 G allocations: 46.567 TiB, 18.20% gc time, 0.03% compilation time)
[2023-01-10T00:36:43.791]Completed Shot 1, state 27
11752.459163 seconds (10.04 G allocations: 46.571 TiB, 18.20% gc time, 0.03% compilation time)
[2023-01-10T00:36:44.485]Completed Shot 1, state 12
11753.359640 seconds (10.04 G allocations: 46.574 TiB, 18.19% gc time, 0.03% compilation time)
[2023-01-10T00:36:45.229]Completed Shot 1, state 11
11753.405310 seconds (10.04 G allocations: 46.574 TiB, 18.19% gc time, 0.03% compilation time)
[2023-01-10T00:36:45.275]Completed Shot 1, state 13
11750.527606 seconds (10.03 G allocations: 46.573 TiB, 18.20% gc time, 0.00% compilation time)
[2023-01-10T00:36:45.326]Completed Shot 1, state 48
11753.607289 seconds (10.04 G allocations: 46.575 TiB, 18.19% gc time, 0.03% compilation time)
[2023-01-10T00:36:45.376]Completed Shot 1, state 45
11753.468123 seconds (10.04 G allocations: 46.575 TiB, 18.19% gc time, 0.03% compilation time)
[2023-01-10T00:36:45.520]Completed Shot 1, state 44
11758.176497 seconds (10.04 G allocations: 46.576 TiB, 18.19% gc time, 0.06% compilation time)
[2023-01-10T00:36:45.667]Completed Shot 1, state 49
11751.497480 seconds (10.03 G allocations: 46.575 TiB, 18.19% gc time, 0.01% compilation time)
[2023-01-10T00:36:45.864]Completed Shot 1, state 29
11755.716901 seconds (10.04 G allocations: 46.581 TiB, 18.20% gc time, 0.03% compilation time)
[2023-01-10T00:36:47.769]Completed Shot 1, state 6
11754.404610 seconds (10.03 G allocations: 46.582 TiB, 18.19% gc time, 0.01% compilation time)
[2023-01-10T00:36:48.482]Completed Shot 1, state 8
11757.570936 seconds (10.04 G allocations: 46.591 TiB, 18.19% gc time, 0.02% compilation time)
[2023-01-10T00:36:50.888]Completed Shot 1, state 37
11763.442341 seconds (10.04 G allocations: 46.591 TiB, 18.18% gc time, 0.06% compilation time)
[2023-01-10T00:36:50.955]Completed Shot 1, state 43
11759.608397 seconds (10.04 G allocations: 46.594 TiB, 18.19% gc time, 0.01% compilation time)
[2023-01-10T00:36:52.958]Completed Shot 1, state 47
11761.410995 seconds (10.04 G allocations: 46.596 TiB, 18.19% gc time, 0.03% compilation time)
[2023-01-10T00:36:53.247]Completed Shot 1, state 32
11760.360423 seconds (10.04 G allocations: 46.596 TiB, 18.19% gc time, 0.01% compilation time)
[2023-01-10T00:36:53.694]Completed Shot 1, state 9
11762.015168 seconds (10.04 G allocations: 46.598 TiB, 18.19% gc time, 0.03% compilation time)
[2023-01-10T00:36:54.040]Completed Shot 1, state 19
11759.468162 seconds (10.04 G allocations: 46.596 TiB, 18.19% gc time, 0.00% compilation time)
[2023-01-10T00:36:54.226]Completed Shot 1, state 10
11759.875057 seconds (10.04 G allocations: 46.597 TiB, 18.19% gc time, 0.00% compilation time)
[2023-01-10T00:36:54.670]Completed Shot 1, state 46
11763.424021 seconds (10.05 G allocations: 46.601 TiB, 18.19% gc time, 0.03% compilation time)
[2023-01-10T00:36:55.294]Completed Shot 1, state 22
11762.459726 seconds (10.04 G allocations: 46.601 TiB, 18.19% gc time, 0.01% compilation time)
[2023-01-10T00:36:55.796]Completed Shot 1, state 16
11762.776946 seconds (10.04 G allocations: 46.602 TiB, 18.19% gc time, 0.02% compilation time)
[2023-01-10T00:36:56.094]Completed Shot 1, state 39
11764.053225 seconds (10.05 G allocations: 46.602 TiB, 18.19% gc time, 0.03% compilation time)
[2023-01-10T00:36:56.096]Completed Shot 1, state 20
11766.352287 seconds (10.05 G allocations: 46.605 TiB, 18.19% gc time, 0.03% compilation time)
[2023-01-10T00:36:58.377]Completed Shot 1, state 21
11766.054544 seconds (10.04 G allocations: 46.607 TiB, 18.19% gc time, 0.01% compilation time)
[2023-01-10T00:36:59.391]Completed Shot 1, state 24
11767.524400 seconds (10.05 G allocations: 46.607 TiB, 18.19% gc time, 0.03% compilation time)
[2023-01-10T00:36:59.576]Completed Shot 1, state 33
11767.928195 seconds (10.05 G allocations: 46.608 TiB, 18.19% gc time, 0.03% compilation time)
[2023-01-10T00:36:59.971]Completed Shot 1, state 7
11772.533089 seconds (10.05 G allocations: 46.608 TiB, 18.18% gc time, 0.06% compilation time)
[2023-01-10T00:37:00.023]Completed Shot 1, state 34
11767.108402 seconds (10.04 G allocations: 46.608 TiB, 18.19% gc time, 0.02% compilation time)
[2023-01-10T00:37:00.425]Completed Shot 1, state 42
11771.875679 seconds (10.04 G allocations: 46.610 TiB, 18.18% gc time, 0.02% compilation time)
[2023-01-10T00:37:05.192]Completed Shot 1, state 15
11774.276059 seconds (10.05 G allocations: 46.611 TiB, 18.18% gc time, 0.03% compilation time)
[2023-01-10T00:37:06.145]Completed Shot 1, state 26
11775.596174 seconds (10.04 G allocations: 46.611 TiB, 18.17% gc time, 0.01% compilation time)
[2023-01-10T00:37:08.932]Completed Shot 1, state 40
11252.474562 seconds (9.99 G allocations: 46.375 TiB, 20.06% gc time)
[2023-01-10T03:44:41.409]Completed Shot 2, state 5
11276.506449 seconds (10.01 G allocations: 46.491 TiB, 20.05% gc time)
[2023-01-10T03:45:05.444]Completed Shot 2, state 25
11278.429014 seconds (10.02 G allocations: 46.501 TiB, 20.04% gc time)
[2023-01-10T03:45:07.364]Completed Shot 2, state 11
11281.176359 seconds (10.02 G allocations: 46.514 TiB, 20.04% gc time)
[2023-01-10T03:45:10.117]Completed Shot 2, state 21
11285.186384 seconds (10.02 G allocations: 46.517 TiB, 20.06% gc time)
[2023-01-10T03:45:14.124]Completed Shot 2, state 35
11287.044660 seconds (10.02 G allocations: 46.528 TiB, 20.06% gc time)
[2023-01-10T03:45:15.979]Completed Shot 2, state 1
11288.041037 seconds (10.02 G allocations: 46.534 TiB, 20.06% gc time)
[2023-01-10T03:45:16.980]Completed Shot 2, state 45
11289.242223 seconds (10.02 G allocations: 46.541 TiB, 20.05% gc time)
[2023-01-10T03:45:18.180]Completed Shot 2, state 38
11289.470204 seconds (10.02 G allocations: 46.542 TiB, 20.05% gc time)
[2023-01-10T03:45:18.408]Completed Shot 2, state 29
11289.531821 seconds (10.02 G allocations: 46.543 TiB, 20.05% gc time)
[2023-01-10T03:45:18.469]Completed Shot 2, state 23
11290.225401 seconds (10.03 G allocations: 46.547 TiB, 20.05% gc time)
[2023-01-10T03:45:19.161]Completed Shot 2, state 14
11290.530711 seconds (10.03 G allocations: 46.549 TiB, 20.05% gc time)
[2023-01-10T03:45:19.469]Completed Shot 2, state 50
11291.048080 seconds (10.03 G allocations: 46.552 TiB, 20.05% gc time)
[2023-01-10T03:45:19.986]Completed Shot 2, state 43
11291.868046 seconds (10.03 G allocations: 46.556 TiB, 20.05% gc time)
[2023-01-10T03:45:20.805]Completed Shot 2, state 17
11292.319670 seconds (10.03 G allocations: 46.559 TiB, 20.05% gc time)
[2023-01-10T03:45:21.256]Completed Shot 2, state 24
11293.176575 seconds (10.03 G allocations: 46.564 TiB, 20.05% gc time)
[2023-01-10T03:45:22.115]Completed Shot 2, state 41
11293.180293 seconds (10.03 G allocations: 46.564 TiB, 20.05% gc time)
[2023-01-10T03:45:22.116]Completed Shot 2, state 12
11293.525335 seconds (10.03 G allocations: 46.566 TiB, 20.05% gc time)
[2023-01-10T03:45:22.460]Completed Shot 2, state 8
11296.301225 seconds (10.03 G allocations: 46.567 TiB, 20.06% gc time)
[2023-01-10T03:45:25.236]Completed Shot 2, state 4
11296.966726 seconds (10.03 G allocations: 46.571 TiB, 20.06% gc time)
[2023-01-10T03:45:25.902]Completed Shot 2, state 10
11297.495449 seconds (10.03 G allocations: 46.573 TiB, 20.06% gc time)
[2023-01-10T03:45:26.433]Completed Shot 2, state 36
11297.527576 seconds (10.03 G allocations: 46.573 TiB, 20.06% gc time)
[2023-01-10T03:45:26.462]Completed Shot 2, state 7
11298.053598 seconds (10.03 G allocations: 46.576 TiB, 20.06% gc time)
[2023-01-10T03:45:26.990]Completed Shot 2, state 22
11298.131142 seconds (10.03 G allocations: 46.576 TiB, 20.06% gc time)
[2023-01-10T03:45:27.070]Completed Shot 2, state 39
11298.197619 seconds (10.03 G allocations: 46.576 TiB, 20.06% gc time)
[2023-01-10T03:45:27.135]Completed Shot 2, state 27
11299.066212 seconds (10.03 G allocations: 46.580 TiB, 20.06% gc time)
[2023-01-10T03:45:28.005]Completed Shot 2, state 49
11300.015405 seconds (10.03 G allocations: 46.584 TiB, 20.05% gc time)
[2023-01-10T03:45:28.953]Completed Shot 2, state 28
11300.295733 seconds (10.03 G allocations: 46.585 TiB, 20.05% gc time)
[2023-01-10T03:45:29.230]Completed Shot 2, state 3
11301.996823 seconds (10.03 G allocations: 46.591 TiB, 20.05% gc time)
[2023-01-10T03:45:30.933]Completed Shot 2, state 18
11302.069366 seconds (10.03 G allocations: 46.591 TiB, 20.05% gc time)
[2023-01-10T03:45:31.007]Completed Shot 2, state 26
11302.153359 seconds (10.03 G allocations: 46.592 TiB, 20.05% gc time)
[2023-01-10T03:45:31.090]Completed Shot 2, state 20
11302.677224 seconds (10.04 G allocations: 46.593 TiB, 20.05% gc time)
[2023-01-10T03:45:31.615]Completed Shot 2, state 40
11302.943407 seconds (10.04 G allocations: 46.594 TiB, 20.05% gc time)
[2023-01-10T03:45:31.881]Completed Shot 2, state 37
11304.378148 seconds (10.04 G allocations: 46.597 TiB, 20.05% gc time)
[2023-01-10T03:45:33.313]Completed Shot 2, state 9
11304.728869 seconds (10.04 G allocations: 46.598 TiB, 20.05% gc time)
[2023-01-10T03:45:33.666]Completed Shot 2, state 32
11305.042156 seconds (10.04 G allocations: 46.599 TiB, 20.05% gc time)
[2023-01-10T03:45:33.981]Completed Shot 2, state 48
11305.096705 seconds (10.04 G allocations: 46.599 TiB, 20.05% gc time)
[2023-01-10T03:45:34.035]Completed Shot 2, state 46
11305.461073 seconds (10.04 G allocations: 46.600 TiB, 20.05% gc time)
[2023-01-10T03:45:34.397]Completed Shot 2, state 15
11306.472039 seconds (10.04 G allocations: 46.602 TiB, 20.05% gc time)
[2023-01-10T03:45:35.411]Completed Shot 2, state 47
11306.566243 seconds (10.04 G allocations: 46.602 TiB, 20.05% gc time)
[2023-01-10T03:45:35.501]Completed Shot 2, state 6
11308.327825 seconds (10.04 G allocations: 46.605 TiB, 20.05% gc time)
[2023-01-10T03:45:37.262]Completed Shot 2, state 2
11309.320025 seconds (10.04 G allocations: 46.607 TiB, 20.04% gc time)
[2023-01-10T03:45:38.257]Completed Shot 2, state 31
11309.758097 seconds (10.04 G allocations: 46.608 TiB, 20.04% gc time)
[2023-01-10T03:45:38.694]Completed Shot 2, state 16
11309.998278 seconds (10.04 G allocations: 46.608 TiB, 20.04% gc time)
[2023-01-10T03:45:38.934]Completed Shot 2, state 19
11310.277717 seconds (10.04 G allocations: 46.608 TiB, 20.04% gc time)
[2023-01-10T03:45:39.216]Completed Shot 2, state 44
11312.670519 seconds (10.04 G allocations: 46.610 TiB, 20.04% gc time)
[2023-01-10T03:45:41.608]Completed Shot 2, state 34
11312.758195 seconds (10.04 G allocations: 46.610 TiB, 20.04% gc time)
[2023-01-10T03:45:41.696]Completed Shot 2, state 42
11313.066607 seconds (10.04 G allocations: 46.611 TiB, 20.04% gc time)
[2023-01-10T03:45:42.004]Completed Shot 2, state 30
11314.343711 seconds (10.04 G allocations: 46.611 TiB, 20.04% gc time)
[2023-01-10T03:45:43.281]Completed Shot 2, state 33
11317.817432 seconds (10.04 G allocations: 46.612 TiB, 20.03% gc time)
[2023-01-10T03:45:46.753]Completed Shot 2, state 13
11188.046090 seconds (10.01 G allocations: 46.454 TiB, 20.88% gc time)
[2023-01-10T06:52:14.805]Completed Shot 3, state 23
11198.315992 seconds (10.01 G allocations: 46.481 TiB, 20.90% gc time)
[2023-01-10T06:52:25.073]Completed Shot 3, state 11
11199.941294 seconds (10.01 G allocations: 46.491 TiB, 20.90% gc time)
[2023-01-10T06:52:26.698]Completed Shot 3, state 13
11201.272698 seconds (10.01 G allocations: 46.498 TiB, 20.90% gc time)
[2023-01-10T06:52:28.029]Completed Shot 3, state 16
11205.910296 seconds (10.02 G allocations: 46.526 TiB, 20.89% gc time)
[2023-01-10T06:52:32.669]Completed Shot 3, state 34
11206.404867 seconds (10.02 G allocations: 46.529 TiB, 20.89% gc time)
[2023-01-10T06:52:33.162]Completed Shot 3, state 19
11207.508064 seconds (10.02 G allocations: 46.535 TiB, 20.89% gc time)
[2023-01-10T06:52:34.264]Completed Shot 3, state 7
11208.561224 seconds (10.02 G allocations: 46.541 TiB, 20.89% gc time)
[2023-01-10T06:52:35.318]Completed Shot 3, state 14
11208.827506 seconds (10.02 G allocations: 46.542 TiB, 20.89% gc time)
[2023-01-10T06:52:35.582]Completed Shot 3, state 2
11208.838240 seconds (10.02 G allocations: 46.542 TiB, 20.89% gc time)
[2023-01-10T06:52:35.594]Completed Shot 3, state 8
11209.442336 seconds (10.02 G allocations: 46.546 TiB, 20.88% gc time)
[2023-01-10T06:52:36.201]Completed Shot 3, state 45
11209.886377 seconds (10.03 G allocations: 46.548 TiB, 20.88% gc time)
[2023-01-10T06:52:36.645]Completed Shot 3, state 46
11210.153097 seconds (10.03 G allocations: 46.550 TiB, 20.88% gc time)
[2023-01-10T06:52:36.912]Completed Shot 3, state 44
11210.173414 seconds (10.03 G allocations: 46.550 TiB, 20.88% gc time)
[2023-01-10T06:52:36.932]Completed Shot 3, state 39
11215.295378 seconds (10.03 G allocations: 46.554 TiB, 20.91% gc time)
[2023-01-10T06:52:42.054]Completed Shot 3, state 32
11215.363735 seconds (10.03 G allocations: 46.555 TiB, 20.91% gc time)
[2023-01-10T06:52:42.122]Completed Shot 3, state 40
11217.088900 seconds (10.03 G allocations: 46.564 TiB, 20.91% gc time)
[2023-01-10T06:52:43.844]Completed Shot 3, state 5
11217.135437 seconds (10.03 G allocations: 46.564 TiB, 20.91% gc time)
[2023-01-10T06:52:43.894]Completed Shot 3, state 43
11217.378615 seconds (10.03 G allocations: 46.566 TiB, 20.91% gc time)
[2023-01-10T06:52:44.137]Completed Shot 3, state 30
11217.546032 seconds (10.03 G allocations: 46.566 TiB, 20.91% gc time)
[2023-01-10T06:52:44.304]Completed Shot 3, state 28
11218.312932 seconds (10.03 G allocations: 46.571 TiB, 20.91% gc time)
[2023-01-10T06:52:45.068]Completed Shot 3, state 1
11218.576752 seconds (10.03 G allocations: 46.572 TiB, 20.90% gc time)
[2023-01-10T06:52:45.335]Completed Shot 3, state 37
11218.918862 seconds (10.03 G allocations: 46.574 TiB, 20.90% gc time)
[2023-01-10T06:52:45.678]Completed Shot 3, state 49
11218.929394 seconds (10.03 G allocations: 46.574 TiB, 20.90% gc time)
[2023-01-10T06:52:45.688]Completed Shot 3, state 47
11218.954281 seconds (10.03 G allocations: 46.574 TiB, 20.90% gc time)
[2023-01-10T06:52:45.710]Completed Shot 3, state 6
11219.542505 seconds (10.03 G allocations: 46.576 TiB, 20.90% gc time)
[2023-01-10T06:52:46.297]Completed Shot 3, state 3
11220.168981 seconds (10.03 G allocations: 46.579 TiB, 20.90% gc time)
[2023-01-10T06:52:46.925]Completed Shot 3, state 15
11220.299574 seconds (10.03 G allocations: 46.580 TiB, 20.90% gc time)
[2023-01-10T06:52:47.058]Completed Shot 3, state 42
11220.413691 seconds (10.03 G allocations: 46.580 TiB, 20.90% gc time)
[2023-01-10T06:52:47.172]Completed Shot 3, state 36
11221.699750 seconds (10.03 G allocations: 46.585 TiB, 20.90% gc time)
[2023-01-10T06:52:48.458]Completed Shot 3, state 33
11222.398068 seconds (10.03 G allocations: 46.588 TiB, 20.90% gc time)
[2023-01-10T06:52:49.154]Completed Shot 3, state 12
11222.538600 seconds (10.03 G allocations: 46.588 TiB, 20.90% gc time)
[2023-01-10T06:52:49.297]Completed Shot 3, state 41
11223.196442 seconds (10.03 G allocations: 46.590 TiB, 20.90% gc time)
[2023-01-10T06:52:49.954]Completed Shot 3, state 24
11224.352555 seconds (10.04 G allocations: 46.594 TiB, 20.89% gc time)
[2023-01-10T06:52:51.109]Completed Shot 3, state 17
11224.472154 seconds (10.04 G allocations: 46.594 TiB, 20.89% gc time)
[2023-01-10T06:52:51.228]Completed Shot 3, state 9
11224.500015 seconds (10.04 G allocations: 46.594 TiB, 20.89% gc time)
[2023-01-10T06:52:51.257]Completed Shot 3, state 20
11224.691247 seconds (10.04 G allocations: 46.595 TiB, 20.89% gc time)
[2023-01-10T06:52:51.449]Completed Shot 3, state 31
11226.945428 seconds (10.04 G allocations: 46.596 TiB, 20.91% gc time)
[2023-01-10T06:52:53.703]Completed Shot 3, state 29
11227.430907 seconds (10.04 G allocations: 46.597 TiB, 20.90% gc time)
[2023-01-10T06:52:54.188]Completed Shot 3, state 21
11228.549016 seconds (10.04 G allocations: 46.599 TiB, 20.90% gc time)
[2023-01-10T06:52:55.306]Completed Shot 3, state 25
11229.345494 seconds (10.04 G allocations: 46.601 TiB, 20.90% gc time)
[2023-01-10T06:52:56.104]Completed Shot 3, state 48
11229.491465 seconds (10.04 G allocations: 46.601 TiB, 20.90% gc time)
[2023-01-10T06:52:56.246]Completed Shot 3, state 4
11231.550150 seconds (10.04 G allocations: 46.604 TiB, 20.90% gc time)
[2023-01-10T06:52:58.308]Completed Shot 3, state 35
11232.149925 seconds (10.04 G allocations: 46.605 TiB, 20.90% gc time)
[2023-01-10T06:52:58.907]Completed Shot 3, state 26
11233.395293 seconds (10.04 G allocations: 46.607 TiB, 20.89% gc time)
[2023-01-10T06:53:00.151]Completed Shot 3, state 10
11234.756338 seconds (10.04 G allocations: 46.608 TiB, 20.89% gc time)
[2023-01-10T06:53:01.513]Completed Shot 3, state 18
11235.363766 seconds (10.04 G allocations: 46.609 TiB, 20.89% gc time)
[2023-01-10T06:53:02.121]Completed Shot 3, state 22
11235.547508 seconds (10.04 G allocations: 46.609 TiB, 20.89% gc time)
[2023-01-10T06:53:02.306]Completed Shot 3, state 50
11239.894032 seconds (10.04 G allocations: 46.610 TiB, 20.89% gc time)
[2023-01-10T06:53:06.652]Completed Shot 3, state 38
11249.771339 seconds (10.04 G allocations: 46.611 TiB, 20.87% gc time)
[2023-01-10T06:53:16.529]Completed Shot 3, state 27
10107.399422 seconds (10.03 G allocations: 46.505 TiB, 13.50% gc time)
[2023-01-10T09:41:43.934]Completed Shot 4, state 24
10107.549591 seconds (10.03 G allocations: 46.506 TiB, 13.50% gc time)
[2023-01-10T09:41:44.085]Completed Shot 4, state 40
10112.292568 seconds (10.03 G allocations: 46.528 TiB, 13.49% gc time)
[2023-01-10T09:41:48.826]Completed Shot 4, state 20
10114.725587 seconds (10.03 G allocations: 46.540 TiB, 13.49% gc time)
[2023-01-10T09:41:51.261]Completed Shot 4, state 33
10115.959077 seconds (10.03 G allocations: 46.546 TiB, 13.49% gc time)
[2023-01-10T09:41:52.494]Completed Shot 4, state 25
10116.907178 seconds (10.04 G allocations: 46.551 TiB, 13.49% gc time)
[2023-01-10T09:41:53.441]Completed Shot 4, state 26
10117.219538 seconds (10.04 G allocations: 46.552 TiB, 13.49% gc time)
[2023-01-10T09:41:53.755]Completed Shot 4, state 44
10117.497238 seconds (10.04 G allocations: 46.554 TiB, 13.49% gc time)
[2023-01-10T09:41:54.032]Completed Shot 4, state 30
10117.650672 seconds (10.04 G allocations: 46.555 TiB, 13.49% gc time)
[2023-01-10T09:41:54.187]Completed Shot 4, state 47
10120.239229 seconds (10.04 G allocations: 46.567 TiB, 13.49% gc time)
[2023-01-10T09:41:56.775]Completed Shot 4, state 48
10120.290367 seconds (10.04 G allocations: 46.567 TiB, 13.49% gc time)
[2023-01-10T09:41:56.824]Completed Shot 4, state 17
10121.216475 seconds (10.04 G allocations: 46.572 TiB, 13.49% gc time)
[2023-01-10T09:41:57.751]Completed Shot 4, state 21
10121.832257 seconds (10.04 G allocations: 46.574 TiB, 13.49% gc time)
[2023-01-10T09:41:58.367]Completed Shot 4, state 32
10122.273089 seconds (10.04 G allocations: 46.576 TiB, 13.49% gc time)
[2023-01-10T09:41:58.808]Completed Shot 4, state 41
10123.188646 seconds (10.04 G allocations: 46.580 TiB, 13.49% gc time)
[2023-01-10T09:41:59.724]Completed Shot 4, state 36
10123.561645 seconds (10.04 G allocations: 46.582 TiB, 13.49% gc time)
[2023-01-10T09:42:00.096]Completed Shot 4, state 34
10123.712023 seconds (10.04 G allocations: 46.583 TiB, 13.49% gc time)
[2023-01-10T09:42:00.248]Completed Shot 4, state 46
10123.846976 seconds (10.04 G allocations: 46.583 TiB, 13.49% gc time)
[2023-01-10T09:42:00.380]Completed Shot 4, state 12
10123.932648 seconds (10.04 G allocations: 46.584 TiB, 13.49% gc time)
[2023-01-10T09:42:00.465]Completed Shot 4, state 7
10124.885880 seconds (10.04 G allocations: 46.588 TiB, 13.49% gc time)
[2023-01-10T09:42:01.420]Completed Shot 4, state 28
10124.988812 seconds (10.04 G allocations: 46.588 TiB, 13.49% gc time)
[2023-01-10T09:42:01.522]Completed Shot 4, state 18
10125.193107 seconds (10.04 G allocations: 46.589 TiB, 13.49% gc time)
[2023-01-10T09:42:01.724]Completed Shot 4, state 1
10125.206322 seconds (10.04 G allocations: 46.589 TiB, 13.49% gc time)
[2023-01-10T09:42:01.741]Completed Shot 4, state 35
10125.222218 seconds (10.04 G allocations: 46.589 TiB, 13.49% gc time)
[2023-01-10T09:42:01.754]Completed Shot 4, state 4
10125.379196 seconds (10.04 G allocations: 46.590 TiB, 13.49% gc time)
[2023-01-10T09:42:01.913]Completed Shot 4, state 27
10125.996019 seconds (10.04 G allocations: 46.592 TiB, 13.49% gc time)
[2023-01-10T09:42:02.531]Completed Shot 4, state 31
10126.154206 seconds (10.04 G allocations: 46.593 TiB, 13.49% gc time)
[2023-01-10T09:42:02.689]Completed Shot 4, state 42
10126.258650 seconds (10.04 G allocations: 46.593 TiB, 13.49% gc time)
[2023-01-10T09:42:02.791]Completed Shot 4, state 10
10127.739010 seconds (10.05 G allocations: 46.599 TiB, 13.48% gc time)
[2023-01-10T09:42:04.274]Completed Shot 4, state 49
10127.798273 seconds (10.05 G allocations: 46.599 TiB, 13.48% gc time)
[2023-01-10T09:42:04.334]Completed Shot 4, state 50
10128.463124 seconds (10.05 G allocations: 46.601 TiB, 13.48% gc time)
[2023-01-10T09:42:04.997]Completed Shot 4, state 22
10128.644988 seconds (10.05 G allocations: 46.602 TiB, 13.48% gc time)
[2023-01-10T09:42:05.178]Completed Shot 4, state 15
10128.824879 seconds (10.05 G allocations: 46.602 TiB, 13.48% gc time)
[2023-01-10T09:42:05.360]Completed Shot 4, state 39
10129.102558 seconds (10.05 G allocations: 46.603 TiB, 13.48% gc time)
[2023-01-10T09:42:05.635]Completed Shot 4, state 14
10129.480078 seconds (10.05 G allocations: 46.604 TiB, 13.48% gc time)
[2023-01-10T09:42:06.015]Completed Shot 4, state 37
10129.484613 seconds (10.05 G allocations: 46.604 TiB, 13.48% gc time)
[2023-01-10T09:42:06.018]Completed Shot 4, state 23
10129.534138 seconds (10.05 G allocations: 46.605 TiB, 13.48% gc time)
[2023-01-10T09:42:06.069]Completed Shot 4, state 38
10129.701145 seconds (10.05 G allocations: 46.605 TiB, 13.48% gc time)
[2023-01-10T09:42:06.234]Completed Shot 4, state 13
10129.921310 seconds (10.05 G allocations: 46.605 TiB, 13.48% gc time)
[2023-01-10T09:42:06.454]Completed Shot 4, state 16
10130.035348 seconds (10.05 G allocations: 46.606 TiB, 13.48% gc time)
[2023-01-10T09:42:06.571]Completed Shot 4, state 45
10130.887884 seconds (10.05 G allocations: 46.607 TiB, 13.48% gc time)
[2023-01-10T09:42:07.419]Completed Shot 4, state 2
10130.964663 seconds (10.05 G allocations: 46.607 TiB, 13.48% gc time)
[2023-01-10T09:42:07.497]Completed Shot 4, state 11
10131.651762 seconds (10.05 G allocations: 46.608 TiB, 13.48% gc time)
10131.651006 seconds (10.05 G allocations: 46.608 TiB, 13.48% gc time)
[[2023-01-10T09:42:08.183]Completed Shot 4, state 3
2023-01-10T09:42:08.183]Completed Shot 4, state 9
10131.706625 seconds (10.05 G allocations: 46.608 TiB, 13.48% gc time)
[2023-01-10T09:42:08.242]Completed Shot 4, state 43
10132.387850 seconds (10.05 G allocations: 46.609 TiB, 13.48% gc time)
[2023-01-10T09:42:08.922]Completed Shot 4, state 29
10133.194173 seconds (10.05 G allocations: 46.610 TiB, 13.48% gc time)
[2023-01-10T09:42:09.726]Completed Shot 4, state 8
10134.333339 seconds (10.05 G allocations: 46.610 TiB, 13.48% gc time)
[2023-01-10T09:42:10.865]Completed Shot 4, state 6
10136.004732 seconds (10.05 G allocations: 46.611 TiB, 13.48% gc time)
[2023-01-10T09:42:12.538]Completed Shot 4, state 19
10142.804179 seconds (10.05 G allocations: 46.612 TiB, 13.47% gc time)
[2023-01-10T09:42:19.336]Completed Shot 4, state 5
9091.906934 seconds (10.04 G allocations: 46.525 TiB, 7.15% gc time)
[2023-01-10T12:13:51.248]Completed Shot 5, state 21
9093.854783 seconds (10.04 G allocations: 46.534 TiB, 7.15% gc time)
[2023-01-10T12:13:53.195]Completed Shot 5, state 20
9094.561883 seconds (10.04 G allocations: 46.538 TiB, 7.15% gc time)
[2023-01-10T12:13:53.903]Completed Shot 5, state 25
9098.384306 seconds (10.04 G allocations: 46.556 TiB, 7.15% gc time)
[2023-01-10T12:13:57.725]Completed Shot 5, state 28
9099.792350 seconds (10.04 G allocations: 46.563 TiB, 7.15% gc time)
[2023-01-10T12:13:59.134]Completed Shot 5, state 23
9100.354408 seconds (10.05 G allocations: 46.566 TiB, 7.15% gc time)
[2023-01-10T12:13:59.696]Completed Shot 5, state 41
9100.492007 seconds (10.05 G allocations: 46.566 TiB, 7.15% gc time)
[2023-01-10T12:13:59.832]Completed Shot 5, state 19
9100.793758 seconds (10.05 G allocations: 46.568 TiB, 7.15% gc time)
[2023-01-10T12:14:00.133]Completed Shot 5, state 10
9101.315690 seconds (10.05 G allocations: 46.570 TiB, 7.15% gc time)
[2023-01-10T12:14:00.654]Completed Shot 5, state 7
9101.535385 seconds (10.05 G allocations: 46.571 TiB, 7.15% gc time)
[2023-01-10T12:14:00.877]Completed Shot 5, state 50
9101.848121 seconds (10.05 G allocations: 46.573 TiB, 7.15% gc time)
[2023-01-10T12:14:01.189]Completed Shot 5, state 30
9102.021525 seconds (10.05 G allocations: 46.574 TiB, 7.15% gc time)
[2023-01-10T12:14:01.362]Completed Shot 5, state 26
9102.578418 seconds (10.05 G allocations: 46.576 TiB, 7.15% gc time)
[2023-01-10T12:14:01.920]Completed Shot 5, state 35
9103.077340 seconds (10.05 G allocations: 46.578 TiB, 7.15% gc time)
[2023-01-10T12:14:02.417]Completed Shot 5, state 14
9103.166851 seconds (10.05 G allocations: 46.579 TiB, 7.15% gc time)
[2023-01-10T12:14:02.508]Completed Shot 5, state 33
9103.290216 seconds (10.05 G allocations: 46.579 TiB, 7.15% gc time)
[2023-01-10T12:14:02.632]Completed Shot 5, state 34
9103.387278 seconds (10.05 G allocations: 46.580 TiB, 7.15% gc time)
[2023-01-10T12:14:02.727]Completed Shot 5, state 16
9104.462001 seconds (10.05 G allocations: 46.585 TiB, 7.15% gc time)
[2023-01-10T12:14:03.801]Completed Shot 5, state 9
9104.574033 seconds (10.05 G allocations: 46.585 TiB, 7.15% gc time)
[2023-01-10T12:14:03.914]Completed Shot 5, state 15
9105.202334 seconds (10.05 G allocations: 46.588 TiB, 7.15% gc time)
[2023-01-10T12:14:04.544]Completed Shot 5, state 45
9105.365560 seconds (10.05 G allocations: 46.589 TiB, 7.15% gc time)
[2023-01-10T12:14:04.704]Completed Shot 5, state 8
9106.007931 seconds (10.05 G allocations: 46.592 TiB, 7.15% gc time)
[2023-01-10T12:14:05.346]Completed Shot 5, state 5
9106.676446 seconds (10.05 G allocations: 46.595 TiB, 7.15% gc time)
[2023-01-10T12:14:06.018]Completed Shot 5, state 44
9106.845236 seconds (10.05 G allocations: 46.595 TiB, 7.15% gc time)
[2023-01-10T12:14:06.184]Completed Shot 5, state 11
9106.849267 seconds (10.05 G allocations: 46.595 TiB, 7.15% gc time)
[2023-01-10T12:14:06.187]Completed Shot 5, state 1
9107.469065 seconds (10.05 G allocations: 46.598 TiB, 7.15% gc time)
[2023-01-10T12:14:06.808]Completed Shot 5, state 6
9107.484952 seconds (10.05 G allocations: 46.598 TiB, 7.15% gc time)
[2023-01-10T12:14:06.827]Completed Shot 5, state 37
9107.933264 seconds (10.05 G allocations: 46.599 TiB, 7.15% gc time)
[2023-01-10T12:14:07.274]Completed Shot 5, state 31
9108.054974 seconds (10.05 G allocations: 46.600 TiB, 7.15% gc time)
[2023-01-10T12:14:07.396]Completed Shot 5, state 39
9108.656565 seconds (10.05 G allocations: 46.602 TiB, 7.15% gc time)
[2023-01-10T12:14:07.997]Completed Shot 5, state 22
9108.984933 seconds (10.05 G allocations: 46.603 TiB, 7.15% gc time)
[2023-01-10T12:14:08.326]Completed Shot 5, state 36
9109.438555 seconds (10.05 G allocations: 46.605 TiB, 7.15% gc time)
[2023-01-10T12:14:08.778]Completed Shot 5, state 13
9109.469534 seconds (10.05 G allocations: 46.605 TiB, 7.15% gc time)
[2023-01-10T12:14:08.808]Completed Shot 5, state 3
9109.751420 seconds (10.05 G allocations: 46.606 TiB, 7.15% gc time)
[2023-01-10T12:14:09.093]Completed Shot 5, state 47
9109.796599 seconds (10.05 G allocations: 46.606 TiB, 7.15% gc time)
[2023-01-10T12:14:09.138]Completed Shot 5, state 43
9109.977836 seconds (10.05 G allocations: 46.606 TiB, 7.15% gc time)
[2023-01-10T12:14:09.320]Completed Shot 5, state 46
9110.107961 seconds (10.05 G allocations: 46.607 TiB, 7.15% gc time)
[2023-01-10T12:14:09.448]Completed Shot 5, state 18
9110.451175 seconds (10.05 G allocations: 46.608 TiB, 7.15% gc time)
[2023-01-10T12:14:09.792]Completed Shot 5, state 24
9110.562463 seconds (10.05 G allocations: 46.608 TiB, 7.15% gc time)
[2023-01-10T12:14:09.903]Completed Shot 5, state 29
9110.655650 seconds (10.05 G allocations: 46.608 TiB, 7.15% gc time)
[2023-01-10T12:14:09.994]Completed Shot 5, state 2
9110.702544 seconds (10.05 G allocations: 46.608 TiB, 7.15% gc time)
[2023-01-10T12:14:10.042]Completed Shot 5, state 12
9110.834494 seconds (10.05 G allocations: 46.608 TiB, 7.15% gc time)
[2023-01-10T12:14:10.175]Completed Shot 5, state 27
  Activating project at `/gpfs/bwfor/work/ws/hd_ku269-light_cones/WorkingFolder`
9111.241568 seconds (10.05 G allocations: 46.609 TiB, 7.15% gc time)
[2023-01-10T12:14:10.585]Completed Shot 5, state 40
9111.541232 seconds (10.05 G allocations: 46.609 TiB, 7.15% gc time)
[2023-01-10T12:14:10.883]Completed Shot 5, state 38
9112.045771 seconds (10.05 G allocations: 46.610 TiB, 7.15% gc time)
[2023-01-10T12:14:11.387]Completed Shot 5, state 32
9112.199176 seconds (10.05 G allocations: 46.610 TiB, 7.15% gc time)
[2023-01-10T12:14:11.537]Completed Shot 5, state 4
9112.682835 seconds (10.05 G allocations: 46.610 TiB, 7.14% gc time)
[2023-01-10T12:14:12.025]Completed Shot 5, state 49
9112.800684 seconds (10.05 G allocations: 46.611 TiB, 7.14% gc time)
[2023-01-10T12:14:12.140]Completed Shot 5, state 17
9113.559505 seconds (10.05 G allocations: 46.611 TiB, 7.14% gc time)
[2023-01-10T12:14:12.901]Completed Shot 5, state 42
9115.155116 seconds (10.06 G allocations: 46.611 TiB, 7.14% gc time)
[2023-01-10T12:14:14.497]Completed Shot 5, state 48
10254.681806 seconds (10.03 G allocations: 46.520 TiB, 6.62% gc time)
[2023-01-10T15:05:09.184]Completed Shot 6, state 38
10259.074409 seconds (10.04 G allocations: 46.540 TiB, 6.62% gc time)
[2023-01-10T15:05:13.575]Completed Shot 6, state 17
10259.650421 seconds (10.04 G allocations: 46.543 TiB, 6.62% gc time)
[2023-01-10T15:05:14.152]Completed Shot 6, state 31
10262.346261 seconds (10.04 G allocations: 46.555 TiB, 6.62% gc time)
[2023-01-10T15:05:16.850]Completed Shot 6, state 49
10262.777950 seconds (10.04 G allocations: 46.556 TiB, 6.62% gc time)
[2023-01-10T15:05:17.278]Completed Shot 6, state 15
10263.810981 seconds (10.04 G allocations: 46.561 TiB, 6.62% gc time)
[2023-01-10T15:05:18.311]Completed Shot 6, state 13
10264.837717 seconds (10.04 G allocations: 46.566 TiB, 6.62% gc time)
[2023-01-10T15:05:19.340]Completed Shot 6, state 46
10265.479274 seconds (10.04 G allocations: 46.568 TiB, 6.62% gc time)
[2023-01-10T15:05:19.982]Completed Shot 6, state 41
10265.768951 seconds (10.05 G allocations: 46.570 TiB, 6.62% gc time)
[2023-01-10T15:05:20.268]Completed Shot 6, state 2
10266.275786 seconds (10.05 G allocations: 46.572 TiB, 6.62% gc time)
[2023-01-10T15:05:20.777]Completed Shot 6, state 25
10266.598696 seconds (10.05 G allocations: 46.573 TiB, 6.62% gc time)
[2023-01-10T15:05:21.100]Completed Shot 6, state 28
10267.137063 seconds (10.05 G allocations: 46.576 TiB, 6.62% gc time)
[2023-01-10T15:05:21.637]Completed Shot 6, state 12
10267.157317 seconds (10.05 G allocations: 46.576 TiB, 6.62% gc time)
[2023-01-10T15:05:21.657]Completed Shot 6, state 7
10267.156982 seconds (10.05 G allocations: 46.576 TiB, 6.62% gc time)
[2023-01-10T15:05:21.657]Completed Shot 6, state 14
10267.213243 seconds (10.05 G allocations: 46.576 TiB, 6.62% gc time)
[2023-01-10T15:05:21.712]Completed Shot 6, state 1
10268.256947 seconds (10.05 G allocations: 46.580 TiB, 6.62% gc time)
[2023-01-10T15:05:22.758]Completed Shot 6, state 30
10268.862667 seconds (10.05 G allocations: 46.582 TiB, 6.62% gc time)
[2023-01-10T15:05:23.365]Completed Shot 6, state 44
10269.106679 seconds (10.05 G allocations: 46.583 TiB, 6.62% gc time)
[2023-01-10T15:05:23.607]Completed Shot 6, state 10
10269.135082 seconds (10.05 G allocations: 46.583 TiB, 6.62% gc time)
[2023-01-10T15:05:23.636]Completed Shot 6, state 18
10269.573027 seconds (10.05 G allocations: 46.585 TiB, 6.62% gc time)
[2023-01-10T15:05:24.074]Completed Shot 6, state 26
10269.941973 seconds (10.05 G allocations: 46.587 TiB, 6.62% gc time)
[2023-01-10T15:05:24.445]Completed Shot 6, state 50
10269.995238 seconds (10.05 G allocations: 46.587 TiB, 6.62% gc time)
[2023-01-10T15:05:24.495]Completed Shot 6, state 11
10270.063614 seconds (10.05 G allocations: 46.587 TiB, 6.62% gc time)
[2023-01-10T15:05:24.564]Completed Shot 6, state 16
10272.290274 seconds (10.05 G allocations: 46.596 TiB, 6.62% gc time)
[2023-01-10T15:05:26.792]Completed Shot 6, state 27
10272.304841 seconds (10.05 G allocations: 46.596 TiB, 6.62% gc time)
[2023-01-10T15:05:26.806]Completed Shot 6, state 22
10272.341942 seconds (10.05 G allocations: 46.596 TiB, 6.62% gc time)
[2023-01-10T15:05:26.844]Completed Shot 6, state 43
10272.778661 seconds (10.05 G allocations: 46.598 TiB, 6.62% gc time)
[2023-01-10T15:05:27.278]Completed Shot 6, state 8
10272.818427 seconds (10.05 G allocations: 46.598 TiB, 6.62% gc time)
[2023-01-10T15:05:27.318]Completed Shot 6, state 6
10273.625098 seconds (10.05 G allocations: 46.601 TiB, 6.62% gc time)
[2023-01-10T15:05:28.127]Completed Shot 6, state 39
10274.499277 seconds (10.05 G allocations: 46.604 TiB, 6.62% gc time)
[2023-01-10T15:05:29.001]Completed Shot 6, state 36
10274.589604 seconds (10.05 G allocations: 46.604 TiB, 6.62% gc time)
[2023-01-10T15:05:29.091]Completed Shot 6, state 23
10274.835222 seconds (10.05 G allocations: 46.605 TiB, 6.62% gc time)
[2023-01-10T15:05:29.337]Completed Shot 6, state 32
10275.201646 seconds (10.05 G allocations: 46.606 TiB, 6.62% gc time)
[2023-01-10T15:05:29.703]Completed Shot 6, state 29
10275.246490 seconds (10.05 G allocations: 46.606 TiB, 6.62% gc time)
10275.245139 seconds (10.05 G allocations: 46.606 TiB, 6.62% gc time)
[[2023-01-10T15:05:29.7472023-01-10T15:05:29.747]Completed Shot 6, state 35
]Completed Shot 6, state 19
10275.556530 seconds (10.05 G allocations: 46.607 TiB, 6.62% gc time)
[2023-01-10T15:05:30.058]Completed Shot 6, state 33
10275.805391 seconds (10.05 G allocations: 46.608 TiB, 6.62% gc time)
[2023-01-10T15:05:30.306]Completed Shot 6, state 20
10276.078647 seconds (10.05 G allocations: 46.609 TiB, 6.62% gc time)
[2023-01-10T15:05:30.581]Completed Shot 6, state 42
10276.150095 seconds (10.05 G allocations: 46.609 TiB, 6.62% gc time)
[2023-01-10T15:05:30.652]Completed Shot 6, state 34
10276.229626 seconds (10.05 G allocations: 46.609 TiB, 6.62% gc time)
[2023-01-10T15:05:30.732]Completed Shot 6, state 47
10276.288374 seconds (10.05 G allocations: 46.609 TiB, 6.62% gc time)
[2023-01-10T15:05:30.788]Completed Shot 6, state 9
10276.500080 seconds (10.05 G allocations: 46.609 TiB, 6.62% gc time)
[2023-01-10T15:05:30.999]Completed Shot 6, state 4
10276.562397 seconds (10.05 G allocations: 46.609 TiB, 6.62% gc time)
[2023-01-10T15:05:31.064]Completed Shot 6, state 37
10276.855627 seconds (10.05 G allocations: 46.610 TiB, 6.62% gc time)
[2023-01-10T15:05:31.358]Completed Shot 6, state 40
10276.882036 seconds (10.05 G allocations: 46.610 TiB, 6.62% gc time)
[2023-01-10T15:05:31.381]Completed Shot 6, state 5
10276.896903 seconds (10.05 G allocations: 46.610 TiB, 6.62% gc time)
[2023-01-10T15:05:31.396]Completed Shot 6, state 3
10277.191033 seconds (10.05 G allocations: 46.610 TiB, 6.62% gc time)
[2023-01-10T15:05:31.693]Completed Shot 6, state 45
10279.769676 seconds (10.05 G allocations: 46.611 TiB, 6.62% gc time)
[2023-01-10T15:05:34.271]Completed Shot 6, state 24
10281.412580 seconds (10.05 G allocations: 46.612 TiB, 6.62% gc time)
[2023-01-10T15:05:35.915]Completed Shot 6, state 48
10283.857049 seconds (10.05 G allocations: 46.612 TiB, 6.62% gc time)
[2023-01-10T15:05:38.358]Completed Shot 6, state 21
10693.744606 seconds (10.02 G allocations: 46.478 TiB, 6.45% gc time)
[2023-01-10T18:03:52.106]Completed Shot 7, state 15
10695.137608 seconds (10.03 G allocations: 46.484 TiB, 6.45% gc time)
[2023-01-10T18:03:53.500]Completed Shot 7, state 32
10701.346554 seconds (10.03 G allocations: 46.511 TiB, 6.45% gc time)
[2023-01-10T18:03:59.710]Completed Shot 7, state 46
10702.130502 seconds (10.03 G allocations: 46.514 TiB, 6.45% gc time)
[2023-01-10T18:04:00.494]Completed Shot 7, state 34
10703.817439 seconds (10.03 G allocations: 46.521 TiB, 6.45% gc time)
[2023-01-10T18:04:02.180]Completed Shot 7, state 24
10704.311479 seconds (10.03 G allocations: 46.523 TiB, 6.45% gc time)
[2023-01-10T18:04:02.679]Completed Shot 7, state 50
10707.636960 seconds (10.04 G allocations: 46.537 TiB, 6.45% gc time)
[2023-01-10T18:04:06]Completed Shot 7, state 49
10708.910385 seconds (10.04 G allocations: 46.542 TiB, 6.45% gc time)
[2023-01-10T18:04:07.274]Completed Shot 7, state 48
10709.498262 seconds (10.04 G allocations: 46.545 TiB, 6.45% gc time)
[2023-01-10T18:04:07.860]Completed Shot 7, state 22
10711.399227 seconds (10.04 G allocations: 46.552 TiB, 6.45% gc time)
[2023-01-10T18:04:09.763]Completed Shot 7, state 45
10711.435032 seconds (10.04 G allocations: 46.552 TiB, 6.45% gc time)
[2023-01-10T18:04:09.797]Completed Shot 7, state 21
10711.947747 seconds (10.04 G allocations: 46.555 TiB, 6.45% gc time)
[2023-01-10T18:04:10.307]Completed Shot 7, state 2
10712.004284 seconds (10.04 G allocations: 46.555 TiB, 6.45% gc time)
[2023-01-10T18:04:10.364]Completed Shot 7, state 7
10712.595579 seconds (10.04 G allocations: 46.557 TiB, 6.45% gc time)
[2023-01-10T18:04:10.958]Completed Shot 7, state 38
10716.101366 seconds (10.04 G allocations: 46.572 TiB, 6.45% gc time)
[2023-01-10T18:04:14.462]Completed Shot 7, state 8
10716.327903 seconds (10.04 G allocations: 46.573 TiB, 6.45% gc time)
[2023-01-10T18:04:14.688]Completed Shot 7, state 4
10716.427728 seconds (10.04 G allocations: 46.573 TiB, 6.45% gc time)
[2023-01-10T18:04:14.790]Completed Shot 7, state 30
10717.114304 seconds (10.05 G allocations: 46.576 TiB, 6.45% gc time)
[2023-01-10T18:04:15.477]Completed Shot 7, state 36
10717.509902 seconds (10.05 G allocations: 46.577 TiB, 6.45% gc time)
[2023-01-10T18:04:15.873]Completed Shot 7, state 41
10717.817034 seconds (10.05 G allocations: 46.578 TiB, 6.45% gc time)
[2023-01-10T18:04:16.180]Completed Shot 7, state 39
10718.268664 seconds (10.05 G allocations: 46.580 TiB, 6.45% gc time)
[2023-01-10T18:04:16.631]Completed Shot 7, state 37
10718.973804 seconds (10.05 G allocations: 46.583 TiB, 6.45% gc time)
[2023-01-10T18:04:17.335]Completed Shot 7, state 19
10719.183462 seconds (10.05 G allocations: 46.584 TiB, 6.45% gc time)
[2023-01-10T18:04:17.547]Completed Shot 7, state 42
10719.909860 seconds (10.05 G allocations: 46.586 TiB, 6.45% gc time)
[2023-01-10T18:04:18.269]Completed Shot 7, state 1
10720.572449 seconds (10.05 G allocations: 46.589 TiB, 6.45% gc time)
[2023-01-10T18:04:18.936]Completed Shot 7, state 26
10720.707550 seconds (10.05 G allocations: 46.590 TiB, 6.45% gc time)
[2023-01-10T18:04:19.070]Completed Shot 7, state 33
10720.802110 seconds (10.05 G allocations: 46.590 TiB, 6.45% gc time)
[2023-01-10T18:04:19.163]Completed Shot 7, state 6
10721.069643 seconds (10.05 G allocations: 46.591 TiB, 6.45% gc time)
[2023-01-10T18:04:19.432]Completed Shot 7, state 27
10721.130783 seconds (10.05 G allocations: 46.591 TiB, 6.45% gc time)
[2023-01-10T18:04:19.494]Completed Shot 7, state 47
10721.187482 seconds (10.05 G allocations: 46.592 TiB, 6.45% gc time)
[2023-01-10T18:04:19.550]Completed Shot 7, state 40
10722.146983 seconds (10.05 G allocations: 46.595 TiB, 6.45% gc time)
[2023-01-10T18:04:20.508]Completed Shot 7, state 14
10722.220948 seconds (10.05 G allocations: 46.595 TiB, 6.45% gc time)
[2023-01-10T18:04:20.581]Completed Shot 7, state 5
10723.174729 seconds (10.05 G allocations: 46.598 TiB, 6.45% gc time)
[2023-01-10T18:04:21.537]Completed Shot 7, state 31
10723.673261 seconds (10.05 G allocations: 46.599 TiB, 6.45% gc time)
[2023-01-10T18:04:22.035]Completed Shot 7, state 18
10723.743261 seconds (10.05 G allocations: 46.599 TiB, 6.45% gc time)
[2023-01-10T18:04:22.105]Completed Shot 7, state 28
10723.988824 seconds (10.05 G allocations: 46.600 TiB, 6.45% gc time)
[2023-01-10T18:04:22.351]Completed Shot 7, state 25
10725.050384 seconds (10.05 G allocations: 46.603 TiB, 6.45% gc time)
[2023-01-10T18:04:23.412]Completed Shot 7, state 20
10725.919337 seconds (10.05 G allocations: 46.605 TiB, 6.45% gc time)
[2023-01-10T18:04:24.281]Completed Shot 7, state 23
10726.504789 seconds (10.05 G allocations: 46.606 TiB, 6.45% gc time)
[2023-01-10T18:04:24.868]Completed Shot 7, state 43
10726.527370 seconds (10.05 G allocations: 46.606 TiB, 6.45% gc time)
[2023-01-10T18:04:24.888]Completed Shot 7, state 10
10726.929964 seconds (10.05 G allocations: 46.607 TiB, 6.45% gc time)
[2023-01-10T18:04:25.291]Completed Shot 7, state 13
10728.378593 seconds (10.05 G allocations: 46.609 TiB, 6.45% gc time)
[2023-01-10T18:04:26.741]Completed Shot 7, state 29
10728.466045 seconds (10.05 G allocations: 46.609 TiB, 6.45% gc time)
[2023-01-10T18:04:26.829]Completed Shot 7, state 44
10728.721639 seconds (10.05 G allocations: 46.610 TiB, 6.45% gc time)
[2023-01-10T18:04:27.082]Completed Shot 7, state 3
10729.053684 seconds (10.05 G allocations: 46.610 TiB, 6.45% gc time)
[2023-01-10T18:04:27.415]Completed Shot 7, state 17
10729.087739 seconds (10.05 G allocations: 46.610 TiB, 6.45% gc time)
[2023-01-10T18:04:27.448]Completed Shot 7, state 12
10732.149131 seconds (10.05 G allocations: 46.612 TiB, 6.45% gc time)
[2023-01-10T18:04:30.509]Completed Shot 7, state 9
10732.396902 seconds (10.05 G allocations: 46.612 TiB, 6.45% gc time)
[2023-01-10T18:04:30.758]Completed Shot 7, state 16
10732.857945 seconds (10.05 G allocations: 46.613 TiB, 6.45% gc time)
[2023-01-10T18:04:31.219]Completed Shot 7, state 11
10736.278291 seconds (10.05 G allocations: 46.613 TiB, 6.44% gc time)
[2023-01-10T18:04:34.641]Completed Shot 7, state 35
10192.519509 seconds (10.02 G allocations: 46.473 TiB, 6.55% gc time)
[2023-01-10T20:54:27.165]Completed Shot 8, state 37
10198.475916 seconds (10.03 G allocations: 46.501 TiB, 6.55% gc time)
[2023-01-10T20:54:33.121]Completed Shot 8, state 28
10198.926148 seconds (10.03 G allocations: 46.503 TiB, 6.55% gc time)
[2023-01-10T20:54:33.569]Completed Shot 8, state 8
10202.805151 seconds (10.03 G allocations: 46.521 TiB, 6.55% gc time)
[2023-01-10T20:54:37.449]Completed Shot 8, state 11
10203.133507 seconds (10.03 G allocations: 46.522 TiB, 6.55% gc time)
[2023-01-10T20:54:37.779]Completed Shot 8, state 39
10204.127845 seconds (10.03 G allocations: 46.526 TiB, 6.55% gc time)
[2023-01-10T20:54:38.772]Completed Shot 8, state 25
10205.311979 seconds (10.04 G allocations: 46.531 TiB, 6.55% gc time)
[2023-01-10T20:54:39.955]Completed Shot 8, state 7
10205.468195 seconds (10.04 G allocations: 46.532 TiB, 6.55% gc time)
[2023-01-10T20:54:40.114]Completed Shot 8, state 35
10207.671315 seconds (10.04 G allocations: 46.542 TiB, 6.55% gc time)
[2023-01-10T20:54:42.317]Completed Shot 8, state 43
10207.972302 seconds (10.04 G allocations: 46.543 TiB, 6.55% gc time)
[2023-01-10T20:54:42.617]Completed Shot 8, state 23
10211.826320 seconds (10.04 G allocations: 46.560 TiB, 6.55% gc time)
[2023-01-10T20:54:46.469]Completed Shot 8, state 6
10212.103256 seconds (10.04 G allocations: 46.561 TiB, 6.55% gc time)
[2023-01-10T20:54:46.747]Completed Shot 8, state 12
10212.356371 seconds (10.04 G allocations: 46.562 TiB, 6.55% gc time)
[2023-01-10T20:54:47.002]Completed Shot 8, state 45
10212.684385 seconds (10.04 G allocations: 46.564 TiB, 6.55% gc time)
[2023-01-10T20:54:47.328]Completed Shot 8, state 14
10213.129474 seconds (10.04 G allocations: 46.566 TiB, 6.55% gc time)
[2023-01-10T20:54:47.775]Completed Shot 8, state 47
10214.048748 seconds (10.04 G allocations: 46.570 TiB, 6.55% gc time)
[2023-01-10T20:54:48.693]Completed Shot 8, state 26
10214.203434 seconds (10.04 G allocations: 46.570 TiB, 6.55% gc time)
[2023-01-10T20:54:48.849]Completed Shot 8, state 50
10216.685594 seconds (10.05 G allocations: 46.581 TiB, 6.55% gc time)
[2023-01-10T20:54:51.331]Completed Shot 8, state 32
10216.755470 seconds (10.05 G allocations: 46.581 TiB, 6.55% gc time)
[2023-01-10T20:54:51.401]Completed Shot 8, state 34
10216.999187 seconds (10.05 G allocations: 46.582 TiB, 6.55% gc time)
[2023-01-10T20:54:51.644]Completed Shot 8, state 21
10217.104530 seconds (10.05 G allocations: 46.583 TiB, 6.55% gc time)
[2023-01-10T20:54:51.750]Completed Shot 8, state 41
10217.323472 seconds (10.05 G allocations: 46.584 TiB, 6.55% gc time)
[2023-01-10T20:54:51.968]Completed Shot 8, state 29
10218.715394 seconds (10.05 G allocations: 46.589 TiB, 6.55% gc time)
[2023-01-10T20:54:53.359]Completed Shot 8, state 16
10218.956917 seconds (10.05 G allocations: 46.590 TiB, 6.55% gc time)
[2023-01-10T20:54:53.601]Completed Shot 8, state 13
10219.660741 seconds (10.05 G allocations: 46.593 TiB, 6.55% gc time)
[2023-01-10T20:54:54.305]Completed Shot 8, state 18
10219.979617 seconds (10.05 G allocations: 46.594 TiB, 6.55% gc time)
[2023-01-10T20:54:54.622]Completed Shot 8, state 4
10220.079169 seconds (10.05 G allocations: 46.595 TiB, 6.55% gc time)
[2023-01-10T20:54:54.724]Completed Shot 8, state 33
10220.296962 seconds (10.05 G allocations: 46.596 TiB, 6.55% gc time)
[2023-01-10T20:54:54.942]Completed Shot 8, state 31
10220.311585 seconds (10.05 G allocations: 46.596 TiB, 6.55% gc time)
[2023-01-10T20:54:54.956]Completed Shot 8, state 17
10220.540718 seconds (10.05 G allocations: 46.596 TiB, 6.55% gc time)
[2023-01-10T20:54:55.186]Completed Shot 8, state 49
10220.930909 seconds (10.05 G allocations: 46.597 TiB, 6.55% gc time)
[2023-01-10T20:54:55.575]Completed Shot 8, state 22
10220.932592 seconds (10.05 G allocations: 46.597 TiB, 6.55% gc time)
[2023-01-10T20:54:55.577]Completed Shot 8, state 24
10220.948408 seconds (10.05 G allocations: 46.598 TiB, 6.55% gc time)
[2023-01-10T20:54:55.592]Completed Shot 8, state 10
10221.357124 seconds (10.05 G allocations: 46.599 TiB, 6.55% gc time)
[2023-01-10T20:54:56]Completed Shot 8, state 9
10221.550198 seconds (10.05 G allocations: 46.599 TiB, 6.55% gc time)
[2023-01-10T20:54:56.196]Completed Shot 8, state 48
10223.531660 seconds (10.05 G allocations: 46.605 TiB, 6.55% gc time)
[2023-01-10T20:54:58.174]Completed Shot 8, state 1
10223.661605 seconds (10.05 G allocations: 46.605 TiB, 6.55% gc time)
[2023-01-10T20:54:58.307]Completed Shot 8, state 36
10224.694353 seconds (10.05 G allocations: 46.607 TiB, 6.55% gc time)
[2023-01-10T20:54:59.337]Completed Shot 8, state 2
10225.128566 seconds (10.05 G allocations: 46.608 TiB, 6.55% gc time)
[2023-01-10T20:54:59.773]Completed Shot 8, state 20
10225.137211 seconds (10.05 G allocations: 46.608 TiB, 6.55% gc time)
[2023-01-10T20:54:59.781]Completed Shot 8, state 15
10225.258584 seconds (10.05 G allocations: 46.609 TiB, 6.55% gc time)
[2023-01-10T20:54:59.903]Completed Shot 8, state 27
10226.007851 seconds (10.05 G allocations: 46.610 TiB, 6.55% gc time)
[2023-01-10T20:55:00.653]Completed Shot 8, state 44
10226.065969 seconds (10.05 G allocations: 46.610 TiB, 6.55% gc time)
[2023-01-10T20:55:00.709]Completed Shot 8, state 5
10226.075042 seconds (10.05 G allocations: 46.610 TiB, 6.55% gc time)
[2023-01-10T20:55:00.719]Completed Shot 8, state 19
10226.074427 seconds (10.05 G allocations: 46.610 TiB, 6.55% gc time)
[2023-01-10T20:55:00.719]Completed Shot 8, state 30
10226.953879 seconds (10.05 G allocations: 46.611 TiB, 6.55% gc time)
[2023-01-10T20:55:01.599]Completed Shot 8, state 38
10227.566881 seconds (10.05 G allocations: 46.611 TiB, 6.55% gc time)
[2023-01-10T20:55:02.212]Completed Shot 8, state 42
10228.598166 seconds (10.05 G allocations: 46.612 TiB, 6.55% gc time)
[2023-01-10T20:55:03.241]Completed Shot 8, state 3
10233.229756 seconds (10.05 G allocations: 46.613 TiB, 6.55% gc time)
[2023-01-10T20:55:07.875]Completed Shot 8, state 46
10233.350942 seconds (10.05 G allocations: 46.613 TiB, 6.55% gc time)
[2023-01-10T20:55:07.996]Completed Shot 8, state 40
9688.262813 seconds (10.02 G allocations: 46.452 TiB, 6.73% gc time)
[2023-01-10T23:36:36.264]Completed Shot 9, state 21
9698.600271 seconds (10.03 G allocations: 46.503 TiB, 6.73% gc time)
[2023-01-10T23:36:46.602]Completed Shot 9, state 30
9704.084251 seconds (10.04 G allocations: 46.530 TiB, 6.73% gc time)
[2023-01-10T23:36:52.087]Completed Shot 9, state 50
9704.685208 seconds (10.04 G allocations: 46.533 TiB, 6.73% gc time)
[2023-01-10T23:36:52.688]Completed Shot 9, state 43
9705.331157 seconds (10.04 G allocations: 46.536 TiB, 6.73% gc time)
[2023-01-10T23:36:53.333]Completed Shot 9, state 34
9706.071139 seconds (10.04 G allocations: 46.540 TiB, 6.73% gc time)
[2023-01-10T23:36:54.072]Completed Shot 9, state 16
9707.781256 seconds (10.04 G allocations: 46.548 TiB, 6.73% gc time)
[2023-01-10T23:36:55.782]Completed Shot 9, state 19
9708.253038 seconds (10.04 G allocations: 46.550 TiB, 6.73% gc time)
[2023-01-10T23:36:56.252]Completed Shot 9, state 3
9709.295319 seconds (10.04 G allocations: 46.555 TiB, 6.73% gc time)
[2023-01-10T23:36:57.294]Completed Shot 9, state 4
9709.976077 seconds (10.04 G allocations: 46.558 TiB, 6.73% gc time)
[2023-01-10T23:36:57.978]Completed Shot 9, state 41
9711.246930 seconds (10.04 G allocations: 46.564 TiB, 6.73% gc time)
[2023-01-10T23:36:59.249]Completed Shot 9, state 49
9711.382936 seconds (10.04 G allocations: 46.565 TiB, 6.73% gc time)
[2023-01-10T23:36:59.385]Completed Shot 9, state 36
9711.714600 seconds (10.04 G allocations: 46.567 TiB, 6.73% gc time)
[2023-01-10T23:36:59.716]Completed Shot 9, state 27
9712.226178 seconds (10.04 G allocations: 46.569 TiB, 6.73% gc time)
[2023-01-10T23:37:00.225]Completed Shot 9, state 10
9714.551333 seconds (10.05 G allocations: 46.580 TiB, 6.73% gc time)
[2023-01-10T23:37:02.554]Completed Shot 9, state 44
9714.560635 seconds (10.05 G allocations: 46.580 TiB, 6.73% gc time)
[2023-01-10T23:37:02.562]Completed Shot 9, state 35
9715.060440 seconds (10.05 G allocations: 46.582 TiB, 6.73% gc time)
[2023-01-10T23:37:03.063]Completed Shot 9, state 39
9715.219416 seconds (10.05 G allocations: 46.582 TiB, 6.73% gc time)
[2023-01-10T23:37:03.218]Completed Shot 9, state 7
9715.663982 seconds (10.05 G allocations: 46.584 TiB, 6.73% gc time)
[2023-01-10T23:37:03.664]Completed Shot 9, state 15
9715.988187 seconds (10.05 G allocations: 46.586 TiB, 6.73% gc time)
[2023-01-10T23:37:03.987]Completed Shot 9, state 5
9716.108068 seconds (10.05 G allocations: 46.586 TiB, 6.73% gc time)
[2023-01-10T23:37:04.108]Completed Shot 9, state 13
9716.846807 seconds (10.05 G allocations: 46.590 TiB, 6.73% gc time)
[2023-01-10T23:37:04.848]Completed Shot 9, state 28
9717.053846 seconds (10.05 G allocations: 46.591 TiB, 6.73% gc time)
[2023-01-10T23:37:05.052]Completed Shot 9, state 1
9717.136551 seconds (10.05 G allocations: 46.591 TiB, 6.73% gc time)
[2023-01-10T23:37:05.136]Completed Shot 9, state 14
9717.285039 seconds (10.05 G allocations: 46.592 TiB, 6.73% gc time)
[2023-01-10T23:37:05.287]Completed Shot 9, state 38
9717.319586 seconds (10.05 G allocations: 46.592 TiB, 6.73% gc time)
[2023-01-10T23:37:05.322]Completed Shot 9, state 48
9717.677522 seconds (10.05 G allocations: 46.593 TiB, 6.73% gc time)
[2023-01-10T23:37:05.679]Completed Shot 9, state 29
9717.949925 seconds (10.05 G allocations: 46.594 TiB, 6.73% gc time)
[2023-01-10T23:37:05.952]Completed Shot 9, state 42
9718.327355 seconds (10.05 G allocations: 46.596 TiB, 6.73% gc time)
[2023-01-10T23:37:06.329]Completed Shot 9, state 40
9718.362584 seconds (10.05 G allocations: 46.596 TiB, 6.73% gc time)
[2023-01-10T23:37:06.364]Completed Shot 9, state 33
9718.411276 seconds (10.05 G allocations: 46.596 TiB, 6.73% gc time)
[2023-01-10T23:37:06.414]Completed Shot 9, state 46
9718.418547 seconds (10.05 G allocations: 46.596 TiB, 6.73% gc time)
[2023-01-10T23:37:06.419]Completed Shot 9, state 24
9719.135518 seconds (10.05 G allocations: 46.598 TiB, 6.73% gc time)
[2023-01-10T23:37:07.136]Completed Shot 9, state 18
9719.489958 seconds (10.05 G allocations: 46.599 TiB, 6.73% gc time)
[2023-01-10T23:37:07.488]Completed Shot 9, state 2
9719.592787 seconds (10.05 G allocations: 46.600 TiB, 6.73% gc time)
[2023-01-10T23:37:07.595]Completed Shot 9, state 45
9720.141469 seconds (10.05 G allocations: 46.601 TiB, 6.73% gc time)
[2023-01-10T23:37:08.142]Completed Shot 9, state 26
9720.553472 seconds (10.05 G allocations: 46.602 TiB, 6.73% gc time)
[2023-01-10T23:37:08.552]Completed Shot 9, state 6
9721.242785 seconds (10.05 G allocations: 46.604 TiB, 6.73% gc time)
[2023-01-10T23:37:09.243]Completed Shot 9, state 17
9721.268786 seconds (10.05 G allocations: 46.604 TiB, 6.73% gc time)
[2023-01-10T23:37:09.268]Completed Shot 9, state 8
9721.483384 seconds (10.05 G allocations: 46.604 TiB, 6.73% gc time)
[2023-01-10T23:37:09.485]Completed Shot 9, state 25
9721.944160 seconds (10.05 G allocations: 46.605 TiB, 6.73% gc time)
[2023-01-10T23:37:09.945]Completed Shot 9, state 20
9722.416188 seconds (10.05 G allocations: 46.606 TiB, 6.73% gc time)
[2023-01-10T23:37:10.418]Completed Shot 9, state 47
9722.653833 seconds (10.05 G allocations: 46.606 TiB, 6.73% gc time)
[2023-01-10T23:37:10.655]Completed Shot 9, state 32
9723.643371 seconds (10.05 G allocations: 46.608 TiB, 6.73% gc time)
[2023-01-10T23:37:11.644]Completed Shot 9, state 23
9724.459423 seconds (10.05 G allocations: 46.608 TiB, 6.73% gc time)
[2023-01-10T23:37:12.460]Completed Shot 9, state 22
9724.517753 seconds (10.05 G allocations: 46.609 TiB, 6.73% gc time)
[2023-01-10T23:37:12.517]Completed Shot 9, state 9
9726.080638 seconds (10.05 G allocations: 46.610 TiB, 6.73% gc time)
[2023-01-10T23:37:14.080]Completed Shot 9, state 11
9727.924489 seconds (10.05 G allocations: 46.611 TiB, 6.73% gc time)
[2023-01-10T23:37:15.924]Completed Shot 9, state 12
9728.868836 seconds (10.05 G allocations: 46.611 TiB, 6.73% gc time)
[2023-01-10T23:37:16.871]Completed Shot 9, state 37
9732.292495 seconds (10.05 G allocations: 46.612 TiB, 6.73% gc time)
[2023-01-10T23:37:20.294]Completed Shot 9, state 31
9850.078998 seconds (10.01 G allocations: 46.393 TiB, 6.64% gc time)
[2023-01-11T02:21:30.377]Completed Shot 10, state 23
9868.554209 seconds (10.02 G allocations: 46.479 TiB, 6.64% gc time)
[2023-01-11T02:21:48.852]Completed Shot 10, state 18
9869.612074 seconds (10.03 G allocations: 46.484 TiB, 6.64% gc time)
[2023-01-11T02:21:49.909]Completed Shot 10, state 20
9870.336573 seconds (10.03 G allocations: 46.487 TiB, 6.64% gc time)
[2023-01-11T02:21:50.636]Completed Shot 10, state 39
9877.268939 seconds (10.03 G allocations: 46.519 TiB, 6.64% gc time)
[2023-01-11T02:21:57.567]Completed Shot 10, state 25
9879.742830 seconds (10.04 G allocations: 46.531 TiB, 6.64% gc time)
[2023-01-11T02:22:00.041]Completed Shot 10, state 21
9880.056306 seconds (10.04 G allocations: 46.532 TiB, 6.64% gc time)
[2023-01-11T02:22:00.353]Completed Shot 10, state 14
9880.564160 seconds (10.04 G allocations: 46.534 TiB, 6.64% gc time)
[2023-01-11T02:22:00.863]Completed Shot 10, state 29
9881.772270 seconds (10.04 G allocations: 46.539 TiB, 6.64% gc time)
[2023-01-11T02:22:02.070]Completed Shot 10, state 22
9881.771767 seconds (10.04 G allocations: 46.539 TiB, 6.64% gc time)
[2023-01-11T02:22:02.071]Completed Shot 10, state 30
9882.288948 seconds (10.04 G allocations: 46.541 TiB, 6.64% gc time)
[2023-01-11T02:22:02.588]Completed Shot 10, state 40
9884.285861 seconds (10.04 G allocations: 46.550 TiB, 6.64% gc time)
[2023-01-11T02:22:04.583]Completed Shot 10, state 15
9885.012713 seconds (10.04 G allocations: 46.554 TiB, 6.64% gc time)
[2023-01-11T02:22:05.312]Completed Shot 10, state 38
9885.100057 seconds (10.04 G allocations: 46.554 TiB, 6.64% gc time)
[2023-01-11T02:22:05.398]Completed Shot 10, state 24
9885.317883 seconds (10.04 G allocations: 46.555 TiB, 6.64% gc time)
[2023-01-11T02:22:05.617]Completed Shot 10, state 41
9885.598422 seconds (10.04 G allocations: 46.557 TiB, 6.64% gc time)
[2023-01-11T02:22:05.897]Completed Shot 10, state 32
9885.828095 seconds (10.04 G allocations: 46.557 TiB, 6.64% gc time)
[2023-01-11T02:22:06.125]Completed Shot 10, state 16
9886.944060 seconds (10.04 G allocations: 46.562 TiB, 6.64% gc time)
[2023-01-11T02:22:07.243]Completed Shot 10, state 34
9887.567043 seconds (10.04 G allocations: 46.565 TiB, 6.64% gc time)
[2023-01-11T02:22:07.865]Completed Shot 10, state 26
9887.812849 seconds (10.04 G allocations: 46.566 TiB, 6.64% gc time)
[2023-01-11T02:22:08.113]Completed Shot 10, state 44
9888.508214 seconds (10.04 G allocations: 46.569 TiB, 6.64% gc time)
[2023-01-11T02:22:08.808]Completed Shot 10, state 49
9888.519590 seconds (10.04 G allocations: 46.569 TiB, 6.64% gc time)
[2023-01-11T02:22:08.818]Completed Shot 10, state 28
9889.708376 seconds (10.04 G allocations: 46.574 TiB, 6.64% gc time)
[2023-01-11T02:22:10.007]Completed Shot 10, state 31
9889.817472 seconds (10.05 G allocations: 46.575 TiB, 6.64% gc time)
[2023-01-11T02:22:10.117]Completed Shot 10, state 47
9891.269032 seconds (10.05 G allocations: 46.580 TiB, 6.64% gc time)
[2023-01-11T02:22:11.567]Completed Shot 10, state 19
9891.987377 seconds (10.05 G allocations: 46.583 TiB, 6.64% gc time)
[2023-01-11T02:22:12.284]Completed Shot 10, state 10
9891.993757 seconds (10.05 G allocations: 46.583 TiB, 6.64% gc time)
[2023-01-11T02:22:12.289]Completed Shot 10, state 3
9892.797846 seconds (10.05 G allocations: 46.586 TiB, 6.64% gc time)
[2023-01-11T02:22:13.097]Completed Shot 10, state 48
9892.880693 seconds (10.05 G allocations: 46.587 TiB, 6.64% gc time)
[2023-01-11T02:22:13.177]Completed Shot 10, state 8
9893.136513 seconds (10.05 G allocations: 46.587 TiB, 6.64% gc time)
[2023-01-11T02:22:13.435]Completed Shot 10, state 27
9893.149022 seconds (10.05 G allocations: 46.588 TiB, 6.64% gc time)
[2023-01-11T02:22:13.445]Completed Shot 10, state 4
9893.609876 seconds (10.05 G allocations: 46.589 TiB, 6.64% gc time)
[2023-01-11T02:22:13.909]Completed Shot 10, state 42
9895.815659 seconds (10.05 G allocations: 46.596 TiB, 6.64% gc time)
[2023-01-11T02:22:16.114]Completed Shot 10, state 37
9895.825491 seconds (10.05 G allocations: 46.596 TiB, 6.64% gc time)
[2023-01-11T02:22:16.124]Completed Shot 10, state 35
9896.012454 seconds (10.05 G allocations: 46.597 TiB, 6.64% gc time)
[2023-01-11T02:22:16.309]Completed Shot 10, state 11
9896.146986 seconds (10.05 G allocations: 46.597 TiB, 6.64% gc time)
[2023-01-11T02:22:16.443]Completed Shot 10, state 5
9896.815322 seconds (10.05 G allocations: 46.599 TiB, 6.64% gc time)
[2023-01-11T02:22:17.112]Completed Shot 10, state 12
9896.826341 seconds (10.05 G allocations: 46.599 TiB, 6.64% gc time)
[2023-01-11T02:22:17.122]Completed Shot 10, state 6
9898.469673 seconds (10.05 G allocations: 46.603 TiB, 6.64% gc time)
[2023-01-11T02:22:18.767]Completed Shot 10, state 17
9898.999979 seconds (10.05 G allocations: 46.604 TiB, 6.64% gc time)
[2023-01-11T02:22:19.298]Completed Shot 10, state 33
9899.200162 seconds (10.05 G allocations: 46.604 TiB, 6.64% gc time)
[2023-01-11T02:22:19.496]Completed Shot 10, state 9
9899.351181 seconds (10.05 G allocations: 46.604 TiB, 6.64% gc time)
[2023-01-11T02:22:19.648]Completed Shot 10, state 13
9900.013522 seconds (10.05 G allocations: 46.605 TiB, 6.64% gc time)
[2023-01-11T02:22:20.313]Completed Shot 10, state 46
9900.864165 seconds (10.05 G allocations: 46.607 TiB, 6.64% gc time)
[2023-01-11T02:22:21.159]Completed Shot 10, state 2
9901.611997 seconds (10.05 G allocations: 46.607 TiB, 6.64% gc time)
[2023-01-11T02:22:21.911]Completed Shot 10, state 36
9902.263564 seconds (10.05 G allocations: 46.608 TiB, 6.64% gc time)
[2023-01-11T02:22:22.559]Completed Shot 10, state 7
9902.470790 seconds (10.05 G allocations: 46.608 TiB, 6.64% gc time)
[2023-01-11T02:22:22.770]Completed Shot 10, state 45
9902.499722 seconds (10.05 G allocations: 46.608 TiB, 6.64% gc time)
[2023-01-11T02:22:22.799]Completed Shot 10, state 50
9906.381266 seconds (10.05 G allocations: 46.609 TiB, 6.64% gc time)
[2023-01-11T02:22:26.676]Completed Shot 10, state 1
9906.853079 seconds (10.05 G allocations: 46.610 TiB, 6.64% gc time)
[2023-01-11T02:22:27.152]Completed Shot 10, state 43
[2023-01-11T02:22:27.153]**********Simulation completed!**********
[2023-01-11T02:22:27.153]**********Saving**********
[2023-01-11T02:22:31.668]Saving file: /gpfs/bwfor/work/ws/hd_ku269-logs/LightCones/2023-01-09/468970_N11_BS.jld2
[2023-01-11T02:22:33.239]**********Run completed!**********
============================= JOB FEEDBACK =============================
Job ID: 468970
Cluster: helix
User/Group: hd_ku269/hd_hd
State: COMPLETED (exit code 0)
Nodes: 1
Cores per node: 64
CPU Utilized: 69-13:26:57
CPU Efficiency: 89.81% of 77-10:49:36 core-walltime
Job Wall-clock time: 1-05:02:39
Memory Utilized: 150.77 GB
Memory Efficiency: 63.88% of 236.00 GB
