Added MKL.jl
Project LightCones v0.1.0
Status `/gpfs/bwfor/work/ws/hd_ku269-light_cones/WorkingFolder/Project.toml`
  [7d9fca2a] Arpack v0.5.4
  [7073ff75] IJulia v1.24.0
  [033835bb] JLD2 v0.4.29
  [0b1a1467] KrylovKit v0.6.0
  [d3d80556] LineSearches v7.2.0
  [33e6dc65] MKL v0.6.0
  [429524aa] Optim v1.7.4
  [91a5bcdd] Plots v1.38.2
  [c3e4b0f8] Pluto v0.19.19
  [3c0b384b] QuantumInformation v0.4.9
  [189a3867] Reexport v1.2.2
  [295af30f] Revise v3.5.0
  [ebcc8a00] SpinSymmetry v0.3.3
  [59d54670] ThreadedSparseArrays v0.2.2
  [ade2ca70] Dates
  [8ba89e20] Distributed
  [37e2e46d] LinearAlgebra
  [de0858da] Printf
  [9a3f8284] Random
  [1a1011a3] SharedArrays
  [2f01184e] SparseArrays
  [10745b16] Statistics
[2023-01-15T22:46:33.938]**********RANDOM FIELDS**********
shared_krylov.jl
Working Directory:          /gpfs/bwfor/work/ws/hd_ku269-light_cones/WorkingFolder
SLURM Directory:            /gpfs/bwfor/work/ws/hd_ku269-light_cones/WorkingFolder 
Running on host:            m06n11
Job id:                     512559
Job name:                   otoc_simulation_N11_TRNEW
Number of nodes allocated:  
Number of cores allocated:  1
#threads of Julia:          64
#threads of BLAS:           1
ARGS = ["11", "5", "50", "BS", "x", "6", "100", "WAHUHA_FR"]
LOCATION = "/gpfs/bwfor/work/ws/hd_ku269-logs/LightCones/2023-01-15"
N = 11
SHOTS = 5
MULT_RANDOM_STATES = true
N_RANDOM_STATES = 50
TYPE_OF_RS = "BS"
OBSERVABLE = "x"
DISORDER_PARAM = 6.0
[2023-01-15T22:46:34.101]**********Running simulation**********
[2023-01-15T22:46:34.192]trange = 0.1:0.1:20.0
[2023-01-15T22:46:34.466]A = σx
[2023-01-15T22:46:34.885]alpha=6
[2023-01-15T22:46:34.885]PBC
10[2023-01-15T22:46:37.766]Operations set up.
Using multiple states.
10143.275511 seconds (5.52 G allocations: 13.830 TiB, 10.25% gc time, 0.02% compilation time)
10179.325394 seconds (5.54 G allocations: 13.871 TiB, 10.24% gc time, 0.10% compilation time)
10175.173673 seconds (5.54 G allocations: 13.872 TiB, 10.24% gc time, 0.05% compilation time)
10176.638910 seconds (5.54 G allocations: 13.874 TiB, 10.24% gc time, 0.05% compilation time)
10189.850113 seconds (5.54 G allocations: 13.890 TiB, 10.25% gc time, 0.04% compilation time)
10205.508370 seconds (5.55 G allocations: 13.911 TiB, 10.25% gc time, 0.05% compilation time)
10211.266327 seconds (5.56 G allocations: 13.920 TiB, 10.24% gc time, 0.05% compilation time)
10211.407512 seconds (5.56 G allocations: 13.920 TiB, 10.24% gc time, 0.05% compilation time)
10235.721963 seconds (5.57 G allocations: 13.950 TiB, 10.25% gc time, 0.05% compilation time)
10238.344808 seconds (5.57 G allocations: 13.954 TiB, 10.25% gc time, 0.05% compilation time)
10243.477963 seconds (5.57 G allocations: 13.961 TiB, 10.24% gc time, 0.05% compilation time)
10245.406240 seconds (5.57 G allocations: 13.964 TiB, 10.24% gc time, 0.05% compilation time)
10254.524307 seconds (5.58 G allocations: 13.976 TiB, 10.24% gc time, 0.05% compilation time)
10260.540760 seconds (5.58 G allocations: 13.978 TiB, 10.23% gc time, 0.10% compilation time)
10261.454119 seconds (5.58 G allocations: 13.979 TiB, 10.23% gc time, 0.10% compilation time)
10285.072279 seconds (5.60 G allocations: 14.019 TiB, 10.23% gc time, 0.05% compilation time)
10295.301363 seconds (5.60 G allocations: 14.031 TiB, 10.24% gc time, 0.05% compilation time)
10309.497688 seconds (5.61 G allocations: 14.050 TiB, 10.23% gc time, 0.05% compilation time)
10313.790641 seconds (5.61 G allocations: 14.056 TiB, 10.23% gc time, 0.05% compilation time)
10317.286020 seconds (5.61 G allocations: 14.062 TiB, 10.23% gc time, 0.05% compilation time)
10326.775836 seconds (5.62 G allocations: 14.073 TiB, 10.23% gc time, 0.05% compilation time)
10339.049388 seconds (5.62 G allocations: 14.084 TiB, 10.22% gc time, 0.10% compilation time)
10336.012055 seconds (5.62 G allocations: 14.087 TiB, 10.22% gc time, 0.05% compilation time)
10335.982463 seconds (5.62 G allocations: 14.087 TiB, 10.22% gc time, 0.05% compilation time)
10338.550223 seconds (5.62 G allocations: 14.088 TiB, 10.23% gc time, 0.05% compilation time)
10340.338243 seconds (5.63 G allocations: 14.091 TiB, 10.23% gc time, 0.05% compilation time)
10348.023547 seconds (5.63 G allocations: 14.094 TiB, 10.22% gc time, 0.10% compilation time)
10344.620642 seconds (5.63 G allocations: 14.097 TiB, 10.23% gc time, 0.05% compilation time)
10355.025840 seconds (5.63 G allocations: 14.110 TiB, 10.23% gc time, 0.05% compilation time)
10363.858025 seconds (5.64 G allocations: 14.123 TiB, 10.22% gc time, 0.05% compilation time)
10369.474881 seconds (5.64 G allocations: 14.124 TiB, 10.22% gc time, 0.10% compilation time)
10368.182779 seconds (5.64 G allocations: 14.127 TiB, 10.23% gc time, 0.05% compilation time)
10370.302893 seconds (5.64 G allocations: 14.131 TiB, 10.23% gc time, 0.05% compilation time)
10374.272291 seconds (5.64 G allocations: 14.136 TiB, 10.22% gc time, 0.05% compilation time)
10381.527261 seconds (5.65 G allocations: 14.145 TiB, 10.23% gc time, 0.05% compilation time)
10387.665540 seconds (5.65 G allocations: 14.154 TiB, 10.22% gc time, 0.05% compilation time)
10394.648390 seconds (5.65 G allocations: 14.156 TiB, 10.21% gc time, 0.10% compilation time)
10390.353026 seconds (5.65 G allocations: 14.158 TiB, 10.22% gc time, 0.05% compilation time)
10404.374745 seconds (5.66 G allocations: 14.175 TiB, 10.22% gc time, 0.05% compilation time)
10406.356007 seconds (5.66 G allocations: 14.178 TiB, 10.22% gc time, 0.05% compilation time)
10425.476988 seconds (5.67 G allocations: 14.202 TiB, 10.22% gc time, 0.05% compilation time)
10427.046529 seconds (5.67 G allocations: 14.205 TiB, 10.22% gc time, 0.05% compilation time)
10434.395993 seconds (5.67 G allocations: 14.214 TiB, 10.22% gc time, 0.05% compilation time)
10449.945068 seconds (5.68 G allocations: 14.235 TiB, 10.22% gc time, 0.05% compilation time)
10460.560514 seconds (5.69 G allocations: 14.248 TiB, 10.22% gc time, 0.05% compilation time)
10468.772867 seconds (5.69 G allocations: 14.260 TiB, 10.21% gc time, 0.05% compilation time)
10469.191133 seconds (5.69 G allocations: 14.260 TiB, 10.21% gc time, 0.05% compilation time)
10482.832431 seconds (5.70 G allocations: 14.278 TiB, 10.21% gc time, 0.05% compilation time)
10488.572694 seconds (5.70 G allocations: 14.285 TiB, 10.21% gc time, 0.05% compilation time)
10502.990448 seconds (5.71 G allocations: 14.304 TiB, 10.22% gc time, 0.05% compilation time)
10068.092888 seconds (5.55 G allocations: 13.901 TiB, 9.97% gc time, 0.01% compilation time)
[2023-01-16T04:24:24.809]Diagonalized H.
106.249996 seconds (36.64 M allocations: 84.502 GiB, 44.45% gc time, 3.45% compilation time)
[2023-01-16T04:26:01.664]Completed Shot 1, state 31
10203.416398 seconds (5.60 G allocations: 14.023 TiB, 10.37% gc time, 0.04% compilation time)
10254.813793 seconds (5.63 G allocations: 14.091 TiB, 10.36% gc time, 0.07% compilation time)
[2023-01-16T04:26:58.811]Diagonalized H.
[2023-01-16T04:26:58.905]Diagonalized H.
10225.323984 seconds (5.61 G allocations: 14.047 TiB, 10.37% gc time, 0.04% compilation time)
10180.248550 seconds (5.58 G allocations: 13.989 TiB, 10.37% gc time, 0.04% compilation time)
 42.766230 seconds (20.26 M allocations: 56.394 GiB, 8.46% gc time)
[2023-01-16T04:27:34.160]Completed Shot 1, state 16
10017.131613 seconds (5.50 G allocations: 13.777 TiB, 10.39% gc time, 0.04% compilation time)
10270.595849 seconds (5.63 G allocations: 14.112 TiB, 10.36% gc time, 0.04% compilation time)
 52.474251 seconds (26.83 M allocations: 73.524 GiB, 6.90% gc time)
[2023-01-16T04:27:39.262]Completed Shot 1, state 41
[2023-01-16T04:27:39.624]Diagonalized H.
[2023-01-16T04:27:44.234]Diagonalized H.
[2023-01-16T04:27:47.058]Diagonalized H.
[2023-01-16T04:27:49.442]Diagonalized H.
10141.401314 seconds (5.55 G allocations: 13.920 TiB, 10.38% gc time, 0.04% compilation time)
10140.334961 seconds (5.55 G allocations: 13.921 TiB, 10.37% gc time, 0.04% compilation time)
10226.570038 seconds (5.60 G allocations: 14.036 TiB, 10.36% gc time, 0.04% compilation time)
10274.935155 seconds (5.62 G allocations: 14.100 TiB, 10.35% gc time, 0.04% compilation time)
 55.017945 seconds (19.05 M allocations: 58.594 GiB, 6.08% gc time)
[2023-01-16T04:28:23.078]Completed Shot 1, state 15
 61.591204 seconds (22.89 M allocations: 68.688 GiB, 5.43% gc time)
[2023-01-16T04:28:25.717]Completed Shot 1, state 19
 48.078611 seconds (13.44 M allocations: 44.162 GiB, 6.96% gc time)
[2023-01-16T04:28:25.778]Completed Shot 1, state 4
10254.602734 seconds (5.61 G allocations: 14.072 TiB, 10.34% gc time, 0.04% compilation time)
 47.613436 seconds (13.12 M allocations: 43.319 GiB, 7.02% gc time)
[2023-01-16T04:28:26.631]Completed Shot 1, state 29
[2023-01-16T04:28:28.753]Diagonalized H.
[2023-01-16T04:28:28.764]Diagonalized H.
10252.147530 seconds (5.61 G allocations: 14.070 TiB, 10.34% gc time, 0.04% compilation time)
[2023-01-16T04:28:32.947]Diagonalized H.
[2023-01-16T04:28:35.110]Diagonalized H.
[2023-01-16T04:28:44.697]Diagonalized H.
[2023-01-16T04:28:47.946]Diagonalized H.
 58.773112 seconds (12.35 M allocations: 45.852 GiB)
[2023-01-16T04:29:09.688]Completed Shot 1, state 9
 57.645337 seconds (10.68 M allocations: 41.422 GiB)
[2023-01-16T04:29:11.773]Completed Shot 1, state 11
 69.981870 seconds (10.83 M allocations: 41.975 GiB, 9.29% gc time)
[2023-01-16T04:29:26.002]Completed Shot 1, state 6
 68.515803 seconds (10.02 M allocations: 39.707 GiB, 9.49% gc time)
[2023-01-16T04:29:28.012]Completed Shot 1, state 17
 68.828218 seconds (11.73 M allocations: 43.994 GiB, 9.45% gc time)
[2023-01-16T04:29:35.067]Completed Shot 1, state 36
 64.710659 seconds (9.96 M allocations: 36.064 GiB, 10.05% gc time)
[2023-01-16T04:29:35.317]Completed Shot 1, state 7
10325.565394 seconds (5.63 G allocations: 14.118 TiB, 10.33% gc time, 0.04% compilation time)
10258.282293 seconds (5.59 G allocations: 14.025 TiB, 10.34% gc time, 0.04% compilation time)
[2023-01-16T04:29:49.918]Diagonalized H.
10400.698998 seconds (5.66 G allocations: 14.215 TiB, 10.32% gc time, 0.04% compilation time)
10235.069136 seconds (5.58 G allocations: 13.995 TiB, 10.33% gc time, 0.04% compilation time)
10270.996841 seconds (5.59 G allocations: 14.043 TiB, 10.33% gc time, 0.04% compilation time)
[2023-01-16T04:29:56.872]Diagonalized H.
[2023-01-16T04:30:02.082]Diagonalized H.
[2023-01-16T04:30:05.098]Diagonalized H.
[2023-01-16T04:30:05.719]Diagonalized H.
10278.359007 seconds (5.59 G allocations: 14.036 TiB, 10.34% gc time, 0.04% compilation time)
 42.324532 seconds (9.11 M allocations: 34.394 GiB, 9.09% gc time)
[2023-01-16T04:30:24.608]Completed Shot 1, state 5
 42.685562 seconds (8.75 M allocations: 34.006 GiB, 9.01% gc time)
[2023-01-16T04:30:31.496]Completed Shot 1, state 37
10368.891663 seconds (5.63 G allocations: 14.149 TiB, 10.31% gc time, 0.04% compilation time)
 44.934265 seconds (9.96 M allocations: 35.669 GiB, 8.56% gc time)
[2023-01-16T04:30:37.910]Completed Shot 1, state 14
10290.401959 seconds (5.59 G allocations: 14.042 TiB, 10.33% gc time, 0.04% compilation time)
 49.595448 seconds (11.82 M allocations: 42.154 GiB, 7.76% gc time)
[2023-01-16T04:30:40.173]Completed Shot 1, state 42
10256.903201 seconds (5.57 G allocations: 14.000 TiB, 10.33% gc time, 0.04% compilation time)
10392.046260 seconds (5.65 G allocations: 14.182 TiB, 10.30% gc time, 0.04% compilation time)
[2023-01-16T04:30:42.024]Diagonalized H.
10225.702510 seconds (5.56 G allocations: 13.961 TiB, 10.33% gc time, 0.04% compilation time)
 50.074458 seconds (12.72 M allocations: 44.721 GiB, 7.68% gc time)
[2023-01-16T04:30:44.095]Completed Shot 1, state 20
[2023-01-16T04:30:47.001]Diagonalized H.
[2023-01-16T04:30:50.696]Diagonalized H.
[2023-01-16T04:30:56.882]Diagonalized H.
[2023-01-16T04:30:56.902]Diagonalized H.
[2023-01-16T04:30:56.905]Diagonalized H.
 60.236542 seconds (15.22 M allocations: 54.300 GiB, 4.51% gc time)
[2023-01-16T04:31:18.678]Completed Shot 1, state 23
10373.980703 seconds (5.62 G allocations: 14.133 TiB, 10.30% gc time, 0.04% compilation time)
 45.328264 seconds (9.71 M allocations: 38.772 GiB, 5.99% gc time)
[2023-01-16T04:31:22.740]Completed Shot 1, state 1
 45.029933 seconds (8.78 M allocations: 36.233 GiB, 6.03% gc time)
[2023-01-16T04:31:26.095]Completed Shot 1, state 24
10339.806502 seconds (5.60 G allocations: 14.083 TiB, 10.31% gc time, 0.04% compilation time)
10334.935931 seconds (5.60 G allocations: 14.079 TiB, 10.30% gc time, 0.04% compilation time)
 54.259595 seconds (12.19 M allocations: 45.676 GiB, 5.00% gc time)
[2023-01-16T04:31:34.995]Completed Shot 1, state 45
10292.613723 seconds (5.58 G allocations: 14.019 TiB, 10.30% gc time, 0.04% compilation time)
 55.565848 seconds (12.81 M allocations: 47.459 GiB, 4.88% gc time)
[2023-01-16T04:31:35.265]Completed Shot 1, state 13
10275.646893 seconds (5.57 G allocations: 13.998 TiB, 10.31% gc time, 0.04% compilation time)
 51.702650 seconds (10.84 M allocations: 40.522 GiB, 5.25% gc time)
[2023-01-16T04:31:35.310]Completed Shot 1, state 44
[2023-01-16T04:31:35.952]Diagonalized H.
[2023-01-16T04:31:38.698]Diagonalized H.
[2023-01-16T04:31:38.732]Diagonalized H.
[2023-01-16T04:31:42.483]Diagonalized H.
[2023-01-16T04:31:54.960]Diagonalized H.
10233.768146 seconds (5.54 G allocations: 13.932 TiB, 10.29% gc time, 0.04% compilation time)
10360.097459 seconds (5.60 G allocations: 14.087 TiB, 10.26% gc time, 0.04% compilation time)
[2023-01-16T04:32:13.878]Diagonalized H.
 52.391908 seconds (9.68 M allocations: 37.542 GiB)
[2023-01-16T04:32:14.918]Completed Shot 1, state 27
10338.495745 seconds (5.58 G allocations: 14.050 TiB, 10.26% gc time, 0.04% compilation time)
[2023-01-16T04:32:20.210]Diagonalized H.
 55.200038 seconds (9.74 M allocations: 40.172 GiB)
[2023-01-16T04:32:22.057]Completed Shot 1, state 25
 46.865379 seconds (6.56 M allocations: 31.497 GiB)
[2023-01-16T04:32:22.123]Completed Shot 1, state 8
 55.514702 seconds (9.74 M allocations: 40.756 GiB)
[2023-01-16T04:32:22.526]Completed Shot 1, state 22
 52.514293 seconds (7.42 M allocations: 34.711 GiB)
[2023-01-16T04:32:27.812]Completed Shot 1, state 26
[2023-01-16T04:32:36.997]Diagonalized H.
10315.610304 seconds (5.56 G allocations: 14.004 TiB, 10.26% gc time, 0.04% compilation time)
10376.742830 seconds (5.59 G allocations: 14.082 TiB, 10.26% gc time, 0.04% compilation time)
10290.896365 seconds (5.55 G allocations: 13.971 TiB, 10.26% gc time, 0.04% compilation time)
10390.308190 seconds (5.60 G allocations: 14.097 TiB, 10.26% gc time, 0.04% compilation time)
 41.236861 seconds (6.63 M allocations: 25.200 GiB, 7.11% gc time)
[2023-01-16T04:32:49.815]Completed Shot 1, state 30
[2023-01-16T04:32:52.833]Diagonalized H.
[2023-01-16T04:32:53.061]Diagonalized H.
 57.523337 seconds (8.64 M allocations: 33.532 GiB, 5.09% gc time)
[2023-01-16T04:32:53.769]Completed Shot 1, state 12
10551.786368 seconds (5.68 G allocations: 14.310 TiB, 10.23% gc time, 0.04% compilation time)
 46.277982 seconds (8.28 M allocations: 31.460 GiB, 6.33% gc time)
[2023-01-16T04:33:05.623]Completed Shot 1, state 48
[2023-01-16T04:33:07.541]Diagonalized H.
[2023-01-16T04:33:07.754]Diagonalized H.
10465.632918 seconds (5.63 G allocations: 14.186 TiB, 10.23% gc time, 0.04% compilation time)
 30.251103 seconds (6.09 M allocations: 24.939 GiB)
[2023-01-16T04:33:14.793]Completed Shot 1, state 47
[2023-01-16T04:33:15.246]Diagonalized H.
 33.074992 seconds (6.59 M allocations: 26.800 GiB)
[2023-01-16T04:33:16.377]Completed Shot 1, state 35
10447.581585 seconds (5.62 G allocations: 14.155 TiB, 10.22% gc time, 0.04% compilation time)
10508.058796 seconds (5.65 G allocations: 14.232 TiB, 10.21% gc time, 0.04% compilation time)
[2023-01-16T04:33:35.995]Diagonalized H.
[2023-01-16T04:33:36.001]Diagonalized H.
[2023-01-16T04:33:36.021]Diagonalized H.
10425.608715 seconds (5.60 G allocations: 14.113 TiB, 10.22% gc time, 0.04% compilation time)
 56.177491 seconds (8.79 M allocations: 40.110 GiB, 3.72% gc time)
[2023-01-16T04:33:40.928]Completed Shot 1, state 38
 58.635001 seconds (9.02 M allocations: 40.958 GiB, 3.57% gc time)
[2023-01-16T04:33:46.044]Completed Shot 1, state 49
 54.934020 seconds (7.57 M allocations: 34.145 GiB, 3.81% gc time)
[2023-01-16T04:33:51.375]Completed Shot 1, state 2
10393.239502 seconds (5.58 G allocations: 14.061 TiB, 10.22% gc time, 0.04% compilation time)
[2023-01-16T04:33:58.106]Diagonalized H.
[2023-01-16T04:34:02.697]Diagonalized H.
 49.792235 seconds (6.00 M allocations: 28.423 GiB, 4.20% gc time)
[2023-01-16T04:34:02.739]Completed Shot 1, state 39
10381.100887 seconds (5.57 G allocations: 14.036 TiB, 10.21% gc time, 0.04% compilation time)
 38.692263 seconds (4.31 M allocations: 22.759 GiB, 5.40% gc time)
[2023-01-16T04:34:05.066]Completed Shot 1, state 28
 41.518955 seconds (4.68 M allocations: 24.106 GiB, 5.04% gc time)
[2023-01-16T04:34:05.102]Completed Shot 1, state 50
10470.096945 seconds (5.61 G allocations: 14.150 TiB, 10.20% gc time, 0.04% compilation time)
[2023-01-16T04:34:14.183]Diagonalized H.
[2023-01-16T04:34:22.474]Diagonalized H.
10370.864475 seconds (5.55 G allocations: 14.001 TiB, 10.21% gc time, 0.04% compilation time)
10354.319560 seconds (5.54 G allocations: 13.977 TiB, 10.20% gc time, 0.04% compilation time)
10394.986471 seconds (5.56 G allocations: 14.022 TiB, 10.20% gc time, 0.04% compilation time)
[2023-01-16T04:34:40.429]Diagonalized H.
[2023-01-16T04:34:40.782]Diagonalized H.
 62.088649 seconds (5.48 M allocations: 29.562 GiB, 2.82% gc time)
[2023-01-16T04:34:42.510]Completed Shot 1, state 18
 51.014500 seconds (3.91 M allocations: 24.046 GiB, 3.43% gc time)
[2023-01-16T04:34:43.020]Completed Shot 1, state 21
 41.777285 seconds (2.31 M allocations: 17.160 GiB, 4.19% gc time)
[2023-01-16T04:34:46.343]Completed Shot 1, state 33
[2023-01-16T04:34:48.238]Diagonalized H.
 51.800140 seconds (2.47 M allocations: 18.768 GiB, 3.38% gc time)
[2023-01-16T04:34:59.351]Completed Shot 1, state 32
10407.187012 seconds (5.55 G allocations: 14.009 TiB, 10.16% gc time, 0.04% compilation time)
 38.937054 seconds (1.81 M allocations: 13.238 GiB)
[2023-01-16T04:35:09.299]Completed Shot 1, state 40
 42.386630 seconds (2.02 M allocations: 14.233 GiB)
[2023-01-16T04:35:09.378]Completed Shot 1, state 46
 32.230752 seconds (1.41 M allocations: 11.381 GiB)
[2023-01-16T04:35:09.518]Completed Shot 1, state 10
10529.121390 seconds (5.61 G allocations: 14.166 TiB, 10.15% gc time, 0.04% compilation time)
[2023-01-16T04:35:17.430]Diagonalized H.
[2023-01-16T04:35:17.444]Diagonalized H.
10516.664982 seconds (5.60 G allocations: 14.140 TiB, 10.16% gc time, 0.04% compilation time)
[2023-01-16T04:35:31.419]Diagonalized H.
 25.965356 seconds (373.48 k allocations: 7.622 GiB, 4.61% gc time)
[2023-01-16T04:35:36.560]Completed Shot 1, state 3
 28.020286 seconds (508.82 k allocations: 8.167 GiB, 4.27% gc time)
[2023-01-16T04:35:37.022]Completed Shot 1, state 34
 22.044126 seconds (161.82 k allocations: 4.181 GiB)
[2023-01-16T04:35:42.591]Completed Shot 1, state 43
9553.131352 seconds (5.53 G allocations: 13.854 TiB, 9.84% gc time)
9569.435861 seconds (5.54 G allocations: 13.878 TiB, 9.84% gc time)
9572.183384 seconds (5.54 G allocations: 13.883 TiB, 9.84% gc time)
9578.517350 seconds (5.54 G allocations: 13.890 TiB, 9.84% gc time)
9597.032997 seconds (5.55 G allocations: 13.917 TiB, 9.84% gc time)
9600.407577 seconds (5.55 G allocations: 13.922 TiB, 9.84% gc time)
9604.638723 seconds (5.56 G allocations: 13.927 TiB, 9.84% gc time)
9607.697993 seconds (5.56 G allocations: 13.932 TiB, 9.84% gc time)
9626.838893 seconds (5.57 G allocations: 13.960 TiB, 9.83% gc time)
9641.559016 seconds (5.58 G allocations: 13.982 TiB, 9.83% gc time)
9667.704607 seconds (5.59 G allocations: 14.020 TiB, 9.84% gc time)
9668.991749 seconds (5.59 G allocations: 14.022 TiB, 9.83% gc time)
9670.438153 seconds (5.59 G allocations: 14.025 TiB, 9.83% gc time)
9671.432606 seconds (5.59 G allocations: 14.026 TiB, 9.83% gc time)
9677.202009 seconds (5.60 G allocations: 14.033 TiB, 9.84% gc time)
9683.643060 seconds (5.60 G allocations: 14.043 TiB, 9.83% gc time)
9686.823720 seconds (5.60 G allocations: 14.047 TiB, 9.84% gc time)
9691.796856 seconds (5.61 G allocations: 14.054 TiB, 9.84% gc time)
9694.248073 seconds (5.61 G allocations: 14.058 TiB, 9.83% gc time)
9701.848729 seconds (5.61 G allocations: 14.068 TiB, 9.83% gc time)
9703.536632 seconds (5.61 G allocations: 14.071 TiB, 9.83% gc time)
9705.265983 seconds (5.61 G allocations: 14.073 TiB, 9.83% gc time)
9722.518266 seconds (5.62 G allocations: 14.098 TiB, 9.83% gc time)
9728.624458 seconds (5.63 G allocations: 14.105 TiB, 9.83% gc time)
9732.964543 seconds (5.63 G allocations: 14.112 TiB, 9.83% gc time)
9739.132556 seconds (5.63 G allocations: 14.122 TiB, 9.82% gc time)
9739.321497 seconds (5.63 G allocations: 14.122 TiB, 9.82% gc time)
9743.816916 seconds (5.63 G allocations: 14.127 TiB, 9.83% gc time)
9745.844455 seconds (5.64 G allocations: 14.130 TiB, 9.83% gc time)
9746.120992 seconds (5.64 G allocations: 14.130 TiB, 9.83% gc time)
9756.845788 seconds (5.64 G allocations: 14.145 TiB, 9.83% gc time)
9760.716271 seconds (5.64 G allocations: 14.151 TiB, 9.83% gc time)
9763.011006 seconds (5.65 G allocations: 14.155 TiB, 9.82% gc time)
9764.513613 seconds (5.65 G allocations: 14.157 TiB, 9.82% gc time)
9765.739339 seconds (5.65 G allocations: 14.159 TiB, 9.82% gc time)
9767.582509 seconds (5.65 G allocations: 14.162 TiB, 9.82% gc time)
9768.889049 seconds (5.65 G allocations: 14.164 TiB, 9.82% gc time)
9781.266449 seconds (5.66 G allocations: 14.181 TiB, 9.82% gc time)
9788.116353 seconds (5.66 G allocations: 14.189 TiB, 9.82% gc time)
9792.717168 seconds (5.66 G allocations: 14.196 TiB, 9.82% gc time)
9794.653694 seconds (5.66 G allocations: 14.199 TiB, 9.82% gc time)
9800.708083 seconds (5.67 G allocations: 14.207 TiB, 9.82% gc time)
9807.499612 seconds (5.67 G allocations: 14.217 TiB, 9.81% gc time)
9808.567538 seconds (5.67 G allocations: 14.219 TiB, 9.81% gc time)
9814.420329 seconds (5.67 G allocations: 14.226 TiB, 9.82% gc time)
9815.580769 seconds (5.67 G allocations: 14.228 TiB, 9.82% gc time)
9823.993188 seconds (5.68 G allocations: 14.241 TiB, 9.81% gc time)
9831.205235 seconds (5.68 G allocations: 14.250 TiB, 9.82% gc time)
9880.026335 seconds (5.71 G allocations: 14.322 TiB, 9.80% gc time)
9906.233681 seconds (5.73 G allocations: 14.358 TiB, 9.80% gc time)
9600.884949 seconds (5.56 G allocations: 13.938 TiB, 9.95% gc time)
[2023-01-16T09:56:01.332]Diagonalized H.
9657.448916 seconds (5.59 G allocations: 14.008 TiB, 9.94% gc time)
[2023-01-16T09:56:27.321]Diagonalized H.
 78.788336 seconds (30.74 M allocations: 83.015 GiB, 6.74% gc time)
[2023-01-16T09:57:09.965]Completed Shot 2, state 16
9657.838585 seconds (5.57 G allocations: 13.984 TiB, 9.95% gc time)
9634.142938 seconds (5.56 G allocations: 13.949 TiB, 9.94% gc time)
 69.934453 seconds (30.10 M allocations: 79.515 GiB, 8.45% gc time)
[2023-01-16T09:57:28.496]Completed Shot 2, state 5
[2023-01-16T09:57:41.614]Diagonalized H.
[2023-01-16T09:57:41.614]Diagonalized H.
9765.539607 seconds (5.63 G allocations: 14.123 TiB, 9.95% gc time)
9743.922628 seconds (5.62 G allocations: 14.091 TiB, 9.93% gc time)
9679.860232 seconds (5.58 G allocations: 13.996 TiB, 9.95% gc time)
[2023-01-16T09:58:22.829]Diagonalized H.
[2023-01-16T09:58:22.830]Diagonalized H.
[2023-01-16T09:58:22.837]Diagonalized H.
9569.007021 seconds (5.51 G allocations: 13.833 TiB, 9.98% gc time)
 74.388882 seconds (26.40 M allocations: 78.210 GiB, 9.85% gc time)
[2023-01-16T09:58:36.381]Completed Shot 2, state 38
[2023-01-16T09:58:45.507]Diagonalized H.
9586.657383 seconds (5.51 G allocations: 13.843 TiB, 9.97% gc time)
 58.275728 seconds (19.59 M allocations: 59.693 GiB, 7.83% gc time)
[2023-01-16T09:58:58.594]Completed Shot 2, state 22
9796.372340 seconds (5.63 G allocations: 14.142 TiB, 9.94% gc time)
 96.036607 seconds (32.75 M allocations: 97.585 GiB, 9.53% gc time)
[2023-01-16T09:59:04.207]Completed Shot 2, state 26
9849.807073 seconds (5.66 G allocations: 14.218 TiB, 9.93% gc time)
 55.695480 seconds (18.30 M allocations: 56.417 GiB, 8.20% gc time)
[2023-01-16T09:59:06.851]Completed Shot 2, state 3
9705.287454 seconds (5.58 G allocations: 14.008 TiB, 9.93% gc time)
 59.624664 seconds (19.93 M allocations: 60.727 GiB, 7.65% gc time)
[2023-01-16T09:59:12.517]Completed Shot 2, state 10
9783.757383 seconds (5.62 G allocations: 14.121 TiB, 9.93% gc time)
[2023-01-16T09:59:14.741]Diagonalized H.
[2023-01-16T09:59:15.376]Diagonalized H.
[2023-01-16T09:59:23.833]Diagonalized H.
[2023-01-16T09:59:23.847]Diagonalized H.
[2023-01-16T09:59:23.884]Diagonalized H.
 61.274055 seconds (19.93 M allocations: 65.339 GiB, 8.63% gc time)
[2023-01-16T09:59:27.529]Completed Shot 2, state 29
9699.823576 seconds (5.56 G allocations: 13.981 TiB, 9.95% gc time)
9878.314705 seconds (5.67 G allocations: 14.235 TiB, 9.92% gc time)
 37.635369 seconds (8.52 M allocations: 33.567 GiB, 9.19% gc time)
[2023-01-16T09:59:50.827]Completed Shot 2, state 9
 39.839145 seconds (9.57 M allocations: 36.442 GiB, 8.68% gc time)
[2023-01-16T09:59:51.257]Completed Shot 2, state 11
 48.073894 seconds (13.61 M allocations: 47.119 GiB, 7.19% gc time)
[2023-01-16T09:59:53.607]Completed Shot 2, state 41
[2023-01-16T09:59:55.094]Diagonalized H.
 56.723964 seconds (17.69 M allocations: 58.064 GiB, 6.10% gc time)
[2023-01-16T09:59:56.098]Completed Shot 2, state 27
9711.883055 seconds (5.57 G allocations: 13.998 TiB, 9.92% gc time)
 60.897680 seconds (19.68 M allocations: 64.883 GiB, 5.68% gc time)
[2023-01-16T09:59:58.730]Completed Shot 2, state 12
[2023-01-16T10:00:04.759]Diagonalized H.
[2023-01-16T10:00:14.009]Diagonalized H.
9713.370367 seconds (5.56 G allocations: 13.986 TiB, 9.94% gc time)
 45.362497 seconds (16.66 M allocations: 50.107 GiB, 7.18% gc time)
[2023-01-16T10:00:26.914]Completed Shot 2, state 37
9807.132422 seconds (5.61 G allocations: 14.116 TiB, 9.92% gc time)
 46.521105 seconds (17.28 M allocations: 51.341 GiB, 7.00% gc time)
[2023-01-16T10:00:36.874]Completed Shot 2, state 39
9826.665569 seconds (5.63 G allocations: 14.143 TiB, 9.91% gc time)
[2023-01-16T10:00:41.907]Diagonalized H.
[2023-01-16T10:00:52.785]Diagonalized H.
[2023-01-16T10:00:52.812]Diagonalized H.
9842.857968 seconds (5.63 G allocations: 14.156 TiB, 9.94% gc time)
 55.121708 seconds (17.39 M allocations: 52.286 GiB, 14.43% gc time)
[2023-01-16T10:00:53.417]Completed Shot 2, state 47
9750.207136 seconds (5.58 G allocations: 14.025 TiB, 9.95% gc time)
9812.209170 seconds (5.61 G allocations: 14.113 TiB, 9.94% gc time)
9923.210965 seconds (5.67 G allocations: 14.272 TiB, 9.93% gc time)
9792.107686 seconds (5.60 G allocations: 14.084 TiB, 9.94% gc time)
9847.831245 seconds (5.63 G allocations: 14.159 TiB, 9.93% gc time)
9834.877417 seconds (5.62 G allocations: 14.140 TiB, 9.93% gc time)
9788.240250 seconds (5.59 G allocations: 14.069 TiB, 9.93% gc time)
[2023-01-16T10:01:17.448]Diagonalized H.
9767.581112 seconds (5.58 G allocations: 14.038 TiB, 9.94% gc time)
9796.599906 seconds (5.60 G allocations: 14.079 TiB, 9.93% gc time)
9803.267351 seconds (5.60 G allocations: 14.090 TiB, 9.92% gc time)
[2023-01-16T10:01:21.308]Diagonalized H.
 61.026066 seconds (20.37 M allocations: 63.564 GiB, 7.70% gc time)
[2023-01-16T10:01:21.505]Completed Shot 2, state 28
[2023-01-16T10:01:22.077]Diagonalized H.
[2023-01-16T10:01:23.972]Diagonalized H.
 50.653638 seconds (15.24 M allocations: 52.451 GiB, 9.27% gc time)
[2023-01-16T10:01:24.025]Completed Shot 2, state 32
[2023-01-16T10:01:24.321]Diagonalized H.
 47.152706 seconds (13.42 M allocations: 48.197 GiB, 9.96% gc time)
[2023-01-16T10:01:25.405]Completed Shot 2, state 43
9711.965888 seconds (5.55 G allocations: 13.962 TiB, 9.93% gc time)
9737.161576 seconds (5.56 G allocations: 13.997 TiB, 9.93% gc time)
[2023-01-16T10:01:29.210]Diagonalized H.
[2023-01-16T10:01:32.250]Diagonalized H.
[2023-01-16T10:01:34.639]Diagonalized H.
[2023-01-16T10:01:40.929]Diagonalized H.
[2023-01-16T10:01:44.605]Diagonalized H.
[2023-01-16T10:01:51.798]Diagonalized H.
[2023-01-16T10:01:51.990]Diagonalized H.
 60.327148 seconds (10.62 M allocations: 53.036 GiB)
[2023-01-16T10:01:53.845]Completed Shot 2, state 13
 61.397675 seconds (10.81 M allocations: 53.961 GiB)
[2023-01-16T10:01:54.559]Completed Shot 2, state 21
[2023-01-16T10:01:57.803]Diagonalized H.
 57.976168 seconds (7.07 M allocations: 44.564 GiB)
[2023-01-16T10:02:00.814]Completed Shot 2, state 18
 58.069119 seconds (5.98 M allocations: 43.219 GiB)
[2023-01-16T10:02:05.709]Completed Shot 2, state 48
 73.629220 seconds (9.45 M allocations: 56.155 GiB)
[2023-01-16T10:02:10.281]Completed Shot 2, state 40
 62.771059 seconds (5.65 M allocations: 44.236 GiB)
[2023-01-16T10:02:12.039]Completed Shot 2, state 7
 74.149194 seconds (7.49 M allocations: 50.513 GiB)
[2023-01-16T10:02:17.476]Completed Shot 2, state 4
 63.948693 seconds (4.01 M allocations: 39.933 GiB)
[2023-01-16T10:02:22.775]Completed Shot 2, state 33
9784.634897 seconds (5.56 G allocations: 14.013 TiB, 9.87% gc time)
9905.978061 seconds (5.63 G allocations: 14.183 TiB, 9.86% gc time)
 70.458025 seconds (5.24 M allocations: 44.506 GiB)
[2023-01-16T10:02:27.414]Completed Shot 2, state 17
 69.585342 seconds (4.89 M allocations: 43.076 GiB)
[2023-01-16T10:02:28.101]Completed Shot 2, state 25
[2023-01-16T10:02:37.569]Diagonalized H.
[2023-01-16T10:02:37.599]Diagonalized H.
 79.938168 seconds (5.35 M allocations: 44.810 GiB, 5.07% gc time)
[2023-01-16T10:02:37.700]Completed Shot 2, state 30
 74.620495 seconds (3.91 M allocations: 36.778 GiB, 5.43% gc time)
[2023-01-16T10:02:41.877]Completed Shot 2, state 20
 79.484912 seconds (5.02 M allocations: 41.650 GiB, 5.10% gc time)
[2023-01-16T10:02:45.250]Completed Shot 2, state 31
9808.531293 seconds (5.56 G allocations: 14.027 TiB, 9.89% gc time)
9905.587477 seconds (5.62 G allocations: 14.160 TiB, 9.88% gc time)
9864.572470 seconds (5.59 G allocations: 14.100 TiB, 9.88% gc time)
 33.322241 seconds (6.37 M allocations: 22.250 GiB, 12.16% gc time)
[2023-01-16T10:02:56.132]Completed Shot 2, state 8
[2023-01-16T10:02:57.375]Diagonalized H.
 35.245805 seconds (7.03 M allocations: 24.144 GiB, 11.50% gc time)
[2023-01-16T10:02:58.066]Completed Shot 2, state 24
[2023-01-16T10:02:58.939]Diagonalized H.
[2023-01-16T10:03:02.706]Diagonalized H.
9886.923251 seconds (5.60 G allocations: 14.128 TiB, 9.88% gc time)
9886.879037 seconds (5.60 G allocations: 14.117 TiB, 9.88% gc time)
9951.062566 seconds (5.63 G allocations: 14.209 TiB, 9.87% gc time)
 33.635074 seconds (8.43 M allocations: 29.987 GiB, 7.73% gc time)
[2023-01-16T10:03:19.182]Completed Shot 2, state 44
9856.939025 seconds (5.58 G allocations: 14.076 TiB, 9.88% gc time)
 32.023557 seconds (7.72 M allocations: 27.756 GiB, 8.12% gc time)
[2023-01-16T10:03:22.723]Completed Shot 2, state 6
 30.600040 seconds (7.38 M allocations: 26.573 GiB, 8.50% gc time)
[2023-01-16T10:03:23.506]Completed Shot 2, state 42
[2023-01-16T10:03:23.809]Diagonalized H.
9915.791147 seconds (5.61 G allocations: 14.156 TiB, 9.87% gc time)
[2023-01-16T10:03:31.404]Diagonalized H.
[2023-01-16T10:03:31.423]Diagonalized H.
[2023-01-16T10:03:31.480]Diagonalized H.
[2023-01-16T10:03:31.496]Diagonalized H.
9892.014257 seconds (5.59 G allocations: 14.116 TiB, 9.88% gc time)
9996.589090 seconds (5.65 G allocations: 14.254 TiB, 9.84% gc time)
[2023-01-16T10:03:57.842]Diagonalized H.
9907.678957 seconds (5.59 G allocations: 14.116 TiB, 9.85% gc time)
 53.667760 seconds (7.27 M allocations: 34.262 GiB, 2.09% gc time)
[2023-01-16T10:04:00.031]Completed Shot 2, state 49
[2023-01-16T10:04:02.675]Diagonalized H.
 46.521506 seconds (4.69 M allocations: 27.812 GiB, 2.41% gc time)
[2023-01-16T10:04:06.763]Completed Shot 2, state 45
9880.199317 seconds (5.57 G allocations: 14.069 TiB, 9.85% gc time)
 43.764473 seconds (3.61 M allocations: 24.882 GiB, 2.56% gc time)
[2023-01-16T10:04:07.994]Completed Shot 2, state 19
[2023-01-16T10:04:08.787]Diagonalized H.
 51.553793 seconds (5.27 M allocations: 30.342 GiB, 2.17% gc time)
[2023-01-16T10:04:09.917]Completed Shot 2, state 34
[2023-01-16T10:04:16.749]Diagonalized H.
 61.138665 seconds (5.45 M allocations: 34.066 GiB, 3.75% gc time)
[2023-01-16T10:04:20.061]Completed Shot 2, state 50
9960.099297 seconds (5.61 G allocations: 14.162 TiB, 9.83% gc time)
 53.105292 seconds (3.57 M allocations: 21.572 GiB, 2.21% gc time)
[2023-01-16T10:04:28.980]Completed Shot 2, state 15
[2023-01-16T10:04:39.769]Diagonalized H.
 54.110179 seconds (3.25 M allocations: 19.898 GiB, 2.59% gc time)
[2023-01-16T10:04:40.117]Completed Shot 2, state 1
 41.855287 seconds (2.26 M allocations: 15.688 GiB, 3.34% gc time)
[2023-01-16T10:04:40.245]Completed Shot 2, state 14
 41.755467 seconds (2.10 M allocations: 13.270 GiB, 3.35% gc time)
[2023-01-16T10:04:48.543]Completed Shot 2, state 36
9954.468437 seconds (5.59 G allocations: 14.127 TiB, 9.82% gc time)
[2023-01-16T10:04:56.329]Diagonalized H.
 33.368237 seconds (2.01 M allocations: 10.455 GiB, 0.68% gc time)
[2023-01-16T10:04:59.072]Completed Shot 2, state 2
9860.824773 seconds (5.53 G allocations: 13.971 TiB, 9.82% gc time)
 24.318434 seconds (1.34 M allocations: 6.314 GiB, 1.13% gc time)
[2023-01-16T10:05:14.098]Completed Shot 2, state 35
[2023-01-16T10:05:15.441]Diagonalized H.
 22.812031 seconds (988.28 k allocations: 5.123 GiB, 0.44% gc time)
[2023-01-16T10:05:32.464]Completed Shot 2, state 23
9919.647856 seconds (5.54 G allocations: 14.013 TiB, 9.78% gc time)
[2023-01-16T10:05:47.945]Diagonalized H.
 22.673614 seconds (57.87 k allocations: 2.596 GiB)
[2023-01-16T10:06:04.942]Completed Shot 2, state 46
8743.327014 seconds (5.52 G allocations: 13.851 TiB, 11.94% gc time)
8746.073575 seconds (5.52 G allocations: 13.852 TiB, 11.96% gc time)
8757.194496 seconds (5.53 G allocations: 13.874 TiB, 11.94% gc time)
8776.846783 seconds (5.54 G allocations: 13.910 TiB, 11.94% gc time)
8776.977666 seconds (5.54 G allocations: 13.910 TiB, 11.94% gc time)
8777.286763 seconds (5.54 G allocations: 13.911 TiB, 11.94% gc time)
8782.011766 seconds (5.55 G allocations: 13.916 TiB, 11.95% gc time)
8786.312856 seconds (5.55 G allocations: 13.924 TiB, 11.95% gc time)
8791.866893 seconds (5.55 G allocations: 13.935 TiB, 11.94% gc time)
8799.273724 seconds (5.56 G allocations: 13.946 TiB, 11.96% gc time)
8802.499120 seconds (5.56 G allocations: 13.952 TiB, 11.95% gc time)
8803.635232 seconds (5.56 G allocations: 13.954 TiB, 11.95% gc time)
8804.514944 seconds (5.56 G allocations: 13.956 TiB, 11.95% gc time)
8805.325271 seconds (5.56 G allocations: 13.958 TiB, 11.95% gc time)
8807.905524 seconds (5.57 G allocations: 13.963 TiB, 11.94% gc time)
8808.426133 seconds (5.57 G allocations: 13.964 TiB, 11.94% gc time)
8809.631023 seconds (5.57 G allocations: 13.967 TiB, 11.94% gc time)
8816.380254 seconds (5.57 G allocations: 13.977 TiB, 11.95% gc time)
8818.700416 seconds (5.57 G allocations: 13.981 TiB, 11.95% gc time)
8818.749769 seconds (5.57 G allocations: 13.981 TiB, 11.95% gc time)
8822.940469 seconds (5.58 G allocations: 13.989 TiB, 11.94% gc time)
8823.912886 seconds (5.58 G allocations: 13.991 TiB, 11.94% gc time)
8823.937246 seconds (5.58 G allocations: 13.991 TiB, 11.94% gc time)
8825.108552 seconds (5.58 G allocations: 13.993 TiB, 11.94% gc time)
8826.922304 seconds (5.58 G allocations: 13.997 TiB, 11.94% gc time)
8828.316842 seconds (5.58 G allocations: 14.000 TiB, 11.94% gc time)
8829.082677 seconds (5.58 G allocations: 14.001 TiB, 11.94% gc time)
8830.620836 seconds (5.58 G allocations: 14.004 TiB, 11.93% gc time)
8837.800496 seconds (5.59 G allocations: 14.014 TiB, 11.95% gc time)
8838.350123 seconds (5.59 G allocations: 14.015 TiB, 11.95% gc time)
8841.930917 seconds (5.59 G allocations: 14.022 TiB, 11.94% gc time)
8842.451747 seconds (5.59 G allocations: 14.023 TiB, 11.94% gc time)
8848.798897 seconds (5.59 G allocations: 14.035 TiB, 11.93% gc time)
8854.430658 seconds (5.60 G allocations: 14.042 TiB, 11.95% gc time)
8854.963009 seconds (5.60 G allocations: 14.043 TiB, 11.95% gc time)
8855.746824 seconds (5.60 G allocations: 14.045 TiB, 11.95% gc time)
8857.698365 seconds (5.60 G allocations: 14.049 TiB, 11.94% gc time)
8860.387299 seconds (5.60 G allocations: 14.054 TiB, 11.94% gc time)
8862.937858 seconds (5.60 G allocations: 14.059 TiB, 11.94% gc time)
8870.562392 seconds (5.61 G allocations: 14.069 TiB, 11.95% gc time)
8872.491069 seconds (5.61 G allocations: 14.073 TiB, 11.95% gc time)
8874.730042 seconds (5.61 G allocations: 14.077 TiB, 11.94% gc time)
8875.297746 seconds (5.61 G allocations: 14.078 TiB, 11.94% gc time)
8883.967564 seconds (5.62 G allocations: 14.095 TiB, 11.93% gc time)
8888.916815 seconds (5.62 G allocations: 14.101 TiB, 11.95% gc time)
8897.078872 seconds (5.63 G allocations: 14.116 TiB, 11.94% gc time)
8901.805352 seconds (5.63 G allocations: 14.126 TiB, 11.93% gc time)
8919.168065 seconds (5.64 G allocations: 14.156 TiB, 11.93% gc time)
8927.379006 seconds (5.65 G allocations: 14.168 TiB, 11.94% gc time)
8945.533074 seconds (5.66 G allocations: 14.198 TiB, 11.94% gc time)
9044.656748 seconds (5.54 G allocations: 13.898 TiB, 10.55% gc time)
8991.306142 seconds (5.50 G allocations: 13.804 TiB, 10.55% gc time)
[2023-01-16T15:02:52.044]Diagonalized H.
[2023-01-16T15:02:52.079]Diagonalized H.
9054.778266 seconds (5.53 G allocations: 13.890 TiB, 10.55% gc time)
9091.681168 seconds (5.56 G allocations: 13.954 TiB, 10.56% gc time)
 59.462363 seconds (30.70 M allocations: 83.136 GiB, 9.06% gc time)
[2023-01-16T15:03:35.139]Completed Shot 3, state 36
 56.423712 seconds (28.38 M allocations: 77.088 GiB, 9.55% gc time)
[2023-01-16T15:03:35.175]Completed Shot 3, state 10
[2023-01-16T15:03:45.172]Diagonalized H.
[2023-01-16T15:03:45.210]Diagonalized H.
9054.725473 seconds (5.52 G allocations: 13.874 TiB, 10.54% gc time)
9061.130625 seconds (5.53 G allocations: 13.885 TiB, 10.54% gc time)
 40.647779 seconds (19.32 M allocations: 54.242 GiB, 7.41% gc time)
[2023-01-16T15:04:12.249]Completed Shot 3, state 7
 38.846949 seconds (18.14 M allocations: 51.091 GiB, 7.75% gc time)
[2023-01-16T15:04:12.668]Completed Shot 3, state 35
[2023-01-16T15:04:15.519]Diagonalized H.
[2023-01-16T15:04:18.679]Diagonalized H.
9093.995921 seconds (5.55 G allocations: 13.936 TiB, 10.52% gc time)
9035.412673 seconds (5.51 G allocations: 13.832 TiB, 10.52% gc time)
[2023-01-16T15:04:34.616]Diagonalized H.
[2023-01-16T15:04:44.882]Diagonalized H.
 40.859887 seconds (10.37 M allocations: 35.310 GiB)
[2023-01-16T15:04:47.454]Completed Shot 3, state 4
 40.099985 seconds (9.47 M allocations: 32.864 GiB)
[2023-01-16T15:04:49.134]Completed Shot 3, state 47
9153.519913 seconds (5.57 G allocations: 13.988 TiB, 10.47% gc time)
 42.469510 seconds (6.66 M allocations: 22.894 GiB)
[2023-01-16T15:05:05.048]Completed Shot 3, state 45
[2023-01-16T15:05:19.541]Diagonalized H.
9150.592006 seconds (5.55 G allocations: 13.960 TiB, 10.51% gc time)
9132.470389 seconds (5.54 G allocations: 13.928 TiB, 10.51% gc time)
9081.902129 seconds (5.51 G allocations: 13.843 TiB, 10.50% gc time)
9218.307859 seconds (5.60 G allocations: 14.077 TiB, 10.52% gc time)
9180.214815 seconds (5.58 G allocations: 14.013 TiB, 10.50% gc time)
9188.559282 seconds (5.58 G allocations: 14.023 TiB, 10.51% gc time)
[2023-01-16T15:05:37.586]Diagonalized H.
[2023-01-16T15:05:39.400]Diagonalized H.
[2023-01-16T15:05:46.181]Diagonalized H.
[2023-01-16T15:05:46.207]Diagonalized H.
[2023-01-16T15:05:46.216]Diagonalized H.
[2023-01-16T15:05:46.258]Diagonalized H.
 86.940594 seconds (20.46 M allocations: 70.318 GiB, 8.24% gc time)
[2023-01-16T15:05:50.238]Completed Shot 3, state 18
 46.199763 seconds (13.98 M allocations: 48.342 GiB, 15.50% gc time)
[2023-01-16T15:05:50.978]Completed Shot 3, state 14
9195.274115 seconds (5.57 G allocations: 14.003 TiB, 10.48% gc time)
9194.528347 seconds (5.56 G allocations: 14.000 TiB, 10.48% gc time)
9165.945200 seconds (5.54 G allocations: 13.949 TiB, 10.47% gc time)
 51.531917 seconds (14.54 M allocations: 53.712 GiB, 4.03% gc time)
[2023-01-16T15:06:12.884]Completed Shot 3, state 30
 64.041812 seconds (20.00 M allocations: 67.139 GiB, 6.25% gc time)
[2023-01-16T15:06:25.620]Completed Shot 3, state 27
[2023-01-16T15:06:25.682]Diagonalized H.
[2023-01-16T15:06:25.687]Diagonalized H.
[2023-01-16T15:06:25.689]Diagonalized H.
 55.640837 seconds (15.78 M allocations: 55.501 GiB, 7.20% gc time)
[2023-01-16T15:06:25.992]Completed Shot 3, state 3
9222.671762 seconds (5.58 G allocations: 14.043 TiB, 10.47% gc time)
 60.628318 seconds (18.31 M allocations: 65.836 GiB, 6.61% gc time)
[2023-01-16T15:06:27.208]Completed Shot 3, state 37
 67.636869 seconds (22.13 M allocations: 78.427 GiB, 5.92% gc time)
[2023-01-16T15:06:28.499]Completed Shot 3, state 43
9170.177554 seconds (5.54 G allocations: 13.953 TiB, 10.47% gc time)
 63.042428 seconds (19.36 M allocations: 69.450 GiB, 6.35% gc time)
[2023-01-16T15:06:30.214]Completed Shot 3, state 50
9204.845210 seconds (5.57 G allocations: 14.009 TiB, 10.47% gc time)
9211.330997 seconds (5.57 G allocations: 14.019 TiB, 10.46% gc time)
9222.246531 seconds (5.57 G allocations: 14.030 TiB, 10.45% gc time)
9265.096734 seconds (5.60 G allocations: 14.099 TiB, 10.47% gc time)
[2023-01-16T15:06:48.471]Diagonalized H.
9239.674747 seconds (5.58 G allocations: 14.055 TiB, 10.45% gc time)
[2023-01-16T15:06:49.603]Diagonalized H.
[2023-01-16T15:06:51.963]Diagonalized H.
9208.198207 seconds (5.56 G allocations: 13.996 TiB, 10.44% gc time)
 50.419807 seconds (15.85 M allocations: 54.127 GiB, 3.83% gc time)
[2023-01-16T15:07:03.264]Completed Shot 3, state 28
[2023-01-16T15:07:03.378]Diagonalized H.
 58.882988 seconds (18.23 M allocations: 61.412 GiB, 3.28% gc time)
[2023-01-16T15:07:07.007]Completed Shot 3, state 13
[2023-01-16T15:07:10.091]Diagonalized H.
[2023-01-16T15:07:12.167]Diagonalized H.
9292.945784 seconds (5.61 G allocations: 14.120 TiB, 10.44% gc time)
[2023-01-16T15:07:15.915]Diagonalized H.
 74.101556 seconds (19.46 M allocations: 71.219 GiB, 2.60% gc time)
[2023-01-16T15:07:23.206]Completed Shot 3, state 39
[2023-01-16T15:07:29.825]Diagonalized H.
[2023-01-16T15:07:42.655]Diagonalized H.
 75.565221 seconds (11.11 M allocations: 48.788 GiB)
[2023-01-16T15:07:45.651]Completed Shot 3, state 33
9274.843930 seconds (5.57 G allocations: 14.045 TiB, 10.39% gc time)
9192.137091 seconds (5.51 G allocations: 13.893 TiB, 10.38% gc time)
 90.697241 seconds (13.96 M allocations: 63.007 GiB)
[2023-01-16T15:07:57.588]Completed Shot 3, state 5
 74.024000 seconds (9.22 M allocations: 45.018 GiB)
[2023-01-16T15:07:57.596]Completed Shot 3, state 11
9265.530047 seconds (5.56 G allocations: 14.016 TiB, 10.38% gc time)
 70.880197 seconds (7.73 M allocations: 40.674 GiB)
[2023-01-16T15:08:00.015]Completed Shot 3, state 46
 90.785880 seconds (12.43 M allocations: 54.611 GiB)
[2023-01-16T15:08:05.812]Completed Shot 3, state 9
9271.265456 seconds (5.56 G allocations: 14.013 TiB, 10.35% gc time)
9288.946065 seconds (5.57 G allocations: 14.043 TiB, 10.35% gc time)
[2023-01-16T15:08:20.445]Diagonalized H.
[2023-01-16T15:08:20.461]Diagonalized H.
[2023-01-16T15:08:20.465]Diagonalized H.
[2023-01-16T15:08:20.467]Diagonalized H.
9313.475191 seconds (5.58 G allocations: 14.073 TiB, 10.39% gc time)
9286.447127 seconds (5.56 G allocations: 14.025 TiB, 10.37% gc time)
119.653041 seconds (16.02 M allocations: 72.750 GiB, 2.83% gc time)
[2023-01-16T15:08:33.356]Completed Shot 3, state 38
102.104971 seconds (10.91 M allocations: 54.698 GiB, 3.31% gc time)
[2023-01-16T15:08:37.700]Completed Shot 3, state 42
[2023-01-16T15:08:40.123]Diagonalized H.
9287.177861 seconds (5.55 G allocations: 14.006 TiB, 10.35% gc time)
 92.937268 seconds (10.82 M allocations: 52.245 GiB, 3.64% gc time)
[2023-01-16T15:08:47.806]Completed Shot 3, state 41
[2023-01-16T15:08:48.976]Diagonalized H.
124.640929 seconds (16.62 M allocations: 78.245 GiB, 2.71% gc time)
[2023-01-16T15:08:51.969]Completed Shot 3, state 19
[2023-01-16T15:08:52.121]Diagonalized H.
9270.983715 seconds (5.54 G allocations: 13.971 TiB, 10.35% gc time)
9331.703500 seconds (5.58 G allocations: 14.074 TiB, 10.34% gc time)
 65.638976 seconds (10.46 M allocations: 42.875 GiB, 5.15% gc time)
[2023-01-16T15:08:54.515]Completed Shot 3, state 40
 58.810300 seconds (9.60 M allocations: 41.380 GiB, 5.75% gc time)
[2023-01-16T15:08:55.061]Completed Shot 3, state 31
 59.063491 seconds (9.86 M allocations: 42.235 GiB, 5.73% gc time)
[2023-01-16T15:08:58.337]Completed Shot 3, state 34
 46.402568 seconds (7.46 M allocations: 35.344 GiB, 7.29% gc time)
[2023-01-16T15:08:58.360]Completed Shot 3, state 16
 47.070731 seconds (7.54 M allocations: 35.503 GiB, 7.19% gc time)
[2023-01-16T15:08:59.312]Completed Shot 3, state 25
[2023-01-16T15:09:07.194]Diagonalized H.
[2023-01-16T15:09:07.257]Diagonalized H.
[2023-01-16T15:09:07.394]Diagonalized H.
9257.270578 seconds (5.52 G allocations: 13.930 TiB, 10.35% gc time)
9356.813345 seconds (5.58 G allocations: 14.099 TiB, 10.37% gc time)
 55.924748 seconds (9.43 M allocations: 40.230 GiB, 5.22% gc time)
[2023-01-16T15:09:19.454]Completed Shot 3, state 22
 59.840814 seconds (10.19 M allocations: 42.593 GiB, 4.87% gc time)
[2023-01-16T15:09:25.663]Completed Shot 3, state 26
9385.872889 seconds (5.60 G allocations: 14.130 TiB, 10.34% gc time)
 45.793424 seconds (7.91 M allocations: 33.336 GiB, 6.37% gc time)
[2023-01-16T15:09:30.408]Completed Shot 3, state 44
[2023-01-16T15:09:32.062]Diagonalized H.
9306.049925 seconds (5.54 G allocations: 13.988 TiB, 10.34% gc time)
[2023-01-16T15:09:34.010]Diagonalized H.
 39.607991 seconds (6.51 M allocations: 28.808 GiB, 7.37% gc time)
[2023-01-16T15:09:34.057]Completed Shot 3, state 29
 41.755011 seconds (6.99 M allocations: 30.394 GiB, 6.99% gc time)
[2023-01-16T15:09:34.762]Completed Shot 3, state 32
9403.342863 seconds (5.60 G allocations: 14.155 TiB, 10.34% gc time)
9356.226333 seconds (5.57 G allocations: 14.071 TiB, 10.33% gc time)
9344.291453 seconds (5.56 G allocations: 14.051 TiB, 10.32% gc time)
[2023-01-16T15:09:42.891]Diagonalized H.
9338.089151 seconds (5.55 G allocations: 14.029 TiB, 10.32% gc time)
[2023-01-16T15:09:48.609]Diagonalized H.
[2023-01-16T15:09:48.746]Diagonalized H.
9395.626678 seconds (5.59 G allocations: 14.124 TiB, 10.33% gc time)
[2023-01-16T15:09:54.306]Diagonalized H.
 45.045608 seconds (6.49 M allocations: 32.037 GiB)
[2023-01-16T15:09:54.640]Completed Shot 3, state 6
[2023-01-16T15:10:02.071]Diagonalized H.
[2023-01-16T15:10:02.078]Diagonalized H.
[2023-01-16T15:10:02.132]Diagonalized H.
 66.454652 seconds (6.63 M allocations: 39.719 GiB, 2.07% gc time)
[2023-01-16T15:10:16.530]Completed Shot 3, state 48
9384.258238 seconds (5.56 G allocations: 14.061 TiB, 10.29% gc time)
 58.256707 seconds (3.65 M allocations: 30.434 GiB, 2.36% gc time)
[2023-01-16T15:10:27.775]Completed Shot 3, state 8
 53.268948 seconds (2.20 M allocations: 23.282 GiB, 2.58% gc time)
[2023-01-16T15:10:29.983]Completed Shot 3, state 49
 52.140479 seconds (2.00 M allocations: 22.568 GiB, 2.63% gc time)
[2023-01-16T15:10:31.010]Completed Shot 3, state 24
 59.234908 seconds (3.10 M allocations: 29.107 GiB, 2.32% gc time)
[2023-01-16T15:10:32.035]Completed Shot 3, state 20
 47.680602 seconds (1.69 M allocations: 19.437 GiB, 2.88% gc time)
[2023-01-16T15:10:34.682]Completed Shot 3, state 12
 44.163037 seconds (1.52 M allocations: 15.296 GiB, 3.11% gc time)
[2023-01-16T15:10:35.355]Completed Shot 3, state 1
[2023-01-16T15:10:36.671]Diagonalized H.
9382.939629 seconds (5.55 G allocations: 14.043 TiB, 10.27% gc time)
 60.429337 seconds (2.73 M allocations: 26.531 GiB, 2.27% gc time)
[2023-01-16T15:10:40.228]Completed Shot 3, state 21
[2023-01-16T15:10:42.830]Diagonalized H.
 33.742553 seconds (1.86 M allocations: 11.006 GiB, 1.58% gc time)
[2023-01-16T15:10:58.243]Completed Shot 3, state 2
 26.000393 seconds (1.13 M allocations: 7.509 GiB, 5.18% gc time)
[2023-01-16T15:11:02.801]Completed Shot 3, state 23
9438.021062 seconds (5.57 G allocations: 14.098 TiB, 10.26% gc time)
9353.326690 seconds (5.52 G allocations: 13.954 TiB, 10.24% gc time)
[2023-01-16T15:11:08.868]Diagonalized H.
[2023-01-16T15:11:09.464]Diagonalized H.
 22.439433 seconds (126.17 k allocations: 5.147 GiB)
[2023-01-16T15:11:25.792]Completed Shot 3, state 17
 24.118258 seconds (115.78 k allocations: 5.065 GiB)
[2023-01-16T15:11:27.922]Completed Shot 3, state 15
9203.575725 seconds (5.55 G allocations: 13.898 TiB, 12.60% gc time)
9258.215868 seconds (5.59 G allocations: 13.985 TiB, 12.60% gc time)
9288.154730 seconds (5.61 G allocations: 14.033 TiB, 12.59% gc time)
9305.899563 seconds (5.62 G allocations: 14.060 TiB, 12.60% gc time)
9320.581908 seconds (5.62 G allocations: 14.081 TiB, 12.62% gc time)
9320.842788 seconds (5.62 G allocations: 14.081 TiB, 12.62% gc time)
9322.490912 seconds (5.63 G allocations: 14.085 TiB, 12.62% gc time)
9325.022149 seconds (5.63 G allocations: 14.089 TiB, 12.61% gc time)
9339.223961 seconds (5.64 G allocations: 14.116 TiB, 12.60% gc time)
9343.801466 seconds (5.64 G allocations: 14.118 TiB, 12.62% gc time)
9344.399525 seconds (5.64 G allocations: 14.119 TiB, 12.62% gc time)
9347.493221 seconds (5.64 G allocations: 14.125 TiB, 12.62% gc time)
9354.741144 seconds (5.65 G allocations: 14.138 TiB, 12.61% gc time)
9359.703296 seconds (5.65 G allocations: 14.148 TiB, 12.60% gc time)
9362.402052 seconds (5.65 G allocations: 14.152 TiB, 12.60% gc time)
9363.306857 seconds (5.65 G allocations: 14.154 TiB, 12.60% gc time)
9364.856194 seconds (5.66 G allocations: 14.157 TiB, 12.59% gc time)
9369.121347 seconds (5.66 G allocations: 14.158 TiB, 12.63% gc time)
9372.120163 seconds (5.66 G allocations: 14.164 TiB, 12.62% gc time)
9372.396723 seconds (5.66 G allocations: 14.164 TiB, 12.62% gc time)
9384.336049 seconds (5.67 G allocations: 14.185 TiB, 12.60% gc time)
9384.517504 seconds (5.67 G allocations: 14.186 TiB, 12.60% gc time)
9387.318623 seconds (5.67 G allocations: 14.191 TiB, 12.60% gc time)
9388.918395 seconds (5.67 G allocations: 14.194 TiB, 12.60% gc time)
9389.489434 seconds (5.67 G allocations: 14.195 TiB, 12.60% gc time)
9399.277498 seconds (5.67 G allocations: 14.205 TiB, 12.62% gc time)
9400.432625 seconds (5.68 G allocations: 14.208 TiB, 12.62% gc time)
9402.398148 seconds (5.68 G allocations: 14.211 TiB, 12.62% gc time)
9404.751619 seconds (5.68 G allocations: 14.215 TiB, 12.61% gc time)
9404.935354 seconds (5.68 G allocations: 14.216 TiB, 12.61% gc time)
9411.309753 seconds (5.68 G allocations: 14.227 TiB, 12.60% gc time)
9423.172951 seconds (5.69 G allocations: 14.239 TiB, 12.63% gc time)
9423.483166 seconds (5.69 G allocations: 14.240 TiB, 12.63% gc time)
9427.120170 seconds (5.69 G allocations: 14.246 TiB, 12.63% gc time)
9428.713797 seconds (5.69 G allocations: 14.249 TiB, 12.62% gc time)
9429.779116 seconds (5.69 G allocations: 14.251 TiB, 12.62% gc time)
9430.578100 seconds (5.69 G allocations: 14.253 TiB, 12.62% gc time)
9438.310454 seconds (5.70 G allocations: 14.266 TiB, 12.61% gc time)
9451.698287 seconds (5.70 G allocations: 14.282 TiB, 12.63% gc time)
9456.016958 seconds (5.71 G allocations: 14.289 TiB, 12.63% gc time)
9461.083722 seconds (5.71 G allocations: 14.297 TiB, 12.62% gc time)
9467.083297 seconds (5.72 G allocations: 14.307 TiB, 12.61% gc time)
9476.624174 seconds (5.72 G allocations: 14.317 TiB, 12.64% gc time)
9485.070630 seconds (5.72 G allocations: 14.331 TiB, 12.63% gc time)
9488.589554 seconds (5.73 G allocations: 14.337 TiB, 12.62% gc time)
9496.191311 seconds (5.73 G allocations: 14.350 TiB, 12.61% gc time)
9507.059197 seconds (5.74 G allocations: 14.362 TiB, 12.63% gc time)
9507.193205 seconds (5.74 G allocations: 14.363 TiB, 12.63% gc time)
9509.326866 seconds (5.74 G allocations: 14.366 TiB, 12.63% gc time)
9522.060509 seconds (5.75 G allocations: 14.388 TiB, 12.61% gc time)
8995.937207 seconds (5.60 G allocations: 14.020 TiB, 13.12% gc time)
[2023-01-16T20:15:57.682]Diagonalized H.
 50.579825 seconds (27.35 M allocations: 71.528 GiB, 18.09% gc time)
[2023-01-16T20:16:32.658]Completed Shot 4, state 5
9027.642314 seconds (5.62 G allocations: 14.074 TiB, 13.12% gc time)
[2023-01-16T20:17:48.926]Diagonalized H.
9053.665923 seconds (5.63 G allocations: 14.110 TiB, 13.12% gc time)
[2023-01-16T20:18:21.403]Diagonalized H.
9214.330691 seconds (5.73 G allocations: 14.357 TiB, 13.15% gc time)
 59.071917 seconds (29.99 M allocations: 80.286 GiB, 15.84% gc time)
[2023-01-16T20:18:33.869]Completed Shot 4, state 50
9072.311333 seconds (5.64 G allocations: 14.132 TiB, 13.13% gc time)
9102.788799 seconds (5.66 G allocations: 14.182 TiB, 13.12% gc time)
9113.150139 seconds (5.67 G allocations: 14.201 TiB, 13.10% gc time)
[2023-01-16T20:18:45.485]Diagonalized H.
[2023-01-16T20:18:55.252]Diagonalized H.
[2023-01-16T20:18:55.316]Diagonalized H.
[2023-01-16T20:18:55.321]Diagonalized H.
9065.452591 seconds (5.63 G allocations: 14.112 TiB, 13.15% gc time)
9134.458338 seconds (5.68 G allocations: 14.226 TiB, 13.12% gc time)
 57.876738 seconds (26.48 M allocations: 77.411 GiB, 12.60% gc time)
[2023-01-16T20:19:06.966]Completed Shot 4, state 46
9171.326654 seconds (5.70 G allocations: 14.278 TiB, 13.14% gc time)
9162.720397 seconds (5.69 G allocations: 14.258 TiB, 13.12% gc time)
9070.653827 seconds (5.63 G allocations: 14.115 TiB, 13.10% gc time)
9152.175151 seconds (5.68 G allocations: 14.244 TiB, 13.09% gc time)
[2023-01-16T20:19:21.535]Diagonalized H.
9129.271067 seconds (5.67 G allocations: 14.207 TiB, 13.09% gc time)
 55.830502 seconds (24.67 M allocations: 73.611 GiB, 7.22% gc time)
[2023-01-16T20:19:21.666]Completed Shot 4, state 14
9085.324949 seconds (5.64 G allocations: 14.134 TiB, 13.12% gc time)
 40.658267 seconds (14.50 M allocations: 48.714 GiB, 9.91% gc time)
[2023-01-16T20:19:24.228]Completed Shot 4, state 25
9020.303330 seconds (5.60 G allocations: 14.044 TiB, 13.09% gc time)
 49.481680 seconds (20.58 M allocations: 64.713 GiB, 8.15% gc time)
[2023-01-16T20:19:24.462]Completed Shot 4, state 16
[2023-01-16T20:19:32.306]Diagonalized H.
[2023-01-16T20:19:32.307]Diagonalized H.
[2023-01-16T20:19:32.308]Diagonalized H.
[2023-01-16T20:19:32.335]Diagonalized H.
[2023-01-16T20:19:32.351]Diagonalized H.
[2023-01-16T20:19:32.352]Diagonalized H.
[2023-01-16T20:19:32.360]Diagonalized H.
[2023-01-16T20:19:32.433]Diagonalized H.
 80.610477 seconds (21.92 M allocations: 79.279 GiB, 7.86% gc time)
[2023-01-16T20:19:56.349]Completed Shot 4, state 18
 68.626446 seconds (12.53 M allocations: 58.702 GiB, 3.36% gc time)
[2023-01-16T20:20:06.527]Completed Shot 4, state 44
 48.857134 seconds (5.53 M allocations: 34.097 GiB, 4.72% gc time)
[2023-01-16T20:20:09.805]Completed Shot 4, state 29
 48.343488 seconds (5.20 M allocations: 32.969 GiB, 4.77% gc time)
[2023-01-16T20:20:09.943]Completed Shot 4, state 26
 46.232577 seconds (3.54 M allocations: 27.036 GiB, 4.99% gc time)
[2023-01-16T20:20:10.477]Completed Shot 4, state 1
 54.153557 seconds (8.39 M allocations: 42.088 GiB, 4.26% gc time)
[2023-01-16T20:20:10.705]Completed Shot 4, state 45
 71.068881 seconds (13.39 M allocations: 57.280 GiB, 3.24% gc time)
[2023-01-16T20:20:14.041]Completed Shot 4, state 49
9143.894323 seconds (5.65 G allocations: 14.179 TiB, 13.06% gc time)
9128.103446 seconds (5.64 G allocations: 14.157 TiB, 13.04% gc time)
 75.962837 seconds (17.61 M allocations: 68.191 GiB, 3.03% gc time)
[2023-01-16T20:20:23.375]Completed Shot 4, state 38
 70.865340 seconds (18.22 M allocations: 68.143 GiB, 3.25% gc time)
[2023-01-16T20:20:28.725]Completed Shot 4, state 15
[2023-01-16T20:20:30.368]Diagonalized H.
[2023-01-16T20:20:38.030]Diagonalized H.
9187.828963 seconds (5.67 G allocations: 14.241 TiB, 13.07% gc time)
 76.510958 seconds (18.21 M allocations: 69.175 GiB, 7.87% gc time)
[2023-01-16T20:20:39.251]Completed Shot 4, state 7
9182.205826 seconds (5.67 G allocations: 14.238 TiB, 13.04% gc time)
9215.148565 seconds (5.69 G allocations: 14.290 TiB, 13.03% gc time)
9156.726169 seconds (5.65 G allocations: 14.198 TiB, 13.04% gc time)
9176.312416 seconds (5.66 G allocations: 14.224 TiB, 13.05% gc time)
9194.072960 seconds (5.68 G allocations: 14.254 TiB, 13.03% gc time)
9128.261255 seconds (5.64 G allocations: 14.153 TiB, 13.04% gc time)
9167.797735 seconds (5.66 G allocations: 14.213 TiB, 13.03% gc time)
9140.715695 seconds (5.64 G allocations: 14.173 TiB, 13.02% gc time)
9110.490076 seconds (5.63 G allocations: 14.129 TiB, 13.02% gc time)
[2023-01-16T20:20:59.691]Diagonalized H.
9209.425583 seconds (5.68 G allocations: 14.274 TiB, 13.04% gc time)
 39.294387 seconds (19.35 M allocations: 55.620 GiB, 9.45% gc time)
[2023-01-16T20:21:00.078]Completed Shot 4, state 21
[2023-01-16T20:21:00.430]Diagonalized H.
9212.891533 seconds (5.69 G allocations: 14.280 TiB, 13.04% gc time)
9077.859046 seconds (5.61 G allocations: 14.083 TiB, 13.03% gc time)
[2023-01-16T20:21:02.474]Diagonalized H.
 42.256302 seconds (21.10 M allocations: 63.607 GiB, 8.79% gc time)
[2023-01-16T20:21:02.997]Completed Shot 4, state 22
9098.475868 seconds (5.62 G allocations: 14.118 TiB, 13.00% gc time)
9213.057134 seconds (5.69 G allocations: 14.282 TiB, 13.04% gc time)
[2023-01-16T20:21:06.547]Diagonalized H.
9151.612919 seconds (5.65 G allocations: 14.193 TiB, 13.01% gc time)
[2023-01-16T20:21:07.278]Diagonalized H.
[2023-01-16T20:21:08.128]Diagonalized H.
[2023-01-16T20:21:12.444]Diagonalized H.
[2023-01-16T20:21:17.165]Diagonalized H.
[2023-01-16T20:21:18.366]Diagonalized H.
[2023-01-16T20:21:18.482]Diagonalized H.
[2023-01-16T20:21:23.093]Diagonalized H.
[2023-01-16T20:21:23.901]Diagonalized H.
[2023-01-16T20:21:24.771]Diagonalized H.
 46.121284 seconds (14.23 M allocations: 56.014 GiB)
[2023-01-16T20:21:25.383]Completed Shot 4, state 31
[2023-01-16T20:21:30.253]Diagonalized H.
[2023-01-16T20:21:32.217]Diagonalized H.
 48.013550 seconds (7.84 M allocations: 42.818 GiB)
[2023-01-16T20:21:39.570]Completed Shot 4, state 8
[2023-01-16T20:21:43.199]Diagonalized H.
 75.659721 seconds (14.72 M allocations: 69.990 GiB)
[2023-01-16T20:21:54.734]Completed Shot 4, state 28
 60.840069 seconds (6.59 M allocations: 46.566 GiB)
[2023-01-16T20:21:55.358]Completed Shot 4, state 41
 85.568363 seconds (10.26 M allocations: 60.847 GiB, 7.25% gc time)
[2023-01-16T20:22:12.623]Completed Shot 4, state 37
 79.156222 seconds (4.07 M allocations: 45.775 GiB, 7.84% gc time)
[2023-01-16T20:22:18.913]Completed Shot 4, state 20
9221.221421 seconds (5.65 G allocations: 14.219 TiB, 12.98% gc time)
 93.002521 seconds (10.54 M allocations: 64.452 GiB, 6.67% gc time)
[2023-01-16T20:22:19.880]Completed Shot 4, state 17
9231.972665 seconds (5.65 G allocations: 14.233 TiB, 12.96% gc time)
 84.998462 seconds (5.00 M allocations: 49.306 GiB, 7.30% gc time)
[2023-01-16T20:22:24.498]Completed Shot 4, state 2
9208.666587 seconds (5.64 G allocations: 14.194 TiB, 12.95% gc time)
9257.915237 seconds (5.66 G allocations: 14.262 TiB, 12.97% gc time)
9178.648823 seconds (5.62 G allocations: 14.143 TiB, 12.96% gc time)
 97.004348 seconds (6.90 M allocations: 55.310 GiB, 6.39% gc time)
[2023-01-16T20:22:37.529]Completed Shot 4, state 43
101.617316 seconds (9.47 M allocations: 62.925 GiB, 6.10% gc time)
[2023-01-16T20:22:37.773]Completed Shot 4, state 9
[2023-01-16T20:22:38.770]Diagonalized H.
 96.163970 seconds (6.03 M allocations: 50.069 GiB, 6.45% gc time)
[2023-01-16T20:22:39.194]Completed Shot 4, state 34
9286.964797 seconds (5.68 G allocations: 14.299 TiB, 12.96% gc time)
[2023-01-16T20:22:40.087]Diagonalized H.
106.585379 seconds (11.50 M allocations: 70.507 GiB, 5.82% gc time)
[2023-01-16T20:22:40.707]Completed Shot 4, state 19
 98.848597 seconds (7.13 M allocations: 55.021 GiB, 6.28% gc time)
[2023-01-16T20:22:40.830]Completed Shot 4, state 47
 95.928326 seconds (6.24 M allocations: 52.014 GiB, 6.47% gc time)
[2023-01-16T20:22:41.767]Completed Shot 4, state 4
 95.601081 seconds (6.24 M allocations: 51.781 GiB, 6.49% gc time)
[2023-01-16T20:22:42.265]Completed Shot 4, state 40
[2023-01-16T20:22:43.820]Diagonalized H.
[2023-01-16T20:22:44.534]Diagonalized H.
106.890380 seconds (10.36 M allocations: 69.242 GiB, 5.80% gc time)
[2023-01-16T20:22:45.316]Completed Shot 4, state 48
[2023-01-16T20:22:45.471]Diagonalized H.
9311.722179 seconds (5.69 G allocations: 14.334 TiB, 12.93% gc time)
[2023-01-16T20:22:58.335]Diagonalized H.
9206.520821 seconds (5.62 G allocations: 14.170 TiB, 12.92% gc time)
 42.459272 seconds (6.88 M allocations: 31.582 GiB)
[2023-01-16T20:23:02.189]Completed Shot 4, state 33
9272.444080 seconds (5.66 G allocations: 14.264 TiB, 12.90% gc time)
 42.844947 seconds (6.65 M allocations: 32.341 GiB)
[2023-01-16T20:23:06.231]Completed Shot 4, state 36
 45.652922 seconds (6.86 M allocations: 32.881 GiB)
[2023-01-16T20:23:13.948]Completed Shot 4, state 35
 39.173781 seconds (5.49 M allocations: 28.419 GiB)
[2023-01-16T20:23:14.338]Completed Shot 4, state 3
 44.005476 seconds (6.47 M allocations: 31.487 GiB)
[2023-01-16T20:23:14.781]Completed Shot 4, state 6
[2023-01-16T20:23:15.721]Diagonalized H.
[2023-01-16T20:23:19.120]Diagonalized H.
[2023-01-16T20:23:24.346]Diagonalized H.
9309.912242 seconds (5.67 G allocations: 14.290 TiB, 12.92% gc time)
 61.715656 seconds (6.63 M allocations: 37.610 GiB, 4.31% gc time)
[2023-01-16T20:23:40.943]Completed Shot 4, state 11
[2023-01-16T20:23:43.157]Diagonalized H.
9230.800886 seconds (5.62 G allocations: 14.161 TiB, 12.87% gc time)
[2023-01-16T20:23:57.092]Diagonalized H.
 68.811122 seconds (6.34 M allocations: 32.103 GiB, 4.85% gc time)
[2023-01-16T20:24:00.858]Completed Shot 4, state 13
9286.455356 seconds (5.64 G allocations: 14.223 TiB, 12.88% gc time)
9330.364155 seconds (5.66 G allocations: 14.282 TiB, 12.86% gc time)
 64.688529 seconds (6.02 M allocations: 29.128 GiB, 5.16% gc time)
[2023-01-16T20:24:08.235]Completed Shot 4, state 32
 69.341591 seconds (6.51 M allocations: 31.879 GiB, 4.81% gc time)
[2023-01-16T20:24:08.862]Completed Shot 4, state 24
 40.379466 seconds (3.67 M allocations: 16.107 GiB, 1.67% gc time)
[2023-01-16T20:24:09.528]Completed Shot 4, state 12
[2023-01-16T20:24:11.278]Diagonalized H.
9256.395056 seconds (5.62 G allocations: 14.171 TiB, 12.85% gc time)
[2023-01-16T20:24:13.173]Diagonalized H.
 28.379785 seconds (2.46 M allocations: 12.818 GiB, 2.38% gc time)
[2023-01-16T20:24:14.170]Completed Shot 4, state 30
[2023-01-16T20:24:19.981]Diagonalized H.
9265.798523 seconds (5.61 G allocations: 14.153 TiB, 12.84% gc time)
[2023-01-16T20:24:45.070]Diagonalized H.
 47.821930 seconds (1.58 M allocations: 13.798 GiB, 0.73% gc time)
[2023-01-16T20:24:49.289]Completed Shot 4, state 27
 43.130031 seconds (1.11 M allocations: 12.150 GiB, 0.81% gc time)
[2023-01-16T20:24:50.135]Completed Shot 4, state 10
 40.271434 seconds (701.64 k allocations: 10.667 GiB, 0.87% gc time)
[2023-01-16T20:24:51.790]Completed Shot 4, state 42
 28.089807 seconds (594.25 k allocations: 4.575 GiB, 0.75% gc time)
[2023-01-16T20:25:03.880]Completed Shot 4, state 39
9318.259724 seconds (5.62 G allocations: 14.180 TiB, 12.77% gc time)
[2023-01-16T20:25:21.140]Diagonalized H.
 23.522076 seconds (57.87 k allocations: 2.596 GiB, 0.18% gc time)
[2023-01-16T20:25:39.037]Completed Shot 4, state 23
8309.117768 seconds (5.59 G allocations: 13.997 TiB, 14.15% gc time)
8317.399618 seconds (5.59 G allocations: 14.011 TiB, 14.15% gc time)
8320.589271 seconds (5.60 G allocations: 14.017 TiB, 14.15% gc time)
8324.030380 seconds (5.60 G allocations: 14.025 TiB, 14.14% gc time)
8324.439440 seconds (5.60 G allocations: 14.025 TiB, 14.14% gc time)
8330.701820 seconds (5.60 G allocations: 14.035 TiB, 14.14% gc time)
8337.213363 seconds (5.61 G allocations: 14.045 TiB, 14.15% gc time)
8340.816576 seconds (5.61 G allocations: 14.053 TiB, 14.14% gc time)
8343.443133 seconds (5.61 G allocations: 14.058 TiB, 14.14% gc time)
8346.672093 seconds (5.61 G allocations: 14.062 TiB, 14.15% gc time)
8348.712221 seconds (5.61 G allocations: 14.066 TiB, 14.14% gc time)
8349.553291 seconds (5.62 G allocations: 14.068 TiB, 14.14% gc time)
8350.130731 seconds (5.62 G allocations: 14.069 TiB, 14.14% gc time)
8352.103494 seconds (5.62 G allocations: 14.073 TiB, 14.14% gc time)
8353.817505 seconds (5.62 G allocations: 14.076 TiB, 14.13% gc time)
8354.292480 seconds (5.62 G allocations: 14.077 TiB, 14.13% gc time)
8356.998101 seconds (5.62 G allocations: 14.079 TiB, 14.14% gc time)
8357.355433 seconds (5.62 G allocations: 14.080 TiB, 14.14% gc time)
8359.951948 seconds (5.62 G allocations: 14.085 TiB, 14.14% gc time)
8361.584771 seconds (5.62 G allocations: 14.088 TiB, 14.14% gc time)
8364.880708 seconds (5.63 G allocations: 14.094 TiB, 14.13% gc time)
8371.639300 seconds (5.63 G allocations: 14.104 TiB, 14.14% gc time)
8371.717567 seconds (5.63 G allocations: 14.104 TiB, 14.14% gc time)
8376.778325 seconds (5.63 G allocations: 14.111 TiB, 14.14% gc time)
8379.330554 seconds (5.63 G allocations: 14.116 TiB, 14.14% gc time)
8381.017813 seconds (5.64 G allocations: 14.120 TiB, 14.14% gc time)
8381.860957 seconds (5.64 G allocations: 14.121 TiB, 14.14% gc time)
8383.712584 seconds (5.64 G allocations: 14.125 TiB, 14.13% gc time)
8383.871862 seconds (5.64 G allocations: 14.125 TiB, 14.13% gc time)
8388.117143 seconds (5.64 G allocations: 14.130 TiB, 14.14% gc time)
8389.286335 seconds (5.64 G allocations: 14.132 TiB, 14.14% gc time)
8393.668808 seconds (5.64 G allocations: 14.141 TiB, 14.13% gc time)
8395.678138 seconds (5.65 G allocations: 14.144 TiB, 14.13% gc time)
  Activating project at `/gpfs/bwfor/work/ws/hd_ku269-light_cones/WorkingFolder`
8396.584156 seconds (5.65 G allocations: 14.146 TiB, 14.13% gc time)
8401.289630 seconds (5.65 G allocations: 14.152 TiB, 14.14% gc time)
8401.478064 seconds (5.65 G allocations: 14.152 TiB, 14.14% gc time)
8401.803437 seconds (5.65 G allocations: 14.153 TiB, 14.14% gc time)
8401.934908 seconds (5.65 G allocations: 14.153 TiB, 14.14% gc time)
8404.151351 seconds (5.65 G allocations: 14.157 TiB, 14.13% gc time)
8405.349346 seconds (5.65 G allocations: 14.160 TiB, 14.13% gc time)
8412.906850 seconds (5.66 G allocations: 14.172 TiB, 14.13% gc time)
8415.428510 seconds (5.66 G allocations: 14.177 TiB, 14.13% gc time)
8418.705063 seconds (5.66 G allocations: 14.181 TiB, 14.14% gc time)
8422.269637 seconds (5.66 G allocations: 14.187 TiB, 14.13% gc time)
8424.590536 seconds (5.66 G allocations: 14.191 TiB, 14.13% gc time)
8436.118069 seconds (5.67 G allocations: 14.210 TiB, 14.12% gc time)
8441.986523 seconds (5.68 G allocations: 14.218 TiB, 14.13% gc time)
8455.132402 seconds (5.68 G allocations: 14.241 TiB, 14.12% gc time)
8456.536069 seconds (5.68 G allocations: 14.244 TiB, 14.12% gc time)
8462.877882 seconds (5.69 G allocations: 14.253 TiB, 14.13% gc time)
8483.436623 seconds (5.55 G allocations: 13.907 TiB, 11.86% gc time)
[2023-01-17T01:06:22.988]Diagonalized H.
8508.741881 seconds (5.56 G allocations: 13.938 TiB, 11.85% gc time)
 59.323243 seconds (35.56 M allocations: 92.819 GiB, 9.78% gc time)
[2023-01-17T01:07:10.516]Completed Shot 5, state 30
8567.992430 seconds (5.60 G allocations: 14.042 TiB, 11.83% gc time)
[2023-01-17T01:07:17.823]Diagonalized H.
[2023-01-17T01:07:34.423]Diagonalized H.
8585.430770 seconds (5.61 G allocations: 14.060 TiB, 11.84% gc time)
 52.865957 seconds (31.02 M allocations: 83.334 GiB, 7.53% gc time)
[2023-01-17T01:07:52.367]Completed Shot 5, state 15
[2023-01-17T01:07:59.155]Diagonalized H.
8587.912267 seconds (5.61 G allocations: 14.053 TiB, 11.85% gc time)
8627.681808 seconds (5.63 G allocations: 14.123 TiB, 11.84% gc time)
8592.323790 seconds (5.61 G allocations: 14.063 TiB, 11.83% gc time)
 53.774799 seconds (26.25 M allocations: 73.417 GiB, 12.07% gc time)
[2023-01-17T01:08:11.514]Completed Shot 5, state 44
8563.077162 seconds (5.59 G allocations: 14.015 TiB, 11.83% gc time)
8637.220737 seconds (5.64 G allocations: 14.140 TiB, 11.83% gc time)
8612.869234 seconds (5.62 G allocations: 14.098 TiB, 11.82% gc time)
[2023-01-17T01:08:27.780]Diagonalized H.
[2023-01-17T01:08:27.781]Diagonalized H.
[2023-01-17T01:08:27.796]Diagonalized H.
[2023-01-17T01:08:27.851]Diagonalized H.
[2023-01-17T01:08:27.856]Diagonalized H.
8567.477017 seconds (5.59 G allocations: 14.010 TiB, 11.84% gc time)
8568.218670 seconds (5.59 G allocations: 14.011 TiB, 11.84% gc time)
8655.122911 seconds (5.65 G allocations: 14.160 TiB, 11.84% gc time)
8668.428042 seconds (5.65 G allocations: 14.180 TiB, 11.84% gc time)
 55.762292 seconds (23.53 M allocations: 73.088 GiB, 10.46% gc time)
[2023-01-17T01:08:37.450]Completed Shot 5, state 32
 43.289766 seconds (12.12 M allocations: 43.867 GiB, 7.69% gc time)
[2023-01-17T01:08:54.045]Completed Shot 5, state 21
 38.934283 seconds (9.43 M allocations: 36.681 GiB, 8.55% gc time)
[2023-01-17T01:08:54.726]Completed Shot 5, state 34
8614.966545 seconds (5.61 G allocations: 14.072 TiB, 11.81% gc time)
[2023-01-17T01:08:55.135]Diagonalized H.
 44.711207 seconds (13.09 M allocations: 46.658 GiB, 7.44% gc time)
[2023-01-17T01:08:56.028]Completed Shot 5, state 11
[2023-01-17T01:08:56.060]Diagonalized H.
8636.002650 seconds (5.62 G allocations: 14.107 TiB, 11.81% gc time)
[2023-01-17T01:08:56.799]Diagonalized H.
[[2023-01-17T01:09:05.2402023-01-17T01:09:05.240]Diagonalized H.
]Diagonalized H.
[2023-01-17T01:09:05.252]Diagonalized H.
[2023-01-17T01:09:05.271]Diagonalized H.
 64.251658 seconds (20.83 M allocations: 71.785 GiB, 9.15% gc time)
[2023-01-17T01:09:05.501]Completed Shot 5, state 45
 48.860996 seconds (10.66 M allocations: 44.222 GiB, 12.03% gc time)
[2023-01-17T01:09:05.715]Completed Shot 5, state 35
8605.584706 seconds (5.60 G allocations: 14.049 TiB, 11.82% gc time)
[2023-01-17T01:09:19.792]Diagonalized H.
8714.995959 seconds (5.64 G allocations: 14.173 TiB, 11.78% gc time)
8704.926933 seconds (5.63 G allocations: 14.156 TiB, 11.78% gc time)
8687.673761 seconds (5.62 G allocations: 14.129 TiB, 11.77% gc time)
 54.092872 seconds (8.54 M allocations: 36.202 GiB, 3.15% gc time)
[2023-01-17T01:10:00.012]Completed Shot 5, state 33
8674.111266 seconds (5.61 G allocations: 14.108 TiB, 11.76% gc time)
 66.418994 seconds (11.43 M allocations: 48.275 GiB, 6.41% gc time)
[2023-01-17T01:10:01.448]Completed Shot 5, state 43
8686.158895 seconds (5.62 G allocations: 14.129 TiB, 11.76% gc time)
 90.582842 seconds (17.22 M allocations: 71.248 GiB, 4.70% gc time)
[2023-01-17T01:10:02.149]Completed Shot 5, state 25
 67.058345 seconds (11.88 M allocations: 49.002 GiB, 6.35% gc time)
[2023-01-17T01:10:03.690]Completed Shot 5, state 40
8714.216486 seconds (5.64 G allocations: 14.174 TiB, 11.77% gc time)
8662.740570 seconds (5.61 G allocations: 14.090 TiB, 11.76% gc time)
107.428205 seconds (22.62 M allocations: 89.558 GiB, 7.06% gc time)
[2023-01-17T01:10:06.013]Completed Shot 5, state 31
 89.610323 seconds (19.99 M allocations: 73.435 GiB, 4.75% gc time)
[2023-01-17T01:10:06.196]Completed Shot 5, state 7
[2023-01-17T01:10:07.126]Diagonalized H.
101.048881 seconds (24.69 M allocations: 95.167 GiB, 4.21% gc time)
[2023-01-17T01:10:09.372]Completed Shot 5, state 22
8674.984271 seconds (5.62 G allocations: 14.112 TiB, 11.76% gc time)
101.847212 seconds (25.03 M allocations: 96.193 GiB, 4.18% gc time)
[2023-01-17T01:10:10.589]Completed Shot 5, state 48
[2023-01-17T01:10:10.626]Diagonalized H.
[2023-01-17T01:10:10.672]Diagonalized H.
8722.017694 seconds (5.65 G allocations: 14.190 TiB, 11.76% gc time)
8724.604490 seconds (5.65 G allocations: 14.196 TiB, 11.76% gc time)
[2023-01-17T01:10:13.368]Diagonalized H.
8713.360397 seconds (5.64 G allocations: 14.174 TiB, 11.76% gc time)
[2023-01-17T01:10:17.297]Diagonalized H.
8642.384276 seconds (5.59 G allocations: 14.058 TiB, 11.74% gc time)
[2023-01-17T01:10:20.821]Diagonalized H.
8742.577023 seconds (5.66 G allocations: 14.219 TiB, 11.75% gc time)
[2023-01-17T01:10:31.903]Diagonalized H.
[2023-01-17T01:10:33.043]Diagonalized H.
8690.664811 seconds (5.61 G allocations: 14.117 TiB, 11.72% gc time)
8740.514107 seconds (5.64 G allocations: 14.198 TiB, 11.72% gc time)
[2023-01-17T01:10:39.819]Diagonalized H.
8647.976903 seconds (5.58 G allocations: 14.042 TiB, 11.71% gc time)
[2023-01-17T01:10:43.924]Diagonalized H.
[2023-01-17T01:10:53.796]Diagonalized H.
[2023-01-17T01:10:53.815]Diagonalized H.
[2023-01-17T01:10:53.859]Diagonalized H.
[2023-01-17T01:10:53.872]Diagonalized H.
[2023-01-17T01:10:53.909]Diagonalized H.
[2023-01-17T01:10:54.199]Diagonalized H.
 59.925030 seconds (13.24 M allocations: 56.146 GiB, 6.55% gc time)
[2023-01-17T01:10:57.715]Completed Shot 5, state 49
 60.613303 seconds (12.99 M allocations: 55.532 GiB, 6.48% gc time)
[2023-01-17T01:10:58.972]Completed Shot 5, state 46
 67.122254 seconds (13.70 M allocations: 61.568 GiB, 5.85% gc time)
[2023-01-17T01:11:04.602]Completed Shot 5, state 9
 64.007520 seconds (11.05 M allocations: 54.563 GiB, 6.13% gc time)
[2023-01-17T01:11:05.277]Completed Shot 5, state 12
 62.272711 seconds (8.06 M allocations: 48.565 GiB, 6.30% gc time)
[2023-01-17T01:11:07.633]Completed Shot 5, state 2
 62.950453 seconds (7.66 M allocations: 48.236 GiB, 6.24% gc time)
[2023-01-17T01:11:08.882]Completed Shot 5, state 3
 70.651828 seconds (5.02 M allocations: 44.658 GiB, 5.56% gc time)
[2023-01-17T01:11:20.355]Completed Shot 5, state 8
 69.163656 seconds (4.34 M allocations: 42.291 GiB, 5.68% gc time)
[2023-01-17T01:11:20.356]Completed Shot 5, state 36
 80.393836 seconds (10.80 M allocations: 62.486 GiB, 4.88% gc time)
[2023-01-17T01:11:22.376]Completed Shot 5, state 39
 54.820341 seconds (2.49 M allocations: 29.412 GiB, 7.16% gc time)
[2023-01-17T01:11:29.879]Completed Shot 5, state 41
 54.239758 seconds (2.48 M allocations: 29.187 GiB, 7.24% gc time)
[2023-01-17T01:11:30.797]Completed Shot 5, state 24
8739.799869 seconds (5.61 G allocations: 14.132 TiB, 11.69% gc time)
 79.524242 seconds (5.66 M allocations: 44.701 GiB, 4.94% gc time)
[2023-01-17T01:11:37.066]Completed Shot 5, state 4
 81.119238 seconds (6.24 M allocations: 46.491 GiB, 4.84% gc time)
[2023-01-17T01:11:38.402]Completed Shot 5, state 13
8835.392817 seconds (5.67 G allocations: 14.289 TiB, 11.70% gc time)
8741.648238 seconds (5.61 G allocations: 14.134 TiB, 11.67% gc time)
8779.577980 seconds (5.63 G allocations: 14.195 TiB, 11.68% gc time)
 79.390589 seconds (7.11 M allocations: 46.805 GiB, 4.94% gc time)
[2023-01-17T01:11:41.827]Completed Shot 5, state 18
[2023-01-17T01:11:43.575]Diagonalized H.
 61.480462 seconds (6.35 M allocations: 37.173 GiB, 6.38% gc time)
[2023-01-17T01:11:43.631]Completed Shot 5, state 14
8786.121413 seconds (5.64 G allocations: 14.204 TiB, 11.67% gc time)
 92.335100 seconds (10.01 M allocations: 60.584 GiB, 4.25% gc time)
[2023-01-17T01:11:45.537]Completed Shot 5, state 28
[2023-01-17T01:11:54.978]Diagonalized H.
[[2023-01-17T01:11:54.981]Diagonalized H.
2023-01-17T01:11:54.980]Diagonalized H.
[2023-01-17T01:11:55.308]Diagonalized H.
8758.798573 seconds (5.61 G allocations: 14.147 TiB, 11.69% gc time)
8824.603931 seconds (5.65 G allocations: 14.254 TiB, 11.70% gc time)
8798.689527 seconds (5.63 G allocations: 14.206 TiB, 11.68% gc time)
8795.146265 seconds (5.63 G allocations: 14.194 TiB, 11.69% gc time)
8808.233810 seconds (5.64 G allocations: 14.215 TiB, 11.68% gc time)
 40.047339 seconds (7.97 M allocations: 33.158 GiB, 9.51% gc time)
[2023-01-17T01:12:14.317]Completed Shot 5, state 16
 37.234590 seconds (6.18 M allocations: 28.001 GiB, 10.22% gc time)
[2023-01-17T01:12:17.713]Completed Shot 5, state 1
 35.768859 seconds (5.15 M allocations: 24.378 GiB, 10.64% gc time)
[2023-01-17T01:12:20.266]Completed Shot 5, state 50
[2023-01-17T01:12:20.548]Diagonalized H.
[2023-01-17T01:12:24.886]Diagonalized H.
[2023-01-17T01:12:24.896]Diagonalized H.
[2023-01-17T01:12:24.925]Diagonalized H.
[2023-01-17T01:12:24.951]Diagonalized H.
8804.482749 seconds (5.63 G allocations: 14.195 TiB, 11.67% gc time)
8743.749272 seconds (5.59 G allocations: 14.095 TiB, 11.66% gc time)
 49.102017 seconds (7.64 M allocations: 40.734 GiB, 9.40% gc time)
[2023-01-17T01:12:27.975]Completed Shot 5, state 10
 50.160067 seconds (7.61 M allocations: 40.733 GiB, 9.21% gc time)
[2023-01-17T01:12:29.553]Completed Shot 5, state 5
8800.942949 seconds (5.62 G allocations: 14.184 TiB, 11.66% gc time)
8778.338257 seconds (5.60 G allocations: 14.140 TiB, 11.64% gc time)
 47.007622 seconds (4.57 M allocations: 27.136 GiB, 1.73% gc time)
[2023-01-17T01:12:47.121]Completed Shot 5, state 47
 40.857915 seconds (3.66 M allocations: 23.323 GiB, 1.99% gc time)
[2023-01-17T01:12:47.877]Completed Shot 5, state 23
[2023-01-17T01:12:48.644]Diagonalized H.
 38.486378 seconds (3.26 M allocations: 21.920 GiB, 2.11% gc time)
[2023-01-17T01:12:49.275]Completed Shot 5, state 27
 39.212772 seconds (3.37 M allocations: 23.425 GiB, 2.07% gc time)
[2023-01-17T01:12:50.363]Completed Shot 5, state 37
 49.529774 seconds (4.81 M allocations: 29.286 GiB, 1.64% gc time)
[2023-01-17T01:12:50.534]Completed Shot 5, state 42
[2023-01-17T01:12:50.662]Diagonalized H.
8807.114516 seconds (5.62 G allocations: 14.172 TiB, 11.64% gc time)
[2023-01-17T01:12:51.899]Diagonalized H.
[2023-01-17T01:12:52.472]Diagonalized H.
8780.909782 seconds (5.59 G allocations: 14.126 TiB, 11.63% gc time)
[2023-01-17T01:13:00.636]Diagonalized H.
8858.501240 seconds (5.64 G allocations: 14.245 TiB, 11.63% gc time)
 47.920109 seconds (2.32 M allocations: 26.848 GiB, 1.25% gc time)
[2023-01-17T01:13:13.382]Completed Shot 5, state 38
 48.877637 seconds (2.29 M allocations: 26.741 GiB, 1.23% gc time)
[2023-01-17T01:13:14.547]Completed Shot 5, state 17
[2023-01-17T01:13:16.693]Diagonalized H.
[2023-01-17T01:13:16.953]Diagonalized H.
 37.883572 seconds (1.37 M allocations: 17.152 GiB, 1.58% gc time)
[2023-01-17T01:13:17.252]Completed Shot 5, state 26
 44.525938 seconds (1.75 M allocations: 19.377 GiB, 1.35% gc time)
[2023-01-17T01:13:17.415]Completed Shot 5, state 6
 43.317499 seconds (652.33 k allocations: 16.396 GiB, 1.38% gc time)
[2023-01-17T01:13:34.065]Completed Shot 5, state 20
 34.146529 seconds (344.20 k allocations: 9.916 GiB)
[2023-01-17T01:13:35.404]Completed Shot 5, state 29
 40.798047 seconds (371.54 k allocations: 10.527 GiB, 1.47% gc time)
[2023-01-17T01:13:37.286]Completed Shot 5, state 19
[2023-01-17T01:13:37.286]**********Simulation completed!**********
[2023-01-17T01:13:37.287]**********Saving**********
[2023-01-17T01:13:41.335]Saving file: /gpfs/bwfor/work/ws/hd_ku269-logs/LightCones/2023-01-15/512559_N11_BS.jld2
[2023-01-17T01:13:42.835]**********Run completed!**********
============================= JOB FEEDBACK =============================
Job ID: 512559
Cluster: helix
User/Group: hd_ku269/hd_hd
State: COMPLETED (exit code 0)
Nodes: 1
Cores per node: 64
CPU Utilized: 61-11:49:14
CPU Efficiency: 87.14% of 70-13:37:04 core-walltime
Job Wall-clock time: 1-02:27:46
Memory Utilized: 134.65 GB
Memory Efficiency: 57.06% of 236.00 GB
