  Activating project at `/gpfs/bwfor/work/ws/hd_ku269-light_cones/WorkingFolder`
Added MKL.jl
Project LightCones v0.1.0
Status `/gpfs/bwfor/work/ws/hd_ku269-light_cones/WorkingFolder/Project.toml`
  [7d9fca2a] Arpack v0.5.3
  [7073ff75] IJulia v1.23.3
  [033835bb] JLD2 v0.4.25
  [0b1a1467] KrylovKit v0.6.0
  [d3d80556] LineSearches v7.2.0
  [33e6dc65] MKL v0.6.0
  [429524aa] Optim v1.7.3
  [91a5bcdd] Plots v1.35.5
  [c3e4b0f8] Pluto v0.19.14
  [3c0b384b] QuantumInformation v0.4.9
  [189a3867] Reexport v1.2.2
  [295af30f] Revise v3.4.0
  [ebcc8a00] SpinSymmetry v0.3.3
  [59d54670] ThreadedSparseArrays v0.2.2
  [ade2ca70] Dates
  [8ba89e20] Distributed
  [37e2e46d] LinearAlgebra
  [de0858da] Printf
  [9a3f8284] Random
  [1a1011a3] SharedArrays
  [2f01184e] SparseArrays
  [10745b16] Statistics
[2022-11-04T23:20:46.061]**********RANDOM FIELDS**********
shared_krylov_pbc.jl
Working Directory:          /gpfs/bwfor/work/ws/hd_ku269-light_cones/WorkingFolder
SLURM Directory:            /gpfs/bwfor/work/ws/hd_ku269-light_cones/WorkingFolder 
Running on host:            m09n15
Job id:                     136562
Job name:                   otoc_simulation_N13_ED_nn_pbc
Number of nodes allocated:  
Number of cores allocated:  1
#threads of Julia:          64
#threads of BLAS:           64
ARGS = ["13", "25", "x", "24"]
LOCATION = "/gpfs/bwfor/work/ws/hd_ku269-logs/LightCones/2022-11-04"
N = 13
SHOTS = 25
OBSERVABLE = "x"
DISORDER_PARAM = 24.0
[2022-11-04T23:20:46.245]**********Running simulation**********
[2022-11-04T23:20:46.301]trange = [0.001, 0.0012328467394420659, 0.0015199110829529332, 0.001873817422860383, 0.002310129700083158, 0.002848035868435802, 0.003511191734215131, 0.004328761281083057, 0.005336699231206307, 0.006579332246575682, 0.008111308307896864, 0.010000000000000002, 0.012328467394420665, 0.01519911082952933, 0.01873817422860384, 0.023101297000831605, 0.02848035868435802, 0.03511191734215131, 0.043287612810830614, 0.05336699231206307, 0.0657933224657568, 0.08111308307896876, 0.09999999999999995, 0.12328467394420659, 0.15199110829529347, 0.1873817422860385, 0.23101297000831617, 0.2848035868435802, 0.3511191734215131, 0.43287612810830595, 0.5336699231206312, 0.6579332246575682, 0.8111308307896873, 1.0, 1.232846739442066, 1.5199110829529339, 1.873817422860383, 2.31012970008316, 2.8480358684358005, 3.5111917342151275, 4.328761281083057, 5.3366992312063095, 6.5793322465756825, 8.11130830789688, 9.999999999999995, 12.32846739442066, 15.199110829529348, 18.73817422860384, 23.101297000831604, 28.480358684358034, 35.11191734215131, 43.28761281083057, 53.366992312063154, 65.79332246575676, 81.11308307896864, 100.0, 123.28467394420646, 151.99110829529363, 187.3817422860383, 231.01297000831556, 284.8035868435805, 351.11917342151276, 432.87612810830615, 533.6699231206312, 657.9332246575682, 811.1308307896873, 1000.0, 1232.8467394420659, 1519.9110829529332, 1873.817422860383, 2310.1297000831582, 2848.035868435799, 3511.1917342151273, 4328.761281083052, 5336.6992312063185, 6579.332246575669, 8111.308307896856, 10000.0, 12328.467394420633, 15199.11082952933, 18738.17422860383, 23101.297000831626, 28480.35868435805, 35111.917342151275, 43287.612810830615, 53366.99231206302, 65793.32246575695, 81113.08307896873, 100000.0, 123284.67394420685, 151991.10829529332, 187381.74228603867, 231012.97000831628, 284803.5868435805, 351119.17342151346, 432876.12810830615, 533669.9231206313, 657933.2246575683, 811130.8307896872, 1.0e6]
[2022-11-04T23:20:46.619]A=σx
[2022-11-04T23:20:47.072]PBC
[2022-11-04T23:20:47.072]Nearest Neighbour
[2022-11-04T23:20:48.188]Created Hamiltonian for Shot 25
[[2022-11-04T23:20:48.188]Created Hamiltonian for Shot 4
2022-11-04T23:20:48.188]Created Hamiltonian for Shot 1
[2022-11-04T23:20:48.188]Created Hamiltonian for Shot 2
[[2022-11-04T23:20:48.188]Created Hamiltonian for Shot 21
2022-11-04T23:20:48.188]Created Hamiltonian for Shot 23
[2022-11-04T23:20:48.188]Created Hamiltonian for Shot 3
[2022-11-04T23:20:48.188]Created Hamiltonian for Shot 5
[2022-11-04T23:20:48.188]Created Hamiltonian for Shot 6
[[[2022-11-04T23:20:48.188]Created Hamiltonian for Shot 22
2022-11-04T23:20:48.188]Created Hamiltonian for Shot 24
2022-11-04T23:20:48.188]Created Hamiltonian for Shot 17
[[[2022-11-04T23:20:48.188]Created Hamiltonian for Shot 13
2022-11-04T23:20:48.188]Created Hamiltonian for Shot 8
2022-11-04T23:20:48.188]Created Hamiltonian for Shot 7
[[[2022-11-04T23:20:48.188]Created Hamiltonian for Shot 18
2022-11-04T23:20:48.188]Created Hamiltonian for Shot 9
2022-11-04T23:20:48.188]Created Hamiltonian for Shot 19
[2022-11-04T23:20:48.188]Created Hamiltonian for Shot 14
[2022-11-04T23:20:48.189]Created Hamiltonian for Shot 10
[2022-11-04T23:20:48.189]Created Hamiltonian for Shot 12
[2022-11-04T23:20:48.189]Created Hamiltonian for Shot 20
[[2022-11-04T23:20:48.189]Created Hamiltonian for Shot 16
2022-11-04T23:20:48.189]Created Hamiltonian for Shot 11
[2022-11-04T23:20:48.189]Created Hamiltonian for Shot 15
[[[[[2022-11-05T00:03:34.085]2022-11-04T23:58:55.181]Diagonalized H.
Diagonalized H.
[2022-11-05T00:03:34.014]Diagonalized H.
2022-11-05T00:03:33.882]Diagonalized H.
2022-11-05T00:03:34.007]Diagonalized H.
2022-11-05T00:03:33.967]Diagonalized H.
[[[[[[[[[2022-11-05T00:03:34.241]Diagonalized H.
2022-11-05T00:03:34.184]Diagonalized H.
[2022-11-05T00:03:34.248]Diagonalized H.
2022-11-05T00:03:34.2432022-11-05T00:03:34.212]]Diagonalized H.
Diagonalized H.
2022-11-05T00:03:34.239]Diagonalized H.
2022-11-05T00:07:13.826]Diagonalized H.
2022-11-05T00:03:34.2272022-11-05T00:03:34.277]]Diagonalized H.Diagonalized H.

2022-11-05T00:03:34.230]Diagonalized H.
[2022-11-05T00:07:14.447]Diagonalized H.
[[[2022-11-05T00:07:15.536]Diagonalized H.
2022-11-05T00:07:15.535]Diagonalized H.
2022-11-05T00:07:15.573]Diagonalized H.
[[[[2022-11-05T00:07:33.206]Diagonalized H.
2022-11-05T00:07:33.134]Diagonalized H.
2022-11-05T00:07:20.500]Diagonalized H.
2022-11-05T00:07:33.207]Diagonalized H.
[2022-11-05T00:13:23.979]Diagonalized H.
[2022-11-05T01:50:49.214]Completed Shot 23
[2022-11-05T01:52:46.990]Completed Shot 24
[2022-11-05T01:54:55.138]Completed Shot 8
[2022-11-05T01:56:29.410]Completed Shot 19
[2022-11-05T02:30:06.404]Completed Shot 15
[2022-11-05T02:30:06.404]Completed Shot 18
[2022-11-05T02:38:50.392]Completed Shot 1
[2022-11-05T02:49:12.398]Completed Shot 4
[2022-11-05T02:49:52.015]Completed Shot 25
[2022-11-05T02:50:03.707]Completed Shot 11
[2022-11-05T02:55:24.568]Completed Shot 12
[2022-11-05T02:57:40.056]Completed Shot 2
[2022-11-05T02:58:47.687]Completed Shot 14
[2022-11-05T02:58:53.186]Completed Shot 3
[2022-11-05T02:59:10.994]Completed Shot 13
[2022-11-05T02:59:39.275]Completed Shot 16
[2022-11-05T03:00:24.790]Completed Shot 6
[2022-11-05T03:02:40.364]Completed Shot 5
[2022-11-05T03:03:05.935]Completed Shot 7
[2022-11-05T03:03:33.223]Completed Shot 17
[2022-11-05T03:03:44.693]Completed Shot 22
[2022-11-05T03:03:57.311]Completed Shot 20
[2022-11-05T03:04:31.063]Completed Shot 21
[2022-11-05T03:04:40.555]Completed Shot 9
[2022-11-05T03:05:05.851]Completed Shot 10
[2022-11-05T03:05:05.852]**********Simulation completed!**********
[2022-11-05T03:05:05.852]**********Saving**********
[2022-11-05T03:05:09.776]Saving file: /gpfs/bwfor/work/ws/hd_ku269-logs/LightCones/2022-11-04/136562_N13_ED.jld2
[2022-11-05T03:05:11.136]**********Run completed!**********
============================= JOB FEEDBACK =============================
Job ID: 136562
Cluster: helix
User/Group: hd_ku269/hd_hd
State: COMPLETED (exit code 0)
Nodes: 1
Cores per node: 64
CPU Utilized: 9-16:02:59
CPU Efficiency: 96.74% of 9-23:52:32 core-walltime
Job Wall-clock time: 03:44:53
Memory Utilized: 141.24 GB
Memory Efficiency: 57.65% of 245.00 GB
