Added MKL.jl
Project LightCones v0.1.0
Status `/gpfs/bwfor/work/ws/hd_ku269-light_cones/WorkingFolder/Project.toml`
⌃ [7d9fca2a] Arpack v0.5.3
⌃ [7073ff75] IJulia v1.23.3
⌃ [033835bb] JLD2 v0.4.25
  [0b1a1467] KrylovKit v0.6.0
  [d3d80556] LineSearches v7.2.0
  [33e6dc65] MKL v0.6.0
⌃ [429524aa] Optim v1.7.3
⌃ [91a5bcdd] Plots v1.35.5
⌃ [c3e4b0f8] Pluto v0.19.14
  [3c0b384b] QuantumInformation v0.4.9
  [189a3867] Reexport v1.2.2
⌃ [295af30f] Revise v3.4.0
  [ebcc8a00] SpinSymmetry v0.3.3
  [59d54670] ThreadedSparseArrays v0.2.2
  [ade2ca70] Dates
  [8ba89e20] Distributed
  [37e2e46d] LinearAlgebra
  [de0858da] Printf
  [9a3f8284] Random
  [1a1011a3] SharedArrays
  [2f01184e] SparseArrays
  [10745b16] Statistics
Info Packages marked with ⌃ have new versions available and may be upgradable.
[2023-01-09T09:15:40.383]**********RANDOM FIELDS**********
shared_krylov.jl
Working Directory:          /gpfs/bwfor/work/ws/hd_ku269-light_cones/WorkingFolder
SLURM Directory:            /gpfs/bwfor/work/ws/hd_ku269-light_cones/WorkingFolder 
Running on host:            m06n11
Job id:                     468875
Job name:                   otoc_simulation_N11_TR_FIDONLY
Number of nodes allocated:  
Number of cores allocated:  1
#threads of Julia:          64
#threads of BLAS:           1
ARGS = ["11", "10", "50", "BS", "x", "6", "100", "WAHUHA"]
LOCATION = "/gpfs/bwfor/work/ws/hd_ku269-logs/LightCones/2023-01-09"
N = 11
SHOTS = 10
MULT_RANDOM_STATES = true
N_RANDOM_STATES = 50
TYPE_OF_RS = "BS"
OBSERVABLE = "x"
DISORDER_PARAM = 6.0
[2023-01-09T09:15:40.544]**********Running simulation**********
[2023-01-09T09:15:40.617]trange = 0.1:0.1:20.0
[2023-01-09T09:15:40.924]A = σx
[2023-01-09T09:15:41.322]alpha=6
[2023-01-09T09:15:41.322]PBC
4[2023-01-09T09:15:43.680]Operations set up.
Using multiple states.
4154.332598 seconds (2.68 G allocations: 6.681 TiB, 12.89% gc time, 0.15% compilation time)
[2023-01-09T10:25:08.347]Completed Shot 1, state 11
4169.360883 seconds (2.70 G allocations: 6.710 TiB, 12.93% gc time, 0.15% compilation time)
[2023-01-09T10:25:23.345]Completed Shot 1, state 1
4165.124158 seconds (2.70 G allocations: 6.710 TiB, 12.94% gc time, 0.05% compilation time)
[2023-01-09T10:25:23.398]Completed Shot 1, state 33
4165.245435 seconds (2.70 G allocations: 6.710 TiB, 12.94% gc time, 0.05% compilation time)
[2023-01-09T10:25:23.520]Completed Shot 1, state 43
4165.574232 seconds (2.70 G allocations: 6.711 TiB, 12.94% gc time, 0.04% compilation time)
[2023-01-09T10:25:24.047]Completed Shot 1, state 4
4167.453558 seconds (2.70 G allocations: 6.715 TiB, 12.93% gc time, 0.06% compilation time)
[2023-01-09T10:25:25.392]Completed Shot 1, state 39
4168.195500 seconds (2.70 G allocations: 6.718 TiB, 12.93% gc time, 0.05% compilation time)
[2023-01-09T10:25:26.469]Completed Shot 1, state 32
4168.631219 seconds (2.70 G allocations: 6.719 TiB, 12.93% gc time, 0.06% compilation time)
[2023-01-09T10:25:26.570]Completed Shot 1, state 27
4168.684103 seconds (2.70 G allocations: 6.720 TiB, 12.93% gc time, 0.04% compilation time)
[2023-01-09T10:25:27.149]Completed Shot 1, state 13
4169.085375 seconds (2.70 G allocations: 6.721 TiB, 12.93% gc time, 0.05% compilation time)
[2023-01-09T10:25:27.541]Completed Shot 1, state 3
4169.961981 seconds (2.70 G allocations: 6.722 TiB, 12.93% gc time, 0.06% compilation time)
[2023-01-09T10:25:27.900]Completed Shot 1, state 25
4169.453772 seconds (2.70 G allocations: 6.722 TiB, 12.93% gc time, 0.05% compilation time)
[2023-01-09T10:25:27.911]Completed Shot 1, state 20
4173.204968 seconds (2.70 G allocations: 6.727 TiB, 12.95% gc time, 0.05% compilation time)
[2023-01-09T10:25:31.479]Completed Shot 1, state 9
4174.083873 seconds (2.70 G allocations: 6.730 TiB, 12.95% gc time, 0.05% compilation time)
[2023-01-09T10:25:32.393]Completed Shot 1, state 26
4174.950940 seconds (2.71 G allocations: 6.733 TiB, 12.94% gc time, 0.05% compilation time)
[2023-01-09T10:25:33.223]Completed Shot 1, state 2
4174.827747 seconds (2.70 G allocations: 6.733 TiB, 12.94% gc time, 0.04% compilation time)
[2023-01-09T10:25:33.287]Completed Shot 1, state 21
4175.923511 seconds (2.71 G allocations: 6.735 TiB, 12.94% gc time, 0.06% compilation time)
[2023-01-09T10:25:33.862]Completed Shot 1, state 24
4176.387305 seconds (2.71 G allocations: 6.737 TiB, 12.94% gc time, 0.05% compilation time)
[2023-01-09T10:25:34.664]Completed Shot 1, state 40
4183.080183 seconds (2.71 G allocations: 6.740 TiB, 12.94% gc time, 0.15% compilation time)
[2023-01-09T10:25:37.065]Completed Shot 1, state 15
4178.801453 seconds (2.71 G allocations: 6.740 TiB, 12.95% gc time, 0.04% compilation time)
[2023-01-09T10:25:37.264]Completed Shot 1, state 34
4183.756403 seconds (2.71 G allocations: 6.742 TiB, 12.94% gc time, 0.15% compilation time)
[2023-01-09T10:25:37.773]Completed Shot 1, state 31
4179.352477 seconds (2.71 G allocations: 6.742 TiB, 12.95% gc time, 0.04% compilation time)
[2023-01-09T10:25:37.813]Completed Shot 1, state 28
4183.938154 seconds (2.71 G allocations: 6.742 TiB, 12.94% gc time, 0.15% compilation time)
[2023-01-09T10:25:37.922]Completed Shot 1, state 10
4180.019165 seconds (2.71 G allocations: 6.742 TiB, 12.95% gc time, 0.06% compilation time)
[2023-01-09T10:25:37.958]Completed Shot 1, state 29
4179.890479 seconds (2.71 G allocations: 6.743 TiB, 12.95% gc time, 0.05% compilation time)
[2023-01-09T10:25:38.165]Completed Shot 1, state 46
4181.342840 seconds (2.71 G allocations: 6.745 TiB, 12.94% gc time, 0.06% compilation time)
[2023-01-09T10:25:39.282]Completed Shot 1, state 38
4181.058424 seconds (2.71 G allocations: 6.745 TiB, 12.95% gc time, 0.04% compilation time)
[2023-01-09T10:25:39.520]Completed Shot 1, state 22
4181.293303 seconds (2.71 G allocations: 6.746 TiB, 12.94% gc time, 0.05% compilation time)
[2023-01-09T10:25:39.566]Completed Shot 1, state 35
4182.123062 seconds (2.71 G allocations: 6.747 TiB, 12.94% gc time, 0.05% compilation time)
[2023-01-09T10:25:40.489]Completed Shot 1, state 12
4182.249220 seconds (2.71 G allocations: 6.747 TiB, 12.94% gc time, 0.05% compilation time)
[2023-01-09T10:25:40.530]Completed Shot 1, state 45
4182.338374 seconds (2.71 G allocations: 6.747 TiB, 12.94% gc time, 0.05% compilation time)
[2023-01-09T10:25:40.637]Completed Shot 1, state 48
4186.780425 seconds (2.71 G allocations: 6.748 TiB, 12.93% gc time, 0.15% compilation time)
[2023-01-09T10:25:40.764]Completed Shot 1, state 19
4183.659243 seconds (2.71 G allocations: 6.748 TiB, 12.95% gc time, 0.06% compilation time)
[2023-01-09T10:25:41.598]Completed Shot 1, state 42
4183.485074 seconds (2.71 G allocations: 6.748 TiB, 12.95% gc time, 0.05% compilation time)
[2023-01-09T10:25:41.756]Completed Shot 1, state 5
4183.529882 seconds (2.71 G allocations: 6.748 TiB, 12.95% gc time, 0.05% compilation time)
[2023-01-09T10:25:41.809]Completed Shot 1, state 47
4189.189322 seconds (2.71 G allocations: 6.751 TiB, 12.93% gc time, 0.15% compilation time)
[2023-01-09T10:25:43.206]Completed Shot 1, state 16
4185.006017 seconds (2.71 G allocations: 6.751 TiB, 12.95% gc time, 0.04% compilation time)
[2023-01-09T10:25:43.463]Completed Shot 1, state 14
4185.635942 seconds (2.71 G allocations: 6.751 TiB, 12.95% gc time, 0.06% compilation time)
[2023-01-09T10:25:43.574]Completed Shot 1, state 49
4186.136579 seconds (2.71 G allocations: 6.752 TiB, 12.94% gc time, 0.05% compilation time)
[2023-01-09T10:25:44.447]Completed Shot 1, state 44
4186.967614 seconds (2.71 G allocations: 6.753 TiB, 12.94% gc time, 0.05% compilation time)
[2023-01-09T10:25:45.248]Completed Shot 1, state 37
4187.556058 seconds (2.71 G allocations: 6.753 TiB, 12.95% gc time, 0.05% compilation time)
[2023-01-09T10:25:45.930]Completed Shot 1, state 6
4187.969332 seconds (2.71 G allocations: 6.754 TiB, 12.95% gc time, 0.05% compilation time)
[2023-01-09T10:25:46.242]Completed Shot 1, state 7
4188.448898 seconds (2.71 G allocations: 6.754 TiB, 12.95% gc time, 0.06% compilation time)
[2023-01-09T10:25:46.387]Completed Shot 1, state 36
4188.364086 seconds (2.71 G allocations: 6.754 TiB, 12.95% gc time, 0.05% compilation time)
[2023-01-09T10:25:46.637]Completed Shot 1, state 8
4189.041400 seconds (2.71 G allocations: 6.754 TiB, 12.94% gc time, 0.06% compilation time)
[2023-01-09T10:25:46.980]Completed Shot 1, state 50
4189.347603 seconds (2.71 G allocations: 6.754 TiB, 12.94% gc time, 0.06% compilation time)
[2023-01-09T10:25:47.287]Completed Shot 1, state 17
4193.582622 seconds (2.71 G allocations: 6.755 TiB, 12.93% gc time, 0.15% compilation time)
[2023-01-09T10:25:47.599]Completed Shot 1, state 41
4189.494523 seconds (2.71 G allocations: 6.755 TiB, 12.94% gc time, 0.05% compilation time)
[2023-01-09T10:25:47.767]Completed Shot 1, state 30
4189.424081 seconds (2.71 G allocations: 6.755 TiB, 12.94% gc time, 0.05% compilation time)
[2023-01-09T10:25:47.798]Completed Shot 1, state 18
4189.603354 seconds (2.71 G allocations: 6.754 TiB, 12.94% gc time, 0.04% compilation time)
[2023-01-09T10:25:48.061]Completed Shot 1, state 23
4444.045605 seconds (2.56 G allocations: 6.400 TiB, 11.04% gc time)
[2023-01-09T11:39:52.112]Completed Shot 2, state 39
4468.768893 seconds (2.58 G allocations: 6.440 TiB, 11.04% gc time)
[2023-01-09T11:40:16.835]Completed Shot 2, state 46
4493.280596 seconds (2.59 G allocations: 6.481 TiB, 11.06% gc time)
[2023-01-09T11:40:41.345]Completed Shot 2, state 16
4499.283006 seconds (2.60 G allocations: 6.491 TiB, 11.07% gc time)
[2023-01-09T11:40:47.347]Completed Shot 2, state 11
4499.812663 seconds (2.60 G allocations: 6.492 TiB, 11.07% gc time)
[2023-01-09T11:40:47.876]Completed Shot 2, state 1
4500.446154 seconds (2.60 G allocations: 6.494 TiB, 11.07% gc time)
[2023-01-09T11:40:48.510]Completed Shot 2, state 8
4501.983380 seconds (2.60 G allocations: 6.497 TiB, 11.07% gc time)
[2023-01-09T11:40:50.050]Completed Shot 2, state 43
4503.977080 seconds (2.60 G allocations: 6.502 TiB, 11.06% gc time)
[2023-01-09T11:40:52.040]Completed Shot 2, state 4
4507.350882 seconds (2.60 G allocations: 6.507 TiB, 11.07% gc time)
[2023-01-09T11:40:55.417]Completed Shot 2, state 40
4507.448495 seconds (2.60 G allocations: 6.507 TiB, 11.07% gc time)
[2023-01-09T11:40:55.514]Completed Shot 2, state 24
4508.088485 seconds (2.60 G allocations: 6.508 TiB, 11.07% gc time)
[2023-01-09T11:40:56.154]Completed Shot 2, state 28
4509.130092 seconds (2.60 G allocations: 6.511 TiB, 11.07% gc time)
[2023-01-09T11:40:57.196]Completed Shot 2, state 37
4509.895887 seconds (2.61 G allocations: 6.513 TiB, 11.07% gc time)
[2023-01-09T11:40:57.961]Completed Shot 2, state 23
4510.103901 seconds (2.61 G allocations: 6.513 TiB, 11.07% gc time)
[2023-01-09T11:40:58.169]Completed Shot 2, state 27
4510.463749 seconds (2.61 G allocations: 6.514 TiB, 11.07% gc time)
[2023-01-09T11:40:58.527]Completed Shot 2, state 7
4511.460055 seconds (2.61 G allocations: 6.514 TiB, 11.08% gc time)
[2023-01-09T11:40:59.525]Completed Shot 2, state 20
4513.011731 seconds (2.61 G allocations: 6.517 TiB, 11.08% gc time)
[2023-01-09T11:41:01.077]Completed Shot 2, state 30
4513.343061 seconds (2.61 G allocations: 6.518 TiB, 11.08% gc time)
[2023-01-09T11:41:01.409]Completed Shot 2, state 32
4514.365982 seconds (2.61 G allocations: 6.520 TiB, 11.07% gc time)
[2023-01-09T11:41:02.430]Completed Shot 2, state 17
4514.506523 seconds (2.61 G allocations: 6.520 TiB, 11.07% gc time)
[2023-01-09T11:41:02.572]Completed Shot 2, state 35
4514.746326 seconds (2.61 G allocations: 6.521 TiB, 11.07% gc time)
[2023-01-09T11:41:02.810]Completed Shot 2, state 14
4515.333245 seconds (2.61 G allocations: 6.522 TiB, 11.07% gc time)
[2023-01-09T11:41:03.397]Completed Shot 2, state 9
4517.822579 seconds (2.61 G allocations: 6.525 TiB, 11.08% gc time)
[2023-01-09T11:41:05.888]Completed Shot 2, state 26
4518.015825 seconds (2.61 G allocations: 6.525 TiB, 11.08% gc time)
[2023-01-09T11:41:06.082]Completed Shot 2, state 50
4518.731577 seconds (2.61 G allocations: 6.526 TiB, 11.08% gc time)
[2023-01-09T11:41:06.795]Completed Shot 2, state 10
4518.936277 seconds (2.61 G allocations: 6.527 TiB, 11.08% gc time)
[2023-01-09T11:41:07.001]Completed Shot 2, state 25
4520.754660 seconds (2.61 G allocations: 6.530 TiB, 11.07% gc time)
[2023-01-09T11:41:08.819]Completed Shot 2, state 19
4520.806866 seconds (2.61 G allocations: 6.530 TiB, 11.07% gc time)
[2023-01-09T11:41:08.872]Completed Shot 2, state 22
4523.069483 seconds (2.61 G allocations: 6.533 TiB, 11.08% gc time)
[2023-01-09T11:41:11.133]Completed Shot 2, state 12
4524.197940 seconds (2.61 G allocations: 6.534 TiB, 11.07% gc time)
[2023-01-09T11:41:12.264]Completed Shot 2, state 38
4524.231785 seconds (2.61 G allocations: 6.534 TiB, 11.07% gc time)
[2023-01-09T11:41:12.298]Completed Shot 2, state 36
4525.220477 seconds (2.61 G allocations: 6.536 TiB, 11.07% gc time)
[2023-01-09T11:41:13.285]Completed Shot 2, state 15
4526.418200 seconds (2.61 G allocations: 6.536 TiB, 11.08% gc time)
[2023-01-09T11:41:14.482]Completed Shot 2, state 13
4526.960022 seconds (2.62 G allocations: 6.537 TiB, 11.08% gc time)
[2023-01-09T11:41:15.026]Completed Shot 2, state 49
4527.058153 seconds (2.62 G allocations: 6.537 TiB, 11.08% gc time)
[2023-01-09T11:41:15.123]Completed Shot 2, state 29
4527.985219 seconds (2.62 G allocations: 6.538 TiB, 11.07% gc time)
[2023-01-09T11:41:16.051]Completed Shot 2, state 47
4528.260275 seconds (2.62 G allocations: 6.539 TiB, 11.07% gc time)
[2023-01-09T11:41:16.323]Completed Shot 2, state 6
4529.204996 seconds (2.62 G allocations: 6.540 TiB, 11.07% gc time)
[2023-01-09T11:41:17.271]Completed Shot 2, state 41
4530.832326 seconds (2.62 G allocations: 6.541 TiB, 11.07% gc time)
[2023-01-09T11:41:18.899]Completed Shot 2, state 48
4531.279885 seconds (2.62 G allocations: 6.541 TiB, 11.07% gc time)
[2023-01-09T11:41:19.345]Completed Shot 2, state 33
4531.284355 seconds (2.62 G allocations: 6.541 TiB, 11.07% gc time)
[2023-01-09T11:41:19.350]Completed Shot 2, state 44
4531.351315 seconds (2.62 G allocations: 6.541 TiB, 11.07% gc time)
[2023-01-09T11:41:19.417]Completed Shot 2, state 42
4532.307378 seconds (2.62 G allocations: 6.542 TiB, 11.07% gc time)
[2023-01-09T11:41:20.370]Completed Shot 2, state 2
4532.657570 seconds (2.62 G allocations: 6.542 TiB, 11.07% gc time)
[2023-01-09T11:41:20.720]Completed Shot 2, state 5
4533.522394 seconds (2.62 G allocations: 6.543 TiB, 11.07% gc time)
[2023-01-09T11:41:21.587]Completed Shot 2, state 18
4534.657763 seconds (2.62 G allocations: 6.543 TiB, 11.07% gc time)
[2023-01-09T11:41:22.723]Completed Shot 2, state 31
4534.857079 seconds (2.62 G allocations: 6.543 TiB, 11.07% gc time)
[2023-01-09T11:41:22.923]Completed Shot 2, state 45
4535.404695 seconds (2.62 G allocations: 6.543 TiB, 11.06% gc time)
[2023-01-09T11:41:23.467]Completed Shot 2, state 3
4535.834282 seconds (2.62 G allocations: 6.543 TiB, 11.06% gc time)
[2023-01-09T11:41:23.900]Completed Shot 2, state 34
4542.551227 seconds (2.62 G allocations: 6.544 TiB, 11.05% gc time)
[2023-01-09T11:41:30.616]Completed Shot 2, state 21
4004.732335 seconds (2.75 G allocations: 6.840 TiB, 12.58% gc time)
[2023-01-09T12:48:15.352]Completed Shot 3, state 31
4010.981148 seconds (2.76 G allocations: 6.853 TiB, 12.58% gc time)
[2023-01-09T12:48:21.601]Completed Shot 3, state 42
4013.453347 seconds (2.76 G allocations: 6.859 TiB, 12.57% gc time)
[2023-01-09T12:48:24.073]Completed Shot 3, state 24
4013.862678 seconds (2.76 G allocations: 6.860 TiB, 12.57% gc time)
[2023-01-09T12:48:24.480]Completed Shot 3, state 3
4017.238398 seconds (2.76 G allocations: 6.866 TiB, 12.59% gc time)
[2023-01-09T12:48:27.856]Completed Shot 3, state 7
4017.306936 seconds (2.76 G allocations: 6.866 TiB, 12.59% gc time)
[2023-01-09T12:48:27.924]Completed Shot 3, state 2
4017.765749 seconds (2.76 G allocations: 6.867 TiB, 12.59% gc time)
[2023-01-09T12:48:28.386]Completed Shot 3, state 47
4018.687944 seconds (2.77 G allocations: 6.869 TiB, 12.58% gc time)
[2023-01-09T12:48:29.308]Completed Shot 3, state 46
4020.430552 seconds (2.77 G allocations: 6.874 TiB, 12.58% gc time)
[2023-01-09T12:48:31.049]Completed Shot 3, state 14
4021.197738 seconds (2.77 G allocations: 6.876 TiB, 12.58% gc time)
[2023-01-09T12:48:31.818]Completed Shot 3, state 49
4022.279170 seconds (2.77 G allocations: 6.877 TiB, 12.60% gc time)
[2023-01-09T12:48:32.899]Completed Shot 3, state 36
4022.833436 seconds (2.77 G allocations: 6.878 TiB, 12.59% gc time)
[2023-01-09T12:48:33.453]Completed Shot 3, state 22
4023.484081 seconds (2.77 G allocations: 6.880 TiB, 12.59% gc time)
[2023-01-09T12:48:34.103]Completed Shot 3, state 20
4024.532915 seconds (2.77 G allocations: 6.883 TiB, 12.59% gc time)
[2023-01-09T12:48:35.153]Completed Shot 3, state 45
4024.606629 seconds (2.77 G allocations: 6.884 TiB, 12.59% gc time)
[2023-01-09T12:48:35.227]Completed Shot 3, state 30
4025.886272 seconds (2.77 G allocations: 6.886 TiB, 12.60% gc time)
[2023-01-09T12:48:36.506]Completed Shot 3, state 26
4025.919810 seconds (2.77 G allocations: 6.886 TiB, 12.60% gc time)
[2023-01-09T12:48:36.539]Completed Shot 3, state 12
4026.167230 seconds (2.77 G allocations: 6.886 TiB, 12.60% gc time)
[2023-01-09T12:48:36.785]Completed Shot 3, state 5
4026.444688 seconds (2.77 G allocations: 6.887 TiB, 12.60% gc time)
[2023-01-09T12:48:37.065]Completed Shot 3, state 38
4026.817293 seconds (2.77 G allocations: 6.888 TiB, 12.60% gc time)
[2023-01-09T12:48:37.435]Completed Shot 3, state 4
4027.249573 seconds (2.77 G allocations: 6.889 TiB, 12.59% gc time)
[2023-01-09T12:48:37.870]Completed Shot 3, state 43
4027.317418 seconds (2.77 G allocations: 6.889 TiB, 12.59% gc time)
[2023-01-09T12:48:37.937]Completed Shot 3, state 27
4027.739230 seconds (2.77 G allocations: 6.890 TiB, 12.59% gc time)
[2023-01-09T12:48:38.359]Completed Shot 3, state 34
4027.783750 seconds (2.77 G allocations: 6.890 TiB, 12.59% gc time)
[2023-01-09T12:48:38.402]Completed Shot 3, state 15
4030.197705 seconds (2.78 G allocations: 6.895 TiB, 12.59% gc time)
[2023-01-09T12:48:40.816]Completed Shot 3, state 8
4030.273641 seconds (2.78 G allocations: 6.895 TiB, 12.59% gc time)
[2023-01-09T12:48:40.894]Completed Shot 3, state 48
4030.532700 seconds (2.78 G allocations: 6.895 TiB, 12.59% gc time)
[2023-01-09T12:48:41.153]Completed Shot 3, state 37
4031.062698 seconds (2.78 G allocations: 6.897 TiB, 12.59% gc time)
[2023-01-09T12:48:41.681]Completed Shot 3, state 10
4031.527744 seconds (2.78 G allocations: 6.898 TiB, 12.59% gc time)
[2023-01-09T12:48:42.145]Completed Shot 3, state 1
4032.746983 seconds (2.78 G allocations: 6.899 TiB, 12.59% gc time)
[2023-01-09T12:48:43.367]Completed Shot 3, state 40
4033.156811 seconds (2.78 G allocations: 6.900 TiB, 12.59% gc time)
[2023-01-09T12:48:43.776]Completed Shot 3, state 25
4033.158024 seconds (2.78 G allocations: 6.900 TiB, 12.59% gc time)
[2023-01-09T12:48:43.776]Completed Shot 3, state 11
4033.566389 seconds (2.78 G allocations: 6.900 TiB, 12.59% gc time)
[2023-01-09T12:48:44.184]Completed Shot 3, state 9
4033.779674 seconds (2.78 G allocations: 6.901 TiB, 12.59% gc time)
[2023-01-09T12:48:44.399]Completed Shot 3, state 29
4033.868847 seconds (2.78 G allocations: 6.901 TiB, 12.59% gc time)
[2023-01-09T12:48:44.488]Completed Shot 3, state 19
4033.907381 seconds (2.78 G allocations: 6.901 TiB, 12.59% gc time)
[2023-01-09T12:48:44.528]Completed Shot 3, state 41
4034.173503 seconds (2.78 G allocations: 6.901 TiB, 12.59% gc time)
[2023-01-09T12:48:44.794]Completed Shot 3, state 44
4034.807834 seconds (2.78 G allocations: 6.902 TiB, 12.59% gc time)
[2023-01-09T12:48:45.428]Completed Shot 3, state 33
4035.012761 seconds (2.78 G allocations: 6.902 TiB, 12.59% gc time)
[2023-01-09T12:48:45.632]Completed Shot 3, state 32
4035.142660 seconds (2.78 G allocations: 6.902 TiB, 12.59% gc time)
[2023-01-09T12:48:45.761]Completed Shot 3, state 16
4035.227498 seconds (2.78 G allocations: 6.902 TiB, 12.59% gc time)
[2023-01-09T12:48:45.847]Completed Shot 3, state 28
4036.042854 seconds (2.78 G allocations: 6.903 TiB, 12.59% gc time)
[2023-01-09T12:48:46.662]Completed Shot 3, state 18
4036.323260 seconds (2.78 G allocations: 6.903 TiB, 12.59% gc time)
[2023-01-09T12:48:46.943]Completed Shot 3, state 35
4036.989624 seconds (2.78 G allocations: 6.904 TiB, 12.59% gc time)
[2023-01-09T12:48:47.608]Completed Shot 3, state 13
4037.131391 seconds (2.78 G allocations: 6.904 TiB, 12.59% gc time)
[2023-01-09T12:48:47.750]Completed Shot 3, state 17
4038.123456 seconds (2.78 G allocations: 6.904 TiB, 12.58% gc time)
[2023-01-09T12:48:48.743]Completed Shot 3, state 39
4038.953378 seconds (2.78 G allocations: 6.904 TiB, 12.58% gc time)
[2023-01-09T12:48:49.572]Completed Shot 3, state 23
4039.522309 seconds (2.78 G allocations: 6.905 TiB, 12.58% gc time)
[2023-01-09T12:48:50.141]Completed Shot 3, state 21
4041.707085 seconds (2.78 G allocations: 6.905 TiB, 12.58% gc time)
[2023-01-09T12:48:52.327]Completed Shot 3, state 50
4042.386386 seconds (2.78 G allocations: 6.905 TiB, 12.57% gc time)
[2023-01-09T12:48:53.004]Completed Shot 3, state 6
3786.811668 seconds (2.64 G allocations: 6.595 TiB, 13.21% gc time)
[2023-01-09T13:51:59.819]Completed Shot 4, state 14
3793.728524 seconds (2.65 G allocations: 6.607 TiB, 13.22% gc time)
[2023-01-09T13:52:06.738]Completed Shot 4, state 43
3794.629705 seconds (2.65 G allocations: 6.609 TiB, 13.22% gc time)
[2023-01-09T13:52:07.636]Completed Shot 4, state 2
3796.042628 seconds (2.65 G allocations: 6.612 TiB, 13.21% gc time)
[2023-01-09T13:52:09.050]Completed Shot 4, state 22
3796.259219 seconds (2.65 G allocations: 6.613 TiB, 13.21% gc time)
[2023-01-09T13:52:09.266]Completed Shot 4, state 8
3796.438764 seconds (2.65 G allocations: 6.613 TiB, 13.21% gc time)
[2023-01-09T13:52:09.447]Completed Shot 4, state 37
3797.142824 seconds (2.65 G allocations: 6.615 TiB, 13.21% gc time)
[2023-01-09T13:52:10.151]Completed Shot 4, state 28
3797.658876 seconds (2.65 G allocations: 6.616 TiB, 13.21% gc time)
[2023-01-09T13:52:10.668]Completed Shot 4, state 46
3797.786270 seconds (2.65 G allocations: 6.617 TiB, 13.20% gc time)
[2023-01-09T13:52:10.795]Completed Shot 4, state 27
3798.059234 seconds (2.65 G allocations: 6.617 TiB, 13.20% gc time)
[2023-01-09T13:52:11.067]Completed Shot 4, state 23
3799.884550 seconds (2.65 G allocations: 6.620 TiB, 13.22% gc time)
[2023-01-09T13:52:12.893]Completed Shot 4, state 31
3800.748760 seconds (2.65 G allocations: 6.622 TiB, 13.21% gc time)
[2023-01-09T13:52:13.757]Completed Shot 4, state 32
3800.824713 seconds (2.65 G allocations: 6.622 TiB, 13.21% gc time)
[2023-01-09T13:52:13.834]Completed Shot 4, state 41
3801.152115 seconds (2.65 G allocations: 6.623 TiB, 13.21% gc time)
[2023-01-09T13:52:14.161]Completed Shot 4, state 47
3801.431921 seconds (2.65 G allocations: 6.624 TiB, 13.21% gc time)
[2023-01-09T13:52:14.439]Completed Shot 4, state 16
3801.628216 seconds (2.66 G allocations: 6.624 TiB, 13.21% gc time)
[2023-01-09T13:52:14.634]Completed Shot 4, state 3
3802.201913 seconds (2.66 G allocations: 6.625 TiB, 13.22% gc time)
[2023-01-09T13:52:15.211]Completed Shot 4, state 50
3802.355012 seconds (2.66 G allocations: 6.625 TiB, 13.22% gc time)
[2023-01-09T13:52:15.362]Completed Shot 4, state 10
3802.804800 seconds (2.66 G allocations: 6.626 TiB, 13.22% gc time)
[2023-01-09T13:52:15.813]Completed Shot 4, state 30
3802.894636 seconds (2.66 G allocations: 6.626 TiB, 13.22% gc time)
[2023-01-09T13:52:15.904]Completed Shot 4, state 42
3803.063304 seconds (2.66 G allocations: 6.626 TiB, 13.22% gc time)
[2023-01-09T13:52:16.071]Completed Shot 4, state 21
3803.538914 seconds (2.66 G allocations: 6.627 TiB, 13.22% gc time)
[2023-01-09T13:52:16.548]Completed Shot 4, state 49
3803.723347 seconds (2.66 G allocations: 6.628 TiB, 13.22% gc time)
[2023-01-09T13:52:16.731]Completed Shot 4, state 17
3804.239772 seconds (2.66 G allocations: 6.629 TiB, 13.21% gc time)
[2023-01-09T13:52:17.247]Completed Shot 4, state 18
3804.248286 seconds (2.66 G allocations: 6.629 TiB, 13.21% gc time)
[2023-01-09T13:52:17.257]Completed Shot 4, state 45
3804.285977 seconds (2.66 G allocations: 6.629 TiB, 13.21% gc time)
[2023-01-09T13:52:17.292]Completed Shot 4, state 6
3804.499930 seconds (2.66 G allocations: 6.630 TiB, 13.21% gc time)
[2023-01-09T13:52:17.508]Completed Shot 4, state 33
3804.589243 seconds (2.66 G allocations: 6.630 TiB, 13.21% gc time)
[2023-01-09T13:52:17.598]Completed Shot 4, state 34
3805.129795 seconds (2.66 G allocations: 6.630 TiB, 13.22% gc time)
[2023-01-09T13:52:18.139]Completed Shot 4, state 36
3806.145378 seconds (2.66 G allocations: 6.632 TiB, 13.22% gc time)
[2023-01-09T13:52:19.153]Completed Shot 4, state 20
3806.606096 seconds (2.66 G allocations: 6.633 TiB, 13.22% gc time)
[2023-01-09T13:52:19.614]Completed Shot 4, state 25
3806.680569 seconds (2.66 G allocations: 6.634 TiB, 13.21% gc time)
[2023-01-09T13:52:19.687]Completed Shot 4, state 11
3806.681482 seconds (2.66 G allocations: 6.634 TiB, 13.21% gc time)
[2023-01-09T13:52:19.689]Completed Shot 4, state 19
3806.871104 seconds (2.66 G allocations: 6.634 TiB, 13.21% gc time)
[2023-01-09T13:52:19.878]Completed Shot 4, state 13
3807.599394 seconds (2.66 G allocations: 6.635 TiB, 13.22% gc time)
[2023-01-09T13:52:20.605]Completed Shot 4, state 4
3807.744565 seconds (2.66 G allocations: 6.635 TiB, 13.22% gc time)
[2023-01-09T13:52:20.751]Completed Shot 4, state 12
3808.114126 seconds (2.66 G allocations: 6.635 TiB, 13.22% gc time)
[2023-01-09T13:52:21.123]Completed Shot 4, state 48
3808.418374 seconds (2.66 G allocations: 6.635 TiB, 13.21% gc time)
[2023-01-09T13:52:21.425]Completed Shot 4, state 7
3808.545163 seconds (2.66 G allocations: 6.636 TiB, 13.21% gc time)
[2023-01-09T13:52:21.551]Completed Shot 4, state 1
3808.841258 seconds (2.66 G allocations: 6.636 TiB, 13.21% gc time)
[2023-01-09T13:52:21.850]Completed Shot 4, state 40
3809.149428 seconds (2.66 G allocations: 6.636 TiB, 13.21% gc time)
[2023-01-09T13:52:22.156]Completed Shot 4, state 9
3809.512971 seconds (2.66 G allocations: 6.637 TiB, 13.21% gc time)
[2023-01-09T13:52:22.522]Completed Shot 4, state 44
3809.667211 seconds (2.66 G allocations: 6.637 TiB, 13.21% gc time)
[2023-01-09T13:52:22.676]Completed Shot 4, state 39
3810.598387 seconds (2.66 G allocations: 6.637 TiB, 13.21% gc time)
[2023-01-09T13:52:23.605]Completed Shot 4, state 15
3810.655858 seconds (2.66 G allocations: 6.637 TiB, 13.21% gc time)
[2023-01-09T13:52:23.662]Completed Shot 4, state 5
3811.135447 seconds (2.66 G allocations: 6.638 TiB, 13.21% gc time)
[2023-01-09T13:52:24.143]Completed Shot 4, state 24
3811.160653 seconds (2.66 G allocations: 6.638 TiB, 13.21% gc time)
[2023-01-09T13:52:24.169]Completed Shot 4, state 26
3811.680164 seconds (2.66 G allocations: 6.638 TiB, 13.20% gc time)
[2023-01-09T13:52:24.688]Completed Shot 4, state 29
3811.720069 seconds (2.66 G allocations: 6.638 TiB, 13.20% gc time)
[2023-01-09T13:52:24.729]Completed Shot 4, state 35
3814.444738 seconds (2.66 G allocations: 6.638 TiB, 13.20% gc time)
[2023-01-09T13:52:27.453]Completed Shot 4, state 38
4110.478875 seconds (2.64 G allocations: 6.596 TiB, 11.82% gc time)
[2023-01-09T15:00:57.937]Completed Shot 5, state 34
4117.006642 seconds (2.65 G allocations: 6.607 TiB, 11.83% gc time)
[2023-01-09T15:01:04.465]Completed Shot 5, state 35
4118.453217 seconds (2.65 G allocations: 6.610 TiB, 11.82% gc time)
[2023-01-09T15:01:05.909]Completed Shot 5, state 7
4118.610904 seconds (2.65 G allocations: 6.611 TiB, 11.82% gc time)
[2023-01-09T15:01:06.071]Completed Shot 5, state 45
4118.696235 seconds (2.65 G allocations: 6.611 TiB, 11.82% gc time)
[2023-01-09T15:01:06.154]Completed Shot 5, state 38
4123.078318 seconds (2.65 G allocations: 6.616 TiB, 11.85% gc time)
[2023-01-09T15:01:10.535]Completed Shot 5, state 16
4127.451194 seconds (2.65 G allocations: 6.626 TiB, 11.84% gc time)
[2023-01-09T15:01:14.910]Completed Shot 5, state 42
4132.641696 seconds (2.66 G allocations: 6.635 TiB, 11.85% gc time)
[2023-01-09T15:01:20.101]Completed Shot 5, state 46
4132.646319 seconds (2.66 G allocations: 6.635 TiB, 11.85% gc time)
[2023-01-09T15:01:20.102]Completed Shot 5, state 4
4133.832408 seconds (2.66 G allocations: 6.638 TiB, 11.85% gc time)
[2023-01-09T15:01:21.291]Completed Shot 5, state 37
4135.441589 seconds (2.66 G allocations: 6.642 TiB, 11.85% gc time)
[2023-01-09T15:01:22.897]Completed Shot 5, state 2
4135.445691 seconds (2.66 G allocations: 6.642 TiB, 11.85% gc time)
[2023-01-09T15:01:22.903]Completed Shot 5, state 23
4136.184734 seconds (2.66 G allocations: 6.644 TiB, 11.84% gc time)
[2023-01-09T15:01:23.642]Completed Shot 5, state 20
4137.781414 seconds (2.66 G allocations: 6.646 TiB, 11.86% gc time)
[2023-01-09T15:01:25.238]Completed Shot 5, state 14
4137.785690 seconds (2.66 G allocations: 6.646 TiB, 11.86% gc time)
[2023-01-09T15:01:25.244]Completed Shot 5, state 33
4138.114622 seconds (2.66 G allocations: 6.646 TiB, 11.86% gc time)
[2023-01-09T15:01:25.573]Completed Shot 5, state 47
4140.195736 seconds (2.66 G allocations: 6.651 TiB, 11.86% gc time)
[2023-01-09T15:01:27.654]Completed Shot 5, state 49
4140.397979 seconds (2.66 G allocations: 6.652 TiB, 11.85% gc time)
[2023-01-09T15:01:27.856]Completed Shot 5, state 28
4141.421333 seconds (2.67 G allocations: 6.654 TiB, 11.85% gc time)
[2023-01-09T15:01:28.877]Completed Shot 5, state 10
4142.734396 seconds (2.67 G allocations: 6.655 TiB, 11.87% gc time)
[2023-01-09T15:01:30.192]Completed Shot 5, state 29
4143.115290 seconds (2.67 G allocations: 6.656 TiB, 11.87% gc time)
[2023-01-09T15:01:30.573]Completed Shot 5, state 25
4143.166071 seconds (2.67 G allocations: 6.656 TiB, 11.87% gc time)
[2023-01-09T15:01:30.623]Completed Shot 5, state 18
4143.421651 seconds (2.67 G allocations: 6.657 TiB, 11.87% gc time)
[2023-01-09T15:01:30.877]Completed Shot 5, state 8
4144.342264 seconds (2.67 G allocations: 6.658 TiB, 11.86% gc time)
[2023-01-09T15:01:31.800]Completed Shot 5, state 32
4144.584211 seconds (2.67 G allocations: 6.659 TiB, 11.86% gc time)
[2023-01-09T15:01:32.043]Completed Shot 5, state 44
4145.622494 seconds (2.67 G allocations: 6.661 TiB, 11.86% gc time)
[2023-01-09T15:01:33.081]Completed Shot 5, state 39
4146.212101 seconds (2.67 G allocations: 6.662 TiB, 11.86% gc time)
[2023-01-09T15:01:33.670]Completed Shot 5, state 27
4146.302181 seconds (2.67 G allocations: 6.662 TiB, 11.86% gc time)
[2023-01-09T15:01:33.759]Completed Shot 5, state 22
4147.622367 seconds (2.67 G allocations: 6.664 TiB, 11.87% gc time)
[2023-01-09T15:01:35.081]Completed Shot 5, state 36
4147.883258 seconds (2.67 G allocations: 6.664 TiB, 11.87% gc time)
[2023-01-09T15:01:35.338]Completed Shot 5, state 1
4148.241374 seconds (2.67 G allocations: 6.665 TiB, 11.86% gc time)
[2023-01-09T15:01:35.697]Completed Shot 5, state 5
4148.251948 seconds (2.67 G allocations: 6.665 TiB, 11.86% gc time)
[2023-01-09T15:01:35.709]Completed Shot 5, state 21
4148.650995 seconds (2.67 G allocations: 6.666 TiB, 11.86% gc time)
[2023-01-09T15:01:36.108]Completed Shot 5, state 24
4149.586359 seconds (2.67 G allocations: 6.667 TiB, 11.86% gc time)
[2023-01-09T15:01:37.042]Completed Shot 5, state 6
4149.675419 seconds (2.67 G allocations: 6.667 TiB, 11.86% gc time)
[2023-01-09T15:01:37.131]Completed Shot 5, state 3
4149.748592 seconds (2.67 G allocations: 6.667 TiB, 11.86% gc time)
[2023-01-09T15:01:37.207]Completed Shot 5, state 50
4152.373298 seconds (2.67 G allocations: 6.670 TiB, 11.87% gc time)
[2023-01-09T15:01:39.830]Completed Shot 5, state 13
4152.540313 seconds (2.67 G allocations: 6.670 TiB, 11.87% gc time)
[2023-01-09T15:01:39.996]Completed Shot 5, state 11
4153.192375 seconds (2.67 G allocations: 6.671 TiB, 11.87% gc time)
[2023-01-09T15:01:40.651]Completed Shot 5, state 41
4154.092846 seconds (2.67 G allocations: 6.672 TiB, 11.86% gc time)
[2023-01-09T15:01:41.549]Completed Shot 5, state 17
4154.155972 seconds (2.67 G allocations: 6.673 TiB, 11.86% gc time)
[2023-01-09T15:01:41.613]Completed Shot 5, state 19
4154.254674 seconds (2.67 G allocations: 6.673 TiB, 11.86% gc time)
[2023-01-09T15:01:41.711]Completed Shot 5, state 12
4154.647993 seconds (2.67 G allocations: 6.673 TiB, 11.86% gc time)
[2023-01-09T15:01:42.106]Completed Shot 5, state 31
4154.665441 seconds (2.67 G allocations: 6.673 TiB, 11.86% gc time)
[2023-01-09T15:01:42.124]Completed Shot 5, state 48
4155.590268 seconds (2.67 G allocations: 6.673 TiB, 11.87% gc time)
[2023-01-09T15:01:43.047]Completed Shot 5, state 15
4155.737343 seconds (2.67 G allocations: 6.674 TiB, 11.87% gc time)
[2023-01-09T15:01:43.196]Completed Shot 5, state 43
4155.786866 seconds (2.67 G allocations: 6.674 TiB, 11.87% gc time)
[2023-01-09T15:01:43.243]Completed Shot 5, state 9
4158.113507 seconds (2.67 G allocations: 6.674 TiB, 11.86% gc time)
[2023-01-09T15:01:45.571]Completed Shot 5, state 30
  Activating project at `/gpfs/bwfor/work/ws/hd_ku269-light_cones/WorkingFolder`
4158.303238 seconds (2.67 G allocations: 6.674 TiB, 11.86% gc time)
[2023-01-09T15:01:45.762]Completed Shot 5, state 40
4166.722792 seconds (2.67 G allocations: 6.675 TiB, 11.84% gc time)
[2023-01-09T15:01:54.180]Completed Shot 5, state 26
3747.512079 seconds (2.63 G allocations: 6.564 TiB, 13.32% gc time)
[2023-01-09T16:04:21.695]Completed Shot 6, state 13
3747.671466 seconds (2.63 G allocations: 6.565 TiB, 13.32% gc time)
[2023-01-09T16:04:21.856]Completed Shot 6, state 36
3748.616264 seconds (2.63 G allocations: 6.567 TiB, 13.32% gc time)
[2023-01-09T16:04:22.801]Completed Shot 6, state 48
3748.813791 seconds (2.63 G allocations: 6.567 TiB, 13.32% gc time)
[2023-01-09T16:04:22.998]Completed Shot 6, state 21
3749.926719 seconds (2.63 G allocations: 6.570 TiB, 13.31% gc time)
[2023-01-09T16:04:24.111]Completed Shot 6, state 39
3750.359823 seconds (2.63 G allocations: 6.571 TiB, 13.31% gc time)
[2023-01-09T16:04:24.544]Completed Shot 6, state 40
3752.535371 seconds (2.63 G allocations: 6.573 TiB, 13.33% gc time)
[2023-01-09T16:04:26.720]Completed Shot 6, state 41
3753.528343 seconds (2.63 G allocations: 6.575 TiB, 13.33% gc time)
[2023-01-09T16:04:27.712]Completed Shot 6, state 28
3753.600498 seconds (2.63 G allocations: 6.575 TiB, 13.33% gc time)
[2023-01-09T16:04:27.783]Completed Shot 6, state 12
3753.988968 seconds (2.63 G allocations: 6.576 TiB, 13.33% gc time)
[2023-01-09T16:04:28.171]Completed Shot 6, state 6
3755.044267 seconds (2.63 G allocations: 6.579 TiB, 13.32% gc time)
[2023-01-09T16:04:29.229]Completed Shot 6, state 37
3755.612706 seconds (2.63 G allocations: 6.580 TiB, 13.32% gc time)
[2023-01-09T16:04:29.795]Completed Shot 6, state 9
3755.788996 seconds (2.63 G allocations: 6.581 TiB, 13.32% gc time)
[2023-01-09T16:04:29.973]Completed Shot 6, state 25
3756.082122 seconds (2.64 G allocations: 6.582 TiB, 13.32% gc time)
[2023-01-09T16:04:30.267]Completed Shot 6, state 46
3756.812171 seconds (2.64 G allocations: 6.583 TiB, 13.32% gc time)
[2023-01-09T16:04:30.997]Completed Shot 6, state 31
3757.021978 seconds (2.64 G allocations: 6.584 TiB, 13.32% gc time)
[2023-01-09T16:04:31.206]Completed Shot 6, state 35
3758.658356 seconds (2.64 G allocations: 6.585 TiB, 13.33% gc time)
[2023-01-09T16:04:32.841]Completed Shot 6, state 10
3759.089465 seconds (2.64 G allocations: 6.586 TiB, 13.33% gc time)
[2023-01-09T16:04:33.273]Completed Shot 6, state 20
3759.300919 seconds (2.64 G allocations: 6.586 TiB, 13.33% gc time)
[2023-01-09T16:04:33.484]Completed Shot 6, state 17
3759.301632 seconds (2.64 G allocations: 6.586 TiB, 13.33% gc time)
[2023-01-09T16:04:33.486]Completed Shot 6, state 26
3760.053664 seconds (2.64 G allocations: 6.588 TiB, 13.33% gc time)
[2023-01-09T16:04:34.237]Completed Shot 6, state 18
3760.308040 seconds (2.64 G allocations: 6.588 TiB, 13.33% gc time)
[2023-01-09T16:04:34.492]Completed Shot 6, state 19
3760.576646 seconds (2.64 G allocations: 6.589 TiB, 13.33% gc time)
[2023-01-09T16:04:34.761]Completed Shot 6, state 33
3760.639600 seconds (2.64 G allocations: 6.589 TiB, 13.33% gc time)
[2023-01-09T16:04:34.821]Completed Shot 6, state 5
3760.953216 seconds (2.64 G allocations: 6.590 TiB, 13.33% gc time)
[2023-01-09T16:04:35.135]Completed Shot 6, state 7
3761.063583 seconds (2.64 G allocations: 6.590 TiB, 13.33% gc time)
[2023-01-09T16:04:35.248]Completed Shot 6, state 38
3761.159442 seconds (2.64 G allocations: 6.590 TiB, 13.32% gc time)
[2023-01-09T16:04:35.341]Completed Shot 6, state 2
3761.300604 seconds (2.64 G allocations: 6.590 TiB, 13.32% gc time)
[2023-01-09T16:04:35.483]Completed Shot 6, state 15
3761.725044 seconds (2.64 G allocations: 6.591 TiB, 13.32% gc time)
[2023-01-09T16:04:35.910]Completed Shot 6, state 45
3761.893580 seconds (2.64 G allocations: 6.591 TiB, 13.32% gc time)
[2023-01-09T16:04:36.078]Completed Shot 6, state 49
3762.278478 seconds (2.64 G allocations: 6.592 TiB, 13.32% gc time)
[2023-01-09T16:04:36.463]Completed Shot 6, state 34
3763.332334 seconds (2.64 G allocations: 6.593 TiB, 13.33% gc time)
[2023-01-09T16:04:37.517]Completed Shot 6, state 47
3763.534933 seconds (2.64 G allocations: 6.593 TiB, 13.33% gc time)
[2023-01-09T16:04:37.717]Completed Shot 6, state 4
3764.148092 seconds (2.64 G allocations: 6.594 TiB, 13.33% gc time)
[2023-01-09T16:04:38.332]Completed Shot 6, state 23
3764.345254 seconds (2.64 G allocations: 6.594 TiB, 13.33% gc time)
[2023-01-09T16:04:38.529]Completed Shot 6, state 32
3764.433458 seconds (2.64 G allocations: 6.594 TiB, 13.33% gc time)
[2023-01-09T16:04:38.617]Completed Shot 6, state 24
3764.466318 seconds (2.64 G allocations: 6.594 TiB, 13.33% gc time)
[2023-01-09T16:04:38.650]Completed Shot 6, state 22
3765.255522 seconds (2.64 G allocations: 6.595 TiB, 13.32% gc time)
[2023-01-09T16:04:39.439]Completed Shot 6, state 27
3765.352430 seconds (2.64 G allocations: 6.595 TiB, 13.32% gc time)
[2023-01-09T16:04:39.537]Completed Shot 6, state 50
3765.436386 seconds (2.64 G allocations: 6.595 TiB, 13.32% gc time)
[2023-01-09T16:04:39.620]Completed Shot 6, state 29
3765.524894 seconds (2.64 G allocations: 6.595 TiB, 13.32% gc time)
[2023-01-09T16:04:39.709]Completed Shot 6, state 30
3765.612089 seconds (2.64 G allocations: 6.596 TiB, 13.32% gc time)
[2023-01-09T16:04:39.795]Completed Shot 6, state 16
3766.131307 seconds (2.64 G allocations: 6.596 TiB, 13.32% gc time)
[2023-01-09T16:04:40.316]Completed Shot 6, state 43
3767.199647 seconds (2.64 G allocations: 6.596 TiB, 13.32% gc time)
[2023-01-09T16:04:41.382]Completed Shot 6, state 8
3767.449210 seconds (2.64 G allocations: 6.597 TiB, 13.32% gc time)
[2023-01-09T16:04:41.631]Completed Shot 6, state 3
3767.525821 seconds (2.64 G allocations: 6.597 TiB, 13.32% gc time)
[2023-01-09T16:04:41.710]Completed Shot 6, state 42
3767.574848 seconds (2.64 G allocations: 6.597 TiB, 13.32% gc time)
[2023-01-09T16:04:41.759]Completed Shot 6, state 44
3768.084119 seconds (2.64 G allocations: 6.597 TiB, 13.32% gc time)
[2023-01-09T16:04:42.267]Completed Shot 6, state 14
3769.164294 seconds (2.64 G allocations: 6.597 TiB, 13.32% gc time)
[2023-01-09T16:04:43.347]Completed Shot 6, state 11
3769.178381 seconds (2.64 G allocations: 6.597 TiB, 13.32% gc time)
[2023-01-09T16:04:43.360]Completed Shot 6, state 1
3955.789122 seconds (2.64 G allocations: 6.583 TiB, 12.46% gc time)
[2023-01-09T17:10:39.152]Completed Shot 7, state 26
3976.079798 seconds (2.65 G allocations: 6.619 TiB, 12.48% gc time)
[2023-01-09T17:10:59.442]Completed Shot 7, state 12
3976.861409 seconds (2.66 G allocations: 6.621 TiB, 12.47% gc time)
[2023-01-09T17:11:00.225]Completed Shot 7, state 38
3978.439506 seconds (2.66 G allocations: 6.622 TiB, 12.49% gc time)
[2023-01-09T17:11:01.803]Completed Shot 7, state 28
3979.558936 seconds (2.66 G allocations: 6.624 TiB, 12.49% gc time)
[2023-01-09T17:11:02.923]Completed Shot 7, state 43
3981.809042 seconds (2.66 G allocations: 6.630 TiB, 12.48% gc time)
[2023-01-09T17:11:05.171]Completed Shot 7, state 7
3982.630476 seconds (2.66 G allocations: 6.632 TiB, 12.48% gc time)
[2023-01-09T17:11:05.993]Completed Shot 7, state 27
3982.787595 seconds (2.66 G allocations: 6.633 TiB, 12.48% gc time)
[2023-01-09T17:11:06.150]Completed Shot 7, state 14
3983.032656 seconds (2.66 G allocations: 6.633 TiB, 12.48% gc time)
[2023-01-09T17:11:06.396]Completed Shot 7, state 34
3983.461410 seconds (2.66 G allocations: 6.634 TiB, 12.48% gc time)
[2023-01-09T17:11:06.823]Completed Shot 7, state 4
3986.803585 seconds (2.66 G allocations: 6.639 TiB, 12.49% gc time)
[2023-01-09T17:11:10.165]Completed Shot 7, state 8
3987.287622 seconds (2.66 G allocations: 6.640 TiB, 12.49% gc time)
[2023-01-09T17:11:10.651]Completed Shot 7, state 37
3987.408868 seconds (2.66 G allocations: 6.641 TiB, 12.49% gc time)
[2023-01-09T17:11:10.770]Completed Shot 7, state 1
3988.174124 seconds (2.66 G allocations: 6.642 TiB, 12.49% gc time)
[2023-01-09T17:11:11.536]Completed Shot 7, state 9
3989.237408 seconds (2.67 G allocations: 6.645 TiB, 12.49% gc time)
[2023-01-09T17:11:12.600]Completed Shot 7, state 21
3990.714887 seconds (2.67 G allocations: 6.646 TiB, 12.50% gc time)
[2023-01-09T17:11:14.078]Completed Shot 7, state 31
3993.050545 seconds (2.67 G allocations: 6.652 TiB, 12.49% gc time)
[2023-01-09T17:11:16.414]Completed Shot 7, state 29
3993.482678 seconds (2.67 G allocations: 6.653 TiB, 12.49% gc time)
[2023-01-09T17:11:16.845]Completed Shot 7, state 15
3994.020450 seconds (2.67 G allocations: 6.655 TiB, 12.49% gc time)
[2023-01-09T17:11:17.384]Completed Shot 7, state 35
3994.804120 seconds (2.67 G allocations: 6.655 TiB, 12.50% gc time)
[2023-01-09T17:11:18.165]Completed Shot 7, state 5
3994.813085 seconds (2.67 G allocations: 6.655 TiB, 12.50% gc time)
[2023-01-09T17:11:18.175]Completed Shot 7, state 2
3995.431647 seconds (2.67 G allocations: 6.656 TiB, 12.50% gc time)
[2023-01-09T17:11:18.795]Completed Shot 7, state 40
3995.670431 seconds (2.67 G allocations: 6.657 TiB, 12.50% gc time)
[2023-01-09T17:11:19.034]Completed Shot 7, state 42
3997.314566 seconds (2.67 G allocations: 6.660 TiB, 12.50% gc time)
[2023-01-09T17:11:20.678]Completed Shot 7, state 49
3997.385883 seconds (2.67 G allocations: 6.660 TiB, 12.50% gc time)
[2023-01-09T17:11:20.748]Completed Shot 7, state 16
3997.671235 seconds (2.67 G allocations: 6.661 TiB, 12.50% gc time)
[2023-01-09T17:11:21.034]Completed Shot 7, state 30
3997.845909 seconds (2.67 G allocations: 6.661 TiB, 12.50% gc time)
[2023-01-09T17:11:21.209]Completed Shot 7, state 33
3998.007701 seconds (2.67 G allocations: 6.661 TiB, 12.49% gc time)
[2023-01-09T17:11:21.372]Completed Shot 7, state 45
3998.986509 seconds (2.67 G allocations: 6.662 TiB, 12.50% gc time)
[2023-01-09T17:11:22.350]Completed Shot 7, state 36
3999.920889 seconds (2.67 G allocations: 6.664 TiB, 12.50% gc time)
[2023-01-09T17:11:23.285]Completed Shot 7, state 44
3999.933309 seconds (2.67 G allocations: 6.664 TiB, 12.50% gc time)
[2023-01-09T17:11:23.296]Completed Shot 7, state 23
4000.257772 seconds (2.67 G allocations: 6.665 TiB, 12.50% gc time)
[2023-01-09T17:11:23.619]Completed Shot 7, state 10
4000.589172 seconds (2.67 G allocations: 6.665 TiB, 12.50% gc time)
[2023-01-09T17:11:23.951]Completed Shot 7, state 11
4000.733707 seconds (2.67 G allocations: 6.666 TiB, 12.50% gc time)
[2023-01-09T17:11:24.096]Completed Shot 7, state 22
4000.930249 seconds (2.67 G allocations: 6.666 TiB, 12.50% gc time)
[2023-01-09T17:11:24.293]Completed Shot 7, state 25
4002.050027 seconds (2.67 G allocations: 6.667 TiB, 12.50% gc time)
[2023-01-09T17:11:25.414]Completed Shot 7, state 39
4002.327566 seconds (2.67 G allocations: 6.668 TiB, 12.50% gc time)
[2023-01-09T17:11:25.690]Completed Shot 7, state 17
4003.233050 seconds (2.68 G allocations: 6.669 TiB, 12.50% gc time)
[2023-01-09T17:11:26.595]Completed Shot 7, state 19
4003.762345 seconds (2.68 G allocations: 6.670 TiB, 12.50% gc time)
[2023-01-09T17:11:27.124]Completed Shot 7, state 13
4004.194300 seconds (2.68 G allocations: 6.670 TiB, 12.49% gc time)
[2023-01-09T17:11:27.556]Completed Shot 7, state 6
4005.113865 seconds (2.68 G allocations: 6.671 TiB, 12.50% gc time)
[2023-01-09T17:11:28.477]Completed Shot 7, state 32
4006.697007 seconds (2.68 G allocations: 6.672 TiB, 12.49% gc time)
[2023-01-09T17:11:30.061]Completed Shot 7, state 41
4007.975908 seconds (2.68 G allocations: 6.673 TiB, 12.49% gc time)
[2023-01-09T17:11:31.340]Completed Shot 7, state 46
4008.086028 seconds (2.68 G allocations: 6.673 TiB, 12.49% gc time)
[2023-01-09T17:11:31.450]Completed Shot 7, state 47
4008.241151 seconds (2.68 G allocations: 6.674 TiB, 12.49% gc time)
[2023-01-09T17:11:31.602]Completed Shot 7, state 3
4008.379880 seconds (2.68 G allocations: 6.674 TiB, 12.49% gc time)
[2023-01-09T17:11:31.743]Completed Shot 7, state 24
4010.208825 seconds (2.68 G allocations: 6.675 TiB, 12.49% gc time)
[2023-01-09T17:11:33.571]Completed Shot 7, state 20
4010.743044 seconds (2.68 G allocations: 6.675 TiB, 12.48% gc time)
[2023-01-09T17:11:34.105]Completed Shot 7, state 18
4011.643199 seconds (2.68 G allocations: 6.675 TiB, 12.48% gc time)
[2023-01-09T17:11:35.007]Completed Shot 7, state 48
4025.130049 seconds (2.68 G allocations: 6.676 TiB, 12.44% gc time)
[2023-01-09T17:11:48.494]Completed Shot 7, state 50
3872.434155 seconds (2.62 G allocations: 6.555 TiB, 13.12% gc time)
[2023-01-09T18:16:20.936]Completed Shot 8, state 50
3876.753505 seconds (2.63 G allocations: 6.563 TiB, 13.10% gc time)
[2023-01-09T18:16:25.255]Completed Shot 8, state 47
3884.676755 seconds (2.63 G allocations: 6.577 TiB, 13.10% gc time)
[2023-01-09T18:16:33.177]Completed Shot 8, state 16
3886.504622 seconds (2.63 G allocations: 6.578 TiB, 13.11% gc time)
[2023-01-09T18:16:35.004]Completed Shot 8, state 4
3888.334685 seconds (2.63 G allocations: 6.582 TiB, 13.11% gc time)
[2023-01-09T18:16:36.836]Completed Shot 8, state 25
3890.385993 seconds (2.64 G allocations: 6.587 TiB, 13.10% gc time)
[2023-01-09T18:16:38.888]Completed Shot 8, state 35
3890.539143 seconds (2.64 G allocations: 6.587 TiB, 13.10% gc time)
[2023-01-09T18:16:39.041]Completed Shot 8, state 26
3890.688835 seconds (2.64 G allocations: 6.588 TiB, 13.10% gc time)
[2023-01-09T18:16:39.189]Completed Shot 8, state 14
3891.670889 seconds (2.64 G allocations: 6.588 TiB, 13.12% gc time)
3891.671573 seconds (2.64 G allocations: 6.588 TiB, 13.12% gc time)
[[2023-01-09T18:16:40.1732023-01-09T18:16:40.173]Completed Shot 8, state 21]
Completed Shot 8, state 32
3892.257374 seconds (2.64 G allocations: 6.589 TiB, 13.12% gc time)
[2023-01-09T18:16:40.759]Completed Shot 8, state 15
3892.823112 seconds (2.64 G allocations: 6.590 TiB, 13.11% gc time)
[2023-01-09T18:16:41.325]Completed Shot 8, state 49
3892.850674 seconds (2.64 G allocations: 6.590 TiB, 13.11% gc time)
[2023-01-09T18:16:41.352]Completed Shot 8, state 22
3892.911050 seconds (2.64 G allocations: 6.591 TiB, 13.11% gc time)
[2023-01-09T18:16:41.411]Completed Shot 8, state 9
3894.083654 seconds (2.64 G allocations: 6.593 TiB, 13.11% gc time)
[2023-01-09T18:16:42.586]Completed Shot 8, state 42
3894.323244 seconds (2.64 G allocations: 6.594 TiB, 13.11% gc time)
[2023-01-09T18:16:42.823]Completed Shot 8, state 12
3894.357913 seconds (2.64 G allocations: 6.594 TiB, 13.11% gc time)
[2023-01-09T18:16:42.860]Completed Shot 8, state 39
3894.475479 seconds (2.64 G allocations: 6.594 TiB, 13.11% gc time)
[2023-01-09T18:16:42.975]Completed Shot 8, state 2
3895.872923 seconds (2.64 G allocations: 6.596 TiB, 13.12% gc time)
[2023-01-09T18:16:44.373]Completed Shot 8, state 13
3896.403988 seconds (2.64 G allocations: 6.596 TiB, 13.12% gc time)
[2023-01-09T18:16:44.904]Completed Shot 8, state 6
3896.632983 seconds (2.64 G allocations: 6.597 TiB, 13.12% gc time)
[2023-01-09T18:16:45.133]Completed Shot 8, state 7
3896.661950 seconds (2.64 G allocations: 6.597 TiB, 13.12% gc time)
[2023-01-09T18:16:45.161]Completed Shot 8, state 3
3896.772331 seconds (2.64 G allocations: 6.597 TiB, 13.12% gc time)
[2023-01-09T18:16:45.273]Completed Shot 8, state 24
3897.385818 seconds (2.64 G allocations: 6.599 TiB, 13.12% gc time)
[2023-01-09T18:16:45.888]Completed Shot 8, state 34
3898.107394 seconds (2.64 G allocations: 6.600 TiB, 13.11% gc time)
[2023-01-09T18:16:46.606]Completed Shot 8, state 1
3898.224158 seconds (2.64 G allocations: 6.600 TiB, 13.11% gc time)
[2023-01-09T18:16:46.726]Completed Shot 8, state 37
3898.240054 seconds (2.64 G allocations: 6.600 TiB, 13.11% gc time)
[2023-01-09T18:16:46.741]Completed Shot 8, state 30
3898.355327 seconds (2.64 G allocations: 6.601 TiB, 13.11% gc time)
[2023-01-09T18:16:46.857]Completed Shot 8, state 44
3898.486282 seconds (2.64 G allocations: 6.601 TiB, 13.11% gc time)
[2023-01-09T18:16:46.986]Completed Shot 8, state 8
3898.525286 seconds (2.64 G allocations: 6.601 TiB, 13.11% gc time)
[2023-01-09T18:16:47.027]Completed Shot 8, state 36
3899.526666 seconds (2.64 G allocations: 6.602 TiB, 13.12% gc time)
[2023-01-09T18:16:48.029]Completed Shot 8, state 38
3899.697178 seconds (2.64 G allocations: 6.602 TiB, 13.12% gc time)
[2023-01-09T18:16:48.199]Completed Shot 8, state 41
3899.893408 seconds (2.64 G allocations: 6.602 TiB, 13.12% gc time)
[2023-01-09T18:16:48.394]Completed Shot 8, state 18
3900.344455 seconds (2.64 G allocations: 6.603 TiB, 13.12% gc time)
[2023-01-09T18:16:48.845]Completed Shot 8, state 17
3900.450619 seconds (2.64 G allocations: 6.603 TiB, 13.12% gc time)
[2023-01-09T18:16:48.952]Completed Shot 8, state 31
3901.046394 seconds (2.64 G allocations: 6.603 TiB, 13.12% gc time)
[2023-01-09T18:16:49.546]Completed Shot 8, state 10
3902.239180 seconds (2.64 G allocations: 6.605 TiB, 13.11% gc time)
[2023-01-09T18:16:50.740]Completed Shot 8, state 19
3902.314850 seconds (2.64 G allocations: 6.605 TiB, 13.11% gc time)
[2023-01-09T18:16:50.817]Completed Shot 8, state 46
3902.522764 seconds (2.64 G allocations: 6.605 TiB, 13.11% gc time)
[2023-01-09T18:16:51.024]Completed Shot 8, state 33
3902.551918 seconds (2.64 G allocations: 6.605 TiB, 13.11% gc time)
[2023-01-09T18:16:51.054]Completed Shot 8, state 48
3902.872140 seconds (2.64 G allocations: 6.605 TiB, 13.11% gc time)
[2023-01-09T18:16:51.372]Completed Shot 8, state 11
3902.949386 seconds (2.64 G allocations: 6.605 TiB, 13.11% gc time)
[2023-01-09T18:16:51.451]Completed Shot 8, state 28
3902.991988 seconds (2.64 G allocations: 6.605 TiB, 13.11% gc time)
[2023-01-09T18:16:51.493]Completed Shot 8, state 29
3903.238339 seconds (2.64 G allocations: 6.606 TiB, 13.11% gc time)
[2023-01-09T18:16:51.739]Completed Shot 8, state 20
3903.589651 seconds (2.64 G allocations: 6.606 TiB, 13.11% gc time)
[2023-01-09T18:16:52.092]Completed Shot 8, state 43
3904.177998 seconds (2.64 G allocations: 6.606 TiB, 13.11% gc time)
[2023-01-09T18:16:52.677]Completed Shot 8, state 5
3904.180510 seconds (2.64 G allocations: 6.606 TiB, 13.11% gc time)
[2023-01-09T18:16:52.682]Completed Shot 8, state 45
3905.347609 seconds (2.64 G allocations: 6.606 TiB, 13.10% gc time)
[2023-01-09T18:16:53.849]Completed Shot 8, state 27
3908.862464 seconds (2.64 G allocations: 6.607 TiB, 13.09% gc time)
[2023-01-09T18:16:57.363]Completed Shot 8, state 23
3910.002027 seconds (2.64 G allocations: 6.607 TiB, 13.09% gc time)
[2023-01-09T18:16:58.504]Completed Shot 8, state 40
3905.690780 seconds (2.62 G allocations: 6.543 TiB, 12.85% gc time)
[2023-01-09T19:22:04.199]Completed Shot 9, state 32
3909.928446 seconds (2.62 G allocations: 6.551 TiB, 12.86% gc time)
[2023-01-09T19:22:08.437]Completed Shot 9, state 50
3910.178897 seconds (2.62 G allocations: 6.551 TiB, 12.85% gc time)
[2023-01-09T19:22:08.686]Completed Shot 9, state 15
3910.912546 seconds (2.63 G allocations: 6.553 TiB, 12.85% gc time)
[2023-01-09T19:22:09.419]Completed Shot 9, state 14
3911.289376 seconds (2.63 G allocations: 6.554 TiB, 12.85% gc time)
[2023-01-09T19:22:09.797]Completed Shot 9, state 29
3914.068542 seconds (2.63 G allocations: 6.559 TiB, 12.86% gc time)
[2023-01-09T19:22:12.575]Completed Shot 9, state 10
3915.212479 seconds (2.63 G allocations: 6.562 TiB, 12.86% gc time)
[2023-01-09T19:22:13.721]Completed Shot 9, state 36
3915.343422 seconds (2.63 G allocations: 6.562 TiB, 12.86% gc time)
[2023-01-09T19:22:13.852]Completed Shot 9, state 46
3915.542806 seconds (2.63 G allocations: 6.562 TiB, 12.86% gc time)
[2023-01-09T19:22:14.050]Completed Shot 9, state 12
3916.040294 seconds (2.63 G allocations: 6.564 TiB, 12.85% gc time)
[2023-01-09T19:22:14.547]Completed Shot 9, state 11
3918.833009 seconds (2.63 G allocations: 6.569 TiB, 12.86% gc time)
[2023-01-09T19:22:17.339]Completed Shot 9, state 6
3918.937651 seconds (2.63 G allocations: 6.569 TiB, 12.86% gc time)
[2023-01-09T19:22:17.446]Completed Shot 9, state 41
3919.265438 seconds (2.63 G allocations: 6.570 TiB, 12.86% gc time)
[2023-01-09T19:22:17.773]Completed Shot 9, state 26
3919.659723 seconds (2.63 G allocations: 6.571 TiB, 12.86% gc time)
[2023-01-09T19:22:18.167]Completed Shot 9, state 19
3921.585150 seconds (2.63 G allocations: 6.574 TiB, 12.87% gc time)
[2023-01-09T19:22:20.091]Completed Shot 9, state 3
3921.854617 seconds (2.63 G allocations: 6.575 TiB, 12.87% gc time)
[2023-01-09T19:22:20.362]Completed Shot 9, state 31
3922.042469 seconds (2.63 G allocations: 6.575 TiB, 12.87% gc time)
[2023-01-09T19:22:20.551]Completed Shot 9, state 42
3922.311165 seconds (2.63 G allocations: 6.576 TiB, 12.87% gc time)
[2023-01-09T19:22:20.819]Completed Shot 9, state 30
3922.681648 seconds (2.63 G allocations: 6.577 TiB, 12.86% gc time)
[2023-01-09T19:22:21.189]Completed Shot 9, state 28
3922.712153 seconds (2.64 G allocations: 6.577 TiB, 12.86% gc time)
[2023-01-09T19:22:21.218]Completed Shot 9, state 9
3923.947969 seconds (2.64 G allocations: 6.578 TiB, 12.87% gc time)
[2023-01-09T19:22:22.456]Completed Shot 9, state 23
3924.702776 seconds (2.64 G allocations: 6.580 TiB, 12.87% gc time)
[2023-01-09T19:22:23.211]Completed Shot 9, state 34
3925.236473 seconds (2.64 G allocations: 6.581 TiB, 12.87% gc time)
[2023-01-09T19:22:23.744]Completed Shot 9, state 27
3925.528094 seconds (2.64 G allocations: 6.582 TiB, 12.87% gc time)
[2023-01-09T19:22:24.036]Completed Shot 9, state 37
3925.725296 seconds (2.64 G allocations: 6.582 TiB, 12.87% gc time)
[2023-01-09T19:22:24.234]Completed Shot 9, state 49
3926.517567 seconds (2.64 G allocations: 6.583 TiB, 12.87% gc time)
[2023-01-09T19:22:25.026]Completed Shot 9, state 43
3927.495709 seconds (2.64 G allocations: 6.585 TiB, 12.87% gc time)
[2023-01-09T19:22:26.004]Completed Shot 9, state 38
3927.649080 seconds (2.64 G allocations: 6.585 TiB, 12.87% gc time)
[2023-01-09T19:22:26.157]Completed Shot 9, state 33
3927.911800 seconds (2.64 G allocations: 6.586 TiB, 12.87% gc time)
[2023-01-09T19:22:26.417]Completed Shot 9, state 1
3928.898467 seconds (2.64 G allocations: 6.588 TiB, 12.87% gc time)
[2023-01-09T19:22:27.407]Completed Shot 9, state 39
3930.416254 seconds (2.64 G allocations: 6.590 TiB, 12.86% gc time)
[2023-01-09T19:22:28.922]Completed Shot 9, state 2
3930.489341 seconds (2.64 G allocations: 6.590 TiB, 12.86% gc time)
[2023-01-09T19:22:28.998]Completed Shot 9, state 47
3931.500049 seconds (2.64 G allocations: 6.591 TiB, 12.87% gc time)
[2023-01-09T19:22:30.006]Completed Shot 9, state 5
3932.167684 seconds (2.64 G allocations: 6.592 TiB, 12.86% gc time)
[2023-01-09T19:22:30.674]Completed Shot 9, state 17
3932.363754 seconds (2.64 G allocations: 6.593 TiB, 12.86% gc time)
[2023-01-09T19:22:30.870]Completed Shot 9, state 16
3932.707295 seconds (2.64 G allocations: 6.593 TiB, 12.86% gc time)
3932.708024 seconds (2.64 G allocations: 6.593 TiB, 12.86% gc time)
[[2023-01-09T19:22:31.215]Completed Shot 9, state 35
2023-01-09T19:22:31.215]Completed Shot 9, state 24
3932.963314 seconds (2.64 G allocations: 6.593 TiB, 12.86% gc time)
[2023-01-09T19:22:31.469]Completed Shot 9, state 7
3934.037641 seconds (2.64 G allocations: 6.594 TiB, 12.86% gc time)
[2023-01-09T19:22:32.546]Completed Shot 9, state 40
3934.240303 seconds (2.64 G allocations: 6.595 TiB, 12.86% gc time)
[2023-01-09T19:22:32.747]Completed Shot 9, state 22
3934.404988 seconds (2.64 G allocations: 6.595 TiB, 12.86% gc time)
[2023-01-09T19:22:32.912]Completed Shot 9, state 21
3934.970499 seconds (2.64 G allocations: 6.595 TiB, 12.86% gc time)
[2023-01-09T19:22:33.477]Completed Shot 9, state 18
3935.799204 seconds (2.64 G allocations: 6.596 TiB, 12.86% gc time)
[2023-01-09T19:22:34.305]Completed Shot 9, state 4
3936.394417 seconds (2.64 G allocations: 6.596 TiB, 12.86% gc time)
[2023-01-09T19:22:34.903]Completed Shot 9, state 44
3937.338354 seconds (2.64 G allocations: 6.597 TiB, 12.85% gc time)
[2023-01-09T19:22:35.845]Completed Shot 9, state 20
3937.644496 seconds (2.64 G allocations: 6.597 TiB, 12.85% gc time)
[2023-01-09T19:22:36.150]Completed Shot 9, state 8
3938.530119 seconds (2.64 G allocations: 6.597 TiB, 12.85% gc time)
[2023-01-09T19:22:37.038]Completed Shot 9, state 45
3942.952071 seconds (2.64 G allocations: 6.598 TiB, 12.84% gc time)
[2023-01-09T19:22:41.458]Completed Shot 9, state 13
3944.010144 seconds (2.64 G allocations: 6.598 TiB, 12.83% gc time)
[2023-01-09T19:22:42.519]Completed Shot 9, state 48
3945.322894 seconds (2.64 G allocations: 6.599 TiB, 12.83% gc time)
[2023-01-09T19:22:43.830]Completed Shot 9, state 25
3575.592927 seconds (2.59 G allocations: 6.481 TiB, 14.05% gc time)
[2023-01-09T20:22:19.429]Completed Shot 10, state 29
3581.614042 seconds (2.59 G allocations: 6.491 TiB, 14.07% gc time)
[2023-01-09T20:22:25.449]Completed Shot 10, state 26
3582.272641 seconds (2.59 G allocations: 6.492 TiB, 14.07% gc time)
[2023-01-09T20:22:26.109]Completed Shot 10, state 30
3583.763851 seconds (2.60 G allocations: 6.496 TiB, 14.06% gc time)
[2023-01-09T20:22:27.600]Completed Shot 10, state 22
3583.807641 seconds (2.60 G allocations: 6.496 TiB, 14.06% gc time)
[2023-01-09T20:22:27.643]Completed Shot 10, state 27
3585.208065 seconds (2.60 G allocations: 6.500 TiB, 14.06% gc time)
[2023-01-09T20:22:29.044]Completed Shot 10, state 37
3586.058073 seconds (2.60 G allocations: 6.502 TiB, 14.05% gc time)
[2023-01-09T20:22:29.893]Completed Shot 10, state 10
3586.217594 seconds (2.60 G allocations: 6.502 TiB, 14.05% gc time)
[2023-01-09T20:22:30.051]Completed Shot 10, state 7
3586.394473 seconds (2.60 G allocations: 6.503 TiB, 14.05% gc time)
[2023-01-09T20:22:30.227]Completed Shot 10, state 2
3586.542265 seconds (2.60 G allocations: 6.503 TiB, 14.05% gc time)
[2023-01-09T20:22:30.378]Completed Shot 10, state 44
3586.675822 seconds (2.60 G allocations: 6.504 TiB, 14.05% gc time)
[2023-01-09T20:22:30.511]Completed Shot 10, state 25
3586.801422 seconds (2.60 G allocations: 6.504 TiB, 14.05% gc time)
[2023-01-09T20:22:30.637]Completed Shot 10, state 35
3586.852925 seconds (2.60 G allocations: 6.504 TiB, 14.05% gc time)
[2023-01-09T20:22:30.687]Completed Shot 10, state 5
3588.810765 seconds (2.60 G allocations: 6.506 TiB, 14.08% gc time)
[2023-01-09T20:22:32.644]Completed Shot 10, state 8
3589.005505 seconds (2.60 G allocations: 6.506 TiB, 14.08% gc time)
[2023-01-09T20:22:32.841]Completed Shot 10, state 33
3589.129397 seconds (2.60 G allocations: 6.506 TiB, 14.08% gc time)
[2023-01-09T20:22:32.965]Completed Shot 10, state 36
3589.175378 seconds (2.60 G allocations: 6.506 TiB, 14.08% gc time)
[2023-01-09T20:22:33.010]Completed Shot 10, state 19
3589.875822 seconds (2.60 G allocations: 6.508 TiB, 14.07% gc time)
[2023-01-09T20:22:33.710]Completed Shot 10, state 11
3589.910095 seconds (2.60 G allocations: 6.508 TiB, 14.07% gc time)
[2023-01-09T20:22:33.744]Completed Shot 10, state 15
3590.022896 seconds (2.60 G allocations: 6.509 TiB, 14.07% gc time)
[2023-01-09T20:22:33.858]Completed Shot 10, state 24
3590.090989 seconds (2.60 G allocations: 6.509 TiB, 14.07% gc time)
[2023-01-09T20:22:33.925]Completed Shot 10, state 9
3590.178619 seconds (2.60 G allocations: 6.509 TiB, 14.07% gc time)
[2023-01-09T20:22:34.013]Completed Shot 10, state 18
3590.249420 seconds (2.60 G allocations: 6.510 TiB, 14.07% gc time)
[2023-01-09T20:22:34.085]Completed Shot 10, state 38
3590.460390 seconds (2.60 G allocations: 6.510 TiB, 14.07% gc time)
[2023-01-09T20:22:34.295]Completed Shot 10, state 21
3590.508531 seconds (2.60 G allocations: 6.510 TiB, 14.07% gc time)
[2023-01-09T20:22:34.343]Completed Shot 10, state 13
3590.534798 seconds (2.60 G allocations: 6.510 TiB, 14.07% gc time)
[2023-01-09T20:22:34.370]Completed Shot 10, state 32
3590.678983 seconds (2.60 G allocations: 6.511 TiB, 14.07% gc time)
[2023-01-09T20:22:34.515]Completed Shot 10, state 43
3590.782559 seconds (2.60 G allocations: 6.511 TiB, 14.07% gc time)
[2023-01-09T20:22:34.616]Completed Shot 10, state 4
3591.253073 seconds (2.60 G allocations: 6.512 TiB, 14.07% gc time)
[2023-01-09T20:22:35.089]Completed Shot 10, state 41
3591.348154 seconds (2.60 G allocations: 6.512 TiB, 14.07% gc time)
[2023-01-09T20:22:35.182]Completed Shot 10, state 6
3591.792799 seconds (2.60 G allocations: 6.513 TiB, 14.07% gc time)
[2023-01-09T20:22:35.627]Completed Shot 10, state 14
3591.839019 seconds (2.60 G allocations: 6.513 TiB, 14.07% gc time)
[2023-01-09T20:22:35.672]Completed Shot 10, state 1
3592.049443 seconds (2.60 G allocations: 6.513 TiB, 14.07% gc time)
[2023-01-09T20:22:35.885]Completed Shot 10, state 46
3593.399762 seconds (2.60 G allocations: 6.514 TiB, 14.08% gc time)
[2023-01-09T20:22:37.236]Completed Shot 10, state 49
3593.524386 seconds (2.60 G allocations: 6.514 TiB, 14.08% gc time)
[2023-01-09T20:22:37.360]Completed Shot 10, state 45
3593.634581 seconds (2.60 G allocations: 6.515 TiB, 14.08% gc time)
[2023-01-09T20:22:37.471]Completed Shot 10, state 48
3593.892777 seconds (2.60 G allocations: 6.515 TiB, 14.08% gc time)
[2023-01-09T20:22:37.728]Completed Shot 10, state 34
3594.039678 seconds (2.60 G allocations: 6.515 TiB, 14.08% gc time)
[2023-01-09T20:22:37.876]Completed Shot 10, state 50
3594.085477 seconds (2.60 G allocations: 6.515 TiB, 14.08% gc time)
[2023-01-09T20:22:37.921]Completed Shot 10, state 28
3594.193147 seconds (2.60 G allocations: 6.515 TiB, 14.08% gc time)
[2023-01-09T20:22:38.027]Completed Shot 10, state 16
3594.712636 seconds (2.60 G allocations: 6.516 TiB, 14.07% gc time)
[2023-01-09T20:22:38.547]Completed Shot 10, state 20
3594.804955 seconds (2.60 G allocations: 6.516 TiB, 14.07% gc time)
[2023-01-09T20:22:38.640]Completed Shot 10, state 31
3595.146401 seconds (2.60 G allocations: 6.516 TiB, 14.07% gc time)
[2023-01-09T20:22:38.979]Completed Shot 10, state 3
3596.369892 seconds (2.60 G allocations: 6.517 TiB, 14.07% gc time)
[2023-01-09T20:22:40.206]Completed Shot 10, state 47
3596.510318 seconds (2.60 G allocations: 6.517 TiB, 14.07% gc time)
[2023-01-09T20:22:40.344]Completed Shot 10, state 12
3596.554687 seconds (2.60 G allocations: 6.517 TiB, 14.07% gc time)
[2023-01-09T20:22:40.391]Completed Shot 10, state 39
3596.576816 seconds (2.60 G allocations: 6.517 TiB, 14.07% gc time)
[2023-01-09T20:22:40.411]Completed Shot 10, state 17
3596.735126 seconds (2.60 G allocations: 6.517 TiB, 14.07% gc time)
[2023-01-09T20:22:40.571]Completed Shot 10, state 42
3598.321912 seconds (2.60 G allocations: 6.517 TiB, 14.06% gc time)
[2023-01-09T20:22:42.157]Completed Shot 10, state 23
3599.809394 seconds (2.60 G allocations: 6.517 TiB, 14.06% gc time)
[2023-01-09T20:22:43.645]Completed Shot 10, state 40
[2023-01-09T20:22:43.646]**********Simulation completed!**********
[2023-01-09T20:22:43.646]**********Saving**********
[2023-01-09T20:22:47.601]Saving file: /gpfs/bwfor/work/ws/hd_ku269-logs/LightCones/2023-01-09/468875_N11_BS.jld2
[2023-01-09T20:22:49.131]**********Run completed!**********
============================= JOB FEEDBACK =============================
Job ID: 468875
Cluster: helix
User/Group: hd_ku269/hd_hd
State: COMPLETED (exit code 0)
Nodes: 1
Cores per node: 64
CPU Utilized: 26-03:04:00
CPU Efficiency: 88.06% of 29-16:03:12 core-walltime
Job Wall-clock time: 11:07:33
Memory Utilized: 45.43 GB
Memory Efficiency: 19.25% of 236.00 GB
