Added MKL.jl
Project LightCones v0.1.0
Status `/lustre/work/ws/ws1/hd_ku269-light_cones/WorkingFolder/Project.toml`
  [7d9fca2a] Arpack v0.5.4
⌃ [7073ff75] IJulia v1.23.3
  [033835bb] JLD2 v0.4.29
  [0b1a1467] KrylovKit v0.6.0
  [d3d80556] LineSearches v7.2.0
  [33e6dc65] MKL v0.6.0
  [429524aa] Optim v1.7.4
⌃ [91a5bcdd] Plots v1.36.6
⌃ [c3e4b0f8] Pluto v0.19.16
  [3c0b384b] QuantumInformation v0.4.9
  [189a3867] Reexport v1.2.2
⌃ [295af30f] Revise v3.4.0
  [ebcc8a00] SpinSymmetry v0.3.3
  [59d54670] ThreadedSparseArrays v0.2.2
  [ade2ca70] Dates
  [8ba89e20] Distributed
  [37e2e46d] LinearAlgebra
  [de0858da] Printf
  [9a3f8284] Random
  [1a1011a3] SharedArrays
  [2f01184e] SparseArrays
  [10745b16] Statistics
Info Packages marked with ⌃ have new versions available
[2023-01-13T00:31:21.271]**********RANDOM FIELDS**********
shared_krylov.jl
Working Directory:          /lustre/work/ws/ws1/hd_ku269-light_cones/WorkingFolder
SLURM Directory:            /lustre/work/ws/ws1/hd_ku269-light_cones/WorkingFolder 
Running on host:            n1416
Job id:                     8095146
Job name:                   otoc_simulation_N11_TR_FIDONLY
Number of nodes allocated:  
Number of cores allocated:  1
#threads of Julia:          96
#threads of BLAS:           1
ARGS = ["11", "10", "50", "BS", "x", "12", "500", "Rhim71"]
LOCATION = "/lustre/work/ws/ws1/hd_ku269-logs/LightCones/2023-01-13"
N = 11
SHOTS = 10
MULT_RANDOM_STATES = true
N_RANDOM_STATES = 50
TYPE_OF_RS = "BS"
OBSERVABLE = "x"
DISORDER_PARAM = 12.0
[2023-01-13T00:31:21.459]**********Running simulation**********
[2023-01-13T00:31:21.515]trange = 0.1:0.1:20.0
[2023-01-13T00:31:21.830]A = σx
[2023-01-13T00:31:22.362]alpha=6
[2023-01-13T00:31:22.362]PBC
SlowPulse([1.0, 0.0, 0.0], π, 7853.981633974482)SlowPulse([-1.0, 0.0, 0.0], π, 7853.981633974482)2[2023-01-13T00:31:25.160]Operations set up.
Using multiple states.
10256.345260 seconds (14.04 G allocations: 46.916 TiB, 19.20% gc time, 0.05% compilation time)
[2023-01-13T03:22:43.538]Completed Shot 1, state 30
10263.871692 seconds (14.05 G allocations: 46.943 TiB, 19.20% gc time, 0.06% compilation time)
[2023-01-13T03:22:50.730]Completed Shot 1, state 33
10280.519740 seconds (14.07 G allocations: 46.989 TiB, 19.19% gc time, 0.12% compilation time)
[2023-01-13T03:23:01.414]Completed Shot 1, state 13
10279.698749 seconds (14.07 G allocations: 47.007 TiB, 19.21% gc time, 0.05% compilation time)
[2023-01-13T03:23:06.944]Completed Shot 1, state 18
10290.603989 seconds (14.09 G allocations: 47.052 TiB, 19.20% gc time, 0.06% compilation time)
[2023-01-13T03:23:17.718]Completed Shot 1, state 38
10295.258584 seconds (14.09 G allocations: 47.066 TiB, 19.21% gc time, 0.06% compilation time)
[2023-01-13T03:23:22.357]Completed Shot 1, state 45
10304.727861 seconds (14.10 G allocations: 47.082 TiB, 19.19% gc time, 0.12% compilation time)
[2023-01-13T03:23:25.595]Completed Shot 1, state 17
10310.252407 seconds (14.11 G allocations: 47.101 TiB, 19.20% gc time, 0.12% compilation time)
[2023-01-13T03:23:31.119]Completed Shot 1, state 5
10306.329776 seconds (14.11 G allocations: 47.112 TiB, 19.21% gc time, 0.06% compilation time)
[2023-01-13T03:23:33.353]Completed Shot 1, state 4
10308.271367 seconds (14.11 G allocations: 47.122 TiB, 19.20% gc time, 0.05% compilation time)
[2023-01-13T03:23:35.515]Completed Shot 1, state 6
10320.578175 seconds (14.13 G allocations: 47.165 TiB, 19.21% gc time, 0.06% compilation time)
[2023-01-13T03:23:47.677]Completed Shot 1, state 32
10334.805051 seconds (14.14 G allocations: 47.196 TiB, 19.19% gc time, 0.12% compilation time)
[2023-01-13T03:23:55.671]Completed Shot 1, state 1
10336.502991 seconds (14.15 G allocations: 47.225 TiB, 19.21% gc time, 0.06% compilation time)
[2023-01-13T03:24:03.355]Completed Shot 1, state 9
10337.373237 seconds (14.15 G allocations: 47.230 TiB, 19.20% gc time, 0.06% compilation time)
[2023-01-13T03:24:04.472]Completed Shot 1, state 14
10337.622188 seconds (14.15 G allocations: 47.231 TiB, 19.20% gc time, 0.06% compilation time)
[2023-01-13T03:24:04.675]Completed Shot 1, state 34
10342.744940 seconds (14.16 G allocations: 47.247 TiB, 19.21% gc time, 0.06% compilation time)
[2023-01-13T03:24:09.797]Completed Shot 1, state 11
10351.345746 seconds (14.16 G allocations: 47.258 TiB, 19.19% gc time, 0.12% compilation time)
[2023-01-13T03:24:12.212]Completed Shot 1, state 39
10349.505931 seconds (14.17 G allocations: 47.271 TiB, 19.21% gc time, 0.05% compilation time)
[2023-01-13T03:24:16.749]Completed Shot 1, state 24
10350.804278 seconds (14.17 G allocations: 47.275 TiB, 19.20% gc time, 0.06% compilation time)
[2023-01-13T03:24:17.777]Completed Shot 1, state 16
10358.262616 seconds (14.17 G allocations: 47.281 TiB, 19.19% gc time, 0.12% compilation time)
[2023-01-13T03:24:19.157]Completed Shot 1, state 20
10353.176430 seconds (14.17 G allocations: 47.285 TiB, 19.20% gc time, 0.06% compilation time)
[2023-01-13T03:24:20.199]Completed Shot 1, state 12
10355.506338 seconds (14.17 G allocations: 47.292 TiB, 19.20% gc time, 0.06% compilation time)
[2023-01-13T03:24:22.530]Completed Shot 1, state 22
10357.041806 seconds (14.17 G allocations: 47.297 TiB, 19.20% gc time, 0.06% compilation time)
[2023-01-13T03:24:23.893]Completed Shot 1, state 8
10359.615949 seconds (14.18 G allocations: 47.307 TiB, 19.19% gc time, 0.06% compilation time)
[2023-01-13T03:24:26.589]Completed Shot 1, state 42
10372.318893 seconds (14.19 G allocations: 47.346 TiB, 19.19% gc time, 0.06% compilation time)
[2023-01-13T03:24:39.433]Completed Shot 1, state 26
10382.468743 seconds (14.20 G allocations: 47.374 TiB, 19.19% gc time, 0.06% compilation time)
[2023-01-13T03:24:49.327]Completed Shot 1, state 7
10388.745409 seconds (14.20 G allocations: 47.375 TiB, 19.17% gc time, 0.11% compilation time)
[2023-01-13T03:24:49.639]Completed Shot 1, state 2
10390.473162 seconds (14.20 G allocations: 47.380 TiB, 19.17% gc time, 0.12% compilation time)
[2023-01-13T03:24:51.340]Completed Shot 1, state 10
10386.695076 seconds (14.21 G allocations: 47.386 TiB, 19.18% gc time, 0.06% compilation time)
[2023-01-13T03:24:53.750]Completed Shot 1, state 50
10394.136159 seconds (14.21 G allocations: 47.390 TiB, 19.17% gc time, 0.11% compilation time)
[2023-01-13T03:24:55.030]Completed Shot 1, state 36
10393.076295 seconds (14.21 G allocations: 47.404 TiB, 19.17% gc time, 0.06% compilation time)
[2023-01-13T03:25:00.152]Completed Shot 1, state 35
10399.469578 seconds (14.21 G allocations: 47.404 TiB, 19.16% gc time, 0.11% compilation time)
[2023-01-13T03:25:00.364]Completed Shot 1, state 47
10394.708721 seconds (14.21 G allocations: 47.407 TiB, 19.17% gc time, 0.06% compilation time)
[2023-01-13T03:25:01.560]Completed Shot 1, state 21
10401.413729 seconds (14.21 G allocations: 47.409 TiB, 19.16% gc time, 0.11% compilation time)
[2023-01-13T03:25:02.280]Completed Shot 1, state 3
10394.565146 seconds (14.21 G allocations: 47.411 TiB, 19.17% gc time, 0.03% compilation time)
[2023-01-13T03:25:03.940]Completed Shot 1, state 44
10412.677708 seconds (14.22 G allocations: 47.433 TiB, 19.15% gc time, 0.11% compilation time)
[2023-01-13T03:25:13.544]Completed Shot 1, state 23
10414.360126 seconds (14.23 G allocations: 47.448 TiB, 19.15% gc time, 0.06% compilation time)
[2023-01-13T03:25:21.212]Completed Shot 1, state 15
10418.824771 seconds (14.23 G allocations: 47.456 TiB, 19.14% gc time, 0.05% compilation time)
[2023-01-13T03:25:25.924]Completed Shot 1, state 19
10429.507770 seconds (14.23 G allocations: 47.464 TiB, 19.13% gc time, 0.11% compilation time)
[2023-01-13T03:25:30.374]Completed Shot 1, state 46
10434.142422 seconds (14.24 G allocations: 47.472 TiB, 19.12% gc time, 0.11% compilation time)
[2023-01-13T03:25:35.009]Completed Shot 1, state 31
10428.794594 seconds (14.23 G allocations: 47.476 TiB, 19.13% gc time, 0.03% compilation time)
[2023-01-13T03:25:38.195]Completed Shot 1, state 49
10433.990224 seconds (14.24 G allocations: 47.481 TiB, 19.12% gc time, 0.06% compilation time)
[2023-01-13T03:25:41.044]Completed Shot 1, state 48
10435.293645 seconds (14.24 G allocations: 47.482 TiB, 19.12% gc time, 0.06% compilation time)
[2023-01-13T03:25:42.176]Completed Shot 1, state 41
10438.634246 seconds (14.24 G allocations: 47.486 TiB, 19.12% gc time, 0.06% compilation time)
[2023-01-13T03:25:45.609]Completed Shot 1, state 27
10439.671648 seconds (14.24 G allocations: 47.487 TiB, 19.12% gc time, 0.05% compilation time)
[2023-01-13T03:25:46.901]Completed Shot 1, state 29
10454.503186 seconds (14.25 G allocations: 47.500 TiB, 19.09% gc time, 0.05% compilation time)
[2023-01-13T03:26:01.731]Completed Shot 1, state 43
10458.321370 seconds (14.25 G allocations: 47.503 TiB, 19.09% gc time, 0.05% compilation time)
[2023-01-13T03:26:05.435]Completed Shot 1, state 37
10460.474029 seconds (14.25 G allocations: 47.504 TiB, 19.08% gc time, 0.05% compilation time)
[2023-01-13T03:26:07.573]Completed Shot 1, state 40
10462.465926 seconds (14.25 G allocations: 47.504 TiB, 19.08% gc time, 0.06% compilation time)
[2023-01-13T03:26:09.317]Completed Shot 1, state 28
10645.379966 seconds (14.25 G allocations: 47.517 TiB, 18.76% gc time, 0.11% compilation time)
[2023-01-13T03:29:06.274]Completed Shot 1, state 25
10147.429639 seconds (13.63 G allocations: 45.970 TiB, 19.51% gc time)
[2023-01-13T06:18:13.712]Completed Shot 2, state 31
10182.999628 seconds (13.67 G allocations: 46.130 TiB, 19.51% gc time)
[2023-01-13T06:18:49.284]Completed Shot 2, state 44
10242.816026 seconds (13.75 G allocations: 46.388 TiB, 19.52% gc time)
[2023-01-13T06:19:49.098]Completed Shot 2, state 32
10245.266931 seconds (13.75 G allocations: 46.402 TiB, 19.52% gc time)
[2023-01-13T06:19:51.545]Completed Shot 2, state 9
10245.484607 seconds (13.75 G allocations: 46.403 TiB, 19.52% gc time)
[2023-01-13T06:19:51.769]Completed Shot 2, state 49
10256.544275 seconds (13.77 G allocations: 46.451 TiB, 19.52% gc time)
[2023-01-13T06:20:02.824]Completed Shot 2, state 18
10259.617716 seconds (13.77 G allocations: 46.467 TiB, 19.51% gc time)
[2023-01-13T06:20:05.900]Completed Shot 2, state 33
10283.901937 seconds (13.80 G allocations: 46.572 TiB, 19.51% gc time)
[2023-01-13T06:20:30.182]Completed Shot 2, state 17
10290.232143 seconds (13.81 G allocations: 46.594 TiB, 19.52% gc time)
[2023-01-13T06:20:36.512]Completed Shot 2, state 15
10293.122542 seconds (13.81 G allocations: 46.610 TiB, 19.51% gc time)
[2023-01-13T06:20:39.403]Completed Shot 2, state 22
10296.611228 seconds (13.82 G allocations: 46.628 TiB, 19.51% gc time)
[2023-01-13T06:20:42.888]Completed Shot 2, state 1
10301.858145 seconds (13.82 G allocations: 46.644 TiB, 19.52% gc time)
[2023-01-13T06:20:48.139]Completed Shot 2, state 23
10302.636704 seconds (13.83 G allocations: 46.648 TiB, 19.51% gc time)
[2023-01-13T06:20:48.915]Completed Shot 2, state 10
10315.685601 seconds (13.84 G allocations: 46.708 TiB, 19.50% gc time)
[2023-01-13T06:21:01.964]Completed Shot 2, state 6
10327.845361 seconds (13.86 G allocations: 46.759 TiB, 19.50% gc time)
[2023-01-13T06:21:14.123]Completed Shot 2, state 3
10328.919837 seconds (13.86 G allocations: 46.764 TiB, 19.49% gc time)
[2023-01-13T06:21:15.202]Completed Shot 2, state 34
10330.798876 seconds (13.86 G allocations: 46.773 TiB, 19.49% gc time)
[2023-01-13T06:21:17.078]Completed Shot 2, state 13
10341.390150 seconds (13.87 G allocations: 46.814 TiB, 19.49% gc time)
[2023-01-13T06:21:27.674]Completed Shot 2, state 41
10345.198904 seconds (13.88 G allocations: 46.823 TiB, 19.50% gc time)
[2023-01-13T06:21:31.478]Completed Shot 2, state 11
10347.973993 seconds (13.88 G allocations: 46.836 TiB, 19.49% gc time)
[2023-01-13T06:21:34.254]Completed Shot 2, state 20
10348.644211 seconds (13.88 G allocations: 46.839 TiB, 19.49% gc time)
[2023-01-13T06:21:34.925]Completed Shot 2, state 21
10350.192920 seconds (13.88 G allocations: 46.845 TiB, 19.49% gc time)
[2023-01-13T06:21:36.474]Completed Shot 2, state 25
10355.507274 seconds (13.89 G allocations: 46.864 TiB, 19.49% gc time)
[2023-01-13T06:21:41.791]Completed Shot 2, state 42
10359.445195 seconds (13.89 G allocations: 46.880 TiB, 19.48% gc time)
[2023-01-13T06:21:45.724]Completed Shot 2, state 12
10360.480932 seconds (13.89 G allocations: 46.884 TiB, 19.48% gc time)
[2023-01-13T06:21:46.765]Completed Shot 2, state 46
10365.333489 seconds (13.90 G allocations: 46.897 TiB, 19.48% gc time)
[2023-01-13T06:21:51.617]Completed Shot 2, state 43
10368.850586 seconds (13.90 G allocations: 46.910 TiB, 19.47% gc time)
[2023-01-13T06:21:55.128]Completed Shot 2, state 4
10368.923194 seconds (13.90 G allocations: 46.910 TiB, 19.47% gc time)
[2023-01-13T06:21:55.205]Completed Shot 2, state 27
10373.636345 seconds (13.91 G allocations: 46.924 TiB, 19.47% gc time)
[2023-01-13T06:21:59.918]Completed Shot 2, state 28
10375.501867 seconds (13.91 G allocations: 46.930 TiB, 19.47% gc time)
[2023-01-13T06:22:01.783]Completed Shot 2, state 24
10375.711292 seconds (13.91 G allocations: 46.931 TiB, 19.47% gc time)
[2023-01-13T06:22:01.996]Completed Shot 2, state 48
10377.456573 seconds (13.91 G allocations: 46.936 TiB, 19.47% gc time)
[2023-01-13T06:22:03.735]Completed Shot 2, state 7
10379.115058 seconds (13.91 G allocations: 46.941 TiB, 19.46% gc time)
[2023-01-13T06:22:05.395]Completed Shot 2, state 19
10379.685931 seconds (13.91 G allocations: 46.943 TiB, 19.46% gc time)
[2023-01-13T06:22:05.965]Completed Shot 2, state 14
10381.577937 seconds (13.91 G allocations: 46.947 TiB, 19.46% gc time)
[2023-01-13T06:22:07.861]Completed Shot 2, state 38
10381.778217 seconds (13.91 G allocations: 46.947 TiB, 19.46% gc time)
[2023-01-13T06:22:08.060]Completed Shot 2, state 30
10384.535474 seconds (13.92 G allocations: 46.954 TiB, 19.46% gc time)
[2023-01-13T06:22:10.817]Completed Shot 2, state 26
10386.417169 seconds (13.92 G allocations: 46.959 TiB, 19.45% gc time)
[2023-01-13T06:22:12.701]Completed Shot 2, state 47
10386.522953 seconds (13.92 G allocations: 46.959 TiB, 19.45% gc time)
[2023-01-13T06:22:12.801]Completed Shot 2, state 8
10387.050057 seconds (13.92 G allocations: 46.960 TiB, 19.45% gc time)
[2023-01-13T06:22:13.333]Completed Shot 2, state 37
10388.448270 seconds (13.92 G allocations: 46.962 TiB, 19.45% gc time)
[2023-01-13T06:22:14.731]Completed Shot 2, state 39
10397.115592 seconds (13.92 G allocations: 46.976 TiB, 19.44% gc time)
[2023-01-13T06:22:23.399]Completed Shot 2, state 40
10398.980901 seconds (13.92 G allocations: 46.979 TiB, 19.44% gc time)
[2023-01-13T06:22:25.263]Completed Shot 2, state 29
10402.253104 seconds (13.92 G allocations: 46.983 TiB, 19.44% gc time)
[2023-01-13T06:22:28.530]Completed Shot 2, state 2
10402.382591 seconds (13.92 G allocations: 46.983 TiB, 19.44% gc time)
[2023-01-13T06:22:28.665]Completed Shot 2, state 36
10403.724247 seconds (13.92 G allocations: 46.985 TiB, 19.43% gc time)
[2023-01-13T06:22:30.004]Completed Shot 2, state 16
10405.256124 seconds (13.92 G allocations: 46.986 TiB, 19.43% gc time)
[2023-01-13T06:22:31.534]Completed Shot 2, state 5
10417.152918 seconds (13.93 G allocations: 46.993 TiB, 19.41% gc time)
[2023-01-13T06:22:43.437]Completed Shot 2, state 50
10426.674655 seconds (13.93 G allocations: 46.997 TiB, 19.39% gc time)
[2023-01-13T06:22:52.957]Completed Shot 2, state 35
10450.869186 seconds (13.93 G allocations: 46.999 TiB, 19.35% gc time)
[2023-01-13T06:23:17.153]Completed Shot 2, state 45
10405.962650 seconds (13.57 G allocations: 45.771 TiB, 19.58% gc time)
[2023-01-13T09:16:43.122]Completed Shot 3, state 17
10446.007947 seconds (13.62 G allocations: 45.946 TiB, 19.58% gc time)
[2023-01-13T09:17:23.167]Completed Shot 3, state 21
10449.204857 seconds (13.63 G allocations: 45.964 TiB, 19.58% gc time)
[2023-01-13T09:17:26.363]Completed Shot 3, state 16
10502.864346 seconds (13.70 G allocations: 46.206 TiB, 19.58% gc time)
[2023-01-13T09:18:20.025]Completed Shot 3, state 32
10517.188475 seconds (13.71 G allocations: 46.263 TiB, 19.59% gc time)
[2023-01-13T09:18:34.347]Completed Shot 3, state 22
10531.930394 seconds (13.73 G allocations: 46.326 TiB, 19.59% gc time)
[2023-01-13T09:18:49.090]Completed Shot 3, state 27
10533.694510 seconds (13.73 G allocations: 46.336 TiB, 19.59% gc time)
[2023-01-13T09:18:50.850]Completed Shot 3, state 5
10545.284582 seconds (13.75 G allocations: 46.381 TiB, 19.60% gc time)
[2023-01-13T09:19:02.446]Completed Shot 3, state 35
10547.723014 seconds (13.75 G allocations: 46.394 TiB, 19.59% gc time)
[2023-01-13T09:19:04.878]Completed Shot 3, state 2
10569.952096 seconds (13.78 G allocations: 46.492 TiB, 19.58% gc time)
[2023-01-13T09:19:27.111]Completed Shot 3, state 20
10580.151778 seconds (13.79 G allocations: 46.528 TiB, 19.59% gc time)
[2023-01-13T09:19:37.313]Completed Shot 3, state 37
10596.438054 seconds (13.81 G allocations: 46.596 TiB, 19.59% gc time)
[2023-01-13T09:19:53.595]Completed Shot 3, state 11
10600.181973 seconds (13.82 G allocations: 46.614 TiB, 19.59% gc time)
[2023-01-13T09:19:57.338]Completed Shot 3, state 7
10606.950053 seconds (13.82 G allocations: 46.634 TiB, 19.60% gc time)
[2023-01-13T09:20:04.113]Completed Shot 3, state 47
10609.568450 seconds (13.83 G allocations: 46.647 TiB, 19.60% gc time)
[2023-01-13T09:20:06.731]Completed Shot 3, state 48
10614.600613 seconds (13.83 G allocations: 46.671 TiB, 19.59% gc time)
[2023-01-13T09:20:11.761]Completed Shot 3, state 28
10615.574540 seconds (13.83 G allocations: 46.675 TiB, 19.58% gc time)
[2023-01-13T09:20:12.732]Completed Shot 3, state 13
10623.362808 seconds (13.84 G allocations: 46.699 TiB, 19.59% gc time)
[2023-01-13T09:20:20.523]Completed Shot 3, state 30
10623.568851 seconds (13.84 G allocations: 46.700 TiB, 19.59% gc time)
[2023-01-13T09:20:20.730]Completed Shot 3, state 39
10630.254957 seconds (13.85 G allocations: 46.730 TiB, 19.58% gc time)
[2023-01-13T09:20:27.417]Completed Shot 3, state 41
10631.045718 seconds (13.85 G allocations: 46.734 TiB, 19.58% gc time)
[2023-01-13T09:20:28.205]Completed Shot 3, state 26
10632.078725 seconds (13.85 G allocations: 46.738 TiB, 19.58% gc time)
[2023-01-13T09:20:29.239]Completed Shot 3, state 33
10636.990591 seconds (13.86 G allocations: 46.749 TiB, 19.59% gc time)
[2023-01-13T09:20:34.150]Completed Shot 3, state 24
10637.228960 seconds (13.86 G allocations: 46.750 TiB, 19.59% gc time)
[2023-01-13T09:20:34.388]Completed Shot 3, state 23
10638.998574 seconds (13.86 G allocations: 46.757 TiB, 19.59% gc time)
[2023-01-13T09:20:36.158]Completed Shot 3, state 25
10639.628149 seconds (13.86 G allocations: 46.760 TiB, 19.59% gc time)
[2023-01-13T09:20:36.791]Completed Shot 3, state 50
10657.400169 seconds (13.88 G allocations: 46.822 TiB, 19.56% gc time)
[2023-01-13T09:20:54.563]Completed Shot 3, state 49
10663.034888 seconds (13.88 G allocations: 46.836 TiB, 19.57% gc time)
[2023-01-13T09:21:00.196]Completed Shot 3, state 36
10667.232948 seconds (13.89 G allocations: 46.852 TiB, 19.56% gc time)
[2023-01-13T09:21:04.393]Completed Shot 3, state 31
10670.958950 seconds (13.89 G allocations: 46.864 TiB, 19.56% gc time)
[2023-01-13T09:21:08.121]Completed Shot 3, state 44
10672.791242 seconds (13.89 G allocations: 46.868 TiB, 19.56% gc time)
[2023-01-13T09:21:09.950]Completed Shot 3, state 18
10673.256406 seconds (13.89 G allocations: 46.869 TiB, 19.56% gc time)
[2023-01-13T09:21:10.418]Completed Shot 3, state 38
10674.208838 seconds (13.89 G allocations: 46.872 TiB, 19.56% gc time)
[2023-01-13T09:21:11.364]Completed Shot 3, state 3
10677.666255 seconds (13.90 G allocations: 46.882 TiB, 19.55% gc time)
[2023-01-13T09:21:14.822]Completed Shot 3, state 4
10682.247464 seconds (13.90 G allocations: 46.894 TiB, 19.54% gc time)
[2023-01-13T09:21:19.409]Completed Shot 3, state 40
10687.241483 seconds (13.90 G allocations: 46.904 TiB, 19.55% gc time)
[2023-01-13T09:21:24.398]Completed Shot 3, state 9
10688.294568 seconds (13.90 G allocations: 46.906 TiB, 19.54% gc time)
[2023-01-13T09:21:25.452]Completed Shot 3, state 14
10694.277272 seconds (13.91 G allocations: 46.920 TiB, 19.53% gc time)
[2023-01-13T09:21:31.438]Completed Shot 3, state 34
10708.091113 seconds (13.92 G allocations: 46.949 TiB, 19.52% gc time)
[2023-01-13T09:21:45.253]Completed Shot 3, state 45
10710.640294 seconds (13.92 G allocations: 46.954 TiB, 19.51% gc time)
[2023-01-13T09:21:47.797]Completed Shot 3, state 8
10715.414165 seconds (13.92 G allocations: 46.962 TiB, 19.51% gc time)
[2023-01-13T09:21:52.574]Completed Shot 3, state 29
10717.332181 seconds (13.92 G allocations: 46.965 TiB, 19.51% gc time)
[2023-01-13T09:21:54.489]Completed Shot 3, state 10
10717.741694 seconds (13.92 G allocations: 46.966 TiB, 19.51% gc time)
[2023-01-13T09:21:54.904]Completed Shot 3, state 43
10719.142471 seconds (13.92 G allocations: 46.968 TiB, 19.50% gc time)
[2023-01-13T09:21:56.300]Completed Shot 3, state 15
10723.324388 seconds (13.92 G allocations: 46.972 TiB, 19.50% gc time)
[2023-01-13T09:22:00.487]Completed Shot 3, state 46
10727.890424 seconds (13.92 G allocations: 46.976 TiB, 19.49% gc time)
[2023-01-13T09:22:05.048]Completed Shot 3, state 12
10730.125850 seconds (13.92 G allocations: 46.978 TiB, 19.49% gc time)
[2023-01-13T09:22:07.288]Completed Shot 3, state 42
10754.596645 seconds (13.93 G allocations: 46.993 TiB, 19.45% gc time)
[2023-01-13T09:22:31.752]Completed Shot 3, state 1
10757.555574 seconds (13.93 G allocations: 46.994 TiB, 19.44% gc time)
[2023-01-13T09:22:34.714]Completed Shot 3, state 19
10865.347155 seconds (13.93 G allocations: 47.003 TiB, 19.25% gc time)
[2023-01-13T09:24:22.503]Completed Shot 3, state 6
9927.641652 seconds (13.69 G allocations: 46.183 TiB, 17.46% gc time)
[2023-01-13T12:09:50.150]Completed Shot 4, state 17
9942.881049 seconds (13.71 G allocations: 46.254 TiB, 17.46% gc time)
[2023-01-13T12:10:05.396]Completed Shot 4, state 45
9985.039096 seconds (13.77 G allocations: 46.459 TiB, 17.45% gc time)
[2023-01-13T12:10:47.545]Completed Shot 4, state 5
9989.280194 seconds (13.78 G allocations: 46.479 TiB, 17.45% gc time)
[2023-01-13T12:10:51.792]Completed Shot 4, state 35
9993.939453 seconds (13.78 G allocations: 46.501 TiB, 17.45% gc time)
[2023-01-13T12:10:56.453]Completed Shot 4, state 40
9997.927685 seconds (13.79 G allocations: 46.521 TiB, 17.45% gc time)
[2023-01-13T12:11:00.438]Completed Shot 4, state 28
9998.599054 seconds (13.79 G allocations: 46.524 TiB, 17.45% gc time)
[2023-01-13T12:11:01.114]Completed Shot 4, state 47
10003.018337 seconds (13.80 G allocations: 46.545 TiB, 17.45% gc time)
[2023-01-13T12:11:05.528]Completed Shot 4, state 26
10003.745393 seconds (13.80 G allocations: 46.549 TiB, 17.45% gc time)
[2023-01-13T12:11:06.254]Completed Shot 4, state 18
10009.607464 seconds (13.80 G allocations: 46.576 TiB, 17.45% gc time)
[2023-01-13T12:11:12.118]Completed Shot 4, state 31
10014.475555 seconds (13.81 G allocations: 46.599 TiB, 17.45% gc time)
[2023-01-13T12:11:16.988]Completed Shot 4, state 38
10016.918672 seconds (13.81 G allocations: 46.610 TiB, 17.45% gc time)
[2023-01-13T12:11:19.429]Completed Shot 4, state 30
10017.957222 seconds (13.82 G allocations: 46.614 TiB, 17.45% gc time)
[2023-01-13T12:11:20.468]Completed Shot 4, state 32
10018.635096 seconds (13.82 G allocations: 46.617 TiB, 17.44% gc time)
[2023-01-13T12:11:21.142]Completed Shot 4, state 8
10020.609202 seconds (13.82 G allocations: 46.625 TiB, 17.44% gc time)
[2023-01-13T12:11:23.115]Completed Shot 4, state 1
10021.184827 seconds (13.82 G allocations: 46.628 TiB, 17.44% gc time)
[2023-01-13T12:11:23.693]Completed Shot 4, state 13
10028.589807 seconds (13.83 G allocations: 46.659 TiB, 17.44% gc time)
[2023-01-13T12:11:31.105]Completed Shot 4, state 50
10033.695112 seconds (13.84 G allocations: 46.680 TiB, 17.44% gc time)
[2023-01-13T12:11:36.202]Completed Shot 4, state 10
10035.790164 seconds (13.84 G allocations: 46.689 TiB, 17.44% gc time)
[2023-01-13T12:11:38.296]Completed Shot 4, state 3
10044.577100 seconds (13.85 G allocations: 46.725 TiB, 17.43% gc time)
[2023-01-13T12:11:47.093]Completed Shot 4, state 48
10044.697885 seconds (13.85 G allocations: 46.726 TiB, 17.43% gc time)
[2023-01-13T12:11:47.207]Completed Shot 4, state 20
10045.978481 seconds (13.85 G allocations: 46.730 TiB, 17.43% gc time)
[2023-01-13T12:11:48.490]Completed Shot 4, state 33
10046.665475 seconds (13.85 G allocations: 46.733 TiB, 17.43% gc time)
[2023-01-13T12:11:49.180]Completed Shot 4, state 44
10049.518627 seconds (13.85 G allocations: 46.743 TiB, 17.43% gc time)
[2023-01-13T12:11:52.034]Completed Shot 4, state 49
10050.375895 seconds (13.85 G allocations: 46.746 TiB, 17.43% gc time)
[2023-01-13T12:11:52.884]Completed Shot 4, state 16
10050.708871 seconds (13.85 G allocations: 46.748 TiB, 17.43% gc time)
[2023-01-13T12:11:53.216]Completed Shot 4, state 11
10050.853797 seconds (13.85 G allocations: 46.748 TiB, 17.43% gc time)
[2023-01-13T12:11:53.361]Completed Shot 4, state 9
10051.728512 seconds (13.86 G allocations: 46.751 TiB, 17.43% gc time)
[2023-01-13T12:11:54.236]Completed Shot 4, state 14
10057.430681 seconds (13.86 G allocations: 46.770 TiB, 17.43% gc time)
[2023-01-13T12:11:59.936]Completed Shot 4, state 2
10061.758314 seconds (13.87 G allocations: 46.785 TiB, 17.42% gc time)
[2023-01-13T12:12:04.273]Completed Shot 4, state 46
10067.778659 seconds (13.87 G allocations: 46.804 TiB, 17.42% gc time)
[2023-01-13T12:12:10.288]Completed Shot 4, state 19
10069.806602 seconds (13.87 G allocations: 46.810 TiB, 17.42% gc time)
[2023-01-13T12:12:12.313]Completed Shot 4, state 4
10072.196497 seconds (13.88 G allocations: 46.817 TiB, 17.41% gc time)
[2023-01-13T12:12:14.708]Completed Shot 4, state 34
10083.947909 seconds (13.89 G allocations: 46.851 TiB, 17.40% gc time)
[2023-01-13T12:12:26.460]Completed Shot 4, state 36
10088.350596 seconds (13.89 G allocations: 46.863 TiB, 17.40% gc time)
[2023-01-13T12:12:30.865]Completed Shot 4, state 42
10108.384924 seconds (13.90 G allocations: 46.914 TiB, 17.38% gc time)
[2023-01-13T12:12:50.895]Completed Shot 4, state 29
10109.734039 seconds (13.90 G allocations: 46.917 TiB, 17.38% gc time)
[2023-01-13T12:12:52.248]Completed Shot 4, state 41
10112.545143 seconds (13.91 G allocations: 46.924 TiB, 17.38% gc time)
[2023-01-13T12:12:55.053]Completed Shot 4, state 15
10115.368829 seconds (13.91 G allocations: 46.930 TiB, 17.38% gc time)
[2023-01-13T12:12:57.882]Completed Shot 4, state 39
10117.225480 seconds (13.91 G allocations: 46.933 TiB, 17.37% gc time)
[2023-01-13T12:12:59.735]Completed Shot 4, state 24
10117.940784 seconds (13.91 G allocations: 46.935 TiB, 17.37% gc time)
[2023-01-13T12:13:00.455]Completed Shot 4, state 43
10123.002430 seconds (13.91 G allocations: 46.943 TiB, 17.37% gc time)
[2023-01-13T12:13:05.510]Completed Shot 4, state 12
10128.182281 seconds (13.91 G allocations: 46.951 TiB, 17.36% gc time)
[2023-01-13T12:13:10.692]Completed Shot 4, state 22
10132.679976 seconds (13.92 G allocations: 46.958 TiB, 17.36% gc time)
[2023-01-13T12:13:15.190]Completed Shot 4, state 27
10135.824877 seconds (13.92 G allocations: 46.961 TiB, 17.35% gc time)
[2023-01-13T12:13:18.337]Completed Shot 4, state 37
10150.242351 seconds (13.92 G allocations: 46.976 TiB, 17.33% gc time)
[2023-01-13T12:13:32.749]Completed Shot 4, state 6
10153.627131 seconds (13.92 G allocations: 46.979 TiB, 17.33% gc time)
[2023-01-13T12:13:36.137]Completed Shot 4, state 23
10169.108689 seconds (13.93 G allocations: 46.988 TiB, 17.31% gc time)
[2023-01-13T12:13:51.615]Completed Shot 4, state 7
10184.752097 seconds (13.93 G allocations: 46.995 TiB, 17.29% gc time)
[2023-01-13T12:14:07.261]Completed Shot 4, state 21
10245.120468 seconds (13.93 G allocations: 47.000 TiB, 17.20% gc time)
[2023-01-13T12:15:07.630]Completed Shot 4, state 25
9622.039327 seconds (13.69 G allocations: 46.170 TiB, 15.80% gc time)
[2023-01-13T14:55:29.672]Completed Shot 5, state 3
9629.296428 seconds (13.70 G allocations: 46.205 TiB, 15.80% gc time)
[2023-01-13T14:55:36.932]Completed Shot 5, state 21
9651.682014 seconds (13.73 G allocations: 46.312 TiB, 15.80% gc time)
[2023-01-13T14:55:59.318]Completed Shot 5, state 27
9681.196894 seconds (13.77 G allocations: 46.454 TiB, 15.80% gc time)
[2023-01-13T14:56:28.832]Completed Shot 5, state 17
9684.603840 seconds (13.77 G allocations: 46.471 TiB, 15.80% gc time)
[2023-01-13T14:56:32.242]Completed Shot 5, state 42
9689.886013 seconds (13.78 G allocations: 46.497 TiB, 15.80% gc time)
[2023-01-13T14:56:37.526]Completed Shot 5, state 50
9694.387245 seconds (13.79 G allocations: 46.518 TiB, 15.80% gc time)
[2023-01-13T14:56:42.020]Completed Shot 5, state 5
9696.001377 seconds (13.79 G allocations: 46.526 TiB, 15.80% gc time)
[2023-01-13T14:56:43.635]Completed Shot 5, state 9
9697.232279 seconds (13.79 G allocations: 46.532 TiB, 15.80% gc time)
[2023-01-13T14:56:44.868]Completed Shot 5, state 23
9705.057998 seconds (13.80 G allocations: 46.567 TiB, 15.80% gc time)
[2023-01-13T14:56:52.697]Completed Shot 5, state 48
9708.439128 seconds (13.81 G allocations: 46.583 TiB, 15.80% gc time)
[2023-01-13T14:56:56.074]Completed Shot 5, state 16
9724.213756 seconds (13.83 G allocations: 46.655 TiB, 15.80% gc time)
[2023-01-13T14:57:11.850]Completed Shot 5, state 25
9724.424547 seconds (13.83 G allocations: 46.656 TiB, 15.80% gc time)
[2023-01-13T14:57:12.063]Completed Shot 5, state 44
9733.198977 seconds (13.84 G allocations: 46.694 TiB, 15.79% gc time)
[2023-01-13T14:57:20.838]Completed Shot 5, state 43
9734.792702 seconds (13.84 G allocations: 46.701 TiB, 15.79% gc time)
[2023-01-13T14:57:22.428]Completed Shot 5, state 19
9736.904826 seconds (13.85 G allocations: 46.710 TiB, 15.79% gc time)
[2023-01-13T14:57:24.541]Completed Shot 5, state 24
9737.906293 seconds (13.85 G allocations: 46.714 TiB, 15.79% gc time)
[2023-01-13T14:57:25.541]Completed Shot 5, state 14
9758.576857 seconds (13.87 G allocations: 46.801 TiB, 15.79% gc time)
[2023-01-13T14:57:46.213]Completed Shot 5, state 26
9764.725918 seconds (13.88 G allocations: 46.824 TiB, 15.79% gc time)
[2023-01-13T14:57:52.358]Completed Shot 5, state 2
9764.772385 seconds (13.88 G allocations: 46.825 TiB, 15.79% gc time)
[2023-01-13T14:57:52.409]Completed Shot 5, state 28
9765.085091 seconds (13.88 G allocations: 46.826 TiB, 15.79% gc time)
[2023-01-13T14:57:52.719]Completed Shot 5, state 12
9765.137546 seconds (13.88 G allocations: 46.826 TiB, 15.79% gc time)
[2023-01-13T14:57:52.777]Completed Shot 5, state 49
9766.418461 seconds (13.88 G allocations: 46.831 TiB, 15.79% gc time)
[2023-01-13T14:57:54.051]Completed Shot 5, state 4
9767.498726 seconds (13.88 G allocations: 46.835 TiB, 15.78% gc time)
[2023-01-13T14:57:55.136]Completed Shot 5, state 34
9769.488658 seconds (13.88 G allocations: 46.842 TiB, 15.78% gc time)
[2023-01-13T14:57:57.123]Completed Shot 5, state 13
9772.443259 seconds (13.89 G allocations: 46.853 TiB, 15.78% gc time)
[2023-01-13T14:58:00.078]Completed Shot 5, state 18
9773.788161 seconds (13.89 G allocations: 46.858 TiB, 15.78% gc time)
[2023-01-13T14:58:01.426]Completed Shot 5, state 35
9778.142412 seconds (13.89 G allocations: 46.873 TiB, 15.78% gc time)
[2023-01-13T14:58:05.776]Completed Shot 5, state 7
9780.889031 seconds (13.90 G allocations: 46.882 TiB, 15.78% gc time)
[2023-01-13T14:58:08.525]Completed Shot 5, state 22
9790.854128 seconds (13.91 G allocations: 46.913 TiB, 15.77% gc time)
[2023-01-13T14:58:18.488]Completed Shot 5, state 10
9794.285866 seconds (13.91 G allocations: 46.923 TiB, 15.77% gc time)
[2023-01-13T14:58:21.924]Completed Shot 5, state 39
9796.308584 seconds (13.91 G allocations: 46.929 TiB, 15.77% gc time)
[2023-01-13T14:58:23.948]Completed Shot 5, state 47
9796.581477 seconds (13.91 G allocations: 46.930 TiB, 15.77% gc time)
[2023-01-13T14:58:24.219]Completed Shot 5, state 36
9796.676388 seconds (13.91 G allocations: 46.930 TiB, 15.77% gc time)
[2023-01-13T14:58:24.315]Completed Shot 5, state 46
9796.868364 seconds (13.91 G allocations: 46.930 TiB, 15.77% gc time)
[2023-01-13T14:58:24.505]Completed Shot 5, state 29
9807.787028 seconds (13.92 G allocations: 46.957 TiB, 15.76% gc time)
[2023-01-13T14:58:35.424]Completed Shot 5, state 31
9808.069527 seconds (13.92 G allocations: 46.958 TiB, 15.76% gc time)
[2023-01-13T14:58:35.705]Completed Shot 5, state 20
9810.581662 seconds (13.92 G allocations: 46.963 TiB, 15.76% gc time)
[2023-01-13T14:58:38.215]Completed Shot 5, state 6
9813.825942 seconds (13.92 G allocations: 46.970 TiB, 15.75% gc time)
[2023-01-13T14:58:41.465]Completed Shot 5, state 45
9815.122026 seconds (13.92 G allocations: 46.973 TiB, 15.75% gc time)
[2023-01-13T14:58:42.760]Completed Shot 5, state 41
9816.017824 seconds (13.92 G allocations: 46.974 TiB, 15.75% gc time)
[2023-01-13T14:58:43.656]Completed Shot 5, state 38
9816.290815 seconds (13.92 G allocations: 46.975 TiB, 15.75% gc time)
[2023-01-13T14:58:43.928]  Activating project at `/lustre/work/ws/ws1/hd_ku269-light_cones/WorkingFolder`
Completed Shot 5, state 30
9819.543682 seconds (13.92 G allocations: 46.979 TiB, 15.75% gc time)
[2023-01-13T14:58:47.181]Completed Shot 5, state 32
9820.876956 seconds (13.93 G allocations: 46.981 TiB, 15.75% gc time)
[2023-01-13T14:58:48.509]Completed Shot 5, state 1
9829.685833 seconds (13.93 G allocations: 46.991 TiB, 15.74% gc time)
[2023-01-13T14:58:57.323]Completed Shot 5, state 33
9831.317603 seconds (13.93 G allocations: 46.993 TiB, 15.73% gc time)
[2023-01-13T14:58:58.956]Completed Shot 5, state 40
9837.103879 seconds (13.93 G allocations: 46.997 TiB, 15.73% gc time)
[2023-01-13T14:59:04.738]Completed Shot 5, state 11
9846.239429 seconds (13.93 G allocations: 47.002 TiB, 15.72% gc time)
[2023-01-13T14:59:13.877]Completed Shot 5, state 37
9846.722364 seconds (13.93 G allocations: 47.003 TiB, 15.72% gc time)
[2023-01-13T14:59:14.356]Completed Shot 5, state 8
9870.168989 seconds (13.93 G allocations: 47.004 TiB, 15.69% gc time)
[2023-01-13T14:59:37.803]Completed Shot 5, state 15
9656.249895 seconds (13.61 G allocations: 45.934 TiB, 15.84% gc time)
[2023-01-13T17:40:34.153]Completed Shot 6, state 19
9693.975832 seconds (13.67 G allocations: 46.117 TiB, 15.84% gc time)
[2023-01-13T17:41:11.787]Completed Shot 6, state 40
9727.348052 seconds (13.72 G allocations: 46.277 TiB, 15.84% gc time)
[2023-01-13T17:41:45.155]Completed Shot 6, state 10
9744.231450 seconds (13.74 G allocations: 46.357 TiB, 15.84% gc time)
[2023-01-13T17:42:02.037]Completed Shot 6, state 2
9756.956020 seconds (13.76 G allocations: 46.417 TiB, 15.84% gc time)
[2023-01-13T17:42:14.768]Completed Shot 6, state 44
9775.557673 seconds (13.78 G allocations: 46.506 TiB, 15.84% gc time)
[2023-01-13T17:42:33.366]Completed Shot 6, state 17
9796.095753 seconds (13.81 G allocations: 46.601 TiB, 15.84% gc time)
[2023-01-13T17:42:53.905]Completed Shot 6, state 22
9800.893513 seconds (13.82 G allocations: 46.623 TiB, 15.84% gc time)
[2023-01-13T17:42:58.701]Completed Shot 6, state 15
9801.696282 seconds (13.82 G allocations: 46.627 TiB, 15.84% gc time)
[2023-01-13T17:42:59.508]Completed Shot 6, state 48
9801.798962 seconds (13.82 G allocations: 46.627 TiB, 15.84% gc time)
[2023-01-13T17:42:59.605]Completed Shot 6, state 3
9804.309694 seconds (13.82 G allocations: 46.639 TiB, 15.84% gc time)
[2023-01-13T17:43:02.119]Completed Shot 6, state 21
9816.535152 seconds (13.84 G allocations: 46.695 TiB, 15.84% gc time)
[2023-01-13T17:43:14.345]Completed Shot 6, state 25
9817.057762 seconds (13.84 G allocations: 46.697 TiB, 15.84% gc time)
[2023-01-13T17:43:14.870]Completed Shot 6, state 43
9821.656886 seconds (13.85 G allocations: 46.717 TiB, 15.84% gc time)
[2023-01-13T17:43:19.465]Completed Shot 6, state 16
9822.092886 seconds (13.85 G allocations: 46.719 TiB, 15.84% gc time)
[2023-01-13T17:43:19.900]Completed Shot 6, state 9
9823.721226 seconds (13.85 G allocations: 46.725 TiB, 15.84% gc time)
[2023-01-13T17:43:21.527]Completed Shot 6, state 1
9826.723799 seconds (13.85 G allocations: 46.738 TiB, 15.83% gc time)
[2023-01-13T17:43:24.532]Completed Shot 6, state 20
9827.087410 seconds (13.85 G allocations: 46.740 TiB, 15.83% gc time)
[2023-01-13T17:43:24.895]Completed Shot 6, state 14
9827.763897 seconds (13.85 G allocations: 46.742 TiB, 15.83% gc time)
[2023-01-13T17:43:25.575]Completed Shot 6, state 35
9832.804430 seconds (13.86 G allocations: 46.763 TiB, 15.83% gc time)
[2023-01-13T17:43:30.616]Completed Shot 6, state 49
9833.514931 seconds (13.86 G allocations: 46.766 TiB, 15.83% gc time)
[2023-01-13T17:43:31.325]Completed Shot 6, state 27
9837.199717 seconds (13.86 G allocations: 46.780 TiB, 15.83% gc time)
[2023-01-13T17:43:35.011]Completed Shot 6, state 37
9839.213755 seconds (13.87 G allocations: 46.788 TiB, 15.83% gc time)
[2023-01-13T17:43:37.024]Completed Shot 6, state 28
9842.614297 seconds (13.87 G allocations: 46.801 TiB, 15.83% gc time)
[2023-01-13T17:43:40.424]Completed Shot 6, state 24
9847.170525 seconds (13.88 G allocations: 46.818 TiB, 15.83% gc time)
[2023-01-13T17:43:44.982]Completed Shot 6, state 42
9848.665429 seconds (13.88 G allocations: 46.823 TiB, 15.83% gc time)
[2023-01-13T17:43:46.473]Completed Shot 6, state 13
9849.239628 seconds (13.88 G allocations: 46.825 TiB, 15.83% gc time)
[2023-01-13T17:43:47.051]Completed Shot 6, state 38
9852.787495 seconds (13.88 G allocations: 46.836 TiB, 15.82% gc time)
[2023-01-13T17:43:50.594]Completed Shot 6, state 7
9852.782104 seconds (13.88 G allocations: 46.836 TiB, 15.82% gc time)
[2023-01-13T17:43:50.595]Completed Shot 6, state 50
9857.431022 seconds (13.89 G allocations: 46.852 TiB, 15.82% gc time)
[2023-01-13T17:43:55.241]Completed Shot 6, state 32
9863.942811 seconds (13.89 G allocations: 46.872 TiB, 15.82% gc time)
[2023-01-13T17:44:01.754]Completed Shot 6, state 41
9865.071259 seconds (13.89 G allocations: 46.875 TiB, 15.82% gc time)
[2023-01-13T17:44:02.878]Completed Shot 6, state 6
9873.639569 seconds (13.90 G allocations: 46.900 TiB, 15.81% gc time)
[2023-01-13T17:44:11.448]Completed Shot 6, state 18
9874.596889 seconds (13.90 G allocations: 46.903 TiB, 15.81% gc time)
[2023-01-13T17:44:12.407]Completed Shot 6, state 30
9877.253469 seconds (13.90 G allocations: 46.910 TiB, 15.81% gc time)
[2023-01-13T17:44:15.060]Completed Shot 6, state 8
9878.131504 seconds (13.90 G allocations: 46.912 TiB, 15.81% gc time)
[2023-01-13T17:44:15.942]Completed Shot 6, state 34
9880.638109 seconds (13.90 G allocations: 46.918 TiB, 15.81% gc time)
[2023-01-13T17:44:18.449]Completed Shot 6, state 36
9881.293294 seconds (13.91 G allocations: 46.919 TiB, 15.81% gc time)
[2023-01-13T17:44:19.102]Completed Shot 6, state 23
9891.656676 seconds (13.91 G allocations: 46.942 TiB, 15.80% gc time)
[2023-01-13T17:44:29.463]Completed Shot 6, state 4
9898.530159 seconds (13.92 G allocations: 46.955 TiB, 15.79% gc time)
[2023-01-13T17:44:36.337]Completed Shot 6, state 11
9900.109723 seconds (13.92 G allocations: 46.958 TiB, 15.79% gc time)
[2023-01-13T17:44:37.917]Completed Shot 6, state 12
9901.629512 seconds (13.92 G allocations: 46.961 TiB, 15.79% gc time)
[2023-01-13T17:44:39.436]Completed Shot 6, state 5
9905.822742 seconds (13.92 G allocations: 46.967 TiB, 15.78% gc time)
[2023-01-13T17:44:43.633]Completed Shot 6, state 31
9915.356287 seconds (13.92 G allocations: 46.980 TiB, 15.77% gc time)
[2023-01-13T17:44:53.168]Completed Shot 6, state 47
9921.489342 seconds (13.93 G allocations: 46.987 TiB, 15.77% gc time)
[2023-01-13T17:44:59.299]Completed Shot 6, state 26
9922.521050 seconds (13.93 G allocations: 46.988 TiB, 15.76% gc time)
[2023-01-13T17:45:00.331]Completed Shot 6, state 29
9923.445907 seconds (13.93 G allocations: 46.989 TiB, 15.76% gc time)
[2023-01-13T17:45:01.258]Completed Shot 6, state 45
9925.581628 seconds (13.93 G allocations: 46.991 TiB, 15.76% gc time)
[2023-01-13T17:45:03.392]Completed Shot 6, state 33
9929.777341 seconds (13.93 G allocations: 46.992 TiB, 15.76% gc time)
[2023-01-13T17:45:07.589]Completed Shot 6, state 39
10017.135634 seconds (13.93 G allocations: 46.999 TiB, 15.65% gc time)
[2023-01-13T17:46:34.947]Completed Shot 6, state 46
9701.470562 seconds (13.69 G allocations: 46.171 TiB, 15.50% gc time)
[2023-01-13T20:28:16.424]Completed Shot 7, state 9
9710.806168 seconds (13.70 G allocations: 46.214 TiB, 15.50% gc time)
[2023-01-13T20:28:25.763]Completed Shot 7, state 46
9734.522743 seconds (13.73 G allocations: 46.331 TiB, 15.50% gc time)
[2023-01-13T20:28:49.479]Completed Shot 7, state 33
9762.624148 seconds (13.77 G allocations: 46.466 TiB, 15.50% gc time)
[2023-01-13T20:29:17.575]Completed Shot 7, state 2
9777.903206 seconds (13.79 G allocations: 46.540 TiB, 15.50% gc time)
[2023-01-13T20:29:32.856]Completed Shot 7, state 7
9780.082356 seconds (13.80 G allocations: 46.551 TiB, 15.50% gc time)
[2023-01-13T20:29:35.040]Completed Shot 7, state 50
9786.600360 seconds (13.81 G allocations: 46.583 TiB, 15.50% gc time)
[2023-01-13T20:29:41.557]Completed Shot 7, state 34
9787.355390 seconds (13.81 G allocations: 46.586 TiB, 15.50% gc time)
[2023-01-13T20:29:42.310]Completed Shot 7, state 17
9788.024170 seconds (13.81 G allocations: 46.590 TiB, 15.50% gc time)
[2023-01-13T20:29:42.979]Completed Shot 7, state 20
9788.521889 seconds (13.81 G allocations: 46.592 TiB, 15.50% gc time)
[2023-01-13T20:29:43.477]Completed Shot 7, state 24
9791.824264 seconds (13.81 G allocations: 46.608 TiB, 15.50% gc time)
[2023-01-13T20:29:46.779]Completed Shot 7, state 22
9808.435803 seconds (13.84 G allocations: 46.685 TiB, 15.50% gc time)
[2023-01-13T20:30:03.393]Completed Shot 7, state 41
9810.098027 seconds (13.84 G allocations: 46.693 TiB, 15.50% gc time)
[2023-01-13T20:30:05.055]Completed Shot 7, state 39
9811.821208 seconds (13.84 G allocations: 46.701 TiB, 15.50% gc time)
[2023-01-13T20:30:06.773]Completed Shot 7, state 4
9815.399600 seconds (13.85 G allocations: 46.717 TiB, 15.50% gc time)
[2023-01-13T20:30:10.351]Completed Shot 7, state 1
9818.171063 seconds (13.85 G allocations: 46.729 TiB, 15.50% gc time)
[2023-01-13T20:30:13.126]Completed Shot 7, state 25
9820.176072 seconds (13.85 G allocations: 46.738 TiB, 15.50% gc time)
[2023-01-13T20:30:15.128]Completed Shot 7, state 5
9827.329009 seconds (13.86 G allocations: 46.768 TiB, 15.49% gc time)
[2023-01-13T20:30:22.283]Completed Shot 7, state 14
9829.520223 seconds (13.86 G allocations: 46.777 TiB, 15.49% gc time)
[2023-01-13T20:30:24.478]Completed Shot 7, state 48
9831.314612 seconds (13.87 G allocations: 46.784 TiB, 15.49% gc time)
[2023-01-13T20:30:26.272]Completed Shot 7, state 42
9833.529447 seconds (13.87 G allocations: 46.793 TiB, 15.49% gc time)
[2023-01-13T20:30:28.483]Completed Shot 7, state 11
9840.872453 seconds (13.88 G allocations: 46.822 TiB, 15.49% gc time)
[2023-01-13T20:30:35.827]Completed Shot 7, state 18
9843.708810 seconds (13.88 G allocations: 46.834 TiB, 15.49% gc time)
[2023-01-13T20:30:38.665]Completed Shot 7, state 32
9844.677014 seconds (13.88 G allocations: 46.837 TiB, 15.49% gc time)
[2023-01-13T20:30:39.630]Completed Shot 7, state 8
9848.911996 seconds (13.89 G allocations: 46.853 TiB, 15.49% gc time)
[2023-01-13T20:30:43.868]Completed Shot 7, state 29
9850.134863 seconds (13.89 G allocations: 46.857 TiB, 15.49% gc time)
[2023-01-13T20:30:45.092]Completed Shot 7, state 40
9850.191162 seconds (13.89 G allocations: 46.858 TiB, 15.49% gc time)
[2023-01-13T20:30:45.146]Completed Shot 7, state 23
9851.808172 seconds (13.89 G allocations: 46.863 TiB, 15.48% gc time)
[2023-01-13T20:30:46.766]Completed Shot 7, state 47
9853.474473 seconds (13.89 G allocations: 46.868 TiB, 15.48% gc time)
[2023-01-13T20:30:48.431]Completed Shot 7, state 36
9858.818124 seconds (13.90 G allocations: 46.884 TiB, 15.48% gc time)
[2023-01-13T20:30:53.774]Completed Shot 7, state 26
9860.675039 seconds (13.90 G allocations: 46.890 TiB, 15.48% gc time)
[2023-01-13T20:30:55.632]Completed Shot 7, state 43
9869.597884 seconds (13.91 G allocations: 46.917 TiB, 15.47% gc time)
[2023-01-13T20:31:04.555]Completed Shot 7, state 35
9871.763530 seconds (13.91 G allocations: 46.923 TiB, 15.47% gc time)
[2023-01-13T20:31:06.718]Completed Shot 7, state 21
9873.673911 seconds (13.91 G allocations: 46.929 TiB, 15.47% gc time)
[2023-01-13T20:31:08.630]Completed Shot 7, state 27
9874.757969 seconds (13.91 G allocations: 46.932 TiB, 15.47% gc time)
[2023-01-13T20:31:09.714]Completed Shot 7, state 30
9877.511082 seconds (13.91 G allocations: 46.939 TiB, 15.47% gc time)
[2023-01-13T20:31:12.464]Completed Shot 7, state 13
9877.711285 seconds (13.91 G allocations: 46.939 TiB, 15.47% gc time)
[2023-01-13T20:31:12.666]Completed Shot 7, state 19
9881.198248 seconds (13.91 G allocations: 46.948 TiB, 15.47% gc time)
[2023-01-13T20:31:16.154]Completed Shot 7, state 28
9881.289323 seconds (13.91 G allocations: 46.948 TiB, 15.47% gc time)
[2023-01-13T20:31:16.246]Completed Shot 7, state 37
9882.389299 seconds (13.92 G allocations: 46.950 TiB, 15.46% gc time)
[2023-01-13T20:31:17.342]Completed Shot 7, state 10
9888.654747 seconds (13.92 G allocations: 46.962 TiB, 15.46% gc time)
[2023-01-13T20:31:23.612]Completed Shot 7, state 49
9894.894571 seconds (13.92 G allocations: 46.973 TiB, 15.45% gc time)
[2023-01-13T20:31:29.848]Completed Shot 7, state 15
9899.447483 seconds (13.92 G allocations: 46.980 TiB, 15.45% gc time)
[2023-01-13T20:31:34.405]Completed Shot 7, state 45
9903.340492 seconds (13.93 G allocations: 46.985 TiB, 15.45% gc time)
[2023-01-13T20:31:38.298]Completed Shot 7, state 44
9905.242917 seconds (13.93 G allocations: 46.988 TiB, 15.44% gc time)
[2023-01-13T20:31:40.197]Completed Shot 7, state 16
9906.607130 seconds (13.93 G allocations: 46.989 TiB, 15.44% gc time)
[2023-01-13T20:31:41.559]Completed Shot 7, state 6
9912.362631 seconds (13.93 G allocations: 46.993 TiB, 15.44% gc time)
[2023-01-13T20:31:47.319]Completed Shot 7, state 31
9913.020439 seconds (13.93 G allocations: 46.994 TiB, 15.43% gc time)
[2023-01-13T20:31:47.974]Completed Shot 7, state 12
9921.688008 seconds (13.93 G allocations: 46.997 TiB, 15.42% gc time)
[2023-01-13T20:31:56.640]Completed Shot 7, state 3
9966.515626 seconds (13.93 G allocations: 47.001 TiB, 15.37% gc time)
[2023-01-13T20:32:41.473]Completed Shot 7, state 38
9632.795684 seconds (13.72 G allocations: 46.279 TiB, 15.95% gc time)
[2023-01-13T23:13:14.274]Completed Shot 8, state 16
9650.390456 seconds (13.74 G allocations: 46.363 TiB, 15.95% gc time)
[2023-01-13T23:13:31.871]Completed Shot 8, state 36
9661.693966 seconds (13.76 G allocations: 46.418 TiB, 15.95% gc time)
[2023-01-13T23:13:43.175]Completed Shot 8, state 38
9687.011987 seconds (13.79 G allocations: 46.540 TiB, 15.94% gc time)
[2023-01-13T23:14:08.491]Completed Shot 8, state 25
9698.390158 seconds (13.81 G allocations: 46.595 TiB, 15.94% gc time)
[2023-01-13T23:14:19.867]Completed Shot 8, state 11
9700.997500 seconds (13.81 G allocations: 46.607 TiB, 15.94% gc time)
[2023-01-13T23:14:22.476]Completed Shot 8, state 22
9703.740900 seconds (13.82 G allocations: 46.620 TiB, 15.94% gc time)
[2023-01-13T23:14:25.221]Completed Shot 8, state 35
9709.944726 seconds (13.83 G allocations: 46.650 TiB, 15.94% gc time)
[2023-01-13T23:14:31.427]Completed Shot 8, state 49
9711.000376 seconds (13.83 G allocations: 46.656 TiB, 15.94% gc time)
[2023-01-13T23:14:32.481]Completed Shot 8, state 33
9712.141990 seconds (13.83 G allocations: 46.661 TiB, 15.94% gc time)
[2023-01-13T23:14:33.623]Completed Shot 8, state 37
9713.472189 seconds (13.83 G allocations: 46.668 TiB, 15.94% gc time)
[2023-01-13T23:14:34.948]Completed Shot 8, state 7
9721.402324 seconds (13.84 G allocations: 46.706 TiB, 15.94% gc time)
[2023-01-13T23:14:42.884]Completed Shot 8, state 44
9723.586669 seconds (13.85 G allocations: 46.716 TiB, 15.94% gc time)
[2023-01-13T23:14:45.069]Completed Shot 8, state 45
9729.818728 seconds (13.85 G allocations: 46.743 TiB, 15.93% gc time)
[2023-01-13T23:14:51.294]Completed Shot 8, state 1
9730.047913 seconds (13.85 G allocations: 46.744 TiB, 15.93% gc time)
[2023-01-13T23:14:51.523]Completed Shot 8, state 4
9734.225098 seconds (13.86 G allocations: 46.762 TiB, 15.93% gc time)
[2023-01-13T23:14:55.703]Completed Shot 8, state 19
9738.171676 seconds (13.87 G allocations: 46.780 TiB, 15.93% gc time)
[2023-01-13T23:14:59.653]Completed Shot 8, state 43
9739.782050 seconds (13.87 G allocations: 46.787 TiB, 15.93% gc time)
[2023-01-13T23:15:01.264]Completed Shot 8, state 47
9740.535917 seconds (13.87 G allocations: 46.790 TiB, 15.93% gc time)
[2023-01-13T23:15:02.015]Completed Shot 8, state 23
9742.983753 seconds (13.87 G allocations: 46.801 TiB, 15.93% gc time)
[2023-01-13T23:15:04.463]Completed Shot 8, state 26
9743.604839 seconds (13.87 G allocations: 46.803 TiB, 15.93% gc time)
[2023-01-13T23:15:05.086]Completed Shot 8, state 39
9745.706010 seconds (13.87 G allocations: 46.812 TiB, 15.93% gc time)
[2023-01-13T23:15:07.186]Completed Shot 8, state 32
9747.586856 seconds (13.88 G allocations: 46.820 TiB, 15.93% gc time)
[2023-01-13T23:15:09.067]Completed Shot 8, state 34
9749.179198 seconds (13.88 G allocations: 46.826 TiB, 15.93% gc time)
[2023-01-13T23:15:10.659]Completed Shot 8, state 29
9749.446878 seconds (13.88 G allocations: 46.827 TiB, 15.93% gc time)
[2023-01-13T23:15:10.929]Completed Shot 8, state 48
9758.926354 seconds (13.89 G allocations: 46.861 TiB, 15.92% gc time)
[2023-01-13T23:15:20.402]Completed Shot 8, state 3
9769.257751 seconds (13.90 G allocations: 46.898 TiB, 15.92% gc time)
[2023-01-13T23:15:30.733]Completed Shot 8, state 2
9776.715554 seconds (13.91 G allocations: 46.925 TiB, 15.91% gc time)
[2023-01-13T23:15:38.192]Completed Shot 8, state 9
9776.767493 seconds (13.91 G allocations: 46.925 TiB, 15.91% gc time)
[2023-01-13T23:15:38.245]Completed Shot 8, state 14
9777.352236 seconds (13.91 G allocations: 46.927 TiB, 15.91% gc time)
[2023-01-13T23:15:38.829]Completed Shot 8, state 10
9777.484905 seconds (13.91 G allocations: 46.927 TiB, 15.91% gc time)
[2023-01-13T23:15:38.963]Completed Shot 8, state 18
9780.311578 seconds (13.91 G allocations: 46.936 TiB, 15.91% gc time)
[2023-01-13T23:15:41.793]Completed Shot 8, state 40
9782.255106 seconds (13.91 G allocations: 46.942 TiB, 15.91% gc time)
[2023-01-13T23:15:43.731]Completed Shot 8, state 5
9783.207861 seconds (13.91 G allocations: 46.944 TiB, 15.91% gc time)
[2023-01-13T23:15:44.684]Completed Shot 8, state 8
9788.044723 seconds (13.92 G allocations: 46.957 TiB, 15.91% gc time)
[2023-01-13T23:15:49.527]Completed Shot 8, state 46
9789.766167 seconds (13.92 G allocations: 46.961 TiB, 15.90% gc time)
[2023-01-13T23:15:51.243]Completed Shot 8, state 12
9791.281321 seconds (13.92 G allocations: 46.965 TiB, 15.90% gc time)
[2023-01-13T23:15:52.763]Completed Shot 8, state 50
9792.353577 seconds (13.92 G allocations: 46.967 TiB, 15.90% gc time)
[2023-01-13T23:15:53.835]Completed Shot 8, state 42
9794.149932 seconds (13.92 G allocations: 46.971 TiB, 15.90% gc time)
[2023-01-13T23:15:55.626]Completed Shot 8, state 6
9795.934156 seconds (13.92 G allocations: 46.974 TiB, 15.90% gc time)
[2023-01-13T23:15:57.412]Completed Shot 8, state 20
9796.541177 seconds (13.92 G allocations: 46.975 TiB, 15.90% gc time)
[2023-01-13T23:15:58.021]Completed Shot 8, state 30
9800.410620 seconds (13.92 G allocations: 46.981 TiB, 15.89% gc time)
[2023-01-13T23:16:01.888]Completed Shot 8, state 15
9801.980604 seconds (13.93 G allocations: 46.984 TiB, 15.89% gc time)
[2023-01-13T23:16:03.460]Completed Shot 8, state 28
9802.466423 seconds (13.93 G allocations: 46.984 TiB, 15.89% gc time)
[2023-01-13T23:16:03.948]Completed Shot 8, state 41
9802.643423 seconds (13.93 G allocations: 46.985 TiB, 15.89% gc time)
[2023-01-13T23:16:04.122]Completed Shot 8, state 24
9804.053277 seconds (13.93 G allocations: 46.986 TiB, 15.89% gc time)
[2023-01-13T23:16:05.531]Completed Shot 8, state 17
9813.418041 seconds (13.93 G allocations: 46.994 TiB, 15.88% gc time)
[2023-01-13T23:16:14.896]Completed Shot 8, state 21
9818.020790 seconds (13.93 G allocations: 46.997 TiB, 15.87% gc time)
[2023-01-13T23:16:19.501]Completed Shot 8, state 31
9829.959117 seconds (13.93 G allocations: 47.002 TiB, 15.86% gc time)
[2023-01-13T23:16:31.438]Completed Shot 8, state 27
9839.973958 seconds (13.93 G allocations: 47.003 TiB, 15.84% gc time)
[2023-01-13T23:16:41.451]Completed Shot 8, state 13
9753.306299 seconds (13.70 G allocations: 46.239 TiB, 15.56% gc time)
[2023-01-14T01:59:14.766]Completed Shot 9, state 39
9782.609533 seconds (13.75 G allocations: 46.381 TiB, 15.56% gc time)
[2023-01-14T01:59:44.069]Completed Shot 9, state 34
9790.650804 seconds (13.76 G allocations: 46.420 TiB, 15.56% gc time)
[2023-01-14T01:59:52.105]Completed Shot 9, state 3
9801.713376 seconds (13.77 G allocations: 46.473 TiB, 15.56% gc time)
[2023-01-14T02:00:03.171]Completed Shot 9, state 25
9811.947199 seconds (13.79 G allocations: 46.522 TiB, 15.56% gc time)
[2023-01-14T02:00:13.406]Completed Shot 9, state 30
9822.400674 seconds (13.80 G allocations: 46.566 TiB, 15.56% gc time)
[2023-01-14T02:00:23.861]Completed Shot 9, state 45
9824.960733 seconds (13.80 G allocations: 46.577 TiB, 15.56% gc time)
[2023-01-14T02:00:26.416]Completed Shot 9, state 11
9826.259356 seconds (13.81 G allocations: 46.583 TiB, 15.56% gc time)
[2023-01-14T02:00:27.713]Completed Shot 9, state 1
9834.735552 seconds (13.82 G allocations: 46.622 TiB, 15.55% gc time)
[2023-01-14T02:00:36.194]Completed Shot 9, state 28
9837.940088 seconds (13.82 G allocations: 46.637 TiB, 15.55% gc time)
[2023-01-14T02:00:39.395]Completed Shot 9, state 7
9841.274714 seconds (13.83 G allocations: 46.653 TiB, 15.55% gc time)
[2023-01-14T02:00:42.734]Completed Shot 9, state 35
9842.920111 seconds (13.83 G allocations: 46.660 TiB, 15.55% gc time)
[2023-01-14T02:00:44.377]Completed Shot 9, state 22
9844.743507 seconds (13.83 G allocations: 46.669 TiB, 15.55% gc time)
[2023-01-14T02:00:46.204]Completed Shot 9, state 43
9851.699523 seconds (13.84 G allocations: 46.698 TiB, 15.55% gc time)
[2023-01-14T02:00:53.160]Completed Shot 9, state 49
9856.106800 seconds (13.84 G allocations: 46.718 TiB, 15.55% gc time)
[2023-01-14T02:00:57.561]Completed Shot 9, state 5
9856.318964 seconds (13.85 G allocations: 46.719 TiB, 15.55% gc time)
[2023-01-14T02:00:57.778]Completed Shot 9, state 32
9859.485412 seconds (13.85 G allocations: 46.733 TiB, 15.55% gc time)
[2023-01-14T02:01:00.946]Completed Shot 9, state 44
9861.891116 seconds (13.85 G allocations: 46.743 TiB, 15.55% gc time)
[2023-01-14T02:01:03.347]Completed Shot 9, state 13
9862.196882 seconds (13.85 G allocations: 46.744 TiB, 15.55% gc time)
[2023-01-14T02:01:03.652]Completed Shot 9, state 12
9862.936344 seconds (13.85 G allocations: 46.747 TiB, 15.55% gc time)
[2023-01-14T02:01:04.390]Completed Shot 9, state 2
9863.331560 seconds (13.85 G allocations: 46.749 TiB, 15.55% gc time)
[2023-01-14T02:01:04.790]Completed Shot 9, state 33
9868.935771 seconds (13.86 G allocations: 46.771 TiB, 15.55% gc time)
[2023-01-14T02:01:10.396]Completed Shot 9, state 41
9869.991339 seconds (13.86 G allocations: 46.775 TiB, 15.55% gc time)
[2023-01-14T02:01:11.449]Completed Shot 9, state 26
9872.376901 seconds (13.86 G allocations: 46.784 TiB, 15.54% gc time)
[2023-01-14T02:01:13.831]Completed Shot 9, state 4
9873.297031 seconds (13.87 G allocations: 46.788 TiB, 15.54% gc time)
[2023-01-14T02:01:14.757]Completed Shot 9, state 42
9874.899843 seconds (13.87 G allocations: 46.794 TiB, 15.54% gc time)
[2023-01-14T02:01:16.356]Completed Shot 9, state 14
9880.737912 seconds (13.87 G allocations: 46.813 TiB, 15.54% gc time)
[2023-01-14T02:01:22.192]Completed Shot 9, state 6
9884.069624 seconds (13.88 G allocations: 46.825 TiB, 15.54% gc time)
[2023-01-14T02:01:25.528]Completed Shot 9, state 27
9884.957089 seconds (13.88 G allocations: 46.828 TiB, 15.54% gc time)
[2023-01-14T02:01:26.418]Completed Shot 9, state 50
9888.099300 seconds (13.88 G allocations: 46.838 TiB, 15.54% gc time)
[2023-01-14T02:01:29.557]Completed Shot 9, state 23
9890.514358 seconds (13.88 G allocations: 46.845 TiB, 15.53% gc time)
[2023-01-14T02:01:31.975]Completed Shot 9, state 48
9897.975331 seconds (13.89 G allocations: 46.869 TiB, 15.53% gc time)
[2023-01-14T02:01:39.431]Completed Shot 9, state 15
9904.079070 seconds (13.89 G allocations: 46.887 TiB, 15.53% gc time)
[2023-01-14T02:01:45.537]Completed Shot 9, state 29
9913.680606 seconds (13.90 G allocations: 46.913 TiB, 15.52% gc time)
[2023-01-14T02:01:55.136]Completed Shot 9, state 9
9914.006094 seconds (13.90 G allocations: 46.914 TiB, 15.52% gc time)
[2023-01-14T02:01:55.466]Completed Shot 9, state 37
9914.724456 seconds (13.90 G allocations: 46.916 TiB, 15.52% gc time)
[2023-01-14T02:01:56.181]Completed Shot 9, state 17
9916.041574 seconds (13.90 G allocations: 46.919 TiB, 15.52% gc time)
[2023-01-14T02:01:57.498]Completed Shot 9, state 16
9918.651651 seconds (13.91 G allocations: 46.925 TiB, 15.51% gc time)
[2023-01-14T02:02:00.111]Completed Shot 9, state 38
9922.110516 seconds (13.91 G allocations: 46.932 TiB, 15.51% gc time)
[2023-01-14T02:02:03.570]Completed Shot 9, state 36
9923.319570 seconds (13.91 G allocations: 46.935 TiB, 15.51% gc time)
[2023-01-14T02:02:04.778]Completed Shot 9, state 31
9924.689879 seconds (13.91 G allocations: 46.937 TiB, 15.51% gc time)
[2023-01-14T02:02:06.147]Completed Shot 9, state 19
9925.827384 seconds (13.91 G allocations: 46.939 TiB, 15.51% gc time)
[2023-01-14T02:02:07.288]Completed Shot 9, state 47
9927.187105 seconds (13.91 G allocations: 46.941 TiB, 15.51% gc time)
[2023-01-14T02:02:08.644]Completed Shot 9, state 18
9933.202047 seconds (13.91 G allocations: 46.949 TiB, 15.50% gc time)
[2023-01-14T02:02:14.657]Completed Shot 9, state 8
9942.744687 seconds (13.92 G allocations: 46.960 TiB, 15.49% gc time)
[2023-01-14T02:02:24.205]Completed Shot 9, state 40
9945.691443 seconds (13.92 G allocations: 46.963 TiB, 15.49% gc time)
[2023-01-14T02:02:27.147]Completed Shot 9, state 10
9977.170074 seconds (13.92 G allocations: 46.987 TiB, 15.45% gc time)
[2023-01-14T02:02:58.628]Completed Shot 9, state 24
9980.894537 seconds (13.92 G allocations: 46.989 TiB, 15.45% gc time)
[2023-01-14T02:03:02.351]Completed Shot 9, state 21
9991.996407 seconds (13.93 G allocations: 46.994 TiB, 15.43% gc time)
[2023-01-14T02:03:13.453]Completed Shot 9, state 20
10014.450783 seconds (13.93 G allocations: 46.996 TiB, 15.40% gc time)
[2023-01-14T02:03:35.911]Completed Shot 9, state 46
9642.452267 seconds (13.69 G allocations: 46.198 TiB, 15.87% gc time)
[2023-01-14T04:44:18.368]Completed Shot 10, state 5
9652.695906 seconds (13.71 G allocations: 46.246 TiB, 15.87% gc time)
[2023-01-14T04:44:28.617]Completed Shot 10, state 47
9664.422267 seconds (13.72 G allocations: 46.303 TiB, 15.87% gc time)
[2023-01-14T04:44:40.337]Completed Shot 10, state 8
9692.806066 seconds (13.77 G allocations: 46.440 TiB, 15.87% gc time)
[2023-01-14T04:45:08.721]Completed Shot 10, state 12
9698.847421 seconds (13.77 G allocations: 46.470 TiB, 15.87% gc time)
[2023-01-14T04:45:14.767]Completed Shot 10, state 35
9705.762109 seconds (13.78 G allocations: 46.502 TiB, 15.87% gc time)
[2023-01-14T04:45:21.683]Completed Shot 10, state 42
9720.531848 seconds (13.80 G allocations: 46.573 TiB, 15.87% gc time)
[2023-01-14T04:45:36.452]Completed Shot 10, state 36
9724.245685 seconds (13.81 G allocations: 46.591 TiB, 15.87% gc time)
[2023-01-14T04:45:40.160]Completed Shot 10, state 7
9727.443792 seconds (13.81 G allocations: 46.606 TiB, 15.87% gc time)
[2023-01-14T04:45:43.362]Completed Shot 10, state 24
9731.750599 seconds (13.82 G allocations: 46.626 TiB, 15.87% gc time)
[2023-01-14T04:45:47.672]Completed Shot 10, state 48
9732.022772 seconds (13.82 G allocations: 46.627 TiB, 15.87% gc time)
[2023-01-14T04:45:48.001]Completed Shot 10, state 13
9752.279206 seconds (13.85 G allocations: 46.719 TiB, 15.86% gc time)
[2023-01-14T04:46:08.196]Completed Shot 10, state 21
9761.271207 seconds (13.86 G allocations: 46.759 TiB, 15.86% gc time)
[2023-01-14T04:46:17.190]Completed Shot 10, state 31
9764.745332 seconds (13.86 G allocations: 46.774 TiB, 15.86% gc time)
[2023-01-14T04:46:20.664]Completed Shot 10, state 30
9768.739789 seconds (13.87 G allocations: 46.791 TiB, 15.86% gc time)
[2023-01-14T04:46:24.653]Completed Shot 10, state 1
9771.237302 seconds (13.87 G allocations: 46.802 TiB, 15.86% gc time)
[2023-01-14T04:46:27.157]Completed Shot 10, state 33
9776.143603 seconds (13.88 G allocations: 46.823 TiB, 15.86% gc time)
[2023-01-14T04:46:32.059]Completed Shot 10, state 11
9776.958841 seconds (13.88 G allocations: 46.826 TiB, 15.86% gc time)
[2023-01-14T04:46:32.880]Completed Shot 10, state 46
9777.321028 seconds (13.88 G allocations: 46.827 TiB, 15.86% gc time)
[2023-01-14T04:46:33.237]Completed Shot 10, state 16
9780.539602 seconds (13.88 G allocations: 46.840 TiB, 15.86% gc time)
[2023-01-14T04:46:36.461]Completed Shot 10, state 45
9782.414057 seconds (13.89 G allocations: 46.847 TiB, 15.86% gc time)
[2023-01-14T04:46:38.335]Completed Shot 10, state 49
9784.164717 seconds (13.89 G allocations: 46.854 TiB, 15.86% gc time)
[2023-01-14T04:46:40.085]Completed Shot 10, state 39
9784.827658 seconds (13.89 G allocations: 46.857 TiB, 15.86% gc time)
[2023-01-14T04:46:40.744]Completed Shot 10, state 19
9788.221451 seconds (13.89 G allocations: 46.869 TiB, 15.86% gc time)
[2023-01-14T04:46:44.142]Completed Shot 10, state 44
9792.412960 seconds (13.90 G allocations: 46.884 TiB, 15.85% gc time)
[2023-01-14T04:46:48.332]Completed Shot 10, state 29
9792.583945 seconds (13.90 G allocations: 46.884 TiB, 15.85% gc time)
[2023-01-14T04:46:48.501]Completed Shot 10, state 20
9798.087442 seconds (13.90 G allocations: 46.902 TiB, 15.85% gc time)
[2023-01-14T04:46:54.005]Completed Shot 10, state 23
9800.345953 seconds (13.90 G allocations: 46.910 TiB, 15.85% gc time)
[2023-01-14T04:46:56.267]Completed Shot 10, state 43
9805.754237 seconds (13.91 G allocations: 46.927 TiB, 15.85% gc time)
[2023-01-14T04:47:01.675]Completed Shot 10, state 38
9807.975648 seconds (13.91 G allocations: 46.934 TiB, 15.85% gc time)
[2023-01-14T04:47:03.896]Completed Shot 10, state 41
9811.592658 seconds (13.91 G allocations: 46.944 TiB, 15.84% gc time)
[2023-01-14T04:47:07.512]Completed Shot 10, state 34
9813.134194 seconds (13.92 G allocations: 46.949 TiB, 15.84% gc time)
[2023-01-14T04:47:09.048]Completed Shot 10, state 6
9814.954960 seconds (13.92 G allocations: 46.954 TiB, 15.84% gc time)
[2023-01-14T04:47:10.869]Completed Shot 10, state 3
9815.190459 seconds (13.92 G allocations: 46.954 TiB, 15.84% gc time)
[2023-01-14T04:47:11.109]Completed Shot 10, state 27
9818.652843 seconds (13.92 G allocations: 46.963 TiB, 15.84% gc time)
[2023-01-14T04:47:14.572]Completed Shot 10, state 32
9820.087915 seconds (13.92 G allocations: 46.967 TiB, 15.84% gc time)
[2023-01-14T04:47:16.009]Completed Shot 10, state 40
9820.135369 seconds (13.92 G allocations: 46.967 TiB, 15.84% gc time)
[2023-01-14T04:47:16.056]Completed Shot 10, state 50
9824.789968 seconds (13.92 G allocations: 46.976 TiB, 15.83% gc time)
[2023-01-14T04:47:20.709]Completed Shot 10, state 28
9826.072376 seconds (13.92 G allocations: 46.979 TiB, 15.83% gc time)
[2023-01-14T04:47:21.991]Completed Shot 10, state 26
9827.237111 seconds (13.93 G allocations: 46.981 TiB, 15.83% gc time)
[2023-01-14T04:47:23.150]Completed Shot 10, state 2
9830.901437 seconds (13.93 G allocations: 46.987 TiB, 15.83% gc time)
[2023-01-14T04:47:26.817]Completed Shot 10, state 15
9831.922663 seconds (13.93 G allocations: 46.989 TiB, 15.83% gc time)
[2023-01-14T04:47:27.841]Completed Shot 10, state 25
9834.012313 seconds (13.93 G allocations: 46.992 TiB, 15.82% gc time)
[2023-01-14T04:47:29.927]Completed Shot 10, state 10
9834.543004 seconds (13.93 G allocations: 46.992 TiB, 15.82% gc time)
[2023-01-14T04:47:30.460]Completed Shot 10, state 22
9836.207668 seconds (13.93 G allocations: 46.994 TiB, 15.82% gc time)
[2023-01-14T04:47:32.122]Completed Shot 10, state 9
9839.147919 seconds (13.93 G allocations: 46.997 TiB, 15.82% gc time)
[2023-01-14T04:47:35.064]Completed Shot 10, state 18
9843.139814 seconds (13.93 G allocations: 47.000 TiB, 15.81% gc time)
[2023-01-14T04:47:39.060]Completed Shot 10, state 37
9851.009325 seconds (13.93 G allocations: 47.004 TiB, 15.80% gc time)
[2023-01-14T04:47:46.925]Completed Shot 10, state 14
9851.161857 seconds (13.93 G allocations: 47.004 TiB, 15.80% gc time)
[2023-01-14T04:47:47.076]Completed Shot 10, state 4
9864.529218 seconds (13.93 G allocations: 47.006 TiB, 15.79% gc time)
[2023-01-14T04:48:00.445]Completed Shot 10, state 17
[2023-01-14T04:48:00.555]**********Simulation completed!**********
[2023-01-14T04:48:00.556]**********Saving**********
[2023-01-14T04:48:06.943]Saving file: /lustre/work/ws/ws1/hd_ku269-logs/LightCones/2023-01-13/8095146_N11_BS.jld2
[2023-01-14T04:48:10.134]**********Run completed!**********
