Added MKL.jl
Project LightCones v0.1.0
Status `/gpfs/bwfor/work/ws/hd_ku269-light_cones/WorkingFolder/Project.toml`
⌃ [7d9fca2a] Arpack v0.5.3
⌃ [7073ff75] IJulia v1.23.3
⌃ [033835bb] JLD2 v0.4.25
  [0b1a1467] KrylovKit v0.6.0
  [d3d80556] LineSearches v7.2.0
  [33e6dc65] MKL v0.6.0
⌃ [429524aa] Optim v1.7.3
⌃ [91a5bcdd] Plots v1.35.5
⌃ [c3e4b0f8] Pluto v0.19.14
  [3c0b384b] QuantumInformation v0.4.9
  [189a3867] Reexport v1.2.2
⌃ [295af30f] Revise v3.4.0
  [ebcc8a00] SpinSymmetry v0.3.3
  [59d54670] ThreadedSparseArrays v0.2.2
  [ade2ca70] Dates
  [8ba89e20] Distributed
  [37e2e46d] LinearAlgebra
  [de0858da] Printf
  [9a3f8284] Random
  [1a1011a3] SharedArrays
  [2f01184e] SparseArrays
  [10745b16] Statistics
Info Packages marked with ⌃ have new versions available and may be upgradable.
[2023-01-09T02:55:08.968]**********RANDOM FIELDS**********
shared_krylov.jl
Working Directory:          /gpfs/bwfor/work/ws/hd_ku269-light_cones/WorkingFolder
SLURM Directory:            /gpfs/bwfor/work/ws/hd_ku269-light_cones/WorkingFolder 
Running on host:            m08n02
Job id:                     468826
Job name:                   otoc_simulation_N11_TR_FIDONLY
Number of nodes allocated:  
Number of cores allocated:  1
#threads of Julia:          64
#threads of BLAS:           1
ARGS = ["11", "10", "50", "BS", "x", "3", "50", "WAHUHA"]
LOCATION = "/gpfs/bwfor/work/ws/hd_ku269-logs/LightCones/2023-01-09"
N = 11
SHOTS = 10
MULT_RANDOM_STATES = true
N_RANDOM_STATES = 50
TYPE_OF_RS = "BS"
OBSERVABLE = "x"
DISORDER_PARAM = 3.0
[2023-01-09T02:55:09.129]**********Running simulation**********
[2023-01-09T02:55:09.184]trange = 0.1:0.1:20.0
[2023-01-09T02:55:09.465]A = σx
[2023-01-09T02:55:09.868]alpha=6
[2023-01-09T02:55:09.868]PBC
4[2023-01-09T02:55:12.158]Operations set up.
Using multiple states.
2084.235877 seconds (1.54 G allocations: 3.818 TiB, 15.48% gc time, 0.16% compilation time)
[2023-01-09T03:30:09.399]Completed Shot 1, state 19
2091.392014 seconds (1.55 G allocations: 3.822 TiB, 15.50% gc time, 0.36% compilation time)
[2023-01-09T03:30:12.484]Completed Shot 1, state 16
2088.793799 seconds (1.55 G allocations: 3.825 TiB, 15.52% gc time, 0.17% compilation time)
[2023-01-09T03:30:13.725]Completed Shot 1, state 23
2089.182567 seconds (1.55 G allocations: 3.826 TiB, 15.52% gc time, 0.17% compilation time)
[2023-01-09T03:30:14.119]Completed Shot 1, state 20
2089.183934 seconds (1.55 G allocations: 3.827 TiB, 15.52% gc time, 0.16% compilation time)
[2023-01-09T03:30:14.316]Completed Shot 1, state 36
2089.842756 seconds (1.55 G allocations: 3.829 TiB, 15.51% gc time, 0.17% compilation time)
[2023-01-09T03:30:14.918]Completed Shot 1, state 35
2094.375118 seconds (1.55 G allocations: 3.831 TiB, 15.48% gc time, 0.36% compilation time)
[2023-01-09T03:30:15.467]Completed Shot 1, state 44
2093.018955 seconds (1.55 G allocations: 3.835 TiB, 15.55% gc time, 0.16% compilation time)
[2023-01-09T03:30:18.154]Completed Shot 1, state 5
2093.370442 seconds (1.55 G allocations: 3.835 TiB, 15.55% gc time, 0.16% compilation time)
[2023-01-09T03:30:18.508]Completed Shot 1, state 13
2094.611293 seconds (1.55 G allocations: 3.839 TiB, 15.54% gc time, 0.17% compilation time)
[2023-01-09T03:30:19.546]Completed Shot 1, state 34
2094.819031 seconds (1.55 G allocations: 3.839 TiB, 15.54% gc time, 0.18% compilation time)
[2023-01-09T03:30:19.663]Completed Shot 1, state 14
2095.104781 seconds (1.55 G allocations: 3.840 TiB, 15.53% gc time, 0.18% compilation time)
[2023-01-09T03:30:19.952]Completed Shot 1, state 40
2095.019320 seconds (1.55 G allocations: 3.840 TiB, 15.53% gc time, 0.17% compilation time)
[2023-01-09T03:30:19.955]Completed Shot 1, state 3
2094.926564 seconds (1.55 G allocations: 3.840 TiB, 15.53% gc time, 0.16% compilation time)
[2023-01-09T03:30:20.066]Completed Shot 1, state 6
2095.204408 seconds (1.55 G allocations: 3.841 TiB, 15.53% gc time, 0.16% compilation time)
[2023-01-09T03:30:20.316]Completed Shot 1, state 43
2099.495117 seconds (1.55 G allocations: 3.842 TiB, 15.50% gc time, 0.36% compilation time)
[2023-01-09T03:30:20.588]Completed Shot 1, state 30
2099.738232 seconds (1.55 G allocations: 3.842 TiB, 15.50% gc time, 0.36% compilation time)
[2023-01-09T03:30:20.830]Completed Shot 1, state 31
2096.196560 seconds (1.55 G allocations: 3.843 TiB, 15.53% gc time, 0.16% compilation time)
[2023-01-09T03:30:21.333]Completed Shot 1, state 47
2100.477168 seconds (1.55 G allocations: 3.844 TiB, 15.49% gc time, 0.36% compilation time)
[2023-01-09T03:30:21.570]Completed Shot 1, state 29
2096.849785 seconds (1.55 G allocations: 3.845 TiB, 15.52% gc time, 0.16% compilation time)
[2023-01-09T03:30:21.983]Completed Shot 1, state 41
2101.858063 seconds (1.55 G allocations: 3.845 TiB, 15.52% gc time, 0.36% compilation time)
[2023-01-09T03:30:22.949]Completed Shot 1, state 1
2097.955183 seconds (1.55 G allocations: 3.846 TiB, 15.55% gc time, 0.16% compilation time)
[2023-01-09T03:30:23.088]Completed Shot 1, state 33
2098.319601 seconds (1.55 G allocations: 3.846 TiB, 15.55% gc time, 0.16% compilation time)
[2023-01-09T03:30:23.452]Completed Shot 1, state 39
2098.679197 seconds (1.55 G allocations: 3.847 TiB, 15.54% gc time, 0.16% compilation time)
[2023-01-09T03:30:23.817]Completed Shot 1, state 4
2099.229544 seconds (1.56 G allocations: 3.849 TiB, 15.54% gc time, 0.17% compilation time)
[2023-01-09T03:30:24.165]Completed Shot 1, state 8
2099.250719 seconds (1.56 G allocations: 3.849 TiB, 15.54% gc time, 0.17% compilation time)
[2023-01-09T03:30:24.185]Completed Shot 1, state 2
2099.232404 seconds (1.56 G allocations: 3.849 TiB, 15.54% gc time, 0.16% compilation time)
[2023-01-09T03:30:24.364]Completed Shot 1, state 46
2103.297717 seconds (1.56 G allocations: 3.849 TiB, 15.51% gc time, 0.36% compilation time)
[2023-01-09T03:30:24.390]Completed Shot 1, state 28
2099.940018 seconds (1.56 G allocations: 3.850 TiB, 15.53% gc time, 0.18% compilation time)
[2023-01-09T03:30:24.748]Completed Shot 1, state 49
2103.675904 seconds (1.56 G allocations: 3.850 TiB, 15.51% gc time, 0.36% compilation time)
[2023-01-09T03:30:24.768]Completed Shot 1, state 32
2099.966318 seconds (1.56 G allocations: 3.850 TiB, 15.53% gc time, 0.18% compilation time)
[2023-01-09T03:30:24.809]Completed Shot 1, state 37
2103.777657 seconds (1.56 G allocations: 3.850 TiB, 15.51% gc time, 0.36% compilation time)
[2023-01-09T03:30:24.869]Completed Shot 1, state 50
2100.532378 seconds (1.56 G allocations: 3.851 TiB, 15.53% gc time, 0.18% compilation time)
[2023-01-09T03:30:25.364]Completed Shot 1, state 42
2100.362846 seconds (1.56 G allocations: 3.852 TiB, 15.53% gc time, 0.16% compilation time)
[2023-01-09T03:30:25.499]Completed Shot 1, state 17
2100.549036 seconds (1.56 G allocations: 3.852 TiB, 15.53% gc time, 0.17% compilation time)
[2023-01-09T03:30:25.616]Completed Shot 1, state 10
2101.247718 seconds (1.56 G allocations: 3.852 TiB, 15.55% gc time, 0.17% compilation time)
[2023-01-09T03:30:26.184]Completed Shot 1, state 38
2101.352674 seconds (1.56 G allocations: 3.852 TiB, 15.55% gc time, 0.17% compilation time)
[2023-01-09T03:30:26.282]Completed Shot 1, state 21
2101.372634 seconds (1.56 G allocations: 3.852 TiB, 15.55% gc time, 0.17% compilation time)
[2023-01-09T03:30:26.304]Completed Shot 1, state 25
2101.291396 seconds (1.56 G allocations: 3.852 TiB, 15.55% gc time, 0.16% compilation time)
[2023-01-09T03:30:26.422]Completed Shot 1, state 26
2101.902063 seconds (1.56 G allocations: 3.853 TiB, 15.54% gc time, 0.18% compilation time)
[2023-01-09T03:30:26.710]Completed Shot 1, state 12
2101.809221 seconds (1.56 G allocations: 3.853 TiB, 15.54% gc time, 0.16% compilation time)
[2023-01-09T03:30:26.949]Completed Shot 1, state 15
2102.277369 seconds (1.56 G allocations: 3.853 TiB, 15.54% gc time, 0.17% compilation time)
[2023-01-09T03:30:27.214]Completed Shot 1, state 22
2102.290931 seconds (1.56 G allocations: 3.853 TiB, 15.54% gc time, 0.17% compilation time)
[2023-01-09T03:30:27.226]Completed Shot 1, state 27
2102.430432 seconds (1.56 G allocations: 3.853 TiB, 15.54% gc time, 0.18% compilation time)
[2023-01-09T03:30:27.238]Completed Shot 1, state 11
2102.448034 seconds (1.56 G allocations: 3.854 TiB, 15.54% gc time, 0.17% compilation time)
[2023-01-09T03:30:27.365]Completed Shot 1, state 48
2102.511358 seconds (1.56 G allocations: 3.854 TiB, 15.54% gc time, 0.17% compilation time)
[2023-01-09T03:30:27.448]Completed Shot 1, state 24
2103.290272 seconds (1.56 G allocations: 3.854 TiB, 15.53% gc time, 0.18% compilation time)
[2023-01-09T03:30:28.098]Completed Shot 1, state 18
2103.533421 seconds (1.56 G allocations: 3.854 TiB, 15.53% gc time, 0.18% compilation time)
[2023-01-09T03:30:28.341]Completed Shot 1, state 45
2103.520567 seconds (1.56 G allocations: 3.854 TiB, 15.53% gc time, 0.17% compilation time)
[2023-01-09T03:30:28.595]Completed Shot 1, state 7
2110.657776 seconds (1.56 G allocations: 3.854 TiB, 15.48% gc time, 0.35% compilation time)
[2023-01-09T03:30:31.750]Completed Shot 1, state 9
2072.779366 seconds (1.48 G allocations: 3.669 TiB, 14.89% gc time)
[2023-01-09T04:05:04.536]Completed Shot 2, state 20
2084.101724 seconds (1.49 G allocations: 3.691 TiB, 14.97% gc time)
[2023-01-09T04:05:15.854]Completed Shot 2, state 8
2084.810533 seconds (1.49 G allocations: 3.693 TiB, 14.96% gc time)
[2023-01-09T04:05:16.564]Completed Shot 2, state 18
2084.853989 seconds (1.49 G allocations: 3.693 TiB, 14.96% gc time)
[2023-01-09T04:05:16.607]Completed Shot 2, state 7
2086.269600 seconds (1.49 G allocations: 3.698 TiB, 14.95% gc time)
[2023-01-09T04:05:18.022]Completed Shot 2, state 6
2087.526486 seconds (1.49 G allocations: 3.701 TiB, 14.94% gc time)
[2023-01-09T04:05:19.281]Completed Shot 2, state 45
2088.900252 seconds (1.49 G allocations: 3.705 TiB, 14.93% gc time)
[2023-01-09T04:05:20.654]Completed Shot 2, state 22
2090.779153 seconds (1.49 G allocations: 3.706 TiB, 14.99% gc time)
[2023-01-09T04:05:22.532]Completed Shot 2, state 11
2091.016094 seconds (1.49 G allocations: 3.707 TiB, 14.99% gc time)
[2023-01-09T04:05:22.771]Completed Shot 2, state 44
2091.040206 seconds (1.49 G allocations: 3.707 TiB, 14.99% gc time)
[2023-01-09T04:05:22.794]Completed Shot 2, state 19
2091.158278 seconds (1.49 G allocations: 3.707 TiB, 14.99% gc time)
[2023-01-09T04:05:22.910]Completed Shot 2, state 2
2091.403096 seconds (1.49 G allocations: 3.708 TiB, 14.99% gc time)
[2023-01-09T04:05:23.155]Completed Shot 2, state 4
2091.498074 seconds (1.49 G allocations: 3.708 TiB, 14.99% gc time)
[2023-01-09T04:05:23.253]Completed Shot 2, state 48
2091.650100 seconds (1.49 G allocations: 3.709 TiB, 14.98% gc time)
[2023-01-09T04:05:23.404]Completed Shot 2, state 26
2091.901021 seconds (1.49 G allocations: 3.709 TiB, 14.98% gc time)
[2023-01-09T04:05:23.655]Completed Shot 2, state 21
2091.950214 seconds (1.49 G allocations: 3.710 TiB, 14.98% gc time)
[2023-01-09T04:05:23.706]Completed Shot 2, state 43
2092.178297 seconds (1.49 G allocations: 3.710 TiB, 14.98% gc time)
[2023-01-09T04:05:23.933]Completed Shot 2, state 35
2092.852529 seconds (1.49 G allocations: 3.713 TiB, 14.98% gc time)
[2023-01-09T04:05:24.607]Completed Shot 2, state 27
2093.792133 seconds (1.50 G allocations: 3.715 TiB, 14.97% gc time)
[2023-01-09T04:05:25.545]Completed Shot 2, state 13
2094.685471 seconds (1.50 G allocations: 3.717 TiB, 14.96% gc time)
[2023-01-09T04:05:26.438]Completed Shot 2, state 14
2094.692417 seconds (1.50 G allocations: 3.717 TiB, 14.96% gc time)
[2023-01-09T04:05:26.446]Completed Shot 2, state 15
2096.365262 seconds (1.50 G allocations: 3.719 TiB, 14.99% gc time)
[2023-01-09T04:05:28.117]Completed Shot 2, state 1
2096.816698 seconds (1.50 G allocations: 3.720 TiB, 14.99% gc time)
[2023-01-09T04:05:28.571]Completed Shot 2, state 38
2096.878723 seconds (1.50 G allocations: 3.720 TiB, 14.99% gc time)
[2023-01-09T04:05:28.633]Completed Shot 2, state 24
2096.888592 seconds (1.50 G allocations: 3.720 TiB, 14.99% gc time)
[2023-01-09T04:05:28.643]Completed Shot 2, state 34
2096.950037 seconds (1.50 G allocations: 3.721 TiB, 14.99% gc time)
[2023-01-09T04:05:28.703]Completed Shot 2, state 12
2096.991984 seconds (1.50 G allocations: 3.721 TiB, 14.99% gc time)
[2023-01-09T04:05:28.746]Completed Shot 2, state 28
2097.038299 seconds (1.50 G allocations: 3.721 TiB, 14.99% gc time)
[2023-01-09T04:05:28.793]Completed Shot 2, state 41
2097.241774 seconds (1.50 G allocations: 3.721 TiB, 14.99% gc time)
[2023-01-09T04:05:28.997]Completed Shot 2, state 39
2097.391865 seconds (1.50 G allocations: 3.722 TiB, 14.99% gc time)
[2023-01-09T04:05:29.144]Completed Shot 2, state 9
2097.438963 seconds (1.50 G allocations: 3.722 TiB, 14.99% gc time)
[2023-01-09T04:05:29.194]Completed Shot 2, state 36
2097.991781 seconds (1.50 G allocations: 3.723 TiB, 14.98% gc time)
[2023-01-09T04:05:29.746]Completed Shot 2, state 33
2098.124098 seconds (1.50 G allocations: 3.723 TiB, 14.98% gc time)
[2023-01-09T04:05:29.879]Completed Shot 2, state 40
2098.129227 seconds (1.50 G allocations: 3.723 TiB, 14.98% gc time)
[2023-01-09T04:05:29.884]Completed Shot 2, state 32
2098.237137 seconds (1.50 G allocations: 3.724 TiB, 14.98% gc time)
[2023-01-09T04:05:29.991]Completed Shot 2, state 25
2098.677767 seconds (1.50 G allocations: 3.724 TiB, 14.98% gc time)
[2023-01-09T04:05:30.433]Completed Shot 2, state 50
2099.033709 seconds (1.50 G allocations: 3.725 TiB, 14.97% gc time)
[2023-01-09T04:05:30.789]Completed Shot 2, state 42
2099.871336 seconds (1.50 G allocations: 3.725 TiB, 14.99% gc time)
[2023-01-09T04:05:31.626]Completed Shot 2, state 49
2100.002269 seconds (1.50 G allocations: 3.725 TiB, 14.99% gc time)
[2023-01-09T04:05:31.756]Completed Shot 2, state 23
2100.094267 seconds (1.50 G allocations: 3.725 TiB, 14.99% gc time)
[2023-01-09T04:05:31.848]Completed Shot 2, state 30
2100.099454 seconds (1.50 G allocations: 3.726 TiB, 14.99% gc time)
[2023-01-09T04:05:31.852]Completed Shot 2, state 10
2100.168971 seconds (1.50 G allocations: 3.726 TiB, 14.99% gc time)
[2023-01-09T04:05:31.922]Completed Shot 2, state 17
2100.647886 seconds (1.50 G allocations: 3.726 TiB, 14.99% gc time)
[2023-01-09T04:05:32.403]Completed Shot 2, state 46
2100.672376 seconds (1.50 G allocations: 3.726 TiB, 14.99% gc time)
[2023-01-09T04:05:32.427]Completed Shot 2, state 37
2101.574581 seconds (1.50 G allocations: 3.727 TiB, 14.98% gc time)
[2023-01-09T04:05:33.327]Completed Shot 2, state 5
2101.684748 seconds (1.50 G allocations: 3.727 TiB, 14.98% gc time)
[2023-01-09T04:05:33.438]Completed Shot 2, state 16
2101.869486 seconds (1.50 G allocations: 3.727 TiB, 14.98% gc time)
[2023-01-09T04:05:33.624]Completed Shot 2, state 31
2102.266566 seconds (1.50 G allocations: 3.727 TiB, 14.98% gc time)
[2023-01-09T04:05:34.018]Completed Shot 2, state 3
2103.371540 seconds (1.50 G allocations: 3.727 TiB, 14.97% gc time)
[2023-01-09T04:05:35.126]Completed Shot 2, state 47
2104.047193 seconds (1.50 G allocations: 3.727 TiB, 14.97% gc time)
[2023-01-09T04:05:35.801]Completed Shot 2, state 29
1920.418185 seconds (1.50 G allocations: 3.728 TiB, 16.71% gc time)
[2023-01-09T04:37:36.223]Completed Shot 3, state 4
1921.070700 seconds (1.50 G allocations: 3.730 TiB, 16.71% gc time)
[2023-01-09T04:37:36.878]Completed Shot 3, state 19
1921.109494 seconds (1.50 G allocations: 3.730 TiB, 16.71% gc time)
[2023-01-09T04:37:36.914]Completed Shot 3, state 2
1922.083323 seconds (1.50 G allocations: 3.733 TiB, 16.70% gc time)
[2023-01-09T04:37:37.891]Completed Shot 3, state 49
1922.241983 seconds (1.50 G allocations: 3.733 TiB, 16.70% gc time)
[2023-01-09T04:37:38.049]Completed Shot 3, state 36
1922.402298 seconds (1.50 G allocations: 3.734 TiB, 16.69% gc time)
[2023-01-09T04:37:38.209]Completed Shot 3, state 34
1922.425228 seconds (1.50 G allocations: 3.734 TiB, 16.69% gc time)
[2023-01-09T04:37:38.230]Completed Shot 3, state 10
1922.637639 seconds (1.50 G allocations: 3.735 TiB, 16.69% gc time)
[2023-01-09T04:37:38.442]Completed Shot 3, state 3
1922.671687 seconds (1.50 G allocations: 3.735 TiB, 16.69% gc time)
[2023-01-09T04:37:38.477]Completed Shot 3, state 13
1922.719412 seconds (1.50 G allocations: 3.735 TiB, 16.69% gc time)
[2023-01-09T04:37:38.527]Completed Shot 3, state 48
1922.898323 seconds (1.50 G allocations: 3.736 TiB, 16.69% gc time)
[2023-01-09T04:37:38.705]Completed Shot 3, state 28
1923.029240 seconds (1.51 G allocations: 3.736 TiB, 16.69% gc time)
[2023-01-09T04:37:38.834]Completed Shot 3, state 12
1923.255250 seconds (1.51 G allocations: 3.737 TiB, 16.69% gc time)
[2023-01-09T04:37:39.063]Completed Shot 3, state 46
1923.281964 seconds (1.51 G allocations: 3.737 TiB, 16.69% gc time)
[2023-01-09T04:37:39.086]Completed Shot 3, state 6
1923.341746 seconds (1.51 G allocations: 3.737 TiB, 16.69% gc time)
[2023-01-09T04:37:39.149]Completed Shot 3, state 29
1923.472016 seconds (1.51 G allocations: 3.737 TiB, 16.68% gc time)
[2023-01-09T04:37:39.278]Completed Shot 3, state 20
1923.770816 seconds (1.51 G allocations: 3.738 TiB, 16.68% gc time)
[2023-01-09T04:37:39.578]Completed Shot 3, state 47
1923.899664 seconds (1.51 G allocations: 3.739 TiB, 16.68% gc time)
[2023-01-09T04:37:39.707]Completed Shot 3, state 45
1924.002989 seconds (1.51 G allocations: 3.739 TiB, 16.68% gc time)
[2023-01-09T04:37:39.809]Completed Shot 3, state 18
1924.046241 seconds (1.51 G allocations: 3.739 TiB, 16.68% gc time)
[2023-01-09T04:37:39.852]Completed Shot 3, state 22
1924.148538 seconds (1.51 G allocations: 3.740 TiB, 16.68% gc time)
[2023-01-09T04:37:39.954]Completed Shot 3, state 14
1924.161787 seconds (1.51 G allocations: 3.740 TiB, 16.68% gc time)
[2023-01-09T04:37:39.968]Completed Shot 3, state 23
1924.234656 seconds (1.51 G allocations: 3.740 TiB, 16.68% gc time)
[2023-01-09T04:37:40.041]Completed Shot 3, state 26
1924.405756 seconds (1.51 G allocations: 3.740 TiB, 16.68% gc time)
[2023-01-09T04:37:40.211]Completed Shot 3, state 11
1924.610214 seconds (1.51 G allocations: 3.741 TiB, 16.67% gc time)
[2023-01-09T04:37:40.415]Completed Shot 3, state 9
1924.650678 seconds (1.51 G allocations: 3.741 TiB, 16.67% gc time)
[2023-01-09T04:37:40.458]Completed Shot 3, state 50
1926.869651 seconds (1.51 G allocations: 3.742 TiB, 16.74% gc time)
[2023-01-09T04:37:42.677]Completed Shot 3, state 32
1926.884561 seconds (1.51 G allocations: 3.742 TiB, 16.74% gc time)
[2023-01-09T04:37:42.691]Completed Shot 3, state 25
1927.115476 seconds (1.51 G allocations: 3.743 TiB, 16.74% gc time)
1927.114868 seconds (1.51 G allocations: 3.743 TiB, 16.74% gc time)
[2023-01-09T04:37:42.922]Completed Shot 3, state 27
[2023-01-09T04:37:42.922]Completed Shot 3, state 42
1927.315742 seconds (1.51 G allocations: 3.743 TiB, 16.73% gc time)
[2023-01-09T04:37:43.123]Completed Shot 3, state 38
1927.346132 seconds (1.51 G allocations: 3.743 TiB, 16.73% gc time)
[2023-01-09T04:37:43.153]Completed Shot 3, state 31
1927.404002 seconds (1.51 G allocations: 3.743 TiB, 16.73% gc time)
[2023-01-09T04:37:43.211]Completed Shot 3, state 44
1927.447743 seconds (1.51 G allocations: 3.743 TiB, 16.73% gc time)
[2023-01-09T04:37:43.255]Completed Shot 3, state 39
1927.540838 seconds (1.51 G allocations: 3.744 TiB, 16.73% gc time)
[2023-01-09T04:37:43.346]Completed Shot 3, state 15
1927.784147 seconds (1.51 G allocations: 3.744 TiB, 16.73% gc time)
[2023-01-09T04:37:43.591]Completed Shot 3, state 43
1928.103633 seconds (1.51 G allocations: 3.745 TiB, 16.73% gc time)
[2023-01-09T04:37:43.907]Completed Shot 3, state 1
1928.164982 seconds (1.51 G allocations: 3.745 TiB, 16.73% gc time)
[2023-01-09T04:37:43.972]Completed Shot 3, state 33
1928.390176 seconds (1.51 G allocations: 3.745 TiB, 16.73% gc time)
[2023-01-09T04:37:44.195]Completed Shot 3, state 8
1928.432625 seconds (1.51 G allocations: 3.745 TiB, 16.73% gc time)
[2023-01-09T04:37:44.238]Completed Shot 3, state 16
1928.602734 seconds (1.51 G allocations: 3.745 TiB, 16.72% gc time)
[2023-01-09T04:37:44.407]Completed Shot 3, state 5
1928.647284 seconds (1.51 G allocations: 3.746 TiB, 16.72% gc time)
[2023-01-09T04:37:44.453]Completed Shot 3, state 21
1928.706832 seconds (1.51 G allocations: 3.746 TiB, 16.72% gc time)
[2023-01-09T04:37:44.514]Completed Shot 3, state 41
1929.046899 seconds (1.51 G allocations: 3.746 TiB, 16.72% gc time)
[2023-01-09T04:37:44.852]Completed Shot 3, state 17
1929.129655 seconds (1.51 G allocations: 3.746 TiB, 16.72% gc time)
[2023-01-09T04:37:44.936]Completed Shot 3, state 30
1930.273810 seconds (1.51 G allocations: 3.747 TiB, 16.73% gc time)
[2023-01-09T04:37:46.078]Completed Shot 3, state 7
1930.290747 seconds (1.51 G allocations: 3.747 TiB, 16.73% gc time)
[2023-01-09T04:37:46.098]Completed Shot 3, state 37
1930.511831 seconds (1.51 G allocations: 3.747 TiB, 16.73% gc time)
[2023-01-09T04:37:46.319]Completed Shot 3, state 40
1930.666059 seconds (1.51 G allocations: 3.747 TiB, 16.73% gc time)
[2023-01-09T04:37:46.472]Completed Shot 3, state 24
1933.305135 seconds (1.51 G allocations: 3.747 TiB, 16.71% gc time)
[2023-01-09T04:37:49.112]Completed Shot 3, state 35
2026.503760 seconds (1.55 G allocations: 3.846 TiB, 16.37% gc time)
[2023-01-09T05:11:35.623]Completed Shot 4, state 48
2027.621475 seconds (1.55 G allocations: 3.849 TiB, 16.36% gc time)
[2023-01-09T05:11:36.737]Completed Shot 4, state 17
2028.396346 seconds (1.55 G allocations: 3.851 TiB, 16.36% gc time)
[2023-01-09T05:11:37.514]Completed Shot 4, state 50
2029.001192 seconds (1.56 G allocations: 3.852 TiB, 16.35% gc time)
[2023-01-09T05:11:38.119]Completed Shot 4, state 36
2032.081838 seconds (1.56 G allocations: 3.855 TiB, 16.43% gc time)
[2023-01-09T05:11:41.199]Completed Shot 4, state 30
2032.765586 seconds (1.56 G allocations: 3.856 TiB, 16.42% gc time)
[2023-01-09T05:11:41.881]Completed Shot 4, state 7
2032.808830 seconds (1.56 G allocations: 3.856 TiB, 16.42% gc time)
[2023-01-09T05:11:41.923]Completed Shot 4, state 2
2033.036819 seconds (1.56 G allocations: 3.857 TiB, 16.42% gc time)
[2023-01-09T05:11:42.156]Completed Shot 4, state 42
2033.600112 seconds (1.56 G allocations: 3.859 TiB, 16.42% gc time)
[2023-01-09T05:11:42.718]Completed Shot 4, state 44
2033.815463 seconds (1.56 G allocations: 3.859 TiB, 16.42% gc time)
[2023-01-09T05:11:42.934]Completed Shot 4, state 32
2033.857165 seconds (1.56 G allocations: 3.859 TiB, 16.42% gc time)
[2023-01-09T05:11:42.974]Completed Shot 4, state 28
2035.171148 seconds (1.56 G allocations: 3.863 TiB, 16.41% gc time)
[2023-01-09T05:11:44.287]Completed Shot 4, state 14
2035.326849 seconds (1.56 G allocations: 3.863 TiB, 16.40% gc time)
[2023-01-09T05:11:44.445]Completed Shot 4, state 41
2035.411000 seconds (1.56 G allocations: 3.864 TiB, 16.40% gc time)
[2023-01-09T05:11:44.528]Completed Shot 4, state 29
2035.655151 seconds (1.56 G allocations: 3.864 TiB, 16.40% gc time)
[2023-01-09T05:11:44.771]Completed Shot 4, state 19
2035.905279 seconds (1.56 G allocations: 3.865 TiB, 16.40% gc time)
[2023-01-09T05:11:45.021]Completed Shot 4, state 15
2035.942627 seconds (1.56 G allocations: 3.865 TiB, 16.40% gc time)
[2023-01-09T05:11:45.061]Completed Shot 4, state 47
2036.319704 seconds (1.56 G allocations: 3.866 TiB, 16.40% gc time)
[2023-01-09T05:11:45.435]Completed Shot 4, state 8
2036.417383 seconds (1.56 G allocations: 3.866 TiB, 16.40% gc time)
[2023-01-09T05:11:45.532]Completed Shot 4, state 9
2036.481563 seconds (1.56 G allocations: 3.867 TiB, 16.39% gc time)
[2023-01-09T05:11:45.600]Completed Shot 4, state 46
2036.614189 seconds (1.56 G allocations: 3.867 TiB, 16.39% gc time)
[2023-01-09T05:11:45.729]Completed Shot 4, state 6
2036.645519 seconds (1.56 G allocations: 3.867 TiB, 16.39% gc time)
[2023-01-09T05:11:45.760]Completed Shot 4, state 3
2036.709675 seconds (1.56 G allocations: 3.867 TiB, 16.39% gc time)
[2023-01-09T05:11:45.827]Completed Shot 4, state 37
2038.025607 seconds (1.56 G allocations: 3.868 TiB, 16.42% gc time)
[2023-01-09T05:11:47.142]Completed Shot 4, state 22
2038.219363 seconds (1.56 G allocations: 3.869 TiB, 16.42% gc time)
[2023-01-09T05:11:47.336]Completed Shot 4, state 24
2038.462113 seconds (1.56 G allocations: 3.869 TiB, 16.42% gc time)
[2023-01-09T05:11:47.579]Completed Shot 4, state 33
2038.612615 seconds (1.56 G allocations: 3.870 TiB, 16.42% gc time)
[2023-01-09T05:11:47.730]Completed Shot 4, state 49
2038.857437 seconds (1.56 G allocations: 3.870 TiB, 16.42% gc time)
[2023-01-09T05:11:47.975]Completed Shot 4, state 45
2038.899031 seconds (1.56 G allocations: 3.870 TiB, 16.42% gc time)
2038.900590 seconds (1.56 G allocations: 3.870 TiB, 16.42% gc time)
[[2023-01-09T05:11:48.016]Completed Shot 4, state 26
2023-01-09T05:11:48.016]Completed Shot 4, state 10
2038.932206 seconds (1.56 G allocations: 3.870 TiB, 16.42% gc time)
[2023-01-09T05:11:48.047]Completed Shot 4, state 4
2038.986465 seconds (1.56 G allocations: 3.871 TiB, 16.42% gc time)
[2023-01-09T05:11:48.102]Completed Shot 4, state 11
2039.309698 seconds (1.56 G allocations: 3.871 TiB, 16.41% gc time)
[2023-01-09T05:11:48.425]Completed Shot 4, state 13
2039.403261 seconds (1.56 G allocations: 3.872 TiB, 16.41% gc time)
[2023-01-09T05:11:48.520]Completed Shot 4, state 35
2039.469241 seconds (1.56 G allocations: 3.872 TiB, 16.41% gc time)
[2023-01-09T05:11:48.586]Completed Shot 4, state 27
2039.517299 seconds (1.56 G allocations: 3.872 TiB, 16.41% gc time)
[2023-01-09T05:11:48.633]Completed Shot 4, state 16
2039.729386 seconds (1.56 G allocations: 3.872 TiB, 16.41% gc time)
[2023-01-09T05:11:48.844]Completed Shot 4, state 5
2040.124321 seconds (1.56 G allocations: 3.873 TiB, 16.41% gc time)
[2023-01-09T05:11:49.242]Completed Shot 4, state 39
2040.157503 seconds (1.56 G allocations: 3.873 TiB, 16.41% gc time)
[2023-01-09T05:11:49.274]Completed Shot 4, state 23
2040.193538 seconds (1.56 G allocations: 3.873 TiB, 16.41% gc time)
[2023-01-09T05:11:49.311]Completed Shot 4, state 40
2040.262155 seconds (1.56 G allocations: 3.873 TiB, 16.41% gc time)
[2023-01-09T05:11:49.379]Completed Shot 4, state 25
2040.380149 seconds (1.56 G allocations: 3.873 TiB, 16.40% gc time)
[2023-01-09T05:11:49.496]Completed Shot 4, state 20
2040.675085 seconds (1.56 G allocations: 3.873 TiB, 16.40% gc time)
[2023-01-09T05:11:49.792]Completed Shot 4, state 38
2040.704309 seconds (1.56 G allocations: 3.873 TiB, 16.40% gc time)
[2023-01-09T05:11:49.820]Completed Shot 4, state 18
2040.779963 seconds (1.56 G allocations: 3.873 TiB, 16.40% gc time)
[2023-01-09T05:11:49.897]Completed Shot 4, state 31
2040.891187 seconds (1.56 G allocations: 3.873 TiB, 16.40% gc time)
[2023-01-09T05:11:50.009]Completed Shot 4, state 43
2041.420871 seconds (1.56 G allocations: 3.874 TiB, 16.40% gc time)
[2023-01-09T05:11:50.536]Completed Shot 4, state 12
2042.440113 seconds (1.56 G allocations: 3.874 TiB, 16.39% gc time)
[2023-01-09T05:11:51.557]Completed Shot 4, state 34
2042.753718 seconds (1.56 G allocations: 3.874 TiB, 16.39% gc time)
[2023-01-09T05:11:51.870]Completed Shot 4, state 21
2044.364651 seconds (1.56 G allocations: 3.874 TiB, 16.38% gc time)
[2023-01-09T05:11:53.479]Completed Shot 4, state 1
2021.531518 seconds (1.50 G allocations: 3.712 TiB, 15.55% gc time)
[2023-01-09T05:45:35.012]Completed Shot 5, state 5
2021.799221 seconds (1.50 G allocations: 3.713 TiB, 15.54% gc time)
[2023-01-09T05:45:35.280]Completed Shot 5, state 4
2024.383669 seconds (1.50 G allocations: 3.720 TiB, 15.52% gc time)
[2023-01-09T05:45:37.866]Completed Shot 5, state 21
2027.277408 seconds (1.50 G allocations: 3.722 TiB, 15.60% gc time)
[2023-01-09T05:45:40.760]Completed Shot 5, state 27
2028.508133 seconds (1.50 G allocations: 3.726 TiB, 15.59% gc time)
[2023-01-09T05:45:41.991]Completed Shot 5, state 31
2028.844600 seconds (1.50 G allocations: 3.727 TiB, 15.59% gc time)
[2023-01-09T05:45:42.326]Completed Shot 5, state 9
2028.854812 seconds (1.50 G allocations: 3.727 TiB, 15.59% gc time)
[2023-01-09T05:45:42.336]Completed Shot 5, state 10
2029.216375 seconds (1.50 G allocations: 3.728 TiB, 15.58% gc time)
[2023-01-09T05:45:42.699]Completed Shot 5, state 23
2029.278682 seconds (1.50 G allocations: 3.728 TiB, 15.58% gc time)
[2023-01-09T05:45:42.762]Completed Shot 5, state 20
2029.331895 seconds (1.50 G allocations: 3.728 TiB, 15.58% gc time)
[2023-01-09T05:45:42.816]Completed Shot 5, state 36
2030.332020 seconds (1.50 G allocations: 3.731 TiB, 15.57% gc time)
[2023-01-09T05:45:43.812]Completed Shot 5, state 1
2030.569266 seconds (1.50 G allocations: 3.732 TiB, 15.57% gc time)
[2023-01-09T05:45:44.053]Completed Shot 5, state 25
2030.738156 seconds (1.50 G allocations: 3.732 TiB, 15.57% gc time)
[2023-01-09T05:45:44.222]Completed Shot 5, state 39
2030.742232 seconds (1.50 G allocations: 3.732 TiB, 15.57% gc time)
[2023-01-09T05:45:44.226]Completed Shot 5, state 38
2030.760448 seconds (1.50 G allocations: 3.732 TiB, 15.57% gc time)
[2023-01-09T05:45:44.244]Completed Shot 5, state 44
2030.919007 seconds (1.50 G allocations: 3.733 TiB, 15.57% gc time)
[2023-01-09T05:45:44.401]Completed Shot 5, state 19
2030.948727 seconds (1.50 G allocations: 3.733 TiB, 15.57% gc time)
[2023-01-09T05:45:44.432]Completed Shot 5, state 29
2031.222335 seconds (1.50 G allocations: 3.734 TiB, 15.57% gc time)
[2023-01-09T05:45:44.706]Completed Shot 5, state 49
2031.331500 seconds (1.50 G allocations: 3.734 TiB, 15.57% gc time)
[2023-01-09T05:45:44.816]Completed Shot 5, state 47
2031.487491 seconds (1.50 G allocations: 3.735 TiB, 15.57% gc time)
[2023-01-09T05:45:44.971]Completed Shot 5, state 35
2031.525427 seconds (1.50 G allocations: 3.735 TiB, 15.57% gc time)
[2023-01-09T05:45:45.009]Completed Shot 5, state 43
2031.828660 seconds (1.50 G allocations: 3.736 TiB, 15.56% gc time)
[2023-01-09T05:45:45.311]Completed Shot 5, state 26
2031.930143 seconds (1.51 G allocations: 3.736 TiB, 15.56% gc time)
[2023-01-09T05:45:45.412]Completed Shot 5, state 17
2034.188595 seconds (1.51 G allocations: 3.738 TiB, 15.61% gc time)
[2023-01-09T05:45:47.672]Completed Shot 5, state 40
2034.302875 seconds (1.51 G allocations: 3.739 TiB, 15.60% gc time)
[2023-01-09T05:45:47.787]Completed Shot 5, state 48
2034.362819 seconds (1.51 G allocations: 3.739 TiB, 15.60% gc time)
[2023-01-09T05:45:47.844]Completed Shot 5, state 12
2034.576913 seconds (1.51 G allocations: 3.739 TiB, 15.60% gc time)
[2023-01-09T05:45:48.061]Completed Shot 5, state 45
2034.605592 seconds (1.51 G allocations: 3.740 TiB, 15.60% gc time)
[2023-01-09T05:45:48.086]Completed Shot 5, state 7
2034.835246 seconds (1.51 G allocations: 3.740 TiB, 15.60% gc time)
[2023-01-09T05:45:48.317]Completed Shot 5, state 22
2034.922678 seconds (1.51 G allocations: 3.740 TiB, 15.60% gc time)
[2023-01-09T05:45:48.404]Completed Shot 5, state 8
2034.968066 seconds (1.51 G allocations: 3.740 TiB, 15.60% gc time)
[2023-01-09T05:45:48.449]Completed Shot 5, state 3
2035.025040 seconds (1.51 G allocations: 3.740 TiB, 15.60% gc time)
[2023-01-09T05:45:48.508]Completed Shot 5, state 37
2035.063163 seconds (1.51 G allocations: 3.740 TiB, 15.60% gc time)
[2023-01-09T05:45:48.544]Completed Shot 5, state 11
2035.314276 seconds (1.51 G allocations: 3.741 TiB, 15.60% gc time)
[2023-01-09T05:45:48.796]Completed Shot 5, state 18
2035.370960 seconds (1.51 G allocations: 3.741 TiB, 15.60% gc time)
[2023-01-09T05:45:48.853]Completed Shot 5, state 15
2035.647729 seconds (1.51 G allocations: 3.741 TiB, 15.59% gc time)
[2023-01-09T05:45:49.131]Completed Shot 5, state 33
2035.709325 seconds (1.51 G allocations: 3.742 TiB, 15.59% gc time)
[2023-01-09T05:45:49.193]Completed Shot 5, state 50
2035.845118 seconds (1.51 G allocations: 3.742 TiB, 15.59% gc time)
[2023-01-09T05:45:49.329]Completed Shot 5, state 41
2035.870255 seconds (1.51 G allocations: 3.742 TiB, 15.59% gc time)
[2023-01-09T05:45:49.353]Completed Shot 5, state 32
2036.113738 seconds (1.51 G allocations: 3.742 TiB, 15.59% gc time)
[2023-01-09T05:45:49.594]Completed Shot 5, state 2
2036.187447 seconds (1.51 G allocations: 3.742 TiB, 15.59% gc time)
[2023-01-09T05:45:49.670]Completed Shot 5, state 30
2036.289544 seconds (1.51 G allocations: 3.742 TiB, 15.59% gc time)
[2023-01-09T05:45:49.772]Completed Shot 5, state 28
2036.368272 seconds (1.51 G allocations: 3.742 TiB, 15.59% gc time)
[2023-01-09T05:45:49.850]Completed Shot 5, state 16
2036.443756 seconds (1.51 G allocations: 3.743 TiB, 15.59% gc time)
[2023-01-09T05:45:49.925]Completed Shot 5, state 14
2036.504990 seconds (1.51 G allocations: 3.743 TiB, 15.59% gc time)
[2023-01-09T05:45:49.989]Completed Shot 5, state 46
2036.660655 seconds (1.51 G allocations: 3.743 TiB, 15.59% gc time)
[2023-01-09T05:45:50.143]Completed Shot 5, state 24
2036.893566 seconds (1.51 G allocations: 3.743 TiB, 15.59% gc time)
[2023-01-09T05:45:50.375]Completed Shot 5, state 13
2037.140890 seconds (1.51 G allocations: 3.743 TiB, 15.58% gc time)
[2023-01-09T05:45:50.624]Completed Shot 5, state 34
  Activating project at `/gpfs/bwfor/work/ws/hd_ku269-light_cones/WorkingFolder`
2038.852229 seconds (1.51 G allocations: 3.743 TiB, 15.59% gc time)
[2023-01-09T05:45:52.334]Completed Shot 5, state 6
2040.010709 seconds (1.51 G allocations: 3.743 TiB, 15.59% gc time)
[2023-01-09T05:45:53.494]Completed Shot 5, state 42
1963.247907 seconds (1.47 G allocations: 3.663 TiB, 16.84% gc time)
[2023-01-09T06:18:36.748]Completed Shot 6, state 49
1968.305143 seconds (1.48 G allocations: 3.673 TiB, 16.87% gc time)
[2023-01-09T06:18:41.805]Completed Shot 6, state 34
1968.586754 seconds (1.48 G allocations: 3.674 TiB, 16.87% gc time)
[2023-01-09T06:18:42.086]Completed Shot 6, state 40
1973.397922 seconds (1.48 G allocations: 3.684 TiB, 16.88% gc time)
[2023-01-09T06:18:46.896]Completed Shot 6, state 15
1974.350783 seconds (1.48 G allocations: 3.687 TiB, 16.88% gc time)
[2023-01-09T06:18:47.849]Completed Shot 6, state 18
1974.406892 seconds (1.48 G allocations: 3.688 TiB, 16.88% gc time)
[2023-01-09T06:18:47.905]Completed Shot 6, state 17
1974.915242 seconds (1.48 G allocations: 3.689 TiB, 16.87% gc time)
[2023-01-09T06:18:48.414]Completed Shot 6, state 26
1974.967120 seconds (1.48 G allocations: 3.690 TiB, 16.87% gc time)
[2023-01-09T06:18:48.464]Completed Shot 6, state 10
1975.056652 seconds (1.49 G allocations: 3.690 TiB, 16.87% gc time)
[2023-01-09T06:18:48.556]Completed Shot 6, state 35
1975.114890 seconds (1.49 G allocations: 3.690 TiB, 16.87% gc time)
[2023-01-09T06:18:48.613]Completed Shot 6, state 19
1975.375804 seconds (1.49 G allocations: 3.691 TiB, 16.87% gc time)
[2023-01-09T06:18:48.876]Completed Shot 6, state 48
1976.154862 seconds (1.49 G allocations: 3.694 TiB, 16.86% gc time)
[2023-01-09T06:18:49.655]Completed Shot 6, state 50
1976.175990 seconds (1.49 G allocations: 3.694 TiB, 16.86% gc time)
[2023-01-09T06:18:49.675]Completed Shot 6, state 38
1976.243027 seconds (1.49 G allocations: 3.694 TiB, 16.86% gc time)
[2023-01-09T06:18:49.740]Completed Shot 6, state 2
1976.332748 seconds (1.49 G allocations: 3.694 TiB, 16.86% gc time)
[2023-01-09T06:18:49.832]Completed Shot 6, state 43
1977.504645 seconds (1.49 G allocations: 3.694 TiB, 16.91% gc time)
[2023-01-09T06:18:51.003]Completed Shot 6, state 23
1977.618530 seconds (1.49 G allocations: 3.695 TiB, 16.90% gc time)
[2023-01-09T06:18:51.118]Completed Shot 6, state 36
1977.713924 seconds (1.49 G allocations: 3.695 TiB, 16.90% gc time)
[2023-01-09T06:18:51.213]Completed Shot 6, state 30
1977.868653 seconds (1.49 G allocations: 3.695 TiB, 16.90% gc time)
[2023-01-09T06:18:51.365]Completed Shot 6, state 7
1978.156133 seconds (1.49 G allocations: 3.696 TiB, 16.90% gc time)
[2023-01-09T06:18:51.655]Completed Shot 6, state 29
1978.178564 seconds (1.49 G allocations: 3.696 TiB, 16.90% gc time)
[2023-01-09T06:18:51.678]Completed Shot 6, state 37
1978.300786 seconds (1.49 G allocations: 3.696 TiB, 16.90% gc time)
1978.301209 seconds (1.49 G allocations: 3.696 TiB, 16.90% gc time)
[[2023-01-09T06:18:51.799]Completed Shot 6, state 24
2023-01-09T06:18:51.799]Completed Shot 6, state 28
1978.376435 seconds (1.49 G allocations: 3.697 TiB, 16.90% gc time)
[2023-01-09T06:18:51.873]Completed Shot 6, state 5
1978.457412 seconds (1.49 G allocations: 3.697 TiB, 16.90% gc time)
[2023-01-09T06:18:51.955]Completed Shot 6, state 11
1978.474836 seconds (1.49 G allocations: 3.697 TiB, 16.90% gc time)
[2023-01-09T06:18:51.974]Completed Shot 6, state 41
1978.528180 seconds (1.49 G allocations: 3.697 TiB, 16.90% gc time)
[2023-01-09T06:18:52.024]Completed Shot 6, state 3
1979.093184 seconds (1.49 G allocations: 3.698 TiB, 16.89% gc time)
1979.095824 seconds (1.49 G allocations: 3.698 TiB, 16.89% gc time)
[[2023-01-09T06:18:52.592]Completed Shot 6, state 33
2023-01-09T06:18:52.592]Completed Shot 6, state 6
1979.094163 seconds (1.49 G allocations: 3.698 TiB, 16.89% gc time)
[2023-01-09T06:18:52.592]Completed Shot 6, state 22
1979.275964 seconds (1.49 G allocations: 3.699 TiB, 16.89% gc time)
[2023-01-09T06:18:52.775]Completed Shot 6, state 45
1979.559021 seconds (1.49 G allocations: 3.699 TiB, 16.89% gc time)
[2023-01-09T06:18:53.056]Completed Shot 6, state 8
1979.656728 seconds (1.49 G allocations: 3.700 TiB, 16.89% gc time)
[2023-01-09T06:18:53.155]Completed Shot 6, state 25
1979.674624 seconds (1.49 G allocations: 3.700 TiB, 16.89% gc time)
[2023-01-09T06:18:53.174]Completed Shot 6, state 47
1979.774997 seconds (1.49 G allocations: 3.700 TiB, 16.89% gc time)
[2023-01-09T06:18:53.273]Completed Shot 6, state 20
1979.786449 seconds (1.49 G allocations: 3.700 TiB, 16.89% gc time)
[2023-01-09T06:18:53.286]Completed Shot 6, state 39
1980.060401 seconds (1.49 G allocations: 3.700 TiB, 16.88% gc time)
[2023-01-09T06:18:53.558]Completed Shot 6, state 21
1980.104970 seconds (1.49 G allocations: 3.700 TiB, 16.88% gc time)
[2023-01-09T06:18:53.604]Completed Shot 6, state 44
1980.474034 seconds (1.49 G allocations: 3.701 TiB, 16.89% gc time)
1980.473849 seconds (1.49 G allocations: 3.701 TiB, 16.89% gc time)
[2023-01-09T06:18:53.971]Completed Shot 6, state 14
[2023-01-09T06:18:53.971]Completed Shot 6, state 16
1980.493595 seconds (1.49 G allocations: 3.701 TiB, 16.89% gc time)
[2023-01-09T06:18:53.993]Completed Shot 6, state 42
1980.665020 seconds (1.49 G allocations: 3.701 TiB, 16.89% gc time)
[2023-01-09T06:18:54.165]Completed Shot 6, state 46
1980.988294 seconds (1.49 G allocations: 3.701 TiB, 16.88% gc time)
[2023-01-09T06:18:54.487]Completed Shot 6, state 27
1981.852992 seconds (1.49 G allocations: 3.702 TiB, 16.88% gc time)
[2023-01-09T06:18:55.350]Completed Shot 6, state 12
1981.903426 seconds (1.49 G allocations: 3.702 TiB, 16.88% gc time)
[2023-01-09T06:18:55.399]Completed Shot 6, state 1
1982.163719 seconds (1.49 G allocations: 3.702 TiB, 16.87% gc time)
[2023-01-09T06:18:55.661]Completed Shot 6, state 13
1982.815445 seconds (1.49 G allocations: 3.703 TiB, 16.87% gc time)
[2023-01-09T06:18:56.312]Completed Shot 6, state 9
1983.333118 seconds (1.49 G allocations: 3.703 TiB, 16.87% gc time)
[2023-01-09T06:18:56.832]Completed Shot 6, state 31
1984.978103 seconds (1.49 G allocations: 3.703 TiB, 16.85% gc time)
[2023-01-09T06:18:58.474]Completed Shot 6, state 4
1985.168624 seconds (1.49 G allocations: 3.703 TiB, 16.85% gc time)
[2023-01-09T06:18:58.667]Completed Shot 6, state 32
1925.487968 seconds (1.51 G allocations: 3.744 TiB, 16.14% gc time)
[2023-01-09T06:51:04.161]Completed Shot 7, state 49
1926.328735 seconds (1.51 G allocations: 3.747 TiB, 16.13% gc time)
[2023-01-09T06:51:04.998]Completed Shot 7, state 4
1926.967107 seconds (1.51 G allocations: 3.748 TiB, 16.12% gc time)
[2023-01-09T06:51:05.639]Completed Shot 7, state 33
1927.648582 seconds (1.51 G allocations: 3.750 TiB, 16.12% gc time)
[2023-01-09T06:51:06.320]Completed Shot 7, state 26
1928.022698 seconds (1.51 G allocations: 3.752 TiB, 16.12% gc time)
[2023-01-09T06:51:06.692]Completed Shot 7, state 2
1928.042994 seconds (1.51 G allocations: 3.752 TiB, 16.12% gc time)
[2023-01-09T06:51:06.716]Completed Shot 7, state 42
1928.224879 seconds (1.51 G allocations: 3.752 TiB, 16.11% gc time)
[2023-01-09T06:51:06.897]Completed Shot 7, state 31
1928.703936 seconds (1.51 G allocations: 3.754 TiB, 16.11% gc time)
[2023-01-09T06:51:07.374]Completed Shot 7, state 14
1928.975449 seconds (1.51 G allocations: 3.754 TiB, 16.11% gc time)
[2023-01-09T06:51:07.647]Completed Shot 7, state 18
1929.038731 seconds (1.51 G allocations: 3.755 TiB, 16.11% gc time)
[2023-01-09T06:51:07.710]Completed Shot 7, state 22
1929.044853 seconds (1.51 G allocations: 3.755 TiB, 16.11% gc time)
[2023-01-09T06:51:07.716]Completed Shot 7, state 20
1929.361068 seconds (1.51 G allocations: 3.756 TiB, 16.10% gc time)
[2023-01-09T06:51:08.032]Completed Shot 7, state 19
1929.595556 seconds (1.51 G allocations: 3.756 TiB, 16.10% gc time)
[2023-01-09T06:51:08.265]Completed Shot 7, state 11
1929.854931 seconds (1.51 G allocations: 3.757 TiB, 16.10% gc time)
[2023-01-09T06:51:08.528]Completed Shot 7, state 47
1929.913577 seconds (1.51 G allocations: 3.757 TiB, 16.10% gc time)
[2023-01-09T06:51:08.586]Completed Shot 7, state 37
1931.119067 seconds (1.51 G allocations: 3.758 TiB, 16.14% gc time)
[2023-01-09T06:51:09.790]Completed Shot 7, state 24
1931.178756 seconds (1.52 G allocations: 3.758 TiB, 16.14% gc time)
[2023-01-09T06:51:09.851]Completed Shot 7, state 40
1931.337476 seconds (1.52 G allocations: 3.758 TiB, 16.14% gc time)
[2023-01-09T06:51:10.006]Completed Shot 7, state 1
1931.635145 seconds (1.52 G allocations: 3.759 TiB, 16.14% gc time)
[2023-01-09T06:51:10.308]Completed Shot 7, state 46
1932.125789 seconds (1.52 G allocations: 3.761 TiB, 16.13% gc time)
[2023-01-09T06:51:10.798]Completed Shot 7, state 35
1932.156289 seconds (1.52 G allocations: 3.761 TiB, 16.13% gc time)
[2023-01-09T06:51:10.827]Completed Shot 7, state 12
1932.160475 seconds (1.52 G allocations: 3.761 TiB, 16.13% gc time)
[2023-01-09T06:51:10.831]Completed Shot 7, state 17
1932.317082 seconds (1.52 G allocations: 3.761 TiB, 16.13% gc time)
[2023-01-09T06:51:10.987]Completed Shot 7, state 7
1932.396514 seconds (1.52 G allocations: 3.761 TiB, 16.13% gc time)
[2023-01-09T06:51:11.067]Completed Shot 7, state 15
1932.448726 seconds (1.52 G allocations: 3.762 TiB, 16.13% gc time)
[2023-01-09T06:51:11.120]Completed Shot 7, state 28
1932.644205 seconds (1.52 G allocations: 3.762 TiB, 16.13% gc time)
[2023-01-09T06:51:11.315]Completed Shot 7, state 16
1932.815501 seconds (1.52 G allocations: 3.763 TiB, 16.13% gc time)
[2023-01-09T06:51:11.488]Completed Shot 7, state 43
1932.830486 seconds (1.52 G allocations: 3.763 TiB, 16.13% gc time)
[2023-01-09T06:51:11.502]Completed Shot 7, state 29
1933.025691 seconds (1.52 G allocations: 3.763 TiB, 16.12% gc time)
[2023-01-09T06:51:11.698]Completed Shot 7, state 32
1933.508883 seconds (1.52 G allocations: 3.764 TiB, 16.12% gc time)
[2023-01-09T06:51:12.181]Completed Shot 7, state 39
1933.598184 seconds (1.52 G allocations: 3.765 TiB, 16.12% gc time)
[2023-01-09T06:51:12.268]Completed Shot 7, state 9
1933.673494 seconds (1.52 G allocations: 3.765 TiB, 16.12% gc time)
[2023-01-09T06:51:12.345]Completed Shot 7, state 27
1933.845547 seconds (1.52 G allocations: 3.765 TiB, 16.12% gc time)
[2023-01-09T06:51:12.517]Completed Shot 7, state 34
1934.025952 seconds (1.52 G allocations: 3.766 TiB, 16.12% gc time)
[2023-01-09T06:51:12.697]Completed Shot 7, state 23
1934.796045 seconds (1.52 G allocations: 3.766 TiB, 16.14% gc time)
[2023-01-09T06:51:13.469]Completed Shot 7, state 44
1935.054693 seconds (1.52 G allocations: 3.766 TiB, 16.14% gc time)
[2023-01-09T06:51:13.727]Completed Shot 7, state 45
1935.213254 seconds (1.52 G allocations: 3.767 TiB, 16.14% gc time)
[2023-01-09T06:51:13.883]Completed Shot 7, state 8
1935.331970 seconds (1.52 G allocations: 3.767 TiB, 16.14% gc time)
[2023-01-09T06:51:14.004]Completed Shot 7, state 38
1935.465412 seconds (1.52 G allocations: 3.767 TiB, 16.13% gc time)
[2023-01-09T06:51:14.137]Completed Shot 7, state 25
1935.624407 seconds (1.52 G allocations: 3.767 TiB, 16.13% gc time)
[2023-01-09T06:51:14.296]Completed Shot 7, state 36
1936.039595 seconds (1.52 G allocations: 3.768 TiB, 16.13% gc time)
[2023-01-09T06:51:14.712]Completed Shot 7, state 48
1936.112283 seconds (1.52 G allocations: 3.768 TiB, 16.13% gc time)
[2023-01-09T06:51:14.785]Completed Shot 7, state 41
1936.300676 seconds (1.52 G allocations: 3.768 TiB, 16.13% gc time)
[2023-01-09T06:51:14.972]Completed Shot 7, state 21
1936.738731 seconds (1.52 G allocations: 3.768 TiB, 16.12% gc time)
[2023-01-09T06:51:15.411]Completed Shot 7, state 50
1936.815194 seconds (1.52 G allocations: 3.768 TiB, 16.12% gc time)
[2023-01-09T06:51:15.485]Completed Shot 7, state 13
1937.602296 seconds (1.52 G allocations: 3.769 TiB, 16.12% gc time)
[2023-01-09T06:51:16.274]Completed Shot 7, state 30
1937.669500 seconds (1.52 G allocations: 3.769 TiB, 16.12% gc time)
[2023-01-09T06:51:16.338]Completed Shot 7, state 3
1938.060310 seconds (1.52 G allocations: 3.769 TiB, 16.12% gc time)
[2023-01-09T06:51:16.729]Completed Shot 7, state 5
1938.904105 seconds (1.52 G allocations: 3.769 TiB, 16.11% gc time)
[2023-01-09T06:51:17.574]Completed Shot 7, state 10
1940.964999 seconds (1.52 G allocations: 3.769 TiB, 16.10% gc time)
[2023-01-09T06:51:19.634]Completed Shot 7, state 6
1862.541469 seconds (1.52 G allocations: 3.780 TiB, 16.90% gc time)
[2023-01-09T07:22:22.178]Completed Shot 8, state 5
1863.057541 seconds (1.53 G allocations: 3.781 TiB, 16.89% gc time)
[2023-01-09T07:22:22.694]Completed Shot 8, state 4
1863.057962 seconds (1.53 G allocations: 3.781 TiB, 16.89% gc time)
[2023-01-09T07:22:22.697]Completed Shot 8, state 24
1864.490890 seconds (1.53 G allocations: 3.786 TiB, 16.88% gc time)
[2023-01-09T07:22:24.130]Completed Shot 8, state 40
1864.725623 seconds (1.53 G allocations: 3.787 TiB, 16.88% gc time)
[2023-01-09T07:22:24.363]Completed Shot 8, state 13
1864.950864 seconds (1.53 G allocations: 3.787 TiB, 16.87% gc time)
[2023-01-09T07:22:24.591]Completed Shot 8, state 46
1866.821839 seconds (1.53 G allocations: 3.788 TiB, 16.95% gc time)
[2023-01-09T07:22:26.461]Completed Shot 8, state 36
1867.031271 seconds (1.53 G allocations: 3.788 TiB, 16.95% gc time)
[2023-01-09T07:22:26.671]Completed Shot 8, state 42
1867.963029 seconds (1.53 G allocations: 3.791 TiB, 16.94% gc time)
[2023-01-09T07:22:27.601]Completed Shot 8, state 25
1868.279796 seconds (1.53 G allocations: 3.792 TiB, 16.94% gc time)
[2023-01-09T07:22:27.919]Completed Shot 8, state 35
1868.636525 seconds (1.53 G allocations: 3.793 TiB, 16.94% gc time)
[2023-01-09T07:22:28.276]Completed Shot 8, state 49
1868.716395 seconds (1.53 G allocations: 3.794 TiB, 16.93% gc time)
[2023-01-09T07:22:28.353]Completed Shot 8, state 6
1869.010353 seconds (1.53 G allocations: 3.795 TiB, 16.93% gc time)
[2023-01-09T07:22:28.647]Completed Shot 8, state 12
1869.275103 seconds (1.53 G allocations: 3.796 TiB, 16.93% gc time)
[2023-01-09T07:22:28.914]Completed Shot 8, state 30
1869.427976 seconds (1.53 G allocations: 3.796 TiB, 16.93% gc time)
[2023-01-09T07:22:29.067]Completed Shot 8, state 50
1869.704367 seconds (1.53 G allocations: 3.797 TiB, 16.93% gc time)
[2023-01-09T07:22:29.343]Completed Shot 8, state 33
1870.055007 seconds (1.53 G allocations: 3.798 TiB, 16.92% gc time)
[2023-01-09T07:22:29.691]Completed Shot 8, state 1
1870.055228 seconds (1.53 G allocations: 3.798 TiB, 16.92% gc time)
[2023-01-09T07:22:29.692]Completed Shot 8, state 9
1870.482306 seconds (1.53 G allocations: 3.800 TiB, 16.92% gc time)
[2023-01-09T07:22:30.121]Completed Shot 8, state 38
1870.543916 seconds (1.53 G allocations: 3.800 TiB, 16.92% gc time)
[2023-01-09T07:22:30.181]Completed Shot 8, state 16
1871.733488 seconds (1.53 G allocations: 3.801 TiB, 16.96% gc time)
[2023-01-09T07:22:31.370]Completed Shot 8, state 3
1871.825183 seconds (1.53 G allocations: 3.801 TiB, 16.96% gc time)
[2023-01-09T07:22:31.463]Completed Shot 8, state 22
1871.854105 seconds (1.53 G allocations: 3.801 TiB, 16.96% gc time)
[2023-01-09T07:22:31.490]Completed Shot 8, state 2
1872.037403 seconds (1.53 G allocations: 3.802 TiB, 16.96% gc time)
[2023-01-09T07:22:31.676]Completed Shot 8, state 37
1872.249260 seconds (1.53 G allocations: 3.802 TiB, 16.96% gc time)
[2023-01-09T07:22:31.888]Completed Shot 8, state 32
1872.267093 seconds (1.53 G allocations: 3.802 TiB, 16.96% gc time)
[2023-01-09T07:22:31.906]Completed Shot 8, state 44
1872.333376 seconds (1.53 G allocations: 3.803 TiB, 16.95% gc time)
[2023-01-09T07:22:31.972]Completed Shot 8, state 28
1872.440187 seconds (1.53 G allocations: 3.803 TiB, 16.95% gc time)
[2023-01-09T07:22:32.079]Completed Shot 8, state 47
1872.478336 seconds (1.53 G allocations: 3.803 TiB, 16.95% gc time)
[2023-01-09T07:22:32.116]Completed Shot 8, state 17
1872.510757 seconds (1.53 G allocations: 3.803 TiB, 16.95% gc time)
[2023-01-09T07:22:32.147]Completed Shot 8, state 10
1872.533701 seconds (1.53 G allocations: 3.803 TiB, 16.95% gc time)
[2023-01-09T07:22:32.171]Completed Shot 8, state 15
1872.555942 seconds (1.53 G allocations: 3.803 TiB, 16.95% gc time)
[2023-01-09T07:22:32.194]Completed Shot 8, state 26
1872.645518 seconds (1.53 G allocations: 3.803 TiB, 16.95% gc time)
[2023-01-09T07:22:32.284]Completed Shot 8, state 27
1872.793134 seconds (1.53 G allocations: 3.804 TiB, 16.95% gc time)
[2023-01-09T07:22:32.430]Completed Shot 8, state 8
1872.896764 seconds (1.53 G allocations: 3.804 TiB, 16.95% gc time)
[2023-01-09T07:22:32.536]Completed Shot 8, state 39
1872.909180 seconds (1.53 G allocations: 3.804 TiB, 16.95% gc time)
[2023-01-09T07:22:32.548]Completed Shot 8, state 45
1873.014992 seconds (1.53 G allocations: 3.804 TiB, 16.95% gc time)
[2023-01-09T07:22:32.654]Completed Shot 8, state 34
1873.206651 seconds (1.54 G allocations: 3.805 TiB, 16.95% gc time)
[2023-01-09T07:22:32.846]Completed Shot 8, state 41
1873.358561 seconds (1.54 G allocations: 3.805 TiB, 16.95% gc time)
[2023-01-09T07:22:32.997]Completed Shot 8, state 31
1873.403721 seconds (1.54 G allocations: 3.805 TiB, 16.94% gc time)
[2023-01-09T07:22:33.043]Completed Shot 8, state 43
1873.478083 seconds (1.54 G allocations: 3.805 TiB, 16.94% gc time)
[2023-01-09T07:22:33.116]Completed Shot 8, state 23
1873.522359 seconds (1.54 G allocations: 3.805 TiB, 16.94% gc time)
[2023-01-09T07:22:33.159]Completed Shot 8, state 11
1873.687492 seconds (1.54 G allocations: 3.805 TiB, 16.94% gc time)
[2023-01-09T07:22:33.325]Completed Shot 8, state 14
1873.705590 seconds (1.54 G allocations: 3.805 TiB, 16.94% gc time)
[2023-01-09T07:22:33.343]Completed Shot 8, state 18
1873.883575 seconds (1.54 G allocations: 3.806 TiB, 16.94% gc time)
[2023-01-09T07:22:33.522]Completed Shot 8, state 29
1874.273086 seconds (1.54 G allocations: 3.806 TiB, 16.94% gc time)
[2023-01-09T07:22:33.911]Completed Shot 8, state 20
1874.284201 seconds (1.54 G allocations: 3.806 TiB, 16.94% gc time)
[2023-01-09T07:22:33.922]Completed Shot 8, state 19
1874.400043 seconds (1.54 G allocations: 3.806 TiB, 16.94% gc time)
[2023-01-09T07:22:34.039]Completed Shot 8, state 48
1877.366324 seconds (1.54 G allocations: 3.807 TiB, 16.93% gc time)
[2023-01-09T07:22:37.004]Completed Shot 8, state 21
1877.560257 seconds (1.54 G allocations: 3.807 TiB, 16.93% gc time)
[2023-01-09T07:22:37.197]Completed Shot 8, state 7
1831.004515 seconds (1.45 G allocations: 3.611 TiB, 16.77% gc time)
[2023-01-09T07:53:08.207]Completed Shot 9, state 40
1833.609799 seconds (1.45 G allocations: 3.618 TiB, 16.75% gc time)
[2023-01-09T07:53:10.810]Completed Shot 9, state 7
1833.622296 seconds (1.45 G allocations: 3.618 TiB, 16.75% gc time)
[2023-01-09T07:53:10.823]Completed Shot 9, state 17
1836.894529 seconds (1.46 G allocations: 3.622 TiB, 16.81% gc time)
[2023-01-09T07:53:14.096]Completed Shot 9, state 37
1838.008781 seconds (1.46 G allocations: 3.625 TiB, 16.80% gc time)
[2023-01-09T07:53:15.209]Completed Shot 9, state 15
1838.528485 seconds (1.46 G allocations: 3.626 TiB, 16.79% gc time)
[2023-01-09T07:53:15.728]Completed Shot 9, state 6
1839.584722 seconds (1.46 G allocations: 3.629 TiB, 16.78% gc time)
[2023-01-09T07:53:16.786]Completed Shot 9, state 22
1839.595726 seconds (1.46 G allocations: 3.629 TiB, 16.78% gc time)
[2023-01-09T07:53:16.797]Completed Shot 9, state 38
1839.833552 seconds (1.46 G allocations: 3.630 TiB, 16.78% gc time)
[2023-01-09T07:53:17.034]Completed Shot 9, state 19
1840.203022 seconds (1.46 G allocations: 3.631 TiB, 16.78% gc time)
[2023-01-09T07:53:17.403]Completed Shot 9, state 16
1840.674380 seconds (1.46 G allocations: 3.632 TiB, 16.77% gc time)
[2023-01-09T07:53:17.875]Completed Shot 9, state 26
1842.391254 seconds (1.46 G allocations: 3.634 TiB, 16.82% gc time)
[2023-01-09T07:53:19.593]Completed Shot 9, state 42
1842.917817 seconds (1.46 G allocations: 3.635 TiB, 16.82% gc time)
[2023-01-09T07:53:20.116]Completed Shot 9, state 1
1843.100723 seconds (1.46 G allocations: 3.636 TiB, 16.81% gc time)
[2023-01-09T07:53:20.303]Completed Shot 9, state 45
1843.152098 seconds (1.46 G allocations: 3.636 TiB, 16.81% gc time)
[2023-01-09T07:53:20.354]Completed Shot 9, state 46
1843.322007 seconds (1.46 G allocations: 3.636 TiB, 16.81% gc time)
[2023-01-09T07:53:20.525]Completed Shot 9, state 50
1843.655404 seconds (1.46 G allocations: 3.637 TiB, 16.81% gc time)
[2023-01-09T07:53:20.855]Completed Shot 9, state 11
1843.773652 seconds (1.46 G allocations: 3.638 TiB, 16.81% gc time)
[2023-01-09T07:53:20.975]Completed Shot 9, state 43
1844.047820 seconds (1.46 G allocations: 3.638 TiB, 16.81% gc time)
[2023-01-09T07:53:21.248]Completed Shot 9, state 20
1844.459706 seconds (1.46 G allocations: 3.639 TiB, 16.80% gc time)
[2023-01-09T07:53:21.661]Completed Shot 9, state 28
1844.555253 seconds (1.46 G allocations: 3.640 TiB, 16.80% gc time)
[2023-01-09T07:53:21.757]Completed Shot 9, state 39
1844.574144 seconds (1.46 G allocations: 3.640 TiB, 16.80% gc time)
[2023-01-09T07:53:21.774]Completed Shot 9, state 12
1844.658850 seconds (1.46 G allocations: 3.640 TiB, 16.80% gc time)
[2023-01-09T07:53:21.861]Completed Shot 9, state 47
1844.679880 seconds (1.46 G allocations: 3.640 TiB, 16.80% gc time)
[2023-01-09T07:53:21.879]Completed Shot 9, state 10
1844.767274 seconds (1.46 G allocations: 3.640 TiB, 16.80% gc time)
[2023-01-09T07:53:21.966]Completed Shot 9, state 3
1845.269758 seconds (1.46 G allocations: 3.641 TiB, 16.79% gc time)
[2023-01-09T07:53:22.471]Completed Shot 9, state 24
1845.270704 seconds (1.46 G allocations: 3.641 TiB, 16.79% gc time)
[2023-01-09T07:53:22.471]Completed Shot 9, state 21
1845.388639 seconds (1.46 G allocations: 3.642 TiB, 16.79% gc time)
[2023-01-09T07:53:22.591]Completed Shot 9, state 44
1845.652858 seconds (1.46 G allocations: 3.642 TiB, 16.79% gc time)
[2023-01-09T07:53:22.853]Completed Shot 9, state 18
1846.017873 seconds (1.46 G allocations: 3.643 TiB, 16.79% gc time)
[2023-01-09T07:53:23.217]Completed Shot 9, state 4
1847.447939 seconds (1.47 G allocations: 3.643 TiB, 16.84% gc time)
[2023-01-09T07:53:24.647]Completed Shot 9, state 5
1847.552497 seconds (1.47 G allocations: 3.644 TiB, 16.83% gc time)
[2023-01-09T07:53:24.755]Completed Shot 9, state 49
1847.925356 seconds (1.47 G allocations: 3.644 TiB, 16.83% gc time)
[2023-01-09T07:53:25.124]Completed Shot 9, state 2
1848.058164 seconds (1.47 G allocations: 3.645 TiB, 16.83% gc time)
[2023-01-09T07:53:25.260]Completed Shot 9, state 41
1848.214037 seconds (1.47 G allocations: 3.645 TiB, 16.83% gc time)
[2023-01-09T07:53:25.415]Completed Shot 9, state 30
1848.396116 seconds (1.47 G allocations: 3.645 TiB, 16.83% gc time)
[2023-01-09T07:53:25.597]Completed Shot 9, state 23
1848.406609 seconds (1.47 G allocations: 3.645 TiB, 16.83% gc time)
[2023-01-09T07:53:25.608]Completed Shot 9, state 32
1848.455828 seconds (1.47 G allocations: 3.646 TiB, 16.83% gc time)
[2023-01-09T07:53:25.656]Completed Shot 9, state 25
1848.455367 seconds (1.47 G allocations: 3.646 TiB, 16.83% gc time)
[2023-01-09T07:53:25.657]Completed Shot 9, state 35
1848.502349 seconds (1.47 G allocations: 3.646 TiB, 16.83% gc time)
[2023-01-09T07:53:25.704]Completed Shot 9, state 48
1848.798322 seconds (1.47 G allocations: 3.646 TiB, 16.82% gc time)
[2023-01-09T07:53:25.998]Completed Shot 9, state 13
1849.072438 seconds (1.47 G allocations: 3.646 TiB, 16.82% gc time)
[2023-01-09T07:53:26.273]Completed Shot 9, state 27
1849.365131 seconds (1.47 G allocations: 3.647 TiB, 16.82% gc time)
[2023-01-09T07:53:26.566]Completed Shot 9, state 33
1849.399849 seconds (1.47 G allocations: 3.647 TiB, 16.82% gc time)
[2023-01-09T07:53:26.601]Completed Shot 9, state 31
1849.567141 seconds (1.47 G allocations: 3.647 TiB, 16.82% gc time)
[2023-01-09T07:53:26.769]Completed Shot 9, state 36
1850.043222 seconds (1.47 G allocations: 3.647 TiB, 16.81% gc time)
[2023-01-09T07:53:27.243]Completed Shot 9, state 14
1850.519187 seconds (1.47 G allocations: 3.647 TiB, 16.81% gc time)
[2023-01-09T07:53:27.720]Completed Shot 9, state 34
1850.636427 seconds (1.47 G allocations: 3.647 TiB, 16.81% gc time)
[2023-01-09T07:53:27.837]Completed Shot 9, state 29
1850.664467 seconds (1.47 G allocations: 3.647 TiB, 16.81% gc time)
[2023-01-09T07:53:27.864]Completed Shot 9, state 9
1851.754997 seconds (1.47 G allocations: 3.647 TiB, 16.80% gc time)
[2023-01-09T07:53:28.954]Completed Shot 9, state 8
2003.374114 seconds (1.53 G allocations: 3.784 TiB, 15.47% gc time)
[2023-01-09T08:26:52.332]Completed Shot 10, state 22
2003.939035 seconds (1.53 G allocations: 3.785 TiB, 15.46% gc time)
[2023-01-09T08:26:52.898]Completed Shot 10, state 36
2006.707622 seconds (1.53 G allocations: 3.789 TiB, 15.51% gc time)
[2023-01-09T08:26:55.665]Completed Shot 10, state 24
2007.128055 seconds (1.53 G allocations: 3.790 TiB, 15.51% gc time)
[2023-01-09T08:26:56.087]Completed Shot 10, state 40
2007.887520 seconds (1.53 G allocations: 3.793 TiB, 15.50% gc time)
[2023-01-09T08:26:56.846]Completed Shot 10, state 41
2009.926347 seconds (1.53 G allocations: 3.799 TiB, 15.49% gc time)
[2023-01-09T08:26:58.882]Completed Shot 10, state 4
2009.971471 seconds (1.53 G allocations: 3.799 TiB, 15.49% gc time)
[2023-01-09T08:26:58.930]Completed Shot 10, state 38
2010.293895 seconds (1.53 G allocations: 3.800 TiB, 15.48% gc time)
[2023-01-09T08:26:59.252]Completed Shot 10, state 32
2010.316893 seconds (1.53 G allocations: 3.800 TiB, 15.48% gc time)
[2023-01-09T08:26:59.277]Completed Shot 10, state 49
2010.599329 seconds (1.53 G allocations: 3.801 TiB, 15.48% gc time)
[2023-01-09T08:26:59.558]Completed Shot 10, state 33
2010.642795 seconds (1.53 G allocations: 3.801 TiB, 15.48% gc time)
[2023-01-09T08:26:59.600]Completed Shot 10, state 12
2012.429504 seconds (1.53 G allocations: 3.803 TiB, 15.52% gc time)
[2023-01-09T08:27:01.388]Completed Shot 10, state 43
2012.715783 seconds (1.53 G allocations: 3.804 TiB, 15.52% gc time)
[2023-01-09T08:27:01.673]Completed Shot 10, state 19
2012.847600 seconds (1.53 G allocations: 3.804 TiB, 15.52% gc time)
[2023-01-09T08:27:01.803]Completed Shot 10, state 1
2012.977856 seconds (1.53 G allocations: 3.804 TiB, 15.52% gc time)
[2023-01-09T08:27:01.936]Completed Shot 10, state 29
2013.349436 seconds (1.54 G allocations: 3.806 TiB, 15.52% gc time)
[2023-01-09T08:27:02.308]Completed Shot 10, state 39
2014.563837 seconds (1.54 G allocations: 3.810 TiB, 15.51% gc time)
[2023-01-09T08:27:03.522]Completed Shot 10, state 23
2014.595597 seconds (1.54 G allocations: 3.810 TiB, 15.51% gc time)
[2023-01-09T08:27:03.552]Completed Shot 10, state 7
2014.690762 seconds (1.54 G allocations: 3.810 TiB, 15.51% gc time)
[2023-01-09T08:27:03.649]Completed Shot 10, state 27
2014.760753 seconds (1.54 G allocations: 3.810 TiB, 15.50% gc time)
[2023-01-09T08:27:03.720]Completed Shot 10, state 48
2014.875461 seconds (1.54 G allocations: 3.811 TiB, 15.50% gc time)
[2023-01-09T08:27:03.833]Completed Shot 10, state 17
2014.983238 seconds (1.54 G allocations: 3.811 TiB, 15.50% gc time)
[2023-01-09T08:27:03.939]Completed Shot 10, state 5
2015.996256 seconds (1.54 G allocations: 3.812 TiB, 15.53% gc time)
[2023-01-09T08:27:04.952]Completed Shot 10, state 3
2016.037177 seconds (1.54 G allocations: 3.812 TiB, 15.53% gc time)
[2023-01-09T08:27:04.995]Completed Shot 10, state 30
2016.249777 seconds (1.54 G allocations: 3.812 TiB, 15.53% gc time)
[2023-01-09T08:27:05.208]Completed Shot 10, state 26
2016.700700 seconds (1.54 G allocations: 3.813 TiB, 15.53% gc time)
[2023-01-09T08:27:05.658]Completed Shot 10, state 15
2016.702496 seconds (1.54 G allocations: 3.813 TiB, 15.53% gc time)
[2023-01-09T08:27:05.658]Completed Shot 10, state 2
2016.781919 seconds (1.54 G allocations: 3.813 TiB, 15.53% gc time)
[2023-01-09T08:27:05.739]Completed Shot 10, state 13
2016.867404 seconds (1.54 G allocations: 3.814 TiB, 15.53% gc time)
[2023-01-09T08:27:05.826]Completed Shot 10, state 42
2017.031693 seconds (1.54 G allocations: 3.814 TiB, 15.53% gc time)
[2023-01-09T08:27:05.990]Completed Shot 10, state 37
2017.128630 seconds (1.54 G allocations: 3.814 TiB, 15.53% gc time)
[2023-01-09T08:27:06.087]Completed Shot 10, state 50
2017.242026 seconds (1.54 G allocations: 3.815 TiB, 15.52% gc time)
[2023-01-09T08:27:06.198]Completed Shot 10, state 9
2017.495278 seconds (1.54 G allocations: 3.815 TiB, 15.52% gc time)
[2023-01-09T08:27:06.454]Completed Shot 10, state 47
2017.532320 seconds (1.54 G allocations: 3.815 TiB, 15.52% gc time)
[2023-01-09T08:27:06.490]Completed Shot 10, state 21
2017.953652 seconds (1.54 G allocations: 3.816 TiB, 15.52% gc time)
[2023-01-09T08:27:06.910]Completed Shot 10, state 14
2017.968078 seconds (1.54 G allocations: 3.816 TiB, 15.52% gc time)
[2023-01-09T08:27:06.927]Completed Shot 10, state 44
2018.175610 seconds (1.54 G allocations: 3.816 TiB, 15.52% gc time)
[2023-01-09T08:27:07.132]Completed Shot 10, state 11
2018.195805 seconds (1.54 G allocations: 3.816 TiB, 15.52% gc time)
[2023-01-09T08:27:07.152]Completed Shot 10, state 6
2018.444711 seconds (1.54 G allocations: 3.817 TiB, 15.51% gc time)
[2023-01-09T08:27:07.402]Completed Shot 10, state 16
2020.005852 seconds (1.54 G allocations: 3.818 TiB, 15.52% gc time)
[2023-01-09T08:27:08.964]Completed Shot 10, state 35
2020.014217 seconds (1.54 G allocations: 3.818 TiB, 15.52% gc time)
[2023-01-09T08:27:08.972]Completed Shot 10, state 28
2020.478428 seconds (1.54 G allocations: 3.819 TiB, 15.52% gc time)
[2023-01-09T08:27:09.435]Completed Shot 10, state 8
2020.690170 seconds (1.54 G allocations: 3.819 TiB, 15.52% gc time)
[2023-01-09T08:27:09.648]Completed Shot 10, state 34
2020.758633 seconds (1.54 G allocations: 3.819 TiB, 15.52% gc time)
[2023-01-09T08:27:09.716]Completed Shot 10, state 20
2021.131267 seconds (1.54 G allocations: 3.820 TiB, 15.52% gc time)
[2023-01-09T08:27:10.088]Completed Shot 10, state 18
2021.196148 seconds (1.54 G allocations: 3.820 TiB, 15.52% gc time)
[2023-01-09T08:27:10.154]Completed Shot 10, state 31
2021.640517 seconds (1.54 G allocations: 3.820 TiB, 15.52% gc time)
[2023-01-09T08:27:10.599]Completed Shot 10, state 45
2022.816528 seconds (1.54 G allocations: 3.820 TiB, 15.51% gc time)
[2023-01-09T08:27:11.773]Completed Shot 10, state 10
2023.864248 seconds (1.54 G allocations: 3.821 TiB, 15.50% gc time)
[2023-01-09T08:27:12.822]Completed Shot 10, state 25
2025.076713 seconds (1.54 G allocations: 3.821 TiB, 15.49% gc time)
[2023-01-09T08:27:14.035]Completed Shot 10, state 46
[2023-01-09T08:27:14.036]**********Simulation completed!**********
[2023-01-09T08:27:14.036]**********Saving**********
[2023-01-09T08:27:18.024]Saving file: /gpfs/bwfor/work/ws/hd_ku269-logs/LightCones/2023-01-09/468826_N11_BS.jld2
[2023-01-09T08:27:19.657]**********Run completed!**********
============================= JOB FEEDBACK =============================
Job ID: 468826
Cluster: helix
User/Group: hd_ku269/hd_hd
State: COMPLETED (exit code 0)
Nodes: 1
Cores per node: 64
CPU Utilized: 13-03:32:20
CPU Efficiency: 88.95% of 14-18:44:16 core-walltime
Job Wall-clock time: 05:32:34
Memory Utilized: 46.45 GB
Memory Efficiency: 19.68% of 236.00 GB
