  Activating project at `/lustre/work/ws/ws1/hd_ku269-light_cones/LightCones`
Added MKL.jl
Project LightCones v0.1.0
Status `/lustre/work/ws/ws1/hd_ku269-light_cones/LightCones/Project.toml`
  [7d9fca2a] Arpack v0.5.3
  [7073ff75] IJulia v1.23.3
  [033835bb] JLD2 v0.4.23
  [0b1a1467] KrylovKit v0.5.4
  [d3d80556] LineSearches v7.2.0
  [33e6dc65] MKL v0.5.0
  [429524aa] Optim v1.7.3
  [91a5bcdd] Plots v1.34.0
  [c3e4b0f8] Pluto v0.19.12
  [3c0b384b] QuantumInformation v0.4.9
  [189a3867] Reexport v1.2.2
  [295af30f] Revise v3.4.0
  [ebcc8a00] SpinSymmetry v0.3.3
  [59d54670] ThreadedSparseArrays v0.2.2
  [ade2ca70] Dates
  [8ba89e20] Distributed
  [37e2e46d] LinearAlgebra
  [de0858da] Printf
  [9a3f8284] Random
  [1a1011a3] SharedArrays
  [2f01184e] SparseArrays
  [10745b16] Statistics
[2022-09-28T18:19:15.033]**********RANDOM FIELDS**********
shared_krylov_xxz.jl
Working Directory:          /lustre/work/ws/ws1/hd_ku269-light_cones/LightCones
SLURM Directory:            /lustre/work/ws/ws1/hd_ku269-light_cones/LightCones 
Running on host:            n1621
Job id:                     7216358
Job name:                   otoc_simulation_N12_ED_xxz
Number of nodes allocated:  
Number of cores allocated:  1
#threads of Julia:          96
#threads of BLAS:           1
ARGS = ["12", "100", "z", "12"]
LOCATION = "/lustre/work/ws/ws1/hd_ku269-logs/LightCones/2022-09-28"
N = 12
SHOTS = 100
OBSERVABLE = "z"
DISORDER_PARAM = 12.0
[2022-09-28T18:19:15.228]**********Running simulation**********
[2022-09-28T18:19:15.316]trange = [0.0, 0.010000000000000002, 0.020000000000000004, 0.030000000000000006, 0.04000000000000001, 0.05000000000000001, 0.06000000000000001, 0.07, 0.08000000000000002, 0.09000000000000002, 0.1, 0.2, 0.30000000000000004, 0.4, 0.5, 0.6000000000000001, 0.7000000000000001, 0.8, 0.9, 1.0, 2.0, 3.0, 4.0, 5.0, 6.0, 7.0, 8.0, 9.0, 10.0, 20.0, 30.0, 40.0, 50.0, 60.0, 70.0, 80.0, 90.0, 100.0, 200.0, 300.0, 400.0, 500.0, 600.0, 700.0, 800.0, 900.0, 1000.0, 2000.0, 3000.0, 4000.0, 5000.0, 6000.0, 7000.0, 8000.0, 9000.0, 10000.0, 20000.0, 30000.0, 40000.0, 50000.0, 60000.0, 70000.0, 80000.0, 90000.0, 100000.0, 200000.0, 300000.0, 400000.0, 500000.0, 600000.0, 700000.0, 800000.0, 900000.0, 1.0e6, 2.0e6, 3.0e6, 4.0e6, 5.0e6, 6.0e6, 7.0e6, 8.0e6, 9.0e6, 1.0e7, 2.0e7, 3.0e7, 4.0e7, 5.0e7, 6.0e7, 7.0e7, 8.0e7, 9.0e7, 1.0e8, 2.0e8, 3.0e8, 4.0e8, 5.0e8, 6.0e8, 7.0e8, 8.0e8, 9.0e8, 1.0e9, 2.0e9, 3.0e9, 4.0e9, 5.0e9, 6.0e9, 7.0e9, 8.0e9, 9.0e9, 1.0e10]
[2022-09-28T18:19:15.725]A=σz
[2022-09-28T18:19:17.672]Created Hamiltonian for Shot 100
[2022-09-28T18:19:17.845]Created Hamiltonian for Shot 1
[2022-09-28T18:19:17.845]Created Hamiltonian for Shot 51
[[[[[2022-09-28T18:19:17.950]Created Hamiltonian for Shot 97
[[[[2022-09-28T18:19:17.950]Created Hamiltonian for Shot 74
2022-09-28T18:19:17.950]Created Hamiltonian for Shot 65
[[2022-09-28T18:19:17.950]Created Hamiltonian for Shot 58
2022-09-28T18:19:17.950]Created Hamiltonian for Shot 98
2022-09-28T18:19:17.950]Created Hamiltonian for Shot 93
[[[[2022-09-28T18:19:17.950]Created Hamiltonian for Shot 83
[[2022-09-28T18:19:17.950]Created Hamiltonian for Shot 67
2022-09-28T18:19:17.950]Created Hamiltonian for Shot 91
[[[[2022-09-28T18:19:17.950]Created Hamiltonian for Shot 10
[[2022-09-28T18:19:18.262]Created Hamiltonian for Shot 68
[2022-09-28T18:19:17.950]Created Hamiltonian for Shot 63
2022-09-28T18:19:18.262]Created Hamiltonian for Shot 3
[2022-09-28T18:19:18.2622022-09-28T18:19:18.262[]Created Hamiltonian for Shot 12
[2022-09-28T18:19:17.950]2022-09-28T18:19:17.950Created Hamiltonian for Shot 56
2022-09-28T18:19:17.950]Created Hamiltonian for Shot 84
]Created Hamiltonian for Shot 82
2022-09-28T18:19:18.262]Created Hamiltonian for Shot 14
2022-09-28T18:19:18.262]Created Hamiltonian for Shot 42
2022-09-28T18:19:17.950]Created Hamiltonian for Shot 25
[[[[[[[[2022-09-28T18:19:18.2622022-09-28T18:19:17.950]Created Hamiltonian for Shot 20
2022-09-28T18:19:18.594]Created Hamiltonian for Shot 59
2022-09-28T18:19:18.262]Created Hamiltonian for Shot 45
2022-09-28T18:19:18.262]Created Hamiltonian for Shot 17
[2022-09-28T18:19:18.594]Created Hamiltonian for Shot 32
2022-09-28T18:19:18.594]Created Hamiltonian for Shot 85
2022-09-28T18:19:18.594]2022-09-28T18:19:18.5942022-09-28T18:19:18.594]Created Hamiltonian for Shot 81
2022-09-28T18:19:18.262]Created Hamiltonian for Shot 94
]Created Hamiltonian for Shot 95
]Created Hamiltonian for Shot 602022-09-28T18:19:18.943]Created Hamiltonian for Shot 87
2022-09-28T18:19:18.594]Created Hamiltonian for Shot 36

2022-09-28T18:19:18.594]Created Hamiltonian for Shot 33[[Created Hamiltonian for Shot 61
2022-09-28T18:19:18.944]Created Hamiltonian for Shot 96
]Created Hamiltonian for Shot 73
2022-09-28T18:19:17.950
]Created Hamiltonian for Shot 26
2022-09-28T18:19:18.944]Created Hamiltonian for Shot 55
[2022-09-28T18:19:18.947]Created Hamiltonian for Shot 37
[2022-09-28T18:19:18.947]Created Hamiltonian for Shot 77
[2022-09-28T18:19:18.947]Created Hamiltonian for Shot 24
[2022-09-28T18:19:18.948]Created Hamiltonian for Shot 48
[2022-09-28T18:19:18.948]Created Hamiltonian for Shot 90
[2022-09-28T18:19:18.948]Created Hamiltonian for Shot 57
[2022-09-28T18:19:18.948]Created Hamiltonian for Shot 62
[[2022-09-28T18:19:18.949]Created Hamiltonian for Shot 35
2022-09-28T18:19:18.949]Created Hamiltonian for Shot 64
[2022-09-28T18:19:18.949]Created Hamiltonian for Shot 99
[[2022-09-28T18:19:18.949]Created Hamiltonian for Shot 69
2022-09-28T18:19:18.949]Created Hamiltonian for Shot 23[
[2022-09-28T18:19:18.949]Created Hamiltonian for Shot 38
2022-09-28T18:19:18.949]Created Hamiltonian for Shot 49
[2022-09-28T18:19:18.950]Created Hamiltonian for Shot 72
[2022-09-28T18:19:18.950]Created Hamiltonian for Shot 92
[[2022-09-28T18:19:18.950]Created Hamiltonian for Shot 13
2022-09-28T18:19:18.950]Created Hamiltonian for Shot 18
[[2022-09-28T18:19:18.950]Created Hamiltonian for Shot 29
2022-09-28T18:19:18.950]Created Hamiltonian for Shot 79
[2022-09-28T18:19:18.950]Created Hamiltonian for Shot 89
[[[[2022-09-28T18:19:18.951]Created Hamiltonian for Shot 34
2022-09-28T18:19:18.951]Created Hamiltonian for Shot 43
2022-09-28T18:19:18.951]Created Hamiltonian for Shot 70
2022-09-28T18:19:18.951]Created Hamiltonian for Shot 41
[2022-09-28T18:19:18.951]Created Hamiltonian for Shot 39
[2022-09-28T18:19:18.952]Created Hamiltonian for Shot 78
[2022-09-28T18:19:18.952]Created Hamiltonian for Shot 53
[[2022-09-28T18:19:18.953]Created Hamiltonian for Shot 86
2022-09-28T18:19:18.953]Created Hamiltonian for Shot 9
[2022-09-28T18:19:18.953]Created Hamiltonian for Shot 11
[2022-09-28T18:19:18.954]Created Hamiltonian for Shot 88
[2022-09-28T18:19:18.954]Created Hamiltonian for Shot 7
[2022-09-28T18:19:18.954]Created Hamiltonian for Shot 5
[2022-09-28T18:19:18.954]Created Hamiltonian for Shot 46
[2022-09-28T18:19:18.954]Created Hamiltonian for Shot 30
[[2022-09-28T18:19:18.955]Created Hamiltonian for Shot 80
2022-09-28T18:19:18.954]Created Hamiltonian for Shot 76
[2022-09-28T18:19:18.955]Created Hamiltonian for Shot 75
[2022-09-28T18:19:18.955]Created Hamiltonian for Shot 27
[2022-09-28T18:19:18.956]Created Hamiltonian for Shot 71
[2022-09-28T18:19:18.956]Created Hamiltonian for Shot 21
[2022-09-28T18:19:18.956]Created Hamiltonian for Shot 54
[2022-09-28T18:19:18.956]Created Hamiltonian for Shot 31
[[2022-09-28T18:19:18.956]Created Hamiltonian for Shot 19
2022-09-28T18:19:18.956]Created Hamiltonian for Shot 50
[[2022-09-28T18:19:18.957]Created Hamiltonian for Shot 22
2022-09-28T18:19:18.957]Created Hamiltonian for Shot 44
[2022-09-28T18:19:18.957]Created Hamiltonian for Shot 16
[2022-09-28T18:19:18.957]Created Hamiltonian for Shot 66
[2022-09-28T18:19:18.957]Created Hamiltonian for Shot 52
[2022-09-28T18:19:18.957]Created Hamiltonian for Shot 15
[2022-09-28T18:19:18.958]Created Hamiltonian for Shot 47
[2022-09-28T18:19:18.958]Created Hamiltonian for Shot 40
[2022-09-28T18:19:18.958]Created Hamiltonian for Shot 28
[2022-09-28T18:21:23.926]Diagonalized H.
[2022-09-28T18:21:28.709]Diagonalized H.
[2022-09-28T18:21:30.293]Diagonalized H.
[2022-09-28T18:21:31.090]Diagonalized H.
[2022-09-28T18:21:31.449]Diagonalized H.
[2022-09-28T18:21:31.766]Diagonalized H.
[2022-09-28T18:21:32.083]Diagonalized H.
[2022-09-28T18:21:32.690]Diagonalized H.
[2022-09-28T18:21:32.792]Diagonalized H.
[2022-09-28T18:21:33.684]Diagonalized H.
[2022-09-28T18:21:33.775]Diagonalized H.
[2022-09-28T18:21:33.794]Diagonalized H.
[2022-09-28T18:21:34.079]Diagonalized H.
[2022-09-28T18:21:34.190]Diagonalized H.
[2022-09-28T18:21:34.193]Diagonalized H.
[2022-09-28T18:21:34.539]Diagonalized H.
[2022-09-28T18:21:35.012]Diagonalized H.
[2022-09-28T18:21:35.761]Diagonalized H.
[2022-09-28T18:21:35.781]Diagonalized H.
[2022-09-28T18:21:35.784]Diagonalized H.
[2022-09-28T18:21:36.510]Diagonalized H.
[2022-09-28T18:21:36.687]Diagonalized H.
[2022-09-28T18:21:37.196]Diagonalized H.
[2022-09-28T18:21:37.264]Diagonalized H.
[2022-09-28T18:21:37.468]Diagonalized H.
[2022-09-28T18:21:37.927]Diagonalized H.
[2022-09-28T18:21:38.573]Diagonalized H.
[2022-09-28T18:21:40.863]Diagonalized H.
[2022-09-28T18:21:42.232]Diagonalized H.
[2022-09-28T18:21:42.318]Diagonalized H.
[2022-09-28T18:21:42.831]Diagonalized H.
[2022-09-28T18:21:43.053]Diagonalized H.
[2022-09-28T18:21:43.280]Diagonalized H.
[2022-09-28T18:21:43.398]Diagonalized H.
[2022-09-28T18:21:44.233]Diagonalized H.
[2022-09-28T18:21:44.526]Diagonalized H.
[2022-09-28T18:21:44.620]Diagonalized H.
[2022-09-28T18:21:45.046]Diagonalized H.
[2022-09-28T18:21:45.094]Diagonalized H.
[2022-09-28T18:21:45.532]Diagonalized H.
[2022-09-28T18:21:45.901]Diagonalized H.
[2022-09-28T18:21:45.912]Diagonalized H.
[2022-09-28T18:21:46.335]Diagonalized H.
[2022-09-28T18:21:46.352]Diagonalized H.
[2022-09-28T18:21:46.934]Diagonalized H.
[2022-09-28T18:21:47.317]Diagonalized H.
[2022-09-28T18:21:49.863]Diagonalized H.
[2022-09-28T18:21:50.946]Diagonalized H.
[2022-09-28T18:21:51.496]Diagonalized H.
[2022-09-28T18:21:52.108]Diagonalized H.
[2022-09-28T18:21:52.846]Diagonalized H.
[2022-09-28T18:21:53.384]Diagonalized H.
[2022-09-28T18:21:53.848]Diagonalized H.
[2022-09-28T18:21:53.968]Diagonalized H.
[2022-09-28T18:21:54.648]Diagonalized H.
[2022-09-28T18:21:54.721]Diagonalized H.
[2022-09-28T18:21:55.235]Diagonalized H.
[2022-09-28T18:21:55.368]Diagonalized H.
[2022-09-28T18:21:55.566]Diagonalized H.
[2022-09-28T18:21:55.926]Diagonalized H.
[2022-09-28T18:21:56.358]Diagonalized H.
[2022-09-28T18:21:56.572]Diagonalized H.
[2022-09-28T18:21:56.795]Diagonalized H.
[2022-09-28T18:21:56.886]Diagonalized H.
[2022-09-28T18:21:57.299]Diagonalized H.
[2022-09-28T18:21:57.340]Diagonalized H.
[2022-09-28T18:21:57.341]Diagonalized H.
[2022-09-28T18:21:57.404]Diagonalized H.
[2022-09-28T18:21:57.425]Diagonalized H.
[2022-09-28T18:21:57.524]Diagonalized H.
[2022-09-28T18:21:57.572]Diagonalized H.
[2022-09-28T18:21:57.763]Diagonalized H.
[2022-09-28T18:21:57.784]Diagonalized H.
[2022-09-28T18:21:57.788]Diagonalized H.
[2022-09-28T18:21:57.963]Diagonalized H.
[2022-09-28T18:21:57.985]Diagonalized H.
[2022-09-28T18:21:57.988]Diagonalized H.
[2022-09-28T18:21:58.088]Diagonalized H.
[2022-09-28T18:21:58.145]Diagonalized H.
[2022-09-28T18:21:58.608]Diagonalized H.
[2022-09-28T18:21:59.162]Diagonalized H.
[2022-09-28T18:21:59.291]Diagonalized H.
[2022-09-28T18:21:59.669]Diagonalized H.
[2022-09-28T18:21:59.719]Diagonalized H.
[2022-09-28T18:21:59.796]Diagonalized H.
[2022-09-28T18:21:59.815]Diagonalized H.
[2022-09-28T18:21:59.847]Diagonalized H.
[2022-09-28T18:22:00.034]Diagonalized H.
[2022-09-28T18:22:00.122]Diagonalized H.
[2022-09-28T18:22:00.279]Diagonalized H.
[2022-09-28T18:22:00.696]Diagonalized H.
[2022-09-28T18:22:01.311]Diagonalized H.
[2022-09-28T18:22:04.935]Diagonalized H.
[2022-09-28T18:22:07.537]Diagonalized H.
[2022-09-28T18:22:07.541]Diagonalized H.
[2022-09-28T18:22:07.821]Diagonalized H.
[2022-09-28T18:58:08.433]Completed Shot 88
[2022-09-28T19:56:10.542]Completed Shot 58
[2022-09-28T20:06:20.273]Completed Shot 60
[2022-09-28T20:36:58.774]Completed Shot 52
[2022-09-28T20:41:52.681]Completed Shot 90
[2022-09-28T20:43:52.565]Completed Shot 46
[2022-09-28T20:46:50.678]Completed Shot 51
[2022-09-28T20:53:36.579]Completed Shot 65
[2022-09-28T20:53:37.038]Completed Shot 55
[2022-09-28T20:53:57.439]Completed Shot 53
[2022-09-28T20:54:51.843]Completed Shot 57
[2022-09-28T21:02:21.564]Completed Shot 56
[2022-09-28T21:06:15.369]Completed Shot 48
[2022-09-28T21:06:15.369]Completed Shot 62
[2022-09-28T21:07:02.858]Completed Shot 59
[2022-09-28T21:08:39.547]Completed Shot 49
[2022-09-28T21:08:48.199]Completed Shot 42
[2022-09-28T21:13:22.342]Completed Shot 50
[2022-09-28T21:14:08.386]Completed Shot 47
[2022-09-28T21:16:19.580]Completed Shot 54
[2022-09-28T21:23:27.307]Completed Shot 63
[2022-09-28T21:27:17.351]Completed Shot 64
[2022-09-28T21:27:17.351]Completed Shot 68
[2022-09-28T21:27:30.897]Completed Shot 66
[2022-09-28T21:27:41.383]Completed Shot 3
[2022-09-28T21:27:41.399]Created Hamiltonian for Shot 4
[2022-09-28T21:28:54.036]Diagonalized H.
[2022-09-28T21:30:14.856]Completed Shot 45
[2022-09-28T21:35:18.313]Completed Shot 69
[2022-09-28T21:35:46.891]Completed Shot 26
[2022-09-28T21:37:33.864]Completed Shot 70
[2022-09-28T21:39:29.279]Completed Shot 1
[2022-09-28T21:39:29.285]Created Hamiltonian for Shot 2
[2022-09-28T21:40:36.878]Diagonalized H.
[2022-09-28T21:52:51.625]Completed Shot 18
[2022-09-28T21:54:07.699]Completed Shot 43
[2022-09-28T21:58:15.514]Completed Shot 11
[2022-09-28T21:58:28.554]Completed Shot 75
[2022-09-28T22:00:53.291]Completed Shot 40
[2022-09-28T22:00:53.291]Completed Shot 9
[2022-09-28T22:00:53.291]Completed Shot 74
[2022-09-28T22:03:25.260]Completed Shot 10
[2022-09-28T22:11:51.772]Completed Shot 12
[2022-09-28T22:14:30.561]Completed Shot 100
[2022-09-28T22:18:20.584]Completed Shot 22
[2022-09-28T22:20:22.113]Completed Shot 67
[2022-09-28T22:21:40.535]Completed Shot 25
[2022-09-28T22:24:24.292]Completed Shot 86
[2022-09-28T22:29:02.915]Completed Shot 97
[2022-09-28T22:31:00.041]Completed Shot 71
[2022-09-28T22:31:00.041]Completed Shot 81
[2022-09-28T22:31:36.768]Completed Shot 79
[2022-09-28T22:31:36.769]Completed Shot 23
[2022-09-28T22:31:55.021]Completed Shot 77
[2022-09-28T22:31:55.022]Completed Shot 76
[2022-09-28T22:31:55.022]Completed Shot 5
[2022-09-28T22:31:55.219]Created Hamiltonian for Shot 6
[2022-09-28T22:32:16.285]Completed Shot 16
[2022-09-28T22:33:09.486]Diagonalized H.
[2022-09-28T22:33:10.175]Completed Shot 78
[2022-09-28T22:33:10.175]Completed Shot 15
[2022-09-28T22:33:10.175]Completed Shot 19
[2022-09-28T22:33:10.175]Completed Shot 82
[2022-09-28T22:33:27.461]Completed Shot 14
[2022-09-28T22:33:27.461]Completed Shot 80
[2022-09-28T22:33:27.461]Completed Shot 72
[2022-09-28T22:33:27.461]Completed Shot 13
[2022-09-28T22:33:27.461]Completed Shot 83
[2022-09-28T22:33:27.462]Completed Shot 7
[2022-09-28T22:33:27.476]Created Hamiltonian for Shot 8
[2022-09-28T22:34:42.049]Diagonalized H.
[2022-09-28T22:37:29.319]Completed Shot 85
[2022-09-28T22:37:29.319]Completed Shot 95
[2022-09-28T22:37:52.908]Completed Shot 27
[2022-09-28T22:38:08.398]Completed Shot 87
[2022-09-28T22:38:14.193]Completed Shot 24
[2022-09-28T22:38:39.538]Completed Shot 32
[2022-09-28T22:39:03.975]Completed Shot 21
[2022-09-28T22:39:19.807]Completed Shot 84
[2022-09-28T22:39:30.604]Completed Shot 91
[2022-09-28T22:40:25.059]Completed Shot 17
[2022-09-28T22:40:47.733]Completed Shot 4
[2022-09-28T22:41:19.921]Completed Shot 2
[2022-09-28T22:41:46.402]Completed Shot 33
[2022-09-28T22:43:46.286]Completed Shot 44
[2022-09-28T22:45:21.854]Completed Shot 89
[2022-09-28T22:47:08.533]Completed Shot 94
[2022-09-28T22:47:11.425]Completed Shot 20
[2022-09-28T22:47:11.637]Completed Shot 38
[2022-09-28T22:47:16.142]Completed Shot 34
[2022-09-28T22:47:32.815]Completed Shot 30
[2022-09-28T22:47:36.312]Completed Shot 28
[2022-09-28T22:48:13.857]Completed Shot 73
[2022-09-28T22:48:17.938]Completed Shot 99
[2022-09-28T22:48:25.227]Completed Shot 61
[2022-09-28T22:48:26.758]Completed Shot 93
[2022-09-28T22:48:29.907]Completed Shot 29
[2022-09-28T22:48:42.398]Completed Shot 96
[2022-09-28T22:48:45.576]Completed Shot 39
[2022-09-28T22:48:58.261]Completed Shot 37
[2022-09-28T22:49:06.366]Completed Shot 92
[2022-09-28T22:49:08.385]Completed Shot 36
[2022-09-28T22:49:23.012]Completed Shot 31
[2022-09-28T22:49:29.406]Completed Shot 41
[2022-09-28T22:49:33.196]Completed Shot 8
[2022-09-28T22:49:38.211]Completed Shot 98
[2022-09-28T22:49:49.862]Completed Shot 35
[2022-09-28T22:50:05.159]Completed Shot 6
[2022-09-28T22:50:05.166]**********Simulation completed!**********
[2022-09-28T22:50:05.167]**********Saving**********
[2022-09-28T22:50:07.834]Saving file: /lustre/work/ws/ws1/hd_ku269-logs/LightCones/2022-09-28/7216358_N12_ED.jld2
[2022-09-28T22:50:15]**********Run completed!**********
