  Activating project at `/lustre/work/ws/ws1/hd_ku269-light_cones/LightCones`
Added MKL.jl
Project LightCones v0.1.0
Status `/lustre/work/ws/ws1/hd_ku269-light_cones/LightCones/Project.toml`
  [7d9fca2a] Arpack v0.5.3
  [7073ff75] IJulia v1.23.3
  [033835bb] JLD2 v0.4.23
  [0b1a1467] KrylovKit v0.5.4
  [d3d80556] LineSearches v7.2.0
  [33e6dc65] MKL v0.5.0
  [429524aa] Optim v1.7.3
  [91a5bcdd] Plots v1.34.0
  [c3e4b0f8] Pluto v0.19.12
  [3c0b384b] QuantumInformation v0.4.9
  [189a3867] Reexport v1.2.2
  [295af30f] Revise v3.4.0
  [ebcc8a00] SpinSymmetry v0.3.3
  [59d54670] ThreadedSparseArrays v0.2.2
  [ade2ca70] Dates
  [8ba89e20] Distributed
  [37e2e46d] LinearAlgebra
  [de0858da] Printf
  [9a3f8284] Random
  [1a1011a3] SharedArrays
  [2f01184e] SparseArrays
  [10745b16] Statistics
[2022-09-27T22:56:36.709]**********RANDOM FIELDS**********
shared_krylov.jl
Working Directory:          /lustre/work/ws/ws1/hd_ku269-light_cones/LightCones
SLURM Directory:            /lustre/work/ws/ws1/hd_ku269-light_cones/LightCones 
Running on host:            n1533
Job id:                     7205360
Job name:                   otoc_simulation_N12_ED_xyz
Number of nodes allocated:  
Number of cores allocated:  1
#threads of Julia:          96
#threads of BLAS:           1
ARGS = ["12", "100", "x", "12"]
LOCATION = "/lustre/work/ws/ws1/hd_ku269-logs/LightCones/2022-09-27"
N = 12
SHOTS = 100
OBSERVABLE = "x"
DISORDER_PARAM = 12.0
[2022-09-27T22:56:36.900]**********Running simulation**********
[2022-09-27T22:56:36.995]trange = [0.0, 0.010000000000000002, 0.020000000000000004, 0.030000000000000006, 0.04000000000000001, 0.05000000000000001, 0.06000000000000001, 0.07, 0.08000000000000002, 0.09000000000000002, 0.1, 0.2, 0.30000000000000004, 0.4, 0.5, 0.6000000000000001, 0.7000000000000001, 0.8, 0.9, 1.0, 2.0, 3.0, 4.0, 5.0, 6.0, 7.0, 8.0, 9.0, 10.0, 20.0, 30.0, 40.0, 50.0, 60.0, 70.0, 80.0, 90.0, 100.0, 200.0, 300.0, 400.0, 500.0, 600.0, 700.0, 800.0, 900.0, 1000.0, 2000.0, 3000.0, 4000.0, 5000.0, 6000.0, 7000.0, 8000.0, 9000.0, 10000.0, 20000.0, 30000.0, 40000.0, 50000.0, 60000.0, 70000.0, 80000.0, 90000.0, 100000.0, 200000.0, 300000.0, 400000.0, 500000.0, 600000.0, 700000.0, 800000.0, 900000.0, 1.0e6, 2.0e6, 3.0e6, 4.0e6, 5.0e6, 6.0e6, 7.0e6, 8.0e6, 9.0e6, 1.0e7, 2.0e7, 3.0e7, 4.0e7, 5.0e7, 6.0e7, 7.0e7, 8.0e7, 9.0e7, 1.0e8, 2.0e8, 3.0e8, 4.0e8, 5.0e8, 6.0e8, 7.0e8, 8.0e8, 9.0e8, 1.0e9, 2.0e9, 3.0e9, 4.0e9, 5.0e9, 6.0e9, 7.0e9, 8.0e9, 9.0e9, 1.0e10]
[2022-09-27T22:56:39.589]Created Hamiltonian for Shot 53
[2022-09-27T22:56:39.770]Created Hamiltonian for Shot 1
[[[[[[[[[[[[2022-09-27T22:56:39.870]Created Hamiltonian for Shot 17
2022-09-27T22:56:39.870]Created Hamiltonian for Shot 73
2022-09-27T22:56:39.870]Created Hamiltonian for Shot 9
2022-09-27T22:56:39.870]Created Hamiltonian for Shot 57
2022-09-27T22:56:39.870]2022-09-27T22:56:39.870]Created Hamiltonian for Shot 50Created Hamiltonian for Shot 492022-09-27T22:56:39.870]Created Hamiltonian for Shot 20
2022-09-27T22:56:39.870]Created Hamiltonian for Shot 74
2022-09-27T22:56:39.870]Created Hamiltonian for Shot 76

2022-09-27T22:56:39.870]Created Hamiltonian for Shot 95
2022-09-27T22:56:39.870]Created Hamiltonian for Shot 84
2022-09-27T22:56:39.870]Created Hamiltonian for Shot 3

[[[[[[2022-09-27T22:56:40.143]Created Hamiltonian for Shot 98
[[[[2022-09-27T22:56:40.143]Created Hamiltonian for Shot 60
[2022-09-27T22:56:40.5362022-09-27T22:56:40.143]Created Hamiltonian for Shot 54]Created Hamiltonian for Shot 90[2022-09-27T22:56:40.143[2022-09-27T22:56:40.536]Created Hamiltonian for Shot 100
2022-09-27T22:56:40.536]Created Hamiltonian for Shot 35
[
2022-09-27T22:56:40.143]2022-09-27T22:56:40.536]Created Hamiltonian for Shot 92
Created Hamiltonian for Shot 39

2022-09-27T22:56:40.536]Created Hamiltonian for Shot 21
2022-09-27T22:56:40.536]Created Hamiltonian for Shot 15
2022-09-27T22:56:40.536]Created Hamiltonian for Shot 88
2022-09-27T22:56:40.536]Created Hamiltonian for Shot 10
]Created Hamiltonian for Shot 34
[[[[[2022-09-27T22:56:40.536]Created Hamiltonian for Shot 25
2022-09-27T22:56:40.536]Created Hamiltonian for Shot 27
[[2022-09-27T22:56:40.874]Created Hamiltonian for Shot 72
2022-09-27T22:56:40.5362022-09-27T22:56:40.536][2022-09-27T22:56:40.874]Created Hamiltonian for Shot 99
Created Hamiltonian for Shot 96
2022-09-27T22:56:40.537][Created Hamiltonian for Shot 48
]Created Hamiltonian for Shot 40
2022-09-27T22:56:40.874]Created Hamiltonian for Shot 67
2022-09-27T22:56:40.536]Created Hamiltonian for Shot 38
[2022-09-27T22:56:40.874]Created Hamiltonian for Shot 79
2022-09-27T22:56:40.875]Created Hamiltonian for Shot 32
[2022-09-27T22:56:40.879]Created Hamiltonian for Shot 30
[2022-09-27T22:56:40.880]Created Hamiltonian for Shot 44
[2022-09-27T22:56:40.880]Created Hamiltonian for Shot 71
[2022-09-27T22:56:40.880]Created Hamiltonian for Shot 13
[2022-09-27T22:56:40.880]Created Hamiltonian for Shot 69
[2022-09-27T22:56:40.881]Created Hamiltonian for Shot 14
[2022-09-27T22:56:40.881]Created Hamiltonian for Shot 45
[2022-09-27T22:56:40.882]Created Hamiltonian for Shot 5
[2022-09-27T22:56:40.882]Created Hamiltonian for Shot 22
[2022-09-27T22:56:40.882]Created Hamiltonian for Shot 42
[2022-09-27T22:56:40.883]Created Hamiltonian for Shot 63
[2022-09-27T22:56:40.883]Created Hamiltonian for Shot 47
[2022-09-27T22:56:40.884]Created Hamiltonian for Shot 56
[2022-09-27T22:56:40.884]Created Hamiltonian for Shot 89
[2022-09-27T22:56:40.884]Created Hamiltonian for Shot 70
[2022-09-27T22:56:40.884]Created Hamiltonian for Shot 81
[2022-09-27T22:56:40.884]Created Hamiltonian for Shot 23
[2022-09-27T22:56:40.884]Created Hamiltonian for Shot 78
[2022-09-27T22:56:40.886]Created Hamiltonian for Shot 46
[2022-09-27T22:56:40.886]Created Hamiltonian for Shot 24
[[[2022-09-27T22:56:40.887]Created Hamiltonian for Shot 52
2022-09-27T22:56:40.886]Created Hamiltonian for Shot 93
2022-09-27T22:56:40.886]Created Hamiltonian for Shot 85
[2022-09-27T22:56:40.887]Created Hamiltonian for Shot 87
[2022-09-27T22:56:40.887]Created Hamiltonian for Shot 29
[2022-09-27T22:56:40.888]Created Hamiltonian for Shot 97
[2022-09-27T22:56:40.888]Created Hamiltonian for Shot 51
[2022-09-27T22:56:40.888]Created Hamiltonian for Shot 59
[2022-09-27T22:56:40.888]Created Hamiltonian for Shot 80
[2022-09-27T22:56:40.889]Created Hamiltonian for Shot 33
[[2022-09-27T22:56:40.889]Created Hamiltonian for Shot 65
[2022-09-27T22:56:40.889]Created Hamiltonian for Shot 83
2022-09-27T22:56:40.889]Created Hamiltonian for Shot 86
[2022-09-27T22:56:40.889]Created Hamiltonian for Shot 28
[2022-09-27T22:56:40.890]Created Hamiltonian for Shot 82
[2022-09-27T22:56:40.890]Created Hamiltonian for Shot 64
[2022-09-27T22:56:40.890]Created Hamiltonian for Shot 55
[2022-09-27T22:56:40.891]Created Hamiltonian for Shot 18
[[2022-09-27T22:56:40.891]Created Hamiltonian for Shot 7
2022-09-27T22:56:40.891]Created Hamiltonian for Shot 31
[2022-09-27T22:56:40.891]Created Hamiltonian for Shot 61
[2022-09-27T22:56:40.892]Created Hamiltonian for Shot 12
[2022-09-27T22:56:40.893]Created Hamiltonian for Shot 91
[2022-09-27T22:56:40.893]Created Hamiltonian for Shot 11
[2022-09-27T22:56:40.893]Created Hamiltonian for Shot 43
[2022-09-27T22:56:40.893]Created Hamiltonian for Shot 19
[2022-09-27T22:56:40.894]Created Hamiltonian for Shot 75
[2022-09-27T22:56:40.894]Created Hamiltonian for Shot 77
[2022-09-27T22:56:40.897]Created Hamiltonian for Shot 68
[2022-09-27T22:56:40.897]Created Hamiltonian for Shot 16
[2022-09-27T22:56:40.902]Created Hamiltonian for Shot 37
[2022-09-27T22:56:40.903]Created Hamiltonian for Shot 41
[2022-09-27T22:56:40.903]Created Hamiltonian for Shot 58
[2022-09-27T22:56:40.906]Created Hamiltonian for Shot 66
[2022-09-27T22:56:40.910]Created Hamiltonian for Shot 36
[2022-09-27T22:56:40.912]Created Hamiltonian for Shot 26
[2022-09-27T22:56:40.913]Created Hamiltonian for Shot 94
[2022-09-27T22:56:40.916]Created Hamiltonian for Shot 62
[2022-09-27T22:58:53.736]Diagonalized H.
[2022-09-27T22:58:56.381]Diagonalized H.
[2022-09-27T22:58:56.562]Diagonalized H.
[2022-09-27T22:58:56.789]Diagonalized H.
[2022-09-27T22:58:56.891]Diagonalized H.
[2022-09-27T22:58:57.368]Diagonalized H.
[2022-09-27T22:58:57.461]Diagonalized H.
[2022-09-27T22:58:57.508]Diagonalized H.
[2022-09-27T22:58:57.643]Diagonalized H.
[2022-09-27T22:58:57.653]Diagonalized H.
[2022-09-27T22:58:57.792]Diagonalized H.
[2022-09-27T22:58:57.800]Diagonalized H.
[2022-09-27T22:58:57.883]Diagonalized H.
[2022-09-27T22:58:57.946]Diagonalized H.
[2022-09-27T22:58:57.953]Diagonalized H.
[2022-09-27T22:58:57.961]Diagonalized H.
[2022-09-27T22:58:58.014]Diagonalized H.
[2022-09-27T22:58:58.015]Diagonalized H.
[2022-09-27T22:58:58.054]Diagonalized H.
[2022-09-27T22:58:58.061]Diagonalized H.
[2022-09-27T22:58:58.120]Diagonalized H.
[2022-09-27T22:58:58.187]Diagonalized H.
[2022-09-27T22:58:58.209]Diagonalized H.
[2022-09-27T22:58:58.306]Diagonalized H.
[2022-09-27T22:58:58.457]Diagonalized H.
[2022-09-27T22:58:58.466]Diagonalized H.
[2022-09-27T22:58:58.564]Diagonalized H.
[2022-09-27T22:58:58.637]Diagonalized H.
[2022-09-27T22:58:58.649]Diagonalized H.
[2022-09-27T22:58:58.718]Diagonalized H.
[2022-09-27T22:58:58.825]Diagonalized H.
[2022-09-27T22:58:58.843]Diagonalized H.
[2022-09-27T22:58:58.867]Diagonalized H.
[2022-09-27T22:58:58.870]Diagonalized H.
[2022-09-27T22:58:58.877]Diagonalized H.
[2022-09-27T22:58:58.893]Diagonalized H.
[2022-09-27T22:58:58.955]Diagonalized H.
[2022-09-27T22:58:58.961]Diagonalized H.
[2022-09-27T22:58:58.979]Diagonalized H.
[2022-09-27T22:58:59.004]Diagonalized H.
[2022-09-27T22:58:59.121]Diagonalized H.
[2022-09-27T22:58:59.135]Diagonalized H.
[2022-09-27T22:58:59.209]Diagonalized H.
[2022-09-27T22:58:59.210]Diagonalized H.
[2022-09-27T22:58:59.211]Diagonalized H.
[2022-09-27T22:58:59.308]Diagonalized H.
[2022-09-27T22:58:59.338]Diagonalized H.
[2022-09-27T22:58:59.355]Diagonalized H.
[2022-09-27T22:58:59.366]Diagonalized H.
[2022-09-27T22:58:59.377]Diagonalized H.
[2022-09-27T22:58:59.400]Diagonalized H.
[2022-09-27T22:58:59.433]Diagonalized H.
[2022-09-27T22:58:59.445]Diagonalized H.
[2022-09-27T22:58:59.472]Diagonalized H.
[2022-09-27T22:58:59.510]Diagonalized H.
[2022-09-27T22:58:59.513]Diagonalized H.
[2022-09-27T22:58:59.530]Diagonalized H.
[2022-09-27T22:58:59.534]Diagonalized H.
[2022-09-27T22:58:59.569]Diagonalized H.
[2022-09-27T22:58:59.600]Diagonalized H.
[2022-09-27T22:58:59.666]Diagonalized H.
[2022-09-27T22:58:59.686]Diagonalized H.
[2022-09-27T22:58:59.727]Diagonalized H.
[2022-09-27T22:58:59.775]Diagonalized H.
[2022-09-27T22:58:59.815]Diagonalized H.
[2022-09-27T22:58:59.909]Diagonalized H.
[2022-09-27T22:58:59.911]Diagonalized H.
[2022-09-27T22:58:59.946]Diagonalized H.
[2022-09-27T22:59:00.009]Diagonalized H.
[2022-09-27T22:59:00.010]Diagonalized H.
[2022-09-27T22:59:00.053]Diagonalized H.
[2022-09-27T22:59:00.153]Diagonalized H.
[2022-09-27T22:59:00.167]Diagonalized H.
[2022-09-27T22:59:00.172]Diagonalized H.
[2022-09-27T22:59:00.351]Diagonalized H.
[2022-09-27T22:59:00.397]Diagonalized H.
[2022-09-27T22:59:00.440]Diagonalized H.
[2022-09-27T22:59:00.484]Diagonalized H.
[2022-09-27T22:59:00.497]Diagonalized H.
[2022-09-27T22:59:00.529]Diagonalized H.
[2022-09-27T22:59:00.544]Diagonalized H.
[2022-09-27T22:59:00.739]Diagonalized H.
[2022-09-27T22:59:00.813]Diagonalized H.
[2022-09-27T22:59:00.833]Diagonalized H.
[2022-09-27T22:59:00.937]Diagonalized H.
[2022-09-27T22:59:00.968]Diagonalized H.
[2022-09-27T22:59:01.087]Diagonalized H.
[2022-09-27T22:59:01.193]Diagonalized H.
[2022-09-27T22:59:01.344]Diagonalized H.
[2022-09-27T22:59:01.759]Diagonalized H.
[2022-09-27T22:59:01.940]Diagonalized H.
[2022-09-27T22:59:02.092]Diagonalized H.
[2022-09-27T22:59:02.275]Diagonalized H.
[2022-09-27T22:59:02.568]Diagonalized H.
[2022-09-27T22:59:03.019]Diagonalized H.
[2022-09-27T22:59:03.769]Diagonalized H.
[2022-09-28T00:46:48.255]Completed Shot 43
[2022-09-28T00:48:29.911]Completed Shot 41
[2022-09-28T00:49:09.904]Completed Shot 45
[2022-09-28T01:07:16.382]Completed Shot 44
[2022-09-28T01:07:42.603]Completed Shot 34
[2022-09-28T01:10:22.876]Completed Shot 47
[2022-09-28T01:10:42.590]Completed Shot 51
[2022-09-28T01:17:37.053]Completed Shot 42
[2022-09-28T01:23:35.013]Completed Shot 46
[2022-09-28T01:24:18.082]Completed Shot 50
[2022-09-28T01:28:20.518]Completed Shot 48
[2022-09-28T01:29:21.807]Completed Shot 53
[2022-09-28T01:37:51.109]Completed Shot 57
[2022-09-28T01:38:22.910]Completed Shot 33
[2022-09-28T01:47:35.640]Completed Shot 58
[2022-09-28T01:47:35.640]Completed Shot 59
[2022-09-28T01:47:40.042]Completed Shot 49
[2022-09-28T01:47:40.042]Completed Shot 56
[2022-09-28T01:47:56.119]Completed Shot 55
[2022-09-28T01:48:25.871]Completed Shot 36
[2022-09-28T01:48:47.592]Completed Shot 71
[2022-09-28T01:56:01.518]Completed Shot 31
[2022-09-28T01:56:01.519]Completed Shot 52
[2022-09-28T01:56:01.519]Completed Shot 63
[2022-09-28T02:00:51.358]Completed Shot 64
[2022-09-28T02:10:18.301]Completed Shot 61
[2022-09-28T02:10:43.605]Completed Shot 69
[2022-09-28T02:11:48.830]Completed Shot 62
[2022-09-28T02:11:48.846]Completed Shot 60
[2022-09-28T02:11:48.846]Completed Shot 68
[2022-09-28T02:14:31.377]Completed Shot 77
[2022-09-28T02:15:22.297]Completed Shot 65
[2022-09-28T02:15:24.861]Completed Shot 100
[2022-09-28T02:24:35.029]Completed Shot 28
[2022-09-28T02:28:29.330]Completed Shot 7
[2022-09-28T02:28:29.358]Created Hamiltonian for Shot 8
[2022-09-28T02:29:36.800]Diagonalized H.
[2022-09-28T02:30:51.350]Completed Shot 70
[2022-09-28T02:30:51.350]Completed Shot 3
[2022-09-28T02:30:51.368]Created Hamiltonian for Shot 4
[2022-09-28T02:32:14.843]Diagonalized H.
[2022-09-28T02:32:22.042]Completed Shot 66
[2022-09-28T02:32:22.043]Completed Shot 1
[2022-09-28T02:32:22.060]Created Hamiltonian for Shot 2
[2022-09-28T02:33:45.920]Diagonalized H.
[2022-09-28T02:34:10.420]Completed Shot 67
[2022-09-28T02:35:11.068]Completed Shot 21
[2022-09-28T02:36:52.936]Completed Shot 74
[2022-09-28T02:38:14.358]Completed Shot 17
[2022-09-28T02:38:54.792]Completed Shot 22
[2022-09-28T02:40:15.347]Completed Shot 38
[2022-09-28T02:43:40.895]Completed Shot 75
[2022-09-28T02:45:48.488]Completed Shot 12
[2022-09-28T02:45:48.489]Completed Shot 25
[2022-09-28T02:53:49.182]Completed Shot 5
[2022-09-28T02:53:49.209]Created Hamiltonian for Shot 6
[2022-09-28T02:55:00.414]Diagonalized H.
[2022-09-28T02:55:34.600]Completed Shot 39
[2022-09-28T02:56:00.862]Completed Shot 73
[2022-09-28T02:57:23.900]Completed Shot 24
[2022-09-28T02:57:50.835]Completed Shot 10
[2022-09-28T02:57:52.498]Completed Shot 35
[2022-09-28T02:58:16.069]Completed Shot 85
[2022-09-28T02:59:16.253]Completed Shot 72
[2022-09-28T02:59:16.253]Completed Shot 19
[2022-09-28T02:59:31.163]Completed Shot 9
[2022-09-28T02:59:31.164]Completed Shot 13
[2022-09-28T03:00:48.480]Completed Shot 14
[2022-09-28T03:01:23.581]Completed Shot 76
[2022-09-28T03:04:14.958]Completed Shot 11
[2022-09-28T03:04:21.190]Completed Shot 15
[2022-09-28T03:04:21.190]Completed Shot 79
[2022-09-28T03:04:21.191]Completed Shot 78
[2022-09-28T03:04:39.014]Completed Shot 20
[2022-09-28T03:04:52.052]Completed Shot 16
[2022-09-28T03:05:37.805]Completed Shot 23
[2022-09-28T03:05:47.519]Completed Shot 81
[2022-09-28T03:06:28.848]Completed Shot 95
[2022-09-28T03:06:55.188]Completed Shot 80
[2022-09-28T03:08:15.404]Completed Shot 37
[2022-09-28T03:08:28.622]Completed Shot 96
[2022-09-28T03:09:04.852]Completed Shot 32
[2022-09-28T03:09:22.346]Completed Shot 4
[2022-09-28T03:09:42.755]Completed Shot 2
[2022-09-28T03:09:46.819]Completed Shot 82
[2022-09-28T03:09:48.181]Completed Shot 27
[2022-09-28T03:09:58.046]Completed Shot 84
[2022-09-28T03:09:58.881]Completed Shot 86
[2022-09-28T03:10:53.816]Completed Shot 83
[2022-09-28T03:10:58.084]Completed Shot 18
[2022-09-28T03:11:12.430]Completed Shot 8
[2022-09-28T03:11:36.583]Completed Shot 90
[2022-09-28T03:12:23.896]Completed Shot 89
[2022-09-28T03:12:25.978]Completed Shot 92
[2022-09-28T03:12:27.078]Completed Shot 88
[2022-09-28T03:12:48.252]Completed Shot 30
[2022-09-28T03:12:48.545]Completed Shot 29
[2022-09-28T03:13:06.148]Completed Shot 54
[2022-09-28T03:13:08.838]Completed Shot 97
[2022-09-28T03:13:10.536]Completed Shot 87
[2022-09-28T03:13:10.735]Completed Shot 94
[2022-09-28T03:13:12.413]Completed Shot 6
[2022-09-28T03:13:23.234]Completed Shot 26
[2022-09-28T03:13:27.903]Completed Shot 98
[2022-09-28T03:13:35.001]Completed Shot 91
[2022-09-28T03:13:38.102]Completed Shot 99
[2022-09-28T03:13:45.709]Completed Shot 40
[2022-09-28T03:13:46.675]Completed Shot 93
[2022-09-28T03:13:46.684]**********Simulation completed!**********
[2022-09-28T03:13:46.684]**********Saving**********
[2022-09-28T03:13:49.577]Saving file: /lustre/work/ws/ws1/hd_ku269-logs/LightCones/2022-09-27/7205360_N12_ED.jld2
[2022-09-28T03:13:52.542]**********Run completed!**********
