  Activating project at `/lustre/work/ws/ws1/hd_ku269-light_cones/LightCones`
Added MKL.jl
Project LightCones v0.1.0
Status `/lustre/work/ws/ws1/hd_ku269-light_cones/LightCones/Project.toml`
  [7d9fca2a] Arpack v0.5.3
  [7073ff75] IJulia v1.23.3
  [033835bb] JLD2 v0.4.23
  [0b1a1467] KrylovKit v0.5.4
  [d3d80556] LineSearches v7.2.0
  [33e6dc65] MKL v0.5.0
  [429524aa] Optim v1.7.3
  [91a5bcdd] Plots v1.34.0
  [c3e4b0f8] Pluto v0.19.12
  [3c0b384b] QuantumInformation v0.4.9
  [189a3867] Reexport v1.2.2
  [295af30f] Revise v3.4.0
  [ebcc8a00] SpinSymmetry v0.3.3
  [59d54670] ThreadedSparseArrays v0.2.2
  [ade2ca70] Dates
  [8ba89e20] Distributed
  [37e2e46d] LinearAlgebra
  [de0858da] Printf
  [9a3f8284] Random
  [1a1011a3] SharedArrays
  [2f01184e] SparseArrays
  [10745b16] Statistics
[2022-09-28T18:25:34.329]**********RANDOM FIELDS**********
shared_krylov_xyz.jl
Working Directory:          /lustre/work/ws/ws1/hd_ku269-light_cones/LightCones
SLURM Directory:            /lustre/work/ws/ws1/hd_ku269-light_cones/LightCones 
Running on host:            n1704
Job id:                     7216359
Job name:                   otoc_simulation_N12_ED_xyz
Number of nodes allocated:  
Number of cores allocated:  1
#threads of Julia:          96
#threads of BLAS:           1
ARGS = ["12", "100", "z", "12"]
LOCATION = "/lustre/work/ws/ws1/hd_ku269-logs/LightCones/2022-09-28"
N = 12
SHOTS = 100
OBSERVABLE = "z"
DISORDER_PARAM = 12.0
[2022-09-28T18:25:34.526]**********Running simulation**********
[2022-09-28T18:25:34.616]trange = [0.0, 0.010000000000000002, 0.020000000000000004, 0.030000000000000006, 0.04000000000000001, 0.05000000000000001, 0.06000000000000001, 0.07, 0.08000000000000002, 0.09000000000000002, 0.1, 0.2, 0.30000000000000004, 0.4, 0.5, 0.6000000000000001, 0.7000000000000001, 0.8, 0.9, 1.0, 2.0, 3.0, 4.0, 5.0, 6.0, 7.0, 8.0, 9.0, 10.0, 20.0, 30.0, 40.0, 50.0, 60.0, 70.0, 80.0, 90.0, 100.0, 200.0, 300.0, 400.0, 500.0, 600.0, 700.0, 800.0, 900.0, 1000.0, 2000.0, 3000.0, 4000.0, 5000.0, 6000.0, 7000.0, 8000.0, 9000.0, 10000.0, 20000.0, 30000.0, 40000.0, 50000.0, 60000.0, 70000.0, 80000.0, 90000.0, 100000.0, 200000.0, 300000.0, 400000.0, 500000.0, 600000.0, 700000.0, 800000.0, 900000.0, 1.0e6, 2.0e6, 3.0e6, 4.0e6, 5.0e6, 6.0e6, 7.0e6, 8.0e6, 9.0e6, 1.0e7, 2.0e7, 3.0e7, 4.0e7, 5.0e7, 6.0e7, 7.0e7, 8.0e7, 9.0e7, 1.0e8, 2.0e8, 3.0e8, 4.0e8, 5.0e8, 6.0e8, 7.0e8, 8.0e8, 9.0e8, 1.0e9, 2.0e9, 3.0e9, 4.0e9, 5.0e9, 6.0e9, 7.0e9, 8.0e9, 9.0e9, 1.0e10]
[2022-09-28T18:25:35.028]A=σz
[2022-09-28T18:25:36.984]Created Hamiltonian for Shot 100
[2022-09-28T18:25:37.265]Created Hamiltonian for Shot 1
[[[[[[[2022-09-28T18:25:37.294]Created Hamiltonian for Shot 85
[[[[[[[[[[[[2022-09-28T18:25:37.294]Created Hamiltonian for Shot 71
2022-09-28T18:25:37.294]Created Hamiltonian for Shot 59
[2022-09-28T18:25:37.294]Created Hamiltonian for Shot 81
2022-09-28T18:25:37.294]Created Hamiltonian for Shot 87
[[2022-09-28T18:25:37.294]Created Hamiltonian for Shot 43
[2022-09-28T18:25:37.294]Created Hamiltonian for Shot 48
[2022-09-28T18:25:37.294]Created Hamiltonian for Shot 5
[2022-09-28T18:25:37.294]Created Hamiltonian for Shot 66
2022-09-28T18:25:37.294]Created Hamiltonian for Shot 98
[[[2022-09-28T18:25:37.294]Created Hamiltonian for Shot 89
[[2022-09-28T18:25:37.2942022-09-28T18:25:37.294]Created Hamiltonian for Shot 61
2022-09-28T18:25:37.2942022-09-28T18:25:37.294]Created Hamiltonian for Shot 64
[2022-09-28T18:25:37.294]Created Hamiltonian for Shot 68
2022-09-28T18:25:37.294]2022-09-28T18:25:37.294]Created Hamiltonian for Shot 84
[2022-09-28T18:25:37.294[[2022-09-28T18:25:37.294]Created Hamiltonian for Shot 72
2022-09-28T18:25:37.294[[[2022-09-28T18:25:37.294]Created Hamiltonian for Shot 63
2022-09-28T18:25:37.294]Created Hamiltonian for Shot 94
2022-09-28T18:25:37.294[[2022-09-28T18:25:37.294[2022-09-28T18:25:37.294]Created Hamiltonian for Shot 22[[[[2022-09-28T18:25:37.294]Created Hamiltonian for Shot 38
[[2022-09-28T18:25:37.294]Created Hamiltonian for Shot 29
[2022-09-28T18:25:37.294]Created Hamiltonian for Shot 17
[2022-09-28T18:25:37.294]Created Hamiltonian for Shot 74
[[2022-09-28T18:25:37.294]Created Hamiltonian for Shot 11
2022-09-28T18:25:37.294]Created Hamiltonian for Shot 79
[2022-09-28T18:25:37.294]Created Hamiltonian for Shot 32
2022-09-28T18:25:37.294]Created Hamiltonian for Shot 23
2022-09-28T18:25:37.294]Created Hamiltonian for Shot 91
[2022-09-28T18:25:37.294]Created Hamiltonian for Shot 19
2022-09-28T18:25:37.2942022-09-28T18:25:37.2942022-09-28T18:25:37.2942022-09-28T18:25:37.294]Created Hamiltonian for Shot 46
2022-09-28T18:25:37.294
[]Created Hamiltonian for Shot 55
2022-09-28T18:25:37.294Created Hamiltonian for Shot 65[[2022-09-28T18:25:37.454]Created Hamiltonian for Shot 82
[[2022-09-28T18:25:37.454]Created Hamiltonian for Shot 42
[2022-09-28T18:25:37.454]Created Hamiltonian for Shot 54
2022-09-28T18:25:37.454]Created Hamiltonian for Shot 41
[2022-09-28T18:25:37.454]Created Hamiltonian for Shot 35
[[[[2022-09-28T18:25:37.454]Created Hamiltonian for Shot 12
[2022-09-28T18:25:37.454]2022-09-28T18:25:37.454]Created Hamiltonian for Shot 30
[2022-09-28T18:25:37.454]Created Hamiltonian for Shot 47

2022-09-28T18:25:37.294[[[[]Created Hamiltonian for Shot 52[[][[[2022-09-28T18:25:37.762]Created Hamiltonian for Shot 69
[[2022-09-28T18:25:37.294Created Hamiltonian for Shot 88
[[2022-09-28T18:25:37.762]Created Hamiltonian for Shot 33
[2022-09-28T18:25:37.454[[[[2022-09-28T18:25:37.294]Created Hamiltonian for Shot 73
2022-09-28T18:25:37.762]Created Hamiltonian for Shot 36
2022-09-28T18:25:37.762]Created Hamiltonian for Shot 93
2022-09-28T18:25:37.294]2022-09-28T18:25:37.762]Created Hamiltonian for Shot 31

]2022-09-28T18:25:37.762]]2022-09-28T18:25:37.294]2022-09-28T18:25:37.2942022-09-28T18:25:37.454]Created Hamiltonian for Shot 96
[2022-09-28T18:25:37.2942022-09-28T18:25:37.294]Created Hamiltonian for Shot 78
]Created Hamiltonian for Shot 34
[2022-09-28T18:25:37.294]Created Hamiltonian for Shot 56
2022-09-28T18:25:37.762]Created Hamiltonian for Shot 50
2022-09-28T18:25:37.294]Created Hamiltonian for Shot 99
2022-09-28T18:25:37.454[]Created Hamiltonian for Shot 86
2022-09-28T18:25:37.294]Created Hamiltonian for Shot 58
2022-09-28T18:25:37.294]Created Hamiltonian for Shot 7
2022-09-28T18:25:37.454]Created Hamiltonian for Shot 92
2022-09-28T18:25:37.294]Created Hamiltonian for Shot 70
Created Hamiltonian for Shot 95
[Created Hamiltonian for Shot 90][
]Created Hamiltonian for Shot 97
[]Created Hamiltonian for Shot 10
[[[]]]Created Hamiltonian for Shot 25
2022-09-28T18:25:37.294]Created Hamiltonian for Shot 24
2022-09-28T18:25:37.294]Created Hamiltonian for Shot 762022-09-28T18:25:37.294]2022-09-28T18:25:37.294]Created Hamiltonian for Shot 75
2022-09-28T18:25:37.294
Created Hamiltonian for Shot 16
2022-09-28T18:25:37.4542022-09-28T18:25:37.454]Created Hamiltonian for Shot 83
2022-09-28T18:25:37.294]Created Hamiltonian for Shot 62
2022-09-28T18:25:37.294]Created Hamiltonian for Shot 57
[Created Hamiltonian for Shot 80
]Created Hamiltonian for Shot 77
2022-09-28T18:25:37.2942022-09-28T18:25:37.454Created Hamiltonian for Shot 60
Created Hamiltonian for Shot 67]Created Hamiltonian for Shot 3

2022-09-28T18:25:37.294Created Hamiltonian for Shot 44]Created Hamiltonian for Shot 51
]Created Hamiltonian for Shot 28
]2022-09-28T18:25:37.294Created Hamiltonian for Shot 45Created Hamiltonian for Shot 49
2022-09-28T18:25:37.294]Created Hamiltonian for Shot 39
Created Hamiltonian for Shot 26
][]]Created Hamiltonian for Shot 53Created Hamiltonian for Shot 20
]2022-09-28T18:25:37.2942022-09-28T18:25:37.454]Created Hamiltonian for Shot 9
2022-09-28T18:25:37.294]Created Hamiltonian for Shot 27
Created Hamiltonian for Shot 37

]
Created Hamiltonian for Shot 13
Created Hamiltonian for Shot 18
2022-09-28T18:25:37.454]Created Hamiltonian for Shot 21
Created Hamiltonian for Shot 15]Created Hamiltonian for Shot 14
2022-09-28T18:25:37.762
]Created Hamiltonian for Shot 40

[2022-09-28T18:28:21.489]Diagonalized H.
[[[2022-09-28T18:28:21.492]Diagonalized H.
2022-09-28T18:28:21.492]Diagonalized H.
2022-09-28T18:28:21.492]Diagonalized H.
[2022-09-28T18:28:21.504]Diagonalized H.
[2022-09-28T18:28:21.504]Diagonalized H.
[2022-09-28T18:28:21.506]Diagonalized H.
[2022-09-28T18:28:21.510]Diagonalized H.
[2022-09-28T18:28:21.514]Diagonalized H.
[2022-09-28T18:28:21.525]Diagonalized H.
[2022-09-28T18:28:21.525]Diagonalized H.
[2022-09-28T18:28:21.527]Diagonalized H.
[2022-09-28T18:28:21.532]Diagonalized H.
[2022-09-28T18:28:21.537]Diagonalized H.
[[2022-09-28T18:28:21.538]Diagonalized H.
2022-09-28T18:28:21.538]Diagonalized H.
[2022-09-28T18:28:21.539]Diagonalized H.
[2022-09-28T18:28:21.539]Diagonalized H.
[2022-09-28T18:28:21.541]Diagonalized H.
[[2022-09-28T18:28:21.545]Diagonalized H.
2022-09-28T18:28:21.545]Diagonalized H.
[2022-09-28T18:28:21.549]Diagonalized H.
[2022-09-28T18:28:21.550]Diagonalized H.
[2022-09-28T18:28:21.551]Diagonalized H.
[2022-09-28T18:28:21.552]Diagonalized H.
[2022-09-28T18:28:21.553]Diagonalized H.
[2022-09-28T18:28:21.554]Diagonalized H.
[2022-09-28T18:28:21.555]Diagonalized H.
[2022-09-28T18:28:21.555]Diagonalized H.
[2022-09-28T18:28:21.557]Diagonalized H.
[2022-09-28T18:28:21.557]Diagonalized H.
[2022-09-28T18:28:21.560]Diagonalized H.
[2022-09-28T18:28:21.561]Diagonalized H.
[2022-09-28T18:28:21.561]Diagonalized H.
[2022-09-28T18:28:21.563]Diagonalized H.
[2022-09-28T18:28:21.564]Diagonalized H.
[2022-09-28T18:28:21.564]Diagonalized H.
[2022-09-28T18:28:21.564]Diagonalized H.
[2022-09-28T18:28:21.565]Diagonalized H.
[2022-09-28T18:28:21.566]Diagonalized H.
[2022-09-28T18:28:21.566]Diagonalized H.
[2022-09-28T18:28:21.569]Diagonalized H.
[2022-09-28T18:28:21.569]Diagonalized H.
[2022-09-28T18:28:21.569]Diagonalized H.
[2022-09-28T18:28:21.571]Diagonalized H.
[2022-09-28T18:28:21.573]Diagonalized H.
[2022-09-28T18:28:21.574]Diagonalized H.
[2022-09-28T18:28:21.575]Diagonalized H.
[2022-09-28T18:28:21.577]Diagonalized H.
[2022-09-28T18:28:21.578]Diagonalized H.
[[2022-09-28T18:28:21.579]Diagonalized H.
2022-09-28T18:28:21.579]Diagonalized H.
[2022-09-28T18:28:21.580]Diagonalized H.
[[2022-09-28T18:28:21.580]Diagonalized H.
2022-09-28T18:28:21.580]Diagonalized H.
[2022-09-28T18:28:21.581]Diagonalized H.
[[2022-09-28T18:28:21.581]Diagonalized H.
2022-09-28T18:28:21.581]Diagonalized H.
[2022-09-28T18:28:21.581]Diagonalized H.
[2022-09-28T18:28:21.582]Diagonalized H.
[2022-09-28T18:28:21.583]Diagonalized H.
[2022-09-28T18:28:21.584]Diagonalized H.
[2022-09-28T18:28:21.584]Diagonalized H.
[2022-09-28T18:28:21.585]Diagonalized H.
[2022-09-28T18:28:21.585]Diagonalized H.
[2022-09-28T18:28:21.586]Diagonalized H.
[2022-09-28T18:28:21.587]Diagonalized H.
[2022-09-28T18:28:21.587]Diagonalized H.
[2022-09-28T18:28:21.587]Diagonalized H.
[2022-09-28T18:28:21.588]Diagonalized H.
[2022-09-28T18:28:21.588]Diagonalized H.
[2022-09-28T18:28:21.588]Diagonalized H.
[[2022-09-28T18:28:21.588]Diagonalized H.
2022-09-28T18:28:21.588]Diagonalized H.
[2022-09-28T18:28:21.589]Diagonalized H.
[2022-09-28T18:28:21.589]Diagonalized H.
[2022-09-28T18:28:21.590]Diagonalized H.
[2022-09-28T18:28:21.591]Diagonalized H.
[2022-09-28T18:28:21.592]Diagonalized H.
[2022-09-28T18:28:21.593]Diagonalized H.
[2022-09-28T18:28:21.593]Diagonalized H.
[2022-09-28T18:28:21.594]Diagonalized H.
[2022-09-28T18:28:21.594]Diagonalized H.
[2022-09-28T18:28:21.594]Diagonalized H.
[2022-09-28T18:28:21.594]Diagonalized H.
[2022-09-28T18:28:21.594]Diagonalized H.
[2022-09-28T18:28:21.594]Diagonalized H.
[2022-09-28T18:28:21.595]Diagonalized H.
[2022-09-28T18:28:21.595]Diagonalized H.
[2022-09-28T18:28:21.595]Diagonalized H.
[2022-09-28T18:28:21.596]Diagonalized H.
[2022-09-28T18:28:21.596]Diagonalized H.
[2022-09-28T18:28:21.597]Diagonalized H.
[2022-09-28T18:28:21.598]Diagonalized H.
[2022-09-28T18:28:21.600]Diagonalized H.
[2022-09-28T18:28:21.601]Diagonalized H.
[2022-09-28T20:50:23.586]Completed Shot 57
[2022-09-28T20:53:24.692]Completed Shot 59
[2022-09-28T20:58:26.358]Completed Shot 75
[2022-09-28T21:07:00.095]Completed Shot 52
[2022-09-28T21:10:38.600]Completed Shot 54
[2022-09-28T21:13:19.013]Completed Shot 14
[2022-09-28T21:16:53.241]Completed Shot 21
[2022-09-28T21:18:59.527]Completed Shot 77
[2022-09-28T21:20:41.024]Completed Shot 50
[2022-09-28T21:20:41.024]Completed Shot 55
[2022-09-28T21:20:41.024]Completed Shot 78
[2022-09-28T21:27:40.268]Completed Shot 58
[2022-09-28T21:27:40.268]Completed Shot 53
[2022-09-28T21:34:14.355]Completed Shot 89
[2022-09-28T21:38:01.402]Completed Shot 62
[2022-09-28T21:38:01.402]Completed Shot 60
[2022-09-28T21:38:01.403]Completed Shot 49
[2022-09-28T21:38:27.256]Completed Shot 82
[2022-09-28T21:41:09.871]Completed Shot 51
[2022-09-28T21:41:09.871]Completed Shot 48
[2022-09-28T21:50:54.506]Completed Shot 3
[2022-09-28T21:50:54.536]Created Hamiltonian for Shot 4
[2022-09-28T21:51:03.714]Completed Shot 61
[2022-09-28T21:52:02.683]Diagonalized H.
[2022-09-28T21:52:38.414]Completed Shot 93
[2022-09-28T21:54:21.815]Completed Shot 38
[2022-09-28T21:55:42.491]Completed Shot 29
[2022-09-28T21:56:46.321]Completed Shot 65
[2022-09-28T21:59:15.397]Completed Shot 80
[2022-09-28T22:00:11.239]Completed Shot 79
[2022-09-28T22:00:11.239]Completed Shot 23
[2022-09-28T22:02:58.237]Completed Shot 26
[2022-09-28T22:03:09.025]Completed Shot 43
[2022-09-28T22:03:23.094]Completed Shot 7
[2022-09-28T22:03:23.113]Created Hamiltonian for Shot 8
[2022-09-28T22:03:48.001]Completed Shot 66
[2022-09-28T22:04:35.274]Diagonalized H.
[2022-09-28T22:04:40.893]Completed Shot 69
[2022-09-28T22:04:40.894]Completed Shot 28
[2022-09-28T22:04:40.894]Completed Shot 1
[2022-09-28T22:04:40.910]Created Hamiltonian for Shot 2
[2022-09-28T22:06:00.222]Diagonalized H.
[2022-09-28T22:06:30.086]Completed Shot 63
[2022-09-28T22:06:32.788]Completed Shot 11
[2022-09-28T22:06:51.582]Completed Shot 31
[2022-09-28T22:06:51.583]Completed Shot 15
[2022-09-28T22:08:40.142]Completed Shot 10
[2022-09-28T22:09:10.263]Completed Shot 35
[2022-09-28T22:09:10.264]Completed Shot 36
[2022-09-28T22:09:10.264]Completed Shot 73
[2022-09-28T22:09:14.013]Completed Shot 20
[2022-09-28T22:09:22.649]Completed Shot 64
[2022-09-28T22:10:41.377]Completed Shot 16
[2022-09-28T22:11:48.794]Completed Shot 83
[2022-09-28T22:11:50.040]Completed Shot 9
[2022-09-28T22:12:24.176]Completed Shot 25
[2022-09-28T22:13:22.255]Completed Shot 56
[2022-09-28T22:13:39.250]Completed Shot 12
[2022-09-28T22:14:26.943]Completed Shot 97
[2022-09-28T22:15:30.972]Completed Shot 44
[2022-09-28T22:15:30.972]Completed Shot 72
[2022-09-28T22:15:30.972]Completed Shot 68
[2022-09-28T22:15:30.972]Completed Shot 76
[2022-09-28T22:15:30.972]Completed Shot 98
[2022-09-28T22:15:30.972]Completed Shot 70
[2022-09-28T22:15:46.263]Completed Shot 47
[2022-09-28T22:17:51.304]Completed Shot 39
[2022-09-28T22:18:24.668]Completed Shot 74
[2022-09-28T22:18:34.663]Completed Shot 88
[2022-09-28T22:18:38.142]Completed Shot 90
[2022-09-28T22:20:35.808]Completed Shot 86
[2022-09-28T22:20:59.326]Completed Shot 18
[2022-09-28T22:22:05.529]Completed Shot 42
[2022-09-28T22:22:25.365]Completed Shot 30
[2022-09-28T22:22:26.962]Completed Shot 95
[2022-09-28T22:23:23.284]Completed Shot 45
[2022-09-28T22:23:32.875]Completed Shot 13
[2022-09-28T22:24:00.918]Completed Shot 71
[2022-09-28T22:24:06.727]Completed Shot 84
[2022-09-28T22:24:06.746]Completed Shot 4
[2022-09-28T22:24:11.309]Completed Shot 46
[2022-09-28T22:24:11.964]Completed Shot 85
[2022-09-28T22:24:21.694]Completed Shot 17
[2022-09-28T22:24:28.516]Completed Shot 34
[2022-09-28T22:24:30.540]Completed Shot 67
[2022-09-28T22:24:40.362]Completed Shot 99
[2022-09-28T22:24:49.879]Completed Shot 32
[2022-09-28T22:25:05.532]Completed Shot 22
[2022-09-28T22:25:08.616]Completed Shot 91
[2022-09-28T22:25:09.702]Completed Shot 96
[2022-09-28T22:25:11.802]Completed Shot 81
[2022-09-28T22:25:18.038]Completed Shot 100
[2022-09-28T22:25:18.297]Completed Shot 37
[2022-09-28T22:25:25.368]Completed Shot 19
[2022-09-28T22:25:26.966]Completed Shot 92
[2022-09-28T22:25:27.772]Completed Shot 87
[2022-09-28T22:25:43.568]Completed Shot 40
[2022-09-28T22:25:44.513]Completed Shot 27
[2022-09-28T22:25:47.411]Completed Shot 2
[2022-09-28T22:25:47.845]Completed Shot 41
[2022-09-28T22:25:52.176]Completed Shot 24
[2022-09-28T22:25:57.429]Completed Shot 94
[2022-09-28T22:26:10.629]Completed Shot 8
[2022-09-28T22:26:25.984]Completed Shot 33
[2022-09-28T22:26:57.999]Completed Shot 5
[2022-09-28T22:26:58.003]Created Hamiltonian for Shot 6
[2022-09-28T22:27:27.607]Diagonalized H.
[2022-09-28T22:30:30.307]Completed Shot 6
[2022-09-28T22:30:30.359]**********Simulation completed!**********
[2022-09-28T22:30:30.360]**********Saving**********
[2022-09-28T22:30:34.460]Saving file: /lustre/work/ws/ws1/hd_ku269-logs/LightCones/2022-09-28/7216359_N12_ED.jld2
[2022-09-28T22:30:38.067]**********Run completed!**********
