Added MKL.jl
Project LightCones v0.1.0
Status `/lustre/work/ws/ws1/hd_ku269-light_cones/WorkingFolder/Project.toml`
  [7d9fca2a] Arpack v0.5.4
⌃ [7073ff75] IJulia v1.23.3
  [033835bb] JLD2 v0.4.29
  [0b1a1467] KrylovKit v0.6.0
  [d3d80556] LineSearches v7.2.0
  [33e6dc65] MKL v0.6.0
  [429524aa] Optim v1.7.4
⌃ [91a5bcdd] Plots v1.36.6
⌃ [c3e4b0f8] Pluto v0.19.16
  [3c0b384b] QuantumInformation v0.4.9
  [189a3867] Reexport v1.2.2
⌃ [295af30f] Revise v3.4.0
  [ebcc8a00] SpinSymmetry v0.3.3
  [59d54670] ThreadedSparseArrays v0.2.2
  [ade2ca70] Dates
  [8ba89e20] Distributed
  [37e2e46d] LinearAlgebra
  [de0858da] Printf
  [9a3f8284] Random
  [1a1011a3] SharedArrays
  [2f01184e] SparseArrays
  [10745b16] Statistics
Info Packages marked with ⌃ have new versions available
[2023-01-09T01:19:29.162]**********RANDOM FIELDS**********
shared_krylov.jl
Working Directory:          /lustre/work/ws/ws1/hd_ku269-light_cones/WorkingFolder
SLURM Directory:            /lustre/work/ws/ws1/hd_ku269-light_cones/WorkingFolder 
Running on host:            n1413
Job id:                     8094993
Job name:                   otoc_simulation_N11_TR_FIDONLY
Number of nodes allocated:  
Number of cores allocated:  1
#threads of Julia:          96
#threads of BLAS:           1
ARGS = ["11", "10", "50", "BS", "x", "6", "100", "Rhim71"]
LOCATION = "/lustre/work/ws/ws1/hd_ku269-logs/LightCones/2023-01-09"
N = 11
SHOTS = 10
MULT_RANDOM_STATES = true
N_RANDOM_STATES = 50
TYPE_OF_RS = "BS"
OBSERVABLE = "x"
DISORDER_PARAM = 6.0
[2023-01-09T01:19:29.370]**********Running simulation**********
[2023-01-09T01:19:29.426]trange = 0.1:0.1:20.0
[2023-01-09T01:19:29.760]A = σx
[2023-01-09T01:19:30.309]alpha=6
[2023-01-09T01:19:30.310]PBC
SlowPulse([1.0, 0.0, 0.0], π, 1570.7963267948965)SlowPulse([-1.0, 0.0, 0.0], π, 1570.7963267948965)2[2023-01-09T01:19:33.217]Operations set up.
Using multiple states.
2359.533430 seconds (3.47 G allocations: 10.386 TiB, 20.11% gc time, 0.14% compilation time)
[2023-01-09T01:59:14.946]Completed Shot 1, state 5
2368.513985 seconds (3.48 G allocations: 10.400 TiB, 20.03% gc time, 0.40% compilation time)
[2023-01-09T01:59:17.647]Completed Shot 1, state 23
2366.993835 seconds (3.48 G allocations: 10.419 TiB, 20.09% gc time, 0.15% compilation time)
[2023-01-09T01:59:22.142]Completed Shot 1, state 25
2378.699471 seconds (3.49 G allocations: 10.439 TiB, 20.06% gc time, 0.40% compilation time)
[2023-01-09T01:59:27.770]Completed Shot 1, state 1
2380.888386 seconds (3.50 G allocations: 10.474 TiB, 20.10% gc time, 0.15% compilation time)
[2023-01-09T01:59:36.049]Completed Shot 1, state 14
2381.677891 seconds (3.51 G allocations: 10.481 TiB, 20.09% gc time, 0.13% compilation time)
[2023-01-09T01:59:37.321]Completed Shot 1, state 26
2382.731922 seconds (3.51 G allocations: 10.484 TiB, 20.08% gc time, 0.15% compilation time)
[2023-01-09T01:59:37.895]Completed Shot 1, state 47
2383.333503 seconds (3.51 G allocations: 10.487 TiB, 20.08% gc time, 0.15% compilation time)
[2023-01-09T01:59:38.495]Completed Shot 1, state 37
2385.343821 seconds (3.51 G allocations: 10.494 TiB, 20.09% gc time, 0.14% compilation time)
[2023-01-09T01:59:40.704]Completed Shot 1, state 20
2389.676514 seconds (3.52 G allocations: 10.510 TiB, 20.09% gc time, 0.15% compilation time)
[2023-01-09T01:59:44.839]Completed Shot 1, state 8
2391.090247 seconds (3.52 G allocations: 10.517 TiB, 20.08% gc time, 0.15% compilation time)
[2023-01-09T01:59:46.255]Completed Shot 1, state 41
2391.158999 seconds (3.52 G allocations: 10.518 TiB, 20.08% gc time, 0.14% compilation time)
[2023-01-09T01:59:46.466]Completed Shot 1, state 28
2392.710480 seconds (3.52 G allocations: 10.524 TiB, 20.08% gc time, 0.14% compilation time)
[2023-01-09T01:59:48.017]Completed Shot 1, state 42
2396.917432 seconds (3.53 G allocations: 10.540 TiB, 20.08% gc time, 0.14% compilation time)
[2023-01-09T01:59:52.224]Completed Shot 1, state 18
2404.250425 seconds (3.53 G allocations: 10.545 TiB, 20.02% gc time, 0.40% compilation time)
[2023-01-09T01:59:53.321]Completed Shot 1, state 13
2400.539808 seconds (3.53 G allocations: 10.553 TiB, 20.08% gc time, 0.14% compilation time)
[2023-01-09T01:59:55.900]Completed Shot 1, state 40
2410.770499 seconds (3.54 G allocations: 10.568 TiB, 20.02% gc time, 0.40% compilation time)
[2023-01-09T01:59:59.904]Completed Shot 1, state 9
2405.051708 seconds (3.54 G allocations: 10.570 TiB, 20.06% gc time, 0.15% compilation time)
[2023-01-09T02:00:00.215]Completed Shot 1, state 39
2414.404020 seconds (3.54 G allocations: 10.581 TiB, 20.01% gc time, 0.39% compilation time)
[2023-01-09T02:00:03.537]Completed Shot 1, state 32
2410.790746 seconds (3.55 G allocations: 10.592 TiB, 20.05% gc time, 0.13% compilation time)
[2023-01-09T02:00:06.429]Completed Shot 1, state 12
2412.645526 seconds (3.55 G allocations: 10.598 TiB, 20.04% gc time, 0.15% compilation time)
[2023-01-09T02:00:07.806]Completed Shot 1, state 48
2412.792039 seconds (3.55 G allocations: 10.599 TiB, 20.04% gc time, 0.14% compilation time)
[2023-01-09T02:00:08.153]Completed Shot 1, state 36
2413.650216 seconds (3.55 G allocations: 10.600 TiB, 20.05% gc time, 0.14% compilation time)
[2023-01-09T02:00:08.955]Completed Shot 1, state 31
2420.298322 seconds (3.55 G allocations: 10.602 TiB, 20.00% gc time, 0.40% compilation time)
[2023-01-09T02:00:09.369]Completed Shot 1, state 50
2418.091002 seconds (3.55 G allocations: 10.615 TiB, 20.04% gc time, 0.14% compilation time)
[2023-01-09T02:00:13.465]Completed Shot 1, state 7
2418.454891 seconds (3.55 G allocations: 10.616 TiB, 20.03% gc time, 0.14% compilation time)
[2023-01-09T02:00:13.619]Completed Shot 1, state 24
2418.510868 seconds (3.55 G allocations: 10.616 TiB, 20.03% gc time, 0.14% compilation time)
[2023-01-09T02:00:13.676]Completed Shot 1, state 22
2419.738115 seconds (3.56 G allocations: 10.620 TiB, 20.04% gc time, 0.13% compilation time)
[2023-01-09T02:00:15.355]Completed Shot 1, state 29
2430.192943 seconds (3.56 G allocations: 10.632 TiB, 19.96% gc time, 0.39% compilation time)
[2023-01-09T02:00:19.264]Completed Shot 1, state 6
2424.833800 seconds (3.56 G allocations: 10.635 TiB, 20.01% gc time, 0.14% compilation time)
[2023-01-09T02:00:20.195]Completed Shot 1, state 34
2425.566594 seconds (3.56 G allocations: 10.636 TiB, 20.01% gc time, 0.14% compilation time)
[2023-01-09T02:00:20.716]Completed Shot 1, state 44
2425.948300 seconds (3.56 G allocations: 10.637 TiB, 20.00% gc time, 0.14% compilation time)
[2023-01-09T02:00:21.170]Completed Shot 1, state 35
2426.783840 seconds (3.56 G allocations: 10.639 TiB, 20.00% gc time, 0.14% compilation time)
[2023-01-09T02:00:21.948]Completed Shot 1, state 27
2426.942796 seconds (3.56 G allocations: 10.640 TiB, 20.00% gc time, 0.14% compilation time)
[2023-01-09T02:00:22.303]Completed Shot 1, state 33
2428.041549 seconds (3.56 G allocations: 10.642 TiB, 19.99% gc time, 0.13% compilation time)
[2023-01-09T02:00:23.502]Completed Shot 1, state 15
2427.880614 seconds (3.56 G allocations: 10.642 TiB, 19.99% gc time, 0.13% compilation time)
[2023-01-09T02:00:23.518]Completed Shot 1, state 45
2430.342329 seconds (3.57 G allocations: 10.648 TiB, 19.98% gc time, 0.13% compilation time)
[2023-01-09T02:00:25.960]Completed Shot 1, state 10
2432.810016 seconds (3.57 G allocations: 10.653 TiB, 19.96% gc time, 0.13% compilation time)
[2023-01-09T02:00:28.436]Completed Shot 1, state 19
2439.594425 seconds (3.57 G allocations: 10.653 TiB, 19.91% gc time, 0.39% compilation time)
[2023-01-09T02:00:28.665]Completed Shot 1, state 2
2433.213889 seconds (3.57 G allocations: 10.653 TiB, 19.96% gc time, 0.12% compilation time)
[2023-01-09T02:00:28.859]Completed Shot 1, state 3
2434.348225 seconds (3.57 G allocations: 10.655 TiB, 19.95% gc time, 0.13% compilation time)
2440.841709 seconds (3.57 G allocations: 10.656 TiB, 19.90% gc time, 0.39% compilation time)
[[2023-01-09T02:00:29.975]Completed Shot 1, state 17
2023-01-09T02:00:29.975]Completed Shot 1, state 46
2435.874116 seconds (3.57 G allocations: 10.657 TiB, 19.94% gc time, 0.14% compilation time)
[2023-01-09T02:00:31.249]Completed Shot 1, state 11
2436.698701 seconds (3.57 G allocations: 10.658 TiB, 19.93% gc time, 0.14% compilation time)
[2023-01-09T02:00:31.921]Completed Shot 1, state 38
2437.775365 seconds (3.57 G allocations: 10.659 TiB, 19.93% gc time, 0.14% compilation time)
[2023-01-09T02:00:32.937]Completed Shot 1, state 21
2437.998792 seconds (3.57 G allocations: 10.659 TiB, 19.93% gc time, 0.14% compilation time)
[2023-01-09T02:00:33.160]Completed Shot 1, state 16
2441.260084 seconds (3.57 G allocations: 10.662 TiB, 19.90% gc time, 0.13% compilation time)
[2023-01-09T02:00:36.734]Completed Shot 1, state 30
2442.135101 seconds (3.57 G allocations: 10.662 TiB, 19.89% gc time, 0.14% compilation time)
[2023-01-09T02:00:37.507]Completed Shot 1, state 43
2443.987602 seconds (3.57 G allocations: 10.663 TiB, 19.88% gc time, 0.14% compilation time)
[2023-01-09T02:00:39.137]Completed Shot 1, state 49
2447.047261 seconds (3.57 G allocations: 10.663 TiB, 19.86% gc time, 0.14% compilation time)
[2023-01-09T02:00:42.210]Completed Shot 1, state 4
2301.627679 seconds (3.35 G allocations: 10.203 TiB, 20.10% gc time)
[2023-01-09T02:39:03.840]Completed Shot 2, state 30
2301.902201 seconds (3.35 G allocations: 10.204 TiB, 20.10% gc time)
[2023-01-09T02:39:04.115]Completed Shot 2, state 26
2308.626368 seconds (3.36 G allocations: 10.235 TiB, 20.08% gc time)
[2023-01-09T02:39:10.839]Completed Shot 2, state 11
2313.198820 seconds (3.36 G allocations: 10.252 TiB, 20.08% gc time)
[2023-01-09T02:39:15.411]Completed Shot 2, state 29
2315.414554 seconds (3.37 G allocations: 10.263 TiB, 20.06% gc time)
[2023-01-09T02:39:17.626]Completed Shot 2, state 1
2325.634780 seconds (3.38 G allocations: 10.304 TiB, 20.07% gc time)
[2023-01-09T02:39:27.847]Completed Shot 2, state 4
2331.446621 seconds (3.39 G allocations: 10.329 TiB, 20.06% gc time)
[2023-01-09T02:39:33.659]Completed Shot 2, state 13
2332.430214 seconds (3.39 G allocations: 10.334 TiB, 20.06% gc time)
[2023-01-09T02:39:34.643]Completed Shot 2, state 46
2335.342022 seconds (3.40 G allocations: 10.343 TiB, 20.08% gc time)
[2023-01-09T02:39:37.554]Completed Shot 2, state 3
2337.121209 seconds (3.40 G allocations: 10.352 TiB, 20.06% gc time)
[2023-01-09T02:39:39.334]Completed Shot 2, state 33
2338.943066 seconds (3.40 G allocations: 10.358 TiB, 20.07% gc time)
[2023-01-09T02:39:41.156]Completed Shot 2, state 39
2339.393406 seconds (3.40 G allocations: 10.360 TiB, 20.07% gc time)
[2023-01-09T02:39:41.606]Completed Shot 2, state 16
2339.397434 seconds (3.40 G allocations: 10.360 TiB, 20.07% gc time)
[2023-01-09T02:39:41.610]Completed Shot 2, state 45
2339.971252 seconds (3.40 G allocations: 10.363 TiB, 20.06% gc time)
[2023-01-09T02:39:42.184]Completed Shot 2, state 31
2340.789377 seconds (3.40 G allocations: 10.367 TiB, 20.05% gc time)
[2023-01-09T02:39:43.002]Completed Shot 2, state 42
2341.320172 seconds (3.41 G allocations: 10.369 TiB, 20.05% gc time)
[2023-01-09T02:39:43.532]Completed Shot 2, state 8
2343.547207 seconds (3.41 G allocations: 10.375 TiB, 20.07% gc time)
[2023-01-09T02:39:45.760]Completed Shot 2, state 43
2343.701245 seconds (3.41 G allocations: 10.376 TiB, 20.06% gc time)
[2023-01-09T02:39:45.914]Completed Shot 2, state 18
2343.721364 seconds (3.41 G allocations: 10.376 TiB, 20.06% gc time)
[2023-01-09T02:39:45.934]Completed Shot 2, state 14
2344.099145 seconds (3.41 G allocations: 10.377 TiB, 20.06% gc time)
[2023-01-09T02:39:46.311]Completed Shot 2, state 6
2345.185373 seconds (3.41 G allocations: 10.382 TiB, 20.05% gc time)
[2023-01-09T02:39:47.398]Completed Shot 2, state 2
2346.386933 seconds (3.41 G allocations: 10.387 TiB, 20.04% gc time)
[2023-01-09T02:39:48.599]Completed Shot 2, state 35
2348.013558 seconds (3.41 G allocations: 10.390 TiB, 20.06% gc time)
[2023-01-09T02:39:50.226]Completed Shot 2, state 50
2353.712252 seconds (3.42 G allocations: 10.409 TiB, 20.04% gc time)
[2023-01-09T02:39:55.925]Completed Shot 2, state 36
2356.121915 seconds (3.42 G allocations: 10.415 TiB, 20.04% gc time)
[2023-01-09T02:39:58.334]Completed Shot 2, state 17
2356.900447 seconds (3.42 G allocations: 10.418 TiB, 20.03% gc time)
[2023-01-09T02:39:59.113]Completed Shot 2, state 22
2358.101779 seconds (3.42 G allocations: 10.422 TiB, 20.02% gc time)
[2023-01-09T02:40:00.314]Completed Shot 2, state 40
2358.993833 seconds (3.43 G allocations: 10.425 TiB, 20.02% gc time)
[2023-01-09T02:40:01.206]Completed Shot 2, state 20
2359.765593 seconds (3.43 G allocations: 10.427 TiB, 20.02% gc time)
[2023-01-09T02:40:01.978]Completed Shot 2, state 21
2363.716965 seconds (3.43 G allocations: 10.438 TiB, 20.00% gc time)
[2023-01-09T02:40:05.929]Completed Shot 2, state 38
2364.544983 seconds (3.43 G allocations: 10.441 TiB, 19.99% gc time)
[2023-01-09T02:40:06.757]Completed Shot 2, state 12
2365.746528 seconds (3.43 G allocations: 10.444 TiB, 19.98% gc time)
[2023-01-09T02:40:07.959]Completed Shot 2, state 24
2365.938548 seconds (3.43 G allocations: 10.444 TiB, 19.98% gc time)
[2023-01-09T02:40:08.151]Completed Shot 2, state 37
2366.282109 seconds (3.43 G allocations: 10.445 TiB, 19.98% gc time)
[2023-01-09T02:40:08.495]Completed Shot 2, state 32
2367.619144 seconds (3.43 G allocations: 10.448 TiB, 19.97% gc time)
[2023-01-09T02:40:09.832]Completed Shot 2, state 48
2368.106687 seconds (3.43 G allocations: 10.449 TiB, 19.97% gc time)
[2023-01-09T02:40:10.319]Completed Shot 2, state 27
2369.966820 seconds (3.44 G allocations: 10.453 TiB, 19.97% gc time)
[2023-01-09T02:40:12.179]Completed Shot 2, state 41
2374.607947 seconds (3.44 G allocations: 10.461 TiB, 19.93% gc time)
[2023-01-09T02:40:16.820]Completed Shot 2, state 28
2375.070555 seconds (3.44 G allocations: 10.462 TiB, 19.93% gc time)
[2023-01-09T02:40:17.283]Completed Shot 2, state 34
2375.144187 seconds (3.44 G allocations: 10.462 TiB, 19.93% gc time)
[2023-01-09T02:40:17.357]Completed Shot 2, state 44
2375.348143 seconds (3.44 G allocations: 10.463 TiB, 19.93% gc time)
[2023-01-09T02:40:17.560]Completed Shot 2, state 19
2377.933478 seconds (3.44 G allocations: 10.466 TiB, 19.91% gc time)
[2023-01-09T02:40:20.146]Completed Shot 2, state 15
2379.632505 seconds (3.44 G allocations: 10.468 TiB, 19.90% gc time)
[2023-01-09T02:40:21.845]Completed Shot 2, state 49
2379.792388 seconds (3.44 G allocations: 10.468 TiB, 19.90% gc time)
[2023-01-09T02:40:22.005]Completed Shot 2, state 7
2381.905804 seconds (3.44 G allocations: 10.470 TiB, 19.89% gc time)
[2023-01-09T02:40:24.118]Completed Shot 2, state 23
2385.696869 seconds (3.44 G allocations: 10.473 TiB, 19.86% gc time)
[2023-01-09T02:40:27.909]Completed Shot 2, state 5
2389.777206 seconds (3.44 G allocations: 10.476 TiB, 19.83% gc time)
[2023-01-09T02:40:31.989]Completed Shot 2, state 9
2391.417003 seconds (3.44 G allocations: 10.477 TiB, 19.82% gc time)
[2023-01-09T02:40:33.629]Completed Shot 2, state 47
2391.506019 seconds (3.44 G allocations: 10.477 TiB, 19.82% gc time)
[2023-01-09T02:40:33.718]Completed Shot 2, state 10
2399.755158 seconds (3.44 G allocations: 10.478 TiB, 19.75% gc time)
[2023-01-09T02:40:41.967]Completed Shot 2, state 25
2297.723408 seconds (3.34 G allocations: 10.210 TiB, 20.53% gc time)
[2023-01-09T03:18:59.696]Completed Shot 3, state 8
2306.135634 seconds (3.36 G allocations: 10.248 TiB, 20.52% gc time)
[2023-01-09T03:19:08.107]Completed Shot 3, state 6
2314.466392 seconds (3.37 G allocations: 10.279 TiB, 20.56% gc time)
[2023-01-09T03:19:16.439]Completed Shot 3, state 41
2317.135565 seconds (3.37 G allocations: 10.293 TiB, 20.53% gc time)
[2023-01-09T03:19:19.108]Completed Shot 3, state 48
2319.873221 seconds (3.38 G allocations: 10.300 TiB, 20.57% gc time)
[2023-01-09T03:19:21.846]Completed Shot 3, state 33
2319.953469 seconds (3.38 G allocations: 10.300 TiB, 20.57% gc time)
[2023-01-09T03:19:21.926]Completed Shot 3, state 15
2320.942404 seconds (3.38 G allocations: 10.305 TiB, 20.57% gc time)
[2023-01-09T03:19:22.915]Completed Shot 3, state 21
2321.131696 seconds (3.38 G allocations: 10.306 TiB, 20.56% gc time)
[2023-01-09T03:19:23.104]Completed Shot 3, state 18
2323.584966 seconds (3.38 G allocations: 10.319 TiB, 20.54% gc time)
[2023-01-09T03:19:25.557]Completed Shot 3, state 20
2324.056434 seconds (3.38 G allocations: 10.321 TiB, 20.54% gc time)
[2023-01-09T03:19:26.029]Completed Shot 3, state 26
2329.421257 seconds (3.39 G allocations: 10.342 TiB, 20.54% gc time)
[2023-01-09T03:19:31.392]Completed Shot 3, state 2
2331.788090 seconds (3.39 G allocations: 10.348 TiB, 20.56% gc time)
[2023-01-09T03:19:33.761]Completed Shot 3, state 13
2332.120765 seconds (3.39 G allocations: 10.350 TiB, 20.56% gc time)
[2023-01-09T03:19:34.092]Completed Shot 3, state 4
2340.256004 seconds (3.41 G allocations: 10.383 TiB, 20.53% gc time)
[2023-01-09T03:19:42.229]Completed Shot 3, state 27
2341.264908 seconds (3.41 G allocations: 10.385 TiB, 20.55% gc time)
[2023-01-09T03:19:43.237]Completed Shot 3, state 34
2341.505544 seconds (3.41 G allocations: 10.386 TiB, 20.55% gc time)
[2023-01-09T03:19:43.478]Completed Shot 3, state 30
2342.083571 seconds (3.41 G allocations: 10.389 TiB, 20.54% gc time)
[2023-01-09T03:19:44.056]Completed Shot 3, state 31
2343.192068 seconds (3.41 G allocations: 10.393 TiB, 20.53% gc time)
[2023-01-09T03:19:45.165]Completed Shot 3, state 25
2343.376450 seconds (3.41 G allocations: 10.394 TiB, 20.53% gc time)
[2023-01-09T03:19:45.349]Completed Shot 3, state 17
2343.612598 seconds (3.41 G allocations: 10.395 TiB, 20.53% gc time)
[2023-01-09T03:19:45.585]Completed Shot 3, state 37
2343.656882 seconds (3.41 G allocations: 10.395 TiB, 20.53% gc time)
[2023-01-09T03:19:45.630]Completed Shot 3, state 12
2344.091356 seconds (3.41 G allocations: 10.397 TiB, 20.52% gc time)
[2023-01-09T03:19:46.063]Completed Shot 3, state 7
2344.908191 seconds (3.41 G allocations: 10.400 TiB, 20.52% gc time)
[2023-01-09T03:19:46.881]Completed Shot 3, state 50
2345.036602 seconds (3.41 G allocations: 10.400 TiB, 20.51% gc time)
[2023-01-09T03:19:47.009]Completed Shot 3, state 42
2345.157740 seconds (3.41 G allocations: 10.401 TiB, 20.51% gc time)
[2023-01-09T03:19:47.130]Completed Shot 3, state 10
2348.521827 seconds (3.42 G allocations: 10.411 TiB, 20.50% gc time)
[2023-01-09T03:19:50.494]Completed Shot 3, state 22
2349.015287 seconds (3.42 G allocations: 10.413 TiB, 20.50% gc time)
[2023-01-09T03:19:50.988]Completed Shot 3, state 46
2349.122877 seconds (3.42 G allocations: 10.413 TiB, 20.50% gc time)
[2023-01-09T03:19:51.095]Completed Shot 3, state 49
2353.301035 seconds (3.42 G allocations: 10.425 TiB, 20.49% gc time)
[2023-01-09T03:19:55.274]Completed Shot 3, state 19
2354.865216 seconds (3.42 G allocations: 10.428 TiB, 20.50% gc time)
[2023-01-09T03:19:56.838]Completed Shot 3, state 35
2356.125651 seconds (3.42 G allocations: 10.432 TiB, 20.49% gc time)
[2023-01-09T03:19:58.098]Completed Shot 3, state 32
2356.555828 seconds (3.42 G allocations: 10.433 TiB, 20.48% gc time)
[2023-01-09T03:19:58.528]Completed Shot 3, state 24
2356.911988 seconds (3.42 G allocations: 10.434 TiB, 20.48% gc time)
[2023-01-09T03:19:58.884]Completed Shot 3, state 29
2357.139515 seconds (3.42 G allocations: 10.434 TiB, 20.48% gc time)
[2023-01-09T03:19:59.112]Completed Shot 3, state 36
2358.985066 seconds (3.43 G allocations: 10.438 TiB, 20.48% gc time)
[2023-01-09T03:20:00.958]Completed Shot 3, state 47
2360.014880 seconds (3.43 G allocations: 10.440 TiB, 20.47% gc time)
[2023-01-09T03:20:01.987]Completed Shot 3, state 45
2360.500787 seconds (3.43 G allocations: 10.441 TiB, 20.47% gc time)
[2023-01-09T03:20:02.471]Completed Shot 3, state 1
2360.554204 seconds (3.43 G allocations: 10.441 TiB, 20.47% gc time)
[2023-01-09T03:20:02.527]Completed Shot 3, state 16
2361.419027 seconds (3.43 G allocations: 10.443 TiB, 20.46% gc time)
[2023-01-09T03:20:03.390]Completed Shot 3, state 3
2361.630240 seconds (3.43 G allocations: 10.443 TiB, 20.46% gc time)
[2023-01-09T03:20:03.603]Completed Shot 3, state 28
2361.982032 seconds (3.43 G allocations: 10.444 TiB, 20.46% gc time)
[2023-01-09T03:20:03.955]Completed Shot 3, state 40
2362.699678 seconds (3.43 G allocations: 10.445 TiB, 20.46% gc time)
[2023-01-09T03:20:04.672]Completed Shot 3, state 23
2363.760222 seconds (3.43 G allocations: 10.446 TiB, 20.45% gc time)
[2023-01-09T03:20:05.733]Completed Shot 3, state 11
2364.884558 seconds (3.43 G allocations: 10.447 TiB, 20.44% gc time)
[2023-01-09T03:20:06.857]Completed Shot 3, state 38
2365.760640 seconds (3.43 G allocations: 10.448 TiB, 20.44% gc time)
[2023-01-09T03:20:07.733]Completed Shot 3, state 14
2369.340063 seconds (3.43 G allocations: 10.451 TiB, 20.41% gc time)
[2023-01-09T03:20:11.312]Completed Shot 3, state 9
2371.595455 seconds (3.43 G allocations: 10.453 TiB, 20.40% gc time)
[2023-01-09T03:20:13.568]Completed Shot 3, state 43
2371.874464 seconds (3.43 G allocations: 10.453 TiB, 20.39% gc time)
[2023-01-09T03:20:13.847]Completed Shot 3, state 44
2380.264804 seconds (3.43 G allocations: 10.456 TiB, 20.33% gc time)
[2023-01-09T03:20:22.236]Completed Shot 3, state 5
2389.762403 seconds (3.43 G allocations: 10.458 TiB, 20.25% gc time)
[2023-01-09T03:20:31.735]Completed Shot 3, state 39
2347.111341 seconds (3.37 G allocations: 10.124 TiB, 20.55% gc time)
[2023-01-09T03:59:38.849]Completed Shot 4, state 2
2350.055280 seconds (3.37 G allocations: 10.139 TiB, 20.52% gc time)
[2023-01-09T03:59:41.793]Completed Shot 4, state 27
2394.976144 seconds (3.44 G allocations: 10.324 TiB, 20.52% gc time)
[2023-01-09T04:00:26.714]Completed Shot 4, state 19
2402.338181 seconds (3.45 G allocations: 10.352 TiB, 20.54% gc time)
[2023-01-09T04:00:34.075]Completed Shot 4, state 1
2404.111592 seconds (3.45 G allocations: 10.361 TiB, 20.52% gc time)
[2023-01-09T04:00:35.849]Completed Shot 4, state 21
2407.994478 seconds (3.46 G allocations: 10.372 TiB, 20.57% gc time)
[2023-01-09T04:00:39.732]Completed Shot 4, state 18
2411.785771 seconds (3.46 G allocations: 10.391 TiB, 20.53% gc time)
[2023-01-09T04:00:43.524]Completed Shot 4, state 31
2412.135095 seconds (3.46 G allocations: 10.393 TiB, 20.53% gc time)
[2023-01-09T04:00:43.873]Completed Shot 4, state 45
2418.229692 seconds (3.47 G allocations: 10.414 TiB, 20.55% gc time)
[2023-01-09T04:00:49.967]Completed Shot 4, state 7
2418.804975 seconds (3.47 G allocations: 10.416 TiB, 20.55% gc time)
[2023-01-09T04:00:50.543]Completed Shot 4, state 23
2418.912275 seconds (3.47 G allocations: 10.417 TiB, 20.55% gc time)
[2023-01-09T04:00:50.650]Completed Shot 4, state 40
2419.269757 seconds (3.47 G allocations: 10.419 TiB, 20.54% gc time)
[2023-01-09T04:00:51.008]Completed Shot 4, state 50
2420.305809 seconds (3.47 G allocations: 10.423 TiB, 20.53% gc time)
[2023-01-09T04:00:52.044]Completed Shot 4, state 38
2420.977026 seconds (3.48 G allocations: 10.426 TiB, 20.53% gc time)
[2023-01-09T04:00:52.715]Completed Shot 4, state 17
2420.988312 seconds (3.48 G allocations: 10.426 TiB, 20.53% gc time)
[2023-01-09T04:00:52.726]Completed Shot 4, state 39
2426.663041 seconds (3.48 G allocations: 10.444 TiB, 20.54% gc time)
[2023-01-09T04:00:58.401]Completed Shot 4, state 28
2439.297011 seconds (3.50 G allocations: 10.486 TiB, 20.55% gc time)
[2023-01-09T04:01:11.035]Completed Shot 4, state 9
2443.399776 seconds (3.50 G allocations: 10.504 TiB, 20.51% gc time)
[2023-01-09T04:01:15.138]Completed Shot 4, state 33
2448.842803 seconds (3.51 G allocations: 10.521 TiB, 20.52% gc time)
[2023-01-09T04:01:20.581]Completed Shot 4, state 48
2449.140233 seconds (3.51 G allocations: 10.522 TiB, 20.52% gc time)
[2023-01-09T04:01:20.878]Completed Shot 4, state 44
2449.198519 seconds (3.51 G allocations: 10.522 TiB, 20.52% gc time)
[2023-01-09T04:01:20.936]Completed Shot 4, state 35
2456.603615 seconds (3.52 G allocations: 10.546 TiB, 20.51% gc time)
[2023-01-09T04:01:28.341]Completed Shot 4, state 49
2461.019517 seconds (3.52 G allocations: 10.559 TiB, 20.52% gc time)
[2023-01-09T04:01:32.757]Completed Shot 4, state 36
2461.258301 seconds (3.52 G allocations: 10.559 TiB, 20.52% gc time)
[2023-01-09T04:01:32.996]Completed Shot 4, state 5
2463.990575 seconds (3.53 G allocations: 10.569 TiB, 20.49% gc time)
[2023-01-09T04:01:35.728]Completed Shot 4, state 34
2464.673905 seconds (3.53 G allocations: 10.572 TiB, 20.49% gc time)
[2023-01-09T04:01:36.412]Completed Shot 4, state 43
2467.524188 seconds (3.53 G allocations: 10.578 TiB, 20.51% gc time)
[2023-01-09T04:01:39.262]Completed Shot 4, state 6
2468.838177 seconds (3.53 G allocations: 10.582 TiB, 20.50% gc time)
[2023-01-09T04:01:40.576]Completed Shot 4, state 30
2468.893857 seconds (3.53 G allocations: 10.582 TiB, 20.49% gc time)
[2023-01-09T04:01:40.631]Completed Shot 4, state 15
2469.411469 seconds (3.53 G allocations: 10.584 TiB, 20.49% gc time)
[2023-01-09T04:01:41.149]Completed Shot 4, state 10
2470.211163 seconds (3.53 G allocations: 10.586 TiB, 20.48% gc time)
[2023-01-09T04:01:41.949]Completed Shot 4, state 26
2470.662912 seconds (3.53 G allocations: 10.587 TiB, 20.48% gc time)
[2023-01-09T04:01:42.401]Completed Shot 4, state 11
2475.038826 seconds (3.54 G allocations: 10.596 TiB, 20.48% gc time)
[2023-01-09T04:01:46.776]Completed Shot 4, state 12
2481.780458 seconds (3.54 G allocations: 10.612 TiB, 20.45% gc time)
[2023-01-09T04:01:53.518]Completed Shot 4, state 42
2484.539526 seconds (3.54 G allocations: 10.617 TiB, 20.45% gc time)
[2023-01-09T04:01:56.277]Completed Shot 4, state 41
2484.692583 seconds (3.54 G allocations: 10.617 TiB, 20.45% gc time)
[2023-01-09T04:01:56.430]Completed Shot 4, state 37
2485.051747 seconds (3.54 G allocations: 10.618 TiB, 20.45% gc time)
[2023-01-09T04:01:56.789]Completed Shot 4, state 3
2485.268669 seconds (3.54 G allocations: 10.618 TiB, 20.45% gc time)
[2023-01-09T04:01:57.006]Completed Shot 4, state 46
2485.411163 seconds (3.54 G allocations: 10.619 TiB, 20.45% gc time)
[2023-01-09T04:01:57.149]Completed Shot 4, state 8
2487.341692 seconds (3.54 G allocations: 10.622 TiB, 20.43% gc time)
[2023-01-09T04:01:59.079]Completed Shot 4, state 16
2488.920231 seconds (3.55 G allocations: 10.625 TiB, 20.42% gc time)
[2023-01-09T04:02:00.658]Completed Shot 4, state 47
2489.286811 seconds (3.55 G allocations: 10.625 TiB, 20.42% gc time)
[2023-01-09T04:02:01.024]Completed Shot 4, state 20
2492.087352 seconds (3.55 G allocations: 10.628 TiB, 20.40% gc time)
[2023-01-09T04:02:03.825]Completed Shot 4, state 14
2493.771700 seconds (3.55 G allocations: 10.630 TiB, 20.39% gc time)
[2023-01-09T04:02:05.509]Completed Shot 4, state 32
2498.957121 seconds (3.55 G allocations: 10.635 TiB, 20.36% gc time)
[2023-01-09T04:02:10.695]Completed Shot 4, state 13
2502.729861 seconds (3.55 G allocations: 10.639 TiB, 20.33% gc time)
[2023-01-09T04:02:14.467]Completed Shot 4, state 4
2506.010162 seconds (3.55 G allocations: 10.641 TiB, 20.31% gc time)
[2023-01-09T04:02:17.748]Completed Shot 4, state 25
2509.859958 seconds (3.55 G allocations: 10.643 TiB, 20.28% gc time)
[2023-01-09T04:02:21.598]Completed Shot 4, state 22
2516.139153 seconds (3.55 G allocations: 10.645 TiB, 20.23% gc time)
[2023-01-09T04:02:27.877]Completed Shot 4, state 29
2520.891805 seconds (3.55 G allocations: 10.646 TiB, 20.20% gc time)
[2023-01-09T04:02:32.629]Completed Shot 4, state 24
2350.265506 seconds (3.24 G allocations: 9.935 TiB, 21.94% gc time)
[2023-01-09T04:41:42.898]Completed Shot 5, state 13
2368.373550 seconds (3.26 G allocations: 10.008 TiB, 21.93% gc time)
[2023-01-09T04:42:01.006]Completed Shot 5, state 17
2368.664711 seconds (3.26 G allocations: 10.010 TiB, 21.92% gc time)
[2023-01-09T04:42:01.297]Completed Shot 5, state 2
2387.586313 seconds (3.29 G allocations: 10.080 TiB, 21.96% gc time)
[2023-01-09T04:42:20.219]Completed Shot 5, state 50
2388.458819 seconds (3.29 G allocations: 10.085 TiB, 21.95% gc time)
[2023-01-09T04:42:21.091]Completed Shot 5, state 36
2389.268035 seconds (3.29 G allocations: 10.089 TiB, 21.94% gc time)
[2023-01-09T04:42:21.900]Completed Shot 5, state 10
2395.126728 seconds (3.30 G allocations: 10.110 TiB, 21.95% gc time)
[2023-01-09T04:42:27.759]Completed Shot 5, state 20
2402.769089 seconds (3.31 G allocations: 10.140 TiB, 21.95% gc time)
[2023-01-09T04:42:35.401]Completed Shot 5, state 34
2413.990072 seconds (3.33 G allocations: 10.188 TiB, 21.91% gc time)
[2023-01-09T04:42:46.622]Completed Shot 5, state 25
2417.940202 seconds (3.33 G allocations: 10.200 TiB, 21.93% gc time)
[2023-01-09T04:42:50.572]Completed Shot 5, state 3
2418.273685 seconds (3.33 G allocations: 10.202 TiB, 21.93% gc time)
[2023-01-09T04:42:50.906]Completed Shot 5, state 40
2418.304659 seconds (3.33 G allocations: 10.202 TiB, 21.93% gc time)
[2023-01-09T04:42:50.937]Completed Shot 5, state 11
2422.206857 seconds (3.34 G allocations: 10.220 TiB, 21.90% gc time)
[2023-01-09T04:42:54.839]Completed Shot 5, state 6
2424.648200 seconds (3.34 G allocations: 10.227 TiB, 21.92% gc time)
[2023-01-09T04:42:57.280]Completed Shot 5, state 28
2430.324667 seconds (3.35 G allocations: 10.246 TiB, 21.92% gc time)
[2023-01-09T04:43:02.956]Completed Shot 5, state 1
2434.831884 seconds (3.36 G allocations: 10.266 TiB, 21.88% gc time)
[2023-01-09T04:43:07.464]Completed Shot 5, state 44
2437.964705 seconds (3.36 G allocations: 10.274 TiB, 21.90% gc time)
[2023-01-09T04:43:10.597]Completed Shot 5, state 39
2439.325798 seconds (3.36 G allocations: 10.280 TiB, 21.89% gc time)
[2023-01-09T04:43:11.958]Completed Shot 5, state 49
2440.169189 seconds (3.36 G allocations: 10.284 TiB, 21.88% gc time)
[2023-01-09T04:43:12.801]Completed Shot 5, state 21
2446.336134 seconds (3.37 G allocations: 10.304 TiB, 21.87% gc time)
[2023-01-09T04:43:18.968]Completed Shot 5, state 5
2446.942357 seconds (3.37 G allocations: 10.307 TiB, 21.86% gc time)
[2023-01-09T04:43:19.575]Completed Shot 5, state 32
2448.046537 seconds (3.37 G allocations: 10.311 TiB, 21.85% gc time)
[2023-01-09T04:43:20.679]Completed Shot 5, state 43
2448.055116 seconds (3.37 G allocations: 10.311 TiB, 21.85% gc time)
[2023-01-09T04:43:20.687]Completed Shot 5, state 48
2448.307683 seconds (3.37 G allocations: 10.312 TiB, 21.85% gc time)
[2023-01-09T04:43:20.940]Completed Shot 5, state 12
2450.937084 seconds (3.37 G allocations: 10.318 TiB, 21.87% gc time)
[2023-01-09T04:43:23.569]Completed Shot 5, state 26
2452.094013 seconds (3.38 G allocations: 10.322 TiB, 21.86% gc time)
[2023-01-09T04:43:24.726]Completed Shot 5, state 37
2455.178725 seconds (3.38 G allocations: 10.331 TiB, 21.85% gc time)
[2023-01-09T04:43:27.811]Completed Shot 5, state 33
2455.907054 seconds (3.38 G allocations: 10.333 TiB, 21.84% gc time)
[2023-01-09T04:43:28.539]Completed Shot 5, state 29
2458.038767 seconds (3.38 G allocations: 10.340 TiB, 21.82% gc time)
[2023-01-09T04:43:30.671]Completed Shot 5, state 15
2458.112472 seconds (3.38 G allocations: 10.340 TiB, 21.82% gc time)
[2023-01-09T04:43:30.744]Completed Shot 5, state 4
2458.134017 seconds (3.38 G allocations: 10.340 TiB, 21.82% gc time)
[2023-01-09T04:43:30.766]Completed Shot 5, state 35
2467.040545 seconds (3.39 G allocations: 10.362 TiB, 21.79% gc time)
[2023-01-09T04:43:39.673]Completed Shot 5, state 9
2470.808681 seconds (3.39 G allocations: 10.371 TiB, 21.78% gc time)
[2023-01-09T04:43:43.441]Completed Shot 5, state 7
2472.388280 seconds (3.39 G allocations: 10.374 TiB, 21.77% gc time)
[2023-01-09T04:43:45.020]Completed Shot 5, state 23
2474.437198 seconds (3.40 G allocations: 10.379 TiB, 21.75% gc time)
[2023-01-09T04:43:47.069]Completed Shot 5, state 45
2477.189554 seconds (3.40 G allocations: 10.385 TiB, 21.74% gc time)
[2023-01-09T04:43:49.822]Completed Shot 5, state 27
2481.722835 seconds (3.40 G allocations: 10.394 TiB, 21.71% gc time)
[2023-01-09T04:43:54.355]Completed Shot 5, state 42
2482.282639 seconds (3.40 G allocations: 10.396 TiB, 21.70% gc time)
[2023-01-09T04:43:54.915]Completed Shot 5, state 16
2488.307075 seconds (3.41 G allocations: 10.406 TiB, 21.67% gc time)
[2023-01-09T04:44:00.939]Completed Shot 5, state 41
2488.819101 seconds (3.41 G allocations: 10.407 TiB, 21.66% gc time)
[2023-01-09T04:44:01.451]Completed Shot 5, state 8
2490.586876 seconds (3.41 G allocations: 10.409 TiB, 21.66% gc time)
[2023-01-09T04:44:03.219]Completed Shot 5, state 18
2491.021109 seconds (3.41 G allocations: 10.410 TiB, 21.66% gc time)
[2023-01-09T04:44:03.653]Completed Shot 5, state 47
2493.319571 seconds (3.41 G allocations: 10.413 TiB, 21.64% gc time)
[2023-01-09T04:44:05.952]Completed Shot 5, state 31
2494.638367 seconds (3.41 G allocations: 10.415 TiB, 21.63% gc time)
[2023-01-09T04:44:07.270]Completed Shot 5, state 19
2495.241144 seconds (3.41 G allocations: 10.415 TiB, 21.63% gc time)
[2023-01-09T04:44:07.873]Completed Shot 5, state 46
  Activating project at `/lustre/work/ws/ws1/hd_ku269-light_cones/WorkingFolder`
2495.658526 seconds (3.41 G allocations: 10.416 TiB, 21.62% gc time)
[2023-01-09T04:44:08.583]Completed Shot 5, state 14
2503.619418 seconds (3.41 G allocations: 10.421 TiB, 21.56% gc time)
[2023-01-09T04:44:16.251]Completed Shot 5, state 22
2513.064832 seconds (3.41 G allocations: 10.426 TiB, 21.49% gc time)
[2023-01-09T04:44:25.697]Completed Shot 5, state 24
2514.926348 seconds (3.41 G allocations: 10.427 TiB, 21.48% gc time)
[2023-01-09T04:44:27.558]Completed Shot 5, state 38
2520.642956 seconds (3.41 G allocations: 10.428 TiB, 21.43% gc time)
[2023-01-09T04:44:33.275]Completed Shot 5, state 30
2255.749168 seconds (3.23 G allocations: 9.929 TiB, 20.64% gc time)
[2023-01-09T05:22:09.028]Completed Shot 6, state 42
2293.147342 seconds (3.28 G allocations: 10.075 TiB, 20.65% gc time)
[2023-01-09T05:22:46.426]Completed Shot 6, state 37
2301.875702 seconds (3.29 G allocations: 10.109 TiB, 20.67% gc time)
[2023-01-09T05:22:55.154]Completed Shot 6, state 30
2311.180558 seconds (3.30 G allocations: 10.146 TiB, 20.68% gc time)
[2023-01-09T05:23:04.459]Completed Shot 6, state 44
2319.487247 seconds (3.32 G allocations: 10.177 TiB, 20.70% gc time)
[2023-01-09T05:23:12.766]Completed Shot 6, state 49
2321.089025 seconds (3.32 G allocations: 10.185 TiB, 20.68% gc time)
[2023-01-09T05:23:14.368]Completed Shot 6, state 50
2322.239048 seconds (3.32 G allocations: 10.191 TiB, 20.67% gc time)
[2023-01-09T05:23:15.517]Completed Shot 6, state 4
2324.876060 seconds (3.32 G allocations: 10.204 TiB, 20.65% gc time)
[2023-01-09T05:23:18.155]Completed Shot 6, state 13
2327.713565 seconds (3.33 G allocations: 10.211 TiB, 20.69% gc time)
[2023-01-09T05:23:20.992]Completed Shot 6, state 9
2328.440851 seconds (3.33 G allocations: 10.214 TiB, 20.68% gc time)
[2023-01-09T05:23:21.719]Completed Shot 6, state 12
2329.896310 seconds (3.33 G allocations: 10.221 TiB, 20.67% gc time)
[2023-01-09T05:23:23.175]Completed Shot 6, state 28
2331.806435 seconds (3.33 G allocations: 10.230 TiB, 20.65% gc time)
[2023-01-09T05:23:25.085]Completed Shot 6, state 36
2332.033540 seconds (3.33 G allocations: 10.232 TiB, 20.65% gc time)
[2023-01-09T05:23:25.312]Completed Shot 6, state 35
2333.016390 seconds (3.34 G allocations: 10.236 TiB, 20.64% gc time)
[2023-01-09T05:23:26.295]Completed Shot 6, state 46
2334.395132 seconds (3.34 G allocations: 10.242 TiB, 20.63% gc time)
[2023-01-09T05:23:27.674]Completed Shot 6, state 23
2336.621922 seconds (3.34 G allocations: 10.244 TiB, 20.69% gc time)
[2023-01-09T05:23:29.899]Completed Shot 6, state 5
2337.618898 seconds (3.34 G allocations: 10.248 TiB, 20.68% gc time)
[2023-01-09T05:23:30.898]Completed Shot 6, state 40
2340.677088 seconds (3.35 G allocations: 10.261 TiB, 20.65% gc time)
[2023-01-09T05:23:33.956]Completed Shot 6, state 14
2346.033368 seconds (3.35 G allocations: 10.277 TiB, 20.67% gc time)
[2023-01-09T05:23:39.312]Completed Shot 6, state 26
2346.464791 seconds (3.35 G allocations: 10.278 TiB, 20.66% gc time)
[2023-01-09T05:23:39.743]Completed Shot 6, state 45
2347.455486 seconds (3.35 G allocations: 10.282 TiB, 20.65% gc time)
[2023-01-09T05:23:40.734]Completed Shot 6, state 32
2348.622265 seconds (3.35 G allocations: 10.287 TiB, 20.64% gc time)
[2023-01-09T05:23:41.901]Completed Shot 6, state 39
2350.102712 seconds (3.36 G allocations: 10.292 TiB, 20.63% gc time)
[2023-01-09T05:23:43.380]Completed Shot 6, state 2
2350.969073 seconds (3.36 G allocations: 10.295 TiB, 20.62% gc time)
[2023-01-09T05:23:44.248]Completed Shot 6, state 22
2351.147368 seconds (3.36 G allocations: 10.296 TiB, 20.62% gc time)
[2023-01-09T05:23:44.426]Completed Shot 6, state 38
2355.649052 seconds (3.36 G allocations: 10.308 TiB, 20.63% gc time)
[2023-01-09T05:23:48.927]Completed Shot 6, state 6
2357.624297 seconds (3.36 G allocations: 10.314 TiB, 20.61% gc time)
[2023-01-09T05:23:50.903]Completed Shot 6, state 33
2363.187821 seconds (3.37 G allocations: 10.328 TiB, 20.61% gc time)
[2023-01-09T05:23:56.466]Completed Shot 6, state 18
2367.024001 seconds (3.37 G allocations: 10.340 TiB, 20.58% gc time)
[2023-01-09T05:24:00.302]Completed Shot 6, state 24
2368.671404 seconds (3.37 G allocations: 10.342 TiB, 20.61% gc time)
[2023-01-09T05:24:01.949]Completed Shot 6, state 3
2370.401747 seconds (3.38 G allocations: 10.347 TiB, 20.59% gc time)
[2023-01-09T05:24:03.680]Completed Shot 6, state 29
2372.350014 seconds (3.38 G allocations: 10.352 TiB, 20.57% gc time)
[2023-01-09T05:24:05.628]Completed Shot 6, state 10
2375.550618 seconds (3.38 G allocations: 10.359 TiB, 20.58% gc time)
[2023-01-09T05:24:08.829]Completed Shot 6, state 16
2376.698310 seconds (3.38 G allocations: 10.361 TiB, 20.57% gc time)
[2023-01-09T05:24:09.977]Completed Shot 6, state 20
2379.187885 seconds (3.38 G allocations: 10.367 TiB, 20.55% gc time)
[2023-01-09T05:24:12.466]Completed Shot 6, state 19
2379.205362 seconds (3.38 G allocations: 10.367 TiB, 20.55% gc time)
[2023-01-09T05:24:12.484]Completed Shot 6, state 15
2379.259171 seconds (3.38 G allocations: 10.368 TiB, 20.55% gc time)
[2023-01-09T05:24:12.538]Completed Shot 6, state 34
2380.420263 seconds (3.38 G allocations: 10.370 TiB, 20.54% gc time)
[2023-01-09T05:24:13.699]Completed Shot 6, state 27
2382.179433 seconds (3.38 G allocations: 10.373 TiB, 20.54% gc time)
[2023-01-09T05:24:15.458]Completed Shot 6, state 48
2382.569379 seconds (3.38 G allocations: 10.373 TiB, 20.54% gc time)
[2023-01-09T05:24:15.848]Completed Shot 6, state 25
2382.914298 seconds (3.39 G allocations: 10.374 TiB, 20.53% gc time)
[2023-01-09T05:24:16.193]Completed Shot 6, state 11
2383.924165 seconds (3.39 G allocations: 10.375 TiB, 20.52% gc time)
[2023-01-09T05:24:17.203]Completed Shot 6, state 41
2387.235539 seconds (3.39 G allocations: 10.380 TiB, 20.50% gc time)
[2023-01-09T05:24:20.512]Completed Shot 6, state 1
2389.294997 seconds (3.39 G allocations: 10.382 TiB, 20.48% gc time)
[2023-01-09T05:24:22.573]Completed Shot 6, state 7
2389.888150 seconds (3.39 G allocations: 10.383 TiB, 20.48% gc time)
[2023-01-09T05:24:23.167]Completed Shot 6, state 47
2391.330278 seconds (3.39 G allocations: 10.384 TiB, 20.47% gc time)
[2023-01-09T05:24:24.608]Completed Shot 6, state 8
2400.145593 seconds (3.39 G allocations: 10.390 TiB, 20.41% gc time)
[2023-01-09T05:24:33.424]Completed Shot 6, state 43
2402.930289 seconds (3.39 G allocations: 10.392 TiB, 20.39% gc time)
[2023-01-09T05:24:36.209]Completed Shot 6, state 31
2404.317877 seconds (3.39 G allocations: 10.392 TiB, 20.37% gc time)
[2023-01-09T05:24:37.596]Completed Shot 6, state 17
2427.816894 seconds (3.39 G allocations: 10.397 TiB, 20.18% gc time)
[2023-01-09T05:25:01.095]Completed Shot 6, state 21
2355.557186 seconds (3.29 G allocations: 10.082 TiB, 21.06% gc time)
[2023-01-09T06:04:16.655]Completed Shot 7, state 9
2355.622112 seconds (3.29 G allocations: 10.082 TiB, 21.06% gc time)
[2023-01-09T06:04:16.720]Completed Shot 7, state 45
2356.202540 seconds (3.29 G allocations: 10.085 TiB, 21.06% gc time)
[2023-01-09T06:04:17.301]Completed Shot 7, state 14
2363.856532 seconds (3.30 G allocations: 10.125 TiB, 20.99% gc time)
[2023-01-09T06:04:24.955]Completed Shot 7, state 25
2368.321142 seconds (3.31 G allocations: 10.135 TiB, 21.06% gc time)
[2023-01-09T06:04:29.419]Completed Shot 7, state 20
2368.791117 seconds (3.31 G allocations: 10.137 TiB, 21.05% gc time)
[2023-01-09T06:04:29.889]Completed Shot 7, state 19
2375.237601 seconds (3.32 G allocations: 10.169 TiB, 21.00% gc time)
[2023-01-09T06:04:36.336]Completed Shot 7, state 37
2381.162112 seconds (3.32 G allocations: 10.187 TiB, 21.04% gc time)
[2023-01-09T06:04:42.260]Completed Shot 7, state 30
2382.391890 seconds (3.33 G allocations: 10.193 TiB, 21.03% gc time)
[2023-01-09T06:04:43.490]Completed Shot 7, state 26
2384.079517 seconds (3.33 G allocations: 10.201 TiB, 21.02% gc time)
[2023-01-09T06:04:45.178]Completed Shot 7, state 47
2385.009359 seconds (3.33 G allocations: 10.205 TiB, 21.01% gc time)
[2023-01-09T06:04:46.108]Completed Shot 7, state 22
2385.916552 seconds (3.33 G allocations: 10.210 TiB, 21.00% gc time)
[2023-01-09T06:04:47.014]Completed Shot 7, state 6
2389.447815 seconds (3.34 G allocations: 10.219 TiB, 21.03% gc time)
[2023-01-09T06:04:50.546]Completed Shot 7, state 27
2390.281831 seconds (3.34 G allocations: 10.223 TiB, 21.02% gc time)
[2023-01-09T06:04:51.380]Completed Shot 7, state 13
2401.288226 seconds (3.35 G allocations: 10.263 TiB, 21.02% gc time)
[2023-01-09T06:05:02.387]Completed Shot 7, state 44
2401.476733 seconds (3.35 G allocations: 10.263 TiB, 21.02% gc time)
[2023-01-09T06:05:02.575]Completed Shot 7, state 24
2406.390027 seconds (3.36 G allocations: 10.284 TiB, 20.97% gc time)
[2023-01-09T06:05:07.488]Completed Shot 7, state 32
2411.112781 seconds (3.36 G allocations: 10.296 TiB, 21.01% gc time)
[2023-01-09T06:05:12.211]Completed Shot 7, state 36
2411.282677 seconds (3.36 G allocations: 10.297 TiB, 21.01% gc time)
[2023-01-09T06:05:12.381]Completed Shot 7, state 31
2412.975213 seconds (3.37 G allocations: 10.304 TiB, 21.00% gc time)
[2023-01-09T06:05:14.073]Completed Shot 7, state 17
2413.795904 seconds (3.37 G allocations: 10.307 TiB, 20.99% gc time)
[2023-01-09T06:05:14.894]Completed Shot 7, state 21
2415.775379 seconds (3.37 G allocations: 10.314 TiB, 20.97% gc time)
[2023-01-09T06:05:16.873]Completed Shot 7, state 35
2416.443421 seconds (3.37 G allocations: 10.317 TiB, 20.97% gc time)
[2023-01-09T06:05:17.541]Completed Shot 7, state 11
2420.486508 seconds (3.37 G allocations: 10.325 TiB, 21.00% gc time)
[2023-01-09T06:05:21.584]Completed Shot 7, state 10
2422.545160 seconds (3.38 G allocations: 10.333 TiB, 20.98% gc time)
[2023-01-09T06:05:23.643]Completed Shot 7, state 50
2423.318175 seconds (3.38 G allocations: 10.335 TiB, 20.98% gc time)
[2023-01-09T06:05:24.416]Completed Shot 7, state 1
2425.013052 seconds (3.38 G allocations: 10.341 TiB, 20.96% gc time)
[2023-01-09T06:05:26.111]Completed Shot 7, state 33
2426.693572 seconds (3.38 G allocations: 10.346 TiB, 20.95% gc time)
[2023-01-09T06:05:27.792]Completed Shot 7, state 49
2429.525110 seconds (3.38 G allocations: 10.351 TiB, 20.98% gc time)
[2023-01-09T06:05:30.623]Completed Shot 7, state 4
2430.399517 seconds (3.38 G allocations: 10.353 TiB, 20.97% gc time)
[2023-01-09T06:05:31.497]Completed Shot 7, state 7
2431.630812 seconds (3.39 G allocations: 10.357 TiB, 20.96% gc time)
[2023-01-09T06:05:32.729]Completed Shot 7, state 41
2432.815609 seconds (3.39 G allocations: 10.360 TiB, 20.95% gc time)
[2023-01-09T06:05:33.914]Completed Shot 7, state 28
2432.950244 seconds (3.39 G allocations: 10.361 TiB, 20.95% gc time)
[2023-01-09T06:05:34.048]Completed Shot 7, state 8
2436.970754 seconds (3.39 G allocations: 10.368 TiB, 20.96% gc time)
[2023-01-09T06:05:38.069]Completed Shot 7, state 48
2437.343072 seconds (3.39 G allocations: 10.369 TiB, 20.96% gc time)
[2023-01-09T06:05:38.441]Completed Shot 7, state 38
2440.226772 seconds (3.39 G allocations: 10.375 TiB, 20.93% gc time)
[2023-01-09T06:05:41.325]Completed Shot 7, state 16
2440.505324 seconds (3.39 G allocations: 10.376 TiB, 20.93% gc time)
[2023-01-09T06:05:41.603]Completed Shot 7, state 15
2441.601749 seconds (3.39 G allocations: 10.378 TiB, 20.92% gc time)
[2023-01-09T06:05:42.700]Completed Shot 7, state 12
2443.792374 seconds (3.39 G allocations: 10.382 TiB, 20.91% gc time)
[2023-01-09T06:05:44.890]Completed Shot 7, state 40
2444.762626 seconds (3.39 G allocations: 10.383 TiB, 20.91% gc time)
[2023-01-09T06:05:45.861]Completed Shot 7, state 18
2445.161610 seconds (3.40 G allocations: 10.384 TiB, 20.90% gc time)
[2023-01-09T06:05:46.260]Completed Shot 7, state 34
2449.063461 seconds (3.40 G allocations: 10.390 TiB, 20.87% gc time)
[2023-01-09T06:05:50.161]Completed Shot 7, state 3
2449.529549 seconds (3.40 G allocations: 10.390 TiB, 20.86% gc time)
[2023-01-09T06:05:50.627]Completed Shot 7, state 2
2452.738963 seconds (3.40 G allocations: 10.394 TiB, 20.86% gc time)
[2023-01-09T06:05:53.837]Completed Shot 7, state 43
2452.960605 seconds (3.40 G allocations: 10.394 TiB, 20.86% gc time)
[2023-01-09T06:05:54.059]Completed Shot 7, state 29
2456.745452 seconds (3.40 G allocations: 10.397 TiB, 20.83% gc time)
[2023-01-09T06:05:57.844]Completed Shot 7, state 39
2469.946713 seconds (3.40 G allocations: 10.405 TiB, 20.73% gc time)
[2023-01-09T06:06:11.045]Completed Shot 7, state 5
2476.981737 seconds (3.40 G allocations: 10.409 TiB, 20.67% gc time)
[2023-01-09T06:06:18.080]Completed Shot 7, state 23
2481.692660 seconds (3.40 G allocations: 10.411 TiB, 20.63% gc time)
[2023-01-09T06:06:22.791]Completed Shot 7, state 42
2506.627610 seconds (3.41 G allocations: 10.415 TiB, 20.43% gc time)
[2023-01-09T06:06:47.726]Completed Shot 7, state 46
2331.008883 seconds (3.26 G allocations: 9.964 TiB, 20.99% gc time)
[2023-01-09T06:45:38.743]Completed Shot 8, state 29
2344.177706 seconds (3.28 G allocations: 10.010 TiB, 21.02% gc time)
[2023-01-09T06:45:51.908]Completed Shot 8, state 11
2384.910392 seconds (3.34 G allocations: 10.172 TiB, 21.03% gc time)
[2023-01-09T06:46:32.646]Completed Shot 8, state 44
2412.726394 seconds (3.38 G allocations: 10.283 TiB, 21.01% gc time)
[2023-01-09T06:47:00.462]Completed Shot 8, state 50
2418.174175 seconds (3.38 G allocations: 10.297 TiB, 21.08% gc time)
[2023-01-09T06:47:05.907]Completed Shot 8, state 24
2422.325145 seconds (3.39 G allocations: 10.318 TiB, 21.05% gc time)
[2023-01-09T06:47:10.060]Completed Shot 8, state 37
2426.210692 seconds (3.40 G allocations: 10.337 TiB, 21.01% gc time)
[2023-01-09T06:47:13.940]Completed Shot 8, state 1
2427.067561 seconds (3.40 G allocations: 10.340 TiB, 21.00% gc time)
[2023-01-09T06:47:14.803]Completed Shot 8, state 31
2430.902675 seconds (3.40 G allocations: 10.345 TiB, 21.08% gc time)
[2023-01-09T06:47:18.638]Completed Shot 8, state 33
2432.735645 seconds (3.40 G allocations: 10.355 TiB, 21.06% gc time)
[2023-01-09T06:47:20.471]Completed Shot 8, state 35
2433.224879 seconds (3.40 G allocations: 10.357 TiB, 21.06% gc time)
[2023-01-09T06:47:20.959]Completed Shot 8, state 30
2433.839471 seconds (3.40 G allocations: 10.360 TiB, 21.05% gc time)
[2023-01-09T06:47:21.568]Completed Shot 8, state 2
2434.421678 seconds (3.41 G allocations: 10.362 TiB, 21.05% gc time)
[2023-01-09T06:47:22.154]Completed Shot 8, state 18
2435.382212 seconds (3.41 G allocations: 10.367 TiB, 21.04% gc time)
[2023-01-09T06:47:23.113]Completed Shot 8, state 15
2437.093172 seconds (3.41 G allocations: 10.375 TiB, 21.02% gc time)
[2023-01-09T06:47:24.822]Completed Shot 8, state 5
2437.540827 seconds (3.41 G allocations: 10.377 TiB, 21.02% gc time)
[2023-01-09T06:47:25.276]Completed Shot 8, state 48
2443.074869 seconds (3.42 G allocations: 10.390 TiB, 21.07% gc time)
[2023-01-09T06:47:30.807]Completed Shot 8, state 21
2444.537984 seconds (3.42 G allocations: 10.396 TiB, 21.06% gc time)
[2023-01-09T06:47:32.268]Completed Shot 8, state 12
2444.833584 seconds (3.42 G allocations: 10.397 TiB, 21.05% gc time)
[2023-01-09T06:47:32.568]Completed Shot 8, state 28
2446.588404 seconds (3.42 G allocations: 10.404 TiB, 21.04% gc time)
[2023-01-09T06:47:34.324]Completed Shot 8, state 39
2446.790230 seconds (3.42 G allocations: 10.405 TiB, 21.04% gc time)
[2023-01-09T06:47:34.519]Completed Shot 8, state 6
2447.729986 seconds (3.42 G allocations: 10.409 TiB, 21.03% gc time)
[2023-01-09T06:47:35.465]Completed Shot 8, state 49
2447.812844 seconds (3.42 G allocations: 10.409 TiB, 21.03% gc time)
[2023-01-09T06:47:35.546]Completed Shot 8, state 23
2448.424399 seconds (3.42 G allocations: 10.411 TiB, 21.02% gc time)
[2023-01-09T06:47:36.157]Completed Shot 8, state 20
2449.388590 seconds (3.42 G allocations: 10.415 TiB, 21.01% gc time)
[2023-01-09T06:47:37.123]Completed Shot 8, state 32
2453.080105 seconds (3.43 G allocations: 10.421 TiB, 21.06% gc time)
[2023-01-09T06:47:40.815]Completed Shot 8, state 46
2453.096583 seconds (3.43 G allocations: 10.421 TiB, 21.06% gc time)
[2023-01-09T06:47:40.832]Completed Shot 8, state 42
2454.496625 seconds (3.43 G allocations: 10.426 TiB, 21.05% gc time)
[2023-01-09T06:47:42.230]Completed Shot 8, state 26
2454.932621 seconds (3.43 G allocations: 10.427 TiB, 21.04% gc time)
[2023-01-09T06:47:42.668]Completed Shot 8, state 36
2455.694336 seconds (3.43 G allocations: 10.430 TiB, 21.03% gc time)
[2023-01-09T06:47:43.428]Completed Shot 8, state 25
2455.787757 seconds (3.43 G allocations: 10.430 TiB, 21.03% gc time)
[2023-01-09T06:47:43.518]Completed Shot 8, state 10
2456.024497 seconds (3.43 G allocations: 10.431 TiB, 21.03% gc time)
[2023-01-09T06:47:43.753]Completed Shot 8, state 4
2462.958277 seconds (3.43 G allocations: 10.446 TiB, 21.03% gc time)
[2023-01-09T06:47:50.688]Completed Shot 8, state 9
2463.049203 seconds (3.43 G allocations: 10.446 TiB, 21.03% gc time)
[2023-01-09T06:47:50.779]Completed Shot 8, state 8
2463.756095 seconds (3.44 G allocations: 10.448 TiB, 21.02% gc time)
[2023-01-09T06:47:51.491]Completed Shot 8, state 45
2464.551355 seconds (3.44 G allocations: 10.449 TiB, 21.01% gc time)
[2023-01-09T06:47:52.287]Completed Shot 8, state 47
2465.431718 seconds (3.44 G allocations: 10.451 TiB, 21.01% gc time)
[2023-01-09T06:47:53.164]Completed Shot 8, state 19
2465.809474 seconds (3.44 G allocations: 10.452 TiB, 21.00% gc time)
[2023-01-09T06:47:53.545]Completed Shot 8, state 34
2466.479902 seconds (3.44 G allocations: 10.453 TiB, 21.00% gc time)
[2023-01-09T06:47:54.211]Completed Shot 8, state 17
2466.923157 seconds (3.44 G allocations: 10.454 TiB, 20.99% gc time)
[2023-01-09T06:47:54.658]Completed Shot 8, state 38
2471.994198 seconds (3.44 G allocations: 10.461 TiB, 20.97% gc time)
[2023-01-09T06:47:59.727]Completed Shot 8, state 22
2472.492232 seconds (3.44 G allocations: 10.462 TiB, 20.96% gc time)
[2023-01-09T06:48:00.226]Completed Shot 8, state 27
2475.992381 seconds (3.44 G allocations: 10.467 TiB, 20.93% gc time)
[2023-01-09T06:48:03.728]Completed Shot 8, state 41
2478.390663 seconds (3.44 G allocations: 10.469 TiB, 20.92% gc time)
[2023-01-09T06:48:06.120]Completed Shot 8, state 7
2479.995944 seconds (3.44 G allocations: 10.471 TiB, 20.91% gc time)
[2023-01-09T06:48:07.727]Completed Shot 8, state 16
2481.186319 seconds (3.44 G allocations: 10.472 TiB, 20.90% gc time)
[2023-01-09T06:48:08.917]Completed Shot 8, state 13
2484.502701 seconds (3.45 G allocations: 10.474 TiB, 20.87% gc time)
[2023-01-09T06:48:12.233]Completed Shot 8, state 14
2485.226983 seconds (3.45 G allocations: 10.475 TiB, 20.87% gc time)
[2023-01-09T06:48:12.962]Completed Shot 8, state 40
2496.954730 seconds (3.45 G allocations: 10.479 TiB, 20.78% gc time)
[2023-01-09T06:48:24.683]Completed Shot 8, state 3
2502.977860 seconds (3.45 G allocations: 10.480 TiB, 20.73% gc time)
[2023-01-09T06:48:30.713]Completed Shot 8, state 43
2366.430382 seconds (3.26 G allocations: 9.923 TiB, 20.62% gc time)
[2023-01-09T07:27:57.147]Completed Shot 9, state 50
2385.460753 seconds (3.29 G allocations: 10.003 TiB, 20.59% gc time)
[2023-01-09T07:28:16.178]Completed Shot 9, state 8
2409.002889 seconds (3.32 G allocations: 10.088 TiB, 20.67% gc time)
[2023-01-09T07:28:39.719]Completed Shot 9, state 29
2429.298355 seconds (3.35 G allocations: 10.172 TiB, 20.62% gc time)
[2023-01-09T07:29:00.015]Completed Shot 9, state 3
2441.021250 seconds (3.37 G allocations: 10.217 TiB, 20.65% gc time)
[2023-01-09T07:29:11.737]Completed Shot 9, state 13
2456.439117 seconds (3.38 G allocations: 10.271 TiB, 20.66% gc time)
[2023-01-09T07:29:27.155]Completed Shot 9, state 2
2464.636095 seconds (3.39 G allocations: 10.298 TiB, 20.71% gc time)
[2023-01-09T07:29:35.352]Completed Shot 9, state 7
2465.740388 seconds (3.40 G allocations: 10.303 TiB, 20.70% gc time)
[2023-01-09T07:29:36.457]Completed Shot 9, state 23
2466.613308 seconds (3.40 G allocations: 10.307 TiB, 20.69% gc time)
[2023-01-09T07:29:37.329]Completed Shot 9, state 26
2469.176604 seconds (3.40 G allocations: 10.320 TiB, 20.67% gc time)
[2023-01-09T07:29:39.893]Completed Shot 9, state 20
2471.556559 seconds (3.41 G allocations: 10.331 TiB, 20.65% gc time)
[2023-01-09T07:29:42.273]Completed Shot 9, state 24
2478.205862 seconds (3.41 G allocations: 10.348 TiB, 20.70% gc time)
[2023-01-09T07:29:48.922]Completed Shot 9, state 37
2478.665876 seconds (3.41 G allocations: 10.351 TiB, 20.70% gc time)
[2023-01-09T07:29:49.382]Completed Shot 9, state 16
2479.613810 seconds (3.41 G allocations: 10.355 TiB, 20.69% gc time)
[2023-01-09T07:29:50.330]Completed Shot 9, state 9
2482.710893 seconds (3.42 G allocations: 10.369 TiB, 20.66% gc time)
[2023-01-09T07:29:53.427]Completed Shot 9, state 35
2483.766475 seconds (3.42 G allocations: 10.374 TiB, 20.65% gc time)
[2023-01-09T07:29:54.483]Completed Shot 9, state 34
2483.826446 seconds (3.42 G allocations: 10.374 TiB, 20.65% gc time)
[2023-01-09T07:29:54.543]Completed Shot 9, state 27
2485.758042 seconds (3.42 G allocations: 10.382 TiB, 20.64% gc time)
[2023-01-09T07:29:56.474]Completed Shot 9, state 11
2488.283182 seconds (3.42 G allocations: 10.383 TiB, 20.71% gc time)
[2023-01-09T07:29:58.999]Completed Shot 9, state 4
2491.056726 seconds (3.43 G allocations: 10.395 TiB, 20.69% gc time)
[2023-01-09T07:30:01.773]Completed Shot 9, state 43
2496.461869 seconds (3.44 G allocations: 10.416 TiB, 20.64% gc time)
[2023-01-09T07:30:07.178]Completed Shot 9, state 41
2501.177716 seconds (3.44 G allocations: 10.427 TiB, 20.68% gc time)
[2023-01-09T07:30:11.894]Completed Shot 9, state 47
2506.199602 seconds (3.45 G allocations: 10.446 TiB, 20.64% gc time)
[2023-01-09T07:30:16.916]Completed Shot 9, state 17
2506.517328 seconds (3.45 G allocations: 10.447 TiB, 20.64% gc time)
[2023-01-09T07:30:17.234]Completed Shot 9, state 33
2508.341127 seconds (3.45 G allocations: 10.454 TiB, 20.62% gc time)
[2023-01-09T07:30:19.057]Completed Shot 9, state 30
2508.654742 seconds (3.45 G allocations: 10.455 TiB, 20.62% gc time)
[2023-01-09T07:30:19.371]Completed Shot 9, state 31
2511.762126 seconds (3.45 G allocations: 10.461 TiB, 20.65% gc time)
[2023-01-09T07:30:22.478]Completed Shot 9, state 10
2512.762990 seconds (3.45 G allocations: 10.464 TiB, 20.64% gc time)
[2023-01-09T07:30:23.479]Completed Shot 9, state 49
2513.916515 seconds (3.45 G allocations: 10.468 TiB, 20.63% gc time)
[2023-01-09T07:30:24.633]Completed Shot 9, state 12
2514.586055 seconds (3.46 G allocations: 10.470 TiB, 20.63% gc time)
[2023-01-09T07:30:25.302]Completed Shot 9, state 39
2516.063432 seconds (3.46 G allocations: 10.474 TiB, 20.61% gc time)
[2023-01-09T07:30:26.780]Completed Shot 9, state 18
2516.190585 seconds (3.46 G allocations: 10.474 TiB, 20.61% gc time)
[2023-01-09T07:30:26.907]Completed Shot 9, state 22
2517.596199 seconds (3.46 G allocations: 10.478 TiB, 20.60% gc time)
[2023-01-09T07:30:28.313]Completed Shot 9, state 46
2520.358197 seconds (3.46 G allocations: 10.482 TiB, 20.63% gc time)
[2023-01-09T07:30:31.074]Completed Shot 9, state 14
2522.461819 seconds (3.46 G allocations: 10.487 TiB, 20.61% gc time)
[2023-01-09T07:30:33.178]Completed Shot 9, state 15
2523.307042 seconds (3.46 G allocations: 10.489 TiB, 20.60% gc time)
[2023-01-09T07:30:34.023]Completed Shot 9, state 40
2523.813269 seconds (3.46 G allocations: 10.490 TiB, 20.60% gc time)
[2023-01-09T07:30:34.530]Completed Shot 9, state 38
2525.761642 seconds (3.46 G allocations: 10.494 TiB, 20.58% gc time)
[2023-01-09T07:30:36.478]Completed Shot 9, state 44
2526.343369 seconds (3.46 G allocations: 10.495 TiB, 20.58% gc time)
[2023-01-09T07:30:37.059]Completed Shot 9, state 1
2527.514257 seconds (3.47 G allocations: 10.497 TiB, 20.57% gc time)
[2023-01-09T07:30:38.231]Completed Shot 9, state 45
2530.020818 seconds (3.47 G allocations: 10.501 TiB, 20.56% gc time)
[2023-01-09T07:30:40.737]Completed Shot 9, state 28
2530.511862 seconds (3.47 G allocations: 10.501 TiB, 20.56% gc time)
[2023-01-09T07:30:41.228]Completed Shot 9, state 36
2530.782265 seconds (3.47 G allocations: 10.502 TiB, 20.56% gc time)
[2023-01-09T07:30:41.498]Completed Shot 9, state 32
2533.427326 seconds (3.47 G allocations: 10.505 TiB, 20.53% gc time)
[2023-01-09T07:30:44.143]Completed Shot 9, state 5
2536.247651 seconds (3.47 G allocations: 10.508 TiB, 20.52% gc time)
[2023-01-09T07:30:46.964]Completed Shot 9, state 19
2539.426120 seconds (3.47 G allocations: 10.510 TiB, 20.49% gc time)
[2023-01-09T07:30:50.142]Completed Shot 9, state 21
2543.604870 seconds (3.47 G allocations: 10.513 TiB, 20.47% gc time)
[2023-01-09T07:30:54.321]Completed Shot 9, state 25
2548.681314 seconds (3.47 G allocations: 10.516 TiB, 20.43% gc time)
[2023-01-09T07:30:59.397]Completed Shot 9, state 6
2557.853296 seconds (3.47 G allocations: 10.520 TiB, 20.37% gc time)
[2023-01-09T07:31:08.570]Completed Shot 9, state 42
2580.947565 seconds (3.47 G allocations: 10.524 TiB, 20.19% gc time)
[2023-01-09T07:31:31.664]Completed Shot 9, state 48
2415.598984 seconds (3.30 G allocations: 10.078 TiB, 22.87% gc time)
[2023-01-09T08:11:47.266]Completed Shot 10, state 9
2426.984651 seconds (3.32 G allocations: 10.124 TiB, 22.87% gc time)
[2023-01-09T08:11:58.651]Completed Shot 10, state 29
2428.850094 seconds (3.32 G allocations: 10.134 TiB, 22.86% gc time)
[2023-01-09T08:12:00.517]Completed Shot 10, state 28
2433.625984 seconds (3.33 G allocations: 10.159 TiB, 22.81% gc time)
[2023-01-09T08:12:05.293]Completed Shot 10, state 33
2441.992829 seconds (3.34 G allocations: 10.188 TiB, 22.85% gc time)
[2023-01-09T08:12:13.659]Completed Shot 10, state 6
2449.041941 seconds (3.35 G allocations: 10.224 TiB, 22.79% gc time)
[2023-01-09T08:12:20.709]Completed Shot 10, state 30
2461.612916 seconds (3.37 G allocations: 10.279 TiB, 22.74% gc time)
[2023-01-09T08:12:33.280]Completed Shot 10, state 17
2465.308545 seconds (3.37 G allocations: 10.282 TiB, 22.83% gc time)
[2023-01-09T08:12:36.975]Completed Shot 10, state 36
2467.544445 seconds (3.38 G allocations: 10.294 TiB, 22.81% gc time)
[2023-01-09T08:12:39.211]Completed Shot 10, state 20
2468.947504 seconds (3.38 G allocations: 10.301 TiB, 22.79% gc time)
[2023-01-09T08:12:40.614]Completed Shot 10, state 12
2469.295102 seconds (3.38 G allocations: 10.302 TiB, 22.79% gc time)
[2023-01-09T08:12:40.962]Completed Shot 10, state 26
2470.123162 seconds (3.38 G allocations: 10.306 TiB, 22.78% gc time)
[2023-01-09T08:12:41.790]Completed Shot 10, state 16
2470.733323 seconds (3.38 G allocations: 10.309 TiB, 22.78% gc time)
[2023-01-09T08:12:42.400]Completed Shot 10, state 44
2480.317806 seconds (3.39 G allocations: 10.342 TiB, 22.79% gc time)
[2023-01-09T08:12:51.985]Completed Shot 10, state 47
2480.780392 seconds (3.39 G allocations: 10.344 TiB, 22.79% gc time)
[2023-01-09T08:12:52.447]Completed Shot 10, state 5
2481.963947 seconds (3.40 G allocations: 10.349 TiB, 22.77% gc time)
[2023-01-09T08:12:53.631]Completed Shot 10, state 43
2483.437530 seconds (3.40 G allocations: 10.356 TiB, 22.76% gc time)
[2023-01-09T08:12:55.104]Completed Shot 10, state 7
2484.505632 seconds (3.40 G allocations: 10.360 TiB, 22.75% gc time)
[2023-01-09T08:12:56.172]Completed Shot 10, state 14
2484.681878 seconds (3.40 G allocations: 10.361 TiB, 22.75% gc time)
[2023-01-09T08:12:56.348]Completed Shot 10, state 4
2486.632368 seconds (3.40 G allocations: 10.369 TiB, 22.73% gc time)
[2023-01-09T08:12:58.300]Completed Shot 10, state 19
2489.424863 seconds (3.40 G allocations: 10.371 TiB, 22.80% gc time)
[2023-01-09T08:13:01.092]Completed Shot 10, state 45
2490.888471 seconds (3.41 G allocations: 10.376 TiB, 22.79% gc time)
[2023-01-09T08:13:02.555]Completed Shot 10, state 49
2492.333776 seconds (3.41 G allocations: 10.382 TiB, 22.78% gc time)
[2023-01-09T08:13:04]Completed Shot 10, state 39
2493.570644 seconds (3.41 G allocations: 10.386 TiB, 22.77% gc time)
[2023-01-09T08:13:05.237]Completed Shot 10, state 10
2493.978381 seconds (3.41 G allocations: 10.388 TiB, 22.76% gc time)
[2023-01-09T08:13:05.645]Completed Shot 10, state 37
2495.058612 seconds (3.41 G allocations: 10.391 TiB, 22.75% gc time)
[2023-01-09T08:13:06.725]Completed Shot 10, state 42
2496.770307 seconds (3.41 G allocations: 10.397 TiB, 22.74% gc time)
[2023-01-09T08:13:08.437]Completed Shot 10, state 18
2499.989060 seconds (3.41 G allocations: 10.402 TiB, 22.78% gc time)
[2023-01-09T08:13:11.656]Completed Shot 10, state 40
2500.850772 seconds (3.42 G allocations: 10.405 TiB, 22.77% gc time)
[2023-01-09T08:13:12.517]Completed Shot 10, state 1
2500.903928 seconds (3.42 G allocations: 10.405 TiB, 22.77% gc time)
[2023-01-09T08:13:12.570]Completed Shot 10, state 15
2502.741096 seconds (3.42 G allocations: 10.410 TiB, 22.75% gc time)
[2023-01-09T08:13:14.408]Completed Shot 10, state 8
2503.191159 seconds (3.42 G allocations: 10.412 TiB, 22.75% gc time)
[2023-01-09T08:13:14.858]Completed Shot 10, state 2
2503.331310 seconds (3.42 G allocations: 10.412 TiB, 22.75% gc time)
[2023-01-09T08:13:14.998]Completed Shot 10, state 27
2507.458774 seconds (3.42 G allocations: 10.423 TiB, 22.71% gc time)
[2023-01-09T08:13:19.126]Completed Shot 10, state 48
2508.958602 seconds (3.42 G allocations: 10.424 TiB, 22.74% gc time)
[2023-01-09T08:13:20.625]Completed Shot 10, state 13
2510.112484 seconds (3.42 G allocations: 10.426 TiB, 22.73% gc time)
[2023-01-09T08:13:21.779]Completed Shot 10, state 31
2513.208992 seconds (3.43 G allocations: 10.433 TiB, 22.70% gc time)
[2023-01-09T08:13:24.876]Completed Shot 10, state 25
2514.219521 seconds (3.43 G allocations: 10.435 TiB, 22.69% gc time)
[2023-01-09T08:13:25.886]Completed Shot 10, state 22
2515.505650 seconds (3.43 G allocations: 10.438 TiB, 22.68% gc time)
[2023-01-09T08:13:27.172]Completed Shot 10, state 24
2521.732635 seconds (3.43 G allocations: 10.447 TiB, 22.66% gc time)
[2023-01-09T08:13:33.399]Completed Shot 10, state 23
2523.582649 seconds (3.43 G allocations: 10.450 TiB, 22.64% gc time)
[2023-01-09T08:13:35.249]Completed Shot 10, state 35
2523.891683 seconds (3.43 G allocations: 10.451 TiB, 22.64% gc time)
[2023-01-09T08:13:35.558]Completed Shot 10, state 34
2524.508716 seconds (3.43 G allocations: 10.451 TiB, 22.65% gc time)
[2023-01-09T08:13:36.175]Completed Shot 10, state 21
2525.021707 seconds (3.43 G allocations: 10.452 TiB, 22.64% gc time)
[2023-01-09T08:13:36.688]Completed Shot 10, state 41
2527.424808 seconds (3.43 G allocations: 10.455 TiB, 22.62% gc time)
[2023-01-09T08:13:39.091]Completed Shot 10, state 3
2530.893731 seconds (3.43 G allocations: 10.458 TiB, 22.59% gc time)
[2023-01-09T08:13:42.560]Completed Shot 10, state 46
2535.358310 seconds (3.44 G allocations: 10.461 TiB, 22.55% gc time)
[2023-01-09T08:13:47.025]Completed Shot 10, state 11
2541.328954 seconds (3.44 G allocations: 10.464 TiB, 22.50% gc time)
[2023-01-09T08:13:52.996]Completed Shot 10, state 32
2544.996004 seconds (3.44 G allocations: 10.465 TiB, 22.47% gc time)
[2023-01-09T08:13:56.663]Completed Shot 10, state 38
2546.481069 seconds (3.44 G allocations: 10.465 TiB, 22.46% gc time)
[2023-01-09T08:13:58.148]Completed Shot 10, state 50
[2023-01-09T08:13:58.149]**********Simulation completed!**********
[2023-01-09T08:13:58.149]**********Saving**********
[2023-01-09T08:14:03.397]Saving file: /lustre/work/ws/ws1/hd_ku269-logs/LightCones/2023-01-09/8094993_N11_BS.jld2
[2023-01-09T08:14:07.637]**********Run completed!**********
