Added MKL.jl
Project LightCones v0.1.0
Status `/lustre/work/ws/ws1/hd_ku269-light_cones/WorkingFolder/Project.toml`
  [7d9fca2a] Arpack v0.5.4
⌃ [7073ff75] IJulia v1.23.3
  [033835bb] JLD2 v0.4.29
  [0b1a1467] KrylovKit v0.6.0
  [d3d80556] LineSearches v7.2.0
  [33e6dc65] MKL v0.6.0
  [429524aa] Optim v1.7.4
⌃ [91a5bcdd] Plots v1.36.6
⌃ [c3e4b0f8] Pluto v0.19.16
  [3c0b384b] QuantumInformation v0.4.9
  [189a3867] Reexport v1.2.2
⌃ [295af30f] Revise v3.4.0
  [ebcc8a00] SpinSymmetry v0.3.3
  [59d54670] ThreadedSparseArrays v0.2.2
  [ade2ca70] Dates
  [8ba89e20] Distributed
  [37e2e46d] LinearAlgebra
  [de0858da] Printf
  [9a3f8284] Random
  [1a1011a3] SharedArrays
  [2f01184e] SparseArrays
  [10745b16] Statistics
Info Packages marked with ⌃ have new versions available
[2023-01-09T16:40:35.871]**********RANDOM FIELDS**********
shared_krylov.jl
Working Directory:          /lustre/work/ws/ws1/hd_ku269-light_cones/WorkingFolder
SLURM Directory:            /lustre/work/ws/ws1/hd_ku269-light_cones/WorkingFolder 
Running on host:            n1435
Job id:                     8095031
Job name:                   otoc_simulation_N11_TR_FIDONLY
Number of nodes allocated:  
Number of cores allocated:  1
#threads of Julia:          96
#threads of BLAS:           1
ARGS = ["11", "10", "50", "BS", "x", "6", "1000", "Rhim71"]
LOCATION = "/lustre/work/ws/ws1/hd_ku269-logs/LightCones/2023-01-09"
N = 11
SHOTS = 10
MULT_RANDOM_STATES = true
N_RANDOM_STATES = 50
TYPE_OF_RS = "BS"
OBSERVABLE = "x"
DISORDER_PARAM = 6.0
[2023-01-09T16:40:36.072]**********Running simulation**********
[2023-01-09T16:40:36.129]trange = 0.1:0.1:20.0
[2023-01-09T16:40:36.453]A = σx
[2023-01-09T16:40:37.019]alpha=6
[2023-01-09T16:40:37.019]PBC
SlowPulse([1.0, 0.0, 0.0], π, 15707.963267948964)SlowPulse([-1.0, 0.0, 0.0], π, 15707.963267948964)2[2023-01-09T16:40:39.835]Operations set up.
Using multiple states.
20478.345970 seconds (27.56 G allocations: 93.088 TiB, 19.55% gc time, 0.04% compilation time)
20478.338667 seconds (27.56 G allocations: 93.088 TiB, 19.55% gc time, 0.04% compilation time)
20484.332929 seconds (27.56 G allocations: 93.088 TiB, 19.55% gc time, 0.06% compilation time)
[[[2023-01-09T22:22:20.669]Completed Shot 1, state 18
2023-01-09T22:22:20.6692023-01-09T22:22:20.669]Completed Shot 1, state 46
]Completed Shot 1, state 49
20486.440301 seconds (27.57 G allocations: 93.118 TiB, 19.56% gc time, 0.04% compilation time)
[2023-01-09T22:22:28.679]Completed Shot 1, state 35
20489.029338 seconds (27.58 G allocations: 93.133 TiB, 19.55% gc time, 0.04% compilation time)
[2023-01-09T22:22:31.270]Completed Shot 1, state 38
20495.936460 seconds (27.58 G allocations: 93.138 TiB, 19.55% gc time, 0.07% compilation time)
[2023-01-09T22:22:32.216]Completed Shot 1, state 15
20503.539630 seconds (27.59 G allocations: 93.168 TiB, 19.55% gc time, 0.07% compilation time)
[2023-01-09T22:22:39.819]Completed Shot 1, state 6
20507.350797 seconds (27.60 G allocations: 93.208 TiB, 19.56% gc time, 0.04% compilation time)
[2023-01-09T22:22:49.590]Completed Shot 1, state 31
20519.632103 seconds (27.61 G allocations: 93.241 TiB, 19.55% gc time, 0.07% compilation time)
[2023-01-09T22:22:55.883]Completed Shot 1, state 40
20521.453876 seconds (27.61 G allocations: 93.251 TiB, 19.55% gc time, 0.07% compilation time)
[2023-01-09T22:22:57.733]Completed Shot 1, state 13
20527.045759 seconds (27.62 G allocations: 93.269 TiB, 19.55% gc time, 0.07% compilation time)
[2023-01-09T22:23:03.298]Completed Shot 1, state 47
20523.810653 seconds (27.62 G allocations: 93.283 TiB, 19.55% gc time, 0.04% compilation time)
[2023-01-09T22:23:06.049]Completed Shot 1, state 23
20535.251439 seconds (27.63 G allocations: 93.331 TiB, 19.55% gc time, 0.04% compilation time)
[2023-01-09T22:23:17.490]Completed Shot 1, state 21
20542.689513 seconds (27.64 G allocations: 93.360 TiB, 19.55% gc time, 0.03% compilation time)
[2023-01-09T22:23:25.414]Completed Shot 1, state 2
20543.538192 seconds (27.64 G allocations: 93.362 TiB, 19.55% gc time, 0.04% compilation time)
[2023-01-09T22:23:25.779]Completed Shot 1, state 45
20553.844283 seconds (27.66 G allocations: 93.407 TiB, 19.55% gc time, 0.03% compilation time)
[2023-01-09T22:23:36.327]Completed Shot 1, state 8
20555.394695 seconds (27.66 G allocations: 93.415 TiB, 19.55% gc time, 0.03% compilation time)
[2023-01-09T22:23:38.091]Completed Shot 1, state 42
20579.436317 seconds (27.68 G allocations: 93.503 TiB, 19.55% gc time, 0.04% compilation time)
[2023-01-09T22:24:01.678]Completed Shot 1, state 9
20588.026263 seconds (27.69 G allocations: 93.535 TiB, 19.54% gc time, 0.04% compilation time)
[2023-01-09T22:24:10.265]Completed Shot 1, state 27
20589.069275 seconds (27.70 G allocations: 93.540 TiB, 19.54% gc time, 0.04% compilation time)
[2023-01-09T22:24:11.315]Completed Shot 1, state 44
20596.180616 seconds (27.70 G allocations: 93.567 TiB, 19.54% gc time, 0.04% compilation time)
[2023-01-09T22:24:18.421]Completed Shot 1, state 11
20602.445556 seconds (27.71 G allocations: 93.594 TiB, 19.53% gc time, 0.04% compilation time)
[2023-01-09T22:24:24.685]Completed Shot 1, state 48
20610.586510 seconds (27.72 G allocations: 93.625 TiB, 19.53% gc time, 0.04% compilation time)
[2023-01-09T22:24:32.833]Completed Shot 1, state 33
20611.087937 seconds (27.72 G allocations: 93.628 TiB, 19.53% gc time, 0.03% compilation time)
[2023-01-09T22:24:33.785]Completed Shot 1, state 37
20615.135943 seconds (27.72 G allocations: 93.638 TiB, 19.53% gc time, 0.03% compilation time)
[2023-01-09T22:24:37.620]Completed Shot 1, state 41
20625.893361 seconds (27.73 G allocations: 93.655 TiB, 19.52% gc time, 0.06% compilation time)
[2023-01-09T22:24:42.144]Completed Shot 1, state 1
20622.701566 seconds (27.73 G allocations: 93.663 TiB, 19.53% gc time, 0.03% compilation time)
[2023-01-09T22:24:45.257]Completed Shot 1, state 3
20623.635819 seconds (27.73 G allocations: 93.665 TiB, 19.53% gc time, 0.04% compilation time)
[2023-01-09T22:24:45.882]Completed Shot 1, state 28
20625.188563 seconds (27.73 G allocations: 93.670 TiB, 19.53% gc time, 0.04% compilation time)
[2023-01-09T22:24:47.435]Completed Shot 1, state 14
20626.807746 seconds (27.74 G allocations: 93.675 TiB, 19.53% gc time, 0.04% compilation time)
[2023-01-09T22:24:49.047]Completed Shot 1, state 43
20633.119751 seconds (27.74 G allocations: 93.694 TiB, 19.52% gc time, 0.04% compilation time)
[2023-01-09T22:24:55.358]Completed Shot 1, state 5
20638.603100 seconds (27.74 G allocations: 93.708 TiB, 19.52% gc time, 0.04% compilation time)
[2023-01-09T22:25:00.841]Completed Shot 1, state 10
20650.643894 seconds (27.76 G allocations: 93.745 TiB, 19.51% gc time, 0.03% compilation time)
[2023-01-09T22:25:13.203]Completed Shot 1, state 24
20661.394197 seconds (27.76 G allocations: 93.757 TiB, 19.51% gc time, 0.06% compilation time)
[2023-01-09T22:25:17.646]Completed Shot 1, state 17
20656.575209 seconds (27.76 G allocations: 93.760 TiB, 19.51% gc time, 0.04% compilation time)
[2023-01-09T22:25:18.814]Completed Shot 1, state 12
20661.111302 seconds (27.76 G allocations: 93.770 TiB, 19.51% gc time, 0.03% compilation time)
[2023-01-09T22:25:23.585]Completed Shot 1, state 29
20663.454285 seconds (27.76 G allocations: 93.775 TiB, 19.51% gc time, 0.04% compilation time)
[2023-01-09T22:25:25.694]Completed Shot 1, state 25
20666.211931 seconds (27.77 G allocations: 93.781 TiB, 19.51% gc time, 0.03% compilation time)
[2023-01-09T22:25:28.937]Completed Shot 1, state 22
20667.680130 seconds (27.77 G allocations: 93.783 TiB, 19.51% gc time, 0.04% compilation time)
[2023-01-09T22:25:29.918]Completed Shot 1, state 7
20669.766918 seconds (27.77 G allocations: 93.787 TiB, 19.51% gc time, 0.04% compilation time)
[2023-01-09T22:25:32.008]Completed Shot 1, state 4
20676.674037 seconds (27.77 G allocations: 93.789 TiB, 19.50% gc time, 0.06% compilation time)
[2023-01-09T22:25:32.926]Completed Shot 1, state 30
20679.908070 seconds (27.77 G allocations: 93.804 TiB, 19.50% gc time, 0.04% compilation time)
[2023-01-09T22:25:42.146]Completed Shot 1, state 50
20688.838346 seconds (27.78 G allocations: 93.817 TiB, 19.49% gc time, 0.04% compilation time)
[2023-01-09T22:25:51.085]Completed Shot 1, state 26
20689.041169 seconds (27.78 G allocations: 93.818 TiB, 19.49% gc time, 0.03% compilation time)
[2023-01-09T22:25:51.600]Completed Shot 1, state 39
20693.783924 seconds (27.78 G allocations: 93.823 TiB, 19.49% gc time, 0.03% compilation time)
[2023-01-09T22:25:56.510]Completed Shot 1, state 20
20710.842813 seconds (27.78 G allocations: 93.834 TiB, 19.47% gc time, 0.06% compilation time)
[2023-01-09T22:26:07.094]Completed Shot 1, state 32
20765.429196 seconds (27.80 G allocations: 93.877 TiB, 19.43% gc time, 0.06% compilation time)
[2023-01-09T22:27:01.681]Completed Shot 1, state 36
20771.890030 seconds (27.80 G allocations: 93.884 TiB, 19.42% gc time, 0.03% compilation time)
[2023-01-09T22:27:14.376]Completed Shot 1, state 34
20782.225509 seconds (27.80 G allocations: 93.887 TiB, 19.41% gc time, 0.04% compilation time)
[2023-01-09T22:27:24.464]Completed Shot 1, state 19
20888.752281 seconds (27.80 G allocations: 93.896 TiB, 19.31% gc time, 0.04% compilation time)
[2023-01-09T22:29:10.992]Completed Shot 1, state 16
20576.588321 seconds (27.40 G allocations: 92.584 TiB, 18.61% gc time)
[2023-01-10T04:12:07.587]Completed Shot 2, state 24
20579.573093 seconds (27.41 G allocations: 92.598 TiB, 18.61% gc time)
[2023-01-10T04:12:10.569]Completed Shot 2, state 7
20585.169956 seconds (27.42 G allocations: 92.625 TiB, 18.61% gc time)
[2023-01-10T04:12:16.167]Completed Shot 2, state 12
20670.675371 seconds (27.54 G allocations: 93.031 TiB, 18.60% gc time)
[2023-01-10T04:13:41.673]Completed Shot 2, state 15
20673.369601 seconds (27.54 G allocations: 93.044 TiB, 18.60% gc time)
[2023-01-10T04:13:44.370]Completed Shot 2, state 35
20703.822269 seconds (27.58 G allocations: 93.186 TiB, 18.60% gc time)
[2023-01-10T04:14:14.822]Completed Shot 2, state 29
20709.016697 seconds (27.59 G allocations: 93.209 TiB, 18.60% gc time)
[2023-01-10T04:14:20.018]Completed Shot 2, state 41
20710.489201 seconds (27.59 G allocations: 93.216 TiB, 18.60% gc time)
[2023-01-10T04:14:21.490]Completed Shot 2, state 42
20716.801741 seconds (27.60 G allocations: 93.244 TiB, 18.60% gc time)
[2023-01-10T04:14:27.803]Completed Shot 2, state 39
20719.921740 seconds (27.60 G allocations: 93.258 TiB, 18.60% gc time)
[2023-01-10T04:14:30.920]Completed Shot 2, state 20
20732.928841 seconds (27.62 G allocations: 93.317 TiB, 18.59% gc time)
[2023-01-10T04:14:43.925]Completed Shot 2, state 11
20747.016689 seconds (27.64 G allocations: 93.381 TiB, 18.59% gc time)
[2023-01-10T04:14:58.015]Completed Shot 2, state 21
20774.061691 seconds (27.68 G allocations: 93.501 TiB, 18.59% gc time)
[2023-01-10T04:15:25.063]Completed Shot 2, state 31
20775.997873 seconds (27.68 G allocations: 93.510 TiB, 18.58% gc time)
[2023-01-10T04:15:26.994]Completed Shot 2, state 9
20777.829854 seconds (27.68 G allocations: 93.518 TiB, 18.58% gc time)
[2023-01-10T04:15:28.828]Completed Shot 2, state 19
20779.058060 seconds (27.68 G allocations: 93.523 TiB, 18.58% gc time)
[2023-01-10T04:15:30.059]Completed Shot 2, state 43
20779.627276 seconds (27.68 G allocations: 93.525 TiB, 18.58% gc time)
[2023-01-10T04:15:30.628]Completed Shot 2, state 40
20784.771164 seconds (27.69 G allocations: 93.547 TiB, 18.58% gc time)
[2023-01-10T04:15:35.770]Completed Shot 2, state 28
20794.398291 seconds (27.70 G allocations: 93.587 TiB, 18.58% gc time)
[2023-01-10T04:15:45.397]Completed Shot 2, state 25
20795.591116 seconds (27.70 G allocations: 93.592 TiB, 18.58% gc time)
[2023-01-10T04:15:46.593]Completed Shot 2, state 48
20796.893036 seconds (27.70 G allocations: 93.597 TiB, 18.58% gc time)
[2023-01-10T04:15:47.894]Completed Shot 2, state 38
20800.384712 seconds (27.71 G allocations: 93.609 TiB, 18.58% gc time)
[2023-01-10T04:15:51.386]Completed Shot 2, state 45
20806.541966 seconds (27.71 G allocations: 93.632 TiB, 18.58% gc time)
[2023-01-10T04:15:57.541]Completed Shot 2, state 26
20809.435134 seconds (27.72 G allocations: 93.643 TiB, 18.58% gc time)
[2023-01-10T04:16:00.430]Completed Shot 2, state 3
20810.148861 seconds (27.72 G allocations: 93.646 TiB, 18.58% gc time)
[2023-01-10T04:16:01.144]Completed Shot 2, state 2
20814.314559 seconds (27.72 G allocations: 93.661 TiB, 18.57% gc time)
[2023-01-10T04:16:05.311]Completed Shot 2, state 13
20815.383994 seconds (27.72 G allocations: 93.665 TiB, 18.57% gc time)
[2023-01-10T04:16:06.380]Completed Shot 2, state 5
20815.731757 seconds (27.72 G allocations: 93.666 TiB, 18.57% gc time)
[2023-01-10T04:16:06.730]Completed Shot 2, state 23
20817.552720 seconds (27.73 G allocations: 93.672 TiB, 18.57% gc time)
[2023-01-10T04:16:08.554]Completed Shot 2, state 44
20822.052582 seconds (27.73 G allocations: 93.686 TiB, 18.57% gc time)
[2023-01-10T04:16:13.052]Completed Shot 2, state 32
20833.115165 seconds (27.74 G allocations: 93.720 TiB, 18.57% gc time)
[2023-01-10T04:16:24.115]Completed Shot 2, state 30
20834.265350 seconds (27.74 G allocations: 93.723 TiB, 18.57% gc time)
[2023-01-10T04:16:25.267]Completed Shot 2, state 46
20836.263740 seconds (27.74 G allocations: 93.729 TiB, 18.57% gc time)
[2023-01-10T04:16:27.260]Completed Shot 2, state 8
20839.313595 seconds (27.74 G allocations: 93.738 TiB, 18.56% gc time)
[2023-01-10T04:16:30.314]Completed Shot 2, state 37
20846.195802 seconds (27.75 G allocations: 93.756 TiB, 18.56% gc time)
[2023-01-10T04:16:37.192]Completed Shot 2, state 6
20852.227462 seconds (27.75 G allocations: 93.772 TiB, 18.56% gc time)
[2023-01-10T04:16:43.223]Completed Shot 2, state 4
20855.261191 seconds (27.76 G allocations: 93.780 TiB, 18.56% gc time)
[2023-01-10T04:16:46.261]Completed Shot 2, state 34
20855.371886 seconds (27.76 G allocations: 93.780 TiB, 18.56% gc time)
[2023-01-10T04:16:46.374]Completed Shot 2, state 47
20859.636619 seconds (27.76 G allocations: 93.788 TiB, 18.55% gc time)
[2023-01-10T04:16:50.634]Completed Shot 2, state 14
20862.793579 seconds (27.76 G allocations: 93.794 TiB, 18.55% gc time)
[2023-01-10T04:16:53.788]Completed Shot 2, state 1
20863.648073 seconds (27.76 G allocations: 93.796 TiB, 18.55% gc time)
[2023-01-10T04:16:54.650]Completed Shot 2, state 49
20884.961677 seconds (27.77 G allocations: 93.833 TiB, 18.54% gc time)
[2023-01-10T04:17:15.964]Completed Shot 2, state 50
20899.587130 seconds (27.78 G allocations: 93.855 TiB, 18.53% gc time)
[2023-01-10T04:17:30.585]Completed Shot 2, state 18
20900.196112 seconds (27.78 G allocations: 93.855 TiB, 18.53% gc time)
[2023-01-10T04:17:31.194]Completed Shot 2, state 17
20907.204656 seconds (27.78 G allocations: 93.864 TiB, 18.53% gc time)
[2023-01-10T04:17:38.204]Completed Shot 2, state 33
20908.509256 seconds (27.78 G allocations: 93.865 TiB, 18.53% gc time)
[2023-01-10T04:17:39.510]Completed Shot 2, state 36
20925.984750 seconds (27.79 G allocations: 93.879 TiB, 18.51% gc time)
[2023-01-10T04:17:56.983]Completed Shot 2, state 22
20932.954214 seconds (27.79 G allocations: 93.883 TiB, 18.51% gc time)
[2023-01-10T04:18:03.953]Completed Shot 2, state 27
20941.256481 seconds (27.79 G allocations: 93.887 TiB, 18.50% gc time)
[2023-01-10T04:18:12.254]Completed Shot 2, state 16
21032.728889 seconds (27.79 G allocations: 93.894 TiB, 18.44% gc time)
[2023-01-10T04:19:43.725]Completed Shot 2, state 10
19373.291376 seconds (27.39 G allocations: 92.533 TiB, 15.89% gc time)
[2023-01-10T09:42:37.336]Completed Shot 3, state 20
19422.117874 seconds (27.46 G allocations: 92.768 TiB, 15.89% gc time)
[2023-01-10T09:43:25.852]Completed Shot 3, state 39
19470.741171 seconds (27.53 G allocations: 93.001 TiB, 15.89% gc time)
[2023-01-10T09:44:14.478]Completed Shot 3, state 50
19477.236212 seconds (27.54 G allocations: 93.031 TiB, 15.89% gc time)
[2023-01-10T09:44:20.967]Completed Shot 3, state 21
19480.760491 seconds (27.54 G allocations: 93.046 TiB, 15.89% gc time)
[2023-01-10T09:44:24.493]Completed Shot 3, state 32
19481.687199 seconds (27.54 G allocations: 93.051 TiB, 15.89% gc time)
[2023-01-10T09:44:25.416]Completed Shot 3, state 9
19502.208782 seconds (27.57 G allocations: 93.148 TiB, 15.89% gc time)
[2023-01-10T09:44:45.944]Completed Shot 3, state 46
19504.023410 seconds (27.57 G allocations: 93.157 TiB, 15.89% gc time)
[2023-01-10T09:44:47.754]Completed Shot 3, state 18
19521.691988 seconds (27.60 G allocations: 93.239 TiB, 15.89% gc time)
[2023-01-10T09:45:05.422]Completed Shot 3, state 16
19534.039642 seconds (27.62 G allocations: 93.298 TiB, 15.89% gc time)
[2023-01-10T09:45:17.772]Completed Shot 3, state 29
19535.511480 seconds (27.62 G allocations: 93.305 TiB, 15.89% gc time)
[2023-01-10T09:45:19.244]Completed Shot 3, state 30
19553.227795 seconds (27.64 G allocations: 93.388 TiB, 15.88% gc time)
[2023-01-10T09:45:36.961]Completed Shot 3, state 34
19553.746003 seconds (27.64 G allocations: 93.391 TiB, 15.88% gc time)
[2023-01-10T09:45:37.474]Completed Shot 3, state 5
19558.122372 seconds (27.65 G allocations: 93.411 TiB, 15.88% gc time)
[2023-01-10T09:45:41.854]Completed Shot 3, state 27
19559.254355 seconds (27.65 G allocations: 93.416 TiB, 15.88% gc time)
[2023-01-10T09:45:42.986]Completed Shot 3, state 23
19567.651384 seconds (27.66 G allocations: 93.453 TiB, 15.88% gc time)
[2023-01-10T09:45:51.386]Completed Shot 3, state 45
19572.201069 seconds (27.67 G allocations: 93.471 TiB, 15.88% gc time)
[2023-01-10T09:45:55.928]Completed Shot 3, state 1
19576.800660 seconds (27.67 G allocations: 93.491 TiB, 15.88% gc time)
[2023-01-10T09:46:00.535]Completed Shot 3, state 44
19580.401294 seconds (27.68 G allocations: 93.506 TiB, 15.88% gc time)
[2023-01-10T09:46:04.134]Completed Shot 3, state 31
19599.957668 seconds (27.70 G allocations: 93.581 TiB, 15.88% gc time)
[2023-01-10T09:46:23.692]Completed Shot 3, state 40
19603.676253 seconds (27.70 G allocations: 93.596 TiB, 15.88% gc time)
[2023-01-10T09:46:27.412]Completed Shot 3, state 49
19604.464093 seconds (27.70 G allocations: 93.599 TiB, 15.88% gc time)
[2023-01-10T09:46:28.198]Completed Shot 3, state 38
19606.168381 seconds (27.71 G allocations: 93.605 TiB, 15.88% gc time)
[2023-01-10T09:46:29.899]Completed Shot 3, state 17
19610.034916 seconds (27.71 G allocations: 93.620 TiB, 15.88% gc time)
[2023-01-10T09:46:33.770]Completed Shot 3, state 47
19623.740016 seconds (27.73 G allocations: 93.671 TiB, 15.87% gc time)
[2023-01-10T09:46:47.470]Completed Shot 3, state 15
19627.039745 seconds (27.73 G allocations: 93.683 TiB, 15.87% gc time)
[2023-01-10T09:46:50.774]Completed Shot 3, state 43
19630.257888 seconds (27.73 G allocations: 93.694 TiB, 15.87% gc time)
[2023-01-10T09:46:53.991]Completed Shot 3, state 33
19639.861399 seconds (27.74 G allocations: 93.727 TiB, 15.87% gc time)
[2023-01-10T09:47:03.590]Completed Shot 3, state 8
19643.393333 seconds (27.75 G allocations: 93.739 TiB, 15.87% gc time)
[2023-01-10T09:47:07.125]Completed Shot 3, state 25
19649.009722 seconds (27.75 G allocations: 93.758 TiB, 15.87% gc time)
[2023-01-10T09:47:12.742]Completed Shot 3, state 28
19649.009156 seconds (27.75 G allocations: 93.758 TiB, 15.87% gc time)
[2023-01-10T09:47:12.743]Completed Shot 3, state 36
19649.063009 seconds (27.75 G allocations: 93.758 TiB, 15.87% gc time)
[2023-01-10T09:47:12.793]Completed Shot 3, state 13
19650.347900 seconds (27.75 G allocations: 93.762 TiB, 15.87% gc time)
[2023-01-10T09:47:14.079]Completed Shot 3, state 22
19650.391822 seconds (27.75 G allocations: 93.762 TiB, 15.87% gc time)
[2023-01-10T09:47:14.126]Completed Shot 3, state 42
19651.291574 seconds (27.75 G allocations: 93.764 TiB, 15.86% gc time)
[2023-01-10T09:47:15.025]Completed Shot 3, state 37
19653.617667 seconds (27.75 G allocations: 93.770 TiB, 15.86% gc time)
[2023-01-10T09:47:17.346]Completed Shot 3, state 6
19660.858904 seconds (27.76 G allocations: 93.787 TiB, 15.86% gc time)
[2023-01-10T09:47:24.587]Completed Shot 3, state 3
19666.729518 seconds (27.76 G allocations: 93.800 TiB, 15.86% gc time)
[2023-01-10T09:47:30.459]Completed Shot 3, state 12
19667.831501 seconds (27.76 G allocations: 93.803 TiB, 15.86% gc time)
[2023-01-10T09:47:31.563]Completed Shot 3, state 24
19672.586251 seconds (27.77 G allocations: 93.812 TiB, 15.86% gc time)
[2023-01-10T09:47:36.322]Completed Shot 3, state 48
19678.208859 seconds (27.77 G allocations: 93.823 TiB, 15.85% gc time)
[2023-01-10T09:47:41.938]Completed Shot 3, state 10
19702.354392 seconds (27.78 G allocations: 93.863 TiB, 15.84% gc time)
[2023-01-10T09:48:06.084]Completed Shot 3, state 11
19704.531310 seconds (27.78 G allocations: 93.867 TiB, 15.84% gc time)
[2023-01-10T09:48:08.266]Completed Shot 3, state 41
19705.550687 seconds (27.78 G allocations: 93.868 TiB, 15.84% gc time)
[2023-01-10T09:48:09.278]Completed Shot 3, state 2
19707.292181 seconds (27.78 G allocations: 93.870 TiB, 15.84% gc time)
[2023-01-10T09:48:11.023]Completed Shot 3, state 19
19714.041498 seconds (27.79 G allocations: 93.877 TiB, 15.83% gc time)
[2023-01-10T09:48:17.770]Completed Shot 3, state 7
19722.349240 seconds (27.79 G allocations: 93.883 TiB, 15.83% gc time)
[2023-01-10T09:48:26.082]Completed Shot 3, state 35
19729.863774 seconds (27.79 G allocations: 93.887 TiB, 15.82% gc time)
[2023-01-10T09:48:33.592]Completed Shot 3, state 4
19737.543488 seconds (27.79 G allocations: 93.891 TiB, 15.82% gc time)
[2023-01-10T09:48:41.273]Completed Shot 3, state 14
19775.298614 seconds (27.79 G allocations: 93.894 TiB, 15.80% gc time)
[2023-01-10T09:49:19.030]Completed Shot 3, state 26
19723.008687 seconds (27.46 G allocations: 92.759 TiB, 15.56% gc time)
[2023-01-10T15:18:02.048]Completed Shot 4, state 24
19751.811980 seconds (27.50 G allocations: 92.897 TiB, 15.56% gc time)
[2023-01-10T15:18:30.850]Completed Shot 4, state 26
19785.709689 seconds (27.55 G allocations: 93.063 TiB, 15.56% gc time)
[2023-01-10T15:19:04.746]Completed Shot 4, state 13
19800.387064 seconds (27.57 G allocations: 93.135 TiB, 15.56% gc time)
[2023-01-10T15:19:19.424]Completed Shot 4, state 16
19807.314038 seconds (27.58 G allocations: 93.167 TiB, 15.56% gc time)
[2023-01-10T15:19:26.351]Completed Shot 4, state 19
19816.503169 seconds (27.59 G allocations: 93.210 TiB, 15.56% gc time)
[2023-01-10T15:19:35.543]Completed Shot 4, state 34
19820.251534 seconds (27.60 G allocations: 93.228 TiB, 15.56% gc time)
[2023-01-10T15:19:39.289]Completed Shot 4, state 18
19820.983624 seconds (27.60 G allocations: 93.232 TiB, 15.56% gc time)
[2023-01-10T15:19:40.022]Completed Shot 4, state 27
19823.088192 seconds (27.60 G allocations: 93.242 TiB, 15.56% gc time)
[2023-01-10T15:19:42.122]Completed Shot 4, state 1
19851.665496 seconds (27.64 G allocations: 93.375 TiB, 15.56% gc time)
[2023-01-10T15:20:10.705]Completed Shot 4, state 37
19857.732882 seconds (27.65 G allocations: 93.404 TiB, 15.56% gc time)
[2023-01-10T15:20:16.768]Completed Shot 4, state 5
19861.130193 seconds (27.65 G allocations: 93.419 TiB, 15.56% gc time)
[2023-01-10T15:20:20.169]Completed Shot 4, state 32
19863.831404 seconds (27.66 G allocations: 93.430 TiB, 15.56% gc time)
[2023-01-10T15:20:22.867]Completed Shot 4, state 11
19867.153066 seconds (27.66 G allocations: 93.445 TiB, 15.56% gc time)
[2023-01-10T15:20:26.189]Completed Shot 4, state 12
19875.512329 seconds (27.67 G allocations: 93.483 TiB, 15.56% gc time)
[2023-01-10T15:20:34.553]Completed Shot 4, state 43
19877.534386 seconds (27.67 G allocations: 93.492 TiB, 15.56% gc time)
[2023-01-10T15:20:36.570]Completed Shot 4, state 8
19882.218269 seconds (27.68 G allocations: 93.512 TiB, 15.56% gc time)
[2023-01-10T15:20:41.254]Completed Shot 4, state 10
19887.791917 seconds (27.69 G allocations: 93.536 TiB, 15.56% gc time)
[2023-01-10T15:20:46.830]Completed Shot 4, state 22
19888.952405 seconds (27.69 G allocations: 93.541 TiB, 15.56% gc time)
[2023-01-10T15:20:47.989]Completed Shot 4, state 15
19891.545203 seconds (27.69 G allocations: 93.551 TiB, 15.56% gc time)
[2023-01-10T15:20:50.585]Completed Shot 4, state 36
19892.540634 seconds (27.69 G allocations: 93.555 TiB, 15.56% gc time)
[2023-01-10T15:20:51.582]Completed Shot 4, state 49
19895.470573 seconds (27.70 G allocations: 93.566 TiB, 15.56% gc time)
[2023-01-10T15:20:54.507]Completed Shot 4, state 14
19896.541360 seconds (27.70 G allocations: 93.570 TiB, 15.56% gc time)
[2023-01-10T15:20:55.581]Completed Shot 4, state 35
19903.073378 seconds (27.70 G allocations: 93.595 TiB, 15.56% gc time)
[2023-01-10T15:21:02.114]Completed Shot 4, state 46
19909.671129 seconds (27.71 G allocations: 93.619 TiB, 15.55% gc time)
[2023-01-10T15:21:08.711]Completed Shot 4, state 42
19910.510788 seconds (27.71 G allocations: 93.622 TiB, 15.55% gc time)
[2023-01-10T15:21:09.552]Completed Shot 4, state 48
19918.327475 seconds (27.72 G allocations: 93.650 TiB, 15.55% gc time)
[2023-01-10T15:21:17.363]Completed Shot 4, state 9
19918.785376 seconds (27.72 G allocations: 93.651 TiB, 15.55% gc time)
[2023-01-10T15:21:17.823]Completed Shot 4, state 25
19919.594405 seconds (27.72 G allocations: 93.654 TiB, 15.55% gc time)
[2023-01-10T15:21:18.630]Completed Shot 4, state 6
19925.436005 seconds (27.73 G allocations: 93.672 TiB, 15.55% gc time)
[2023-01-10T15:21:24.477]Completed Shot 4, state 44
19929.870445 seconds (27.73 G allocations: 93.687 TiB, 15.55% gc time)
[2023-01-10T15:21:28.911]Completed Shot 4, state 41
19935.296402 seconds (27.74 G allocations: 93.704 TiB, 15.55% gc time)
[2023-01-10T15:21:34.334]Completed Shot 4, state 20
19939.993206 seconds (27.74 G allocations: 93.718 TiB, 15.55% gc time)
[2023-01-10T15:21:39.028]Completed Shot 4, state 4
19954.325164 seconds (27.75 G allocations: 93.759 TiB, 15.54% gc time)
[2023-01-10T15:21:53.366]Completed Shot 4, state 50
19957.762313 seconds (27.75 G allocations: 93.768 TiB, 15.54% gc time)
[2023-01-10T15:21:56.797]Completed Shot 4, state 2
19962.163640 seconds (27.76 G allocations: 93.780 TiB, 15.54% gc time)
[2023-01-10T15:22:01.205]Completed Shot 4, state 47
19965.306587 seconds (27.76 G allocations: 93.787 TiB, 15.54% gc time)
[2023-01-10T15:22:04.346]Completed Shot 4, state 33
19965.719589 seconds (27.76 G allocations: 93.788 TiB, 15.54% gc time)
[2023-01-10T15:22:04.760]Completed Shot 4, state 45
19966.224565 seconds (27.76 G allocations: 93.789 TiB, 15.54% gc time)
[2023-01-10T15:22:05.263]Completed Shot 4, state 29
19981.488776 seconds (27.77 G allocations: 93.820 TiB, 15.53% gc time)
[2023-01-10T15:22:20.527]Completed Shot 4, state 28
19982.008456 seconds (27.77 G allocations: 93.821 TiB, 15.53% gc time)
[2023-01-10T15:22:21.046]Completed Shot 4, state 23
19987.672298 seconds (27.77 G allocations: 93.831 TiB, 15.53% gc time)
[2023-01-10T15:22:26.711]Completed Shot 4, state 31
19988.559449 seconds (27.77 G allocations: 93.833 TiB, 15.53% gc time)
[2023-01-10T15:22:27.599]Completed Shot 4, state 38
19995.501822 seconds (27.78 G allocations: 93.842 TiB, 15.52% gc time)
[2023-01-10T15:22:34.542]Completed Shot 4, state 40
20002.101743 seconds (27.78 G allocations: 93.850 TiB, 15.52% gc time)
[2023-01-10T15:22:41.142]Completed Shot 4, state 39
20003.111174 seconds (27.78 G allocations: 93.851 TiB, 15.52% gc time)
[2023-01-10T15:22:42.149]Completed Shot 4, state 21
20013.996835 seconds (27.78 G allocations: 93.860 TiB, 15.51% gc time)
[2023-01-10T15:22:53.034]Completed Shot 4, state 17
20033.195255 seconds (27.79 G allocations: 93.872 TiB, 15.50% gc time)
[2023-01-10T15:23:12.234]Completed Shot 4, state 30
20062.617816 seconds (27.79 G allocations: 93.885 TiB, 15.48% gc time)
[2023-01-10T15:23:41.652]Completed Shot 4, state 3
20199.296396 seconds (27.79 G allocations: 93.896 TiB, 15.40% gc time)
[2023-01-10T15:25:58.332]Completed Shot 4, state 7
19301.078296 seconds (27.44 G allocations: 92.703 TiB, 15.92% gc time)
[2023-01-10T20:47:39.416]Completed Shot 5, state 22
19336.794131 seconds (27.49 G allocations: 92.874 TiB, 15.92% gc time)
[2023-01-10T20:48:15.130]Completed Shot 5, state 13
19390.174334 seconds (27.57 G allocations: 93.130 TiB, 15.93% gc time)
[2023-01-10T20:49:08.515]Completed Shot 5, state 47
19391.695024 seconds (27.57 G allocations: 93.138 TiB, 15.93% gc time)
[2023-01-10T20:49:10.034]Completed Shot 5, state 37
19404.241399 seconds (27.59 G allocations: 93.198 TiB, 15.93% gc time)
[2023-01-10T20:49:22.582]Completed Shot 5, state 44
19429.239668 seconds (27.62 G allocations: 93.318 TiB, 15.93% gc time)
[2023-01-10T20:49:47.574]Completed Shot 5, state 3
19450.690250 seconds (27.65 G allocations: 93.418 TiB, 15.93% gc time)
[2023-01-10T20:50:09.026]Completed Shot 5, state 15
19454.436141 seconds (27.66 G allocations: 93.436 TiB, 15.93% gc time)
[2023-01-10T20:50:12.773]Completed Shot 5, state 17
19454.606113 seconds (27.66 G allocations: 93.436 TiB, 15.93% gc time)
[2023-01-10T20:50:12.941]Completed Shot 5, state 9
19458.638341 seconds (27.66 G allocations: 93.455 TiB, 15.93% gc time)
[2023-01-10T20:50:16.977]Completed Shot 5, state 31
19461.626178 seconds (27.67 G allocations: 93.468 TiB, 15.93% gc time)
[2023-01-10T20:50:19.966]Completed Shot 5, state 42
19463.384901 seconds (27.67 G allocations: 93.476 TiB, 15.93% gc time)
[2023-01-10T20:50:21.722]Completed Shot 5, state 21
19467.307839 seconds (27.67 G allocations: 93.493 TiB, 15.93% gc time)
[2023-01-10T20:50:25.648]Completed Shot 5, state 40
19467.518321 seconds (27.67 G allocations: 93.494 TiB, 15.93% gc time)
[2023-01-10T20:50:25.860]Completed Shot 5, state 50
19474.392091 seconds (27.68 G allocations: 93.524 TiB, 15.93% gc time)
[2023-01-10T20:50:32.731]Completed Shot 5, state 32
19481.263529 seconds (27.69 G allocations: 93.553 TiB, 15.92% gc time)
[2023-01-10T20:50:39.599]Completed Shot 5, state 12
19483.386007 seconds (27.69 G allocations: 93.562 TiB, 15.92% gc time)
[2023-01-10T20:50:41.722]Completed Shot 5, state 11
19488.177591 seconds (27.70 G allocations: 93.582 TiB, 15.92% gc time)
[2023-01-10T20:50:46.512]Completed Shot 5, state 4
19488.331293 seconds (27.70 G allocations: 93.583 TiB, 15.92% gc time)
[2023-01-10T20:50:46.668]Completed Shot 5, state 16
19492.067247 seconds (27.70 G allocations: 93.597 TiB, 15.92% gc time)
[2023-01-10T20:50:50.407]Completed Shot 5, state 38
19492.633812 seconds (27.70 G allocations: 93.600 TiB, 15.92% gc time)
[2023-01-10T20:50:50.970]Completed Shot 5, state 14
19494.809938 seconds (27.71 G allocations: 93.608 TiB, 15.92% gc time)
[2023-01-10T20:50:53.147]Completed Shot 5, state 20
19499.037413 seconds (27.71 G allocations: 93.624 TiB, 15.92% gc time)
[2023-01-10T20:50:57.376]Completed Shot 5, state 34
19502.552979 seconds (27.72 G allocations: 93.638 TiB, 15.92% gc time)
[2023-01-10T20:51:00.891]Completed Shot 5, state 27
19502.737892 seconds (27.72 G allocations: 93.638 TiB, 15.92% gc time)
[2023-01-10T20:51:01.079]Completed Shot 5, state 46
19512.964360 seconds (27.73 G allocations: 93.676 TiB, 15.92% gc time)
[2023-01-10T20:51:11.304]Completed Shot 5, state 41
19521.747044 seconds (27.74 G allocations: 93.706 TiB, 15.92% gc time)
[2023-01-10T20:51:20.086]Completed Shot 5, state 36
19524.930850 seconds (27.74 G allocations: 93.716 TiB, 15.92% gc time)
[2023-01-10T20:51:23.265]Completed Shot 5, state 6
19526.782888 seconds (27.74 G allocations: 93.722 TiB, 15.92% gc time)
[2023-01-10T20:51:25.122]Completed Shot 5, state 33
19531.080049 seconds (27.75 G allocations: 93.736 TiB, 15.92% gc time)
[2023-01-10T20:51:29.418]Completed Shot 5, state 29
19538.739219 seconds (27.75 G allocations: 93.760 TiB, 15.91% gc time)
[2023-01-10T20:51:37.077]Completed Shot 5, state 26
19542.659052 seconds (27.76 G allocations: 93.772 TiB, 15.91% gc time)
[2023-01-10T20:51:40.994]Completed Shot 5, state 7
19543.961749 seconds (27.76 G allocations: 93.775 TiB, 15.91% gc time)
[2023-01-10T20:51:42.301]Completed Shot 5, state 35
19545.189553 seconds (27.76 G allocations: 93.779 TiB, 15.91% gc time)
[2023-01-10T20:51:43.524]Completed Shot 5, state 8
19548.142053 seconds (27.76 G allocations: 93.786 TiB, 15.91% gc time)
[2023-01-10T20:51:46.480]Completed Shot 5, state 24
19548.853967 seconds (27.76 G allocations: 93.788 TiB, 15.91% gc time)
[2023-01-10T20:51:47.189]Completed Shot 5, state 10
19549.577245 seconds (27.76 G allocations: 93.790 TiB, 15.91% gc time)
[2023-01-10T20:51:47.914]Completed Shot 5, state 18
19559.780114 seconds (27.77 G allocations: 93.812 TiB, 15.91% gc time)
[2023-01-10T20:51:58.117]Completed Shot 5, state 23
19565.070586 seconds (27.77 G allocations: 93.822 TiB, 15.90% gc time)
[2023-01-10T20:52:03.408]Completed Shot 5, state 25
19577.446743 seconds (27.78 G allocations: 93.847 TiB, 15.90% gc time)
[2023-01-10T20:52:15.785]Completed Shot 5, state 30
19580.065536 seconds (27.78 G allocations: 93.852 TiB, 15.90% gc time)
[2023-01-10T20:52:18.406]Completed Shot 5, state 43
  Activating project at `/lustre/work/ws/ws1/hd_ku269-light_cones/WorkingFolder`
19580.158391 seconds (27.78 G allocations: 93.852 TiB, 15.90% gc time)
[2023-01-10T20:52:18.517]Completed Shot 5, state 48
19581.526890 seconds (27.78 G allocations: 93.854 TiB, 15.90% gc time)
[2023-01-10T20:52:19.865]Completed Shot 5, state 28
19581.697399 seconds (27.78 G allocations: 93.854 TiB, 15.90% gc time)
[2023-01-10T20:52:20.037]Completed Shot 5, state 39
19585.585133 seconds (27.78 G allocations: 93.859 TiB, 15.89% gc time)
[2023-01-10T20:52:23.919]Completed Shot 5, state 5
19597.887009 seconds (27.79 G allocations: 93.872 TiB, 15.89% gc time)
[2023-01-10T20:52:36.228]Completed Shot 5, state 49
19605.383503 seconds (27.79 G allocations: 93.878 TiB, 15.88% gc time)
[2023-01-10T20:52:43.720]Completed Shot 5, state 19
19608.420679 seconds (27.79 G allocations: 93.879 TiB, 15.88% gc time)
[2023-01-10T20:52:46.754]Completed Shot 5, state 1
19615.772580 seconds (27.79 G allocations: 93.883 TiB, 15.88% gc time)
[2023-01-10T20:52:54.113]Completed Shot 5, state 45
19775.929542 seconds (27.79 G allocations: 93.896 TiB, 15.77% gc time)
[2023-01-10T20:55:34.263]Completed Shot 5, state 2
19409.568927 seconds (27.45 G allocations: 92.736 TiB, 15.90% gc time)
[2023-01-11T02:19:03.839]Completed Shot 6, state 23
19500.286741 seconds (27.57 G allocations: 93.162 TiB, 15.90% gc time)
[2023-01-11T02:20:34.554]Completed Shot 6, state 12
19524.992895 seconds (27.61 G allocations: 93.279 TiB, 15.90% gc time)
[2023-01-11T02:20:59.266]Completed Shot 6, state 40
19525.329478 seconds (27.61 G allocations: 93.280 TiB, 15.90% gc time)
[2023-01-11T02:20:59.600]Completed Shot 6, state 27
19533.635646 seconds (27.62 G allocations: 93.319 TiB, 15.90% gc time)
[2023-01-11T02:21:07.909]Completed Shot 6, state 45
19553.638918 seconds (27.65 G allocations: 93.411 TiB, 15.90% gc time)
[2023-01-11T02:21:27.908]Completed Shot 6, state 20
19557.529011 seconds (27.65 G allocations: 93.429 TiB, 15.90% gc time)
[2023-01-11T02:21:31.798]Completed Shot 6, state 21
19579.157639 seconds (27.68 G allocations: 93.530 TiB, 15.90% gc time)
[2023-01-11T02:21:53.428]Completed Shot 6, state 26
19580.350253 seconds (27.68 G allocations: 93.536 TiB, 15.90% gc time)
[2023-01-11T02:21:54.615]Completed Shot 6, state 1
19582.843536 seconds (27.69 G allocations: 93.547 TiB, 15.90% gc time)
[2023-01-11T02:21:57.114]Completed Shot 6, state 29
19584.420478 seconds (27.69 G allocations: 93.554 TiB, 15.90% gc time)
[2023-01-11T02:21:58.693]Completed Shot 6, state 37
19589.655235 seconds (27.70 G allocations: 93.578 TiB, 15.90% gc time)
[2023-01-11T02:22:03.925]Completed Shot 6, state 22
19591.773655 seconds (27.70 G allocations: 93.588 TiB, 15.90% gc time)
[2023-01-11T02:22:06.045]Completed Shot 6, state 33
19593.846737 seconds (27.70 G allocations: 93.597 TiB, 15.90% gc time)
[2023-01-11T02:22:08.116]Completed Shot 6, state 24
19597.063440 seconds (27.71 G allocations: 93.611 TiB, 15.89% gc time)
[2023-01-11T02:22:11.338]Completed Shot 6, state 48
19599.474972 seconds (27.71 G allocations: 93.621 TiB, 15.89% gc time)
[2023-01-11T02:22:13.743]Completed Shot 6, state 17
19602.708592 seconds (27.71 G allocations: 93.635 TiB, 15.89% gc time)
[2023-01-11T02:22:16.981]Completed Shot 6, state 39
19606.067904 seconds (27.72 G allocations: 93.648 TiB, 15.89% gc time)
[2023-01-11T02:22:20.334]Completed Shot 6, state 7
19606.295318 seconds (27.72 G allocations: 93.649 TiB, 15.89% gc time)
[2023-01-11T02:22:20.570]Completed Shot 6, state 47
19610.966197 seconds (27.72 G allocations: 93.668 TiB, 15.89% gc time)
[2023-01-11T02:22:25.234]Completed Shot 6, state 13
19621.652064 seconds (27.74 G allocations: 93.711 TiB, 15.89% gc time)
[2023-01-11T02:22:35.923]Completed Shot 6, state 31
19622.731772 seconds (27.74 G allocations: 93.715 TiB, 15.89% gc time)
[2023-01-11T02:22:37.003]Completed Shot 6, state 30
19623.131509 seconds (27.74 G allocations: 93.717 TiB, 15.89% gc time)
[2023-01-11T02:22:37.402]Completed Shot 6, state 28
19623.278279 seconds (27.74 G allocations: 93.717 TiB, 15.89% gc time)
[2023-01-11T02:22:37.544]Completed Shot 6, state 6
19626.413206 seconds (27.74 G allocations: 93.729 TiB, 15.89% gc time)
[2023-01-11T02:22:40.686]Completed Shot 6, state 41
19629.841412 seconds (27.75 G allocations: 93.741 TiB, 15.89% gc time)
[2023-01-11T02:22:44.115]Completed Shot 6, state 44
19632.396244 seconds (27.75 G allocations: 93.751 TiB, 15.89% gc time)
[2023-01-11T02:22:46.663]Completed Shot 6, state 11
19633.772823 seconds (27.75 G allocations: 93.755 TiB, 15.89% gc time)
[2023-01-11T02:22:48.041]Completed Shot 6, state 19
19633.842411 seconds (27.75 G allocations: 93.756 TiB, 15.89% gc time)
[2023-01-11T02:22:48.108]Completed Shot 6, state 2
19635.215466 seconds (27.75 G allocations: 93.760 TiB, 15.89% gc time)
[2023-01-11T02:22:49.489]Completed Shot 6, state 42
19636.816346 seconds (27.75 G allocations: 93.765 TiB, 15.89% gc time)
[2023-01-11T02:22:51.091]Completed Shot 6, state 50
19637.187942 seconds (27.75 G allocations: 93.766 TiB, 15.89% gc time)
[2023-01-11T02:22:51.458]Completed Shot 6, state 25
19638.649416 seconds (27.75 G allocations: 93.770 TiB, 15.89% gc time)
[2023-01-11T02:22:52.922]Completed Shot 6, state 38
19643.986465 seconds (27.76 G allocations: 93.785 TiB, 15.89% gc time)
[2023-01-11T02:22:58.252]Completed Shot 6, state 3
19649.928228 seconds (27.76 G allocations: 93.800 TiB, 15.88% gc time)
[2023-01-11T02:23:04.200]Completed Shot 6, state 35
19651.550786 seconds (27.76 G allocations: 93.804 TiB, 15.88% gc time)
[2023-01-11T02:23:05.816]Completed Shot 6, state 5
19659.386838 seconds (27.77 G allocations: 93.823 TiB, 15.88% gc time)
[2023-01-11T02:23:13.653]Completed Shot 6, state 10
19666.699970 seconds (27.77 G allocations: 93.839 TiB, 15.88% gc time)
[2023-01-11T02:23:20.968]Completed Shot 6, state 14
19669.405267 seconds (27.78 G allocations: 93.844 TiB, 15.88% gc time)
[2023-01-11T02:23:23.677]Completed Shot 6, state 34
19669.706979 seconds (27.78 G allocations: 93.845 TiB, 15.88% gc time)
[2023-01-11T02:23:23.981]Completed Shot 6, state 46
19675.241876 seconds (27.78 G allocations: 93.855 TiB, 15.87% gc time)
[2023-01-11T02:23:29.510]Completed Shot 6, state 16
19682.609986 seconds (27.78 G allocations: 93.867 TiB, 15.87% gc time)
[2023-01-11T02:23:36.876]Completed Shot 6, state 8
19687.493523 seconds (27.78 G allocations: 93.874 TiB, 15.87% gc time)
[2023-01-11T02:23:41.759]Completed Shot 6, state 4
19688.211837 seconds (27.79 G allocations: 93.875 TiB, 15.87% gc time)
[2023-01-11T02:23:42.484]Completed Shot 6, state 36
19691.799477 seconds (27.79 G allocations: 93.880 TiB, 15.86% gc time)
[2023-01-11T02:23:46.071]Completed Shot 6, state 32
19698.191441 seconds (27.79 G allocations: 93.886 TiB, 15.86% gc time)
[2023-01-11T02:23:52.466]Completed Shot 6, state 49
19699.362972 seconds (27.79 G allocations: 93.887 TiB, 15.86% gc time)
[2023-01-11T02:23:53.631]Completed Shot 6, state 18
19700.139663 seconds (27.79 G allocations: 93.887 TiB, 15.86% gc time)
[2023-01-11T02:23:54.413]Completed Shot 6, state 43
19706.593014 seconds (27.79 G allocations: 93.890 TiB, 15.86% gc time)
[2023-01-11T02:24:00.861]Completed Shot 6, state 15
19746.516946 seconds (27.79 G allocations: 93.893 TiB, 15.83% gc time)
[2023-01-11T02:24:40.783]Completed Shot 6, state 9
19391.731293 seconds (27.37 G allocations: 92.468 TiB, 15.80% gc time)
[2023-01-11T07:47:52.520]Completed Shot 7, state 23
19481.140302 seconds (27.49 G allocations: 92.884 TiB, 15.80% gc time)
[2023-01-11T07:49:21.930]Completed Shot 7, state 24
19526.855903 seconds (27.56 G allocations: 93.097 TiB, 15.80% gc time)
[2023-01-11T07:50:07.648]Completed Shot 7, state 44
19531.559018 seconds (27.56 G allocations: 93.120 TiB, 15.80% gc time)
[2023-01-11T07:50:12.347]Completed Shot 7, state 14
19548.616207 seconds (27.59 G allocations: 93.200 TiB, 15.79% gc time)
[2023-01-11T07:50:29.408]Completed Shot 7, state 43
19551.923270 seconds (27.59 G allocations: 93.216 TiB, 15.79% gc time)
[2023-01-11T07:50:32.714]Completed Shot 7, state 35
19564.228005 seconds (27.61 G allocations: 93.277 TiB, 15.79% gc time)
[2023-01-11T07:50:45.017]Completed Shot 7, state 21
19572.913902 seconds (27.62 G allocations: 93.317 TiB, 15.79% gc time)
[2023-01-11T07:50:53.706]Completed Shot 7, state 42
19573.412341 seconds (27.62 G allocations: 93.320 TiB, 15.79% gc time)
[2023-01-11T07:50:54.202]Completed Shot 7, state 29
19582.472933 seconds (27.63 G allocations: 93.363 TiB, 15.79% gc time)
[2023-01-11T07:51:03.265]Completed Shot 7, state 50
19582.530597 seconds (27.63 G allocations: 93.363 TiB, 15.79% gc time)
[2023-01-11T07:51:03.323]Completed Shot 7, state 49
19585.093889 seconds (27.64 G allocations: 93.375 TiB, 15.79% gc time)
[2023-01-11T07:51:05.885]Completed Shot 7, state 34
19595.799179 seconds (27.65 G allocations: 93.426 TiB, 15.79% gc time)
[2023-01-11T07:51:16.590]Completed Shot 7, state 33
19611.259900 seconds (27.67 G allocations: 93.496 TiB, 15.79% gc time)
[2023-01-11T07:51:32.051]Completed Shot 7, state 36
19615.753436 seconds (27.68 G allocations: 93.516 TiB, 15.79% gc time)
[2023-01-11T07:51:36.540]Completed Shot 7, state 7
19620.417284 seconds (27.69 G allocations: 93.537 TiB, 15.79% gc time)
[2023-01-11T07:51:41.210]Completed Shot 7, state 46
19621.985697 seconds (27.69 G allocations: 93.544 TiB, 15.79% gc time)
[2023-01-11T07:51:42.771]Completed Shot 7, state 4
19627.457865 seconds (27.69 G allocations: 93.568 TiB, 15.79% gc time)
[2023-01-11T07:51:48.248]Completed Shot 7, state 32
19632.553230 seconds (27.70 G allocations: 93.589 TiB, 15.79% gc time)
[2023-01-11T07:51:53.341]Completed Shot 7, state 17
19636.483830 seconds (27.71 G allocations: 93.605 TiB, 15.79% gc time)
[2023-01-11T07:51:57.272]Completed Shot 7, state 19
19636.652797 seconds (27.71 G allocations: 93.606 TiB, 15.79% gc time)
[2023-01-11T07:51:57.442]Completed Shot 7, state 25
19639.112070 seconds (27.71 G allocations: 93.616 TiB, 15.79% gc time)
[2023-01-11T07:51:59.904]Completed Shot 7, state 40
19647.759377 seconds (27.72 G allocations: 93.651 TiB, 15.78% gc time)
[2023-01-11T07:52:08.550]Completed Shot 7, state 31
19647.871609 seconds (27.72 G allocations: 93.652 TiB, 15.78% gc time)
[2023-01-11T07:52:08.661]Completed Shot 7, state 22
19649.668660 seconds (27.72 G allocations: 93.658 TiB, 15.78% gc time)
[2023-01-11T07:52:10.455]Completed Shot 7, state 5
19651.621475 seconds (27.72 G allocations: 93.666 TiB, 15.78% gc time)
[2023-01-11T07:52:12.410]Completed Shot 7, state 18
19653.401113 seconds (27.73 G allocations: 93.672 TiB, 15.78% gc time)
[2023-01-11T07:52:14.191]Completed Shot 7, state 26
19657.592428 seconds (27.73 G allocations: 93.687 TiB, 15.78% gc time)
[2023-01-11T07:52:18.385]Completed Shot 7, state 48
19662.709215 seconds (27.73 G allocations: 93.703 TiB, 15.78% gc time)
[2023-01-11T07:52:23.494]Completed Shot 7, state 1
19662.829478 seconds (27.73 G allocations: 93.704 TiB, 15.78% gc time)
[2023-01-11T07:52:23.622]Completed Shot 7, state 45
19665.495332 seconds (27.74 G allocations: 93.712 TiB, 15.78% gc time)
[2023-01-11T07:52:26.287]Completed Shot 7, state 39
19666.720793 seconds (27.74 G allocations: 93.716 TiB, 15.78% gc time)
[2023-01-11T07:52:27.511]Completed Shot 7, state 30
19682.336771 seconds (27.75 G allocations: 93.761 TiB, 15.77% gc time)
[2023-01-11T07:52:43.129]Completed Shot 7, state 47
19685.895650 seconds (27.75 G allocations: 93.771 TiB, 15.77% gc time)
[2023-01-11T07:52:46.684]Completed Shot 7, state 20
19692.569791 seconds (27.76 G allocations: 93.789 TiB, 15.77% gc time)
[2023-01-11T07:52:53.357]Completed Shot 7, state 12
19694.917892 seconds (27.76 G allocations: 93.795 TiB, 15.77% gc time)
[2023-01-11T07:52:55.705]Completed Shot 7, state 13
19698.979063 seconds (27.76 G allocations: 93.805 TiB, 15.77% gc time)
[2023-01-11T07:52:59.766]Completed Shot 7, state 11
19704.055843 seconds (27.77 G allocations: 93.816 TiB, 15.76% gc time)
[2023-01-11T07:53:04.846]Completed Shot 7, state 28
19705.461743 seconds (27.77 G allocations: 93.820 TiB, 15.76% gc time)
[2023-01-11T07:53:06.248]Completed Shot 7, state 9
19711.126077 seconds (27.77 G allocations: 93.832 TiB, 15.76% gc time)
[2023-01-11T07:53:11.913]Completed Shot 7, state 8
19726.909539 seconds (27.78 G allocations: 93.860 TiB, 15.75% gc time)
[2023-01-11T07:53:27.701]Completed Shot 7, state 37
19727.393050 seconds (27.78 G allocations: 93.860 TiB, 15.75% gc time)
[2023-01-11T07:53:28.178]Completed Shot 7, state 2
19728.302118 seconds (27.78 G allocations: 93.862 TiB, 15.75% gc time)
[2023-01-11T07:53:29.088]Completed Shot 7, state 6
19731.417990 seconds (27.78 G allocations: 93.866 TiB, 15.75% gc time)
[2023-01-11T07:53:32.204]Completed Shot 7, state 3
19737.450212 seconds (27.78 G allocations: 93.873 TiB, 15.75% gc time)
[2023-01-11T07:53:38.241]Completed Shot 7, state 38
19739.245620 seconds (27.79 G allocations: 93.875 TiB, 15.75% gc time)
[2023-01-11T07:53:40.032]Completed Shot 7, state 10
19751.852523 seconds (27.79 G allocations: 93.886 TiB, 15.74% gc time)
[2023-01-11T07:53:52.642]Completed Shot 7, state 27
19757.393381 seconds (27.79 G allocations: 93.889 TiB, 15.74% gc time)
[2023-01-11T07:53:58.181]Completed Shot 7, state 15
19757.937991 seconds (27.79 G allocations: 93.889 TiB, 15.74% gc time)
[2023-01-11T07:53:58.726]Completed Shot 7, state 16
19811.353155 seconds (27.79 G allocations: 93.894 TiB, 15.70% gc time)
[2023-01-11T07:54:52.145]Completed Shot 7, state 41
19351.839881 seconds (27.41 G allocations: 92.610 TiB, 15.92% gc time)
[2023-01-11T13:17:23.987]Completed Shot 8, state 4
19375.455207 seconds (27.45 G allocations: 92.727 TiB, 15.92% gc time)
[2023-01-11T13:17:47.605]Completed Shot 8, state 15
19432.548126 seconds (27.53 G allocations: 93.005 TiB, 15.92% gc time)
[2023-01-11T13:18:44.702]Completed Shot 8, state 36
19436.013447 seconds (27.53 G allocations: 93.023 TiB, 15.92% gc time)
[2023-01-11T13:18:48.161]Completed Shot 8, state 7
19439.196611 seconds (27.54 G allocations: 93.037 TiB, 15.92% gc time)
[2023-01-11T13:18:51.348]Completed Shot 8, state 26
19448.665856 seconds (27.55 G allocations: 93.082 TiB, 15.92% gc time)
[2023-01-11T13:19:00.818]Completed Shot 8, state 28
19477.621856 seconds (27.59 G allocations: 93.222 TiB, 15.92% gc time)
[2023-01-11T13:19:29.774]Completed Shot 8, state 27
19489.713116 seconds (27.61 G allocations: 93.281 TiB, 15.92% gc time)
[2023-01-11T13:19:41.864]Completed Shot 8, state 23
19491.100028 seconds (27.61 G allocations: 93.288 TiB, 15.92% gc time)
[2023-01-11T13:19:43.247]Completed Shot 8, state 2
19522.789965 seconds (27.66 G allocations: 93.439 TiB, 15.92% gc time)
[2023-01-11T13:20:14.945]Completed Shot 8, state 50
19530.463253 seconds (27.67 G allocations: 93.474 TiB, 15.92% gc time)
[2023-01-11T13:20:22.613]Completed Shot 8, state 18
19537.308727 seconds (27.68 G allocations: 93.506 TiB, 15.92% gc time)
[2023-01-11T13:20:29.463]Completed Shot 8, state 38
19537.962413 seconds (27.68 G allocations: 93.509 TiB, 15.92% gc time)
[2023-01-11T13:20:30.117]Completed Shot 8, state 46
19540.013957 seconds (27.68 G allocations: 93.519 TiB, 15.92% gc time)
[2023-01-11T13:20:32.163]Completed Shot 8, state 11
19541.524487 seconds (27.68 G allocations: 93.526 TiB, 15.91% gc time)
[2023-01-11T13:20:33.675]Completed Shot 8, state 19
19543.111246 seconds (27.68 G allocations: 93.533 TiB, 15.91% gc time)
[2023-01-11T13:20:35.259]Completed Shot 8, state 9
19544.458669 seconds (27.69 G allocations: 93.539 TiB, 15.91% gc time)
[2023-01-11T13:20:36.613]Completed Shot 8, state 41
19545.646584 seconds (27.69 G allocations: 93.544 TiB, 15.91% gc time)
[2023-01-11T13:20:37.801]Completed Shot 8, state 49
19547.192878 seconds (27.69 G allocations: 93.551 TiB, 15.91% gc time)
[2023-01-11T13:20:39.342]Completed Shot 8, state 13
19565.531243 seconds (27.71 G allocations: 93.626 TiB, 15.91% gc time)
[2023-01-11T13:20:57.678]Completed Shot 8, state 3
19566.293782 seconds (27.71 G allocations: 93.629 TiB, 15.91% gc time)
[2023-01-11T13:20:58.445]Completed Shot 8, state 25
19576.731812 seconds (27.73 G allocations: 93.672 TiB, 15.91% gc time)
[2023-01-11T13:21:08.883]Completed Shot 8, state 21
19577.573828 seconds (27.73 G allocations: 93.675 TiB, 15.91% gc time)
[2023-01-11T13:21:09.727]Completed Shot 8, state 32
19578.291239 seconds (27.73 G allocations: 93.678 TiB, 15.91% gc time)
[2023-01-11T13:21:10.439]Completed Shot 8, state 5
19578.700246 seconds (27.73 G allocations: 93.679 TiB, 15.91% gc time)
[2023-01-11T13:21:10.848]Completed Shot 8, state 6
19584.722150 seconds (27.73 G allocations: 93.701 TiB, 15.91% gc time)
[2023-01-11T13:21:16.873]Completed Shot 8, state 24
19588.835738 seconds (27.74 G allocations: 93.716 TiB, 15.91% gc time)
[2023-01-11T13:21:20.990]Completed Shot 8, state 44
19592.252076 seconds (27.74 G allocations: 93.727 TiB, 15.90% gc time)
[2023-01-11T13:21:24.400]Completed Shot 8, state 8
19598.057910 seconds (27.75 G allocations: 93.746 TiB, 15.90% gc time)
[2023-01-11T13:21:30.213]Completed Shot 8, state 47
19599.707269 seconds (27.75 G allocations: 93.752 TiB, 15.90% gc time)
[2023-01-11T13:21:31.860]Completed Shot 8, state 34
19600.787081 seconds (27.75 G allocations: 93.755 TiB, 15.90% gc time)
[2023-01-11T13:21:32.942]Completed Shot 8, state 43
19602.659684 seconds (27.75 G allocations: 93.761 TiB, 15.90% gc time)
[2023-01-11T13:21:34.813]Completed Shot 8, state 33
19603.618169 seconds (27.75 G allocations: 93.764 TiB, 15.90% gc time)
[2023-01-11T13:21:35.767]Completed Shot 8, state 14
19608.396128 seconds (27.76 G allocations: 93.777 TiB, 15.90% gc time)
[2023-01-11T13:21:40.547]Completed Shot 8, state 22
19609.079504 seconds (27.76 G allocations: 93.779 TiB, 15.90% gc time)
[2023-01-11T13:21:41.230]Completed Shot 8, state 20
19609.724210 seconds (27.76 G allocations: 93.781 TiB, 15.90% gc time)
[2023-01-11T13:21:41.873]Completed Shot 8, state 12
19619.992421 seconds (27.76 G allocations: 93.805 TiB, 15.89% gc time)
[2023-01-11T13:21:52.145]Completed Shot 8, state 30
19625.872545 seconds (27.77 G allocations: 93.819 TiB, 15.89% gc time)
[2023-01-11T13:21:58.025]Completed Shot 8, state 31
19638.128507 seconds (27.78 G allocations: 93.845 TiB, 15.89% gc time)
[2023-01-11T13:22:10.279]Completed Shot 8, state 17
19639.740986 seconds (27.78 G allocations: 93.849 TiB, 15.89% gc time)
[2023-01-11T13:22:11.891]Completed Shot 8, state 16
19641.861827 seconds (27.78 G allocations: 93.853 TiB, 15.88% gc time)
[2023-01-11T13:22:14.016]Completed Shot 8, state 45
19642.624397 seconds (27.78 G allocations: 93.854 TiB, 15.88% gc time)
[2023-01-11T13:22:14.779]Completed Shot 8, state 48
19643.879818 seconds (27.78 G allocations: 93.856 TiB, 15.88% gc time)
[2023-01-11T13:22:16.026]Completed Shot 8, state 1
19652.187144 seconds (27.78 G allocations: 93.867 TiB, 15.88% gc time)
[2023-01-11T13:22:24.336]Completed Shot 8, state 10
19657.964275 seconds (27.78 G allocations: 93.874 TiB, 15.88% gc time)
[2023-01-11T13:22:30.116]Completed Shot 8, state 29
19666.170259 seconds (27.79 G allocations: 93.882 TiB, 15.87% gc time)
[2023-01-11T13:22:38.324]Completed Shot 8, state 39
19667.308712 seconds (27.79 G allocations: 93.883 TiB, 15.87% gc time)
[2023-01-11T13:22:39.463]Completed Shot 8, state 40
19671.262879 seconds (27.79 G allocations: 93.886 TiB, 15.87% gc time)
[2023-01-11T13:22:43.417]Completed Shot 8, state 42
19683.843652 seconds (27.79 G allocations: 93.891 TiB, 15.86% gc time)
[2023-01-11T13:22:55.997]Completed Shot 8, state 37
19706.002177 seconds (27.79 G allocations: 93.893 TiB, 15.85% gc time)
[2023-01-11T13:23:18.155]Completed Shot 8, state 35
19385.800925 seconds (27.47 G allocations: 92.822 TiB, 15.75% gc time)
[2023-01-11T18:46:24.099]Completed Shot 9, state 29
19425.357915 seconds (27.53 G allocations: 93.015 TiB, 15.75% gc time)
[2023-01-11T18:47:03.521]Completed Shot 9, state 33
19427.274112 seconds (27.53 G allocations: 93.025 TiB, 15.75% gc time)
[2023-01-11T18:47:05.434]Completed Shot 9, state 11
19436.858284 seconds (27.55 G allocations: 93.073 TiB, 15.74% gc time)
[2023-01-11T18:47:15.018]Completed Shot 9, state 12
19449.342638 seconds (27.57 G allocations: 93.133 TiB, 15.74% gc time)
[2023-01-11T18:47:27.505]Completed Shot 9, state 25
19465.288665 seconds (27.59 G allocations: 93.212 TiB, 15.74% gc time)
[2023-01-11T18:47:43.454]Completed Shot 9, state 46
19479.584893 seconds (27.61 G allocations: 93.278 TiB, 15.74% gc time)
[2023-01-11T18:47:57.746]Completed Shot 9, state 19
19485.122551 seconds (27.62 G allocations: 93.305 TiB, 15.74% gc time)
[2023-01-11T18:48:03.287]Completed Shot 9, state 38
19486.663157 seconds (27.62 G allocations: 93.312 TiB, 15.74% gc time)
[2023-01-11T18:48:04.824]Completed Shot 9, state 15
19497.330827 seconds (27.63 G allocations: 93.363 TiB, 15.74% gc time)
[2023-01-11T18:48:15.494]Completed Shot 9, state 32
19512.111481 seconds (27.65 G allocations: 93.430 TiB, 15.74% gc time)
[2023-01-11T18:48:30.272]Completed Shot 9, state 18
19517.025010 seconds (27.66 G allocations: 93.453 TiB, 15.74% gc time)
[2023-01-11T18:48:35.190]Completed Shot 9, state 41
19518.296171 seconds (27.66 G allocations: 93.459 TiB, 15.74% gc time)
[2023-01-11T18:48:36.457]Completed Shot 9, state 17
19528.077154 seconds (27.68 G allocations: 93.503 TiB, 15.74% gc time)
[2023-01-11T18:48:46.236]Completed Shot 9, state 5
19534.616255 seconds (27.68 G allocations: 93.531 TiB, 15.74% gc time)
[2023-01-11T18:48:52.778]Completed Shot 9, state 22
19538.218722 seconds (27.69 G allocations: 93.547 TiB, 15.74% gc time)
[2023-01-11T18:48:56.380]Completed Shot 9, state 23
19538.249933 seconds (27.69 G allocations: 93.547 TiB, 15.74% gc time)
[2023-01-11T18:48:56.415]Completed Shot 9, state 45
19539.369440 seconds (27.69 G allocations: 93.552 TiB, 15.74% gc time)
[2023-01-11T18:48:57.533]Completed Shot 9, state 36
19541.678025 seconds (27.69 G allocations: 93.562 TiB, 15.74% gc time)
[2023-01-11T18:48:59.843]Completed Shot 9, state 44
19542.695419 seconds (27.69 G allocations: 93.566 TiB, 15.74% gc time)
[2023-01-11T18:49:00.859]Completed Shot 9, state 37
19549.315995 seconds (27.70 G allocations: 93.593 TiB, 15.74% gc time)
[2023-01-11T18:49:07.480]Completed Shot 9, state 35
19550.601466 seconds (27.70 G allocations: 93.598 TiB, 15.74% gc time)
[2023-01-11T18:49:08.762]Completed Shot 9, state 13
19552.552785 seconds (27.71 G allocations: 93.606 TiB, 15.73% gc time)
[2023-01-11T18:49:10.712]Completed Shot 9, state 10
19555.578717 seconds (27.71 G allocations: 93.618 TiB, 15.73% gc time)
[2023-01-11T18:49:13.738]Completed Shot 9, state 6
19564.584427 seconds (27.72 G allocations: 93.651 TiB, 15.73% gc time)
[2023-01-11T18:49:22.747]Completed Shot 9, state 26
19570.307229 seconds (27.73 G allocations: 93.672 TiB, 15.73% gc time)
[2023-01-11T18:49:28.472]Completed Shot 9, state 43
19571.018870 seconds (27.73 G allocations: 93.674 TiB, 15.73% gc time)
[2023-01-11T18:49:29.184]Completed Shot 9, state 49
19572.246418 seconds (27.73 G allocations: 93.678 TiB, 15.73% gc time)
[2023-01-11T18:49:30.412]Completed Shot 9, state 47
19578.505498 seconds (27.73 G allocations: 93.700 TiB, 15.73% gc time)
[2023-01-11T18:49:36.667]Completed Shot 9, state 24
19578.904405 seconds (27.73 G allocations: 93.701 TiB, 15.73% gc time)
[2023-01-11T18:49:37.064]Completed Shot 9, state 8
19581.480343 seconds (27.74 G allocations: 93.709 TiB, 15.73% gc time)
[2023-01-11T18:49:39.643]Completed Shot 9, state 27
19583.112375 seconds (27.74 G allocations: 93.714 TiB, 15.73% gc time)
[2023-01-11T18:49:41.272]Completed Shot 9, state 9
19587.360281 seconds (27.74 G allocations: 93.727 TiB, 15.73% gc time)
[2023-01-11T18:49:45.523]Completed Shot 9, state 30
19600.367670 seconds (27.75 G allocations: 93.762 TiB, 15.72% gc time)
[2023-01-11T18:49:58.532]Completed Shot 9, state 40
19608.173544 seconds (27.76 G allocations: 93.782 TiB, 15.72% gc time)
[2023-01-11T18:50:06.336]Completed Shot 9, state 28
19609.428024 seconds (27.76 G allocations: 93.786 TiB, 15.72% gc time)
[2023-01-11T18:50:07.589]Completed Shot 9, state 16
19612.320454 seconds (27.76 G allocations: 93.793 TiB, 15.72% gc time)
[2023-01-11T18:50:10.484]Completed Shot 9, state 34
19612.647812 seconds (27.76 G allocations: 93.793 TiB, 15.72% gc time)
[2023-01-11T18:50:10.809]Completed Shot 9, state 21
19612.658769 seconds (27.76 G allocations: 93.793 TiB, 15.72% gc time)
[2023-01-11T18:50:10.822]Completed Shot 9, state 31
19613.951723 seconds (27.76 G allocations: 93.796 TiB, 15.71% gc time)
[2023-01-11T18:50:12.113]Completed Shot 9, state 20
19615.836530 seconds (27.76 G allocations: 93.800 TiB, 15.71% gc time)
[2023-01-11T18:50:13.995]Completed Shot 9, state 2
19620.246748 seconds (27.76 G allocations: 93.807 TiB, 15.71% gc time)
[2023-01-11T18:50:18.405]Completed Shot 9, state 3
19626.461316 seconds (27.77 G allocations: 93.816 TiB, 15.71% gc time)
[2023-01-11T18:50:24.626]Completed Shot 9, state 42
19656.177516 seconds (27.78 G allocations: 93.856 TiB, 15.69% gc time)
[2023-01-11T18:50:54.343]Completed Shot 9, state 48
19657.150705 seconds (27.78 G allocations: 93.857 TiB, 15.69% gc time)
[2023-01-11T18:50:55.315]Completed Shot 9, state 39
19659.567055 seconds (27.78 G allocations: 93.860 TiB, 15.69% gc time)
[2023-01-11T18:50:57.725]Completed Shot 9, state 1
19666.539490 seconds (27.78 G allocations: 93.865 TiB, 15.69% gc time)
[2023-01-11T18:51:04.705]Completed Shot 9, state 50
19676.138498 seconds (27.78 G allocations: 93.871 TiB, 15.68% gc time)
[2023-01-11T18:51:14.297]Completed Shot 9, state 4
19679.054595 seconds (27.78 G allocations: 93.872 TiB, 15.68% gc time)
[2023-01-11T18:51:17.214]Completed Shot 9, state 7
19942.814930 seconds (27.79 G allocations: 93.893 TiB, 15.51% gc time)
[2023-01-11T18:55:40.975]Completed Shot 9, state 14
19467.959773 seconds (27.46 G allocations: 92.781 TiB, 15.70% gc time)
[2023-01-12T00:20:08.941]Completed Shot 10, state 18
19485.261093 seconds (27.49 G allocations: 92.866 TiB, 15.70% gc time)
[2023-01-12T00:20:26.245]Completed Shot 10, state 34
19533.224043 seconds (27.56 G allocations: 93.101 TiB, 15.70% gc time)
[2023-01-12T00:21:14.203]Completed Shot 10, state 9
19541.294807 seconds (27.57 G allocations: 93.138 TiB, 15.70% gc time)
[2023-01-12T00:21:22.277]Completed Shot 10, state 23
19542.461514 seconds (27.57 G allocations: 93.144 TiB, 15.70% gc time)
[2023-01-12T00:21:23.444]Completed Shot 10, state 30
19555.431140 seconds (27.59 G allocations: 93.207 TiB, 15.70% gc time)
[2023-01-12T00:21:36.409]Completed Shot 10, state 2
19557.392179 seconds (27.59 G allocations: 93.217 TiB, 15.70% gc time)
[2023-01-12T00:21:38.377]Completed Shot 10, state 42
19560.163126 seconds (27.60 G allocations: 93.230 TiB, 15.70% gc time)
[2023-01-12T00:21:41.148]Completed Shot 10, state 43
19569.359160 seconds (27.61 G allocations: 93.274 TiB, 15.70% gc time)
[2023-01-12T00:21:50.343]Completed Shot 10, state 36
19580.335659 seconds (27.62 G allocations: 93.325 TiB, 15.70% gc time)
[2023-01-12T00:22:01.315]Completed Shot 10, state 7
19590.582375 seconds (27.64 G allocations: 93.373 TiB, 15.70% gc time)
[2023-01-12T00:22:11.562]Completed Shot 10, state 12
19594.879467 seconds (27.64 G allocations: 93.393 TiB, 15.70% gc time)
[2023-01-12T00:22:15.865]Completed Shot 10, state 49
19602.349523 seconds (27.65 G allocations: 93.426 TiB, 15.70% gc time)
[2023-01-12T00:22:23.335]Completed Shot 10, state 50
19609.641245 seconds (27.66 G allocations: 93.459 TiB, 15.70% gc time)
[2023-01-12T00:22:30.621]Completed Shot 10, state 13
19613.056744 seconds (27.67 G allocations: 93.474 TiB, 15.70% gc time)
[2023-01-12T00:22:34.036]Completed Shot 10, state 10
19614.418773 seconds (27.67 G allocations: 93.480 TiB, 15.70% gc time)
[2023-01-12T00:22:35.404]Completed Shot 10, state 44
19625.625312 seconds (27.68 G allocations: 93.529 TiB, 15.70% gc time)
[2023-01-12T00:22:46.610]Completed Shot 10, state 45
19626.893908 seconds (27.68 G allocations: 93.534 TiB, 15.70% gc time)
[2023-01-12T00:22:47.876]Completed Shot 10, state 22
19641.258182 seconds (27.70 G allocations: 93.593 TiB, 15.70% gc time)
[2023-01-12T00:23:02.242]Completed Shot 10, state 35
19642.455824 seconds (27.70 G allocations: 93.598 TiB, 15.70% gc time)
[2023-01-12T00:23:03.437]Completed Shot 10, state 19
19644.608675 seconds (27.71 G allocations: 93.607 TiB, 15.70% gc time)
[2023-01-12T00:23:05.592]Completed Shot 10, state 33
19647.651001 seconds (27.71 G allocations: 93.619 TiB, 15.70% gc time)
[2023-01-12T00:23:08.631]Completed Shot 10, state 14
19651.020927 seconds (27.71 G allocations: 93.633 TiB, 15.70% gc time)
[2023-01-12T00:23:12.005]Completed Shot 10, state 40
19652.307425 seconds (27.72 G allocations: 93.638 TiB, 15.69% gc time)
[2023-01-12T00:23:13.287]Completed Shot 10, state 8
19666.252937 seconds (27.73 G allocations: 93.690 TiB, 15.69% gc time)
[2023-01-12T00:23:27.236]Completed Shot 10, state 28
19667.825475 seconds (27.73 G allocations: 93.696 TiB, 15.69% gc time)
[2023-01-12T00:23:28.809]Completed Shot 10, state 32
19689.102820 seconds (27.76 G allocations: 93.773 TiB, 15.69% gc time)
[2023-01-12T00:23:50.081]Completed Shot 10, state 4
19692.452119 seconds (27.76 G allocations: 93.785 TiB, 15.69% gc time)
[2023-01-12T00:23:53.434]Completed Shot 10, state 21
19694.461337 seconds (27.76 G allocations: 93.792 TiB, 15.68% gc time)
[2023-01-12T00:23:55.445]Completed Shot 10, state 39
19695.240273 seconds (27.76 G allocations: 93.794 TiB, 15.68% gc time)
[2023-01-12T00:23:56.225]Completed Shot 10, state 47
19695.345282 seconds (27.76 G allocations: 93.795 TiB, 15.68% gc time)
[2023-01-12T00:23:56.330]Completed Shot 10, state 41
19697.169989 seconds (27.76 G allocations: 93.800 TiB, 15.68% gc time)
[2023-01-12T00:23:58.151]Completed Shot 10, state 16
19697.366789 seconds (27.76 G allocations: 93.801 TiB, 15.68% gc time)
[2023-01-12T00:23:58.349]Completed Shot 10, state 26
19700.205048 seconds (27.77 G allocations: 93.809 TiB, 15.68% gc time)
[2023-01-12T00:24:01.188]Completed Shot 10, state 29
19701.071374 seconds (27.77 G allocations: 93.812 TiB, 15.68% gc time)
[2023-01-12T00:24:02.055]Completed Shot 10, state 38
19701.528740 seconds (27.77 G allocations: 93.813 TiB, 15.68% gc time)
[2023-01-12T00:24:02.512]Completed Shot 10, state 31
19705.478898 seconds (27.77 G allocations: 93.823 TiB, 15.68% gc time)
[2023-01-12T00:24:06.464]Completed Shot 10, state 46
19707.119838 seconds (27.77 G allocations: 93.827 TiB, 15.68% gc time)
[2023-01-12T00:24:08.105]Completed Shot 10, state 48
19710.536720 seconds (27.77 G allocations: 93.834 TiB, 15.68% gc time)
[2023-01-12T00:24:11.516]Completed Shot 10, state 6
19711.050307 seconds (27.77 G allocations: 93.835 TiB, 15.68% gc time)
[2023-01-12T00:24:12.032]Completed Shot 10, state 25
19716.720104 seconds (27.78 G allocations: 93.846 TiB, 15.68% gc time)
[2023-01-12T00:24:17.701]Completed Shot 10, state 17
19717.260467 seconds (27.78 G allocations: 93.847 TiB, 15.68% gc time)
[2023-01-12T00:24:18.242]Completed Shot 10, state 20
19724.274068 seconds (27.78 G allocations: 93.857 TiB, 15.67% gc time)
[2023-01-12T00:24:25.252]Completed Shot 10, state 3
19725.487297 seconds (27.78 G allocations: 93.859 TiB, 15.67% gc time)
[2023-01-12T00:24:26.471]Completed Shot 10, state 37
19729.383745 seconds (27.78 G allocations: 93.864 TiB, 15.67% gc time)
[2023-01-12T00:24:30.364]Completed Shot 10, state 15
19739.386130 seconds (27.78 G allocations: 93.874 TiB, 15.66% gc time)
[2023-01-12T00:24:40.369]Completed Shot 10, state 27
19740.810948 seconds (27.79 G allocations: 93.875 TiB, 15.66% gc time)
[2023-01-12T00:24:41.789]Completed Shot 10, state 5
19761.276870 seconds (27.79 G allocations: 93.889 TiB, 15.65% gc time)
[2023-01-12T00:25:02.255]Completed Shot 10, state 1
19764.677935 seconds (27.79 G allocations: 93.891 TiB, 15.65% gc time)
[2023-01-12T00:25:05.658]Completed Shot 10, state 11
19793.487565 seconds (27.79 G allocations: 93.893 TiB, 15.63% gc time)
[2023-01-12T00:25:34.470]Completed Shot 10, state 24
[2023-01-12T00:25:34.529]**********Simulation completed!**********
[2023-01-12T00:25:34.529]**********Saving**********
[2023-01-12T00:25:39.961]Saving file: /lustre/work/ws/ws1/hd_ku269-logs/LightCones/2023-01-09/8095031_N11_BS.jld2
[2023-01-12T00:25:43.911]**********Run completed!**********
