Added MKL.jl
Project LightCones v0.1.0
Status `/lustre/work/ws/ws1/hd_ku269-light_cones/WorkingFolder/Project.toml`
  [7d9fca2a] Arpack v0.5.4
⌃ [7073ff75] IJulia v1.23.3
  [033835bb] JLD2 v0.4.29
  [0b1a1467] KrylovKit v0.6.0
  [d3d80556] LineSearches v7.2.0
  [33e6dc65] MKL v0.6.0
  [429524aa] Optim v1.7.4
⌃ [91a5bcdd] Plots v1.36.6
⌃ [c3e4b0f8] Pluto v0.19.16
  [3c0b384b] QuantumInformation v0.4.9
  [189a3867] Reexport v1.2.2
⌃ [295af30f] Revise v3.4.0
  [ebcc8a00] SpinSymmetry v0.3.3
  [59d54670] ThreadedSparseArrays v0.2.2
  [ade2ca70] Dates
  [8ba89e20] Distributed
  [37e2e46d] LinearAlgebra
  [de0858da] Printf
  [9a3f8284] Random
  [1a1011a3] SharedArrays
  [2f01184e] SparseArrays
  [10745b16] Statistics
Info Packages marked with ⌃ have new versions available
[2023-01-11T14:27:15.005]**********RANDOM FIELDS**********
shared_krylov.jl
Working Directory:          /lustre/work/ws/ws1/hd_ku269-light_cones/WorkingFolder
SLURM Directory:            /lustre/work/ws/ws1/hd_ku269-light_cones/WorkingFolder 
Running on host:            n1340
Job id:                     8095101
Job name:                   otoc_simulation_N11_TR_FIDONLY
Number of nodes allocated:  
Number of cores allocated:  1
#threads of Julia:          96
#threads of BLAS:           1
ARGS = ["11", "10", "50", "BS", "x", "9", "500", "Rhim71"]
LOCATION = "/lustre/work/ws/ws1/hd_ku269-logs/LightCones/2023-01-11"
N = 11
SHOTS = 10
MULT_RANDOM_STATES = true
N_RANDOM_STATES = 50
TYPE_OF_RS = "BS"
OBSERVABLE = "x"
DISORDER_PARAM = 9.0
[2023-01-11T14:27:15.196]**********Running simulation**********
[2023-01-11T14:27:15.252]trange = 0.1:0.1:20.0
[2023-01-11T14:27:15.574]A = σx
[2023-01-11T14:27:16.120]alpha=6
[2023-01-11T14:27:16.120]PBC
SlowPulse([1.0, 0.0, 0.0], π, 7853.981633974482)SlowPulse([-1.0, 0.0, 0.0], π, 7853.981633974482)2[2023-01-11T14:27:18.935]Operations set up.
Using multiple states.
10025.836480 seconds (13.73 G allocations: 46.288 TiB, 18.84% gc time, 0.07% compilation time)
[2023-01-11T17:14:46.576]Completed Shot 1, state 7
10026.819079 seconds (13.73 G allocations: 46.293 TiB, 18.84% gc time, 0.07% compilation time)
[2023-01-11T17:14:47.512]Completed Shot 1, state 4
10040.212993 seconds (13.74 G allocations: 46.325 TiB, 18.83% gc time, 0.13% compilation time)
[2023-01-11T17:14:54.688]Completed Shot 1, state 31
10040.387467 seconds (13.74 G allocations: 46.348 TiB, 18.85% gc time, 0.07% compilation time)
[2023-01-11T17:15:01.070]Completed Shot 1, state 42
10053.121202 seconds (13.76 G allocations: 46.402 TiB, 18.85% gc time, 0.07% compilation time)
[2023-01-11T17:15:13.580]Completed Shot 1, state 36
10079.341396 seconds (13.80 G allocations: 46.529 TiB, 18.84% gc time, 0.07% compilation time)
[2023-01-11T17:15:40.235]Completed Shot 1, state 26
10089.708138 seconds (13.80 G allocations: 46.546 TiB, 18.83% gc time, 0.13% compilation time)
[2023-01-11T17:15:44.183]Completed Shot 1, state 6
10084.904279 seconds (13.81 G allocations: 46.555 TiB, 18.84% gc time, 0.07% compilation time)
[2023-01-11T17:15:45.646]Completed Shot 1, state 18
10085.556536 seconds (13.81 G allocations: 46.559 TiB, 18.84% gc time, 0.07% compilation time)
[2023-01-11T17:15:46.449]Completed Shot 1, state 2
10099.158260 seconds (13.82 G allocations: 46.615 TiB, 18.85% gc time, 0.07% compilation time)
[2023-01-11T17:16:00.051]Completed Shot 1, state 35
10103.651722 seconds (13.83 G allocations: 46.630 TiB, 18.85% gc time, 0.07% compilation time)
[2023-01-11T17:16:04.110]Completed Shot 1, state 38
10114.088541 seconds (13.83 G allocations: 46.653 TiB, 18.83% gc time, 0.13% compilation time)
[2023-01-11T17:16:08.537]Completed Shot 1, state 1
10110.643852 seconds (13.84 G allocations: 46.660 TiB, 18.85% gc time, 0.07% compilation time)
[2023-01-11T17:16:11.102]Completed Shot 1, state 3
10113.833065 seconds (13.84 G allocations: 46.676 TiB, 18.84% gc time, 0.07% compilation time)
[2023-01-11T17:16:14.292]Completed Shot 1, state 24
10115.417086 seconds (13.84 G allocations: 46.681 TiB, 18.85% gc time, 0.07% compilation time)
[2023-01-11T17:16:16.323]Completed Shot 1, state 41
10134.350928 seconds (13.86 G allocations: 46.734 TiB, 18.83% gc time, 0.13% compilation time)
[2023-01-11T17:16:28.825]Completed Shot 1, state 13
10132.948143 seconds (13.86 G allocations: 46.757 TiB, 18.84% gc time, 0.07% compilation time)
[2023-01-11T17:16:33.625]Completed Shot 1, state 9
10132.937397 seconds (13.86 G allocations: 46.757 TiB, 18.84% gc time, 0.07% compilation time)
[2023-01-11T17:16:33.630]Completed Shot 1, state 30
10150.918744 seconds (13.88 G allocations: 46.802 TiB, 18.82% gc time, 0.13% compilation time)
[2023-01-11T17:16:45.394]Completed Shot 1, state 5
10152.706440 seconds (13.88 G allocations: 46.805 TiB, 18.83% gc time, 0.13% compilation time)
[2023-01-11T17:16:47.155]Completed Shot 1, state 27
10147.810666 seconds (13.88 G allocations: 46.811 TiB, 18.84% gc time, 0.07% compilation time)
[2023-01-11T17:16:48.504]Completed Shot 1, state 11
10153.175480 seconds (13.89 G allocations: 46.832 TiB, 18.84% gc time, 0.07% compilation time)
[2023-01-11T17:16:53.867]Completed Shot 1, state 10
10160.047917 seconds (13.89 G allocations: 46.835 TiB, 18.82% gc time, 0.13% compilation time)
[2023-01-11T17:16:54.523]Completed Shot 1, state 14
10155.725853 seconds (13.89 G allocations: 46.842 TiB, 18.83% gc time, 0.07% compilation time)
[2023-01-11T17:16:56.185]Completed Shot 1, state 15
10155.549770 seconds (13.89 G allocations: 46.843 TiB, 18.83% gc time, 0.07% compilation time)
[2023-01-11T17:16:56.469]Completed Shot 1, state 49
10159.846101 seconds (13.89 G allocations: 46.857 TiB, 18.83% gc time, 0.07% compilation time)
[2023-01-11T17:17:00.528]Completed Shot 1, state 25
10160.495695 seconds (13.89 G allocations: 46.859 TiB, 18.83% gc time, 0.07% compilation time)
[2023-01-11T17:17:00.955]Completed Shot 1, state 48
10166.096790 seconds (13.90 G allocations: 46.879 TiB, 18.82% gc time, 0.07% compilation time)
[2023-01-11T17:17:06.779]Completed Shot 1, state 45
10173.682126 seconds (13.90 G allocations: 46.882 TiB, 18.81% gc time, 0.13% compilation time)
[2023-01-11T17:17:08.157]Completed Shot 1, state 39
10173.528635 seconds (13.91 G allocations: 46.901 TiB, 18.81% gc time, 0.07% compilation time)
[2023-01-11T17:17:14.224]Completed Shot 1, state 29
10179.894260 seconds (13.91 G allocations: 46.902 TiB, 18.80% gc time, 0.13% compilation time)
[2023-01-11T17:17:14.369]Completed Shot 1, state 50
10174.965016 seconds (13.91 G allocations: 46.906 TiB, 18.81% gc time, 0.07% compilation time)
[2023-01-11T17:17:15.721]Completed Shot 1, state 34
10175.441336 seconds (13.91 G allocations: 46.907 TiB, 18.81% gc time, 0.07% compilation time)
[2023-01-11T17:17:15.900]Completed Shot 1, state 37
10177.598592 seconds (13.91 G allocations: 46.911 TiB, 18.81% gc time, 0.07% compilation time)
[2023-01-11T17:17:18.057]Completed Shot 1, state 23
10177.673690 seconds (13.91 G allocations: 46.912 TiB, 18.81% gc time, 0.07% compilation time)
[2023-01-11T17:17:18.563]Completed Shot 1, state 47
10182.947107 seconds (13.91 G allocations: 46.926 TiB, 18.80% gc time, 0.07% compilation time)
[2023-01-11T17:17:23.703]Completed Shot 1, state 19
10186.395372 seconds (13.92 G allocations: 46.933 TiB, 18.80% gc time, 0.07% compilation time)
[2023-01-11T17:17:26.854]Completed Shot 1, state 40
10186.420365 seconds (13.92 G allocations: 46.934 TiB, 18.80% gc time, 0.07% compilation time)
[2023-01-11T17:17:27.163]Completed Shot 1, state 43
10189.087139 seconds (13.92 G allocations: 46.940 TiB, 18.80% gc time, 0.07% compilation time)
[2023-01-11T17:17:29.783]Completed Shot 1, state 46
10192.756156 seconds (13.92 G allocations: 46.947 TiB, 18.79% gc time, 0.07% compilation time)
[2023-01-11T17:17:33.439]Completed Shot 1, state 44
10196.867947 seconds (13.92 G allocations: 46.955 TiB, 18.79% gc time, 0.07% compilation time)
[2023-01-11T17:17:37.551]Completed Shot 1, state 22
10203.593923 seconds (13.92 G allocations: 46.956 TiB, 18.77% gc time, 0.13% compilation time)
[2023-01-11T17:17:38.042]Completed Shot 1, state 28
10198.192447 seconds (13.92 G allocations: 46.957 TiB, 18.78% gc time, 0.07% compilation time)
[2023-01-11T17:17:39.109]Completed Shot 1, state 32
10198.731362 seconds (13.92 G allocations: 46.958 TiB, 18.78% gc time, 0.07% compilation time)
[2023-01-11T17:17:39.654]Completed Shot 1, state 33
10201.069518 seconds (13.92 G allocations: 46.960 TiB, 18.78% gc time, 0.07% compilation time)
[2023-01-11T17:17:41.812]Completed Shot 1, state 20
10209.045812 seconds (13.93 G allocations: 46.962 TiB, 18.76% gc time, 0.13% compilation time)
[2023-01-11T17:17:43.494]Completed Shot 1, state 12
10217.944147 seconds (13.93 G allocations: 46.974 TiB, 18.75% gc time, 0.07% compilation time)
[2023-01-11T17:17:58.628]Completed Shot 1, state 16
10220.810578 seconds (13.93 G allocations: 46.975 TiB, 18.75% gc time, 0.07% compilation time)
[2023-01-11T17:18:01.502]Completed Shot 1, state 21
10265.584041 seconds (13.93 G allocations: 46.993 TiB, 18.67% gc time, 0.07% compilation time)
[2023-01-11T17:18:46.275]Completed Shot 1, state 17
10326.988206 seconds (13.94 G allocations: 46.998 TiB, 18.56% gc time, 0.07% compilation time)
[2023-01-11T17:19:47.682]Completed Shot 1, state 8
10228.183534 seconds (13.74 G allocations: 46.343 TiB, 19.43% gc time)
[2023-01-11T20:10:15.873]Completed Shot 2, state 17
10229.879517 seconds (13.74 G allocations: 46.353 TiB, 19.42% gc time)
[2023-01-11T20:10:17.566]Completed Shot 2, state 3
10242.236602 seconds (13.75 G allocations: 46.402 TiB, 19.42% gc time)
[2023-01-11T20:10:29.930]Completed Shot 2, state 45
10261.246646 seconds (13.78 G allocations: 46.494 TiB, 19.41% gc time)
[2023-01-11T20:10:48.938]Completed Shot 2, state 31
10262.828567 seconds (13.78 G allocations: 46.502 TiB, 19.41% gc time)
[2023-01-11T20:10:50.516]Completed Shot 2, state 11
10269.764483 seconds (13.79 G allocations: 46.527 TiB, 19.42% gc time)
[2023-01-11T20:10:57.458]Completed Shot 2, state 50
10272.148736 seconds (13.79 G allocations: 46.540 TiB, 19.41% gc time)
[2023-01-11T20:10:59.836]Completed Shot 2, state 9
10275.096516 seconds (13.80 G allocations: 46.557 TiB, 19.41% gc time)
[2023-01-11T20:11:02.785]Completed Shot 2, state 15
10278.687856 seconds (13.80 G allocations: 46.564 TiB, 19.42% gc time)
[2023-01-11T20:11:06.379]Completed Shot 2, state 29
10283.902261 seconds (13.81 G allocations: 46.592 TiB, 19.41% gc time)
[2023-01-11T20:11:11.594]Completed Shot 2, state 33
10284.746060 seconds (13.81 G allocations: 46.596 TiB, 19.41% gc time)
[2023-01-11T20:11:12.438]Completed Shot 2, state 36
10293.581999 seconds (13.82 G allocations: 46.631 TiB, 19.42% gc time)
[2023-01-11T20:11:21.273]Completed Shot 2, state 32
10295.665646 seconds (13.82 G allocations: 46.642 TiB, 19.41% gc time)
[2023-01-11T20:11:23.353]Completed Shot 2, state 8
10297.565217 seconds (13.83 G allocations: 46.651 TiB, 19.41% gc time)
[2023-01-11T20:11:25.258]Completed Shot 2, state 42
10311.567855 seconds (13.84 G allocations: 46.699 TiB, 19.42% gc time)
[2023-01-11T20:11:39.261]Completed Shot 2, state 48
10311.769623 seconds (13.84 G allocations: 46.700 TiB, 19.42% gc time)
[2023-01-11T20:11:39.459]Completed Shot 2, state 21
10312.399823 seconds (13.84 G allocations: 46.703 TiB, 19.42% gc time)
[2023-01-11T20:11:40.090]Completed Shot 2, state 24
10314.751858 seconds (13.85 G allocations: 46.715 TiB, 19.41% gc time)
[2023-01-11T20:11:42.441]Completed Shot 2, state 16
10315.231831 seconds (13.85 G allocations: 46.717 TiB, 19.41% gc time)
[2023-01-11T20:11:42.925]Completed Shot 2, state 41
10319.501402 seconds (13.85 G allocations: 46.736 TiB, 19.40% gc time)
[2023-01-11T20:11:47.191]Completed Shot 2, state 19
10329.440105 seconds (13.86 G allocations: 46.772 TiB, 19.40% gc time)
[2023-01-11T20:11:57.127]Completed Shot 2, state 5
10329.478645 seconds (13.86 G allocations: 46.773 TiB, 19.40% gc time)
[2023-01-11T20:11:57.165]Completed Shot 2, state 4
10331.121238 seconds (13.86 G allocations: 46.776 TiB, 19.40% gc time)
[2023-01-11T20:11:58.811]Completed Shot 2, state 23
10345.151696 seconds (13.88 G allocations: 46.830 TiB, 19.39% gc time)
[2023-01-11T20:12:12.840]Completed Shot 2, state 14
10345.839659 seconds (13.88 G allocations: 46.833 TiB, 19.39% gc time)
[2023-01-11T20:12:13.532]Completed Shot 2, state 39
10348.361441 seconds (13.88 G allocations: 46.840 TiB, 19.39% gc time)
[2023-01-11T20:12:16.052]Completed Shot 2, state 26
10352.775475 seconds (13.89 G allocations: 46.857 TiB, 19.38% gc time)
[2023-01-11T20:12:20.465]Completed Shot 2, state 18
10354.351946 seconds (13.89 G allocations: 46.862 TiB, 19.38% gc time)
[2023-01-11T20:12:22.046]Completed Shot 2, state 49
10357.191376 seconds (13.89 G allocations: 46.870 TiB, 19.38% gc time)
[2023-01-11T20:12:24.878]Completed Shot 2, state 7
10365.675505 seconds (13.90 G allocations: 46.895 TiB, 19.37% gc time)
[2023-01-11T20:12:33.364]Completed Shot 2, state 12
10367.251261 seconds (13.90 G allocations: 46.901 TiB, 19.37% gc time)
[2023-01-11T20:12:34.945]Completed Shot 2, state 47
10368.451182 seconds (13.90 G allocations: 46.905 TiB, 19.37% gc time)
[2023-01-11T20:12:36.143]Completed Shot 2, state 38
10370.963015 seconds (13.90 G allocations: 46.912 TiB, 19.36% gc time)
[2023-01-11T20:12:38.649]Completed Shot 2, state 2
10372.296826 seconds (13.91 G allocations: 46.916 TiB, 19.36% gc time)
[2023-01-11T20:12:39.989]Completed Shot 2, state 37
10375.321329 seconds (13.91 G allocations: 46.922 TiB, 19.36% gc time)
[2023-01-11T20:12:43.007]Completed Shot 2, state 1
10380.224399 seconds (13.91 G allocations: 46.935 TiB, 19.35% gc time)
[2023-01-11T20:12:47.914]Completed Shot 2, state 20
10382.509038 seconds (13.91 G allocations: 46.939 TiB, 19.36% gc time)
[2023-01-11T20:12:50.202]Completed Shot 2, state 44
10383.091318 seconds (13.91 G allocations: 46.940 TiB, 19.36% gc time)
[2023-01-11T20:12:50.780]Completed Shot 2, state 13
10383.703773 seconds (13.91 G allocations: 46.942 TiB, 19.36% gc time)
[2023-01-11T20:12:51.397]Completed Shot 2, state 46
10385.621314 seconds (13.91 G allocations: 46.946 TiB, 19.35% gc time)
[2023-01-11T20:12:53.313]Completed Shot 2, state 34
10386.439271 seconds (13.91 G allocations: 46.947 TiB, 19.35% gc time)
[2023-01-11T20:12:54.126]Completed Shot 2, state 6
10389.865503 seconds (13.92 G allocations: 46.952 TiB, 19.35% gc time)
[2023-01-11T20:12:57.557]Completed Shot 2, state 35
10390.598715 seconds (13.92 G allocations: 46.953 TiB, 19.35% gc time)
[2023-01-11T20:12:58.290]Completed Shot 2, state 30
10403.770766 seconds (13.92 G allocations: 46.969 TiB, 19.33% gc time)
[2023-01-11T20:13:11.461]Completed Shot 2, state 25
10414.120285 seconds (13.92 G allocations: 46.981 TiB, 19.31% gc time)
[2023-01-11T20:13:21.811]Completed Shot 2, state 28
10414.263116 seconds (13.92 G allocations: 46.982 TiB, 19.31% gc time)
[2023-01-11T20:13:21.956]Completed Shot 2, state 43
10418.045855 seconds (13.93 G allocations: 46.985 TiB, 19.31% gc time)
[2023-01-11T20:13:25.733]Completed Shot 2, state 10
10437.312028 seconds (13.93 G allocations: 46.996 TiB, 19.27% gc time)
[2023-01-11T20:13:45.003]Completed Shot 2, state 27
10441.005445 seconds (13.93 G allocations: 46.997 TiB, 19.27% gc time)
[2023-01-11T20:13:48.698]Completed Shot 2, state 40
10493.878720 seconds (13.93 G allocations: 47.002 TiB, 19.17% gc time)
[2023-01-11T20:14:41.569]Completed Shot 2, state 22
10272.989794 seconds (13.46 G allocations: 45.426 TiB, 19.88% gc time)
[2023-01-11T23:05:54.566]Completed Shot 3, state 30
10365.982508 seconds (13.59 G allocations: 45.854 TiB, 19.87% gc time)
[2023-01-11T23:07:27.557]Completed Shot 3, state 22
10383.456045 seconds (13.61 G allocations: 45.929 TiB, 19.87% gc time)
[2023-01-11T23:07:45.028]Completed Shot 3, state 10
10450.604537 seconds (13.70 G allocations: 46.244 TiB, 19.85% gc time)
[2023-01-11T23:08:52.178]Completed Shot 3, state 17
10458.359091 seconds (13.71 G allocations: 46.267 TiB, 19.87% gc time)
[2023-01-11T23:08:59.933]Completed Shot 3, state 18
10475.012958 seconds (13.73 G allocations: 46.338 TiB, 19.87% gc time)
[2023-01-11T23:09:16.587]Completed Shot 3, state 20
10488.059056 seconds (13.75 G allocations: 46.386 TiB, 19.88% gc time)
[2023-01-11T23:09:29.634]Completed Shot 3, state 26
10491.690501 seconds (13.75 G allocations: 46.407 TiB, 19.87% gc time)
[2023-01-11T23:09:33.269]Completed Shot 3, state 48
10521.602013 seconds (13.79 G allocations: 46.533 TiB, 19.88% gc time)
[2023-01-11T23:10:03.173]Completed Shot 3, state 6
10531.808820 seconds (13.81 G allocations: 46.587 TiB, 19.86% gc time)
[2023-01-11T23:10:13.383]Completed Shot 3, state 23
10537.741331 seconds (13.81 G allocations: 46.602 TiB, 19.88% gc time)
[2023-01-11T23:10:19.320]Completed Shot 3, state 50
10540.489421 seconds (13.81 G allocations: 46.616 TiB, 19.87% gc time)
[2023-01-11T23:10:22.065]Completed Shot 3, state 28
10548.507859 seconds (13.83 G allocations: 46.656 TiB, 19.86% gc time)
[2023-01-11T23:10:30.079]Completed Shot 3, state 5
10556.163199 seconds (13.83 G allocations: 46.679 TiB, 19.87% gc time)
[2023-01-11T23:10:37.740]Completed Shot 3, state 42
10559.911489 seconds (13.84 G allocations: 46.697 TiB, 19.86% gc time)
[2023-01-11T23:10:41.483]Completed Shot 3, state 7
10561.802195 seconds (13.84 G allocations: 46.706 TiB, 19.86% gc time)
[2023-01-11T23:10:43.376]Completed Shot 3, state 21
10571.377505 seconds (13.85 G allocations: 46.739 TiB, 19.87% gc time)
[2023-01-11T23:10:52.948]Completed Shot 3, state 3
10578.403414 seconds (13.86 G allocations: 46.771 TiB, 19.85% gc time)
[2023-01-11T23:10:59.979]Completed Shot 3, state 34
10579.022158 seconds (13.86 G allocations: 46.774 TiB, 19.85% gc time)
[2023-01-11T23:11:00.594]Completed Shot 3, state 8
10583.114912 seconds (13.86 G allocations: 46.783 TiB, 19.86% gc time)
[2023-01-11T23:11:04.693]Completed Shot 3, state 47
10583.352253 seconds (13.86 G allocations: 46.784 TiB, 19.86% gc time)
[2023-01-11T23:11:04.923]Completed Shot 3, state 1
10584.598309 seconds (13.87 G allocations: 46.790 TiB, 19.86% gc time)
[2023-01-11T23:11:06.173]Completed Shot 3, state 25
10590.594640 seconds (13.87 G allocations: 46.815 TiB, 19.85% gc time)
[2023-01-11T23:11:12.168]Completed Shot 3, state 16
10591.960091 seconds (13.87 G allocations: 46.820 TiB, 19.85% gc time)
[2023-01-11T23:11:13.537]Completed Shot 3, state 41
10598.699807 seconds (13.88 G allocations: 46.841 TiB, 19.85% gc time)
[2023-01-11T23:11:20.276]Completed Shot 3, state 37
10603.261192 seconds (13.89 G allocations: 46.859 TiB, 19.84% gc time)
[2023-01-11T23:11:24.837]Completed Shot 3, state 32
10608.701018 seconds (13.89 G allocations: 46.871 TiB, 19.85% gc time)
[2023-01-11T23:11:30.278]Completed Shot 3, state 44
10609.584729 seconds (13.89 G allocations: 46.874 TiB, 19.85% gc time)
[2023-01-11T23:11:31.158]Completed Shot 3, state 14
10612.756480 seconds (13.89 G allocations: 46.886 TiB, 19.84% gc time)
[2023-01-11T23:11:34.333]Completed Shot 3, state 39
10612.848907 seconds (13.89 G allocations: 46.886 TiB, 19.84% gc time)
[2023-01-11T23:11:34.425]Completed Shot 3, state 36
10613.763629 seconds (13.89 G allocations: 46.889 TiB, 19.84% gc time)
[2023-01-11T23:11:35.339]Completed Shot 3, state 31
10614.765959 seconds (13.90 G allocations: 46.892 TiB, 19.84% gc time)
[2023-01-11T23:11:36.343]Completed Shot 3, state 45
10617.661046 seconds (13.90 G allocations: 46.900 TiB, 19.83% gc time)
[2023-01-11T23:11:39.236]Completed Shot 3, state 29
10618.637543 seconds (13.90 G allocations: 46.903 TiB, 19.83% gc time)
[2023-01-11T23:11:40.214]Completed Shot 3, state 38
10620.825527 seconds (13.90 G allocations: 46.905 TiB, 19.84% gc time)
[2023-01-11T23:11:42.403]Completed Shot 3, state 43
10625.062763 seconds (13.90 G allocations: 46.917 TiB, 19.83% gc time)
[2023-01-11T23:11:46.640]Completed Shot 3, state 46
10628.773750 seconds (13.91 G allocations: 46.926 TiB, 19.82% gc time)
[2023-01-11T23:11:50.350]Completed Shot 3, state 40
10628.878258 seconds (13.91 G allocations: 46.926 TiB, 19.82% gc time)
[2023-01-11T23:11:50.451]Completed Shot 3, state 13
10629.501581 seconds (13.91 G allocations: 46.928 TiB, 19.82% gc time)
[2023-01-11T23:11:51.075]Completed Shot 3, state 19
10629.658722 seconds (13.91 G allocations: 46.928 TiB, 19.82% gc time)
[2023-01-11T23:11:51.232]Completed Shot 3, state 15
10635.676776 seconds (13.91 G allocations: 46.937 TiB, 19.82% gc time)
[2023-01-11T23:11:57.255]Completed Shot 3, state 49
10642.569450 seconds (13.91 G allocations: 46.948 TiB, 19.81% gc time)
[2023-01-11T23:12:04.142]Completed Shot 3, state 11
10643.926543 seconds (13.91 G allocations: 46.950 TiB, 19.81% gc time)
[2023-01-11T23:12:05.497]Completed Shot 3, state 2
10656.694338 seconds (13.92 G allocations: 46.967 TiB, 19.79% gc time)
[2023-01-11T23:12:18.265]Completed Shot 3, state 4
10657.610308 seconds (13.92 G allocations: 46.968 TiB, 19.79% gc time)
[2023-01-11T23:12:19.185]Completed Shot 3, state 24
10660.035015 seconds (13.92 G allocations: 46.970 TiB, 19.79% gc time)
[2023-01-11T23:12:21.607]Completed Shot 3, state 9
10675.238291 seconds (13.92 G allocations: 46.981 TiB, 19.76% gc time)
[2023-01-11T23:12:36.814]Completed Shot 3, state 35
10679.279174 seconds (13.92 G allocations: 46.984 TiB, 19.75% gc time)
[2023-01-11T23:12:40.852]Completed Shot 3, state 12
10693.015424 seconds (13.92 G allocations: 46.990 TiB, 19.73% gc time)
[2023-01-11T23:12:54.590]Completed Shot 3, state 27
10731.442405 seconds (13.93 G allocations: 46.993 TiB, 19.66% gc time)
[2023-01-11T23:13:33.018]Completed Shot 3, state 33
9899.208193 seconds (13.69 G allocations: 46.209 TiB, 17.36% gc time)
[2023-01-12T01:58:32.232]Completed Shot 4, state 4
9900.874895 seconds (13.70 G allocations: 46.218 TiB, 17.36% gc time)
[2023-01-12T01:58:33.900]Completed Shot 4, state 17
9941.088337 seconds (13.75 G allocations: 46.412 TiB, 17.35% gc time)
[2023-01-12T01:59:14.115]Completed Shot 4, state 25
9947.265462 seconds (13.76 G allocations: 46.443 TiB, 17.35% gc time)
[2023-01-12T01:59:20.293]Completed Shot 4, state 27
9953.528339 seconds (13.77 G allocations: 46.472 TiB, 17.35% gc time)
[2023-01-12T01:59:26.552]Completed Shot 4, state 9
9961.283977 seconds (13.78 G allocations: 46.508 TiB, 17.35% gc time)
[2023-01-12T01:59:34.309]Completed Shot 4, state 13
9971.058513 seconds (13.80 G allocations: 46.556 TiB, 17.34% gc time)
[2023-01-12T01:59:44.088]Completed Shot 4, state 43
9973.862944 seconds (13.80 G allocations: 46.570 TiB, 17.34% gc time)
[2023-01-12T01:59:46.890]Completed Shot 4, state 28
9974.951965 seconds (13.80 G allocations: 46.575 TiB, 17.34% gc time)
[2023-01-12T01:59:47.976]Completed Shot 4, state 7
9988.073770 seconds (13.82 G allocations: 46.634 TiB, 17.34% gc time)
[2023-01-12T02:00:01.101]Completed Shot 4, state 26
9993.547943 seconds (13.83 G allocations: 46.660 TiB, 17.34% gc time)
[2023-01-12T02:00:06.578]Completed Shot 4, state 47
10000.050067 seconds (13.83 G allocations: 46.690 TiB, 17.34% gc time)
[2023-01-12T02:00:13.080]Completed Shot 4, state 46
10005.816628 seconds (13.84 G allocations: 46.716 TiB, 17.34% gc time)
[2023-01-12T02:00:18.845]Completed Shot 4, state 36
10006.879753 seconds (13.84 G allocations: 46.720 TiB, 17.34% gc time)
[2023-01-12T02:00:19.904]Completed Shot 4, state 10
10016.102698 seconds (13.86 G allocations: 46.760 TiB, 17.34% gc time)
[2023-01-12T02:00:29.127]Completed Shot 4, state 11
10016.810097 seconds (13.86 G allocations: 46.763 TiB, 17.34% gc time)
[2023-01-12T02:00:29.838]Completed Shot 4, state 30
10019.736308 seconds (13.86 G allocations: 46.775 TiB, 17.33% gc time)
[2023-01-12T02:00:32.765]Completed Shot 4, state 34
10022.731126 seconds (13.86 G allocations: 46.788 TiB, 17.33% gc time)
[2023-01-12T02:00:35.761]Completed Shot 4, state 45
10025.036414 seconds (13.87 G allocations: 46.797 TiB, 17.33% gc time)
[2023-01-12T02:00:38.059]Completed Shot 4, state 2
10027.965204 seconds (13.87 G allocations: 46.810 TiB, 17.33% gc time)
[2023-01-12T02:00:40.994]Completed Shot 4, state 41
10029.741765 seconds (13.87 G allocations: 46.817 TiB, 17.33% gc time)
[2023-01-12T02:00:42.768]Completed Shot 4, state 21
10032.812123 seconds (13.88 G allocations: 46.829 TiB, 17.33% gc time)
[2023-01-12T02:00:45.841]Completed Shot 4, state 40
10033.453969 seconds (13.88 G allocations: 46.831 TiB, 17.33% gc time)
[2023-01-12T02:00:46.484]Completed Shot 4, state 49
10033.594779 seconds (13.88 G allocations: 46.832 TiB, 17.33% gc time)
[2023-01-12T02:00:46.623]Completed Shot 4, state 35
10033.740746 seconds (13.88 G allocations: 46.832 TiB, 17.33% gc time)
[2023-01-12T02:00:46.771]Completed Shot 4, state 48
10036.624555 seconds (13.88 G allocations: 46.843 TiB, 17.33% gc time)
[2023-01-12T02:00:49.649]Completed Shot 4, state 14
10037.591244 seconds (13.88 G allocations: 46.847 TiB, 17.33% gc time)
[2023-01-12T02:00:50.619]Completed Shot 4, state 29
10037.798170 seconds (13.88 G allocations: 46.847 TiB, 17.32% gc time)
[2023-01-12T02:00:50.824]Completed Shot 4, state 18
10041.497507 seconds (13.88 G allocations: 46.860 TiB, 17.32% gc time)
[2023-01-12T02:00:54.523]Completed Shot 4, state 15
10041.542256 seconds (13.88 G allocations: 46.860 TiB, 17.32% gc time)
[2023-01-12T02:00:54.567]Completed Shot 4, state 12
10042.202777 seconds (13.89 G allocations: 46.862 TiB, 17.32% gc time)
[2023-01-12T02:00:55.231]Completed Shot 4, state 32
10045.447994 seconds (13.89 G allocations: 46.871 TiB, 17.32% gc time)
[2023-01-12T02:00:58.472]Completed Shot 4, state 8
10046.596113 seconds (13.89 G allocations: 46.874 TiB, 17.32% gc time)
[2023-01-12T02:00:59.625]Completed Shot 4, state 39
10047.425580 seconds (13.89 G allocations: 46.876 TiB, 17.32% gc time)
[2023-01-12T02:01:00.454]Completed Shot 4, state 38
10050.027668 seconds (13.89 G allocations: 46.883 TiB, 17.32% gc time)
[2023-01-12T02:01:03.054]Completed Shot 4, state 23
10053.831256 seconds (13.89 G allocations: 46.893 TiB, 17.31% gc time)
[2023-01-12T02:01:06.855]Completed Shot 4, state 6
10057.633297 seconds (13.90 G allocations: 46.903 TiB, 17.31% gc time)
[2023-01-12T02:01:10.661]Completed Shot 4, state 33
10060.795710 seconds (13.90 G allocations: 46.910 TiB, 17.31% gc time)
[2023-01-12T02:01:13.819]Completed Shot 4, state 5
10061.044430 seconds (13.90 G allocations: 46.911 TiB, 17.31% gc time)
[2023-01-12T02:01:14.073]Completed Shot 4, state 37
10075.764863 seconds (13.91 G allocations: 46.938 TiB, 17.29% gc time)
[2023-01-12T02:01:28.790]Completed Shot 4, state 16
10075.847439 seconds (13.91 G allocations: 46.938 TiB, 17.29% gc time)
[2023-01-12T02:01:28.877]Completed Shot 4, state 44
10075.938801 seconds (13.91 G allocations: 46.938 TiB, 17.29% gc time)
[2023-01-12T02:01:28.969]Completed Shot 4, state 50
10081.935689 seconds (13.91 G allocations: 46.947 TiB, 17.28% gc time)
[2023-01-12T02:01:34.963]Completed Shot 4, state 31
10088.414873 seconds (13.91 G allocations: 46.955 TiB, 17.28% gc time)
[2023-01-12T02:01:41.441]Completed Shot 4, state 20
10093.170376 seconds (13.91 G allocations: 46.961 TiB, 17.27% gc time)
[2023-01-12T02:01:46.197]Completed Shot 4, state 22
10096.973791 seconds (13.92 G allocations: 46.965 TiB, 17.27% gc time)
[2023-01-12T02:01:49.996]Completed Shot 4, state 1
10098.370184 seconds (13.92 G allocations: 46.966 TiB, 17.26% gc time)
[2023-01-12T02:01:51.397]Completed Shot 4, state 24
10103.873724 seconds (13.92 G allocations: 46.969 TiB, 17.26% gc time)
[2023-01-12T02:01:56.897]Completed Shot 4, state 3
10151.825757 seconds (13.92 G allocations: 46.986 TiB, 17.19% gc time)
[2023-01-12T02:02:44.852]Completed Shot 4, state 19
10198.415018 seconds (13.92 G allocations: 46.990 TiB, 17.13% gc time)
[2023-01-12T02:03:31.444]Completed Shot 4, state 42
9649.062309 seconds (13.71 G allocations: 46.245 TiB, 15.88% gc time)
[2023-01-12T04:44:20.518]Completed Shot 5, state 43
9690.111654 seconds (13.76 G allocations: 46.439 TiB, 15.88% gc time)
[2023-01-12T04:45:01.566]Completed Shot 5, state 45
9700.627928 seconds (13.78 G allocations: 46.489 TiB, 15.88% gc time)
[2023-01-12T04:45:12.080]Completed Shot 5, state 24
9719.016579 seconds (13.80 G allocations: 46.578 TiB, 15.88% gc time)
[2023-01-12T04:45:30.471]Completed Shot 5, state 39
9719.021943 seconds (13.80 G allocations: 46.578 TiB, 15.88% gc time)
[2023-01-12T04:45:30.476]Completed Shot 5, state 36
9720.495670 seconds (13.81 G allocations: 46.586 TiB, 15.88% gc time)
[2023-01-12T04:45:31.949]Completed Shot 5, state 31
9722.330496 seconds (13.81 G allocations: 46.595 TiB, 15.88% gc time)
[2023-01-12T04:45:33.780]Completed Shot 5, state 9
9731.917099 seconds (13.82 G allocations: 46.642 TiB, 15.88% gc time)
[2023-01-12T04:45:43.365]Completed Shot 5, state 2
9737.903754 seconds (13.83 G allocations: 46.671 TiB, 15.88% gc time)
[2023-01-12T04:45:49.352]Completed Shot 5, state 5
9738.837199 seconds (13.83 G allocations: 46.676 TiB, 15.88% gc time)
[2023-01-12T04:45:50.291]Completed Shot 5, state 44
9742.410275 seconds (13.84 G allocations: 46.693 TiB, 15.88% gc time)
[2023-01-12T04:45:53.864]Completed Shot 5, state 49
9743.610505 seconds (13.84 G allocations: 46.698 TiB, 15.88% gc time)
[2023-01-12T04:45:55.064]Completed Shot 5, state 34
9744.329328 seconds (13.84 G allocations: 46.701 TiB, 15.88% gc time)
[2023-01-12T04:45:55.778]Completed Shot 5, state 7
9746.751878 seconds (13.84 G allocations: 46.712 TiB, 15.88% gc time)
[2023-01-12T04:45:58.201]Completed Shot 5, state 11
9748.353385 seconds (13.85 G allocations: 46.719 TiB, 15.88% gc time)
[2023-01-12T04:45:59.807]Completed Shot 5, state 38
9754.303679 seconds (13.85 G allocations: 46.745 TiB, 15.87% gc time)
[2023-01-12T04:46:05.754]Completed Shot 5, state 17
9755.547592 seconds (13.86 G allocations: 46.751 TiB, 15.87% gc time)
[2023-01-12T04:46:07.001]Completed Shot 5, state 37
9757.942911 seconds (13.86 G allocations: 46.761 TiB, 15.87% gc time)
[2023-01-12T04:46:09.396]Completed Shot 5, state 33
9757.967936 seconds (13.86 G allocations: 46.761 TiB, 15.87% gc time)
[2023-01-12T04:46:09.420]Completed Shot 5, state 28
9759.645688 seconds (13.86 G allocations: 46.768 TiB, 15.87% gc time)
[2023-01-12T04:46:11.093]Completed Shot 5, state 1
9765.806478 seconds (13.87 G allocations: 46.793 TiB, 15.87% gc time)
[2023-01-12T04:46:17.261]Completed Shot 5, state 47
9765.923471 seconds (13.87 G allocations: 46.793 TiB, 15.87% gc time)
[2023-01-12T04:46:17.378]Completed Shot 5, state 40
9772.331522 seconds (13.88 G allocations: 46.819 TiB, 15.87% gc time)
[2023-01-12T04:46:23.782]Completed Shot 5, state 14
9773.096475 seconds (13.88 G allocations: 46.822 TiB, 15.87% gc time)
[2023-01-12T04:46:24.545]Completed Shot 5, state 8
9776.508663 seconds (13.88 G allocations: 46.833 TiB, 15.87% gc time)
[2023-01-12T04:46:27.960]Completed Shot 5, state 23
9777.563273 seconds (13.88 G allocations: 46.837 TiB, 15.86% gc time)
[2023-01-12T04:46:29.017]Completed Shot 5, state 48
9782.082227 seconds (13.89 G allocations: 46.852 TiB, 15.86% gc time)
[2023-01-12T04:46:33.534]Completed Shot 5, state 25
9784.513512 seconds (13.89 G allocations: 46.861 TiB, 15.86% gc time)
[2023-01-12T04:46:35.963]Completed Shot 5, state 10
9786.386156 seconds (13.89 G allocations: 46.867 TiB, 15.86% gc time)
[2023-01-12T04:46:37.839]Completed Shot 5, state 32
9786.718295 seconds (13.89 G allocations: 46.868 TiB, 15.86% gc time)
[2023-01-12T04:46:38.169]Completed Shot 5, state 19
9788.112400 seconds (13.89 G allocations: 46.873 TiB, 15.86% gc time)
[2023-01-12T04:46:39.562]Completed Shot 5, state 12
9790.498807 seconds (13.89 G allocations: 46.880 TiB, 15.86% gc time)
[2023-01-12T04:46:41.949]Completed Shot 5, state 16
9790.553461 seconds (13.89 G allocations: 46.880 TiB, 15.86% gc time)
[2023-01-12T04:46:42.003]Completed Shot 5, state 13
9795.237835 seconds (13.90 G allocations: 46.894 TiB, 15.85% gc time)
[2023-01-12T04:46:46.689]Completed Shot 5, state 20
9796.569905 seconds (13.90 G allocations: 46.897 TiB, 15.85% gc time)
[2023-01-12T04:46:48.022]Completed Shot 5, state 29
9805.227064 seconds (13.91 G allocations: 46.920 TiB, 15.85% gc time)
[2023-01-12T04:46:56.681]Completed Shot 5, state 50
9809.098433 seconds (13.91 G allocations: 46.929 TiB, 15.84% gc time)
[2023-01-12T04:47:00.546]Completed Shot 5, state 3
9814.195856 seconds (13.91 G allocations: 46.940 TiB, 15.84% gc time)
[2023-01-12T04:47:05.644]Completed Shot 5, state 6
9814.553270 seconds (13.91 G allocations: 46.941 TiB, 15.84% gc time)
[2023-01-12T04:47:06.003]Completed Shot 5, state 15
9815.479915 seconds (13.91 G allocations: 46.943 TiB, 15.84% gc time)
[2023-01-12T04:47:06.933]Completed Shot 5, state 35
9815.832435 seconds (13.91 G allocations: 46.944 TiB, 15.84% gc time)
[2023-01-12T04:47:07.287]Completed Shot 5, state 41
9817.785620 seconds (13.91 G allocations: 46.947 TiB, 15.83% gc time)
[2023-01-12T04:47:09.236]  Activating project at `/lustre/work/ws/ws1/hd_ku269-light_cones/WorkingFolder`
Completed Shot 5, state 18
9819.114805 seconds (13.91 G allocations: 46.949 TiB, 15.83% gc time)
[2023-01-12T04:47:10.569]Completed Shot 5, state 42
9829.434972 seconds (13.92 G allocations: 46.963 TiB, 15.82% gc time)
[2023-01-12T04:47:20.889]Completed Shot 5, state 46
9843.705065 seconds (13.92 G allocations: 46.979 TiB, 15.81% gc time)
[2023-01-12T04:47:35.153]Completed Shot 5, state 4
9846.653061 seconds (13.92 G allocations: 46.981 TiB, 15.80% gc time)
[2023-01-12T04:47:38.104]Completed Shot 5, state 21
9860.128034 seconds (13.93 G allocations: 46.991 TiB, 15.79% gc time)
[2023-01-12T04:47:51.579]Completed Shot 5, state 22
9864.540132 seconds (13.93 G allocations: 46.993 TiB, 15.78% gc time)
[2023-01-12T04:47:55.992]Completed Shot 5, state 26
9874.613395 seconds (13.93 G allocations: 46.997 TiB, 15.77% gc time)
[2023-01-12T04:48:06.066]Completed Shot 5, state 27
9883.197904 seconds (13.93 G allocations: 46.998 TiB, 15.76% gc time)
[2023-01-12T04:48:14.651]Completed Shot 5, state 30
9545.089533 seconds (13.68 G allocations: 46.154 TiB, 16.09% gc time)
[2023-01-12T07:27:19.745]Completed Shot 6, state 17
9561.871580 seconds (13.70 G allocations: 46.236 TiB, 16.09% gc time)
[2023-01-12T07:27:36.525]Completed Shot 6, state 1
9575.127115 seconds (13.72 G allocations: 46.302 TiB, 16.09% gc time)
[2023-01-12T07:27:49.784]Completed Shot 6, state 25
9598.924953 seconds (13.76 G allocations: 46.419 TiB, 16.09% gc time)
[2023-01-12T07:28:13.581]Completed Shot 6, state 19
9602.140790 seconds (13.76 G allocations: 46.434 TiB, 16.09% gc time)
[2023-01-12T07:28:16.796]Completed Shot 6, state 14
9604.316109 seconds (13.76 G allocations: 46.445 TiB, 16.09% gc time)
[2023-01-12T07:28:18.973]Completed Shot 6, state 26
9616.802337 seconds (13.78 G allocations: 46.504 TiB, 16.09% gc time)
[2023-01-12T07:28:31.462]Completed Shot 6, state 40
9624.743402 seconds (13.79 G allocations: 46.543 TiB, 16.09% gc time)
[2023-01-12T07:28:39.404]Completed Shot 6, state 49
9625.405030 seconds (13.79 G allocations: 46.546 TiB, 16.09% gc time)
[2023-01-12T07:28:40.065]Completed Shot 6, state 43
9652.387050 seconds (13.83 G allocations: 46.672 TiB, 16.08% gc time)
[2023-01-12T07:29:07.047]Completed Shot 6, state 47
9653.842227 seconds (13.83 G allocations: 46.678 TiB, 16.08% gc time)
[2023-01-12T07:29:08.497]Completed Shot 6, state 13
9655.223136 seconds (13.83 G allocations: 46.685 TiB, 16.08% gc time)
[2023-01-12T07:29:09.883]Completed Shot 6, state 50
9660.449242 seconds (13.84 G allocations: 46.708 TiB, 16.08% gc time)
[2023-01-12T07:29:15.108]Completed Shot 6, state 34
9662.364640 seconds (13.84 G allocations: 46.717 TiB, 16.08% gc time)
[2023-01-12T07:29:17.023]Completed Shot 6, state 33
9669.798682 seconds (13.85 G allocations: 46.750 TiB, 16.08% gc time)
[2023-01-12T07:29:24.452]Completed Shot 6, state 5
9670.807614 seconds (13.85 G allocations: 46.755 TiB, 16.08% gc time)
[2023-01-12T07:29:25.466]Completed Shot 6, state 35
9680.563530 seconds (13.87 G allocations: 46.796 TiB, 16.08% gc time)
[2023-01-12T07:29:35.224]Completed Shot 6, state 48
9680.793973 seconds (13.87 G allocations: 46.797 TiB, 16.08% gc time)
[2023-01-12T07:29:35.452]Completed Shot 6, state 29
9681.118347 seconds (13.87 G allocations: 46.798 TiB, 16.08% gc time)
[2023-01-12T07:29:35.776]Completed Shot 6, state 28
9681.732296 seconds (13.87 G allocations: 46.801 TiB, 16.08% gc time)
[2023-01-12T07:29:36.390]Completed Shot 6, state 30
9684.710802 seconds (13.87 G allocations: 46.813 TiB, 16.08% gc time)
[2023-01-12T07:29:39.369]Completed Shot 6, state 31
9688.456018 seconds (13.88 G allocations: 46.828 TiB, 16.08% gc time)
[2023-01-12T07:29:43.109]Completed Shot 6, state 3
9690.116006 seconds (13.88 G allocations: 46.835 TiB, 16.08% gc time)
[2023-01-12T07:29:44.770]Completed Shot 6, state 6
9693.992839 seconds (13.88 G allocations: 46.850 TiB, 16.07% gc time)
[2023-01-12T07:29:48.652]Completed Shot 6, state 38
9696.242143 seconds (13.88 G allocations: 46.858 TiB, 16.07% gc time)
[2023-01-12T07:29:50.897]Completed Shot 6, state 11
9696.771643 seconds (13.89 G allocations: 46.860 TiB, 16.07% gc time)
[2023-01-12T07:29:51.432]Completed Shot 6, state 46
9700.178878 seconds (13.89 G allocations: 46.872 TiB, 16.07% gc time)
[2023-01-12T07:29:54.839]Completed Shot 6, state 45
9700.536784 seconds (13.89 G allocations: 46.873 TiB, 16.07% gc time)
[2023-01-12T07:29:55.195]Completed Shot 6, state 36
9700.570216 seconds (13.89 G allocations: 46.873 TiB, 16.07% gc time)
[2023-01-12T07:29:55.227]Completed Shot 6, state 23
9702.449913 seconds (13.89 G allocations: 46.879 TiB, 16.07% gc time)
[2023-01-12T07:29:57.106]Completed Shot 6, state 18
9702.831911 seconds (13.89 G allocations: 46.880 TiB, 16.07% gc time)
[2023-01-12T07:29:57.486]Completed Shot 6, state 7
9704.223920 seconds (13.89 G allocations: 46.884 TiB, 16.07% gc time)
[2023-01-12T07:29:58.883]Completed Shot 6, state 42
9709.952136 seconds (13.90 G allocations: 46.900 TiB, 16.06% gc time)
[2023-01-12T07:30:04.609]Completed Shot 6, state 24
9713.660802 seconds (13.90 G allocations: 46.910 TiB, 16.06% gc time)
[2023-01-12T07:30:08.316]Completed Shot 6, state 15
9714.673160 seconds (13.90 G allocations: 46.913 TiB, 16.06% gc time)
[2023-01-12T07:30:09.329]Completed Shot 6, state 16
9715.667128 seconds (13.90 G allocations: 46.915 TiB, 16.06% gc time)
[2023-01-12T07:30:10.324]Completed Shot 6, state 27
9715.943716 seconds (13.90 G allocations: 46.916 TiB, 16.06% gc time)
[2023-01-12T07:30:10.598]Completed Shot 6, state 8
9717.092642 seconds (13.90 G allocations: 46.918 TiB, 16.06% gc time)
[2023-01-12T07:30:11.746]Completed Shot 6, state 2
9719.257166 seconds (13.90 G allocations: 46.922 TiB, 16.06% gc time)
[2023-01-12T07:30:13.913]Completed Shot 6, state 20
9721.646303 seconds (13.91 G allocations: 46.927 TiB, 16.05% gc time)
[2023-01-12T07:30:16.306]Completed Shot 6, state 44
9727.227581 seconds (13.91 G allocations: 46.937 TiB, 16.05% gc time)
[2023-01-12T07:30:21.886]Completed Shot 6, state 37
9729.937199 seconds (13.91 G allocations: 46.941 TiB, 16.05% gc time)
[2023-01-12T07:30:24.596]Completed Shot 6, state 39
9737.322345 seconds (13.91 G allocations: 46.952 TiB, 16.04% gc time)
[2023-01-12T07:30:31.977]Completed Shot 6, state 10
9738.948365 seconds (13.91 G allocations: 46.954 TiB, 16.04% gc time)
[2023-01-12T07:30:33.606]Completed Shot 6, state 32
9743.859682 seconds (13.91 G allocations: 46.960 TiB, 16.03% gc time)
[2023-01-12T07:30:38.516]Completed Shot 6, state 22
9747.597227 seconds (13.92 G allocations: 46.964 TiB, 16.03% gc time)
[2023-01-12T07:30:42.252]Completed Shot 6, state 9
9755.498482 seconds (13.92 G allocations: 46.970 TiB, 16.02% gc time)
[2023-01-12T07:30:50.158]Completed Shot 6, state 41
9760.900951 seconds (13.92 G allocations: 46.973 TiB, 16.01% gc time)
[2023-01-12T07:30:55.556]Completed Shot 6, state 12
9785.739639 seconds (13.92 G allocations: 46.983 TiB, 15.98% gc time)
[2023-01-12T07:31:20.396]Completed Shot 6, state 21
9893.536183 seconds (13.92 G allocations: 46.992 TiB, 15.84% gc time)
[2023-01-12T07:33:08.190]Completed Shot 6, state 4
9455.833744 seconds (13.51 G allocations: 45.567 TiB, 15.82% gc time)
[2023-01-12T10:10:44.102]Completed Shot 7, state 3
9523.466584 seconds (13.60 G allocations: 45.899 TiB, 15.82% gc time)
[2023-01-12T10:11:51.665]Completed Shot 7, state 32
9539.778923 seconds (13.63 G allocations: 45.978 TiB, 15.82% gc time)
[2023-01-12T10:12:07.975]Completed Shot 7, state 16
9562.774017 seconds (13.66 G allocations: 46.089 TiB, 15.82% gc time)
[2023-01-12T10:12:30.968]Completed Shot 7, state 7
9571.253466 seconds (13.67 G allocations: 46.130 TiB, 15.82% gc time)
[2023-01-12T10:12:39.454]Completed Shot 7, state 50
9599.128355 seconds (13.71 G allocations: 46.265 TiB, 15.82% gc time)
[2023-01-12T10:13:07.321]Completed Shot 7, state 1
9607.912075 seconds (13.72 G allocations: 46.308 TiB, 15.82% gc time)
[2023-01-12T10:13:16.110]Completed Shot 7, state 31
9625.153025 seconds (13.75 G allocations: 46.391 TiB, 15.82% gc time)
[2023-01-12T10:13:33.352]Completed Shot 7, state 36
9633.475074 seconds (13.76 G allocations: 46.432 TiB, 15.82% gc time)
[2023-01-12T10:13:41.675]Completed Shot 7, state 41
9636.612289 seconds (13.77 G allocations: 46.447 TiB, 15.82% gc time)
[2023-01-12T10:13:44.811]Completed Shot 7, state 38
9638.036120 seconds (13.77 G allocations: 46.454 TiB, 15.82% gc time)
[2023-01-12T10:13:46.235]Completed Shot 7, state 35
9651.047799 seconds (13.78 G allocations: 46.514 TiB, 15.82% gc time)
[2023-01-12T10:13:59.246]Completed Shot 7, state 33
9662.532846 seconds (13.80 G allocations: 46.567 TiB, 15.81% gc time)
[2023-01-12T10:14:10.729]Completed Shot 7, state 17
9664.843373 seconds (13.80 G allocations: 46.578 TiB, 15.81% gc time)
[2023-01-12T10:14:13.041]Completed Shot 7, state 30
9683.470606 seconds (13.83 G allocations: 46.659 TiB, 15.81% gc time)
[2023-01-12T10:14:31.666]Completed Shot 7, state 12
9685.434666 seconds (13.83 G allocations: 46.668 TiB, 15.81% gc time)
[2023-01-12T10:14:33.633]Completed Shot 7, state 34
9693.822833 seconds (13.84 G allocations: 46.704 TiB, 15.81% gc time)
[2023-01-12T10:14:42.017]Completed Shot 7, state 8
9694.338676 seconds (13.84 G allocations: 46.706 TiB, 15.81% gc time)
[2023-01-12T10:14:42.539]Completed Shot 7, state 44
9698.665033 seconds (13.85 G allocations: 46.724 TiB, 15.80% gc time)
[2023-01-12T10:14:46.865]Completed Shot 7, state 49
9700.079316 seconds (13.85 G allocations: 46.730 TiB, 15.80% gc time)
[2023-01-12T10:14:48.276]Completed Shot 7, state 23
9700.570471 seconds (13.85 G allocations: 46.732 TiB, 15.80% gc time)
[2023-01-12T10:14:48.768]Completed Shot 7, state 29
9700.811664 seconds (13.85 G allocations: 46.733 TiB, 15.80% gc time)
[2023-01-12T10:14:49.007]Completed Shot 7, state 15
9702.756125 seconds (13.85 G allocations: 46.740 TiB, 15.80% gc time)
[2023-01-12T10:14:50.949]Completed Shot 7, state 2
9718.783542 seconds (13.87 G allocations: 46.800 TiB, 15.80% gc time)
[2023-01-12T10:15:06.984]Completed Shot 7, state 46
9724.344152 seconds (13.88 G allocations: 46.821 TiB, 15.79% gc time)
[2023-01-12T10:15:12.541]Completed Shot 7, state 26
9728.926462 seconds (13.88 G allocations: 46.837 TiB, 15.79% gc time)
[2023-01-12T10:15:17.124]Completed Shot 7, state 25
9729.216239 seconds (13.88 G allocations: 46.838 TiB, 15.79% gc time)
[2023-01-12T10:15:17.410]Completed Shot 7, state 6
9731.267285 seconds (13.88 G allocations: 46.845 TiB, 15.79% gc time)
[2023-01-12T10:15:19.468]Completed Shot 7, state 47
9731.308760 seconds (13.88 G allocations: 46.846 TiB, 15.79% gc time)
[2023-01-12T10:15:19.504]Completed Shot 7, state 14
9733.468867 seconds (13.88 G allocations: 46.853 TiB, 15.79% gc time)
[2023-01-12T10:15:21.668]Completed Shot 7, state 37
9735.971051 seconds (13.89 G allocations: 46.860 TiB, 15.79% gc time)
[2023-01-12T10:15:24.171]Completed Shot 7, state 48
9739.853722 seconds (13.89 G allocations: 46.872 TiB, 15.79% gc time)
[2023-01-12T10:15:28.047]Completed Shot 7, state 4
9746.894443 seconds (13.90 G allocations: 46.893 TiB, 15.78% gc time)
[2023-01-12T10:15:35.094]Completed Shot 7, state 43
9752.637079 seconds (13.90 G allocations: 46.909 TiB, 15.78% gc time)
[2023-01-12T10:15:40.832]Completed Shot 7, state 10
9756.263256 seconds (13.90 G allocations: 46.918 TiB, 15.77% gc time)
[2023-01-12T10:15:44.458]Completed Shot 7, state 11
9760.349737 seconds (13.91 G allocations: 46.929 TiB, 15.77% gc time)
[2023-01-12T10:15:48.547]Completed Shot 7, state 24
9762.655626 seconds (13.91 G allocations: 46.935 TiB, 15.77% gc time)
[2023-01-12T10:15:50.849]Completed Shot 7, state 5
9766.329006 seconds (13.91 G allocations: 46.943 TiB, 15.76% gc time)
[2023-01-12T10:15:54.526]Completed Shot 7, state 27
9769.754255 seconds (13.91 G allocations: 46.950 TiB, 15.76% gc time)
[2023-01-12T10:15:57.949]Completed Shot 7, state 13
9771.688232 seconds (13.91 G allocations: 46.954 TiB, 15.76% gc time)
[2023-01-12T10:15:59.885]Completed Shot 7, state 20
9777.938400 seconds (13.92 G allocations: 46.966 TiB, 15.75% gc time)
[2023-01-12T10:16:06.138]Completed Shot 7, state 42
9780.362022 seconds (13.92 G allocations: 46.970 TiB, 15.75% gc time)
[2023-01-12T10:16:08.558]Completed Shot 7, state 19
9786.848255 seconds (13.92 G allocations: 46.980 TiB, 15.74% gc time)
[2023-01-12T10:16:15.048]Completed Shot 7, state 40
9789.808786 seconds (13.92 G allocations: 46.984 TiB, 15.74% gc time)
[2023-01-12T10:16:18.005]Completed Shot 7, state 22
9792.946011 seconds (13.92 G allocations: 46.987 TiB, 15.74% gc time)
[2023-01-12T10:16:21.145]Completed Shot 7, state 39
9795.154666 seconds (13.93 G allocations: 46.990 TiB, 15.73% gc time)
[2023-01-12T10:16:23.352]Completed Shot 7, state 28
9800.684993 seconds (13.93 G allocations: 46.994 TiB, 15.73% gc time)
[2023-01-12T10:16:28.881]Completed Shot 7, state 21
9802.416861 seconds (13.93 G allocations: 46.995 TiB, 15.73% gc time)
[2023-01-12T10:16:30.611]Completed Shot 7, state 9
9804.933297 seconds (13.93 G allocations: 46.996 TiB, 15.72% gc time)
[2023-01-12T10:16:33.129]Completed Shot 7, state 18
9810.600742 seconds (13.93 G allocations: 46.996 TiB, 15.71% gc time)
[2023-01-12T10:16:38.801]Completed Shot 7, state 45
9493.521326 seconds (13.59 G allocations: 45.859 TiB, 16.09% gc time)
[2023-01-12T12:54:52.330]Completed Shot 8, state 25
9534.654036 seconds (13.65 G allocations: 46.057 TiB, 16.09% gc time)
[2023-01-12T12:55:33.462]Completed Shot 8, state 22
9534.891308 seconds (13.65 G allocations: 46.059 TiB, 16.09% gc time)
[2023-01-12T12:55:33.697]Completed Shot 8, state 9
9587.754873 seconds (13.73 G allocations: 46.323 TiB, 16.08% gc time)
[2023-01-12T12:56:26.564]Completed Shot 8, state 33
9600.516056 seconds (13.75 G allocations: 46.387 TiB, 16.08% gc time)
[2023-01-12T12:56:39.327]Completed Shot 8, state 46
9615.502549 seconds (13.77 G allocations: 46.462 TiB, 16.08% gc time)
[2023-01-12T12:56:54.310]Completed Shot 8, state 19
9630.866290 seconds (13.79 G allocations: 46.537 TiB, 16.08% gc time)
[2023-01-12T12:57:09.672]Completed Shot 8, state 8
9642.347013 seconds (13.81 G allocations: 46.593 TiB, 16.08% gc time)
[2023-01-12T12:57:21.155]Completed Shot 8, state 26
9645.177343 seconds (13.81 G allocations: 46.607 TiB, 16.08% gc time)
[2023-01-12T12:57:23.988]Completed Shot 8, state 44
9645.394105 seconds (13.81 G allocations: 46.608 TiB, 16.08% gc time)
[2023-01-12T12:57:24.201]Completed Shot 8, state 15
9658.062586 seconds (13.83 G allocations: 46.667 TiB, 16.08% gc time)
[2023-01-12T12:57:36.872]Completed Shot 8, state 31
9660.153968 seconds (13.83 G allocations: 46.677 TiB, 16.08% gc time)
[2023-01-12T12:57:38.965]Completed Shot 8, state 47
9660.182452 seconds (13.83 G allocations: 46.677 TiB, 16.08% gc time)
[2023-01-12T12:57:38.991]Completed Shot 8, state 28
9661.084824 seconds (13.83 G allocations: 46.681 TiB, 16.08% gc time)
[2023-01-12T12:57:39.895]Completed Shot 8, state 35
9668.648492 seconds (13.84 G allocations: 46.715 TiB, 16.07% gc time)
[2023-01-12T12:57:47.457]Completed Shot 8, state 24
9677.554407 seconds (13.85 G allocations: 46.754 TiB, 16.07% gc time)
[2023-01-12T12:57:56.366]Completed Shot 8, state 48
9680.245834 seconds (13.86 G allocations: 46.765 TiB, 16.07% gc time)
[2023-01-12T12:57:59.050]Completed Shot 8, state 2
9682.794936 seconds (13.86 G allocations: 46.776 TiB, 16.07% gc time)
[2023-01-12T12:58:01.600]Completed Shot 8, state 6
9684.173434 seconds (13.86 G allocations: 46.782 TiB, 16.07% gc time)
[2023-01-12T12:58:02.985]Completed Shot 8, state 50
9688.939676 seconds (13.87 G allocations: 46.801 TiB, 16.07% gc time)
[2023-01-12T12:58:07.749]Completed Shot 8, state 30
9690.055322 seconds (13.87 G allocations: 46.805 TiB, 16.07% gc time)
[2023-01-12T12:58:08.862]Completed Shot 8, state 16
9693.139482 seconds (13.87 G allocations: 46.817 TiB, 16.07% gc time)
[2023-01-12T12:58:11.950]Completed Shot 8, state 43
9695.912661 seconds (13.88 G allocations: 46.828 TiB, 16.07% gc time)
[2023-01-12T12:58:14.722]Completed Shot 8, state 34
9698.071851 seconds (13.88 G allocations: 46.836 TiB, 16.06% gc time)
[2023-01-12T12:58:16.879]Completed Shot 8, state 17
9702.669208 seconds (13.88 G allocations: 46.853 TiB, 16.06% gc time)
[2023-01-12T12:58:21.477]Completed Shot 8, state 23
9703.082727 seconds (13.88 G allocations: 46.855 TiB, 16.06% gc time)
[2023-01-12T12:58:21.892]Completed Shot 8, state 29
9705.980144 seconds (13.89 G allocations: 46.865 TiB, 16.06% gc time)
[2023-01-12T12:58:24.790]Completed Shot 8, state 36
9707.347982 seconds (13.89 G allocations: 46.869 TiB, 16.06% gc time)
[2023-01-12T12:58:26.158]Completed Shot 8, state 37
9712.082010 seconds (13.89 G allocations: 46.885 TiB, 16.06% gc time)
[2023-01-12T12:58:30.893]Completed Shot 8, state 45
9712.653457 seconds (13.89 G allocations: 46.887 TiB, 16.06% gc time)
[2023-01-12T12:58:31.463]Completed Shot 8, state 32
9712.870157 seconds (13.89 G allocations: 46.888 TiB, 16.06% gc time)
[2023-01-12T12:58:31.675]Completed Shot 8, state 4
9718.012908 seconds (13.90 G allocations: 46.903 TiB, 16.05% gc time)
[2023-01-12T12:58:36.823]Completed Shot 8, state 41
9720.243918 seconds (13.90 G allocations: 46.910 TiB, 16.05% gc time)
[2023-01-12T12:58:39.054]Completed Shot 8, state 40
9723.092434 seconds (13.90 G allocations: 46.918 TiB, 16.05% gc time)
[2023-01-12T12:58:41.899]Completed Shot 8, state 12
9727.267560 seconds (13.91 G allocations: 46.929 TiB, 16.05% gc time)
[2023-01-12T12:58:46.075]Completed Shot 8, state 20
9727.961784 seconds (13.91 G allocations: 46.931 TiB, 16.05% gc time)
[2023-01-12T12:58:46.766]Completed Shot 8, state 3
9729.236442 seconds (13.91 G allocations: 46.934 TiB, 16.05% gc time)
[2023-01-12T12:58:48.047]Completed Shot 8, state 42
9729.293235 seconds (13.91 G allocations: 46.934 TiB, 16.05% gc time)
[2023-01-12T12:58:48.100]Completed Shot 8, state 13
9729.692655 seconds (13.91 G allocations: 46.935 TiB, 16.05% gc time)
[2023-01-12T12:58:48.503]Completed Shot 8, state 38
9734.576993 seconds (13.91 G allocations: 46.945 TiB, 16.04% gc time)
[2023-01-12T12:58:53.386]Completed Shot 8, state 27
9734.624643 seconds (13.91 G allocations: 46.945 TiB, 16.04% gc time)
[2023-01-12T12:58:53.432]Completed Shot 8, state 21
9738.260807 seconds (13.91 G allocations: 46.950 TiB, 16.04% gc time)
[2023-01-12T12:58:57.067]Completed Shot 8, state 11
9740.062645 seconds (13.91 G allocations: 46.953 TiB, 16.04% gc time)
[2023-01-12T12:58:58.874]Completed Shot 8, state 49
9745.266663 seconds (13.91 G allocations: 46.960 TiB, 16.03% gc time)
[2023-01-12T12:59:04.072]Completed Shot 8, state 7
9746.664098 seconds (13.91 G allocations: 46.961 TiB, 16.03% gc time)
[2023-01-12T12:59:05.474]Completed Shot 8, state 39
9753.889706 seconds (13.92 G allocations: 46.968 TiB, 16.02% gc time)
[2023-01-12T12:59:12.695]Completed Shot 8, state 5
9763.805654 seconds (13.92 G allocations: 46.976 TiB, 16.01% gc time)
[2023-01-12T12:59:22.611]Completed Shot 8, state 10
9772.422611 seconds (13.92 G allocations: 46.982 TiB, 16.00% gc time)
[2023-01-12T12:59:31.227]Completed Shot 8, state 1
9775.614952 seconds (13.92 G allocations: 46.983 TiB, 15.99% gc time)
[2023-01-12T12:59:34.422]Completed Shot 8, state 18
9854.191817 seconds (13.92 G allocations: 46.990 TiB, 15.89% gc time)
[2023-01-12T13:00:52.998]Completed Shot 8, state 14
9569.418026 seconds (13.64 G allocations: 46.013 TiB, 15.89% gc time)
[2023-01-12T15:40:22.424]Completed Shot 9, state 24
9576.703205 seconds (13.65 G allocations: 46.046 TiB, 15.89% gc time)
[2023-01-12T15:40:29.711]Completed Shot 9, state 48
9613.672890 seconds (13.70 G allocations: 46.225 TiB, 15.90% gc time)
[2023-01-12T15:41:06.678]Completed Shot 9, state 30
9623.131137 seconds (13.71 G allocations: 46.271 TiB, 15.90% gc time)
[2023-01-12T15:41:16.138]Completed Shot 9, state 45
9632.402556 seconds (13.73 G allocations: 46.316 TiB, 15.90% gc time)
[2023-01-12T15:41:25.407]Completed Shot 9, state 22
9651.794909 seconds (13.75 G allocations: 46.409 TiB, 15.90% gc time)
[2023-01-12T15:41:44.797]Completed Shot 9, state 9
9656.681312 seconds (13.76 G allocations: 46.432 TiB, 15.90% gc time)
[2023-01-12T15:41:49.686]Completed Shot 9, state 29
9673.965166 seconds (13.78 G allocations: 46.513 TiB, 15.90% gc time)
[2023-01-12T15:42:06.971]Completed Shot 9, state 32
9676.373421 seconds (13.79 G allocations: 46.525 TiB, 15.90% gc time)
[2023-01-12T15:42:09.379]Completed Shot 9, state 33
9694.409376 seconds (13.81 G allocations: 46.608 TiB, 15.90% gc time)
[2023-01-12T15:42:27.416]Completed Shot 9, state 40
9705.526431 seconds (13.83 G allocations: 46.660 TiB, 15.89% gc time)
[2023-01-12T15:42:38.531]Completed Shot 9, state 26
9708.126174 seconds (13.83 G allocations: 46.671 TiB, 15.89% gc time)
[2023-01-12T15:42:41.128]Completed Shot 9, state 10
9711.134908 seconds (13.84 G allocations: 46.685 TiB, 15.89% gc time)
[2023-01-12T15:42:44.141]Completed Shot 9, state 38
9712.390464 seconds (13.84 G allocations: 46.691 TiB, 15.89% gc time)
[2023-01-12T15:42:45.397]Completed Shot 9, state 39
9718.126039 seconds (13.84 G allocations: 46.716 TiB, 15.89% gc time)
[2023-01-12T15:42:51.128]Completed Shot 9, state 6
9719.857747 seconds (13.85 G allocations: 46.724 TiB, 15.89% gc time)
[2023-01-12T15:42:52.859]Completed Shot 9, state 7
9724.109657 seconds (13.85 G allocations: 46.742 TiB, 15.89% gc time)
[2023-01-12T15:42:57.110]Completed Shot 9, state 2
9724.748694 seconds (13.85 G allocations: 46.745 TiB, 15.89% gc time)
[2023-01-12T15:42:57.750]Completed Shot 9, state 3
9727.292587 seconds (13.86 G allocations: 46.755 TiB, 15.89% gc time)
[2023-01-12T15:43:00.298]Completed Shot 9, state 28
9727.505031 seconds (13.86 G allocations: 46.756 TiB, 15.89% gc time)
[2023-01-12T15:43:00.511]Completed Shot 9, state 34
9730.618051 seconds (13.86 G allocations: 46.768 TiB, 15.89% gc time)
[2023-01-12T15:43:03.621]Completed Shot 9, state 16
9730.789523 seconds (13.86 G allocations: 46.769 TiB, 15.89% gc time)
[2023-01-12T15:43:03.796]Completed Shot 9, state 41
9732.094425 seconds (13.86 G allocations: 46.774 TiB, 15.89% gc time)
[2023-01-12T15:43:05.097]Completed Shot 9, state 12
9735.522055 seconds (13.87 G allocations: 46.786 TiB, 15.89% gc time)
[2023-01-12T15:43:08.529]Completed Shot 9, state 49
9736.322738 seconds (13.87 G allocations: 46.789 TiB, 15.89% gc time)
[2023-01-12T15:43:09.329]Completed Shot 9, state 36
9739.093216 seconds (13.87 G allocations: 46.799 TiB, 15.88% gc time)
[2023-01-12T15:43:12.100]Completed Shot 9, state 42
9739.185925 seconds (13.87 G allocations: 46.800 TiB, 15.88% gc time)
[2023-01-12T15:43:12.187]Completed Shot 9, state 4
9742.661556 seconds (13.87 G allocations: 46.811 TiB, 15.88% gc time)
[2023-01-12T15:43:15.666]Completed Shot 9, state 23
9743.001274 seconds (13.87 G allocations: 46.812 TiB, 15.88% gc time)
[2023-01-12T15:43:16.007]Completed Shot 9, state 31
9743.412641 seconds (13.87 G allocations: 46.814 TiB, 15.88% gc time)
[2023-01-12T15:43:16.420]Completed Shot 9, state 43
9743.523336 seconds (13.87 G allocations: 46.814 TiB, 15.88% gc time)
[2023-01-12T15:43:16.530]Completed Shot 9, state 47
9743.635337 seconds (13.87 G allocations: 46.814 TiB, 15.88% gc time)
[2023-01-12T15:43:16.638]Completed Shot 9, state 14
9747.720422 seconds (13.88 G allocations: 46.826 TiB, 15.88% gc time)
[2023-01-12T15:43:20.728]Completed Shot 9, state 44
9748.980905 seconds (13.88 G allocations: 46.829 TiB, 15.88% gc time)
[2023-01-12T15:43:21.988]Completed Shot 9, state 46
9755.814561 seconds (13.88 G allocations: 46.846 TiB, 15.87% gc time)
[2023-01-12T15:43:28.816]Completed Shot 9, state 5
9760.808749 seconds (13.89 G allocations: 46.859 TiB, 15.87% gc time)
[2023-01-12T15:43:33.813]Completed Shot 9, state 21
9784.625394 seconds (13.90 G allocations: 46.918 TiB, 15.85% gc time)
[2023-01-12T15:43:57.629]Completed Shot 9, state 17
9785.240661 seconds (13.90 G allocations: 46.919 TiB, 15.85% gc time)
[2023-01-12T15:43:58.247]Completed Shot 9, state 35
9789.977206 seconds (13.91 G allocations: 46.929 TiB, 15.85% gc time)
[2023-01-12T15:44:02.982]Completed Shot 9, state 25
9799.037518 seconds (13.91 G allocations: 46.947 TiB, 15.84% gc time)
[2023-01-12T15:44:12.044]Completed Shot 9, state 37
9799.712954 seconds (13.91 G allocations: 46.948 TiB, 15.84% gc time)
[2023-01-12T15:44:12.717]Completed Shot 9, state 20
9806.891316 seconds (13.92 G allocations: 46.960 TiB, 15.83% gc time)
[2023-01-12T15:44:19.894]Completed Shot 9, state 13
9807.971186 seconds (13.92 G allocations: 46.961 TiB, 15.83% gc time)
[2023-01-12T15:44:20.975]Completed Shot 9, state 18
9810.982266 seconds (13.92 G allocations: 46.965 TiB, 15.83% gc time)
[2023-01-12T15:44:23.984]Completed Shot 9, state 8
9818.435496 seconds (13.92 G allocations: 46.974 TiB, 15.82% gc time)
[2023-01-12T15:44:31.436]Completed Shot 9, state 1
9826.391616 seconds (13.92 G allocations: 46.981 TiB, 15.81% gc time)
[2023-01-12T15:44:39.395]Completed Shot 9, state 15
9826.948505 seconds (13.92 G allocations: 46.981 TiB, 15.81% gc time)
[2023-01-12T15:44:39.956]Completed Shot 9, state 50
9845.537084 seconds (13.93 G allocations: 46.992 TiB, 15.79% gc time)
[2023-01-12T15:44:58.541]Completed Shot 9, state 19
9852.610209 seconds (13.93 G allocations: 46.995 TiB, 15.78% gc time)
[2023-01-12T15:45:05.613]Completed Shot 9, state 11
9862.622294 seconds (13.93 G allocations: 46.996 TiB, 15.76% gc time)
[2023-01-12T15:45:15.627]Completed Shot 9, state 27
9736.727714 seconds (13.71 G allocations: 46.264 TiB, 15.53% gc time)
[2023-01-12T18:27:32.357]Completed Shot 10, state 1
9739.347248 seconds (13.72 G allocations: 46.277 TiB, 15.53% gc time)
[2023-01-12T18:27:34.984]Completed Shot 10, state 35
9746.794381 seconds (13.73 G allocations: 46.315 TiB, 15.53% gc time)
[2023-01-12T18:27:42.424]Completed Shot 10, state 4
9762.213996 seconds (13.75 G allocations: 46.391 TiB, 15.52% gc time)
[2023-01-12T18:27:57.843]Completed Shot 10, state 3
9767.917473 seconds (13.76 G allocations: 46.418 TiB, 15.52% gc time)
[2023-01-12T18:28:03.550]Completed Shot 10, state 16
9768.768902 seconds (13.76 G allocations: 46.422 TiB, 15.52% gc time)
[2023-01-12T18:28:04.406]Completed Shot 10, state 44
9778.686809 seconds (13.77 G allocations: 46.470 TiB, 15.52% gc time)
[2023-01-12T18:28:14.324]Completed Shot 10, state 38
9783.509487 seconds (13.78 G allocations: 46.493 TiB, 15.52% gc time)
[2023-01-12T18:28:19.141]Completed Shot 10, state 11
9784.746096 seconds (13.78 G allocations: 46.499 TiB, 15.52% gc time)
[2023-01-12T18:28:20.382]Completed Shot 10, state 29
9791.429876 seconds (13.79 G allocations: 46.529 TiB, 15.52% gc time)
[2023-01-12T18:28:27.064]Completed Shot 10, state 20
9799.370273 seconds (13.80 G allocations: 46.566 TiB, 15.52% gc time)
[2023-01-12T18:28:35.004]Completed Shot 10, state 22
9801.543037 seconds (13.80 G allocations: 46.576 TiB, 15.52% gc time)
[2023-01-12T18:28:37.176]Completed Shot 10, state 17
9805.003076 seconds (13.81 G allocations: 46.592 TiB, 15.52% gc time)
[2023-01-12T18:28:40.635]Completed Shot 10, state 14
9821.659008 seconds (13.83 G allocations: 46.667 TiB, 15.51% gc time)
[2023-01-12T18:28:57.296]Completed Shot 10, state 40
9823.131766 seconds (13.83 G allocations: 46.673 TiB, 15.51% gc time)
[2023-01-12T18:28:58.766]Completed Shot 10, state 23
9823.662754 seconds (13.83 G allocations: 46.676 TiB, 15.51% gc time)
[2023-01-12T18:28:59.299]Completed Shot 10, state 33
9831.949404 seconds (13.84 G allocations: 46.712 TiB, 15.51% gc time)
[2023-01-12T18:29:07.587]Completed Shot 10, state 48
9843.679669 seconds (13.86 G allocations: 46.762 TiB, 15.51% gc time)
[2023-01-12T18:29:19.315]Completed Shot 10, state 25
9844.288325 seconds (13.86 G allocations: 46.764 TiB, 15.51% gc time)
[2023-01-12T18:29:19.924]Completed Shot 10, state 31
9852.716453 seconds (13.87 G allocations: 46.798 TiB, 15.50% gc time)
[2023-01-12T18:29:28.349]Completed Shot 10, state 15
9855.215519 seconds (13.87 G allocations: 46.809 TiB, 15.50% gc time)
[2023-01-12T18:29:30.852]Completed Shot 10, state 32
9872.086712 seconds (13.89 G allocations: 46.875 TiB, 15.50% gc time)
[2023-01-12T18:29:47.722]Completed Shot 10, state 28
9872.150011 seconds (13.89 G allocations: 46.875 TiB, 15.50% gc time)
[2023-01-12T18:29:47.781]Completed Shot 10, state 9
9873.617228 seconds (13.89 G allocations: 46.881 TiB, 15.50% gc time)
[2023-01-12T18:29:49.248]Completed Shot 10, state 7
9874.431099 seconds (13.89 G allocations: 46.884 TiB, 15.50% gc time)
[2023-01-12T18:29:50.062]Completed Shot 10, state 10
9875.059578 seconds (13.89 G allocations: 46.886 TiB, 15.50% gc time)
[2023-01-12T18:29:50.690]Completed Shot 10, state 8
9876.588934 seconds (13.90 G allocations: 46.892 TiB, 15.49% gc time)
[2023-01-12T18:29:52.224]Completed Shot 10, state 27
9877.682832 seconds (13.90 G allocations: 46.896 TiB, 15.49% gc time)
[2023-01-12T18:29:53.320]Completed Shot 10, state 39
9878.172481 seconds (13.90 G allocations: 46.897 TiB, 15.49% gc time)
[2023-01-12T18:29:53.802]Completed Shot 10, state 2
9880.987325 seconds (13.90 G allocations: 46.906 TiB, 15.49% gc time)
[2023-01-12T18:29:56.622]Completed Shot 10, state 26
9884.689482 seconds (13.90 G allocations: 46.918 TiB, 15.49% gc time)
[2023-01-12T18:30:00.327]Completed Shot 10, state 37
9885.474472 seconds (13.90 G allocations: 46.920 TiB, 15.49% gc time)
[2023-01-12T18:30:01.112]Completed Shot 10, state 47
9890.044552 seconds (13.91 G allocations: 46.934 TiB, 15.49% gc time)
[2023-01-12T18:30:05.682]Completed Shot 10, state 41
9894.417960 seconds (13.91 G allocations: 46.946 TiB, 15.48% gc time)
[2023-01-12T18:30:10.052]Completed Shot 10, state 21
9894.583707 seconds (13.91 G allocations: 46.946 TiB, 15.48% gc time)
[2023-01-12T18:30:10.217]Completed Shot 10, state 18
9894.719554 seconds (13.91 G allocations: 46.947 TiB, 15.48% gc time)
[2023-01-12T18:30:10.357]Completed Shot 10, state 50
9897.437416 seconds (13.91 G allocations: 46.953 TiB, 15.48% gc time)
[2023-01-12T18:30:13.075]Completed Shot 10, state 49
9897.802924 seconds (13.91 G allocations: 46.954 TiB, 15.48% gc time)
[2023-01-12T18:30:13.436]Completed Shot 10, state 19
9899.690509 seconds (13.92 G allocations: 46.958 TiB, 15.48% gc time)
[2023-01-12T18:30:15.327]Completed Shot 10, state 34
9901.541560 seconds (13.92 G allocations: 46.961 TiB, 15.48% gc time)
[2023-01-12T18:30:17.178]Completed Shot 10, state 36
9903.296168 seconds (13.92 G allocations: 46.965 TiB, 15.48% gc time)
[2023-01-12T18:30:18.926]Completed Shot 10, state 5
9905.562228 seconds (13.92 G allocations: 46.969 TiB, 15.47% gc time)
[2023-01-12T18:30:21.198]Completed Shot 10, state 30
9907.252749 seconds (13.92 G allocations: 46.972 TiB, 15.47% gc time)
[2023-01-12T18:30:22.890]Completed Shot 10, state 43
9907.294678 seconds (13.92 G allocations: 46.972 TiB, 15.47% gc time)
[2023-01-12T18:30:22.932]Completed Shot 10, state 42
9909.181413 seconds (13.92 G allocations: 46.974 TiB, 15.47% gc time)
[2023-01-12T18:30:24.813]Completed Shot 10, state 12
9910.541001 seconds (13.92 G allocations: 46.975 TiB, 15.47% gc time)
[2023-01-12T18:30:26.178]Completed Shot 10, state 45
9923.341380 seconds (13.92 G allocations: 46.985 TiB, 15.45% gc time)
[2023-01-12T18:30:38.972]Completed Shot 10, state 6
9943.712691 seconds (13.93 G allocations: 46.997 TiB, 15.43% gc time)
[2023-01-12T18:30:59.350]Completed Shot 10, state 46
9944.446213 seconds (13.93 G allocations: 46.997 TiB, 15.43% gc time)
[2023-01-12T18:31:00.081]Completed Shot 10, state 24
9945.857607 seconds (13.93 G allocations: 46.997 TiB, 15.43% gc time)
[2023-01-12T18:31:01.490]Completed Shot 10, state 13
[2023-01-12T18:31:01.605]**********Simulation completed!**********
[2023-01-12T18:31:01.605]**********Saving**********
[2023-01-12T18:31:07.543]Saving file: /lustre/work/ws/ws1/hd_ku269-logs/LightCones/2023-01-11/8095101_N11_BS.jld2
[2023-01-12T18:31:12.151]**********Run completed!**********
