Added MKL.jl
Project LightCones v0.1.0
Status `/gpfs/bwfor/work/ws/hd_ku269-light_cones/WorkingFolder/Project.toml`
⌃ [7d9fca2a] Arpack v0.5.3
⌃ [7073ff75] IJulia v1.23.3
⌃ [033835bb] JLD2 v0.4.25
  [0b1a1467] KrylovKit v0.6.0
  [d3d80556] LineSearches v7.2.0
  [33e6dc65] MKL v0.6.0
⌃ [429524aa] Optim v1.7.3
⌃ [91a5bcdd] Plots v1.35.5
⌃ [c3e4b0f8] Pluto v0.19.14
  [3c0b384b] QuantumInformation v0.4.9
  [189a3867] Reexport v1.2.2
⌃ [295af30f] Revise v3.4.0
  [ebcc8a00] SpinSymmetry v0.3.3
  [59d54670] ThreadedSparseArrays v0.2.2
  [ade2ca70] Dates
  [8ba89e20] Distributed
  [37e2e46d] LinearAlgebra
  [de0858da] Printf
  [9a3f8284] Random
  [1a1011a3] SharedArrays
  [2f01184e] SparseArrays
  [10745b16] Statistics
Info Packages marked with ⌃ have new versions available and may be upgradable.
[2023-01-11T08:24:05.840]**********RANDOM FIELDS**********
shared_krylov.jl
Working Directory:          /gpfs/bwfor/work/ws/hd_ku269-light_cones/WorkingFolder
SLURM Directory:            /gpfs/bwfor/work/ws/hd_ku269-light_cones/WorkingFolder 
Running on host:            p03n10
Job id:                     482174
Job name:                   otoc_simulation_N11_TR_FIDONLYFR
Number of nodes allocated:  
Number of cores allocated:  1
#threads of Julia:          64
#threads of BLAS:           1
ARGS = ["11", "10", "50", "BS", "x", "12", "100", "WAHUHA_FR"]
LOCATION = "/gpfs/bwfor/work/ws/hd_ku269-logs/LightCones/2023-01-11"
N = 11
SHOTS = 10
MULT_RANDOM_STATES = true
N_RANDOM_STATES = 50
TYPE_OF_RS = "BS"
OBSERVABLE = "x"
DISORDER_PARAM = 12.0
[2023-01-11T08:24:06.001]**********Running simulation**********
[2023-01-11T08:24:06.116]trange = 0.1:0.1:20.0
[2023-01-11T08:24:06.433]A = σx
[2023-01-11T08:24:06.842]alpha=6
[2023-01-11T08:24:06.842]PBC
10[2023-01-11T08:24:09.941]Operations set up.
Using multiple states.
11121.037741 seconds (8.05 G allocations: 19.666 TiB, 13.34% gc time, 0.01% compilation time)
[2023-01-11T11:29:47.624]Completed Shot 1, state 15
11123.534340 seconds (8.05 G allocations: 19.674 TiB, 13.34% gc time, 0.01% compilation time)
[2023-01-11T11:29:50.189]Completed Shot 1, state 22
11126.824730 seconds (8.05 G allocations: 19.677 TiB, 13.35% gc time, 0.02% compilation time)
[2023-01-11T11:29:53.225]Completed Shot 1, state 40
11128.934934 seconds (8.06 G allocations: 19.683 TiB, 13.35% gc time, 0.02% compilation time)
[2023-01-11T11:29:55.266]Completed Shot 1, state 8
11136.675300 seconds (8.06 G allocations: 19.703 TiB, 13.35% gc time, 0.01% compilation time)
[2023-01-11T11:30:03.316]Completed Shot 1, state 12
11144.415831 seconds (8.07 G allocations: 19.720 TiB, 13.36% gc time, 0.01% compilation time)
[2023-01-11T11:30:10.837]Completed Shot 1, state 7
11156.051815 seconds (8.08 G allocations: 19.751 TiB, 13.36% gc time, 0.01% compilation time)
[2023-01-11T11:30:22.702]Completed Shot 1, state 21
11163.184099 seconds (8.09 G allocations: 19.759 TiB, 13.35% gc time, 0.05% compilation time)
[2023-01-11T11:30:25.542]Completed Shot 1, state 3
11159.230742 seconds (8.09 G allocations: 19.760 TiB, 13.36% gc time, 0.02% compilation time)
[2023-01-11T11:30:25.606]Completed Shot 1, state 18
11163.016249 seconds (8.09 G allocations: 19.766 TiB, 13.37% gc time, 0.01% compilation time)
[2023-01-11T11:30:29.662]Completed Shot 1, state 39
11173.094190 seconds (8.10 G allocations: 19.792 TiB, 13.37% gc time, 0.01% compilation time)
[2023-01-11T11:30:39.647]Completed Shot 1, state 20
11174.521384 seconds (8.10 G allocations: 19.797 TiB, 13.37% gc time, 0.01% compilation time)
[2023-01-11T11:30:41.174]Completed Shot 1, state 29
11182.961851 seconds (8.11 G allocations: 19.805 TiB, 13.37% gc time, 0.05% compilation time)
[2023-01-11T11:30:45.320]Completed Shot 1, state 10
11179.422415 seconds (8.11 G allocations: 19.806 TiB, 13.37% gc time, 0.02% compilation time)
[2023-01-11T11:30:45.813]Completed Shot 1, state 48
11184.001282 seconds (8.11 G allocations: 19.818 TiB, 13.37% gc time, 0.01% compilation time)
[2023-01-11T11:30:50.695]Completed Shot 1, state 25
11184.880826 seconds (8.11 G allocations: 19.820 TiB, 13.37% gc time, 0.01% compilation time)
[2023-01-11T11:30:51.438]Completed Shot 1, state 28
11185.870761 seconds (8.11 G allocations: 19.823 TiB, 13.37% gc time, 0.01% compilation time)
[2023-01-11T11:30:52.433]Completed Shot 1, state 26
11192.748392 seconds (8.12 G allocations: 19.838 TiB, 13.37% gc time, 0.01% compilation time)
[2023-01-11T11:30:59.402]Completed Shot 1, state 50
11194.208199 seconds (8.12 G allocations: 19.842 TiB, 13.37% gc time, 0.01% compilation time)
[2023-01-11T11:31:00.618]Completed Shot 1, state 30
11195.717503 seconds (8.12 G allocations: 19.846 TiB, 13.37% gc time, 0.01% compilation time)
[2023-01-11T11:31:02.109]Completed Shot 1, state 46
11195.961276 seconds (8.12 G allocations: 19.847 TiB, 13.37% gc time, 0.01% compilation time)
[2023-01-11T11:31:02.517]Completed Shot 1, state 36
11197.829473 seconds (8.13 G allocations: 19.850 TiB, 13.37% gc time, 0.01% compilation time)
[2023-01-11T11:31:04.381]Completed Shot 1, state 13
11200.094653 seconds (8.13 G allocations: 19.855 TiB, 13.37% gc time, 0.01% compilation time)
[2023-01-11T11:31:06.496]Completed Shot 1, state 6
11200.967560 seconds (8.13 G allocations: 19.858 TiB, 13.37% gc time, 0.01% compilation time)
[2023-01-11T11:31:07.524]Completed Shot 1, state 1
11201.021360 seconds (8.13 G allocations: 19.858 TiB, 13.37% gc time, 0.01% compilation time)
[2023-01-11T11:31:07.711]Completed Shot 1, state 35
11207.681672 seconds (8.13 G allocations: 19.861 TiB, 13.37% gc time, 0.05% compilation time)
[2023-01-11T11:31:10.039]Completed Shot 1, state 44
11204.459191 seconds (8.13 G allocations: 19.864 TiB, 13.37% gc time, 0.01% compilation time)
[2023-01-11T11:31:11.105]Completed Shot 1, state 31
11212.777692 seconds (8.14 G allocations: 19.880 TiB, 13.38% gc time, 0.01% compilation time)
[2023-01-11T11:31:19.107]Completed Shot 1, state 32
11212.628838 seconds (8.14 G allocations: 19.880 TiB, 13.38% gc time, 0.01% compilation time)
[2023-01-11T11:31:19.275]Completed Shot 1, state 17
11213.299248 seconds (8.14 G allocations: 19.882 TiB, 13.37% gc time, 0.01% compilation time)
[2023-01-11T11:31:19.700]Completed Shot 1, state 49
11213.416187 seconds (8.14 G allocations: 19.883 TiB, 13.37% gc time, 0.01% compilation time)
[2023-01-11T11:31:20.072]Completed Shot 1, state 23
11213.728858 seconds (8.14 G allocations: 19.883 TiB, 13.37% gc time, 0.01% compilation time)
[2023-01-11T11:31:20.377]Completed Shot 1, state 11
11215.420535 seconds (8.14 G allocations: 19.887 TiB, 13.37% gc time, 0.01% compilation time)
[2023-01-11T11:31:22.072]Completed Shot 1, state 16
11215.529165 seconds (8.14 G allocations: 19.887 TiB, 13.37% gc time, 0.01% compilation time)
[2023-01-11T11:31:22.088]Completed Shot 1, state 37
11219.926949 seconds (8.15 G allocations: 19.896 TiB, 13.37% gc time, 0.01% compilation time)
[2023-01-11T11:31:26.326]Completed Shot 1, state 43
11220.484348 seconds (8.15 G allocations: 19.896 TiB, 13.38% gc time, 0.01% compilation time)
[2023-01-11T11:31:27.181]Completed Shot 1, state 34
11221.203797 seconds (8.15 G allocations: 19.897 TiB, 13.37% gc time, 0.01% compilation time)
[2023-01-11T11:31:27.758]Completed Shot 1, state 19
11222.349918 seconds (8.15 G allocations: 19.899 TiB, 13.37% gc time, 0.01% compilation time)
[2023-01-11T11:31:28.752]Completed Shot 1, state 9
11222.447149 seconds (8.15 G allocations: 19.899 TiB, 13.37% gc time, 0.01% compilation time)
[2023-01-11T11:31:28.837]Completed Shot 1, state 45
11222.419438 seconds (8.15 G allocations: 19.900 TiB, 13.37% gc time, 0.01% compilation time)
[2023-01-11T11:31:29.110]Completed Shot 1, state 38
11223.826087 seconds (8.15 G allocations: 19.902 TiB, 13.37% gc time, 0.01% compilation time)
[2023-01-11T11:31:30.155]Completed Shot 1, state 41
11224.494339 seconds (8.15 G allocations: 19.903 TiB, 13.37% gc time, 0.01% compilation time)
[2023-01-11T11:31:31.192]Completed Shot 1, state 14
11225.231908 seconds (8.15 G allocations: 19.904 TiB, 13.37% gc time, 0.01% compilation time)
[2023-01-11T11:31:31.784]Completed Shot 1, state 27
11233.955790 seconds (8.15 G allocations: 19.912 TiB, 13.37% gc time, 0.01% compilation time)
[2023-01-11T11:31:40.635]Completed Shot 1, state 4
11240.833658 seconds (8.16 G allocations: 19.918 TiB, 13.36% gc time, 0.01% compilation time)
[2023-01-11T11:31:47.483]Completed Shot 1, state 5
11251.156876 seconds (8.16 G allocations: 19.926 TiB, 13.35% gc time, 0.01% compilation time)
[2023-01-11T11:31:57.717]Completed Shot 1, state 24
11251.370523 seconds (8.16 G allocations: 19.926 TiB, 13.35% gc time, 0.01% compilation time)
[2023-01-11T11:31:57.762]Completed Shot 1, state 42
11252.847720 seconds (8.16 G allocations: 19.926 TiB, 13.35% gc time, 0.01% compilation time)
[2023-01-11T11:31:59.499]Completed Shot 1, state 33
11254.040572 seconds (8.16 G allocations: 19.927 TiB, 13.35% gc time, 0.01% compilation time)
[2023-01-11T11:32:00.431]Completed Shot 1, state 47
11264.241717 seconds (8.16 G allocations: 19.927 TiB, 13.34% gc time, 0.01% compilation time)
[2023-01-11T11:32:10.639]Completed Shot 1, state 2
9725.421905 seconds (6.82 G allocations: 16.848 TiB, 12.13% gc time)
[2023-01-11T14:14:16.069]Completed Shot 2, state 48
9759.408399 seconds (6.85 G allocations: 16.926 TiB, 12.16% gc time)
[2023-01-11T14:14:50.055]Completed Shot 2, state 36
9762.620717 seconds (6.85 G allocations: 16.935 TiB, 12.16% gc time)
[2023-01-11T14:14:53.265]Completed Shot 2, state 18
9762.843048 seconds (6.85 G allocations: 16.935 TiB, 12.16% gc time)
[2023-01-11T14:14:53.488]Completed Shot 2, state 15
9766.319156 seconds (6.86 G allocations: 16.946 TiB, 12.15% gc time)
[2023-01-11T14:14:56.964]Completed Shot 2, state 22
9786.016134 seconds (6.88 G allocations: 16.990 TiB, 12.17% gc time)
[2023-01-11T14:15:16.661]Completed Shot 2, state 19
9790.660916 seconds (6.88 G allocations: 17.004 TiB, 12.16% gc time)
[2023-01-11T14:15:21.302]Completed Shot 2, state 6
9801.245784 seconds (6.89 G allocations: 17.028 TiB, 12.17% gc time)
[2023-01-11T14:15:31.893]Completed Shot 2, state 45
9801.815477 seconds (6.89 G allocations: 17.029 TiB, 12.17% gc time)
[2023-01-11T14:15:32.462]Completed Shot 2, state 41
9802.035564 seconds (6.89 G allocations: 17.030 TiB, 12.17% gc time)
[2023-01-11T14:15:32.682]Completed Shot 2, state 35
9810.645006 seconds (6.90 G allocations: 17.048 TiB, 12.18% gc time)
[2023-01-11T14:15:41.288]Completed Shot 2, state 16
9813.054097 seconds (6.90 G allocations: 17.054 TiB, 12.17% gc time)
[2023-01-11T14:15:43.696]Completed Shot 2, state 4
9813.213200 seconds (6.90 G allocations: 17.054 TiB, 12.17% gc time)
[2023-01-11T14:15:43.859]Completed Shot 2, state 31
9815.086359 seconds (6.91 G allocations: 17.059 TiB, 12.17% gc time)
[2023-01-11T14:15:45.733]Completed Shot 2, state 32
9821.742942 seconds (6.91 G allocations: 17.073 TiB, 12.18% gc time)
[2023-01-11T14:15:52.387]Completed Shot 2, state 20
9826.009894 seconds (6.91 G allocations: 17.081 TiB, 12.19% gc time)
[2023-01-11T14:15:56.656]Completed Shot 2, state 33
9827.834434 seconds (6.92 G allocations: 17.086 TiB, 12.18% gc time)
[2023-01-11T14:15:58.476]Completed Shot 2, state 8
9830.684825 seconds (6.92 G allocations: 17.094 TiB, 12.18% gc time)
[2023-01-11T14:16:01.331]Completed Shot 2, state 27
9832.691930 seconds (6.92 G allocations: 17.096 TiB, 12.19% gc time)
[2023-01-11T14:16:03.335]Completed Shot 2, state 14
9836.497744 seconds (6.93 G allocations: 17.106 TiB, 12.18% gc time)
[2023-01-11T14:16:07.145]Completed Shot 2, state 49
9838.422982 seconds (6.93 G allocations: 17.111 TiB, 12.18% gc time)
[2023-01-11T14:16:09.066]Completed Shot 2, state 12
9840.686618 seconds (6.93 G allocations: 17.114 TiB, 12.19% gc time)
[2023-01-11T14:16:11.333]Completed Shot 2, state 38
9842.479392 seconds (6.93 G allocations: 17.118 TiB, 12.19% gc time)
[2023-01-11T14:16:13.126]Completed Shot 2, state 43
9845.124941 seconds (6.93 G allocations: 17.125 TiB, 12.18% gc time)
[2023-01-11T14:16:15.771]Completed Shot 2, state 28
9847.209863 seconds (6.93 G allocations: 17.128 TiB, 12.19% gc time)
[2023-01-11T14:16:17.855]Completed Shot 2, state 24
9853.315915 seconds (6.94 G allocations: 17.142 TiB, 12.19% gc time)
[2023-01-11T14:16:23.960]Completed Shot 2, state 17
9853.756186 seconds (6.94 G allocations: 17.143 TiB, 12.19% gc time)
[2023-01-11T14:16:24.397]Completed Shot 2, state 2
9853.925378 seconds (6.94 G allocations: 17.143 TiB, 12.19% gc time)
[2023-01-11T14:16:24.572]Completed Shot 2, state 34
9854.586548 seconds (6.94 G allocations: 17.145 TiB, 12.19% gc time)
[2023-01-11T14:16:25.233]Completed Shot 2, state 29
9860.588803 seconds (6.95 G allocations: 17.157 TiB, 12.19% gc time)
[2023-01-11T14:16:31.236]Completed Shot 2, state 39
9864.369745 seconds (6.95 G allocations: 17.166 TiB, 12.19% gc time)
[2023-01-11T14:16:35.011]Completed Shot 2, state 7
9864.528301 seconds (6.95 G allocations: 17.166 TiB, 12.19% gc time)
[2023-01-11T14:16:35.173]Completed Shot 2, state 23
9866.813029 seconds (6.95 G allocations: 17.169 TiB, 12.19% gc time)
[2023-01-11T14:16:37.460]Completed Shot 2, state 46
9868.976662 seconds (6.95 G allocations: 17.174 TiB, 12.19% gc time)
[2023-01-11T14:16:39.619]Completed Shot 2, state 11
9875.642787 seconds (6.96 G allocations: 17.186 TiB, 12.19% gc time)
[2023-01-11T14:16:46.290]Completed Shot 2, state 47
9878.758741 seconds (6.96 G allocations: 17.190 TiB, 12.19% gc time)
[2023-01-11T14:16:49.400]Completed Shot 2, state 3
9879.632667 seconds (6.96 G allocations: 17.192 TiB, 12.19% gc time)
[2023-01-11T14:16:50.279]Completed Shot 2, state 37
9879.969392 seconds (6.96 G allocations: 17.192 TiB, 12.19% gc time)
[2023-01-11T14:16:50.614]Completed Shot 2, state 21
9880.311283 seconds (6.96 G allocations: 17.193 TiB, 12.19% gc time)
[2023-01-11T14:16:50.954]Completed Shot 2, state 13
9880.390086 seconds (6.96 G allocations: 17.193 TiB, 12.19% gc time)
[2023-01-11T14:16:51.032]Completed Shot 2, state 9
9881.023035 seconds (6.96 G allocations: 17.194 TiB, 12.19% gc time)
[2023-01-11T14:16:51.664]Completed Shot 2, state 1
9881.609717 seconds (6.96 G allocations: 17.195 TiB, 12.19% gc time)
[2023-01-11T14:16:52.257]Completed Shot 2, state 44
9882.902203 seconds (6.96 G allocations: 17.196 TiB, 12.19% gc time)
[2023-01-11T14:16:53.549]Completed Shot 2, state 40
9884.700288 seconds (6.96 G allocations: 17.198 TiB, 12.19% gc time)
[2023-01-11T14:16:55.342]Completed Shot 2, state 5
9886.880809 seconds (6.96 G allocations: 17.200 TiB, 12.19% gc time)
[2023-01-11T14:16:57.527]Completed Shot 2, state 30
9890.816708 seconds (6.96 G allocations: 17.202 TiB, 12.18% gc time)
[2023-01-11T14:17:01.462]Completed Shot 2, state 26
9890.939475 seconds (6.96 G allocations: 17.202 TiB, 12.18% gc time)
[2023-01-11T14:17:01.586]Completed Shot 2, state 50
9893.048303 seconds (6.97 G allocations: 17.203 TiB, 12.18% gc time)
[2023-01-11T14:17:03.695]Completed Shot 2, state 42
9898.610813 seconds (6.97 G allocations: 17.204 TiB, 12.17% gc time)
[2023-01-11T14:17:09.256]Completed Shot 2, state 25
9909.947501 seconds (6.97 G allocations: 17.205 TiB, 12.16% gc time)
[2023-01-11T14:17:20.590]Completed Shot 2, state 10
9432.877708 seconds (6.79 G allocations: 16.766 TiB, 13.61% gc time)
[2023-01-11T16:54:33.475]Completed Shot 3, state 31
9441.333023 seconds (6.80 G allocations: 16.787 TiB, 13.61% gc time)
[2023-01-11T16:54:41.931]Completed Shot 3, state 37
9445.835685 seconds (6.80 G allocations: 16.796 TiB, 13.62% gc time)
[2023-01-11T16:54:46.433]Completed Shot 3, state 42
9448.574761 seconds (6.80 G allocations: 16.803 TiB, 13.62% gc time)
[2023-01-11T16:54:49.172]Completed Shot 3, state 45
9455.250067 seconds (6.81 G allocations: 16.818 TiB, 13.62% gc time)
[2023-01-11T16:54:55.848]Completed Shot 3, state 28
9468.082001 seconds (6.82 G allocations: 16.847 TiB, 13.64% gc time)
[2023-01-11T16:55:08.677]Completed Shot 3, state 16
9480.429789 seconds (6.83 G allocations: 16.877 TiB, 13.64% gc time)
[2023-01-11T16:55:21.027]Completed Shot 3, state 33
9480.686201 seconds (6.83 G allocations: 16.877 TiB, 13.64% gc time)
[2023-01-11T16:55:21.280]Completed Shot 3, state 9
9486.960287 seconds (6.84 G allocations: 16.892 TiB, 13.64% gc time)
[2023-01-11T16:55:27.555]Completed Shot 3, state 15
9488.666843 seconds (6.84 G allocations: 16.897 TiB, 13.64% gc time)
[2023-01-11T16:55:29.263]Completed Shot 3, state 24
9498.179280 seconds (6.85 G allocations: 16.918 TiB, 13.64% gc time)
[2023-01-11T16:55:38.775]Completed Shot 3, state 20
9503.624090 seconds (6.86 G allocations: 16.930 TiB, 13.64% gc time)
[2023-01-11T16:55:44.216]Completed Shot 3, state 6
9510.424126 seconds (6.86 G allocations: 16.946 TiB, 13.64% gc time)
[2023-01-11T16:55:51.020]Completed Shot 3, state 17
9512.748843 seconds (6.86 G allocations: 16.951 TiB, 13.65% gc time)
[2023-01-11T16:55:53.346]Completed Shot 3, state 43
9515.727493 seconds (6.87 G allocations: 16.959 TiB, 13.64% gc time)
[2023-01-11T16:55:56.324]Completed Shot 3, state 27
9516.399013 seconds (6.87 G allocations: 16.961 TiB, 13.64% gc time)
[2023-01-11T16:55:56.993]Completed Shot 3, state 12
9518.408879 seconds (6.87 G allocations: 16.964 TiB, 13.65% gc time)
[2023-01-11T16:55:59.006]Completed Shot 3, state 39
9519.826945 seconds (6.87 G allocations: 16.968 TiB, 13.64% gc time)
[2023-01-11T16:56:00.422]Completed Shot 3, state 18
9524.230582 seconds (6.88 G allocations: 16.977 TiB, 13.64% gc time)
[2023-01-11T16:56:04.824]Completed Shot 3, state 10
9526.904726 seconds (6.88 G allocations: 16.982 TiB, 13.65% gc time)
[2023-01-11T16:56:07.496]Completed Shot 3, state 2
9528.077053 seconds (6.88 G allocations: 16.985 TiB, 13.65% gc time)
[2023-01-11T16:56:08.668]Completed Shot 3, state 1
9528.517065 seconds (6.88 G allocations: 16.986 TiB, 13.65% gc time)
[2023-01-11T16:56:09.109]Completed Shot 3, state 4
9529.323766 seconds (6.88 G allocations: 16.989 TiB, 13.64% gc time)
[2023-01-11T16:56:09.921]Completed Shot 3, state 48
9532.174333 seconds (6.88 G allocations: 16.994 TiB, 13.65% gc time)
[2023-01-11T16:56:12.767]Completed Shot 3, state 7
9532.616050 seconds (6.88 G allocations: 16.995 TiB, 13.65% gc time)
[2023-01-11T16:56:13.213]Completed Shot 3, state 38
9535.021281 seconds (6.88 G allocations: 16.999 TiB, 13.65% gc time)
[2023-01-11T16:56:15.615]Completed Shot 3, state 11
9536.081308 seconds (6.89 G allocations: 17.002 TiB, 13.65% gc time)
[2023-01-11T16:56:16.678]Completed Shot 3, state 25
9536.626158 seconds (6.89 G allocations: 17.003 TiB, 13.65% gc time)
[2023-01-11T16:56:17.223]Completed Shot 3, state 30
9538.624741 seconds (6.89 G allocations: 17.005 TiB, 13.65% gc time)
[2023-01-11T16:56:19.222]Completed Shot 3, state 32
9538.647225 seconds (6.89 G allocations: 17.005 TiB, 13.65% gc time)
[2023-01-11T16:56:19.240]Completed Shot 3, state 8
9539.220896 seconds (6.89 G allocations: 17.006 TiB, 13.65% gc time)
[2023-01-11T16:56:19.813]Completed Shot 3, state 3
9540.909225 seconds (6.89 G allocations: 17.010 TiB, 13.65% gc time)
[2023-01-11T16:56:21.505]Completed Shot 3, state 21
9541.453761 seconds (6.89 G allocations: 17.011 TiB, 13.65% gc time)
[2023-01-11T16:56:22.051]Completed Shot 3, state 26
9543.678201 seconds (6.89 G allocations: 17.014 TiB, 13.65% gc time)
[2023-01-11T16:56:24.274]Completed Shot 3, state 23
9544.275897 seconds (6.89 G allocations: 17.015 TiB, 13.65% gc time)
[2023-01-11T16:56:24.871]Completed Shot 3, state 19
9544.627432 seconds (6.89 G allocations: 17.015 TiB, 13.65% gc time)
[2023-01-11T16:56:25.225]Completed Shot 3, state 47
9544.641394 seconds (6.89 G allocations: 17.015 TiB, 13.65% gc time)
[2023-01-11T16:56:25.239]Completed Shot 3, state 35
9545.400419 seconds (6.89 G allocations: 17.017 TiB, 13.65% gc time)
[2023-01-11T16:56:25.998]Completed Shot 3, state 50
9552.853748 seconds (6.90 G allocations: 17.027 TiB, 13.65% gc time)
[2023-01-11T16:56:33.448]Completed Shot 3, state 14
9553.048254 seconds (6.90 G allocations: 17.028 TiB, 13.64% gc time)
[2023-01-11T16:56:33.645]Completed Shot 3, state 41
9553.051737 seconds (6.90 G allocations: 17.028 TiB, 13.64% gc time)
[2023-01-11T16:56:33.649]Completed Shot 3, state 44
9554.355697 seconds (6.90 G allocations: 17.029 TiB, 13.65% gc time)
[2023-01-11T16:56:34.950]Completed Shot 3, state 13
9554.859313 seconds (6.90 G allocations: 17.029 TiB, 13.65% gc time)
[2023-01-11T16:56:35.456]Completed Shot 3, state 29
9558.316921 seconds (6.90 G allocations: 17.033 TiB, 13.64% gc time)
[2023-01-11T16:56:38.913]Completed Shot 3, state 22
9565.493052 seconds (6.90 G allocations: 17.039 TiB, 13.64% gc time)
[2023-01-11T16:56:46.085]Completed Shot 3, state 5
9570.190306 seconds (6.90 G allocations: 17.042 TiB, 13.63% gc time)
[2023-01-11T16:56:50.787]Completed Shot 3, state 46
9572.886864 seconds (6.90 G allocations: 17.043 TiB, 13.63% gc time)
[2023-01-11T16:56:53.484]Completed Shot 3, state 34
9574.850044 seconds (6.90 G allocations: 17.044 TiB, 13.62% gc time)
[2023-01-11T16:56:55.447]Completed Shot 3, state 36
9578.531792 seconds (6.90 G allocations: 17.045 TiB, 13.62% gc time)
[2023-01-11T16:56:59.129]Completed Shot 3, state 40
9580.314307 seconds (6.90 G allocations: 17.045 TiB, 13.62% gc time)
[2023-01-11T16:57:00.912]Completed Shot 3, state 49
9441.532623 seconds (7.07 G allocations: 17.426 TiB, 13.05% gc time)
[2023-01-11T19:34:22.450]Completed Shot 4, state 24
9467.920203 seconds (7.10 G allocations: 17.495 TiB, 13.06% gc time)
[2023-01-11T19:34:48.834]Completed Shot 4, state 6
9470.225177 seconds (7.10 G allocations: 17.496 TiB, 13.07% gc time)
[2023-01-11T19:34:51.143]Completed Shot 4, state 27
9477.864839 seconds (7.11 G allocations: 17.520 TiB, 13.06% gc time)
[2023-01-11T19:34:58.785]Completed Shot 4, state 36
9484.233444 seconds (7.11 G allocations: 17.532 TiB, 13.08% gc time)
[2023-01-11T19:35:05.149]Completed Shot 4, state 12
9484.955140 seconds (7.11 G allocations: 17.534 TiB, 13.08% gc time)
[2023-01-11T19:35:05.875]Completed Shot 4, state 41
9485.575466 seconds (7.12 G allocations: 17.536 TiB, 13.08% gc time)
[2023-01-11T19:35:06.495]Completed Shot 4, state 40
9488.723487 seconds (7.12 G allocations: 17.546 TiB, 13.07% gc time)
[2023-01-11T19:35:09.643]Completed Shot 4, state 37
9492.687214 seconds (7.12 G allocations: 17.553 TiB, 13.08% gc time)
[2023-01-11T19:35:13.602]Completed Shot 4, state 9
9497.209858 seconds (7.13 G allocations: 17.567 TiB, 13.08% gc time)
[2023-01-11T19:35:18.124]Completed Shot 4, state 5
9497.815365 seconds (7.13 G allocations: 17.569 TiB, 13.08% gc time)
[2023-01-11T19:35:18.730]Completed Shot 4, state 8
9500.089887 seconds (7.13 G allocations: 17.576 TiB, 13.07% gc time)
[2023-01-11T19:35:21.006]Completed Shot 4, state 13
9500.173868 seconds (7.13 G allocations: 17.576 TiB, 13.07% gc time)
[2023-01-11T19:35:21.093]Completed Shot 4, state 39
9503.795072 seconds (7.13 G allocations: 17.581 TiB, 13.09% gc time)
[2023-01-11T19:35:24.714]Completed Shot 4, state 38
9504.049331 seconds (7.13 G allocations: 17.581 TiB, 13.09% gc time)
[2023-01-11T19:35:24.970]Completed Shot 4, state 46
9504.548991 seconds (7.13 G allocations: 17.583 TiB, 13.09% gc time)
[2023-01-11T19:35:25.465]Completed Shot 4, state 15
9508.129205 seconds (7.14 G allocations: 17.594 TiB, 13.08% gc time)
[2023-01-11T19:35:29.046]Completed Shot 4, state 22
9508.956732 seconds (7.14 G allocations: 17.596 TiB, 13.08% gc time)
[2023-01-11T19:35:29.875]Completed Shot 4, state 25
9512.894857 seconds (7.14 G allocations: 17.605 TiB, 13.09% gc time)
[2023-01-11T19:35:33.812]Completed Shot 4, state 18
9515.553870 seconds (7.15 G allocations: 17.612 TiB, 13.08% gc time)
[2023-01-11T19:35:36.473]Completed Shot 4, state 45
9515.927516 seconds (7.15 G allocations: 17.613 TiB, 13.08% gc time)
[2023-01-11T19:35:36.846]Completed Shot 4, state 30
9518.413864 seconds (7.15 G allocations: 17.617 TiB, 13.09% gc time)
[2023-01-11T19:35:39.331]Completed Shot 4, state 20
9521.131600 seconds (7.15 G allocations: 17.625 TiB, 13.09% gc time)
[2023-01-11T19:35:42.045]Completed Shot 4, state 4
9523.218052 seconds (7.15 G allocations: 17.628 TiB, 13.09% gc time)
[2023-01-11T19:35:44.138]Completed Shot 4, state 49
9523.922145 seconds (7.15 G allocations: 17.630 TiB, 13.09% gc time)
[2023-01-11T19:35:44.842]Completed Shot 4, state 34
9524.596902 seconds (7.15 G allocations: 17.631 TiB, 13.09% gc time)
[2023-01-11T19:35:45.515]Completed Shot 4, state 26
9525.454974 seconds (7.16 G allocations: 17.634 TiB, 13.09% gc time)
[2023-01-11T19:35:46.370]Completed Shot 4, state 11
9525.647367 seconds (7.16 G allocations: 17.634 TiB, 13.09% gc time)
[2023-01-11T19:35:46.560]Completed Shot 4, state 1
9527.062544 seconds (7.16 G allocations: 17.638 TiB, 13.09% gc time)
[2023-01-11T19:35:47.979]Completed Shot 4, state 16
9527.083040 seconds (7.16 G allocations: 17.638 TiB, 13.09% gc time)
[2023-01-11T19:35:48.002]Completed Shot 4, state 31
9527.271151 seconds (7.16 G allocations: 17.638 TiB, 13.09% gc time)
[2023-01-11T19:35:48.187]Completed Shot 4, state 14
9527.684735 seconds (7.16 G allocations: 17.639 TiB, 13.09% gc time)
[2023-01-11T19:35:48.604]Completed Shot 4, state 43
9529.126316 seconds (7.16 G allocations: 17.641 TiB, 13.09% gc time)
[2023-01-11T19:35:50.040]Completed Shot 4, state 3
9532.445618 seconds (7.16 G allocations: 17.647 TiB, 13.09% gc time)
[2023-01-11T19:35:53.364]Completed Shot 4, state 29
9534.625482 seconds (7.16 G allocations: 17.650 TiB, 13.09% gc time)
[2023-01-11T19:35:55.540]Completed Shot 4, state 7
9534.865945 seconds (7.16 G allocations: 17.651 TiB, 13.09% gc time)
[2023-01-11T19:35:55.785]Completed Shot 4, state 32
9536.498961 seconds (7.16 G allocations: 17.654 TiB, 13.09% gc time)
[2023-01-11T19:35:57.416]Completed Shot 4, state 23
9536.696291 seconds (7.16 G allocations: 17.654 TiB, 13.09% gc time)
[2023-01-11T19:35:57.613]Completed Shot 4, state 21
9537.143192 seconds (7.16 G allocations: 17.655 TiB, 13.09% gc time)
[2023-01-11T19:35:58.058]Completed Shot 4, state 10
9537.207136 seconds (7.16 G allocations: 17.655 TiB, 13.09% gc time)
[2023-01-11T19:35:58.126]Completed Shot 4, state 35
9537.337271 seconds (7.16 G allocations: 17.656 TiB, 13.09% gc time)
[2023-01-11T19:35:58.257]Completed Shot 4, state 48
9537.766777 seconds (7.17 G allocations: 17.656 TiB, 13.09% gc time)
[2023-01-11T19:35:58.686]Completed Shot 4, state 42
9537.785815 seconds (7.17 G allocations: 17.656 TiB, 13.09% gc time)
[2023-01-11T19:35:58.705]Completed Shot 4, state 50
9542.006836 seconds (7.17 G allocations: 17.660 TiB, 13.09% gc time)
[2023-01-11T19:36:02.920]Completed Shot 4, state 2
9544.153972 seconds (7.17 G allocations: 17.662 TiB, 13.09% gc time)
[2023-01-11T19:36:05.073]Completed Shot 4, state 44
9546.679402 seconds (7.17 G allocations: 17.663 TiB, 13.08% gc time)
[2023-01-11T19:36:07.598]Completed Shot 4, state 33
9548.534529 seconds (7.17 G allocations: 17.664 TiB, 13.08% gc time)
[2023-01-11T19:36:09.451]Completed Shot 4, state 19
9551.381255 seconds (7.17 G allocations: 17.665 TiB, 13.08% gc time)
[2023-01-11T19:36:12.299]Completed Shot 4, state 28
9572.503417 seconds (7.17 G allocations: 17.670 TiB, 13.05% gc time)
[2023-01-11T19:36:33.423]Completed Shot 4, state 47
9576.144949 seconds (7.17 G allocations: 17.670 TiB, 13.05% gc time)
[2023-01-11T19:36:37.061]Completed Shot 4, state 17
8941.434987 seconds (7.26 G allocations: 17.856 TiB, 14.79% gc time)
[2023-01-11T22:05:38.502]Completed Shot 5, state 32
8947.238558 seconds (7.27 G allocations: 17.870 TiB, 14.80% gc time)
[2023-01-11T22:05:44.304]Completed Shot 5, state 24
8981.290770 seconds (7.30 G allocations: 17.958 TiB, 14.82% gc time)
[2023-01-11T22:06:18.356]Completed Shot 5, state 22
8981.864731 seconds (7.30 G allocations: 17.960 TiB, 14.82% gc time)
[2023-01-11T22:06:18.929]Completed Shot 5, state 9
8987.937144 seconds (7.31 G allocations: 17.975 TiB, 14.83% gc time)
[2023-01-11T22:06:25.003]Completed Shot 5, state 21
8988.162586 seconds (7.31 G allocations: 17.976 TiB, 14.83% gc time)
[2023-01-11T22:06:25.229]Completed Shot 5, state 44
8992.516406 seconds (7.31 G allocations: 17.986 TiB, 14.83% gc time)
[2023-01-11T22:06:29.582]Completed Shot 5, state 19
8994.093182 seconds (7.32 G allocations: 17.992 TiB, 14.83% gc time)
[2023-01-11T22:06:31.159]Completed Shot 5, state 20
8995.165421 seconds (7.32 G allocations: 17.995 TiB, 14.83% gc time)
[2023-01-11T22:06:32.229]Completed Shot 5, state 5
9000.395705 seconds (7.32 G allocations: 18.008 TiB, 14.84% gc time)
[2023-01-11T22:06:37.462]Completed Shot 5, state 39
9001.802352 seconds (7.33 G allocations: 18.013 TiB, 14.84% gc time)
[2023-01-11T22:06:38.868]Completed Shot 5, state 18
9005.376394 seconds (7.33 G allocations: 18.020 TiB, 14.84% gc time)
[2023-01-11T22:06:42.443]Completed Shot 5, state 38
9006.322499 seconds (7.33 G allocations: 18.023 TiB, 14.84% gc time)
[2023-01-11T22:06:43.389]Completed Shot 5, state 36
9008.231008 seconds (7.33 G allocations: 18.029 TiB, 14.84% gc time)
[2023-01-11T22:06:45.297]Completed Shot 5, state 37
9011.879622 seconds (7.34 G allocations: 18.038 TiB, 14.84% gc time)
[2023-01-11T22:06:48.945]Completed Shot 5, state 29
9014.247832 seconds (7.34 G allocations: 18.042 TiB, 14.85% gc time)
[2023-01-11T22:06:51.314]Completed Shot 5, state 27
9015.061643 seconds (7.34 G allocations: 18.045 TiB, 14.85% gc time)
[2023-01-11T22:06:52.127]Completed Shot 5, state 26
9015.882319 seconds (7.34 G allocations: 18.047 TiB, 14.85% gc time)
[2023-01-11T22:06:52.949]Completed Shot 5, state 43
9016.665706 seconds (7.34 G allocations: 18.050 TiB, 14.85% gc time)
[2023-01-11T22:06:53.730]Completed Shot 5, state 12
9019.622531 seconds (7.34 G allocations: 18.056 TiB, 14.85% gc time)
[2023-01-11T22:06:56.687]Completed Shot 5, state 17
9020.326041 seconds (7.34 G allocations: 18.058 TiB, 14.85% gc time)
[2023-01-11T22:06:57.393]Completed Shot 5, state 47
9020.396409 seconds (7.34 G allocations: 18.058 TiB, 14.85% gc time)
[2023-01-11T22:06:57.463]Completed Shot 5, state 45
9020.714894 seconds (7.35 G allocations: 18.059 TiB, 14.85% gc time)
[2023-01-11T22:06:57.779]Completed Shot 5, state 8
9021.505252 seconds (7.35 G allocations: 18.062 TiB, 14.85% gc time)
[2023-01-11T22:06:58.571]Completed Shot 5, state 28
9021.857687 seconds (7.35 G allocations: 18.063 TiB, 14.85% gc time)
[2023-01-11T22:06:58.924]Completed Shot 5, state 41
9023.636633 seconds (7.35 G allocations: 18.066 TiB, 14.86% gc time)
[2023-01-11T22:07:00.700]Completed Shot 5, state 7
9023.950295 seconds (7.35 G allocations: 18.066 TiB, 14.85% gc time)
[2023-01-11T22:07:01.016]Completed Shot 5, state 25
9024.624277 seconds (7.35 G allocations: 18.068 TiB, 14.85% gc time)
[2023-01-11T22:07:01.688]Completed Shot 5, state 6
9025.449623 seconds (7.35 G allocations: 18.070 TiB, 14.85% gc time)
[2023-01-11T22:07:02.514]Completed Shot 5, state 14
9025.987171 seconds (7.35 G allocations: 18.072 TiB, 14.85% gc time)
[2023-01-11T22:07:03.053]Completed Shot 5, state 31
9026.963463 seconds (7.35 G allocations: 18.072 TiB, 14.86% gc time)
[2023-01-11T22:07:04.030]Completed Shot 5, state 34
9027.161981 seconds (7.35 G allocations: 18.073 TiB, 14.86% gc time)
[2023-01-11T22:07:04.226]Completed Shot 5, state 11
9027.329021 seconds (7.35 G allocations: 18.073 TiB, 14.86% gc time)
[2023-01-11T22:07:04.395]Completed Shot 5, state 30
9028.997801 seconds (7.35 G allocations: 18.077 TiB, 14.85% gc time)
[2023-01-11T22:07:06.062]Completed Shot 5, state 15
9029.124100 seconds (7.35 G allocations: 18.077 TiB, 14.85% gc time)
[2023-01-11T22:07:06.190]Completed Shot 5, state 42
9029.358984 seconds (7.35 G allocations: 18.078 TiB, 14.85% gc time)
[2023-01-11T22:07:06.425]Completed Shot 5, state 48
9029.505837 seconds (7.35 G allocations: 18.078 TiB, 14.85% gc time)
[2023-01-11T22:07:06.572]Completed Shot 5, state 46
9029.662454 seconds (7.35 G allocations: 18.078 TiB, 14.85% gc time)
[2023-01-11T22:07:06.728]Completed Shot 5, state 23
9031.292168 seconds (7.35 G allocations: 18.080 TiB, 14.85% gc time)
[2023-01-11T22:07:08.359]Completed Shot 5, state 40
9032.270461 seconds (7.35 G allocations: 18.082 TiB, 14.85% gc time)
[2023-01-11T22:07:09.337]Completed Shot 5, state 50
9032.723389 seconds (7.35 G allocations: 18.082 TiB, 14.85% gc time)
[2023-01-11T22:07:09.787]Completed Shot 5, state 4
9033.760721 seconds (7.36 G allocations: 18.083 TiB, 14.85% gc time)
[2023-01-11T22:07:10.825]Completed Shot 5, state 10
9034.126334 seconds (7.36 G allocations: 18.084 TiB, 14.85% gc time)
[2023-01-11T22:07:11.193]Completed Shot 5, state 49
9034.201906 seconds (7.36 G allocations: 18.084 TiB, 14.85% gc time)
[2023-01-11T22:07:11.268]Completed Shot 5, state 35
9034.927396 seconds (7.36 G allocations: 18.084 TiB, 14.85% gc time)
[2023-01-11T22:07:11.990]Completed Shot 5, state 1
9035.559437 seconds (7.36 G allocations: 18.085 TiB, 14.85% gc time)
[  Activating project at `/gpfs/bwfor/work/ws/hd_ku269-light_cones/WorkingFolder`
2023-01-11T22:07:12.625]Completed Shot 5, state 33
9037.248835 seconds (7.36 G allocations: 18.086 TiB, 14.85% gc time)
[2023-01-11T22:07:14.312]Completed Shot 5, state 3
9039.566412 seconds (7.36 G allocations: 18.087 TiB, 14.85% gc time)
[2023-01-11T22:07:16.631]Completed Shot 5, state 13
9041.888435 seconds (7.36 G allocations: 18.087 TiB, 14.84% gc time)
[2023-01-11T22:07:18.951]Completed Shot 5, state 2
9044.706930 seconds (7.36 G allocations: 18.087 TiB, 14.84% gc time)
[2023-01-11T22:07:21.772]Completed Shot 5, state 16
8868.257870 seconds (7.32 G allocations: 18.006 TiB, 15.71% gc time)
[2023-01-12T00:35:10.033]Completed Shot 6, state 13
8883.861985 seconds (7.34 G allocations: 18.046 TiB, 15.71% gc time)
[2023-01-12T00:35:25.638]Completed Shot 6, state 31
8890.229894 seconds (7.34 G allocations: 18.059 TiB, 15.73% gc time)
[2023-01-12T00:35:32.005]Completed Shot 6, state 20
8890.351018 seconds (7.34 G allocations: 18.059 TiB, 15.73% gc time)
[2023-01-12T00:35:32.124]Completed Shot 6, state 1
8892.518809 seconds (7.35 G allocations: 18.066 TiB, 15.72% gc time)
[2023-01-12T00:35:34.292]Completed Shot 6, state 3
8894.014638 seconds (7.35 G allocations: 18.071 TiB, 15.72% gc time)
[2023-01-12T00:35:35.788]Completed Shot 6, state 2
8894.026232 seconds (7.35 G allocations: 18.071 TiB, 15.72% gc time)
[2023-01-12T00:35:35.802]Completed Shot 6, state 18
8894.204862 seconds (7.35 G allocations: 18.071 TiB, 15.72% gc time)
[2023-01-12T00:35:35.980]Completed Shot 6, state 17
8894.677121 seconds (7.35 G allocations: 18.073 TiB, 15.72% gc time)
[2023-01-12T00:35:36.451]Completed Shot 6, state 6
8899.941647 seconds (7.35 G allocations: 18.083 TiB, 15.73% gc time)
[2023-01-12T00:35:41.718]Completed Shot 6, state 38
8899.953182 seconds (7.35 G allocations: 18.083 TiB, 15.73% gc time)
[2023-01-12T00:35:41.731]Completed Shot 6, state 44
8901.128511 seconds (7.36 G allocations: 18.087 TiB, 15.73% gc time)
[2023-01-12T00:35:42.905]Completed Shot 6, state 33
8902.251305 seconds (7.36 G allocations: 18.091 TiB, 15.73% gc time)
[2023-01-12T00:35:44.027]Completed Shot 6, state 25
8902.716157 seconds (7.36 G allocations: 18.092 TiB, 15.73% gc time)
[2023-01-12T00:35:44.492]Completed Shot 6, state 27
8903.843054 seconds (7.36 G allocations: 18.096 TiB, 15.72% gc time)
[2023-01-12T00:35:45.619]Completed Shot 6, state 28
8905.199013 seconds (7.36 G allocations: 18.096 TiB, 15.74% gc time)
[2023-01-12T00:35:46.976]Completed Shot 6, state 48
8906.273485 seconds (7.36 G allocations: 18.099 TiB, 15.73% gc time)
[2023-01-12T00:35:48.049]Completed Shot 6, state 26
8906.300772 seconds (7.36 G allocations: 18.100 TiB, 15.73% gc time)
[2023-01-12T00:35:48.077]Completed Shot 6, state 34
8906.528385 seconds (7.36 G allocations: 18.100 TiB, 15.73% gc time)
[2023-01-12T00:35:48.303]Completed Shot 6, state 15
8906.607554 seconds (7.36 G allocations: 18.100 TiB, 15.73% gc time)
[2023-01-12T00:35:48.384]Completed Shot 6, state 37
8906.875039 seconds (7.36 G allocations: 18.101 TiB, 15.73% gc time)
[2023-01-12T00:35:48.650]Completed Shot 6, state 14
8907.080715 seconds (7.36 G allocations: 18.102 TiB, 15.73% gc time)
[2023-01-12T00:35:48.854]Completed Shot 6, state 4
8907.503840 seconds (7.36 G allocations: 18.103 TiB, 15.73% gc time)
[2023-01-12T00:35:49.280]Completed Shot 6, state 32
8907.534375 seconds (7.36 G allocations: 18.103 TiB, 15.73% gc time)
[2023-01-12T00:35:49.311]Completed Shot 6, state 36
8907.628352 seconds (7.36 G allocations: 18.103 TiB, 15.73% gc time)
[2023-01-12T00:35:49.405]Completed Shot 6, state 40
8907.629197 seconds (7.36 G allocations: 18.103 TiB, 15.73% gc time)
[2023-01-12T00:35:49.406]Completed Shot 6, state 49
8908.057535 seconds (7.36 G allocations: 18.105 TiB, 15.73% gc time)
[2023-01-12T00:35:49.835]Completed Shot 6, state 47
8908.120791 seconds (7.36 G allocations: 18.105 TiB, 15.73% gc time)
[2023-01-12T00:35:49.895]Completed Shot 6, state 12
8908.774991 seconds (7.36 G allocations: 18.106 TiB, 15.73% gc time)
[2023-01-12T00:35:50.552]Completed Shot 6, state 46
8909.348002 seconds (7.37 G allocations: 18.108 TiB, 15.73% gc time)
[2023-01-12T00:35:51.125]Completed Shot 6, state 43
8909.448017 seconds (7.37 G allocations: 18.108 TiB, 15.73% gc time)
[2023-01-12T00:35:51.222]Completed Shot 6, state 10
8912.573537 seconds (7.37 G allocations: 18.114 TiB, 15.73% gc time)
[2023-01-12T00:35:54.348]Completed Shot 6, state 16
8913.271799 seconds (7.37 G allocations: 18.115 TiB, 15.73% gc time)
[2023-01-12T00:35:55.045]Completed Shot 6, state 5
8913.723812 seconds (7.37 G allocations: 18.116 TiB, 15.73% gc time)
[2023-01-12T00:35:55.498]Completed Shot 6, state 7
8913.838708 seconds (7.37 G allocations: 18.117 TiB, 15.73% gc time)
[2023-01-12T00:35:55.616]Completed Shot 6, state 50
8913.880624 seconds (7.37 G allocations: 18.117 TiB, 15.73% gc time)
[2023-01-12T00:35:55.656]Completed Shot 6, state 22
8914.280014 seconds (7.37 G allocations: 18.118 TiB, 15.73% gc time)
[2023-01-12T00:35:56.055]Completed Shot 6, state 21
8915.730006 seconds (7.37 G allocations: 18.119 TiB, 15.73% gc time)
[2023-01-12T00:35:57.507]Completed Shot 6, state 39
8916.059979 seconds (7.37 G allocations: 18.120 TiB, 15.73% gc time)
[2023-01-12T00:35:57.836]Completed Shot 6, state 23
8916.115773 seconds (7.37 G allocations: 18.120 TiB, 15.73% gc time)
[2023-01-12T00:35:57.891]Completed Shot 6, state 24
8916.280131 seconds (7.37 G allocations: 18.120 TiB, 15.73% gc time)
[2023-01-12T00:35:58.054]Completed Shot 6, state 9
8916.385262 seconds (7.37 G allocations: 18.120 TiB, 15.73% gc time)
[2023-01-12T00:35:58.162]Completed Shot 6, state 35
8916.537439 seconds (7.37 G allocations: 18.120 TiB, 15.73% gc time)
[2023-01-12T00:35:58.311]Completed Shot 6, state 8
8917.327103 seconds (7.37 G allocations: 18.121 TiB, 15.73% gc time)
[2023-01-12T00:35:59.101]Completed Shot 6, state 11
8917.670351 seconds (7.37 G allocations: 18.121 TiB, 15.73% gc time)
[2023-01-12T00:35:59.447]Completed Shot 6, state 45
8917.856099 seconds (7.37 G allocations: 18.122 TiB, 15.73% gc time)
[2023-01-12T00:35:59.632]Completed Shot 6, state 30
8918.489636 seconds (7.37 G allocations: 18.122 TiB, 15.73% gc time)
[2023-01-12T00:36:00.266]Completed Shot 6, state 29
8920.508967 seconds (7.37 G allocations: 18.123 TiB, 15.73% gc time)
[2023-01-12T00:36:02.286]Completed Shot 6, state 42
8922.695299 seconds (7.37 G allocations: 18.123 TiB, 15.72% gc time)
[2023-01-12T00:36:04.472]Completed Shot 6, state 41
8925.687493 seconds (7.37 G allocations: 18.123 TiB, 15.72% gc time)
[2023-01-12T00:36:07.463]Completed Shot 6, state 19
9191.687896 seconds (7.34 G allocations: 18.045 TiB, 13.97% gc time)
[2023-01-12T03:09:19.154]Completed Shot 7, state 27
9202.250101 seconds (7.34 G allocations: 18.068 TiB, 13.97% gc time)
[2023-01-12T03:09:29.718]Completed Shot 7, state 46
9218.535705 seconds (7.36 G allocations: 18.104 TiB, 13.96% gc time)
[2023-01-12T03:09:46.001]Completed Shot 7, state 9
9219.090785 seconds (7.36 G allocations: 18.105 TiB, 13.96% gc time)
[2023-01-12T03:09:46.558]Completed Shot 7, state 38
9221.957936 seconds (7.36 G allocations: 18.109 TiB, 13.97% gc time)
[2023-01-12T03:09:49.425]Completed Shot 7, state 44
9223.297266 seconds (7.36 G allocations: 18.112 TiB, 13.97% gc time)
[2023-01-12T03:09:50.764]Completed Shot 7, state 32
9224.456218 seconds (7.36 G allocations: 18.115 TiB, 13.96% gc time)
[2023-01-12T03:09:51.923]Completed Shot 7, state 23
9225.045933 seconds (7.36 G allocations: 18.116 TiB, 13.96% gc time)
[2023-01-12T03:09:52.513]Completed Shot 7, state 28
9226.107889 seconds (7.37 G allocations: 18.119 TiB, 13.96% gc time)
[2023-01-12T03:09:53.575]Completed Shot 7, state 36
9228.015653 seconds (7.37 G allocations: 18.124 TiB, 13.96% gc time)
[2023-01-12T03:09:55.482]Completed Shot 7, state 21
9232.646375 seconds (7.37 G allocations: 18.133 TiB, 13.96% gc time)
[2023-01-12T03:10:00.112]Completed Shot 7, state 19
9233.669138 seconds (7.37 G allocations: 18.135 TiB, 13.96% gc time)
[2023-01-12T03:10:01.135]Completed Shot 7, state 15
9233.975600 seconds (7.37 G allocations: 18.136 TiB, 13.96% gc time)
[2023-01-12T03:10:01.442]Completed Shot 7, state 25
9237.147907 seconds (7.38 G allocations: 18.142 TiB, 13.97% gc time)
[2023-01-12T03:10:04.615]Completed Shot 7, state 30
9237.190381 seconds (7.38 G allocations: 18.142 TiB, 13.97% gc time)
[2023-01-12T03:10:04.658]Completed Shot 7, state 49
9238.140552 seconds (7.38 G allocations: 18.144 TiB, 13.96% gc time)
[2023-01-12T03:10:05.607]Completed Shot 7, state 29
9240.740223 seconds (7.38 G allocations: 18.150 TiB, 13.96% gc time)
[2023-01-12T03:10:08.204]Completed Shot 7, state 2
9241.270318 seconds (7.38 G allocations: 18.152 TiB, 13.96% gc time)
[2023-01-12T03:10:08.739]Completed Shot 7, state 50
9244.452542 seconds (7.38 G allocations: 18.157 TiB, 13.96% gc time)
[2023-01-12T03:10:11.919]Completed Shot 7, state 24
9244.957486 seconds (7.38 G allocations: 18.158 TiB, 13.96% gc time)
[2023-01-12T03:10:12.425]Completed Shot 7, state 42
9246.073655 seconds (7.38 G allocations: 18.160 TiB, 13.96% gc time)
[2023-01-12T03:10:13.541]Completed Shot 7, state 45
9246.256495 seconds (7.38 G allocations: 18.161 TiB, 13.96% gc time)
[2023-01-12T03:10:13.721]Completed Shot 7, state 6
9246.498772 seconds (7.38 G allocations: 18.161 TiB, 13.96% gc time)
[2023-01-12T03:10:13.966]Completed Shot 7, state 37
9246.595349 seconds (7.38 G allocations: 18.161 TiB, 13.96% gc time)
[2023-01-12T03:10:14.060]Completed Shot 7, state 5
9246.729762 seconds (7.38 G allocations: 18.162 TiB, 13.96% gc time)
[2023-01-12T03:10:14.195]Completed Shot 7, state 12
9246.905944 seconds (7.38 G allocations: 18.162 TiB, 13.96% gc time)
[2023-01-12T03:10:14.372]Completed Shot 7, state 26
9247.533585 seconds (7.38 G allocations: 18.163 TiB, 13.96% gc time)
[2023-01-12T03:10:15.001]Completed Shot 7, state 34
9251.836914 seconds (7.39 G allocations: 18.170 TiB, 13.96% gc time)
[2023-01-12T03:10:19.302]Completed Shot 7, state 4
9253.847028 seconds (7.39 G allocations: 18.174 TiB, 13.96% gc time)
[2023-01-12T03:10:21.311]Completed Shot 7, state 1
9257.411851 seconds (7.39 G allocations: 18.180 TiB, 13.96% gc time)
[2023-01-12T03:10:24.877]Completed Shot 7, state 10
9258.777280 seconds (7.39 G allocations: 18.183 TiB, 13.96% gc time)
[2023-01-12T03:10:26.245]Completed Shot 7, state 40
9261.473296 seconds (7.39 G allocations: 18.186 TiB, 13.96% gc time)
[2023-01-12T03:10:28.941]Completed Shot 7, state 47
9262.133674 seconds (7.39 G allocations: 18.188 TiB, 13.96% gc time)
[2023-01-12T03:10:29.598]Completed Shot 7, state 8
9262.724696 seconds (7.39 G allocations: 18.189 TiB, 13.96% gc time)
[2023-01-12T03:10:30.192]Completed Shot 7, state 41
9262.888014 seconds (7.39 G allocations: 18.189 TiB, 13.96% gc time)
[2023-01-12T03:10:30.355]Completed Shot 7, state 43
9263.194245 seconds (7.39 G allocations: 18.189 TiB, 13.96% gc time)
[2023-01-12T03:10:30.660]Completed Shot 7, state 17
9265.041439 seconds (7.40 G allocations: 18.192 TiB, 13.95% gc time)
[2023-01-12T03:10:32.508]Completed Shot 7, state 35
9268.596214 seconds (7.40 G allocations: 18.196 TiB, 13.96% gc time)
[2023-01-12T03:10:36.061]Completed Shot 7, state 7
9268.902581 seconds (7.40 G allocations: 18.197 TiB, 13.95% gc time)
[2023-01-12T03:10:36.367]Completed Shot 7, state 3
9269.385108 seconds (7.40 G allocations: 18.197 TiB, 13.95% gc time)
[2023-01-12T03:10:36.851]Completed Shot 7, state 18
9269.854946 seconds (7.40 G allocations: 18.198 TiB, 13.95% gc time)
[2023-01-12T03:10:37.320]Completed Shot 7, state 13
9270.146543 seconds (7.40 G allocations: 18.198 TiB, 13.95% gc time)
[2023-01-12T03:10:37.613]Completed Shot 7, state 31
9273.318198 seconds (7.40 G allocations: 18.201 TiB, 13.95% gc time)
[2023-01-12T03:10:40.784]Completed Shot 7, state 14
9273.433020 seconds (7.40 G allocations: 18.201 TiB, 13.95% gc time)
[2023-01-12T03:10:40.900]Completed Shot 7, state 33
9274.546756 seconds (7.40 G allocations: 18.202 TiB, 13.95% gc time)
[2023-01-12T03:10:42.012]Completed Shot 7, state 11
9274.737630 seconds (7.40 G allocations: 18.202 TiB, 13.95% gc time)
[2023-01-12T03:10:42.204]Completed Shot 7, state 20
9277.228401 seconds (7.40 G allocations: 18.203 TiB, 13.95% gc time)
[2023-01-12T03:10:44.694]Completed Shot 7, state 16
9280.101220 seconds (7.40 G allocations: 18.204 TiB, 13.94% gc time)
[2023-01-12T03:10:47.568]Completed Shot 7, state 39
9280.177031 seconds (7.40 G allocations: 18.204 TiB, 13.94% gc time)
[2023-01-12T03:10:47.644]Completed Shot 7, state 48
9286.572518 seconds (7.40 G allocations: 18.205 TiB, 13.93% gc time)
[2023-01-12T03:10:54.039]Completed Shot 7, state 22
10345.847803 seconds (7.32 G allocations: 17.993 TiB, 12.76% gc time)
[2023-01-12T06:03:19.893]Completed Shot 8, state 21
10364.181437 seconds (7.34 G allocations: 18.038 TiB, 12.77% gc time)
[2023-01-12T06:03:38.225]Completed Shot 8, state 26
10371.646959 seconds (7.34 G allocations: 18.055 TiB, 12.77% gc time)
[2023-01-12T06:03:45.690]Completed Shot 8, state 35
10376.331413 seconds (7.35 G allocations: 18.066 TiB, 12.78% gc time)
[2023-01-12T06:03:50.373]Completed Shot 8, state 9
10378.806760 seconds (7.35 G allocations: 18.073 TiB, 12.77% gc time)
[2023-01-12T06:03:52.848]Completed Shot 8, state 5
10387.497045 seconds (7.36 G allocations: 18.095 TiB, 12.78% gc time)
[2023-01-12T06:04:01.541]Completed Shot 8, state 43
10398.687289 seconds (7.37 G allocations: 18.120 TiB, 12.79% gc time)
[2023-01-12T06:04:12.730]Completed Shot 8, state 18
10404.955513 seconds (7.38 G allocations: 18.136 TiB, 12.79% gc time)
[2023-01-12T06:04:18.999]Completed Shot 8, state 32
10405.407990 seconds (7.38 G allocations: 18.138 TiB, 12.79% gc time)
[2023-01-12T06:04:19.452]Completed Shot 8, state 20
10411.011183 seconds (7.38 G allocations: 18.152 TiB, 12.79% gc time)
[2023-01-12T06:04:25.053]Completed Shot 8, state 12
10415.947569 seconds (7.39 G allocations: 18.163 TiB, 12.79% gc time)
[2023-01-12T06:04:29.992]Completed Shot 8, state 49
10422.821033 seconds (7.39 G allocations: 18.181 TiB, 12.79% gc time)
[2023-01-12T06:04:36.864]Completed Shot 8, state 23
10426.449806 seconds (7.40 G allocations: 18.189 TiB, 12.80% gc time)
[2023-01-12T06:04:40.493]Completed Shot 8, state 25
10427.519821 seconds (7.40 G allocations: 18.192 TiB, 12.79% gc time)
[2023-01-12T06:04:41.564]Completed Shot 8, state 45
10427.559851 seconds (7.40 G allocations: 18.192 TiB, 12.79% gc time)
[2023-01-12T06:04:41.602]Completed Shot 8, state 15
10429.437870 seconds (7.40 G allocations: 18.195 TiB, 12.80% gc time)
[2023-01-12T06:04:43.482]Completed Shot 8, state 50
10436.221099 seconds (7.41 G allocations: 18.212 TiB, 12.80% gc time)
[2023-01-12T06:04:50.262]Completed Shot 8, state 3
10436.484439 seconds (7.41 G allocations: 18.213 TiB, 12.80% gc time)
[2023-01-12T06:04:50.526]Completed Shot 8, state 14
10446.965529 seconds (7.42 G allocations: 18.236 TiB, 12.80% gc time)
[2023-01-12T06:05:01.009]Completed Shot 8, state 27
10447.222274 seconds (7.42 G allocations: 18.237 TiB, 12.80% gc time)
[2023-01-12T06:05:01.266]Completed Shot 8, state 33
10448.394813 seconds (7.42 G allocations: 18.238 TiB, 12.80% gc time)
[2023-01-12T06:05:02.438]Completed Shot 8, state 29
10449.484670 seconds (7.42 G allocations: 18.241 TiB, 12.80% gc time)
[2023-01-12T06:05:03.527]Completed Shot 8, state 13
10453.896323 seconds (7.42 G allocations: 18.251 TiB, 12.81% gc time)
[2023-01-12T06:05:07.939]Completed Shot 8, state 24
10458.397582 seconds (7.43 G allocations: 18.260 TiB, 12.81% gc time)
[2023-01-12T06:05:12.439]Completed Shot 8, state 10
10465.994543 seconds (7.43 G allocations: 18.275 TiB, 12.81% gc time)
[2023-01-12T06:05:20.038]Completed Shot 8, state 42
10467.994172 seconds (7.44 G allocations: 18.280 TiB, 12.81% gc time)
[2023-01-12T06:05:22.036]Completed Shot 8, state 17
10469.225503 seconds (7.44 G allocations: 18.283 TiB, 12.81% gc time)
[2023-01-12T06:05:23.267]Completed Shot 8, state 6
10470.671967 seconds (7.44 G allocations: 18.284 TiB, 12.81% gc time)
[2023-01-12T06:05:24.715]Completed Shot 8, state 38
10470.672081 seconds (7.44 G allocations: 18.284 TiB, 12.81% gc time)
[2023-01-12T06:05:24.716]Completed Shot 8, state 47
10472.053392 seconds (7.44 G allocations: 18.287 TiB, 12.81% gc time)
[2023-01-12T06:05:26.096]Completed Shot 8, state 28
10473.511194 seconds (7.44 G allocations: 18.291 TiB, 12.81% gc time)
[2023-01-12T06:05:27.553]Completed Shot 8, state 8
10475.021761 seconds (7.44 G allocations: 18.293 TiB, 12.81% gc time)
[2023-01-12T06:05:29.065]Completed Shot 8, state 40
10475.595693 seconds (7.44 G allocations: 18.294 TiB, 12.81% gc time)
[2023-01-12T06:05:29.639]Completed Shot 8, state 36
10477.044497 seconds (7.44 G allocations: 18.297 TiB, 12.81% gc time)
[2023-01-12T06:05:31.085]Completed Shot 8, state 2
10477.076652 seconds (7.44 G allocations: 18.297 TiB, 12.81% gc time)
[2023-01-12T06:05:31.118]Completed Shot 8, state 4
10478.924458 seconds (7.44 G allocations: 18.299 TiB, 12.81% gc time)
[2023-01-12T06:05:32.968]Completed Shot 8, state 34
10481.051078 seconds (7.45 G allocations: 18.303 TiB, 12.81% gc time)
[2023-01-12T06:05:35.095]Completed Shot 8, state 48
10481.402369 seconds (7.45 G allocations: 18.304 TiB, 12.81% gc time)
[2023-01-12T06:05:35.445]Completed Shot 8, state 31
10481.458554 seconds (7.45 G allocations: 18.304 TiB, 12.81% gc time)
[2023-01-12T06:05:35.501]Completed Shot 8, state 19
10483.373819 seconds (7.45 G allocations: 18.306 TiB, 12.81% gc time)
[2023-01-12T06:05:37.416]Completed Shot 8, state 16
10490.271786 seconds (7.45 G allocations: 18.315 TiB, 12.81% gc time)
[2023-01-12T06:05:44.315]Completed Shot 8, state 30
10491.812678 seconds (7.45 G allocations: 18.317 TiB, 12.81% gc time)
[2023-01-12T06:05:45.854]Completed Shot 8, state 11
10496.174031 seconds (7.45 G allocations: 18.321 TiB, 12.80% gc time)
[2023-01-12T06:05:50.215]Completed Shot 8, state 1
10496.294150 seconds (7.45 G allocations: 18.321 TiB, 12.80% gc time)
[2023-01-12T06:05:50.338]Completed Shot 8, state 37
10499.702290 seconds (7.45 G allocations: 18.324 TiB, 12.80% gc time)
[2023-01-12T06:05:53.744]Completed Shot 8, state 7
10510.750868 seconds (7.46 G allocations: 18.331 TiB, 12.79% gc time)
[2023-01-12T06:06:04.794]Completed Shot 8, state 46
10512.895619 seconds (7.46 G allocations: 18.332 TiB, 12.79% gc time)
[2023-01-12T06:06:06.939]Completed Shot 8, state 41
10517.182616 seconds (7.46 G allocations: 18.334 TiB, 12.79% gc time)
[2023-01-12T06:06:11.226]Completed Shot 8, state 39
10518.482895 seconds (7.46 G allocations: 18.334 TiB, 12.79% gc time)
[2023-01-12T06:06:12.526]Completed Shot 8, state 44
10564.981445 seconds (7.46 G allocations: 18.339 TiB, 12.73% gc time)
[2023-01-12T06:06:59.024]Completed Shot 8, state 22
10256.116729 seconds (8.74 G allocations: 21.219 TiB, 15.14% gc time)
[2023-01-12T08:57:55.145]Completed Shot 9, state 31
10283.505709 seconds (8.77 G allocations: 21.292 TiB, 15.17% gc time)
[2023-01-12T08:58:22.531]Completed Shot 9, state 1
10286.348262 seconds (8.77 G allocations: 21.302 TiB, 15.16% gc time)
[2023-01-12T08:58:25.374]Completed Shot 9, state 4
10298.438493 seconds (8.79 G allocations: 21.337 TiB, 15.16% gc time)
[2023-01-12T08:58:37.468]Completed Shot 9, state 35
10299.036646 seconds (8.79 G allocations: 21.339 TiB, 15.16% gc time)
[2023-01-12T08:58:38.064]Completed Shot 9, state 12
10305.743566 seconds (8.80 G allocations: 21.356 TiB, 15.17% gc time)
[2023-01-12T08:58:44.772]Completed Shot 9, state 23
10307.318604 seconds (8.80 G allocations: 21.362 TiB, 15.17% gc time)
[2023-01-12T08:58:46.347]Completed Shot 9, state 40
10309.073356 seconds (8.80 G allocations: 21.368 TiB, 15.17% gc time)
[2023-01-12T08:58:48.100]Completed Shot 9, state 5
10309.515027 seconds (8.80 G allocations: 21.369 TiB, 15.17% gc time)
[2023-01-12T08:58:48.544]Completed Shot 9, state 45
10317.637878 seconds (8.81 G allocations: 21.389 TiB, 15.18% gc time)
[2023-01-12T08:58:56.667]Completed Shot 9, state 50
10318.152056 seconds (8.81 G allocations: 21.390 TiB, 15.18% gc time)
[2023-01-12T08:58:57.181]Completed Shot 9, state 42
10318.801868 seconds (8.81 G allocations: 21.393 TiB, 15.18% gc time)
[2023-01-12T08:58:57.831]Completed Shot 9, state 36
10322.692415 seconds (8.82 G allocations: 21.400 TiB, 15.19% gc time)
[2023-01-12T08:59:01.721]Completed Shot 9, state 28
10324.573457 seconds (8.82 G allocations: 21.407 TiB, 15.18% gc time)
[2023-01-12T08:59:03.602]Completed Shot 9, state 26
10334.227390 seconds (8.83 G allocations: 21.431 TiB, 15.19% gc time)
[2023-01-12T08:59:13.256]Completed Shot 9, state 34
10336.392660 seconds (8.83 G allocations: 21.438 TiB, 15.19% gc time)
[2023-01-12T08:59:15.420]Completed Shot 9, state 16
10337.227276 seconds (8.83 G allocations: 21.440 TiB, 15.19% gc time)
[2023-01-12T08:59:16.256]Completed Shot 9, state 38
10340.321652 seconds (8.84 G allocations: 21.446 TiB, 15.19% gc time)
[2023-01-12T08:59:19.349]Completed Shot 9, state 24
10340.771881 seconds (8.84 G allocations: 21.448 TiB, 15.19% gc time)
[2023-01-12T08:59:19.801]Completed Shot 9, state 39
10344.208469 seconds (8.84 G allocations: 21.459 TiB, 15.19% gc time)
[2023-01-12T08:59:23.235]Completed Shot 9, state 7
10346.006564 seconds (8.84 G allocations: 21.461 TiB, 15.20% gc time)
[2023-01-12T08:59:25.034]Completed Shot 9, state 15
10346.571054 seconds (8.84 G allocations: 21.463 TiB, 15.20% gc time)
[2023-01-12T08:59:25.600]Completed Shot 9, state 43
10347.126515 seconds (8.84 G allocations: 21.464 TiB, 15.20% gc time)
[2023-01-12T08:59:26.153]Completed Shot 9, state 13
10348.772242 seconds (8.85 G allocations: 21.469 TiB, 15.19% gc time)
[2023-01-12T08:59:27.798]Completed Shot 9, state 8
10353.715270 seconds (8.85 G allocations: 21.480 TiB, 15.20% gc time)
[2023-01-12T08:59:32.744]Completed Shot 9, state 48
10359.283135 seconds (8.86 G allocations: 21.493 TiB, 15.20% gc time)
[2023-01-12T08:59:38.311]Completed Shot 9, state 33
10360.747430 seconds (8.86 G allocations: 21.497 TiB, 15.19% gc time)
[2023-01-12T08:59:39.775]Completed Shot 9, state 25
10361.011009 seconds (8.86 G allocations: 21.498 TiB, 15.19% gc time)
[2023-01-12T08:59:40.038]Completed Shot 9, state 20
10361.024506 seconds (8.86 G allocations: 21.498 TiB, 15.19% gc time)
[2023-01-12T08:59:40.054]Completed Shot 9, state 49
10362.630782 seconds (8.86 G allocations: 21.499 TiB, 15.20% gc time)
[2023-01-12T08:59:41.658]Completed Shot 9, state 17
10362.637970 seconds (8.86 G allocations: 21.499 TiB, 15.20% gc time)
[2023-01-12T08:59:41.667]Completed Shot 9, state 37
10363.209713 seconds (8.86 G allocations: 21.501 TiB, 15.20% gc time)
[2023-01-12T08:59:42.235]Completed Shot 9, state 2
10364.661074 seconds (8.86 G allocations: 21.504 TiB, 15.20% gc time)
[2023-01-12T08:59:43.689]Completed Shot 9, state 32
10365.118784 seconds (8.86 G allocations: 21.505 TiB, 15.20% gc time)
[2023-01-12T08:59:44.148]Completed Shot 9, state 41
10365.811555 seconds (8.86 G allocations: 21.507 TiB, 15.20% gc time)
[2023-01-12T08:59:44.838]Completed Shot 9, state 11
10366.507272 seconds (8.86 G allocations: 21.508 TiB, 15.19% gc time)
[2023-01-12T08:59:45.535]Completed Shot 9, state 30
10366.614015 seconds (8.86 G allocations: 21.508 TiB, 15.19% gc time)
[2023-01-12T08:59:45.642]Completed Shot 9, state 29
10367.610362 seconds (8.86 G allocations: 21.509 TiB, 15.20% gc time)
[2023-01-12T08:59:46.636]Completed Shot 9, state 6
10367.927448 seconds (8.86 G allocations: 21.510 TiB, 15.20% gc time)
[2023-01-12T08:59:46.953]Completed Shot 9, state 3
10369.483377 seconds (8.86 G allocations: 21.512 TiB, 15.20% gc time)
[2023-01-12T08:59:48.510]Completed Shot 9, state 14
10369.551145 seconds (8.86 G allocations: 21.512 TiB, 15.20% gc time)
[2023-01-12T08:59:48.579]Completed Shot 9, state 27
10371.307538 seconds (8.86 G allocations: 21.515 TiB, 15.19% gc time)
[2023-01-12T08:59:50.335]Completed Shot 9, state 22
10371.365971 seconds (8.86 G allocations: 21.515 TiB, 15.19% gc time)
[2023-01-12T08:59:50.392]Completed Shot 9, state 9
10377.959960 seconds (8.87 G allocations: 21.521 TiB, 15.19% gc time)
[2023-01-12T08:59:56.989]Completed Shot 9, state 44
10379.978010 seconds (8.87 G allocations: 21.522 TiB, 15.19% gc time)
[2023-01-12T08:59:59.007]Completed Shot 9, state 46
10381.522170 seconds (8.87 G allocations: 21.523 TiB, 15.19% gc time)
[2023-01-12T09:00:00.549]Completed Shot 9, state 19
10383.509512 seconds (8.87 G allocations: 21.524 TiB, 15.18% gc time)
[2023-01-12T09:00:02.538]Completed Shot 9, state 47
10389.664228 seconds (8.87 G allocations: 21.527 TiB, 15.18% gc time)
[2023-01-12T09:00:08.691]Completed Shot 9, state 18
10393.862438 seconds (8.87 G allocations: 21.528 TiB, 15.17% gc time)
[2023-01-12T09:00:12.890]Completed Shot 9, state 21
10411.256114 seconds (8.87 G allocations: 21.529 TiB, 15.15% gc time)
[2023-01-12T09:00:30.283]Completed Shot 9, state 10
9749.100026 seconds (7.82 G allocations: 19.160 TiB, 15.06% gc time)
[2023-01-12T11:42:59.389]Completed Shot 10, state 26
9762.937964 seconds (7.84 G allocations: 19.198 TiB, 15.07% gc time)
[2023-01-12T11:43:13.230]Completed Shot 10, state 48
9765.214655 seconds (7.84 G allocations: 19.207 TiB, 15.07% gc time)
[2023-01-12T11:43:15.506]Completed Shot 10, state 50
9766.501875 seconds (7.84 G allocations: 19.211 TiB, 15.07% gc time)
[2023-01-12T11:43:16.787]Completed Shot 10, state 3
9769.162612 seconds (7.84 G allocations: 19.213 TiB, 15.09% gc time)
[2023-01-12T11:43:19.452]Completed Shot 10, state 27
9769.697489 seconds (7.84 G allocations: 19.215 TiB, 15.09% gc time)
[2023-01-12T11:43:19.985]Completed Shot 10, state 14
9770.538121 seconds (7.85 G allocations: 19.218 TiB, 15.08% gc time)
[2023-01-12T11:43:20.823]Completed Shot 10, state 2
9775.528869 seconds (7.85 G allocations: 19.232 TiB, 15.09% gc time)
[2023-01-12T11:43:25.819]Completed Shot 10, state 34
9782.041951 seconds (7.86 G allocations: 19.251 TiB, 15.09% gc time)
[2023-01-12T11:43:32.328]Completed Shot 10, state 6
9782.083387 seconds (7.86 G allocations: 19.252 TiB, 15.09% gc time)
[2023-01-12T11:43:32.372]Completed Shot 10, state 23
9786.249248 seconds (7.86 G allocations: 19.263 TiB, 15.09% gc time)
[2023-01-12T11:43:36.537]Completed Shot 10, state 17
9788.755413 seconds (7.87 G allocations: 19.268 TiB, 15.10% gc time)
[2023-01-12T11:43:39.043]Completed Shot 10, state 19
9789.768202 seconds (7.87 G allocations: 19.272 TiB, 15.10% gc time)
[2023-01-12T11:43:40.054]Completed Shot 10, state 4
9789.952267 seconds (7.87 G allocations: 19.272 TiB, 15.10% gc time)
[2023-01-12T11:43:40.243]Completed Shot 10, state 41
9790.777207 seconds (7.87 G allocations: 19.275 TiB, 15.10% gc time)
[2023-01-12T11:43:41.064]Completed Shot 10, state 13
9793.603770 seconds (7.87 G allocations: 19.282 TiB, 15.10% gc time)
[2023-01-12T11:43:43.895]Completed Shot 10, state 49
9801.353509 seconds (7.88 G allocations: 19.302 TiB, 15.10% gc time)
[2023-01-12T11:43:51.642]Completed Shot 10, state 21
9802.605483 seconds (7.88 G allocations: 19.306 TiB, 15.10% gc time)
[2023-01-12T11:43:52.894]Completed Shot 10, state 25
9805.828469 seconds (7.89 G allocations: 19.315 TiB, 15.10% gc time)
[2023-01-12T11:43:56.114]Completed Shot 10, state 8
9808.199136 seconds (7.89 G allocations: 19.320 TiB, 15.10% gc time)
[2023-01-12T11:43:58.489]Completed Shot 10, state 32
9809.248167 seconds (7.89 G allocations: 19.324 TiB, 15.10% gc time)
[2023-01-12T11:43:59.534]Completed Shot 10, state 7
9810.029670 seconds (7.89 G allocations: 19.326 TiB, 15.10% gc time)
[2023-01-12T11:44:00.314]Completed Shot 10, state 1
9810.090304 seconds (7.89 G allocations: 19.326 TiB, 15.10% gc time)
[2023-01-12T11:44:00.381]Completed Shot 10, state 42
9811.378681 seconds (7.89 G allocations: 19.328 TiB, 15.11% gc time)
[2023-01-12T11:44:01.667]Completed Shot 10, state 24
9812.020165 seconds (7.89 G allocations: 19.330 TiB, 15.11% gc time)
[2023-01-12T11:44:02.311]Completed Shot 10, state 46
9813.591427 seconds (7.89 G allocations: 19.335 TiB, 15.10% gc time)
[2023-01-12T11:44:03.877]Completed Shot 10, state 5
9813.609483 seconds (7.89 G allocations: 19.335 TiB, 15.10% gc time)
[2023-01-12T11:44:03.900]Completed Shot 10, state 38
9815.983995 seconds (7.90 G allocations: 19.339 TiB, 15.11% gc time)
[2023-01-12T11:44:06.274]Completed Shot 10, state 31
9816.055516 seconds (7.90 G allocations: 19.340 TiB, 15.11% gc time)
[2023-01-12T11:44:06.343]Completed Shot 10, state 16
9817.592314 seconds (7.90 G allocations: 19.343 TiB, 15.10% gc time)
[2023-01-12T11:44:07.883]Completed Shot 10, state 39
9818.927807 seconds (7.90 G allocations: 19.345 TiB, 15.11% gc time)
[2023-01-12T11:44:09.215]Completed Shot 10, state 15
9822.086410 seconds (7.90 G allocations: 19.352 TiB, 15.11% gc time)
[2023-01-12T11:44:12.378]Completed Shot 10, state 44
9822.500855 seconds (7.90 G allocations: 19.352 TiB, 15.11% gc time)
[2023-01-12T11:44:12.790]Completed Shot 10, state 30
9823.319849 seconds (7.90 G allocations: 19.355 TiB, 15.11% gc time)
[2023-01-12T11:44:13.611]Completed Shot 10, state 47
9823.657497 seconds (7.90 G allocations: 19.355 TiB, 15.11% gc time)
[2023-01-12T11:44:13.944]Completed Shot 10, state 12
9825.068220 seconds (7.90 G allocations: 19.358 TiB, 15.11% gc time)
[2023-01-12T11:44:15.359]Completed Shot 10, state 37
9826.403717 seconds (7.91 G allocations: 19.361 TiB, 15.11% gc time)
[2023-01-12T11:44:16.693]Completed Shot 10, state 28
9826.965877 seconds (7.91 G allocations: 19.362 TiB, 15.10% gc time)
[2023-01-12T11:44:17.255]Completed Shot 10, state 29
9829.718645 seconds (7.91 G allocations: 19.366 TiB, 15.10% gc time)
[2023-01-12T11:44:20.005]Completed Shot 10, state 10
9833.077407 seconds (7.91 G allocations: 19.371 TiB, 15.10% gc time)
[2023-01-12T11:44:23.368]Completed Shot 10, state 35
9833.909973 seconds (7.91 G allocations: 19.372 TiB, 15.10% gc time)
[2023-01-12T11:44:24.201]Completed Shot 10, state 45
9837.791630 seconds (7.91 G allocations: 19.377 TiB, 15.10% gc time)
[2023-01-12T11:44:28.079]Completed Shot 10, state 20
9839.656932 seconds (7.91 G allocations: 19.380 TiB, 15.10% gc time)
[2023-01-12T11:44:29.944]Completed Shot 10, state 18
9840.277594 seconds (7.91 G allocations: 19.380 TiB, 15.10% gc time)
[2023-01-12T11:44:30.564]Completed Shot 10, state 11
9848.178392 seconds (7.92 G allocations: 19.387 TiB, 15.09% gc time)
[2023-01-12T11:44:38.464]Completed Shot 10, state 9
9850.031682 seconds (7.92 G allocations: 19.388 TiB, 15.09% gc time)
[2023-01-12T11:44:40.323]Completed Shot 10, state 43
9850.970778 seconds (7.92 G allocations: 19.389 TiB, 15.09% gc time)
[2023-01-12T11:44:41.261]Completed Shot 10, state 36
9852.237240 seconds (7.92 G allocations: 19.389 TiB, 15.09% gc time)
[2023-01-12T11:44:42.528]Completed Shot 10, state 40
9857.076921 seconds (7.92 G allocations: 19.390 TiB, 15.08% gc time)
[2023-01-12T11:44:47.367]Completed Shot 10, state 33
9857.494921 seconds (7.92 G allocations: 19.390 TiB, 15.08% gc time)
[2023-01-12T11:44:47.783]Completed Shot 10, state 22
[2023-01-12T11:44:47.784]**********Simulation completed!**********
[2023-01-12T11:44:47.784]**********Saving**********
[2023-01-12T11:44:51.820]Saving file: /gpfs/bwfor/work/ws/hd_ku269-logs/LightCones/2023-01-11/482174_N11_BS.jld2
[2023-01-12T11:44:53.443]**********Run completed!**********
============================= JOB FEEDBACK =============================
Job ID: 482174
Cluster: helix
User/Group: hd_ku269/hd_hd
State: COMPLETED (exit code 0)
Nodes: 1
Cores per node: 64
CPU Utilized: 64-23:19:43
CPU Efficiency: 89.07% of 72-22:38:56 core-walltime
Job Wall-clock time: 1-03:21:14
Memory Utilized: 79.13 GB
Memory Efficiency: 33.53% of 236.00 GB
