  Activating project at `/lustre/work/ws/ws1/hd_ku269-light_cones/WorkingFolder`
Added MKL.jl
Project LightCones v0.1.0
Status `/lustre/work/ws/ws1/hd_ku269-light_cones/WorkingFolder/Project.toml`
  [7d9fca2a] Arpack v0.5.4
⌃ [7073ff75] IJulia v1.23.3
  [033835bb] JLD2 v0.4.29
  [0b1a1467] KrylovKit v0.6.0
  [d3d80556] LineSearches v7.2.0
  [33e6dc65] MKL v0.6.0
  [429524aa] Optim v1.7.4
⌃ [91a5bcdd] Plots v1.36.6
⌃ [c3e4b0f8] Pluto v0.19.16
  [3c0b384b] QuantumInformation v0.4.9
  [189a3867] Reexport v1.2.2
⌃ [295af30f] Revise v3.4.0
  [ebcc8a00] SpinSymmetry v0.3.3
  [59d54670] ThreadedSparseArrays v0.2.2
  [ade2ca70] Dates
  [8ba89e20] Distributed
  [37e2e46d] LinearAlgebra
  [de0858da] Printf
  [9a3f8284] Random
  [1a1011a3] SharedArrays
  [2f01184e] SparseArrays
  [10745b16] Statistics
Info Packages marked with ⌃ have new versions available
[2023-01-23T03:17:07.223]**********RANDOM FIELDS**********
shared_krylov.jl
Working Directory:          /lustre/work/ws/ws1/hd_ku269-light_cones/WorkingFolder
SLURM Directory:            /lustre/work/ws/ws1/hd_ku269-light_cones/WorkingFolder 
Running on host:            n0502
Job id:                     8259243
Job name:                   otoc_simulation_N13_ED
Number of nodes allocated:  
Number of cores allocated:  1
#threads of Julia:          96
#threads of BLAS:           1
ARGS = ["13", "10", "x", "24"]
LOCATION = "/lustre/work/ws/ws1/hd_ku269-logs/LightCones/2023-01-23"
N = 13
SHOTS = 10
OBSERVABLE = "x"
DISORDER_PARAM = 24.0
[2023-01-23T03:17:07.418]**********Running simulation**********
[2023-01-23T03:17:07.419]s = 10
[2023-01-23T03:17:07.488]trange = [0.001, 0.001291549665014884, 0.0016681005372000592, 0.002154434690031882, 0.002782559402207123, 0.003593813663804626, 0.004641588833612777, 0.005994842503189409, 0.007742636826811269, 0.010000000000000005, 0.012915496650148827, 0.016681005372000592, 0.021544346900318846, 0.02782559402207123, 0.03593813663804628, 0.046415888336127795, 0.05994842503189412, 0.0774263682681127, 0.1000000000000001, 0.12915496650148833, 0.16681005372000582, 0.21544346900318856, 0.2782559402207123, 0.3593813663804626, 0.4641588833612782, 0.5994842503189415, 0.7742636826811278, 1.0, 1.291549665014884, 1.6681005372000592, 2.1544346900318843, 2.782559402207126, 3.5938136638046294, 4.6415888336127775, 5.994842503189409, 7.742636826811274, 10.0, 12.91549665014884, 16.681005372000584, 21.54434690031882, 27.82559402207123, 35.938136638046274, 46.41588833612782, 59.948425031894146, 77.42636826811265, 100.0, 129.1549665014884, 166.81005372000593, 215.44346900318845, 278.2559402207126, 359.3813663804629, 464.15888336127773, 599.4842503189421, 774.263682681127, 999.999999999999, 1291.5496650148852, 1668.1005372000575, 2154.4346900318865, 2782.559402207126, 3593.813663804622, 4641.588833612782, 5994.8425031894085, 7742.636826811277, 10000.0, 12915.496650148852, 16681.005372000593, 21544.346900318822, 27825.59402207126, 35938.13663804626, 46415.88833612782, 59948.42503189409, 77426.36826811262, 100000.0, 129154.96650148826, 166810.0537200059, 215443.46900318822, 278255.94022071204, 359381.36638046254, 464158.8833612772, 599484.2503189421, 774263.6826811262, 1.0000000000000021e6, 1.2915496650148828e6, 1.6681005372000558e6, 2.1544346900318866e6, 2.782559402207126e6, 3.593813663804633e6, 4.641588833612782e6, 5.994842503189396e6, 7.742636826811277e6, 1.0e7, 1.2915496650148854e7, 1.6681005372000592e7, 2.154434690031887e7, 2.7825594022071257e7, 3.593813663804626e7, 4.641588833612782e7, 5.994842503189409e7, 7.742636826811278e7, 1.0e8]
[2023-01-23T03:17:07.873]A = σx
[2023-01-23T03:17:09.093]alpha = 6
[2023-01-23T03:17:10.214]Created Hamiltonian for Shot 3
[2023-01-23T03:17:10.215]Created Hamiltonian for Shot 4
[2023-01-23T03:17:10.215]Created Hamiltonian for Shot 2
[2023-01-23T03:17:10.215]Created Hamiltonian for Shot 10
[2023-01-23T03:17:10.215]Created Hamiltonian for Shot 7
[2023-01-23T03:17:10.216]Created Hamiltonian for Shot 6
[2023-01-23T03:17:10.217]Created Hamiltonian for Shot 9
[2023-01-23T03:17:10.217]Created Hamiltonian for Shot 5
[2023-01-23T03:17:10.217]Created Hamiltonian for Shot 1
[2023-01-23T03:17:10.218]Created Hamiltonian for Shot 8
[2023-01-23T03:22:10.546]Diagonalized H.
[[[[2023-01-23T03:22:10.7932023-01-23T03:22:10.792[2023-01-23T03:22:10.797]Diagonalized H.
[2023-01-23T03:22:10.797]Diagonalized H.
2023-01-23T03:22:10.803]Diagonalized H.
]Diagonalized H.[][[2023-01-23T03:22:10.798]Diagonalized H.
2023-01-23T03:22:10.799]Diagonalized H.
2023-01-23T03:22:10.795]Diagonalized H.
2023-01-23T03:22:10.798Diagonalized H.]Diagonalized H.


[2023-01-23T05:34:45.992]Completed Shot 2
[2023-01-23T05:34:48.736]Completed Shot 4
[2023-01-23T05:34:56.803]Completed Shot 6
[2023-01-23T05:34:58.368]Completed Shot 5
[2023-01-23T05:44:05.512]Completed Shot 10
[2023-01-23T05:46:27.795]Completed Shot 8
[2023-01-23T05:46:44.715]Completed Shot 7
[2023-01-23T05:46:54.371]Completed Shot 3
[2023-01-23T05:47:05.499]Completed Shot 9
[2023-01-23T05:47:37.490]Completed Shot 1
[2023-01-23T05:47:37.493]**********Simulation completed!**********
[2023-01-23T05:47:37.493]**********Saving**********
[2023-01-23T05:47:42.126]Saving file: /lustre/work/ws/ws1/hd_ku269-logs/LightCones/2023-01-23/8259243_N13_ED.jld2
[2023-01-23T05:47:44.163]**********Run completed!**********
