  Activating project at `/lustre/work/ws/ws1/hd_ku269-light_cones/LightCones`
Added MKL.jl
     Project LightCones v0.1.0
      Status `/lustre/work/ws/ws1/hd_ku269-light_cones/LightCones/Project.toml`
  [7d9fca2a] Arpack v0.5.3
  [7073ff75] IJulia v1.23.2
  [033835bb] JLD2 v0.4.22
  [0b1a1467] KrylovKit v0.5.3
  [d3d80556] LineSearches v7.1.1
  [33e6dc65] MKL v0.5.0
  [429524aa] Optim v1.6.2
  [91a5bcdd] Plots v1.27.0
  [c3e4b0f8] Pluto v0.18.2
  [3c0b384b] QuantumInformation v0.4.9
  [189a3867] Reexport v1.2.2
  [295af30f] Revise v3.3.3
  [ebcc8a00] SpinSymmetry v0.3.3
  [59d54670] ThreadedSparseArrays v0.2.1
  [ade2ca70] Dates
  [8ba89e20] Distributed
  [37e2e46d] LinearAlgebra
  [de0858da] Printf
  [9a3f8284] Random
  [1a1011a3] SharedArrays
  [2f01184e] SparseArrays
  [10745b16] Statistics
[2022-04-25T10:25:41.226]**********RANDOM FIELDS**********
shared_krylov.jl
Working Directory:          /lustre/work/ws/ws1/hd_ku269-light_cones/LightCones
SLURM Directory:            /lustre/work/ws/ws1/hd_ku269-light_cones/LightCones 
Running on host:            n1233
Job id:                     5568767
Job name:                   otoc_simulation_N17_short
Number of nodes allocated:  
Number of cores allocated:  1
#threads of Julia:          96
#threads of BLAS:           1
ARGS = ["17", "50", "0", "z", "7"]
LOCATION = "/lustre/work/ws/ws1/hd_ku269-logs/LightCones/2022-04-25"
N = 17
SHOTS = 50
RANDOM_STATES = false
N_RANDOM_STATES = 0
OBSERVABLE = "z"
DISORDER_PARAM = 7.0
[2022-04-25T10:25:41.416]**********Running simulation**********
[2022-04-25T10:25:49.062]Sampled random initial state
[2022-04-25T10:25:50.523]Created Hamiltonian for Shot 2
[2022-04-25T10:25:50.577]Created Hamiltonian for Shot 50
[2022-04-25T10:25:50.579]Created Hamiltonian for Shot 46
[2022-04-25T10:25:50.579]Created Hamiltonian for Shot 40
[2022-04-25T10:25:50.579]Created Hamiltonian for Shot 49
[[[2022-04-25T10:25:51.344]Created Hamiltonian for Shot 38
2022-04-25T10:25:51.344]Created Hamiltonian for Shot 20
2022-04-25T10:25:51.344]Created Hamiltonian for Shot 4
[2022-04-25T10:25:51.344]Created Hamiltonian for Shot 1
[2022-04-25T10:25:51.439]Created Hamiltonian for Shot 8
[2022-04-25T10:25:51.462]Created Hamiltonian for Shot 9
[2022-04-25T10:25:51.486]Created Hamiltonian for Shot 34
[2022-04-25T10:25:51.486]Created Hamiltonian for Shot 13
[2022-04-25T10:25:51.514]Created Hamiltonian for Shot 3
[2022-04-25T10:25:51.556]Created Hamiltonian for Shot 19
[2022-04-25T10:25:51.557]Created Hamiltonian for Shot 45
[2022-04-25T10:25:51.570]Created Hamiltonian for Shot 36
[2022-04-25T10:25:51.571]Created Hamiltonian for Shot 32
[2022-04-25T10:25:51.571]Created Hamiltonian for Shot 30
[2022-04-25T10:25:51.572]Created Hamiltonian for Shot 37
[2022-04-25T10:25:51.572]Created Hamiltonian for Shot 42
[2022-04-25T10:25:51.573]Created Hamiltonian for Shot 6
[2022-04-25T10:25:51.575]Created Hamiltonian for Shot 21
[2022-04-25T10:25:51.575]Created Hamiltonian for Shot 41
[2022-04-25T10:25:51.575]Created Hamiltonian for Shot 44
[2022-04-25T10:25:51.576]Created Hamiltonian for Shot 28
[2022-04-25T10:25:51.577]Created Hamiltonian for Shot 43
[2022-04-25T10:25:51.577]Created Hamiltonian for Shot 14
[2022-04-25T10:25:51.577]Created Hamiltonian for Shot 15
[2022-04-25T10:25:51.577]Created Hamiltonian for Shot 16
[2022-04-25T10:25:51.577]Created Hamiltonian for Shot 17
[2022-04-25T10:25:51.577]Created Hamiltonian for Shot 5
[2022-04-25T10:25:51.577]Created Hamiltonian for Shot 23
[2022-04-25T10:25:51.578]Created Hamiltonian for Shot 31
[2022-04-25T10:25:51.578]Created Hamiltonian for Shot 48
[2022-04-25T10:25:51.578]Created Hamiltonian for Shot 47
[[2022-04-25T10:25:51.578]Created Hamiltonian for Shot 33
2022-04-25T10:25:51.578]Created Hamiltonian for Shot 7
[2022-04-25T10:25:51.578]Created Hamiltonian for Shot 25
[2022-04-25T10:25:51.578]Created Hamiltonian for Shot 29
[2022-04-25T10:25:51.578]Created Hamiltonian for Shot 12
[2022-04-25T10:25:51.578]Created Hamiltonian for Shot 24
[2022-04-25T10:25:51.578]Created Hamiltonian for Shot 10
[2022-04-25T10:25:51.579]Created Hamiltonian for Shot 35
[2022-04-25T10:25:51.579]Created Hamiltonian for Shot 39
[2022-04-25T10:25:51.579]Created Hamiltonian for Shot 11
[2022-04-25T10:25:51.580]Created Hamiltonian for Shot 26
[2022-04-25T10:25:51.580]Created Hamiltonian for Shot 22
[2022-04-25T10:25:51.584]Created Hamiltonian for Shot 18
22467.848557 seconds (57.38 M allocations: 24.561 TiB, 4.25% gc time, 0.07% compilation time)
[2022-04-25T16:40:18.643]Completed Shot 50
[2022-04-25T10:25:51.580]Created Hamiltonian for Shot 27
42885.162033 seconds (87.53 M allocations: 45.644 TiB, 4.16% gc time, 0.04% compilation time)
[2022-04-25T22:20:35.721]Completed Shot 2
108716.881552 seconds (184.70 M allocations: 114.098 TiB, 4.08% gc time, 0.02% compilation time)
[2022-04-26T16:37:48.283]Completed Shot 1
135442.792607 seconds (224.79 M allocations: 142.188 TiB, 4.10% gc time, 0.01% compilation time)
[2022-04-27T00:03:14.263]Completed Shot 20
145749.175513 seconds (240.03 M allocations: 153.076 TiB, 4.10% gc time, 0.01% compilation time)
[2022-04-27T02:55:00.962]Completed Shot 11
154060.862257 seconds (252.48 M allocations: 161.820 TiB, 4.10% gc time, 0.01% compilation time)
[2022-04-27T05:13:32.488]Completed Shot 35
155006.910709 seconds (253.91 M allocations: 162.823 TiB, 4.10% gc time, 0.01% compilation time)
[2022-04-27T05:29:18.490]Completed Shot 39
157564.374693 seconds (257.75 M allocations: 165.518 TiB, 4.10% gc time, 0.01% compilation time)
[2022-04-27T06:11:55.953]Completed Shot 15
158543.592428 seconds (259.22 M allocations: 166.548 TiB, 4.10% gc time, 0.01% compilation time)
[2022-04-27T06:28:15.171]Completed Shot 48
161004.559648 seconds (262.86 M allocations: 169.106 TiB, 4.10% gc time, 0.01% compilation time)
[2022-04-27T07:09:16.137]Completed Shot 23
166693.652598 seconds (271.25 M allocations: 174.998 TiB, 4.10% gc time, 0.01% compilation time)
[2022-04-27T08:44:05.288]Completed Shot 17
169359.055511 seconds (275.16 M allocations: 177.746 TiB, 4.10% gc time, 0.01% compilation time)
[2022-04-27T09:28:30.634]Completed Shot 47
169814.909823 seconds (275.94 M allocations: 178.216 TiB, 4.10% gc time, 0.01% compilation time)
[2022-04-27T09:36:06.396]Completed Shot 34
172201.479024 seconds (279.36 M allocations: 180.692 TiB, 4.09% gc time, 0.01% compilation time)
[2022-04-27T10:15:53.063]Completed Shot 16
174901.652817 seconds (283.25 M allocations: 183.446 TiB, 4.09% gc time, 0.01% compilation time)
[2022-04-27T11:00:53.418]Completed Shot 18
175360.204348 seconds (283.96 M allocations: 183.924 TiB, 4.09% gc time, 0.01% compilation time)
[2022-04-27T11:08:31.781]Completed Shot 14
176389.212688 seconds (285.50 M allocations: 185.008 TiB, 4.09% gc time, 0.01% compilation time)
[2022-04-27T11:25:40.786]Completed Shot 6
178712.408594 seconds (288.97 M allocations: 187.451 TiB, 4.09% gc time, 0.01% compilation time)
[2022-04-27T12:04:24.051]Completed Shot 29
181224.944292 seconds (292.69 M allocations: 190.059 TiB, 4.09% gc time, 0.01% compilation time)
[2022-04-27T12:46:16.578]Completed Shot 5
182113.026198 seconds (293.97 M allocations: 190.953 TiB, 4.09% gc time, 0.01% compilation time)
[2022-04-27T13:01:04.603]Completed Shot 43
182756.236961 seconds (295.63 M allocations: 191.603 TiB, 4.09% gc time, 0.01% compilation time)
[2022-04-27T13:11:46.816]Completed Shot 46
183755.972170 seconds (296.33 M allocations: 192.603 TiB, 4.09% gc time, 0.01% compilation time)
[2022-04-27T13:28:27.545]Completed Shot 42
185148.001971 seconds (298.36 M allocations: 194.032 TiB, 4.10% gc time, 0.01% compilation time)
[2022-04-27T13:51:39.581]Completed Shot 12
186575.795936 seconds (300.53 M allocations: 195.561 TiB, 4.10% gc time, 0.01% compilation time)
[2022-04-27T14:15:27.378]Completed Shot 10
188427.862441 seconds (303.42 M allocations: 197.588 TiB, 4.11% gc time, 0.01% compilation time)
[2022-04-27T14:46:19.443]Completed Shot 22
188795.992288 seconds (304.75 M allocations: 198.006 TiB, 4.12% gc time, 0.01% compilation time)
[2022-04-27T14:52:26.572]Completed Shot 49
189191.832214 seconds (304.78 M allocations: 198.441 TiB, 4.12% gc time, 0.01% compilation time)
[2022-04-27T14:59:03.304]Completed Shot 9
190022.756607 seconds (306.16 M allocations: 199.390 TiB, 4.13% gc time, 0.01% compilation time)
[2022-04-27T15:12:54.197]Completed Shot 8
190370.258947 seconds (306.56 M allocations: 199.791 TiB, 4.13% gc time, 0.01% compilation time)
[2022-04-27T15:18:41.839]Completed Shot 26
190611.460124 seconds (306.97 M allocations: 200.070 TiB, 4.14% gc time, 0.01% compilation time)
[2022-04-27T15:22:43.038]Completed Shot 44
190863.623639 seconds (307.44 M allocations: 200.357 TiB, 4.14% gc time, 0.01% compilation time)
[2022-04-27T15:26:55.138]Completed Shot 3
191654.221024 seconds (308.69 M allocations: 201.275 TiB, 4.15% gc time, 0.01% compilation time)
[2022-04-27T15:40:05.793]Completed Shot 32
191781.570009 seconds (309.65 M allocations: 201.434 TiB, 4.15% gc time, 0.01% compilation time)
[2022-04-27T15:42:12.149]Completed Shot 40
192014.397233 seconds (309.30 M allocations: 201.706 TiB, 4.16% gc time, 0.01% compilation time)
[2022-04-27T15:46:05.976]Completed Shot 7
193381.429165 seconds (311.62 M allocations: 203.335 TiB, 4.19% gc time, 0.01% compilation time)
[2022-04-27T16:08:53.006]Completed Shot 28
193545.649112 seconds (311.86 M allocations: 203.512 TiB, 4.20% gc time, 0.01% compilation time)
[2022-04-27T16:11:37.233]Completed Shot 25
168102.519396 seconds (250.71 M allocations: 175.797 TiB, 4.20% gc time)
[2022-04-27T16:15:43.823]Completed Shot 27
193850.174405 seconds (312.21 M allocations: 203.754 TiB, 4.21% gc time, 0.01% compilation time)
[193850.195695 seconds (312.23 M allocations: 203.754 TiB, 4.21% gc time, 0.01% compilation time)
2022-04-27T16:16:41.753]Completed Shot 33
[2022-04-27T16:16:41.753]Completed Shot 45
193859.267317 seconds (312.22 M allocations: 203.760 TiB, 4.21% gc time, 0.01% compilation time)
[2022-04-27T16:16:50.846]Completed Shot 24
193898.289709 seconds (312.52 M allocations: 203.786 TiB, 4.21% gc time, 0.01% compilation time)
[2022-04-27T16:17:29.634]Completed Shot 38
193999.787717 seconds (312.32 M allocations: 203.830 TiB, 4.21% gc time, 0.01% compilation time)
[2022-04-27T16:19:11.363]Completed Shot 41
194060.864474 seconds (312.47 M allocations: 203.857 TiB, 4.21% gc time, 0.01% compilation time)
[2022-04-27T16:20:12.351]Completed Shot 13
194149.907326 seconds (312.42 M allocations: 203.892 TiB, 4.21% gc time, 0.01% compilation time)
[2022-04-27T16:21:41.479]Completed Shot 30
194292.027593 seconds (312.48 M allocations: 203.941 TiB, 4.21% gc time, 0.01% compilation time)
[2022-04-27T16:24:03.603]Completed Shot 21
194302.684439 seconds (312.49 M allocations: 203.944 TiB, 4.21% gc time, 0.01% compilation time)
[2022-04-27T16:24:14.256]Completed Shot 37
194326.333846 seconds (312.50 M allocations: 203.949 TiB, 4.21% gc time, 0.01% compilation time)
[2022-04-27T16:24:37.904]Completed Shot 36
194678.386411 seconds (312.58 M allocations: 204.003 TiB, 4.21% gc time, 0.01% compilation time)
[2022-04-27T16:30:29.942]Completed Shot 19
194762.599931 seconds (312.57 M allocations: 204.008 TiB, 4.21% gc time, 0.01% compilation time)
[2022-04-27T16:31:54.178]Completed Shot 31
194762.833441 seconds (312.85 M allocations: 204.014 TiB, 4.21% gc time, 0.01% compilation time)
[2022-04-27T16:31:54.178]Completed Shot 4
[2022-04-27T16:31:54.186]**********Simulation completed!**********
[2022-04-27T16:31:54.187]**********Saving**********
[2022-04-27T16:31:55.579]Saving file: /lustre/work/ws/ws1/hd_ku269-logs/LightCones/2022-04-25/5568767_N17_FD.jld2
[2022-04-27T16:31:59.808]**********Run completed!**********
