Added MKL.jl
Project LightCones v0.1.0
Status `/gpfs/bwfor/work/ws/hd_ku269-light_cones/WorkingFolder/Project.toml`
  [7d9fca2a] Arpack v0.5.4
  [7073ff75] IJulia v1.24.0
  [033835bb] JLD2 v0.4.29
  [0b1a1467] KrylovKit v0.6.0
  [d3d80556] LineSearches v7.2.0
  [33e6dc65] MKL v0.6.0
  [429524aa] Optim v1.7.4
  [91a5bcdd] Plots v1.38.2
  [c3e4b0f8] Pluto v0.19.19
  [3c0b384b] QuantumInformation v0.4.9
  [189a3867] Reexport v1.2.2
  [295af30f] Revise v3.5.0
  [ebcc8a00] SpinSymmetry v0.3.3
  [59d54670] ThreadedSparseArrays v0.2.2
  [ade2ca70] Dates
  [8ba89e20] Distributed
  [37e2e46d] LinearAlgebra
  [de0858da] Printf
  [9a3f8284] Random
  [1a1011a3] SharedArrays
  [2f01184e] SparseArrays
  [10745b16] Statistics
[2023-01-15T20:43:04.475]**********RANDOM FIELDS**********
shared_krylov.jl
Working Directory:          /gpfs/bwfor/work/ws/hd_ku269-light_cones/WorkingFolder
SLURM Directory:            /gpfs/bwfor/work/ws/hd_ku269-light_cones/WorkingFolder 
Running on host:            m09c02
Job id:                     512539
Job name:                   otoc_simulation_N11_TRNEW
Number of nodes allocated:  
Number of cores allocated:  1
#threads of Julia:          64
#threads of BLAS:           1
ARGS = ["11", "5", "50", "BS", "x", "9", "100", "WAHUHA_FR"]
LOCATION = "/gpfs/bwfor/work/ws/hd_ku269-logs/LightCones/2023-01-15"
N = 11
SHOTS = 5
MULT_RANDOM_STATES = true
N_RANDOM_STATES = 50
TYPE_OF_RS = "BS"
OBSERVABLE = "x"
DISORDER_PARAM = 9.0
[2023-01-15T20:43:04.646]**********Running simulation**********
[2023-01-15T20:43:04.698]trange = 0.1:0.1:20.0
[2023-01-15T20:43:04.978]A = σx
[2023-01-15T20:43:05.365]alpha=6
[2023-01-15T20:43:05.365]PBC
10[2023-01-15T20:43:08.241]Operations set up.
Using multiple states.
8646.181518 seconds (6.11 G allocations: 15.193 TiB, 12.56% gc time, 0.02% compilation time)
8664.182476 seconds (6.12 G allocations: 15.229 TiB, 12.59% gc time, 0.07% compilation time)
8665.095451 seconds (6.13 G allocations: 15.232 TiB, 12.59% gc time, 0.07% compilation time)
8665.290416 seconds (6.13 G allocations: 15.232 TiB, 12.59% gc time, 0.07% compilation time)
8669.668261 seconds (6.13 G allocations: 15.244 TiB, 12.58% gc time, 0.07% compilation time)
8670.863088 seconds (6.13 G allocations: 15.247 TiB, 12.58% gc time, 0.07% compilation time)
8671.597075 seconds (6.13 G allocations: 15.249 TiB, 12.58% gc time, 0.07% compilation time)
8672.900782 seconds (6.13 G allocations: 15.252 TiB, 12.58% gc time, 0.07% compilation time)
8677.766904 seconds (6.14 G allocations: 15.258 TiB, 12.60% gc time, 0.07% compilation time)
8678.732307 seconds (6.14 G allocations: 15.261 TiB, 12.60% gc time, 0.07% compilation time)
8679.201707 seconds (6.14 G allocations: 15.262 TiB, 12.60% gc time, 0.07% compilation time)
8679.506510 seconds (6.14 G allocations: 15.263 TiB, 12.60% gc time, 0.07% compilation time)
8680.002680 seconds (6.14 G allocations: 15.264 TiB, 12.60% gc time, 0.07% compilation time)
8680.132566 seconds (6.14 G allocations: 15.264 TiB, 12.60% gc time, 0.07% compilation time)
8680.190298 seconds (6.14 G allocations: 15.264 TiB, 12.60% gc time, 0.07% compilation time)
8680.219708 seconds (6.14 G allocations: 15.265 TiB, 12.59% gc time, 0.07% compilation time)
8684.178277 seconds (6.14 G allocations: 15.265 TiB, 12.59% gc time, 0.11% compilation time)
8681.244097 seconds (6.14 G allocations: 15.267 TiB, 12.59% gc time, 0.07% compilation time)
8686.699838 seconds (6.14 G allocations: 15.271 TiB, 12.59% gc time, 0.11% compilation time)
8687.847728 seconds (6.14 G allocations: 15.274 TiB, 12.58% gc time, 0.11% compilation time)
8684.895225 seconds (6.14 G allocations: 15.276 TiB, 12.59% gc time, 0.07% compilation time)
8685.832901 seconds (6.14 G allocations: 15.278 TiB, 12.59% gc time, 0.07% compilation time)
8686.686672 seconds (6.15 G allocations: 15.279 TiB, 12.59% gc time, 0.07% compilation time)
8694.002835 seconds (6.15 G allocations: 15.283 TiB, 12.60% gc time, 0.11% compilation time)
8691.404916 seconds (6.15 G allocations: 15.285 TiB, 12.60% gc time, 0.07% compilation time)
8692.310515 seconds (6.15 G allocations: 15.287 TiB, 12.60% gc time, 0.07% compilation time)
8696.640055 seconds (6.15 G allocations: 15.289 TiB, 12.59% gc time, 0.11% compilation time)
8693.505512 seconds (6.15 G allocations: 15.289 TiB, 12.60% gc time, 0.07% compilation time)
8697.137254 seconds (6.15 G allocations: 15.290 TiB, 12.59% gc time, 0.11% compilation time)
8694.318741 seconds (6.15 G allocations: 15.291 TiB, 12.60% gc time, 0.07% compilation time)
8695.659874 seconds (6.15 G allocations: 15.294 TiB, 12.60% gc time, 0.07% compilation time)
8697.222497 seconds (6.15 G allocations: 15.297 TiB, 12.59% gc time, 0.07% compilation time)
8697.447438 seconds (6.15 G allocations: 15.298 TiB, 12.59% gc time, 0.07% compilation time)
8697.533615 seconds (6.15 G allocations: 15.298 TiB, 12.59% gc time, 0.07% compilation time)
8699.704225 seconds (6.15 G allocations: 15.303 TiB, 12.59% gc time, 0.07% compilation time)
8699.931506 seconds (6.16 G allocations: 15.303 TiB, 12.59% gc time, 0.07% compilation time)
8703.556049 seconds (6.16 G allocations: 15.304 TiB, 12.58% gc time, 0.11% compilation time)
8700.425632 seconds (6.16 G allocations: 15.305 TiB, 12.59% gc time, 0.07% compilation time)
8700.718678 seconds (6.16 G allocations: 15.305 TiB, 12.59% gc time, 0.07% compilation time)
8701.679247 seconds (6.16 G allocations: 15.307 TiB, 12.59% gc time, 0.07% compilation time)
8701.831524 seconds (6.16 G allocations: 15.307 TiB, 12.59% gc time, 0.07% compilation time)
8707.008426 seconds (6.16 G allocations: 15.313 TiB, 12.61% gc time, 0.07% compilation time)
8707.839676 seconds (6.16 G allocations: 15.314 TiB, 12.61% gc time, 0.07% compilation time)
8708.133139 seconds (6.16 G allocations: 15.315 TiB, 12.61% gc time, 0.07% compilation time)
8709.333685 seconds (6.16 G allocations: 15.317 TiB, 12.60% gc time, 0.07% compilation time)
8711.404166 seconds (6.16 G allocations: 15.321 TiB, 12.60% gc time, 0.07% compilation time)
8713.129897 seconds (6.16 G allocations: 15.324 TiB, 12.60% gc time, 0.07% compilation time)
8714.521400 seconds (6.16 G allocations: 15.327 TiB, 12.60% gc time, 0.07% compilation time)
8715.783434 seconds (6.17 G allocations: 15.330 TiB, 12.59% gc time, 0.07% compilation time)
8716.757044 seconds (6.17 G allocations: 15.331 TiB, 12.59% gc time, 0.07% compilation time)
8506.640878 seconds (6.15 G allocations: 15.299 TiB, 12.74% gc time, 0.09% compilation time)
8482.531153 seconds (6.13 G allocations: 15.246 TiB, 12.73% gc time, 0.04% compilation time)
8483.859596 seconds (6.13 G allocations: 15.250 TiB, 12.72% gc time, 0.04% compilation time)
8495.449572 seconds (6.14 G allocations: 15.282 TiB, 12.71% gc time, 0.04% compilation time)
8499.516788 seconds (6.15 G allocations: 15.293 TiB, 12.70% gc time, 0.04% compilation time)
[2023-01-16T01:29:31.950]Diagonalized H.
[2023-01-16T01:29:39.537]Diagonalized H.
[2023-01-16T01:29:39.545]Diagonalized H.
[2023-01-16T01:29:39.559]Diagonalized H.
[2023-01-16T01:29:39.579]Diagonalized H.
8506.239392 seconds (6.15 G allocations: 15.292 TiB, 12.72% gc time, 0.14% compilation time)
[2023-01-16T01:29:54.084]Diagonalized H.
8521.636907 seconds (6.15 G allocations: 15.298 TiB, 12.69% gc time, 0.16% compilation time)
8511.099240 seconds (6.14 G allocations: 15.273 TiB, 12.68% gc time, 0.16% compilation time)
8524.028403 seconds (6.15 G allocations: 15.297 TiB, 12.69% gc time, 0.16% compilation time)
8539.362411 seconds (6.17 G allocations: 15.330 TiB, 12.69% gc time, 0.16% compilation time)
8525.305350 seconds (6.15 G allocations: 15.300 TiB, 12.68% gc time, 0.16% compilation time)
 49.319293 seconds (27.99 M allocations: 58.903 GiB, 8.44% gc time, 20.48% compilation time)
[2023-01-16T01:30:14.098]Completed Shot 1, state 9
 54.728704 seconds (34.00 M allocations: 73.919 GiB, 7.60% gc time, 18.46% compilation time)
[2023-01-16T01:30:14.525]Completed Shot 1, state 10
 55.437648 seconds (34.71 M allocations: 75.813 GiB, 7.51% gc time, 18.22% compilation time)
[2023-01-16T01:30:14.833]Completed Shot 1, state 49
 45.269380 seconds (23.02 M allocations: 46.526 GiB, 9.19% gc time, 22.31% compilation time)
[2023-01-16T01:30:15.025]Completed Shot 1, state 19
 57.188089 seconds (36.60 M allocations: 80.510 GiB, 7.28% gc time, 18.18% compilation time)
[2023-01-16T01:30:15.269]Completed Shot 1, state 22
8530.105156 seconds (6.16 G allocations: 15.307 TiB, 12.68% gc time, 0.16% compilation time)
8539.171834 seconds (6.16 G allocations: 15.323 TiB, 12.69% gc time, 0.16% compilation time)
8532.734714 seconds (6.16 G allocations: 15.313 TiB, 12.67% gc time, 0.16% compilation time)
8533.962008 seconds (6.16 G allocations: 15.316 TiB, 12.67% gc time, 0.16% compilation time)
8512.863189 seconds (6.14 G allocations: 15.273 TiB, 12.68% gc time, 0.16% compilation time)
8532.338235 seconds (6.16 G allocations: 15.312 TiB, 12.67% gc time, 0.16% compilation time)
[2023-01-16T01:30:18.799]Diagonalized H.
8523.274925 seconds (6.15 G allocations: 15.296 TiB, 12.66% gc time, 0.16% compilation time)
8534.086076 seconds (6.16 G allocations: 15.316 TiB, 12.67% gc time, 0.16% compilation time)
8523.519987 seconds (6.15 G allocations: 15.298 TiB, 12.66% gc time, 0.16% compilation time)
[2023-01-16T01:30:20.383]Diagonalized H.
8519.987616 seconds (6.15 G allocations: 15.291 TiB, 12.67% gc time, 0.16% compilation time)
8530.066581 seconds (6.16 G allocations: 15.308 TiB, 12.68% gc time, 0.16% compilation time)
[2023-01-16T01:30:21.986]Diagonalized H.
8519.890058 seconds (6.15 G allocations: 15.291 TiB, 12.67% gc time, 0.16% compilation time)
 41.735417 seconds (22.52 M allocations: 55.002 GiB, 3.58% gc time, 3.61% compilation time)
[2023-01-16T01:30:22.784]Completed Shot 1, state 28
8535.019494 seconds (6.16 G allocations: 15.319 TiB, 12.67% gc time, 0.16% compilation time)
8533.235988 seconds (6.16 G allocations: 15.313 TiB, 12.67% gc time, 0.16% compilation time)
[2023-01-16T01:30:27.150]Diagonalized H.
[2023-01-16T01:30:27.847]Diagonalized H.
8543.668901 seconds (6.16 G allocations: 15.332 TiB, 12.66% gc time, 0.16% compilation time)
[2023-01-16T01:31:12.816]Diagonalized H.
[2023-01-16T01:31:12.820]Diagonalized H.
[2023-01-16T01:31:12.825]Diagonalized H.
[2023-01-16T01:31:12.827]Diagonalized H.
[2023-01-16T01:31:12.831]Diagonalized H.
[2023-01-16T01:31:12.867]Diagonalized H.
[2023-01-16T01:31:12.871]Diagonalized H.
[2023-01-16T01:31:12.883]Diagonalized H.
[2023-01-16T01:31:12.893]Diagonalized H.
[2023-01-16T01:31:12.909]Diagonalized H.
[2023-01-16T01:31:12.910]Diagonalized H.
[2023-01-16T01:31:12.918]Diagonalized H.
[2023-01-16T01:31:12.932]Diagonalized H.
[2023-01-16T01:31:12.933]Diagonalized H.
[2023-01-16T01:31:12.971]Diagonalized H.
 86.530770 seconds (10.48 M allocations: 53.694 GiB, 44.26% gc time)
[2023-01-16T01:31:35.822]Completed Shot 1, state 39
 98.569119 seconds (12.25 M allocations: 63.671 GiB, 38.85% gc time)
[2023-01-16T01:31:43.194]Completed Shot 1, state 2
 93.553521 seconds (9.81 M allocations: 56.771 GiB, 40.94% gc time)
[2023-01-16T01:31:44.133]Completed Shot 1, state 16
101.436387 seconds (4.51 M allocations: 51.744 GiB, 37.76% gc time)
[2023-01-16T01:32:00.160]Completed Shot 1, state 25
111.632884 seconds (10.59 M allocations: 69.240 GiB, 34.31% gc time)
[2023-01-16T01:32:01.426]Completed Shot 1, state 31
119.029867 seconds (10.72 M allocations: 72.848 GiB, 32.18% gc time)
[2023-01-16T01:32:08.789]Completed Shot 1, state 30
107.898237 seconds (2.74 M allocations: 49.105 GiB, 35.50% gc time)
[2023-01-16T01:32:08.789]Completed Shot 1, state 43
112.765076 seconds (5.36 M allocations: 58.956 GiB, 33.96% gc time)
[2023-01-16T01:32:10.680]Completed Shot 1, state 18
112.710089 seconds (4.10 M allocations: 55.369 GiB, 33.98% gc time)
[2023-01-16T01:32:12.125]Completed Shot 1, state 26
8630.392587 seconds (6.15 G allocations: 15.338 TiB, 12.95% gc time, 0.16% compilation time)
115.084693 seconds (4.94 M allocations: 58.074 GiB, 33.28% gc time)
[2023-01-16T01:32:13.914]Completed Shot 1, state 14
116.805276 seconds (4.35 M allocations: 55.451 GiB, 32.79% gc time)
[2023-01-16T01:32:16.992]Completed Shot 1, state 48
8651.929437 seconds (6.17 G allocations: 15.374 TiB, 12.94% gc time, 0.16% compilation time)
8645.462158 seconds (6.16 G allocations: 15.349 TiB, 12.95% gc time, 0.16% compilation time)
[2023-01-16T01:32:24.196]Diagonalized H.
8654.848346 seconds (6.16 G allocations: 15.365 TiB, 12.96% gc time, 0.16% compilation time)
123.483126 seconds (3.91 M allocations: 54.604 GiB, 32.33% gc time)
[2023-01-16T01:32:24.641]Completed Shot 1, state 34
8639.654847 seconds (6.15 G allocations: 15.336 TiB, 12.95% gc time, 0.16% compilation time)
8639.106790 seconds (6.15 G allocations: 15.334 TiB, 12.96% gc time, 0.16% compilation time)
122.956574 seconds (3.61 M allocations: 52.276 GiB, 32.47% gc time)
[2023-01-16T01:32:26.228]Completed Shot 1, state 36
128.263623 seconds (7.05 M allocations: 65.530 GiB, 31.12% gc time)
[2023-01-16T01:32:26.773]Completed Shot 1, state 15
8647.360607 seconds (6.16 G allocations: 15.351 TiB, 12.94% gc time, 0.16% compilation time)
121.991038 seconds (3.62 M allocations: 50.937 GiB, 32.72% gc time)
[2023-01-16T01:32:27.053]Completed Shot 1, state 8
8641.240734 seconds (6.15 G allocations: 15.337 TiB, 12.95% gc time, 0.16% compilation time)
8631.469321 seconds (6.14 G allocations: 15.323 TiB, 12.94% gc time, 0.16% compilation time)
132.427807 seconds (9.48 M allocations: 74.003 GiB, 30.14% gc time)
[2023-01-16T01:32:29.929]Completed Shot 1, state 35
8647.761136 seconds (6.16 G allocations: 15.351 TiB, 12.94% gc time, 0.16% compilation time)
136.454678 seconds (12.15 M allocations: 81.356 GiB, 29.25% gc time)
[2023-01-16T01:32:32.026]Completed Shot 1, state 41
8661.993240 seconds (6.17 G allocations: 15.375 TiB, 12.94% gc time, 0.16% compilation time)
8641.372318 seconds (6.15 G allocations: 15.340 TiB, 12.92% gc time, 0.16% compilation time)
8656.693126 seconds (6.16 G allocations: 15.366 TiB, 12.93% gc time, 0.16% compilation time)
8638.212864 seconds (6.15 G allocations: 15.333 TiB, 12.93% gc time, 0.16% compilation time)
132.310190 seconds (7.91 M allocations: 66.676 GiB, 30.17% gc time)
[2023-01-16T01:32:34.956]Completed Shot 1, state 3
8657.937240 seconds (6.16 G allocations: 15.366 TiB, 12.93% gc time, 0.16% compilation time)
8651.769363 seconds (6.16 G allocations: 15.353 TiB, 12.94% gc time, 0.16% compilation time)
[2023-01-16T01:32:45.121]Diagonalized H.
[[[[[[2023-01-16T01:32:45.139]Diagonalized H.
2023-01-16T01:32:45.137]Diagonalized H.
[2023-01-16T01:32:45.135]Diagonalized H.
2023-01-16T01:32:45.141]Diagonalized H.
2023-01-16T01:32:45.141]Diagonalized H.
2023-01-16T01:32:45.140]Diagonalized H.
2023-01-16T01:32:45.137]Diagonalized H.
[[[[2023-01-16T01:32:45.157]Diagonalized H.
[[147.931950 seconds (12.66 M allocations: 85.658 GiB, 28.41% gc time)
[2023-01-16T01:32:45.163]Diagonalized H.
2023-01-16T01:32:45.168]Diagonalized H.
2023-01-16T01:32:45.157]Diagonalized H.
2023-01-16T01:32:45.169]Diagonalized H.
2023-01-16T01:32:45.168]Diagonalized H.
2023-01-16T01:32:45.168]Diagonalized H.
[2023-01-16T01:32:45.364]Completed Shot 1, state 20
170.721670 seconds (7.89 M allocations: 77.566 GiB, 26.84% gc time)
[2023-01-16T01:33:18.813]Completed Shot 1, state 5
150.738385 seconds (6.18 M allocations: 47.709 GiB, 12.73% gc time)
[2023-01-16T01:34:54.844]Completed Shot 1, state 44
147.520956 seconds (3.30 M allocations: 37.673 GiB, 13.26% gc time)
[2023-01-16T01:34:57.872]Completed Shot 1, state 32
170.719761 seconds (7.16 M allocations: 52.517 GiB, 12.98% gc time)
[2023-01-16T01:35:03.481]Completed Shot 1, state 33
159.220046 seconds (6.16 M allocations: 48.740 GiB, 12.90% gc time)
[2023-01-16T01:35:03.482]Completed Shot 1, state 7
181.214846 seconds (6.36 M allocations: 51.883 GiB, 13.37% gc time)
[2023-01-16T01:35:18.285]Completed Shot 1, state 50
182.763717 seconds (5.20 M allocations: 49.257 GiB, 13.65% gc time)
[2023-01-16T01:35:29.688]Completed Shot 1, state 12
178.081299 seconds (1.99 M allocations: 38.662 GiB, 14.20% gc time)
[2023-01-16T01:35:31.723]Completed Shot 1, state 46
8817.207091 seconds (6.15 G allocations: 15.366 TiB, 12.96% gc time, 0.15% compilation time)
[2023-01-16T01:35:43.716]Diagonalized H.
200.210334 seconds (3.18 M allocations: 45.197 GiB, 13.66% gc time)
[2023-01-16T01:35:54.461]Completed Shot 1, state 47
209.930920 seconds (7.56 M allocations: 59.748 GiB, 13.03% gc time)
[2023-01-16T01:35:54.663]Completed Shot 1, state 21
204.208558 seconds (4.36 M allocations: 48.964 GiB, 13.41% gc time)
[2023-01-16T01:35:56.360]Completed Shot 1, state 17
201.839336 seconds (3.32 M allocations: 45.751 GiB, 13.57% gc time)
[2023-01-16T01:35:56.599]Completed Shot 1, state 37
8852.551997 seconds (6.16 G allocations: 15.396 TiB, 12.95% gc time, 0.15% compilation time)
200.669765 seconds (2.78 M allocations: 44.199 GiB, 13.66% gc time)
[2023-01-16T01:35:57.561]Completed Shot 1, state 24
211.917010 seconds (7.63 M allocations: 60.319 GiB, 12.94% gc time)
[2023-01-16T01:35:57.924]Completed Shot 1, state 40
[2023-01-16T01:36:03.904]Diagonalized H.
8851.586545 seconds (6.15 G allocations: 15.386 TiB, 12.93% gc time, 0.15% compilation time)
216.474832 seconds (6.78 M allocations: 58.048 GiB, 12.83% gc time)
[2023-01-16T01:36:04.686]Completed Shot 1, state 27
8859.399203 seconds (6.16 G allocations: 15.396 TiB, 12.95% gc time, 0.15% compilation time)
208.927997 seconds (3.23 M allocations: 47.611 GiB, 13.30% gc time)
[2023-01-16T01:36:05.554]Completed Shot 1, state 1
216.175080 seconds (6.15 M allocations: 56.467 GiB, 12.85% gc time)
[2023-01-16T01:36:05.918]Completed Shot 1, state 38
8851.861487 seconds (6.15 G allocations: 15.386 TiB, 12.93% gc time, 0.15% compilation time)
8846.192767 seconds (6.15 G allocations: 15.372 TiB, 12.94% gc time, 0.15% compilation time)
8855.428150 seconds (6.15 G allocations: 15.389 TiB, 12.93% gc time, 0.15% compilation time)
 32.668846 seconds (2.07 M allocations: 11.675 GiB, 5.86% gc time)
[2023-01-16T01:36:09.535]Completed Shot 1, state 23
8849.355158 seconds (6.15 G allocations: 15.375 TiB, 12.93% gc time, 0.15% compilation time)
[2023-01-16T01:36:12.048]Diagonalized H.
[2023-01-16T01:36:12.338]Diagonalized H.
[2023-01-16T01:36:12.631]Diagonalized H.
 15.917243 seconds (808.86 k allocations: 9.107 GiB, 2.35% gc time)
[2023-01-16T01:36:13.440]Completed Shot 1, state 42
[2023-01-16T01:36:15.371]Diagonalized H.
[2023-01-16T01:36:17.721]Diagonalized H.
[2023-01-16T01:36:18.092]Diagonalized H.
 33.965426 seconds (902.61 k allocations: 18.989 GiB)
[2023-01-16T01:36:38.640]Completed Shot 1, state 4
 33.516803 seconds (803.77 k allocations: 18.569 GiB)
[2023-01-16T01:36:38.780]Completed Shot 1, state 13
 33.196589 seconds (641.92 k allocations: 16.656 GiB)
[2023-01-16T01:36:39.640]Completed Shot 1, state 45
 31.582306 seconds (373.37 k allocations: 15.338 GiB)
[2023-01-16T01:36:41.865]Completed Shot 1, state 29
 33.239517 seconds (459.74 k allocations: 15.903 GiB)
[2023-01-16T01:36:41.939]Completed Shot 1, state 11
 34.068737 seconds (521.67 k allocations: 16.269 GiB)
[2023-01-16T01:36:42.162]Completed Shot 1, state 6
8706.275019 seconds (5.67 G allocations: 14.194 TiB, 14.27% gc time)
8710.290749 seconds (5.67 G allocations: 14.202 TiB, 14.27% gc time)
8714.983780 seconds (5.68 G allocations: 14.212 TiB, 14.26% gc time)
8716.510640 seconds (5.68 G allocations: 14.215 TiB, 14.26% gc time)
8717.084555 seconds (5.68 G allocations: 14.216 TiB, 14.26% gc time)
8719.196892 seconds (5.68 G allocations: 14.220 TiB, 14.25% gc time)
8720.524113 seconds (5.68 G allocations: 14.223 TiB, 14.25% gc time)
8722.400383 seconds (5.68 G allocations: 14.226 TiB, 14.25% gc time)
8722.901804 seconds (5.68 G allocations: 14.227 TiB, 14.25% gc time)
8723.310635 seconds (5.68 G allocations: 14.228 TiB, 14.25% gc time)
8724.107677 seconds (5.68 G allocations: 14.229 TiB, 14.24% gc time)
8731.079851 seconds (5.69 G allocations: 14.232 TiB, 14.29% gc time)
8731.143517 seconds (5.69 G allocations: 14.232 TiB, 14.29% gc time)
8731.740392 seconds (5.69 G allocations: 14.233 TiB, 14.29% gc time)
8732.574981 seconds (5.69 G allocations: 14.235 TiB, 14.29% gc time)
8733.102867 seconds (5.69 G allocations: 14.236 TiB, 14.29% gc time)
8734.347718 seconds (5.69 G allocations: 14.238 TiB, 14.29% gc time)
8735.821574 seconds (5.69 G allocations: 14.241 TiB, 14.29% gc time)
8738.052352 seconds (5.69 G allocations: 14.245 TiB, 14.28% gc time)
8738.218192 seconds (5.69 G allocations: 14.246 TiB, 14.28% gc time)
8739.304585 seconds (5.69 G allocations: 14.248 TiB, 14.28% gc time)
8739.659952 seconds (5.69 G allocations: 14.248 TiB, 14.28% gc time)
8739.662064 seconds (5.69 G allocations: 14.248 TiB, 14.28% gc time)
8739.735048 seconds (5.69 G allocations: 14.248 TiB, 14.28% gc time)
8739.899526 seconds (5.69 G allocations: 14.249 TiB, 14.28% gc time)
8741.042269 seconds (5.69 G allocations: 14.251 TiB, 14.28% gc time)
8742.813117 seconds (5.69 G allocations: 14.254 TiB, 14.28% gc time)
8743.654636 seconds (5.70 G allocations: 14.256 TiB, 14.27% gc time)
8743.995291 seconds (5.70 G allocations: 14.256 TiB, 14.27% gc time)
8744.020737 seconds (5.70 G allocations: 14.256 TiB, 14.27% gc time)
8744.368778 seconds (5.70 G allocations: 14.257 TiB, 14.27% gc time)
8745.955421 seconds (5.70 G allocations: 14.260 TiB, 14.27% gc time)
8747.315766 seconds (5.70 G allocations: 14.263 TiB, 14.27% gc time)
8749.031603 seconds (5.70 G allocations: 14.266 TiB, 14.26% gc time)
8749.197418 seconds (5.70 G allocations: 14.266 TiB, 14.26% gc time)
8749.367635 seconds (5.70 G allocations: 14.267 TiB, 14.26% gc time)
8749.729623 seconds (5.70 G allocations: 14.267 TiB, 14.26% gc time)
8749.852793 seconds (5.70 G allocations: 14.267 TiB, 14.26% gc time)
8750.504268 seconds (5.70 G allocations: 14.269 TiB, 14.26% gc time)
8750.812008 seconds (5.70 G allocations: 14.269 TiB, 14.26% gc time)
8752.549547 seconds (5.70 G allocations: 14.272 TiB, 14.26% gc time)
8753.410908 seconds (5.70 G allocations: 14.274 TiB, 14.26% gc time)
8754.625495 seconds (5.70 G allocations: 14.276 TiB, 14.26% gc time)
8756.060320 seconds (5.70 G allocations: 14.278 TiB, 14.25% gc time)
8756.119097 seconds (5.70 G allocations: 14.279 TiB, 14.25% gc time)
8756.633880 seconds (5.70 G allocations: 14.280 TiB, 14.25% gc time)
8756.977246 seconds (5.70 G allocations: 14.280 TiB, 14.25% gc time)
8759.748808 seconds (5.71 G allocations: 14.285 TiB, 14.25% gc time)
8763.021628 seconds (5.71 G allocations: 14.292 TiB, 14.24% gc time)
8771.341353 seconds (5.71 G allocations: 14.298 TiB, 14.28% gc time)
8431.184235 seconds (5.70 G allocations: 14.263 TiB, 14.35% gc time)
8418.287259 seconds (5.69 G allocations: 14.238 TiB, 14.37% gc time)
8413.310510 seconds (5.69 G allocations: 14.239 TiB, 14.31% gc time)
8429.667921 seconds (5.70 G allocations: 14.260 TiB, 14.35% gc time)
8428.054799 seconds (5.69 G allocations: 14.257 TiB, 14.35% gc time)
8417.316522 seconds (5.69 G allocations: 14.248 TiB, 14.31% gc time)
8428.634347 seconds (5.69 G allocations: 14.259 TiB, 14.35% gc time)
8434.388798 seconds (5.70 G allocations: 14.271 TiB, 14.34% gc time)
8402.213484 seconds (5.68 G allocations: 14.221 TiB, 14.33% gc time)
8413.367744 seconds (5.69 G allocations: 14.242 TiB, 14.31% gc time)
8417.849064 seconds (5.69 G allocations: 14.251 TiB, 14.31% gc time)
8447.451729 seconds (5.71 G allocations: 14.298 TiB, 14.32% gc time)
8414.852475 seconds (5.69 G allocations: 14.245 TiB, 14.31% gc time)
8437.751084 seconds (5.70 G allocations: 14.278 TiB, 14.34% gc time)
8410.191702 seconds (5.69 G allocations: 14.237 TiB, 14.32% gc time)
8421.563408 seconds (5.69 G allocations: 14.258 TiB, 14.30% gc time)
8422.947391 seconds (5.70 G allocations: 14.261 TiB, 14.30% gc time)
8414.060679 seconds (5.69 G allocations: 14.244 TiB, 14.31% gc time)
8416.371281 seconds (5.69 G allocations: 14.249 TiB, 14.31% gc time)
[2023-01-16T06:22:38.258]Diagonalized H.
8418.356071 seconds (5.69 G allocations: 14.253 TiB, 14.30% gc time)
8403.290618 seconds (5.68 G allocations: 14.224 TiB, 14.33% gc time)
8417.191195 seconds (5.69 G allocations: 14.250 TiB, 14.31% gc time)
8435.641225 seconds (5.70 G allocations: 14.276 TiB, 14.34% gc time)
8414.496903 seconds (5.69 G allocations: 14.247 TiB, 14.31% gc time)
8420.351277 seconds (5.69 G allocations: 14.257 TiB, 14.30% gc time)
8414.602490 seconds (5.69 G allocations: 14.247 TiB, 14.31% gc time)
8413.028955 seconds (5.69 G allocations: 14.244 TiB, 14.31% gc time)
[2023-01-16T06:22:41.348]Diagonalized H.
8437.004717 seconds (5.70 G allocations: 14.278 TiB, 14.34% gc time)
[2023-01-16T06:22:45.130]Diagonalized H.
[2023-01-16T06:22:45.140]Diagonalized H.
[2023-01-16T06:22:46.030]Diagonalized H.
[2023-01-16T06:22:46.083]Diagonalized H.
[2023-01-16T06:22:54.974]Diagonalized H.
[2023-01-16T06:22:54.979]Diagonalized H.
[[[2023-01-16T06:22:54.980]Diagonalized H.
2023-01-16T06:22:54.980]Diagonalized H.
2023-01-16T06:22:54.980]Diagonalized H.
[2023-01-16T06:22:54.987]Diagonalized H.
[[2023-01-16T06:22:54.988]Diagonalized H.
2023-01-16T06:22:54.988]Diagonalized H.
[[2023-01-16T06:22:54.989]Diagonalized H.
2023-01-16T06:22:54.990]Diagonalized H.
[2023-01-16T06:22:54.993]Diagonalized H.
[2023-01-16T06:22:54.994]Diagonalized H.
[2023-01-16T06:22:54.995]Diagonalized H.
[[2023-01-16T06:22:54.997]Diagonalized H.
[2023-01-16T06:22:54.997]Diagonalized H.
2023-01-16T06:22:54.998]Diagonalized H.
[2023-01-16T06:22:55.001]Diagonalized H.
[2023-01-16T06:22:55.003]Diagonalized H.
[2023-01-16T06:22:55.007]Diagonalized H.
[[2023-01-16T06:22:55.008]Diagonalized H.
2023-01-16T06:22:55.009]Diagonalized H.
[2023-01-16T06:22:55.017]Diagonalized H.
 66.548863 seconds (12.79 M allocations: 72.909 GiB, 4.75% gc time)
[2023-01-16T06:23:35.470]Completed Shot 2, state 25
 75.670364 seconds (17.08 M allocations: 86.418 GiB, 4.18% gc time)
[2023-01-16T06:23:39.312]Completed Shot 2, state 8
 78.223218 seconds (5.49 M allocations: 65.749 GiB, 4.04% gc time)
[2023-01-16T06:23:56.425]Completed Shot 2, state 32
 91.254721 seconds (11.09 M allocations: 85.010 GiB, 3.46% gc time)
[2023-01-16T06:24:02.579]Completed Shot 2, state 4
 85.850289 seconds (6.61 M allocations: 72.689 GiB, 3.68% gc time)
[2023-01-16T06:24:02.579]Completed Shot 2, state 31
 81.426057 seconds (3.72 M allocations: 62.280 GiB, 3.88% gc time)
[2023-01-16T06:24:02.579]Completed Shot 2, state 43
 88.553493 seconds (6.57 M allocations: 74.160 GiB, 3.57% gc time)
[2023-01-16T06:24:05.387]Completed Shot 2, state 18
 99.407985 seconds (11.03 M allocations: 89.291 GiB, 3.18% gc time)
[2023-01-16T06:24:10.950]Completed Shot 2, state 41
107.952494 seconds (17.57 M allocations: 107.127 GiB, 2.93% gc time)
[2023-01-16T06:24:11.717]Completed Shot 2, state 5
 95.823719 seconds (7.39 M allocations: 80.187 GiB, 3.30% gc time)
[2023-01-16T06:24:11.717]Completed Shot 2, state 7
 93.653734 seconds (4.18 M allocations: 70.917 GiB, 3.37% gc time)
[2023-01-16T06:24:14.390]Completed Shot 2, state 10
181.000947 seconds (8.07 M allocations: 85.280 GiB, 43.59% gc time)
[2023-01-16T06:25:36.196]Completed Shot 2, state 42
175.828849 seconds (4.26 M allocations: 72.107 GiB, 44.91% gc time)
[2023-01-16T06:25:36.619]Completed Shot 2, state 17
8612.420827 seconds (5.70 G allocations: 14.345 TiB, 14.96% gc time)
[2023-01-16T06:25:46.130]Diagonalized H.
202.239322 seconds (8.16 M allocations: 88.546 GiB, 39.95% gc time)
[2023-01-16T06:25:58.078]Completed Shot 2, state 22
202.244386 seconds (6.45 M allocations: 83.250 GiB, 40.08% gc time)
[2023-01-16T06:26:01.115]Completed Shot 2, state 36
8630.107353 seconds (5.70 G allocations: 14.349 TiB, 14.89% gc time)
204.751082 seconds (6.97 M allocations: 84.984 GiB, 39.63% gc time)
[2023-01-16T06:26:03.847]Completed Shot 2, state 38
8628.299242 seconds (5.70 G allocations: 14.334 TiB, 14.90% gc time)
[2023-01-16T06:26:10.137]Diagonalized H.
[2023-01-16T06:26:17.580]Diagonalized H.
231.710169 seconds (8.54 M allocations: 93.277 GiB, 35.93% gc time)
[2023-01-16T06:26:28.981]Completed Shot 2, state 23
227.050654 seconds (5.52 M allocations: 82.598 GiB, 36.67% gc time)
[2023-01-16T06:26:29.125]Completed Shot 2, state 21
232.379232 seconds (8.87 M allocations: 94.362 GiB, 35.83% gc time)
[2023-01-16T06:26:29.236]Completed Shot 2, state 35
8638.030524 seconds (5.69 G allocations: 14.320 TiB, 14.91% gc time)
8646.154482 seconds (5.70 G allocations: 14.333 TiB, 14.90% gc time)
[2023-01-16T06:26:37.385]Diagonalized H.
[2023-01-16T06:26:43.530]Diagonalized H.
271.905082 seconds (16.66 M allocations: 119.362 GiB, 31.97% gc time)
[2023-01-16T06:26:59.959]Completed Shot 2, state 27
259.307645 seconds (6.70 M allocations: 89.974 GiB, 33.52% gc time)
[2023-01-16T06:26:59.968]Completed Shot 2, state 28
268.395448 seconds (10.29 M allocations: 102.967 GiB, 32.54% gc time)
[2023-01-16T06:27:03.831]Completed Shot 2, state 30
274.568446 seconds (15.50 M allocations: 116.784 GiB, 31.81% gc time)
[2023-01-16T06:27:03.986]Completed Shot 2, state 1
274.574018 seconds (14.47 M allocations: 114.383 GiB, 31.82% gc time)
[2023-01-16T06:27:05.201]Completed Shot 2, state 16
8678.877023 seconds (5.69 G allocations: 14.330 TiB, 14.89% gc time)
272.506721 seconds (9.79 M allocations: 102.193 GiB, 32.22% gc time)
[2023-01-16T06:27:08.938]Completed Shot 2, state 46
8676.692868 seconds (5.69 G allocations: 14.325 TiB, 14.89% gc time)
[2023-01-16T06:27:15.665]Diagonalized H.
[2023-01-16T06:27:22.795]Diagonalized H.
300.107850 seconds (7.41 M allocations: 97.188 GiB, 30.38% gc time)
[2023-01-16T06:27:40.318]Completed Shot 2, state 34
304.041418 seconds (8.46 M allocations: 101.905 GiB, 30.07% gc time)
[2023-01-16T06:27:42.619]Completed Shot 2, state 47
310.703570 seconds (10.20 M allocations: 108.090 GiB, 29.53% gc time)
[2023-01-16T06:27:47.027]Completed Shot 2, state 2
8716.949153 seconds (5.69 G allocations: 14.332 TiB, 14.87% gc time)
[2023-01-16T06:27:55.745]Diagonalized H.
146.465015 seconds (3.74 M allocations: 29.697 GiB, 9.57% gc time)
[2023-01-16T06:28:05.161]Completed Shot 2, state 14
8741.296381 seconds (5.70 G allocations: 14.348 TiB, 14.84% gc time)
8757.689672 seconds (5.70 G allocations: 14.367 TiB, 14.82% gc time)
[2023-01-16T06:28:14.471]Diagonalized H.
[2023-01-16T06:28:21.744]Diagonalized H.
8750.208849 seconds (5.69 G allocations: 14.335 TiB, 14.85% gc time)
[2023-01-16T06:28:34.319]Diagonalized H.
162.993371 seconds (2.73 M allocations: 29.504 GiB, 10.98% gc time)
[2023-01-16T06:28:53.121]Completed Shot 2, state 33
169.768788 seconds (3.09 M allocations: 30.799 GiB, 10.61% gc time)
[2023-01-16T06:28:53.125]Completed Shot 2, state 50
144.528935 seconds (2.50 M allocations: 25.617 GiB, 10.98% gc time)
[2023-01-16T06:28:54.095]Completed Shot 2, state 26
8761.801512 seconds (5.68 G allocations: 14.314 TiB, 14.82% gc time)
8784.829645 seconds (5.69 G allocations: 14.346 TiB, 14.84% gc time)
8789.789649 seconds (5.69 G allocations: 14.345 TiB, 14.83% gc time)
[2023-01-16T06:29:02.184]Diagonalized H.
[2023-01-16T06:29:08.528]Diagonalized H.
[2023-01-16T06:29:14.433]Diagonalized H.
181.677462 seconds (2.60 M allocations: 30.372 GiB, 10.76% gc time)
[2023-01-16T06:29:33.608]Completed Shot 2, state 29
157.092777 seconds (2.36 M allocations: 26.995 GiB, 10.62% gc time)
[2023-01-16T06:29:45.455]Completed Shot 2, state 40
161.492070 seconds (2.30 M allocations: 27.457 GiB, 10.57% gc time)
[2023-01-16T06:29:50.858]Completed Shot 2, state 45
8837.508962 seconds (5.69 G allocations: 14.345 TiB, 14.82% gc time)
[2023-01-16T06:30:02.127]Diagonalized H.
8851.001950 seconds (5.69 G allocations: 14.355 TiB, 14.80% gc time)
[2023-01-16T06:30:10.523]Diagonalized H.
8856.195930 seconds (5.69 G allocations: 14.344 TiB, 14.80% gc time)
[2023-01-16T06:30:24.295]Diagonalized H.
156.733972 seconds (2.18 M allocations: 26.907 GiB, 10.10% gc time)
[2023-01-16T06:30:25.581]Completed Shot 2, state 20
155.954007 seconds (1.39 M allocations: 24.570 GiB, 11.45% gc time)
[2023-01-16T06:30:43.074]Completed Shot 2, state 49
8882.122918 seconds (5.69 G allocations: 14.343 TiB, 14.81% gc time)
8881.354671 seconds (5.68 G allocations: 14.337 TiB, 14.81% gc time)
[2023-01-16T06:30:52.614]Diagonalized H.
[2023-01-16T06:30:59.812]Diagonalized H.
186.359559 seconds (1.39 M allocations: 28.676 GiB, 11.49% gc time)
[2023-01-16T06:31:20.564]Completed Shot 2, state 11
180.119860 seconds (1.21 M allocations: 26.816 GiB, 11.41% gc time)
[2023-01-16T06:31:25.045]Completed Shot 2, state 9
8929.496798 seconds (5.69 G allocations: 14.354 TiB, 14.78% gc time)
154.256160 seconds (1.19 M allocations: 23.401 GiB, 10.93% gc time)
[2023-01-16T06:31:29.565]Completed Shot 2, state 3
[2023-01-16T06:31:35.978]Diagonalized H.
8946.876639 seconds (5.69 G allocations: 14.359 TiB, 14.77% gc time)
170.343602 seconds (1.33 M allocations: 26.126 GiB, 10.48% gc time)
[2023-01-16T06:31:46.377]Completed Shot 2, state 37
[2023-01-16T06:31:52.123]Diagonalized H.
171.082565 seconds (1.36 M allocations: 26.426 GiB, 10.51% gc time)
[2023-01-16T06:31:52.893]Completed Shot 2, state 19
126.219835 seconds (1.11 M allocations: 19.929 GiB, 10.41% gc time)
[2023-01-16T06:32:00.521]Completed Shot 2, state 12
118.921053 seconds (959.60 k allocations: 19.187 GiB, 10.62% gc time)
[2023-01-16T06:32:01.290]Completed Shot 2, state 44
 78.509485 seconds (704.17 k allocations: 12.544 GiB, 9.91% gc time)
[2023-01-16T06:32:05.054]Completed Shot 2, state 24
110.636702 seconds (956.54 k allocations: 17.746 GiB, 11.25% gc time)
[2023-01-16T06:32:05.634]Completed Shot 2, state 15
8969.286309 seconds (5.69 G allocations: 14.363 TiB, 14.75% gc time)
 83.709811 seconds (892.19 k allocations: 13.969 GiB, 9.38% gc time)
[2023-01-16T06:32:07.749]Completed Shot 2, state 13
 42.954279 seconds (547.92 k allocations: 7.871 GiB, 7.76% gc time)
[2023-01-16T06:32:11.597]Completed Shot 2, state 39
 27.455855 seconds (336.66 k allocations: 4.844 GiB, 7.42% gc time)
[2023-01-16T06:32:12.559]Completed Shot 2, state 6
[2023-01-16T06:32:13.497]Diagonalized H.
 12.921909 seconds (89.79 k allocations: 3.079 GiB)
[2023-01-16T06:32:20.496]Completed Shot 2, state 48
8689.251028 seconds (6.29 G allocations: 15.617 TiB, 14.77% gc time)
8690.241879 seconds (6.29 G allocations: 15.620 TiB, 14.77% gc time)
8696.323601 seconds (6.29 G allocations: 15.638 TiB, 14.76% gc time)
8696.550551 seconds (6.29 G allocations: 15.638 TiB, 14.76% gc time)
8698.187985 seconds (6.30 G allocations: 15.643 TiB, 14.76% gc time)
8698.431712 seconds (6.30 G allocations: 15.644 TiB, 14.76% gc time)
8702.109621 seconds (6.30 G allocations: 15.654 TiB, 14.75% gc time)
8703.612392 seconds (6.30 G allocations: 15.658 TiB, 14.75% gc time)
8704.498883 seconds (6.30 G allocations: 15.661 TiB, 14.74% gc time)
8705.185454 seconds (6.30 G allocations: 15.663 TiB, 14.74% gc time)
8705.356185 seconds (6.30 G allocations: 15.663 TiB, 14.74% gc time)
8707.052777 seconds (6.31 G allocations: 15.667 TiB, 14.74% gc time)
8707.142499 seconds (6.31 G allocations: 15.668 TiB, 14.74% gc time)
8708.686971 seconds (6.31 G allocations: 15.672 TiB, 14.74% gc time)
8708.733766 seconds (6.31 G allocations: 15.672 TiB, 14.74% gc time)
8717.529946 seconds (6.31 G allocations: 15.674 TiB, 14.81% gc time)
8720.844933 seconds (6.31 G allocations: 15.682 TiB, 14.81% gc time)
8722.791678 seconds (6.31 G allocations: 15.687 TiB, 14.80% gc time)
8724.324989 seconds (6.32 G allocations: 15.691 TiB, 14.80% gc time)
8724.342625 seconds (6.32 G allocations: 15.691 TiB, 14.80% gc time)
8726.096530 seconds (6.32 G allocations: 15.695 TiB, 14.80% gc time)
8726.716543 seconds (6.32 G allocations: 15.697 TiB, 14.80% gc time)
8726.956555 seconds (6.32 G allocations: 15.698 TiB, 14.80% gc time)
8726.985419 seconds (6.32 G allocations: 15.698 TiB, 14.80% gc time)
8727.254884 seconds (6.32 G allocations: 15.698 TiB, 14.80% gc time)
8729.214189 seconds (6.32 G allocations: 15.703 TiB, 14.79% gc time)
8729.679348 seconds (6.32 G allocations: 15.704 TiB, 14.79% gc time)
8729.832459 seconds (6.32 G allocations: 15.704 TiB, 14.79% gc time)
8729.862579 seconds (6.32 G allocations: 15.705 TiB, 14.79% gc time)
8730.933847 seconds (6.32 G allocations: 15.707 TiB, 14.79% gc time)
8730.954289 seconds (6.32 G allocations: 15.707 TiB, 14.79% gc time)
8732.119417 seconds (6.32 G allocations: 15.710 TiB, 14.79% gc time)
8732.807257 seconds (6.32 G allocations: 15.711 TiB, 14.79% gc time)
8734.135709 seconds (6.33 G allocations: 15.714 TiB, 14.79% gc time)
8734.205892 seconds (6.33 G allocations: 15.714 TiB, 14.79% gc time)
8736.926930 seconds (6.33 G allocations: 15.720 TiB, 14.78% gc time)
8738.416645 seconds (6.33 G allocations: 15.723 TiB, 14.78% gc time)
8743.056217 seconds (6.33 G allocations: 15.733 TiB, 14.77% gc time)
8743.761043 seconds (6.33 G allocations: 15.735 TiB, 14.77% gc time)
8744.382732 seconds (6.33 G allocations: 15.736 TiB, 14.77% gc time)
8746.532355 seconds (6.34 G allocations: 15.741 TiB, 14.76% gc time)
8747.700504 seconds (6.34 G allocations: 15.743 TiB, 14.76% gc time)
8748.255106 seconds (6.34 G allocations: 15.744 TiB, 14.76% gc time)
8751.609004 seconds (6.34 G allocations: 15.751 TiB, 14.76% gc time)
8752.031287 seconds (6.34 G allocations: 15.752 TiB, 14.75% gc time)
8752.310691 seconds (6.34 G allocations: 15.753 TiB, 14.75% gc time)
8754.062397 seconds (6.34 G allocations: 15.756 TiB, 14.75% gc time)
8754.379135 seconds (6.34 G allocations: 15.757 TiB, 14.75% gc time)
8766.630948 seconds (6.35 G allocations: 15.765 TiB, 14.82% gc time)
8778.844597 seconds (6.36 G allocations: 15.790 TiB, 14.80% gc time)
8586.078557 seconds (6.30 G allocations: 15.645 TiB, 15.68% gc time)
8599.589238 seconds (6.31 G allocations: 15.686 TiB, 15.65% gc time)
[2023-01-16T11:20:37.431]Diagonalized H.
[2023-01-16T11:20:52.839]Diagonalized H.
8593.540792 seconds (6.30 G allocations: 15.668 TiB, 15.67% gc time)
8616.342757 seconds (6.32 G allocations: 15.708 TiB, 15.72% gc time)
8613.619563 seconds (6.32 G allocations: 15.700 TiB, 15.72% gc time)
8599.031537 seconds (6.31 G allocations: 15.680 TiB, 15.66% gc time)
8635.053642 seconds (6.34 G allocations: 15.756 TiB, 15.68% gc time)
8585.923819 seconds (6.30 G allocations: 15.650 TiB, 15.68% gc time)
8603.077357 seconds (6.31 G allocations: 15.689 TiB, 15.65% gc time)
8623.543603 seconds (6.32 G allocations: 15.721 TiB, 15.70% gc time)
8623.395187 seconds (6.32 G allocations: 15.721 TiB, 15.70% gc time)
 44.422888 seconds (37.08 M allocations: 97.545 GiB, 18.15% gc time)
[2023-01-16T11:21:09.436]Completed Shot 3, state 44
8600.782127 seconds (6.31 G allocations: 15.684 TiB, 15.65% gc time)
8623.761472 seconds (6.32 G allocations: 15.721 TiB, 15.70% gc time)
8609.417667 seconds (6.32 G allocations: 15.705 TiB, 15.64% gc time)
8600.106351 seconds (6.31 G allocations: 15.683 TiB, 15.66% gc time)
8624.960520 seconds (6.33 G allocations: 15.725 TiB, 15.70% gc time)
 44.187303 seconds (35.64 M allocations: 94.651 GiB, 18.25% gc time)
[2023-01-16T11:21:14.521]Completed Shot 3, state 45
8637.742824 seconds (6.34 G allocations: 15.760 TiB, 15.68% gc time)
8608.348178 seconds (6.32 G allocations: 15.704 TiB, 15.64% gc time)
8630.293945 seconds (6.33 G allocations: 15.740 TiB, 15.69% gc time)
[2023-01-16T11:21:15.498]Diagonalized H.
8627.948903 seconds (6.33 G allocations: 15.734 TiB, 15.70% gc time)
8633.612655 seconds (6.34 G allocations: 15.749 TiB, 15.69% gc time)
8609.155823 seconds (6.32 G allocations: 15.707 TiB, 15.64% gc time)
8609.059811 seconds (6.32 G allocations: 15.707 TiB, 15.64% gc time)
8619.250390 seconds (6.33 G allocations: 15.734 TiB, 15.62% gc time)
[2023-01-16T11:21:18.324]Diagonalized H.
8629.275271 seconds (6.33 G allocations: 15.739 TiB, 15.69% gc time)
8604.637204 seconds (6.31 G allocations: 15.699 TiB, 15.65% gc time)
[2023-01-16T11:21:19.676]Diagonalized H.
[[2023-01-16T11:21:32.343]Diagonalized H.
2023-01-16T11:21:32.354]Diagonalized H.
[[[[[[[[[2023-01-16T11:21:32.736]Diagonalized H.
[2023-01-16T11:21:32.742[][[[Diagonalized H.
[[2023-01-16T11:21:32.735]Diagonalized H.
2023-01-16T11:21:32.736]Diagonalized H.
2023-01-16T11:21:32.729]Diagonalized H.
2023-01-16T11:21:32.7352023-01-16T11:21:32.739]Diagonalized H.
2023-01-16T11:21:32.747]Diagonalized H.
2023-01-16T11:21:32.732]Diagonalized H.
2023-01-16T11:21:32.729]Diagonalized H.
2023-01-16T11:21:32.736]Diagonalized H.
2023-01-16T11:21:32.736]Diagonalized H.
2023-01-16T11:21:32.740]Diagonalized H.
2023-01-16T11:21:32.740]Diagonalized H.
2023-01-16T11:21:32.740]Diagonalized H.
]Diagonalized H.
[[2023-01-16T11:21:32.737]Diagonalized H.
2023-01-16T11:21:32.745]Diagonalized H.
106.548342 seconds (24.12 M allocations: 85.938 GiB, 13.91% gc time)
[2023-01-16T11:22:41.437]Completed Shot 3, state 40
2023-01-16T11:21:32.741]Diagonalized H.
170.523068 seconds (24.28 M allocations: 96.062 GiB, 13.37% gc time)
[2023-01-16T11:23:45.556]Completed Shot 3, state 38
[2023-01-16T11:21:32.740]Diagonalized H.
246.310263 seconds (17.02 M allocations: 88.278 GiB, 13.97% gc time)
[2023-01-16T11:25:10.185]Completed Shot 3, state 10
253.266000 seconds (5.68 M allocations: 60.289 GiB, 14.77% gc time)
[2023-01-16T11:25:28.767]Completed Shot 3, state 6
277.141741 seconds (12.29 M allocations: 80.548 GiB, 14.41% gc time)
[2023-01-16T11:25:46.393]Completed Shot 3, state 7
283.925159 seconds (16.34 M allocations: 91.680 GiB, 14.15% gc time)
[2023-01-16T11:25:48.731]Completed Shot 3, state 16
298.851166 seconds (12.41 M allocations: 84.295 GiB, 14.21% gc time)
[2023-01-16T11:26:08.083]Completed Shot 3, state 34
293.033085 seconds (1.92 M allocations: 54.976 GiB, 14.58% gc time)
[2023-01-16T11:26:12.309]Completed Shot 3, state 49
297.414453 seconds (4.86 M allocations: 64.675 GiB, 14.49% gc time)
[2023-01-16T11:26:13.786]Completed Shot 3, state 4
311.311429 seconds (6.62 M allocations: 71.757 GiB, 14.17% gc time)
[2023-01-16T11:26:26.259]Completed Shot 3, state 48
314.447306 seconds (9.21 M allocations: 78.931 GiB, 14.05% gc time)
[2023-01-16T11:26:27.159]Completed Shot 3, state 43
312.475043 seconds (6.89 M allocations: 72.789 GiB, 14.14% gc time)
[2023-01-16T11:26:27.271]Completed Shot 3, state 30
330.772625 seconds (22.52 M allocations: 114.066 GiB, 13.46% gc time)
[2023-01-16T11:26:28.505]Completed Shot 3, state 18
314.420643 seconds (5.17 M allocations: 68.027 GiB, 14.19% gc time)
[2023-01-16T11:26:31.236]Completed Shot 3, state 15
8955.115562 seconds (6.35 G allocations: 15.834 TiB, 15.62% gc time)
[2023-01-16T11:26:39.309]Diagonalized H.
8929.199571 seconds (6.32 G allocations: 15.769 TiB, 15.59% gc time)
[2023-01-16T11:26:47.694]Diagonalized H.
346.077939 seconds (18.09 M allocations: 105.074 GiB, 13.40% gc time)
[2023-01-16T11:26:50.919]Completed Shot 3, state 11
339.809459 seconds (6.08 M allocations: 72.830 GiB, 13.97% gc time)
[2023-01-16T11:26:57.091]Completed Shot 3, state 28
343.065237 seconds (7.70 M allocations: 78.845 GiB, 13.94% gc time)
[2023-01-16T11:26:59.290]Completed Shot 3, state 50
8949.210855 seconds (6.32 G allocations: 15.776 TiB, 15.58% gc time)
352.161414 seconds (16.59 M allocations: 103.041 GiB, 13.67% gc time)
[2023-01-16T11:27:00.066]Completed Shot 3, state 37
8952.781282 seconds (6.33 G allocations: 15.783 TiB, 15.58% gc time)
[2023-01-16T11:27:06.477]Diagonalized H.
[2023-01-16T11:27:14.629]Diagonalized H.
369.089211 seconds (6.07 M allocations: 76.720 GiB, 13.95% gc time)
[2023-01-16T11:27:27.600]Completed Shot 3, state 31
8977.248534 seconds (6.32 G allocations: 15.780 TiB, 15.57% gc time)
[2023-01-16T11:27:36.565]Diagonalized H.
386.376692 seconds (14.74 M allocations: 102.568 GiB, 13.57% gc time)
[2023-01-16T11:27:37.493]Completed Shot 3, state 26
394.686484 seconds (14.65 M allocations: 103.664 GiB, 13.61% gc time)
[2023-01-16T11:27:46.999]Completed Shot 3, state 29
392.893205 seconds (11.68 M allocations: 95.890 GiB, 13.71% gc time)
[2023-01-16T11:27:47.042]Completed Shot 3, state 27
397.944029 seconds (13.50 M allocations: 101.026 GiB, 13.64% gc time)
[2023-01-16T11:27:50.671]Completed Shot 3, state 21
395.670327 seconds (10.65 M allocations: 93.429 GiB, 13.72% gc time)
[2023-01-16T11:27:50.964]Completed Shot 3, state 25
8997.958131 seconds (6.32 G allocations: 15.781 TiB, 15.57% gc time)
[2023-01-16T11:27:58.555]Diagonalized H.
9023.563612 seconds (6.33 G allocations: 15.798 TiB, 15.55% gc time)
[2023-01-16T11:28:19.255]Diagonalized H.
109.578437 seconds (4.16 M allocations: 25.958 GiB, 12.28% gc time)
[2023-01-16T11:28:29.141]Completed Shot 3, state 13
9026.710186 seconds (6.31 G allocations: 15.766 TiB, 15.57% gc time)
9029.436115 seconds (6.31 G allocations: 15.757 TiB, 15.57% gc time)
[2023-01-16T11:28:37.647]Diagonalized H.
9029.801528 seconds (6.31 G allocations: 15.757 TiB, 15.57% gc time)
[2023-01-16T11:28:45.394]Diagonalized H.
139.380785 seconds (5.07 M allocations: 30.304 GiB, 11.17% gc time)
[2023-01-16T11:28:51.703]Completed Shot 3, state 23
[2023-01-16T11:28:52.633]Diagonalized H.
135.805009 seconds (3.35 M allocations: 26.158 GiB, 12.16% gc time)
[2023-01-16T11:29:15.197]Completed Shot 3, state 33
139.272420 seconds (3.16 M allocations: 26.092 GiB, 11.93% gc time)
[2023-01-16T11:29:19.513]Completed Shot 3, state 46
9078.768830 seconds (6.31 G allocations: 15.773 TiB, 15.55% gc time)
[2023-01-16T11:29:30.235]Diagonalized H.
122.242931 seconds (2.87 M allocations: 22.657 GiB, 11.59% gc time)
[2023-01-16T11:29:30.928]Completed Shot 3, state 42
9087.384323 seconds (6.31 G allocations: 15.759 TiB, 15.55% gc time)
109.996151 seconds (2.26 M allocations: 20.825 GiB, 11.56% gc time)
[2023-01-16T11:29:41.264]Completed Shot 3, state 39
[2023-01-16T11:29:47.204]Diagonalized H.
9132.169822 seconds (6.33 G allocations: 15.813 TiB, 15.50% gc time)
111.610559 seconds (2.68 M allocations: 22.083 GiB, 11.64% gc time)
[2023-01-16T11:30:02.662]Completed Shot 3, state 41
[2023-01-16T11:30:09.084]Diagonalized H.
104.447592 seconds (2.67 M allocations: 21.462 GiB, 11.57% gc time)
[2023-01-16T11:30:14.715]Completed Shot 3, state 19
 98.644209 seconds (2.65 M allocations: 21.094 GiB, 11.98% gc time)
[2023-01-16T11:30:16.280]Completed Shot 3, state 2
9129.451712 seconds (6.31 G allocations: 15.780 TiB, 15.53% gc time)
9132.710020 seconds (6.32 G allocations: 15.786 TiB, 15.52% gc time)
[2023-01-16T11:30:23.361]Diagonalized H.
9146.797048 seconds (6.32 G allocations: 15.802 TiB, 15.50% gc time)
[2023-01-16T11:30:30.573]Diagonalized H.
[2023-01-16T11:30:40.043]Diagonalized H.
139.842098 seconds (3.01 M allocations: 27.949 GiB, 11.48% gc time)
[2023-01-16T11:30:58.399]Completed Shot 3, state 14
102.860838 seconds (3.58 M allocations: 24.306 GiB, 10.67% gc time)
[2023-01-16T11:31:05.891]Completed Shot 3, state 8
 89.339827 seconds (3.81 M allocations: 22.772 GiB, 10.67% gc time)
[2023-01-16T11:31:09.258]Completed Shot 3, state 36
9179.054328 seconds (6.31 G allocations: 15.784 TiB, 15.50% gc time)
9178.463737 seconds (6.31 G allocations: 15.782 TiB, 15.50% gc time)
[2023-01-16T11:31:17.626]Diagonalized H.
[2023-01-16T11:31:23.450]Diagonalized H.
9177.005610 seconds (6.31 G allocations: 15.771 TiB, 15.42% gc time)
 82.364756 seconds (3.47 M allocations: 20.304 GiB, 8.86% gc time)
[2023-01-16T11:31:24.251]Completed Shot 3, state 47
 68.044071 seconds (2.67 M allocations: 18.122 GiB, 7.93% gc time)
[2023-01-16T11:31:25.638]Completed Shot 3, state 20
 69.264128 seconds (2.89 M allocations: 19.464 GiB, 8.13% gc time)
[2023-01-16T11:31:25.747]Completed Shot 3, state 1
9214.730892 seconds (6.33 G allocations: 15.833 TiB, 15.44% gc time)
 62.093191 seconds (2.70 M allocations: 18.456 GiB, 8.04% gc time)
[2023-01-16T11:31:26.319]Completed Shot 3, state 35
9212.796901 seconds (6.33 G allocations: 15.827 TiB, 15.45% gc time)
9196.621986 seconds (6.31 G allocations: 15.786 TiB, 15.47% gc time)
9174.636965 seconds (6.30 G allocations: 15.754 TiB, 15.43% gc time)
 23.553586 seconds (1.47 M allocations: 9.528 GiB, 1.79% gc time)
[2023-01-16T11:31:34.716]Completed Shot 3, state 3
 23.949040 seconds (1.47 M allocations: 9.474 GiB, 1.74% gc time)
[2023-01-16T11:31:35.222]Completed Shot 3, state 5
[2023-01-16T11:31:35.480]Diagonalized H.
9201.426735 seconds (6.31 G allocations: 15.788 TiB, 15.47% gc time)
[2023-01-16T11:31:36.582]Diagonalized H.
[2023-01-16T11:31:37.644]Diagonalized H.
[2023-01-16T11:31:37.881]Diagonalized H.
[2023-01-16T11:31:40.952]Diagonalized H.
 29.550225 seconds (1.57 M allocations: 19.903 GiB)
[2023-01-16T11:31:53.687]Completed Shot 3, state 12
[2023-01-16T11:31:53.863]Diagonalized H.
 30.272309 seconds (1.16 M allocations: 17.760 GiB)
[2023-01-16T11:31:56.457]Completed Shot 3, state 9
 30.503461 seconds (980.27 k allocations: 17.131 GiB)
[2023-01-16T11:31:58.007]Completed Shot 3, state 22
 27.100938 seconds (534.24 k allocations: 15.271 GiB)
[2023-01-16T11:31:58.603]Completed Shot 3, state 17
 31.633194 seconds (426.97 k allocations: 15.248 GiB)
[2023-01-16T11:32:05.616]Completed Shot 3, state 24
 30.545911 seconds (347.39 k allocations: 14.722 GiB)
[2023-01-16T11:32:06.537]Completed Shot 3, state 32
9143.917282 seconds (6.69 G allocations: 16.558 TiB, 16.29% gc time)
9145.696159 seconds (6.69 G allocations: 16.563 TiB, 16.29% gc time)
9146.042451 seconds (6.69 G allocations: 16.564 TiB, 16.29% gc time)
9146.281163 seconds (6.69 G allocations: 16.564 TiB, 16.28% gc time)
9147.701771 seconds (6.69 G allocations: 16.568 TiB, 16.28% gc time)
9149.427585 seconds (6.69 G allocations: 16.573 TiB, 16.28% gc time)
9150.408000 seconds (6.69 G allocations: 16.576 TiB, 16.28% gc time)
9151.835995 seconds (6.70 G allocations: 16.579 TiB, 16.27% gc time)
9153.923242 seconds (6.70 G allocations: 16.584 TiB, 16.27% gc time)
9156.717828 seconds (6.70 G allocations: 16.592 TiB, 16.27% gc time)
9158.530926 seconds (6.70 G allocations: 16.596 TiB, 16.26% gc time)
9158.564530 seconds (6.70 G allocations: 16.596 TiB, 16.26% gc time)
9159.542595 seconds (6.70 G allocations: 16.599 TiB, 16.26% gc time)
9159.559563 seconds (6.70 G allocations: 16.599 TiB, 16.26% gc time)
9159.770920 seconds (6.70 G allocations: 16.599 TiB, 16.26% gc time)
9159.789013 seconds (6.70 G allocations: 16.599 TiB, 16.26% gc time)
9161.071327 seconds (6.71 G allocations: 16.602 TiB, 16.26% gc time)
9163.001987 seconds (6.71 G allocations: 16.607 TiB, 16.26% gc time)
9163.728411 seconds (6.71 G allocations: 16.608 TiB, 16.25% gc time)
9163.851282 seconds (6.71 G allocations: 16.609 TiB, 16.25% gc time)
9163.986757 seconds (6.71 G allocations: 16.609 TiB, 16.25% gc time)
9164.144938 seconds (6.71 G allocations: 16.609 TiB, 16.25% gc time)
9164.360932 seconds (6.71 G allocations: 16.610 TiB, 16.25% gc time)
9173.914947 seconds (6.71 G allocations: 16.613 TiB, 16.32% gc time)
9174.661475 seconds (6.71 G allocations: 16.614 TiB, 16.32% gc time)
9176.081060 seconds (6.71 G allocations: 16.617 TiB, 16.32% gc time)
9177.288448 seconds (6.71 G allocations: 16.620 TiB, 16.32% gc time)
9177.425599 seconds (6.71 G allocations: 16.620 TiB, 16.32% gc time)
9178.215124 seconds (6.71 G allocations: 16.622 TiB, 16.32% gc time)
9179.643479 seconds (6.71 G allocations: 16.625 TiB, 16.31% gc time)
9180.382025 seconds (6.71 G allocations: 16.626 TiB, 16.31% gc time)
9180.728246 seconds (6.72 G allocations: 16.627 TiB, 16.31% gc time)
9181.010151 seconds (6.72 G allocations: 16.627 TiB, 16.31% gc time)
9181.253589 seconds (6.72 G allocations: 16.628 TiB, 16.31% gc time)
9181.968326 seconds (6.72 G allocations: 16.629 TiB, 16.31% gc time)
9182.918421 seconds (6.72 G allocations: 16.631 TiB, 16.31% gc time)
9184.754386 seconds (6.72 G allocations: 16.635 TiB, 16.31% gc time)
9184.819911 seconds (6.72 G allocations: 16.635 TiB, 16.31% gc time)
9184.858283 seconds (6.72 G allocations: 16.635 TiB, 16.31% gc time)
9186.110787 seconds (6.72 G allocations: 16.638 TiB, 16.30% gc time)
9186.541096 seconds (6.72 G allocations: 16.639 TiB, 16.30% gc time)
9191.162293 seconds (6.72 G allocations: 16.648 TiB, 16.29% gc time)
9193.718237 seconds (6.73 G allocations: 16.652 TiB, 16.29% gc time)
9194.403803 seconds (6.73 G allocations: 16.654 TiB, 16.29% gc time)
9195.062909 seconds (6.73 G allocations: 16.655 TiB, 16.29% gc time)
9195.975748 seconds (6.73 G allocations: 16.657 TiB, 16.29% gc time)
9199.268546 seconds (6.73 G allocations: 16.663 TiB, 16.28% gc time)
9199.566795 seconds (6.73 G allocations: 16.664 TiB, 16.28% gc time)
9200.693549 seconds (6.73 G allocations: 16.666 TiB, 16.28% gc time)
9206.595746 seconds (6.74 G allocations: 16.678 TiB, 16.27% gc time)
8746.611241 seconds (6.67 G allocations: 16.523 TiB, 16.04% gc time)
8738.700581 seconds (6.66 G allocations: 16.504 TiB, 16.05% gc time)
[2023-01-16T16:30:34.743]Diagonalized H.
[2023-01-16T16:30:35.572]Diagonalized H.
8762.773729 seconds (6.69 G allocations: 16.568 TiB, 16.01% gc time)
8749.669827 seconds (6.68 G allocations: 16.557 TiB, 15.94% gc time)
8780.418592 seconds (6.71 G allocations: 16.612 TiB, 15.98% gc time)
[2023-01-16T16:31:06.095]Diagonalized H.
[[2023-01-16T16:31:06.112]Diagonalized H.
2023-01-16T16:31:06.112]Diagonalized H.
8781.277938 seconds (6.69 G allocations: 16.582 TiB, 16.05% gc time)
8795.865262 seconds (6.71 G allocations: 16.618 TiB, 16.02% gc time)
8783.970375 seconds (6.69 G allocations: 16.589 TiB, 16.04% gc time)
8763.672873 seconds (6.68 G allocations: 16.564 TiB, 15.99% gc time)
 55.129131 seconds (39.82 M allocations: 110.102 GiB, 11.49% gc time)
[2023-01-16T16:31:17.710]Completed Shot 4, state 31
8792.906980 seconds (6.70 G allocations: 16.608 TiB, 16.03% gc time)
 55.732403 seconds (39.61 M allocations: 109.861 GiB, 11.37% gc time)
[2023-01-16T16:31:19.505]Completed Shot 4, state 21
8799.766995 seconds (6.71 G allocations: 16.624 TiB, 16.02% gc time)
8808.038983 seconds (6.72 G allocations: 16.644 TiB, 16.00% gc time)
8781.604722 seconds (6.70 G allocations: 16.601 TiB, 15.96% gc time)
8795.092118 seconds (6.70 G allocations: 16.612 TiB, 16.02% gc time)
 37.380684 seconds (19.46 M allocations: 57.106 GiB, 16.95% gc time)
[2023-01-16T16:31:26.484]Completed Shot 4, state 11
8763.063358 seconds (6.68 G allocations: 16.567 TiB, 15.99% gc time)
 36.526694 seconds (19.44 M allocations: 56.696 GiB, 17.34% gc time)
[2023-01-16T16:31:29.184]Completed Shot 4, state 33
8787.300961 seconds (6.70 G allocations: 16.615 TiB, 15.95% gc time)
8785.943136 seconds (6.70 G allocations: 16.613 TiB, 15.95% gc time)
 39.984646 seconds (22.79 M allocations: 65.562 GiB, 15.84% gc time)
[2023-01-16T16:31:30.858]Completed Shot 4, state 39
[2023-01-16T16:31:31.550]Diagonalized H.
8802.205783 seconds (6.71 G allocations: 16.631 TiB, 16.01% gc time)
[2023-01-16T16:31:31.795]Diagonalized H.
[2023-01-16T16:31:32.621]Diagonalized H.
[2023-01-16T16:31:33.251]Diagonalized H.
[[2023-01-16T16:31:45.418]2023-01-16T16:31:45.425]Diagonalized H.
Diagonalized H.
[[[2023-01-16T16:31:45.546]Diagonalized H.
[[[[2023-01-16T16:31:45.584]Diagonalized H.
2023-01-16T16:31:45.560]Diagonalized H.
2023-01-16T16:31:45.550]Diagonalized H.
2023-01-16T16:31:45.417]Diagonalized H.
2023-01-16T16:31:45.560]Diagonalized H.
2023-01-16T16:31:45.558]Diagonalized H.
118.242376 seconds (22.32 M allocations: 83.694 GiB, 13.43% gc time)
[2023-01-16T16:33:05.833]Completed Shot 4, state 29
131.451720 seconds (17.77 M allocations: 69.898 GiB, 14.29% gc time)
[2023-01-16T16:33:25.695]Completed Shot 4, state 28
8972.485713 seconds (6.73 G allocations: 16.715 TiB, 15.97% gc time)
153.780014 seconds (4.83 M allocations: 41.517 GiB, 15.41% gc time)
[2023-01-16T16:34:03.702]Completed Shot 4, state 14
[2023-01-16T16:34:10.342]Diagonalized H.
8943.366757 seconds (6.71 G allocations: 16.647 TiB, 15.94% gc time)
[2023-01-16T16:34:18.960]Diagonalized H.
195.556150 seconds (15.41 M allocations: 72.560 GiB, 14.45% gc time)
[2023-01-16T16:34:34.563]Completed Shot 4, state 12
200.045210 seconds (18.32 M allocations: 80.775 GiB, 14.13% gc time)
[2023-01-16T16:34:34.701]Completed Shot 4, state 9
197.949183 seconds (16.93 M allocations: 76.850 GiB, 14.28% gc time)
[2023-01-16T16:34:34.704]Completed Shot 4, state 24
193.380523 seconds (9.69 M allocations: 58.024 GiB, 14.90% gc time)
[2023-01-16T16:34:39.373]Completed Shot 4, state 6
194.003188 seconds (10.23 M allocations: 59.522 GiB, 14.85% gc time)
[2023-01-16T16:34:39.438]Completed Shot 4, state 16
8989.961191 seconds (6.71 G allocations: 16.671 TiB, 16.00% gc time)
8972.499974 seconds (6.71 G allocations: 16.651 TiB, 15.94% gc time)
[2023-01-16T16:34:47.113]Diagonalized H.
[2023-01-16T16:34:54.595]Diagonalized H.
8993.583354 seconds (6.70 G allocations: 16.632 TiB, 15.95% gc time)
[2023-01-16T16:35:21.613]Diagonalized H.
241.925240 seconds (16.17 M allocations: 80.005 GiB, 13.93% gc time)
[2023-01-16T16:35:22.156]Completed Shot 4, state 1
248.893451 seconds (12.17 M allocations: 71.435 GiB, 14.18% gc time)
[2023-01-16T16:35:33.881]Completed Shot 4, state 13
245.212025 seconds (5.04 M allocations: 53.065 GiB, 14.44% gc time)
[2023-01-16T16:35:36.962]Completed Shot 4, state 47
248.164888 seconds (6.47 M allocations: 57.347 GiB, 14.35% gc time)
[2023-01-16T16:35:38.865]Completed Shot 4, state 44
253.086298 seconds (9.45 M allocations: 65.585 GiB, 14.11% gc time)
[2023-01-16T16:35:42.257]Completed Shot 4, state 7
100.324665 seconds (4.42 M allocations: 23.746 GiB, 12.38% gc time)
[2023-01-16T16:35:43.269]Completed Shot 4, state 19
9070.673022 seconds (6.73 G allocations: 16.730 TiB, 15.93% gc time)
[2023-01-16T16:35:51.373]Diagonalized H.
9068.597514 seconds (6.73 G allocations: 16.709 TiB, 15.94% gc time)
9041.463883 seconds (6.71 G allocations: 16.668 TiB, 15.90% gc time)
9080.111653 seconds (6.74 G allocations: 16.739 TiB, 15.92% gc time)
9040.684900 seconds (6.71 G allocations: 16.666 TiB, 15.90% gc time)
102.557597 seconds (7.06 M allocations: 31.034 GiB, 11.87% gc time)
[2023-01-16T16:35:53.476]Completed Shot 4, state 17
9067.867074 seconds (6.72 G allocations: 16.708 TiB, 15.94% gc time)
9046.914166 seconds (6.71 G allocations: 16.680 TiB, 15.89% gc time)
9050.913188 seconds (6.72 G allocations: 16.688 TiB, 15.88% gc time)
 75.080412 seconds (7.81 M allocations: 30.906 GiB, 9.55% gc time)
[2023-01-16T16:35:55.435]Completed Shot 4, state 32
9066.062339 seconds (6.72 G allocations: 16.703 TiB, 15.94% gc time)
9069.222933 seconds (6.72 G allocations: 16.710 TiB, 15.94% gc time)
 75.918690 seconds (8.48 M allocations: 32.786 GiB, 9.42% gc time)
[2023-01-16T16:35:56.928]Completed Shot 4, state 20
9035.780760 seconds (6.70 G allocations: 16.658 TiB, 15.91% gc time)
9050.456190 seconds (6.72 G allocations: 16.687 TiB, 15.88% gc time)
9085.741718 seconds (6.74 G allocations: 16.751 TiB, 15.91% gc time)
9057.892142 seconds (6.72 G allocations: 16.702 TiB, 15.87% gc time)
9031.787579 seconds (6.70 G allocations: 16.650 TiB, 15.91% gc time)
9048.198859 seconds (6.71 G allocations: 16.682 TiB, 15.89% gc time)
 45.068950 seconds (9.32 M allocations: 31.636 GiB, 6.54% gc time)
[2023-01-16T16:35:59.598]Completed Shot 4, state 40
9074.706692 seconds (6.73 G allocations: 16.721 TiB, 15.93% gc time)
9039.982618 seconds (6.71 G allocations: 16.666 TiB, 15.90% gc time)
9049.039912 seconds (6.71 G allocations: 16.683 TiB, 15.88% gc time)
9053.782770 seconds (6.72 G allocations: 16.693 TiB, 15.88% gc time)
9054.553706 seconds (6.72 G allocations: 16.694 TiB, 15.87% gc time)
9038.289396 seconds (6.70 G allocations: 16.663 TiB, 15.90% gc time)
[2023-01-16T16:36:02.470]Diagonalized H.
 17.888125 seconds (6.81 M allocations: 22.626 GiB, 2.36% gc time)
[2023-01-16T16:36:02.805]Completed Shot 4, state 34
[2023-01-16T16:36:02.958]Diagonalized H.
[2023-01-16T16:36:03.468]Diagonalized H.
[2023-01-16T16:36:03.675]Diagonalized H.
9046.284149 seconds (6.71 G allocations: 16.677 TiB, 15.89% gc time)
9074.002129 seconds (6.73 G allocations: 16.717 TiB, 15.93% gc time)
[2023-01-16T16:36:04.561]Diagonalized H.
[2023-01-16T16:36:05.006]Diagonalized H.
[2023-01-16T16:36:05.297]Diagonalized H.
[2023-01-16T16:36:07.270]Diagonalized H.
[2023-01-16T16:36:07.296]Diagonalized H.
[2023-01-16T16:36:07.918]Diagonalized H.
[2023-01-16T16:36:09.498]Diagonalized H.
[2023-01-16T16:36:10.471]Diagonalized H.
[2023-01-16T16:36:10.491]Diagonalized H.
[2023-01-16T16:36:11.957]Diagonalized H.
[2023-01-16T16:36:12.380]Diagonalized H.
[2023-01-16T16:36:13.622]Diagonalized H.
[2023-01-16T16:36:14.107]Diagonalized H.
[2023-01-16T16:36:15.220]Diagonalized H.
[2023-01-16T16:36:17.449]Diagonalized H.
[2023-01-16T16:36:18.389]Diagonalized H.
[2023-01-16T16:36:20.826]Diagonalized H.
[2023-01-16T16:36:28.422]Diagonalized H.
[2023-01-16T16:36:28.450]Diagonalized H.
 64.730628 seconds (6.67 M allocations: 57.424 GiB, 4.19% gc time)
[2023-01-16T16:36:57.664]Completed Shot 4, state 15
 66.983611 seconds (5.96 M allocations: 56.592 GiB, 4.04% gc time)
[2023-01-16T16:37:00.935]Completed Shot 4, state 35
 60.129037 seconds (1.89 M allocations: 43.540 GiB, 4.51% gc time)
[2023-01-16T16:37:00.936]Completed Shot 4, state 27
 75.086357 seconds (7.59 M allocations: 65.909 GiB, 3.63% gc time)
[2023-01-16T16:37:06.944]Completed Shot 4, state 43
 74.690097 seconds (5.90 M allocations: 60.371 GiB, 3.63% gc time)
[2023-01-16T16:37:08.875]Completed Shot 4, state 50
 85.379629 seconds (7.03 M allocations: 69.859 GiB, 3.17% gc time)
[2023-01-16T16:37:18.241]Completed Shot 4, state 3
 81.873652 seconds (3.92 M allocations: 60.188 GiB, 3.31% gc time)
[2023-01-16T16:37:19.260]Completed Shot 4, state 49
 81.887214 seconds (2.73 M allocations: 57.639 GiB, 3.31% gc time)
[2023-01-16T16:37:21.448]Completed Shot 4, state 30
 81.947642 seconds (2.42 M allocations: 57.176 GiB, 3.31% gc time)
[2023-01-16T16:37:22.191]Completed Shot 4, state 48
 83.370545 seconds (3.02 M allocations: 59.467 GiB, 3.25% gc time)
[2023-01-16T16:37:22.393]Completed Shot 4, state 25
9133.522116 seconds (6.72 G allocations: 16.743 TiB, 15.77% gc time)
9110.226922 seconds (6.70 G allocations: 16.697 TiB, 15.81% gc time)
 87.671317 seconds (4.73 M allocations: 65.525 GiB, 3.09% gc time)
[2023-01-16T16:37:24.003]Completed Shot 4, state 23
 88.892290 seconds (2.69 M allocations: 59.862 GiB, 3.05% gc time)
[2023-01-16T16:37:29.230]Completed Shot 4, state 42
 92.615784 seconds (3.75 M allocations: 63.868 GiB, 2.93% gc time)
[2023-01-16T16:37:30.939]Completed Shot 4, state 4
 99.393728 seconds (6.04 M allocations: 71.111 GiB, 2.73% gc time)
[2023-01-16T16:37:34.272]Completed Shot 4, state 10
 94.732501 seconds (3.09 M allocations: 62.180 GiB, 2.86% gc time)
[2023-01-16T16:37:34.543]Completed Shot 4, state 8
 96.470112 seconds (3.85 M allocations: 64.703 GiB, 2.81% gc time)
[2023-01-16T16:37:34.818]Completed Shot 4, state 22
 94.875994 seconds (2.73 M allocations: 60.896 GiB, 2.86% gc time)
[2023-01-16T16:37:35.615]Completed Shot 4, state 41
 99.867982 seconds (4.86 M allocations: 68.050 GiB, 2.71% gc time)
[2023-01-16T16:37:36.703]Completed Shot 4, state 18
[2023-01-16T16:37:38.772]Diagonalized H.
 98.386583 seconds (2.85 M allocations: 61.811 GiB, 2.75% gc time)
[2023-01-16T16:37:39.091]Completed Shot 4, state 5
101.118561 seconds (4.05 M allocations: 66.073 GiB, 2.68% gc time)
[2023-01-16T16:37:39.370]Completed Shot 4, state 45
[2023-01-16T16:37:39.493]Diagonalized H.
 95.795526 seconds (1.95 M allocations: 57.682 GiB, 2.83% gc time)
[2023-01-16T16:37:39.784]Completed Shot 4, state 36
106.622222 seconds (7.41 M allocations: 78.735 GiB, 2.54% gc time)
[2023-01-16T16:37:39.960]Completed Shot 4, state 46
 95.547548 seconds (1.82 M allocations: 55.801 GiB, 2.84% gc time)
[2023-01-16T16:37:40.078]Completed Shot 4, state 38
 26.418881 seconds (941.85 k allocations: 9.876 GiB, 4.23% gc time)
[2023-01-16T16:37:49.784]Completed Shot 4, state 37
9144.008469 seconds (6.71 G allocations: 16.721 TiB, 15.76% gc time)
 27.270279 seconds (969.49 k allocations: 10.344 GiB, 4.10% gc time)
[2023-01-16T16:37:50.250]Completed Shot 4, state 2
[2023-01-16T16:37:55.479]Diagonalized H.
 13.596256 seconds (58.90 k allocations: 2.610 GiB)
[2023-01-16T16:38:03.414]Completed Shot 4, state 26
8840.132048 seconds (6.71 G allocations: 16.584 TiB, 15.51% gc time)
8841.446111 seconds (6.71 G allocations: 16.588 TiB, 15.51% gc time)
8842.136663 seconds (6.71 G allocations: 16.590 TiB, 15.51% gc time)
8843.038090 seconds (6.71 G allocations: 16.593 TiB, 15.51% gc time)
8849.220122 seconds (6.71 G allocations: 16.597 TiB, 15.55% gc time)
8850.574124 seconds (6.71 G allocations: 16.601 TiB, 15.55% gc time)
8852.510433 seconds (6.72 G allocations: 16.606 TiB, 15.54% gc time)
8853.916895 seconds (6.72 G allocations: 16.610 TiB, 15.54% gc time)
8854.181644 seconds (6.72 G allocations: 16.611 TiB, 15.54% gc time)
8854.501764 seconds (6.72 G allocations: 16.611 TiB, 15.54% gc time)
8854.538196 seconds (6.72 G allocations: 16.612 TiB, 15.54% gc time)
8854.864735 seconds (6.72 G allocations: 16.612 TiB, 15.54% gc time)
8856.586021 seconds (6.72 G allocations: 16.617 TiB, 15.54% gc time)
8856.732891 seconds (6.72 G allocations: 16.617 TiB, 15.54% gc time)
8857.967899 seconds (6.72 G allocations: 16.620 TiB, 15.53% gc time)
8858.940004 seconds (6.72 G allocations: 16.623 TiB, 15.53% gc time)
8859.375341 seconds (6.72 G allocations: 16.624 TiB, 15.53% gc time)
8859.667760 seconds (6.72 G allocations: 16.625 TiB, 15.53% gc time)
8860.116762 seconds (6.72 G allocations: 16.626 TiB, 15.53% gc time)
8861.286398 seconds (6.73 G allocations: 16.629 TiB, 15.53% gc time)
8863.187903 seconds (6.73 G allocations: 16.633 TiB, 15.53% gc time)
8864.669290 seconds (6.73 G allocations: 16.637 TiB, 15.52% gc time)
8865.788111 seconds (6.73 G allocations: 16.639 TiB, 15.52% gc time)
  Activating project at `/gpfs/bwfor/work/ws/hd_ku269-light_cones/WorkingFolder`
8866.494835 seconds (6.73 G allocations: 16.641 TiB, 15.52% gc time)
8866.847699 seconds (6.73 G allocations: 16.642 TiB, 15.52% gc time)
8867.077532 seconds (6.73 G allocations: 16.642 TiB, 15.52% gc time)
8867.474024 seconds (6.73 G allocations: 16.643 TiB, 15.52% gc time)
8869.162512 seconds (6.73 G allocations: 16.647 TiB, 15.51% gc time)
8869.478631 seconds (6.73 G allocations: 16.648 TiB, 15.51% gc time)
8870.699509 seconds (6.73 G allocations: 16.651 TiB, 15.51% gc time)
8870.879525 seconds (6.73 G allocations: 16.651 TiB, 15.51% gc time)
8878.388842 seconds (6.74 G allocations: 16.657 TiB, 15.55% gc time)
8879.201455 seconds (6.74 G allocations: 16.658 TiB, 15.55% gc time)
8880.228711 seconds (6.74 G allocations: 16.660 TiB, 15.55% gc time)
8880.279168 seconds (6.74 G allocations: 16.660 TiB, 15.55% gc time)
8880.933064 seconds (6.74 G allocations: 16.662 TiB, 15.55% gc time)
8881.119691 seconds (6.74 G allocations: 16.662 TiB, 15.55% gc time)
8883.059757 seconds (6.74 G allocations: 16.666 TiB, 15.55% gc time)
8883.303181 seconds (6.74 G allocations: 16.667 TiB, 15.54% gc time)
8884.240167 seconds (6.74 G allocations: 16.669 TiB, 15.54% gc time)
8885.211665 seconds (6.74 G allocations: 16.671 TiB, 15.54% gc time)
8885.435366 seconds (6.74 G allocations: 16.671 TiB, 15.54% gc time)
8887.722945 seconds (6.74 G allocations: 16.676 TiB, 15.54% gc time)
8887.890077 seconds (6.74 G allocations: 16.676 TiB, 15.54% gc time)
8892.757844 seconds (6.75 G allocations: 16.686 TiB, 15.53% gc time)
8893.268390 seconds (6.75 G allocations: 16.687 TiB, 15.53% gc time)
8898.204691 seconds (6.75 G allocations: 16.698 TiB, 15.52% gc time)
8902.735490 seconds (6.76 G allocations: 16.707 TiB, 15.51% gc time)
8913.982150 seconds (6.76 G allocations: 16.719 TiB, 15.54% gc time)
8923.143537 seconds (6.77 G allocations: 16.738 TiB, 15.53% gc time)
8936.541203 seconds (6.72 G allocations: 16.624 TiB, 15.01% gc time)
8928.200727 seconds (6.72 G allocations: 16.614 TiB, 14.97% gc time)
[2023-01-16T21:34:33.382]Diagonalized H.
[2023-01-16T21:34:33.405]Diagonalized H.
8948.377405 seconds (6.72 G allocations: 16.628 TiB, 15.05% gc time)
8955.010041 seconds (6.73 G allocations: 16.647 TiB, 15.04% gc time)
8945.456738 seconds (6.72 G allocations: 16.631 TiB, 15.00% gc time)
8937.114045 seconds (6.71 G allocations: 16.609 TiB, 15.01% gc time)
8948.106445 seconds (6.72 G allocations: 16.634 TiB, 14.99% gc time)
8954.603734 seconds (6.73 G allocations: 16.649 TiB, 14.98% gc time)
8955.643963 seconds (6.73 G allocations: 16.652 TiB, 14.98% gc time)
8961.563413 seconds (6.74 G allocations: 16.668 TiB, 14.97% gc time)
[2023-01-16T21:35:04.437]Diagonalized H.
[2023-01-16T21:35:04.446]Diagonalized H.
[2023-01-16T21:35:04.471]Diagonalized H.
[2023-01-16T21:35:04.477]Diagonalized H.
[2023-01-16T21:35:04.478]Diagonalized H.
[2023-01-16T21:35:04.492]Diagonalized H.
[2023-01-16T21:35:04.510]Diagonalized H.
[2023-01-16T21:35:04.514]Diagonalized H.
 63.522994 seconds (23.92 M allocations: 77.518 GiB, 13.47% gc time)
[2023-01-16T21:35:23.618]Completed Shot 5, state 49
 67.781504 seconds (21.39 M allocations: 75.332 GiB, 12.63% gc time)
[2023-01-16T21:35:29.976]Completed Shot 5, state 33
8994.735137 seconds (6.74 G allocations: 16.680 TiB, 14.96% gc time)
8980.863571 seconds (6.72 G allocations: 16.645 TiB, 14.98% gc time)
8994.092597 seconds (6.73 G allocations: 16.677 TiB, 14.96% gc time)
8987.428817 seconds (6.73 G allocations: 16.660 TiB, 14.97% gc time)
8992.050247 seconds (6.73 G allocations: 16.672 TiB, 14.96% gc time)
8966.998277 seconds (6.71 G allocations: 16.627 TiB, 14.95% gc time)
8996.251136 seconds (6.74 G allocations: 16.683 TiB, 14.96% gc time)
8983.848039 seconds (6.72 G allocations: 16.653 TiB, 14.98% gc time)
8974.109280 seconds (6.72 G allocations: 16.643 TiB, 14.94% gc time)
 46.737218 seconds (10.49 M allocations: 45.956 GiB, 7.99% gc time)
[2023-01-16T21:35:37.639]Completed Shot 5, state 48
 45.308311 seconds (9.37 M allocations: 42.995 GiB, 8.24% gc time)
[2023-01-16T21:35:38.197]Completed Shot 5, state 38
 51.176949 seconds (13.96 M allocations: 54.999 GiB, 7.30% gc time)
[2023-01-16T21:35:38.558]Completed Shot 5, state 23
 63.895225 seconds (25.04 M allocations: 86.193 GiB, 5.84% gc time)
[2023-01-16T21:35:38.730]Completed Shot 5, state 29
 55.413087 seconds (17.38 M allocations: 63.884 GiB, 6.74% gc time)
[2023-01-16T21:35:38.792]Completed Shot 5, state 39
8977.029265 seconds (6.72 G allocations: 16.648 TiB, 14.93% gc time)
8975.897450 seconds (6.72 G allocations: 16.647 TiB, 14.94% gc time)
 48.194097 seconds (12.16 M allocations: 50.321 GiB, 7.75% gc time)
[2023-01-16T21:35:41.175]Completed Shot 5, state 36
8999.050919 seconds (6.74 G allocations: 16.689 TiB, 14.95% gc time)
9004.648100 seconds (6.74 G allocations: 16.703 TiB, 14.94% gc time)
8971.491160 seconds (6.72 G allocations: 16.639 TiB, 14.94% gc time)
[[[[[[2023-01-16T21:35:57.103]Diagonalized H.
2023-01-16T21:35:57.104]Diagonalized H.
[[2023-01-16T21:35:57.105]Diagonalized H.
2023-01-16T21:35:57.110[]Diagonalized H.
[2023-01-16T21:35:57.104]Diagonalized H.
2023-01-16T21:35:57.110]Diagonalized H.
2023-01-16T21:35:57.1062023-01-16T21:35:57.103]]Diagonalized H.Diagonalized H.

2023-01-16T21:35:57.110]Diagonalized H.
2023-01-16T21:35:57.103]Diagonalized H.
[2023-01-16T21:35:57.543]Diagonalized H.
[2023-01-16T21:35:57.544]Diagonalized H.
[2023-01-16T21:35:57.547]Diagonalized H.
[2023-01-16T21:35:57.578]Diagonalized H.
9032.375687 seconds (6.75 G allocations: 16.729 TiB, 14.99% gc time)
8986.852956 seconds (6.72 G allocations: 16.644 TiB, 14.96% gc time)
8994.041327 seconds (6.73 G allocations: 16.659 TiB, 14.94% gc time)
 97.744136 seconds (25.58 M allocations: 100.623 GiB, 7.45% gc time)
[2023-01-16T21:36:17.619]Completed Shot 5, state 14
[2023-01-16T21:36:24.057]Diagonalized H.
[2023-01-16T21:36:25.638]Diagonalized H.
[2023-01-16T21:36:26.215]Diagonalized H.
 53.133836 seconds (4.82 M allocations: 38.624 GiB, 6.68% gc time)
[2023-01-16T21:36:32.677]Completed Shot 5, state 1
 59.700471 seconds (8.53 M allocations: 50.899 GiB, 5.94% gc time)
[2023-01-16T21:36:34.863]Completed Shot 5, state 28
 65.340073 seconds (8.32 M allocations: 52.475 GiB, 5.43% gc time)
[2023-01-16T21:36:40.859]Completed Shot 5, state 46
 65.232380 seconds (8.24 M allocations: 52.057 GiB, 5.44% gc time)
[2023-01-16T21:36:40.859]Completed Shot 5, state 5
 67.561647 seconds (8.31 M allocations: 53.917 GiB, 5.25% gc time)
[2023-01-16T21:36:43.148]Completed Shot 5, state 21
111.739865 seconds (14.54 M allocations: 89.466 GiB, 6.52% gc time)
[2023-01-16T21:36:45.945]Completed Shot 5, state 44
 76.776905 seconds (10.71 M allocations: 65.656 GiB, 4.62% gc time)
[2023-01-16T21:36:49.471]Completed Shot 5, state 40
 67.344271 seconds (2.44 M allocations: 42.823 GiB, 5.27% gc time)
[2023-01-16T21:36:49.483]Completed Shot 5, state 34
9063.846039 seconds (6.73 G allocations: 16.716 TiB, 14.88% gc time)
9061.965943 seconds (6.73 G allocations: 16.711 TiB, 14.89% gc time)
9050.199236 seconds (6.73 G allocations: 16.693 TiB, 14.85% gc time)
9082.867168 seconds (6.75 G allocations: 16.756 TiB, 14.85% gc time)
 84.747481 seconds (10.08 M allocations: 65.841 GiB, 4.19% gc time)
[2023-01-16T21:37:01.152]Completed Shot 5, state 26
 83.197625 seconds (8.46 M allocations: 61.323 GiB, 4.27% gc time)
[2023-01-16T21:37:02.035]Completed Shot 5, state 32
9081.295845 seconds (6.75 G allocations: 16.744 TiB, 14.85% gc time)
9078.363374 seconds (6.74 G allocations: 16.735 TiB, 14.86% gc time)
 83.566521 seconds (6.40 M allocations: 56.340 GiB, 4.25% gc time)
[2023-01-16T21:37:05.814]Completed Shot 5, state 11
9076.088620 seconds (6.74 G allocations: 16.728 TiB, 14.86% gc time)
9077.791098 seconds (6.74 G allocations: 16.731 TiB, 14.86% gc time)
 69.722878 seconds (6.30 M allocations: 53.098 GiB)
[2023-01-16T21:37:07.884]Completed Shot 5, state 15
 92.803466 seconds (13.69 M allocations: 76.810 GiB, 3.82% gc time)
[2023-01-16T21:37:08.284]Completed Shot 5, state 37
 91.567134 seconds (12.62 M allocations: 73.231 GiB, 3.88% gc time)
[2023-01-16T21:37:08.295]Completed Shot 5, state 2
 71.045818 seconds (7.09 M allocations: 55.265 GiB)
[2023-01-16T21:37:08.977]Completed Shot 5, state 27
9060.334208 seconds (6.73 G allocations: 16.702 TiB, 14.84% gc time)
9079.142750 seconds (6.74 G allocations: 16.731 TiB, 14.86% gc time)
 94.126188 seconds (14.13 M allocations: 77.601 GiB, 3.77% gc time)
[2023-01-16T21:37:10.554]Completed Shot 5, state 8
9076.557410 seconds (6.74 G allocations: 16.725 TiB, 14.86% gc time)
[2023-01-16T21:37:11.119]Diagonalized H.
 88.780608 seconds (8.99 M allocations: 63.888 GiB, 4.00% gc time)
[2023-01-16T21:37:11.413]Completed Shot 5, state 20
[2023-01-16T21:37:18.827]Diagonalized H.
[2023-01-16T21:37:18.830]Diagonalized H.
[2023-01-16T21:37:18.830]Diagonalized H.
[2023-01-16T21:37:18.831]Diagonalized H.
[2023-01-16T21:37:18.832]Diagonalized H.
[2023-01-16T21:37:18.834]Diagonalized H.
[2023-01-16T21:37:18.841]Diagonalized H.
[2023-01-16T21:37:18.846]Diagonalized H.
[2023-01-16T21:37:18.847]Diagonalized H.
[2023-01-16T21:37:18.849]Diagonalized H.
 80.307065 seconds (8.10 M allocations: 60.444 GiB, 2.98% gc time)
[2023-01-16T21:37:18.887]Completed Shot 5, state 19
9075.270568 seconds (6.73 G allocations: 16.721 TiB, 14.84% gc time)
9099.177962 seconds (6.75 G allocations: 16.765 TiB, 14.85% gc time)
9094.695924 seconds (6.75 G allocations: 16.754 TiB, 14.86% gc time)
9073.004869 seconds (6.73 G allocations: 16.716 TiB, 14.84% gc time)
[2023-01-16T21:37:43.363]Diagonalized H.
[2023-01-16T21:37:50.718]Diagonalized H.
 41.100904 seconds (1.69 M allocations: 27.154 GiB, 5.81% gc time)
[2023-01-16T21:37:51.775]Completed Shot 5, state 3
 59.889836 seconds (7.36 M allocations: 45.473 GiB, 3.99% gc time)
[2023-01-16T21:37:54.755]Completed Shot 5, state 43
[2023-01-16T21:37:55.024]Diagonalized H.
[2023-01-16T21:37:55.870]Diagonalized H.
 52.754313 seconds (5.01 M allocations: 39.552 GiB, 4.53% gc time)
[2023-01-16T21:37:56.411]Completed Shot 5, state 42
 51.440036 seconds (4.53 M allocations: 38.055 GiB, 4.65% gc time)
[2023-01-16T21:37:56.412]Completed Shot 5, state 45
 50.461785 seconds (4.16 M allocations: 36.901 GiB, 4.74% gc time)
[2023-01-16T21:37:56.470]Completed Shot 5, state 16
 70.701668 seconds (7.24 M allocations: 53.623 GiB, 3.38% gc time)
[2023-01-16T21:38:08.559]Completed Shot 5, state 12
 69.814700 seconds (7.02 M allocations: 52.825 GiB, 3.42% gc time)
[2023-01-16T21:38:08.609]Completed Shot 5, state 4
 62.233955 seconds (4.33 M allocations: 44.679 GiB, 3.84% gc time)
[2023-01-16T21:38:09.232]Completed Shot 5, state 25
9129.360909 seconds (6.74 G allocations: 16.755 TiB, 14.75% gc time)
 80.854832 seconds (9.10 M allocations: 60.455 GiB, 2.96% gc time)
[2023-01-16T21:38:15.199]Completed Shot 5, state 31
9119.856027 seconds (6.73 G allocations: 16.732 TiB, 14.76% gc time)
 66.337646 seconds (3.98 M allocations: 44.906 GiB, 3.60% gc time)
[2023-01-16T21:38:16.375]Completed Shot 5, state 47
 68.136086 seconds (4.58 M allocations: 46.700 GiB, 3.51% gc time)
[2023-01-16T21:38:17.326]Completed Shot 5, state 35
9122.814262 seconds (6.73 G allocations: 16.733 TiB, 14.76% gc time)
9133.273118 seconds (6.73 G allocations: 16.754 TiB, 14.74% gc time)
 60.982847 seconds (3.20 M allocations: 39.481 GiB)
[2023-01-16T21:38:20.384]Completed Shot 5, state 22
 63.158517 seconds (3.60 M allocations: 40.818 GiB)
[2023-01-16T21:38:22.343]Completed Shot 5, state 50
[2023-01-16T21:38:28.355]Diagonalized H.
[2023-01-16T21:38:28.357]Diagonalized H.
[2023-01-16T21:38:28.358]Diagonalized H.
[2023-01-16T21:38:28.360]Diagonalized H.
 69.024102 seconds (3.64 M allocations: 41.602 GiB, 1.76% gc time)
[2023-01-16T21:38:28.506]Completed Shot 5, state 9
 69.554763 seconds (3.98 M allocations: 42.812 GiB, 1.75% gc time)
[2023-01-16T21:38:28.523]Completed Shot 5, state 13
9132.799553 seconds (6.72 G allocations: 16.734 TiB, 14.76% gc time)
9117.582620 seconds (6.72 G allocations: 16.712 TiB, 14.73% gc time)
9131.157642 seconds (6.72 G allocations: 16.726 TiB, 14.76% gc time)
 32.295456 seconds (2.87 M allocations: 18.580 GiB, 3.76% gc time)
[2023-01-16T21:38:46.007]Completed Shot 5, state 6
 30.483954 seconds (2.48 M allocations: 17.112 GiB, 3.99% gc time)
[2023-01-16T21:38:46.516]Completed Shot 5, state 10
 26.795507 seconds (1.87 M allocations: 14.780 GiB, 4.54% gc time)
[2023-01-16T21:38:46.791]Completed Shot 5, state 30
 27.315926 seconds (1.95 M allocations: 15.166 GiB, 4.45% gc time)
[2023-01-16T21:38:46.817]Completed Shot 5, state 17
9121.045392 seconds (6.71 G allocations: 16.697 TiB, 14.73% gc time)
[2023-01-16T21:38:47.901]Diagonalized H.
[2023-01-16T21:38:48.346]Diagonalized H.
[2023-01-16T21:38:50.489]Diagonalized H.
[2023-01-16T21:38:58.109]Diagonalized H.
 27.848881 seconds (615.82 k allocations: 12.472 GiB)
[2023-01-16T21:39:02.834]Completed Shot 5, state 41
 28.876084 seconds (657.50 k allocations: 12.891 GiB)
[2023-01-16T21:39:03.298]Completed Shot 5, state 7
 27.520741 seconds (533.19 k allocations: 11.963 GiB)
[2023-01-16T21:39:04.833]Completed Shot 5, state 24
 20.070780 seconds (231.61 k allocations: 10.003 GiB)
[2023-01-16T21:39:07.678]Completed Shot 5, state 18
[2023-01-16T21:39:07.678]**********Simulation completed!**********
[2023-01-16T21:39:07.679]**********Saving**********
[2023-01-16T21:39:11.775]Saving file: /gpfs/bwfor/work/ws/hd_ku269-logs/LightCones/2023-01-15/512539_N11_BS.jld2
[2023-01-16T21:39:13.325]**********Run completed!**********
============================= JOB FEEDBACK =============================
Job ID: 512539
Cluster: helix
User/Group: hd_ku269/hd_hd
State: COMPLETED (exit code 0)
Nodes: 1
Cores per node: 64
CPU Utilized: 59-06:13:38
CPU Efficiency: 89.09% of 66-12:25:36 core-walltime
Job Wall-clock time: 1-00:56:39
Memory Utilized: 197.70 GB
Memory Efficiency: 83.77% of 236.00 GB
