  Activating project at `/gpfs/bwfor/work/ws/hd_ku269-light_cones/WorkingFolder`
Added MKL.jl
Project LightCones v0.1.0
Status `/gpfs/bwfor/work/ws/hd_ku269-light_cones/WorkingFolder/Project.toml`
⌃ [7d9fca2a] Arpack v0.5.3
⌃ [7073ff75] IJulia v1.23.3
⌃ [033835bb] JLD2 v0.4.25
  [0b1a1467] KrylovKit v0.6.0
  [d3d80556] LineSearches v7.2.0
  [33e6dc65] MKL v0.6.0
⌃ [429524aa] Optim v1.7.3
⌃ [91a5bcdd] Plots v1.35.5
⌃ [c3e4b0f8] Pluto v0.19.14
  [3c0b384b] QuantumInformation v0.4.9
  [189a3867] Reexport v1.2.2
⌃ [295af30f] Revise v3.4.0
  [ebcc8a00] SpinSymmetry v0.3.3
  [59d54670] ThreadedSparseArrays v0.2.2
  [ade2ca70] Dates
  [8ba89e20] Distributed
  [37e2e46d] LinearAlgebra
  [de0858da] Printf
  [9a3f8284] Random
  [1a1011a3] SharedArrays
  [2f01184e] SparseArrays
  [10745b16] Statistics
Info Packages marked with ⌃ have new versions available and may be upgradable.
[2023-01-12T22:38:24.038]**********RANDOM FIELDS**********
shared_krylov.jl
Working Directory:          /gpfs/bwfor/work/ws/hd_ku269-light_cones/WorkingFolder
SLURM Directory:            /gpfs/bwfor/work/ws/hd_ku269-light_cones/WorkingFolder 
Running on host:            p03n10
Job id:                     510486
Job name:                   otoc_simulation_N11_TR
Number of nodes allocated:  
Number of cores allocated:  1
#threads of Julia:          64
#threads of BLAS:           1
ARGS = ["11", "1", "50", "BS", "x", "0", "100", "WAHUHA"]
LOCATION = "/gpfs/bwfor/work/ws/hd_ku269-logs/LightCones/2023-01-12"
N = 11
SHOTS = 1
MULT_RANDOM_STATES = true
N_RANDOM_STATES = 50
TYPE_OF_RS = "BS"
OBSERVABLE = "x"
DISORDER_PARAM = 0.0
[2023-01-12T22:38:24.210]**********Running simulation**********
[2023-01-12T22:38:24.262]trange = 0.1:0.1:20.0
[2023-01-12T22:38:24.542]A = σx
[2023-01-12T22:38:25.082]alpha=6
[2023-01-12T22:38:25.082]PBC
4[2023-01-12T22:38:27.381]Operations set up.
Using multiple states.
4122.708879 seconds (2.45 G allocations: 6.162 TiB, 12.28% gc time, 0.10% compilation time)
4134.201571 seconds (2.46 G allocations: 6.180 TiB, 12.30% gc time, 0.14% compilation time)
4141.017447 seconds (2.46 G allocations: 6.186 TiB, 12.28% gc time, 0.23% compilation time)
4138.219704 seconds (2.46 G allocations: 6.188 TiB, 12.28% gc time, 0.14% compilation time)
4138.834893 seconds (2.46 G allocations: 6.189 TiB, 12.28% gc time, 0.14% compilation time)
4142.170591 seconds (2.46 G allocations: 6.196 TiB, 12.27% gc time, 0.14% compilation time)
4142.741849 seconds (2.46 G allocations: 6.197 TiB, 12.27% gc time, 0.15% compilation time)
4144.358770 seconds (2.46 G allocations: 6.199 TiB, 12.27% gc time, 0.15% compilation time)
4148.337215 seconds (2.46 G allocations: 6.201 TiB, 12.34% gc time, 0.14% compilation time)
4148.377658 seconds (2.46 G allocations: 6.201 TiB, 12.33% gc time, 0.14% compilation time)
4148.738684 seconds (2.46 G allocations: 6.201 TiB, 12.33% gc time, 0.15% compilation time)
4150.216425 seconds (2.47 G allocations: 6.204 TiB, 12.33% gc time, 0.15% compilation time)
4151.565244 seconds (2.47 G allocations: 6.207 TiB, 12.33% gc time, 0.15% compilation time)
4155.353032 seconds (2.47 G allocations: 6.207 TiB, 12.31% gc time, 0.24% compilation time)
4152.656503 seconds (2.47 G allocations: 6.210 TiB, 12.32% gc time, 0.14% compilation time)
4154.467098 seconds (2.47 G allocations: 6.213 TiB, 12.32% gc time, 0.15% compilation time)
4154.850583 seconds (2.47 G allocations: 6.214 TiB, 12.32% gc time, 0.14% compilation time)
4155.099678 seconds (2.47 G allocations: 6.215 TiB, 12.32% gc time, 0.14% compilation time)
4155.744503 seconds (2.47 G allocations: 6.216 TiB, 12.31% gc time, 0.15% compilation time)
4161.100206 seconds (2.47 G allocations: 6.219 TiB, 12.30% gc time, 0.24% compilation time)
4157.394066 seconds (2.47 G allocations: 6.219 TiB, 12.31% gc time, 0.15% compilation time)
4157.526227 seconds (2.47 G allocations: 6.219 TiB, 12.31% gc time, 0.15% compilation time)
4157.571910 seconds (2.47 G allocations: 6.220 TiB, 12.31% gc time, 0.14% compilation time)
4158.227840 seconds (2.47 G allocations: 6.220 TiB, 12.31% gc time, 0.15% compilation time)
4161.099668 seconds (2.47 G allocations: 6.223 TiB, 12.34% gc time, 0.14% compilation time)
4163.295549 seconds (2.48 G allocations: 6.227 TiB, 12.33% gc time, 0.15% compilation time)
4163.369788 seconds (2.48 G allocations: 6.227 TiB, 12.33% gc time, 0.15% compilation time)
4163.664322 seconds (2.48 G allocations: 6.228 TiB, 12.33% gc time, 0.15% compilation time)
4163.686298 seconds (2.48 G allocations: 6.228 TiB, 12.33% gc time, 0.15% compilation time)
4165.304351 seconds (2.48 G allocations: 6.232 TiB, 12.32% gc time, 0.14% compilation time)
4165.718151 seconds (2.48 G allocations: 6.232 TiB, 12.32% gc time, 0.15% compilation time)
4165.569822 seconds (2.48 G allocations: 6.232 TiB, 12.32% gc time, 0.14% compilation time)
4169.786859 seconds (2.48 G allocations: 6.233 TiB, 12.31% gc time, 0.24% compilation time)
4166.083327 seconds (2.48 G allocations: 6.234 TiB, 12.32% gc time, 0.14% compilation time)
4168.201335 seconds (2.48 G allocations: 6.238 TiB, 12.31% gc time, 0.15% compilation time)
4168.223839 seconds (2.48 G allocations: 6.238 TiB, 12.31% gc time, 0.15% compilation time)
4169.919544 seconds (2.48 G allocations: 6.241 TiB, 12.31% gc time, 0.15% compilation time)
4170.549417 seconds (2.48 G allocations: 6.242 TiB, 12.31% gc time, 0.15% compilation time)
4170.554886 seconds (2.48 G allocations: 6.242 TiB, 12.31% gc time, 0.15% compilation time)
4177.108579 seconds (2.48 G allocations: 6.244 TiB, 12.33% gc time, 0.24% compilation time)
4174.235441 seconds (2.48 G allocations: 6.246 TiB, 12.34% gc time, 0.15% compilation time)
4174.291884 seconds (2.48 G allocations: 6.246 TiB, 12.34% gc time, 0.15% compilation time)
4174.508677 seconds (2.48 G allocations: 6.246 TiB, 12.34% gc time, 0.15% compilation time)
4176.093048 seconds (2.48 G allocations: 6.250 TiB, 12.33% gc time, 0.15% compilation time)
4176.993044 seconds (2.48 G allocations: 6.252 TiB, 12.33% gc time, 0.15% compilation time)
4177.025628 seconds (2.48 G allocations: 6.252 TiB, 12.33% gc time, 0.15% compilation time)
4180.837605 seconds (2.49 G allocations: 6.252 TiB, 12.32% gc time, 0.24% compilation time)
4181.813062 seconds (2.49 G allocations: 6.262 TiB, 12.32% gc time, 0.15% compilation time)
4191.141213 seconds (2.50 G allocations: 6.278 TiB, 12.33% gc time, 0.14% compilation time)
4214.048869 seconds (2.51 G allocations: 6.308 TiB, 12.37% gc time, 0.24% compilation time)
3573.338407 seconds (2.47 G allocations: 6.221 TiB, 14.66% gc time, 0.02% compilation time)
3571.596088 seconds (2.47 G allocations: 6.218 TiB, 14.67% gc time, 0.03% compilation time)
[2023-01-13T00:47:20.076]Diagonalized H.
[2023-01-13T00:47:32.056]Diagonalized H.
3585.320862 seconds (2.47 G allocations: 6.217 TiB, 14.68% gc time, 0.31% compilation time)
3580.860416 seconds (2.47 G allocations: 6.215 TiB, 14.61% gc time, 0.31% compilation time)
3596.232930 seconds (2.48 G allocations: 6.237 TiB, 14.64% gc time, 0.32% compilation time)
3584.416699 seconds (2.47 G allocations: 6.221 TiB, 14.59% gc time, 0.31% compilation time)
3581.517314 seconds (2.47 G allocations: 6.213 TiB, 14.61% gc time, 0.31% compilation time)
3600.673857 seconds (2.48 G allocations: 6.237 TiB, 14.62% gc time, 0.31% compilation time)
3604.638133 seconds (2.48 G allocations: 6.239 TiB, 14.60% gc time, 0.31% compilation time)
[2023-01-13T00:47:50.168]Diagonalized H.
[2023-01-13T00:48:00.553]Diagonalized H.
[2023-01-13T00:48:00.571]Diagonalized H.
[2023-01-13T00:48:00.576]Diagonalized H.
[2023-01-13T00:48:00.596]Diagonalized H.
[2023-01-13T00:48:00.795]Diagonalized H.
[2023-01-13T00:48:00.820]Diagonalized H.
 66.462161 seconds (17.20 M allocations: 49.847 GiB, 7.80% gc time, 15.48% compilation time)
[2023-01-13T00:48:17.961]Completed Shot 1, state 13
 68.461706 seconds (18.16 M allocations: 52.541 GiB, 7.57% gc time, 15.64% compilation time)
[2023-01-13T00:48:18.867]Completed Shot 1, state 36
3667.660291 seconds (2.50 G allocations: 6.296 TiB, 14.51% gc time, 0.35% compilation time)
3643.197871 seconds (2.48 G allocations: 6.258 TiB, 14.46% gc time, 0.30% compilation time)
3653.423118 seconds (2.49 G allocations: 6.270 TiB, 14.51% gc time, 0.31% compilation time)
3643.834760 seconds (2.48 G allocations: 6.259 TiB, 14.46% gc time, 0.30% compilation time)
3648.003773 seconds (2.48 G allocations: 6.262 TiB, 14.44% gc time, 0.30% compilation time)
 70.291314 seconds (11.65 M allocations: 49.934 GiB, 5.17% gc time)
[2023-01-13T00:48:42.623]Completed Shot 1, state 11
3638.090263 seconds (2.47 G allocations: 6.238 TiB, 14.43% gc time, 0.30% compilation time)
3646.474487 seconds (2.48 G allocations: 6.251 TiB, 14.44% gc time, 0.30% compilation time)
3644.733471 seconds (2.48 G allocations: 6.247 TiB, 14.45% gc time, 0.30% compilation time)
 56.550209 seconds (6.12 M allocations: 33.165 GiB, 6.43% gc time)
[2023-01-13T00:48:46.012]Completed Shot 1, state 6
 68.841652 seconds (9.38 M allocations: 42.939 GiB, 5.28% gc time)
[2023-01-13T00:48:46.163]Completed Shot 1, state 29
3648.197689 seconds (2.48 G allocations: 6.253 TiB, 14.44% gc time, 0.30% compilation time)
[2023-01-13T00:48:55.736]Diagonalized H.
[2023-01-13T00:48:55.749]Diagonalized H.
[2023-01-13T00:48:55.750]Diagonalized H.
[2023-01-13T00:48:55.763]Diagonalized H.
[2023-01-13T00:48:55.765]Diagonalized H.
[2023-01-13T00:48:55.793]Diagonalized H.
[2023-01-13T00:48:55.809]Diagonalized H.
[2023-01-13T00:48:55.822]Diagonalized H.
[2023-01-13T00:48:56.172]Diagonalized H.
3656.461926 seconds (2.48 G allocations: 6.253 TiB, 14.45% gc time, 0.30% compilation time)
 83.058579 seconds (12.45 M allocations: 54.661 GiB, 6.24% gc time)
[2023-01-13T00:48:56.786]Completed Shot 1, state 10
3644.138761 seconds (2.47 G allocations: 6.231 TiB, 14.45% gc time, 0.30% compilation time)
3657.433251 seconds (2.48 G allocations: 6.256 TiB, 14.44% gc time, 0.30% compilation time)
 79.128828 seconds (9.97 M allocations: 52.739 GiB, 6.55% gc time)
[2023-01-13T00:48:57.799]Completed Shot 1, state 16
[2023-01-13T00:49:18.598]Diagonalized H.
108.468471 seconds (8.92 M allocations: 60.456 GiB, 4.78% gc time)
[2023-01-13T00:49:30.168]Completed Shot 1, state 23
[2023-01-13T00:49:30.245]Diagonalized H.
106.205121 seconds (8.36 M allocations: 60.020 GiB, 4.88% gc time)
[2023-01-13T00:49:32.274]Completed Shot 1, state 47
 61.906471 seconds (4.34 M allocations: 36.932 GiB, 2.50% gc time)
[2023-01-13T00:49:37.132]Completed Shot 1, state 8
[2023-01-13T00:49:37.287]Diagonalized H.
 62.625508 seconds (4.51 M allocations: 37.745 GiB, 2.47% gc time)
[2023-01-13T00:49:37.539]Completed Shot 1, state 27
 52.952434 seconds (2.46 M allocations: 31.140 GiB, 2.92% gc time)
[2023-01-13T00:49:37.830]Completed Shot 1, state 30
 64.605876 seconds (5.13 M allocations: 39.910 GiB, 2.40% gc time)
[2023-01-13T00:49:37.933]Completed Shot 1, state 34
3689.908592 seconds (2.47 G allocations: 6.265 TiB, 14.27% gc time, 0.30% compilation time)
 54.345539 seconds (2.77 M allocations: 32.352 GiB, 2.85% gc time)
[2023-01-13T00:49:38.773]Completed Shot 1, state 15
3704.649173 seconds (2.48 G allocations: 6.291 TiB, 14.26% gc time, 0.30% compilation time)
 53.874221 seconds (2.71 M allocations: 32.588 GiB, 2.87% gc time)
[2023-01-13T00:49:40.038]Completed Shot 1, state 22
3702.335318 seconds (2.48 G allocations: 6.285 TiB, 14.27% gc time, 0.30% compilation time)
3684.904807 seconds (2.47 G allocations: 6.256 TiB, 14.25% gc time, 0.30% compilation time)
 63.779078 seconds (3.99 M allocations: 38.128 GiB, 2.43% gc time)
[2023-01-13T00:49:49.028]Completed Shot 1, state 4
3706.126856 seconds (2.48 G allocations: 6.281 TiB, 14.21% gc time, 0.30% compilation time)
3715.136941 seconds (2.48 G allocations: 6.295 TiB, 14.22% gc time, 0.30% compilation time)
3713.230628 seconds (2.48 G allocations: 6.286 TiB, 14.23% gc time, 0.30% compilation time)
[2023-01-13T00:49:55.145]Diagonalized H.
[2023-01-13T00:49:58.703]Diagonalized H.
 85.681363 seconds (7.26 M allocations: 51.254 GiB, 1.81% gc time)
[2023-01-13T00:50:00.085]Completed Shot 1, state 39
3711.944470 seconds (2.48 G allocations: 6.276 TiB, 14.19% gc time, 0.30% compilation time)
3711.765175 seconds (2.47 G allocations: 6.276 TiB, 14.19% gc time, 0.30% compilation time)
 64.348189 seconds (3.96 M allocations: 38.864 GiB)
[2023-01-13T00:50:00.865]Completed Shot 1, state 24
[2023-01-13T00:50:01.632]Diagonalized H.
[2023-01-13T00:50:03.266]Diagonalized H.
 84.119306 seconds (6.31 M allocations: 50.262 GiB, 1.84% gc time)
[2023-01-13T00:50:03.370]Completed Shot 1, state 14
[2023-01-13T00:50:04.311]Diagonalized H.
[2023-01-13T00:50:04.852]Diagonalized H.
3707.998143 seconds (2.47 G allocations: 6.267 TiB, 14.16% gc time, 0.30% compilation time)
[2023-01-13T00:50:12.323]Diagonalized H.
 82.703003 seconds (3.77 M allocations: 46.915 GiB)
[2023-01-13T00:50:20.122]Completed Shot 1, state 12
[2023-01-13T00:50:21.350]Diagonalized H.
[2023-01-13T00:50:23.101]Diagonalized H.
[2023-01-13T00:50:27.976]Diagonalized H.
 96.134897 seconds (3.97 M allocations: 54.861 GiB)
[2023-01-13T00:50:33.475]Completed Shot 1, state 45
 54.865870 seconds (2.46 M allocations: 29.194 GiB)
[2023-01-13T00:50:34.928]Completed Shot 1, state 38
 59.825308 seconds (3.02 M allocations: 33.161 GiB)
[2023-01-13T00:50:37.905]Completed Shot 1, state 40
 59.100809 seconds (2.85 M allocations: 32.519 GiB)
[2023-01-13T00:50:37.967]Completed Shot 1, state 41
 49.779569 seconds (1.39 M allocations: 26.176 GiB)
[2023-01-13T00:50:39.862]Completed Shot 1, state 9
3769.095914 seconds (2.48 G allocations: 6.318 TiB, 14.02% gc time, 0.29% compilation time)
3766.642593 seconds (2.48 G allocations: 6.305 TiB, 13.98% gc time, 0.29% compilation time)
3769.389803 seconds (2.48 G allocations: 6.305 TiB, 13.97% gc time, 0.29% compilation time)
 65.451125 seconds (1.96 M allocations: 29.344 GiB)
[2023-01-13T00:50:59.563]Completed Shot 1, state 28
 78.924639 seconds (3.03 M allocations: 33.879 GiB)
[2023-01-13T00:51:00.774]Completed Shot 1, state 31
3768.212079 seconds (2.47 G allocations: 6.293 TiB, 13.98% gc time, 0.29% compilation time)
3775.655975 seconds (2.48 G allocations: 6.308 TiB, 13.95% gc time, 0.29% compilation time)
3774.752142 seconds (2.48 G allocations: 6.304 TiB, 13.95% gc time, 0.29% compilation time)
 72.453568 seconds (2.60 M allocations: 32.027 GiB)
[2023-01-13T00:51:03.190]Completed Shot 1, state 33
[2023-01-13T00:51:03.595]Diagonalized H.
3764.583820 seconds (2.47 G allocations: 6.285 TiB, 13.95% gc time, 0.29% compilation time)
[2023-01-13T00:51:12.958]Diagonalized H.
[2023-01-13T00:51:12.961]Diagonalized H.
[2023-01-13T00:51:12.962]Diagonalized H.
[2023-01-13T00:51:12.965]Diagonalized H.
[2023-01-13T00:51:12.968]Diagonalized H.
[2023-01-13T00:51:12.995]Diagonalized H.
 74.216821 seconds (2.50 M allocations: 38.215 GiB, 2.26% gc time)
[2023-01-13T00:51:14.838]Completed Shot 1, state 20
 73.717806 seconds (2.37 M allocations: 34.811 GiB, 2.27% gc time)
[2023-01-13T00:51:18.878]Completed Shot 1, state 35
 89.338488 seconds (2.69 M allocations: 41.766 GiB, 1.87% gc time)
[2023-01-13T00:51:30.145]Completed Shot 1, state 2
3808.886881 seconds (2.48 G allocations: 6.316 TiB, 13.87% gc time, 0.29% compilation time)
3812.154234 seconds (2.48 G allocations: 6.322 TiB, 13.86% gc time, 0.29% compilation time)
 54.665387 seconds (2.37 M allocations: 23.995 GiB, 3.06% gc time)
[2023-01-13T00:51:40.888]Completed Shot 1, state 49
3810.748020 seconds (2.48 G allocations: 6.317 TiB, 13.86% gc time, 0.29% compilation time)
3804.564835 seconds (2.47 G allocations: 6.306 TiB, 13.84% gc time, 0.29% compilation time)
 42.426059 seconds (2.02 M allocations: 21.858 GiB, 3.95% gc time)
[2023-01-13T00:51:44.032]Completed Shot 1, state 7
 43.073440 seconds (2.09 M allocations: 22.238 GiB, 3.89% gc time)
[2023-01-13T00:51:44.492]Completed Shot 1, state 17
 52.394118 seconds (2.73 M allocations: 24.918 GiB, 3.20% gc time)
[2023-01-13T00:51:45.059]Completed Shot 1, state 3
 42.305282 seconds (2.02 M allocations: 21.744 GiB, 3.96% gc time)
[2023-01-13T00:51:45.493]Completed Shot 1, state 42
3809.557941 seconds (2.47 G allocations: 6.313 TiB, 13.82% gc time, 0.29% compilation time)
3813.775068 seconds (2.48 G allocations: 6.317 TiB, 13.85% gc time, 0.29% compilation time)
3794.243621 seconds (2.46 G allocations: 6.281 TiB, 13.83% gc time, 0.29% compilation time)
3812.229454 seconds (2.47 G allocations: 6.313 TiB, 13.82% gc time, 0.29% compilation time)
3809.703942 seconds (2.47 G allocations: 6.308 TiB, 13.82% gc time, 0.29% compilation time)
3809.843061 seconds (2.47 G allocations: 6.308 TiB, 13.82% gc time, 0.29% compilation time)
[2023-01-13T00:51:51.710]Diagonalized H.
[2023-01-13T00:51:52.766]Diagonalized H.
 57.270630 seconds (3.40 M allocations: 29.446 GiB, 2.92% gc time)
[2023-01-13T00:51:52.983]Completed Shot 1, state 18
[2023-01-13T00:51:54.286]Diagonalized H.
 50.237237 seconds (2.68 M allocations: 27.886 GiB, 3.33% gc time)
[2023-01-13T00:51:54.499]Completed Shot 1, state 32
[2023-01-13T00:51:55.071]Diagonalized H.
3811.380335 seconds (2.47 G allocations: 6.304 TiB, 13.82% gc time, 0.29% compilation time)
[2023-01-13T00:51:56.383]Diagonalized H.
[2023-01-13T00:51:56.851]Diagonalized H.
[2023-01-13T00:51:57.675]Diagonalized H.
[2023-01-13T00:51:57.960]Diagonalized H.
[2023-01-13T00:51:58.929]Diagonalized H.
[2023-01-13T00:52:01.651]Diagonalized H.
 35.239360 seconds (1.99 M allocations: 24.745 GiB)
[2023-01-13T00:52:15.769]Completed Shot 1, state 19
[2023-01-13T00:52:19.920]Diagonalized H.
 40.500609 seconds (2.19 M allocations: 28.060 GiB)
[2023-01-13T00:52:20.264]Completed Shot 1, state 26
 37.767693 seconds (1.58 M allocations: 26.330 GiB)
[2023-01-13T00:52:21.080]Completed Shot 1, state 46
 85.584455 seconds (1.99 M allocations: 30.501 GiB, 42.61% gc time)
[2023-01-13T00:53:07.188]Completed Shot 1, state 44
 86.721910 seconds (1.39 M allocations: 29.016 GiB, 42.28% gc time)
[2023-01-13T00:53:13.069]Completed Shot 1, state 21
3863.165640 seconds (2.45 G allocations: 6.279 TiB, 14.42% gc time, 0.29% compilation time)
 89.281521 seconds (1.22 M allocations: 29.079 GiB, 41.32% gc time)
[2023-01-13T00:53:17.609]Completed Shot 1, state 37
 92.402911 seconds (1.12 M allocations: 28.910 GiB, 39.93% gc time)
[2023-01-13T00:53:21.844]Completed Shot 1, state 5
 93.122364 seconds (1.16 M allocations: 29.185 GiB, 39.62% gc time)
[2023-01-13T00:53:22.239]Completed Shot 1, state 43
[2023-01-13T00:53:27.625]Diagonalized H.
103.358988 seconds (1.65 M allocations: 31.455 GiB, 35.93% gc time)
[2023-01-13T00:53:28.910]Completed Shot 1, state 50
100.944700 seconds (1.14 M allocations: 30.616 GiB, 36.79% gc time)
[2023-01-13T00:53:30.432]Completed Shot 1, state 48
 98.117503 seconds (794.98 k allocations: 24.503 GiB, 37.85% gc time)
[2023-01-13T00:53:33.969]Completed Shot 1, state 25
 29.943356 seconds (130.06 k allocations: 3.689 GiB, 1.37% gc time)
[2023-01-13T00:53:46.042]Completed Shot 1, state 1
[2023-01-13T00:53:46.043]**********Simulation completed!**********
[2023-01-13T00:53:46.043]**********Saving**********
[2023-01-13T00:53:49.949]Saving file: /gpfs/bwfor/work/ws/hd_ku269-logs/LightCones/2023-01-12/510486_N11_BS.jld2
[2023-01-13T00:53:51.445]**********Run completed!**********
============================= JOB FEEDBACK =============================
Job ID: 510486
Cluster: helix
User/Group: hd_ku269/hd_hd
State: COMPLETED (exit code 0)
Nodes: 1
Cores per node: 64
CPU Utilized: 5-05:09:30
CPU Efficiency: 86.45% of 6-00:46:56 core-walltime
Job Wall-clock time: 02:15:44
Memory Utilized: 86.70 GB
Memory Efficiency: 36.74% of 236.00 GB
