  Activating project at `/gpfs/bwfor/work/ws/hd_ku269-light_cones/WorkingFolder`
Added MKL.jl
Project LightCones v0.1.0
Status `/gpfs/bwfor/work/ws/hd_ku269-light_cones/WorkingFolder/Project.toml`
⌃ [7d9fca2a] Arpack v0.5.3
⌃ [7073ff75] IJulia v1.23.3
⌃ [033835bb] JLD2 v0.4.25
  [0b1a1467] KrylovKit v0.6.0
  [d3d80556] LineSearches v7.2.0
  [33e6dc65] MKL v0.6.0
⌃ [429524aa] Optim v1.7.3
⌃ [91a5bcdd] Plots v1.35.5
⌃ [c3e4b0f8] Pluto v0.19.14
  [3c0b384b] QuantumInformation v0.4.9
  [189a3867] Reexport v1.2.2
⌃ [295af30f] Revise v3.4.0
  [ebcc8a00] SpinSymmetry v0.3.3
  [59d54670] ThreadedSparseArrays v0.2.2
  [ade2ca70] Dates
  [8ba89e20] Distributed
  [37e2e46d] LinearAlgebra
  [de0858da] Printf
  [9a3f8284] Random
  [1a1011a3] SharedArrays
  [2f01184e] SparseArrays
  [10745b16] Statistics
Info Packages marked with ⌃ have new versions available and may be upgradable.
[2023-01-12T22:59:14.625]**********RANDOM FIELDS**********
shared_krylov.jl
Working Directory:          /gpfs/bwfor/work/ws/hd_ku269-light_cones/WorkingFolder
SLURM Directory:            /gpfs/bwfor/work/ws/hd_ku269-light_cones/WorkingFolder 
Running on host:            p02n11
Job id:                     510488
Job name:                   otoc_simulation_N11_TR
Number of nodes allocated:  
Number of cores allocated:  1
#threads of Julia:          64
#threads of BLAS:           1
ARGS = ["11", "1", "50", "BS", "x", "0", "1000", "WAHUHA"]
LOCATION = "/gpfs/bwfor/work/ws/hd_ku269-logs/LightCones/2023-01-12"
N = 11
SHOTS = 1
MULT_RANDOM_STATES = true
N_RANDOM_STATES = 50
TYPE_OF_RS = "BS"
OBSERVABLE = "x"
DISORDER_PARAM = 0.0
[2023-01-12T22:59:14.788]**********Running simulation**********
[2023-01-12T22:59:14.839]trange = 0.1:0.1:20.0
[2023-01-12T22:59:15.116]A = σx
[2023-01-12T22:59:15.644]alpha=6
[2023-01-12T22:59:15.645]PBC
4[2023-01-12T22:59:17.935]Operations set up.
Using multiple states.
38331.246416 seconds (24.65 G allocations: 62.829 TiB, 13.00% gc time, 0.00% compilation time)
38343.612059 seconds (24.65 G allocations: 62.849 TiB, 13.00% gc time, 0.01% compilation time)
38347.835367 seconds (24.66 G allocations: 62.853 TiB, 13.00% gc time, 0.01% compilation time)
38351.116095 seconds (24.66 G allocations: 62.859 TiB, 13.00% gc time, 0.01% compilation time)
38354.378041 seconds (24.66 G allocations: 62.867 TiB, 13.00% gc time, 0.01% compilation time)
38361.251341 seconds (24.66 G allocations: 62.875 TiB, 13.00% gc time, 0.01% compilation time)
38362.002174 seconds (24.67 G allocations: 62.877 TiB, 13.00% gc time, 0.01% compilation time)
38361.998355 seconds (24.67 G allocations: 62.877 TiB, 13.00% gc time, 0.01% compilation time)
38363.724907 seconds (24.67 G allocations: 62.880 TiB, 13.00% gc time, 0.01% compilation time)
38365.211210 seconds (24.67 G allocations: 62.884 TiB, 13.00% gc time, 0.01% compilation time)
38370.748471 seconds (24.67 G allocations: 62.891 TiB, 13.00% gc time, 0.01% compilation time)
38370.748691 seconds (24.67 G allocations: 62.891 TiB, 13.00% gc time, 0.01% compilation time)
38376.659459 seconds (24.67 G allocations: 62.894 TiB, 13.00% gc time, 0.02% compilation time)
38373.360934 seconds (24.67 G allocations: 62.897 TiB, 13.00% gc time, 0.01% compilation time)
38374.342710 seconds (24.67 G allocations: 62.898 TiB, 13.00% gc time, 0.01% compilation time)
38374.991587 seconds (24.67 G allocations: 62.900 TiB, 13.00% gc time, 0.01% compilation time)
38376.497217 seconds (24.68 G allocations: 62.903 TiB, 13.00% gc time, 0.01% compilation time)
38376.826990 seconds (24.68 G allocations: 62.903 TiB, 13.00% gc time, 0.01% compilation time)
38387.886733 seconds (24.68 G allocations: 62.922 TiB, 13.00% gc time, 0.01% compilation time)
38392.277789 seconds (24.69 G allocations: 62.930 TiB, 13.00% gc time, 0.01% compilation time)
38395.569440 seconds (24.69 G allocations: 62.932 TiB, 13.00% gc time, 0.01% compilation time)
38400.409385 seconds (24.69 G allocations: 62.933 TiB, 13.00% gc time, 0.02% compilation time)
38396.544146 seconds (24.69 G allocations: 62.934 TiB, 13.00% gc time, 0.01% compilation time)
38397.311972 seconds (24.69 G allocations: 62.936 TiB, 13.00% gc time, 0.01% compilation time)
38397.906358 seconds (24.69 G allocations: 62.937 TiB, 13.00% gc time, 0.01% compilation time)
38406.141017 seconds (24.69 G allocations: 62.945 TiB, 13.00% gc time, 0.02% compilation time)
38405.892426 seconds (24.69 G allocations: 62.950 TiB, 13.00% gc time, 0.01% compilation time)
38407.956740 seconds (24.70 G allocations: 62.953 TiB, 13.00% gc time, 0.01% compilation time)
38410.024920 seconds (24.70 G allocations: 62.956 TiB, 13.00% gc time, 0.01% compilation time)
38409.987074 seconds (24.70 G allocations: 62.956 TiB, 13.00% gc time, 0.01% compilation time)
38417.203075 seconds (24.70 G allocations: 62.962 TiB, 13.00% gc time, 0.02% compilation time)
38425.782846 seconds (24.71 G allocations: 62.984 TiB, 13.00% gc time, 0.01% compilation time)
38428.009621 seconds (24.71 G allocations: 62.988 TiB, 13.00% gc time, 0.01% compilation time)
38428.732803 seconds (24.71 G allocations: 62.989 TiB, 13.00% gc time, 0.01% compilation time)
38428.562767 seconds (24.71 G allocations: 62.989 TiB, 13.00% gc time, 0.01% compilation time)
38437.421609 seconds (24.71 G allocations: 62.994 TiB, 13.00% gc time, 0.02% compilation time)
38435.263634 seconds (24.71 G allocations: 62.998 TiB, 13.00% gc time, 0.01% compilation time)
38435.599719 seconds (24.71 G allocations: 62.999 TiB, 13.00% gc time, 0.01% compilation time)
38440.076087 seconds (24.72 G allocations: 63.007 TiB, 13.00% gc time, 0.01% compilation time)
38440.270011 seconds (24.72 G allocations: 63.008 TiB, 13.00% gc time, 0.01% compilation time)
38440.626844 seconds (24.72 G allocations: 63.008 TiB, 13.00% gc time, 0.01% compilation time)
38441.401578 seconds (24.72 G allocations: 63.010 TiB, 13.00% gc time, 0.01% compilation time)
38446.415107 seconds (24.72 G allocations: 63.015 TiB, 13.00% gc time, 0.01% compilation time)
38450.838690 seconds (24.72 G allocations: 63.015 TiB, 13.00% gc time, 0.02% compilation time)
38458.032055 seconds (24.73 G allocations: 63.034 TiB, 13.00% gc time, 0.01% compilation time)
38471.733452 seconds (24.74 G allocations: 63.057 TiB, 13.00% gc time, 0.01% compilation time)
38479.289279 seconds (24.74 G allocations: 63.071 TiB, 13.00% gc time, 0.01% compilation time)
38490.028633 seconds (24.75 G allocations: 63.088 TiB, 13.00% gc time, 0.01% compilation time)
38510.703042 seconds (24.76 G allocations: 63.121 TiB, 13.00% gc time, 0.01% compilation time)
38541.047666 seconds (24.78 G allocations: 63.172 TiB, 13.00% gc time, 0.01% compilation time)
35197.713124 seconds (24.68 G allocations: 62.904 TiB, 13.83% gc time, 0.01% compilation time)
[2023-01-13T19:25:16.242]Diagonalized H.
35186.483239 seconds (24.67 G allocations: 62.882 TiB, 13.83% gc time, 0.01% compilation time)
35104.760155 seconds (24.62 G allocations: 62.749 TiB, 13.83% gc time, 0.01% compilation time)
[2023-01-13T19:25:36.456]Diagonalized H.
[2023-01-13T19:25:36.472]Diagonalized H.
 52.172606 seconds (26.61 M allocations: 64.729 GiB, 8.73% gc time, 7.21% compilation time)
[2023-01-13T19:25:54.937]Completed Shot 1, state 50
35223.330640 seconds (24.69 G allocations: 62.926 TiB, 13.82% gc time, 0.01% compilation time)
35191.814815 seconds (24.66 G allocations: 62.871 TiB, 13.83% gc time, 0.01% compilation time)
35248.370420 seconds (24.70 G allocations: 62.963 TiB, 13.83% gc time, 0.01% compilation time)
 43.751896 seconds (18.95 M allocations: 55.172 GiB, 9.94% gc time)
[2023-01-13T19:26:08.538]Completed Shot 1, state 34
[2023-01-13T19:26:17.215]Diagonalized H.
[2023-01-13T19:26:17.237]Diagonalized H.
[2023-01-13T19:26:17.261]Diagonalized H.
35240.198305 seconds (24.69 G allocations: 62.940 TiB, 13.83% gc time, 0.01% compilation time)
 55.290642 seconds (21.59 M allocations: 62.960 GiB, 10.49% gc time)
[2023-01-13T19:26:17.551]Completed Shot 1, state 15
35252.098183 seconds (24.70 G allocations: 62.964 TiB, 13.83% gc time, 0.01% compilation time)
[2023-01-13T19:26:36.829]Diagonalized H.
[2023-01-13T19:26:37.765]Diagonalized H.
35279.690814 seconds (24.71 G allocations: 62.993 TiB, 13.81% gc time, 0.01% compilation time)
 47.410009 seconds (14.18 M allocations: 48.352 GiB, 3.06% gc time)
[2023-01-13T19:26:48.586]Completed Shot 1, state 32
 51.312281 seconds (15.32 M allocations: 51.585 GiB, 5.86% gc time)
[2023-01-13T19:26:49.284]Completed Shot 1, state 48
 47.094980 seconds (12.54 M allocations: 44.035 GiB, 3.08% gc time)
[2023-01-13T19:26:52.687]Completed Shot 1, state 13
[2023-01-13T19:26:56.856]Diagonalized H.
35272.608053 seconds (24.69 G allocations: 62.960 TiB, 13.82% gc time, 0.01% compilation time)
35273.724033 seconds (24.70 G allocations: 62.963 TiB, 13.82% gc time, 0.01% compilation time)
35252.344988 seconds (24.68 G allocations: 62.928 TiB, 13.82% gc time, 0.01% compilation time)
35244.158515 seconds (24.68 G allocations: 62.916 TiB, 13.82% gc time, 0.01% compilation time)
35290.344118 seconds (24.71 G allocations: 62.992 TiB, 13.81% gc time, 0.01% compilation time)
35283.148639 seconds (24.70 G allocations: 62.979 TiB, 13.81% gc time, 0.01% compilation time)
35226.065156 seconds (24.66 G allocations: 62.883 TiB, 13.82% gc time, 0.01% compilation time)
35277.995762 seconds (24.70 G allocations: 62.969 TiB, 13.81% gc time, 0.01% compilation time)
35216.951181 seconds (24.66 G allocations: 62.867 TiB, 13.82% gc time, 0.01% compilation time)
[2023-01-13T19:27:21.416]Diagonalized H.
[2023-01-13T19:27:21.429]Diagonalized H.
[2023-01-13T19:27:21.431]Diagonalized H.
[2023-01-13T19:27:21.435]Diagonalized H.
[2023-01-13T19:27:21.437]Diagonalized H.
[2023-01-13T19:27:21.438]Diagonalized H.
[2023-01-13T19:27:21.442]Diagonalized H.
[2023-01-13T19:27:21.447]Diagonalized H.
[2023-01-13T19:27:21.484]Diagonalized H.
 82.184958 seconds (18.39 M allocations: 74.321 GiB, 4.63% gc time)
[2023-01-13T19:27:39.720]Completed Shot 1, state 25
 81.709026 seconds (16.32 M allocations: 65.878 GiB, 4.65% gc time)
[2023-01-13T19:27:41.941]Completed Shot 1, state 11
 73.513282 seconds (11.96 M allocations: 55.304 GiB, 5.17% gc time)
[2023-01-13T19:27:54.429]Completed Shot 1, state 23
35212.890194 seconds (24.63 G allocations: 62.814 TiB, 13.80% gc time, 0.01% compilation time)
35328.446603 seconds (24.70 G allocations: 63.000 TiB, 13.80% gc time, 0.01% compilation time)
35354.489160 seconds (24.72 G allocations: 63.045 TiB, 13.80% gc time, 0.01% compilation time)
 55.583761 seconds (6.30 M allocations: 38.203 GiB, 2.49% gc time)
[2023-01-13T19:28:01.710]Completed Shot 1, state 38
 58.114377 seconds (7.52 M allocations: 41.681 GiB, 2.38% gc time)
[2023-01-13T19:28:01.925]Completed Shot 1, state 26
 60.192612 seconds (8.36 M allocations: 45.522 GiB, 2.30% gc time)
[2023-01-13T19:28:02.863]Completed Shot 1, state 33
 56.137085 seconds (6.12 M allocations: 37.730 GiB, 2.46% gc time)
[2023-01-13T19:28:03.423]Completed Shot 1, state 20
35264.381675 seconds (24.66 G allocations: 62.893 TiB, 13.80% gc time, 0.01% compilation time)
35312.987961 seconds (24.69 G allocations: 62.972 TiB, 13.80% gc time, 0.01% compilation time)
 66.673336 seconds (10.60 M allocations: 52.510 GiB, 2.07% gc time)
[2023-01-13T19:28:08.059]Completed Shot 1, state 6
35342.318208 seconds (24.71 G allocations: 63.018 TiB, 13.79% gc time, 0.01% compilation time)
35307.254948 seconds (24.68 G allocations: 62.958 TiB, 13.79% gc time, 0.01% compilation time)
 62.548909 seconds (8.02 M allocations: 43.750 GiB, 2.21% gc time)
[2023-01-13T19:28:10.737]Completed Shot 1, state 21
 64.128335 seconds (8.56 M allocations: 45.155 GiB, 2.15% gc time)
[2023-01-13T19:28:12.371]Completed Shot 1, state 12
 71.083590 seconds (12.10 M allocations: 56.836 GiB, 1.94% gc time)
[2023-01-13T19:28:12.761]Completed Shot 1, state 37
 62.750737 seconds (7.93 M allocations: 43.139 GiB, 2.20% gc time)
[2023-01-13T19:28:14.108]Completed Shot 1, state 10
[2023-01-13T19:28:14.380]Diagonalized H.
[2023-01-13T19:28:14.939]Diagonalized H.
[2023-01-13T19:28:15.916]Diagonalized H.
[2023-01-13T19:28:54.234]Diagonalized H.
[2023-01-13T19:28:54.254]Diagonalized H.
[2023-01-13T19:28:54.272]Diagonalized H.
[2023-01-13T19:28:54.295]Diagonalized H.
35364.864890 seconds (24.70 G allocations: 62.992 TiB, 13.87% gc time, 0.01% compilation time)
35392.294768 seconds (24.70 G allocations: 63.017 TiB, 13.87% gc time, 0.01% compilation time)
 84.225189 seconds (9.58 M allocations: 43.340 GiB, 40.17% gc time)
[2023-01-13T19:29:20.927]Completed Shot 1, state 41
35377.812856 seconds (24.69 G allocations: 62.988 TiB, 13.86% gc time, 0.01% compilation time)
 83.033263 seconds (9.25 M allocations: 42.265 GiB, 40.74% gc time)
[2023-01-13T19:29:21.921]Completed Shot 1, state 39
 80.011226 seconds (8.47 M allocations: 39.533 GiB, 42.28% gc time)
[2023-01-13T19:29:24.634]Completed Shot 1, state 36
[2023-01-13T19:29:24.753]Diagonalized H.
35363.302283 seconds (24.68 G allocations: 62.959 TiB, 13.86% gc time, 0.01% compilation time)
 80.821253 seconds (8.67 M allocations: 41.403 GiB, 41.86% gc time)
[2023-01-13T19:29:29.067]Completed Shot 1, state 5
 84.729454 seconds (9.83 M allocations: 45.119 GiB, 39.93% gc time)
[2023-01-13T19:29:29.202]Completed Shot 1, state 19
 80.092061 seconds (8.17 M allocations: 39.889 GiB, 42.24% gc time)
[2023-01-13T19:29:30.760]Completed Shot 1, state 29
[2023-01-13T19:29:31.418]Diagonalized H.
35402.942597 seconds (24.70 G allocations: 63.022 TiB, 13.86% gc time, 0.01% compilation time)
35359.258011 seconds (24.67 G allocations: 62.949 TiB, 13.86% gc time, 0.01% compilation time)
[2023-01-13T19:29:34.170]Diagonalized H.
35437.178294 seconds (24.72 G allocations: 63.074 TiB, 13.86% gc time, 0.01% compilation time)
35401.697937 seconds (24.70 G allocations: 63.015 TiB, 13.86% gc time, 0.01% compilation time)
[2023-01-13T19:29:37.223]Diagonalized H.
 98.714697 seconds (12.68 M allocations: 57.842 GiB, 34.27% gc time)
[2023-01-13T19:29:37.708]Completed Shot 1, state 8
[2023-01-13T19:29:50.370]Diagonalized H.
[2023-01-13T19:29:50.383]Diagonalized H.
[2023-01-13T19:29:50.432]Diagonalized H.
[2023-01-13T19:29:50.441]Diagonalized H.
 68.435712 seconds (7.41 M allocations: 44.548 GiB, 4.46% gc time)
[2023-01-13T19:30:04.326]Completed Shot 1, state 40
 56.325612 seconds (6.35 M allocations: 35.176 GiB, 5.42% gc time)
[2023-01-13T19:30:10.248]Completed Shot 1, state 18
35412.688239 seconds (24.68 G allocations: 62.988 TiB, 13.85% gc time, 0.01% compilation time)
 58.653302 seconds (6.28 M allocations: 35.403 GiB, 5.20% gc time)
[2023-01-13T19:30:20.064]Completed Shot 1, state 31
35406.615272 seconds (24.68 G allocations: 62.972 TiB, 13.85% gc time, 0.01% compilation time)
35477.097887 seconds (24.72 G allocations: 63.089 TiB, 13.85% gc time, 0.01% compilation time)
 59.395611 seconds (6.19 M allocations: 35.329 GiB, 5.14% gc time)
[2023-01-13T19:30:25.038]Completed Shot 1, state 28
 49.581635 seconds (3.98 M allocations: 25.422 GiB, 6.16% gc time)
[2023-01-13T19:30:25.718]Completed Shot 1, state 14
 54.773060 seconds (4.97 M allocations: 30.265 GiB, 5.57% gc time)
[2023-01-13T19:30:27.377]Completed Shot 1, state 42
35462.348763 seconds (24.71 G allocations: 63.055 TiB, 13.85% gc time, 0.01% compilation time)
 53.518775 seconds (5.40 M allocations: 27.907 GiB, 5.70% gc time)
[2023-01-13T19:30:30.612]Completed Shot 1, state 2
35484.499933 seconds (24.72 G allocations: 63.091 TiB, 13.84% gc time, 0.01% compilation time)
[2023-01-13T19:30:31.701]Diagonalized H.
 59.013920 seconds (6.49 M allocations: 33.373 GiB, 5.17% gc time)
[2023-01-13T19:30:32.104]Completed Shot 1, state 16
[2023-01-13T19:30:32.934]Diagonalized H.
35446.731502 seconds (24.70 G allocations: 63.029 TiB, 13.84% gc time, 0.01% compilation time)
35387.934064 seconds (24.66 G allocations: 62.935 TiB, 13.85% gc time, 0.01% compilation time)
[2023-01-13T19:30:34.966]Diagonalized H.
35429.288366 seconds (24.68 G allocations: 62.986 TiB, 13.85% gc time, 0.01% compilation time)
[2023-01-13T19:30:44.489]Diagonalized H.
[2023-01-13T19:30:44.500]Diagonalized H.
[2023-01-13T19:30:44.545]Diagonalized H.
[2023-01-13T19:30:44.558]Diagonalized H.
35461.129706 seconds (24.69 G allocations: 63.015 TiB, 13.84% gc time, 0.01% compilation time)
[2023-01-13T19:31:10.127]Diagonalized H.
 55.975376 seconds (6.67 M allocations: 35.946 GiB, 3.47% gc time)
[2023-01-13T19:31:10.285]Completed Shot 1, state 22
35387.705424 seconds (24.64 G allocations: 62.891 TiB, 13.84% gc time, 0.01% compilation time)
 38.943991 seconds (2.24 M allocations: 21.385 GiB, 4.99% gc time)
[2023-01-13T19:31:12.399]Completed Shot 1, state 47
35473.571149 seconds (24.69 G allocations: 63.030 TiB, 13.84% gc time, 0.01% compilation time)
 52.435184 seconds (5.96 M allocations: 35.208 GiB, 3.71% gc time)
[2023-01-13T19:31:13.096]Completed Shot 1, state 24
 52.783353 seconds (5.96 M allocations: 35.121 GiB, 3.68% gc time)
[2023-01-13T19:31:14.018]Completed Shot 1, state 27
 43.112432 seconds (3.27 M allocations: 27.018 GiB, 4.51% gc time)
[2023-01-13T19:31:14.728]Completed Shot 1, state 44
 46.141759 seconds (3.21 M allocations: 25.383 GiB, 4.21% gc time)
[2023-01-13T19:31:19.328]Completed Shot 1, state 1
[2023-01-13T19:31:22.167]Diagonalized H.
[2023-01-13T19:31:23.012]Diagonalized H.
[2023-01-13T19:31:24.136]Diagonalized H.
 57.344087 seconds (5.67 M allocations: 38.562 GiB, 3.39% gc time)
[2023-01-13T19:31:25.744]Completed Shot 1, state 35
 46.320612 seconds (3.78 M allocations: 29.841 GiB, 2.13% gc time)
[2023-01-13T19:31:30.789]Completed Shot 1, state 30
35483.216750 seconds (24.69 G allocations: 63.027 TiB, 13.83% gc time, 0.01% compilation time)
35462.475586 seconds (24.67 G allocations: 62.993 TiB, 13.83% gc time, 0.01% compilation time)
35487.929351 seconds (24.69 G allocations: 63.028 TiB, 13.83% gc time, 0.01% compilation time)
35518.980410 seconds (24.71 G allocations: 63.076 TiB, 13.82% gc time, 0.01% compilation time)
 36.795413 seconds (3.69 M allocations: 21.044 GiB, 2.68% gc time)
[2023-01-13T19:31:44.598]Completed Shot 1, state 4
 33.153733 seconds (3.08 M allocations: 18.391 GiB, 2.98% gc time)
[2023-01-13T19:31:44.950]Completed Shot 1, state 17
[2023-01-13T19:31:45.127]Diagonalized H.
[2023-01-13T19:31:45.448]Diagonalized H.
 32.740636 seconds (2.95 M allocations: 16.868 GiB, 3.02% gc time)
[2023-01-13T19:31:45.704]Completed Shot 1, state 43
[2023-01-13T19:31:45.874]Diagonalized H.
[2023-01-13T19:31:49.268]Diagonalized H.
 34.564087 seconds (1.37 M allocations: 13.556 GiB, 1.74% gc time)
[2023-01-13T19:32:11.835]Completed Shot 1, state 45
35478.983471 seconds (24.66 G allocations: 62.970 TiB, 13.82% gc time, 0.01% compilation time)
 38.016884 seconds (1.62 M allocations: 14.942 GiB, 1.58% gc time)
[2023-01-13T19:32:12.289]Completed Shot 1, state 49
 40.735822 seconds (1.84 M allocations: 16.025 GiB, 1.48% gc time)
[2023-01-13T19:32:12.730]Completed Shot 1, state 9
 33.741184 seconds (1.30 M allocations: 13.140 GiB, 1.78% gc time)
[2023-01-13T19:32:14.435]Completed Shot 1, state 7
35420.450787 seconds (24.62 G allocations: 62.869 TiB, 13.82% gc time, 0.01% compilation time)
[2023-01-13T19:32:18.727]Diagonalized H.
[2023-01-13T19:32:22.067]Diagonalized H.
 35.494030 seconds (115.02 k allocations: 5.054 GiB)
[2023-01-13T19:32:50.759]Completed Shot 1, state 3
 39.176547 seconds (256.82 k allocations: 5.635 GiB)
[2023-01-13T19:32:51.176]Completed Shot 1, state 46
[2023-01-13T19:32:51.177]**********Simulation completed!**********
[2023-01-13T19:32:51.177]**********Saving**********
[2023-01-13T19:32:55.162]Saving file: /gpfs/bwfor/work/ws/hd_ku269-logs/LightCones/2023-01-12/510488_N11_BS.jld2
[2023-01-13T19:32:56.774]**********Run completed!**********
============================= JOB FEEDBACK =============================
Job ID: 510488
Cluster: helix
User/Group: hd_ku269/hd_hd
State: COMPLETED (exit code 0)
Nodes: 1
Cores per node: 64
CPU Utilized: 48-09:54:35
CPU Efficiency: 88.26% of 54-20:25:36 core-walltime
Job Wall-clock time: 20:34:09
Memory Utilized: 59.38 GB
Memory Efficiency: 25.16% of 236.00 GB
