  Activating project at `/gpfs/bwfor/work/ws/hd_ku269-light_cones/WorkingFolder`
Added MKL.jl
Project LightCones v0.1.0
Status `/gpfs/bwfor/work/ws/hd_ku269-light_cones/WorkingFolder/Project.toml`
⌃ [7d9fca2a] Arpack v0.5.3
⌃ [7073ff75] IJulia v1.23.3
⌃ [033835bb] JLD2 v0.4.25
  [0b1a1467] KrylovKit v0.6.0
  [d3d80556] LineSearches v7.2.0
  [33e6dc65] MKL v0.6.0
⌃ [429524aa] Optim v1.7.3
⌃ [91a5bcdd] Plots v1.35.5
⌃ [c3e4b0f8] Pluto v0.19.14
  [3c0b384b] QuantumInformation v0.4.9
  [189a3867] Reexport v1.2.2
⌃ [295af30f] Revise v3.4.0
  [ebcc8a00] SpinSymmetry v0.3.3
  [59d54670] ThreadedSparseArrays v0.2.2
  [ade2ca70] Dates
  [8ba89e20] Distributed
  [37e2e46d] LinearAlgebra
  [de0858da] Printf
  [9a3f8284] Random
  [1a1011a3] SharedArrays
  [2f01184e] SparseArrays
  [10745b16] Statistics
Info Packages marked with ⌃ have new versions available and may be upgradable.
[2023-01-12T22:52:59.254]**********RANDOM FIELDS**********
shared_krylov.jl
Working Directory:          /gpfs/bwfor/work/ws/hd_ku269-light_cones/WorkingFolder
SLURM Directory:            /gpfs/bwfor/work/ws/hd_ku269-light_cones/WorkingFolder 
Running on host:            m07n12
Job id:                     510487
Job name:                   otoc_simulation_N11_TR
Number of nodes allocated:  
Number of cores allocated:  1
#threads of Julia:          64
#threads of BLAS:           1
ARGS = ["11", "1", "50", "BS", "x", "0", "500", "WAHUHA"]
LOCATION = "/gpfs/bwfor/work/ws/hd_ku269-logs/LightCones/2023-01-12"
N = 11
SHOTS = 1
MULT_RANDOM_STATES = true
N_RANDOM_STATES = 50
TYPE_OF_RS = "BS"
OBSERVABLE = "x"
DISORDER_PARAM = 0.0
[2023-01-12T22:52:59.417]**********Running simulation**********
[2023-01-12T22:52:59.468]trange = 0.1:0.1:20.0
[2023-01-12T22:52:59.745]A = σx
[2023-01-12T22:53:00.285]alpha=6
[2023-01-12T22:53:00.285]PBC
4[2023-01-12T22:53:02.606]Operations set up.
Using multiple states.
19246.681430 seconds (12.27 G allocations: 31.248 TiB, 12.27% gc time, 0.01% compilation time)
19278.756464 seconds (12.29 G allocations: 31.305 TiB, 12.27% gc time, 0.02% compilation time)
19295.947255 seconds (12.30 G allocations: 31.336 TiB, 12.27% gc time, 0.02% compilation time)
19304.685464 seconds (12.31 G allocations: 31.350 TiB, 12.27% gc time, 0.02% compilation time)
19313.999248 seconds (12.31 G allocations: 31.362 TiB, 12.27% gc time, 0.04% compilation time)
19329.916015 seconds (12.32 G allocations: 31.396 TiB, 12.27% gc time, 0.02% compilation time)
19336.702580 seconds (12.33 G allocations: 31.402 TiB, 12.27% gc time, 0.04% compilation time)
19337.321881 seconds (12.33 G allocations: 31.403 TiB, 12.27% gc time, 0.04% compilation time)
19337.464817 seconds (12.33 G allocations: 31.403 TiB, 12.27% gc time, 0.04% compilation time)
19339.086538 seconds (12.33 G allocations: 31.406 TiB, 12.27% gc time, 0.04% compilation time)
19353.495009 seconds (12.34 G allocations: 31.429 TiB, 12.28% gc time, 0.04% compilation time)
19353.181724 seconds (12.34 G allocations: 31.437 TiB, 12.28% gc time, 0.02% compilation time)
19353.760815 seconds (12.34 G allocations: 31.437 TiB, 12.28% gc time, 0.02% compilation time)
19354.633242 seconds (12.34 G allocations: 31.439 TiB, 12.27% gc time, 0.02% compilation time)
19355.004339 seconds (12.34 G allocations: 31.440 TiB, 12.27% gc time, 0.02% compilation time)
19358.981446 seconds (12.34 G allocations: 31.440 TiB, 12.27% gc time, 0.04% compilation time)
19357.266181 seconds (12.34 G allocations: 31.445 TiB, 12.27% gc time, 0.02% compilation time)
19363.493227 seconds (12.35 G allocations: 31.447 TiB, 12.28% gc time, 0.04% compilation time)
19363.894463 seconds (12.35 G allocations: 31.448 TiB, 12.28% gc time, 0.04% compilation time)
19362.837903 seconds (12.35 G allocations: 31.453 TiB, 12.28% gc time, 0.02% compilation time)
19363.111692 seconds (12.35 G allocations: 31.454 TiB, 12.28% gc time, 0.02% compilation time)
19366.945154 seconds (12.35 G allocations: 31.454 TiB, 12.27% gc time, 0.04% compilation time)
19367.581733 seconds (12.35 G allocations: 31.456 TiB, 12.27% gc time, 0.04% compilation time)
19364.341321 seconds (12.35 G allocations: 31.457 TiB, 12.28% gc time, 0.02% compilation time)
19364.497090 seconds (12.35 G allocations: 31.457 TiB, 12.28% gc time, 0.02% compilation time)
19368.527433 seconds (12.35 G allocations: 31.458 TiB, 12.27% gc time, 0.04% compilation time)
19365.422650 seconds (12.35 G allocations: 31.459 TiB, 12.27% gc time, 0.02% compilation time)
19369.132002 seconds (12.35 G allocations: 31.467 TiB, 12.27% gc time, 0.02% compilation time)
19375.090003 seconds (12.36 G allocations: 31.476 TiB, 12.28% gc time, 0.02% compilation time)
19380.377472 seconds (12.36 G allocations: 31.479 TiB, 12.27% gc time, 0.04% compilation time)
19383.195613 seconds (12.36 G allocations: 31.486 TiB, 12.27% gc time, 0.04% compilation time)
19382.742018 seconds (12.36 G allocations: 31.489 TiB, 12.28% gc time, 0.02% compilation time)
19383.635604 seconds (12.36 G allocations: 31.492 TiB, 12.28% gc time, 0.02% compilation time)
19384.174576 seconds (12.36 G allocations: 31.493 TiB, 12.28% gc time, 0.02% compilation time)
19390.249341 seconds (12.36 G allocations: 31.497 TiB, 12.27% gc time, 0.04% compilation time)
19387.498529 seconds (12.36 G allocations: 31.500 TiB, 12.27% gc time, 0.02% compilation time)
19392.517835 seconds (12.37 G allocations: 31.508 TiB, 12.28% gc time, 0.02% compilation time)
19396.793389 seconds (12.37 G allocations: 31.508 TiB, 12.28% gc time, 0.04% compilation time)
19394.224129 seconds (12.37 G allocations: 31.511 TiB, 12.28% gc time, 0.02% compilation time)
19399.304590 seconds (12.37 G allocations: 31.513 TiB, 12.27% gc time, 0.04% compilation time)
19405.027113 seconds (12.38 G allocations: 31.531 TiB, 12.28% gc time, 0.02% compilation time)
19409.600434 seconds (12.38 G allocations: 31.532 TiB, 12.27% gc time, 0.04% compilation time)
19408.352802 seconds (12.38 G allocations: 31.537 TiB, 12.28% gc time, 0.02% compilation time)
19412.248187 seconds (12.38 G allocations: 31.538 TiB, 12.27% gc time, 0.04% compilation time)
19412.789317 seconds (12.38 G allocations: 31.539 TiB, 12.27% gc time, 0.04% compilation time)
19417.296451 seconds (12.38 G allocations: 31.548 TiB, 12.27% gc time, 0.04% compilation time)
19420.653509 seconds (12.39 G allocations: 31.551 TiB, 12.28% gc time, 0.04% compilation time)
19419.442236 seconds (12.39 G allocations: 31.557 TiB, 12.28% gc time, 0.02% compilation time)
19425.187845 seconds (12.39 G allocations: 31.569 TiB, 12.27% gc time, 0.02% compilation time)
19443.934101 seconds (12.40 G allocations: 31.592 TiB, 12.28% gc time, 0.04% compilation time)
17451.998190 seconds (12.34 G allocations: 31.440 TiB, 14.06% gc time, 0.01% compilation time)
[2023-01-13T09:05:05.442]Diagonalized H.
 51.418642 seconds (30.93 M allocations: 71.360 GiB, 12.28% gc time, 6.14% compilation time)
[2023-01-13T09:05:45.590]Completed Shot 1, state 7
17472.776821 seconds (12.35 G allocations: 31.457 TiB, 14.05% gc time, 0.02% compilation time)
[2023-01-13T09:05:59.739]Diagonalized H.
17487.452613 seconds (12.35 G allocations: 31.462 TiB, 14.05% gc time, 0.02% compilation time)
 44.297434 seconds (22.03 M allocations: 59.799 GiB, 12.11% gc time)
[2023-01-13T09:06:31.627]Completed Shot 1, state 15
[2023-01-13T09:06:38.907]Diagonalized H.
17519.063697 seconds (12.37 G allocations: 31.502 TiB, 14.05% gc time, 0.02% compilation time)
17487.378722 seconds (12.34 G allocations: 31.445 TiB, 14.04% gc time, 0.02% compilation time)
17468.739387 seconds (12.33 G allocations: 31.413 TiB, 14.04% gc time, 0.02% compilation time)
17512.357776 seconds (12.36 G allocations: 31.488 TiB, 14.04% gc time, 0.02% compilation time)
[2023-01-13T09:07:04.852]Diagonalized H.
 39.766061 seconds (17.27 M allocations: 49.458 GiB, 6.09% gc time)
[2023-01-13T09:07:07.361]Completed Shot 1, state 6
[2023-01-13T09:07:08.368]Diagonalized H.
[2023-01-13T09:07:08.731]Diagonalized H.
[2023-01-13T09:07:12.896]Diagonalized H.
17501.565739 seconds (12.34 G allocations: 31.438 TiB, 14.03% gc time, 0.02% compilation time)
[2023-01-13T09:07:43.869]Diagonalized H.
17541.005869 seconds (12.36 G allocations: 31.488 TiB, 14.02% gc time, 0.02% compilation time)
17515.254509 seconds (12.34 G allocations: 31.445 TiB, 14.02% gc time, 0.02% compilation time)
 60.909447 seconds (17.02 M allocations: 56.288 GiB, 6.41% gc time)
[2023-01-13T09:07:51.382]Completed Shot 1, state 43
17547.313223 seconds (12.36 G allocations: 31.500 TiB, 14.02% gc time, 0.02% compilation time)
 56.898299 seconds (14.61 M allocations: 49.856 GiB, 6.86% gc time)
[2023-01-13T09:07:52.741]Completed Shot 1, state 5
 56.740995 seconds (14.12 M allocations: 48.450 GiB, 6.88% gc time)
[2023-01-13T09:07:54.861]Completed Shot 1, state 31
 60.555544 seconds (15.33 M allocations: 51.901 GiB, 6.45% gc time)
[2023-01-13T09:07:58.369]Completed Shot 1, state 30
17549.240881 seconds (12.36 G allocations: 31.497 TiB, 14.01% gc time, 0.02% compilation time)
[2023-01-13T09:08:06.607]Diagonalized H.
[2023-01-13T09:08:06.619]Diagonalized H.
[2023-01-13T09:08:06.776]Diagonalized H.
17557.753420 seconds (12.36 G allocations: 31.498 TiB, 14.02% gc time, 0.02% compilation time)
17541.247746 seconds (12.34 G allocations: 31.462 TiB, 14.01% gc time, 0.02% compilation time)
17552.824429 seconds (12.35 G allocations: 31.479 TiB, 14.01% gc time, 0.02% compilation time)
17546.520733 seconds (12.34 G allocations: 31.462 TiB, 14.01% gc time, 0.02% compilation time)
 57.920175 seconds (13.24 M allocations: 44.943 GiB, 6.93% gc time)
[2023-01-13T09:08:29.951]Completed Shot 1, state 46
[2023-01-13T09:08:30.301]Diagonalized H.
17559.776697 seconds (12.35 G allocations: 31.482 TiB, 14.00% gc time, 0.02% compilation time)
17561.460016 seconds (12.35 G allocations: 31.485 TiB, 14.00% gc time, 0.02% compilation time)
[2023-01-13T09:08:32.399]Diagonalized H.
17540.830520 seconds (12.34 G allocations: 31.445 TiB, 14.00% gc time, 0.02% compilation time)
17559.269167 seconds (12.35 G allocations: 31.475 TiB, 13.99% gc time, 0.02% compilation time)
[2023-01-13T09:08:40.494]Diagonalized H.
 50.861419 seconds (9.86 M allocations: 38.566 GiB, 4.74% gc time)
[2023-01-13T09:08:41.772]Completed Shot 1, state 14
 51.215989 seconds (9.17 M allocations: 36.730 GiB, 4.71% gc time)
[2023-01-13T09:08:43.864]Completed Shot 1, state 38
[2023-01-13T09:08:44.131]Diagonalized H.
[2023-01-13T09:08:45.055]Diagonalized H.
 58.395327 seconds (11.07 M allocations: 47.051 GiB, 4.13% gc time)
[2023-01-13T09:08:48.494]Completed Shot 1, state 3
[2023-01-13T09:08:50.069]Diagonalized H.
17571.401187 seconds (12.35 G allocations: 31.479 TiB, 13.99% gc time, 0.02% compilation time)
[2023-01-13T09:08:52.390]Diagonalized H.
[2023-01-13T09:08:57.944]Diagonalized H.
[2023-01-13T09:09:00.402]Diagonalized H.
 63.218343 seconds (7.18 M allocations: 44.214 GiB)
[2023-01-13T09:09:11.785]Completed Shot 1, state 33
 76.528510 seconds (8.42 M allocations: 49.030 GiB, 3.15% gc time)
[2023-01-13T09:09:14.964]Completed Shot 1, state 19
 61.096664 seconds (4.64 M allocations: 33.861 GiB)
[2023-01-13T09:09:20.917]Completed Shot 1, state 36
17616.877860 seconds (12.36 G allocations: 31.521 TiB, 13.96% gc time, 0.02% compilation time)
[2023-01-13T09:09:30.121]Diagonalized H.
 69.245835 seconds (4.81 M allocations: 35.240 GiB)
[2023-01-13T09:09:32.164]Completed Shot 1, state 9
 67.908054 seconds (4.58 M allocations: 35.724 GiB)
[2023-01-13T09:09:34.389]Completed Shot 1, state 34
 65.556124 seconds (4.10 M allocations: 33.897 GiB)
[2023-01-13T09:09:36.238]Completed Shot 1, state 16
[2023-01-13T09:09:37.512]Diagonalized H.
 74.180135 seconds (4.90 M allocations: 38.330 GiB)
[2023-01-13T09:09:44.705]Completed Shot 1, state 48
17625.303811 seconds (12.35 G allocations: 31.502 TiB, 13.94% gc time, 0.02% compilation time)
 68.486710 seconds (4.13 M allocations: 32.438 GiB)
[2023-01-13T09:09:46.052]Completed Shot 1, state 40
17621.665381 seconds (12.34 G allocations: 31.485 TiB, 13.94% gc time, 0.02% compilation time)
 79.958073 seconds (5.21 M allocations: 37.902 GiB)
[2023-01-13T09:09:52.926]Completed Shot 1, state 13
[2023-01-13T09:10:01.608]Diagonalized H.
17644.685951 seconds (12.35 G allocations: 31.511 TiB, 13.93% gc time, 0.02% compilation time)
[2023-01-13T09:10:04.529]Diagonalized H.
[2023-01-13T09:10:17.109]Diagonalized H.
 64.248955 seconds (7.28 M allocations: 31.030 GiB, 5.76% gc time)
[2023-01-13T09:10:26.382]Completed Shot 1, state 29
17666.813275 seconds (12.35 G allocations: 31.523 TiB, 13.93% gc time, 0.02% compilation time)
 94.583755 seconds (8.11 M allocations: 42.930 GiB, 3.91% gc time)
[2023-01-13T09:10:26.836]Completed Shot 1, state 20
17663.999794 seconds (12.35 G allocations: 31.515 TiB, 13.93% gc time, 0.02% compilation time)
17676.170645 seconds (12.36 G allocations: 31.538 TiB, 13.93% gc time, 0.02% compilation time)
17672.918157 seconds (12.36 G allocations: 31.531 TiB, 13.93% gc time, 0.02% compilation time)
17626.655692 seconds (12.32 G allocations: 31.440 TiB, 13.93% gc time, 0.02% compilation time)
17657.732266 seconds (12.34 G allocations: 31.499 TiB, 13.92% gc time, 0.02% compilation time)
17681.880118 seconds (12.36 G allocations: 31.542 TiB, 13.92% gc time, 0.02% compilation time)
17663.152242 seconds (12.35 G allocations: 31.505 TiB, 13.92% gc time, 0.02% compilation time)
17660.033285 seconds (12.34 G allocations: 31.499 TiB, 13.92% gc time, 0.02% compilation time)
 48.091349 seconds (8.79 M allocations: 31.791 GiB, 7.70% gc time)
[2023-01-13T09:10:40.642]Completed Shot 1, state 17
 56.869866 seconds (9.90 M allocations: 35.145 GiB, 6.51% gc time)
[2023-01-13T09:10:42.463]Completed Shot 1, state 23
17663.237906 seconds (12.35 G allocations: 31.502 TiB, 13.92% gc time, 0.02% compilation time)
17641.536510 seconds (12.33 G allocations: 31.462 TiB, 13.92% gc time, 0.02% compilation time)
17642.400043 seconds (12.33 G allocations: 31.464 TiB, 13.92% gc time, 0.02% compilation time)
17656.521541 seconds (12.34 G allocations: 31.488 TiB, 13.92% gc time, 0.02% compilation time)
[2023-01-13T09:10:53.650]Diagonalized H.
[2023-01-13T09:10:53.652]Diagonalized H.
[2023-01-13T09:10:53.679]Diagonalized H.
[2023-01-13T09:10:53.699]Diagonalized H.
[2023-01-13T09:10:53.701]Diagonalized H.
[2023-01-13T09:10:53.710]Diagonalized H.
[2023-01-13T09:10:53.720]Diagonalized H.
[[2023-01-13T09:10:53.723]Diagonalized H.
2023-01-13T09:10:53.723]Diagonalized H.
[2023-01-13T09:10:53.732]Diagonalized H.
[2023-01-13T09:10:53.755]Diagonalized H.
[2023-01-13T09:10:53.771]Diagonalized H.
[2023-01-13T09:10:53.777]Diagonalized H.
 66.429596 seconds (9.37 M allocations: 44.747 GiB, 8.23% gc time)
[2023-01-13T09:11:10.458]Completed Shot 1, state 2
 49.747491 seconds (2.59 M allocations: 31.058 GiB, 3.55% gc time)
[2023-01-13T09:11:27.856]Completed Shot 1, state 22
 58.379056 seconds (4.23 M allocations: 38.179 GiB, 3.02% gc time)
[2023-01-13T09:11:29.959]Completed Shot 1, state 50
 57.755269 seconds (1.05 M allocations: 30.562 GiB, 3.06% gc time)
[2023-01-13T09:11:42.590]Completed Shot 1, state 37
 60.345152 seconds (1.45 M allocations: 32.376 GiB, 2.93% gc time)
[2023-01-13T09:11:43.569]Completed Shot 1, state 11
17715.464123 seconds (12.34 G allocations: 31.518 TiB, 13.88% gc time, 0.02% compilation time)
 67.145530 seconds (2.55 M allocations: 36.402 GiB, 2.63% gc time)
[2023-01-13T09:11:47.149]Completed Shot 1, state 45
17725.768879 seconds (12.34 G allocations: 31.531 TiB, 13.88% gc time, 0.02% compilation time)
17706.808776 seconds (12.33 G allocations: 31.492 TiB, 13.88% gc time, 0.02% compilation time)
 84.207627 seconds (6.33 M allocations: 48.957 GiB, 2.10% gc time)
[2023-01-13T09:11:53.100]Completed Shot 1, state 26
 73.724346 seconds (3.11 M allocations: 38.816 GiB, 2.39% gc time)
[2023-01-13T09:11:56.578]Completed Shot 1, state 1
 89.035397 seconds (7.08 M allocations: 51.465 GiB, 1.98% gc time)
[2023-01-13T09:11:57.623]Completed Shot 1, state 18
17727.006166 seconds (12.34 G allocations: 31.519 TiB, 13.87% gc time, 0.02% compilation time)
 82.371682 seconds (5.13 M allocations: 45.360 GiB, 2.14% gc time)
[2023-01-13T09:11:58.263]Completed Shot 1, state 24
17714.531226 seconds (12.33 G allocations: 31.496 TiB, 13.87% gc time, 0.02% compilation time)
 81.595288 seconds (4.91 M allocations: 44.704 GiB, 2.16% gc time)
[2023-01-13T09:11:58.729]Completed Shot 1, state 28
17735.933356 seconds (12.35 G allocations: 31.534 TiB, 13.87% gc time, 0.02% compilation time)
17729.550381 seconds (12.34 G allocations: 31.523 TiB, 13.87% gc time, 0.02% compilation time)
[2023-01-13T09:12:00.024]Diagonalized H.
 85.885013 seconds (5.73 M allocations: 49.226 GiB, 2.06% gc time)
[2023-01-13T09:12:01.597]Completed Shot 1, state 47
 95.078675 seconds (8.47 M allocations: 57.763 GiB, 1.86% gc time)
[2023-01-13T09:12:01.689]Completed Shot 1, state 25
 79.085934 seconds (3.98 M allocations: 43.666 GiB, 2.23% gc time)
[2023-01-13T09:12:01.752]Completed Shot 1, state 27
[2023-01-13T09:12:02.342]Diagonalized H.
[2023-01-13T09:12:03.634]Diagonalized H.
17720.325023 seconds (12.33 G allocations: 31.500 TiB, 13.87% gc time, 0.02% compilation time)
[2023-01-13T09:12:09.137]Diagonalized H.
17716.743226 seconds (12.33 G allocations: 31.490 TiB, 13.86% gc time, 0.02% compilation time)
[2023-01-13T09:12:11.469]Diagonalized H.
[2023-01-13T09:12:11.687]Diagonalized H.
[2023-01-13T09:12:11.800]Diagonalized H.
[2023-01-13T09:12:27.711]Diagonalized H.
[2023-01-13T09:12:35.484]Diagonalized H.
 52.561582 seconds (3.30 M allocations: 28.444 GiB)
[2023-01-13T09:12:36.583]Completed Shot 1, state 35
17737.634739 seconds (12.32 G allocations: 31.486 TiB, 13.85% gc time, 0.02% compilation time)
 50.354588 seconds (2.61 M allocations: 27.471 GiB)
[2023-01-13T09:12:41.131]Completed Shot 1, state 21
17747.502053 seconds (12.32 G allocations: 31.500 TiB, 13.84% gc time, 0.02% compilation time)
 54.897650 seconds (3.13 M allocations: 29.748 GiB)
[2023-01-13T09:12:42.676]Completed Shot 1, state 32
 52.222349 seconds (1.75 M allocations: 25.557 GiB)
[2023-01-13T09:12:50.563]Completed Shot 1, state 42
 53.662750 seconds (1.81 M allocations: 25.969 GiB)
[2023-01-13T09:12:51.734]Completed Shot 1, state 41
 54.126261 seconds (1.70 M allocations: 25.490 GiB)
[2023-01-13T09:12:53.020]Completed Shot 1, state 4
[2023-01-13T09:12:59.668]Diagonalized H.
 54.972408 seconds (1.11 M allocations: 20.824 GiB)
[2023-01-13T09:12:59.847]Completed Shot 1, state 10
[2023-01-13T09:13:00.372]Diagonalized H.
 57.067821 seconds (1.01 M allocations: 21.800 GiB, 2.54% gc time)
[2023-01-13T09:13:06.226]Completed Shot 1, state 12
 68.584842 seconds (1.91 M allocations: 30.203 GiB, 2.12% gc time)
[2023-01-13T09:13:07.901]Completed Shot 1, state 8
 41.499107 seconds (796.28 k allocations: 10.659 GiB, 3.50% gc time)
[2023-01-13T09:13:19.781]Completed Shot 1, state 44
17766.124739 seconds (12.31 G allocations: 31.473 TiB, 13.81% gc time, 0.02% compilation time)
 39.774140 seconds (779.42 k allocations: 8.795 GiB, 3.65% gc time)
[2023-01-13T09:13:22.135]Completed Shot 1, state 39
[2023-01-13T09:13:28.784]Diagonalized H.
 18.179719 seconds (58.39 k allocations: 2.602 GiB)
[2023-01-13T09:13:39.999]Completed Shot 1, state 49
[2023-01-13T09:13:40]**********Simulation completed!**********
[2023-01-13T09:13:40]**********Saving**********
[2023-01-13T09:13:43.968]Saving file: /gpfs/bwfor/work/ws/hd_ku269-logs/LightCones/2023-01-12/510487_N11_BS.jld2
[2023-01-13T09:13:45.647]**********Run completed!**********
============================= JOB FEEDBACK =============================
Job ID: 510487
Cluster: helix
User/Group: hd_ku269/hd_hd
State: COMPLETED (exit code 0)
Nodes: 1
Cores per node: 64
CPU Utilized: 24-05:44:32
CPU Efficiency: 87.80% of 27-14:34:40 core-walltime
Job Wall-clock time: 10:21:10
Memory Utilized: 100.99 GB
Memory Efficiency: 42.79% of 236.00 GB
