Added MKL.jl
Project LightCones v0.1.0
Status `/lustre/work/ws/ws1/hd_ku269-light_cones/WorkingFolder/Project.toml`
  [7d9fca2a] Arpack v0.5.4
⌃ [7073ff75] IJulia v1.23.3
  [033835bb] JLD2 v0.4.29
  [0b1a1467] KrylovKit v0.6.0
  [d3d80556] LineSearches v7.2.0
  [33e6dc65] MKL v0.6.0
  [429524aa] Optim v1.7.4
⌃ [91a5bcdd] Plots v1.36.6
⌃ [c3e4b0f8] Pluto v0.19.16
  [3c0b384b] QuantumInformation v0.4.9
  [189a3867] Reexport v1.2.2
⌃ [295af30f] Revise v3.4.0
  [ebcc8a00] SpinSymmetry v0.3.3
  [59d54670] ThreadedSparseArrays v0.2.2
  [ade2ca70] Dates
  [8ba89e20] Distributed
  [37e2e46d] LinearAlgebra
  [de0858da] Printf
  [9a3f8284] Random
  [1a1011a3] SharedArrays
  [2f01184e] SparseArrays
  [10745b16] Statistics
Info Packages marked with ⌃ have new versions available
[2023-01-10T13:27:26.521]**********RANDOM FIELDS**********
shared_krylov.jl
Working Directory:          /lustre/work/ws/ws1/hd_ku269-light_cones/WorkingFolder
SLURM Directory:            /lustre/work/ws/ws1/hd_ku269-light_cones/WorkingFolder 
Running on host:            n1408
Job id:                     8095071
Job name:                   otoc_simulation_N11_TR_FIDONLY
Number of nodes allocated:  
Number of cores allocated:  1
#threads of Julia:          96
#threads of BLAS:           1
ARGS = ["11", "10", "50", "BS", "x", "9", "50", "Rhim71"]
LOCATION = "/lustre/work/ws/ws1/hd_ku269-logs/LightCones/2023-01-10"
N = 11
SHOTS = 10
MULT_RANDOM_STATES = true
N_RANDOM_STATES = 50
TYPE_OF_RS = "BS"
OBSERVABLE = "x"
DISORDER_PARAM = 9.0
[2023-01-10T13:27:26.736]**********Running simulation**********
[2023-01-10T13:27:26.794]trange = 0.1:0.1:20.0
[2023-01-10T13:27:27.148]A = σx
[2023-01-10T13:27:27.737]alpha=6
[2023-01-10T13:27:27.737]PBC
SlowPulse([1.0, 0.0, 0.0], π, 785.3981633974482)SlowPulse([-1.0, 0.0, 0.0], π, 785.3981633974482)2[2023-01-10T13:27:30.691]Operations set up.
Using multiple states.
1342.985026 seconds (1.94 G allocations: 5.511 TiB, 21.02% gc time, 0.29% compilation time)
[2023-01-10T13:50:15.701]Completed Shot 1, state 17
1351.125717 seconds (1.94 G allocations: 5.518 TiB, 20.95% gc time, 0.74% compilation time)
[2023-01-10T13:50:17.675]Completed Shot 1, state 44
1351.567991 seconds (1.94 G allocations: 5.520 TiB, 20.94% gc time, 0.74% compilation time)
[2023-01-10T13:50:18.078]Completed Shot 1, state 45
1356.884913 seconds (1.95 G allocations: 5.542 TiB, 20.92% gc time, 0.74% compilation time)
[2023-01-10T13:50:23.396]Completed Shot 1, state 3
1358.436399 seconds (1.96 G allocations: 5.572 TiB, 21.01% gc time, 0.27% compilation time)
[2023-01-10T13:50:31.278]Completed Shot 1, state 27
1360.206778 seconds (1.96 G allocations: 5.576 TiB, 21.04% gc time, 0.29% compilation time)
[2023-01-10T13:50:32.829]Completed Shot 1, state 35
1367.627056 seconds (1.97 G allocations: 5.583 TiB, 20.93% gc time, 0.73% compilation time)
[2023-01-10T13:50:34.176]Completed Shot 1, state 26
1370.261663 seconds (1.97 G allocations: 5.591 TiB, 20.94% gc time, 0.73% compilation time)
[2023-01-10T13:50:36.772]Completed Shot 1, state 16
1364.279690 seconds (1.97 G allocations: 5.592 TiB, 21.03% gc time, 0.29% compilation time)
[2023-01-10T13:50:36.915]Completed Shot 1, state 2
1364.521706 seconds (1.97 G allocations: 5.593 TiB, 21.03% gc time, 0.29% compilation time)
[2023-01-10T13:50:37.144]Completed Shot 1, state 36
1364.619580 seconds (1.97 G allocations: 5.593 TiB, 21.03% gc time, 0.29% compilation time)
[2023-01-10T13:50:37.242]Completed Shot 1, state 8
1367.956827 seconds (1.98 G allocations: 5.605 TiB, 21.03% gc time, 0.29% compilation time)
[2023-01-10T13:50:40.599]Completed Shot 1, state 28
1371.865432 seconds (1.98 G allocations: 5.620 TiB, 21.02% gc time, 0.29% compilation time)
[2023-01-10T13:50:44.497]Completed Shot 1, state 50
1373.929955 seconds (1.98 G allocations: 5.626 TiB, 21.04% gc time, 0.29% compilation time)
[2023-01-10T13:50:46.573]Completed Shot 1, state 25
1374.825124 seconds (1.98 G allocations: 5.630 TiB, 21.02% gc time, 0.29% compilation time)
[2023-01-10T13:50:47.447]Completed Shot 1, state 30
1375.054492 seconds (1.99 G allocations: 5.631 TiB, 21.02% gc time, 0.29% compilation time)
[2023-01-10T13:50:47.686]Completed Shot 1, state 11
1376.289652 seconds (1.99 G allocations: 5.636 TiB, 21.00% gc time, 0.29% compilation time)
[2023-01-10T13:50:48.920]Completed Shot 1, state 42
1377.936335 seconds (1.99 G allocations: 5.640 TiB, 21.02% gc time, 0.29% compilation time)
[2023-01-10T13:50:50.560]Completed Shot 1, state 7
1378.005915 seconds (1.99 G allocations: 5.640 TiB, 21.02% gc time, 0.28% compilation time)
[2023-01-10T13:50:50.647]Completed Shot 1, state 23
1378.360752 seconds (1.99 G allocations: 5.642 TiB, 21.01% gc time, 0.27% compilation time)
[2023-01-10T13:50:51.207]Completed Shot 1, state 47
1378.795230 seconds (1.99 G allocations: 5.644 TiB, 21.00% gc time, 0.27% compilation time)
[2023-01-10T13:50:51.635]Completed Shot 1, state 24
1380.220829 seconds (1.99 G allocations: 5.647 TiB, 21.01% gc time, 0.29% compilation time)
[2023-01-10T13:50:52.843]Completed Shot 1, state 13
1380.516339 seconds (1.99 G allocations: 5.650 TiB, 21.00% gc time, 0.26% compilation time)
[2023-01-10T13:50:53.553]Completed Shot 1, state 5
1382.231878 seconds (1.99 G allocations: 5.654 TiB, 20.97% gc time, 0.28% compilation time)
[2023-01-10T13:50:54.865]Completed Shot 1, state 37
1382.307078 seconds (1.99 G allocations: 5.654 TiB, 20.97% gc time, 0.28% compilation time)
[2023-01-10T13:50:54.946]Completed Shot 1, state 4
1385.661225 seconds (2.00 G allocations: 5.664 TiB, 20.97% gc time, 0.27% compilation time)
[2023-01-10T13:50:58.450]Completed Shot 1, state 41
1387.054750 seconds (2.00 G allocations: 5.668 TiB, 20.95% gc time, 0.28% compilation time)
[2023-01-10T13:50:59.677]Completed Shot 1, state 49
1389.565271 seconds (2.00 G allocations: 5.674 TiB, 20.94% gc time, 0.28% compilation time)
[2023-01-10T13:51:02.197]Completed Shot 1, state 40
1395.769039 seconds (2.00 G allocations: 5.674 TiB, 20.85% gc time, 0.72% compilation time)
[2023-01-10T13:51:02.280]Completed Shot 1, state 19
1390.295801 seconds (2.00 G allocations: 5.677 TiB, 20.94% gc time, 0.25% compilation time)
[2023-01-10T13:51:03.324]Completed Shot 1, state 12
1393.983655 seconds (2.01 G allocations: 5.685 TiB, 20.91% gc time, 0.27% compilation time)
[2023-01-10T13:51:06.772]Completed Shot 1, state 48
1396.172582 seconds (2.01 G allocations: 5.690 TiB, 20.90% gc time, 0.28% compilation time)
[2023-01-10T13:51:08.816]Completed Shot 1, state 38
1397.164437 seconds (2.01 G allocations: 5.692 TiB, 20.88% gc time, 0.28% compilation time)
[2023-01-10T13:51:09.796]Completed Shot 1, state 43
1403.297112 seconds (2.01 G allocations: 5.692 TiB, 20.79% gc time, 0.72% compilation time)
[2023-01-10T13:51:09.807]Completed Shot 1, state 1
1397.598289 seconds (2.01 G allocations: 5.693 TiB, 20.87% gc time, 0.28% compilation time)
[2023-01-10T13:51:10.236]Completed Shot 1, state 39
1397.693632 seconds (2.01 G allocations: 5.694 TiB, 20.87% gc time, 0.28% compilation time)
[2023-01-10T13:51:10.333]Completed Shot 1, state 15
1404.422645 seconds (2.01 G allocations: 5.695 TiB, 20.78% gc time, 0.71% compilation time)
[2023-01-10T13:51:10.971]Completed Shot 1, state 21
1398.486309 seconds (2.01 G allocations: 5.695 TiB, 20.87% gc time, 0.28% compilation time)
[2023-01-10T13:51:11.109]Completed Shot 1, state 22
1398.727039 seconds (2.01 G allocations: 5.695 TiB, 20.87% gc time, 0.28% compilation time)
[2023-01-10T13:51:11.370]Completed Shot 1, state 9
1400.163214 seconds (2.01 G allocations: 5.697 TiB, 20.85% gc time, 0.28% compilation time)
[2023-01-10T13:51:12.797]Completed Shot 1, state 18
1406.367539 seconds (2.01 G allocations: 5.698 TiB, 20.76% gc time, 0.71% compilation time)
[2023-01-10T13:51:12.878]Completed Shot 1, state 6
1401.344363 seconds (2.01 G allocations: 5.699 TiB, 20.84% gc time, 0.28% compilation time)
[2023-01-10T13:51:13.976]Completed Shot 1, state 33
1401.701359 seconds (2.01 G allocations: 5.699 TiB, 20.83% gc time, 0.28% compilation time)
[2023-01-10T13:51:14.342]Completed Shot 1, state 10
1404.163775 seconds (2.01 G allocations: 5.702 TiB, 20.80% gc time, 0.28% compilation time)
[2023-01-10T13:51:16.862]Completed Shot 1, state 31
1404.737944 seconds (2.01 G allocations: 5.703 TiB, 20.79% gc time, 0.26% compilation time)
[2023-01-10T13:51:17.578]Completed Shot 1, state 29
1409.187065 seconds (2.02 G allocations: 5.706 TiB, 20.73% gc time, 0.28% compilation time)
[2023-01-10T13:51:21.820]Completed Shot 1, state 46
1417.165547 seconds (2.02 G allocations: 5.707 TiB, 20.62% gc time, 0.71% compilation time)
[2023-01-10T13:51:23.714]Completed Shot 1, state 14
1415.631682 seconds (2.02 G allocations: 5.710 TiB, 20.65% gc time, 0.27% compilation time)
[2023-01-10T13:51:28.420]Completed Shot 1, state 20
1416.884741 seconds (2.02 G allocations: 5.710 TiB, 20.63% gc time, 0.26% compilation time)
[2023-01-10T13:51:29.731]Completed Shot 1, state 34
1432.713433 seconds (2.02 G allocations: 5.712 TiB, 20.41% gc time, 0.70% compilation time)
[2023-01-10T13:51:39.262]Completed Shot 1, state 32
1341.122877 seconds (1.96 G allocations: 5.495 TiB, 20.22% gc time)
[2023-01-10T14:14:00.388]Completed Shot 2, state 16
1349.054941 seconds (1.97 G allocations: 5.526 TiB, 20.24% gc time)
[2023-01-10T14:14:08.320]Completed Shot 2, state 10
1368.625509 seconds (2.00 G allocations: 5.601 TiB, 20.26% gc time)
[2023-01-10T14:14:27.890]Completed Shot 2, state 26
1373.009407 seconds (2.01 G allocations: 5.618 TiB, 20.26% gc time)
[2023-01-10T14:14:32.274]Completed Shot 2, state 41
1377.403198 seconds (2.01 G allocations: 5.636 TiB, 20.25% gc time)
[2023-01-10T14:14:36.668]Completed Shot 2, state 3
1384.151449 seconds (2.02 G allocations: 5.662 TiB, 20.25% gc time)
[2023-01-10T14:14:43.416]Completed Shot 2, state 36
1384.718369 seconds (2.02 G allocations: 5.665 TiB, 20.25% gc time)
[2023-01-10T14:14:43.983]Completed Shot 2, state 11
1384.883976 seconds (2.02 G allocations: 5.665 TiB, 20.24% gc time)
[2023-01-10T14:14:44.149]Completed Shot 2, state 45
1385.933960 seconds (2.03 G allocations: 5.670 TiB, 20.23% gc time)
[2023-01-10T14:14:45.199]Completed Shot 2, state 21
1395.836479 seconds (2.04 G allocations: 5.706 TiB, 20.23% gc time)
[2023-01-10T14:14:55.101]Completed Shot 2, state 42
1396.000629 seconds (2.04 G allocations: 5.707 TiB, 20.23% gc time)
[2023-01-10T14:14:55.265]Completed Shot 2, state 8
1399.354202 seconds (2.04 G allocations: 5.718 TiB, 20.24% gc time)
[2023-01-10T14:14:58.619]Completed Shot 2, state 49
1399.563491 seconds (2.05 G allocations: 5.719 TiB, 20.23% gc time)
[2023-01-10T14:14:58.828]Completed Shot 2, state 43
1405.581516 seconds (2.05 G allocations: 5.741 TiB, 20.23% gc time)
[2023-01-10T14:15:04.846]Completed Shot 2, state 4
1406.865621 seconds (2.06 G allocations: 5.746 TiB, 20.21% gc time)
[2023-01-10T14:15:06.130]Completed Shot 2, state 15
1408.409745 seconds (2.06 G allocations: 5.750 TiB, 20.23% gc time)
[2023-01-10T14:15:07.674]Completed Shot 2, state 1
1415.434888 seconds (2.07 G allocations: 5.774 TiB, 20.22% gc time)
[2023-01-10T14:15:14.700]Completed Shot 2, state 37
1415.579041 seconds (2.07 G allocations: 5.774 TiB, 20.21% gc time)
[2023-01-10T14:15:14.844]Completed Shot 2, state 46
1421.344933 seconds (2.07 G allocations: 5.794 TiB, 20.20% gc time)
[2023-01-10T14:15:20.610]Completed Shot 2, state 34
1421.666907 seconds (2.08 G allocations: 5.795 TiB, 20.19% gc time)
[2023-01-10T14:15:20.932]Completed Shot 2, state 18
1422.966996 seconds (2.08 G allocations: 5.800 TiB, 20.17% gc time)
[2023-01-10T14:15:22.232]Completed Shot 2, state 44
1423.819128 seconds (2.08 G allocations: 5.802 TiB, 20.18% gc time)
[2023-01-10T14:15:23.084]Completed Shot 2, state 28
1424.186517 seconds (2.08 G allocations: 5.803 TiB, 20.18% gc time)
[2023-01-10T14:15:23.452]Completed Shot 2, state 23
1424.910077 seconds (2.08 G allocations: 5.806 TiB, 20.17% gc time)
[2023-01-10T14:15:24.175]Completed Shot 2, state 31
1424.940789 seconds (2.08 G allocations: 5.806 TiB, 20.17% gc time)
[2023-01-10T14:15:24.206]Completed Shot 2, state 38
1425.004310 seconds (2.08 G allocations: 5.806 TiB, 20.16% gc time)
[2023-01-10T14:15:24.269]Completed Shot 2, state 50
1425.265463 seconds (2.08 G allocations: 5.807 TiB, 20.16% gc time)
[2023-01-10T14:15:24.530]Completed Shot 2, state 32
1427.244413 seconds (2.08 G allocations: 5.811 TiB, 20.16% gc time)
[2023-01-10T14:15:26.509]Completed Shot 2, state 27
1427.646390 seconds (2.08 G allocations: 5.813 TiB, 20.16% gc time)
[2023-01-10T14:15:26.911]Completed Shot 2, state 17
1431.434005 seconds (2.09 G allocations: 5.823 TiB, 20.13% gc time)
[2023-01-10T14:15:30.699]Completed Shot 2, state 9
1433.649597 seconds (2.09 G allocations: 5.828 TiB, 20.13% gc time)
[2023-01-10T14:15:32.914]Completed Shot 2, state 14
1434.940676 seconds (2.09 G allocations: 5.830 TiB, 20.13% gc time)
[2023-01-10T14:15:34.206]Completed Shot 2, state 47
1435.343551 seconds (2.09 G allocations: 5.831 TiB, 20.13% gc time)
[2023-01-10T14:15:34.608]Completed Shot 2, state 6
1438.991654 seconds (2.09 G allocations: 5.840 TiB, 20.09% gc time)
1438.991364 seconds (2.09 G allocations: 5.840 TiB, 20.09% gc time)
[[2023-01-10T14:15:38.256]Completed Shot 2, state 7
2023-01-10T14:15:38.256]Completed Shot 2, state 48
1439.204554 seconds (2.09 G allocations: 5.840 TiB, 20.09% gc time)
[2023-01-10T14:15:38.469]Completed Shot 2, state 12
1443.836801 seconds (2.10 G allocations: 5.848 TiB, 20.06% gc time)
[2023-01-10T14:15:43.102]Completed Shot 2, state 30
1446.605116 seconds (2.10 G allocations: 5.853 TiB, 20.05% gc time)
[2023-01-10T14:15:45.870]Completed Shot 2, state 22
1446.899045 seconds (2.10 G allocations: 5.853 TiB, 20.04% gc time)
[2023-01-10T14:15:46.164]Completed Shot 2, state 39
1448.169006 seconds (2.10 G allocations: 5.855 TiB, 20.02% gc time)
[2023-01-10T14:15:47.434]Completed Shot 2, state 24
1448.234163 seconds (2.10 G allocations: 5.856 TiB, 20.02% gc time)
[2023-01-10T14:15:47.499]Completed Shot 2, state 19
1449.221459 seconds (2.10 G allocations: 5.857 TiB, 20.02% gc time)
[2023-01-10T14:15:48.486]Completed Shot 2, state 2
1451.162396 seconds (2.10 G allocations: 5.859 TiB, 20.00% gc time)
[2023-01-10T14:15:50.427]Completed Shot 2, state 20
1453.835704 seconds (2.10 G allocations: 5.862 TiB, 19.96% gc time)
[2023-01-10T14:15:53.101]Completed Shot 2, state 33
1455.182042 seconds (2.10 G allocations: 5.863 TiB, 19.95% gc time)
[2023-01-10T14:15:54.447]Completed Shot 2, state 35
1455.856205 seconds (2.10 G allocations: 5.864 TiB, 19.94% gc time)
[2023-01-10T14:15:55.121]Completed Shot 2, state 5
1458.405878 seconds (2.10 G allocations: 5.865 TiB, 19.91% gc time)
[2023-01-10T14:15:57.671]Completed Shot 2, state 13
1459.396336 seconds (2.10 G allocations: 5.866 TiB, 19.90% gc time)
[2023-01-10T14:15:58.661]Completed Shot 2, state 40
1460.825321 seconds (2.10 G allocations: 5.866 TiB, 19.88% gc time)
[2023-01-10T14:16:00.090]Completed Shot 2, state 29
1462.622135 seconds (2.10 G allocations: 5.867 TiB, 19.86% gc time)
[2023-01-10T14:16:01.887]Completed Shot 2, state 25
1293.132901 seconds (1.89 G allocations: 5.425 TiB, 20.41% gc time)
[2023-01-10T14:37:35.025]Completed Shot 3, state 12
1299.997616 seconds (1.90 G allocations: 5.452 TiB, 20.42% gc time)
[2023-01-10T14:37:41.890]Completed Shot 3, state 49
1304.394756 seconds (1.91 G allocations: 5.468 TiB, 20.45% gc time)
[2023-01-10T14:37:46.287]Completed Shot 3, state 38
1304.571704 seconds (1.91 G allocations: 5.469 TiB, 20.45% gc time)
[2023-01-10T14:37:46.464]Completed Shot 3, state 45
1308.438091 seconds (1.91 G allocations: 5.481 TiB, 20.48% gc time)
[2023-01-10T14:37:50.330]Completed Shot 3, state 9
1316.908665 seconds (1.93 G allocations: 5.517 TiB, 20.44% gc time)
[2023-01-10T14:37:58.801]Completed Shot 3, state 15
1322.922019 seconds (1.93 G allocations: 5.539 TiB, 20.44% gc time)
[2023-01-10T14:38:04.814]Completed Shot 3, state 42
1323.338092 seconds (1.94 G allocations: 5.541 TiB, 20.43% gc time)
[2023-01-10T14:38:05.231]Completed Shot 3, state 47
1325.201924 seconds (1.94 G allocations: 5.545 TiB, 20.49% gc time)
[2023-01-10T14:38:07.094]Completed Shot 3, state 25
1325.222053 seconds (1.94 G allocations: 5.545 TiB, 20.49% gc time)
[2023-01-10T14:38:07.114]Completed Shot 3, state 10
1332.603724 seconds (1.95 G allocations: 5.573 TiB, 20.46% gc time)
[2023-01-10T14:38:14.496]Completed Shot 3, state 39
1333.231250 seconds (1.95 G allocations: 5.576 TiB, 20.45% gc time)
[2023-01-10T14:38:15.124]Completed Shot 3, state 31
1333.316212 seconds (1.95 G allocations: 5.577 TiB, 20.44% gc time)
[2023-01-10T14:38:15.208]Completed Shot 3, state 8
1333.432600 seconds (1.95 G allocations: 5.577 TiB, 20.44% gc time)
[2023-01-10T14:38:15.325]Completed Shot 3, state 18
1335.757897 seconds (1.95 G allocations: 5.582 TiB, 20.49% gc time)
[2023-01-10T14:38:17.650]Completed Shot 3, state 33
1336.595677 seconds (1.95 G allocations: 5.586 TiB, 20.47% gc time)
[2023-01-10T14:38:18.488]Completed Shot 3, state 13
1338.763230 seconds (1.96 G allocations: 5.595 TiB, 20.44% gc time)
[2023-01-10T14:38:20.656]Completed Shot 3, state 22
1339.111817 seconds (1.96 G allocations: 5.596 TiB, 20.43% gc time)
[2023-01-10T14:38:21.004]Completed Shot 3, state 5
1340.013204 seconds (1.96 G allocations: 5.598 TiB, 20.46% gc time)
[2023-01-10T14:38:21.906]Completed Shot 3, state 44
1340.217660 seconds (1.96 G allocations: 5.598 TiB, 20.46% gc time)
[2023-01-10T14:38:22.110]Completed Shot 3, state 7
1341.866292 seconds (1.96 G allocations: 5.604 TiB, 20.43% gc time)
[2023-01-10T14:38:23.759]Completed Shot 3, state 20
1342.038062 seconds (1.96 G allocations: 5.605 TiB, 20.43% gc time)
[2023-01-10T14:38:23.930]Completed Shot 3, state 34
1342.374018 seconds (1.96 G allocations: 5.606 TiB, 20.43% gc time)
[2023-01-10T14:38:24.266]Completed Shot 3, state 1
1345.075016 seconds (1.96 G allocations: 5.613 TiB, 20.44% gc time)
[2023-01-10T14:38:26.967]Completed Shot 3, state 30
1347.343513 seconds (1.97 G allocations: 5.621 TiB, 20.41% gc time)
[2023-01-10T14:38:29.236]Completed Shot 3, state 17
1349.710061 seconds (1.97 G allocations: 5.626 TiB, 20.42% gc time)
[2023-01-10T14:38:31.602]Completed Shot 3, state 35
1350.320422 seconds (1.97 G allocations: 5.628 TiB, 20.41% gc time)
[2023-01-10T14:38:32.213]Completed Shot 3, state 21
1352.077724 seconds (1.97 G allocations: 5.634 TiB, 20.39% gc time)
[2023-01-10T14:38:33.970]Completed Shot 3, state 32
1354.207008 seconds (1.97 G allocations: 5.638 TiB, 20.40% gc time)
[2023-01-10T14:38:36.100]Completed Shot 3, state 29
1355.182637 seconds (1.97 G allocations: 5.641 TiB, 20.39% gc time)
[2023-01-10T14:38:37.075]Completed Shot 3, state 36
1355.544217 seconds (1.97 G allocations: 5.642 TiB, 20.38% gc time)
[2023-01-10T14:38:37.436]Completed Shot 3, state 19
1357.062589 seconds (1.98 G allocations: 5.646 TiB, 20.38% gc time)
[2023-01-10T14:38:38.955]Completed Shot 3, state 23
1358.290373 seconds (1.98 G allocations: 5.649 TiB, 20.36% gc time)
[2023-01-10T14:38:40.183]Completed Shot 3, state 40
1358.685087 seconds (1.98 G allocations: 5.650 TiB, 20.35% gc time)
[2023-01-10T14:38:40.577]Completed Shot 3, state 37
1361.321622 seconds (1.98 G allocations: 5.655 TiB, 20.33% gc time)
[2023-01-10T14:38:43.214]Completed Shot 3, state 6
1365.705699 seconds (1.98 G allocations: 5.664 TiB, 20.29% gc time)
[2023-01-10T14:38:47.598]Completed Shot 3, state 50
1365.980524 seconds (1.98 G allocations: 5.665 TiB, 20.29% gc time)
[2023-01-10T14:38:47.873]Completed Shot 3, state 3
1367.467667 seconds (1.98 G allocations: 5.667 TiB, 20.28% gc time)
[2023-01-10T14:38:49.360]Completed Shot 3, state 11
1368.469657 seconds (1.99 G allocations: 5.669 TiB, 20.26% gc time)
1368.469527 seconds (1.99 G allocations: 5.669 TiB, 20.26% gc time)
[[2023-01-10T14:38:50.362]Completed Shot 3, state 27
2023-01-10T14:38:50.362]Completed Shot 3, state 48
1369.160049 seconds (1.99 G allocations: 5.670 TiB, 20.25% gc time)
[2023-01-10T14:38:51.052]Completed Shot 3, state 2
1370.122237 seconds (1.99 G allocations: 5.672 TiB, 20.24% gc time)
[2023-01-10T14:38:52.015]Completed Shot 3, state 46
1371.338739 seconds (1.99 G allocations: 5.673 TiB, 20.23% gc time)
[2023-01-10T14:38:53.231]Completed Shot 3, state 4
1371.690869 seconds (1.99 G allocations: 5.674 TiB, 20.23% gc time)
[2023-01-10T14:38:53.583]Completed Shot 3, state 26
1372.237630 seconds (1.99 G allocations: 5.674 TiB, 20.22% gc time)
[2023-01-10T14:38:54.130]Completed Shot 3, state 24
1372.393655 seconds (1.99 G allocations: 5.674 TiB, 20.21% gc time)
[2023-01-10T14:38:54.286]Completed Shot 3, state 16
1376.290717 seconds (1.99 G allocations: 5.677 TiB, 20.17% gc time)
[2023-01-10T14:38:58.183]Completed Shot 3, state 14
1377.211686 seconds (1.99 G allocations: 5.677 TiB, 20.15% gc time)
[2023-01-10T14:38:59.104]Completed Shot 3, state 28
1379.583524 seconds (1.99 G allocations: 5.678 TiB, 20.12% gc time)
[2023-01-10T14:39:01.476]Completed Shot 3, state 43
1380.206620 seconds (1.99 G allocations: 5.678 TiB, 20.11% gc time)
[2023-01-10T14:39:02.099]Completed Shot 3, state 41
1284.839788 seconds (1.87 G allocations: 5.404 TiB, 20.99% gc time)
[2023-01-10T15:00:26.942]Completed Shot 4, state 40
1285.250170 seconds (1.88 G allocations: 5.406 TiB, 20.99% gc time)
[2023-01-10T15:00:27.352]Completed Shot 4, state 37
1285.319248 seconds (1.88 G allocations: 5.406 TiB, 20.98% gc time)
[2023-01-10T15:00:27.421]Completed Shot 4, state 49
1286.107100 seconds (1.88 G allocations: 5.410 TiB, 20.97% gc time)
[2023-01-10T15:00:28.209]Completed Shot 4, state 4
1292.537641 seconds (1.89 G allocations: 5.435 TiB, 20.97% gc time)
[2023-01-10T15:00:34.639]Completed Shot 4, state 12
1298.686725 seconds (1.90 G allocations: 5.458 TiB, 20.97% gc time)
[2023-01-10T15:00:40.788]Completed Shot 4, state 48
1299.195017 seconds (1.90 G allocations: 5.460 TiB, 20.96% gc time)
[2023-01-10T15:00:41.297]Completed Shot 4, state 45
1300.007205 seconds (1.90 G allocations: 5.464 TiB, 20.95% gc time)
[2023-01-10T15:00:42.109]Completed Shot 4, state 26
1303.440550 seconds (1.90 G allocations: 5.475 TiB, 20.99% gc time)
[2023-01-10T15:00:45.542]Completed Shot 4, state 33
1304.574856 seconds (1.90 G allocations: 5.480 TiB, 20.97% gc time)
[2023-01-10T15:00:46.677]Completed Shot 4, state 50
1304.690052 seconds (1.90 G allocations: 5.480 TiB, 20.97% gc time)
[2023-01-10T15:00:46.792]Completed Shot 4, state 7
1305.989678 seconds (1.91 G allocations: 5.486 TiB, 20.95% gc time)
[2023-01-10T15:00:48.091]Completed Shot 4, state 30
1306.236154 seconds (1.91 G allocations: 5.487 TiB, 20.95% gc time)
[2023-01-10T15:00:48.338]Completed Shot 4, state 46
1310.227540 seconds (1.91 G allocations: 5.499 TiB, 20.97% gc time)
[2023-01-10T15:00:52.329]Completed Shot 4, state 43
1311.817655 seconds (1.91 G allocations: 5.505 TiB, 20.95% gc time)
[2023-01-10T15:00:53.919]Completed Shot 4, state 19
1312.375244 seconds (1.91 G allocations: 5.508 TiB, 20.94% gc time)
[2023-01-10T15:00:54.477]Completed Shot 4, state 10
1324.012057 seconds (1.93 G allocations: 5.546 TiB, 20.92% gc time)
[2023-01-10T15:01:06.114]Completed Shot 4, state 18
1324.269077 seconds (1.93 G allocations: 5.547 TiB, 20.92% gc time)
[2023-01-10T15:01:06.371]Completed Shot 4, state 28
1326.599361 seconds (1.93 G allocations: 5.552 TiB, 20.96% gc time)
[2023-01-10T15:01:08.701]Completed Shot 4, state 25
1327.259546 seconds (1.93 G allocations: 5.554 TiB, 20.95% gc time)
[2023-01-10T15:01:09.361]Completed Shot 4, state 2
1328.517425 seconds (1.93 G allocations: 5.559 TiB, 20.93% gc time)
[2023-01-10T15:01:10.619]Completed Shot 4, state 47
1329.894653 seconds (1.94 G allocations: 5.564 TiB, 20.91% gc time)
[2023-01-10T15:01:11.996]Completed Shot 4, state 34
1330.060618 seconds (1.94 G allocations: 5.565 TiB, 20.91% gc time)
[2023-01-10T15:01:12.162]Completed Shot 4, state 23
1330.373084 seconds (1.94 G allocations: 5.566 TiB, 20.91% gc time)
[2023-01-10T15:01:12.475]Completed Shot 4, state 15
1332.031667 seconds (1.94 G allocations: 5.568 TiB, 20.95% gc time)
[2023-01-10T15:01:14.133]Completed Shot 4, state 29
1333.616639 seconds (1.94 G allocations: 5.573 TiB, 20.92% gc time)
[2023-01-10T15:01:15.718]Completed Shot 4, state 8
1335.536887 seconds (1.94 G allocations: 5.579 TiB, 20.89% gc time)
[2023-01-10T15:01:17.638]Completed Shot 4, state 41
1335.954103 seconds (1.94 G allocations: 5.581 TiB, 20.89% gc time)
[2023-01-10T15:01:18.056]Completed Shot 4, state 42
1337.242114 seconds (1.94 G allocations: 5.583 TiB, 20.89% gc time)
[2023-01-10T15:01:19.343]Completed Shot 4, state 1
1341.103318 seconds (1.95 G allocations: 5.593 TiB, 20.86% gc time)
[2023-01-10T15:01:23.205]Completed Shot 4, state 44
1341.779832 seconds (1.95 G allocations: 5.595 TiB, 20.85% gc time)
[2023-01-10T15:01:23.881]Completed Shot 4, state 31
1341.847950 seconds (1.95 G allocations: 5.595 TiB, 20.85% gc time)
[2023-01-10T15:01:23.950]Completed Shot 4, state 13
1347.117913 seconds (1.95 G allocations: 5.608 TiB, 20.79% gc time)
[2023-01-10T15:01:29.219]Completed Shot 4, state 20
1347.965625 seconds (1.95 G allocations: 5.610 TiB, 20.78% gc time)
[2023-01-10T15:01:30.067]Completed Shot 4, state 17
1348.128751 seconds (1.95 G allocations: 5.610 TiB, 20.77% gc time)
[2023-01-10T15:01:30.230]Completed Shot 4, state 5
1350.228439 seconds (1.96 G allocations: 5.613 TiB, 20.78% gc time)
[2023-01-10T15:01:32.330]Completed Shot 4, state 22
1351.861433 seconds (1.96 G allocations: 5.616 TiB, 20.76% gc time)
[2023-01-10T15:01:33.963]Completed Shot 4, state 24
1352.886894 seconds (1.96 G allocations: 5.618 TiB, 20.74% gc time)
[2023-01-10T15:01:34.988]Completed Shot 4, state 9
1354.611398 seconds (1.96 G allocations: 5.621 TiB, 20.73% gc time)
[2023-01-10T15:01:36.713]Completed Shot 4, state 21
1356.671018 seconds (1.96 G allocations: 5.624 TiB, 20.70% gc time)
[2023-01-10T15:01:38.773]Completed Shot 4, state 38
1360.216616 seconds (1.96 G allocations: 5.629 TiB, 20.65% gc time)
[2023-01-10T15:01:42.318]Completed Shot 4, state 32
1361.939814 seconds (1.96 G allocations: 5.632 TiB, 20.64% gc time)
[2023-01-10T15:01:44.041]Completed Shot 4, state 39
1363.884617 seconds (1.96 G allocations: 5.634 TiB, 20.61% gc time)
[2023-01-10T15:01:45.986]Completed Shot 4, state 3
1364.261682 seconds (1.96 G allocations: 5.635 TiB, 20.60% gc time)
[2023-01-10T15:01:46.363]Completed Shot 4, state 14
1364.703110 seconds (1.96 G allocations: 5.635 TiB, 20.59% gc time)
[2023-01-10T15:01:46.805]Completed Shot 4, state 11
1365.220524 seconds (1.96 G allocations: 5.635 TiB, 20.59% gc time)
[2023-01-10T15:01:47.322]Completed Shot 4, state 16
1368.493042 seconds (1.97 G allocations: 5.637 TiB, 20.54% gc time)
[2023-01-10T15:01:50.595]Completed Shot 4, state 36
1369.274322 seconds (1.97 G allocations: 5.638 TiB, 20.54% gc time)
[2023-01-10T15:01:51.376]Completed Shot 4, state 27
1370.005383 seconds (1.97 G allocations: 5.638 TiB, 20.53% gc time)
[2023-01-10T15:01:52.107]Completed Shot 4, state 6
1370.879638 seconds (1.97 G allocations: 5.638 TiB, 20.51% gc time)
[2023-01-10T15:01:52.981]Completed Shot 4, state 35
1257.201873 seconds (1.80 G allocations: 5.219 TiB, 21.40% gc time)
[2023-01-10T15:22:50.186]Completed Shot 5, state 26
1269.289710 seconds (1.82 G allocations: 5.272 TiB, 21.36% gc time)
[2023-01-10T15:23:02.273]Completed Shot 5, state 21
1278.892684 seconds (1.83 G allocations: 5.310 TiB, 21.39% gc time)
[2023-01-10T15:23:11.876]Completed Shot 5, state 15
1283.594515 seconds (1.84 G allocations: 5.328 TiB, 21.40% gc time)
[2023-01-10T15:23:16.578]Completed Shot 5, state 47
1284.722580 seconds (1.84 G allocations: 5.334 TiB, 21.38% gc time)
[2023-01-10T15:23:17.706]Completed Shot 5, state 42
1294.455175 seconds (1.85 G allocations: 5.371 TiB, 21.38% gc time)
[2023-01-10T15:23:27.439]Completed Shot 5, state 12
1294.888579 seconds (1.85 G allocations: 5.373 TiB, 21.38% gc time)
[2023-01-10T15:23:27.872]Completed Shot 5, state 34
1295.105383 seconds (1.85 G allocations: 5.374 TiB, 21.37% gc time)
[2023-01-10T15:23:28.089]Completed Shot 5, state 50
1295.195739 seconds (1.85 G allocations: 5.375 TiB, 21.37% gc time)
[2023-01-10T15:23:28.179]Completed Shot 5, state 3
1296.655635 seconds (1.85 G allocations: 5.382 TiB, 21.35% gc time)
[2023-01-10T15:23:29.639]Completed Shot 5, state 41
1301.485757 seconds (1.86 G allocations: 5.400 TiB, 21.35% gc time)
[2023-01-10T15:23:34.469]Completed Shot 5, state 4
1302.801597 seconds (1.86 G allocations: 5.406 TiB, 21.33% gc time)
[2023-01-10T15:23:35.785]Completed Shot 5, state 8
1305.622688 seconds (1.87 G allocations: 5.414 TiB, 21.36% gc time)
[2023-01-10T15:23:38.606]Completed Shot 5, state 9
1305.988507 seconds (1.87 G allocations: 5.416 TiB, 21.35% gc time)
[2023-01-10T15:23:38.973]Completed Shot 5, state 43
1306.831813 seconds (1.87 G allocations: 5.420 TiB, 21.34% gc time)
[2023-01-10T15:23:39.816]Completed Shot 5, state 39
1310.058204 seconds (1.87 G allocations: 5.429 TiB, 21.36% gc time)
[2023-01-10T15:23:43.042]Completed Shot 5, state 44
1310.780219 seconds (1.87 G allocations: 5.433 TiB, 21.35% gc time)
[2023-01-10T15:23:43.764]Completed Shot 5, state 40
1311.246001 seconds (1.87 G allocations: 5.434 TiB, 21.34% gc time)
[2023-01-10T15:23:44.230]Completed Shot 5, state 10
1312.829502 seconds (1.88 G allocations: 5.441 TiB, 21.31% gc time)
[2023-01-10T15:23:45.813]Completed Shot 5, state 33
1312.917653 seconds (1.88 G allocations: 5.441 TiB, 21.31% gc time)
[2023-01-10T15:23:45.902]Completed Shot 5, state 49
1316.565276 seconds (1.88 G allocations: 5.452 TiB, 21.31% gc time)
[2023-01-10T15:23:49.549]Completed Shot 5, state 14
1319.870888 seconds (1.88 G allocations: 5.462 TiB, 21.32% gc time)
[2023-01-10T15:23:52.855]Completed Shot 5, state 46
1319.941514 seconds (1.88 G allocations: 5.462 TiB, 21.32% gc time)
[2023-01-10T15:23:52.925]Completed Shot 5, state 25
1321.432749 seconds (1.88 G allocations: 5.467 TiB, 21.29% gc time)
[2023-01-10T15:23:54.416]Completed Shot 5, state 2
1323.334686 seconds (1.89 G allocations: 5.472 TiB, 21.30% gc time)
[2023-01-10T15:23:56.318]Completed Shot 5, state 24
1324.873727 seconds (1.89 G allocations: 5.478 TiB, 21.28% gc time)
[2023-01-10T15:23:57.857]Completed Shot 5, state 38
1328.555675 seconds (1.89 G allocations: 5.488 TiB, 21.27% gc time)
[2023-01-10T15:24:01.539]Completed Shot 5, state 20
1329.389510 seconds (1.89 G allocations: 5.490 TiB, 21.25% gc time)
[2023-01-10T15:24:02.373]Completed Shot 5, state 13
1329.718209 seconds (1.89 G allocations: 5.491 TiB, 21.25% gc time)
[2023-01-10T15:24:02.702]Completed Shot 5, state 22
1331.756939 seconds (1.89 G allocations: 5.496 TiB, 21.26% gc time)
[2023-01-10T15:24:04.740]Completed Shot 5, state 1
1333.171049 seconds (1.90 G allocations: 5.500 TiB, 21.24% gc time)
[2023-01-10T15:24:06.155]Completed Shot 5, state 45
1335.090282 seconds (1.90 G allocations: 5.504 TiB, 21.23% gc time)
[2023-01-10T15:24:08.074]Completed Shot 5, state 29
1335.186240 seconds (1.90 G allocations: 5.504 TiB, 21.23% gc time)
[2023-01-10T15:24:08.170]Completed Shot 5, state 6
1335.955504 seconds (1.90 G allocations: 5.506 TiB, 21.21% gc time)
[2023-01-10T15:24:08.939]Completed Shot 5, state 32
1340.695246 seconds (1.90 G allocations: 5.517 TiB, 21.16% gc time)
[2023-01-10T15:24:13.679]Completed Shot 5, state 37
1345.433033 seconds (1.91 G allocations: 5.527 TiB, 21.11% gc time)
[2023-01-10T15:24:18.417]Completed Shot 5, state 36
1346.561623 seconds (1.91 G allocations: 5.530 TiB, 21.10% gc time)
1346.561571 seconds (1.91 G allocations: 5.530 TiB, 21.10% gc time)
[[2023-01-10T15:24:19.545]Completed Shot 5, state 5
2023-01-10T15:24:19.545]Completed Shot 5, state 16
1348.188301 seconds (1.91 G allocations: 5.533 TiB, 21.07% gc time)
[2023-01-10T15:24:21.172]Completed Shot 5, state 11
1348.623110 seconds (1.91 G allocations: 5.533 TiB, 21.08% gc time)
[2023-01-10T15:24:21.607]Completed Shot 5, state 48
1348.676502 seconds (1.91 G allocations: 5.533 TiB, 21.08% gc time)
[2023-01-10T15:24:21.660]Completed Shot 5, state 31
1350.738016 seconds (1.91 G allocations: 5.536 TiB, 21.05% gc time)
[2023-01-10T15:24:23.722]Completed Shot 5, state 7
1357.333319 seconds (1.91 G allocations: 5.545 TiB, 20.96% gc time)
[2023-01-10T15:24:30.317]Completed Shot 5, state 30
1357.554447 seconds (1.91 G allocations: 5.545 TiB, 20.95% gc time)
[2023-01-10T15:24:30.538]Completed Shot 5, state 28
1358.865259 seconds (1.91 G allocations: 5.546 TiB, 20.94% gc time)
[2023-01-10T15:24:31.849]Completed Shot 5, state 17
1360.043173 seconds (1.91 G allocations: 5.547 TiB, 20.92% gc time)
[2023-01-10T15:24:33.027]Completed Shot 5, state 19
1361.051686 seconds (1.91 G allocations: 5.548 TiB, 20.91% gc time)
[2023-01-10T15:24:34.035]Completed Shot 5, state 27
1364.710966 seconds (1.91 G allocations: 5.550 TiB, 20.86% gc time)
[  Activating project at `/lustre/work/ws/ws1/hd_ku269-light_cones/WorkingFolder`
2023-01-10T15:24:37.695]Completed Shot 5, state 23
1366.679213 seconds (1.91 G allocations: 5.551 TiB, 20.83% gc time)
[2023-01-10T15:24:39.663]Completed Shot 5, state 18
1367.371858 seconds (1.91 G allocations: 5.551 TiB, 20.82% gc time)
[2023-01-10T15:24:40.356]Completed Shot 5, state 35
1383.139757 seconds (2.05 G allocations: 5.683 TiB, 21.20% gc time)
[2023-01-10T15:47:43.499]Completed Shot 6, state 39
1393.973278 seconds (2.06 G allocations: 5.720 TiB, 21.27% gc time)
[2023-01-10T15:47:54.332]Completed Shot 6, state 41
1394.889372 seconds (2.07 G allocations: 5.725 TiB, 21.26% gc time)
[2023-01-10T15:47:55.247]Completed Shot 6, state 12
1396.281903 seconds (2.07 G allocations: 5.732 TiB, 21.24% gc time)
[2023-01-10T15:47:56.640]Completed Shot 6, state 40
1396.479965 seconds (2.07 G allocations: 5.733 TiB, 21.23% gc time)
[2023-01-10T15:47:56.838]Completed Shot 6, state 45
1401.839073 seconds (2.08 G allocations: 5.750 TiB, 21.27% gc time)
[2023-01-10T15:48:02.197]Completed Shot 6, state 36
1402.525248 seconds (2.08 G allocations: 5.753 TiB, 21.26% gc time)
[2023-01-10T15:48:02.883]Completed Shot 6, state 13
1404.585598 seconds (2.08 G allocations: 5.763 TiB, 21.23% gc time)
[2023-01-10T15:48:04.944]Completed Shot 6, state 29
1407.340451 seconds (2.08 G allocations: 5.769 TiB, 21.28% gc time)
[2023-01-10T15:48:07.699]Completed Shot 6, state 31
1416.203979 seconds (2.10 G allocations: 5.803 TiB, 21.25% gc time)
[2023-01-10T15:48:16.562]Completed Shot 6, state 7
1423.268480 seconds (2.11 G allocations: 5.828 TiB, 21.24% gc time)
[2023-01-10T15:48:23.626]Completed Shot 6, state 5
1428.004973 seconds (2.11 G allocations: 5.842 TiB, 21.27% gc time)
[2023-01-10T15:48:28.363]Completed Shot 6, state 21
1428.334492 seconds (2.11 G allocations: 5.844 TiB, 21.26% gc time)
[2023-01-10T15:48:28.693]Completed Shot 6, state 16
1430.302941 seconds (2.12 G allocations: 5.852 TiB, 21.23% gc time)
[2023-01-10T15:48:30.661]Completed Shot 6, state 26
1433.210074 seconds (2.12 G allocations: 5.859 TiB, 21.28% gc time)
[2023-01-10T15:48:33.568]Completed Shot 6, state 44
1433.232704 seconds (2.12 G allocations: 5.859 TiB, 21.28% gc time)
[2023-01-10T15:48:33.591]Completed Shot 6, state 15
1435.100419 seconds (2.12 G allocations: 5.867 TiB, 21.25% gc time)
[2023-01-10T15:48:35.459]Completed Shot 6, state 35
1439.219545 seconds (2.13 G allocations: 5.877 TiB, 21.28% gc time)
[2023-01-10T15:48:39.578]Completed Shot 6, state 32
1439.791348 seconds (2.13 G allocations: 5.879 TiB, 21.27% gc time)
[2023-01-10T15:48:40.149]Completed Shot 6, state 19
1441.562682 seconds (2.13 G allocations: 5.886 TiB, 21.24% gc time)
[2023-01-10T15:48:41.921]Completed Shot 6, state 47
1441.601639 seconds (2.13 G allocations: 5.886 TiB, 21.24% gc time)
[2023-01-10T15:48:41.960]Completed Shot 6, state 50
1442.735307 seconds (2.13 G allocations: 5.890 TiB, 21.23% gc time)
[2023-01-10T15:48:43.093]Completed Shot 6, state 18
1443.005532 seconds (2.13 G allocations: 5.891 TiB, 21.22% gc time)
[2023-01-10T15:48:43.364]Completed Shot 6, state 27
1443.244684 seconds (2.13 G allocations: 5.892 TiB, 21.22% gc time)
[2023-01-10T15:48:43.603]Completed Shot 6, state 22
1445.902974 seconds (2.13 G allocations: 5.897 TiB, 21.25% gc time)
[2023-01-10T15:48:46.261]Completed Shot 6, state 2
1447.139983 seconds (2.13 G allocations: 5.901 TiB, 21.23% gc time)
[2023-01-10T15:48:47.498]Completed Shot 6, state 28
1447.595281 seconds (2.14 G allocations: 5.902 TiB, 21.23% gc time)
[2023-01-10T15:48:47.954]Completed Shot 6, state 42
1448.369640 seconds (2.14 G allocations: 5.905 TiB, 21.22% gc time)
[2023-01-10T15:48:48.728]Completed Shot 6, state 43
1448.620232 seconds (2.14 G allocations: 5.905 TiB, 21.21% gc time)
[2023-01-10T15:48:48.978]Completed Shot 6, state 10
1450.592142 seconds (2.14 G allocations: 5.909 TiB, 21.24% gc time)
[2023-01-10T15:48:50.951]Completed Shot 6, state 48
1452.223943 seconds (2.14 G allocations: 5.913 TiB, 21.22% gc time)
[2023-01-10T15:48:52.582]Completed Shot 6, state 1
1453.002318 seconds (2.14 G allocations: 5.915 TiB, 21.20% gc time)
[2023-01-10T15:48:53.360]Completed Shot 6, state 34
1454.434941 seconds (2.14 G allocations: 5.919 TiB, 21.18% gc time)
[2023-01-10T15:48:54.793]Completed Shot 6, state 23
1454.535864 seconds (2.14 G allocations: 5.919 TiB, 21.18% gc time)
[2023-01-10T15:48:54.894]Completed Shot 6, state 17
1458.068334 seconds (2.14 G allocations: 5.926 TiB, 21.17% gc time)
[2023-01-10T15:48:58.427]Completed Shot 6, state 38
1458.570808 seconds (2.14 G allocations: 5.927 TiB, 21.16% gc time)
[2023-01-10T15:48:58.929]Completed Shot 6, state 8
1461.323930 seconds (2.15 G allocations: 5.931 TiB, 21.16% gc time)
[2023-01-10T15:49:01.682]Completed Shot 6, state 30
1461.493479 seconds (2.15 G allocations: 5.931 TiB, 21.16% gc time)
[2023-01-10T15:49:01.852]Completed Shot 6, state 33
1464.711620 seconds (2.15 G allocations: 5.937 TiB, 21.12% gc time)
[2023-01-10T15:49:05.070]Completed Shot 6, state 11
1466.773070 seconds (2.15 G allocations: 5.941 TiB, 21.09% gc time)
[2023-01-10T15:49:07.131]Completed Shot 6, state 6
1466.994555 seconds (2.15 G allocations: 5.941 TiB, 21.09% gc time)
[2023-01-10T15:49:07.353]Completed Shot 6, state 20
1468.440220 seconds (2.15 G allocations: 5.943 TiB, 21.08% gc time)
[2023-01-10T15:49:08.798]Completed Shot 6, state 25
1468.471480 seconds (2.15 G allocations: 5.943 TiB, 21.08% gc time)
[2023-01-10T15:49:08.829]Completed Shot 6, state 9
1468.892518 seconds (2.15 G allocations: 5.943 TiB, 21.07% gc time)
[2023-01-10T15:49:09.251]Completed Shot 6, state 37
1469.367460 seconds (2.15 G allocations: 5.944 TiB, 21.07% gc time)
[2023-01-10T15:49:09.726]Completed Shot 6, state 24
1471.682413 seconds (2.15 G allocations: 5.946 TiB, 21.05% gc time)
[2023-01-10T15:49:12.040]Completed Shot 6, state 3
1474.119287 seconds (2.15 G allocations: 5.947 TiB, 21.01% gc time)
[2023-01-10T15:49:14.477]Completed Shot 6, state 14
1474.678181 seconds (2.15 G allocations: 5.948 TiB, 21.00% gc time)
[2023-01-10T15:49:15.036]Completed Shot 6, state 4
1475.310550 seconds (2.15 G allocations: 5.948 TiB, 21.00% gc time)
[2023-01-10T15:49:15.669]Completed Shot 6, state 46
1477.228454 seconds (2.15 G allocations: 5.948 TiB, 20.97% gc time)
[2023-01-10T15:49:17.587]Completed Shot 6, state 49
1208.702408 seconds (1.70 G allocations: 4.954 TiB, 20.85% gc time)
[2023-01-10T16:09:26.293]Completed Shot 7, state 5
1221.106062 seconds (1.72 G allocations: 5.010 TiB, 20.77% gc time)
[2023-01-10T16:09:38.699]Completed Shot 7, state 18
1261.859258 seconds (1.78 G allocations: 5.172 TiB, 20.86% gc time)
[2023-01-10T16:10:19.453]Completed Shot 7, state 48
1263.321671 seconds (1.78 G allocations: 5.179 TiB, 20.84% gc time)
[2023-01-10T16:10:20.915]Completed Shot 7, state 47
1277.391998 seconds (1.80 G allocations: 5.235 TiB, 20.84% gc time)
[2023-01-10T16:10:34.985]Completed Shot 7, state 23
1277.409030 seconds (1.80 G allocations: 5.235 TiB, 20.84% gc time)
[2023-01-10T16:10:35.002]Completed Shot 7, state 41
1282.931982 seconds (1.81 G allocations: 5.255 TiB, 20.86% gc time)
[2023-01-10T16:10:40.525]Completed Shot 7, state 26
1291.482150 seconds (1.82 G allocations: 5.290 TiB, 20.84% gc time)
[2023-01-10T16:10:49.075]Completed Shot 7, state 28
1293.980642 seconds (1.83 G allocations: 5.301 TiB, 20.80% gc time)
[2023-01-10T16:10:51.573]Completed Shot 7, state 21
1297.682515 seconds (1.83 G allocations: 5.314 TiB, 20.82% gc time)
[2023-01-10T16:10:55.275]Completed Shot 7, state 16
1303.485846 seconds (1.84 G allocations: 5.335 TiB, 20.83% gc time)
[2023-01-10T16:11:01.075]Completed Shot 7, state 1
1306.103041 seconds (1.84 G allocations: 5.347 TiB, 20.79% gc time)
[2023-01-10T16:11:03.696]Completed Shot 7, state 49
1310.586766 seconds (1.85 G allocations: 5.362 TiB, 20.82% gc time)
[2023-01-10T16:11:08.180]Completed Shot 7, state 19
1313.292023 seconds (1.85 G allocations: 5.374 TiB, 20.78% gc time)
[2023-01-10T16:11:10.883]Completed Shot 7, state 8
1315.340045 seconds (1.85 G allocations: 5.377 TiB, 20.83% gc time)
[2023-01-10T16:11:12.933]Completed Shot 7, state 43
1319.076956 seconds (1.86 G allocations: 5.394 TiB, 20.78% gc time)
[2023-01-10T16:11:16.670]Completed Shot 7, state 17
1325.037836 seconds (1.87 G allocations: 5.414 TiB, 20.78% gc time)
[2023-01-10T16:11:22.627]Completed Shot 7, state 2
1325.530287 seconds (1.87 G allocations: 5.416 TiB, 20.77% gc time)
[2023-01-10T16:11:23.123]Completed Shot 7, state 29
1328.451461 seconds (1.87 G allocations: 5.423 TiB, 20.81% gc time)
[2023-01-10T16:11:26.044]Completed Shot 7, state 36
1329.213999 seconds (1.87 G allocations: 5.426 TiB, 20.79% gc time)
[2023-01-10T16:11:26.807]Completed Shot 7, state 42
1331.430172 seconds (1.87 G allocations: 5.435 TiB, 20.76% gc time)
[2023-01-10T16:11:29.023]Completed Shot 7, state 37
1336.546762 seconds (1.88 G allocations: 5.451 TiB, 20.76% gc time)
[2023-01-10T16:11:34.137]Completed Shot 7, state 6
1339.078097 seconds (1.88 G allocations: 5.460 TiB, 20.72% gc time)
[2023-01-10T16:11:36.671]Completed Shot 7, state 45
1340.288405 seconds (1.88 G allocations: 5.461 TiB, 20.77% gc time)
[2023-01-10T16:11:37.879]Completed Shot 7, state 10
1344.024966 seconds (1.89 G allocations: 5.475 TiB, 20.71% gc time)
[2023-01-10T16:11:41.617]Completed Shot 7, state 15
1347.416432 seconds (1.89 G allocations: 5.484 TiB, 20.72% gc time)
[2023-01-10T16:11:45.009]Completed Shot 7, state 39
1349.023856 seconds (1.89 G allocations: 5.489 TiB, 20.70% gc time)
[2023-01-10T16:11:46.617]Completed Shot 7, state 38
1352.249327 seconds (1.90 G allocations: 5.497 TiB, 20.71% gc time)
[2023-01-10T16:11:49.842]Completed Shot 7, state 35
1353.358835 seconds (1.90 G allocations: 5.500 TiB, 20.69% gc time)
[2023-01-10T16:11:50.950]Completed Shot 7, state 12
1354.692146 seconds (1.90 G allocations: 5.504 TiB, 20.67% gc time)
[2023-01-10T16:11:52.285]Completed Shot 7, state 27
1354.768456 seconds (1.90 G allocations: 5.505 TiB, 20.67% gc time)
[2023-01-10T16:11:52.361]Completed Shot 7, state 50
1355.302656 seconds (1.90 G allocations: 5.506 TiB, 20.66% gc time)
[2023-01-10T16:11:52.894]Completed Shot 7, state 11
1355.544484 seconds (1.90 G allocations: 5.507 TiB, 20.66% gc time)
[2023-01-10T16:11:53.137]Completed Shot 7, state 44
1355.621791 seconds (1.90 G allocations: 5.507 TiB, 20.65% gc time)
[2023-01-10T16:11:53.214]Completed Shot 7, state 14
1357.254874 seconds (1.90 G allocations: 5.510 TiB, 20.65% gc time)
[2023-01-10T16:11:54.848]Completed Shot 7, state 25
1361.066770 seconds (1.90 G allocations: 5.518 TiB, 20.63% gc time)
[2023-01-10T16:11:58.660]Completed Shot 7, state 33
1362.089326 seconds (1.90 G allocations: 5.520 TiB, 20.62% gc time)
[2023-01-10T16:11:59.682]Completed Shot 7, state 31
1365.470128 seconds (1.91 G allocations: 5.526 TiB, 20.59% gc time)
[2023-01-10T16:12:03.063]Completed Shot 7, state 30
1367.056872 seconds (1.91 G allocations: 5.530 TiB, 20.56% gc time)
[2023-01-10T16:12:04.650]Completed Shot 7, state 46
1367.085923 seconds (1.91 G allocations: 5.530 TiB, 20.56% gc time)
[2023-01-10T16:12:04.675]Completed Shot 7, state 3
1367.305603 seconds (1.91 G allocations: 5.530 TiB, 20.56% gc time)
[2023-01-10T16:12:04.898]Completed Shot 7, state 24
1374.700475 seconds (1.91 G allocations: 5.541 TiB, 20.47% gc time)
[2023-01-10T16:12:12.291]Completed Shot 7, state 9
1379.081534 seconds (1.91 G allocations: 5.546 TiB, 20.41% gc time)
[2023-01-10T16:12:16.674]Completed Shot 7, state 20
1381.270474 seconds (1.91 G allocations: 5.549 TiB, 20.39% gc time)
[2023-01-10T16:12:18.862]Completed Shot 7, state 13
1383.132374 seconds (1.91 G allocations: 5.551 TiB, 20.36% gc time)
[2023-01-10T16:12:20.723]Completed Shot 7, state 7
1384.833667 seconds (1.92 G allocations: 5.552 TiB, 20.35% gc time)
[2023-01-10T16:12:22.423]Completed Shot 7, state 4
1385.834653 seconds (1.92 G allocations: 5.553 TiB, 20.33% gc time)
[2023-01-10T16:12:23.428]Completed Shot 7, state 32
1388.546389 seconds (1.92 G allocations: 5.554 TiB, 20.29% gc time)
[2023-01-10T16:12:26.139]Completed Shot 7, state 34
1391.882258 seconds (1.92 G allocations: 5.555 TiB, 20.25% gc time)
[2023-01-10T16:12:29.475]Completed Shot 7, state 40
1394.606573 seconds (1.92 G allocations: 5.556 TiB, 20.21% gc time)
[2023-01-10T16:12:32.199]Completed Shot 7, state 22
1325.001363 seconds (1.93 G allocations: 5.479 TiB, 21.46% gc time)
[2023-01-10T16:34:37.204]Completed Shot 8, state 32
1327.718239 seconds (1.93 G allocations: 5.487 TiB, 21.50% gc time)
[2023-01-10T16:34:39.920]Completed Shot 8, state 27
1330.914122 seconds (1.94 G allocations: 5.502 TiB, 21.45% gc time)
[2023-01-10T16:34:43.116]Completed Shot 8, state 37
1353.869713 seconds (1.97 G allocations: 5.585 TiB, 21.48% gc time)
[2023-01-10T16:35:06.072]Completed Shot 8, state 12
1356.379086 seconds (1.98 G allocations: 5.597 TiB, 21.44% gc time)
[2023-01-10T16:35:08.581]Completed Shot 8, state 45
1362.309844 seconds (1.98 G allocations: 5.617 TiB, 21.47% gc time)
[2023-01-10T16:35:14.512]Completed Shot 8, state 34
1364.543626 seconds (1.99 G allocations: 5.627 TiB, 21.44% gc time)
[2023-01-10T16:35:16.746]Completed Shot 8, state 49
1364.696394 seconds (1.99 G allocations: 5.628 TiB, 21.43% gc time)
[2023-01-10T16:35:16.899]Completed Shot 8, state 41
1370.204073 seconds (2.00 G allocations: 5.646 TiB, 21.46% gc time)
[2023-01-10T16:35:22.406]Completed Shot 8, state 5
1373.285252 seconds (2.00 G allocations: 5.660 TiB, 21.42% gc time)
[2023-01-10T16:35:25.488]Completed Shot 8, state 47
1373.605589 seconds (2.00 G allocations: 5.661 TiB, 21.41% gc time)
[2023-01-10T16:35:25.808]Completed Shot 8, state 22
1373.792626 seconds (2.00 G allocations: 5.662 TiB, 21.41% gc time)
[2023-01-10T16:35:25.995]Completed Shot 8, state 38
1376.526841 seconds (2.00 G allocations: 5.666 TiB, 21.49% gc time)
[2023-01-10T16:35:28.729]Completed Shot 8, state 30
1378.343106 seconds (2.01 G allocations: 5.674 TiB, 21.46% gc time)
[2023-01-10T16:35:30.545]Completed Shot 8, state 28
1379.708108 seconds (2.01 G allocations: 5.680 TiB, 21.44% gc time)
[2023-01-10T16:35:31.910]Completed Shot 8, state 15
1379.843138 seconds (2.01 G allocations: 5.681 TiB, 21.44% gc time)
[2023-01-10T16:35:32.045]Completed Shot 8, state 26
1380.201501 seconds (2.01 G allocations: 5.682 TiB, 21.43% gc time)
[2023-01-10T16:35:32.403]Completed Shot 8, state 1
1382.301907 seconds (2.01 G allocations: 5.690 TiB, 21.40% gc time)
[2023-01-10T16:35:34.504]Completed Shot 8, state 2
1385.240615 seconds (2.02 G allocations: 5.697 TiB, 21.43% gc time)
[2023-01-10T16:35:37.443]Completed Shot 8, state 16
1387.075598 seconds (2.02 G allocations: 5.704 TiB, 21.40% gc time)
[2023-01-10T16:35:39.278]Completed Shot 8, state 10
1387.443667 seconds (2.02 G allocations: 5.706 TiB, 21.39% gc time)
[2023-01-10T16:35:39.646]Completed Shot 8, state 20
1388.891572 seconds (2.02 G allocations: 5.711 TiB, 21.37% gc time)
[2023-01-10T16:35:41.094]Completed Shot 8, state 44
1389.460989 seconds (2.02 G allocations: 5.713 TiB, 21.36% gc time)
[2023-01-10T16:35:41.663]Completed Shot 8, state 48
1390.799963 seconds (2.02 G allocations: 5.714 TiB, 21.42% gc time)
[2023-01-10T16:35:43.002]Completed Shot 8, state 23
1392.508388 seconds (2.02 G allocations: 5.719 TiB, 21.40% gc time)
[2023-01-10T16:35:44.710]Completed Shot 8, state 8
1394.098197 seconds (2.03 G allocations: 5.725 TiB, 21.37% gc time)
[2023-01-10T16:35:46.300]Completed Shot 8, state 13
1397.436751 seconds (2.03 G allocations: 5.732 TiB, 21.40% gc time)
[2023-01-10T16:35:49.639]Completed Shot 8, state 7
1398.024506 seconds (2.03 G allocations: 5.733 TiB, 21.39% gc time)
[2023-01-10T16:35:50.227]Completed Shot 8, state 17
1398.214477 seconds (2.03 G allocations: 5.734 TiB, 21.39% gc time)
[2023-01-10T16:35:50.417]Completed Shot 8, state 9
1398.323322 seconds (2.03 G allocations: 5.734 TiB, 21.38% gc time)
[2023-01-10T16:35:50.526]Completed Shot 8, state 35
1401.148463 seconds (2.03 G allocations: 5.742 TiB, 21.34% gc time)
[2023-01-10T16:35:53.351]Completed Shot 8, state 31
1401.239761 seconds (2.03 G allocations: 5.742 TiB, 21.34% gc time)
[2023-01-10T16:35:53.442]Completed Shot 8, state 24
1401.336866 seconds (2.03 G allocations: 5.743 TiB, 21.34% gc time)
[2023-01-10T16:35:53.539]Completed Shot 8, state 43
1402.003782 seconds (2.03 G allocations: 5.744 TiB, 21.33% gc time)
[2023-01-10T16:35:54.206]Completed Shot 8, state 46
1403.893901 seconds (2.04 G allocations: 5.748 TiB, 21.33% gc time)
[2023-01-10T16:35:56.096]Completed Shot 8, state 6
1404.024560 seconds (2.04 G allocations: 5.748 TiB, 21.33% gc time)
[2023-01-10T16:35:56.227]Completed Shot 8, state 39
1405.091831 seconds (2.04 G allocations: 5.750 TiB, 21.31% gc time)
[2023-01-10T16:35:57.294]Completed Shot 8, state 14
1406.110414 seconds (2.04 G allocations: 5.752 TiB, 21.29% gc time)
[2023-01-10T16:35:58.313]Completed Shot 8, state 40
1407.387769 seconds (2.04 G allocations: 5.754 TiB, 21.28% gc time)
[2023-01-10T16:35:59.590]Completed Shot 8, state 4
1407.831324 seconds (2.04 G allocations: 5.755 TiB, 21.27% gc time)
[2023-01-10T16:36:00.034]Completed Shot 8, state 33
1408.971422 seconds (2.04 G allocations: 5.756 TiB, 21.29% gc time)
[2023-01-10T16:36:01.173]Completed Shot 8, state 19
1410.099501 seconds (2.04 G allocations: 5.757 TiB, 21.27% gc time)
[2023-01-10T16:36:02.302]Completed Shot 8, state 36
1410.288072 seconds (2.04 G allocations: 5.758 TiB, 21.27% gc time)
[2023-01-10T16:36:02.490]Completed Shot 8, state 25
1413.593796 seconds (2.04 G allocations: 5.761 TiB, 21.24% gc time)
[2023-01-10T16:36:05.796]Completed Shot 8, state 29
1414.346901 seconds (2.04 G allocations: 5.762 TiB, 21.23% gc time)
[2023-01-10T16:36:06.549]Completed Shot 8, state 11
1419.459829 seconds (2.04 G allocations: 5.766 TiB, 21.16% gc time)
[2023-01-10T16:36:11.662]Completed Shot 8, state 42
1421.083581 seconds (2.04 G allocations: 5.767 TiB, 21.14% gc time)
[2023-01-10T16:36:13.286]Completed Shot 8, state 18
1421.355600 seconds (2.04 G allocations: 5.767 TiB, 21.13% gc time)
[2023-01-10T16:36:13.557]Completed Shot 8, state 3
1422.850933 seconds (2.04 G allocations: 5.767 TiB, 21.12% gc time)
[2023-01-10T16:36:15.053]Completed Shot 8, state 21
1433.500864 seconds (2.04 G allocations: 5.769 TiB, 20.96% gc time)
[2023-01-10T16:36:25.703]Completed Shot 8, state 50
1340.875513 seconds (1.94 G allocations: 5.470 TiB, 21.32% gc time)
[2023-01-10T16:58:46.588]Completed Shot 9, state 35
1345.762197 seconds (1.95 G allocations: 5.494 TiB, 21.25% gc time)
[2023-01-10T16:58:51.469]Completed Shot 9, state 8
1351.082585 seconds (1.96 G allocations: 5.511 TiB, 21.31% gc time)
[2023-01-10T16:58:56.791]Completed Shot 9, state 16
1355.204881 seconds (1.96 G allocations: 5.531 TiB, 21.25% gc time)
[2023-01-10T16:59:00.914]Completed Shot 9, state 50
1375.488549 seconds (1.99 G allocations: 5.610 TiB, 21.25% gc time)
[2023-01-10T16:59:21.198]Completed Shot 9, state 20
1388.489982 seconds (2.01 G allocations: 5.653 TiB, 21.35% gc time)
[2023-01-10T16:59:34.199]Completed Shot 9, state 46
1390.723192 seconds (2.02 G allocations: 5.663 TiB, 21.31% gc time)
[2023-01-10T16:59:36.432]Completed Shot 9, state 28
1391.750771 seconds (2.02 G allocations: 5.668 TiB, 21.30% gc time)
[2023-01-10T16:59:37.460]Completed Shot 9, state 47
1392.026677 seconds (2.02 G allocations: 5.670 TiB, 21.29% gc time)
[2023-01-10T16:59:37.736]Completed Shot 9, state 18
1392.877036 seconds (2.02 G allocations: 5.674 TiB, 21.28% gc time)
[2023-01-10T16:59:38.586]Completed Shot 9, state 42
1394.341357 seconds (2.02 G allocations: 5.680 TiB, 21.26% gc time)
[2023-01-10T16:59:40.051]Completed Shot 9, state 40
1401.435735 seconds (2.03 G allocations: 5.704 TiB, 21.29% gc time)
[2023-01-10T16:59:47.142]Completed Shot 9, state 2
1401.677678 seconds (2.03 G allocations: 5.705 TiB, 21.29% gc time)
[2023-01-10T16:59:47.387]Completed Shot 9, state 25
1403.409956 seconds (2.04 G allocations: 5.712 TiB, 21.26% gc time)
[2023-01-10T16:59:49.119]Completed Shot 9, state 44
1405.983269 seconds (2.04 G allocations: 5.714 TiB, 21.36% gc time)
[2023-01-10T16:59:51.693]Completed Shot 9, state 33
1408.275780 seconds (2.04 G allocations: 5.724 TiB, 21.33% gc time)
[2023-01-10T16:59:53.985]Completed Shot 9, state 32
1408.905315 seconds (2.04 G allocations: 5.727 TiB, 21.32% gc time)
[2023-01-10T16:59:54.615]Completed Shot 9, state 36
1409.016424 seconds (2.04 G allocations: 5.727 TiB, 21.32% gc time)
[2023-01-10T16:59:54.726]Completed Shot 9, state 22
1409.957850 seconds (2.04 G allocations: 5.731 TiB, 21.30% gc time)
[2023-01-10T16:59:55.665]Completed Shot 9, state 7
1410.845593 seconds (2.04 G allocations: 5.734 TiB, 21.29% gc time)
[2023-01-10T16:59:56.555]Completed Shot 9, state 49
1414.671431 seconds (2.05 G allocations: 5.742 TiB, 21.35% gc time)
[2023-01-10T17:00:00.381]Completed Shot 9, state 43
1418.126923 seconds (2.05 G allocations: 5.755 TiB, 21.30% gc time)
[2023-01-10T17:00:03.836]Completed Shot 9, state 48
1418.525827 seconds (2.05 G allocations: 5.756 TiB, 21.29% gc time)
[2023-01-10T17:00:04.235]Completed Shot 9, state 39
1419.034368 seconds (2.05 G allocations: 5.758 TiB, 21.28% gc time)
[2023-01-10T17:00:04.744]Completed Shot 9, state 30
1424.232521 seconds (2.06 G allocations: 5.771 TiB, 21.30% gc time)
[2023-01-10T17:00:09.942]Completed Shot 9, state 38
1424.289314 seconds (2.06 G allocations: 5.771 TiB, 21.30% gc time)
[2023-01-10T17:00:09.995]Completed Shot 9, state 1
1426.137810 seconds (2.06 G allocations: 5.777 TiB, 21.27% gc time)
[2023-01-10T17:00:11.846]Completed Shot 9, state 12
1426.486782 seconds (2.06 G allocations: 5.778 TiB, 21.26% gc time)
[2023-01-10T17:00:12.193]Completed Shot 9, state 5
1428.173361 seconds (2.06 G allocations: 5.782 TiB, 21.28% gc time)
[2023-01-10T17:00:13.881]Completed Shot 9, state 9
1429.013041 seconds (2.06 G allocations: 5.784 TiB, 21.26% gc time)
[2023-01-10T17:00:14.722]Completed Shot 9, state 21
1429.027652 seconds (2.06 G allocations: 5.784 TiB, 21.26% gc time)
[2023-01-10T17:00:14.734]Completed Shot 9, state 4
1432.016576 seconds (2.07 G allocations: 5.792 TiB, 21.22% gc time)
[2023-01-10T17:00:17.725]Completed Shot 9, state 14
1432.451774 seconds (2.07 G allocations: 5.794 TiB, 21.21% gc time)
[2023-01-10T17:00:18.161]Completed Shot 9, state 27
1433.509191 seconds (2.07 G allocations: 5.795 TiB, 21.22% gc time)
[2023-01-10T17:00:19.218]Completed Shot 9, state 15
1433.548509 seconds (2.07 G allocations: 5.795 TiB, 21.22% gc time)
[2023-01-10T17:00:19.258]Completed Shot 9, state 34
1434.663128 seconds (2.07 G allocations: 5.798 TiB, 21.21% gc time)
[2023-01-10T17:00:20.371]Completed Shot 9, state 11
1435.515226 seconds (2.07 G allocations: 5.799 TiB, 21.19% gc time)
[2023-01-10T17:00:21.224]Completed Shot 9, state 17
1437.105652 seconds (2.07 G allocations: 5.803 TiB, 21.17% gc time)
[2023-01-10T17:00:22.815]Completed Shot 9, state 26
1440.374933 seconds (2.07 G allocations: 5.808 TiB, 21.16% gc time)
[2023-01-10T17:00:26.084]Completed Shot 9, state 19
1443.087383 seconds (2.07 G allocations: 5.812 TiB, 21.12% gc time)
[2023-01-10T17:00:28.797]Completed Shot 9, state 29
1443.307926 seconds (2.07 G allocations: 5.813 TiB, 21.12% gc time)
[2023-01-10T17:00:29.015]Completed Shot 9, state 6
1444.633880 seconds (2.08 G allocations: 5.814 TiB, 21.11% gc time)
[2023-01-10T17:00:30.343]Completed Shot 9, state 23
1446.301763 seconds (2.08 G allocations: 5.816 TiB, 21.09% gc time)
[2023-01-10T17:00:32.011]Completed Shot 9, state 45
1450.747444 seconds (2.08 G allocations: 5.821 TiB, 21.04% gc time)
[2023-01-10T17:00:36.455]Completed Shot 9, state 13
1451.681088 seconds (2.08 G allocations: 5.822 TiB, 21.02% gc time)
[2023-01-10T17:00:37.387]Completed Shot 9, state 3
1452.959577 seconds (2.08 G allocations: 5.823 TiB, 21.01% gc time)
[2023-01-10T17:00:38.669]Completed Shot 9, state 24
1453.935378 seconds (2.08 G allocations: 5.823 TiB, 21.00% gc time)
[2023-01-10T17:00:39.645]Completed Shot 9, state 31
1459.741734 seconds (2.08 G allocations: 5.826 TiB, 20.92% gc time)
[2023-01-10T17:00:45.451]Completed Shot 9, state 41
1467.962865 seconds (2.08 G allocations: 5.829 TiB, 20.81% gc time)
[2023-01-10T17:00:53.670]Completed Shot 9, state 10
1478.175511 seconds (2.08 G allocations: 5.831 TiB, 20.67% gc time)
[2023-01-10T17:01:03.885]Completed Shot 9, state 37
1349.014678 seconds (1.93 G allocations: 5.500 TiB, 23.24% gc time)
[2023-01-10T17:23:32.903]Completed Shot 10, state 38
1349.570878 seconds (1.93 G allocations: 5.503 TiB, 23.23% gc time)
[2023-01-10T17:23:33.459]Completed Shot 10, state 50
1355.464222 seconds (1.93 G allocations: 5.525 TiB, 23.23% gc time)
[2023-01-10T17:23:39.352]Completed Shot 10, state 3
1365.389177 seconds (1.95 G allocations: 5.562 TiB, 23.21% gc time)
[2023-01-10T17:23:49.277]Completed Shot 10, state 37
1365.539304 seconds (1.95 G allocations: 5.563 TiB, 23.21% gc time)
[2023-01-10T17:23:49.427]Completed Shot 10, state 11
1366.148360 seconds (1.95 G allocations: 5.565 TiB, 23.20% gc time)
[2023-01-10T17:23:50.036]Completed Shot 10, state 19
1369.480255 seconds (1.95 G allocations: 5.570 TiB, 23.32% gc time)
[2023-01-10T17:23:53.368]Completed Shot 10, state 9
1371.567023 seconds (1.96 G allocations: 5.579 TiB, 23.28% gc time)
[2023-01-10T17:23:55.455]Completed Shot 10, state 43
1372.415865 seconds (1.96 G allocations: 5.583 TiB, 23.27% gc time)
[2023-01-10T17:23:56.304]Completed Shot 10, state 48
1373.648457 seconds (1.96 G allocations: 5.589 TiB, 23.25% gc time)
[2023-01-10T17:23:57.536]Completed Shot 10, state 31
1373.828870 seconds (1.96 G allocations: 5.590 TiB, 23.25% gc time)
[2023-01-10T17:23:57.716]Completed Shot 10, state 32
1374.111111 seconds (1.96 G allocations: 5.591 TiB, 23.24% gc time)
[2023-01-10T17:23:57.998]Completed Shot 10, state 1
1374.800202 seconds (1.96 G allocations: 5.594 TiB, 23.23% gc time)
[2023-01-10T17:23:58.688]Completed Shot 10, state 27
1377.087319 seconds (1.96 G allocations: 5.597 TiB, 23.31% gc time)
[2023-01-10T17:24:00.975]Completed Shot 10, state 46
1379.641577 seconds (1.97 G allocations: 5.607 TiB, 23.27% gc time)
[2023-01-10T17:24:03.529]Completed Shot 10, state 42
1379.674280 seconds (1.97 G allocations: 5.607 TiB, 23.27% gc time)
[2023-01-10T17:24:03.562]Completed Shot 10, state 5
1383.886405 seconds (1.97 G allocations: 5.620 TiB, 23.27% gc time)
[2023-01-10T17:24:07.774]Completed Shot 10, state 47
1384.260887 seconds (1.97 G allocations: 5.622 TiB, 23.26% gc time)
[2023-01-10T17:24:08.148]Completed Shot 10, state 17
1387.471369 seconds (1.98 G allocations: 5.634 TiB, 23.21% gc time)
[2023-01-10T17:24:11.359]Completed Shot 10, state 33
1388.543686 seconds (1.98 G allocations: 5.638 TiB, 23.19% gc time)
[2023-01-10T17:24:12.431]Completed Shot 10, state 10
1390.387459 seconds (1.98 G allocations: 5.642 TiB, 23.21% gc time)
[2023-01-10T17:24:14.275]Completed Shot 10, state 7
1390.500738 seconds (1.98 G allocations: 5.643 TiB, 23.21% gc time)
[2023-01-10T17:24:14.388]Completed Shot 10, state 2
1391.492302 seconds (1.98 G allocations: 5.646 TiB, 23.19% gc time)
[2023-01-10T17:24:15.380]Completed Shot 10, state 4
1392.091995 seconds (1.98 G allocations: 5.648 TiB, 23.18% gc time)
[2023-01-10T17:24:15.980]Completed Shot 10, state 44
1394.066777 seconds (1.99 G allocations: 5.655 TiB, 23.15% gc time)
[2023-01-10T17:24:17.954]Completed Shot 10, state 21
1394.134531 seconds (1.99 G allocations: 5.655 TiB, 23.15% gc time)
[2023-01-10T17:24:18.022]Completed Shot 10, state 49
1396.451820 seconds (1.99 G allocations: 5.659 TiB, 23.19% gc time)
[2023-01-10T17:24:20.339]Completed Shot 10, state 14
1397.483034 seconds (1.99 G allocations: 5.662 TiB, 23.17% gc time)
[2023-01-10T17:24:21.371]Completed Shot 10, state 30
1397.668909 seconds (1.99 G allocations: 5.663 TiB, 23.17% gc time)
[2023-01-10T17:24:21.557]Completed Shot 10, state 40
1397.971171 seconds (1.99 G allocations: 5.664 TiB, 23.16% gc time)
[2023-01-10T17:24:21.859]Completed Shot 10, state 13
1400.250808 seconds (1.99 G allocations: 5.670 TiB, 23.13% gc time)
[2023-01-10T17:24:24.138]Completed Shot 10, state 16
1400.860604 seconds (1.99 G allocations: 5.672 TiB, 23.12% gc time)
[2023-01-10T17:24:24.748]Completed Shot 10, state 45
1402.782693 seconds (1.99 G allocations: 5.674 TiB, 23.14% gc time)
[2023-01-10T17:24:26.670]Completed Shot 10, state 36
1403.727915 seconds (1.99 G allocations: 5.677 TiB, 23.13% gc time)
[2023-01-10T17:24:27.615]Completed Shot 10, state 6
1403.906647 seconds (1.99 G allocations: 5.677 TiB, 23.13% gc time)
[2023-01-10T17:24:27.794]Completed Shot 10, state 34
1404.089681 seconds (2.00 G allocations: 5.678 TiB, 23.12% gc time)
[2023-01-10T17:24:27.977]Completed Shot 10, state 18
1405.265479 seconds (2.00 G allocations: 5.680 TiB, 23.10% gc time)
[2023-01-10T17:24:29.153]Completed Shot 10, state 15
1407.712465 seconds (2.00 G allocations: 5.684 TiB, 23.09% gc time)
[2023-01-10T17:24:31.600]Completed Shot 10, state 26
1408.943956 seconds (2.00 G allocations: 5.686 TiB, 23.07% gc time)
[2023-01-10T17:24:32.832]Completed Shot 10, state 25
1409.693665 seconds (2.00 G allocations: 5.687 TiB, 23.06% gc time)
[2023-01-10T17:24:33.581]Completed Shot 10, state 8
1409.759309 seconds (2.00 G allocations: 5.687 TiB, 23.06% gc time)
[2023-01-10T17:24:33.647]Completed Shot 10, state 23
1414.169792 seconds (2.00 G allocations: 5.693 TiB, 23.00% gc time)
[2023-01-10T17:24:38.057]Completed Shot 10, state 22
1414.308157 seconds (2.00 G allocations: 5.694 TiB, 23.00% gc time)
[2023-01-10T17:24:38.196]Completed Shot 10, state 28
1417.733415 seconds (2.00 G allocations: 5.697 TiB, 22.95% gc time)
[2023-01-10T17:24:41.621]Completed Shot 10, state 41
1421.871323 seconds (2.00 G allocations: 5.701 TiB, 22.90% gc time)
[2023-01-10T17:24:45.759]Completed Shot 10, state 20
1422.808054 seconds (2.00 G allocations: 5.702 TiB, 22.89% gc time)
[2023-01-10T17:24:46.696]Completed Shot 10, state 35
1424.887074 seconds (2.01 G allocations: 5.704 TiB, 22.86% gc time)
[2023-01-10T17:24:48.775]Completed Shot 10, state 24
1429.049563 seconds (2.01 G allocations: 5.705 TiB, 22.80% gc time)
[2023-01-10T17:24:52.937]Completed Shot 10, state 39
1429.879616 seconds (2.01 G allocations: 5.706 TiB, 22.78% gc time)
[2023-01-10T17:24:53.767]Completed Shot 10, state 12
1430.856557 seconds (2.01 G allocations: 5.706 TiB, 22.77% gc time)
[2023-01-10T17:24:54.744]Completed Shot 10, state 29
[2023-01-10T17:24:54.745]**********Simulation completed!**********
[2023-01-10T17:24:54.745]**********Saving**********
[2023-01-10T17:25:00.979]Saving file: /lustre/work/ws/ws1/hd_ku269-logs/LightCones/2023-01-10/8095071_N11_BS.jld2
[2023-01-10T17:25:05.316]**********Run completed!**********
