Added MKL.jl
Project LightCones v0.1.0
Status `/gpfs/bwfor/work/ws/hd_ku269-light_cones/WorkingFolder/Project.toml`
  [7d9fca2a] Arpack v0.5.4
  [7073ff75] IJulia v1.24.0
  [033835bb] JLD2 v0.4.29
  [0b1a1467] KrylovKit v0.6.0
  [d3d80556] LineSearches v7.2.0
  [33e6dc65] MKL v0.6.0
  [429524aa] Optim v1.7.4
  [91a5bcdd] Plots v1.38.2
  [c3e4b0f8] Pluto v0.19.19
  [3c0b384b] QuantumInformation v0.4.9
  [189a3867] Reexport v1.2.2
  [295af30f] Revise v3.5.0
  [ebcc8a00] SpinSymmetry v0.3.3
  [59d54670] ThreadedSparseArrays v0.2.2
  [ade2ca70] Dates
  [8ba89e20] Distributed
  [37e2e46d] LinearAlgebra
  [de0858da] Printf
  [9a3f8284] Random
  [1a1011a3] SharedArrays
  [2f01184e] SparseArrays
  [10745b16] Statistics
[2023-01-16T08:21:55.946]**********RANDOM FIELDS**********
shared_krylov.jl
Working Directory:          /gpfs/bwfor/work/ws/hd_ku269-light_cones/WorkingFolder
SLURM Directory:            /gpfs/bwfor/work/ws/hd_ku269-light_cones/WorkingFolder 
Running on host:            m08n10
Job id:                     512627
Job name:                   otoc_simulation_N11_TRNEW
Number of nodes allocated:  
Number of cores allocated:  1
#threads of Julia:          64
#threads of BLAS:           1
ARGS = ["11", "5", "50", "BS", "x", "6", "100", "Rhim71_FR"]
LOCATION = "/gpfs/bwfor/work/ws/hd_ku269-logs/LightCones/2023-01-16"
N = 11
SHOTS = 5
MULT_RANDOM_STATES = true
N_RANDOM_STATES = 50
TYPE_OF_RS = "BS"
OBSERVABLE = "x"
DISORDER_PARAM = 6.0
[2023-01-16T08:21:56.107]**********Running simulation**********
[2023-01-16T08:21:56.158]trange = 0.1:0.1:20.0
[2023-01-16T08:21:56.433]A = σx
[2023-01-16T08:21:56.814]alpha=6
[2023-01-16T08:21:56.814]PBC
SlowPulse([1.0, 0.0, 0.0], π, 1570.7963267948965)SlowPulse([-1.0, 0.0, 0.0], π, 1570.7963267948965)SlowPulse([1.0, 0.0, 0.0], π, 1570.7963267948965)SlowPulse([-1.0, 0.0, 0.0], π, 1570.7963267948965)6[2023-01-16T08:21:59.952]Operations set up.
Using multiple states.
6833.471032 seconds (5.19 G allocations: 21.392 TiB, 14.93% gc time, 0.01% compilation time)
6835.526476 seconds (5.20 G allocations: 21.402 TiB, 14.92% gc time, 0.01% compilation time)
6837.472774 seconds (5.20 G allocations: 21.404 TiB, 14.92% gc time, 0.03% compilation time)
6842.975448 seconds (5.20 G allocations: 21.429 TiB, 14.93% gc time, 0.05% compilation time)
6852.070680 seconds (5.21 G allocations: 21.437 TiB, 14.92% gc time, 0.14% compilation time)
6853.551938 seconds (5.21 G allocations: 21.444 TiB, 14.92% gc time, 0.14% compilation time)
6855.170380 seconds (5.22 G allocations: 21.464 TiB, 14.93% gc time, 0.07% compilation time)
6854.883590 seconds (5.22 G allocations: 21.470 TiB, 14.93% gc time, 0.05% compilation time)
6858.305371 seconds (5.22 G allocations: 21.477 TiB, 14.93% gc time, 0.07% compilation time)
6865.889751 seconds (5.22 G allocations: 21.487 TiB, 14.93% gc time, 0.14% compilation time)
6867.120664 seconds (5.22 G allocations: 21.492 TiB, 14.92% gc time, 0.14% compilation time)
6863.496917 seconds (5.22 G allocations: 21.501 TiB, 14.93% gc time, 0.05% compilation time)
6870.404388 seconds (5.23 G allocations: 21.505 TiB, 14.92% gc time, 0.14% compilation time)
6865.734900 seconds (5.22 G allocations: 21.506 TiB, 14.94% gc time, 0.05% compilation time)
6867.497959 seconds (5.23 G allocations: 21.513 TiB, 14.94% gc time, 0.05% compilation time)
6874.628712 seconds (5.23 G allocations: 21.535 TiB, 14.95% gc time, 0.05% compilation time)
6878.375215 seconds (5.24 G allocations: 21.544 TiB, 14.94% gc time, 0.08% compilation time)
6877.291375 seconds (5.23 G allocations: 21.546 TiB, 14.94% gc time, 0.05% compilation time)
6888.374159 seconds (5.24 G allocations: 21.562 TiB, 14.94% gc time, 0.14% compilation time)
6884.779485 seconds (5.24 G allocations: 21.566 TiB, 14.95% gc time, 0.07% compilation time)
6891.419437 seconds (5.25 G allocations: 21.575 TiB, 14.93% gc time, 0.14% compilation time)
6891.898408 seconds (5.25 G allocations: 21.577 TiB, 14.93% gc time, 0.14% compilation time)
6885.959477 seconds (5.24 G allocations: 21.577 TiB, 14.94% gc time, 0.05% compilation time)
6889.856482 seconds (5.25 G allocations: 21.580 TiB, 14.95% gc time, 0.08% compilation time)
6888.374445 seconds (5.24 G allocations: 21.580 TiB, 14.96% gc time, 0.05% compilation time)
6890.236354 seconds (5.25 G allocations: 21.582 TiB, 14.95% gc time, 0.07% compilation time)
6888.735403 seconds (5.24 G allocations: 21.582 TiB, 14.96% gc time, 0.05% compilation time)
6897.574196 seconds (5.25 G allocations: 21.594 TiB, 14.94% gc time, 0.14% compilation time)
6894.673404 seconds (5.25 G allocations: 21.600 TiB, 14.94% gc time, 0.07% compilation time)
6897.865267 seconds (5.25 G allocations: 21.614 TiB, 14.95% gc time, 0.05% compilation time)
6898.954671 seconds (5.25 G allocations: 21.619 TiB, 14.95% gc time, 0.05% compilation time)
6900.122347 seconds (5.25 G allocations: 21.623 TiB, 14.95% gc time, 0.05% compilation time)
6906.957072 seconds (5.26 G allocations: 21.627 TiB, 14.93% gc time, 0.14% compilation time)
6907.196578 seconds (5.26 G allocations: 21.647 TiB, 14.95% gc time, 0.05% compilation time)
6907.910227 seconds (5.26 G allocations: 21.650 TiB, 14.95% gc time, 0.05% compilation time)
6915.975251 seconds (5.26 G allocations: 21.654 TiB, 14.94% gc time, 0.14% compilation time)
6910.110481 seconds (5.26 G allocations: 21.654 TiB, 14.96% gc time, 0.05% compilation time)
6910.907004 seconds (5.26 G allocations: 21.657 TiB, 14.96% gc time, 0.05% compilation time)
6917.448276 seconds (5.27 G allocations: 21.660 TiB, 14.94% gc time, 0.14% compilation time)
6913.587721 seconds (5.27 G allocations: 21.661 TiB, 14.95% gc time, 0.08% compilation time)
6912.520410 seconds (5.26 G allocations: 21.664 TiB, 14.95% gc time, 0.05% compilation time)
6919.360367 seconds (5.27 G allocations: 21.668 TiB, 14.94% gc time, 0.14% compilation time)
6913.374076 seconds (5.26 G allocations: 21.667 TiB, 14.95% gc time, 0.05% compilation time)
6918.264761 seconds (5.27 G allocations: 21.681 TiB, 14.96% gc time, 0.05% compilation time)
6920.212417 seconds (5.27 G allocations: 21.682 TiB, 14.96% gc time, 0.07% compilation time)
6919.392541 seconds (5.27 G allocations: 21.686 TiB, 14.96% gc time, 0.05% compilation time)
6936.234653 seconds (5.28 G allocations: 21.721 TiB, 14.95% gc time, 0.14% compilation time)
6938.379504 seconds (5.28 G allocations: 21.742 TiB, 14.96% gc time, 0.08% compilation time)
6940.467436 seconds (5.28 G allocations: 21.758 TiB, 14.95% gc time, 0.05% compilation time)
6959.558735 seconds (5.30 G allocations: 21.802 TiB, 14.94% gc time, 0.14% compilation time)
6764.114603 seconds (5.21 G allocations: 21.429 TiB, 16.01% gc time, 0.05% compilation time)
[2023-01-16T12:09:05.621]Diagonalized H.
6746.643657 seconds (5.19 G allocations: 21.346 TiB, 16.01% gc time, 0.07% compilation time)
[2023-01-16T12:09:22.520]Diagonalized H.
 53.599151 seconds (31.32 M allocations: 108.984 GiB, 14.24% gc time, 8.47% compilation time)
[2023-01-16T12:09:48.875]Completed Shot 1, state 27
 38.302553 seconds (19.07 M allocations: 76.867 GiB, 12.35% gc time)
[2023-01-16T12:09:50.086]Completed Shot 1, state 24
6806.892110 seconds (5.23 G allocations: 21.492 TiB, 15.97% gc time, 0.07% compilation time)
[2023-01-16T12:10:09.553]Diagonalized H.
6823.684307 seconds (5.23 G allocations: 21.531 TiB, 15.98% gc time, 0.07% compilation time)
6821.386454 seconds (5.23 G allocations: 21.523 TiB, 15.97% gc time, 0.07% compilation time)
6847.060688 seconds (5.26 G allocations: 21.612 TiB, 15.98% gc time, 0.11% compilation time)
[2023-01-16T12:10:28.151]Diagonalized H.
 30.389355 seconds (17.13 M allocations: 70.796 GiB, 10.11% gc time)
[2023-01-16T12:10:29.810]Completed Shot 1, state 44
[2023-01-16T12:10:29.995]Diagonalized H.
[2023-01-16T12:10:30.293]Diagonalized H.
6816.182171 seconds (5.22 G allocations: 21.473 TiB, 15.96% gc time, 0.07% compilation time)
6839.051398 seconds (5.24 G allocations: 21.543 TiB, 15.97% gc time, 0.07% compilation time)
6798.481356 seconds (5.20 G allocations: 21.404 TiB, 15.95% gc time, 0.07% compilation time)
6872.628253 seconds (5.27 G allocations: 21.655 TiB, 15.96% gc time, 0.11% compilation time)
6797.101734 seconds (5.20 G allocations: 21.399 TiB, 15.94% gc time, 0.07% compilation time)
[2023-01-16T12:11:39.838]Diagonalized H.
[[[2023-01-16T12:11:40.137]Diagonalized H.
2023-01-16T12:11:40.144]Diagonalized H.
2023-01-16T12:11:40.144]Diagonalized H.
[2023-01-16T12:11:47.528]Diagonalized H.
6945.192025 seconds (5.22 G allocations: 21.490 TiB, 16.46% gc time, 0.07% compilation time)
164.410399 seconds (15.66 M allocations: 78.890 GiB, 36.47% gc time)
[2023-01-16T12:12:59.204]Completed Shot 1, state 31
[2023-01-16T12:12:59.312]Diagonalized H.
160.927403 seconds (12.00 M allocations: 64.462 GiB, 37.44% gc time)
[2023-01-16T12:12:59.830]Completed Shot 1, state 17
170.377699 seconds (11.05 M allocations: 62.339 GiB, 36.23% gc time)
[2023-01-16T12:13:10.586]Completed Shot 1, state 9
6962.335796 seconds (5.21 G allocations: 21.459 TiB, 16.45% gc time, 0.07% compilation time)
[2023-01-16T12:13:25.619]Diagonalized H.
170.490477 seconds (4.74 M allocations: 34.743 GiB, 35.47% gc time)
[2023-01-16T12:13:31.555]Completed Shot 1, state 12
182.620978 seconds (9.71 M allocations: 55.316 GiB, 33.57% gc time)
[2023-01-16T12:13:39.640]Completed Shot 1, state 7
173.875067 seconds (5.07 M allocations: 35.994 GiB, 35.27% gc time)
[2023-01-16T12:13:40.075]Completed Shot 1, state 32
173.624244 seconds (4.98 M allocations: 35.519 GiB, 35.32% gc time)
[2023-01-16T12:13:40.159]Completed Shot 1, state 15
7040.059255 seconds (5.26 G allocations: 21.667 TiB, 16.44% gc time, 0.07% compilation time)
6973.310567 seconds (5.21 G allocations: 21.443 TiB, 16.42% gc time, 0.07% compilation time)
7026.125648 seconds (5.25 G allocations: 21.596 TiB, 16.42% gc time, 0.07% compilation time)
[2023-01-16T12:13:47.279]Diagonalized H.
[2023-01-16T12:13:54.325]Diagonalized H.
190.587557 seconds (7.35 M allocations: 46.054 GiB, 32.63% gc time)
[2023-01-16T12:13:54.619]Completed Shot 1, state 16
7034.781677 seconds (5.25 G allocations: 21.607 TiB, 16.39% gc time, 0.07% compilation time)
 67.996808 seconds (9.27 M allocations: 45.887 GiB, 8.51% gc time)
[2023-01-16T12:13:59.523]Completed Shot 1, state 20
 47.369762 seconds (11.69 M allocations: 52.703 GiB, 5.80% gc time)
[2023-01-16T12:14:06.264]Completed Shot 1, state 40
7050.011571 seconds (5.26 G allocations: 21.641 TiB, 16.38% gc time, 0.07% compilation time)
7038.315991 seconds (5.25 G allocations: 21.599 TiB, 16.36% gc time, 0.07% compilation time)
[2023-01-16T12:14:15.306]Diagonalized H.
[2023-01-16T12:14:15.488]Diagonalized H.
 35.677945 seconds (10.77 M allocations: 47.925 GiB, 2.38% gc time)
[2023-01-16T12:14:16.294]Completed Shot 1, state 48
 35.626141 seconds (10.64 M allocations: 50.007 GiB, 2.31% gc time)
[2023-01-16T12:14:16.691]Completed Shot 1, state 37
7074.997594 seconds (5.27 G allocations: 21.712 TiB, 16.35% gc time, 0.07% compilation time)
[2023-01-16T12:14:18.677]Diagonalized H.
[2023-01-16T12:14:20.359]Diagonalized H.
7037.499031 seconds (5.24 G allocations: 21.575 TiB, 16.35% gc time, 0.07% compilation time)
7071.501942 seconds (5.26 G allocations: 21.678 TiB, 16.34% gc time, 0.07% compilation time)
[2023-01-16T12:14:29.271]Diagonalized H.
 54.911238 seconds (12.77 M allocations: 65.810 GiB, 1.28% gc time)
[2023-01-16T12:14:42.178]Completed Shot 1, state 36
 44.036724 seconds (9.73 M allocations: 50.512 GiB)
[2023-01-16T12:14:42.214]Completed Shot 1, state 21
[2023-01-16T12:14:43.763]Diagonalized H.
7099.746350 seconds (5.27 G allocations: 21.720 TiB, 16.29% gc time, 0.07% compilation time)
[2023-01-16T12:14:45.162]Diagonalized H.
7047.881726 seconds (5.23 G allocations: 21.542 TiB, 16.29% gc time, 0.07% compilation time)
7060.608783 seconds (5.24 G allocations: 21.587 TiB, 16.27% gc time, 0.07% compilation time)
 39.701271 seconds (5.00 M allocations: 35.148 GiB)
[2023-01-16T12:14:50.269]Completed Shot 1, state 50
[2023-01-16T12:14:58.699]Diagonalized H.
[2023-01-16T12:14:58.819]Diagonalized H.
 50.205141 seconds (5.65 M allocations: 38.345 GiB, 7.47% gc time)
[2023-01-16T12:14:58.964]Completed Shot 1, state 49
[2023-01-16T12:14:59.196]Diagonalized H.
7070.963495 seconds (5.24 G allocations: 21.579 TiB, 16.30% gc time, 0.07% compilation time)
7045.312942 seconds (5.22 G allocations: 21.493 TiB, 16.30% gc time, 0.07% compilation time)
7075.540703 seconds (5.24 G allocations: 21.595 TiB, 16.29% gc time, 0.07% compilation time)
 50.810299 seconds (5.58 M allocations: 39.801 GiB, 7.38% gc time)
[2023-01-16T12:15:09.478]Completed Shot 1, state 10
7082.801208 seconds (5.24 G allocations: 21.579 TiB, 16.26% gc time, 0.07% compilation time)
 53.512041 seconds (6.58 M allocations: 40.936 GiB, 7.01% gc time)
[2023-01-16T12:15:19.253]Completed Shot 1, state 23
 58.413618 seconds (6.95 M allocations: 44.374 GiB, 6.42% gc time)
[2023-01-16T12:15:19.409]Completed Shot 1, state 28
7096.084441 seconds (5.25 G allocations: 21.618 TiB, 16.24% gc time, 0.07% compilation time)
7110.320247 seconds (5.26 G allocations: 21.657 TiB, 16.25% gc time, 0.07% compilation time)
[2023-01-16T12:15:26.945]Diagonalized H.
[2023-01-16T12:15:27.159]Diagonalized H.
[2023-01-16T12:15:28.602]Diagonalized H.
7106.085520 seconds (5.25 G allocations: 21.632 TiB, 16.24% gc time, 0.07% compilation time)
 45.287421 seconds (8.03 M allocations: 48.369 GiB, 8.28% gc time)
[2023-01-16T12:15:30.217]Completed Shot 1, state 22
7115.778045 seconds (5.26 G allocations: 21.665 TiB, 16.24% gc time, 0.07% compilation time)
 44.924860 seconds (8.02 M allocations: 45.447 GiB, 8.35% gc time)
[2023-01-16T12:15:31.535]Completed Shot 1, state 47
[2023-01-16T12:15:35.873]Diagonalized H.
7079.544998 seconds (5.22 G allocations: 21.529 TiB, 16.22% gc time, 0.07% compilation time)
 54.980963 seconds (9.11 M allocations: 53.670 GiB, 6.82% gc time)
[2023-01-16T12:15:40.645]Completed Shot 1, state 38
[2023-01-16T12:15:42.580]Diagonalized H.
[2023-01-16T12:15:42.600]Diagonalized H.
[2023-01-16T12:15:53.872]Diagonalized H.
[2023-01-16T12:15:58.231]Diagonalized H.
 60.473729 seconds (8.31 M allocations: 55.562 GiB)
[2023-01-16T12:16:01.926]Completed Shot 1, state 14
[2023-01-16T12:16:03.436]Diagonalized H.
 64.109475 seconds (8.30 M allocations: 55.349 GiB)
[2023-01-16T12:16:06.037]Completed Shot 1, state 30
 78.082516 seconds (9.62 M allocations: 64.681 GiB)
[2023-01-16T12:16:18.223]Completed Shot 1, state 1
7132.142001 seconds (5.23 G allocations: 21.577 TiB, 16.12% gc time, 0.07% compilation time)
7158.335909 seconds (5.25 G allocations: 21.661 TiB, 16.12% gc time, 0.07% compilation time)
 61.920566 seconds (5.42 M allocations: 42.259 GiB)
[2023-01-16T12:16:23.707]Completed Shot 1, state 2
 57.296487 seconds (4.03 M allocations: 34.974 GiB)
[2023-01-16T12:16:26.428]Completed Shot 1, state 35
7137.523436 seconds (5.23 G allocations: 21.577 TiB, 16.11% gc time, 0.07% compilation time)
[2023-01-16T12:16:39.109]Diagonalized H.
[2023-01-16T12:16:39.570]Diagonalized H.
[2023-01-16T12:16:39.571]Diagonalized H.
 81.848826 seconds (7.16 M allocations: 50.543 GiB, 6.53% gc time)
[2023-01-16T12:16:40.136]Completed Shot 1, state 8
 79.303483 seconds (6.85 M allocations: 52.945 GiB, 6.74% gc time)
[2023-01-16T12:16:43.798]Completed Shot 1, state 46
 74.886455 seconds (5.86 M allocations: 43.920 GiB, 7.14% gc time)
[2023-01-16T12:16:45.584]Completed Shot 1, state 18
 71.914882 seconds (5.77 M allocations: 42.964 GiB, 7.44% gc time)
[2023-01-16T12:16:48.512]Completed Shot 1, state 39
7157.728526 seconds (5.23 G allocations: 21.589 TiB, 16.13% gc time, 0.07% compilation time)
7195.259050 seconds (5.26 G allocations: 21.700 TiB, 16.11% gc time, 0.07% compilation time)
7168.766447 seconds (5.24 G allocations: 21.607 TiB, 16.11% gc time, 0.07% compilation time)
7150.819484 seconds (5.22 G allocations: 21.544 TiB, 16.11% gc time, 0.07% compilation time)
7129.842560 seconds (5.20 G allocations: 21.465 TiB, 16.11% gc time, 0.07% compilation time)
7173.523027 seconds (5.24 G allocations: 21.614 TiB, 16.10% gc time, 0.07% compilation time)
[2023-01-16T12:17:01.142]Diagonalized H.
[2023-01-16T12:17:10.033]Diagonalized H.
[2023-01-16T12:17:10.036]Diagonalized H.
[2023-01-16T12:17:10.036]Diagonalized H.
[2023-01-16T12:17:10.044]Diagonalized H.
[2023-01-16T12:17:10.338]Diagonalized H.
 43.749527 seconds (5.59 M allocations: 36.415 GiB, 16.43% gc time)
[2023-01-16T12:17:11.453]Completed Shot 1, state 41
 50.940318 seconds (6.59 M allocations: 43.454 GiB, 14.11% gc time)
[2023-01-16T12:17:12.881]Completed Shot 1, state 45
 68.342152 seconds (6.88 M allocations: 47.096 GiB, 10.52% gc time)
[2023-01-16T12:17:29.530]Completed Shot 1, state 11
7201.350417 seconds (5.24 G allocations: 21.617 TiB, 16.06% gc time, 0.07% compilation time)
 47.956054 seconds (3.86 M allocations: 30.055 GiB, 3.83% gc time)
[2023-01-16T12:17:36.657]Completed Shot 1, state 4
7184.398453 seconds (5.22 G allocations: 21.545 TiB, 16.04% gc time, 0.07% compilation time)
7183.647953 seconds (5.22 G allocations: 21.531 TiB, 16.04% gc time, 0.07% compilation time)
 47.848650 seconds (3.18 M allocations: 27.486 GiB, 3.84% gc time)
[2023-01-16T12:17:43.079]Completed Shot 1, state 5
[2023-01-16T12:17:43.448]Diagonalized H.
 46.642623 seconds (2.95 M allocations: 26.544 GiB, 3.94% gc time)
[2023-01-16T12:17:43.936]Completed Shot 1, state 29
 42.888671 seconds (2.29 M allocations: 23.160 GiB, 4.29% gc time)
[2023-01-16T12:17:44.014]Completed Shot 1, state 25
7233.273551 seconds (5.25 G allocations: 21.690 TiB, 16.04% gc time, 0.07% compilation time)
 45.471701 seconds (2.75 M allocations: 25.640 GiB, 4.04% gc time)
[2023-01-16T12:17:44.152]Completed Shot 1, state 3
7225.597943 seconds (5.25 G allocations: 21.663 TiB, 16.04% gc time, 0.07% compilation time)
 45.305972 seconds (2.48 M allocations: 25.845 GiB, 4.06% gc time)
[2023-01-16T12:17:46.334]Completed Shot 1, state 26
[2023-01-16T12:17:48.117]Diagonalized H.
[2023-01-16T12:17:48.780]Diagonalized H.
[2023-01-16T12:17:50.513]Diagonalized H.
7215.745956 seconds (5.23 G allocations: 21.616 TiB, 16.01% gc time, 0.07% compilation time)
[2023-01-16T12:17:59.354]Diagonalized H.
[2023-01-16T12:17:59.805]Diagonalized H.
7271.748419 seconds (5.24 G allocations: 21.658 TiB, 15.99% gc time, 0.07% compilation time)
 68.537351 seconds (1.91 M allocations: 22.571 GiB, 7.49% gc time)
[2023-01-16T12:18:40.846]Completed Shot 1, state 6
[2023-01-16T12:18:45.437]Diagonalized H.
 63.600951 seconds (792.65 k allocations: 18.381 GiB, 8.57% gc time)
[2023-01-16T12:18:47.647]Completed Shot 1, state 13
 71.177346 seconds (1.40 M allocations: 21.780 GiB, 7.66% gc time)
[2023-01-16T12:18:49.800]Completed Shot 1, state 43
 65.857266 seconds (791.36 k allocations: 18.427 GiB, 8.28% gc time)
[2023-01-16T12:18:50.039]Completed Shot 1, state 33
 68.677973 seconds (1.11 M allocations: 20.291 GiB, 7.94% gc time)
[2023-01-16T12:18:50.440]Completed Shot 1, state 19
 59.637511 seconds (425.32 k allocations: 11.771 GiB, 9.14% gc time)
[2023-01-16T12:18:51.291]Completed Shot 1, state 34
 27.167677 seconds (121.50 k allocations: 3.559 GiB, 1.21% gc time)
[2023-01-16T12:19:03.732]Completed Shot 1, state 42
6804.039184 seconds (5.20 G allocations: 21.394 TiB, 18.34% gc time)
6819.677668 seconds (5.21 G allocations: 21.457 TiB, 18.30% gc time)
6828.885037 seconds (5.22 G allocations: 21.465 TiB, 18.38% gc time)
6829.161427 seconds (5.22 G allocations: 21.466 TiB, 18.37% gc time)
6830.027303 seconds (5.22 G allocations: 21.469 TiB, 18.37% gc time)
6831.028822 seconds (5.22 G allocations: 21.473 TiB, 18.37% gc time)
6831.549384 seconds (5.22 G allocations: 21.475 TiB, 18.37% gc time)
6835.529497 seconds (5.22 G allocations: 21.491 TiB, 18.36% gc time)
6838.943275 seconds (5.23 G allocations: 21.504 TiB, 18.35% gc time)
6839.923946 seconds (5.23 G allocations: 21.508 TiB, 18.35% gc time)
6842.170122 seconds (5.23 G allocations: 21.517 TiB, 18.34% gc time)
6843.034376 seconds (5.23 G allocations: 21.520 TiB, 18.34% gc time)
6851.599017 seconds (5.24 G allocations: 21.553 TiB, 18.31% gc time)
6852.142686 seconds (5.24 G allocations: 21.555 TiB, 18.31% gc time)
6853.015536 seconds (5.24 G allocations: 21.558 TiB, 18.31% gc time)
6860.953605 seconds (5.24 G allocations: 21.565 TiB, 18.38% gc time)
6861.962844 seconds (5.24 G allocations: 21.569 TiB, 18.37% gc time)
6862.307672 seconds (5.24 G allocations: 21.570 TiB, 18.37% gc time)
6863.275479 seconds (5.24 G allocations: 21.574 TiB, 18.37% gc time)
6867.705122 seconds (5.25 G allocations: 21.591 TiB, 18.36% gc time)
6869.057778 seconds (5.25 G allocations: 21.596 TiB, 18.36% gc time)
6869.185904 seconds (5.25 G allocations: 21.596 TiB, 18.36% gc time)
6869.780118 seconds (5.25 G allocations: 21.599 TiB, 18.35% gc time)
6871.718225 seconds (5.25 G allocations: 21.606 TiB, 18.35% gc time)
6872.766386 seconds (5.25 G allocations: 21.610 TiB, 18.35% gc time)
6873.460697 seconds (5.25 G allocations: 21.613 TiB, 18.34% gc time)
6873.495970 seconds (5.25 G allocations: 21.613 TiB, 18.34% gc time)
6875.289472 seconds (5.26 G allocations: 21.620 TiB, 18.34% gc time)
6875.314159 seconds (5.26 G allocations: 21.620 TiB, 18.34% gc time)
6876.248103 seconds (5.26 G allocations: 21.623 TiB, 18.34% gc time)
6876.664964 seconds (5.26 G allocations: 21.625 TiB, 18.34% gc time)
6876.997579 seconds (5.26 G allocations: 21.626 TiB, 18.33% gc time)
6879.094981 seconds (5.26 G allocations: 21.634 TiB, 18.33% gc time)
6879.672100 seconds (5.26 G allocations: 21.636 TiB, 18.33% gc time)
6880.093899 seconds (5.26 G allocations: 21.638 TiB, 18.33% gc time)
6881.614500 seconds (5.26 G allocations: 21.644 TiB, 18.32% gc time)
6881.991252 seconds (5.26 G allocations: 21.645 TiB, 18.32% gc time)
6882.680418 seconds (5.26 G allocations: 21.648 TiB, 18.32% gc time)
6882.810227 seconds (5.26 G allocations: 21.648 TiB, 18.32% gc time)
6883.756095 seconds (5.26 G allocations: 21.652 TiB, 18.32% gc time)
6884.103911 seconds (5.26 G allocations: 21.653 TiB, 18.32% gc time)
6886.166651 seconds (5.26 G allocations: 21.660 TiB, 18.31% gc time)
6895.515664 seconds (5.27 G allocations: 21.673 TiB, 18.37% gc time)
6899.042434 seconds (5.27 G allocations: 21.686 TiB, 18.36% gc time)
6902.336218 seconds (5.27 G allocations: 21.698 TiB, 18.35% gc time)
6905.143182 seconds (5.28 G allocations: 21.709 TiB, 18.34% gc time)
6907.342586 seconds (5.28 G allocations: 21.717 TiB, 18.34% gc time)
6912.820828 seconds (5.28 G allocations: 21.737 TiB, 18.32% gc time)
6928.506162 seconds (5.29 G allocations: 21.775 TiB, 18.36% gc time)
6930.671931 seconds (5.29 G allocations: 21.783 TiB, 18.35% gc time)
6818.003678 seconds (5.23 G allocations: 21.497 TiB, 18.51% gc time)
[2023-01-16T16:06:37.233]Diagonalized H.
6819.947750 seconds (5.23 G allocations: 21.505 TiB, 18.46% gc time)
6835.503631 seconds (5.24 G allocations: 21.565 TiB, 18.41% gc time)
[2023-01-16T16:07:03.088]Diagonalized H.
[2023-01-16T16:07:03.101]Diagonalized H.
6820.150740 seconds (5.22 G allocations: 21.492 TiB, 18.42% gc time)
6808.417244 seconds (5.21 G allocations: 21.447 TiB, 18.46% gc time)
 48.014222 seconds (29.91 M allocations: 122.180 GiB, 15.82% gc time)
[2023-01-16T16:07:09.432]Completed Shot 2, state 21
6882.542700 seconds (5.27 G allocations: 21.682 TiB, 18.45% gc time)
6858.079248 seconds (5.25 G allocations: 21.612 TiB, 18.41% gc time)
6857.394835 seconds (5.25 G allocations: 21.608 TiB, 18.41% gc time)
6861.233343 seconds (5.26 G allocations: 21.621 TiB, 18.40% gc time)
6851.395634 seconds (5.25 G allocations: 21.582 TiB, 18.43% gc time)
[2023-01-16T16:07:24.924]Diagonalized H.
[2023-01-16T16:07:24.929]Diagonalized H.
[2023-01-16T16:07:24.961]Diagonalized H.
[2023-01-16T16:07:24.962]Diagonalized H.
[2023-01-16T16:07:24.970]Diagonalized H.
[2023-01-16T16:07:25.002]Diagonalized H.
[2023-01-16T16:07:25.052]Diagonalized H.
 57.683689 seconds (15.36 M allocations: 79.301 GiB, 11.15% gc time)
[2023-01-16T16:07:47.953]Completed Shot 2, state 33
 62.300805 seconds (19.53 M allocations: 95.743 GiB, 10.32% gc time)
[2023-01-16T16:07:48.155]Completed Shot 2, state 31
 42.140029 seconds (6.13 M allocations: 39.483 GiB, 6.09% gc time)
[2023-01-16T16:07:56.215]Completed Shot 2, state 35
 47.175042 seconds (9.68 M allocations: 53.987 GiB, 5.44% gc time)
[2023-01-16T16:07:58.153]Completed Shot 2, state 37
6868.760057 seconds (5.23 G allocations: 21.545 TiB, 18.33% gc time)
6885.310292 seconds (5.24 G allocations: 21.584 TiB, 18.37% gc time)
 51.934438 seconds (13.53 M allocations: 69.581 GiB, 4.94% gc time)
[2023-01-16T16:08:02.254]Completed Shot 2, state 20
6876.939316 seconds (5.24 G allocations: 21.576 TiB, 18.31% gc time)
 55.986113 seconds (16.75 M allocations: 82.614 GiB, 4.59% gc time)
[2023-01-16T16:08:03.454]Completed Shot 2, state 27
6896.786197 seconds (5.25 G allocations: 21.628 TiB, 18.34% gc time)
 51.358323 seconds (13.34 M allocations: 68.629 GiB, 5.00% gc time)
[2023-01-16T16:08:05.213]Completed Shot 2, state 47
6890.761981 seconds (5.25 G allocations: 21.601 TiB, 18.36% gc time)
[2023-01-16T16:08:19.191]Diagonalized H.
[2023-01-16T16:08:19.203]Diagonalized H.
[[[2023-01-16T16:08:19.729]Diagonalized H.
2023-01-16T16:08:19.730]Diagonalized H.
2023-01-16T16:08:19.728]Diagonalized H.
6889.079959 seconds (5.24 G allocations: 21.577 TiB, 18.34% gc time)
6879.818107 seconds (5.23 G allocations: 21.542 TiB, 18.37% gc time)
6894.098675 seconds (5.25 G allocations: 21.597 TiB, 18.33% gc time)
 69.220962 seconds (19.07 M allocations: 98.358 GiB, 10.36% gc time)
[2023-01-16T16:08:21.901]Completed Shot 2, state 12
6885.335630 seconds (5.24 G allocations: 21.567 TiB, 18.35% gc time)
 76.749503 seconds (24.55 M allocations: 122.731 GiB, 9.34% gc time)
[2023-01-16T16:08:22.944]Completed Shot 2, state 24
6929.537844 seconds (5.27 G allocations: 21.713 TiB, 18.32% gc time)
[2023-01-16T16:08:40.746]Diagonalized H.
[2023-01-16T16:08:43.236]Diagonalized H.
6906.959812 seconds (5.24 G allocations: 21.595 TiB, 18.30% gc time)
6901.230702 seconds (5.24 G allocations: 21.573 TiB, 18.31% gc time)
6920.363582 seconds (5.26 G allocations: 21.645 TiB, 18.26% gc time)
 45.003940 seconds (15.01 M allocations: 74.522 GiB, 10.23% gc time)
[2023-01-16T16:08:47.067]Completed Shot 2, state 48
 44.465343 seconds (14.55 M allocations: 72.585 GiB, 10.35% gc time)
[2023-01-16T16:08:47.104]Completed Shot 2, state 7
 41.003626 seconds (11.78 M allocations: 61.457 GiB, 11.23% gc time)
[2023-01-16T16:08:47.645]Completed Shot 2, state 36
 44.200119 seconds (14.19 M allocations: 71.095 GiB, 10.42% gc time)
[2023-01-16T16:08:47.757]Completed Shot 2, state 18
 46.129421 seconds (15.79 M allocations: 77.752 GiB, 9.98% gc time)
[2023-01-16T16:08:47.812]Completed Shot 2, state 2
6944.631669 seconds (5.27 G allocations: 21.710 TiB, 18.28% gc time)
6904.264554 seconds (5.24 G allocations: 21.577 TiB, 18.30% gc time)
[2023-01-16T16:08:50.354]Diagonalized H.
[2023-01-16T16:08:50.684]Diagonalized H.
6908.925968 seconds (5.24 G allocations: 21.592 TiB, 18.29% gc time)
6915.374279 seconds (5.25 G allocations: 21.616 TiB, 18.27% gc time)
[2023-01-16T16:09:03.737]Diagonalized H.
[2023-01-16T16:09:03.739]Diagonalized H.
[2023-01-16T16:09:03.759]Diagonalized H.
[2023-01-16T16:09:03.760]Diagonalized H.
[2023-01-16T16:09:03.781]Diagonalized H.
[2023-01-16T16:09:03.816]Diagonalized H.
[2023-01-16T16:09:03.820]Diagonalized H.
[2023-01-16T16:09:04.247]Diagonalized H.
6949.633752 seconds (5.26 G allocations: 21.680 TiB, 18.33% gc time)
 63.832992 seconds (12.51 M allocations: 80.770 GiB, 6.66% gc time)
[2023-01-16T16:09:24.355]Completed Shot 2, state 28
 65.580754 seconds (11.97 M allocations: 80.432 GiB, 6.48% gc time)
[2023-01-16T16:09:26.698]Completed Shot 2, state 29
 64.524952 seconds (10.91 M allocations: 71.050 GiB, 6.59% gc time)
[2023-01-16T16:09:27.093]Completed Shot 2, state 38
[2023-01-16T16:09:27.744]Diagonalized H.
 68.693739 seconds (12.59 M allocations: 85.071 GiB, 6.19% gc time)
[2023-01-16T16:09:29.246]Completed Shot 2, state 32
6950.525469 seconds (5.25 G allocations: 21.627 TiB, 18.24% gc time)
6947.517074 seconds (5.24 G allocations: 21.606 TiB, 18.25% gc time)
6996.551389 seconds (5.28 G allocations: 21.765 TiB, 18.21% gc time)
 52.244718 seconds (6.23 M allocations: 50.783 GiB, 8.14% gc time)
[2023-01-16T16:09:36.401]Completed Shot 2, state 23
 46.778512 seconds (2.67 M allocations: 34.454 GiB, 9.09% gc time)
[2023-01-16T16:09:38.656]Completed Shot 2, state 10
6960.332979 seconds (5.25 G allocations: 21.640 TiB, 18.22% gc time)
6956.035646 seconds (5.24 G allocations: 21.618 TiB, 18.23% gc time)
6971.420950 seconds (5.26 G allocations: 21.671 TiB, 18.19% gc time)
6964.493685 seconds (5.25 G allocations: 21.644 TiB, 18.21% gc time)
 56.599424 seconds (5.90 M allocations: 49.237 GiB, 7.51% gc time)
[2023-01-16T16:09:46.215]Completed Shot 2, state 30
 61.663867 seconds (8.60 M allocations: 61.963 GiB, 6.89% gc time)
[2023-01-16T16:09:46.303]Completed Shot 2, state 8
6960.187077 seconds (5.24 G allocations: 21.619 TiB, 18.22% gc time)
6946.011399 seconds (5.24 G allocations: 21.587 TiB, 18.17% gc time)
6975.287470 seconds (5.26 G allocations: 21.674 TiB, 18.18% gc time)
6938.886473 seconds (5.23 G allocations: 21.557 TiB, 18.19% gc time)
6963.528759 seconds (5.25 G allocations: 21.626 TiB, 18.21% gc time)
 87.060921 seconds (15.53 M allocations: 94.841 GiB, 4.88% gc time)
[2023-01-16T16:09:50.363]Completed Shot 2, state 39
 66.606143 seconds (9.91 M allocations: 67.987 GiB, 6.38% gc time)
[2023-01-16T16:09:51.660]Completed Shot 2, state 41
6976.723351 seconds (5.26 G allocations: 21.671 TiB, 18.17% gc time)
6918.483982 seconds (5.22 G allocations: 21.495 TiB, 18.17% gc time)
[2023-01-16T16:09:53.297]Diagonalized H.
[2023-01-16T16:09:53.782]Diagonalized H.
[2023-01-16T16:10:02.064]Diagonalized H.
[[[[[[[[[[[2023-01-16T16:10:02.194]Diagonalized H.
2023-01-16T16:10:02.1042023-01-16T16:10:02.104]Diagonalized H.
]Diagonalized H.
2023-01-16T16:10:02.104]Diagonalized H.
2023-01-16T16:10:02.096]Diagonalized H.2023-01-16T16:10:02.093]Diagonalized H.

2023-01-16T16:10:02.095]Diagonalized H.
2023-01-16T16:10:02.096]Diagonalized H.
2023-01-16T16:10:02.096]Diagonalized H.
2023-01-16T16:10:02.097]Diagonalized H.
2023-01-16T16:10:02.102]Diagonalized H.
133.100946 seconds (9.02 M allocations: 78.731 GiB, 11.21% gc time)
[2023-01-16T16:11:01.394]Completed Shot 2, state 43
152.251790 seconds (7.54 M allocations: 75.304 GiB, 11.49% gc time)
[2023-01-16T16:11:24.009]Completed Shot 2, state 14
157.327036 seconds (6.86 M allocations: 70.101 GiB, 9.98% gc time)
[2023-01-16T16:11:42.297]Completed Shot 2, state 16
156.894290 seconds (5.90 M allocations: 53.364 GiB, 12.20% gc time)
[2023-01-16T16:12:10.829]Completed Shot 2, state 50
149.266854 seconds (3.30 M allocations: 40.278 GiB, 13.06% gc time)
[2023-01-16T16:12:13.746]Completed Shot 2, state 25
151.982528 seconds (4.18 M allocations: 44.276 GiB, 12.83% gc time)
[2023-01-16T16:12:13.746]Completed Shot 2, state 6
163.496001 seconds (1.72 M allocations: 35.945 GiB, 13.48% gc time)
[2023-01-16T16:12:33.572]Completed Shot 2, state 46
169.963519 seconds (2.09 M allocations: 38.599 GiB, 13.35% gc time)
[2023-01-16T16:12:38.754]Completed Shot 2, state 19
178.272780 seconds (2.47 M allocations: 41.256 GiB, 13.08% gc time)
[2023-01-16T16:12:48.238]Completed Shot 2, state 44
7144.958863 seconds (5.25 G allocations: 21.677 TiB, 18.07% gc time)
204.525544 seconds (7.21 M allocations: 65.121 GiB, 11.46% gc time)
[2023-01-16T16:12:55.453]Completed Shot 2, state 45
[2023-01-16T16:12:55.509]Diagonalized H.
7145.879126 seconds (5.25 G allocations: 21.656 TiB, 18.07% gc time)
[2023-01-16T16:13:04.203]Diagonalized H.
209.603010 seconds (3.44 M allocations: 49.573 GiB, 12.53% gc time)
[2023-01-16T16:13:18.408]Completed Shot 2, state 40
206.567311 seconds (2.55 M allocations: 45.448 GiB, 12.72% gc time)
[2023-01-16T16:13:18.746]Completed Shot 2, state 42
223.146196 seconds (7.11 M allocations: 67.600 GiB, 11.78% gc time)
[2023-01-16T16:13:18.964]Completed Shot 2, state 26
219.885565 seconds (6.38 M allocations: 62.912 GiB, 11.96% gc time)
[2023-01-16T16:13:19.245]Completed Shot 2, state 15
215.870945 seconds (5.06 M allocations: 57.026 GiB, 12.18% gc time)
[2023-01-16T16:13:20.088]Completed Shot 2, state 11
207.290994 seconds (2.52 M allocations: 45.407 GiB, 12.69% gc time)
[2023-01-16T16:13:20.183]Completed Shot 2, state 9
212.173723 seconds (3.90 M allocations: 51.892 GiB, 12.40% gc time)
[2023-01-16T16:13:20.201]Completed Shot 2, state 22
7163.405526 seconds (5.24 G allocations: 21.651 TiB, 17.99% gc time)
[2023-01-16T16:13:29.331]Diagonalized H.
7169.880951 seconds (5.24 G allocations: 21.618 TiB, 18.00% gc time)
[2023-01-16T16:13:46.076]Diagonalized H.
7181.295145 seconds (5.23 G allocations: 21.594 TiB, 18.00% gc time)
 62.181084 seconds (1.73 M allocations: 15.722 GiB, 10.45% gc time)
[2023-01-16T16:13:57.963]Completed Shot 2, state 1
[2023-01-16T16:14:04.264]Diagonalized H.
7225.322513 seconds (5.25 G allocations: 21.682 TiB, 17.98% gc time)
 84.411915 seconds (2.00 M allocations: 19.168 GiB, 9.76% gc time)
[2023-01-16T16:14:13.202]Completed Shot 2, state 49
[2023-01-16T16:14:19.691]Diagonalized H.
 69.655155 seconds (1.15 M allocations: 13.599 GiB, 10.76% gc time)
[2023-01-16T16:14:32.313]Completed Shot 2, state 13
7228.477304 seconds (5.24 G allocations: 21.640 TiB, 17.93% gc time)
[2023-01-16T16:14:41.452]Diagonalized H.
 69.877642 seconds (1.09 M allocations: 13.651 GiB, 9.70% gc time)
[2023-01-16T16:14:48.638]Completed Shot 2, state 5
 56.773162 seconds (650.13 k allocations: 9.834 GiB, 9.54% gc time)
[2023-01-16T16:14:54.628]Completed Shot 2, state 3
 48.936868 seconds (644.59 k allocations: 8.156 GiB, 8.77% gc time)
[2023-01-16T16:15:01.753]Completed Shot 2, state 4
7231.174641 seconds (5.22 G allocations: 21.567 TiB, 17.88% gc time)
 31.710445 seconds (361.63 k allocations: 4.556 GiB, 6.57% gc time)
[2023-01-16T16:15:06.261]Completed Shot 2, state 34
[2023-01-16T16:15:09.486]Diagonalized H.
 23.922092 seconds (64.79 k allocations: 2.700 GiB, 1.40% gc time)
[2023-01-16T16:15:27.339]Completed Shot 2, state 17
6786.096040 seconds (5.46 G allocations: 22.019 TiB, 19.20% gc time)
6791.053286 seconds (5.47 G allocations: 22.041 TiB, 19.19% gc time)
6791.062895 seconds (5.47 G allocations: 22.041 TiB, 19.19% gc time)
6793.138994 seconds (5.47 G allocations: 22.050 TiB, 19.18% gc time)
6795.772277 seconds (5.47 G allocations: 22.062 TiB, 19.17% gc time)
6798.512105 seconds (5.48 G allocations: 22.073 TiB, 19.17% gc time)
6798.798866 seconds (5.48 G allocations: 22.075 TiB, 19.17% gc time)
6798.864194 seconds (5.48 G allocations: 22.075 TiB, 19.17% gc time)
6800.159544 seconds (5.48 G allocations: 22.081 TiB, 19.16% gc time)
6801.320695 seconds (5.48 G allocations: 22.085 TiB, 19.16% gc time)
6804.816305 seconds (5.49 G allocations: 22.100 TiB, 19.15% gc time)
6804.901255 seconds (5.49 G allocations: 22.101 TiB, 19.15% gc time)
6805.459480 seconds (5.49 G allocations: 22.103 TiB, 19.15% gc time)
6806.011833 seconds (5.49 G allocations: 22.106 TiB, 19.15% gc time)
6806.244963 seconds (5.49 G allocations: 22.107 TiB, 19.15% gc time)
6806.359584 seconds (5.49 G allocations: 22.107 TiB, 19.14% gc time)
6806.415512 seconds (5.49 G allocations: 22.107 TiB, 19.14% gc time)
6814.720728 seconds (5.49 G allocations: 22.112 TiB, 19.22% gc time)
6815.104807 seconds (5.49 G allocations: 22.114 TiB, 19.22% gc time)
6819.078797 seconds (5.49 G allocations: 22.131 TiB, 19.21% gc time)
6819.187884 seconds (5.49 G allocations: 22.131 TiB, 19.21% gc time)
6819.363169 seconds (5.49 G allocations: 22.132 TiB, 19.21% gc time)
6819.919863 seconds (5.49 G allocations: 22.134 TiB, 19.21% gc time)
6820.042479 seconds (5.49 G allocations: 22.135 TiB, 19.21% gc time)
6821.149918 seconds (5.49 G allocations: 22.140 TiB, 19.21% gc time)
6821.164962 seconds (5.49 G allocations: 22.140 TiB, 19.21% gc time)
6821.293161 seconds (5.50 G allocations: 22.140 TiB, 19.21% gc time)
6822.266473 seconds (5.50 G allocations: 22.144 TiB, 19.20% gc time)
6823.489304 seconds (5.50 G allocations: 22.149 TiB, 19.20% gc time)
6825.001775 seconds (5.50 G allocations: 22.156 TiB, 19.20% gc time)
6826.042526 seconds (5.50 G allocations: 22.160 TiB, 19.19% gc time)
6826.096338 seconds (5.50 G allocations: 22.160 TiB, 19.19% gc time)
6826.765219 seconds (5.50 G allocations: 22.163 TiB, 19.19% gc time)
6827.491476 seconds (5.50 G allocations: 22.165 TiB, 19.19% gc time)
6827.875067 seconds (5.50 G allocations: 22.167 TiB, 19.19% gc time)
6829.204407 seconds (5.50 G allocations: 22.172 TiB, 19.18% gc time)
6831.538277 seconds (5.51 G allocations: 22.182 TiB, 19.18% gc time)
6831.751173 seconds (5.51 G allocations: 22.183 TiB, 19.18% gc time)
6833.426629 seconds (5.51 G allocations: 22.190 TiB, 19.17% gc time)
6834.032174 seconds (5.51 G allocations: 22.192 TiB, 19.17% gc time)
6834.157754 seconds (5.51 G allocations: 22.193 TiB, 19.17% gc time)
6834.772233 seconds (5.51 G allocations: 22.195 TiB, 19.17% gc time)
6842.389564 seconds (5.51 G allocations: 22.204 TiB, 19.22% gc time)
6842.928973 seconds (5.51 G allocations: 22.206 TiB, 19.22% gc time)
6843.640230 seconds (5.51 G allocations: 22.209 TiB, 19.22% gc time)
6843.917478 seconds (5.51 G allocations: 22.210 TiB, 19.22% gc time)
6845.101667 seconds (5.51 G allocations: 22.215 TiB, 19.22% gc time)
6846.126439 seconds (5.51 G allocations: 22.219 TiB, 19.21% gc time)
6846.689700 seconds (5.51 G allocations: 22.221 TiB, 19.21% gc time)
6849.164187 seconds (5.52 G allocations: 22.231 TiB, 19.21% gc time)
6559.217017 seconds (5.49 G allocations: 22.102 TiB, 19.81% gc time)
6567.102514 seconds (5.50 G allocations: 22.135 TiB, 19.79% gc time)
6559.626799 seconds (5.49 G allocations: 22.103 TiB, 19.81% gc time)
6573.715472 seconds (5.50 G allocations: 22.164 TiB, 19.77% gc time)
6563.733951 seconds (5.49 G allocations: 22.119 TiB, 19.80% gc time)
6547.866419 seconds (5.48 G allocations: 22.082 TiB, 19.74% gc time)
6559.269283 seconds (5.49 G allocations: 22.100 TiB, 19.81% gc time)
6549.599632 seconds (5.48 G allocations: 22.088 TiB, 19.73% gc time)
6567.293247 seconds (5.49 G allocations: 22.133 TiB, 19.79% gc time)
6586.400235 seconds (5.50 G allocations: 22.172 TiB, 19.80% gc time)
[2023-01-16T19:58:24.833]Diagonalized H.
[2023-01-16T19:58:24.836]Diagonalized H.
[2023-01-16T19:58:24.844]Diagonalized H.
[2023-01-16T19:58:24.845]Diagonalized H.
[2023-01-16T19:58:24.862]Diagonalized H.
[2023-01-16T19:58:24.903]Diagonalized H.
[2023-01-16T19:58:24.933]Diagonalized H.
[2023-01-16T19:58:25.023]Diagonalized H.
6577.708736 seconds (5.49 G allocations: 22.135 TiB, 19.82% gc time)
[2023-01-16T19:58:25.281]Diagonalized H.
[2023-01-16T19:58:50.831]Diagonalized H.
6580.021876 seconds (5.48 G allocations: 22.090 TiB, 19.71% gc time)
6612.183551 seconds (5.50 G allocations: 22.191 TiB, 19.72% gc time)
 42.926175 seconds (7.52 M allocations: 49.014 GiB, 10.14% gc time)
[2023-01-16T19:58:52.803]Completed Shot 3, state 13
 41.383517 seconds (5.91 M allocations: 42.527 GiB, 10.52% gc time)
[2023-01-16T19:58:52.817]Completed Shot 3, state 40
 40.779176 seconds (5.34 M allocations: 40.259 GiB, 10.67% gc time)
[2023-01-16T19:58:52.826]Completed Shot 3, state 7
 45.967932 seconds (10.46 M allocations: 60.571 GiB, 9.47% gc time)
[2023-01-16T19:58:53.127]Completed Shot 3, state 46
 50.869480 seconds (15.50 M allocations: 80.484 GiB, 8.56% gc time)
[2023-01-16T19:58:53.206]Completed Shot 3, state 31
6603.364266 seconds (5.49 G allocations: 22.146 TiB, 19.74% gc time)
[2023-01-16T19:58:57.998]Diagonalized H.
6593.318236 seconds (5.49 G allocations: 22.129 TiB, 19.67% gc time)
6611.946164 seconds (5.50 G allocations: 22.177 TiB, 19.72% gc time)
[2023-01-16T19:59:11.928]Diagonalized H.
[[[2023-01-16T19:59:11.938]Diagonalized H.
2023-01-16T19:59:11.934]Diagonalized H.
2023-01-16T19:59:11.973]Diagonalized H.
[2023-01-16T19:59:12.335]Diagonalized H.
116.869662 seconds (17.82 M allocations: 103.107 GiB, 12.01% gc time)
[2023-01-16T20:00:02.706]Completed Shot 3, state 20
117.197381 seconds (18.18 M allocations: 104.623 GiB, 11.98% gc time)
[2023-01-16T20:00:02.708]Completed Shot 3, state 22
112.776936 seconds (13.60 M allocations: 86.454 GiB, 12.45% gc time)
[2023-01-16T20:00:02.710]Completed Shot 3, state 29
116.108131 seconds (10.43 M allocations: 74.594 GiB, 12.70% gc time)
[2023-01-16T20:00:09.261]Completed Shot 3, state 39
6662.788674 seconds (5.48 G allocations: 22.115 TiB, 19.64% gc time)
[2023-01-16T20:00:24.315]Diagonalized H.
6686.462675 seconds (5.49 G allocations: 22.145 TiB, 19.60% gc time)
[2023-01-16T20:00:42.292]Diagonalized H.
148.733910 seconds (9.40 M allocations: 74.218 GiB, 10.82% gc time)
[2023-01-16T20:00:53.950]Completed Shot 3, state 44
150.739286 seconds (9.89 M allocations: 77.597 GiB, 10.69% gc time)
[2023-01-16T20:00:55.539]Completed Shot 3, state 38
6696.613533 seconds (5.48 G allocations: 22.100 TiB, 19.61% gc time)
[2023-01-16T20:01:04.283]Diagonalized H.
6719.790943 seconds (5.49 G allocations: 22.136 TiB, 19.57% gc time)
133.109281 seconds (3.89 M allocations: 34.744 GiB, 13.76% gc time)
[2023-01-16T20:01:13.722]Completed Shot 3, state 27
[2023-01-16T20:01:20.436]Diagonalized H.
141.775310 seconds (4.89 M allocations: 40.070 GiB, 13.18% gc time)
[2023-01-16T20:01:21.519]Completed Shot 3, state 33
159.150575 seconds (9.41 M allocations: 61.889 GiB, 12.82% gc time)
[2023-01-16T20:01:31.820]Completed Shot 3, state 34
159.736926 seconds (8.47 M allocations: 58.014 GiB, 13.02% gc time)
[2023-01-16T20:01:35.905]Completed Shot 3, state 15
6749.368746 seconds (5.49 G allocations: 22.175 TiB, 19.52% gc time)
 78.542248 seconds (4.33 M allocations: 26.669 GiB, 11.75% gc time)
[2023-01-16T20:01:36.166]Completed Shot 3, state 12
165.611042 seconds (11.23 M allocations: 69.922 GiB, 12.58% gc time)
[2023-01-16T20:01:36.470]Completed Shot 3, state 36
[2023-01-16T20:01:43.501]Diagonalized H.
6762.572058 seconds (5.49 G allocations: 22.173 TiB, 19.51% gc time)
[2023-01-16T20:02:00.166]Diagonalized H.
6800.095877 seconds (5.51 G allocations: 22.221 TiB, 19.54% gc time)
6771.358990 seconds (5.48 G allocations: 22.130 TiB, 19.52% gc time)
[2023-01-16T20:02:18.931]Diagonalized H.
[2023-01-16T20:02:27.006]Diagonalized H.
126.850388 seconds (7.03 M allocations: 42.743 GiB, 11.95% gc time)
[2023-01-16T20:02:41.805]Completed Shot 3, state 2
6812.244449 seconds (5.49 G allocations: 22.158 TiB, 19.47% gc time)
6835.138888 seconds (5.50 G allocations: 22.223 TiB, 19.50% gc time)
118.260679 seconds (7.17 M allocations: 42.001 GiB, 10.96% gc time)
[2023-01-16T20:02:55.647]Completed Shot 3, state 23
[2023-01-16T20:02:55.704]Diagonalized H.
[2023-01-16T20:03:02.011]Diagonalized H.
133.163333 seconds (6.34 M allocations: 40.402 GiB, 11.08% gc time)
[2023-01-16T20:03:26.393]Completed Shot 3, state 4
6849.506701 seconds (5.48 G allocations: 22.144 TiB, 19.41% gc time)
6841.028096 seconds (5.48 G allocations: 22.128 TiB, 19.37% gc time)
[2023-01-16T20:03:37.732]Diagonalized H.
[2023-01-16T20:03:44.821]Diagonalized H.
6915.633208 seconds (5.51 G allocations: 22.236 TiB, 19.39% gc time)
6901.012925 seconds (5.50 G allocations: 22.202 TiB, 19.33% gc time)
160.055998 seconds (4.80 M allocations: 37.451 GiB, 10.40% gc time)
[2023-01-16T20:04:16.131]Completed Shot 3, state 6
[2023-01-16T20:04:16.241]Diagonalized H.
[2023-01-16T20:04:22.632]Diagonalized H.
142.273405 seconds (1.95 M allocations: 25.441 GiB, 10.42% gc time)
[2023-01-16T20:04:34.613]Completed Shot 3, state 8
163.644729 seconds (3.72 M allocations: 34.697 GiB, 10.69% gc time)
[2023-01-16T20:04:34.730]Completed Shot 3, state 50
146.011351 seconds (2.05 M allocations: 26.069 GiB, 10.27% gc time)
[2023-01-16T20:04:38.744]Completed Shot 3, state 3
6928.402354 seconds (5.49 G allocations: 22.185 TiB, 19.30% gc time)
6950.649922 seconds (5.51 G allocations: 22.247 TiB, 19.34% gc time)
[2023-01-16T20:04:51.085]Diagonalized H.
[2023-01-16T20:04:58.824]Diagonalized H.
147.606482 seconds (2.26 M allocations: 26.897 GiB, 9.45% gc time)
[2023-01-16T20:05:16.399]Completed Shot 3, state 10
153.203177 seconds (2.41 M allocations: 28.177 GiB, 9.52% gc time)
[2023-01-16T20:05:22.048]Completed Shot 3, state 28
6993.530173 seconds (5.51 G allocations: 22.256 TiB, 19.28% gc time)
6978.180324 seconds (5.50 G allocations: 22.220 TiB, 19.22% gc time)
[2023-01-16T20:05:33.798]Diagonalized H.
[2023-01-16T20:05:41.125]Diagonalized H.
6992.217500 seconds (5.50 G allocations: 22.211 TiB, 19.19% gc time)
[2023-01-16T20:05:54.747]Diagonalized H.
150.265153 seconds (3.79 M allocations: 33.957 GiB, 9.50% gc time)
[2023-01-16T20:06:02.226]Completed Shot 3, state 32
7015.274564 seconds (5.50 G allocations: 22.209 TiB, 19.17% gc time)
7022.921818 seconds (5.50 G allocations: 22.237 TiB, 19.15% gc time)
[2023-01-16T20:06:16.770]Diagonalized H.
171.635984 seconds (4.00 M allocations: 36.511 GiB, 9.16% gc time)
[2023-01-16T20:06:23.651]Completed Shot 3, state 30
[2023-01-16T20:06:23.667]Diagonalized H.
158.935355 seconds (3.69 M allocations: 34.767 GiB, 9.63% gc time)
[2023-01-16T20:06:48.588]Completed Shot 3, state 37
161.535769 seconds (3.78 M allocations: 35.417 GiB, 9.79% gc time)
[2023-01-16T20:06:50.759]Completed Shot 3, state 21
128.679133 seconds (2.68 M allocations: 26.719 GiB, 9.65% gc time)
[2023-01-16T20:06:52.299]Completed Shot 3, state 5
7043.323774 seconds (5.49 G allocations: 22.172 TiB, 19.09% gc time)
130.092554 seconds (2.75 M allocations: 27.200 GiB, 9.74% gc time)
[2023-01-16T20:06:54.102]Completed Shot 3, state 49
7041.823762 seconds (5.48 G allocations: 22.164 TiB, 19.09% gc time)
[2023-01-16T20:07:00.402]Diagonalized H.
[2023-01-16T20:07:08.003]Diagonalized H.
7096.549737 seconds (5.49 G allocations: 22.202 TiB, 19.08% gc time)
[2023-01-16T20:07:43.245]Diagonalized H.
144.653026 seconds (1.88 M allocations: 25.487 GiB, 10.41% gc time)
[2023-01-16T20:07:51.946]Completed Shot 3, state 25
144.296555 seconds (1.75 M allocations: 24.818 GiB, 10.42% gc time)
[2023-01-16T20:07:52.091]Completed Shot 3, state 43
7110.198574 seconds (5.49 G allocations: 22.193 TiB, 19.07% gc time)
127.971994 seconds (1.72 M allocations: 22.800 GiB, 11.04% gc time)
[2023-01-16T20:07:52.535]Completed Shot 3, state 14
[2023-01-16T20:07:59.979]Diagonalized H.
7133.380321 seconds (5.50 G allocations: 22.255 TiB, 19.02% gc time)
112.266320 seconds (1.56 M allocations: 19.633 GiB, 10.70% gc time)
[2023-01-16T20:08:02.890]Completed Shot 3, state 11
[2023-01-16T20:08:11.634]Diagonalized H.
131.021596 seconds (1.88 M allocations: 23.665 GiB, 10.64% gc time)
[2023-01-16T20:08:21.332]Completed Shot 3, state 18
7131.083104 seconds (5.49 G allocations: 22.186 TiB, 18.98% gc time)
[2023-01-16T20:08:29.794]Diagonalized H.
7168.811885 seconds (5.51 G allocations: 22.268 TiB, 18.97% gc time)
[2023-01-16T20:08:44.348]Diagonalized H.
7171.402549 seconds (5.50 G allocations: 22.240 TiB, 18.97% gc time)
[2023-01-16T20:08:52.543]Diagonalized H.
140.719103 seconds (2.14 M allocations: 26.275 GiB, 9.95% gc time)
[2023-01-16T20:09:14.990]Completed Shot 3, state 19
141.389533 seconds (2.21 M allocations: 26.782 GiB, 9.91% gc time)
[2023-01-16T20:09:14.990]Completed Shot 3, state 47
7200.890746 seconds (5.49 G allocations: 22.223 TiB, 18.95% gc time)
[2023-01-16T20:09:26.944]Diagonalized H.
7193.901023 seconds (5.48 G allocations: 22.187 TiB, 18.90% gc time)
[2023-01-16T20:09:36.203]Diagonalized H.
138.111854 seconds (2.20 M allocations: 26.697 GiB, 9.97% gc time)
[2023-01-16T20:09:53.548]Completed Shot 3, state 42
7217.838431 seconds (5.48 G allocations: 22.179 TiB, 18.88% gc time)
[2023-01-16T20:10:03.781]Diagonalized H.
131.773284 seconds (1.76 M allocations: 23.634 GiB, 9.53% gc time)
[2023-01-16T20:10:04.087]Completed Shot 3, state 9
123.939439 seconds (1.56 M allocations: 22.469 GiB, 9.64% gc time)
[2023-01-16T20:10:04.587]Completed Shot 3, state 48
7237.996622 seconds (5.48 G allocations: 22.192 TiB, 18.85% gc time)
[2023-01-16T20:10:20.831]Diagonalized H.
104.864326 seconds (779.61 k allocations: 17.438 GiB, 9.43% gc time)
[2023-01-16T20:10:29.652]Completed Shot 3, state 1
128.708179 seconds (1.31 M allocations: 22.485 GiB, 9.18% gc time)
[2023-01-16T20:10:31.055]Completed Shot 3, state 35
116.744075 seconds (998.58 k allocations: 19.325 GiB, 9.60% gc time)
[2023-01-16T20:10:32.092]Completed Shot 3, state 41
 73.388781 seconds (670.01 k allocations: 13.066 GiB, 8.86% gc time)
[2023-01-16T20:10:33.375]Completed Shot 3, state 16
 68.271971 seconds (602.95 k allocations: 12.453 GiB, 8.71% gc time)
[2023-01-16T20:10:35.645]Completed Shot 3, state 26
7269.374292 seconds (5.49 G allocations: 22.215 TiB, 18.79% gc time)
 45.927175 seconds (596.43 k allocations: 9.035 GiB, 6.35% gc time)
[2023-01-16T20:10:40.275]Completed Shot 3, state 24
 30.567440 seconds (421.66 k allocations: 5.839 GiB, 4.47% gc time)
[2023-01-16T20:10:42.601]Completed Shot 3, state 45
[2023-01-16T20:10:45.753]Diagonalized H.
 24.928612 seconds (67.80 k allocations: 2.744 GiB, 1.41% gc time)
[2023-01-16T20:11:04.037]Completed Shot 3, state 17
6789.742116 seconds (5.40 G allocations: 21.867 TiB, 19.13% gc time)
6790.716491 seconds (5.40 G allocations: 21.872 TiB, 19.13% gc time)
6791.469981 seconds (5.40 G allocations: 21.874 TiB, 19.13% gc time)
6796.881690 seconds (5.40 G allocations: 21.896 TiB, 19.11% gc time)
6806.115384 seconds (5.41 G allocations: 21.916 TiB, 19.15% gc time)
6806.747754 seconds (5.41 G allocations: 21.919 TiB, 19.15% gc time)
6811.286969 seconds (5.41 G allocations: 21.937 TiB, 19.13% gc time)
6811.478520 seconds (5.41 G allocations: 21.938 TiB, 19.13% gc time)
6812.578605 seconds (5.41 G allocations: 21.942 TiB, 19.13% gc time)
6813.938115 seconds (5.42 G allocations: 21.948 TiB, 19.13% gc time)
6813.995858 seconds (5.42 G allocations: 21.948 TiB, 19.13% gc time)
6814.302039 seconds (5.42 G allocations: 21.949 TiB, 19.13% gc time)
6814.888191 seconds (5.42 G allocations: 21.951 TiB, 19.12% gc time)
6815.675493 seconds (5.42 G allocations: 21.954 TiB, 19.12% gc time)
6820.151079 seconds (5.42 G allocations: 21.972 TiB, 19.11% gc time)
6820.350395 seconds (5.42 G allocations: 21.972 TiB, 19.11% gc time)
6820.617308 seconds (5.42 G allocations: 21.974 TiB, 19.11% gc time)
6820.718399 seconds (5.42 G allocations: 21.974 TiB, 19.11% gc time)
6821.099506 seconds (5.42 G allocations: 21.975 TiB, 19.11% gc time)
6821.754624 seconds (5.42 G allocations: 21.978 TiB, 19.10% gc time)
6822.215649 seconds (5.42 G allocations: 21.979 TiB, 19.10% gc time)
6823.787415 seconds (5.43 G allocations: 21.986 TiB, 19.10% gc time)
6824.525934 seconds (5.43 G allocations: 21.988 TiB, 19.10% gc time)
6825.256575 seconds (5.43 G allocations: 21.991 TiB, 19.09% gc time)
6825.637136 seconds (5.43 G allocations: 21.993 TiB, 19.09% gc time)
6832.685855 seconds (5.43 G allocations: 21.999 TiB, 19.15% gc time)
6833.352697 seconds (5.43 G allocations: 22.001 TiB, 19.15% gc time)
6834.658924 seconds (5.43 G allocations: 22.006 TiB, 19.15% gc time)
6835.713174 seconds (5.43 G allocations: 22.010 TiB, 19.14% gc time)
6836.875664 seconds (5.43 G allocations: 22.014 TiB, 19.14% gc time)
6837.339169 seconds (5.43 G allocations: 22.016 TiB, 19.14% gc time)
6837.507096 seconds (5.43 G allocations: 22.017 TiB, 19.14% gc time)
6837.610067 seconds (5.43 G allocations: 22.017 TiB, 19.14% gc time)
6838.137046 seconds (5.43 G allocations: 22.019 TiB, 19.14% gc time)
6838.236069 seconds (5.43 G allocations: 22.019 TiB, 19.14% gc time)
6838.704483 seconds (5.43 G allocations: 22.021 TiB, 19.14% gc time)
6838.714437 seconds (5.43 G allocations: 22.021 TiB, 19.14% gc time)
6838.846400 seconds (5.43 G allocations: 22.021 TiB, 19.14% gc time)
6839.886672 seconds (5.44 G allocations: 22.025 TiB, 19.13% gc time)
6841.903772 seconds (5.44 G allocations: 22.033 TiB, 19.13% gc time)
6843.252384 seconds (5.44 G allocations: 22.038 TiB, 19.12% gc time)
6844.596347 seconds (5.44 G allocations: 22.043 TiB, 19.12% gc time)
6846.261992 seconds (5.44 G allocations: 22.049 TiB, 19.11% gc time)
6847.818511 seconds (5.44 G allocations: 22.055 TiB, 19.11% gc time)
6848.392786 seconds (5.44 G allocations: 22.057 TiB, 19.11% gc time)
6848.866410 seconds (5.44 G allocations: 22.059 TiB, 19.11% gc time)
6851.570302 seconds (5.45 G allocations: 22.069 TiB, 19.10% gc time)
6854.223423 seconds (5.45 G allocations: 22.078 TiB, 19.09% gc time)
6864.263183 seconds (5.45 G allocations: 22.099 TiB, 19.13% gc time)
6878.460085 seconds (5.46 G allocations: 22.152 TiB, 19.09% gc time)
6690.455612 seconds (5.38 G allocations: 21.814 TiB, 15.65% gc time)
[2023-01-16T23:56:17.223]Diagonalized H.
6727.788345 seconds (5.41 G allocations: 21.907 TiB, 15.65% gc time)
[2023-01-16T23:56:30.067]Diagonalized H.
6736.632817 seconds (5.41 G allocations: 21.895 TiB, 15.61% gc time)
 32.101470 seconds (16.27 M allocations: 65.707 GiB, 9.18% gc time)
[2023-01-16T23:56:55.402]Completed Shot 4, state 31
[2023-01-16T23:57:01.788]Diagonalized H.
 52.051818 seconds (19.83 M allocations: 81.368 GiB, 9.48% gc time)
[2023-01-16T23:57:02.224]Completed Shot 4, state 18
6775.658804 seconds (5.43 G allocations: 21.983 TiB, 15.62% gc time)
[2023-01-16T23:57:23.470]Diagonalized H.
6798.960033 seconds (5.44 G allocations: 22.027 TiB, 15.59% gc time)
[2023-01-16T23:57:39.937]Diagonalized H.
6755.798973 seconds (5.40 G allocations: 21.859 TiB, 15.56% gc time)
[2023-01-16T23:57:52.697]Diagonalized H.
6770.643830 seconds (5.40 G allocations: 21.884 TiB, 15.54% gc time)
[2023-01-16T23:58:02.198]Diagonalized H.
 85.644341 seconds (16.37 M allocations: 73.575 GiB, 10.39% gc time)
[2023-01-16T23:58:20.621]Completed Shot 4, state 35
6852.676772 seconds (5.44 G allocations: 22.054 TiB, 15.54% gc time)
[2023-01-16T23:58:34.255]Diagonalized H.
6842.873185 seconds (5.43 G allocations: 21.985 TiB, 15.52% gc time)
6838.122675 seconds (5.42 G allocations: 21.962 TiB, 15.54% gc time)
[2023-01-16T23:58:48.880]Diagonalized H.
[2023-01-16T23:58:55.409]Diagonalized H.
6854.995096 seconds (5.41 G allocations: 21.925 TiB, 15.48% gc time)
6870.342221 seconds (5.42 G allocations: 21.961 TiB, 15.52% gc time)
[2023-01-16T23:59:22.660]Diagonalized H.
[2023-01-16T23:59:29.204]Diagonalized H.
132.862655 seconds (8.73 M allocations: 50.322 GiB, 10.48% gc time)
[2023-01-16T23:59:45.607]Completed Shot 4, state 43
152.661249 seconds (12.33 M allocations: 66.615 GiB, 10.43% gc time)
[2023-01-16T23:59:49.244]Completed Shot 4, state 45
128.180371 seconds (7.73 M allocations: 45.661 GiB, 10.48% gc time)
[2023-01-16T23:59:52.618]Completed Shot 4, state 37
127.351535 seconds (9.12 M allocations: 51.879 GiB, 9.97% gc time)
[2023-01-17T00:00:00.884]Completed Shot 4, state 33
6894.740337 seconds (5.41 G allocations: 21.920 TiB, 15.45% gc time)
[2023-01-17T00:00:09.121]Diagonalized H.
102.851692 seconds (6.50 M allocations: 37.536 GiB, 9.87% gc time)
[2023-01-17T00:00:10.287]Completed Shot 4, state 32
 95.881512 seconds (5.94 M allocations: 34.799 GiB, 10.12% gc time)
[2023-01-17T00:00:18.195]Completed Shot 4, state 11
 97.817636 seconds (6.31 M allocations: 36.449 GiB, 10.30% gc time)
[2023-01-17T00:00:18.670]Completed Shot 4, state 24
6942.981472 seconds (5.43 G allocations: 22.025 TiB, 15.45% gc time)
6950.533929 seconds (5.43 G allocations: 22.032 TiB, 15.44% gc time)
[2023-01-17T00:00:27.522]Diagonalized H.
[2023-01-17T00:00:36.486]Diagonalized H.
6969.949000 seconds (5.44 G allocations: 22.058 TiB, 15.42% gc time)
[2023-01-17T00:00:50.433]Diagonalized H.
 95.002365 seconds (7.32 M allocations: 40.030 GiB, 10.17% gc time)
[2023-01-17T00:00:51.600]Completed Shot 4, state 10
6973.661913 seconds (5.43 G allocations: 22.029 TiB, 15.43% gc time)
[2023-01-17T00:01:02.090]Diagonalized H.
118.724410 seconds (7.96 M allocations: 46.152 GiB, 10.91% gc time)
[2023-01-17T00:01:14.636]Completed Shot 4, state 23
7005.968649 seconds (5.44 G allocations: 22.069 TiB, 15.40% gc time)
[2023-01-17T00:01:23.637]Diagonalized H.
6993.526611 seconds (5.40 G allocations: 21.916 TiB, 15.40% gc time)
7027.917800 seconds (5.43 G allocations: 22.022 TiB, 15.40% gc time)
[2023-01-17T00:01:58.427]Diagonalized H.
[2023-01-17T00:02:06.809]Diagonalized H.
143.775255 seconds (6.41 M allocations: 42.695 GiB, 10.97% gc time)
[2023-01-17T00:02:25.810]Completed Shot 4, state 30
126.894961 seconds (3.74 M allocations: 30.594 GiB, 10.61% gc time)
[2023-01-17T00:02:27.913]Completed Shot 4, state 15
7051.510020 seconds (5.42 G allocations: 22.004 TiB, 15.33% gc time)
121.708950 seconds (3.79 M allocations: 30.749 GiB, 10.86% gc time)
[2023-01-17T00:02:28.861]Completed Shot 4, state 2
7079.925461 seconds (5.44 G allocations: 22.068 TiB, 15.35% gc time)
[2023-01-17T00:02:35.361]Diagonalized H.
[2023-01-17T00:02:43.335]Diagonalized H.
111.923995 seconds (3.61 M allocations: 28.259 GiB, 10.65% gc time)
[2023-01-17T00:02:45.403]Completed Shot 4, state 4
133.302666 seconds (4.03 M allocations: 33.243 GiB, 11.00% gc time)
[2023-01-17T00:02:54.043]Completed Shot 4, state 41
102.314771 seconds (4.41 M allocations: 30.244 GiB, 10.76% gc time)
[2023-01-17T00:02:58.442]Completed Shot 4, state 50
7104.149887 seconds (5.44 G allocations: 22.079 TiB, 15.35% gc time)
[2023-01-17T00:03:06.324]Diagonalized H.
7102.134449 seconds (5.43 G allocations: 22.029 TiB, 15.37% gc time)
7109.507882 seconds (5.43 G allocations: 22.049 TiB, 15.36% gc time)
[2023-01-17T00:03:20.591]Diagonalized H.
[2023-01-17T00:03:27.085]Diagonalized H.
111.256507 seconds (4.71 M allocations: 33.229 GiB, 11.25% gc time)
[2023-01-17T00:03:43.565]Completed Shot 4, state 16
114.384063 seconds (5.21 M allocations: 35.619 GiB, 11.28% gc time)
[2023-01-17T00:03:46.176]Completed Shot 4, state 34
7126.977849 seconds (5.43 G allocations: 22.019 TiB, 15.30% gc time)
[2023-01-17T00:03:53.473]Diagonalized H.
 91.939561 seconds (4.51 M allocations: 30.634 GiB, 12.02% gc time)
[2023-01-17T00:04:07.192]Completed Shot 4, state 8
101.173681 seconds (5.71 M allocations: 35.945 GiB, 11.11% gc time)
[2023-01-17T00:04:09.412]Completed Shot 4, state 47
7161.189324 seconds (5.43 G allocations: 22.049 TiB, 15.33% gc time)
[2023-01-17T00:04:17.200]Diagonalized H.
7173.033845 seconds (5.44 G allocations: 22.067 TiB, 15.31% gc time)
[2023-01-17T00:04:27.164]Diagonalized H.
7167.826229 seconds (5.43 G allocations: 22.026 TiB, 15.26% gc time)
[2023-01-17T00:04:39.853]Diagonalized H.
7208.120736 seconds (5.43 G allocations: 22.052 TiB, 15.23% gc time)
126.252157 seconds (5.50 M allocations: 37.745 GiB, 10.03% gc time)
[2023-01-17T00:05:05.923]Completed Shot 4, state 42
[2023-01-17T00:05:12.572]Diagonalized H.
7210.916636 seconds (5.43 G allocations: 22.036 TiB, 15.23% gc time)
127.280020 seconds (4.88 M allocations: 34.971 GiB, 9.36% gc time)
[2023-01-17T00:05:21.454]Completed Shot 4, state 39
[2023-01-17T00:05:21.471]Diagonalized H.
134.074255 seconds (5.19 M allocations: 36.804 GiB, 9.60% gc time)
[2023-01-17T00:05:25.887]Completed Shot 4, state 22
7232.038710 seconds (5.43 G allocations: 22.043 TiB, 15.21% gc time)
7232.660307 seconds (5.42 G allocations: 22.011 TiB, 15.22% gc time)
[2023-01-17T00:05:42.997]Diagonalized H.
117.272792 seconds (4.62 M allocations: 32.636 GiB, 9.41% gc time)
[2023-01-17T00:05:44.005]Completed Shot 4, state 26
[2023-01-17T00:05:50.443]Diagonalized H.
125.844759 seconds (2.80 M allocations: 26.669 GiB, 10.16% gc time)
[2023-01-17T00:06:16.330]Completed Shot 4, state 3
7291.483355 seconds (5.44 G allocations: 22.089 TiB, 15.23% gc time)
[2023-01-17T00:06:24.776]Diagonalized H.
131.358096 seconds (2.80 M allocations: 27.745 GiB, 10.22% gc time)
[2023-01-17T00:06:30.570]Completed Shot 4, state 36
126.836681 seconds (2.81 M allocations: 26.677 GiB, 10.73% gc time)
[2023-01-17T00:06:36.841]Completed Shot 4, state 19
7285.891108 seconds (5.42 G allocations: 22.015 TiB, 15.20% gc time)
7316.833115 seconds (5.44 G allocations: 22.084 TiB, 15.21% gc time)
[2023-01-17T00:06:45.499]Diagonalized H.
[2023-01-17T00:06:53.422]Diagonalized H.
133.182946 seconds (2.30 M allocations: 24.690 GiB, 11.18% gc time)
[2023-01-17T00:07:18.696]Completed Shot 4, state 5
7354.618731 seconds (5.44 G allocations: 22.093 TiB, 15.20% gc time)
[2023-01-17T00:07:29.686]Diagonalized H.
7365.563007 seconds (5.44 G allocations: 22.106 TiB, 15.18% gc time)
[2023-01-17T00:07:38.019]Diagonalized H.
168.513008 seconds (2.58 M allocations: 30.225 GiB, 11.15% gc time)
[2023-01-17T00:08:01.708]Completed Shot 4, state 27
154.843065 seconds (3.54 M allocations: 31.624 GiB, 10.85% gc time)
[2023-01-17T00:08:08.431]Completed Shot 4, state 28
7391.771480 seconds (5.43 G allocations: 22.086 TiB, 15.11% gc time)
[2023-01-17T00:08:16.784]Diagonalized H.
162.856223 seconds (4.57 M allocations: 37.380 GiB, 11.04% gc time)
[2023-01-17T00:08:25.819]Completed Shot 4, state 9
7403.391622 seconds (5.43 G allocations: 22.076 TiB, 15.11% gc time)
[2023-01-17T00:08:32.648]Diagonalized H.
7397.302724 seconds (5.42 G allocations: 22.029 TiB, 15.13% gc time)
[2023-01-17T00:08:40.314]Diagonalized H.
153.390699 seconds (4.42 M allocations: 35.697 GiB, 10.52% gc time)
[2023-01-17T00:08:50.672]Completed Shot 4, state 20
126.243875 seconds (3.53 M allocations: 29.633 GiB, 11.00% gc time)
[2023-01-17T00:08:51.646]Completed Shot 4, state 48
7432.381142 seconds (5.43 G allocations: 22.085 TiB, 15.09% gc time)
[2023-01-17T00:09:01.449]Diagonalized H.
7444.529272 seconds (5.43 G allocations: 22.090 TiB, 15.08% gc time)
[2023-01-17T00:09:14.088]Diagonalized H.
156.676396 seconds (4.39 M allocations: 36.213 GiB, 10.20% gc time)
[2023-01-17T00:09:15.002]Completed Shot 4, state 29
117.281642 seconds (3.96 M allocations: 31.239 GiB, 9.78% gc time)
[2023-01-17T00:09:20.593]Completed Shot 4, state 13
7457.097573 seconds (5.43 G allocations: 22.084 TiB, 15.08% gc time)
[2023-01-17T00:09:29.582]Diagonalized H.
7457.283949 seconds (5.42 G allocations: 22.051 TiB, 15.09% gc time)
[2023-01-17T00:09:38.889]Diagonalized H.
137.688090 seconds (3.94 M allocations: 33.437 GiB, 10.13% gc time)
[2023-01-17T00:09:48.010]Completed Shot 4, state 17
120.703621 seconds (2.27 M allocations: 24.538 GiB, 10.06% gc time)
[2023-01-17T00:10:11.175]Completed Shot 4, state 21
7505.239103 seconds (5.43 G allocations: 22.083 TiB, 15.05% gc time)
[2023-01-17T00:10:18.006]Diagonalized H.
7490.068983 seconds (5.42 G allocations: 22.019 TiB, 15.02% gc time)
[2023-01-17T00:10:25.996]Diagonalized H.
124.070189 seconds (1.68 M allocations: 22.493 GiB, 9.46% gc time)
[2023-01-17T00:10:30.209]Completed Shot 4, state 49
127.331104 seconds (1.69 M allocations: 23.897 GiB, 10.00% gc time)
[2023-01-17T00:10:40.244]Completed Shot 4, state 7
7546.687243 seconds (5.43 G allocations: 22.102 TiB, 15.01% gc time)
[2023-01-17T00:10:56.301]Diagonalized H.
126.907224 seconds (1.79 M allocations: 23.518 GiB, 8.99% gc time)
[2023-01-17T00:11:01.857]Completed Shot 4, state 25
122.706617 seconds (1.62 M allocations: 21.615 GiB, 9.15% gc time)
[2023-01-17T00:11:08.614]Completed Shot 4, state 1
108.876852 seconds (1.32 M allocations: 18.408 GiB, 8.97% gc time)
[2023-01-17T00:11:09.901]Completed Shot 4, state 14
7529.309935 seconds (5.40 G allocations: 21.975 TiB, 15.00% gc time)
102.210489 seconds (1.27 M allocations: 18.067 GiB, 8.74% gc time)
[2023-01-17T00:11:12.404]Completed Shot 4, state 46
[2023-01-17T00:11:18.593]Diagonalized H.
 74.418851 seconds (989.67 k allocations: 13.789 GiB, 8.10% gc time)
[2023-01-17T00:11:25.602]Completed Shot 4, state 6
 68.566728 seconds (939.66 k allocations: 13.280 GiB, 8.48% gc time)
[2023-01-17T00:11:26.941]Completed Shot 4, state 38
7575.464612 seconds (5.43 G allocations: 22.075 TiB, 14.99% gc time)
 42.461920 seconds (516.76 k allocations: 7.751 GiB, 7.33% gc time)
[2023-01-17T00:11:31.906]Completed Shot 4, state 40
[2023-01-17T00:11:35.172]Diagonalized H.
 40.336020 seconds (220.61 k allocations: 5.783 GiB, 6.82% gc time)
[2023-01-17T00:11:52.146]Completed Shot 4, state 12
 31.300515 seconds (113.14 k allocations: 3.437 GiB, 4.01% gc time)
[2023-01-17T00:11:58.626]Completed Shot 4, state 44
5900.605555 seconds (5.58 G allocations: 22.284 TiB, 6.37% gc time)
5903.665560 seconds (5.59 G allocations: 22.296 TiB, 6.37% gc time)
5903.818711 seconds (5.59 G allocations: 22.297 TiB, 6.37% gc time)
5904.569655 seconds (5.59 G allocations: 22.300 TiB, 6.37% gc time)
5905.187590 seconds (5.59 G allocations: 22.302 TiB, 6.37% gc time)
5908.928292 seconds (5.59 G allocations: 22.317 TiB, 6.37% gc time)
5909.699342 seconds (5.59 G allocations: 22.320 TiB, 6.37% gc time)
5910.275106 seconds (5.59 G allocations: 22.322 TiB, 6.37% gc time)
5910.346686 seconds (5.59 G allocations: 22.322 TiB, 6.37% gc time)
5910.876690 seconds (5.60 G allocations: 22.325 TiB, 6.37% gc time)
5910.959537 seconds (5.60 G allocations: 22.325 TiB, 6.37% gc time)
5911.626984 seconds (5.60 G allocations: 22.327 TiB, 6.37% gc time)
5911.741495 seconds (5.60 G allocations: 22.328 TiB, 6.37% gc time)
5912.122672 seconds (5.60 G allocations: 22.329 TiB, 6.37% gc time)
5912.726772 seconds (5.60 G allocations: 22.332 TiB, 6.37% gc time)
5913.195575 seconds (5.60 G allocations: 22.334 TiB, 6.37% gc time)
5914.164174 seconds (5.60 G allocations: 22.337 TiB, 6.37% gc time)
5914.341527 seconds (5.60 G allocations: 22.338 TiB, 6.37% gc time)
5915.300453 seconds (5.60 G allocations: 22.342 TiB, 6.37% gc time)
5916.135464 seconds (5.60 G allocations: 22.345 TiB, 6.37% gc time)
5916.422720 seconds (5.60 G allocations: 22.346 TiB, 6.37% gc time)
5916.891592 seconds (5.60 G allocations: 22.348 TiB, 6.37% gc time)
  Activating project at `/gpfs/bwfor/work/ws/hd_ku269-light_cones/WorkingFolder`
5916.960825 seconds (5.60 G allocations: 22.348 TiB, 6.37% gc time)
5917.425772 seconds (5.60 G allocations: 22.350 TiB, 6.37% gc time)
5917.707946 seconds (5.60 G allocations: 22.351 TiB, 6.37% gc time)
5917.826031 seconds (5.60 G allocations: 22.351 TiB, 6.37% gc time)
5918.158521 seconds (5.60 G allocations: 22.352 TiB, 6.37% gc time)
5918.245899 seconds (5.60 G allocations: 22.353 TiB, 6.37% gc time)
5918.627786 seconds (5.60 G allocations: 22.354 TiB, 6.37% gc time)
5919.086121 seconds (5.60 G allocations: 22.356 TiB, 6.37% gc time)
5919.891799 seconds (5.60 G allocations: 22.359 TiB, 6.37% gc time)
5920.315890 seconds (5.60 G allocations: 22.360 TiB, 6.37% gc time)
5920.583070 seconds (5.60 G allocations: 22.361 TiB, 6.37% gc time)
5920.775766 seconds (5.60 G allocations: 22.362 TiB, 6.37% gc time)
5921.065327 seconds (5.60 G allocations: 22.363 TiB, 6.37% gc time)
5921.111683 seconds (5.60 G allocations: 22.363 TiB, 6.37% gc time)
5921.489203 seconds (5.61 G allocations: 22.364 TiB, 6.37% gc time)
5921.585052 seconds (5.61 G allocations: 22.365 TiB, 6.37% gc time)
5921.729979 seconds (5.61 G allocations: 22.365 TiB, 6.37% gc time)
5921.771774 seconds (5.61 G allocations: 22.366 TiB, 6.37% gc time)
5923.259360 seconds (5.61 G allocations: 22.371 TiB, 6.37% gc time)
5924.790528 seconds (5.61 G allocations: 22.376 TiB, 6.37% gc time)
5925.362610 seconds (5.61 G allocations: 22.378 TiB, 6.37% gc time)
5925.540170 seconds (5.61 G allocations: 22.379 TiB, 6.37% gc time)
5926.138420 seconds (5.61 G allocations: 22.381 TiB, 6.37% gc time)
5927.847127 seconds (5.61 G allocations: 22.387 TiB, 6.37% gc time)
5928.697712 seconds (5.61 G allocations: 22.390 TiB, 6.37% gc time)
5930.389062 seconds (5.61 G allocations: 22.396 TiB, 6.37% gc time)
5932.266421 seconds (5.61 G allocations: 22.403 TiB, 6.37% gc time)
5936.367273 seconds (5.62 G allocations: 22.417 TiB, 6.37% gc time)
5798.275079 seconds (5.60 G allocations: 22.325 TiB, 6.72% gc time)
[2023-01-17T03:27:04.807]Diagonalized H.
5817.080813 seconds (5.60 G allocations: 22.351 TiB, 6.73% gc time)
[2023-01-17T03:27:26.627]Diagonalized H.
5824.728258 seconds (5.60 G allocations: 22.339 TiB, 6.74% gc time)
5829.979553 seconds (5.60 G allocations: 22.360 TiB, 6.74% gc time)
[2023-01-17T03:27:46.084]Diagonalized H.
[2023-01-17T03:27:46.490]Diagonalized H.
5861.202321 seconds (5.61 G allocations: 22.375 TiB, 6.76% gc time)
5847.539880 seconds (5.59 G allocations: 22.321 TiB, 6.76% gc time)
[2023-01-17T03:28:17.593]Diagonalized H.
[2023-01-17T03:28:17.834]Diagonalized H.
5894.205397 seconds (5.60 G allocations: 22.360 TiB, 6.80% gc time)
[2023-01-17T03:28:50.302]Diagonalized H.
124.152752 seconds (14.96 M allocations: 71.948 GiB, 10.75% gc time)
[2023-01-17T03:29:01.940]Completed Shot 5, state 27
114.994914 seconds (7.25 M allocations: 41.862 GiB, 10.66% gc time)
[2023-01-17T03:29:14.643]Completed Shot 5, state 2
5925.695234 seconds (5.60 G allocations: 22.365 TiB, 6.81% gc time)
102.549753 seconds (5.08 M allocations: 31.856 GiB, 10.66% gc time)
[2023-01-17T03:29:15.885]Completed Shot 5, state 38
[2023-01-17T03:29:22.766]Diagonalized H.
5930.289665 seconds (5.60 G allocations: 22.355 TiB, 6.81% gc time)
[2023-01-17T03:29:32.592]Diagonalized H.
126.712522 seconds (5.97 M allocations: 38.762 GiB, 10.26% gc time)
[2023-01-17T03:29:40.167]Completed Shot 5, state 15
5952.572739 seconds (5.60 G allocations: 22.372 TiB, 6.82% gc time)
5953.049635 seconds (5.60 G allocations: 22.373 TiB, 6.82% gc time)
[2023-01-17T03:29:49.789]Diagonalized H.
[2023-01-17T03:29:57.400]Diagonalized H.
132.969351 seconds (4.74 M allocations: 33.874 GiB, 10.85% gc time)
[2023-01-17T03:30:16.894]Completed Shot 5, state 11
135.988373 seconds (5.11 M allocations: 35.642 GiB, 10.86% gc time)
[2023-01-17T03:30:20.144]Completed Shot 5, state 48
5989.682857 seconds (5.60 G allocations: 22.378 TiB, 6.85% gc time)
5989.163675 seconds (5.60 G allocations: 22.376 TiB, 6.85% gc time)
[2023-01-17T03:30:34.087]Diagonalized H.
[2023-01-17T03:30:34.169]Diagonalized H.
137.373966 seconds (5.13 M allocations: 36.503 GiB, 10.02% gc time)
[2023-01-17T03:30:59.416]Completed Shot 5, state 39
6036.010858 seconds (5.61 G allocations: 22.392 TiB, 6.87% gc time)
[2023-01-17T03:31:13.213]Diagonalized H.
6040.503449 seconds (5.60 G allocations: 22.374 TiB, 6.87% gc time)
[2023-01-17T03:31:23.848]Diagonalized H.
122.405505 seconds (2.64 M allocations: 25.254 GiB, 10.26% gc time)
[2023-01-17T03:31:25.893]Completed Shot 5, state 32
143.575246 seconds (3.56 M allocations: 31.488 GiB, 10.26% gc time)
[2023-01-17T03:31:39.051]Completed Shot 5, state 10
6066.140094 seconds (5.60 G allocations: 22.382 TiB, 6.89% gc time)
6060.145165 seconds (5.60 G allocations: 22.356 TiB, 6.89% gc time)
[2023-01-17T03:31:47.388]Diagonalized H.
[2023-01-17T03:31:55.062]Diagonalized H.
157.814654 seconds (1.99 M allocations: 25.605 GiB, 10.91% gc time)
[2023-01-17T03:32:21.397]Completed Shot 5, state 20
159.483228 seconds (2.15 M allocations: 26.497 GiB, 10.83% gc time)
[2023-01-17T03:32:22.700]Completed Shot 5, state 4
6104.159390 seconds (5.60 G allocations: 22.366 TiB, 6.93% gc time)
[2023-01-17T03:32:30.825]Diagonalized H.
147.795077 seconds (1.85 M allocations: 24.128 GiB, 10.42% gc time)
[2023-01-17T03:32:48.591]Completed Shot 5, state 23
148.389989 seconds (1.99 M allocations: 24.811 GiB, 10.40% gc time)
[2023-01-17T03:32:49.098]Completed Shot 5, state 5
6140.112122 seconds (5.61 G allocations: 22.409 TiB, 6.93% gc time)
[2023-01-17T03:32:56.066]Diagonalized H.
121.665842 seconds (2.78 M allocations: 25.079 GiB, 10.55% gc time)
[2023-01-17T03:33:06.859]Completed Shot 5, state 29
6149.305008 seconds (5.60 G allocations: 22.383 TiB, 6.94% gc time)
6147.804526 seconds (5.60 G allocations: 22.377 TiB, 6.94% gc time)
[2023-01-17T03:33:20.114]Diagonalized H.
[2023-01-17T03:33:20.125]Diagonalized H.
147.113710 seconds (2.83 M allocations: 28.646 GiB, 10.88% gc time)
[2023-01-17T03:33:41.825]Completed Shot 5, state 44
123.754210 seconds (2.84 M allocations: 25.204 GiB, 10.77% gc time)
[2023-01-17T03:33:44.388]Completed Shot 5, state 9
6193.696841 seconds (5.61 G allocations: 22.414 TiB, 6.97% gc time)
6185.188320 seconds (5.60 G allocations: 22.382 TiB, 6.97% gc time)
[2023-01-17T03:33:52.643]Diagonalized H.
[2023-01-17T03:33:59.049]Diagonalized H.
153.909724 seconds (3.57 M allocations: 32.301 GiB, 10.83% gc time)
[2023-01-17T03:34:13.299]Completed Shot 5, state 43
6220.239548 seconds (5.60 G allocations: 22.401 TiB, 6.99% gc time)
6217.157893 seconds (5.60 G allocations: 22.390 TiB, 6.99% gc time)
6239.993740 seconds (5.62 G allocations: 22.453 TiB, 6.99% gc time)
[2023-01-17T03:34:30.149]Diagonalized H.
[2023-01-17T03:34:30.408]Diagonalized H.
[2023-01-17T03:34:37]Diagonalized H.
146.494624 seconds (3.95 M allocations: 33.745 GiB, 10.43% gc time)
[2023-01-17T03:34:49.877]Completed Shot 5, state 31
135.035620 seconds (3.25 M allocations: 29.828 GiB, 10.68% gc time)
[2023-01-17T03:35:04.401]Completed Shot 5, state 34
125.556151 seconds (2.18 M allocations: 24.540 GiB, 10.87% gc time)
[2023-01-17T03:35:12.854]Completed Shot 5, state 26
129.379214 seconds (2.63 M allocations: 26.844 GiB, 10.81% gc time)
[2023-01-17T03:35:16.867]Completed Shot 5, state 35
6281.887353 seconds (5.61 G allocations: 22.417 TiB, 7.02% gc time)
6289.352828 seconds (5.61 G allocations: 22.444 TiB, 7.02% gc time)
6290.201757 seconds (5.61 G allocations: 22.424 TiB, 7.02% gc time)
[2023-01-17T03:35:25.540]Diagonalized H.
[2023-01-17T03:35:32.786]Diagonalized H.
[2023-01-17T03:35:39.642]Diagonalized H.
135.746873 seconds (2.70 M allocations: 28.235 GiB, 10.85% gc time)
[2023-01-17T03:36:01.612]Completed Shot 5, state 21
137.542451 seconds (2.80 M allocations: 28.867 GiB, 10.95% gc time)
[2023-01-17T03:36:03.342]Completed Shot 5, state 41
6324.899410 seconds (5.60 G allocations: 22.417 TiB, 7.06% gc time)
6324.828412 seconds (5.60 G allocations: 22.415 TiB, 7.06% gc time)
[2023-01-17T03:36:10.556]Diagonalized H.
[2023-01-17T03:36:18.157]Diagonalized H.
139.072013 seconds (2.34 M allocations: 26.837 GiB, 10.90% gc time)
[2023-01-17T03:36:36.624]Completed Shot 5, state 16
6358.247536 seconds (5.60 G allocations: 22.418 TiB, 7.08% gc time)
134.530990 seconds (2.40 M allocations: 27.122 GiB, 11.37% gc time)
[2023-01-17T03:36:38.620]Completed Shot 5, state 47
6369.926541 seconds (5.61 G allocations: 22.436 TiB, 7.08% gc time)
[2023-01-17T03:36:45.296]Diagonalized H.
[2023-01-17T03:36:53.286]Diagonalized H.
174.816853 seconds (2.72 M allocations: 32.496 GiB, 11.14% gc time)
[2023-01-17T03:37:12.210]Completed Shot 5, state 36
6408.052283 seconds (5.61 G allocations: 22.436 TiB, 7.12% gc time)
[2023-01-17T03:37:32.850]Diagonalized H.
6417.404220 seconds (5.61 G allocations: 22.440 TiB, 7.12% gc time)
[2023-01-17T03:37:43.275]Diagonalized H.
6432.027074 seconds (5.61 G allocations: 22.444 TiB, 7.13% gc time)
[2023-01-17T03:37:57.485]Diagonalized H.
164.527735 seconds (1.54 M allocations: 26.606 GiB, 11.56% gc time)
[2023-01-17T03:38:04.238]Completed Shot 5, state 33
162.246752 seconds (1.28 M allocations: 25.617 GiB, 12.00% gc time)
[2023-01-17T03:38:07.490]Completed Shot 5, state 25
6457.958035 seconds (5.60 G allocations: 22.431 TiB, 7.15% gc time)
[2023-01-17T03:38:25.363]Diagonalized H.
6466.131241 seconds (5.60 G allocations: 22.435 TiB, 7.15% gc time)
[2023-01-17T03:38:34.716]Diagonalized H.
204.734482 seconds (1.87 M allocations: 32.382 GiB, 11.37% gc time)
[2023-01-17T03:38:43.954]Completed Shot 5, state 37
169.727241 seconds (1.55 M allocations: 27.045 GiB, 11.46% gc time)
[2023-01-17T03:38:53.425]Completed Shot 5, state 30
171.003426 seconds (1.54 M allocations: 27.114 GiB, 11.21% gc time)
[2023-01-17T03:38:55.319]Completed Shot 5, state 8
131.397823 seconds (1.34 M allocations: 22.067 GiB, 11.56% gc time)
[2023-01-17T03:38:56.649]Completed Shot 5, state 3
6499.472630 seconds (5.61 G allocations: 22.449 TiB, 7.17% gc time)
[2023-01-17T03:39:04.399]Diagonalized H.
6521.624079 seconds (5.61 G allocations: 22.460 TiB, 7.18% gc time)
[2023-01-17T03:39:24.304]Diagonalized H.
166.291077 seconds (2.03 M allocations: 28.288 GiB, 10.85% gc time)
[2023-01-17T03:39:24.512]Completed Shot 5, state 46
6530.813466 seconds (5.60 G allocations: 22.433 TiB, 7.19% gc time)
[2023-01-17T03:39:43.798]Diagonalized H.
6542.433216 seconds (5.60 G allocations: 22.442 TiB, 7.19% gc time)
140.320016 seconds (2.05 M allocations: 25.166 GiB, 10.25% gc time)
[2023-01-17T03:39:45.440]Completed Shot 5, state 50
[2023-01-17T03:39:54.797]Diagonalized H.
148.763945 seconds (2.02 M allocations: 27.326 GiB, 10.62% gc time)
[2023-01-17T03:40:03.757]Completed Shot 5, state 42
6555.729808 seconds (5.60 G allocations: 22.414 TiB, 7.21% gc time)
6562.532843 seconds (5.60 G allocations: 22.437 TiB, 7.21% gc time)
[2023-01-17T03:40:13.748]Diagonalized H.
6570.967022 seconds (5.60 G allocations: 22.442 TiB, 7.22% gc time)
[2023-01-17T03:40:21.234]Diagonalized H.
[2023-01-17T03:40:29.447]Diagonalized H.
145.913167 seconds (1.63 M allocations: 24.402 GiB, 11.32% gc time)
[2023-01-17T03:40:52.063]Completed Shot 5, state 24
188.588354 seconds (2.23 M allocations: 31.982 GiB, 11.29% gc time)
[2023-01-17T03:40:57.227]Completed Shot 5, state 49
167.388723 seconds (2.00 M allocations: 28.428 GiB, 11.19% gc time)
[2023-01-17T03:41:05.982]Completed Shot 5, state 22
132.622020 seconds (1.65 M allocations: 22.742 GiB, 11.24% gc time)
[2023-01-17T03:41:09.627]Completed Shot 5, state 12
6623.462803 seconds (5.60 G allocations: 22.439 TiB, 7.26% gc time)
[2023-01-17T03:41:17.309]Diagonalized H.
6630.617407 seconds (5.60 G allocations: 22.437 TiB, 7.26% gc time)
[2023-01-17T03:41:26.774]Diagonalized H.
6666.233872 seconds (5.60 G allocations: 22.436 TiB, 7.29% gc time)
158.527759 seconds (1.63 M allocations: 25.361 GiB, 11.55% gc time)
[2023-01-17T03:41:56.025]Completed Shot 5, state 19
[2023-01-17T03:42:02.349]Diagonalized H.
6685.460394 seconds (5.60 G allocations: 22.457 TiB, 7.29% gc time)
155.637159 seconds (1.53 M allocations: 25.260 GiB, 11.39% gc time)
[2023-01-17T03:42:10.718]Completed Shot 5, state 13
[2023-01-17T03:42:17.422]Diagonalized H.
154.211815 seconds (1.39 M allocations: 24.622 GiB, 11.30% gc time)
[2023-01-17T03:42:18.807]Completed Shot 5, state 6
133.284753 seconds (1.08 M allocations: 20.910 GiB, 11.11% gc time)
[2023-01-17T03:42:27.947]Completed Shot 5, state 18
142.223069 seconds (1.17 M allocations: 22.016 GiB, 11.19% gc time)
[2023-01-17T03:42:29.126]Completed Shot 5, state 17
142.890844 seconds (1.16 M allocations: 21.919 GiB, 11.12% gc time)
[2023-01-17T03:42:30.467]Completed Shot 5, state 14
 82.085234 seconds (833.97 k allocations: 13.894 GiB, 10.21% gc time)
[2023-01-17T03:42:32.302]Completed Shot 5, state 28
 74.361429 seconds (717.59 k allocations: 12.843 GiB, 10.74% gc time)
[2023-01-17T03:42:32.585]Completed Shot 5, state 45
6703.379628 seconds (5.60 G allocations: 22.423 TiB, 7.29% gc time)
 43.692330 seconds (566.74 k allocations: 8.353 GiB, 7.82% gc time)
[2023-01-17T03:42:39.218]Completed Shot 5, state 7
 31.554471 seconds (386.88 k allocations: 5.350 GiB, 7.04% gc time)
[2023-01-17T03:42:41.463]Completed Shot 5, state 40
[2023-01-17T03:42:44.298]Diagonalized H.
 27.625816 seconds (66.68 k allocations: 2.727 GiB, 6.26% gc time)
[2023-01-17T03:43:06.274]Completed Shot 5, state 1
[2023-01-17T03:43:06.275]**********Simulation completed!**********
[2023-01-17T03:43:06.275]**********Saving**********
[2023-01-17T03:43:10.318]Saving file: /gpfs/bwfor/work/ws/hd_ku269-logs/LightCones/2023-01-16/512627_N11_BS.jld2
[2023-01-17T03:43:11.890]**********Run completed!**********
============================= JOB FEEDBACK =============================
Job ID: 512627
Cluster: helix
User/Group: hd_ku269/hd_hd
State: COMPLETED (exit code 0)
Nodes: 1
Cores per node: 64
CPU Utilized: 46-06:33:32
CPU Efficiency: 89.60% of 51-15:23:44 core-walltime
Job Wall-clock time: 19:21:56
Memory Utilized: 171.94 GB
Memory Efficiency: 72.85% of 236.00 GB
