  Activating project at `/lustre/work/ws/ws1/hd_ku269-light_cones/LightCones`
Added MKL.jl
Project LightCones v0.1.0
Status `/lustre/work/ws/ws1/hd_ku269-light_cones/LightCones/Project.toml`
  [7d9fca2a] Arpack v0.5.3
  [7073ff75] IJulia v1.23.3
  [033835bb] JLD2 v0.4.25
  [0b1a1467] KrylovKit v0.5.4
  [d3d80556] LineSearches v7.2.0
  [33e6dc65] MKL v0.5.0
  [429524aa] Optim v1.7.3
  [91a5bcdd] Plots v1.35.3
  [c3e4b0f8] Pluto v0.19.13
  [3c0b384b] QuantumInformation v0.4.9
  [189a3867] Reexport v1.2.2
  [295af30f] Revise v3.4.0
  [ebcc8a00] SpinSymmetry v0.3.3
  [59d54670] ThreadedSparseArrays v0.2.2
  [ade2ca70] Dates
  [8ba89e20] Distributed
  [37e2e46d] LinearAlgebra
  [de0858da] Printf
  [9a3f8284] Random
  [1a1011a3] SharedArrays
  [2f01184e] SparseArrays
  [10745b16] Statistics
[2022-10-13T17:31:50.843]**********RANDOM FIELDS**********
shared_krylov.jl
Working Directory:          /lustre/work/ws/ws1/hd_ku269-light_cones/LightCones
SLURM Directory:            /lustre/work/ws/ws1/hd_ku269-light_cones/LightCones 
Running on host:            n1418
Job id:                     7346210
Job name:                   otoc_simulation_N19_RS_sector
Number of nodes allocated:  
Number of cores allocated:  1
#threads of Julia:          96
#threads of BLAS:           1
ARGS = ["19", "1", "30", "RS", "z", "0"]
LOCATION = "/lustre/work/ws/ws1/hd_ku269-logs/LightCones/2022-10-13"
N = 19
SHOTS = 1
MULT_RANDOM_STATES = true
N_RANDOM_STATES = 30
TYPE_OF_RS = "RS"
OBSERVABLE = "z"
DISORDER_PARAM = 0.0
[2022-10-13T17:31:51.042]**********Running simulation**********
[2022-10-13T17:31:51.099]trange = 0.0:0.1:5.0
before H
after H
memory allocated: 135241560memory of full H: 729809064test
31651.096339 seconds (1.66 G allocations: 41.720 TiB, 4.88% gc time, 0.05% compilation time)
[2022-10-14T02:20:31.161]Completed Shot 1, state 5
31649.928871 seconds (1.63 G allocations: 41.728 TiB, 4.88% gc time, 0.02% compilation time)
[2022-10-14T02:20:40.568]Completed Shot 1, state 9
31664.423720 seconds (1.66 G allocations: 41.736 TiB, 4.88% gc time, 0.05% compilation time)
[2022-10-14T02:20:44.357]Completed Shot 1, state 24
31667.181019 seconds (1.66 G allocations: 41.739 TiB, 4.88% gc time, 0.05% compilation time)
[2022-10-14T02:20:47.146]Completed Shot 1, state 22
31657.476757 seconds (1.63 G allocations: 41.738 TiB, 4.88% gc time, 0.02% compilation time)
[2022-10-14T02:20:48.040]Completed Shot 1, state 17
31671.538127 seconds (1.66 G allocations: 41.744 TiB, 4.88% gc time, 0.05% compilation time)
[2022-10-14T02:20:51.479]Completed Shot 1, state 21
31674.226686 seconds (1.66 G allocations: 41.747 TiB, 4.88% gc time, 0.05% compilation time)
[2022-10-14T02:20:54.168]Completed Shot 1, state 13
31663.869970 seconds (1.63 G allocations: 41.746 TiB, 4.88% gc time, 0.02% compilation time)
[2022-10-14T02:20:54.265]Completed Shot 1, state 29
31665.084272 seconds (1.63 G allocations: 41.747 TiB, 4.88% gc time, 0.02% compilation time)
[2022-10-14T02:20:55.571]Completed Shot 1, state 25
31676.097043 seconds (1.66 G allocations: 41.750 TiB, 4.88% gc time, 0.05% compilation time)
[2022-10-14T02:20:56.062]Completed Shot 1, state 3
31666.368102 seconds (1.63 G allocations: 41.749 TiB, 4.88% gc time, 0.02% compilation time)
[2022-10-14T02:20:56.790]Completed Shot 1, state 28
31678.479852 seconds (1.66 G allocations: 41.752 TiB, 4.88% gc time, 0.05% compilation time)
[2022-10-14T02:20:58.413]Completed Shot 1, state 14
31679.161182 seconds (1.66 G allocations: 41.753 TiB, 4.88% gc time, 0.05% compilation time)
[2022-10-14T02:20:59.125]Completed Shot 1, state 15
31680.501511 seconds (1.66 G allocations: 41.755 TiB, 4.88% gc time, 0.05% compilation time)
[2022-10-14T02:21:00.435]Completed Shot 1, state 26
31681.482994 seconds (1.66 G allocations: 41.756 TiB, 4.88% gc time, 0.05% compilation time)
[2022-10-14T02:21:01.416]Completed Shot 1, state 30
31683.290188 seconds (1.66 G allocations: 41.758 TiB, 4.88% gc time, 0.05% compilation time)
[2022-10-14T02:21:03.287]Completed Shot 1, state 4
31673.116672 seconds (1.63 G allocations: 41.756 TiB, 4.88% gc time, 0.02% compilation time)
[2022-10-14T02:21:03.695]Completed Shot 1, state 2
31684.309638 seconds (1.66 G allocations: 41.759 TiB, 4.88% gc time, 0.05% compilation time)
[2022-10-14T02:21:04.250]Completed Shot 1, state 16
31684.676918 seconds (1.66 G allocations: 41.759 TiB, 4.88% gc time, 0.05% compilation time)
[2022-10-14T02:21:04.610]Completed Shot 1, state 7
31676.007313 seconds (1.63 G allocations: 41.759 TiB, 4.88% gc time, 0.02% compilation time)
[2022-10-14T02:21:06.404]Completed Shot 1, state 6
31687.015450 seconds (1.66 G allocations: 41.761 TiB, 4.88% gc time, 0.05% compilation time)
[2022-10-14T02:21:06.980]Completed Shot 1, state 19
31687.293267 seconds (1.66 G allocations: 41.761 TiB, 4.88% gc time, 0.05% compilation time)
[2022-10-14T02:21:07.257]Completed Shot 1, state 8
31677.203133 seconds (1.63 G allocations: 41.759 TiB, 4.88% gc time, 0.02% compilation time)
[2022-10-14T02:21:07.696]Completed Shot 1, state 23
31688.622152 seconds (1.66 G allocations: 41.762 TiB, 4.88% gc time, 0.05% compilation time)
[2022-10-14T02:21:08.555]Completed Shot 1, state 11
31678.074469 seconds (1.63 G allocations: 41.759 TiB, 4.88% gc time, 0.02% compilation time)
[2022-10-14T02:21:08.655]Completed Shot 1, state 18
31680.160896 seconds (1.63 G allocations: 41.761 TiB, 4.88% gc time, 0.02% compilation time)
[2022-10-14T02:21:10.544]Completed Shot 1, state 10
31692.081899 seconds (1.66 G allocations: 41.763 TiB, 4.88% gc time, 0.05% compilation time)
[2022-10-14T02:21:12.046]Completed Shot 1, state 27
31688.218262 seconds (1.63 G allocations: 41.762 TiB, 4.88% gc time, 0.02% compilation time)
[2022-10-14T02:21:18.781]Completed Shot 1, state 12
31698.944330 seconds (1.66 G allocations: 41.765 TiB, 4.88% gc time, 0.05% compilation time)
[2022-10-14T02:21:18.877]Completed Shot 1, state 1
31699.108535 seconds (1.66 G allocations: 41.765 TiB, 4.88% gc time, 0.05% compilation time)
[2022-10-14T02:21:19.073]Completed Shot 1, state 20
[2022-10-14T02:21:19.075]**********Simulation completed!**********
[2022-10-14T02:21:19.076]**********Saving**********
[2022-10-14T02:21:23.538]Saving file: /lustre/work/ws/ws1/hd_ku269-logs/LightCones/2022-10-13/7346210_N19_RS.jld2
[2022-10-14T02:21:26.375]**********Run completed!**********
