  Activating project at `/lustre/work/ws/ws1/hd_ku269-light_cones/WorkingFolder`
Added MKL.jl
Project LightCones v0.1.0
Status `/lustre/work/ws/ws1/hd_ku269-light_cones/WorkingFolder/Project.toml`
  [7d9fca2a] Arpack v0.5.3
  [7073ff75] IJulia v1.23.3
  [033835bb] JLD2 v0.4.25
  [0b1a1467] KrylovKit v0.5.4
  [d3d80556] LineSearches v7.2.0
  [33e6dc65] MKL v0.6.0
  [429524aa] Optim v1.7.3
  [91a5bcdd] Plots v1.35.4
  [c3e4b0f8] Pluto v0.19.14
  [3c0b384b] QuantumInformation v0.4.9
  [189a3867] Reexport v1.2.2
  [295af30f] Revise v3.4.0
  [ebcc8a00] SpinSymmetry v0.3.3
  [59d54670] ThreadedSparseArrays v0.2.2
  [ade2ca70] Dates
  [8ba89e20] Distributed
  [37e2e46d] LinearAlgebra
  [de0858da] Printf
  [9a3f8284] Random
  [1a1011a3] SharedArrays
  [2f01184e] SparseArrays
  [10745b16] Statistics
[2022-11-15T09:54:54.575]**********RANDOM FIELDS**********
shared_krylov_pbc.jl
Working Directory:          /lustre/work/ws/ws1/hd_ku269-light_cones/WorkingFolder
SLURM Directory:            /lustre/work/ws/ws1/hd_ku269-light_cones/WorkingFolder 
Running on host:            n1416
Job id:                     7675542
Job name:                   otoc_simulation_N13_ED_pbc
Number of nodes allocated:  
Number of cores allocated:  1
#threads of Julia:          96
#threads of BLAS:           1
ARGS = ["13", "50", "x", "6"]
LOCATION = "/lustre/work/ws/ws1/hd_ku269-logs/LightCones/2022-11-15"
N = 13
SHOTS = 50
OBSERVABLE = "x"
DISORDER_PARAM = 6.0
[2022-11-15T09:54:54.778]**********Running simulation**********
[2022-11-15T09:54:54.851]trange = [0.001, 0.0012328467394420659, 0.0015199110829529332, 0.001873817422860383, 0.002310129700083158, 0.002848035868435802, 0.003511191734215131, 0.004328761281083057, 0.005336699231206307, 0.006579332246575682, 0.008111308307896864, 0.010000000000000002, 0.012328467394420665, 0.01519911082952933, 0.01873817422860384, 0.023101297000831605, 0.02848035868435802, 0.03511191734215131, 0.043287612810830614, 0.05336699231206307, 0.0657933224657568, 0.08111308307896876, 0.09999999999999995, 0.12328467394420659, 0.15199110829529347, 0.1873817422860385, 0.23101297000831617, 0.2848035868435802, 0.3511191734215131, 0.43287612810830595, 0.5336699231206312, 0.6579332246575682, 0.8111308307896873, 1.0, 1.232846739442066, 1.5199110829529339, 1.873817422860383, 2.31012970008316, 2.8480358684358005, 3.5111917342151275, 4.328761281083057, 5.3366992312063095, 6.5793322465756825, 8.11130830789688, 9.999999999999995, 12.32846739442066, 15.199110829529348, 18.73817422860384, 23.101297000831604, 28.480358684358034, 35.11191734215131, 43.28761281083057, 53.366992312063154, 65.79332246575676, 81.11308307896864, 100.0, 123.28467394420646, 151.99110829529363, 187.3817422860383, 231.01297000831556, 284.8035868435805, 351.11917342151276, 432.87612810830615, 533.6699231206312, 657.9332246575682, 811.1308307896873, 1000.0, 1232.8467394420659, 1519.9110829529332, 1873.817422860383, 2310.1297000831582, 2848.035868435799, 3511.1917342151273, 4328.761281083052, 5336.6992312063185, 6579.332246575669, 8111.308307896856, 10000.0, 12328.467394420633, 15199.11082952933, 18738.17422860383, 23101.297000831626, 28480.35868435805, 35111.917342151275, 43287.612810830615, 53366.99231206302, 65793.32246575695, 81113.08307896873, 100000.0, 123284.67394420685, 151991.10829529332, 187381.74228603867, 231012.97000831628, 284803.5868435805, 351119.17342151346, 432876.12810830615, 533669.9231206313, 657933.2246575683, 811130.8307896872, 1.0e6]
[2022-11-15T09:54:55.274]A=σx
[2022-11-15T09:54:55.938]PBC
[[2022-11-15T09:54:57.530]Created Hamiltonian for Shot 15
2022-11-15T09:54:57.530]Created Hamiltonian for Shot 24
[2022-11-15T09:54:57.530]Created Hamiltonian for Shot 49
[2022-11-15T09:54:57.530]Created Hamiltonian for Shot 37
[2022-11-15T09:54:57.530]Created Hamiltonian for Shot 47
[2022-11-15T09:54:57.530]Created Hamiltonian for Shot 45
[2022-11-15T09:54:57.530]Created Hamiltonian for Shot 39
[2022-11-15T09:54:57.531]Created Hamiltonian for Shot 16
[2022-11-15T09:54:57.531]Created Hamiltonian for Shot 34
[2022-11-15T09:54:57.531]Created Hamiltonian for Shot 48
[2022-11-15T09:54:57.531]Created Hamiltonian for Shot 38
[2022-11-15T09:54:57.531]Created Hamiltonian for Shot 40
[2022-11-15T09:54:57.531]Created Hamiltonian for Shot 41
[[2022-11-15T09:54:57.531]Created Hamiltonian for Shot 30
2022-11-15T09:54:57.531]Created Hamiltonian for Shot 44
[2022-11-15T09:54:57.531]Created Hamiltonian for Shot 36
[2022-11-15T09:54:57.532]Created Hamiltonian for Shot 5
[[2022-11-15T09:54:57.532]Created Hamiltonian for Shot 31
2022-11-15T09:54:57.532]Created Hamiltonian for Shot 26
[2022-11-15T09:54:57.532]Created Hamiltonian for Shot 43
[2022-11-15T09:54:57.532]Created Hamiltonian for Shot 25
[2022-11-15T09:54:57.532]Created Hamiltonian for Shot 42
[2022-11-15T09:54:57.532]Created Hamiltonian for Shot 12
[2022-11-15T09:54:57.532]Created Hamiltonian for Shot 4
[2022-11-15T09:54:57.532]Created Hamiltonian for Shot 1
[2022-11-15T09:54:57.532]Created Hamiltonian for Shot 50
[2022-11-15T09:54:57.533]Created Hamiltonian for Shot 6
[2022-11-15T09:54:57.533]Created Hamiltonian for Shot 11
[2022-11-15T09:54:57.534]Created Hamiltonian for Shot 23
[[2022-11-15T09:54:57.534]Created Hamiltonian for Shot 35
[2022-11-15T09:54:57.534]Created Hamiltonian for Shot 29
2022-11-15T09:54:57.534]Created Hamiltonian for Shot 18
[2022-11-15T09:54:57.534]Created Hamiltonian for Shot 3
[2022-11-15T09:54:57.534]Created Hamiltonian for Shot 19
[2022-11-15T09:54:57.534]Created Hamiltonian for Shot 17
[2022-11-15T09:54:57.534]Created Hamiltonian for Shot 7
[2022-11-15T09:54:57.534]Created Hamiltonian for Shot 13
[2022-11-15T09:54:57.534]Created Hamiltonian for Shot 10
[2022-11-15T09:54:57.534]Created Hamiltonian for Shot 20
[2022-11-15T09:54:57.534]Created Hamiltonian for Shot 9
[2022-11-15T09:54:57.534]Created Hamiltonian for Shot 28
[2022-11-15T09:54:57.534]Created Hamiltonian for Shot 2
[2022-11-15T09:54:57.534]Created Hamiltonian for Shot 8
[2022-11-15T09:54:57.534]Created Hamiltonian for Shot 32
[2022-11-15T09:54:57.534]Created Hamiltonian for Shot 46
[[2022-11-15T09:54:57.534]Created Hamiltonian for Shot 33
2022-11-15T09:54:57.534]Created Hamiltonian for Shot 21
[[2022-11-15T09:54:57.534]Created Hamiltonian for Shot 14
2022-11-15T09:54:57.534]Created Hamiltonian for Shot 22
[2022-11-15T09:54:57.534]Created Hamiltonian for Shot 27
[2022-11-15T10:23:01.228]Diagonalized H.
[2022-11-15T10:28:26.603]Diagonalized H.
[[[2022-11-15T10:33:43.411]Diagonalized H.
2022-11-15T10:33:43.418]Diagonalized H.
[2022-11-15T10:33:43.407]Diagonalized H.
2022-11-15T10:33:43.408]Diagonalized H.
[[[2022-11-15T10:33:43.670]Diagonalized H.
2022-11-15T10:33:43.684]Diagonalized H.
2022-11-15T10:33:43.731]Diagonalized H.
[2022-11-15T10:33:45.393]Diagonalized H.
[2022-11-15T10:33:45.367]Diagonalized H.
[2022-11-15T10:39:12.590]Diagonalized H.
[[2022-11-15T10:44:24.342]Diagonalized H.
2022-11-15T10:44:24.344]Diagonalized H.
[[[2022-11-15T10:44:24.621]Diagonalized H.
2022-11-15T10:44:24.616]Diagonalized H.
2022-11-15T10:44:24.624]Diagonalized H.
[2022-11-15T10:49:39.193]Diagonalized H.
[2022-11-15T10:55:10.232]Diagonalized H.
[2022-11-15T10:55:10.898]Diagonalized H.
[[2022-11-15T10:55:12.0772022-11-15T10:55:12.078]]Diagonalized H.
Diagonalized H.
[2022-11-15T11:07:50.315]Diagonalized H.
[2022-11-15T11:07:50.564]Diagonalized H.
[2022-11-15T11:15:16.558]Diagonalized H.
[2022-11-15T11:22:11.717]Diagonalized H.
[2022-11-15T11:29:38.930]Diagonalized H.
[2022-11-15T11:46:32.577]Diagonalized H.
[[2022-11-15T11:46:32.906]Diagonalized H.
2022-11-15T11:46:35.134]Diagonalized H.
[2022-11-15T11:46:35.674]Diagonalized H.
[2022-11-15T11:54:48.703]Diagonalized H.
[2022-11-15T11:58:02.286]Diagonalized H.
[2022-11-15T12:11:35.647]Diagonalized H.
[2022-11-15T12:11:35.935]Diagonalized H.
[[[2022-11-15T12:24:17.736]Diagonalized H.
2022-11-15T12:24:17.790]Diagonalized H.
2022-11-15T12:24:19.872]Diagonalized H.
[2022-11-15T12:30:30.902]Diagonalized H.
[2022-11-15T12:39:34.943]Diagonalized H.
[2022-11-15T12:41:08.465]Diagonalized H.
[2022-11-15T12:50:13.506]Diagonalized H.
[2022-11-15T12:52:33.657]Diagonalized H.
[2022-11-15T13:00:56.700]Diagonalized H.
[2022-11-15T13:01:42.361]Diagonalized H.
[2022-11-15T13:09:55.034]Diagonalized H.
[2022-11-15T13:18:38.042]Diagonalized H.
[2022-11-15T13:26:46.856]Diagonalized H.
[2022-11-15T13:29:48.831]Diagonalized H.
[2022-11-15T13:41:43.628]Diagonalized H.
[2022-11-15T17:27:43.107]Completed Shot 41
[2022-11-15T18:05:13.558]Completed Shot 34
[2022-11-15T18:59:42.773]Completed Shot 43
[2022-11-15T19:11:23.475]Completed Shot 45
[2022-11-15T19:19:45.020]Completed Shot 50
[2022-11-15T20:18:55.394]Completed Shot 44
[2022-11-15T21:29:52.074]Completed Shot 2
[2022-11-15T22:16:41.900]Completed Shot 3
[2022-11-15T22:36:44.008]Completed Shot 31
[2022-11-15T22:41:22.424]Completed Shot 11
[2022-11-15T22:46:03.517]Completed Shot 1
[2022-11-15T23:12:30.279]Completed Shot 26
[2022-11-15T23:16:51.562]Completed Shot 47
[2022-11-15T23:16:51.562]Completed Shot 4
[2022-11-15T23:29:49.813]Completed Shot 8
[2022-11-15T23:33:58.042]Completed Shot 7
[2022-11-15T23:46:15.936]Completed Shot 14
[2022-11-15T23:48:51.384]Completed Shot 10
[2022-11-15T23:52:36.945]Completed Shot 6
[2022-11-15T23:59:10.545]Completed Shot 48
[2022-11-16T00:05:00.420]Completed Shot 12
[2022-11-16T00:05:42.302]Completed Shot 35
[2022-11-16T00:08:11.934]Completed Shot 42
[2022-11-16T00:08:11.934]Completed Shot 9
[2022-11-16T00:09:47.268]Completed Shot 5
[2022-11-16T00:12:27.358]Completed Shot 13
[2022-11-16T00:13:15.906]Completed Shot 40
[2022-11-16T00:15:16.031]Completed Shot 15
[2022-11-16T00:17:08.528]Completed Shot 19
[2022-11-16T00:19:48.959]Completed Shot 16
[2022-11-16T00:31:22.881]Completed Shot 49
[2022-11-16T00:34:05.054]Completed Shot 33
[2022-11-16T00:36:10.603]Completed Shot 17
[2022-11-16T00:38:22.347]Completed Shot 22
[2022-11-16T00:38:23.339]Completed Shot 23
[2022-11-16T00:38:24.129]Completed Shot 24
[2022-11-16T00:38:42.028]Completed Shot 36
[2022-11-16T00:38:55.395]Completed Shot 28
[2022-11-16T00:38:59.540]Completed Shot 21
[2022-11-16T00:38:59.589]Completed Shot 38
[2022-11-16T00:39:00.363]Completed Shot 30
[2022-11-16T00:39:02.061]Completed Shot 25
[2022-11-16T00:39:05.546]Completed Shot 27
[2022-11-16T00:39:06.446]Completed Shot 18
[2022-11-16T00:39:18.103]Completed Shot 20
[2022-11-16T00:39:21.616]Completed Shot 37
[2022-11-16T00:39:22.402]Completed Shot 29
[2022-11-16T00:39:31.580]Completed Shot 32
[2022-11-16T00:39:37.891]Completed Shot 46
[2022-11-16T00:39:57.790]Completed Shot 39
[2022-11-16T00:39:57.803]**********Simulation completed!**********
[2022-11-16T00:39:57.804]**********Saving**********
[2022-11-16T00:40:03.319]Saving file: /lustre/work/ws/ws1/hd_ku269-logs/LightCones/2022-11-15/7675542_N13_ED.jld2
[2022-11-16T00:40:06.106]**********Run completed!**********
