Added MKL.jl
Project LightCones v0.1.0
Status `/lustre/work/ws/ws1/hd_ku269-light_cones/WorkingFolder/Project.toml`
  [7d9fca2a] Arpack v0.5.4
⌃ [7073ff75] IJulia v1.23.3
  [033835bb] JLD2 v0.4.29
  [0b1a1467] KrylovKit v0.6.0
  [d3d80556] LineSearches v7.2.0
  [33e6dc65] MKL v0.6.0
  [429524aa] Optim v1.7.4
⌃ [91a5bcdd] Plots v1.36.6
⌃ [c3e4b0f8] Pluto v0.19.16
  [3c0b384b] QuantumInformation v0.4.9
  [189a3867] Reexport v1.2.2
⌃ [295af30f] Revise v3.4.0
  [ebcc8a00] SpinSymmetry v0.3.3
  [59d54670] ThreadedSparseArrays v0.2.2
  [ade2ca70] Dates
  [8ba89e20] Distributed
  [37e2e46d] LinearAlgebra
  [de0858da] Printf
  [9a3f8284] Random
  [1a1011a3] SharedArrays
  [2f01184e] SparseArrays
  [10745b16] Statistics
Info Packages marked with ⌃ have new versions available
[2023-01-10T12:59:08.513]**********RANDOM FIELDS**********
shared_krylov.jl
Working Directory:          /lustre/work/ws/ws1/hd_ku269-light_cones/WorkingFolder
SLURM Directory:            /lustre/work/ws/ws1/hd_ku269-light_cones/WorkingFolder 
Running on host:            n1716
Job id:                     8095070
Job name:                   otoc_simulation_N11_TR_FIDONLY
Number of nodes allocated:  
Number of cores allocated:  1
#threads of Julia:          96
#threads of BLAS:           1
ARGS = ["11", "10", "50", "BS", "x", "9", "1000", "Rhim71"]
LOCATION = "/lustre/work/ws/ws1/hd_ku269-logs/LightCones/2023-01-10"
N = 11
SHOTS = 10
MULT_RANDOM_STATES = true
N_RANDOM_STATES = 50
TYPE_OF_RS = "BS"
OBSERVABLE = "x"
DISORDER_PARAM = 9.0
[2023-01-10T12:59:08.725]**********Running simulation**********
[2023-01-10T12:59:08.784]trange = 0.1:0.1:20.0
[2023-01-10T12:59:09.122]A = σx
[2023-01-10T12:59:09.679]alpha=6
[2023-01-10T12:59:09.679]PBC
SlowPulse([1.0, 0.0, 0.0], π, 15707.963267948964)SlowPulse([-1.0, 0.0, 0.0], π, 15707.963267948964)2[2023-01-10T12:59:12.557]Operations set up.
Using multiple states.
20058.631458 seconds (27.44 G allocations: 92.675 TiB, 19.76% gc time, 0.03% compilation time)
[2023-01-10T18:33:52.357]Completed Shot 1, state 14
20077.165496 seconds (27.46 G allocations: 92.749 TiB, 19.77% gc time, 0.03% compilation time)
[2023-01-10T18:34:10.746]Completed Shot 1, state 49
20100.927213 seconds (27.50 G allocations: 92.860 TiB, 19.77% gc time, 0.03% compilation time)
[2023-01-10T18:34:34.519]Completed Shot 1, state 28
20129.200855 seconds (27.52 G allocations: 92.953 TiB, 19.76% gc time, 0.06% compilation time)
[2023-01-10T18:34:56.848]Completed Shot 1, state 20
20165.804928 seconds (27.57 G allocations: 93.126 TiB, 19.76% gc time, 0.06% compilation time)
[2023-01-10T18:35:33.452]Completed Shot 1, state 26
20162.320814 seconds (27.58 G allocations: 93.140 TiB, 19.76% gc time, 0.03% compilation time)
[2023-01-10T18:35:35.923]Completed Shot 1, state 7
20173.304951 seconds (27.58 G allocations: 93.160 TiB, 19.76% gc time, 0.06% compilation time)
[2023-01-10T18:35:40.978]Completed Shot 1, state 43
20184.132866 seconds (27.61 G allocations: 93.241 TiB, 19.76% gc time, 0.03% compilation time)
[2023-01-10T18:35:57.706]Completed Shot 1, state 29
20191.883523 seconds (27.61 G allocations: 93.251 TiB, 19.75% gc time, 0.06% compilation time)
[2023-01-10T18:35:59.531]Completed Shot 1, state 24
20206.604429 seconds (27.63 G allocations: 93.313 TiB, 19.75% gc time, 0.06% compilation time)
[2023-01-10T18:36:14.277]Completed Shot 1, state 35
20205.888557 seconds (27.64 G allocations: 93.341 TiB, 19.75% gc time, 0.03% compilation time)
[2023-01-10T18:36:19.498]Completed Shot 1, state 50
20209.975995 seconds (27.64 G allocations: 93.351 TiB, 19.76% gc time, 0.03% compilation time)
[2023-01-10T18:36:23.549]Completed Shot 1, state 45
20210.089833 seconds (27.64 G allocations: 93.352 TiB, 19.76% gc time, 0.03% compilation time)
[2023-01-10T18:36:23.692]Completed Shot 1, state 44
20219.310924 seconds (27.65 G allocations: 93.369 TiB, 19.75% gc time, 0.06% compilation time)
[2023-01-10T18:36:26.958]Completed Shot 1, state 1
20222.241681 seconds (27.66 G allocations: 93.404 TiB, 19.75% gc time, 0.03% compilation time)
[2023-01-10T18:36:35.822]Completed Shot 1, state 5
20226.018260 seconds (27.66 G allocations: 93.423 TiB, 19.75% gc time, 0.03% compilation time)
[2023-01-10T18:36:39.627]Completed Shot 1, state 4
20230.243175 seconds (27.66 G allocations: 93.434 TiB, 19.76% gc time, 0.03% compilation time)
[2023-01-10T18:36:43.845]Completed Shot 1, state 48
20241.497341 seconds (27.68 G allocations: 93.479 TiB, 19.75% gc time, 0.03% compilation time)
[2023-01-10T18:36:55.107]Completed Shot 1, state 47
20246.683735 seconds (27.69 G allocations: 93.503 TiB, 19.75% gc time, 0.03% compilation time)
[2023-01-10T18:37:00.275]Completed Shot 1, state 12
20261.114347 seconds (27.70 G allocations: 93.534 TiB, 19.74% gc time, 0.06% compilation time)
[2023-01-10T18:37:08.762]Completed Shot 1, state 15
20263.324047 seconds (27.70 G allocations: 93.544 TiB, 19.74% gc time, 0.06% compilation time)
[2023-01-10T18:37:10.971]Completed Shot 1, state 16
20264.346245 seconds (27.70 G allocations: 93.567 TiB, 19.75% gc time, 0.03% compilation time)
[2023-01-10T18:37:17.928]Completed Shot 1, state 27
20265.160515 seconds (27.71 G allocations: 93.571 TiB, 19.75% gc time, 0.03% compilation time)
[2023-01-10T18:37:18.784]Completed Shot 1, state 40
20265.362963 seconds (27.71 G allocations: 93.572 TiB, 19.75% gc time, 0.03% compilation time)
[2023-01-10T18:37:18.973]Completed Shot 1, state 36
20275.838000 seconds (27.71 G allocations: 93.583 TiB, 19.74% gc time, 0.06% compilation time)
[2023-01-10T18:37:23.510]Completed Shot 1, state 25
20272.733051 seconds (27.71 G allocations: 93.594 TiB, 19.75% gc time, 0.03% compilation time)
[2023-01-10T18:37:26.306]Completed Shot 1, state 8
20274.325575 seconds (27.71 G allocations: 93.600 TiB, 19.75% gc time, 0.03% compilation time)
[2023-01-10T18:37:27.946]Completed Shot 1, state 18
20275.875455 seconds (27.72 G allocations: 93.606 TiB, 19.74% gc time, 0.03% compilation time)
[2023-01-10T18:37:29.498]Completed Shot 1, state 2
20289.547845 seconds (27.72 G allocations: 93.628 TiB, 19.74% gc time, 0.06% compilation time)
[2023-01-10T18:37:37.220]Completed Shot 1, state 3
20290.486081 seconds (27.72 G allocations: 93.631 TiB, 19.74% gc time, 0.06% compilation time)
[2023-01-10T18:37:38.133]Completed Shot 1, state 30
20303.076977 seconds (27.73 G allocations: 93.668 TiB, 19.73% gc time, 0.06% compilation time)
[2023-01-10T18:37:50.724]Completed Shot 1, state 21
20304.402225 seconds (27.74 G allocations: 93.689 TiB, 19.73% gc time, 0.03% compilation time)
[2023-01-10T18:37:58.024]Completed Shot 1, state 34
20318.721974 seconds (27.75 G allocations: 93.713 TiB, 19.72% gc time, 0.06% compilation time)
[2023-01-10T18:38:06.394]Completed Shot 1, state 38
20327.686498 seconds (27.75 G allocations: 93.737 TiB, 19.72% gc time, 0.06% compilation time)
[2023-01-10T18:38:15.334]Completed Shot 1, state 22
20329.780948 seconds (27.76 G allocations: 93.758 TiB, 19.72% gc time, 0.03% compilation time)
[2023-01-10T18:38:23.354]Completed Shot 1, state 11
20329.891781 seconds (27.76 G allocations: 93.759 TiB, 19.72% gc time, 0.03% compilation time)
[2023-01-10T18:38:23.502]Completed Shot 1, state 42
20349.146193 seconds (27.77 G allocations: 93.803 TiB, 19.71% gc time, 0.03% compilation time)
[2023-01-10T18:38:42.769]Completed Shot 1, state 33
20361.044070 seconds (27.78 G allocations: 93.816 TiB, 19.70% gc time, 0.06% compilation time)
[2023-01-10T18:38:48.691]Completed Shot 1, state 41
20366.673573 seconds (27.78 G allocations: 93.838 TiB, 19.70% gc time, 0.03% compilation time)
[2023-01-10T18:39:00.254]Completed Shot 1, state 19
20376.075491 seconds (27.79 G allocations: 93.844 TiB, 19.69% gc time, 0.06% compilation time)
[2023-01-10T18:39:03.723]Completed Shot 1, state 39
20375.793183 seconds (27.79 G allocations: 93.854 TiB, 19.69% gc time, 0.03% compilation time)
[2023-01-10T18:39:09.415]Completed Shot 1, state 31
20381.997553 seconds (27.79 G allocations: 93.863 TiB, 19.69% gc time, 0.03% compilation time)
[2023-01-10T18:39:15.620]Completed Shot 1, state 32
20384.572548 seconds (27.79 G allocations: 93.867 TiB, 19.69% gc time, 0.03% compilation time)
[2023-01-10T18:39:18.145]Completed Shot 1, state 13
20389.532666 seconds (27.79 G allocations: 93.873 TiB, 19.68% gc time, 0.03% compilation time)
[2023-01-10T18:39:23.105]Completed Shot 1, state 46
20393.446842 seconds (27.80 G allocations: 93.878 TiB, 19.68% gc time, 0.03% compilation time)
[2023-01-10T18:39:27.028]Completed Shot 1, state 9
20402.288830 seconds (27.80 G allocations: 93.881 TiB, 19.67% gc time, 0.06% compilation time)
[2023-01-10T18:39:29.961]Completed Shot 1, state 6
20404.665241 seconds (27.80 G allocations: 93.883 TiB, 19.67% gc time, 0.06% compilation time)
[2023-01-10T18:39:32.313]Completed Shot 1, state 37
20415.816423 seconds (27.80 G allocations: 93.889 TiB, 19.66% gc time, 0.06% compilation time)
[2023-01-10T18:39:43.489]Completed Shot 1, state 10
20431.274576 seconds (27.80 G allocations: 93.896 TiB, 19.65% gc time, 0.03% compilation time)
[2023-01-10T18:40:04.885]Completed Shot 1, state 23
20458.522492 seconds (27.80 G allocations: 93.899 TiB, 19.62% gc time, 0.03% compilation time)
[2023-01-10T18:40:32.096]Completed Shot 1, state 17
19974.753422 seconds (27.32 G allocations: 92.287 TiB, 19.02% gc time)
[2023-01-11T00:13:26.860]Completed Shot 2, state 39
20015.855941 seconds (27.38 G allocations: 92.488 TiB, 19.01% gc time)
[2023-01-11T00:14:07.963]Completed Shot 2, state 45
20049.016467 seconds (27.42 G allocations: 92.647 TiB, 19.01% gc time)
[2023-01-11T00:14:41.122]Completed Shot 2, state 38
20098.989860 seconds (27.50 G allocations: 92.890 TiB, 19.00% gc time)
[2023-01-11T00:15:31.096]Completed Shot 2, state 37
20118.591380 seconds (27.52 G allocations: 92.987 TiB, 19.00% gc time)
[2023-01-11T00:15:50.696]Completed Shot 2, state 33
20120.229118 seconds (27.53 G allocations: 92.995 TiB, 19.00% gc time)
[2023-01-11T00:15:52.326]Completed Shot 2, state 1
20160.630725 seconds (27.58 G allocations: 93.188 TiB, 18.99% gc time)
[2023-01-11T00:16:32.734]Completed Shot 2, state 28
20179.653994 seconds (27.61 G allocations: 93.280 TiB, 18.99% gc time)
[2023-01-11T00:16:51.754]Completed Shot 2, state 14
20184.593576 seconds (27.62 G allocations: 93.303 TiB, 18.99% gc time)
[2023-01-11T00:16:56.691]Completed Shot 2, state 2
20184.625087 seconds (27.62 G allocations: 93.303 TiB, 18.99% gc time)
[2023-01-11T00:16:56.730]Completed Shot 2, state 34
20189.445731 seconds (27.62 G allocations: 93.325 TiB, 18.99% gc time)
[2023-01-11T00:17:01.549]Completed Shot 2, state 29
20193.683849 seconds (27.63 G allocations: 93.345 TiB, 18.98% gc time)
[2023-01-11T00:17:05.791]Completed Shot 2, state 46
20202.913462 seconds (27.64 G allocations: 93.387 TiB, 18.98% gc time)
[2023-01-11T00:17:15.018]Completed Shot 2, state 32
20207.429902 seconds (27.65 G allocations: 93.408 TiB, 18.98% gc time)
[2023-01-11T00:17:19.532]Completed Shot 2, state 24
20209.606810 seconds (27.65 G allocations: 93.417 TiB, 18.98% gc time)
[2023-01-11T00:17:21.708]Completed Shot 2, state 20
20219.148838 seconds (27.66 G allocations: 93.458 TiB, 18.98% gc time)
[2023-01-11T00:17:31.248]Completed Shot 2, state 10
20230.104148 seconds (27.68 G allocations: 93.506 TiB, 18.98% gc time)
[2023-01-11T00:17:42.202]Completed Shot 2, state 5
20232.481843 seconds (27.68 G allocations: 93.516 TiB, 18.97% gc time)
[2023-01-11T00:17:44.582]Completed Shot 2, state 16
20241.851821 seconds (27.69 G allocations: 93.555 TiB, 18.97% gc time)
[2023-01-11T00:17:53.953]Completed Shot 2, state 21
20243.331513 seconds (27.69 G allocations: 93.561 TiB, 18.97% gc time)
[2023-01-11T00:17:55.431]Completed Shot 2, state 11
20244.421224 seconds (27.70 G allocations: 93.565 TiB, 18.97% gc time)
[2023-01-11T00:17:56.528]Completed Shot 2, state 40
20246.686658 seconds (27.70 G allocations: 93.574 TiB, 18.97% gc time)
[2023-01-11T00:17:58.791]Completed Shot 2, state 30
20251.562629 seconds (27.70 G allocations: 93.593 TiB, 18.97% gc time)
[2023-01-11T00:18:03.662]Completed Shot 2, state 13
20252.360574 seconds (27.70 G allocations: 93.596 TiB, 18.97% gc time)
[2023-01-11T00:18:04.468]Completed Shot 2, state 44
20259.087154 seconds (27.71 G allocations: 93.621 TiB, 18.97% gc time)
[2023-01-11T00:18:11.192]Completed Shot 2, state 35
20263.950394 seconds (27.72 G allocations: 93.638 TiB, 18.96% gc time)
[2023-01-11T00:18:16.053]Completed Shot 2, state 26
20269.337520 seconds (27.72 G allocations: 93.658 TiB, 18.96% gc time)
[2023-01-11T00:18:21.436]Completed Shot 2, state 6
20277.677119 seconds (27.73 G allocations: 93.687 TiB, 18.96% gc time)
[2023-01-11T00:18:29.778]Completed Shot 2, state 17
20280.121487 seconds (27.73 G allocations: 93.695 TiB, 18.96% gc time)
[2023-01-11T00:18:32.227]Completed Shot 2, state 36
20280.714201 seconds (27.73 G allocations: 93.697 TiB, 18.96% gc time)
[2023-01-11T00:18:32.818]Completed Shot 2, state 31
20282.570443 seconds (27.74 G allocations: 93.703 TiB, 18.96% gc time)
[2023-01-11T00:18:34.673]Completed Shot 2, state 23
20283.563898 seconds (27.74 G allocations: 93.706 TiB, 18.96% gc time)
[2023-01-11T00:18:35.663]Completed Shot 2, state 8
20285.978458 seconds (27.74 G allocations: 93.713 TiB, 18.95% gc time)
[2023-01-11T00:18:38.080]Completed Shot 2, state 22
20286.604438 seconds (27.74 G allocations: 93.715 TiB, 18.95% gc time)
[2023-01-11T00:18:38.702]Completed Shot 2, state 3
20292.625635 seconds (27.74 G allocations: 93.731 TiB, 18.95% gc time)
[2023-01-11T00:18:44.725]Completed Shot 2, state 12
20295.095562 seconds (27.75 G allocations: 93.738 TiB, 18.95% gc time)
[2023-01-11T00:18:47.194]Completed Shot 2, state 4
20295.401894 seconds (27.75 G allocations: 93.739 TiB, 18.95% gc time)
[2023-01-11T00:18:47.509]Completed Shot 2, state 42
20295.933025 seconds (27.75 G allocations: 93.740 TiB, 18.95% gc time)
[2023-01-11T00:18:48.033]Completed Shot 2, state 15
20301.579904 seconds (27.75 G allocations: 93.752 TiB, 18.95% gc time)
[2023-01-11T00:18:53.688]Completed Shot 2, state 50
20315.902310 seconds (27.76 G allocations: 93.781 TiB, 18.94% gc time)
[2023-01-11T00:19:08.009]Completed Shot 2, state 43
20324.991581 seconds (27.76 G allocations: 93.799 TiB, 18.93% gc time)
[2023-01-11T00:19:17.100]Completed Shot 2, state 49
20329.102769 seconds (27.77 G allocations: 93.806 TiB, 18.93% gc time)
[2023-01-11T00:19:21.204]Completed Shot 2, state 19
20353.895882 seconds (27.78 G allocations: 93.844 TiB, 18.91% gc time)
[2023-01-11T00:19:45.998]Completed Shot 2, state 25
20368.801586 seconds (27.78 G allocations: 93.864 TiB, 18.91% gc time)
[2023-01-11T00:20:00.905]Completed Shot 2, state 27
20372.849694 seconds (27.78 G allocations: 93.869 TiB, 18.90% gc time)
[2023-01-11T00:20:04.957]Completed Shot 2, state 47
20375.021295 seconds (27.79 G allocations: 93.871 TiB, 18.90% gc time)
[2023-01-11T00:20:07.129]Completed Shot 2, state 48
20375.465715 seconds (27.79 G allocations: 93.871 TiB, 18.90% gc time)
[2023-01-11T00:20:07.564]Completed Shot 2, state 7
20387.927320 seconds (27.79 G allocations: 93.878 TiB, 18.89% gc time)
[2023-01-11T00:20:20.034]Completed Shot 2, state 41
20407.579125 seconds (27.79 G allocations: 93.886 TiB, 18.88% gc time)
[2023-01-11T00:20:39.678]Completed Shot 2, state 9
20538.433831 seconds (27.79 G allocations: 93.896 TiB, 18.78% gc time)
[2023-01-11T00:22:50.535]Completed Shot 2, state 18
19177.170820 seconds (27.48 G allocations: 92.815 TiB, 16.05% gc time)
[2023-01-11T05:42:27.711]Completed Shot 3, state 18
19195.253747 seconds (27.50 G allocations: 92.908 TiB, 16.05% gc time)
[2023-01-11T05:42:45.791]Completed Shot 3, state 3
19231.655769 seconds (27.56 G allocations: 93.089 TiB, 16.05% gc time)
[2023-01-11T05:43:22.198]Completed Shot 3, state 36
19240.691374 seconds (27.57 G allocations: 93.132 TiB, 16.05% gc time)
[2023-01-11T05:43:31.229]Completed Shot 3, state 7
19256.666703 seconds (27.59 G allocations: 93.211 TiB, 16.05% gc time)
[2023-01-11T05:43:47.204]Completed Shot 3, state 5
19267.342429 seconds (27.61 G allocations: 93.262 TiB, 16.05% gc time)
[2023-01-11T05:43:57.883]Completed Shot 3, state 28
19274.973942 seconds (27.62 G allocations: 93.299 TiB, 16.05% gc time)
[2023-01-11T05:44:05.514]Completed Shot 3, state 19
19297.669473 seconds (27.65 G allocations: 93.409 TiB, 16.05% gc time)
[2023-01-11T05:44:28.212]Completed Shot 3, state 37
19302.730497 seconds (27.66 G allocations: 93.433 TiB, 16.05% gc time)
[2023-01-11T05:44:33.275]Completed Shot 3, state 49
19304.329803 seconds (27.66 G allocations: 93.441 TiB, 16.05% gc time)
[2023-01-11T05:44:34.873]Completed Shot 3, state 44
19305.734218 seconds (27.66 G allocations: 93.447 TiB, 16.05% gc time)
[2023-01-11T05:44:36.275]Completed Shot 3, state 27
19309.687047 seconds (27.67 G allocations: 93.465 TiB, 16.05% gc time)
[2023-01-11T05:44:40.229]Completed Shot 3, state 34
19321.417310 seconds (27.68 G allocations: 93.520 TiB, 16.05% gc time)
[2023-01-11T05:44:51.960]Completed Shot 3, state 39
19323.724021 seconds (27.69 G allocations: 93.529 TiB, 16.05% gc time)
[2023-01-11T05:44:54.262]Completed Shot 3, state 11
19324.761358 seconds (27.69 G allocations: 93.534 TiB, 16.05% gc time)
[2023-01-11T05:44:55.303]Completed Shot 3, state 33
19329.077816 seconds (27.69 G allocations: 93.553 TiB, 16.05% gc time)
[2023-01-11T05:44:59.614]Completed Shot 3, state 1
19330.351656 seconds (27.70 G allocations: 93.558 TiB, 16.05% gc time)
[2023-01-11T05:45:00.892]Completed Shot 3, state 20
19332.356132 seconds (27.70 G allocations: 93.567 TiB, 16.05% gc time)
[2023-01-11T05:45:02.894]Completed Shot 3, state 8
19333.658223 seconds (27.70 G allocations: 93.572 TiB, 16.05% gc time)
[2023-01-11T05:45:04.197]Completed Shot 3, state 14
19335.693111 seconds (27.70 G allocations: 93.581 TiB, 16.04% gc time)
[2023-01-11T05:45:06.233]Completed Shot 3, state 21
19339.852455 seconds (27.71 G allocations: 93.598 TiB, 16.04% gc time)
[2023-01-11T05:45:10.395]Completed Shot 3, state 38
19340.449542 seconds (27.71 G allocations: 93.600 TiB, 16.04% gc time)
[2023-01-11T05:45:10.988]Completed Shot 3, state 9
19341.356061 seconds (27.71 G allocations: 93.604 TiB, 16.04% gc time)
[2023-01-11T05:45:11.899]Completed Shot 3, state 45
19341.449496 seconds (27.71 G allocations: 93.604 TiB, 16.04% gc time)
[2023-01-11T05:45:11.990]Completed Shot 3, state 25
19346.541208 seconds (27.72 G allocations: 93.624 TiB, 16.04% gc time)
[2023-01-11T05:45:17.079]Completed Shot 3, state 10
19346.708193 seconds (27.72 G allocations: 93.624 TiB, 16.04% gc time)
[2023-01-11T05:45:17.250]Completed Shot 3, state 30
19354.360680 seconds (27.72 G allocations: 93.651 TiB, 16.04% gc time)
[2023-01-11T05:45:24.904]Completed Shot 3, state 43
19373.251355 seconds (27.74 G allocations: 93.718 TiB, 16.04% gc time)
[2023-01-11T05:45:43.793]Completed Shot 3, state 29
19378.484591 seconds (27.75 G allocations: 93.736 TiB, 16.03% gc time)
[2023-01-11T05:45:49.021]Completed Shot 3, state 2
19378.938733 seconds (27.75 G allocations: 93.737 TiB, 16.03% gc time)
[2023-01-11T05:45:49.480]Completed Shot 3, state 26
19379.069517 seconds (27.75 G allocations: 93.738 TiB, 16.03% gc time)
[2023-01-11T05:45:49.612]Completed Shot 3, state 41
19382.207399 seconds (27.75 G allocations: 93.748 TiB, 16.03% gc time)
[2023-01-11T05:45:52.751]Completed Shot 3, state 47
19384.143711 seconds (27.75 G allocations: 93.753 TiB, 16.03% gc time)
[2023-01-11T05:45:54.687]Completed Shot 3, state 48
19386.772847 seconds (27.76 G allocations: 93.760 TiB, 16.03% gc time)
[2023-01-11T05:45:57.317]Completed Shot 3, state 50
19399.875735 seconds (27.77 G allocations: 93.795 TiB, 16.03% gc time)
[2023-01-11T05:46:10.417]Completed Shot 3, state 31
19405.288358 seconds (27.77 G allocations: 93.809 TiB, 16.02% gc time)
[2023-01-11T05:46:15.831]Completed Shot 3, state 42
19405.905169 seconds (27.77 G allocations: 93.810 TiB, 16.02% gc time)
[2023-01-11T05:46:16.446]Completed Shot 3, state 24
19406.963261 seconds (27.77 G allocations: 93.813 TiB, 16.02% gc time)
[2023-01-11T05:46:17.503]Completed Shot 3, state 17
19408.465749 seconds (27.77 G allocations: 93.816 TiB, 16.02% gc time)
[2023-01-11T05:46:19.007]Completed Shot 3, state 32
19411.569911 seconds (27.77 G allocations: 93.822 TiB, 16.02% gc time)
[2023-01-11T05:46:22.113]Completed Shot 3, state 40
19422.954648 seconds (27.78 G allocations: 93.842 TiB, 16.02% gc time)
[2023-01-11T05:46:33.494]Completed Shot 3, state 15
19431.017015 seconds (27.78 G allocations: 93.856 TiB, 16.01% gc time)
[2023-01-11T05:46:41.559]Completed Shot 3, state 35
19434.174431 seconds (27.79 G allocations: 93.861 TiB, 16.01% gc time)
[2023-01-11T05:46:44.713]Completed Shot 3, state 13
19434.701168 seconds (27.79 G allocations: 93.862 TiB, 16.01% gc time)
[2023-01-11T05:46:45.240]Completed Shot 3, state 16
19448.663617 seconds (27.79 G allocations: 93.878 TiB, 16.00% gc time)
[2023-01-11T05:46:59.202]Completed Shot 3, state 12
19450.909927 seconds (27.79 G allocations: 93.881 TiB, 16.00% gc time)
[2023-01-11T05:47:01.450]Completed Shot 3, state 22
19459.514030 seconds (27.79 G allocations: 93.888 TiB, 16.00% gc time)
[2023-01-11T05:47:10.051]Completed Shot 3, state 4
19460.190367 seconds (27.79 G allocations: 93.888 TiB, 15.99% gc time)
[2023-01-11T05:47:10.731]Completed Shot 3, state 23
19490.698773 seconds (27.80 G allocations: 93.899 TiB, 15.97% gc time)
[2023-01-11T05:47:41.242]Completed Shot 3, state 46
19551.456642 seconds (27.80 G allocations: 93.904 TiB, 15.94% gc time)
[2023-01-11T05:48:41.994]Completed Shot 3, state 6
18779.960937 seconds (27.47 G allocations: 92.796 TiB, 15.99% gc time)
[2023-01-11T11:01:41.959]Completed Shot 4, state 11
18818.445943 seconds (27.52 G allocations: 92.991 TiB, 15.99% gc time)
[2023-01-11T11:02:20.442]Completed Shot 4, state 2
18825.270091 seconds (27.53 G allocations: 93.024 TiB, 15.99% gc time)
[2023-01-11T11:02:27.268]Completed Shot 4, state 7
18827.011151 seconds (27.54 G allocations: 93.033 TiB, 15.99% gc time)
[2023-01-11T11:02:29.009]Completed Shot 4, state 10
18828.589771 seconds (27.54 G allocations: 93.041 TiB, 15.99% gc time)
[2023-01-11T11:02:30.588]Completed Shot 4, state 9
18832.429476 seconds (27.55 G allocations: 93.061 TiB, 15.99% gc time)
[2023-01-11T11:02:34.429]Completed Shot 4, state 18
18848.934828 seconds (27.57 G allocations: 93.145 TiB, 15.99% gc time)
[2023-01-11T11:02:50.932]Completed Shot 4, state 6
18863.881230 seconds (27.59 G allocations: 93.217 TiB, 15.99% gc time)
[2023-01-11T11:03:05.884]Completed Shot 4, state 43
18864.395147 seconds (27.59 G allocations: 93.220 TiB, 15.99% gc time)
[2023-01-11T11:03:06.396]Completed Shot 4, state 31
18873.302887 seconds (27.61 G allocations: 93.263 TiB, 15.98% gc time)
[2023-01-11T11:03:15.302]Completed Shot 4, state 17
18878.612643 seconds (27.61 G allocations: 93.289 TiB, 15.98% gc time)
[2023-01-11T11:03:20.616]Completed Shot 4, state 46
18879.974097 seconds (27.61 G allocations: 93.295 TiB, 15.98% gc time)
[2023-01-11T11:03:21.973]Completed Shot 4, state 16
18880.971842 seconds (27.62 G allocations: 93.299 TiB, 15.98% gc time)
[2023-01-11T11:03:22.972]Completed Shot 4, state 23
18895.277618 seconds (27.64 G allocations: 93.366 TiB, 15.98% gc time)
[2023-01-11T11:03:37.275]Completed Shot 4, state 5
18896.553748 seconds (27.64 G allocations: 93.372 TiB, 15.98% gc time)
[2023-01-11T11:03:38.556]Completed Shot 4, state 35
18904.355129 seconds (27.65 G allocations: 93.407 TiB, 15.98% gc time)
[2023-01-11T11:03:46.355]Completed Shot 4, state 22
18917.549160 seconds (27.66 G allocations: 93.466 TiB, 15.98% gc time)
[2023-01-11T11:03:59.548]Completed Shot 4, state 14
18917.657122 seconds (27.66 G allocations: 93.466 TiB, 15.98% gc time)
[2023-01-11T11:03:59.661]Completed Shot 4, state 50
18924.293573 seconds (27.67 G allocations: 93.495 TiB, 15.98% gc time)
[2023-01-11T11:04:06.298]Completed Shot 4, state 48
18933.964618 seconds (27.69 G allocations: 93.536 TiB, 15.98% gc time)
[2023-01-11T11:04:15.962]Completed Shot 4, state 8
18935.211809 seconds (27.69 G allocations: 93.541 TiB, 15.98% gc time)
[2023-01-11T11:04:17.214]Completed Shot 4, state 36
18938.177921 seconds (27.69 G allocations: 93.554 TiB, 15.97% gc time)
[2023-01-11T11:04:20.182]Completed Shot 4, state 49
18947.025284 seconds (27.70 G allocations: 93.589 TiB, 15.97% gc time)
[2023-01-11T11:04:29.025]Completed Shot 4, state 21
18953.124967 seconds (27.71 G allocations: 93.613 TiB, 15.97% gc time)
[2023-01-11T11:04:35.126]Completed Shot 4, state 28
18957.044741 seconds (27.71 G allocations: 93.628 TiB, 15.97% gc time)
[2023-01-11T11:04:39.047]Completed Shot 4, state 38
18958.873338 seconds (27.71 G allocations: 93.635 TiB, 15.97% gc time)
[2023-01-11T11:04:40.870]Completed Shot 4, state 4
18959.352881 seconds (27.72 G allocations: 93.637 TiB, 15.97% gc time)
[2023-01-11T11:04:41.351]Completed Shot 4, state 13
18960.878198 seconds (27.72 G allocations: 93.642 TiB, 15.97% gc time)
[2023-01-11T11:04:42.878]Completed Shot 4, state 20
18961.469219 seconds (27.72 G allocations: 93.644 TiB, 15.97% gc time)
[2023-01-11T11:04:43.466]Completed Shot 4, state 1
18966.759177 seconds (27.72 G allocations: 93.662 TiB, 15.97% gc time)
[2023-01-11T11:04:48.761]Completed Shot 4, state 32
18968.183042 seconds (27.72 G allocations: 93.667 TiB, 15.97% gc time)
[2023-01-11T11:04:50.186]Completed Shot 4, state 42
18968.814079 seconds (27.72 G allocations: 93.669 TiB, 15.97% gc time)
[2023-01-11T11:04:50.815]Completed Shot 4, state 27
18971.141579 seconds (27.73 G allocations: 93.676 TiB, 15.97% gc time)
[2023-01-11T11:04:53.143]Completed Shot 4, state 34
18989.555861 seconds (27.74 G allocations: 93.729 TiB, 15.96% gc time)
[2023-01-11T11:05:11.554]Completed Shot 4, state 12
18990.272073 seconds (27.74 G allocations: 93.731 TiB, 15.96% gc time)
[2023-01-11T11:05:12.274]Completed Shot 4, state 33
18998.549222 seconds (27.75 G allocations: 93.753 TiB, 15.96% gc time)
[2023-01-11T11:05:20.550]Completed Shot 4, state 26
19000.322873 seconds (27.75 G allocations: 93.757 TiB, 15.96% gc time)
[2023-01-11T11:05:22.322]Completed Shot 4, state 15
19001.356712 seconds (27.75 G allocations: 93.759 TiB, 15.95% gc time)
[2023-01-11T11:05:23.357]Completed Shot 4, state 25
19019.593083 seconds (27.76 G allocations: 93.797 TiB, 15.95% gc time)
[2023-01-11T11:05:41.595]Completed Shot 4, state 37
19030.031266 seconds (27.77 G allocations: 93.817 TiB, 15.94% gc time)
[2023-01-11T11:05:52.035]Completed Shot 4, state 45
19031.193016 seconds (27.77 G allocations: 93.820 TiB, 15.94% gc time)
[2023-01-11T11:05:53.197]Completed Shot 4, state 47
19032.532660 seconds (27.77 G allocations: 93.822 TiB, 15.94% gc time)
[2023-01-11T11:05:54.536]Completed Shot 4, state 44
19037.796423 seconds (27.77 G allocations: 93.830 TiB, 15.94% gc time)
[2023-01-11T11:05:59.793]Completed Shot 4, state 3
19037.946359 seconds (27.77 G allocations: 93.830 TiB, 15.94% gc time)
[2023-01-11T11:05:59.949]Completed Shot 4, state 39
19046.116538 seconds (27.78 G allocations: 93.839 TiB, 15.93% gc time)
[2023-01-11T11:06:08.116]Completed Shot 4, state 19
19061.261239 seconds (27.78 G allocations: 93.855 TiB, 15.92% gc time)
[2023-01-11T11:06:23.262]Completed Shot 4, state 29
19095.018695 seconds (27.79 G allocations: 93.884 TiB, 15.90% gc time)
[2023-01-11T11:06:57.020]Completed Shot 4, state 30
19097.764688 seconds (27.79 G allocations: 93.886 TiB, 15.90% gc time)
[2023-01-11T11:06:59.767]Completed Shot 4, state 40
19108.262264 seconds (27.79 G allocations: 93.890 TiB, 15.89% gc time)
[2023-01-11T11:07:10.265]Completed Shot 4, state 41
19145.398009 seconds (27.79 G allocations: 93.894 TiB, 15.87% gc time)
[2023-01-11T11:07:47.398]Completed Shot 4, state 24
18802.128724 seconds (27.50 G allocations: 92.914 TiB, 16.02% gc time)
[2023-01-11T16:21:09.662]Completed Shot 5, state 3
18806.526434 seconds (27.51 G allocations: 92.936 TiB, 16.02% gc time)
[2023-01-11T16:21:13.928]Completed Shot 5, state 7
18835.503547 seconds (27.55 G allocations: 93.076 TiB, 16.03% gc time)
[2023-01-11T16:21:42.910]Completed Shot 5, state 44
18842.472407 seconds (27.56 G allocations: 93.110 TiB, 16.03% gc time)
[2023-01-11T16:21:49.875]Completed Shot 5, state 17
18877.449901 seconds (27.61 G allocations: 93.278 TiB, 16.02% gc time)
[2023-01-11T16:22:24.852]Completed Shot 5, state 13
18879.867048 seconds (27.61 G allocations: 93.290 TiB, 16.02% gc time)
[2023-01-11T16:22:27.274]Completed Shot 5, state 47
18881.538443 seconds (27.62 G allocations: 93.298 TiB, 16.02% gc time)
[2023-01-11T16:22:28.945]Completed Shot 5, state 41
18888.085935 seconds (27.63 G allocations: 93.329 TiB, 16.02% gc time)
[2023-01-11T16:22:35.491]Completed Shot 5, state 32
18894.943135 seconds (27.64 G allocations: 93.363 TiB, 16.02% gc time)
[2023-01-11T16:22:42.346]Completed Shot 5, state 19
18895.449503 seconds (27.64 G allocations: 93.365 TiB, 16.02% gc time)
[2023-01-11T16:22:42.855]Completed Shot 5, state 34
18921.376421 seconds (27.67 G allocations: 93.489 TiB, 16.02% gc time)
[2023-01-11T16:23:08.781]Completed Shot 5, state 27
18932.935396 seconds (27.69 G allocations: 93.544 TiB, 16.02% gc time)
[2023-01-11T16:23:20.342]Completed Shot 5, state 40
18933.270127 seconds (27.69 G allocations: 93.545 TiB, 16.02% gc time)
[2023-01-11T16:23:20.674]Completed Shot 5, state 22
18934.606289 seconds (27.69 G allocations: 93.551 TiB, 16.02% gc time)
[2023-01-11T16:23:22.012]Completed Shot 5, state 39
18937.962425 seconds (27.70 G allocations: 93.566 TiB, 16.02% gc time)
[2023-01-11T16:23:25.366]Completed Shot 5, state 21
18943.452122 seconds (27.70 G allocations: 93.589 TiB, 16.02% gc time)
[2023-01-11T16:23:30.859]Completed Shot 5, state 45
18948.644353 seconds (27.71 G allocations: 93.612 TiB, 16.02% gc time)
[2023-01-11T16:23:36.046]Completed Shot 5, state 10
18950.527093 seconds (27.71 G allocations: 93.620 TiB, 16.02% gc time)
[2023-01-11T16:23:37.930]Completed Shot 5, state 15
18954.072408 seconds (27.72 G allocations: 93.634 TiB, 16.02% gc time)
[2023-01-11T16:23:41.479]Completed Shot 5, state 42
18958.016224 seconds (27.72 G allocations: 93.651 TiB, 16.02% gc time)
[2023-01-11T16:23:45.422]Completed Shot 5, state 37
18959.699770 seconds (27.72 G allocations: 93.658 TiB, 16.02% gc time)
[2023-01-11T16:23:47.101]Completed Shot 5, state 5
18960.506208 seconds (27.72 G allocations: 93.661 TiB, 16.02% gc time)
[2023-01-11T16:23:47.911]Completed Shot 5, state 28
18962.411347 seconds (27.73 G allocations: 93.668 TiB, 16.02% gc time)
[2023-01-11T16:23:49.819]Completed Shot 5, state 48
18965.094388 seconds (27.73 G allocations: 93.678 TiB, 16.02% gc time)
[2023-01-11T16:23:52.498]Completed Shot 5, state 25
18971.520667 seconds (27.74 G allocations: 93.701 TiB, 16.02% gc time)
[2023-01-11T16:23:58.925]Completed Shot 5, state 24
18984.365962 seconds (27.75 G allocations: 93.747 TiB, 16.01% gc time)
[2023-01-11T16:24:11.773]Completed Shot 5, state 46
18986.093053 seconds (27.75 G allocations: 93.753 TiB, 16.01% gc time)
[2023-01-11T16:24:13.496]Completed Shot 5, state 18
18988.034434 seconds (27.75 G allocations: 93.760 TiB, 16.01% gc time)
[2023-01-11T16:24:15.435]Completed Shot 5, state 4
18988.824612 seconds (27.75 G allocations: 93.762 TiB, 16.01% gc time)
[2023-01-11T16:24:16.229]Completed Shot 5, state 30
18996.075433 seconds (27.76 G allocations: 93.786 TiB, 16.01% gc time)
[2023-01-11T16:24:23.478]Completed Shot 5, state 14
18997.772342 seconds (27.76 G allocations: 93.791 TiB, 16.01% gc time)
[2023-01-11T16:24:25.178]Completed Shot 5, state 38
18998.086313 seconds (27.76 G allocations: 93.792 TiB, 16.01% gc time)
[2023-01-11T16:24:25.488]Completed Shot 5, state 8
19000.809058 seconds (27.77 G allocations: 93.799 TiB, 16.01% gc time)
[2023-01-11T16:24:28.216]Completed Shot 5, state 43
19010.675796 seconds (27.77 G allocations: 93.828 TiB, 16.00% gc time)
[2023-01-11T16:24:38.081]Completed Shot 5, state 33
19012.103858 seconds (27.77 G allocations: 93.832 TiB, 16.00% gc time)
[2023-01-11T16:24:39.504]Completed Shot 5, state 1
19015.080604 seconds (27.78 G allocations: 93.840 TiB, 16.00% gc time)
[2023-01-11T16:24:42.483]Completed Shot 5, state 16
19024.510770 seconds (27.78 G allocations: 93.863 TiB, 16.00% gc time)
[2023-01-11T16:24:51.912]Completed Shot 5, state 9
19025.162914 seconds (27.78 G allocations: 93.864 TiB, 16.00% gc time)
[2023-01-11T16:24:52.567]Completed Shot 5, state 26
19030.093239 seconds (27.79 G allocations: 93.874 TiB, 16.00% gc time)
[2023-01-11T16:24:57.501]Completed Shot 5, state 50
19030.095346 seconds (27.79 G allocations: 93.874 TiB, 16.00% gc time)
[2023-01-11T16:24:57.502]Completed Shot 5, state 35
19030.113875 seconds (27.79 G allocations: 93.875 TiB, 16.00% gc time)
[2023-01-11T16:24:57.519]Completed Shot 5, state 36
  Activating project at `/lustre/work/ws/ws1/hd_ku269-light_cones/WorkingFolder`
19030.686923 seconds (27.79 G allocations: 93.875 TiB, 16.00% gc time)
[2023-01-11T16:24:58.117]Completed Shot 5, state 12
19031.720259 seconds (27.79 G allocations: 93.877 TiB, 15.99% gc time)
[2023-01-11T16:24:59.124]Completed Shot 5, state 20
19037.680090 seconds (27.79 G allocations: 93.885 TiB, 15.99% gc time)
[2023-01-11T16:25:05.081]Completed Shot 5, state 6
19040.716221 seconds (27.79 G allocations: 93.889 TiB, 15.99% gc time)
[2023-01-11T16:25:08.121]Completed Shot 5, state 29
19041.656354 seconds (27.79 G allocations: 93.890 TiB, 15.99% gc time)
[2023-01-11T16:25:09.061]Completed Shot 5, state 31
19045.580877 seconds (27.79 G allocations: 93.892 TiB, 15.99% gc time)
[2023-01-11T16:25:12.988]Completed Shot 5, state 49
19051.129735 seconds (27.79 G allocations: 93.896 TiB, 15.98% gc time)
[2023-01-11T16:25:18.534]Completed Shot 5, state 23
19051.228091 seconds (27.79 G allocations: 93.896 TiB, 15.98% gc time)
[2023-01-11T16:25:18.628]Completed Shot 5, state 2
19121.406611 seconds (27.80 G allocations: 93.901 TiB, 15.94% gc time)
[2023-01-11T16:26:28.808]Completed Shot 5, state 11
19100.820093 seconds (27.36 G allocations: 92.409 TiB, 15.60% gc time)
[2023-01-11T21:44:49.635]Completed Shot 6, state 13
19153.905315 seconds (27.43 G allocations: 92.669 TiB, 15.60% gc time)
[2023-01-11T21:45:42.719]Completed Shot 6, state 11
19154.111825 seconds (27.43 G allocations: 92.670 TiB, 15.60% gc time)
[2023-01-11T21:45:42.931]Completed Shot 6, state 44
19201.580025 seconds (27.50 G allocations: 92.903 TiB, 15.60% gc time)
[2023-01-11T21:46:30.399]Completed Shot 6, state 33
19218.786845 seconds (27.53 G allocations: 92.988 TiB, 15.60% gc time)
[2023-01-11T21:46:47.606]Completed Shot 6, state 34
19225.121433 seconds (27.54 G allocations: 93.019 TiB, 15.60% gc time)
[2023-01-11T21:46:53.939]Completed Shot 6, state 27
19230.814694 seconds (27.54 G allocations: 93.045 TiB, 15.60% gc time)
[2023-01-11T21:46:59.634]Completed Shot 6, state 42
19243.972200 seconds (27.56 G allocations: 93.109 TiB, 15.60% gc time)
[2023-01-11T21:47:12.787]Completed Shot 6, state 14
19248.553735 seconds (27.57 G allocations: 93.132 TiB, 15.60% gc time)
[2023-01-11T21:47:17.373]Completed Shot 6, state 39
19279.299275 seconds (27.61 G allocations: 93.278 TiB, 15.60% gc time)
[2023-01-11T21:47:48.118]Completed Shot 6, state 35
19291.338259 seconds (27.63 G allocations: 93.335 TiB, 15.60% gc time)
[2023-01-11T21:48:00.156]Completed Shot 6, state 29
19292.980301 seconds (27.63 G allocations: 93.342 TiB, 15.60% gc time)
[2023-01-11T21:48:01.800]Completed Shot 6, state 37
19298.842061 seconds (27.64 G allocations: 93.370 TiB, 15.60% gc time)
[2023-01-11T21:48:07.655]Completed Shot 6, state 5
19310.188162 seconds (27.65 G allocations: 93.422 TiB, 15.60% gc time)
[2023-01-11T21:48:19.001]Completed Shot 6, state 3
19321.413110 seconds (27.67 G allocations: 93.472 TiB, 15.60% gc time)
[2023-01-11T21:48:30.229]Completed Shot 6, state 20
19328.475711 seconds (27.68 G allocations: 93.504 TiB, 15.60% gc time)
[2023-01-11T21:48:37.292]Completed Shot 6, state 21
19337.423092 seconds (27.69 G allocations: 93.543 TiB, 15.60% gc time)
[2023-01-11T21:48:46.240]Completed Shot 6, state 25
19340.270041 seconds (27.69 G allocations: 93.556 TiB, 15.60% gc time)
[2023-01-11T21:48:49.090]Completed Shot 6, state 47
19345.258317 seconds (27.70 G allocations: 93.577 TiB, 15.60% gc time)
[2023-01-11T21:48:54.073]Completed Shot 6, state 12
19346.914803 seconds (27.70 G allocations: 93.583 TiB, 15.60% gc time)
[2023-01-11T21:48:55.729]Completed Shot 6, state 9
19348.201297 seconds (27.70 G allocations: 93.588 TiB, 15.59% gc time)
[2023-01-11T21:48:57.021]Completed Shot 6, state 41
19350.154801 seconds (27.71 G allocations: 93.596 TiB, 15.59% gc time)
[2023-01-11T21:48:58.970]Completed Shot 6, state 16
19351.115203 seconds (27.71 G allocations: 93.600 TiB, 15.59% gc time)
[2023-01-11T21:48:59.928]Completed Shot 6, state 4
19353.707169 seconds (27.71 G allocations: 93.610 TiB, 15.59% gc time)
[2023-01-11T21:49:02.526]Completed Shot 6, state 32
19356.463347 seconds (27.71 G allocations: 93.620 TiB, 15.59% gc time)
[2023-01-11T21:49:05.283]Completed Shot 6, state 48
19357.191202 seconds (27.71 G allocations: 93.622 TiB, 15.59% gc time)
[2023-01-11T21:49:06.011]Completed Shot 6, state 43
19361.903918 seconds (27.72 G allocations: 93.639 TiB, 15.59% gc time)
[2023-01-11T21:49:10.722]Completed Shot 6, state 31
19377.127823 seconds (27.73 G allocations: 93.693 TiB, 15.59% gc time)
[2023-01-11T21:49:25.945]Completed Shot 6, state 24
19378.046676 seconds (27.74 G allocations: 93.696 TiB, 15.59% gc time)
[2023-01-11T21:49:26.860]Completed Shot 6, state 8
19382.196825 seconds (27.74 G allocations: 93.710 TiB, 15.59% gc time)
[2023-01-11T21:49:31.011]Completed Shot 6, state 10
19386.490260 seconds (27.74 G allocations: 93.723 TiB, 15.58% gc time)
[2023-01-11T21:49:35.303]Completed Shot 6, state 6
19391.490952 seconds (27.75 G allocations: 93.739 TiB, 15.58% gc time)
[2023-01-11T21:49:40.306]Completed Shot 6, state 15
19393.779863 seconds (27.75 G allocations: 93.746 TiB, 15.58% gc time)
[2023-01-11T21:49:42.599]Completed Shot 6, state 46
19394.529159 seconds (27.75 G allocations: 93.748 TiB, 15.58% gc time)
[2023-01-11T21:49:43.349]Completed Shot 6, state 49
19402.703928 seconds (27.76 G allocations: 93.772 TiB, 15.58% gc time)
[2023-01-11T21:49:51.521]Completed Shot 6, state 26
19409.714341 seconds (27.76 G allocations: 93.789 TiB, 15.58% gc time)
[2023-01-11T21:49:58.531]Completed Shot 6, state 23
19414.518877 seconds (27.77 G allocations: 93.801 TiB, 15.58% gc time)
[2023-01-11T21:50:03.338]Completed Shot 6, state 36
19414.799741 seconds (27.77 G allocations: 93.802 TiB, 15.58% gc time)
[2023-01-11T21:50:03.619]Completed Shot 6, state 45
19419.347892 seconds (27.77 G allocations: 93.812 TiB, 15.57% gc time)
[2023-01-11T21:50:08.167]Completed Shot 6, state 38
19420.081401 seconds (27.77 G allocations: 93.814 TiB, 15.57% gc time)
[2023-01-11T21:50:08.899]Completed Shot 6, state 30
19429.524788 seconds (27.78 G allocations: 93.832 TiB, 15.57% gc time)
[2023-01-11T21:50:18.340]Completed Shot 6, state 18
19437.002024 seconds (27.78 G allocations: 93.845 TiB, 15.56% gc time)
[2023-01-11T21:50:25.818]Completed Shot 6, state 19
19443.333123 seconds (27.78 G allocations: 93.854 TiB, 15.56% gc time)
[2023-01-11T21:50:32.150]Completed Shot 6, state 22
19447.519760 seconds (27.78 G allocations: 93.860 TiB, 15.56% gc time)
[2023-01-11T21:50:36.332]Completed Shot 6, state 1
19456.573433 seconds (27.79 G allocations: 93.871 TiB, 15.55% gc time)
[2023-01-11T21:50:45.393]Completed Shot 6, state 40
19465.980592 seconds (27.79 G allocations: 93.880 TiB, 15.55% gc time)
[2023-01-11T21:50:54.800]Completed Shot 6, state 50
19481.314442 seconds (27.79 G allocations: 93.892 TiB, 15.54% gc time)
[2023-01-11T21:51:10.130]Completed Shot 6, state 17
19482.697223 seconds (27.79 G allocations: 93.893 TiB, 15.54% gc time)
[2023-01-11T21:51:11.515]Completed Shot 6, state 28
19498.807921 seconds (27.80 G allocations: 93.900 TiB, 15.53% gc time)
[2023-01-11T21:51:27.620]Completed Shot 6, state 2
19518.490061 seconds (27.80 G allocations: 93.901 TiB, 15.52% gc time)
[2023-01-11T21:51:47.303]Completed Shot 6, state 7
18904.141399 seconds (27.25 G allocations: 92.051 TiB, 15.81% gc time)
[2023-01-12T03:06:51.448]Completed Shot 7, state 8
19048.722995 seconds (27.45 G allocations: 92.746 TiB, 15.81% gc time)
[2023-01-12T03:09:16.032]Completed Shot 7, state 23
19104.065075 seconds (27.53 G allocations: 93.016 TiB, 15.81% gc time)
[2023-01-12T03:10:11.371]Completed Shot 7, state 4
19105.411565 seconds (27.54 G allocations: 93.022 TiB, 15.81% gc time)
[2023-01-12T03:10:12.723]Completed Shot 7, state 39
19122.109568 seconds (27.56 G allocations: 93.104 TiB, 15.81% gc time)
[2023-01-12T03:10:29.420]Completed Shot 7, state 31
19132.970393 seconds (27.58 G allocations: 93.157 TiB, 15.81% gc time)
[2023-01-12T03:10:40.282]Completed Shot 7, state 43
19133.405136 seconds (27.58 G allocations: 93.160 TiB, 15.81% gc time)
[2023-01-12T03:10:40.713]Completed Shot 7, state 15
19138.417984 seconds (27.58 G allocations: 93.184 TiB, 15.81% gc time)
[2023-01-12T03:10:45.726]Completed Shot 7, state 14
19160.019689 seconds (27.61 G allocations: 93.286 TiB, 15.81% gc time)
[2023-01-12T03:11:07.329]Completed Shot 7, state 26
19171.802000 seconds (27.63 G allocations: 93.342 TiB, 15.81% gc time)
[2023-01-12T03:11:19.110]Completed Shot 7, state 19
19173.453860 seconds (27.63 G allocations: 93.350 TiB, 15.81% gc time)
[2023-01-12T03:11:20.759]Completed Shot 7, state 2
19186.478776 seconds (27.65 G allocations: 93.410 TiB, 15.81% gc time)
[2023-01-12T03:11:33.789]Completed Shot 7, state 35
19189.609583 seconds (27.65 G allocations: 93.425 TiB, 15.81% gc time)
[2023-01-12T03:11:36.918]Completed Shot 7, state 22
19199.249637 seconds (27.67 G allocations: 93.469 TiB, 15.80% gc time)
[2023-01-12T03:11:46.561]Completed Shot 7, state 42
19210.058990 seconds (27.68 G allocations: 93.517 TiB, 15.80% gc time)
[2023-01-12T03:11:57.365]Completed Shot 7, state 3
19212.884576 seconds (27.69 G allocations: 93.529 TiB, 15.80% gc time)
[2023-01-12T03:12:00.193]Completed Shot 7, state 21
19214.047350 seconds (27.69 G allocations: 93.535 TiB, 15.80% gc time)
[2023-01-12T03:12:01.359]Completed Shot 7, state 41
19215.789726 seconds (27.69 G allocations: 93.542 TiB, 15.80% gc time)
[2023-01-12T03:12:03.101]Completed Shot 7, state 40
19226.360321 seconds (27.70 G allocations: 93.587 TiB, 15.80% gc time)
[2023-01-12T03:12:13.669]Completed Shot 7, state 24
19228.466996 seconds (27.70 G allocations: 93.596 TiB, 15.80% gc time)
[2023-01-12T03:12:15.825]Completed Shot 7, state 12
19231.045206 seconds (27.71 G allocations: 93.606 TiB, 15.80% gc time)
[2023-01-12T03:12:18.358]Completed Shot 7, state 50
19235.511414 seconds (27.71 G allocations: 93.624 TiB, 15.80% gc time)
[2023-01-12T03:12:22.817]Completed Shot 7, state 5
19240.977586 seconds (27.72 G allocations: 93.644 TiB, 15.80% gc time)
[2023-01-12T03:12:28.287]Completed Shot 7, state 28
19241.408833 seconds (27.72 G allocations: 93.646 TiB, 15.80% gc time)
[2023-01-12T03:12:28.719]Completed Shot 7, state 36
19243.790820 seconds (27.72 G allocations: 93.655 TiB, 15.80% gc time)
[2023-01-12T03:12:31.103]Completed Shot 7, state 48
19249.683010 seconds (27.73 G allocations: 93.676 TiB, 15.80% gc time)
[2023-01-12T03:12:36.993]Completed Shot 7, state 30
19256.735947 seconds (27.74 G allocations: 93.702 TiB, 15.79% gc time)
[2023-01-12T03:12:44.048]Completed Shot 7, state 49
19257.868799 seconds (27.74 G allocations: 93.706 TiB, 15.79% gc time)
[2023-01-12T03:12:45.178]Completed Shot 7, state 27
19259.980449 seconds (27.74 G allocations: 93.713 TiB, 15.79% gc time)
[2023-01-12T03:12:47.291]Completed Shot 7, state 38
19261.265410 seconds (27.74 G allocations: 93.717 TiB, 15.79% gc time)
[2023-01-12T03:12:48.573]Completed Shot 7, state 18
19262.679004 seconds (27.74 G allocations: 93.721 TiB, 15.79% gc time)
[2023-01-12T03:12:49.990]Completed Shot 7, state 37
19266.923927 seconds (27.75 G allocations: 93.733 TiB, 15.79% gc time)
[2023-01-12T03:12:54.231]Completed Shot 7, state 10
19275.498343 seconds (27.75 G allocations: 93.756 TiB, 15.79% gc time)
[2023-01-12T03:13:02.810]Completed Shot 7, state 47
19288.400726 seconds (27.76 G allocations: 93.792 TiB, 15.78% gc time)
[2023-01-12T03:13:15.708]Completed Shot 7, state 11
19289.952720 seconds (27.76 G allocations: 93.796 TiB, 15.78% gc time)
[2023-01-12T03:13:17.260]Completed Shot 7, state 16
19292.749772 seconds (27.77 G allocations: 93.803 TiB, 15.78% gc time)
[2023-01-12T03:13:20.060]Completed Shot 7, state 34
19299.275859 seconds (27.77 G allocations: 93.818 TiB, 15.78% gc time)
[2023-01-12T03:13:26.581]Completed Shot 7, state 1
19301.116733 seconds (27.77 G allocations: 93.822 TiB, 15.78% gc time)
[2023-01-12T03:13:28.427]Completed Shot 7, state 32
19313.413185 seconds (27.78 G allocations: 93.849 TiB, 15.77% gc time)
[2023-01-12T03:13:40.725]Completed Shot 7, state 46
19316.231106 seconds (27.78 G allocations: 93.855 TiB, 15.77% gc time)
[2023-01-12T03:13:43.540]Completed Shot 7, state 25
19319.163396 seconds (27.78 G allocations: 93.860 TiB, 15.77% gc time)
[2023-01-12T03:13:46.471]Completed Shot 7, state 13
19320.454101 seconds (27.78 G allocations: 93.862 TiB, 15.77% gc time)
[2023-01-12T03:13:47.760]Completed Shot 7, state 6
19321.511693 seconds (27.78 G allocations: 93.864 TiB, 15.77% gc time)
[2023-01-12T03:13:48.818]Completed Shot 7, state 7
19325.056015 seconds (27.79 G allocations: 93.868 TiB, 15.77% gc time)
[2023-01-12T03:13:52.364]Completed Shot 7, state 20
19328.233787 seconds (27.79 G allocations: 93.872 TiB, 15.76% gc time)
[2023-01-12T03:13:55.545]Completed Shot 7, state 44
19339.642356 seconds (27.79 G allocations: 93.884 TiB, 15.76% gc time)
[2023-01-12T03:14:06.953]Completed Shot 7, state 33
19350.631338 seconds (27.79 G allocations: 93.893 TiB, 15.75% gc time)
[2023-01-12T03:14:17.939]Completed Shot 7, state 17
19352.353180 seconds (27.79 G allocations: 93.894 TiB, 15.75% gc time)
[2023-01-12T03:14:19.663]Completed Shot 7, state 29
19354.820002 seconds (27.79 G allocations: 93.895 TiB, 15.75% gc time)
[2023-01-12T03:14:22.132]Completed Shot 7, state 45
19388.120975 seconds (27.79 G allocations: 93.898 TiB, 15.73% gc time)
[2023-01-12T03:14:55.427]Completed Shot 7, state 9
18875.477510 seconds (27.45 G allocations: 92.720 TiB, 15.85% gc time)
[2023-01-12T08:29:30.927]Completed Shot 8, state 43
18936.211486 seconds (27.54 G allocations: 93.024 TiB, 15.85% gc time)
[2023-01-12T08:30:31.647]Completed Shot 8, state 29
18964.055007 seconds (27.58 G allocations: 93.165 TiB, 15.85% gc time)
[2023-01-12T08:30:59.491]Completed Shot 8, state 41
18971.981434 seconds (27.59 G allocations: 93.205 TiB, 15.85% gc time)
[2023-01-12T08:31:07.411]Completed Shot 8, state 1
18972.248392 seconds (27.59 G allocations: 93.207 TiB, 15.85% gc time)
[2023-01-12T08:31:07.682]Completed Shot 8, state 22
18973.557221 seconds (27.59 G allocations: 93.213 TiB, 15.85% gc time)
[2023-01-12T08:31:08.994]Completed Shot 8, state 47
18984.250485 seconds (27.61 G allocations: 93.267 TiB, 15.85% gc time)
[2023-01-12T08:31:19.680]Completed Shot 8, state 4
18987.306225 seconds (27.61 G allocations: 93.282 TiB, 15.85% gc time)
[2023-01-12T08:31:22.742]Completed Shot 8, state 37
18990.229415 seconds (27.62 G allocations: 93.296 TiB, 15.85% gc time)
[2023-01-12T08:31:25.665]Completed Shot 8, state 28
18997.873010 seconds (27.63 G allocations: 93.333 TiB, 15.85% gc time)
[2023-01-12T08:31:33.306]Completed Shot 8, state 17
19010.392396 seconds (27.65 G allocations: 93.394 TiB, 15.85% gc time)
[2023-01-12T08:31:45.829]Completed Shot 8, state 40
19024.807587 seconds (27.67 G allocations: 93.461 TiB, 15.85% gc time)
[2023-01-12T08:32:00.244]Completed Shot 8, state 45
19025.964948 seconds (27.67 G allocations: 93.467 TiB, 15.85% gc time)
[2023-01-12T08:32:01.400]Completed Shot 8, state 30
19033.461053 seconds (27.68 G allocations: 93.500 TiB, 15.85% gc time)
[2023-01-12T08:32:08.895]Completed Shot 8, state 23
19040.115907 seconds (27.69 G allocations: 93.531 TiB, 15.85% gc time)
[2023-01-12T08:32:15.552]Completed Shot 8, state 44
19045.442962 seconds (27.69 G allocations: 93.555 TiB, 15.85% gc time)
[2023-01-12T08:32:20.875]Completed Shot 8, state 12
19049.691133 seconds (27.70 G allocations: 93.574 TiB, 15.84% gc time)
[2023-01-12T08:32:25.125]Completed Shot 8, state 24
19054.291507 seconds (27.70 G allocations: 93.593 TiB, 15.84% gc time)
[2023-01-12T08:32:29.728]Completed Shot 8, state 35
19057.692104 seconds (27.71 G allocations: 93.608 TiB, 15.84% gc time)
[2023-01-12T08:32:33.124]Completed Shot 8, state 11
19058.615614 seconds (27.71 G allocations: 93.612 TiB, 15.84% gc time)
[2023-01-12T08:32:34.051]Completed Shot 8, state 31
19068.215664 seconds (27.72 G allocations: 93.652 TiB, 15.84% gc time)
[2023-01-12T08:32:43.650]Completed Shot 8, state 25
19069.071229 seconds (27.72 G allocations: 93.656 TiB, 15.84% gc time)
[2023-01-12T08:32:44.504]Completed Shot 8, state 16
19070.112876 seconds (27.72 G allocations: 93.660 TiB, 15.84% gc time)
[2023-01-12T08:32:45.543]Completed Shot 8, state 6
19073.509983 seconds (27.73 G allocations: 93.674 TiB, 15.84% gc time)
[2023-01-12T08:32:48.940]Completed Shot 8, state 5
19075.975752 seconds (27.73 G allocations: 93.684 TiB, 15.84% gc time)
[2023-01-12T08:32:51.412]Completed Shot 8, state 34
19081.880396 seconds (27.74 G allocations: 93.705 TiB, 15.84% gc time)
[2023-01-12T08:32:57.316]Completed Shot 8, state 33
19082.078041 seconds (27.74 G allocations: 93.705 TiB, 15.84% gc time)
[2023-01-12T08:32:57.509]Completed Shot 8, state 9
19083.110768 seconds (27.74 G allocations: 93.709 TiB, 15.84% gc time)
[2023-01-12T08:32:58.545]Completed Shot 8, state 26
19087.604552 seconds (27.74 G allocations: 93.725 TiB, 15.83% gc time)
[2023-01-12T08:33:03.036]Completed Shot 8, state 8
19095.271935 seconds (27.75 G allocations: 93.750 TiB, 15.83% gc time)
[2023-01-12T08:33:10.708]Completed Shot 8, state 32
19095.322764 seconds (27.75 G allocations: 93.750 TiB, 15.83% gc time)
[2023-01-12T08:33:10.752]Completed Shot 8, state 2
19104.215320 seconds (27.76 G allocations: 93.778 TiB, 15.83% gc time)
[2023-01-12T08:33:19.646]Completed Shot 8, state 7
19104.547458 seconds (27.76 G allocations: 93.779 TiB, 15.83% gc time)
[2023-01-12T08:33:19.984]Completed Shot 8, state 39
19113.413499 seconds (27.77 G allocations: 93.804 TiB, 15.82% gc time)
[2023-01-12T08:33:28.848]Completed Shot 8, state 27
19115.742637 seconds (27.77 G allocations: 93.811 TiB, 15.82% gc time)
[2023-01-12T08:33:31.174]Completed Shot 8, state 10
19119.758559 seconds (27.77 G allocations: 93.821 TiB, 15.82% gc time)
[2023-01-12T08:33:35.191]Completed Shot 8, state 14
19125.832921 seconds (27.78 G allocations: 93.835 TiB, 15.82% gc time)
[2023-01-12T08:33:41.269]Completed Shot 8, state 49
19134.221549 seconds (27.78 G allocations: 93.855 TiB, 15.82% gc time)
[2023-01-12T08:33:49.658]Completed Shot 8, state 38
19138.467896 seconds (27.78 G allocations: 93.864 TiB, 15.81% gc time)
[2023-01-12T08:33:53.904]Completed Shot 8, state 48
19139.281505 seconds (27.78 G allocations: 93.866 TiB, 15.81% gc time)
[2023-01-12T08:33:54.715]Completed Shot 8, state 18
19139.360070 seconds (27.78 G allocations: 93.866 TiB, 15.81% gc time)
[2023-01-12T08:33:54.796]Completed Shot 8, state 42
19139.429348 seconds (27.78 G allocations: 93.866 TiB, 15.81% gc time)
[2023-01-12T08:33:54.862]Completed Shot 8, state 15
19147.435861 seconds (27.79 G allocations: 93.879 TiB, 15.81% gc time)
[2023-01-12T08:34:02.872]Completed Shot 8, state 50
19155.231947 seconds (27.79 G allocations: 93.889 TiB, 15.80% gc time)
[2023-01-12T08:34:10.668]Completed Shot 8, state 46
19155.330251 seconds (27.79 G allocations: 93.889 TiB, 15.80% gc time)
[2023-01-12T08:34:10.764]Completed Shot 8, state 20
19158.569442 seconds (27.79 G allocations: 93.893 TiB, 15.80% gc time)
[2023-01-12T08:34:14.003]Completed Shot 8, state 21
19158.573475 seconds (27.79 G allocations: 93.893 TiB, 15.80% gc time)
[2023-01-12T08:34:14.004]Completed Shot 8, state 3
19161.206917 seconds (27.79 G allocations: 93.894 TiB, 15.80% gc time)
[2023-01-12T08:34:16.640]Completed Shot 8, state 19
19163.389867 seconds (27.79 G allocations: 93.895 TiB, 15.80% gc time)
[2023-01-12T08:34:18.826]Completed Shot 8, state 36
19203.342942 seconds (27.79 G allocations: 93.898 TiB, 15.77% gc time)
[2023-01-12T08:34:58.775]Completed Shot 8, state 13
18951.491860 seconds (27.51 G allocations: 92.955 TiB, 15.81% gc time)
[2023-01-12T13:50:50.273]Completed Shot 9, state 17
18962.469523 seconds (27.53 G allocations: 93.008 TiB, 15.81% gc time)
[2023-01-12T13:51:01.250]Completed Shot 9, state 13
18968.012316 seconds (27.54 G allocations: 93.036 TiB, 15.81% gc time)
[2023-01-12T13:51:06.792]Completed Shot 9, state 6
18984.659687 seconds (27.56 G allocations: 93.119 TiB, 15.81% gc time)
[2023-01-12T13:51:23.443]Completed Shot 9, state 27
19003.948316 seconds (27.59 G allocations: 93.213 TiB, 15.81% gc time)
[2023-01-12T13:51:42.730]Completed Shot 9, state 22
19006.172269 seconds (27.59 G allocations: 93.224 TiB, 15.81% gc time)
[2023-01-12T13:51:44.954]Completed Shot 9, state 19
19007.917565 seconds (27.60 G allocations: 93.233 TiB, 15.81% gc time)
[2023-01-12T13:51:46.703]Completed Shot 9, state 38
19019.751672 seconds (27.61 G allocations: 93.289 TiB, 15.81% gc time)
[2023-01-12T13:51:58.533]Completed Shot 9, state 16
19022.369394 seconds (27.62 G allocations: 93.301 TiB, 15.81% gc time)
[2023-01-12T13:52:01.151]Completed Shot 9, state 18
19031.206484 seconds (27.63 G allocations: 93.343 TiB, 15.81% gc time)
[2023-01-12T13:52:09.992]Completed Shot 9, state 39
19034.177834 seconds (27.63 G allocations: 93.357 TiB, 15.81% gc time)
[2023-01-12T13:52:12.961]Completed Shot 9, state 28
19041.283434 seconds (27.64 G allocations: 93.390 TiB, 15.81% gc time)
[2023-01-12T13:52:20.069]Completed Shot 9, state 46
19041.951324 seconds (27.64 G allocations: 93.393 TiB, 15.81% gc time)
[2023-01-12T13:52:20.730]Completed Shot 9, state 4
19049.504393 seconds (27.65 G allocations: 93.426 TiB, 15.81% gc time)
[2023-01-12T13:52:28.288]Completed Shot 9, state 32
19052.663434 seconds (27.66 G allocations: 93.440 TiB, 15.81% gc time)
[2023-01-12T13:52:31.449]Completed Shot 9, state 44
19053.344789 seconds (27.66 G allocations: 93.444 TiB, 15.81% gc time)
[2023-01-12T13:52:32.130]Completed Shot 9, state 40
19056.700750 seconds (27.66 G allocations: 93.458 TiB, 15.81% gc time)
[2023-01-12T13:52:35.481]Completed Shot 9, state 10
19066.245741 seconds (27.68 G allocations: 93.500 TiB, 15.80% gc time)
[2023-01-12T13:52:45.029]Completed Shot 9, state 29
19067.481523 seconds (27.68 G allocations: 93.505 TiB, 15.80% gc time)
[2023-01-12T13:52:46.262]Completed Shot 9, state 14
19070.587299 seconds (27.68 G allocations: 93.518 TiB, 15.80% gc time)
[2023-01-12T13:52:49.373]Completed Shot 9, state 49
19075.408682 seconds (27.69 G allocations: 93.538 TiB, 15.80% gc time)
[2023-01-12T13:52:54.195]Completed Shot 9, state 45
19077.968633 seconds (27.69 G allocations: 93.548 TiB, 15.80% gc time)
[2023-01-12T13:52:56.753]Completed Shot 9, state 37
19091.221873 seconds (27.71 G allocations: 93.600 TiB, 15.80% gc time)
[2023-01-12T13:53:10.002]Completed Shot 9, state 9
19091.703167 seconds (27.71 G allocations: 93.602 TiB, 15.80% gc time)
[2023-01-12T13:53:10.483]Completed Shot 9, state 12
19092.213834 seconds (27.71 G allocations: 93.604 TiB, 15.80% gc time)
[2023-01-12T13:53:10.992]Completed Shot 9, state 2
19092.939184 seconds (27.71 G allocations: 93.607 TiB, 15.80% gc time)
[2023-01-12T13:53:11.719]Completed Shot 9, state 11
19100.166474 seconds (27.71 G allocations: 93.633 TiB, 15.80% gc time)
[2023-01-12T13:53:18.951]Completed Shot 9, state 33
19100.433759 seconds (27.72 G allocations: 93.634 TiB, 15.80% gc time)
[2023-01-12T13:53:19.218]Completed Shot 9, state 31
19102.103206 seconds (27.72 G allocations: 93.640 TiB, 15.80% gc time)
[2023-01-12T13:53:20.883]Completed Shot 9, state 8
19113.873287 seconds (27.73 G allocations: 93.677 TiB, 15.79% gc time)
[2023-01-12T13:53:32.655]Completed Shot 9, state 21
19119.500692 seconds (27.73 G allocations: 93.695 TiB, 15.79% gc time)
[2023-01-12T13:53:38.282]Completed Shot 9, state 20
19126.778452 seconds (27.74 G allocations: 93.719 TiB, 15.79% gc time)
[2023-01-12T13:53:45.557]Completed Shot 9, state 5
19127.685493 seconds (27.74 G allocations: 93.721 TiB, 15.79% gc time)
[2023-01-12T13:53:46.464]Completed Shot 9, state 3
19128.872795 seconds (27.74 G allocations: 93.725 TiB, 15.79% gc time)
[2023-01-12T13:53:47.655]Completed Shot 9, state 23
19133.576083 seconds (27.75 G allocations: 93.738 TiB, 15.79% gc time)
[2023-01-12T13:53:52.361]Completed Shot 9, state 36
19133.856506 seconds (27.75 G allocations: 93.739 TiB, 15.79% gc time)
[2023-01-12T13:53:52.636]Completed Shot 9, state 7
19150.303580 seconds (27.76 G allocations: 93.779 TiB, 15.78% gc time)
[2023-01-12T13:54:09.086]Completed Shot 9, state 24
19151.022280 seconds (27.76 G allocations: 93.781 TiB, 15.78% gc time)
[2023-01-12T13:54:09.808]Completed Shot 9, state 42
19157.890012 seconds (27.76 G allocations: 93.796 TiB, 15.77% gc time)
[2023-01-12T13:54:16.671]Completed Shot 9, state 15
19168.668275 seconds (27.77 G allocations: 93.817 TiB, 15.77% gc time)
[2023-01-12T13:54:27.451]Completed Shot 9, state 25
19169.920135 seconds (27.77 G allocations: 93.820 TiB, 15.77% gc time)
[2023-01-12T13:54:28.704]Completed Shot 9, state 34
19175.260946 seconds (27.77 G allocations: 93.829 TiB, 15.77% gc time)
[2023-01-12T13:54:34.046]Completed Shot 9, state 41
19202.421362 seconds (27.78 G allocations: 93.870 TiB, 15.75% gc time)
[2023-01-12T13:55:01.205]Completed Shot 9, state 30
19208.277531 seconds (27.79 G allocations: 93.878 TiB, 15.75% gc time)
[2023-01-12T13:55:07.063]Completed Shot 9, state 43
19210.001411 seconds (27.79 G allocations: 93.880 TiB, 15.75% gc time)
[2023-01-12T13:55:08.786]Completed Shot 9, state 35
19210.505394 seconds (27.79 G allocations: 93.880 TiB, 15.75% gc time)
[2023-01-12T13:55:09.284]Completed Shot 9, state 1
19220.526908 seconds (27.79 G allocations: 93.888 TiB, 15.74% gc time)
[2023-01-12T13:55:19.310]Completed Shot 9, state 26
19222.500376 seconds (27.79 G allocations: 93.889 TiB, 15.74% gc time)
[2023-01-12T13:55:21.286]Completed Shot 9, state 47
19237.111640 seconds (27.79 G allocations: 93.895 TiB, 15.73% gc time)
[2023-01-12T13:55:35.897]Completed Shot 9, state 48
19249.807063 seconds (27.79 G allocations: 93.896 TiB, 15.72% gc time)
[2023-01-12T13:55:48.593]Completed Shot 9, state 50
19048.554443 seconds (27.49 G allocations: 92.889 TiB, 15.75% gc time)
[2023-01-12T19:13:17.153]Completed Shot 10, state 20
19065.274382 seconds (27.52 G allocations: 92.971 TiB, 15.75% gc time)
[2023-01-12T19:13:33.870]Completed Shot 10, state 4
19091.403458 seconds (27.56 G allocations: 93.099 TiB, 15.75% gc time)
[2023-01-12T19:14:00.002]Completed Shot 10, state 24
19093.062988 seconds (27.56 G allocations: 93.107 TiB, 15.75% gc time)
[2023-01-12T19:14:01.662]Completed Shot 10, state 27
19109.531644 seconds (27.58 G allocations: 93.186 TiB, 15.75% gc time)
[2023-01-12T19:14:18.127]Completed Shot 10, state 2
19121.257041 seconds (27.60 G allocations: 93.241 TiB, 15.75% gc time)
[2023-01-12T19:14:29.854]Completed Shot 10, state 13
19135.936059 seconds (27.62 G allocations: 93.312 TiB, 15.75% gc time)
[2023-01-12T19:14:44.537]Completed Shot 10, state 36
19140.436982 seconds (27.63 G allocations: 93.334 TiB, 15.75% gc time)
[2023-01-12T19:14:49.034]Completed Shot 10, state 12
19140.683771 seconds (27.63 G allocations: 93.335 TiB, 15.75% gc time)
[2023-01-12T19:14:49.283]Completed Shot 10, state 29
19146.213582 seconds (27.63 G allocations: 93.361 TiB, 15.75% gc time)
[2023-01-12T19:14:54.816]Completed Shot 10, state 48
19155.732945 seconds (27.65 G allocations: 93.404 TiB, 15.75% gc time)
[2023-01-12T19:15:04.334]Completed Shot 10, state 41
19156.552987 seconds (27.65 G allocations: 93.408 TiB, 15.75% gc time)
[2023-01-12T19:15:05.152]Completed Shot 10, state 28
19157.069663 seconds (27.65 G allocations: 93.411 TiB, 15.75% gc time)
[2023-01-12T19:15:05.669]Completed Shot 10, state 30
19159.250293 seconds (27.65 G allocations: 93.421 TiB, 15.75% gc time)
[2023-01-12T19:15:07.849]Completed Shot 10, state 25
19163.338369 seconds (27.66 G allocations: 93.439 TiB, 15.75% gc time)
[2023-01-12T19:15:11.939]Completed Shot 10, state 38
19171.333471 seconds (27.67 G allocations: 93.474 TiB, 15.75% gc time)
[2023-01-12T19:15:19.935]Completed Shot 10, state 45
19184.458364 seconds (27.68 G allocations: 93.530 TiB, 15.75% gc time)
[2023-01-12T19:15:33.056]Completed Shot 10, state 15
19190.327027 seconds (27.69 G allocations: 93.555 TiB, 15.75% gc time)
[2023-01-12T19:15:38.927]Completed Shot 10, state 34
19197.143587 seconds (27.70 G allocations: 93.584 TiB, 15.75% gc time)
[2023-01-12T19:15:45.740]Completed Shot 10, state 9
19204.777414 seconds (27.71 G allocations: 93.615 TiB, 15.75% gc time)
[2023-01-12T19:15:53.379]Completed Shot 10, state 42
19207.798068 seconds (27.71 G allocations: 93.627 TiB, 15.75% gc time)
[2023-01-12T19:15:56.398]Completed Shot 10, state 35
19209.814659 seconds (27.71 G allocations: 93.635 TiB, 15.75% gc time)
[2023-01-12T19:15:58.415]Completed Shot 10, state 33
19213.846026 seconds (27.72 G allocations: 93.651 TiB, 15.75% gc time)
[2023-01-12T19:16:02.441]Completed Shot 10, state 3
19214.787201 seconds (27.72 G allocations: 93.655 TiB, 15.75% gc time)
[2023-01-12T19:16:03.383]Completed Shot 10, state 7
19215.271677 seconds (27.72 G allocations: 93.656 TiB, 15.74% gc time)
[2023-01-12T19:16:03.868]Completed Shot 10, state 8
19220.732344 seconds (27.73 G allocations: 93.676 TiB, 15.74% gc time)
[2023-01-12T19:16:09.334]Completed Shot 10, state 43
19231.644857 seconds (27.74 G allocations: 93.715 TiB, 15.74% gc time)
[2023-01-12T19:16:20.240]Completed Shot 10, state 1
19234.883113 seconds (27.74 G allocations: 93.726 TiB, 15.74% gc time)
[2023-01-12T19:16:23.484]Completed Shot 10, state 39
19235.490955 seconds (27.74 G allocations: 93.728 TiB, 15.74% gc time)
[2023-01-12T19:16:24.090]Completed Shot 10, state 23
19242.124999 seconds (27.75 G allocations: 93.750 TiB, 15.74% gc time)
[2023-01-12T19:16:30.724]Completed Shot 10, state 22
19242.286599 seconds (27.75 G allocations: 93.750 TiB, 15.74% gc time)
[2023-01-12T19:16:30.883]Completed Shot 10, state 6
19246.847369 seconds (27.75 G allocations: 93.765 TiB, 15.74% gc time)
[2023-01-12T19:16:35.446]Completed Shot 10, state 21
19249.892002 seconds (27.76 G allocations: 93.774 TiB, 15.74% gc time)
[2023-01-12T19:16:38.492]Completed Shot 10, state 32
19255.008810 seconds (27.76 G allocations: 93.790 TiB, 15.73% gc time)
[2023-01-12T19:16:43.607]Completed Shot 10, state 17
19257.061678 seconds (27.76 G allocations: 93.796 TiB, 15.73% gc time)
[2023-01-12T19:16:45.663]Completed Shot 10, state 47
19259.666652 seconds (27.76 G allocations: 93.803 TiB, 15.73% gc time)
[2023-01-12T19:16:48.267]Completed Shot 10, state 37
19265.476557 seconds (27.77 G allocations: 93.817 TiB, 15.73% gc time)
[2023-01-12T19:16:54.073]Completed Shot 10, state 11
19265.783829 seconds (27.77 G allocations: 93.817 TiB, 15.73% gc time)
[2023-01-12T19:16:54.382]Completed Shot 10, state 19
19267.876719 seconds (27.77 G allocations: 93.822 TiB, 15.73% gc time)
[2023-01-12T19:16:56.478]Completed Shot 10, state 44
19268.654417 seconds (27.77 G allocations: 93.823 TiB, 15.73% gc time)
[2023-01-12T19:16:57.252]Completed Shot 10, state 16
19272.556891 seconds (27.77 G allocations: 93.830 TiB, 15.73% gc time)
[2023-01-12T19:17:01.159]Completed Shot 10, state 46
19278.785578 seconds (27.78 G allocations: 93.840 TiB, 15.72% gc time)
[2023-01-12T19:17:07.382]Completed Shot 10, state 10
19280.671118 seconds (27.78 G allocations: 93.843 TiB, 15.72% gc time)
[2023-01-12T19:17:09.273]Completed Shot 10, state 49
19285.307701 seconds (27.78 G allocations: 93.849 TiB, 15.72% gc time)
[2023-01-12T19:17:13.906]Completed Shot 10, state 18
19299.951897 seconds (27.78 G allocations: 93.866 TiB, 15.71% gc time)
[2023-01-12T19:17:28.548]Completed Shot 10, state 5
19300.444179 seconds (27.78 G allocations: 93.867 TiB, 15.71% gc time)
[2023-01-12T19:17:29.044]Completed Shot 10, state 26
19314.519553 seconds (27.79 G allocations: 93.878 TiB, 15.70% gc time)
[2023-01-12T19:17:43.121]Completed Shot 10, state 40
19323.521699 seconds (27.79 G allocations: 93.884 TiB, 15.70% gc time)
[2023-01-12T19:17:52.119]Completed Shot 10, state 14
19346.349067 seconds (27.79 G allocations: 93.893 TiB, 15.68% gc time)
[2023-01-12T19:18:14.951]Completed Shot 10, state 50
19358.311369 seconds (27.79 G allocations: 93.894 TiB, 15.67% gc time)
[2023-01-12T19:18:26.911]Completed Shot 10, state 31
[2023-01-12T19:18:26.916]**********Simulation completed!**********
[2023-01-12T19:18:26.916]**********Saving**********
[2023-01-12T19:18:33.486]Saving file: /lustre/work/ws/ws1/hd_ku269-logs/LightCones/2023-01-10/8095070_N11_BS.jld2
[2023-01-12T19:18:37.666]**********Run completed!**********
