  Activating project at `/lustre/work/ws/ws1/hd_ku269-light_cones/WorkingFolder`
Added MKL.jl
Project LightCones v0.1.0
Status `/lustre/work/ws/ws1/hd_ku269-light_cones/WorkingFolder/Project.toml`
  [7d9fca2a] Arpack v0.5.3
  [7073ff75] IJulia v1.23.3
  [033835bb] JLD2 v0.4.25
  [0b1a1467] KrylovKit v0.5.4
  [d3d80556] LineSearches v7.2.0
  [33e6dc65] MKL v0.6.0
  [429524aa] Optim v1.7.3
  [91a5bcdd] Plots v1.35.4
  [c3e4b0f8] Pluto v0.19.14
  [3c0b384b] QuantumInformation v0.4.9
  [189a3867] Reexport v1.2.2
  [295af30f] Revise v3.4.0
  [ebcc8a00] SpinSymmetry v0.3.3
  [59d54670] ThreadedSparseArrays v0.2.2
  [ade2ca70] Dates
  [8ba89e20] Distributed
  [37e2e46d] LinearAlgebra
  [de0858da] Printf
  [9a3f8284] Random
  [1a1011a3] SharedArrays
  [2f01184e] SparseArrays
  [10745b16] Statistics
[2022-10-27T22:11:49.296]**********RANDOM FIELDS**********
shared_krylov_pbc.jl
Working Directory:          /lustre/work/ws/ws1/hd_ku269-light_cones/WorkingFolder
SLURM Directory:            /lustre/work/ws/ws1/hd_ku269-light_cones/WorkingFolder 
Running on host:            n1807
Job id:                     7433365
Job name:                   otoc_simulation_N13_ED_pbc
Number of nodes allocated:  
Number of cores allocated:  1
#threads of Julia:          96
#threads of BLAS:           1
ARGS = ["13", "50", "x", "9"]
LOCATION = "/lustre/work/ws/ws1/hd_ku269-logs/LightCones/2022-10-27"
N = 13
SHOTS = 50
OBSERVABLE = "x"
DISORDER_PARAM = 9.0
[2022-10-27T22:11:49.494]**********Running simulation**********
[2022-10-27T22:11:49.571]trange = [0.001, 0.0012328467394420659, 0.0015199110829529332, 0.001873817422860383, 0.002310129700083158, 0.002848035868435802, 0.003511191734215131, 0.004328761281083057, 0.005336699231206307, 0.006579332246575682, 0.008111308307896864, 0.010000000000000002, 0.012328467394420665, 0.01519911082952933, 0.01873817422860384, 0.023101297000831605, 0.02848035868435802, 0.03511191734215131, 0.043287612810830614, 0.05336699231206307, 0.0657933224657568, 0.08111308307896876, 0.09999999999999995, 0.12328467394420659, 0.15199110829529347, 0.1873817422860385, 0.23101297000831617, 0.2848035868435802, 0.3511191734215131, 0.43287612810830595, 0.5336699231206312, 0.6579332246575682, 0.8111308307896873, 1.0, 1.232846739442066, 1.5199110829529339, 1.873817422860383, 2.31012970008316, 2.8480358684358005, 3.5111917342151275, 4.328761281083057, 5.3366992312063095, 6.5793322465756825, 8.11130830789688, 9.999999999999995, 12.32846739442066, 15.199110829529348, 18.73817422860384, 23.101297000831604, 28.480358684358034, 35.11191734215131, 43.28761281083057, 53.366992312063154, 65.79332246575676, 81.11308307896864, 100.0, 123.28467394420646, 151.99110829529363, 187.3817422860383, 231.01297000831556, 284.8035868435805, 351.11917342151276, 432.87612810830615, 533.6699231206312, 657.9332246575682, 811.1308307896873, 1000.0, 1232.8467394420659, 1519.9110829529332, 1873.817422860383, 2310.1297000831582, 2848.035868435799, 3511.1917342151273, 4328.761281083052, 5336.6992312063185, 6579.332246575669, 8111.308307896856, 10000.0, 12328.467394420633, 15199.11082952933, 18738.17422860383, 23101.297000831626, 28480.35868435805, 35111.917342151275, 43287.612810830615, 53366.99231206302, 65793.32246575695, 81113.08307896873, 100000.0, 123284.67394420685, 151991.10829529332, 187381.74228603867, 231012.97000831628, 284803.5868435805, 351119.17342151346, 432876.12810830615, 533669.9231206313, 657933.2246575683, 811130.8307896872, 1.0e6]
[2022-10-27T22:11:50.041]A=σx
[2022-10-27T22:11:52.326]Created Hamiltonian for Shot 41
[2022-10-27T22:11:52.327]Created Hamiltonian for Shot 17
[2022-10-27T22:11:52.329]Created Hamiltonian for Shot 14
[2022-10-27T22:11:52.329]Created Hamiltonian for Shot 27
[2022-10-27T22:11:52.329]Created Hamiltonian for Shot 29
[2022-10-27T22:11:52.331]Created Hamiltonian for Shot 5
[2022-10-27T22:11:52.332]Created Hamiltonian for Shot 22
[2022-10-27T22:11:52.334]Created Hamiltonian for Shot 1
[2022-10-27T22:11:52.335]Created Hamiltonian for Shot 16
[2022-10-27T22:11:52.335]Created Hamiltonian for Shot 7
[2022-10-27T22:11:52.335]Created Hamiltonian for Shot 48
[2022-10-27T22:11:52.336]Created Hamiltonian for Shot 36
[2022-10-27T22:11:52.336]Created Hamiltonian for Shot 43
[2022-10-27T22:11:52.336]Created Hamiltonian for Shot 11
[2022-10-27T22:11:52.337]Created Hamiltonian for Shot 47
[2022-10-27T22:11:52.338]Created Hamiltonian for Shot 6
[2022-10-27T22:11:52.340]Created Hamiltonian for Shot 3
[2022-10-27T22:11:52.341]Created Hamiltonian for Shot 38
[2022-10-27T22:11:52.341]Created Hamiltonian for Shot 37
[2022-10-27T22:11:52.341]Created Hamiltonian for Shot 40
[2022-10-27T22:11:52.341]Created Hamiltonian for Shot 42
[2022-10-27T22:11:52.341]Created Hamiltonian for Shot 34
[2022-10-27T22:11:52.341]Created Hamiltonian for Shot 39
[2022-10-27T22:11:52.342]Created Hamiltonian for Shot 10
[2022-10-27T22:11:52.342]Created Hamiltonian for Shot 35
[2022-10-27T22:11:52.342]Created Hamiltonian for Shot 19
[2022-10-27T22:11:52.342]Created Hamiltonian for Shot 46
[2022-10-27T22:11:52.342]Created Hamiltonian for Shot 2
[2022-10-27T22:11:52.342]Created Hamiltonian for Shot 18
[2022-10-27T22:11:52.342]Created Hamiltonian for Shot 8
[2022-10-27T22:11:52.343[]Created Hamiltonian for Shot 25
2022-10-27T22:11:52.343]Created Hamiltonian for Shot 44
[2022-10-27T22:11:52.343]Created Hamiltonian for Shot 28
[2022-10-27T22:11:52.343]Created Hamiltonian for Shot 12[
2022-10-27T22:11:52.343]Created Hamiltonian for Shot 45
[2022-10-27T22:11:52.343]Created Hamiltonian for Shot 13
[[2022-10-27T22:11:52.344]Created Hamiltonian for Shot 23
2022-10-27T22:11:52.344]Created Hamiltonian for Shot 50
[2022-10-27T22:11:52.345]Created Hamiltonian for Shot 24
[2022-10-27T22:11:52.345]Created Hamiltonian for Shot 9
[2022-10-27T22:11:52.346]Created Hamiltonian for Shot 26
[2022-10-27T22:11:52.346]Created Hamiltonian for Shot 15
[2022-10-27T22:11:52.346]Created Hamiltonian for Shot 33
[2022-10-27T22:11:52.346]Created Hamiltonian for Shot 30
[2022-10-27T22:11:52.346]Created Hamiltonian for Shot 49
[2022-10-27T22:11:52.347]Created Hamiltonian for Shot 4
[2022-10-27T22:11:52.347]Created Hamiltonian for Shot 21
[2022-10-27T22:11:52.347]Created Hamiltonian for Shot 32
[2022-10-27T22:11:52.347]Created Hamiltonian for Shot 31
[2022-10-27T22:11:52.347]Created Hamiltonian for Shot 20
[[[2022-10-27T22:23:05.3132022-10-27T22:23:05.315]Diagonalized H.
]Diagonalized H.
2022-10-27T22:23:05.313]Diagonalized H.
[[[2022-10-27T22:28:22.517]Diagonalized H.
2022-10-27T22:28:22.502]Diagonalized H.
2022-10-27T22:28:22.507]Diagonalized H.
[[[[[2022-10-27T22:44:14.5562022-10-27T22:44:14.558]Diagonalized H.2022-10-27T22:44:14.560]Diagonalized H.
2022-10-27T22:44:14.560]Diagonalized H.
2022-10-27T22:44:14.556]Diagonalized H.

]Diagonalized H.
[2022-10-27T22:44:15.143]Diagonalized H.
[[[[[[[2022-10-27T22:44:15.794]Diagonalized H.
2022-10-27T22:44:15.822]Diagonalized H.
2022-10-27T22:44:15.791]Diagonalized H.
2022-10-27T22:44:15.802]Diagonalized H.
2022-10-27T22:44:15.789]Diagonalized H.
2022-10-27T22:44:15.791]Diagonalized H.
2022-10-27T22:44:15.798]Diagonalized H.
[2022-10-27T22:49:33.520]Diagonalized H.
[[2022-10-27T22:49:34.918]Diagonalized H.
2022-10-27T22:49:34.922]Diagonalized H.
[2022-10-27T23:00:15.162]Diagonalized H.
[2022-10-27T23:08:12.690]Diagonalized H.
[2022-10-27T23:08:57.631]Diagonalized H.
[[[2022-10-27T23:08:57.653]Diagonalized H.
2022-10-27T23:08:57.657]Diagonalized H.
2022-10-27T23:08:57.651]Diagonalized H.
[[[2022-10-27T23:14:52.633]Diagonalized H.
2022-10-27T23:14:52.5902022-10-27T23:14:52.586]Diagonalized H.]Diagonalized H.

[2022-10-27T23:16:22.347]Diagonalized H.
[2022-10-27T23:29:11.268]Diagonalized H.
[2022-10-27T23:35:53.647]Diagonalized H.
[[2022-10-27T23:46:08.217]Diagonalized H.
2022-10-27T23:46:08.176]Diagonalized H.
[2022-10-27T23:52:16.423]Diagonalized H.
[2022-10-28T00:04:10.354]Diagonalized H.
[2022-10-28T00:11:30.774]Diagonalized H.
[2022-10-28T00:11:35.454]Diagonalized H.
[2022-10-28T00:23:33.964]Diagonalized H.
[2022-10-28T00:33:21.316]Diagonalized H.
[2022-10-28T00:40:00.652]Diagonalized H.
[2022-10-28T00:52:48.904]Diagonalized H.
[2022-10-28T01:17:00.977]Diagonalized H.
[2022-10-28T01:17:05.106]Diagonalized H.
[2022-10-28T01:27:47.673]Diagonalized H.
[2022-10-28T01:34:33.748]Diagonalized H.
[2022-10-28T01:46:32.669]Diagonalized H.
[2022-10-28T01:53:12.090]Diagonalized H.
[2022-10-28T08:19:11.391]Completed Shot 43
[2022-10-28T08:37:42]Completed Shot 31
[2022-10-28T08:44:25.354]Completed Shot 44
[2022-10-28T09:55:00.655]Completed Shot 15
[2022-10-28T10:14:54.122]Completed Shot 50
[2022-10-28T10:26:28.571]Completed Shot 30
[2022-10-28T10:36:19.753]Completed Shot 42
[2022-10-28T10:39:33.084]Completed Shot 38
[2022-10-28T10:48:51.361]Completed Shot 45
[2022-10-28T10:50:27.079]Completed Shot 47
[2022-10-28T10:50:27.079]Completed Shot 48
[2022-10-28T11:50:57.720]Completed Shot 49
[2022-10-28T11:50:57.724]Completed Shot 8
[2022-10-28T12:00:41.467]Completed Shot 2
[2022-10-28T12:07:56.916]Completed Shot 46
[2022-10-28T12:07:56.916]Completed Shot 1
[2022-10-28T12:07:56.919]Completed Shot 5
[2022-10-28T12:08:49.136]Completed Shot 40
[2022-10-28T12:15:41.096]Completed Shot 14
[2022-10-28T12:28:35.246]Completed Shot 3
[2022-10-28T12:33:31.133]Completed Shot 4
[2022-10-28T12:34:24.201]Completed Shot 7
[2022-10-28T12:34:41.209]Completed Shot 13
[2022-10-28T12:35:45.683]Completed Shot 6
[2022-10-28T12:36:12.694]Completed Shot 12
[2022-10-28T12:36:29.450]Completed Shot 9
[2022-10-28T12:36:38.078]Completed Shot 10
[2022-10-28T12:54:33.300]Completed Shot 34
[2022-10-28T12:59:07.003]Completed Shot 18
[2022-10-28T12:59:13.607]Completed Shot 41
[2022-10-28T12:59:16.598]Completed Shot 11
[2022-10-28T13:00:22.575]Completed Shot 16
[2022-10-28T13:00:35.515]Completed Shot 22
[2022-10-28T13:00:36.358]Completed Shot 17
[2022-10-28T13:00:46.831]Completed Shot 20
[2022-10-28T13:00:56.506]Completed Shot 33
[2022-10-28T13:00:56.947]Completed Shot 27
[2022-10-28T13:00:57.379]Completed Shot 25
[2022-10-28T13:01:59.627]Completed Shot 35
[2022-10-28T13:02:04.730]Completed Shot 36
[2022-10-28T13:04:36.298]Completed Shot 23
[2022-10-28T13:04:39.944]Completed Shot 39
[2022-10-28T13:04:42.102]Completed Shot 28
[2022-10-28T13:04:54.291]Completed Shot 24
[2022-10-28T13:05:00.590]Completed Shot 21
[2022-10-28T13:05:02.989]Completed Shot 29
[2022-10-28T13:05:09.503]Completed Shot 32
[2022-10-28T13:05:11.267]Completed Shot 19
[2022-10-28T13:05:15.068]Completed Shot 37
[2022-10-28T13:05:17.871]Completed Shot 26
[2022-10-28T13:05:17.883]**********Simulation completed!**********
[2022-10-28T13:05:17.883]**********Saving**********
[2022-10-28T13:27:23.552]Saving file: /lustre/work/ws/ws1/hd_ku269-logs/LightCones/2022-10-27/7433365_N13_ED.jld2
[2022-10-28T13:27:26.605]**********Run completed!**********
