  Activating project at `/lustre/work/ws/ws1/hd_ku269-light_cones/WorkingFolder`
Added MKL.jl
Project LightCones v0.1.0
Status `/lustre/work/ws/ws1/hd_ku269-light_cones/WorkingFolder/Project.toml`
  [7d9fca2a] Arpack v0.5.3
  [7073ff75] IJulia v1.23.3
  [033835bb] JLD2 v0.4.25
  [0b1a1467] KrylovKit v0.5.4
  [d3d80556] LineSearches v7.2.0
  [33e6dc65] MKL v0.6.0
  [429524aa] Optim v1.7.3
  [91a5bcdd] Plots v1.35.4
  [c3e4b0f8] Pluto v0.19.14
  [3c0b384b] QuantumInformation v0.4.9
  [189a3867] Reexport v1.2.2
  [295af30f] Revise v3.4.0
  [ebcc8a00] SpinSymmetry v0.3.3
  [59d54670] ThreadedSparseArrays v0.2.2
  [ade2ca70] Dates
  [8ba89e20] Distributed
  [37e2e46d] LinearAlgebra
  [de0858da] Printf
  [9a3f8284] Random
  [1a1011a3] SharedArrays
  [2f01184e] SparseArrays
  [10745b16] Statistics
[2022-10-27T22:12:20.875]**********RANDOM FIELDS**********
shared_krylov_pbc.jl
Working Directory:          /lustre/work/ws/ws1/hd_ku269-light_cones/WorkingFolder
SLURM Directory:            /lustre/work/ws/ws1/hd_ku269-light_cones/WorkingFolder 
Running on host:            n1340
Job id:                     7433372
Job name:                   otoc_simulation_N13_ED_pbc
Number of nodes allocated:  
Number of cores allocated:  1
#threads of Julia:          96
#threads of BLAS:           1
ARGS = ["13", "50", "x", "9"]
LOCATION = "/lustre/work/ws/ws1/hd_ku269-logs/LightCones/2022-10-27"
N = 13
SHOTS = 50
OBSERVABLE = "x"
DISORDER_PARAM = 9.0
[2022-10-27T22:12:21.068]**********Running simulation**********
[2022-10-27T22:12:21.141]trange = [0.001, 0.0012328467394420659, 0.0015199110829529332, 0.001873817422860383, 0.002310129700083158, 0.002848035868435802, 0.003511191734215131, 0.004328761281083057, 0.005336699231206307, 0.006579332246575682, 0.008111308307896864, 0.010000000000000002, 0.012328467394420665, 0.01519911082952933, 0.01873817422860384, 0.023101297000831605, 0.02848035868435802, 0.03511191734215131, 0.043287612810830614, 0.05336699231206307, 0.0657933224657568, 0.08111308307896876, 0.09999999999999995, 0.12328467394420659, 0.15199110829529347, 0.1873817422860385, 0.23101297000831617, 0.2848035868435802, 0.3511191734215131, 0.43287612810830595, 0.5336699231206312, 0.6579332246575682, 0.8111308307896873, 1.0, 1.232846739442066, 1.5199110829529339, 1.873817422860383, 2.31012970008316, 2.8480358684358005, 3.5111917342151275, 4.328761281083057, 5.3366992312063095, 6.5793322465756825, 8.11130830789688, 9.999999999999995, 12.32846739442066, 15.199110829529348, 18.73817422860384, 23.101297000831604, 28.480358684358034, 35.11191734215131, 43.28761281083057, 53.366992312063154, 65.79332246575676, 81.11308307896864, 100.0, 123.28467394420646, 151.99110829529363, 187.3817422860383, 231.01297000831556, 284.8035868435805, 351.11917342151276, 432.87612810830615, 533.6699231206312, 657.9332246575682, 811.1308307896873, 1000.0, 1232.8467394420659, 1519.9110829529332, 1873.817422860383, 2310.1297000831582, 2848.035868435799, 3511.1917342151273, 4328.761281083052, 5336.6992312063185, 6579.332246575669, 8111.308307896856, 10000.0, 12328.467394420633, 15199.11082952933, 18738.17422860383, 23101.297000831626, 28480.35868435805, 35111.917342151275, 43287.612810830615, 53366.99231206302, 65793.32246575695, 81113.08307896873, 100000.0, 123284.67394420685, 151991.10829529332, 187381.74228603867, 231012.97000831628, 284803.5868435805, 351119.17342151346, 432876.12810830615, 533669.9231206313, 657933.2246575683, 811130.8307896872, 1.0e6]
[2022-10-27T22:12:21.550]A=σx
[2022-10-27T22:12:23.732]Created Hamiltonian for Shot 43
[[[2022-10-27T22:12:23.733]Created Hamiltonian for Shot 44
2022-10-27T22:12:23.733]Created Hamiltonian for Shot 31
2022-10-27T22:12:23.733]Created Hamiltonian for Shot 8
[2022-10-27T22:12:23.733]Created Hamiltonian for Shot 45
[[2022-10-27T22:12:23.733]Created Hamiltonian for Shot 17
2022-10-27T22:12:23.733]Created Hamiltonian for Shot 1
[2022-10-27T22:12:23.733]Created Hamiltonian for Shot 46
[2022-10-27T22:12:23.734]Created Hamiltonian for Shot 49
[2022-10-27T22:12:23.734]Created Hamiltonian for Shot 48
[2022-10-27T22:12:23.734]Created Hamiltonian for Shot 35
[2022-10-27T22:12:23.734]Created Hamiltonian for Shot 14
[[2022-10-27T22:12:23.736]Created Hamiltonian for Shot 38
[[2022-10-27T22:12:23.736]Created Hamiltonian for Shot 39
2022-10-27T22:12:23.736]Created Hamiltonian for Shot 24
[2022-10-27T22:12:23.736]Created Hamiltonian for Shot 37
[2022-10-27T22:12:23.736]Created Hamiltonian for Shot 41
[2022-10-27T22:12:23.736]Created Hamiltonian for Shot 4
2022-10-27T22:12:23.736]Created Hamiltonian for Shot 28
[2022-10-27T22:12:23.736]Created Hamiltonian for Shot 6
[[2022-10-27T22:12:23.736]Created Hamiltonian for Shot 42
2022-10-27T22:12:23.736]Created Hamiltonian for Shot 20
[2022-10-27T22:12:23.737]Created Hamiltonian for Shot 2
[2022-10-27T22:12:23.737]Created Hamiltonian for Shot 29
[2022-10-27T22:12:23.737]Created Hamiltonian for Shot 5
[2022-10-27T22:12:23.737]Created Hamiltonian for Shot 21
[[2022-10-27T22:12:23.737]Created Hamiltonian for Shot 13
[2022-10-27T22:12:23.737]Created Hamiltonian for Shot 3
[2022-10-27T22:12:23.737]Created Hamiltonian for Shot 47
[2022-10-27T22:12:23.737]Created Hamiltonian for Shot 18
2022-10-27T22:12:23.737]Created Hamiltonian for Shot 40
[2022-10-27T22:12:23.737]Created Hamiltonian for Shot 34
[2022-10-27T22:12:23.737]Created Hamiltonian for Shot 23
[2022-10-27T22:12:23.737]Created Hamiltonian for Shot 50
[2022-10-27T22:12:23.738]Created Hamiltonian for Shot 36
[2022-10-27T22:12:23.738]Created Hamiltonian for Shot 26
[2022-10-27T22:12:23.738]Created Hamiltonian for Shot 15
[[2022-10-27T22:12:23.738]Created Hamiltonian for Shot 30
2022-10-27T22:12:23.738]Created Hamiltonian for Shot 16
[[2022-10-27T22:12:23.738]Created Hamiltonian for Shot 11
2022-10-27T22:12:23.738]Created Hamiltonian for Shot 12
[2022-10-27T22:12:23.738]Created Hamiltonian for Shot 33
[2022-10-27T22:12:23.738]Created Hamiltonian for Shot 32
[2022-10-27T22:12:23.738]Created Hamiltonian for Shot 9
[2022-10-27T22:12:23.739]Created Hamiltonian for Shot 22
[2022-10-27T22:12:23.739]Created Hamiltonian for Shot 7
[2022-10-27T22:12:23.740]Created Hamiltonian for Shot 27
[2022-10-27T22:12:23.740]Created Hamiltonian for Shot 19
[2022-10-27T22:12:23.740]Created Hamiltonian for Shot 10
[2022-10-27T22:12:23.741]Created Hamiltonian for Shot 25
[[[[[[[[[[[[[[2022-10-27T22:23:34.393]Diagonalized H.
2022-10-27T22:23:34.394]Diagonalized H.
2022-10-27T22:23:34.210]Diagonalized H.
2022-10-27T22:23:34.211]Diagonalized H.
2022-10-27T22:23:34.3902022-10-27T22:23:34.393]Diagonalized H.
2022-10-27T22:23:34.392]Diagonalized H.
2022-10-27T22:23:34.210]Diagonalized H.
2022-10-27T22:23:34.201]Diagonalized H.
2022-10-27T22:23:34.204]Diagonalized H.
2022-10-27T22:23:34.209]Diagonalized H.
[][Diagonalized H.
[2022-10-27T22:23:34.206[][[[[[2022-10-27T22:23:34.212[Diagonalized H.
[2022-10-27T22:23:34.394][[[[2022-10-27T22:23:34.394Diagonalized H.
2022-10-27T22:23:34.390]Diagonalized H.
[2022-10-27T22:23:34.685]Diagonalized H.
2022-10-27T22:23:34.393]Diagonalized H.
2022-10-27T22:23:34.684]Diagonalized H.
2022-10-27T22:23:34.3942022-10-27T22:23:34.396]Diagonalized H.
2022-10-27T22:23:34.223]Diagonalized H.
2022-10-27T22:23:34.209]Diagonalized H.
2022-10-27T22:23:34.724]Diagonalized H.
2022-10-27T22:23:34.394]Diagonalized H.
2022-10-27T22:23:34.211]Diagonalized H.
2022-10-27T22:23:34.384]Diagonalized H.
]Diagonalized H.
[[2022-10-27T22:23:34.392[]Diagonalized H.
2022-10-27T22:23:34.684]Diagonalized H.
2022-10-27T22:23:34.211]Diagonalized H.
2022-10-27T22:23:34.682]Diagonalized H.
2022-10-27T22:23:34.385]Diagonalized H.
[[2022-10-27T22:23:34.390]Diagonalized H.
2022-10-27T22:23:34.670]Diagonalized H.
2022-10-27T22:23:34.392]Diagonalized H.
]Diagonalized H.
]Diagonalized H.
[[[2022-10-27T22:23:35.291]Diagonalized H.
2022-10-27T22:23:35.301]Diagonalized H.
[2022-10-27T22:23:35.296]Diagonalized H.
2022-10-27T22:23:35.297]Diagonalized H.
[[[[[[[[[[2022-10-27T22:23:37.528]Diagonalized H.2022-10-27T22:23:37.520]Diagonalized H.
2022-10-27T22:23:37.533]Diagonalized H.
2022-10-27T22:23:41.053]Diagonalized H.
2022-10-27T22:23:37.724]Diagonalized H.

[2022-10-27T22:23:37.739]Diagonalized H.
2022-10-27T22:23:37.535]Diagonalized H.
2022-10-27T22:23:37.5252022-10-27T22:23:37.533]Diagonalized H.]Diagonalized H.

2022-10-27T22:23:37.4322022-10-27T22:23:37.434]Diagonalized H.
]Diagonalized H.
[2022-10-28T06:25:41.129]Completed Shot 47
[2022-10-28T06:31:38.870]Completed Shot 9
[2022-10-28T06:33:17.676]Completed Shot 1
[2022-10-28T07:30:57.878]Completed Shot 6
[2022-10-28T07:50:21.687]Completed Shot 2
[2022-10-28T08:07:47.757]Completed Shot 5
[2022-10-28T09:16:01.059]Completed Shot 13
[2022-10-28T09:21:52.969]Completed Shot 10
[2022-10-28T09:26:50.388]Completed Shot 48
[2022-10-28T09:31:55.453]Completed Shot 17
[2022-10-28T09:43:38.383]Completed Shot 49
[2022-10-28T09:43:38.392]Completed Shot 46
[2022-10-28T09:43:43.843]Completed Shot 16
[2022-10-28T09:44:27.683]Completed Shot 18
[2022-10-28T09:48:41.348]Completed Shot 11
[2022-10-28T09:49:26.157]Completed Shot 8
[2022-10-28T09:51:07.764]Completed Shot 42
[2022-10-28T09:51:07.764]Completed Shot 12
[2022-10-28T09:52:09.392]Completed Shot 32
[2022-10-28T09:52:09.392]Completed Shot 29
[2022-10-28T09:52:09.392]Completed Shot 7
[2022-10-28T09:55:28.967]Completed Shot 19
[2022-10-28T09:56:06.568]Completed Shot 24
[2022-10-28T09:59:06.949]Completed Shot 21
[2022-10-28T10:06:29.471]Completed Shot 22
[2022-10-28T10:10:37.487]Completed Shot 20
[2022-10-28T10:14:09.682]Completed Shot 31
[2022-10-28T10:14:15.580]Completed Shot 45
[2022-10-28T10:14:32.898]Completed Shot 35
[2022-10-28T10:14:43.674]Completed Shot 23
[2022-10-28T10:15:03.568]Completed Shot 26
[2022-10-28T10:15:04.954]Completed Shot 27
[2022-10-28T10:15:07.068]Completed Shot 33
[2022-10-28T10:15:24.619]Completed Shot 50
[2022-10-28T10:15:25.760]Completed Shot 34
[2022-10-28T10:15:55.351]Completed Shot 37
[2022-10-28T10:16:00.213]Completed Shot 4
[2022-10-28T10:16:11.597]Completed Shot 44
[2022-10-28T10:16:16.648]Completed Shot 3
[2022-10-28T10:16:17.384]Completed Shot 25
[2022-10-28T10:16:28.487]Completed Shot 36
[2022-10-28T10:16:36.541]Completed Shot 41
[2022-10-28T10:16:42.104]Completed Shot 28
[2022-10-28T10:16:51.765]Completed Shot 43
[2022-10-28T10:17:08.345]Completed Shot 39
[2022-10-28T10:17:22.440]Completed Shot 14
[2022-10-28T10:17:22.623]Completed Shot 30
[2022-10-28T10:17:22.923]Completed Shot 15
[2022-10-28T10:17:35.205]Completed Shot 38
[2022-10-28T10:17:40.972]Completed Shot 40
[2022-10-28T10:17:40.980]**********Simulation completed!**********
[2022-10-28T10:17:40.981]**********Saving**********
[2022-10-28T10:17:46.118]Saving file: /lustre/work/ws/ws1/hd_ku269-logs/LightCones/2022-10-27/7433372_N13_ED.jld2
[2022-10-28T10:17:50.062]**********Run completed!**********
