  Activating project at `/lustre/work/ws/ws1/hd_ku269-light_cones/WorkingFolder`
Added MKL.jl
Project LightCones v0.1.0
Status `/lustre/work/ws/ws1/hd_ku269-light_cones/WorkingFolder/Project.toml`
  [7d9fca2a] Arpack v0.5.3
  [7073ff75] IJulia v1.23.3
  [033835bb] JLD2 v0.4.25
  [0b1a1467] KrylovKit v0.5.4
  [d3d80556] LineSearches v7.2.0
  [33e6dc65] MKL v0.6.0
  [429524aa] Optim v1.7.3
  [91a5bcdd] Plots v1.35.4
  [c3e4b0f8] Pluto v0.19.14
  [3c0b384b] QuantumInformation v0.4.9
  [189a3867] Reexport v1.2.2
  [295af30f] Revise v3.4.0
  [ebcc8a00] SpinSymmetry v0.3.3
  [59d54670] ThreadedSparseArrays v0.2.2
  [ade2ca70] Dates
  [8ba89e20] Distributed
  [37e2e46d] LinearAlgebra
  [de0858da] Printf
  [9a3f8284] Random
  [1a1011a3] SharedArrays
  [2f01184e] SparseArrays
  [10745b16] Statistics
[2022-11-16T03:27:12.842]**********RANDOM FIELDS**********
shared_krylov.jl
Working Directory:          /lustre/work/ws/ws1/hd_ku269-light_cones/WorkingFolder
SLURM Directory:            /lustre/work/ws/ws1/hd_ku269-light_cones/WorkingFolder 
Running on host:            n1333
Job id:                     7687326
Job name:                   otoc_simulation_N13_ED
Number of nodes allocated:  
Number of cores allocated:  1
#threads of Julia:          96
#threads of BLAS:           1
ARGS = ["13", "50", "x", "24"]
LOCATION = "/lustre/work/ws/ws1/hd_ku269-logs/LightCones/2022-11-16"
N = 13
SHOTS = 50
OBSERVABLE = "x"
DISORDER_PARAM = 24.0
[2022-11-16T03:27:13.039]**********Running simulation**********
[2022-11-16T03:27:13.039]s = 10
[2022-11-16T03:27:13.112]trange = [0.001, 0.0012328467394420659, 0.0015199110829529332, 0.001873817422860383, 0.002310129700083158, 0.002848035868435802, 0.003511191734215131, 0.004328761281083057, 0.005336699231206307, 0.006579332246575682, 0.008111308307896864, 0.010000000000000002, 0.012328467394420665, 0.01519911082952933, 0.01873817422860384, 0.023101297000831605, 0.02848035868435802, 0.03511191734215131, 0.043287612810830614, 0.05336699231206307, 0.0657933224657568, 0.08111308307896876, 0.09999999999999995, 0.12328467394420659, 0.15199110829529347, 0.1873817422860385, 0.23101297000831617, 0.2848035868435802, 0.3511191734215131, 0.43287612810830595, 0.5336699231206312, 0.6579332246575682, 0.8111308307896873, 1.0, 1.232846739442066, 1.5199110829529339, 1.873817422860383, 2.31012970008316, 2.8480358684358005, 3.5111917342151275, 4.328761281083057, 5.3366992312063095, 6.5793322465756825, 8.11130830789688, 9.999999999999995, 12.32846739442066, 15.199110829529348, 18.73817422860384, 23.101297000831604, 28.480358684358034, 35.11191734215131, 43.28761281083057, 53.366992312063154, 65.79332246575676, 81.11308307896864, 100.0, 123.28467394420646, 151.99110829529363, 187.3817422860383, 231.01297000831556, 284.8035868435805, 351.11917342151276, 432.87612810830615, 533.6699231206312, 657.9332246575682, 811.1308307896873, 1000.0, 1232.8467394420659, 1519.9110829529332, 1873.817422860383, 2310.1297000831582, 2848.035868435799, 3511.1917342151273, 4328.761281083052, 5336.6992312063185, 6579.332246575669, 8111.308307896856, 10000.0, 12328.467394420633, 15199.11082952933, 18738.17422860383, 23101.297000831626, 28480.35868435805, 35111.917342151275, 43287.612810830615, 53366.99231206302, 65793.32246575695, 81113.08307896873, 100000.0, 123284.67394420685, 151991.10829529332, 187381.74228603867, 231012.97000831628, 284803.5868435805, 351119.17342151346, 432876.12810830615, 533669.9231206313, 657933.2246575683, 811130.8307896872, 1.0e6]
[2022-11-16T03:27:13.524]A = σx
[2022-11-16T03:27:14.703]alpha = 6
[2022-11-16T03:27:14.703]OBC
[2022-11-16T03:27:16.374]Created Hamiltonian for Shot 40
[2022-11-16T03:27:16.375]Created Hamiltonian for Shot 46
[2022-11-16T03:27:16.375]Created Hamiltonian for Shot 10
[2022-11-16T03:27:16.376]Created Hamiltonian for Shot 30
[2022-11-16T03:27:16.377]Created Hamiltonian for Shot 19
[2022-11-16T03:27:16.383]Created Hamiltonian for Shot 16
[2022-11-16T03:27:16.385]Created Hamiltonian for Shot 33
[2022-11-16T03:27:16.385]Created Hamiltonian for Shot 49
[2022-11-16T03:27:16.386]Created Hamiltonian for Shot 21
[2022-11-16T03:27:16.386]Created Hamiltonian for Shot 45
[[2022-11-16T03:27:16.386]Created Hamiltonian for Shot 5
2022-11-16T03:27:16.386]Created Hamiltonian for Shot 37
[2022-11-16T03:27:16.386]Created Hamiltonian for Shot 24
[2022-11-16T03:27:16.387]Created Hamiltonian for Shot 25
[2022-11-16T03:27:16.388]Created Hamiltonian for Shot 41
[2022-11-16T03:27:16.389]Created Hamiltonian for Shot 2
[2022-11-16T03:27:16.390]Created Hamiltonian for Shot 7
[2022-11-16T03:27:16.391]Created Hamiltonian for Shot 39
[2022-11-16T03:27:16.391]Created Hamiltonian for Shot 36
[2022-11-16T03:27:16.391]Created Hamiltonian for Shot 23
[2022-11-16T03:27:16.391]Created Hamiltonian for Shot 12
[2022-11-16T03:27:16.392]Created Hamiltonian for Shot 22
[2022-11-16T03:27:16.392]Created Hamiltonian for Shot 17
[2022-11-16T03:27:16.392]Created Hamiltonian for Shot 18
[2022-11-16T03:27:16.393]Created Hamiltonian for Shot 34
[2022-11-16T03:27:16.393]Created Hamiltonian for Shot 48
[2022-11-16T03:27:16.393]Created Hamiltonian for Shot 11
[2022-11-16T03:27:16.393]Created Hamiltonian for Shot 26
[2022-11-16T03:27:16.393]Created Hamiltonian for Shot 42
[2022-11-16T03:27:16.394]Created Hamiltonian for Shot 47
[2022-11-16T03:27:16.394]Created Hamiltonian for Shot 35
[2022-11-16T03:27:16.394]Created Hamiltonian for Shot 38
[2022-11-16T03:27:16.394]Created Hamiltonian for Shot 13
[2022-11-16T03:27:16.395]Created Hamiltonian for Shot 32
[2022-11-16T03:27:16.395]Created Hamiltonian for Shot 6
[2022-11-16T03:27:16.395]Created Hamiltonian for Shot 3
[2022-11-16T03:27:16.395]Created Hamiltonian for Shot 44
[2022-11-16T03:27:16.395]Created Hamiltonian for Shot 9
[2022-11-16T03:27:16.396]Created Hamiltonian for Shot 8
[2022-11-16T03:27:16.396]Created Hamiltonian for Shot 43
[2022-11-16T03:27:16.397]Created Hamiltonian for Shot 15
[2022-11-16T03:27:16.397]Created Hamiltonian for Shot 28
[2022-11-16T03:27:16.397]Created Hamiltonian for Shot 50
[2022-11-16T03:27:16.397]Created Hamiltonian for Shot 4
[2022-11-16T03:27:16.397]Created Hamiltonian for Shot 27
[2022-11-16T03:27:16.398]Created Hamiltonian for Shot 20
[2022-11-16T03:27:16.398]Created Hamiltonian for Shot 14
[2022-11-16T03:27:16.398]Created Hamiltonian for Shot 29
[2022-11-16T03:27:16.399]Created Hamiltonian for Shot 31
[2022-11-16T03:27:16.399]Created Hamiltonian for Shot 1
[[[[[[2022-11-16T03:37:04.4082022-11-16T03:42:23.940]Diagonalized H.
2022-11-16T03:42:23.939]Diagonalized H.
[2022-11-16T03:42:23.942]Diagonalized H.
[2022-11-16T03:42:23.943]Diagonalized H.
[2022-11-16T03:42:23.939]Diagonalized H.
[[2022-11-16T03:42:25.473]Diagonalized H.
[[[[2022-11-16T03:42:25.341]Diagonalized H.2022-11-16T03:42:25.341
]Diagonalized H.
2022-11-16T03:42:25.341]Diagonalized H.
2022-11-16T03:42:25.449]Diagonalized H.
2022-11-16T03:42:25.340]Diagonalized H.
2022-11-16T03:42:25.454]Diagonalized H.
2022-11-16T03:42:25.473]Diagonalized H.
2022-11-16T03:42:25.343]Diagonalized H.
]Diagonalized H.
[[2022-11-16T03:42:26.031]Diagonalized H.
[2022-11-16T03:42:25.9722022-11-16T03:42:25.928]]Diagonalized H.
Diagonalized H.
[2022-11-16T03:53:51.927]Diagonalized H.
[2022-11-16T03:53:51.859]Diagonalized H.
[[[2022-11-16T03:59:08.432]Diagonalized H.
2022-11-16T03:59:08.429]Diagonalized H.
2022-11-16T03:59:08.418]Diagonalized H.
[2022-11-16T03:59:09.373]Diagonalized H.
[2022-11-16T03:59:09.623]Diagonalized H.
[[2022-11-16T04:06:33.029]Diagonalized H.
2022-11-16T04:12:28.304]Diagonalized H.
[2022-11-16T04:12:32.260]Diagonalized H.
[2022-11-16T04:16:22.654]Diagonalized H.
[2022-11-16T04:23:10.673]Diagonalized H.
[2022-11-16T04:31:17.940]Diagonalized H.
[2022-11-16T04:38:36.921]Diagonalized H.
[2022-11-16T04:49:50.283]Diagonalized H.
[2022-11-16T04:57:10.948]Diagonalized H.
[2022-11-16T05:10:18.821]Diagonalized H.
[2022-11-16T05:20:02.099]Diagonalized H.
[2022-11-16T05:36:54.779]Diagonalized H.
[2022-11-16T05:43:41.705]Diagonalized H.
[2022-11-16T05:51:57.547]Diagonalized H.
[2022-11-16T06:00:04.602]Diagonalized H.
[[2022-11-16T06:08:16.912]Diagonalized H.
2022-11-16T06:08:16.913]Diagonalized H.
[2022-11-16T06:17:15.515]Diagonalized H.
[[2022-11-16T06:25:26.671]Diagonalized H.
2022-11-16T06:25:26.849]Diagonalized H.
[[2022-11-16T06:36:51.037]Diagonalized H.
2022-11-16T06:36:50.960]Diagonalized H.
[2022-11-16T06:48:08.860]Diagonalized H.
[2022-11-16T06:54:01.975]Diagonalized H.
[2022-11-16T07:03:43.364]Diagonalized H.
[2022-11-16T10:50:52.749]Completed Shot 2
[2022-11-16T11:39:15.060]Completed Shot 16
[2022-11-16T12:31:14.806]Completed Shot 31
[2022-11-16T13:48:23.304]Completed Shot 7
[2022-11-16T14:05:11.939]Completed Shot 13
[2022-11-16T15:40:19.941]Completed Shot 12
[2022-11-16T15:41:58.445]Completed Shot 30
[2022-11-16T15:52:25.357]Completed Shot 23
[2022-11-16T16:54:09.094]Completed Shot 19
[2022-11-16T16:55:15.996]Completed Shot 21
[2022-11-16T17:15:55.062]Completed Shot 22
[2022-11-16T17:24:58.944]Completed Shot 28
[2022-11-16T17:25:51.807]Completed Shot 5
[2022-11-16T17:26:58.929]Completed Shot 10
[2022-11-16T17:29:02.561]Completed Shot 27
[2022-11-16T17:29:02.561]Completed Shot 14
[2022-11-16T17:29:02.562]Completed Shot 18
[2022-11-16T17:34:43.468]Completed Shot 20
[2022-11-16T17:36:35.061]Completed Shot 25
[2022-11-16T17:36:52.741]Completed Shot 24
[2022-11-16T17:37:13.817]Completed Shot 15
[2022-11-16T17:37:16.030]Completed Shot 34
[2022-11-16T17:51:27.177]Completed Shot 41
[2022-11-16T17:54:32.529]Completed Shot 32
[2022-11-16T17:55:24.703]Completed Shot 33
[2022-11-16T17:56:08.983]Completed Shot 35
[2022-11-16T17:56:31.939]Completed Shot 40
[2022-11-16T17:56:54.238]Completed Shot 37
[2022-11-16T17:57:09.850]Completed Shot 45
[2022-11-16T17:57:15.443]Completed Shot 38
[2022-11-16T17:57:20.358]Completed Shot 50
[2022-11-16T17:57:21.045]Completed Shot 39
[2022-11-16T17:57:23.033]Completed Shot 29
[2022-11-16T17:57:24.172]Completed Shot 36
[2022-11-16T17:57:38.703]Completed Shot 43
[2022-11-16T17:57:39.162]Completed Shot 44
[2022-11-16T17:58:03.560]Completed Shot 3
[2022-11-16T17:58:08.280]Completed Shot 49
[2022-11-16T17:58:14.403]Completed Shot 26
[2022-11-16T17:58:24.116]Completed Shot 4
[2022-11-16T17:58:24.898]Completed Shot 46
[2022-11-16T17:58:27.256]Completed Shot 11
[2022-11-16T17:58:28.959]Completed Shot 17
[2022-11-16T17:58:36.078]Completed Shot 48
[2022-11-16T17:58:37.974]Completed Shot 47
[2022-11-16T17:58:49.722]Completed Shot 42
[2022-11-16T17:58:50.777]Completed Shot 8
[2022-11-16T17:58:51.096]Completed Shot 9
[2022-11-16T17:58:59.376]Completed Shot 6
[2022-11-16T17:59:22.613]Completed Shot 1
[2022-11-16T17:59:22.620]**********Simulation completed!**********
[2022-11-16T17:59:22.620]**********Saving**********
[2022-11-16T17:59:27.671]Saving file: /lustre/work/ws/ws1/hd_ku269-logs/LightCones/2022-11-16/7687326_N13_ED.jld2
[2022-11-16T17:59:30.517]**********Run completed!**********
