  Activating project at `/lustre/work/ws/ws1/hd_ku269-light_cones/WorkingFolder`
Added MKL.jl
Project LightCones v0.1.0
Status `/lustre/work/ws/ws1/hd_ku269-light_cones/WorkingFolder/Project.toml`
  [7d9fca2a] Arpack v0.5.3
  [7073ff75] IJulia v1.23.3
  [033835bb] JLD2 v0.4.25
  [0b1a1467] KrylovKit v0.5.4
  [d3d80556] LineSearches v7.2.0
  [33e6dc65] MKL v0.6.0
  [429524aa] Optim v1.7.3
  [91a5bcdd] Plots v1.35.4
  [c3e4b0f8] Pluto v0.19.14
  [3c0b384b] QuantumInformation v0.4.9
  [189a3867] Reexport v1.2.2
  [295af30f] Revise v3.4.0
  [ebcc8a00] SpinSymmetry v0.3.3
  [59d54670] ThreadedSparseArrays v0.2.2
  [ade2ca70] Dates
  [8ba89e20] Distributed
  [37e2e46d] LinearAlgebra
  [de0858da] Printf
  [9a3f8284] Random
  [1a1011a3] SharedArrays
  [2f01184e] SparseArrays
  [10745b16] Statistics
[2022-11-16T04:10:55.538]**********RANDOM FIELDS**********
shared_krylov.jl
Working Directory:          /lustre/work/ws/ws1/hd_ku269-light_cones/WorkingFolder
SLURM Directory:            /lustre/work/ws/ws1/hd_ku269-light_cones/WorkingFolder 
Running on host:            n1509
Job id:                     7687328
Job name:                   otoc_simulation_N13_ED
Number of nodes allocated:  
Number of cores allocated:  1
#threads of Julia:          96
#threads of BLAS:           1
ARGS = ["13", "50", "x", "24"]
LOCATION = "/lustre/work/ws/ws1/hd_ku269-logs/LightCones/2022-11-16"
N = 13
SHOTS = 50
OBSERVABLE = "x"
DISORDER_PARAM = 24.0
[2022-11-16T04:10:55.740]**********Running simulation**********
[2022-11-16T04:10:55.740]s = 10
[2022-11-16T04:10:55.817]trange = [0.001, 0.0012328467394420659, 0.0015199110829529332, 0.001873817422860383, 0.002310129700083158, 0.002848035868435802, 0.003511191734215131, 0.004328761281083057, 0.005336699231206307, 0.006579332246575682, 0.008111308307896864, 0.010000000000000002, 0.012328467394420665, 0.01519911082952933, 0.01873817422860384, 0.023101297000831605, 0.02848035868435802, 0.03511191734215131, 0.043287612810830614, 0.05336699231206307, 0.0657933224657568, 0.08111308307896876, 0.09999999999999995, 0.12328467394420659, 0.15199110829529347, 0.1873817422860385, 0.23101297000831617, 0.2848035868435802, 0.3511191734215131, 0.43287612810830595, 0.5336699231206312, 0.6579332246575682, 0.8111308307896873, 1.0, 1.232846739442066, 1.5199110829529339, 1.873817422860383, 2.31012970008316, 2.8480358684358005, 3.5111917342151275, 4.328761281083057, 5.3366992312063095, 6.5793322465756825, 8.11130830789688, 9.999999999999995, 12.32846739442066, 15.199110829529348, 18.73817422860384, 23.101297000831604, 28.480358684358034, 35.11191734215131, 43.28761281083057, 53.366992312063154, 65.79332246575676, 81.11308307896864, 100.0, 123.28467394420646, 151.99110829529363, 187.3817422860383, 231.01297000831556, 284.8035868435805, 351.11917342151276, 432.87612810830615, 533.6699231206312, 657.9332246575682, 811.1308307896873, 1000.0, 1232.8467394420659, 1519.9110829529332, 1873.817422860383, 2310.1297000831582, 2848.035868435799, 3511.1917342151273, 4328.761281083052, 5336.6992312063185, 6579.332246575669, 8111.308307896856, 10000.0, 12328.467394420633, 15199.11082952933, 18738.17422860383, 23101.297000831626, 28480.35868435805, 35111.917342151275, 43287.612810830615, 53366.99231206302, 65793.32246575695, 81113.08307896873, 100000.0, 123284.67394420685, 151991.10829529332, 187381.74228603867, 231012.97000831628, 284803.5868435805, 351119.17342151346, 432876.12810830615, 533669.9231206313, 657933.2246575683, 811130.8307896872, 1.0e6]
[2022-11-16T04:10:56.213]A = σx
[2022-11-16T04:10:57.421]alpha = 6
[2022-11-16T04:10:57.421]OBC
[2022-11-16T04:10:58.666]Created Hamiltonian for Shot 42
[2022-11-16T04:10:58.666]Created Hamiltonian for Shot 34
[2022-11-16T04:10:58.667]Created Hamiltonian for Shot 49
[2022-11-16T04:10:58.667]Created Hamiltonian for Shot 41
[2022-11-16T04:10:58.668]Created Hamiltonian for Shot 47
[2022-11-16T04:10:58.669]Created Hamiltonian for Shot 40
[2022-11-16T04:10:58.670]Created Hamiltonian for Shot 35
[2022-11-16T04:10:58.670]Created Hamiltonian for Shot 44
[2022-11-16T04:10:58.670]Created Hamiltonian for Shot 36
[2022-11-16T04:10:58.670]Created Hamiltonian for Shot 38
[2022-11-16T04:10:58.670]Created Hamiltonian for Shot 3
[2022-11-16T04:10:58.671]Created Hamiltonian for Shot 1
[2022-11-16T04:10:58.672]Created Hamiltonian for Shot 48
[2022-11-16T04:10:58.672]Created Hamiltonian for Shot 43
[2022-11-16T04:10:58.672]Created Hamiltonian for Shot 27
[2022-11-16T04:10:58.682]Created Hamiltonian for Shot 7
[2022-11-16T04:10:58.683]Created Hamiltonian for Shot 29
[2022-11-16T04:10:58.685]Created Hamiltonian for Shot 13
[2022-11-16T04:10:58.687]Created Hamiltonian for Shot 23
[2022-11-16T04:10:58.691]Created Hamiltonian for Shot 37
[2022-11-16T04:10:58.694]Created Hamiltonian for Shot 45
[2022-11-16T04:10:58.697]Created Hamiltonian for Shot 12
[2022-11-16T04:10:58.699]Created Hamiltonian for Shot 28
[2022-11-16T04:10:58.699]Created Hamiltonian for Shot 15
[2022-11-16T04:10:58.699]Created Hamiltonian for Shot 46
[2022-11-16T04:10:58.700]Created Hamiltonian for Shot 14
[2022-11-16T04:10:58.700]Created Hamiltonian for Shot 31
[2022-11-16T04:10:58.700]Created Hamiltonian for Shot 50
[2022-11-16T04:10:58.701]Created Hamiltonian for Shot 17
[2022-11-16T04:10:58.701]Created Hamiltonian for Shot 9
[2022-11-16T04:10:58.701]Created Hamiltonian for Shot 20
[2022-11-16T04:10:58.702]Created Hamiltonian for Shot 24
[2022-11-16T04:10:58.702]Created Hamiltonian for Shot 8
[[2022-11-16T04:10:58.702]Created Hamiltonian for Shot 6
2022-11-16T04:10:58.702]Created Hamiltonian for Shot 19
[2022-11-16T04:10:58.703]Created Hamiltonian for Shot 11
[2022-11-16T04:10:58.703]Created Hamiltonian for Shot 4
[2022-11-16T04:10:58.703]Created Hamiltonian for Shot 16
[2022-11-16T04:10:58.703]Created Hamiltonian for Shot 39
[2022-11-16T04:10:58.704]Created Hamiltonian for Shot 5
[2022-11-16T04:10:58.704]Created Hamiltonian for Shot 22
[2022-11-16T04:10:58.704]Created Hamiltonian for Shot 21
[2022-11-16T04:10:58.704]Created Hamiltonian for Shot 10
[2022-11-16T04:10:58.704]Created Hamiltonian for Shot 26
[2022-11-16T04:10:58.704]Created Hamiltonian for Shot 33
[2022-11-16T04:10:58.705]Created Hamiltonian for Shot 18
[2022-11-16T04:10:58.705]Created Hamiltonian for Shot 25
[2022-11-16T04:10:58.705]Created Hamiltonian for Shot 30
[2022-11-16T04:10:58.705]Created Hamiltonian for Shot 32
[2022-11-16T04:10:58.705]Created Hamiltonian for Shot 2
[[[2022-11-16T04:34:53.241]Diagonalized H.
2022-11-16T04:34:53.242]Diagonalized H.
[[2022-11-16T04:34:53.239][2022-11-16T04:34:53.242]Diagonalized H.
2022-11-16T04:34:53.240]Diagonalized H.
2022-11-16T04:34:53.243]Diagonalized H.
Diagonalized H.
[2022-11-16T04:34:53.243]Diagonalized H.
[[[[[[[[2022-11-16T04:34:53.557]Diagonalized H.
2022-11-16T04:34:53.555]Diagonalized H.
2022-11-16T04:34:53.552]Diagonalized H.
2022-11-16T04:34:53.554]Diagonalized H.
2022-11-16T04:34:53.552]Diagonalized H.
2022-11-16T04:34:53.555]Diagonalized H.
2022-11-16T04:34:53.564]Diagonalized H.
2022-11-16T04:34:53.558]Diagonalized H.
[2022-11-16T04:34:53.999]Diagonalized H.
[[2022-11-16T04:34:54.021]Diagonalized H.
2022-11-16T04:34:54.017]Diagonalized H.
[2022-11-16T04:34:55.836]Diagonalized H.
[2022-11-16T04:34:55.865]Diagonalized H.
[[2022-11-16T04:34:58.065]Diagonalized H.
2022-11-16T04:34:58.062]Diagonalized H.
[[2022-11-16T04:35:41.533]Diagonalized H.
2022-11-16T04:35:41.531]Diagonalized H.
[[2022-11-16T04:36:20.209]Diagonalized H.
2022-11-16T04:36:20.216]Diagonalized H.
[[2022-11-16T04:37:00.095]Diagonalized H.
2022-11-16T04:36:59.932]Diagonalized H.
[[[[[2022-11-16T04:37:43.653]Diagonalized H.
2022-11-16T04:37:43.653]Diagonalized H.
2022-11-16T04:37:43.650]Diagonalized H.
2022-11-16T04:37:43.649]Diagonalized H.
[2022-11-16T04:37:43.653]Diagonalized H.
2022-11-16T04:37:43.649]Diagonalized H.
[[2022-11-16T04:38:28.211]Diagonalized H.
2022-11-16T04:39:30.323]Diagonalized H.
[2022-11-16T04:43:31.525]Diagonalized H.
[2022-11-16T04:43:31.569]Diagonalized H.
[2022-11-16T04:48:13.417]Diagonalized H.
[2022-11-16T04:52:47.360]Diagonalized H.
[2022-11-16T04:55:05.594]Diagonalized H.
[[2022-11-16T04:57:28.645]Diagonalized H.
[2022-11-16T05:00:33.457]Diagonalized H.
[2022-11-16T05:07:31.133]Diagonalized H.
[2022-11-16T05:08:15.774]Diagonalized H.
[2022-11-16T05:10:39.009]Diagonalized H.
[2022-11-16T05:11:22.599]Diagonalized H.
[2022-11-16T05:25:17.509]Diagonalized H.
[2022-11-16T05:30:38.907]Diagonalized H.
[2022-11-16T12:04:06.344]Completed Shot 46
2022-11-16T04:57:28.607]Diagonalized H.
[2022-11-16T13:33:49.588]Completed Shot 1
[2022-11-16T14:34:36.379]Completed Shot 3
[2022-11-16T15:10:21.533]Completed Shot 48
[2022-11-16T15:10:55.809]Completed Shot 25
[2022-11-16T15:12:27.793]Completed Shot 4
[2022-11-16T15:45:22.167]Completed Shot 28
[2022-11-16T15:52:36.319]Completed Shot 20
[2022-11-16T15:52:36.319]Completed Shot 14
[2022-11-16T15:57:31.193]Completed Shot 33
[2022-11-16T16:01:43.844]Completed Shot 7
[2022-11-16T16:04:54.852]Completed Shot 2
[2022-11-16T16:10:12.427]Completed Shot 44
[2022-11-16T16:10:12.427]Completed Shot 6
[2022-11-16T16:10:12.428]Completed Shot 36
[2022-11-16T16:10:12.428]Completed Shot 5
[2022-11-16T16:13:03.247]Completed Shot 9
[2022-11-16T16:13:11.049]Completed Shot 8
[2022-11-16T16:13:25.762]Completed Shot 21
[2022-11-16T16:16:15.796]Completed Shot 10
[2022-11-16T16:29:42.997]Completed Shot 13
[2022-11-16T16:30:39.616]Completed Shot 15
[2022-11-16T16:32:07.816]Completed Shot 45
[2022-11-16T16:34:24.426]Completed Shot 23
[2022-11-16T16:35:10.639]Completed Shot 34
[2022-11-16T16:35:14.709]Completed Shot 12
[2022-11-16T16:35:37.142]Completed Shot 37
[2022-11-16T16:36:16.823]Completed Shot 24
[2022-11-16T16:36:25.938]Completed Shot 38
[2022-11-16T16:36:31.111]Completed Shot 35
[2022-11-16T16:36:31.455]Completed Shot 29
[2022-11-16T16:36:32.139]Completed Shot 18
[2022-11-16T16:36:40.506]Completed Shot 11
[2022-11-16T16:36:41.770]Completed Shot 31
[2022-11-16T16:36:42.445]Completed Shot 32
[2022-11-16T16:36:42.991]Completed Shot 26
[2022-11-16T16:36:48.920]Completed Shot 40
[2022-11-16T16:36:49.541]Completed Shot 16
[2022-11-16T16:36:50.341]Completed Shot 22
[2022-11-16T16:37:00.987]Completed Shot 27
[2022-11-16T16:37:05.521]Completed Shot 39
[2022-11-16T16:37:10.722]Completed Shot 17
[2022-11-16T16:37:19.092]Completed Shot 49
[2022-11-16T16:37:25.006]Completed Shot 30
[2022-11-16T16:37:30.823]Completed Shot 41
[2022-11-16T16:37:33.113]Completed Shot 42
[2022-11-16T16:37:49.501]Completed Shot 43
[2022-11-16T16:37:51.314]Completed Shot 50
[2022-11-16T16:38:01.602]Completed Shot 19
[2022-11-16T16:38:02.238]Completed Shot 47
[2022-11-16T16:38:02.250]**********Simulation completed!**********
[2022-11-16T16:38:02.251]**********Saving**********
[2022-11-16T16:38:07.821]Saving file: /lustre/work/ws/ws1/hd_ku269-logs/LightCones/2022-11-16/7687328_N13_ED.jld2
[2022-11-16T16:38:10.478]**********Run completed!**********
