  Activating project at `/gpfs/bwfor/work/ws/hd_ku269-light_cones/WorkingFolder`
Added MKL.jl
Project LightCones v0.1.0
Status `/gpfs/bwfor/work/ws/hd_ku269-light_cones/WorkingFolder/Project.toml`
⌃ [7d9fca2a] Arpack v0.5.3
⌃ [7073ff75] IJulia v1.23.3
⌃ [033835bb] JLD2 v0.4.25
  [0b1a1467] KrylovKit v0.6.0
  [d3d80556] LineSearches v7.2.0
  [33e6dc65] MKL v0.6.0
⌃ [429524aa] Optim v1.7.3
⌃ [91a5bcdd] Plots v1.35.5
⌃ [c3e4b0f8] Pluto v0.19.14
  [3c0b384b] QuantumInformation v0.4.9
  [189a3867] Reexport v1.2.2
⌃ [295af30f] Revise v3.4.0
  [ebcc8a00] SpinSymmetry v0.3.3
  [59d54670] ThreadedSparseArrays v0.2.2
  [ade2ca70] Dates
  [8ba89e20] Distributed
  [37e2e46d] LinearAlgebra
  [de0858da] Printf
  [9a3f8284] Random
  [1a1011a3] SharedArrays
  [2f01184e] SparseArrays
  [10745b16] Statistics
Info Packages marked with ⌃ have new versions available and may be upgradable.
[2023-01-08T03:45:22.888]**********RANDOM FIELDS**********
shared_krylov.jl
Working Directory:          /gpfs/bwfor/work/ws/hd_ku269-light_cones/WorkingFolder
SLURM Directory:            /gpfs/bwfor/work/ws/hd_ku269-light_cones/WorkingFolder 
Running on host:            p01n08
Job id:                     468325
Job name:                   otoc_simulation_N11_TR
Number of nodes allocated:  
Number of cores allocated:  1
#threads of Julia:          64
#threads of BLAS:           1
ARGS = ["11", "1", "50", "BS", "x", "0", "10", "Rhim71"]
LOCATION = "/gpfs/bwfor/work/ws/hd_ku269-logs/LightCones/2023-01-08"
N = 11
SHOTS = 1
MULT_RANDOM_STATES = true
N_RANDOM_STATES = 50
TYPE_OF_RS = "BS"
OBSERVABLE = "x"
DISORDER_PARAM = 0.0
[2023-01-08T03:45:23.050]**********Running simulation**********
[2023-01-08T03:45:23.100]trange = 0.1:0.1:20.0
[2023-01-08T03:45:23.388]A = σx
[2023-01-08T03:45:23.784]alpha=6
[2023-01-08T03:45:23.784]PBC
SlowPulse([1.0, 0.0, 0.0], π, 157.07963267948963)SlowPulse([-1.0, 0.0, 0.0], π, 157.07963267948963)2[2023-01-08T03:45:26.248]Operations set up.
Using multiple states.
435.970862 seconds (446.83 M allocations: 1.509 TiB, 20.96% gc time, 0.36% compilation time)
438.597522 seconds (450.76 M allocations: 1.520 TiB, 21.06% gc time, 0.95% compilation time)
438.625004 seconds (450.82 M allocations: 1.520 TiB, 21.06% gc time, 0.95% compilation time)
439.394889 seconds (452.04 M allocations: 1.523 TiB, 21.02% gc time, 0.98% compilation time)
443.507844 seconds (453.18 M allocations: 1.524 TiB, 20.83% gc time, 1.86% compilation time)
441.384015 seconds (453.16 M allocations: 1.527 TiB, 21.23% gc time, 1.04% compilation time)
445.765884 seconds (454.88 M allocations: 1.530 TiB, 21.02% gc time, 1.91% compilation time)
441.879306 seconds (454.19 M allocations: 1.530 TiB, 21.20% gc time, 1.04% compilation time)
441.821139 seconds (454.35 M allocations: 1.530 TiB, 21.20% gc time, 1.00% compilation time)
442.050727 seconds (454.54 M allocations: 1.531 TiB, 21.19% gc time, 1.04% compilation time)
440.670024 seconds (452.17 M allocations: 1.531 TiB, 21.26% gc time, 0.72% compilation time)
444.121028 seconds (456.86 M allocations: 1.538 TiB, 21.26% gc time, 1.04% compilation time)
443.978351 seconds (456.84 M allocations: 1.538 TiB, 21.27% gc time, 1.00% compilation time)
443.094463 seconds (455.16 M allocations: 1.540 TiB, 21.31% gc time, 0.72% compilation time)
444.361659 seconds (457.51 M allocations: 1.541 TiB, 21.25% gc time, 1.00% compilation time)
444.511445 seconds (457.80 M allocations: 1.542 TiB, 21.25% gc time, 1.00% compilation time)
443.340016 seconds (455.55 M allocations: 1.542 TiB, 21.30% gc time, 0.71% compilation time)
444.861383 seconds (458.35 M allocations: 1.543 TiB, 21.23% gc time, 1.00% compilation time)
443.983630 seconds (456.63 M allocations: 1.545 TiB, 21.27% gc time, 0.72% compilation time)
445.287866 seconds (459.04 M allocations: 1.546 TiB, 21.21% gc time, 0.99% compilation time)
444.154013 seconds (456.83 M allocations: 1.546 TiB, 21.26% gc time, 0.71% compilation time)
444.408549 seconds (457.18 M allocations: 1.547 TiB, 21.25% gc time, 0.71% compilation time)
445.715308 seconds (459.67 M allocations: 1.548 TiB, 21.19% gc time, 0.99% compilation time)
446.162702 seconds (460.22 M allocations: 1.550 TiB, 21.17% gc time, 0.99% compilation time)
451.318317 seconds (461.59 M allocations: 1.552 TiB, 21.08% gc time, 1.88% compilation time)
446.024177 seconds (458.46 M allocations: 1.552 TiB, 21.33% gc time, 0.71% compilation time)
446.019074 seconds (458.43 M allocations: 1.552 TiB, 21.33% gc time, 0.71% compilation time)
447.712112 seconds (461.42 M allocations: 1.554 TiB, 21.25% gc time, 0.99% compilation time)
448.127895 seconds (461.87 M allocations: 1.555 TiB, 21.23% gc time, 1.03% compilation time)
448.053205 seconds (461.91 M allocations: 1.556 TiB, 21.24% gc time, 0.99% compilation time)
448.057164 seconds (461.93 M allocations: 1.556 TiB, 21.24% gc time, 0.99% compilation time)
448.167749 seconds (462.09 M allocations: 1.557 TiB, 21.23% gc time, 0.99% compilation time)
448.402680 seconds (462.25 M allocations: 1.557 TiB, 21.22% gc time, 1.03% compilation time)
452.505400 seconds (463.25 M allocations: 1.558 TiB, 21.03% gc time, 1.88% compilation time)
447.221074 seconds (460.09 M allocations: 1.558 TiB, 21.28% gc time, 0.70% compilation time)
448.917393 seconds (462.91 M allocations: 1.559 TiB, 21.19% gc time, 1.02% compilation time)
448.778896 seconds (462.87 M allocations: 1.560 TiB, 21.20% gc time, 0.99% compilation time)
448.902191 seconds (463.00 M allocations: 1.560 TiB, 21.20% gc time, 0.99% compilation time)
450.933636 seconds (464.27 M allocations: 1.565 TiB, 21.25% gc time, 0.99% compilation time)
451.125457 seconds (464.40 M allocations: 1.565 TiB, 21.25% gc time, 1.02% compilation time)
455.075452 seconds (465.18 M allocations: 1.566 TiB, 21.06% gc time, 1.87% compilation time)
449.907966 seconds (462.15 M allocations: 1.566 TiB, 21.30% gc time, 0.70% compilation time)
451.514448 seconds (464.84 M allocations: 1.567 TiB, 21.23% gc time, 1.02% compilation time)
456.020772 seconds (466.25 M allocations: 1.570 TiB, 21.02% gc time, 1.86% compilation time)
451.400011 seconds (463.81 M allocations: 1.573 TiB, 21.23% gc time, 0.71% compilation time)
453.085672 seconds (466.57 M allocations: 1.575 TiB, 21.15% gc time, 0.99% compilation time)
451.990761 seconds (464.39 M allocations: 1.576 TiB, 21.21% gc time, 0.70% compilation time)
454.229371 seconds (467.22 M allocations: 1.578 TiB, 21.22% gc time, 0.98% compilation time)
454.951049 seconds (467.92 M allocations: 1.581 TiB, 21.19% gc time, 0.98% compilation time)
454.004306 seconds (465.85 M allocations: 1.582 TiB, 21.23% gc time, 0.69% compilation time)
364.313967 seconds (455.50 M allocations: 1.542 TiB, 25.41% gc time, 0.08% compilation time)
[2023-01-08T03:59:08.844]Completed Shot 1, state 34
366.468723 seconds (458.23 M allocations: 1.550 TiB, 25.54% gc time, 0.08% compilation time)
[2023-01-08T03:59:11.198]Completed Shot 1, state 13
369.849892 seconds (462.17 M allocations: 1.562 TiB, 25.66% gc time, 0.16% compilation time)
[2023-01-08T03:59:11.291]Completed Shot 1, state 7
366.777090 seconds (458.93 M allocations: 1.552 TiB, 25.52% gc time, 0.08% compilation time)
[2023-01-08T03:59:11.336]Completed Shot 1, state 11
370.034894 seconds (462.62 M allocations: 1.563 TiB, 25.65% gc time, 0.16% compilation time)
[2023-01-08T03:59:11.498]Completed Shot 1, state 17
373.412423 seconds (468.21 M allocations: 1.579 TiB, 25.68% gc time, 0.84% compilation time)
[2023-01-08T03:59:12.265]Completed Shot 1, state 27
366.586353 seconds (458.73 M allocations: 1.550 TiB, 25.62% gc time, 0.08% compilation time)
[2023-01-08T03:59:14.068]Completed Shot 1, state 23
370.010587 seconds (463.65 M allocations: 1.566 TiB, 25.59% gc time, 0.08% compilation time)
[2023-01-08T03:59:14.073]Completed Shot 1, state 48
372.500848 seconds (465.92 M allocations: 1.573 TiB, 25.77% gc time, 0.16% compilation time)
[2023-01-08T03:59:14.575]Completed Shot 1, state 18
367.744650 seconds (461.05 M allocations: 1.558 TiB, 25.54% gc time, 0.08% compilation time)
[2023-01-08T03:59:14.578]Completed Shot 1, state 2
372.332726 seconds (465.58 M allocations: 1.572 TiB, 25.78% gc time, 0.16% compilation time)
[2023-01-08T03:59:14.604]Completed Shot 1, state 12
369.919191 seconds (463.62 M allocations: 1.566 TiB, 25.60% gc time, 0.08% compilation time)
[2023-01-08T03:59:14.710]Completed Shot 1, state 50
366.183447 seconds (458.58 M allocations: 1.549 TiB, 25.65% gc time, 0.08% compilation time)
[2023-01-08T03:59:14.719]Completed Shot 1, state 43
371.376358 seconds (465.05 M allocations: 1.570 TiB, 25.69% gc time, 0.08% compilation time)
[2023-01-08T03:59:16.041]Completed Shot 1, state 31
367.792911 seconds (460.43 M allocations: 1.555 TiB, 25.74% gc time, 0.08% compilation time)
365.444815 seconds (458.16 M allocations: 1.547 TiB, 25.71% gc time, 0.08% compilation time)
[[2023-01-08T03:59:16.362]Completed Shot 1, state 45
2023-01-08T03:59:16.362]Completed Shot 1, state 3
365.182584 seconds (457.88 M allocations: 1.545 TiB, 25.73% gc time, 0.08% compilation time)
[2023-01-08T03:59:16.451]Completed Shot 1, state 1
367.734842 seconds (460.73 M allocations: 1.555 TiB, 25.74% gc time, 0.08% compilation time)
[2023-01-08T03:59:16.762]Completed Shot 1, state 40
369.063629 seconds (462.63 M allocations: 1.562 TiB, 25.65% gc time, 0.08% compilation time)
369.404476 seconds (463.18 M allocations: 1.564 TiB, 25.63% gc time, 0.08% compilation time)
[[2023-01-08T03:59:16.781]Completed Shot 1, state 26
2023-01-08T03:59:16.781]Completed Shot 1, state 19
366.913785 seconds (460.71 M allocations: 1.555 TiB, 25.61% gc time, 0.08% compilation time)
[2023-01-08T03:59:17.027]Completed Shot 1, state 5
367.082364 seconds (461.01 M allocations: 1.556 TiB, 25.60% gc time, 0.08% compilation time)
[2023-01-08T03:59:17.209]Completed Shot 1, state 16
366.239025 seconds (459.10 M allocations: 1.549 TiB, 25.82% gc time, 0.08% compilation time)
[2023-01-08T03:59:17.995]Completed Shot 1, state 44
369.911048 seconds (463.18 M allocations: 1.563 TiB, 25.76% gc time, 0.08% compilation time)
[2023-01-08T03:59:18.057]Completed Shot 1, state 10
370.868989 seconds (464.74 M allocations: 1.568 TiB, 25.69% gc time, 0.08% compilation time)
[2023-01-08T03:59:18.066]Completed Shot 1, state 15
366.564654 seconds (459.58 M allocations: 1.550 TiB, 25.80% gc time, 0.08% compilation time)
[2023-01-08T03:59:18.206]Completed Shot 1, state 28
364.541328 seconds (458.37 M allocations: 1.545 TiB, 25.75% gc time, 0.08% compilation time)
[2023-01-08T03:59:18.346]Completed Shot 1, state 14
371.613805 seconds (466.03 M allocations: 1.572 TiB, 25.64% gc time, 0.08% compilation time)
[2023-01-08T03:59:18.414]Completed Shot 1, state 29
371.256833 seconds (465.37 M allocations: 1.570 TiB, 25.66% gc time, 0.08% compilation time)
[2023-01-08T03:59:18.462]Completed Shot 1, state 38
370.669695 seconds (464.35 M allocations: 1.567 TiB, 25.70% gc time, 0.08% compilation time)
[2023-01-08T03:59:18.965]Completed Shot 1, state 49
368.527727 seconds (461.86 M allocations: 1.558 TiB, 25.75% gc time, 0.08% compilation time)
[2023-01-08T03:59:19.430]Completed Shot 1, state 9
365.356435 seconds (459.18 M allocations: 1.547 TiB, 25.78% gc time, 0.08% compilation time)
[2023-01-08T03:59:19.550]Completed Shot 1, state 32
367.985505 seconds (461.15 M allocations: 1.555 TiB, 25.79% gc time, 0.08% compilation time)
[2023-01-08T03:59:19.582]Completed Shot 1, state 36
371.582738 seconds (465.12 M allocations: 1.569 TiB, 25.73% gc time, 0.08% compilation time)
[2023-01-08T03:59:19.660]Completed Shot 1, state 22
365.610209 seconds (459.47 M allocations: 1.548 TiB, 25.76% gc time, 0.08% compilation time)
[2023-01-08T03:59:19.662]Completed Shot 1, state 37
368.356098 seconds (461.60 M allocations: 1.556 TiB, 25.76% gc time, 0.08% compilation time)
[2023-01-08T03:59:19.719]Completed Shot 1, state 6
368.972034 seconds (462.41 M allocations: 1.559 TiB, 25.72% gc time, 0.08% compilation time)
[2023-01-08T03:59:19.779]Completed Shot 1, state 41
366.031483 seconds (459.95 M allocations: 1.550 TiB, 25.73% gc time, 0.08% compilation time)
[2023-01-08T03:59:19.803]Completed Shot 1, state 8
368.927819 seconds (462.24 M allocations: 1.559 TiB, 25.72% gc time, 0.08% compilation time)
[2023-01-08T03:59:19.939]Completed Shot 1, state 4
369.912149 seconds (463.60 M allocations: 1.564 TiB, 25.65% gc time, 0.08% compilation time)
[2023-01-08T03:59:20.051]Completed Shot 1, state 47
365.248133 seconds (458.99 M allocations: 1.545 TiB, 25.79% gc time, 0.08% compilation time)
[2023-01-08T03:59:20.064]Completed Shot 1, state 46
366.367990 seconds (460.15 M allocations: 1.550 TiB, 25.71% gc time, 0.08% compilation time)
[2023-01-08T03:59:20.207]Completed Shot 1, state 24
369.750506 seconds (463.14 M allocations: 1.562 TiB, 25.66% gc time, 0.08% compilation time)
[2023-01-08T03:59:20.301]Completed Shot 1, state 21
370.152147 seconds (462.74 M allocations: 1.560 TiB, 25.69% gc time, 0.08% compilation time)
[2023-01-08T03:59:21.233]Completed Shot 1, state 30
365.518539 seconds (458.41 M allocations: 1.542 TiB, 25.82% gc time, 0.08% compilation time)
[2023-01-08T03:59:21.397]Completed Shot 1, state 39
364.374432 seconds (457.77 M allocations: 1.539 TiB, 25.75% gc time, 0.08% compilation time)
[2023-01-08T03:59:21.442]Completed Shot 1, state 20
365.690121 seconds (458.24 M allocations: 1.541 TiB, 25.81% gc time, 0.08% compilation time)
[2023-01-08T03:59:21.819]Completed Shot 1, state 42
364.734530 seconds (456.94 M allocations: 1.535 TiB, 25.74% gc time, 0.08% compilation time)
[2023-01-08T03:59:22.877]Completed Shot 1, state 25
368.092809 seconds (459.15 M allocations: 1.545 TiB, 25.65% gc time, 0.08% compilation time)
[2023-01-08T03:59:23.586]Completed Shot 1, state 33
367.311596 seconds (457.42 M allocations: 1.537 TiB, 25.56% gc time, 0.08% compilation time)
[2023-01-08T03:59:25.101]Completed Shot 1, state 35
[2023-01-08T03:59:25.101]**********Simulation completed!**********
[2023-01-08T03:59:25.101]**********Saving**********
[2023-01-08T03:59:29.077]Saving file: /gpfs/bwfor/work/ws/hd_ku269-logs/LightCones/2023-01-08/468325_N11_BS.jld2
[2023-01-08T03:59:30.563]**********Run completed!**********
============================= JOB FEEDBACK =============================
Job ID: 468325
Cluster: helix
User/Group: hd_ku269/hd_hd
State: COMPLETED (exit code 0)
Nodes: 1
Cores per node: 64
CPU Utilized: 12:48:59
CPU Efficiency: 81.92% of 15:38:40 core-walltime
Job Wall-clock time: 00:14:40
Memory Utilized: 27.76 GB
Memory Efficiency: 11.76% of 236.00 GB
