  Activating project at `/gpfs/bwfor/work/ws/hd_ku269-light_cones/WorkingFolder`
Added MKL.jl
Project LightCones v0.1.0
Status `/gpfs/bwfor/work/ws/hd_ku269-light_cones/WorkingFolder/Project.toml`
  [7d9fca2a] Arpack v0.5.3
  [7073ff75] IJulia v1.23.3
  [033835bb] JLD2 v0.4.25
  [0b1a1467] KrylovKit v0.6.0
  [d3d80556] LineSearches v7.2.0
  [33e6dc65] MKL v0.6.0
  [429524aa] Optim v1.7.3
  [91a5bcdd] Plots v1.35.5
  [c3e4b0f8] Pluto v0.19.14
  [3c0b384b] QuantumInformation v0.4.9
  [189a3867] Reexport v1.2.2
  [295af30f] Revise v3.4.0
  [ebcc8a00] SpinSymmetry v0.3.3
  [59d54670] ThreadedSparseArrays v0.2.2
  [ade2ca70] Dates
  [8ba89e20] Distributed
  [37e2e46d] LinearAlgebra
  [de0858da] Printf
  [9a3f8284] Random
  [1a1011a3] SharedArrays
  [2f01184e] SparseArrays
  [10745b16] Statistics
[2022-12-01T01:46:25.081]**********RANDOM FIELDS**********
shared_ED_nn_pbc.jl
Working Directory:          /gpfs/bwfor/work/ws/hd_ku269-light_cones/WorkingFolder
SLURM Directory:            /gpfs/bwfor/work/ws/hd_ku269-light_cones/WorkingFolder 
Running on host:            m08n06
Job id:                     372627
Job name:                   otoc_simulation_N13_ED_nn_pbc
Number of nodes allocated:  
Number of cores allocated:  1
#threads of Julia:          64
#threads of BLAS:           64
ARGS = ["13", "25", "x", "24"]
LOCATION = "/gpfs/bwfor/work/ws/hd_ku269-logs/LightCones/2022-12-01"
N = 13
SHOTS = 25
OBSERVABLE = "x"
DISORDER_PARAM = 24.0
[2022-12-01T01:46:25.272]**********Running simulation**********
[2022-12-01T01:46:25.328]trange = [0.001, 0.0012328467394420659, 0.0015199110829529332, 0.001873817422860383, 0.002310129700083158, 0.002848035868435802, 0.003511191734215131, 0.004328761281083057, 0.005336699231206307, 0.006579332246575682, 0.008111308307896864, 0.010000000000000002, 0.012328467394420665, 0.01519911082952933, 0.01873817422860384, 0.023101297000831605, 0.02848035868435802, 0.03511191734215131, 0.043287612810830614, 0.05336699231206307, 0.0657933224657568, 0.08111308307896876, 0.09999999999999995, 0.12328467394420659, 0.15199110829529347, 0.1873817422860385, 0.23101297000831617, 0.2848035868435802, 0.3511191734215131, 0.43287612810830595, 0.5336699231206312, 0.6579332246575682, 0.8111308307896873, 1.0, 1.232846739442066, 1.5199110829529339, 1.873817422860383, 2.31012970008316, 2.8480358684358005, 3.5111917342151275, 4.328761281083057, 5.3366992312063095, 6.5793322465756825, 8.11130830789688, 9.999999999999995, 12.32846739442066, 15.199110829529348, 18.73817422860384, 23.101297000831604, 28.480358684358034, 35.11191734215131, 43.28761281083057, 53.366992312063154, 65.79332246575676, 81.11308307896864, 100.0, 123.28467394420646, 151.99110829529363, 187.3817422860383, 231.01297000831556, 284.8035868435805, 351.11917342151276, 432.87612810830615, 533.6699231206312, 657.9332246575682, 811.1308307896873, 1000.0, 1232.8467394420659, 1519.9110829529332, 1873.817422860383, 2310.1297000831582, 2848.035868435799, 3511.1917342151273, 4328.761281083052, 5336.6992312063185, 6579.332246575669, 8111.308307896856, 10000.0, 12328.467394420633, 15199.11082952933, 18738.17422860383, 23101.297000831626, 28480.35868435805, 35111.917342151275, 43287.612810830615, 53366.99231206302, 65793.32246575695, 81113.08307896873, 100000.0, 123284.67394420685, 151991.10829529332, 187381.74228603867, 231012.97000831628, 284803.5868435805, 351119.17342151346, 432876.12810830615, 533669.9231206313, 657933.2246575683, 811130.8307896872, 1.0e6]
[2022-12-01T01:46:25.670]A=σx
[2022-12-01T01:46:26.113]PBC
[2022-12-01T01:46:26.113]Nearest Neighbour
[2022-12-01T01:46:27.144]Created Hamiltonian for Shot 24
[2022-12-01T01:46:27.144]Created Hamiltonian for Shot 21
[2022-12-01T01:46:27.144]Created Hamiltonian for Shot 22
[2022-12-01T01:46:27.144]Created Hamiltonian for Shot 16
[[2022-12-01T01:46:27.144]Created Hamiltonian for Shot 17
[2022-12-01T01:46:27.144]Created Hamiltonian for Shot 14
[2022-12-01T01:46:27.144]Created Hamiltonian for Shot 5
[[[2022-12-01T01:46:27.144]Created Hamiltonian for Shot 18
2022-12-01T01:46:27.144]Created Hamiltonian for Shot 25
[2022-12-01T01:46:27.144]Created Hamiltonian for Shot 19
[2022-12-01T01:46:27.144]Created Hamiltonian for Shot 20
[2022-12-01T01:46:27.144]Created Hamiltonian for Shot 9
[[2022-12-01T01:46:27.144]Created Hamiltonian for Shot 102022-12-01T01:46:27.1442022-12-01T01:46:27.144]Created Hamiltonian for Shot 12
2022-12-01T01:46:27.144]Created Hamiltonian for Shot 23
[2022-12-01T01:46:27.144]Created Hamiltonian for Shot 1

[]Created Hamiltonian for Shot 11
[2022-12-01T01:46:27.145]Created Hamiltonian for Shot 13
[[2022-12-01T01:46:27.145]Created Hamiltonian for Shot 8
2022-12-01T01:46:27.145]Created Hamiltonian for Shot 7
[2022-12-01T01:46:27.145]Created Hamiltonian for Shot 3
[[[2022-12-01T01:46:27.145]Created Hamiltonian for Shot 42022-12-01T01:46:27.145]Created Hamiltonian for Shot 2
2022-12-01T01:46:27.145
2022-12-01T01:46:27.145]]Created Hamiltonian for Shot 15
Created Hamiltonian for Shot 6
[[[[[[[[[[[[[[[[[[[2022-12-01T02:21:30.377]Diagonalized H.
[2022-12-01T02:21:30.389]Diagonalized H.
[2022-12-01T02:21:30.305]Diagonalized H.
2022-12-01T02:21:30.367]Diagonalized H.
2022-12-01T02:21:30.296]Diagonalized H.
2022-12-01T02:21:30.307]Diagonalized H.
2022-12-01T02:21:30.336]Diagonalized H.
2022-12-01T02:21:30.240]Diagonalized H.
2022-12-01T02:21:30.308]Diagonalized H.
2022-12-01T02:21:30.300]Diagonalized H.
2022-12-01T02:21:30.389]Diagonalized H.
2022-12-01T02:21:30.389]Diagonalized H.
2022-12-01T02:21:30.354]Diagonalized H.
2022-12-01T02:21:30.383]Diagonalized H.
2022-12-01T02:21:30.2612022-12-01T02:21:30.260]Diagonalized H.
]Diagonalized H.
2022-12-01T02:21:30.300]Diagonalized H.
2022-12-01T02:21:30.368]Diagonalized H.
2022-12-01T02:21:30.341]Diagonalized H.
2022-12-01T02:21:30.323]Diagonalized H.
[2022-12-01T02:21:30.562]Diagonalized H.
2022-12-01T02:21:30.296]Diagonalized H.
[[2022-12-01T02:21:30.6152022-12-01T02:21:30.612]Diagonalized H.
]Diagonalized H.
[2022-12-01T02:21:31.021]Diagonalized H.
[2022-12-01T03:22:21.363]Completed Shot 25
[2022-12-01T03:29:11.600]Completed Shot 7
[2022-12-01T03:30:47.732]Completed Shot 3
[2022-12-01T03:49:34.491]Completed Shot 2
[2022-12-01T03:57:31.423]Completed Shot 11
[2022-12-01T04:23:07.696]Completed Shot 13
[2022-12-01T04:34:39.207]Completed Shot 1
[2022-12-01T04:38:03.495]Completed Shot 21
[2022-12-01T04:39:25.125]Completed Shot 16
[2022-12-01T04:52:01.626]Completed Shot 24
[2022-12-01T04:54:29.244]Completed Shot 4
[2022-12-01T04:56:03.794]Completed Shot 5
[2022-12-01T05:01:10.263]Completed Shot 9
[2022-12-01T05:01:31.053]Completed Shot 12
[2022-12-01T05:02:15.075]Completed Shot 8
[2022-12-01T05:02:16.685]Completed Shot 6
[2022-12-01T05:02:19.085]Completed Shot 18
[2022-12-01T05:02:29.867]Completed Shot 15
[2022-12-01T05:02:40.654]Completed Shot 20
[2022-12-01T05:02:45.180]Completed Shot 22
[2022-12-01T05:03:30.159]Completed Shot 17
[2022-12-01T05:05:39.753]Completed Shot 14
[2022-12-01T05:05:42.937]Completed Shot 10
[2022-12-01T05:05:49.987]Completed Shot 23
[2022-12-01T05:06:09.047]Completed Shot 19
[2022-12-01T05:06:09.048]**********Simulation completed!**********
[2022-12-01T05:06:09.048]**********Saving**********
[2022-12-01T05:06:13.455]Saving file: /gpfs/bwfor/work/ws/hd_ku269-logs/LightCones/2022-12-01/372627_N13_ED.jld2
[2022-12-01T05:06:16.859]**********Run completed!**********
============================= JOB FEEDBACK =============================
Job ID: 372627
Cluster: helix
User/Group: hd_ku269/hd_hd
State: COMPLETED (exit code 0)
Nodes: 1
Cores per node: 64
CPU Utilized: 8-15:49:40
CPU Efficiency: 96.63% of 8-23:04:32 core-walltime
Job Wall-clock time: 03:21:38
Memory Utilized: 141.16 GB
Memory Efficiency: 57.62% of 245.00 GB
