  Activating project at `/lustre/work/ws/ws1/hd_ku269-light_cones/LightCones`
Added MKL.jl
Precompiling project...
[32m  ✓ [39m[90mTables[39m
[32m  ✓ [39mPluto
[32m  ✓ [39mLightCones
  3 dependencies successfully precompiled in 58 seconds. 220 already precompiled.
Project LightCones v0.1.0
Status `/lustre/work/ws/ws1/hd_ku269-light_cones/LightCones/Project.toml`
  [7d9fca2a] Arpack v0.5.3
  [7073ff75] IJulia v1.23.3
  [033835bb] JLD2 v0.4.25
  [0b1a1467] KrylovKit v0.5.4
  [d3d80556] LineSearches v7.2.0
  [33e6dc65] MKL v0.5.0
  [429524aa] Optim v1.7.3
  [91a5bcdd] Plots v1.35.3
  [c3e4b0f8] Pluto v0.19.13
  [3c0b384b] QuantumInformation v0.4.9
  [189a3867] Reexport v1.2.2
  [295af30f] Revise v3.4.0
  [ebcc8a00] SpinSymmetry v0.3.3
  [59d54670] ThreadedSparseArrays v0.2.2
  [ade2ca70] Dates
  [8ba89e20] Distributed
  [37e2e46d] LinearAlgebra
  [de0858da] Printf
  [9a3f8284] Random
  [1a1011a3] SharedArrays
  [2f01184e] SparseArrays
  [10745b16] Statistics
[2022-10-12T20:44:09.993]**********RANDOM FIELDS**********
shared_krylov_sector.jl
Working Directory:          /lustre/work/ws/ws1/hd_ku269-light_cones/LightCones
SLURM Directory:            /lustre/work/ws/ws1/hd_ku269-light_cones/LightCones 
Running on host:            n1316
Job id:                     7343709
Job name:                   otoc_simulation_N15_ED_sector
Number of nodes allocated:  
Number of cores allocated:  1
#threads of Julia:          96
#threads of BLAS:           1
ARGS = ["15", "1", "z", "0"]
LOCATION = "/lustre/work/ws/ws1/hd_ku269-logs/LightCones/2022-10-12"
N = 15
SHOTS = 1
OBSERVABLE = "z"
DISORDER_PARAM = 0.0
[2022-10-12T20:44:10.158]**********Running simulation**********
[2022-10-12T20:44:10.213]trange = 0.0:0.1:10.0
[2022-10-12T20:44:11.890]A = σz
[2022-10-12T20:44:13.856]SparseMatrixCSC{Float64, Int64}
[2022-10-12T20:44:15.090]Created Hamiltonian for Shot 1
[2022-10-12T20:46:13.937]Diagonalized H.
[2022-10-13T07:30:16.126]Completed Shot 1
[2022-10-13T07:30:16.129]**********Simulation completed!**********
[2022-10-13T07:30:16.129]**********Saving**********
[2022-10-13T07:30:20.797]Saving file: /lustre/work/ws/ws1/hd_ku269-logs/LightCones/2022-10-12/7343709_N15_ED.jld2
[2022-10-13T07:30:25.703]**********Run completed!**********
