Added MKL.jl
Project LightCones v0.1.0
Status `/gpfs/bwfor/work/ws/hd_ku269-light_cones/WorkingFolder/Project.toml`
⌃ [7d9fca2a] Arpack v0.5.3
⌃ [7073ff75] IJulia v1.23.3
⌃ [033835bb] JLD2 v0.4.25
  [0b1a1467] KrylovKit v0.6.0
  [d3d80556] LineSearches v7.2.0
  [33e6dc65] MKL v0.6.0
⌃ [429524aa] Optim v1.7.3
⌃ [91a5bcdd] Plots v1.35.5
⌃ [c3e4b0f8] Pluto v0.19.14
  [3c0b384b] QuantumInformation v0.4.9
  [189a3867] Reexport v1.2.2
⌃ [295af30f] Revise v3.4.0
  [ebcc8a00] SpinSymmetry v0.3.3
  [59d54670] ThreadedSparseArrays v0.2.2
  [ade2ca70] Dates
  [8ba89e20] Distributed
  [37e2e46d] LinearAlgebra
  [de0858da] Printf
  [9a3f8284] Random
  [1a1011a3] SharedArrays
  [2f01184e] SparseArrays
  [10745b16] Statistics
Info Packages marked with ⌃ have new versions available and may be upgradable.
[2023-01-12T08:28:32.158]**********RANDOM FIELDS**********
shared_krylov.jl
Working Directory:          /gpfs/bwfor/work/ws/hd_ku269-light_cones/WorkingFolder
SLURM Directory:            /gpfs/bwfor/work/ws/hd_ku269-light_cones/WorkingFolder 
Running on host:            o02n03
Job id:                     501065
Job name:                   otoc_simulation_N11_TR
Number of nodes allocated:  
Number of cores allocated:  1
#threads of Julia:          64
#threads of BLAS:           1
ARGS = ["11", "10", "50", "BS", "x", "6", "50", "Rhim71_FR"]
LOCATION = "/gpfs/bwfor/work/ws/hd_ku269-logs/LightCones/2023-01-12"
N = 11
SHOTS = 10
MULT_RANDOM_STATES = true
N_RANDOM_STATES = 50
TYPE_OF_RS = "BS"
OBSERVABLE = "x"
DISORDER_PARAM = 6.0
[2023-01-12T08:28:32.322]**********Running simulation**********
[2023-01-12T08:28:32.373]trange = 0.1:0.1:20.0
[2023-01-12T08:28:32.650]A = σx
[2023-01-12T08:28:33.174]alpha=6
[2023-01-12T08:28:33.174]PBC
SlowPulse([1.0, 0.0, 0.0], π, 785.3981633974482)SlowPulse([-1.0, 0.0, 0.0], π, 785.3981633974482)SlowPulse([1.0, 0.0, 0.0], π, 785.3981633974482)SlowPulse([-1.0, 0.0, 0.0], π, 785.3981633974482)6[2023-01-12T08:28:36.107]Operations set up.
Using multiple states.
3882.269701 seconds (3.01 G allocations: 11.603 TiB, 14.85% gc time, 0.16% compilation time)
[2023-01-12T09:33:28.158]Completed Shot 1, state 28
3883.805078 seconds (3.01 G allocations: 11.609 TiB, 14.84% gc time, 0.16% compilation time)
[2023-01-12T09:33:29.652]Completed Shot 1, state 35
3885.271001 seconds (3.01 G allocations: 11.614 TiB, 14.84% gc time, 0.16% compilation time)
[2023-01-12T09:33:31.084]Completed Shot 1, state 17
3883.024942 seconds (3.01 G allocations: 11.624 TiB, 14.87% gc time, 0.02% compilation time)
[2023-01-12T09:33:34.586]Completed Shot 1, state 44
3885.065689 seconds (3.02 G allocations: 11.627 TiB, 14.86% gc time, 0.05% compilation time)
[2023-01-12T09:33:35.227]Completed Shot 1, state 39
3890.024770 seconds (3.02 G allocations: 11.630 TiB, 14.84% gc time, 0.16% compilation time)
[2023-01-12T09:33:35.872]Completed Shot 1, state 6
3887.411098 seconds (3.02 G allocations: 11.633 TiB, 14.87% gc time, 0.05% compilation time)
[2023-01-12T09:33:37.520]Completed Shot 1, state 32
3891.696706 seconds (3.02 G allocations: 11.633 TiB, 14.85% gc time, 0.16% compilation time)
[2023-01-12T09:33:37.544]Completed Shot 1, state 13
3893.490718 seconds (3.02 G allocations: 11.640 TiB, 14.85% gc time, 0.16% compilation time)
[2023-01-12T09:33:39.338]Completed Shot 1, state 26
3888.311124 seconds (3.01 G allocations: 11.643 TiB, 14.87% gc time, 0.01% compilation time)
[2023-01-12T09:33:40.049]Completed Shot 1, state 27
3892.102415 seconds (3.02 G allocations: 11.648 TiB, 14.87% gc time, 0.06% compilation time)
[2023-01-12T09:33:41.973]Completed Shot 1, state 20
3892.638837 seconds (3.02 G allocations: 11.651 TiB, 14.87% gc time, 0.06% compilation time)
[2023-01-12T09:33:42.604]Completed Shot 1, state 50
3899.045283 seconds (3.03 G allocations: 11.658 TiB, 14.86% gc time, 0.16% compilation time)
[2023-01-12T09:33:44.892]Completed Shot 1, state 33
3895.486221 seconds (3.03 G allocations: 11.659 TiB, 14.87% gc time, 0.06% compilation time)
[2023-01-12T09:33:45.143]Completed Shot 1, state 11
3899.996370 seconds (3.03 G allocations: 11.662 TiB, 14.85% gc time, 0.16% compilation time)
[2023-01-12T09:33:45.809]Completed Shot 1, state 49
3896.196520 seconds (3.03 G allocations: 11.662 TiB, 14.87% gc time, 0.06% compilation time)
[2023-01-12T09:33:45.852]Completed Shot 1, state 25
3901.573790 seconds (3.03 G allocations: 11.666 TiB, 14.86% gc time, 0.16% compilation time)
[2023-01-12T09:33:47.421]Completed Shot 1, state 15
3901.698506 seconds (3.03 G allocations: 11.666 TiB, 14.86% gc time, 0.16% compilation time)
[2023-01-12T09:33:47.546]Completed Shot 1, state 3
3895.771250 seconds (3.02 G allocations: 11.666 TiB, 14.88% gc time, 0.01% compilation time)
[2023-01-12T09:33:47.699]Completed Shot 1, state 23
3902.764668 seconds (3.03 G allocations: 11.670 TiB, 14.85% gc time, 0.16% compilation time)
[2023-01-12T09:33:48.611]Completed Shot 1, state 12
3903.128919 seconds (3.03 G allocations: 11.671 TiB, 14.85% gc time, 0.16% compilation time)
[2023-01-12T09:33:48.976]Completed Shot 1, state 38
3906.385600 seconds (3.03 G allocations: 11.680 TiB, 14.86% gc time, 0.16% compilation time)
[2023-01-12T09:33:52.198]Completed Shot 1, state 40
3902.272520 seconds (3.03 G allocations: 11.680 TiB, 14.87% gc time, 0.05% compilation time)
[2023-01-12T09:33:52.402]Completed Shot 1, state 7
3900.478310 seconds (3.02 G allocations: 11.679 TiB, 14.88% gc time, 0.01% compilation time)
[2023-01-12T09:33:52.406]Completed Shot 1, state 22
3902.640964 seconds (3.03 G allocations: 11.686 TiB, 14.87% gc time, 0.01% compilation time)
[2023-01-12T09:33:54.234]Completed Shot 1, state 34
3904.678117 seconds (3.03 G allocations: 11.687 TiB, 14.86% gc time, 0.06% compilation time)
[2023-01-12T09:33:54.334]Completed Shot 1, state 36
3905.398175 seconds (3.03 G allocations: 11.689 TiB, 14.87% gc time, 0.05% compilation time)
[2023-01-12T09:33:55.525]Completed Shot 1, state 19
3906.737393 seconds (3.04 G allocations: 11.692 TiB, 14.87% gc time, 0.06% compilation time)
[2023-01-12T09:33:56.393]Completed Shot 1, state 10
3905.079095 seconds (3.03 G allocations: 11.693 TiB, 14.87% gc time, 0.01% compilation time)
[2023-01-12T09:33:57.005]Completed Shot 1, state 9
3905.214208 seconds (3.03 G allocations: 11.693 TiB, 14.87% gc time, 0.01% compilation time)
[2023-01-12T09:33:57.143]Completed Shot 1, state 21
3911.402883 seconds (3.04 G allocations: 11.694 TiB, 14.85% gc time, 0.16% compilation time)
[2023-01-12T09:33:57.250]Completed Shot 1, state 47
3908.353845 seconds (3.04 G allocations: 11.695 TiB, 14.87% gc time, 0.06% compilation time)
[2023-01-12T09:33:58.009]Completed Shot 1, state 14
3912.405195 seconds (3.04 G allocations: 11.696 TiB, 14.85% gc time, 0.16% compilation time)
[2023-01-12T09:33:58.252]Completed Shot 1, state 16
3908.272561 seconds (3.04 G allocations: 11.696 TiB, 14.87% gc time, 0.05% compilation time)
[2023-01-12T09:33:58.381]Completed Shot 1, state 48
3913.058681 seconds (3.04 G allocations: 11.698 TiB, 14.85% gc time, 0.16% compilation time)
[2023-01-12T09:33:58.871]Completed Shot 1, state 1
3910.372923 seconds (3.04 G allocations: 11.700 TiB, 14.87% gc time, 0.06% compilation time)
[2023-01-12T09:34:00.029]Completed Shot 1, state 41
3908.338294 seconds (3.03 G allocations: 11.700 TiB, 14.88% gc time, 0.01% compilation time)
[2023-01-12T09:34:00.265]Completed Shot 1, state 45
3914.685085 seconds (3.04 G allocations: 11.701 TiB, 14.85% gc time, 0.16% compilation time)
[2023-01-12T09:34:00.532]Completed Shot 1, state 2
3911.515070 seconds (3.04 G allocations: 11.703 TiB, 14.86% gc time, 0.06% compilation time)
[2023-01-12T09:34:01.170]Completed Shot 1, state 46
3911.588310 seconds (3.04 G allocations: 11.703 TiB, 14.86% gc time, 0.06% compilation time)
[2023-01-12T09:34:01.244]Completed Shot 1, state 31
3915.604271 seconds (3.04 G allocations: 11.703 TiB, 14.85% gc time, 0.16% compilation time)
[2023-01-12T09:34:01.417]Completed Shot 1, state 30
3915.909380 seconds (3.04 G allocations: 11.704 TiB, 14.85% gc time, 0.16% compilation time)
[2023-01-12T09:34:01.756]Completed Shot 1, state 5
3913.231805 seconds (3.04 G allocations: 11.705 TiB, 14.86% gc time, 0.06% compilation time)
[2023-01-12T09:34:02.888]Completed Shot 1, state 4
3918.522226 seconds (3.04 G allocations: 11.707 TiB, 14.85% gc time, 0.16% compilation time)
[2023-01-12T09:34:04.369]Completed Shot 1, state 37
3918.872947 seconds (3.04 G allocations: 11.708 TiB, 14.84% gc time, 0.16% compilation time)
[2023-01-12T09:34:04.720]Completed Shot 1, state 43
3914.654305 seconds (3.04 G allocations: 11.708 TiB, 14.86% gc time, 0.05% compilation time)
[2023-01-12T09:34:04.783]Completed Shot 1, state 18
3919.222017 seconds (3.04 G allocations: 11.708 TiB, 14.84% gc time, 0.16% compilation time)
[2023-01-12T09:34:05.035]Completed Shot 1, state 42
3919.592636 seconds (3.04 G allocations: 11.708 TiB, 14.84% gc time, 0.16% compilation time)
[2023-01-12T09:34:05.439]Completed Shot 1, state 8
3919.655851 seconds (3.04 G allocations: 11.708 TiB, 14.84% gc time, 0.16% compilation time)
[2023-01-12T09:34:05.503]Completed Shot 1, state 24
3927.351335 seconds (3.03 G allocations: 11.709 TiB, 14.81% gc time, 0.01% compilation time)
[2023-01-12T09:34:19.279]Completed Shot 1, state 29
3543.557561 seconds (2.94 G allocations: 11.410 TiB, 15.38% gc time)
[2023-01-12T10:33:22.842]Completed Shot 2, state 31
3552.982431 seconds (2.95 G allocations: 11.445 TiB, 15.39% gc time)
[2023-01-12T10:33:32.266]Completed Shot 2, state 20
3555.690177 seconds (2.95 G allocations: 11.458 TiB, 15.38% gc time)
[2023-01-12T10:33:34.975]Completed Shot 2, state 44
3571.280087 seconds (2.97 G allocations: 11.515 TiB, 15.40% gc time)
[2023-01-12T10:33:50.562]Completed Shot 2, state 12
3573.345830 seconds (2.97 G allocations: 11.525 TiB, 15.39% gc time)
[2023-01-12T10:33:52.630]Completed Shot 2, state 27
3573.560037 seconds (2.97 G allocations: 11.526 TiB, 15.39% gc time)
[2023-01-12T10:33:52.844]Completed Shot 2, state 30
3578.054757 seconds (2.97 G allocations: 11.538 TiB, 15.42% gc time)
[2023-01-12T10:33:57.336]Completed Shot 2, state 7
3579.189763 seconds (2.97 G allocations: 11.544 TiB, 15.41% gc time)
[2023-01-12T10:33:58.471]Completed Shot 2, state 5
3579.342645 seconds (2.98 G allocations: 11.545 TiB, 15.41% gc time)
[2023-01-12T10:33:58.627]Completed Shot 2, state 49
3580.126013 seconds (2.98 G allocations: 11.548 TiB, 15.41% gc time)
[2023-01-12T10:33:59.408]Completed Shot 2, state 6
3580.180031 seconds (2.98 G allocations: 11.549 TiB, 15.41% gc time)
[2023-01-12T10:33:59.463]Completed Shot 2, state 17
3580.191466 seconds (2.98 G allocations: 11.549 TiB, 15.41% gc time)
[2023-01-12T10:33:59.476]Completed Shot 2, state 46
3580.518646 seconds (2.98 G allocations: 11.550 TiB, 15.41% gc time)
[2023-01-12T10:33:59.802]Completed Shot 2, state 26
3580.824731 seconds (2.98 G allocations: 11.552 TiB, 15.40% gc time)
[2023-01-12T10:34:00.106]Completed Shot 2, state 3
3583.896893 seconds (2.98 G allocations: 11.558 TiB, 15.43% gc time)
[2023-01-12T10:34:03.179]Completed Shot 2, state 10
3583.924849 seconds (2.98 G allocations: 11.558 TiB, 15.43% gc time)
[2023-01-12T10:34:03.207]Completed Shot 2, state 15
3584.175366 seconds (2.98 G allocations: 11.559 TiB, 15.43% gc time)
[2023-01-12T10:34:03.460]Completed Shot 2, state 40
3586.890893 seconds (2.98 G allocations: 11.571 TiB, 15.42% gc time)
[2023-01-12T10:34:06.174]Completed Shot 2, state 23
3588.912751 seconds (2.98 G allocations: 11.576 TiB, 15.43% gc time)
[2023-01-12T10:34:08.195]Completed Shot 2, state 11
3589.349533 seconds (2.98 G allocations: 11.578 TiB, 15.43% gc time)
[2023-01-12T10:34:08.633]Completed Shot 2, state 36
3589.609268 seconds (2.98 G allocations: 11.579 TiB, 15.43% gc time)
[2023-01-12T10:34:08.890]Completed Shot 2, state 2
3589.653423 seconds (2.98 G allocations: 11.579 TiB, 15.43% gc time)
[2023-01-12T10:34:08.937]Completed Shot 2, state 29
3589.713003 seconds (2.98 G allocations: 11.580 TiB, 15.43% gc time)
[2023-01-12T10:34:08.995]Completed Shot 2, state 9
3589.833970 seconds (2.98 G allocations: 11.580 TiB, 15.43% gc time)
[2023-01-12T10:34:09.115]Completed Shot 2, state 1
3589.981205 seconds (2.98 G allocations: 11.581 TiB, 15.43% gc time)
[2023-01-12T10:34:09.266]Completed Shot 2, state 48
3591.489535 seconds (2.99 G allocations: 11.586 TiB, 15.42% gc time)
[2023-01-12T10:34:10.774]Completed Shot 2, state 37
3592.509427 seconds (2.99 G allocations: 11.589 TiB, 15.42% gc time)
[2023-01-12T10:34:11.794]Completed Shot 2, state 39
3593.602852 seconds (2.99 G allocations: 11.591 TiB, 15.43% gc time)
[2023-01-12T10:34:12.886]Completed Shot 2, state 21
3593.728315 seconds (2.99 G allocations: 11.592 TiB, 15.43% gc time)
[2023-01-12T10:34:13.009]Completed Shot 2, state 4
3594.039579 seconds (2.99 G allocations: 11.593 TiB, 15.43% gc time)
[2023-01-12T10:34:13.324]Completed Shot 2, state 41
3594.636446 seconds (2.99 G allocations: 11.595 TiB, 15.42% gc time)
[2023-01-12T10:34:13.919]Completed Shot 2, state 22
3595.399434 seconds (2.99 G allocations: 11.597 TiB, 15.42% gc time)
[2023-01-12T10:34:14.683]Completed Shot 2, state 38
3595.661748 seconds (2.99 G allocations: 11.598 TiB, 15.42% gc time)
[2023-01-12T10:34:14.945]Completed Shot 2, state 32
3597.810590 seconds (2.99 G allocations: 11.603 TiB, 15.42% gc time)
[2023-01-12T10:34:17.092]Completed Shot 2, state 8
3598.714746 seconds (2.99 G allocations: 11.605 TiB, 15.42% gc time)
[2023-01-12T10:34:17.997]Completed Shot 2, state 18
3599.106768 seconds (2.99 G allocations: 11.607 TiB, 15.42% gc time)
[2023-01-12T10:34:18.391]Completed Shot 2, state 47
3599.159399 seconds (2.99 G allocations: 11.607 TiB, 15.42% gc time)
[2023-01-12T10:34:18.444]Completed Shot 2, state 45
3599.506291 seconds (2.99 G allocations: 11.608 TiB, 15.42% gc time)
[2023-01-12T10:34:18.790]Completed Shot 2, state 33
3599.715349 seconds (2.99 G allocations: 11.608 TiB, 15.42% gc time)
[2023-01-12T10:34:18.998]Completed Shot 2, state 16
3601.335427 seconds (2.99 G allocations: 11.610 TiB, 15.42% gc time)
[2023-01-12T10:34:20.618]Completed Shot 2, state 14
3602.431246 seconds (2.99 G allocations: 11.613 TiB, 15.41% gc time)
[2023-01-12T10:34:21.716]Completed Shot 2, state 50
3603.169646 seconds (2.99 G allocations: 11.614 TiB, 15.41% gc time)
[2023-01-12T10:34:22.453]Completed Shot 2, state 25
3604.717724 seconds (2.99 G allocations: 11.616 TiB, 15.41% gc time)
[2023-01-12T10:34:24]Completed Shot 2, state 13
3604.738220 seconds (2.99 G allocations: 11.616 TiB, 15.41% gc time)
[2023-01-12T10:34:24.021]Completed Shot 2, state 24
3605.020106 seconds (2.99 G allocations: 11.616 TiB, 15.41% gc time)
[2023-01-12T10:34:24.303]Completed Shot 2, state 19
3605.405493 seconds (2.99 G allocations: 11.617 TiB, 15.41% gc time)
[2023-01-12T10:34:24.690]Completed Shot 2, state 43
3606.954995 seconds (2.99 G allocations: 11.618 TiB, 15.40% gc time)
[2023-01-12T10:34:26.239]Completed Shot 2, state 34
3607.773246 seconds (3.00 G allocations: 11.618 TiB, 15.40% gc time)
[2023-01-12T10:34:27.057]Completed Shot 2, state 42
3608.317007 seconds (3.00 G allocations: 11.618 TiB, 15.40% gc time)
[2023-01-12T10:34:27.601]Completed Shot 2, state 35
3612.425343 seconds (3.00 G allocations: 11.619 TiB, 15.38% gc time)
[2023-01-12T10:34:31.709]Completed Shot 2, state 28
3451.500277 seconds (3.03 G allocations: 11.692 TiB, 19.99% gc time)
[2023-01-12T11:32:03.215]Completed Shot 3, state 50
3451.956694 seconds (3.03 G allocations: 11.694 TiB, 19.98% gc time)
[2023-01-12T11:32:03.671]Completed Shot 3, state 49
3454.616353 seconds (3.04 G allocations: 11.705 TiB, 19.97% gc time)
[2023-01-12T11:32:06.327]Completed Shot 3, state 1
3458.612826 seconds (3.04 G allocations: 11.713 TiB, 20.01% gc time)
[2023-01-12T11:32:10.328]Completed Shot 3, state 44
3458.855406 seconds (3.04 G allocations: 11.714 TiB, 20.01% gc time)
[2023-01-12T11:32:10.569]Completed Shot 3, state 28
3458.950718 seconds (3.04 G allocations: 11.715 TiB, 20.01% gc time)
[2023-01-12T11:32:10.663]Completed Shot 3, state 15
3459.084410 seconds (3.04 G allocations: 11.715 TiB, 20.01% gc time)
[2023-01-12T11:32:10.797]Completed Shot 3, state 14
3459.108326 seconds (3.04 G allocations: 11.715 TiB, 20.01% gc time)
[2023-01-12T11:32:10.821]Completed Shot 3, state 25
3459.231223 seconds (3.04 G allocations: 11.716 TiB, 20.01% gc time)
[2023-01-12T11:32:10.945]Completed Shot 3, state 32
3459.625884 seconds (3.04 G allocations: 11.718 TiB, 20.01% gc time)
[2023-01-12T11:32:11.339]Completed Shot 3, state 23
3459.865166 seconds (3.04 G allocations: 11.719 TiB, 20.01% gc time)
[2023-01-12T11:32:11.577]Completed Shot 3, state 9
3460.147653 seconds (3.04 G allocations: 11.721 TiB, 20.00% gc time)
[2023-01-12T11:32:11.862]Completed Shot 3, state 40
3460.318892 seconds (3.04 G allocations: 11.722 TiB, 20.00% gc time)
[2023-01-12T11:32:12.031]Completed Shot 3, state 17
3461.382278 seconds (3.04 G allocations: 11.727 TiB, 20.00% gc time)
[2023-01-12T11:32:13.094]Completed Shot 3, state 10
3461.447881 seconds (3.04 G allocations: 11.727 TiB, 20.00% gc time)
[2023-01-12T11:32:13.161]Completed Shot 3, state 29
3461.488098 seconds (3.04 G allocations: 11.727 TiB, 20.00% gc time)
[2023-01-12T11:32:13.203]Completed Shot 3, state 45
3461.707111 seconds (3.04 G allocations: 11.728 TiB, 20.00% gc time)
[2023-01-12T11:32:13.421]Completed Shot 3, state 37
3461.842697 seconds (3.04 G allocations: 11.729 TiB, 19.99% gc time)
[2023-01-12T11:32:13.556]Completed Shot 3, state 31
3461.992512 seconds (3.04 G allocations: 11.729 TiB, 19.99% gc time)
[2023-01-12T11:32:13.707]Completed Shot 3, state 47
3462.001289 seconds (3.04 G allocations: 11.730 TiB, 19.99% gc time)
[2023-01-12T11:32:13.715]Completed Shot 3, state 42
3462.058238 seconds (3.04 G allocations: 11.730 TiB, 19.99% gc time)
[2023-01-12T11:32:13.772]Completed Shot 3, state 41
3462.417820 seconds (3.04 G allocations: 11.731 TiB, 19.99% gc time)
[2023-01-12T11:32:14.131]Completed Shot 3, state 24
3462.729634 seconds (3.04 G allocations: 11.733 TiB, 19.99% gc time)
[2023-01-12T11:32:14.443]Completed Shot 3, state 34
3464.408911 seconds (3.04 G allocations: 11.733 TiB, 20.03% gc time)
[2023-01-12T11:32:16.120]Completed Shot 3, state 4
3464.425900 seconds (3.04 G allocations: 11.733 TiB, 20.03% gc time)
[2023-01-12T11:32:16.138]Completed Shot 3, state 20
3464.597301 seconds (3.04 G allocations: 11.734 TiB, 20.02% gc time)
[2023-01-12T11:32:16.312]Completed Shot 3, state 48
3464.600960 seconds (3.04 G allocations: 11.734 TiB, 20.02% gc time)
[2023-01-12T11:32:16.315]Completed Shot 3, state 38
3464.676711 seconds (3.04 G allocations: 11.734 TiB, 20.02% gc time)
[2023-01-12T11:32:16.388]Completed Shot 3, state 12
3464.708359 seconds (3.04 G allocations: 11.734 TiB, 20.02% gc time)
[2023-01-12T11:32:16.422]Completed Shot 3, state 30
3464.752363 seconds (3.04 G allocations: 11.734 TiB, 20.02% gc time)
[2023-01-12T11:32:16.465]Completed Shot 3, state 16
3464.863889 seconds (3.04 G allocations: 11.735 TiB, 20.02% gc time)
[2023-01-12T11:32:16.578]Completed Shot 3, state 46
3464.924310 seconds (3.04 G allocations: 11.735 TiB, 20.02% gc time)
[2023-01-12T11:32:16.636]Completed Shot 3, state 11
3464.989882 seconds (3.04 G allocations: 11.735 TiB, 20.02% gc time)
[2023-01-12T11:32:16.702]Completed Shot 3, state 19
3465.135647 seconds (3.04 G allocations: 11.735 TiB, 20.02% gc time)
[2023-01-12T11:32:16.848]Completed Shot 3, state 21
3465.454856 seconds (3.05 G allocations: 11.736 TiB, 20.02% gc time)
[2023-01-12T11:32:17.166]Completed Shot 3, state 6
3466.079083 seconds (3.05 G allocations: 11.738 TiB, 20.02% gc time)
[2023-01-12T11:32:17.790]Completed Shot 3, state 2
3466.106623 seconds (3.05 G allocations: 11.738 TiB, 20.02% gc time)
[2023-01-12T11:32:17.820]Completed Shot 3, state 27
3466.354613 seconds (3.05 G allocations: 11.739 TiB, 20.01% gc time)
[2023-01-12T11:32:18.067]Completed Shot 3, state 18
3466.695165 seconds (3.05 G allocations: 11.740 TiB, 20.01% gc time)
[2023-01-12T11:32:18.409]Completed Shot 3, state 33
3466.844450 seconds (3.05 G allocations: 11.740 TiB, 20.01% gc time)
[2023-01-12T11:32:18.555]Completed Shot 3, state 3
3466.874379 seconds (3.05 G allocations: 11.740 TiB, 20.01% gc time)
[2023-01-12T11:32:18.588]Completed Shot 3, state 36
3466.927101 seconds (3.05 G allocations: 11.740 TiB, 20.01% gc time)
[2023-01-12T11:32:18.640]Completed Shot 3, state 22
3466.993670 seconds (3.05 G allocations: 11.740 TiB, 20.01% gc time)
[2023-01-12T11:32:18.707]Completed Shot 3, state 26
3467.777507 seconds (3.05 G allocations: 11.741 TiB, 20.01% gc time)
[2023-01-12T11:32:19.491]Completed Shot 3, state 39
3468.627579 seconds (3.05 G allocations: 11.742 TiB, 20.01% gc time)
[2023-01-12T11:32:20.339]Completed Shot 3, state 5
3468.730322 seconds (3.05 G allocations: 11.742 TiB, 20.01% gc time)
[2023-01-12T11:32:20.442]Completed Shot 3, state 13
3469.018152 seconds (3.05 G allocations: 11.742 TiB, 20.01% gc time)
[2023-01-12T11:32:20.729]Completed Shot 3, state 7
3469.048005 seconds (3.05 G allocations: 11.742 TiB, 20.01% gc time)
[2023-01-12T11:32:20.762]Completed Shot 3, state 43
3471.079217 seconds (3.05 G allocations: 11.743 TiB, 20.00% gc time)
[2023-01-12T11:32:22.793]Completed Shot 3, state 35
3474.521323 seconds (3.05 G allocations: 11.743 TiB, 19.98% gc time)
[2023-01-12T11:32:26.233]Completed Shot 3, state 8
3343.578531 seconds (3.03 G allocations: 11.691 TiB, 20.81% gc time)
[2023-01-12T12:28:09.816]Completed Shot 4, state 35
3349.153390 seconds (3.04 G allocations: 11.700 TiB, 20.87% gc time)
[2023-01-12T12:28:15.390]Completed Shot 4, state 32
3350.379257 seconds (3.04 G allocations: 11.705 TiB, 20.86% gc time)
[2023-01-12T12:28:16.615]Completed Shot 4, state 9
3354.202719 seconds (3.04 G allocations: 11.723 TiB, 20.84% gc time)
[2023-01-12T12:28:20.440]Completed Shot 4, state 43
3354.243088 seconds (3.04 G allocations: 11.724 TiB, 20.84% gc time)
[2023-01-12T12:28:20.481]Completed Shot 4, state 38
3355.045760 seconds (3.04 G allocations: 11.727 TiB, 20.83% gc time)
[2023-01-12T12:28:21.281]Completed Shot 4, state 7
3355.200741 seconds (3.04 G allocations: 11.728 TiB, 20.83% gc time)
[2023-01-12T12:28:21.437]Completed Shot 4, state 22
3355.512349 seconds (3.04 G allocations: 11.730 TiB, 20.83% gc time)
[2023-01-12T12:28:21.747]Completed Shot 4, state 2
3355.699823 seconds (3.04 G allocations: 11.731 TiB, 20.83% gc time)
[2023-01-12T12:28:21.935]Completed Shot 4, state 10
3355.787877 seconds (3.04 G allocations: 11.731 TiB, 20.83% gc time)
[2023-01-12T12:28:22.023]Completed Shot 4, state 8
3356.498099 seconds (3.05 G allocations: 11.734 TiB, 20.82% gc time)
[2023-01-12T12:28:22.735]Completed Shot 4, state 23
3356.565469 seconds (3.05 G allocations: 11.735 TiB, 20.82% gc time)
[2023-01-12T12:28:22.804]Completed Shot 4, state 44
3356.797682 seconds (3.05 G allocations: 11.736 TiB, 20.82% gc time)
[2023-01-12T12:28:23.034]Completed Shot 4, state 25
3356.839690 seconds (3.05 G allocations: 11.736 TiB, 20.82% gc time)
[2023-01-12T12:28:23.078]Completed Shot 4, state 50
3356.932001 seconds (3.05 G allocations: 11.737 TiB, 20.82% gc time)
[2023-01-12T12:28:23.167]Completed Shot 4, state 12
3356.954277 seconds (3.05 G allocations: 11.737 TiB, 20.82% gc time)
[2023-01-12T12:28:23.192]Completed Shot 4, state 46
3357.175510 seconds (3.05 G allocations: 11.738 TiB, 20.82% gc time)
[2023-01-12T12:28:23.411]Completed Shot 4, state 17
3357.223281 seconds (3.05 G allocations: 11.738 TiB, 20.82% gc time)
[2023-01-12T12:28:23.461]Completed Shot 4, state 39
3357.472058 seconds (3.05 G allocations: 11.739 TiB, 20.82% gc time)
[2023-01-12T12:28:23.708]Completed Shot 4, state 24
3357.610953 seconds (3.05 G allocations: 11.739 TiB, 20.82% gc time)
[2023-01-12T12:28:23.845]Completed Shot 4, state 3
3358.257436 seconds (3.05 G allocations: 11.741 TiB, 20.81% gc time)
[2023-01-12T12:28:24.494]Completed Shot 4, state 27
3360.848194 seconds (3.05 G allocations: 11.742 TiB, 20.87% gc time)
[2023-01-12T12:28:27.085]Completed Shot 4, state 30
3360.951882 seconds (3.05 G allocations: 11.742 TiB, 20.87% gc time)
[2023-01-12T12:28:27.189]Completed Shot 4, state 36
3361.348562 seconds (3.05 G allocations: 11.743 TiB, 20.87% gc time)
3361.348235 seconds (3.05 G allocations: 11.743 TiB, 20.87% gc time)
[[2023-01-12T12:28:27.5852023-01-12T12:28:27.585]Completed Shot 4, state 29
]Completed Shot 4, state 34
3361.506813 seconds (3.05 G allocations: 11.744 TiB, 20.87% gc time)
[2023-01-12T12:28:27.744]Completed Shot 4, state 41
3361.565576 seconds (3.05 G allocations: 11.744 TiB, 20.87% gc time)
[2023-01-12T12:28:27.803]Completed Shot 4, state 45
3361.688611 seconds (3.05 G allocations: 11.745 TiB, 20.87% gc time)
[2023-01-12T12:28:27.925]Completed Shot 4, state 19
3361.701180 seconds (3.05 G allocations: 11.745 TiB, 20.87% gc time)
[2023-01-12T12:28:27.935]Completed Shot 4, state 1
3361.850374 seconds (3.05 G allocations: 11.745 TiB, 20.87% gc time)
[2023-01-12T12:28:28.087]Completed Shot 4, state 21
3361.919256 seconds (3.05 G allocations: 11.745 TiB, 20.87% gc time)
3361.918499 seconds (3.05 G allocations: 11.745 TiB, 20.87% gc time)
[[2023-01-12T12:28:28.155]Completed Shot 4, state 20
2023-01-12T12:28:28.155]Completed Shot 4, state 31
3362.327616 seconds (3.05 G allocations: 11.746 TiB, 20.86% gc time)
[2023-01-12T12:28:28.562]Completed Shot 4, state 4
3362.473586 seconds (3.05 G allocations: 11.747 TiB, 20.86% gc time)
[2023-01-12T12:28:28.710]Completed Shot 4, state 26
3362.580832 seconds (3.05 G allocations: 11.747 TiB, 20.86% gc time)
[2023-01-12T12:28:28.818]Completed Shot 4, state 49
3362.694693 seconds (3.05 G allocations: 11.747 TiB, 20.86% gc time)
[2023-01-12T12:28:28.930]Completed Shot 4, state 15
3362.747607 seconds (3.05 G allocations: 11.748 TiB, 20.86% gc time)
[2023-01-12T12:28:28.983]Completed Shot 4, state 14
3363.208600 seconds (3.05 G allocations: 11.749 TiB, 20.86% gc time)
[2023-01-12T12:28:29.445]Completed Shot 4, state 28
3363.515800 seconds (3.05 G allocations: 11.749 TiB, 20.86% gc time)
[2023-01-12T12:28:29.751]Completed Shot 4, state 11
3363.556083 seconds (3.05 G allocations: 11.749 TiB, 20.86% gc time)
[2023-01-12T12:28:29.792]Completed Shot 4, state 18
3363.574862 seconds (3.05 G allocations: 11.749 TiB, 20.86% gc time)
[2023-01-12T12:28:29.810]Completed Shot 4, state 16
3363.706513 seconds (3.05 G allocations: 11.749 TiB, 20.86% gc time)
[2023-01-12T12:28:29.941]Completed Shot 4, state 6
3363.902514 seconds (3.05 G allocations: 11.750 TiB, 20.85% gc time)
[2023-01-12T12:28:30.140]Completed Shot 4, state 47
3363.919123 seconds (3.05 G allocations: 11.750 TiB, 20.85% gc time)
[2023-01-12T12:28:30.154]Completed Shot 4, state 5
3365.090062 seconds (3.05 G allocations: 11.751 TiB, 20.85% gc time)
[2023-01-12T12:28:31.327]Completed Shot 4, state 42
3365.137409 seconds (3.05 G allocations: 11.751 TiB, 20.85% gc time)
[2023-01-12T12:28:31.375]Completed Shot 4, state 40
3365.212508 seconds (3.05 G allocations: 11.751 TiB, 20.85% gc time)
[2023-01-12T12:28:31.448]Completed Shot 4, state 13
3365.972125 seconds (3.05 G allocations: 11.751 TiB, 20.84% gc time)
[2023-01-12T12:28:32.210]Completed Shot 4, state 48
3366.707105 seconds (3.05 G allocations: 11.752 TiB, 20.84% gc time)
[2023-01-12T12:28:32.944]Completed Shot 4, state 33
3367.640329 seconds (3.05 G allocations: 11.752 TiB, 20.84% gc time)
[2023-01-12T12:28:33.877]Completed Shot 4, state 37
3411.275743 seconds (3.04 G allocations: 11.701 TiB, 20.56% gc time)
[2023-01-12T13:25:25.156]Completed Shot 5, state 9
3413.443616 seconds (3.04 G allocations: 11.712 TiB, 20.55% gc time)
[2023-01-12T13:25:27.325]Completed Shot 5, state 28
3413.523606 seconds (3.04 G allocations: 11.712 TiB, 20.55% gc time)
[2023-01-12T13:25:27.403]Completed Shot 5, state 1
3413.626539 seconds (3.04 G allocations: 11.713 TiB, 20.55% gc time)
[2023-01-12T13:25:27.507]Completed Shot 5, state 12
3413.950427 seconds (3.04 G allocations: 11.714 TiB, 20.54% gc time)
[2023-01-12T13:25:27.831]Completed Shot 5, state 22
3414.115055 seconds (3.04 G allocations: 11.715 TiB, 20.54% gc time)
[2023-01-12T13:25:27.997]Completed Shot 5, state 50
3415.013642 seconds (3.04 G allocations: 11.719 TiB, 20.54% gc time)
[2023-01-12T13:25:28.895]Completed Shot 5, state 36
3415.165058 seconds (3.04 G allocations: 11.720 TiB, 20.54% gc time)
[2023-01-12T13:25:29.046]Completed Shot 5, state 24
3419.264586 seconds (3.04 G allocations: 11.722 TiB, 20.62% gc time)
[2023-01-12T13:25:33.146]Completed Shot 5, state 32
3419.285668 seconds (3.04 G allocations: 11.722 TiB, 20.62% gc time)
[2023-01-12T13:25:33.167]Completed Shot 5, state 44
3419.798071 seconds (3.04 G allocations: 11.724 TiB, 20.61% gc time)
[2023-01-12T13:25:33.679]Completed Shot 5, state 25
3420.181723 seconds (3.04 G allocations: 11.726 TiB, 20.61% gc time)
[2023-01-12T13:25:34.063]Completed Shot 5, state 37
3420.564856 seconds (3.04 G allocations: 11.728 TiB, 20.61% gc time)
[2023-01-12T13:25:34.446]Completed Shot 5, state 30
3421.595139 seconds (3.04 G allocations: 11.732 TiB, 20.60% gc time)
[2023-01-12T13:25:35.475]Completed Shot 5, state 8
3421.622776 seconds (3.04 G allocations: 11.732 TiB, 20.60% gc time)
[2023-01-12T13:25:35.503]Completed Shot 5, state 10
3421.820952 seconds (3.04 G allocations: 11.733 TiB, 20.60% gc time)
[2023-01-12T13:25:35.703]Completed Shot 5, state 48
3422.077728 seconds (3.05 G allocations: 11.735 TiB, 20.60% gc time)
[2023-01-12T13:25:35.959]Completed Shot 5, state 35
3422.092237 seconds (3.05 G allocations: 11.735 TiB, 20.60% gc time)
[2023-01-12T13:25:35.974]Completed Shot 5, state 33
3422.312974 seconds (3.05 G allocations: 11.736 TiB, 20.60% gc time)
[2023-01-12T13:25:36.194]Completed Shot 5, state 23
3422.693551 seconds (3.05 G allocations: 11.737 TiB, 20.60% gc time)
[2023-01-12T13:25:36.574]Completed Shot 5, state 11
3422.824443 seconds (3.05 G allocations: 11.738 TiB, 20.60% gc time)
[2023-01-12T13:25:36.706]Completed Shot 5, state 29
3423.410574 seconds (3.05 G allocations: 11.740 TiB, 20.59% gc time)
[2023-01-12T13:25:37.290]Completed Shot 5, state 7
3423.467807 seconds (3.05 G allocations: 11.740 TiB, 20.59% gc time)
[2023-01-12T13:25:37.349]Completed Shot 5, state 39
3423.659268 seconds (3.05 G allocations: 11.741 TiB, 20.59% gc time)
[2023-01-12T13:25:37.540]Completed Shot 5, state 21
3423.784988 seconds (3.05 G allocations: 11.742 TiB, 20.59% gc time)
[2023-01-12T13:25:37.667]Completed Shot 5, state 45
3423.947685 seconds (3.05 G allocations: 11.742 TiB, 20.59% gc time)
[2023-01-12T13:25:37.829]Completed Shot 5, state 49
3423.954378 seconds (3.05 G allocations: 11.742 TiB, 20.59% gc time)
[2023-01-12T13:25:37.835]Completed Shot 5, state 16
3423.965872 seconds (3.05 G allocations: 11.742 TiB, 20.59% gc time)
[2023-01-12T13:25:37.847]Completed Shot 5, state 27
3424.274014 seconds (3.05 G allocations: 11.743 TiB, 20.59% gc time)
[2023-01-12T13:25:38.154]Completed Shot 5, state 15
3424.419092 seconds (3.05 G allocations: 11.744 TiB, 20.59% gc time)
[2023-01-12T13:25:38.299]Completed Shot 5, state 13
3424.423273 seconds (3.05 G allocations: 11.744 TiB, 20.59% gc time)
[2023-01-12T13:25:38.305]Completed Shot 5, state 38
3424.559207 seconds (3.05 G allocations: 11.744 TiB, 20.58% gc time)
3424.558916 seconds (3.05 G allocations: 11.744 TiB, 20.58% gc time)
[[2023-01-12T13:25:38.441]Completed Shot 5, state 42
2023-01-12T13:25:38.441]Completed Shot 5, state 34
3424.633403 seconds (3.05 G allocations: 11.744 TiB, 20.58% gc time)
[2023-01-12T13:25:38.515]Completed Shot 5, state 31
3424.636997 seconds (3.05 G allocations: 11.744 TiB, 20.58% gc time)
[2023-01-12T13:25:38.516]Completed Shot 5, state 3
3424.696256 seconds (3.05 G allocations: 11.745 TiB, 20.58% gc time)
[2023-01-12T13:25:38.578]Completed Shot 5, state 40
3424.698856 seconds (3.05 G allocations: 11.745 TiB, 20.58% gc time)
[2023-01-12T13:25:38.579]Completed Shot 5, state 18
3424.724615 seconds (3.05 G allocations: 11.745 TiB, 20.58% gc time)
[2023-01-12T13:25:38.606]Completed Shot 5, state 46
3425.243548 seconds (3.05 G allocations: 11.746 TiB, 20.58% gc time)
[2023-01-12T13:25:39.124]Completed Shot 5, state 14
3425.354761 seconds (3.05 G allocations: 11.746 TiB, 20.58% gc time)
[2023-01-12T13:25:39.234]Completed Shot 5, state 2
3425.388616 seconds (3.05 G allocations: 11.746 TiB, 20.58% gc time)
[2023-01-12T13:25:39.269]Completed Shot 5, state 17
3425.457352 seconds (3.05 G allocations: 11.746 TiB, 20.58% gc time)
[2023-01-12T13:25:39.338]Completed Shot 5, state 26
3425.755155 seconds (3.05 G allocations: 11.747 TiB, 20.58% gc time)
[2023-01-12T13:25:39.634]Completed Shot 5, state 4
3425.770922 seconds (3.05 G allocations: 11.747 TiB, 20.58% gc time)
[2023-01-12T13:25:39.653]Completed Shot 5, state 41
3425.841516 seconds (3.05 G allocations: 11.747 TiB, 20.58% gc time)  Activating project at `/gpfs/bwfor/work/ws/hd_ku269-light_cones/WorkingFolder`

[2023-01-12T13:25:39.723]Completed Shot 5, state 20
3425.927400 seconds (3.05 G allocations: 11.747 TiB, 20.58% gc time)
[2023-01-12T13:25:39.807]Completed Shot 5, state 5
3427.580189 seconds (3.05 G allocations: 11.747 TiB, 20.61% gc time)
[2023-01-12T13:25:41.461]Completed Shot 5, state 6
3428.179643 seconds (3.05 G allocations: 11.747 TiB, 20.61% gc time)
[2023-01-12T13:25:42.061]Completed Shot 5, state 47
3428.594623 seconds (3.05 G allocations: 11.747 TiB, 20.61% gc time)
[2023-01-12T13:25:42.475]Completed Shot 5, state 19
3429.626444 seconds (3.05 G allocations: 11.747 TiB, 20.60% gc time)
[2023-01-12T13:25:43.508]Completed Shot 5, state 43
3494.347711 seconds (3.07 G allocations: 11.782 TiB, 22.09% gc time)
[2023-01-12T14:23:57.861]Completed Shot 6, state 49
3496.556747 seconds (3.07 G allocations: 11.793 TiB, 22.07% gc time)
[2023-01-12T14:24:00.069]Completed Shot 6, state 22
3497.260270 seconds (3.07 G allocations: 11.796 TiB, 22.07% gc time)
[2023-01-12T14:24:00.772]Completed Shot 6, state 17
3497.322029 seconds (3.07 G allocations: 11.796 TiB, 22.07% gc time)
[2023-01-12T14:24:00.833]Completed Shot 6, state 6
3497.813729 seconds (3.07 G allocations: 11.798 TiB, 22.07% gc time)
[2023-01-12T14:24:01.325]Completed Shot 6, state 11
3498.120601 seconds (3.07 G allocations: 11.800 TiB, 22.06% gc time)
[2023-01-12T14:24:01.633]Completed Shot 6, state 30
3498.581516 seconds (3.07 G allocations: 11.802 TiB, 22.06% gc time)
[2023-01-12T14:24:02.092]Completed Shot 6, state 8
3499.256958 seconds (3.08 G allocations: 11.805 TiB, 22.06% gc time)
[2023-01-12T14:24:02.769]Completed Shot 6, state 25
3499.466700 seconds (3.08 G allocations: 11.805 TiB, 22.06% gc time)
[2023-01-12T14:24:02.979]Completed Shot 6, state 32
3502.636425 seconds (3.08 G allocations: 11.807 TiB, 22.12% gc time)
[2023-01-12T14:24:06.149]Completed Shot 6, state 42
3503.080189 seconds (3.08 G allocations: 11.809 TiB, 22.12% gc time)
[2023-01-12T14:24:06.590]Completed Shot 6, state 7
3503.172454 seconds (3.08 G allocations: 11.809 TiB, 22.12% gc time)
[2023-01-12T14:24:06.684]Completed Shot 6, state 20
3503.207122 seconds (3.08 G allocations: 11.809 TiB, 22.12% gc time)
[2023-01-12T14:24:06.720]Completed Shot 6, state 36
3503.335931 seconds (3.08 G allocations: 11.810 TiB, 22.11% gc time)
[2023-01-12T14:24:06.848]Completed Shot 6, state 21
3503.856346 seconds (3.08 G allocations: 11.812 TiB, 22.11% gc time)
[2023-01-12T14:24:07.368]Completed Shot 6, state 19
3503.937317 seconds (3.08 G allocations: 11.813 TiB, 22.11% gc time)
[2023-01-12T14:24:07.447]Completed Shot 6, state 4
3503.990777 seconds (3.08 G allocations: 11.813 TiB, 22.11% gc time)
[2023-01-12T14:24:07.504]Completed Shot 6, state 43
3504.334219 seconds (3.08 G allocations: 11.814 TiB, 22.11% gc time)
[2023-01-12T14:24:07.846]Completed Shot 6, state 27
3504.437615 seconds (3.08 G allocations: 11.815 TiB, 22.11% gc time)
[2023-01-12T14:24:07.950]Completed Shot 6, state 28
3504.701272 seconds (3.08 G allocations: 11.816 TiB, 22.11% gc time)
[2023-01-12T14:24:08.214]Completed Shot 6, state 40
3505.330084 seconds (3.08 G allocations: 11.818 TiB, 22.10% gc time)
[2023-01-12T14:24:08.841]Completed Shot 6, state 9
3505.956575 seconds (3.08 G allocations: 11.821 TiB, 22.10% gc time)
[2023-01-12T14:24:09.468]Completed Shot 6, state 14
3506.125288 seconds (3.08 G allocations: 11.821 TiB, 22.10% gc time)
[2023-01-12T14:24:09.636]Completed Shot 6, state 10
3506.304462 seconds (3.08 G allocations: 11.822 TiB, 22.10% gc time)
[2023-01-12T14:24:09.814]Completed Shot 6, state 1
3506.591762 seconds (3.08 G allocations: 11.823 TiB, 22.09% gc time)
[2023-01-12T14:24:10.104]Completed Shot 6, state 37
3506.659387 seconds (3.08 G allocations: 11.823 TiB, 22.09% gc time)
[2023-01-12T14:24:10.171]Completed Shot 6, state 18
3506.781180 seconds (3.08 G allocations: 11.824 TiB, 22.09% gc time)
[2023-01-12T14:24:10.294]Completed Shot 6, state 41
3507.100871 seconds (3.08 G allocations: 11.825 TiB, 22.09% gc time)
[2023-01-12T14:24:10.614]Completed Shot 6, state 48
3507.147579 seconds (3.08 G allocations: 11.825 TiB, 22.09% gc time)
[2023-01-12T14:24:10.660]Completed Shot 6, state 29
3507.307823 seconds (3.08 G allocations: 11.825 TiB, 22.09% gc time)
[2023-01-12T14:24:10.818]Completed Shot 6, state 3
3507.353517 seconds (3.08 G allocations: 11.826 TiB, 22.09% gc time)
[2023-01-12T14:24:10.865]Completed Shot 6, state 16
3507.402998 seconds (3.08 G allocations: 11.826 TiB, 22.09% gc time)
[2023-01-12T14:24:10.914]Completed Shot 6, state 15
3507.583125 seconds (3.08 G allocations: 11.826 TiB, 22.09% gc time)
[2023-01-12T14:24:11.096]Completed Shot 6, state 50
3507.622079 seconds (3.08 G allocations: 11.826 TiB, 22.09% gc time)
[2023-01-12T14:24:11.134]Completed Shot 6, state 34
3507.720814 seconds (3.08 G allocations: 11.827 TiB, 22.09% gc time)
[2023-01-12T14:24:11.233]Completed Shot 6, state 38
3507.732248 seconds (3.08 G allocations: 11.827 TiB, 22.09% gc time)
[2023-01-12T14:24:11.245]Completed Shot 6, state 47
3507.897717 seconds (3.08 G allocations: 11.827 TiB, 22.09% gc time)
[2023-01-12T14:24:11.409]Completed Shot 6, state 24
3508.202042 seconds (3.08 G allocations: 11.828 TiB, 22.08% gc time)
[2023-01-12T14:24:11.714]Completed Shot 6, state 31
3508.288569 seconds (3.08 G allocations: 11.828 TiB, 22.08% gc time)
[2023-01-12T14:24:11.798]Completed Shot 6, state 2
3508.370914 seconds (3.08 G allocations: 11.828 TiB, 22.08% gc time)
[2023-01-12T14:24:11.884]Completed Shot 6, state 44
3508.576782 seconds (3.08 G allocations: 11.829 TiB, 22.08% gc time)
[2023-01-12T14:24:12.089]Completed Shot 6, state 26
3508.641593 seconds (3.08 G allocations: 11.829 TiB, 22.08% gc time)
[2023-01-12T14:24:12.154]Completed Shot 6, state 39
3508.685797 seconds (3.08 G allocations: 11.829 TiB, 22.08% gc time)
[2023-01-12T14:24:12.199]Completed Shot 6, state 45
3508.752352 seconds (3.08 G allocations: 11.829 TiB, 22.08% gc time)
[2023-01-12T14:24:12.265]Completed Shot 6, state 33
3510.266191 seconds (3.08 G allocations: 11.829 TiB, 22.11% gc time)
[2023-01-12T14:24:13.779]Completed Shot 6, state 35
3510.505284 seconds (3.08 G allocations: 11.829 TiB, 22.11% gc time)
[2023-01-12T14:24:14.018]Completed Shot 6, state 46
3510.701444 seconds (3.08 G allocations: 11.829 TiB, 22.11% gc time)
[2023-01-12T14:24:14.212]Completed Shot 6, state 12
3511.128945 seconds (3.08 G allocations: 11.830 TiB, 22.10% gc time)
[2023-01-12T14:24:14.639]Completed Shot 6, state 5
3511.378028 seconds (3.08 G allocations: 11.830 TiB, 22.10% gc time)
[2023-01-12T14:24:14.889]Completed Shot 6, state 13
3512.536328 seconds (3.08 G allocations: 11.830 TiB, 22.09% gc time)
[2023-01-12T14:24:16.048]Completed Shot 6, state 23
3379.336367 seconds (3.01 G allocations: 11.611 TiB, 20.70% gc time)
[2023-01-12T15:20:35.390]Completed Shot 7, state 43
3389.267909 seconds (3.01 G allocations: 11.641 TiB, 20.73% gc time)
[2023-01-12T15:20:45.321]Completed Shot 7, state 27
3390.743502 seconds (3.02 G allocations: 11.648 TiB, 20.73% gc time)
[2023-01-12T15:20:46.796]Completed Shot 7, state 24
3391.408002 seconds (3.02 G allocations: 11.651 TiB, 20.72% gc time)
[2023-01-12T15:20:47.462]Completed Shot 7, state 39
3392.840776 seconds (3.02 G allocations: 11.658 TiB, 20.71% gc time)
[2023-01-12T15:20:48.892]Completed Shot 7, state 17
3397.176169 seconds (3.02 G allocations: 11.664 TiB, 20.77% gc time)
[2023-01-12T15:20:53.227]Completed Shot 7, state 7
3397.440026 seconds (3.02 G allocations: 11.665 TiB, 20.77% gc time)
[2023-01-12T15:20:53.491]Completed Shot 7, state 10
3397.940407 seconds (3.02 G allocations: 11.667 TiB, 20.77% gc time)
[2023-01-12T15:20:53.993]Completed Shot 7, state 36
3397.959742 seconds (3.02 G allocations: 11.668 TiB, 20.77% gc time)
[2023-01-12T15:20:54.011]Completed Shot 7, state 18
3398.487688 seconds (3.02 G allocations: 11.670 TiB, 20.76% gc time)
[2023-01-12T15:20:54.541]Completed Shot 7, state 47
3399.350282 seconds (3.02 G allocations: 11.674 TiB, 20.76% gc time)
[2023-01-12T15:20:55.401]Completed Shot 7, state 12
3399.557109 seconds (3.02 G allocations: 11.675 TiB, 20.76% gc time)
[2023-01-12T15:20:55.610]Completed Shot 7, state 32
3400.026140 seconds (3.02 G allocations: 11.677 TiB, 20.75% gc time)
[2023-01-12T15:20:56.079]Completed Shot 7, state 38
3400.637755 seconds (3.02 G allocations: 11.680 TiB, 20.75% gc time)
[2023-01-12T15:20:56.689]Completed Shot 7, state 16
3400.742077 seconds (3.02 G allocations: 11.681 TiB, 20.75% gc time)
[2023-01-12T15:20:56.796]Completed Shot 7, state 46
3401.829130 seconds (3.03 G allocations: 11.686 TiB, 20.74% gc time)
[2023-01-12T15:20:57.881]Completed Shot 7, state 20
3401.910841 seconds (3.03 G allocations: 11.686 TiB, 20.74% gc time)
[2023-01-12T15:20:57.961]Completed Shot 7, state 1
3401.978109 seconds (3.03 G allocations: 11.687 TiB, 20.74% gc time)
[2023-01-12T15:20:58.029]Completed Shot 7, state 15
3402.214634 seconds (3.03 G allocations: 11.688 TiB, 20.74% gc time)
[2023-01-12T15:20:58.268]Completed Shot 7, state 44
3402.312563 seconds (3.03 G allocations: 11.688 TiB, 20.74% gc time)
[2023-01-12T15:20:58.363]Completed Shot 7, state 2
3402.489996 seconds (3.03 G allocations: 11.689 TiB, 20.74% gc time)
[2023-01-12T15:20:58.540]Completed Shot 7, state 5
3402.526169 seconds (3.03 G allocations: 11.689 TiB, 20.74% gc time)
[2023-01-12T15:20:58.577]Completed Shot 7, state 8
3402.598493 seconds (3.03 G allocations: 11.689 TiB, 20.74% gc time)
[2023-01-12T15:20:58.649]Completed Shot 7, state 3
3402.629956 seconds (3.03 G allocations: 11.689 TiB, 20.74% gc time)
[2023-01-12T15:20:58.683]Completed Shot 7, state 41
3402.658951 seconds (3.03 G allocations: 11.690 TiB, 20.74% gc time)
[2023-01-12T15:20:58.711]Completed Shot 7, state 29
3402.814793 seconds (3.03 G allocations: 11.690 TiB, 20.74% gc time)
[2023-01-12T15:20:58.866]Completed Shot 7, state 13
3402.946256 seconds (3.03 G allocations: 11.691 TiB, 20.74% gc time)
[2023-01-12T15:20:58.999]Completed Shot 7, state 34
3403.394031 seconds (3.03 G allocations: 11.692 TiB, 20.73% gc time)
[2023-01-12T15:20:59.444]Completed Shot 7, state 6
3403.676891 seconds (3.03 G allocations: 11.693 TiB, 20.73% gc time)
[2023-01-12T15:20:59.730]Completed Shot 7, state 33
3403.843204 seconds (3.03 G allocations: 11.694 TiB, 20.73% gc time)
[2023-01-12T15:20:59.897]Completed Shot 7, state 49
3403.894868 seconds (3.03 G allocations: 11.694 TiB, 20.73% gc time)
[2023-01-12T15:20:59.947]Completed Shot 7, state 30
3404.404404 seconds (3.03 G allocations: 11.696 TiB, 20.73% gc time)
[2023-01-12T15:21:00.457]Completed Shot 7, state 42
3404.469316 seconds (3.03 G allocations: 11.696 TiB, 20.73% gc time)
[2023-01-12T15:21:00.521]Completed Shot 7, state 22
3404.479102 seconds (3.03 G allocations: 11.696 TiB, 20.73% gc time)
[2023-01-12T15:21:00.532]Completed Shot 7, state 40
3404.529809 seconds (3.03 G allocations: 11.696 TiB, 20.73% gc time)
[2023-01-12T15:21:00.580]Completed Shot 7, state 4
3404.539450 seconds (3.03 G allocations: 11.696 TiB, 20.73% gc time)
[2023-01-12T15:21:00.591]Completed Shot 7, state 19
3404.544395 seconds (3.03 G allocations: 11.696 TiB, 20.73% gc time)
[2023-01-12T15:21:00.596]Completed Shot 7, state 26
3406.598864 seconds (3.03 G allocations: 11.696 TiB, 20.77% gc time)
[2023-01-12T15:21:02.652]Completed Shot 7, state 37
3406.660659 seconds (3.03 G allocations: 11.696 TiB, 20.77% gc time)
[2023-01-12T15:21:02.713]Completed Shot 7, state 23
3407.083261 seconds (3.03 G allocations: 11.697 TiB, 20.77% gc time)
[2023-01-12T15:21:03.136]Completed Shot 7, state 45
3407.139876 seconds (3.03 G allocations: 11.698 TiB, 20.77% gc time)
[2023-01-12T15:21:03.193]Completed Shot 7, state 35
3407.373404 seconds (3.03 G allocations: 11.698 TiB, 20.77% gc time)
[2023-01-12T15:21:03.425]Completed Shot 7, state 14
3407.435643 seconds (3.03 G allocations: 11.698 TiB, 20.76% gc time)
[2023-01-12T15:21:03.486]Completed Shot 7, state 11
3407.709979 seconds (3.03 G allocations: 11.698 TiB, 20.76% gc time)
[2023-01-12T15:21:03.763]Completed Shot 7, state 50
3407.749039 seconds (3.03 G allocations: 11.698 TiB, 20.76% gc time)
[2023-01-12T15:21:03.802]Completed Shot 7, state 48
3408.126934 seconds (3.03 G allocations: 11.699 TiB, 20.76% gc time)
[2023-01-12T15:21:04.179]Completed Shot 7, state 31
3408.386139 seconds (3.03 G allocations: 11.699 TiB, 20.76% gc time)
[2023-01-12T15:21:04.438]Completed Shot 7, state 25
3409.565851 seconds (3.03 G allocations: 11.700 TiB, 20.75% gc time)
[2023-01-12T15:21:05.618]Completed Shot 7, state 21
3409.809583 seconds (3.03 G allocations: 11.700 TiB, 20.75% gc time)
[2023-01-12T15:21:05.862]Completed Shot 7, state 28
3411.326215 seconds (3.03 G allocations: 11.700 TiB, 20.74% gc time)
[2023-01-12T15:21:07.377]Completed Shot 7, state 9
3238.953416 seconds (2.96 G allocations: 11.514 TiB, 20.86% gc time)
[2023-01-12T16:15:06.336]Completed Shot 8, state 42
3244.464000 seconds (2.97 G allocations: 11.541 TiB, 20.82% gc time)
[2023-01-12T16:15:11.846]Completed Shot 8, state 47
3244.854815 seconds (2.97 G allocations: 11.543 TiB, 20.82% gc time)
[2023-01-12T16:15:12.236]Completed Shot 8, state 23
3245.723489 seconds (2.97 G allocations: 11.547 TiB, 20.81% gc time)
[2023-01-12T16:15:13.104]Completed Shot 8, state 20
3245.906443 seconds (2.97 G allocations: 11.548 TiB, 20.81% gc time)
[2023-01-12T16:15:13.287]Completed Shot 8, state 16
3246.004387 seconds (2.97 G allocations: 11.549 TiB, 20.81% gc time)
[2023-01-12T16:15:13.384]Completed Shot 8, state 3
3246.003283 seconds (2.97 G allocations: 11.549 TiB, 20.81% gc time)
[2023-01-12T16:15:13.386]Completed Shot 8, state 43
3247.145812 seconds (2.97 G allocations: 11.555 TiB, 20.80% gc time)
[2023-01-12T16:15:14.529]Completed Shot 8, state 46
3247.482639 seconds (2.97 G allocations: 11.557 TiB, 20.80% gc time)
[2023-01-12T16:15:14.864]Completed Shot 8, state 32
3247.564682 seconds (2.97 G allocations: 11.557 TiB, 20.80% gc time)
[2023-01-12T16:15:14.946]Completed Shot 8, state 22
3247.660670 seconds (2.97 G allocations: 11.557 TiB, 20.80% gc time)
[2023-01-12T16:15:15.043]Completed Shot 8, state 49
3251.661839 seconds (2.97 G allocations: 11.558 TiB, 20.90% gc time)
[2023-01-12T16:15:19.043]Completed Shot 8, state 31
3251.876774 seconds (2.97 G allocations: 11.559 TiB, 20.89% gc time)
[2023-01-12T16:15:19.257]Completed Shot 8, state 13
3252.205320 seconds (2.97 G allocations: 11.560 TiB, 20.89% gc time)
[2023-01-12T16:15:19.586]Completed Shot 8, state 17
3252.840673 seconds (2.97 G allocations: 11.563 TiB, 20.89% gc time)
[2023-01-12T16:15:20.221]Completed Shot 8, state 15
3253.290474 seconds (2.98 G allocations: 11.566 TiB, 20.89% gc time)
[2023-01-12T16:15:20.672]Completed Shot 8, state 28
3253.383162 seconds (2.98 G allocations: 11.566 TiB, 20.88% gc time)
[2023-01-12T16:15:20.765]Completed Shot 8, state 30
3253.613468 seconds (2.98 G allocations: 11.567 TiB, 20.88% gc time)
[2023-01-12T16:15:20.995]Completed Shot 8, state 37
3253.806206 seconds (2.98 G allocations: 11.568 TiB, 20.88% gc time)
[2023-01-12T16:15:21.186]Completed Shot 8, state 10
3254.011138 seconds (2.98 G allocations: 11.569 TiB, 20.88% gc time)
[2023-01-12T16:15:21.390]Completed Shot 8, state 4
3254.095503 seconds (2.98 G allocations: 11.570 TiB, 20.88% gc time)
[2023-01-12T16:15:21.478]Completed Shot 8, state 50
3254.210207 seconds (2.98 G allocations: 11.570 TiB, 20.88% gc time)
[2023-01-12T16:15:21.590]Completed Shot 8, state 11
3254.433888 seconds (2.98 G allocations: 11.571 TiB, 20.88% gc time)
[2023-01-12T16:15:21.816]Completed Shot 8, state 35
3254.487280 seconds (2.98 G allocations: 11.571 TiB, 20.88% gc time)
[2023-01-12T16:15:21.869]Completed Shot 8, state 29
3254.626681 seconds (2.98 G allocations: 11.572 TiB, 20.88% gc time)
[2023-01-12T16:15:22.009]Completed Shot 8, state 38
3254.720256 seconds (2.98 G allocations: 11.572 TiB, 20.88% gc time)
[2023-01-12T16:15:22.100]Completed Shot 8, state 12
3254.755324 seconds (2.98 G allocations: 11.572 TiB, 20.88% gc time)
[2023-01-12T16:15:22.134]Completed Shot 8, state 2
3254.826622 seconds (2.98 G allocations: 11.572 TiB, 20.88% gc time)
[2023-01-12T16:15:22.206]Completed Shot 8, state 6
3254.877830 seconds (2.98 G allocations: 11.573 TiB, 20.88% gc time)
[2023-01-12T16:15:22.260]Completed Shot 8, state 36
3254.949463 seconds (2.98 G allocations: 11.573 TiB, 20.87% gc time)
[2023-01-12T16:15:22.331]Completed Shot 8, state 34
3254.955796 seconds (2.98 G allocations: 11.573 TiB, 20.87% gc time)
[2023-01-12T16:15:22.337]Completed Shot 8, state 26
3255.061660 seconds (2.98 G allocations: 11.573 TiB, 20.87% gc time)
[2023-01-12T16:15:22.443]Completed Shot 8, state 24
3255.111462 seconds (2.98 G allocations: 11.574 TiB, 20.87% gc time)
[2023-01-12T16:15:22.491]Completed Shot 8, state 9
3255.173236 seconds (2.98 G allocations: 11.574 TiB, 20.87% gc time)
[2023-01-12T16:15:22.553]Completed Shot 8, state 8
3255.270384 seconds (2.98 G allocations: 11.574 TiB, 20.87% gc time)
[2023-01-12T16:15:22.650]Completed Shot 8, state 14
3255.501703 seconds (2.98 G allocations: 11.575 TiB, 20.87% gc time)
[2023-01-12T16:15:22.884]Completed Shot 8, state 40
3255.507481 seconds (2.98 G allocations: 11.575 TiB, 20.87% gc time)
[2023-01-12T16:15:22.888]Completed Shot 8, state 18
3256.153456 seconds (2.98 G allocations: 11.576 TiB, 20.87% gc time)
[2023-01-12T16:15:23.535]Completed Shot 8, state 41
3256.439415 seconds (2.98 G allocations: 11.577 TiB, 20.87% gc time)
[2023-01-12T16:15:23.821]Completed Shot 8, state 33
3256.574940 seconds (2.98 G allocations: 11.577 TiB, 20.86% gc time)
[2023-01-12T16:15:23.957]Completed Shot 8, state 45
3256.620585 seconds (2.98 G allocations: 11.578 TiB, 20.86% gc time)
[2023-01-12T16:15:24]Completed Shot 8, state 7
3256.669565 seconds (2.98 G allocations: 11.578 TiB, 20.86% gc time)
[2023-01-12T16:15:24.051]Completed Shot 8, state 25
3257.044712 seconds (2.98 G allocations: 11.578 TiB, 20.86% gc time)
[2023-01-12T16:15:24.425]Completed Shot 8, state 21
3257.586263 seconds (2.98 G allocations: 11.579 TiB, 20.86% gc time)
[2023-01-12T16:15:24.968]Completed Shot 8, state 39
3257.798271 seconds (2.98 G allocations: 11.579 TiB, 20.86% gc time)
[2023-01-12T16:15:25.179]Completed Shot 8, state 27
3257.830100 seconds (2.98 G allocations: 11.579 TiB, 20.86% gc time)
[2023-01-12T16:15:25.212]Completed Shot 8, state 44
3258.099537 seconds (2.98 G allocations: 11.579 TiB, 20.85% gc time)
[2023-01-12T16:15:25.480]Completed Shot 8, state 19
3259.831721 seconds (2.98 G allocations: 11.580 TiB, 20.87% gc time)
[2023-01-12T16:15:27.214]Completed Shot 8, state 48
3259.891145 seconds (2.98 G allocations: 11.580 TiB, 20.87% gc time)
[2023-01-12T16:15:27.270]Completed Shot 8, state 5
3263.437687 seconds (2.98 G allocations: 11.580 TiB, 20.85% gc time)
[2023-01-12T16:15:30.816]Completed Shot 8, state 1
3285.706297 seconds (3.11 G allocations: 11.884 TiB, 21.88% gc time)
[2023-01-12T17:10:16.527]Completed Shot 9, state 18
3286.987298 seconds (3.11 G allocations: 11.891 TiB, 21.87% gc time)
[2023-01-12T17:10:17.812]Completed Shot 9, state 42
3287.369082 seconds (3.12 G allocations: 11.893 TiB, 21.87% gc time)
[2023-01-12T17:10:18.192]Completed Shot 9, state 28
3288.994822 seconds (3.12 G allocations: 11.902 TiB, 21.86% gc time)
[2023-01-12T17:10:19.819]Completed Shot 9, state 35
3290.357627 seconds (3.12 G allocations: 11.909 TiB, 21.85% gc time)
[2023-01-12T17:10:21.182]Completed Shot 9, state 36
3290.507968 seconds (3.12 G allocations: 11.910 TiB, 21.85% gc time)
[2023-01-12T17:10:21.330]Completed Shot 9, state 25
3290.550509 seconds (3.12 G allocations: 11.910 TiB, 21.85% gc time)
[2023-01-12T17:10:21.375]Completed Shot 9, state 38
3290.558114 seconds (3.12 G allocations: 11.910 TiB, 21.85% gc time)
[2023-01-12T17:10:21.381]Completed Shot 9, state 26
3296.310844 seconds (3.12 G allocations: 11.913 TiB, 21.97% gc time)
[2023-01-12T17:10:27.136]Completed Shot 9, state 46
3296.787373 seconds (3.12 G allocations: 11.916 TiB, 21.96% gc time)
[2023-01-12T17:10:27.607]Completed Shot 9, state 10
3297.504221 seconds (3.12 G allocations: 11.919 TiB, 21.96% gc time)
[2023-01-12T17:10:28.327]Completed Shot 9, state 29
3297.982855 seconds (3.12 G allocations: 11.922 TiB, 21.95% gc time)
[2023-01-12T17:10:28.806]Completed Shot 9, state 31
3297.990994 seconds (3.12 G allocations: 11.922 TiB, 21.95% gc time)
[2023-01-12T17:10:28.816]Completed Shot 9, state 41
3298.233421 seconds (3.12 G allocations: 11.923 TiB, 21.95% gc time)
[2023-01-12T17:10:29.056]Completed Shot 9, state 30
3298.304142 seconds (3.12 G allocations: 11.923 TiB, 21.95% gc time)
[2023-01-12T17:10:29.123]Completed Shot 9, state 7
3298.561777 seconds (3.12 G allocations: 11.925 TiB, 21.95% gc time)
[2023-01-12T17:10:29.380]Completed Shot 9, state 1
3298.802771 seconds (3.13 G allocations: 11.926 TiB, 21.95% gc time)
[2023-01-12T17:10:29.622]Completed Shot 9, state 9
3298.832039 seconds (3.13 G allocations: 11.926 TiB, 21.95% gc time)
[2023-01-12T17:10:29.653]Completed Shot 9, state 16
3298.848396 seconds (3.13 G allocations: 11.926 TiB, 21.95% gc time)
[2023-01-12T17:10:29.674]Completed Shot 9, state 48
3298.977087 seconds (3.13 G allocations: 11.927 TiB, 21.95% gc time)
[2023-01-12T17:10:29.802]Completed Shot 9, state 50
3299.153163 seconds (3.13 G allocations: 11.928 TiB, 21.95% gc time)
[2023-01-12T17:10:29.975]Completed Shot 9, state 23
3299.159191 seconds (3.13 G allocations: 11.928 TiB, 21.95% gc time)
[2023-01-12T17:10:29.983]Completed Shot 9, state 32
3299.203321 seconds (3.13 G allocations: 11.928 TiB, 21.95% gc time)
[2023-01-12T17:10:30.028]Completed Shot 9, state 43
3299.287182 seconds (3.13 G allocations: 11.928 TiB, 21.95% gc time)
[2023-01-12T17:10:30.111]Completed Shot 9, state 33
3299.621664 seconds (3.13 G allocations: 11.930 TiB, 21.94% gc time)
[2023-01-12T17:10:30.441]Completed Shot 9, state 5
3299.683574 seconds (3.13 G allocations: 11.930 TiB, 21.94% gc time)
[2023-01-12T17:10:30.502]Completed Shot 9, state 4
3299.883312 seconds (3.13 G allocations: 11.931 TiB, 21.94% gc time)
[2023-01-12T17:10:30.703]Completed Shot 9, state 13
3300.276819 seconds (3.13 G allocations: 11.932 TiB, 21.94% gc time)
[2023-01-12T17:10:31.096]Completed Shot 9, state 11
3300.320764 seconds (3.13 G allocations: 11.932 TiB, 21.94% gc time)
[2023-01-12T17:10:31.146]Completed Shot 9, state 49
3300.535923 seconds (3.13 G allocations: 11.933 TiB, 21.94% gc time)
[2023-01-12T17:10:31.358]Completed Shot 9, state 24
3300.632870 seconds (3.13 G allocations: 11.934 TiB, 21.94% gc time)
[2023-01-12T17:10:31.452]Completed Shot 9, state 8
3300.782816 seconds (3.13 G allocations: 11.934 TiB, 21.94% gc time)
[2023-01-12T17:10:31.608]Completed Shot 9, state 39
3300.806654 seconds (3.13 G allocations: 11.934 TiB, 21.94% gc time)
[2023-01-12T17:10:31.626]Completed Shot 9, state 6
3301.093464 seconds (3.13 G allocations: 11.935 TiB, 21.93% gc time)
[2023-01-12T17:10:31.919]Completed Shot 9, state 45
3301.253899 seconds (3.13 G allocations: 11.936 TiB, 21.93% gc time)
[2023-01-12T17:10:32.074]Completed Shot 9, state 15
3301.267065 seconds (3.13 G allocations: 11.936 TiB, 21.93% gc time)
[2023-01-12T17:10:32.089]Completed Shot 9, state 27
3301.325791 seconds (3.13 G allocations: 11.936 TiB, 21.93% gc time)
[2023-01-12T17:10:32.147]Completed Shot 9, state 20
3301.727273 seconds (3.13 G allocations: 11.937 TiB, 21.93% gc time)
[2023-01-12T17:10:32.552]Completed Shot 9, state 44
3301.848011 seconds (3.13 G allocations: 11.937 TiB, 21.93% gc time)
[2023-01-12T17:10:32.668]Completed Shot 9, state 14
3301.882189 seconds (3.13 G allocations: 11.937 TiB, 21.93% gc time)
[2023-01-12T17:10:32.703]Completed Shot 9, state 19
3301.941948 seconds (3.13 G allocations: 11.937 TiB, 21.93% gc time)
[2023-01-12T17:10:32.767]Completed Shot 9, state 40
3301.961255 seconds (3.13 G allocations: 11.937 TiB, 21.93% gc time)
[2023-01-12T17:10:32.780]Completed Shot 9, state 3
3302.440838 seconds (3.13 G allocations: 11.938 TiB, 21.92% gc time)
[2023-01-12T17:10:33.261]Completed Shot 9, state 17
3302.611701 seconds (3.13 G allocations: 11.938 TiB, 21.92% gc time)
[2023-01-12T17:10:33.436]Completed Shot 9, state 37
3302.708460 seconds (3.13 G allocations: 11.939 TiB, 21.92% gc time)
[2023-01-12T17:10:33.530]Completed Shot 9, state 21
3302.712223 seconds (3.13 G allocations: 11.939 TiB, 21.92% gc time)
[2023-01-12T17:10:33.537]Completed Shot 9, state 47
3302.884036 seconds (3.13 G allocations: 11.939 TiB, 21.92% gc time)
[2023-01-12T17:10:33.708]Completed Shot 9, state 34
3302.894874 seconds (3.13 G allocations: 11.939 TiB, 21.92% gc time)
[2023-01-12T17:10:33.715]Completed Shot 9, state 12
3303.403692 seconds (3.13 G allocations: 11.939 TiB, 21.92% gc time)
[2023-01-12T17:10:34.225]Completed Shot 9, state 22
3303.608322 seconds (3.13 G allocations: 11.939 TiB, 21.92% gc time)
[2023-01-12T17:10:34.427]Completed Shot 9, state 2
3283.716483 seconds (3.05 G allocations: 11.738 TiB, 21.91% gc time)
[2023-01-12T18:05:18.148]Completed Shot 10, state 27
3283.848443 seconds (3.05 G allocations: 11.738 TiB, 21.91% gc time)
[2023-01-12T18:05:18.280]Completed Shot 10, state 32
3284.211878 seconds (3.05 G allocations: 11.740 TiB, 21.91% gc time)
[2023-01-12T18:05:18.641]Completed Shot 10, state 6
3284.732613 seconds (3.05 G allocations: 11.743 TiB, 21.90% gc time)
[2023-01-12T18:05:19.165]Completed Shot 10, state 49
3286.099803 seconds (3.06 G allocations: 11.750 TiB, 21.89% gc time)
[2023-01-12T18:05:20.531]Completed Shot 10, state 25
3287.467810 seconds (3.06 G allocations: 11.757 TiB, 21.88% gc time)
[2023-01-12T18:05:21.900]Completed Shot 10, state 40
3287.470182 seconds (3.06 G allocations: 11.757 TiB, 21.88% gc time)
[2023-01-12T18:05:21.902]Completed Shot 10, state 44
3287.533016 seconds (3.06 G allocations: 11.757 TiB, 21.88% gc time)
[2023-01-12T18:05:21.965]Completed Shot 10, state 33
3288.616382 seconds (3.06 G allocations: 11.762 TiB, 21.88% gc time)
[2023-01-12T18:05:23.047]Completed Shot 10, state 21
3288.670294 seconds (3.06 G allocations: 11.763 TiB, 21.88% gc time)
[2023-01-12T18:05:23.099]Completed Shot 10, state 7
3289.023973 seconds (3.06 G allocations: 11.765 TiB, 21.87% gc time)
[2023-01-12T18:05:23.456]Completed Shot 10, state 47
3289.374731 seconds (3.06 G allocations: 11.766 TiB, 21.87% gc time)
[2023-01-12T18:05:23.805]Completed Shot 10, state 14
3289.618224 seconds (3.06 G allocations: 11.767 TiB, 21.87% gc time)
[2023-01-12T18:05:24.049]Completed Shot 10, state 22
3290.154375 seconds (3.06 G allocations: 11.770 TiB, 21.87% gc time)
[2023-01-12T18:05:24.586]Completed Shot 10, state 38
3290.179306 seconds (3.06 G allocations: 11.770 TiB, 21.87% gc time)
[2023-01-12T18:05:24.609]Completed Shot 10, state 15
3290.218683 seconds (3.06 G allocations: 11.770 TiB, 21.87% gc time)
[2023-01-12T18:05:24.649]Completed Shot 10, state 11
3290.326369 seconds (3.06 G allocations: 11.770 TiB, 21.87% gc time)
[2023-01-12T18:05:24.756]Completed Shot 10, state 8
3290.744377 seconds (3.06 G allocations: 11.772 TiB, 21.86% gc time)
[2023-01-12T18:05:25.176]Completed Shot 10, state 30
3290.790206 seconds (3.06 G allocations: 11.772 TiB, 21.86% gc time)
[2023-01-12T18:05:25.221]Completed Shot 10, state 24
3291.165405 seconds (3.06 G allocations: 11.774 TiB, 21.86% gc time)
[2023-01-12T18:05:25.598]Completed Shot 10, state 43
3291.237069 seconds (3.06 G allocations: 11.774 TiB, 21.86% gc time)
[2023-01-12T18:05:25.667]Completed Shot 10, state 18
3291.269741 seconds (3.06 G allocations: 11.774 TiB, 21.86% gc time)
[2023-01-12T18:05:25.701]Completed Shot 10, state 34
3291.460302 seconds (3.06 G allocations: 11.775 TiB, 21.86% gc time)
[2023-01-12T18:05:25.890]Completed Shot 10, state 9
3291.793687 seconds (3.06 G allocations: 11.777 TiB, 21.86% gc time)
[2023-01-12T18:05:26.225]Completed Shot 10, state 28
3297.092226 seconds (3.06 G allocations: 11.780 TiB, 21.96% gc time)
[2023-01-12T18:05:31.521]Completed Shot 10, state 1
3297.178957 seconds (3.06 G allocations: 11.780 TiB, 21.96% gc time)
[2023-01-12T18:05:31.611]Completed Shot 10, state 46
3297.540468 seconds (3.06 G allocations: 11.781 TiB, 21.95% gc time)
[2023-01-12T18:05:31.972]Completed Shot 10, state 31
3297.551254 seconds (3.06 G allocations: 11.781 TiB, 21.95% gc time)
[2023-01-12T18:05:31.983]Completed Shot 10, state 42
3297.629650 seconds (3.06 G allocations: 11.782 TiB, 21.95% gc time)
[2023-01-12T18:05:32.058]Completed Shot 10, state 2
3297.723350 seconds (3.06 G allocations: 11.782 TiB, 21.95% gc time)
3297.723244 seconds (3.06 G allocations: 11.782 TiB, 21.95% gc time)
[[2023-01-12T18:05:32.1542023-01-12T18:05:32.154]Completed Shot 10, state 19]Completed Shot 10, state 20

3297.729924 seconds (3.06 G allocations: 11.782 TiB, 21.95% gc time)
[2023-01-12T18:05:32.158]Completed Shot 10, state 3
3297.814209 seconds (3.06 G allocations: 11.782 TiB, 21.95% gc time)
[2023-01-12T18:05:32.243]Completed Shot 10, state 5
3297.839089 seconds (3.06 G allocations: 11.782 TiB, 21.95% gc time)
[2023-01-12T18:05:32.270]Completed Shot 10, state 26
3297.928300 seconds (3.06 G allocations: 11.783 TiB, 21.95% gc time)
[2023-01-12T18:05:32.358]Completed Shot 10, state 12
3298.121069 seconds (3.06 G allocations: 11.783 TiB, 21.95% gc time)
[2023-01-12T18:05:32.550]Completed Shot 10, state 4
3298.298888 seconds (3.06 G allocations: 11.784 TiB, 21.95% gc time)
[2023-01-12T18:05:32.731]Completed Shot 10, state 45
3298.846791 seconds (3.07 G allocations: 11.785 TiB, 21.95% gc time)
[2023-01-12T18:05:33.276]Completed Shot 10, state 10
3298.871603 seconds (3.07 G allocations: 11.785 TiB, 21.95% gc time)
[2023-01-12T18:05:33.302]Completed Shot 10, state 17
3299.234921 seconds (3.07 G allocations: 11.786 TiB, 21.94% gc time)
[2023-01-12T18:05:33.667]Completed Shot 10, state 39
3299.262174 seconds (3.07 G allocations: 11.786 TiB, 21.94% gc time)
[2023-01-12T18:05:33.694]Completed Shot 10, state 35
3299.370181 seconds (3.07 G allocations: 11.786 TiB, 21.94% gc time)
[2023-01-12T18:05:33.801]Completed Shot 10, state 29
3299.437045 seconds (3.07 G allocations: 11.786 TiB, 21.94% gc time)
[2023-01-12T18:05:33.869]Completed Shot 10, state 36
3299.608233 seconds (3.07 G allocations: 11.787 TiB, 21.94% gc time)
[2023-01-12T18:05:34.038]Completed Shot 10, state 13
3299.770917 seconds (3.07 G allocations: 11.787 TiB, 21.94% gc time)
[2023-01-12T18:05:34.203]Completed Shot 10, state 50
3300.641826 seconds (3.07 G allocations: 11.788 TiB, 21.93% gc time)
[2023-01-12T18:05:35.074]Completed Shot 10, state 37
3301.207509 seconds (3.07 G allocations: 11.788 TiB, 21.93% gc time)
[2023-01-12T18:05:35.640]Completed Shot 10, state 41
3301.518715 seconds (3.07 G allocations: 11.788 TiB, 21.93% gc time)
[2023-01-12T18:05:35.949]Completed Shot 10, state 16
3303.183276 seconds (3.07 G allocations: 11.789 TiB, 21.92% gc time)
[2023-01-12T18:05:37.614]Completed Shot 10, state 23
3304.092142 seconds (3.07 G allocations: 11.789 TiB, 21.91% gc time)
[2023-01-12T18:05:38.524]Completed Shot 10, state 48
[2023-01-12T18:05:38.525]**********Simulation completed!**********
[2023-01-12T18:05:38.525]**********Saving**********
[2023-01-12T18:05:42.633]Saving file: /gpfs/bwfor/work/ws/hd_ku269-logs/LightCones/2023-01-12/501065_N11_BS.jld2
[2023-01-12T18:05:44.624]**********Run completed!**********
============================= JOB FEEDBACK =============================
Job ID: 501065
Cluster: helix
User/Group: hd_ku269/hd_hd
State: COMPLETED (exit code 0)
Nodes: 1
Cores per node: 64
CPU Utilized: 22-23:53:14
CPU Efficiency: 89.56% of 25-16:13:52 core-walltime
Job Wall-clock time: 09:37:43
Memory Utilized: 111.92 GB
Memory Efficiency: 47.42% of 236.00 GB
