Added MKL.jl
Project LightCones v0.1.0
Status `/gpfs/bwfor/work/ws/hd_ku269-light_cones/WorkingFolder/Project.toml`
⌃ [7d9fca2a] Arpack v0.5.3
⌃ [7073ff75] IJulia v1.23.3
⌃ [033835bb] JLD2 v0.4.25
  [0b1a1467] KrylovKit v0.6.0
  [d3d80556] LineSearches v7.2.0
  [33e6dc65] MKL v0.6.0
⌃ [429524aa] Optim v1.7.3
⌃ [91a5bcdd] Plots v1.35.5
⌃ [c3e4b0f8] Pluto v0.19.14
  [3c0b384b] QuantumInformation v0.4.9
  [189a3867] Reexport v1.2.2
⌃ [295af30f] Revise v3.4.0
  [ebcc8a00] SpinSymmetry v0.3.3
  [59d54670] ThreadedSparseArrays v0.2.2
  [ade2ca70] Dates
  [8ba89e20] Distributed
  [37e2e46d] LinearAlgebra
  [de0858da] Printf
  [9a3f8284] Random
  [1a1011a3] SharedArrays
  [2f01184e] SparseArrays
  [10745b16] Statistics
Info Packages marked with ⌃ have new versions available and may be upgradable.
[2023-01-09T10:19:54.073]**********RANDOM FIELDS**********
shared_krylov.jl
Working Directory:          /gpfs/bwfor/work/ws/hd_ku269-light_cones/WorkingFolder
SLURM Directory:            /gpfs/bwfor/work/ws/hd_ku269-light_cones/WorkingFolder 
Running on host:            p03n02
Job id:                     468919
Job name:                   otoc_simulation_N11_TR_FIDONLY
Number of nodes allocated:  
Number of cores allocated:  1
#threads of Julia:          64
#threads of BLAS:           1
ARGS = ["11", "10", "50", "BS", "x", "12", "50", "WAHUHA"]
LOCATION = "/gpfs/bwfor/work/ws/hd_ku269-logs/LightCones/2023-01-09"
N = 11
SHOTS = 10
MULT_RANDOM_STATES = true
N_RANDOM_STATES = 50
TYPE_OF_RS = "BS"
OBSERVABLE = "x"
DISORDER_PARAM = 12.0
[2023-01-09T10:19:54.254]**********Running simulation**********
[2023-01-09T10:19:54.307]trange = 0.1:0.1:20.0
[2023-01-09T10:19:54.597]A = σx
[2023-01-09T10:19:55.266]alpha=6
[2023-01-09T10:19:55.266]PBC
4[2023-01-09T10:19:57.943]Operations set up.
Using multiple states.
3120.225836 seconds (2.87 G allocations: 6.857 TiB, 18.77% gc time, 0.10% compilation time)
3120.257631 seconds (2.87 G allocations: 6.857 TiB, 18.77% gc time, 0.10% compilation time)
[2023-01-09T11:12:13.843]Completed Shot 1, state 27
[2023-01-09T11:12:13.843]Completed Shot 1, state 3
3126.956792 seconds (2.88 G allocations: 6.866 TiB, 18.73% gc time, 0.25% compilation time)
[2023-01-09T11:12:15.893]Completed Shot 1, state 1
3126.658438 seconds (2.88 G allocations: 6.875 TiB, 18.79% gc time, 0.10% compilation time)
[2023-01-09T11:12:20.172]Completed Shot 1, state 19
3127.018059 seconds (2.88 G allocations: 6.877 TiB, 18.79% gc time, 0.10% compilation time)
[2023-01-09T11:12:20.621]Completed Shot 1, state 46
3133.865817 seconds (2.89 G allocations: 6.886 TiB, 18.75% gc time, 0.25% compilation time)
[2023-01-09T11:12:22.803]Completed Shot 1, state 10
3129.681411 seconds (2.89 G allocations: 6.888 TiB, 18.78% gc time, 0.10% compilation time)
[2023-01-09T11:12:23.315]Completed Shot 1, state 50
3132.565022 seconds (2.89 G allocations: 6.894 TiB, 18.81% gc time, 0.09% compilation time)
[2023-01-09T11:12:26.381]Completed Shot 1, state 21
3133.057330 seconds (2.89 G allocations: 6.896 TiB, 18.81% gc time, 0.09% compilation time)
[2023-01-09T11:12:26.856]Completed Shot 1, state 25
3133.047113 seconds (2.89 G allocations: 6.896 TiB, 18.81% gc time, 0.09% compilation time)
[2023-01-09T11:12:26.861]Completed Shot 1, state 18
3133.284964 seconds (2.89 G allocations: 6.896 TiB, 18.81% gc time, 0.10% compilation time)
[2023-01-09T11:12:26.920]Completed Shot 1, state 4
3134.258568 seconds (2.89 G allocations: 6.900 TiB, 18.80% gc time, 0.10% compilation time)
[2023-01-09T11:12:27.863]Completed Shot 1, state 23
3134.117516 seconds (2.89 G allocations: 6.900 TiB, 18.80% gc time, 0.09% compilation time)
[2023-01-09T11:12:27.921]Completed Shot 1, state 32
3134.887488 seconds (2.89 G allocations: 6.903 TiB, 18.80% gc time, 0.10% compilation time)
[2023-01-09T11:12:28.520]Completed Shot 1, state 16
3137.506665 seconds (2.90 G allocations: 6.908 TiB, 18.83% gc time, 0.09% compilation time)
[2023-01-09T11:12:31.324]Completed Shot 1, state 24
3137.997742 seconds (2.90 G allocations: 6.909 TiB, 18.82% gc time, 0.10% compilation time)
[2023-01-09T11:12:31.510]Completed Shot 1, state 43
3139.151056 seconds (2.90 G allocations: 6.914 TiB, 18.82% gc time, 0.10% compilation time)
[2023-01-09T11:12:32.785]Completed Shot 1, state 45
3139.463809 seconds (2.90 G allocations: 6.915 TiB, 18.81% gc time, 0.10% compilation time)
[2023-01-09T11:12:33.065]Completed Shot 1, state 2
3139.352555 seconds (2.90 G allocations: 6.915 TiB, 18.81% gc time, 0.09% compilation time)
[2023-01-09T11:12:33.145]Completed Shot 1, state 17
3139.638505 seconds (2.90 G allocations: 6.917 TiB, 18.81% gc time, 0.09% compilation time)
[2023-01-09T11:12:33.447]Completed Shot 1, state 37
3141.624102 seconds (2.90 G allocations: 6.920 TiB, 18.83% gc time, 0.09% compilation time)
[2023-01-09T11:12:35.444]Completed Shot 1, state 30
3142.335733 seconds (2.90 G allocations: 6.923 TiB, 18.83% gc time, 0.09% compilation time)
[2023-01-09T11:12:36.142]Completed Shot 1, state 26
3142.388386 seconds (2.90 G allocations: 6.923 TiB, 18.83% gc time, 0.09% compilation time)
[2023-01-09T11:12:36.186]Completed Shot 1, state 5
3142.756128 seconds (2.90 G allocations: 6.924 TiB, 18.82% gc time, 0.10% compilation time)
[2023-01-09T11:12:36.356]Completed Shot 1, state 9
3142.873195 seconds (2.90 G allocations: 6.924 TiB, 18.82% gc time, 0.10% compilation time)
[2023-01-09T11:12:36.506]Completed Shot 1, state 38
3143.188631 seconds (2.90 G allocations: 6.926 TiB, 18.82% gc time, 0.10% compilation time)
[2023-01-09T11:12:36.821]Completed Shot 1, state 36
3143.467387 seconds (2.90 G allocations: 6.926 TiB, 18.82% gc time, 0.10% compilation time)
[2023-01-09T11:12:36.980]Completed Shot 1, state 33
3143.739815 seconds (2.90 G allocations: 6.927 TiB, 18.82% gc time, 0.10% compilation time)
[2023-01-09T11:12:37.252]Completed Shot 1, state 44
3143.516248 seconds (2.90 G allocations: 6.927 TiB, 18.82% gc time, 0.09% compilation time)
[2023-01-09T11:12:37.309]Completed Shot 1, state 11
3143.760993 seconds (2.90 G allocations: 6.928 TiB, 18.82% gc time, 0.09% compilation time)
[2023-01-09T11:12:37.554]Completed Shot 1, state 29
3148.702173 seconds (2.90 G allocations: 6.928 TiB, 18.79% gc time, 0.25% compilation time)
[2023-01-09T11:12:37.639]Completed Shot 1, state 22
3144.146636 seconds (2.90 G allocations: 6.928 TiB, 18.82% gc time, 0.10% compilation time)
[2023-01-09T11:12:37.659]Completed Shot 1, state 41
3145.286847 seconds (2.90 G allocations: 6.930 TiB, 18.83% gc time, 0.09% compilation time)
[2023-01-09T11:12:39.090]Completed Shot 1, state 35
3145.851422 seconds (2.91 G allocations: 6.931 TiB, 18.83% gc time, 0.10% compilation time)
[2023-01-09T11:12:39.485]Completed Shot 1, state 40
3146.082061 seconds (2.91 G allocations: 6.932 TiB, 18.83% gc time, 0.10% compilation time)
[2023-01-09T11:12:39.665]Completed Shot 1, state 7
3146.363220 seconds (2.91 G allocations: 6.932 TiB, 18.83% gc time, 0.10% compilation time)
[2023-01-09T11:12:39.945]Completed Shot 1, state 42
3146.733566 seconds (2.91 G allocations: 6.933 TiB, 18.83% gc time, 0.10% compilation time)
[2023-01-09T11:12:40.246]Completed Shot 1, state 48
3147.000093 seconds (2.91 G allocations: 6.934 TiB, 18.82% gc time, 0.10% compilation time)
[2023-01-09T11:12:40.582]Completed Shot 1, state 31
3147.989021 seconds (2.91 G allocations: 6.935 TiB, 18.83% gc time, 0.09% compilation time)
[2023-01-09T11:12:41.787]Completed Shot 1, state 14
3148.375958 seconds (2.91 G allocations: 6.936 TiB, 18.83% gc time, 0.10% compilation time)
[2023-01-09T11:12:41.991]Completed Shot 1, state 28
3148.385071 seconds (2.91 G allocations: 6.936 TiB, 18.83% gc time, 0.09% compilation time)
[2023-01-09T11:12:42.203]Completed Shot 1, state 13
3149.009007 seconds (2.91 G allocations: 6.937 TiB, 18.83% gc time, 0.09% compilation time)
[2023-01-09T11:12:42.807]Completed Shot 1, state 34
3149.257371 seconds (2.91 G allocations: 6.937 TiB, 18.82% gc time, 0.10% compilation time)
[2023-01-09T11:12:42.889]Completed Shot 1, state 39
3149.246022 seconds (2.91 G allocations: 6.937 TiB, 18.82% gc time, 0.09% compilation time)
[2023-01-09T11:12:43.044]Completed Shot 1, state 8
3154.157396 seconds (2.91 G allocations: 6.937 TiB, 18.79% gc time, 0.25% compilation time)
[2023-01-09T11:12:43.094]Completed Shot 1, state 49
3156.338762 seconds (2.91 G allocations: 6.939 TiB, 18.79% gc time, 0.25% compilation time)
[2023-01-09T11:12:45.275]Completed Shot 1, state 15
3152.740091 seconds (2.91 G allocations: 6.939 TiB, 18.81% gc time, 0.10% compilation time)
[2023-01-09T11:12:46.322]Completed Shot 1, state 6
3155.051420 seconds (2.91 G allocations: 6.940 TiB, 18.80% gc time, 0.10% compilation time)
[2023-01-09T11:12:48.564]Completed Shot 1, state 47
3155.483463 seconds (2.91 G allocations: 6.940 TiB, 18.79% gc time, 0.10% compilation time)
[2023-01-09T11:12:48.996]Completed Shot 1, state 20
3160.197686 seconds (2.91 G allocations: 6.941 TiB, 18.77% gc time, 0.09% compilation time)
[2023-01-09T11:12:53.990]Completed Shot 1, state 12
2686.505849 seconds (2.55 G allocations: 6.121 TiB, 19.66% gc time)
[2023-01-09T11:57:40.500]Completed Shot 2, state 2
2688.260546 seconds (2.55 G allocations: 6.123 TiB, 19.69% gc time)
[2023-01-09T11:57:42.257]Completed Shot 2, state 22
2690.987248 seconds (2.55 G allocations: 6.134 TiB, 19.67% gc time)
[2023-01-09T11:57:44.984]Completed Shot 2, state 38
2693.636171 seconds (2.55 G allocations: 6.139 TiB, 19.70% gc time)
[2023-01-09T11:57:47.632]Completed Shot 2, state 18
2696.399348 seconds (2.56 G allocations: 6.151 TiB, 19.68% gc time)
[2023-01-09T11:57:50.396]Completed Shot 2, state 29
2696.423649 seconds (2.56 G allocations: 6.151 TiB, 19.68% gc time)
[2023-01-09T11:57:50.419]Completed Shot 2, state 14
2698.133870 seconds (2.56 G allocations: 6.152 TiB, 19.72% gc time)
[2023-01-09T11:57:52.130]Completed Shot 2, state 28
2698.396917 seconds (2.56 G allocations: 6.153 TiB, 19.72% gc time)
[2023-01-09T11:57:52.394]Completed Shot 2, state 50
2698.502195 seconds (2.56 G allocations: 6.153 TiB, 19.72% gc time)
[2023-01-09T11:57:52.498]Completed Shot 2, state 23
2698.755889 seconds (2.56 G allocations: 6.154 TiB, 19.72% gc time)
[2023-01-09T11:57:52.753]Completed Shot 2, state 41
2699.223463 seconds (2.56 G allocations: 6.156 TiB, 19.71% gc time)
[2023-01-09T11:57:53.219]Completed Shot 2, state 11
2699.226859 seconds (2.56 G allocations: 6.156 TiB, 19.71% gc time)
[2023-01-09T11:57:53.224]Completed Shot 2, state 43
2699.393668 seconds (2.56 G allocations: 6.157 TiB, 19.71% gc time)
[2023-01-09T11:57:53.391]Completed Shot 2, state 48
2699.594449 seconds (2.56 G allocations: 6.158 TiB, 19.71% gc time)
[2023-01-09T11:57:53.590]Completed Shot 2, state 12
2700.149421 seconds (2.56 G allocations: 6.160 TiB, 19.71% gc time)
[2023-01-09T11:57:54.144]Completed Shot 2, state 4
2700.183331 seconds (2.56 G allocations: 6.160 TiB, 19.71% gc time)
[2023-01-09T11:57:54.180]Completed Shot 2, state 30
2700.336364 seconds (2.56 G allocations: 6.161 TiB, 19.71% gc time)
[2023-01-09T11:57:54.331]Completed Shot 2, state 7
2701.927970 seconds (2.57 G allocations: 6.164 TiB, 19.72% gc time)
[2023-01-09T11:57:55.925]Completed Shot 2, state 39
2702.141635 seconds (2.57 G allocations: 6.165 TiB, 19.72% gc time)
[2023-01-09T11:57:56.138]Completed Shot 2, state 24
2702.543785 seconds (2.57 G allocations: 6.167 TiB, 19.72% gc time)
[2023-01-09T11:57:56.540]Completed Shot 2, state 21
2702.892970 seconds (2.57 G allocations: 6.168 TiB, 19.71% gc time)
[2023-01-09T11:57:56.890]Completed Shot 2, state 42
2703.033909 seconds (2.57 G allocations: 6.168 TiB, 19.71% gc time)
[2023-01-09T11:57:57.031]Completed Shot 2, state 44
2703.502142 seconds (2.57 G allocations: 6.170 TiB, 19.71% gc time)
[2023-01-09T11:57:57.498]Completed Shot 2, state 17
2704.700149 seconds (2.57 G allocations: 6.172 TiB, 19.72% gc time)
[2023-01-09T11:57:58.695]Completed Shot 2, state 5
2705.884127 seconds (2.57 G allocations: 6.176 TiB, 19.71% gc time)
[2023-01-09T11:57:59.881]Completed Shot 2, state 34
2705.890129 seconds (2.57 G allocations: 6.176 TiB, 19.71% gc time)
[2023-01-09T11:57:59.887]Completed Shot 2, state 46
2706.016459 seconds (2.57 G allocations: 6.176 TiB, 19.71% gc time)
[2023-01-09T11:58:00.013]Completed Shot 2, state 40
2706.142827 seconds (2.57 G allocations: 6.177 TiB, 19.71% gc time)
[2023-01-09T11:58:00.140]Completed Shot 2, state 49
2707.232104 seconds (2.57 G allocations: 6.178 TiB, 19.72% gc time)
[2023-01-09T11:58:01.229]Completed Shot 2, state 33
2707.332786 seconds (2.57 G allocations: 6.179 TiB, 19.72% gc time)
[2023-01-09T11:58:01.329]Completed Shot 2, state 31
2707.453935 seconds (2.57 G allocations: 6.179 TiB, 19.72% gc time)
[2023-01-09T11:58:01.449]Completed Shot 2, state 10
2707.629066 seconds (2.57 G allocations: 6.180 TiB, 19.72% gc time)
[2023-01-09T11:58:01.624]Completed Shot 2, state 16
2708.093394 seconds (2.57 G allocations: 6.181 TiB, 19.72% gc time)
[2023-01-09T11:58:02.090]Completed Shot 2, state 47
2709.255779 seconds (2.57 G allocations: 6.183 TiB, 19.72% gc time)
[2023-01-09T11:58:03.253]Completed Shot 2, state 36
2709.417992 seconds (2.57 G allocations: 6.183 TiB, 19.72% gc time)
[2023-01-09T11:58:03.413]Completed Shot 2, state 9
2709.558501 seconds (2.57 G allocations: 6.184 TiB, 19.72% gc time)
[2023-01-09T11:58:03.555]Completed Shot 2, state 37
2710.258802 seconds (2.57 G allocations: 6.185 TiB, 19.71% gc time)
[2023-01-09T11:58:04.255]Completed Shot 2, state 20
2710.290144 seconds (2.57 G allocations: 6.185 TiB, 19.71% gc time)
[2023-01-09T11:58:04.285]Completed Shot 2, state 13
2710.346880 seconds (2.57 G allocations: 6.185 TiB, 19.71% gc time)
[2023-01-09T11:58:04.343]Completed Shot 2, state 32
2710.370502 seconds (2.57 G allocations: 6.185 TiB, 19.71% gc time)
[2023-01-09T11:58:04.364]Completed Shot 2, state 1
2710.530160 seconds (2.57 G allocations: 6.186 TiB, 19.71% gc time)
[2023-01-09T11:58:04.527]Completed Shot 2, state 45
2710.689303 seconds (2.57 G allocations: 6.186 TiB, 19.71% gc time)
[2023-01-09T11:58:04.685]Completed Shot 2, state 15
2710.715269 seconds (2.57 G allocations: 6.186 TiB, 19.71% gc time)
[2023-01-09T11:58:04.711]Completed Shot 2, state 27
2710.832114 seconds (2.57 G allocations: 6.186 TiB, 19.71% gc time)
[2023-01-09T11:58:04.827]Completed Shot 2, state 6
2711.853806 seconds (2.57 G allocations: 6.187 TiB, 19.71% gc time)
[2023-01-09T11:58:05.848]Completed Shot 2, state 3
2712.427679 seconds (2.57 G allocations: 6.187 TiB, 19.71% gc time)
[2023-01-09T11:58:06.423]Completed Shot 2, state 19
2712.475050 seconds (2.57 G allocations: 6.187 TiB, 19.71% gc time)
[2023-01-09T11:58:06.471]Completed Shot 2, state 26
2712.772560 seconds (2.57 G allocations: 6.187 TiB, 19.71% gc time)
[2023-01-09T11:58:06.769]Completed Shot 2, state 35
2713.226146 seconds (2.57 G allocations: 6.187 TiB, 19.70% gc time)
[2023-01-09T11:58:07.221]Completed Shot 2, state 8
2722.225337 seconds (2.58 G allocations: 6.188 TiB, 19.64% gc time)
[2023-01-09T11:58:16.221]Completed Shot 2, state 25
2462.996940 seconds (2.34 G allocations: 5.646 TiB, 19.44% gc time)
[2023-01-09T12:39:19.222]Completed Shot 3, state 4
2467.993363 seconds (2.34 G allocations: 5.662 TiB, 19.45% gc time)
[2023-01-09T12:39:24.221]Completed Shot 3, state 48
2468.368627 seconds (2.35 G allocations: 5.663 TiB, 19.44% gc time)
[2023-01-09T12:39:24.594]Completed Shot 3, state 10
2471.515177 seconds (2.35 G allocations: 5.671 TiB, 19.47% gc time)
[2023-01-09T12:39:27.742]Completed Shot 3, state 29
2472.624806 seconds (2.35 G allocations: 5.676 TiB, 19.46% gc time)
[2023-01-09T12:39:28.852]Completed Shot 3, state 36
2472.876437 seconds (2.35 G allocations: 5.677 TiB, 19.46% gc time)
[2023-01-09T12:39:29.100]Completed Shot 3, state 2
2474.984310 seconds (2.35 G allocations: 5.680 TiB, 19.50% gc time)
[2023-01-09T12:39:31.210]Completed Shot 3, state 17
2475.165625 seconds (2.35 G allocations: 5.681 TiB, 19.50% gc time)
[2023-01-09T12:39:31.392]Completed Shot 3, state 27
2475.430588 seconds (2.35 G allocations: 5.682 TiB, 19.49% gc time)
[2023-01-09T12:39:31.657]Completed Shot 3, state 32
2475.629684 seconds (2.35 G allocations: 5.683 TiB, 19.49% gc time)
[2023-01-09T12:39:31.857]Completed Shot 3, state 47
2475.774602 seconds (2.35 G allocations: 5.683 TiB, 19.49% gc time)
[2023-01-09T12:39:32]Completed Shot 3, state 15
2476.109093 seconds (2.35 G allocations: 5.685 TiB, 19.49% gc time)
[2023-01-09T12:39:32.336]Completed Shot 3, state 42
2477.678343 seconds (2.36 G allocations: 5.688 TiB, 19.51% gc time)
[2023-01-09T12:39:33.904]Completed Shot 3, state 16
2477.986751 seconds (2.36 G allocations: 5.689 TiB, 19.50% gc time)
[2023-01-09T12:39:34.213]Completed Shot 3, state 20
2478.106615 seconds (2.36 G allocations: 5.690 TiB, 19.50% gc time)
[2023-01-09T12:39:34.333]Completed Shot 3, state 34
2478.424155 seconds (2.36 G allocations: 5.691 TiB, 19.50% gc time)
[2023-01-09T12:39:34.649]Completed Shot 3, state 6
2478.486388 seconds (2.36 G allocations: 5.692 TiB, 19.50% gc time)
[2023-01-09T12:39:34.711]Completed Shot 3, state 5
2478.675653 seconds (2.36 G allocations: 5.692 TiB, 19.50% gc time)
[2023-01-09T12:39:34.902]Completed Shot 3, state 45
2478.996321 seconds (2.36 G allocations: 5.694 TiB, 19.50% gc time)
[2023-01-09T12:39:35.222]Completed Shot 3, state 11
2479.017850 seconds (2.36 G allocations: 5.694 TiB, 19.50% gc time)
[2023-01-09T12:39:35.243]Completed Shot 3, state 13
2479.092082 seconds (2.36 G allocations: 5.694 TiB, 19.50% gc time)
[2023-01-09T12:39:35.319]Completed Shot 3, state 38
2479.130438 seconds (2.36 G allocations: 5.694 TiB, 19.49% gc time)
[2023-01-09T12:39:35.358]Completed Shot 3, state 50
2479.284442 seconds (2.36 G allocations: 5.695 TiB, 19.49% gc time)
[2023-01-09T12:39:35.511]Completed Shot 3, state 35
2480.049922 seconds (2.36 G allocations: 5.695 TiB, 19.51% gc time)
[2023-01-09T12:39:36.277]Completed Shot 3, state 39
2480.080963 seconds (2.36 G allocations: 5.695 TiB, 19.51% gc time)
[2023-01-09T12:39:36.307]Completed Shot 3, state 30
2480.104562 seconds (2.36 G allocations: 5.696 TiB, 19.51% gc time)
[2023-01-09T12:39:36.330]Completed Shot 3, state 21
2480.253877 seconds (2.36 G allocations: 5.696 TiB, 19.51% gc time)
[2023-01-09T12:39:36.481]Completed Shot 3, state 43
2480.332752 seconds (2.36 G allocations: 5.696 TiB, 19.51% gc time)
[2023-01-09T12:39:36.559]Completed Shot 3, state 26
2480.615341 seconds (2.36 G allocations: 5.697 TiB, 19.51% gc time)
[2023-01-09T12:39:36.841]Completed Shot 3, state 25
2480.627277 seconds (2.36 G allocations: 5.697 TiB, 19.50% gc time)
[2023-01-09T12:39:36.853]Completed Shot 3, state 19
2480.871187 seconds (2.36 G allocations: 5.698 TiB, 19.50% gc time)
[2023-01-09T12:39:37.097]Completed Shot 3, state 18
2480.895634 seconds (2.36 G allocations: 5.698 TiB, 19.50% gc time)
[2023-01-09T12:39:37.120]Completed Shot 3, state 1
2481.031879 seconds (2.36 G allocations: 5.698 TiB, 19.50% gc time)
[2023-01-09T12:39:37.258]Completed Shot 3, state 33
2481.235397 seconds (2.36 G allocations: 5.699 TiB, 19.50% gc time)
[2023-01-09T12:39:37.462]Completed Shot 3, state 46
2481.236258 seconds (2.36 G allocations: 5.699 TiB, 19.50% gc time)
[2023-01-09T12:39:37.463]Completed Shot 3, state 49
2481.687899 seconds (2.36 G allocations: 5.699 TiB, 19.51% gc time)
[2023-01-09T12:39:37.913]Completed Shot 3, state 9
2481.726848 seconds (2.36 G allocations: 5.699 TiB, 19.51% gc time)
[2023-01-09T12:39:37.953]Completed Shot 3, state 37
2481.925626 seconds (2.36 G allocations: 5.700 TiB, 19.51% gc time)
[2023-01-09T12:39:38.152]Completed Shot 3, state 28
2481.946784 seconds (2.36 G allocations: 5.700 TiB, 19.51% gc time)
[2023-01-09T12:39:38.171]Completed Shot 3, state 3
2482.625759 seconds (2.36 G allocations: 5.701 TiB, 19.50% gc time)
[2023-01-09T12:39:38.851]Completed Shot 3, state 14
2482.762785 seconds (2.36 G allocations: 5.701 TiB, 19.50% gc time)
[2023-01-09T12:39:38.990]Completed Shot 3, state 41
2482.803710 seconds (2.36 G allocations: 5.701 TiB, 19.50% gc time)
[2023-01-09T12:39:39.031]Completed Shot 3, state 44
2483.803292 seconds (2.36 G allocations: 5.702 TiB, 19.50% gc time)
[2023-01-09T12:39:40.029]Completed Shot 3, state 22
2483.825638 seconds (2.36 G allocations: 5.702 TiB, 19.50% gc time)
[2023-01-09T12:39:40.050]Completed Shot 3, state 8
2484.093408 seconds (2.36 G allocations: 5.703 TiB, 19.50% gc time)
[2023-01-09T12:39:40.319]Completed Shot 3, state 24
2484.251729 seconds (2.36 G allocations: 5.703 TiB, 19.50% gc time)
[2023-01-09T12:39:40.478]Completed Shot 3, state 40
2484.359811 seconds (2.36 G allocations: 5.703 TiB, 19.50% gc time)
[2023-01-09T12:39:40.584]Completed Shot 3, state 7
2484.431768 seconds (2.36 G allocations: 5.703 TiB, 19.49% gc time)
[2023-01-09T12:39:40.657]Completed Shot 3, state 12
2485.540792 seconds (2.36 G allocations: 5.703 TiB, 19.49% gc time)
[2023-01-09T12:39:41.767]Completed Shot 3, state 31
2486.138514 seconds (2.36 G allocations: 5.703 TiB, 19.48% gc time)
[2023-01-09T12:39:42.364]Completed Shot 3, state 23
2577.770702 seconds (2.86 G allocations: 6.830 TiB, 22.99% gc time)
[2023-01-09T13:22:40.139]Completed Shot 4, state 23
2579.433596 seconds (2.86 G allocations: 6.838 TiB, 22.97% gc time)
[2023-01-09T13:22:41.802]Completed Shot 4, state 28
2579.714851 seconds (2.86 G allocations: 6.839 TiB, 22.97% gc time)
[2023-01-09T13:22:42.083]Completed Shot 4, state 33
2579.835197 seconds (2.86 G allocations: 6.840 TiB, 22.97% gc time)
[2023-01-09T13:22:42.205]Completed Shot 4, state 49
2582.531996 seconds (2.86 G allocations: 6.844 TiB, 23.02% gc time)
[2023-01-09T13:22:44.900]Completed Shot 4, state 30
2582.692513 seconds (2.86 G allocations: 6.844 TiB, 23.02% gc time)
[2023-01-09T13:22:45.061]Completed Shot 4, state 40
2582.773594 seconds (2.86 G allocations: 6.845 TiB, 23.01% gc time)
[2023-01-09T13:22:45.142]Completed Shot 4, state 21
2582.926938 seconds (2.87 G allocations: 6.846 TiB, 23.01% gc time)
[2023-01-09T13:22:45.294]Completed Shot 4, state 18
2583.140972 seconds (2.87 G allocations: 6.847 TiB, 23.01% gc time)
[2023-01-09T13:22:45.509]Completed Shot 4, state 17
2583.151060 seconds (2.87 G allocations: 6.847 TiB, 23.01% gc time)
[2023-01-09T13:22:45.518]Completed Shot 4, state 14
2583.245790 seconds (2.87 G allocations: 6.847 TiB, 23.01% gc time)
[2023-01-09T13:22:45.614]Completed Shot 4, state 20
2583.460008 seconds (2.87 G allocations: 6.848 TiB, 23.01% gc time)
[2023-01-09T13:22:45.827]Completed Shot 4, state 10
2583.757825 seconds (2.87 G allocations: 6.849 TiB, 23.01% gc time)
[2023-01-09T13:22:46.124]Completed Shot 4, state 6
2583.917728 seconds (2.87 G allocations: 6.850 TiB, 23.00% gc time)
[2023-01-09T13:22:46.287]Completed Shot 4, state 46
2583.986255 seconds (2.87 G allocations: 6.850 TiB, 23.00% gc time)
[2023-01-09T13:22:46.354]Completed Shot 4, state 12
2584.051607 seconds (2.87 G allocations: 6.851 TiB, 23.00% gc time)
[2023-01-09T13:22:46.420]Completed Shot 4, state 25
2584.103711 seconds (2.87 G allocations: 6.851 TiB, 23.00% gc time)
[2023-01-09T13:22:46.472]Completed Shot 4, state 39
2584.254168 seconds (2.87 G allocations: 6.852 TiB, 23.00% gc time)
[2023-01-09T13:22:46.623]Completed Shot 4, state 42
2584.308531 seconds (2.87 G allocations: 6.852 TiB, 23.00% gc time)
[2023-01-09T13:22:46.677]Completed Shot 4, state 32
2584.366202 seconds (2.87 G allocations: 6.852 TiB, 23.00% gc time)
[2023-01-09T13:22:46.734]Completed Shot 4, state 16
2584.378535 seconds (2.87 G allocations: 6.852 TiB, 23.00% gc time)
[2023-01-09T13:22:46.747]Completed Shot 4, state 45
2584.493203 seconds (2.87 G allocations: 6.853 TiB, 23.00% gc time)
[2023-01-09T13:22:46.860]Completed Shot 4, state 3
2584.918837 seconds (2.87 G allocations: 6.854 TiB, 23.00% gc time)
[2023-01-09T13:22:47.285]Completed Shot 4, state 7
2584.991795 seconds (2.87 G allocations: 6.854 TiB, 23.00% gc time)
[2023-01-09T13:22:47.360]Completed Shot 4, state 48
2585.047205 seconds (2.87 G allocations: 6.855 TiB, 22.99% gc time)
[2023-01-09T13:22:47.416]Completed Shot 4, state 38
2585.091464 seconds (2.87 G allocations: 6.855 TiB, 22.99% gc time)
[2023-01-09T13:22:47.457]Completed Shot 4, state 2
2585.226845 seconds (2.87 G allocations: 6.855 TiB, 22.99% gc time)
[2023-01-09T13:22:47.595]Completed Shot 4, state 29
2585.246808 seconds (2.87 G allocations: 6.855 TiB, 22.99% gc time)
[2023-01-09T13:22:47.615]Completed Shot 4, state 31
2585.268112 seconds (2.87 G allocations: 6.855 TiB, 22.99% gc time)
[2023-01-09T13:22:47.636]Completed Shot 4, state 26
2585.303018 seconds (2.87 G allocations: 6.856 TiB, 22.99% gc time)
[2023-01-09T13:22:47.672]Completed Shot 4, state 37
2585.344965 seconds (2.87 G allocations: 6.856 TiB, 22.99% gc time)
[2023-01-09T13:22:47.714]Completed Shot 4, state 44
2586.490952 seconds (2.87 G allocations: 6.856 TiB, 23.02% gc time)
[2023-01-09T13:22:48.859]Completed Shot 4, state 36
2586.552218 seconds (2.87 G allocations: 6.856 TiB, 23.02% gc time)
[2023-01-09T13:22:48.918]Completed Shot 4, state 5
2586.872856 seconds (2.87 G allocations: 6.857 TiB, 23.02% gc time)
[2023-01-09T13:22:49.240]Completed Shot 4, state 15
2586.899981 seconds (2.87 G allocations: 6.857 TiB, 23.01% gc time)
[2023-01-09T13:22:49.268]Completed Shot 4, state 22
2586.955910 seconds (2.87 G allocations: 6.857 TiB, 23.01% gc time)
[2023-01-09T13:22:49.324]Completed Shot 4, state 24
2587.010932 seconds (2.87 G allocations: 6.858 TiB, 23.01% gc time)
[2023-01-09T13:22:49.379]Completed Shot 4, state 34
2587.051903 seconds (2.87 G allocations: 6.858 TiB, 23.01% gc time)
[2023-01-09T13:22:49.421]Completed Shot 4, state 41
2587.088976 seconds (2.87 G allocations: 6.858 TiB, 23.01% gc time)
[2023-01-09T13:22:49.458]Completed Shot 4, state 43
2587.163595 seconds (2.87 G allocations: 6.858 TiB, 23.01% gc time)
[2023-01-09T13:22:49.532]Completed Shot 4, state 27
2587.265263 seconds (2.87 G allocations: 6.858 TiB, 23.01% gc time)
[2023-01-09T13:22:49.631]Completed Shot 4, state 4
2587.275021 seconds (2.87 G allocations: 6.858 TiB, 23.01% gc time)
[2023-01-09T13:22:49.641]Completed Shot 4, state 1
2587.318816 seconds (2.87 G allocations: 6.858 TiB, 23.01% gc time)
[2023-01-09T13:22:49.685]Completed Shot 4, state 9
2587.324393 seconds (2.87 G allocations: 6.858 TiB, 23.01% gc time)
[2023-01-09T13:22:49.693]Completed Shot 4, state 47
2587.648257 seconds (2.87 G allocations: 6.858 TiB, 23.01% gc time)
[2023-01-09T13:22:50.017]Completed Shot 4, state 35
2587.732337 seconds (2.87 G allocations: 6.859 TiB, 23.01% gc time)
[2023-01-09T13:22:50.099]Completed Shot 4, state 8
2587.993406 seconds (2.87 G allocations: 6.859 TiB, 23.01% gc time)
[2023-01-09T13:22:50.361]Completed Shot 4, state 19
2588.877564 seconds (2.87 G allocations: 6.859 TiB, 23.00% gc time)
[2023-01-09T13:22:51.245]Completed Shot 4, state 13
2588.971422 seconds (2.87 G allocations: 6.859 TiB, 23.00% gc time)
[2023-01-09T13:22:51.338]Completed Shot 4, state 11
2589.145277 seconds (2.87 G allocations: 6.859 TiB, 23.00% gc time)
[2023-01-09T13:22:51.514]Completed Shot 4, state 50
2305.902178 seconds (2.29 G allocations: 5.545 TiB, 20.80% gc time)
[2023-01-09T14:01:17.419]Completed Shot 5, state 22
2306.711969 seconds (2.30 G allocations: 5.548 TiB, 20.80% gc time)
[2023-01-09T14:01:18.229]Completed Shot 5, state 20
2308.957604 seconds (2.30 G allocations: 5.552 TiB, 20.83% gc time)
[2023-01-09T14:01:20.476]Completed Shot 5, state 49
2309.136982 seconds (2.30 G allocations: 5.553 TiB, 20.83% gc time)
[2023-01-09T14:01:20.654]Completed Shot 5, state 18
2309.839327 seconds (2.30 G allocations: 5.556 TiB, 20.83% gc time)
[2023-01-09T14:01:21.357]Completed Shot 5, state 33
2310.938313 seconds (2.30 G allocations: 5.560 TiB, 20.82% gc time)
[2023-01-09T14:01:22.456]Completed Shot 5, state 31
2311.003253 seconds (2.30 G allocations: 5.561 TiB, 20.82% gc time)
[2023-01-09T14:01:22.520]Completed Shot 5, state 25
2312.511549 seconds (2.30 G allocations: 5.561 TiB, 20.86% gc time)
[2023-01-09T14:01:24.027]Completed Shot 5, state 2
2312.663885 seconds (2.30 G allocations: 5.562 TiB, 20.86% gc time)
[2023-01-09T14:01:24.180]Completed Shot 5, state 5
2312.922159 seconds (2.30 G allocations: 5.563 TiB, 20.86% gc time)
[2023-01-09T14:01:24.439]Completed Shot 5, state 16
2313.078353 seconds (2.30 G allocations: 5.563 TiB, 20.86% gc time)
[2023-01-09T14:01:24.595]Completed Shot 5, state 10
2313.150078 seconds (2.30 G allocations: 5.564 TiB, 20.86% gc time)
[2023-01-09T14:01:24.666]Completed Shot 5, state 13
2313.166995 seconds (2.30 G allocations: 5.564 TiB, 20.86% gc time)
[2023-01-09T14:01:24.685]Completed Shot 5, state 47
2313.284846 seconds (2.30 G allocations: 5.564 TiB, 20.86% gc time)
[2023-01-09T14:01:24.800]Completed Shot 5, state 3
2313.336811 seconds (2.30 G allocations: 5.565 TiB, 20.86% gc time)
[2023-01-09T14:01:24.855]Completed Shot 5, state 44
2313.482972 seconds (2.30 G allocations: 5.565 TiB, 20.85% gc time)
[2023-01-09T14:01:25.001]Completed Shot 5, state 50
2313.662325 seconds (2.30 G allocations: 5.566 TiB, 20.85% gc time)
[2023-01-09T14:01:25.178]Completed Shot 5, state 6
2313.798894 seconds (2.30 G allocations: 5.567 TiB, 20.85% gc time)
[2023-01-09T14:01:25.316]Completed Shot 5, state 21
2313.829729 seconds (2.30 G allocations: 5.567 TiB, 20.85% gc time)
[2023-01-09T14:01:25.345]Completed Shot 5, state 1
2314.051695 seconds (2.30 G allocations: 5.568 TiB, 20.85% gc time)
[2023-01-09T14:01:25.568]Completed Shot 5, state 9
2314.289596 seconds (2.30 G allocations: 5.569 TiB, 20.85% gc time)
[2023-01-09T14:01:25.806]Completed Shot 5, state 17
2314.338321 seconds (2.30 G allocations: 5.569 TiB, 20.85% gc time)
[2023-01-09T14:01:25.856]Completed Shot 5, state 45
2315.130110 seconds (2.30 G allocations: 5.570 TiB, 20.87% gc time)
[2023-01-09T14:01:26.646]Completed Shot 5, state 11
2315.263535 seconds (2.30 G allocations: 5.570 TiB, 20.87% gc time)
[2023-01-09T14:01:26.781]Completed Shot 5, state 27
2315.388143 seconds (2.30 G allocations: 5.570 TiB, 20.86% gc time)
[2023-01-09T14:01:26.904]Completed Shot 5, state 8
2315.452319 seconds (2.30 G allocations: 5.571 TiB, 20.86% gc time)
[2023-01-09T14:01:26.970]Completed Shot 5, state 26
2315.556304 seconds (2.31 G allocations: 5.571 TiB, 20.86% gc time)
[2023-01-09T14:01:27.073]Completed Shot 5, state 12
2315.579323 seconds (2.31 G allocations: 5.571 TiB, 20.86% gc time)
[2023-01-09T14:01:27.097]Completed Shot 5, state 46
2315.855359 seconds (2.31 G allocations: 5.572 TiB, 20.86% gc time)
[2023-01-09T14:01:27.372]Completed Shot 5, state 19
2315.869228 seconds (2.31 G allocations: 5.572 TiB, 20.86% gc time)
[2023-01-09T14:01:27.387]Completed Shot 5, state 42
2316.003259 seconds (2.31 G allocations: 5.572 TiB, 20.86% gc time)
[2023-01-09T14:01:27.519]Completed Shot 5, state 7
2316.129918 seconds (2.31 G allocations: 5.573 TiB, 20.86% gc time)
[2023-01-09T14:01:27.648]Completed Shot 5, state 41
2316.344797 seconds (2.31 G allocations: 5.573 TiB, 20.86% gc time)
[2023-01-09T14:01:27.862]Completed Shot 5, state 37
2316.366257 seconds (2.31 G allocations: 5.574 TiB, 20.86% gc time)
[2023-01-09T14:01:27.884]Completed Shot 5, state 35
2317.121548 seconds (2.31 G allocations: 5.575 TiB, 20.86% gc time)
[2023-01-09T14:01:28.639]Completed Shot 5, state 36
2317.239311 seconds (2.31 G allocations: 5.575 TiB, 20.86% gc time)
[2023-01-09T14:01:28.757]Completed Shot 5, state 29
2317.282358 seconds (2.31 G allocations: 5.575 TiB, 20.86% gc time)
[2023-01-09T14:01:28.800]Completed Shot 5, state 43
2317.356363 seconds (2.31 G allocations: 5.575 TiB, 20.86% gc time)
[2023-01-09T14:01:28.874]Completed Shot 5, state 48
2317.374258 seconds (2.31 G allocations: 5.575 TiB, 20.86% gc time)
[2023-01-09T14:01:28.892]Completed Shot 5, state 30
2317.593349 seconds (2.31 G allocations: 5.576 TiB, 20.86% gc time)
[2023-01-09T14:01:29.110]Completed Shot 5, state 28
2317.637900 seconds (2.31 G allocations: 5.576 TiB, 20.86% gc time)
[2023-01-09T14:01:29.153]Completed Shot 5, state 4
2317.639321 seconds (2.31 G allocations: 5.576 TiB, 20.86% gc time)
[2023-01-09T14:01:29.156]Completed Shot 5, state 15
2317.778780 seconds (2.31 G allocations: 5.576 TiB, 20.86% gc time)
[2023-01-09T14:01:29.296]Completed Shot 5, state 34
2318.029902 seconds (2.31 G allocations: 5.576 TiB, 20.86% gc time)
[2023-01-09T14:01:29.547]Completed Shot 5, state 39
2318.118707 seconds (2.31 G allocations: 5.576 TiB, 20.86% gc time)
[2023-01-09T14:01:29.636]Completed Shot 5, state 32
2318.137744 seconds (2.31 G allocations: 5.576 TiB, 20.86% gc time)
[2023-01-09T14:01:29.655]Completed Shot 5, state 23
2318.256112 seconds (2.31 G allocations: 5.576 TiB, 20.85% gc time)
[2023-01-09T14:01:29.774]Completed Shot 5, state 38
2318.747483 seconds (2.31 G allocations: 5.576 TiB, 20.85% gc time)
[2023-01-09T14:01:30.264]Completed Shot 5, state 14
  Activating project at `/gpfs/bwfor/work/ws/hd_ku269-light_cones/WorkingFolder`
2318.948860 seconds (2.31 G allocations: 5.576 TiB, 20.85% gc time)
[2023-01-09T14:01:30.467]Completed Shot 5, state 24
2323.303353 seconds (2.31 G allocations: 5.577 TiB, 20.81% gc time)
[2023-01-09T14:01:34.821]Completed Shot 5, state 40
2546.485473 seconds (2.75 G allocations: 6.577 TiB, 22.50% gc time)
[2023-01-09T14:44:01.311]Completed Shot 6, state 17
2550.525467 seconds (2.75 G allocations: 6.587 TiB, 22.54% gc time)
[2023-01-09T14:44:05.350]Completed Shot 6, state 19
2550.602880 seconds (2.75 G allocations: 6.587 TiB, 22.54% gc time)
[2023-01-09T14:44:05.428]Completed Shot 6, state 21
2551.149423 seconds (2.75 G allocations: 6.590 TiB, 22.54% gc time)
[2023-01-09T14:44:05.974]Completed Shot 6, state 27
2551.178104 seconds (2.75 G allocations: 6.590 TiB, 22.54% gc time)
[2023-01-09T14:44:06.002]Completed Shot 6, state 20
2551.513660 seconds (2.75 G allocations: 6.591 TiB, 22.53% gc time)
[2023-01-09T14:44:06.339]Completed Shot 6, state 33
2551.627361 seconds (2.75 G allocations: 6.592 TiB, 22.53% gc time)
[2023-01-09T14:44:06.452]Completed Shot 6, state 25
2552.378466 seconds (2.76 G allocations: 6.595 TiB, 22.52% gc time)
[2023-01-09T14:44:07.204]Completed Shot 6, state 40
2552.465470 seconds (2.76 G allocations: 6.596 TiB, 22.52% gc time)
[2023-01-09T14:44:07.290]Completed Shot 6, state 12
2552.642133 seconds (2.76 G allocations: 6.597 TiB, 22.52% gc time)
[2023-01-09T14:44:07.467]Completed Shot 6, state 43
2554.905897 seconds (2.76 G allocations: 6.599 TiB, 22.57% gc time)
[2023-01-09T14:44:09.730]Completed Shot 6, state 15
2555.085265 seconds (2.76 G allocations: 6.600 TiB, 22.57% gc time)
[2023-01-09T14:44:09.911]Completed Shot 6, state 31
2555.156279 seconds (2.76 G allocations: 6.600 TiB, 22.57% gc time)
[2023-01-09T14:44:09.981]Completed Shot 6, state 24
2555.335485 seconds (2.76 G allocations: 6.601 TiB, 22.57% gc time)
[2023-01-09T14:44:10.161]Completed Shot 6, state 44
2555.625060 seconds (2.76 G allocations: 6.602 TiB, 22.56% gc time)
[2023-01-09T14:44:10.450]Completed Shot 6, state 36
2555.742915 seconds (2.76 G allocations: 6.603 TiB, 22.56% gc time)
[2023-01-09T14:44:10.567]Completed Shot 6, state 13
2555.750638 seconds (2.76 G allocations: 6.603 TiB, 22.56% gc time)
[2023-01-09T14:44:10.576]Completed Shot 6, state 50
2555.764096 seconds (2.76 G allocations: 6.603 TiB, 22.56% gc time)
[2023-01-09T14:44:10.589]Completed Shot 6, state 41
2555.905660 seconds (2.76 G allocations: 6.603 TiB, 22.56% gc time)
[2023-01-09T14:44:10.731]Completed Shot 6, state 35
2556.070317 seconds (2.76 G allocations: 6.604 TiB, 22.56% gc time)
[2023-01-09T14:44:10.894]Completed Shot 6, state 14
2556.184665 seconds (2.76 G allocations: 6.604 TiB, 22.56% gc time)
[2023-01-09T14:44:11.009]Completed Shot 6, state 23
2556.477593 seconds (2.76 G allocations: 6.605 TiB, 22.56% gc time)
[2023-01-09T14:44:11.302]Completed Shot 6, state 22
2556.625441 seconds (2.76 G allocations: 6.606 TiB, 22.55% gc time)
[2023-01-09T14:44:11.451]Completed Shot 6, state 48
2556.748616 seconds (2.76 G allocations: 6.607 TiB, 22.55% gc time)
[2023-01-09T14:44:11.574]Completed Shot 6, state 45
2556.793758 seconds (2.76 G allocations: 6.607 TiB, 22.55% gc time)
[2023-01-09T14:44:11.617]Completed Shot 6, state 16
2556.897956 seconds (2.76 G allocations: 6.607 TiB, 22.55% gc time)
[2023-01-09T14:44:11.723]Completed Shot 6, state 47
2556.973874 seconds (2.76 G allocations: 6.607 TiB, 22.55% gc time)
[2023-01-09T14:44:11.797]Completed Shot 6, state 7
2557.167683 seconds (2.76 G allocations: 6.608 TiB, 22.55% gc time)
[2023-01-09T14:44:11.991]Completed Shot 6, state 6
2558.279389 seconds (2.76 G allocations: 6.609 TiB, 22.58% gc time)
[2023-01-09T14:44:13.102]Completed Shot 6, state 2
2558.356457 seconds (2.76 G allocations: 6.609 TiB, 22.58% gc time)
[2023-01-09T14:44:13.182]Completed Shot 6, state 42
2558.407615 seconds (2.76 G allocations: 6.609 TiB, 22.57% gc time)
[2023-01-09T14:44:13.231]Completed Shot 6, state 10
2558.682982 seconds (2.76 G allocations: 6.610 TiB, 22.57% gc time)
[2023-01-09T14:44:13.508]Completed Shot 6, state 38
2558.764494 seconds (2.76 G allocations: 6.610 TiB, 22.57% gc time)
[2023-01-09T14:44:13.587]Completed Shot 6, state 3
2558.842712 seconds (2.76 G allocations: 6.610 TiB, 22.57% gc time)
[2023-01-09T14:44:13.666]Completed Shot 6, state 11
2558.844722 seconds (2.76 G allocations: 6.610 TiB, 22.57% gc time)
[2023-01-09T14:44:13.667]Completed Shot 6, state 4
2558.894650 seconds (2.76 G allocations: 6.611 TiB, 22.57% gc time)
[2023-01-09T14:44:13.719]Completed Shot 6, state 32
2558.976778 seconds (2.76 G allocations: 6.611 TiB, 22.57% gc time)
[2023-01-09T14:44:13.800]Completed Shot 6, state 8
2559.202557 seconds (2.76 G allocations: 6.611 TiB, 22.57% gc time)
[2023-01-09T14:44:14.028]Completed Shot 6, state 49
2559.236736 seconds (2.76 G allocations: 6.611 TiB, 22.57% gc time)
[2023-01-09T14:44:14.059]Completed Shot 6, state 5
2559.329601 seconds (2.76 G allocations: 6.612 TiB, 22.57% gc time)
[2023-01-09T14:44:14.153]Completed Shot 6, state 18
2559.501643 seconds (2.76 G allocations: 6.612 TiB, 22.56% gc time)
[2023-01-09T14:44:14.326]Completed Shot 6, state 29
2559.527334 seconds (2.76 G allocations: 6.612 TiB, 22.56% gc time)
[2023-01-09T14:44:14.353]Completed Shot 6, state 46
2559.541930 seconds (2.76 G allocations: 6.612 TiB, 22.56% gc time)
[2023-01-09T14:44:14.367]Completed Shot 6, state 34
2559.693448 seconds (2.76 G allocations: 6.612 TiB, 22.56% gc time)
[2023-01-09T14:44:14.517]Completed Shot 6, state 9
2559.865386 seconds (2.76 G allocations: 6.612 TiB, 22.56% gc time)
[2023-01-09T14:44:14.690]Completed Shot 6, state 26
2559.869406 seconds (2.76 G allocations: 6.612 TiB, 22.56% gc time)
[2023-01-09T14:44:14.694]Completed Shot 6, state 39
2560.426996 seconds (2.76 G allocations: 6.613 TiB, 22.56% gc time)
[2023-01-09T14:44:15.252]Completed Shot 6, state 28
2560.549498 seconds (2.76 G allocations: 6.613 TiB, 22.56% gc time)
[2023-01-09T14:44:15.375]Completed Shot 6, state 37
2562.678837 seconds (2.76 G allocations: 6.613 TiB, 22.55% gc time)
[2023-01-09T14:44:17.504]Completed Shot 6, state 30
2563.927401 seconds (2.76 G allocations: 6.613 TiB, 22.53% gc time)
[2023-01-09T14:44:18.750]Completed Shot 6, state 1
2627.206003 seconds (2.86 G allocations: 6.830 TiB, 23.03% gc time)
[2023-01-09T15:28:05.961]Completed Shot 7, state 36
2627.700744 seconds (2.86 G allocations: 6.832 TiB, 23.02% gc time)
[2023-01-09T15:28:06.454]Completed Shot 7, state 21
2627.729693 seconds (2.86 G allocations: 6.833 TiB, 23.02% gc time)
[2023-01-09T15:28:06.482]Completed Shot 7, state 5
2628.015087 seconds (2.86 G allocations: 6.834 TiB, 23.02% gc time)
[2023-01-09T15:28:06.769]Completed Shot 7, state 33
2630.035081 seconds (2.86 G allocations: 6.838 TiB, 23.05% gc time)
[2023-01-09T15:28:08.791]Completed Shot 7, state 45
2630.058970 seconds (2.86 G allocations: 6.838 TiB, 23.05% gc time)
[2023-01-09T15:28:08.815]Completed Shot 7, state 49
2630.206034 seconds (2.86 G allocations: 6.839 TiB, 23.04% gc time)
[2023-01-09T15:28:08.961]Completed Shot 7, state 44
2630.271243 seconds (2.86 G allocations: 6.839 TiB, 23.04% gc time)
[2023-01-09T15:28:09.025]Completed Shot 7, state 22
2630.313289 seconds (2.86 G allocations: 6.839 TiB, 23.04% gc time)
[2023-01-09T15:28:09.068]Completed Shot 7, state 43
2630.530051 seconds (2.86 G allocations: 6.840 TiB, 23.04% gc time)
[2023-01-09T15:28:09.283]Completed Shot 7, state 7
2630.650827 seconds (2.86 G allocations: 6.841 TiB, 23.04% gc time)
[2023-01-09T15:28:09.405]Completed Shot 7, state 32
2630.679074 seconds (2.86 G allocations: 6.841 TiB, 23.04% gc time)
[2023-01-09T15:28:09.434]Completed Shot 7, state 40
2630.875820 seconds (2.86 G allocations: 6.842 TiB, 23.04% gc time)
[2023-01-09T15:28:09.627]Completed Shot 7, state 2
2631.070470 seconds (2.86 G allocations: 6.843 TiB, 23.04% gc time)
[2023-01-09T15:28:09.825]Completed Shot 7, state 37
2631.236595 seconds (2.86 G allocations: 6.844 TiB, 23.04% gc time)
[2023-01-09T15:28:09.988]Completed Shot 7, state 1
2631.250095 seconds (2.86 G allocations: 6.844 TiB, 23.03% gc time)
[2631.247704 seconds (2.86 G allocations: 6.844 TiB, 23.03% gc time)
2023-01-09T15:28:10.002]Completed Shot 7, state 3
[2023-01-09T15:28:10.002]Completed Shot 7, state 30
2631.353159 seconds (2.86 G allocations: 6.844 TiB, 23.03% gc time)
[2023-01-09T15:28:10.107]Completed Shot 7, state 34
2631.503873 seconds (2.86 G allocations: 6.845 TiB, 23.03% gc time)
[2023-01-09T15:28:10.258]Completed Shot 7, state 25
2631.611727 seconds (2.86 G allocations: 6.845 TiB, 23.03% gc time)
[2023-01-09T15:28:10.364]Completed Shot 7, state 10
2631.640578 seconds (2.86 G allocations: 6.845 TiB, 23.03% gc time)
[2023-01-09T15:28:10.393]Completed Shot 7, state 13
2632.610565 seconds (2.86 G allocations: 6.846 TiB, 23.05% gc time)
[2023-01-09T15:28:11.362]Completed Shot 7, state 6
2632.640475 seconds (2.86 G allocations: 6.846 TiB, 23.05% gc time)
[2023-01-09T15:28:11.395]Completed Shot 7, state 50
2632.720555 seconds (2.86 G allocations: 6.846 TiB, 23.05% gc time)
[2023-01-09T15:28:11.474]Completed Shot 7, state 16
2633.301558 seconds (2.87 G allocations: 6.849 TiB, 23.05% gc time)
[2023-01-09T15:28:12.054]Completed Shot 7, state 12
2633.302579 seconds (2.87 G allocations: 6.849 TiB, 23.05% gc time)
[2023-01-09T15:28:12.055]Completed Shot 7, state 14
2633.648763 seconds (2.87 G allocations: 6.850 TiB, 23.04% gc time)
[2023-01-09T15:28:12.403]Completed Shot 7, state 27
2633.722596 seconds (2.87 G allocations: 6.850 TiB, 23.04% gc time)
[2023-01-09T15:28:12.477]Completed Shot 7, state 47
2633.749575 seconds (2.87 G allocations: 6.850 TiB, 23.04% gc time)
[2023-01-09T15:28:12.501]Completed Shot 7, state 4
2633.771931 seconds (2.87 G allocations: 6.850 TiB, 23.04% gc time)
[2023-01-09T15:28:12.524]Completed Shot 7, state 11
2633.792092 seconds (2.87 G allocations: 6.850 TiB, 23.04% gc time)
[2023-01-09T15:28:12.547]Completed Shot 7, state 39
2634.072096 seconds (2.87 G allocations: 6.851 TiB, 23.04% gc time)
[2023-01-09T15:28:12.826]Completed Shot 7, state 23
2634.140876 seconds (2.87 G allocations: 6.851 TiB, 23.04% gc time)
[2023-01-09T15:28:12.895]Completed Shot 7, state 31
2634.183034 seconds (2.87 G allocations: 6.852 TiB, 23.04% gc time)
[2023-01-09T15:28:12.937]Completed Shot 7, state 28
2634.202938 seconds (2.87 G allocations: 6.852 TiB, 23.04% gc time)
[2023-01-09T15:28:12.957]Completed Shot 7, state 38
2634.943622 seconds (2.87 G allocations: 6.852 TiB, 23.05% gc time)
[2023-01-09T15:28:13.697]Completed Shot 7, state 24
2634.978194 seconds (2.87 G allocations: 6.852 TiB, 23.05% gc time)
[2023-01-09T15:28:13.732]Completed Shot 7, state 26
2635.001506 seconds (2.87 G allocations: 6.852 TiB, 23.05% gc time)
[2023-01-09T15:28:13.756]Completed Shot 7, state 48
2635.033769 seconds (2.87 G allocations: 6.853 TiB, 23.05% gc time)
[2023-01-09T15:28:13.787]Completed Shot 7, state 20
2635.074546 seconds (2.87 G allocations: 6.853 TiB, 23.05% gc time)
[2023-01-09T15:28:13.829]Completed Shot 7, state 41
2635.250579 seconds (2.87 G allocations: 6.853 TiB, 23.05% gc time)
[2023-01-09T15:28:14.003]Completed Shot 7, state 8
2635.296806 seconds (2.87 G allocations: 6.853 TiB, 23.05% gc time)
[2023-01-09T15:28:14.051]Completed Shot 7, state 42
2635.349555 seconds (2.87 G allocations: 6.853 TiB, 23.05% gc time)
[2023-01-09T15:28:14.104]Completed Shot 7, state 35
2635.494233 seconds (2.87 G allocations: 6.853 TiB, 23.05% gc time)
[2023-01-09T15:28:14.247]Completed Shot 7, state 18
2635.969712 seconds (2.87 G allocations: 6.854 TiB, 23.04% gc time)
[2023-01-09T15:28:14.723]Completed Shot 7, state 17
2636.127480 seconds (2.87 G allocations: 6.854 TiB, 23.04% gc time)
[2023-01-09T15:28:14.880]Completed Shot 7, state 9
2636.992962 seconds (2.87 G allocations: 6.854 TiB, 23.04% gc time)
[2023-01-09T15:28:15.748]Completed Shot 7, state 46
2637.460568 seconds (2.87 G allocations: 6.854 TiB, 23.04% gc time)
[2023-01-09T15:28:16.213]Completed Shot 7, state 15
2638.685184 seconds (2.87 G allocations: 6.855 TiB, 23.03% gc time)
[2023-01-09T15:28:17.438]Completed Shot 7, state 19
2639.588529 seconds (2.87 G allocations: 6.855 TiB, 23.02% gc time)
[2023-01-09T15:28:18.342]Completed Shot 7, state 29
2601.376008 seconds (2.81 G allocations: 6.707 TiB, 22.58% gc time)
[2023-01-09T16:11:39.722]Completed Shot 8, state 30
2604.750227 seconds (2.81 G allocations: 6.714 TiB, 22.62% gc time)
[2023-01-09T16:11:43.097]Completed Shot 8, state 33
2605.063008 seconds (2.81 G allocations: 6.715 TiB, 22.62% gc time)
[2023-01-09T16:11:43.409]Completed Shot 8, state 20
2605.089668 seconds (2.81 G allocations: 6.715 TiB, 22.62% gc time)
[2023-01-09T16:11:43.438]Completed Shot 8, state 47
2605.312866 seconds (2.81 G allocations: 6.716 TiB, 22.62% gc time)
[2023-01-09T16:11:43.658]Completed Shot 8, state 12
2605.341449 seconds (2.81 G allocations: 6.716 TiB, 22.62% gc time)
[2023-01-09T16:11:43.688]Completed Shot 8, state 36
2605.426061 seconds (2.81 G allocations: 6.716 TiB, 22.62% gc time)
[2023-01-09T16:11:43.771]Completed Shot 8, state 2
2605.432936 seconds (2.81 G allocations: 6.716 TiB, 22.62% gc time)
[2023-01-09T16:11:43.780]Completed Shot 8, state 46
2605.449857 seconds (2.81 G allocations: 6.717 TiB, 22.62% gc time)
[2023-01-09T16:11:43.797]Completed Shot 8, state 49
2606.239607 seconds (2.81 G allocations: 6.720 TiB, 22.61% gc time)
[2023-01-09T16:11:44.587]Completed Shot 8, state 41
2606.761620 seconds (2.81 G allocations: 6.722 TiB, 22.61% gc time)
[2023-01-09T16:11:45.106]Completed Shot 8, state 4
2606.966529 seconds (2.81 G allocations: 6.723 TiB, 22.60% gc time)
[2023-01-09T16:11:45.312]Completed Shot 8, state 13
2607.133255 seconds (2.81 G allocations: 6.724 TiB, 22.60% gc time)
[2023-01-09T16:11:45.479]Completed Shot 8, state 22
2607.246408 seconds (2.81 G allocations: 6.725 TiB, 22.60% gc time)
[2023-01-09T16:11:45.593]Completed Shot 8, state 43
2607.380243 seconds (2.81 G allocations: 6.725 TiB, 22.60% gc time)
[2023-01-09T16:11:45.726]Completed Shot 8, state 21
2607.658818 seconds (2.81 G allocations: 6.726 TiB, 22.60% gc time)
[2023-01-09T16:11:46.005]Completed Shot 8, state 23
2607.668248 seconds (2.81 G allocations: 6.726 TiB, 22.60% gc time)
[2023-01-09T16:11:46.013]Completed Shot 8, state 8
2607.745129 seconds (2.81 G allocations: 6.727 TiB, 22.60% gc time)
[2023-01-09T16:11:46.091]Completed Shot 8, state 26
2609.243484 seconds (2.81 G allocations: 6.727 TiB, 22.64% gc time)
[2023-01-09T16:11:47.590]Completed Shot 8, state 35
2609.271083 seconds (2.81 G allocations: 6.727 TiB, 22.64% gc time)
[2023-01-09T16:11:47.616]Completed Shot 8, state 17
2609.323038 seconds (2.81 G allocations: 6.727 TiB, 22.64% gc time)
[2023-01-09T16:11:47.667]Completed Shot 8, state 3
2609.336492 seconds (2.81 G allocations: 6.727 TiB, 22.64% gc time)
[2023-01-09T16:11:47.684]Completed Shot 8, state 48
2609.446099 seconds (2.81 G allocations: 6.728 TiB, 22.64% gc time)
[2023-01-09T16:11:47.792]Completed Shot 8, state 25
2609.491767 seconds (2.81 G allocations: 6.728 TiB, 22.64% gc time)
[2023-01-09T16:11:47.837]Completed Shot 8, state 19
2609.676112 seconds (2.81 G allocations: 6.729 TiB, 22.64% gc time)
[2023-01-09T16:11:48.022]Completed Shot 8, state 24
2609.693981 seconds (2.81 G allocations: 6.729 TiB, 22.64% gc time)
[2023-01-09T16:11:48.041]Completed Shot 8, state 37
2609.843625 seconds (2.81 G allocations: 6.729 TiB, 22.63% gc time)
[2023-01-09T16:11:48.191]Completed Shot 8, state 44
2609.999177 seconds (2.81 G allocations: 6.730 TiB, 22.63% gc time)
[2023-01-09T16:11:48.346]Completed Shot 8, state 50
2610.034698 seconds (2.81 G allocations: 6.730 TiB, 22.63% gc time)
2610.035614 seconds (2.81 G allocations: 6.730 TiB, 22.63% gc time)
[2023-01-09T16:11:48.382]Completed Shot 8, state 39
[2023-01-09T16:11:48.382]Completed Shot 8, state 27
2610.303187 seconds (2.82 G allocations: 6.731 TiB, 22.63% gc time)
[2023-01-09T16:11:48.648]Completed Shot 8, state 9
2610.372774 seconds (2.82 G allocations: 6.731 TiB, 22.63% gc time)
[2023-01-09T16:11:48.718]Completed Shot 8, state 16
2610.381928 seconds (2.82 G allocations: 6.731 TiB, 22.63% gc time)
[2023-01-09T16:11:48.726]Completed Shot 8, state 10
2610.694135 seconds (2.82 G allocations: 6.732 TiB, 22.63% gc time)
[2023-01-09T16:11:49.041]Completed Shot 8, state 38
2610.765609 seconds (2.82 G allocations: 6.732 TiB, 22.63% gc time)
[2023-01-09T16:11:49.112]Completed Shot 8, state 31
2611.162099 seconds (2.82 G allocations: 6.733 TiB, 22.62% gc time)
[2023-01-09T16:11:49.509]Completed Shot 8, state 40
2611.191488 seconds (2.82 G allocations: 6.733 TiB, 22.62% gc time)
[2023-01-09T16:11:49.538]Completed Shot 8, state 45
2611.212834 seconds (2.82 G allocations: 6.733 TiB, 22.62% gc time)
[2023-01-09T16:11:49.557]Completed Shot 8, state 11
2611.258411 seconds (2.82 G allocations: 6.734 TiB, 22.62% gc time)
[2023-01-09T16:11:49.603]Completed Shot 8, state 6
2611.288447 seconds (2.82 G allocations: 6.734 TiB, 22.62% gc time)
[2023-01-09T16:11:49.632]Completed Shot 8, state 1
2611.356387 seconds (2.82 G allocations: 6.734 TiB, 22.62% gc time)
[2023-01-09T16:11:49.701]Completed Shot 8, state 14
2612.118846 seconds (2.82 G allocations: 6.734 TiB, 22.63% gc time)
[2023-01-09T16:11:50.465]Completed Shot 8, state 32
2612.485765 seconds (2.82 G allocations: 6.735 TiB, 22.63% gc time)
[2023-01-09T16:11:50.831]Completed Shot 8, state 18
2612.765810 seconds (2.82 G allocations: 6.735 TiB, 22.63% gc time)
[2023-01-09T16:11:51.113]Completed Shot 8, state 42
2613.308234 seconds (2.82 G allocations: 6.735 TiB, 22.62% gc time)
[2023-01-09T16:11:51.655]Completed Shot 8, state 34
2613.435824 seconds (2.82 G allocations: 6.736 TiB, 22.62% gc time)
[2023-01-09T16:11:51.780]Completed Shot 8, state 7
2613.579910 seconds (2.82 G allocations: 6.736 TiB, 22.62% gc time)
[2023-01-09T16:11:51.925]Completed Shot 8, state 15
2614.330997 seconds (2.82 G allocations: 6.736 TiB, 22.61% gc time)
[2023-01-09T16:11:52.677]Completed Shot 8, state 29
2615.271015 seconds (2.82 G allocations: 6.736 TiB, 22.61% gc time)
[2023-01-09T16:11:53.617]Completed Shot 8, state 28
2615.759418 seconds (2.82 G allocations: 6.736 TiB, 22.60% gc time)
[2023-01-09T16:11:54.104]Completed Shot 8, state 5
2548.740315 seconds (2.72 G allocations: 6.517 TiB, 22.04% gc time)
[2023-01-09T16:54:22.849]Completed Shot 9, state 45
2550.975248 seconds (2.72 G allocations: 6.520 TiB, 22.08% gc time)
[2023-01-09T16:54:25.081]Completed Shot 9, state 2
2551.715640 seconds (2.72 G allocations: 6.524 TiB, 22.07% gc time)
[2023-01-09T16:54:25.822]Completed Shot 9, state 14
2553.341666 seconds (2.73 G allocations: 6.532 TiB, 22.06% gc time)
[2023-01-09T16:54:27.447]Completed Shot 9, state 3
2554.783250 seconds (2.73 G allocations: 6.532 TiB, 22.10% gc time)
[2023-01-09T16:54:28.890]Completed Shot 9, state 23
2554.922131 seconds (2.73 G allocations: 6.533 TiB, 22.10% gc time)
[2023-01-09T16:54:29.029]Completed Shot 9, state 20
2555.201495 seconds (2.73 G allocations: 6.534 TiB, 22.10% gc time)
[2023-01-09T16:54:29.308]Completed Shot 9, state 12
2556.029907 seconds (2.73 G allocations: 6.538 TiB, 22.09% gc time)
[2023-01-09T16:54:30.136]Completed Shot 9, state 5
2556.270710 seconds (2.73 G allocations: 6.539 TiB, 22.09% gc time)
[2023-01-09T16:54:30.379]Completed Shot 9, state 28
2556.711316 seconds (2.73 G allocations: 6.541 TiB, 22.08% gc time)
[2023-01-09T16:54:30.820]Completed Shot 9, state 43
2556.877171 seconds (2.73 G allocations: 6.542 TiB, 22.08% gc time)
[2023-01-09T16:54:30.985]Completed Shot 9, state 30
2557.470701 seconds (2.73 G allocations: 6.545 TiB, 22.08% gc time)
[2023-01-09T16:54:31.578]Completed Shot 9, state 15
2558.655704 seconds (2.73 G allocations: 6.546 TiB, 22.11% gc time)
[2023-01-09T16:54:32.764]Completed Shot 9, state 37
2559.085293 seconds (2.74 G allocations: 6.548 TiB, 22.10% gc time)
[2023-01-09T16:54:33.194]Completed Shot 9, state 41
2559.154875 seconds (2.74 G allocations: 6.548 TiB, 22.10% gc time)
[2023-01-09T16:54:33.262]Completed Shot 9, state 13
2559.840028 seconds (2.74 G allocations: 6.551 TiB, 22.10% gc time)
[2023-01-09T16:54:33.948]Completed Shot 9, state 48
2559.908640 seconds (2.74 G allocations: 6.551 TiB, 22.09% gc time)
[2023-01-09T16:54:34.015]Completed Shot 9, state 11
2559.939602 seconds (2.74 G allocations: 6.551 TiB, 22.09% gc time)
[2023-01-09T16:54:34.046]Completed Shot 9, state 7
2560.098326 seconds (2.74 G allocations: 6.552 TiB, 22.09% gc time)
[2023-01-09T16:54:34.207]Completed Shot 9, state 40
2560.345767 seconds (2.74 G allocations: 6.553 TiB, 22.09% gc time)
[2023-01-09T16:54:34.454]Completed Shot 9, state 31
2560.410919 seconds (2.74 G allocations: 6.553 TiB, 22.09% gc time)
[2023-01-09T16:54:34.516]Completed Shot 9, state 4
2561.673632 seconds (2.74 G allocations: 6.555 TiB, 22.11% gc time)
[2023-01-09T16:54:35.781]Completed Shot 9, state 29
2561.707625 seconds (2.74 G allocations: 6.555 TiB, 22.11% gc time)
[2023-01-09T16:54:35.815]Completed Shot 9, state 24
2562.236814 seconds (2.74 G allocations: 6.558 TiB, 22.11% gc time)
[2023-01-09T16:54:36.345]Completed Shot 9, state 38
2562.284135 seconds (2.74 G allocations: 6.558 TiB, 22.11% gc time)
[2023-01-09T16:54:36.392]Completed Shot 9, state 46
2562.537422 seconds (2.74 G allocations: 6.559 TiB, 22.10% gc time)
[2023-01-09T16:54:36.643]Completed Shot 9, state 9
2562.689192 seconds (2.74 G allocations: 6.559 TiB, 22.10% gc time)
[2023-01-09T16:54:36.794]Completed Shot 9, state 1
2563.002057 seconds (2.74 G allocations: 6.560 TiB, 22.10% gc time)
[2023-01-09T16:54:37.110]Completed Shot 9, state 32
2563.252600 seconds (2.74 G allocations: 6.561 TiB, 22.10% gc time)
[2023-01-09T16:54:37.360]Completed Shot 9, state 27
2563.298380 seconds (2.74 G allocations: 6.561 TiB, 22.10% gc time)
[2023-01-09T16:54:37.406]Completed Shot 9, state 25
2563.921878 seconds (2.74 G allocations: 6.562 TiB, 22.11% gc time)
[2023-01-09T16:54:38.029]Completed Shot 9, state 17
2564.057382 seconds (2.74 G allocations: 6.562 TiB, 22.11% gc time)
[2023-01-09T16:54:38.163]Completed Shot 9, state 8
2564.255261 seconds (2.74 G allocations: 6.563 TiB, 22.11% gc time)
[2023-01-09T16:54:38.363]Completed Shot 9, state 34
2564.395910 seconds (2.74 G allocations: 6.563 TiB, 22.11% gc time)
[2023-01-09T16:54:38.503]Completed Shot 9, state 19
2564.406695 seconds (2.74 G allocations: 6.563 TiB, 22.11% gc time)
[2023-01-09T16:54:38.515]Completed Shot 9, state 50
2564.412300 seconds (2.74 G allocations: 6.563 TiB, 22.11% gc time)
[2023-01-09T16:54:38.520]Completed Shot 9, state 26
2564.481754 seconds (2.74 G allocations: 6.563 TiB, 22.11% gc time)
[2023-01-09T16:54:38.587]Completed Shot 9, state 6
2564.481573 seconds (2.74 G allocations: 6.563 TiB, 22.11% gc time)
[2023-01-09T16:54:38.590]Completed Shot 9, state 49
2564.558133 seconds (2.74 G allocations: 6.563 TiB, 22.11% gc time)
[2023-01-09T16:54:38.665]Completed Shot 9, state 21
2564.649594 seconds (2.74 G allocations: 6.564 TiB, 22.10% gc time)
[2023-01-09T16:54:38.757]Completed Shot 9, state 22
2564.708000 seconds (2.74 G allocations: 6.564 TiB, 22.10% gc time)
[2023-01-09T16:54:38.816]Completed Shot 9, state 39
2565.209960 seconds (2.74 G allocations: 6.565 TiB, 22.10% gc time)
[2023-01-09T16:54:39.317]Completed Shot 9, state 18
2565.944928 seconds (2.74 G allocations: 6.565 TiB, 22.10% gc time)
[2023-01-09T16:54:40.053]Completed Shot 9, state 42
2566.359757 seconds (2.74 G allocations: 6.566 TiB, 22.10% gc time)
[2023-01-09T16:54:40.468]Completed Shot 9, state 36
2566.446300 seconds (2.74 G allocations: 6.566 TiB, 22.10% gc time)
[2023-01-09T16:54:40.554]Completed Shot 9, state 33
2567.881836 seconds (2.74 G allocations: 6.567 TiB, 22.09% gc time)
[2023-01-09T16:54:41.990]Completed Shot 9, state 47
2567.906888 seconds (2.74 G allocations: 6.567 TiB, 22.09% gc time)
[2023-01-09T16:54:42.015]Completed Shot 9, state 44
2567.961480 seconds (2.74 G allocations: 6.567 TiB, 22.09% gc time)
[2023-01-09T16:54:42.069]Completed Shot 9, state 35
2568.677998 seconds (2.74 G allocations: 6.567 TiB, 22.09% gc time)
[2023-01-09T16:54:42.785]Completed Shot 9, state 16
2572.362989 seconds (2.74 G allocations: 6.567 TiB, 22.05% gc time)
[2023-01-09T16:54:46.469]Completed Shot 9, state 10
2521.454585 seconds (2.78 G allocations: 6.646 TiB, 23.34% gc time)
[2023-01-09T17:36:47.928]Completed Shot 10, state 26
2523.983835 seconds (2.78 G allocations: 6.653 TiB, 23.36% gc time)
[2023-01-09T17:36:50.456]Completed Shot 10, state 18
2525.061971 seconds (2.78 G allocations: 6.658 TiB, 23.35% gc time)
[2023-01-09T17:36:51.536]Completed Shot 10, state 45
2525.596736 seconds (2.78 G allocations: 6.660 TiB, 23.34% gc time)
[2023-01-09T17:36:52.071]Completed Shot 10, state 42
2525.997041 seconds (2.78 G allocations: 6.662 TiB, 23.34% gc time)
[2023-01-09T17:36:52.471]Completed Shot 10, state 34
2526.135929 seconds (2.78 G allocations: 6.663 TiB, 23.34% gc time)
[2023-01-09T17:36:52.610]Completed Shot 10, state 37
2527.452943 seconds (2.78 G allocations: 6.664 TiB, 23.37% gc time)
[2023-01-09T17:36:53.924]Completed Shot 10, state 6
2527.510270 seconds (2.78 G allocations: 6.665 TiB, 23.37% gc time)
[2023-01-09T17:36:53.983]Completed Shot 10, state 23
2527.577742 seconds (2.78 G allocations: 6.665 TiB, 23.36% gc time)
[2023-01-09T17:36:54.048]Completed Shot 10, state 4
2527.825643 seconds (2.79 G allocations: 6.666 TiB, 23.36% gc time)
[2023-01-09T17:36:54.300]Completed Shot 10, state 31
2527.938875 seconds (2.79 G allocations: 6.667 TiB, 23.36% gc time)
[2023-01-09T17:36:54.412]Completed Shot 10, state 24
2528.105560 seconds (2.79 G allocations: 6.667 TiB, 23.36% gc time)
[2023-01-09T17:36:54.578]Completed Shot 10, state 10
2528.837861 seconds (2.79 G allocations: 6.671 TiB, 23.35% gc time)
[2023-01-09T17:36:55.310]Completed Shot 10, state 19
2529.896938 seconds (2.79 G allocations: 6.673 TiB, 23.37% gc time)
[2023-01-09T17:36:56.369]Completed Shot 10, state 17
2530.192976 seconds (2.79 G allocations: 6.674 TiB, 23.37% gc time)
[2023-01-09T17:36:56.667]Completed Shot 10, state 47
2530.258659 seconds (2.79 G allocations: 6.674 TiB, 23.37% gc time)
[2023-01-09T17:36:56.732]Completed Shot 10, state 46
2530.341519 seconds (2.79 G allocations: 6.675 TiB, 23.37% gc time)
[2023-01-09T17:36:56.815]Completed Shot 10, state 40
2530.394226 seconds (2.79 G allocations: 6.675 TiB, 23.37% gc time)
[2023-01-09T17:36:56.865]Completed Shot 10, state 2
2530.564924 seconds (2.79 G allocations: 6.676 TiB, 23.36% gc time)
[2023-01-09T17:36:57.036]Completed Shot 10, state 1
2530.589882 seconds (2.79 G allocations: 6.676 TiB, 23.36% gc time)
[2023-01-09T17:36:57.062]Completed Shot 10, state 16
2530.701990 seconds (2.79 G allocations: 6.676 TiB, 23.36% gc time)
[2023-01-09T17:36:57.175]Completed Shot 10, state 30
2530.737586 seconds (2.79 G allocations: 6.676 TiB, 23.36% gc time)
2530.738248 seconds (2.79 G allocations: 6.676 TiB, 23.36% gc time)
[[2023-01-09T17:36:57.211]Completed Shot 10, state 43
2023-01-09T17:36:57.211]Completed Shot 10, state 29
2530.773183 seconds (2.79 G allocations: 6.676 TiB, 23.36% gc time)
[2023-01-09T17:36:57.244]Completed Shot 10, state 7
2530.848919 seconds (2.79 G allocations: 6.677 TiB, 23.36% gc time)
[2023-01-09T17:36:57.323]Completed Shot 10, state 41
2531.026550 seconds (2.79 G allocations: 6.677 TiB, 23.36% gc time)
2531.027662 seconds (2.79 G allocations: 6.677 TiB, 23.36% gc time)
[2023-01-09T17:36:57.499]Completed Shot 10, state 25
[2023-01-09T17:36:57.499]Completed Shot 10, state 12
2531.045206 seconds (2.79 G allocations: 6.677 TiB, 23.36% gc time)
[2023-01-09T17:36:57.516]Completed Shot 10, state 5
2531.094008 seconds (2.79 G allocations: 6.678 TiB, 23.36% gc time)
[2023-01-09T17:36:57.566]Completed Shot 10, state 21
2531.139806 seconds (2.79 G allocations: 6.678 TiB, 23.36% gc time)
[2023-01-09T17:36:57.614]Completed Shot 10, state 48
2532.097754 seconds (2.79 G allocations: 6.678 TiB, 23.38% gc time)
[2023-01-09T17:36:58.572]Completed Shot 10, state 49
2532.150545 seconds (2.79 G allocations: 6.678 TiB, 23.38% gc time)
[2023-01-09T17:36:58.622]Completed Shot 10, state 14
2532.172556 seconds (2.79 G allocations: 6.678 TiB, 23.38% gc time)
[2023-01-09T17:36:58.646]Completed Shot 10, state 50
2532.273058 seconds (2.79 G allocations: 6.679 TiB, 23.38% gc time)
[2023-01-09T17:36:58.746]Completed Shot 10, state 32
2532.292285 seconds (2.79 G allocations: 6.679 TiB, 23.38% gc time)
[2023-01-09T17:36:58.764]Completed Shot 10, state 15
2532.371147 seconds (2.79 G allocations: 6.679 TiB, 23.38% gc time)
[2023-01-09T17:36:58.842]Completed Shot 10, state 8
2532.392018 seconds (2.79 G allocations: 6.679 TiB, 23.38% gc time)
[2023-01-09T17:36:58.866]Completed Shot 10, state 39
2532.603724 seconds (2.79 G allocations: 6.680 TiB, 23.38% gc time)
[2023-01-09T17:36:59.076]Completed Shot 10, state 22
2532.630783 seconds (2.79 G allocations: 6.680 TiB, 23.38% gc time)
[2023-01-09T17:36:59.104]Completed Shot 10, state 36
2532.799448 seconds (2.79 G allocations: 6.680 TiB, 23.37% gc time)
[2023-01-09T17:36:59.271]Completed Shot 10, state 13
2532.935084 seconds (2.79 G allocations: 6.680 TiB, 23.37% gc time)
[2023-01-09T17:36:59.408]Completed Shot 10, state 28
2533.085196 seconds (2.79 G allocations: 6.680 TiB, 23.37% gc time)
[2023-01-09T17:36:59.556]Completed Shot 10, state 3
2533.430470 seconds (2.79 G allocations: 6.681 TiB, 23.38% gc time)
[2023-01-09T17:36:59.902]Completed Shot 10, state 11
2533.460988 seconds (2.79 G allocations: 6.681 TiB, 23.38% gc time)
2533.460595 seconds (2.79 G allocations: 6.681 TiB, 23.38% gc time)
[[2023-01-09T17:36:59.934]Completed Shot 10, state 442023-01-09T17:36:59.934]Completed Shot 10, state 33

2533.641575 seconds (2.79 G allocations: 6.681 TiB, 23.38% gc time)
[2023-01-09T17:37:00.115]Completed Shot 10, state 35
2533.653338 seconds (2.79 G allocations: 6.681 TiB, 23.38% gc time)
[2023-01-09T17:37:00.126]Completed Shot 10, state 20
2533.859234 seconds (2.79 G allocations: 6.681 TiB, 23.37% gc time)
[2023-01-09T17:37:00.332]Completed Shot 10, state 27
2534.156610 seconds (2.79 G allocations: 6.681 TiB, 23.37% gc time)
[2023-01-09T17:37:00.628]Completed Shot 10, state 9
2534.805064 seconds (2.79 G allocations: 6.681 TiB, 23.36% gc time)
[2023-01-09T17:37:01.279]Completed Shot 10, state 38
[2023-01-09T17:37:01.279]**********Simulation completed!**********
[2023-01-09T17:37:01.279]**********Saving**********
[2023-01-09T17:37:05.278]Saving file: /gpfs/bwfor/work/ws/hd_ku269-logs/LightCones/2023-01-09/468919_N11_BS.jld2
[2023-01-09T17:37:06.805]**********Run completed!**********
pure virtual method called
terminate called without an active exception

signal (6): Aborted
in expression starting at none:0
gsignal at /lib64/libc.so.6 (unknown line)
abort at /lib64/libc.so.6 (unknown line)
__verbose_terminate_handler at /workspace/srcdir/gcc-11.1.0/libstdc++-v3/libsupc++/vterminate.cc:95
__terminate at /workspace/srcdir/gcc-11.1.0/libstdc++-v3/libsupc++/eh_terminate.cc:48
terminate at /workspace/srcdir/gcc-11.1.0/libstdc++-v3/libsupc++/eh_terminate.cc:58
__cxa_pure_virtual at /workspace/srcdir/gcc-11.1.0/libstdc++-v3/libsupc++/pure.cc:50
============================= JOB FEEDBACK =============================
Job ID: 468919
Cluster: helix
User/Group: hd_ku269/hd_hd
State: COMPLETED (exit code 0)
Nodes: 1
Cores per node: 64
CPU Utilized: 17-16:02:02
CPU Efficiency: 90.84% of 19-10:48:32 core-walltime
Job Wall-clock time: 07:17:38
Memory Utilized: 43.47 GB
Memory Efficiency: 18.42% of 236.00 GB
