Added MKL.jl
Project LightCones v0.1.0
Status `/gpfs/bwfor/work/ws/hd_ku269-light_cones/WorkingFolder/Project.toml`
⌃ [7d9fca2a] Arpack v0.5.3
⌃ [7073ff75] IJulia v1.23.3
⌃ [033835bb] JLD2 v0.4.25
  [0b1a1467] KrylovKit v0.6.0
  [d3d80556] LineSearches v7.2.0
  [33e6dc65] MKL v0.6.0
⌃ [429524aa] Optim v1.7.3
⌃ [91a5bcdd] Plots v1.35.5
⌃ [c3e4b0f8] Pluto v0.19.14
  [3c0b384b] QuantumInformation v0.4.9
  [189a3867] Reexport v1.2.2
⌃ [295af30f] Revise v3.4.0
  [ebcc8a00] SpinSymmetry v0.3.3
  [59d54670] ThreadedSparseArrays v0.2.2
  [ade2ca70] Dates
  [8ba89e20] Distributed
  [37e2e46d] LinearAlgebra
  [de0858da] Printf
  [9a3f8284] Random
  [1a1011a3] SharedArrays
  [2f01184e] SparseArrays
  [10745b16] Statistics
Info Packages marked with ⌃ have new versions available and may be upgradable.
[2023-01-09T20:22:16.668]**********RANDOM FIELDS**********
shared_krylov.jl
Working Directory:          /gpfs/bwfor/work/ws/hd_ku269-light_cones/WorkingFolder
SLURM Directory:            /gpfs/bwfor/work/ws/hd_ku269-light_cones/WorkingFolder 
Running on host:            m09n05
Job id:                     468955
Job name:                   otoc_simulation_N11_TR_FIDONLY
Number of nodes allocated:  
Number of cores allocated:  1
#threads of Julia:          64
#threads of BLAS:           1
ARGS = ["11", "10", "50", "BS", "x", "12", "50", "WAHUHA"]
LOCATION = "/gpfs/bwfor/work/ws/hd_ku269-logs/LightCones/2023-01-09"
N = 11
SHOTS = 10
MULT_RANDOM_STATES = true
N_RANDOM_STATES = 50
TYPE_OF_RS = "BS"
OBSERVABLE = "x"
DISORDER_PARAM = 12.0
[2023-01-09T20:22:16.831]**********Running simulation**********
[2023-01-09T20:22:16.881]trange = 0.1:0.1:20.0
[2023-01-09T20:22:17.173]A = σx
[2023-01-09T20:22:17.567]alpha=6
[2023-01-09T20:22:17.567]PBC
4[2023-01-09T20:22:19.822]Operations set up.
Using multiple states.
3680.254378 seconds (3.21 G allocations: 7.620 TiB, 17.57% gc time, 0.16% compilation time)
[2023-01-09T21:23:50.305]Completed Shot 1, state 14
3676.090815 seconds (3.21 G allocations: 7.623 TiB, 17.59% gc time, 0.03% compilation time)
[2023-01-09T21:23:51.030]Completed Shot 1, state 22
3688.015633 seconds (3.23 G allocations: 7.650 TiB, 17.58% gc time, 0.16% compilation time)
[2023-01-09T21:23:58.004]Completed Shot 1, state 42
3693.590651 seconds (3.23 G allocations: 7.668 TiB, 17.61% gc time, 0.16% compilation time)
[2023-01-09T21:24:03.600]Completed Shot 1, state 20
3690.139798 seconds (3.23 G allocations: 7.675 TiB, 17.63% gc time, 0.03% compilation time)
[2023-01-09T21:24:05.183]Completed Shot 1, state 44
3699.538832 seconds (3.24 G allocations: 7.688 TiB, 17.63% gc time, 0.16% compilation time)
[2023-01-09T21:24:09.527]Completed Shot 1, state 5
3696.954606 seconds (3.24 G allocations: 7.700 TiB, 17.64% gc time, 0.02% compilation time)
[2023-01-09T21:24:12.086]Completed Shot 1, state 15
3702.349674 seconds (3.25 G allocations: 7.701 TiB, 17.62% gc time, 0.16% compilation time)
[2023-01-09T21:24:12.360]Completed Shot 1, state 41
3700.325974 seconds (3.25 G allocations: 7.707 TiB, 17.67% gc time, 0.03% compilation time)
[2023-01-09T21:24:15.371]Completed Shot 1, state 37
3700.898302 seconds (3.25 G allocations: 7.710 TiB, 17.67% gc time, 0.03% compilation time)
[2023-01-09T21:24:15.940]Completed Shot 1, state 11
3701.070731 seconds (3.25 G allocations: 7.711 TiB, 17.67% gc time, 0.02% compilation time)
[2023-01-09T21:24:16.205]Completed Shot 1, state 24
3706.595520 seconds (3.25 G allocations: 7.713 TiB, 17.64% gc time, 0.16% compilation time)
[2023-01-09T21:24:16.584]Completed Shot 1, state 1
3707.191240 seconds (3.25 G allocations: 7.716 TiB, 17.64% gc time, 0.16% compilation time)
[2023-01-09T21:24:17.200]Completed Shot 1, state 29
3703.747207 seconds (3.25 G allocations: 7.718 TiB, 17.66% gc time, 0.06% compilation time)
[2023-01-09T21:24:17.667]Completed Shot 1, state 34
3702.548953 seconds (3.25 G allocations: 7.718 TiB, 17.66% gc time, 0.02% compilation time)
[2023-01-09T21:24:17.678]Completed Shot 1, state 45
3702.990858 seconds (3.25 G allocations: 7.720 TiB, 17.66% gc time, 0.03% compilation time)
[2023-01-09T21:24:18.035]Completed Shot 1, state 31
3704.922370 seconds (3.25 G allocations: 7.722 TiB, 17.69% gc time, 0.03% compilation time)
[2023-01-09T21:24:19.966]Completed Shot 1, state 35
3710.100607 seconds (3.26 G allocations: 7.723 TiB, 17.66% gc time, 0.16% compilation time)
[2023-01-09T21:24:20.090]Completed Shot 1, state 30
3705.084500 seconds (3.25 G allocations: 7.723 TiB, 17.69% gc time, 0.03% compilation time)
[2023-01-09T21:24:20.150]Completed Shot 1, state 38
3705.796743 seconds (3.25 G allocations: 7.726 TiB, 17.68% gc time, 0.03% compilation time)
[2023-01-09T21:24:20.842]Completed Shot 1, state 16
3706.967331 seconds (3.26 G allocations: 7.727 TiB, 17.68% gc time, 0.06% compilation time)
[2023-01-09T21:24:20.956]Completed Shot 1, state 27
3711.204284 seconds (3.26 G allocations: 7.728 TiB, 17.66% gc time, 0.16% compilation time)
[2023-01-09T21:24:21.214]Completed Shot 1, state 10
3711.915738 seconds (3.26 G allocations: 7.731 TiB, 17.65% gc time, 0.16% compilation time)
[2023-01-09T21:24:21.925]Completed Shot 1, state 3
3711.944060 seconds (3.26 G allocations: 7.731 TiB, 17.65% gc time, 0.16% compilation time)
[2023-01-09T21:24:21.932]Completed Shot 1, state 4
3711.958709 seconds (3.26 G allocations: 7.731 TiB, 17.65% gc time, 0.16% compilation time)
[2023-01-09T21:24:21.968]Completed Shot 1, state 49
3706.880360 seconds (3.26 G allocations: 7.731 TiB, 17.68% gc time, 0.03% compilation time)
[2023-01-09T21:24:21.995]Completed Shot 1, state 36
3706.932157 seconds (3.26 G allocations: 7.731 TiB, 17.68% gc time, 0.02% compilation time)
[2023-01-09T21:24:22.062]Completed Shot 1, state 8
3707.133840 seconds (3.26 G allocations: 7.732 TiB, 17.68% gc time, 0.03% compilation time)
[2023-01-09T21:24:22.173]Completed Shot 1, state 50
3713.146499 seconds (3.26 G allocations: 7.732 TiB, 17.67% gc time, 0.16% compilation time)
[2023-01-09T21:24:23.155]Completed Shot 1, state 19
3713.187671 seconds (3.26 G allocations: 7.732 TiB, 17.67% gc time, 0.16% compilation time)
[2023-01-09T21:24:23.197]Completed Shot 1, state 48
3708.528119 seconds (3.26 G allocations: 7.734 TiB, 17.69% gc time, 0.02% compilation time)
[2023-01-09T21:24:23.661]Completed Shot 1, state 17
3713.707218 seconds (3.26 G allocations: 7.734 TiB, 17.67% gc time, 0.16% compilation time)
[2023-01-09T21:24:23.717]Completed Shot 1, state 13
3713.902720 seconds (3.26 G allocations: 7.735 TiB, 17.67% gc time, 0.16% compilation time)
[2023-01-09T21:24:23.912]Completed Shot 1, state 2
3708.924285 seconds (3.26 G allocations: 7.735 TiB, 17.69% gc time, 0.03% compilation time)
[2023-01-09T21:24:23.967]Completed Shot 1, state 39
3709.066191 seconds (3.26 G allocations: 7.735 TiB, 17.69% gc time, 0.03% compilation time)
[2023-01-09T21:24:24.005]Completed Shot 1, state 18
3714.351990 seconds (3.26 G allocations: 7.736 TiB, 17.67% gc time, 0.16% compilation time)
[2023-01-09T21:24:24.340]Completed Shot 1, state 23
3709.572081 seconds (3.26 G allocations: 7.737 TiB, 17.69% gc time, 0.02% compilation time)
[2023-01-09T21:24:24.710]Completed Shot 1, state 6
3715.111314 seconds (3.26 G allocations: 7.738 TiB, 17.66% gc time, 0.16% compilation time)
[2023-01-09T21:24:25.120]Completed Shot 1, state 9
3715.730515 seconds (3.26 G allocations: 7.739 TiB, 17.67% gc time, 0.16% compilation time)
[2023-01-09T21:24:25.719]Completed Shot 1, state 46
3711.977262 seconds (3.26 G allocations: 7.741 TiB, 17.69% gc time, 0.02% compilation time)
[2023-01-09T21:24:27.107]Completed Shot 1, state 40
3718.119959 seconds (3.26 G allocations: 7.743 TiB, 17.67% gc time, 0.16% compilation time)
[2023-01-09T21:24:28.108]Completed Shot 1, state 47
3713.452379 seconds (3.26 G allocations: 7.743 TiB, 17.69% gc time, 0.02% compilation time)
[2023-01-09T21:24:28.584]Completed Shot 1, state 33
3719.103610 seconds (3.27 G allocations: 7.745 TiB, 17.66% gc time, 0.16% compilation time)
[2023-01-09T21:24:29.113]Completed Shot 1, state 25
3715.513586 seconds (3.26 G allocations: 7.745 TiB, 17.68% gc time, 0.06% compilation time)
[2023-01-09T21:24:29.433]Completed Shot 1, state 28
3716.021311 seconds (3.27 G allocations: 7.746 TiB, 17.68% gc time, 0.06% compilation time)
[2023-01-09T21:24:29.940]Completed Shot 1, state 26
3720.721490 seconds (3.27 G allocations: 7.746 TiB, 17.66% gc time, 0.16% compilation time)
[2023-01-09T21:24:30.731]Completed Shot 1, state 7
3715.989639 seconds (3.26 G allocations: 7.746 TiB, 17.68% gc time, 0.03% compilation time)
[2023-01-09T21:24:31.031]Completed Shot 1, state 43
3721.265279 seconds (3.27 G allocations: 7.746 TiB, 17.66% gc time, 0.16% compilation time)
[2023-01-09T21:24:31.275]Completed Shot 1, state 12
3719.872089 seconds (3.26 G allocations: 7.747 TiB, 17.66% gc time, 0.02% compilation time)
[2023-01-09T21:24:35.001]Completed Shot 1, state 21
3722.151958 seconds (3.26 G allocations: 7.747 TiB, 17.65% gc time, 0.03% compilation time)
[2023-01-09T21:24:37.193]Completed Shot 1, state 32
2821.410735 seconds (3.12 G allocations: 7.408 TiB, 22.40% gc time)
[2023-01-09T22:11:38.610]Completed Shot 2, state 46
2822.912584 seconds (3.12 G allocations: 7.416 TiB, 22.38% gc time)
[2023-01-09T22:11:40.109]Completed Shot 2, state 13
2823.036948 seconds (3.12 G allocations: 7.416 TiB, 22.38% gc time)
[2023-01-09T22:11:40.234]Completed Shot 2, state 21
2825.664845 seconds (3.12 G allocations: 7.422 TiB, 22.42% gc time)
[2023-01-09T22:11:42.862]Completed Shot 2, state 19
2825.796989 seconds (3.12 G allocations: 7.423 TiB, 22.42% gc time)
[2023-01-09T22:11:42.992]Completed Shot 2, state 7
2826.308531 seconds (3.12 G allocations: 7.425 TiB, 22.41% gc time)
[2023-01-09T22:11:43.507]Completed Shot 2, state 37
2826.325316 seconds (3.12 G allocations: 7.425 TiB, 22.41% gc time)
[2023-01-09T22:11:43.524]Completed Shot 2, state 28
2826.984994 seconds (3.12 G allocations: 7.429 TiB, 22.41% gc time)
[2023-01-09T22:11:44.181]Completed Shot 2, state 9
2829.368845 seconds (3.13 G allocations: 7.436 TiB, 22.42% gc time)
[2023-01-09T22:11:46.564]Completed Shot 2, state 5
2829.582835 seconds (3.13 G allocations: 7.437 TiB, 22.42% gc time)
[2023-01-09T22:11:46.781]Completed Shot 2, state 49
2829.916542 seconds (3.13 G allocations: 7.439 TiB, 22.42% gc time)
[2023-01-09T22:11:47.112]Completed Shot 2, state 6
2830.133169 seconds (3.13 G allocations: 7.440 TiB, 22.42% gc time)
[2023-01-09T22:11:47.331]Completed Shot 2, state 14
2830.326700 seconds (3.13 G allocations: 7.441 TiB, 22.42% gc time)
[2023-01-09T22:11:47.526]Completed Shot 2, state 34
2830.564864 seconds (3.13 G allocations: 7.442 TiB, 22.41% gc time)
[2023-01-09T22:11:47.762]Completed Shot 2, state 27
2830.656054 seconds (3.13 G allocations: 7.443 TiB, 22.41% gc time)
[2023-01-09T22:11:47.851]Completed Shot 2, state 3
2830.704527 seconds (3.13 G allocations: 7.443 TiB, 22.41% gc time)
[2023-01-09T22:11:47.901]Completed Shot 2, state 17
2830.925726 seconds (3.13 G allocations: 7.444 TiB, 22.41% gc time)
[2023-01-09T22:11:48.124]Completed Shot 2, state 39
2832.330139 seconds (3.13 G allocations: 7.446 TiB, 22.43% gc time)
[2023-01-09T22:11:49.528]Completed Shot 2, state 36
2832.362473 seconds (3.13 G allocations: 7.447 TiB, 22.43% gc time)
[2023-01-09T22:11:49.558]Completed Shot 2, state 12
2832.438245 seconds (3.13 G allocations: 7.447 TiB, 22.43% gc time)
[2023-01-09T22:11:49.633]Completed Shot 2, state 4
2832.490315 seconds (3.13 G allocations: 7.447 TiB, 22.43% gc time)
[2023-01-09T22:11:49.686]Completed Shot 2, state 8
2832.526098 seconds (3.13 G allocations: 7.447 TiB, 22.43% gc time)
[2023-01-09T22:11:49.721]Completed Shot 2, state 2
2833.198299 seconds (3.13 G allocations: 7.450 TiB, 22.42% gc time)
[2023-01-09T22:11:50.395]Completed Shot 2, state 20
2833.336538 seconds (3.13 G allocations: 7.451 TiB, 22.42% gc time)
[2023-01-09T22:11:50.534]Completed Shot 2, state 24
2833.573510 seconds (3.13 G allocations: 7.452 TiB, 22.42% gc time)
[2023-01-09T22:11:50.772]Completed Shot 2, state 48
2833.643918 seconds (3.13 G allocations: 7.452 TiB, 22.42% gc time)
[2023-01-09T22:11:50.842]Completed Shot 2, state 41
2833.700151 seconds (3.13 G allocations: 7.452 TiB, 22.42% gc time)
[2023-01-09T22:11:50.896]Completed Shot 2, state 16
2834.031867 seconds (3.13 G allocations: 7.454 TiB, 22.42% gc time)
[2023-01-09T22:11:51.230]Completed Shot 2, state 40
2834.677354 seconds (3.14 G allocations: 7.454 TiB, 22.43% gc time)
[2023-01-09T22:11:51.875]Completed Shot 2, state 45
2834.706440 seconds (3.14 G allocations: 7.454 TiB, 22.43% gc time)
[2023-01-09T22:11:51.904]Completed Shot 2, state 38
2834.966165 seconds (3.14 G allocations: 7.455 TiB, 22.43% gc time)
[2023-01-09T22:11:52.163]Completed Shot 2, state 18
2835.039055 seconds (3.14 G allocations: 7.455 TiB, 22.43% gc time)
[2023-01-09T22:11:52.237]Completed Shot 2, state 29
2835.056831 seconds (3.14 G allocations: 7.455 TiB, 22.43% gc time)
[2023-01-09T22:11:52.254]Completed Shot 2, state 25
2835.097534 seconds (3.14 G allocations: 7.456 TiB, 22.43% gc time)
[2023-01-09T22:11:52.296]Completed Shot 2, state 42
2835.143017 seconds (3.14 G allocations: 7.456 TiB, 22.43% gc time)
[2023-01-09T22:11:52.339]Completed Shot 2, state 15
2835.540722 seconds (3.14 G allocations: 7.457 TiB, 22.42% gc time)
[2023-01-09T22:11:52.736]Completed Shot 2, state 10
2835.645604 seconds (3.14 G allocations: 7.457 TiB, 22.42% gc time)
[2023-01-09T22:11:52.844]Completed Shot 2, state 47
2836.096937 seconds (3.14 G allocations: 7.458 TiB, 22.42% gc time)
[2023-01-09T22:11:53.294]Completed Shot 2, state 32
2836.249499 seconds (3.14 G allocations: 7.458 TiB, 22.42% gc time)
[2023-01-09T22:11:53.445]Completed Shot 2, state 11
2836.864889 seconds (3.14 G allocations: 7.459 TiB, 22.43% gc time)
[2023-01-09T22:11:54.062]Completed Shot 2, state 31
2837.215232 seconds (3.14 G allocations: 7.460 TiB, 22.42% gc time)
[2023-01-09T22:11:54.413]Completed Shot 2, state 33
2837.382165 seconds (3.14 G allocations: 7.460 TiB, 22.42% gc time)
[2023-01-09T22:11:54.580]Completed Shot 2, state 43
2837.821550 seconds (3.14 G allocations: 7.461 TiB, 22.42% gc time)
[2023-01-09T22:11:55.016]Completed Shot 2, state 1
2837.818568 seconds (3.14 G allocations: 7.461 TiB, 22.42% gc time)
[2023-01-09T22:11:55.016]Completed Shot 2, state 35
2837.922945 seconds (3.14 G allocations: 7.461 TiB, 22.42% gc time)
[2023-01-09T22:11:55.120]Completed Shot 2, state 22
2838.028641 seconds (3.14 G allocations: 7.461 TiB, 22.42% gc time)
[2023-01-09T22:11:55.227]Completed Shot 2, state 44
2838.157084 seconds (3.14 G allocations: 7.461 TiB, 22.41% gc time)
[2023-01-09T22:11:55.354]Completed Shot 2, state 30
2838.190196 seconds (3.14 G allocations: 7.461 TiB, 22.41% gc time)
[2023-01-09T22:11:55.387]Completed Shot 2, state 26
2839.412756 seconds (3.14 G allocations: 7.461 TiB, 22.41% gc time)
[2023-01-09T22:11:56.610]Completed Shot 2, state 23
2840.279493 seconds (3.14 G allocations: 7.461 TiB, 22.40% gc time)
[2023-01-09T22:11:57.477]Completed Shot 2, state 50
2462.940047 seconds (2.50 G allocations: 6.022 TiB, 19.98% gc time)
[2023-01-09T22:53:00.422]Completed Shot 3, state 30
2463.339149 seconds (2.50 G allocations: 6.024 TiB, 19.97% gc time)
[2023-01-09T22:53:00.820]Completed Shot 3, state 20
2465.728743 seconds (2.51 G allocations: 6.029 TiB, 20.00% gc time)
[2023-01-09T22:53:03.209]Completed Shot 3, state 9
2465.989688 seconds (2.51 G allocations: 6.030 TiB, 20.00% gc time)
[2023-01-09T22:53:03.473]Completed Shot 3, state 37
2466.551394 seconds (2.51 G allocations: 6.033 TiB, 20.00% gc time)
[2023-01-09T22:53:04.033]Completed Shot 3, state 13
2469.418405 seconds (2.51 G allocations: 6.041 TiB, 20.02% gc time)
[2023-01-09T22:53:06.898]Completed Shot 3, state 1
2469.419406 seconds (2.51 G allocations: 6.041 TiB, 20.02% gc time)
[2023-01-09T22:53:06.902]Completed Shot 3, state 24
2469.646107 seconds (2.51 G allocations: 6.042 TiB, 20.02% gc time)
[2023-01-09T22:53:07.129]Completed Shot 3, state 47
2469.682344 seconds (2.51 G allocations: 6.042 TiB, 20.02% gc time)
[2023-01-09T22:53:07.163]Completed Shot 3, state 16
2469.987641 seconds (2.51 G allocations: 6.044 TiB, 20.01% gc time)
[2023-01-09T22:53:07.470]Completed Shot 3, state 25
2470.078323 seconds (2.51 G allocations: 6.044 TiB, 20.01% gc time)
[2023-01-09T22:53:07.560]Completed Shot 3, state 28
2471.383591 seconds (2.51 G allocations: 6.046 TiB, 20.04% gc time)
[2023-01-09T22:53:08.866]Completed Shot 3, state 43
2471.389891 seconds (2.51 G allocations: 6.046 TiB, 20.04% gc time)
[2023-01-09T22:53:08.871]Completed Shot 3, state 18
2471.875716 seconds (2.51 G allocations: 6.048 TiB, 20.03% gc time)
[2023-01-09T22:53:09.358]Completed Shot 3, state 44
2471.885172 seconds (2.51 G allocations: 6.048 TiB, 20.03% gc time)
[2023-01-09T22:53:09.365]Completed Shot 3, state 7
2472.373090 seconds (2.52 G allocations: 6.051 TiB, 20.03% gc time)
[2023-01-09T22:53:09.856]Completed Shot 3, state 38
2472.615364 seconds (2.52 G allocations: 6.052 TiB, 20.03% gc time)
[2023-01-09T22:53:10.096]Completed Shot 3, state 15
2472.790551 seconds (2.52 G allocations: 6.052 TiB, 20.02% gc time)
[2023-01-09T22:53:10.273]Completed Shot 3, state 36
2472.801322 seconds (2.52 G allocations: 6.052 TiB, 20.02% gc time)
[2023-01-09T22:53:10.282]Completed Shot 3, state 23
2474.076250 seconds (2.52 G allocations: 6.055 TiB, 20.04% gc time)
[2023-01-09T22:53:11.558]Completed Shot 3, state 32
2474.177360 seconds (2.52 G allocations: 6.055 TiB, 20.04% gc time)
[2023-01-09T22:53:11.659]Completed Shot 3, state 35
2474.218170 seconds (2.52 G allocations: 6.055 TiB, 20.04% gc time)
[2023-01-09T22:53:11.700]Completed Shot 3, state 42
2474.245921 seconds (2.52 G allocations: 6.056 TiB, 20.04% gc time)
[2023-01-09T22:53:11.725]Completed Shot 3, state 2
2474.573017 seconds (2.52 G allocations: 6.057 TiB, 20.03% gc time)
[2023-01-09T22:53:12.054]Completed Shot 3, state 14
2474.606528 seconds (2.52 G allocations: 6.057 TiB, 20.03% gc time)
[2023-01-09T22:53:12.087]Completed Shot 3, state 10
2474.908773 seconds (2.52 G allocations: 6.058 TiB, 20.03% gc time)
[2023-01-09T22:53:12.388]Completed Shot 3, state 3
2474.914204 seconds (2.52 G allocations: 6.058 TiB, 20.03% gc time)
[2023-01-09T22:53:12.396]Completed Shot 3, state 29
2475.448673 seconds (2.52 G allocations: 6.059 TiB, 20.04% gc time)
[2023-01-09T22:53:12.928]Completed Shot 3, state 5
2475.468427 seconds (2.52 G allocations: 6.059 TiB, 20.04% gc time)
[2023-01-09T22:53:12.950]Completed Shot 3, state 26
2475.490236 seconds (2.52 G allocations: 6.059 TiB, 20.04% gc time)
[2023-01-09T22:53:12.971]Completed Shot 3, state 22
2475.611777 seconds (2.52 G allocations: 6.059 TiB, 20.04% gc time)
[2023-01-09T22:53:13.091]Completed Shot 3, state 6
2475.623481 seconds (2.52 G allocations: 6.059 TiB, 20.04% gc time)
[2023-01-09T22:53:13.104]Completed Shot 3, state 21
2475.687701 seconds (2.52 G allocations: 6.060 TiB, 20.04% gc time)
[2023-01-09T22:53:13.169]Completed Shot 3, state 31
2476.011741 seconds (2.52 G allocations: 6.060 TiB, 20.03% gc time)
[2023-01-09T22:53:13.494]Completed Shot 3, state 45
2476.226404 seconds (2.52 G allocations: 6.061 TiB, 20.03% gc time)
[2023-01-09T22:53:13.708]Completed Shot 3, state 34
2476.892574 seconds (2.52 G allocations: 6.062 TiB, 20.04% gc time)
[2023-01-09T22:53:14.373]Completed Shot 3, state 11
2476.926331 seconds (2.52 G allocations: 6.062 TiB, 20.04% gc time)
[2023-01-09T22:53:14.407]Completed Shot 3, state 12
2476.942396 seconds (2.52 G allocations: 6.062 TiB, 20.04% gc time)
[2023-01-09T22:53:14.425]Completed Shot 3, state 41
2477.102509 seconds (2.52 G allocations: 6.062 TiB, 20.04% gc time)
[2023-01-09T22:53:14.585]Completed Shot 3, state 50
2477.439389 seconds (2.52 G allocations: 6.063 TiB, 20.03% gc time)
[2023-01-09T22:53:14.922]Completed Shot 3, state 49
2477.762138 seconds (2.52 G allocations: 6.064 TiB, 20.03% gc time)
[2023-01-09T22:53:15.244]Completed Shot 3, state 46
2478.011137 seconds (2.52 G allocations: 6.064 TiB, 20.03% gc time)
[2023-01-09T22:53:15.491]Completed Shot 3, state 8
2478.342316 seconds (2.52 G allocations: 6.064 TiB, 20.03% gc time)
[2023-01-09T22:53:15.825]Completed Shot 3, state 48
2479.007173 seconds (2.52 G allocations: 6.065 TiB, 20.03% gc time)
[2023-01-09T22:53:16.489]Completed Shot 3, state 27
2479.308503 seconds (2.52 G allocations: 6.065 TiB, 20.02% gc time)
[2023-01-09T22:53:16.788]Completed Shot 3, state 4
2479.339059 seconds (2.52 G allocations: 6.065 TiB, 20.02% gc time)
[2023-01-09T22:53:16.821]Completed Shot 3, state 33
2480.195819 seconds (2.52 G allocations: 6.066 TiB, 20.02% gc time)
[2023-01-09T22:53:17.678]Completed Shot 3, state 39
2480.215850 seconds (2.52 G allocations: 6.066 TiB, 20.02% gc time)
[2023-01-09T22:53:17.697]Completed Shot 3, state 19
2481.653952 seconds (2.52 G allocations: 6.066 TiB, 20.01% gc time)
[2023-01-09T22:53:19.135]Completed Shot 3, state 17
2484.323410 seconds (2.52 G allocations: 6.066 TiB, 19.99% gc time)
[2023-01-09T22:53:21.806]Completed Shot 3, state 40
2590.626271 seconds (2.61 G allocations: 6.269 TiB, 20.47% gc time)
[2023-01-09T23:36:32.435]Completed Shot 4, state 20
2592.928439 seconds (2.61 G allocations: 6.280 TiB, 20.45% gc time)
[2023-01-09T23:36:34.737]Completed Shot 4, state 16
2593.897166 seconds (2.62 G allocations: 6.284 TiB, 20.45% gc time)
[2023-01-09T23:36:35.708]Completed Shot 4, state 35
2595.827398 seconds (2.62 G allocations: 6.285 TiB, 20.50% gc time)
[2023-01-09T23:36:37.637]Completed Shot 4, state 26
2596.104475 seconds (2.62 G allocations: 6.287 TiB, 20.50% gc time)
[2023-01-09T23:36:37.915]Completed Shot 4, state 39
2596.224057 seconds (2.62 G allocations: 6.287 TiB, 20.49% gc time)
[2023-01-09T23:36:38.035]Completed Shot 4, state 44
2597.018848 seconds (2.62 G allocations: 6.291 TiB, 20.49% gc time)
[2023-01-09T23:36:38.828]Completed Shot 4, state 12
2597.301907 seconds (2.62 G allocations: 6.292 TiB, 20.49% gc time)
[2023-01-09T23:36:39.110]Completed Shot 4, state 10
2598.606952 seconds (2.62 G allocations: 6.298 TiB, 20.48% gc time)
[2023-01-09T23:36:40.415]Completed Shot 4, state 6
2599.134914 seconds (2.62 G allocations: 6.300 TiB, 20.47% gc time)
[2023-01-09T23:36:40.942]Completed Shot 4, state 2
2599.199622 seconds (2.62 G allocations: 6.300 TiB, 20.47% gc time)
[2023-01-09T23:36:41.010]Completed Shot 4, state 40
2599.267673 seconds (2.62 G allocations: 6.301 TiB, 20.47% gc time)
[2023-01-09T23:36:41.078]Completed Shot 4, state 47
2601.243725 seconds (2.62 G allocations: 6.303 TiB, 20.51% gc time)
[2023-01-09T23:36:43.054]Completed Shot 4, state 48
2601.282421 seconds (2.62 G allocations: 6.303 TiB, 20.51% gc time)
[2023-01-09T23:36:43.090]Completed Shot 4, state 7
2601.460917 seconds (2.62 G allocations: 6.304 TiB, 20.51% gc time)
[2023-01-09T23:36:43.270]Completed Shot 4, state 23
2601.514968 seconds (2.62 G allocations: 6.304 TiB, 20.51% gc time)
[2023-01-09T23:36:43.324]Completed Shot 4, state 11
2601.962372 seconds (2.63 G allocations: 6.306 TiB, 20.51% gc time)
[2023-01-09T23:36:43.770]Completed Shot 4, state 1
2602.076639 seconds (2.63 G allocations: 6.306 TiB, 20.51% gc time)
[2023-01-09T23:36:43.887]Completed Shot 4, state 38
2602.666408 seconds (2.63 G allocations: 6.309 TiB, 20.50% gc time)
[2023-01-09T23:36:44.476]Completed Shot 4, state 28
2602.680112 seconds (2.63 G allocations: 6.309 TiB, 20.50% gc time)
[2023-01-09T23:36:44.488]Completed Shot 4, state 9
2602.785842 seconds (2.63 G allocations: 6.309 TiB, 20.50% gc time)
[2023-01-09T23:36:44.593]Completed Shot 4, state 3
2602.821358 seconds (2.63 G allocations: 6.309 TiB, 20.50% gc time)
[2023-01-09T23:36:44.632]Completed Shot 4, state 50
2602.951785 seconds (2.63 G allocations: 6.310 TiB, 20.50% gc time)
[2023-01-09T23:36:44.761]Completed Shot 4, state 18
2602.986537 seconds (2.63 G allocations: 6.310 TiB, 20.50% gc time)
[2023-01-09T23:36:44.797]Completed Shot 4, state 43
2603.081910 seconds (2.63 G allocations: 6.310 TiB, 20.50% gc time)
[2023-01-09T23:36:44.891]Completed Shot 4, state 27
2603.185376 seconds (2.63 G allocations: 6.311 TiB, 20.50% gc time)
[2023-01-09T23:36:44.994]Completed Shot 4, state 22
2603.202972 seconds (2.63 G allocations: 6.311 TiB, 20.50% gc time)
[2023-01-09T23:36:45.012]Completed Shot 4, state 17
2603.596916 seconds (2.63 G allocations: 6.312 TiB, 20.49% gc time)
[2023-01-09T23:36:45.406]Completed Shot 4, state 30
2603.630173 seconds (2.63 G allocations: 6.312 TiB, 20.49% gc time)
[2023-01-09T23:36:45.440]Completed Shot 4, state 49
2605.056150 seconds (2.63 G allocations: 6.315 TiB, 20.51% gc time)
[2023-01-09T23:36:46.865]Completed Shot 4, state 14
2605.261741 seconds (2.63 G allocations: 6.315 TiB, 20.51% gc time)
[2023-01-09T23:36:47.071]Completed Shot 4, state 29
2605.303409 seconds (2.63 G allocations: 6.315 TiB, 20.51% gc time)
[2023-01-09T23:36:47.113]Completed Shot 4, state 45
2605.442162 seconds (2.63 G allocations: 6.316 TiB, 20.51% gc time)
[2023-01-09T23:36:47.252]Completed Shot 4, state 42
2605.597567 seconds (2.63 G allocations: 6.316 TiB, 20.51% gc time)
[2023-01-09T23:36:47.407]Completed Shot 4, state 36
2606.295858 seconds (2.63 G allocations: 6.318 TiB, 20.50% gc time)
[2023-01-09T23:36:48.105]Completed Shot 4, state 19
2606.382454 seconds (2.63 G allocations: 6.318 TiB, 20.50% gc time)
[2023-01-09T23:36:48.190]Completed Shot 4, state 5
2606.506257 seconds (2.63 G allocations: 6.318 TiB, 20.50% gc time)
[2023-01-09T23:36:48.316]Completed Shot 4, state 32
2607.428184 seconds (2.63 G allocations: 6.320 TiB, 20.51% gc time)
[2023-01-09T23:36:49.238]Completed Shot 4, state 41
2607.442440 seconds (2.63 G allocations: 6.320 TiB, 20.51% gc time)
[2023-01-09T23:36:49.251]Completed Shot 4, state 15
2607.479593 seconds (2.63 G allocations: 6.320 TiB, 20.51% gc time)
[2023-01-09T23:36:49.287]Completed Shot 4, state 8
2607.899873 seconds (2.63 G allocations: 6.320 TiB, 20.50% gc time)
[2023-01-09T23:36:49.710]Completed Shot 4, state 33
2607.920408 seconds (2.63 G allocations: 6.320 TiB, 20.50% gc time)
[2023-01-09T23:36:49.730]Completed Shot 4, state 34
2608.001864 seconds (2.63 G allocations: 6.321 TiB, 20.50% gc time)
[2023-01-09T23:36:49.811]Completed Shot 4, state 25
2608.183065 seconds (2.63 G allocations: 6.321 TiB, 20.50% gc time)
[2023-01-09T23:36:49.993]Completed Shot 4, state 31
2608.562644 seconds (2.63 G allocations: 6.321 TiB, 20.50% gc time)
[2023-01-09T23:36:50.371]Completed Shot 4, state 13
2608.952140 seconds (2.63 G allocations: 6.321 TiB, 20.49% gc time)
[2023-01-09T23:36:50.760]Completed Shot 4, state 4
2608.990989 seconds (2.63 G allocations: 6.321 TiB, 20.49% gc time)
[2023-01-09T23:36:50.800]Completed Shot 4, state 24
2609.491666 seconds (2.63 G allocations: 6.322 TiB, 20.50% gc time)
[2023-01-09T23:36:51.302]Completed Shot 4, state 46
2611.992095 seconds (2.63 G allocations: 6.322 TiB, 20.48% gc time)
[2023-01-09T23:36:53.801]Completed Shot 4, state 21
2613.721579 seconds (2.63 G allocations: 6.322 TiB, 20.47% gc time)
[2023-01-09T23:36:55.531]Completed Shot 4, state 37
2598.325657 seconds (2.92 G allocations: 6.966 TiB, 23.01% gc time)
[2023-01-10T00:20:13.861]Completed Shot 5, state 6
2600.359913 seconds (2.92 G allocations: 6.969 TiB, 23.04% gc time)
[2023-01-10T00:20:15.895]Completed Shot 5, state 11
2601.489798 seconds (2.92 G allocations: 6.975 TiB, 23.03% gc time)
[2023-01-10T00:20:17.028]Completed Shot 5, state 43
2602.358141 seconds (2.92 G allocations: 6.979 TiB, 23.02% gc time)
[2023-01-10T00:20:17.896]Completed Shot 5, state 41
2602.627717 seconds (2.93 G allocations: 6.980 TiB, 23.02% gc time)
[2023-01-10T00:20:18.164]Completed Shot 5, state 27
2602.694326 seconds (2.93 G allocations: 6.981 TiB, 23.02% gc time)
[2023-01-10T00:20:18.231]Completed Shot 5, state 18
2602.895012 seconds (2.93 G allocations: 6.981 TiB, 23.02% gc time)
[2023-01-10T00:20:18.433]Completed Shot 5, state 47
2603.122992 seconds (2.93 G allocations: 6.983 TiB, 23.01% gc time)
[2023-01-10T00:20:18.660]Completed Shot 5, state 31
2604.895563 seconds (2.93 G allocations: 6.984 TiB, 23.05% gc time)
[2023-01-10T00:20:20.431]Completed Shot 5, state 9
2605.038070 seconds (2.93 G allocations: 6.985 TiB, 23.05% gc time)
[2023-01-10T00:20:20.575]Completed Shot 5, state 22
2605.062528 seconds (2.93 G allocations: 6.985 TiB, 23.05% gc time)
[2023-01-10T00:20:20.598]Completed Shot 5, state 5
2605.207739 seconds (2.93 G allocations: 6.985 TiB, 23.05% gc time)
[2023-01-10T00:20:20.744]Completed Shot 5, state 17
2605.362137 seconds (2.93 G allocations: 6.986 TiB, 23.05% gc time)
[2023-01-10T00:20:20.899]Completed Shot 5, state 26
2605.568252 seconds (2.93 G allocations: 6.987 TiB, 23.05% gc time)
[2023-01-10T00:20:21.106]Completed Shot 5, state 35
2605.769432 seconds (2.93 G allocations: 6.988 TiB, 23.05% gc time)
[2023-01-10T00:20:21.305]Completed Shot 5, state 16
2606.146952 seconds (2.93 G allocations: 6.990 TiB, 23.04% gc time)
[2023-01-10T00:20:21.685]Completed Shot 5, state 49
2606.152354 seconds (2.93 G allocations: 6.990 TiB, 23.04% gc time)
[2023-01-10T00:20:21.690]Completed Shot 5, state 45
2606.191496 seconds (2.93 G allocations: 6.990 TiB, 23.04% gc time)
[2023-01-10T00:20:21.728]Completed Shot 5, state 34
2606.478344 seconds (2.93 G allocations: 6.991 TiB, 23.04% gc time)
[2023-01-10T00:20:22.014]Completed Shot 5, state 12
2606.570820 seconds (2.93 G allocations: 6.992 TiB, 23.04% gc time)
[2023-01-10T00:20:22.107]Completed Shot 5, state 20
2606.612864 seconds (2.93 G allocations: 6.992 TiB, 23.04% gc time)
[2023-01-10T00:20:22.150]Completed Shot 5, state 33
2608.121222 seconds (2.93 G allocations: 6.995 TiB, 23.05% gc time)
[2023-01-10T00:20:23.659]Completed Shot 5, state 48
2608.299940 seconds (2.93 G allocations: 6.996 TiB, 23.05% gc time)
[2023-01-10T00:20:23.838]Completed Shot 5, state 46
2608.340418 seconds (2.93 G allocations: 6.996 TiB, 23.05% gc time)
[2023-01-10T00:20:23.875]Completed Shot 5, state 7
2608.442519 seconds (2.93 G allocations: 6.996 TiB, 23.05% gc time)
[2023-01-10T00:20:23.980]Completed Shot 5, state 40
2608.516227 seconds (2.93 G allocations: 6.996 TiB, 23.05% gc time)
[2023-01-10T00:20:24.053]Completed Shot 5, state 28
2608.523077 seconds (2.93 G allocations: 6.996 TiB, 23.05% gc time)
[2023-01-10T00:20:24.060]Completed Shot 5, state 38
2608.549210 seconds (2.93 G allocations: 6.997 TiB, 23.05% gc time)
[2023-01-10T00:20:24.086]Completed Shot 5, state 25
2608.581234 seconds (2.93 G allocations: 6.997 TiB, 23.05% gc time)
[2023-01-10T00:20:24.119]Completed Shot 5, state 50
2608.632983 seconds (2.93 G allocations: 6.997 TiB, 23.05% gc time)
[2023-01-10T00:20:24.170]Completed Shot 5, state 29
2608.659253 seconds (2.93 G allocations: 6.997 TiB, 23.05% gc time)
[2023-01-10T00:20:24.196]Completed Shot 5, state 30
2608.819894 seconds (2.93 G allocations: 6.997 TiB, 23.05% gc time)
[2023-01-10T00:20:24.355]Completed Shot 5, state 10
2608.860873 seconds (2.93 G allocations: 6.997 TiB, 23.05% gc time)
[2023-01-10T00:20:24.398]Completed Shot 5, state 44
2608.932251 seconds (2.93 G allocations: 6.998 TiB, 23.05% gc time)
[2023-01-10T00:20:24.467]Completed Shot 5, state 1
2609.091680 seconds (2.93 G allocations: 6.998 TiB, 23.04% gc time)
[2023-01-10T00:20:24.629]Completed Shot 5, state 39
2609.690166 seconds (2.93 G allocations: 6.998 TiB, 23.06% gc time)
[2023-01-10T00:20:25.227]Completed Shot 5, state 37
2609.968636 seconds (2.93 G allocations: 6.999 TiB, 23.05% gc time)
[2023-01-10T00:20:25.503]Completed Shot 5, state 4
2610.268803 seconds (2.93 G allocations: 7.000 TiB, 23.05% gc time)
[2023-01-10T00:20:25.805]Completed Shot 5, state 24
2610.375464 seconds (2.93 G allocations: 7.000 TiB, 23.05% gc time)
[2023-01-10T00:20:25.912]Completed Shot 5, state 36
2610.624313 seconds (2.93 G allocations: 7.000 TiB, 23.05% gc time)
[2023-01-10T00:20:26.159]Completed Shot 5, state 8
2611.690096 seconds (2.93 G allocations: 7.002 TiB, 23.04% gc time)
[2023-01-10T00:20:27.225]Completed Shot 5, state 3
2611.918699 seconds (2.93 G allocations: 7.002 TiB, 23.04% gc time)
[2023-01-10T00:20:27.456]Completed Shot 5, state 42
2612.311708 seconds (2.94 G allocations: 7.003 TiB, 23.04% gc time)
[2023-01-10T00:20:27.847]Completed Shot 5, state 14
2612.323177 seconds (2.94 G allocations: 7.003 TiB, 23.04% gc time)
[2023-01-10T00:20:27.859]Completed Shot 5, state 19
2613.128479 seconds (2.94 G allocations: 7.004 TiB, 23.03% gc time)
[2023-01-10T00:20:28.664]Completed Shot 5, state 15
2613.427395 seconds (2.94 G allocations: 7.004 TiB, 23.03% gc time)
[2023-01-10T00:20:28.964]Completed Shot 5, state 23
2613.739861 seconds (2.94 G allocations: 7.004 TiB, 23.03% gc time)
[2023-01-10T00:20:29.275]Completed Shot 5, state 13
2613.761726 seconds (2.94 G allocations: 7.004 TiB, 23.03% gc time)
[2023-01-10T00:20:29.296]Completed Shot 5, state 2
  Activating project at `/gpfs/bwfor/work/ws/hd_ku269-light_cones/WorkingFolder`
2615.424642 seconds (2.94 G allocations: 7.004 TiB, 23.01% gc time)
[2023-01-10T00:20:30.962]Completed Shot 5, state 32
2617.428421 seconds (2.94 G allocations: 7.005 TiB, 23.00% gc time)
[2023-01-10T00:20:32.964]Completed Shot 5, state 21
2524.982986 seconds (2.71 G allocations: 6.510 TiB, 22.21% gc time)
[2023-01-10T01:02:37.951]Completed Shot 6, state 25
2526.969413 seconds (2.72 G allocations: 6.520 TiB, 22.19% gc time)
[2023-01-10T01:02:39.939]Completed Shot 6, state 42
2527.710987 seconds (2.72 G allocations: 6.523 TiB, 22.19% gc time)
[2023-01-10T01:02:40.678]Completed Shot 6, state 9
2530.057359 seconds (2.72 G allocations: 6.526 TiB, 22.24% gc time)
[2023-01-10T01:02:43.026]Completed Shot 6, state 26
2530.109483 seconds (2.72 G allocations: 6.526 TiB, 22.24% gc time)
[2023-01-10T01:02:43.078]Completed Shot 6, state 21
2530.770928 seconds (2.72 G allocations: 6.529 TiB, 22.23% gc time)
[2023-01-10T01:02:43.739]Completed Shot 6, state 12
2530.837019 seconds (2.72 G allocations: 6.529 TiB, 22.23% gc time)
[2023-01-10T01:02:43.807]Completed Shot 6, state 45
2530.859195 seconds (2.72 G allocations: 6.529 TiB, 22.23% gc time)
[2023-01-10T01:02:43.829]Completed Shot 6, state 50
2530.862441 seconds (2.72 G allocations: 6.529 TiB, 22.23% gc time)
[2023-01-10T01:02:43.831]Completed Shot 6, state 8
2531.449838 seconds (2.72 G allocations: 6.532 TiB, 22.22% gc time)
[2023-01-10T01:02:44.419]Completed Shot 6, state 41
2531.607216 seconds (2.72 G allocations: 6.533 TiB, 22.22% gc time)
[2023-01-10T01:02:44.575]Completed Shot 6, state 16
2531.756155 seconds (2.72 G allocations: 6.534 TiB, 22.22% gc time)
[2023-01-10T01:02:44.724]Completed Shot 6, state 13
2532.223274 seconds (2.73 G allocations: 6.536 TiB, 22.22% gc time)
[2023-01-10T01:02:45.192]Completed Shot 6, state 27
2532.418608 seconds (2.73 G allocations: 6.537 TiB, 22.22% gc time)
[2023-01-10T01:02:45.388]Completed Shot 6, state 37
2532.955547 seconds (2.73 G allocations: 6.539 TiB, 22.21% gc time)
[2023-01-10T01:02:45.923]Completed Shot 6, state 18
2533.080763 seconds (2.73 G allocations: 6.539 TiB, 22.21% gc time)
[2023-01-10T01:02:46.049]Completed Shot 6, state 29
2533.100825 seconds (2.73 G allocations: 6.540 TiB, 22.21% gc time)
[2023-01-10T01:02:46.070]Completed Shot 6, state 32
2533.270907 seconds (2.73 G allocations: 6.540 TiB, 22.21% gc time)
[2023-01-10T01:02:46.240]Completed Shot 6, state 31
2534.577211 seconds (2.73 G allocations: 6.540 TiB, 22.25% gc time)
[2023-01-10T01:02:47.546]Completed Shot 6, state 35
2534.606256 seconds (2.73 G allocations: 6.540 TiB, 22.25% gc time)
[2023-01-10T01:02:47.573]Completed Shot 6, state 11
2534.672597 seconds (2.73 G allocations: 6.541 TiB, 22.25% gc time)
[2023-01-10T01:02:47.641]Completed Shot 6, state 28
2534.754215 seconds (2.73 G allocations: 6.541 TiB, 22.25% gc time)
[2023-01-10T01:02:47.722]Completed Shot 6, state 14
2535.083024 seconds (2.73 G allocations: 6.542 TiB, 22.24% gc time)
[2023-01-10T01:02:48.049]Completed Shot 6, state 3
2535.216747 seconds (2.73 G allocations: 6.543 TiB, 22.24% gc time)
[2023-01-10T01:02:48.186]Completed Shot 6, state 33
2535.239052 seconds (2.73 G allocations: 6.543 TiB, 22.24% gc time)
[2023-01-10T01:02:48.206]Completed Shot 6, state 7
2535.316236 seconds (2.73 G allocations: 6.543 TiB, 22.24% gc time)
[2023-01-10T01:02:48.283]Completed Shot 6, state 6
2535.478859 seconds (2.73 G allocations: 6.544 TiB, 22.24% gc time)
[2023-01-10T01:02:48.446]Completed Shot 6, state 15
2535.554057 seconds (2.73 G allocations: 6.544 TiB, 22.24% gc time)
[2023-01-10T01:02:48.520]Completed Shot 6, state 1
2535.732546 seconds (2.73 G allocations: 6.544 TiB, 22.24% gc time)
[2023-01-10T01:02:48.701]Completed Shot 6, state 38
2535.939084 seconds (2.73 G allocations: 6.545 TiB, 22.24% gc time)
[2023-01-10T01:02:48.905]Completed Shot 6, state 2
2535.996700 seconds (2.73 G allocations: 6.545 TiB, 22.24% gc time)
[2023-01-10T01:02:48.964]Completed Shot 6, state 20
2536.046107 seconds (2.73 G allocations: 6.545 TiB, 22.23% gc time)
[2023-01-10T01:02:49.014]Completed Shot 6, state 24
2536.555687 seconds (2.73 G allocations: 6.547 TiB, 22.23% gc time)
[2023-01-10T01:02:49.525]Completed Shot 6, state 39
2536.659050 seconds (2.73 G allocations: 6.547 TiB, 22.23% gc time)
[2023-01-10T01:02:49.627]Completed Shot 6, state 30
2536.919436 seconds (2.73 G allocations: 6.548 TiB, 22.23% gc time)
[2023-01-10T01:02:49.886]Completed Shot 6, state 4
2538.324455 seconds (2.73 G allocations: 6.550 TiB, 22.24% gc time)
[2023-01-10T01:02:51.292]Completed Shot 6, state 19
2538.501411 seconds (2.73 G allocations: 6.550 TiB, 22.24% gc time)
[2023-01-10T01:02:51.469]Completed Shot 6, state 17
2538.623934 seconds (2.73 G allocations: 6.550 TiB, 22.24% gc time)
[2023-01-10T01:02:51.593]Completed Shot 6, state 49
2538.689642 seconds (2.73 G allocations: 6.551 TiB, 22.24% gc time)
[2023-01-10T01:02:51.659]Completed Shot 6, state 48
2538.849043 seconds (2.73 G allocations: 6.551 TiB, 22.23% gc time)
[2023-01-10T01:02:51.818]Completed Shot 6, state 36
2538.916809 seconds (2.73 G allocations: 6.551 TiB, 22.23% gc time)
[2023-01-10T01:02:51.885]Completed Shot 6, state 34
2539.003223 seconds (2.73 G allocations: 6.551 TiB, 22.23% gc time)
[2023-01-10T01:02:51.970]Completed Shot 6, state 5
2539.062298 seconds (2.73 G allocations: 6.551 TiB, 22.23% gc time)
[2023-01-10T01:02:52.032]Completed Shot 6, state 46
2539.126099 seconds (2.73 G allocations: 6.551 TiB, 22.23% gc time)
[2023-01-10T01:02:52.093]Completed Shot 6, state 10
2539.531870 seconds (2.73 G allocations: 6.552 TiB, 22.23% gc time)
[2023-01-10T01:02:52.501]Completed Shot 6, state 43
2539.928670 seconds (2.73 G allocations: 6.552 TiB, 22.23% gc time)
[2023-01-10T01:02:52.898]Completed Shot 6, state 47
2540.527455 seconds (2.73 G allocations: 6.552 TiB, 22.23% gc time)
[2023-01-10T01:02:53.497]Completed Shot 6, state 44
2541.557236 seconds (2.73 G allocations: 6.553 TiB, 22.22% gc time)
[2023-01-10T01:02:54.525]Completed Shot 6, state 22
2541.730353 seconds (2.73 G allocations: 6.553 TiB, 22.22% gc time)
[2023-01-10T01:02:54.698]Completed Shot 6, state 23
2542.466456 seconds (2.73 G allocations: 6.553 TiB, 22.22% gc time)
[2023-01-10T01:02:55.435]Completed Shot 6, state 40
2533.996157 seconds (2.68 G allocations: 6.425 TiB, 21.55% gc time)
[2023-01-10T01:45:09.435]Completed Shot 7, state 14
2537.529826 seconds (2.68 G allocations: 6.435 TiB, 21.57% gc time)
[2023-01-10T01:45:12.969]Completed Shot 7, state 30
2539.577014 seconds (2.69 G allocations: 6.444 TiB, 21.56% gc time)
[2023-01-10T01:45:15.016]Completed Shot 7, state 33
2541.344612 seconds (2.69 G allocations: 6.445 TiB, 21.60% gc time)
[2023-01-10T01:45:16.784]Completed Shot 7, state 37
2542.448936 seconds (2.69 G allocations: 6.450 TiB, 21.59% gc time)
[2023-01-10T01:45:17.887]Completed Shot 7, state 15
2543.197355 seconds (2.69 G allocations: 6.453 TiB, 21.59% gc time)
[2023-01-10T01:45:18.638]Completed Shot 7, state 43
2543.736329 seconds (2.69 G allocations: 6.455 TiB, 21.58% gc time)
[2023-01-10T01:45:19.175]Completed Shot 7, state 26
2543.770381 seconds (2.69 G allocations: 6.456 TiB, 21.58% gc time)
[2023-01-10T01:45:19.210]Completed Shot 7, state 27
2543.790792 seconds (2.69 G allocations: 6.456 TiB, 21.58% gc time)
[2023-01-10T01:45:19.228]Completed Shot 7, state 2
2543.924523 seconds (2.69 G allocations: 6.456 TiB, 21.58% gc time)
[2023-01-10T01:45:19.362]Completed Shot 7, state 7
2544.129733 seconds (2.69 G allocations: 6.457 TiB, 21.58% gc time)
[2023-01-10T01:45:19.568]Completed Shot 7, state 16
2544.199220 seconds (2.69 G allocations: 6.457 TiB, 21.58% gc time)
[2023-01-10T01:45:19.637]Completed Shot 7, state 4
2544.338660 seconds (2.69 G allocations: 6.458 TiB, 21.58% gc time)
[2023-01-10T01:45:19.777]Completed Shot 7, state 24
2544.349143 seconds (2.69 G allocations: 6.458 TiB, 21.58% gc time)
[2023-01-10T01:45:19.789]Completed Shot 7, state 42
2544.387654 seconds (2.69 G allocations: 6.458 TiB, 21.58% gc time)
[2023-01-10T01:45:19.828]Completed Shot 7, state 49
2545.685868 seconds (2.69 G allocations: 6.459 TiB, 21.61% gc time)
[2023-01-10T01:45:21.125]Completed Shot 7, state 38
2546.204821 seconds (2.70 G allocations: 6.461 TiB, 21.60% gc time)
[2023-01-10T01:45:21.644]Completed Shot 7, state 17
2546.304321 seconds (2.70 G allocations: 6.462 TiB, 21.60% gc time)
[2023-01-10T01:45:21.742]Completed Shot 7, state 6
2546.592945 seconds (2.70 G allocations: 6.463 TiB, 21.60% gc time)
[2023-01-10T01:45:22.032]Completed Shot 7, state 21
2548.447674 seconds (2.70 G allocations: 6.467 TiB, 21.61% gc time)
[2023-01-10T01:45:23.886]Completed Shot 7, state 20
2548.558979 seconds (2.70 G allocations: 6.468 TiB, 21.61% gc time)
[2023-01-10T01:45:23.998]Completed Shot 7, state 23
2548.608647 seconds (2.70 G allocations: 6.468 TiB, 21.61% gc time)
[2023-01-10T01:45:24.046]Completed Shot 7, state 9
2548.636079 seconds (2.70 G allocations: 6.468 TiB, 21.61% gc time)
[2023-01-10T01:45:24.076]Completed Shot 7, state 44
2548.753369 seconds (2.70 G allocations: 6.468 TiB, 21.61% gc time)
[2023-01-10T01:45:24.192]Completed Shot 7, state 22
2548.909284 seconds (2.70 G allocations: 6.469 TiB, 21.61% gc time)
[2023-01-10T01:45:24.347]Completed Shot 7, state 10
2548.987174 seconds (2.70 G allocations: 6.469 TiB, 21.61% gc time)
[2023-01-10T01:45:24.425]Completed Shot 7, state 12
2549.036124 seconds (2.70 G allocations: 6.469 TiB, 21.61% gc time)
[2023-01-10T01:45:24.476]Completed Shot 7, state 48
2549.056765 seconds (2.70 G allocations: 6.469 TiB, 21.61% gc time)
[2023-01-10T01:45:24.496]Completed Shot 7, state 32
2549.371675 seconds (2.70 G allocations: 6.471 TiB, 21.60% gc time)
[2023-01-10T01:45:24.811]Completed Shot 7, state 34
2549.406936 seconds (2.70 G allocations: 6.471 TiB, 21.60% gc time)
[2023-01-10T01:45:24.846]Completed Shot 7, state 41
2549.694059 seconds (2.70 G allocations: 6.472 TiB, 21.60% gc time)
[2023-01-10T01:45:25.131]Completed Shot 7, state 5
2549.712098 seconds (2.70 G allocations: 6.472 TiB, 21.60% gc time)
[2023-01-10T01:45:25.152]Completed Shot 7, state 40
2549.720337 seconds (2.70 G allocations: 6.472 TiB, 21.60% gc time)
[2023-01-10T01:45:25.159]Completed Shot 7, state 29
2549.758643 seconds (2.70 G allocations: 6.472 TiB, 21.60% gc time)
[2023-01-10T01:45:25.196]Completed Shot 7, state 3
2550.815141 seconds (2.70 G allocations: 6.474 TiB, 21.60% gc time)
[2023-01-10T01:45:26.254]Completed Shot 7, state 35
2550.848964 seconds (2.70 G allocations: 6.474 TiB, 21.60% gc time)
[2023-01-10T01:45:26.288]Completed Shot 7, state 28
2550.939185 seconds (2.70 G allocations: 6.474 TiB, 21.60% gc time)
[2023-01-10T01:45:26.379]Completed Shot 7, state 50
2550.968221 seconds (2.70 G allocations: 6.474 TiB, 21.60% gc time)
[2023-01-10T01:45:26.406]Completed Shot 7, state 8
2550.978407 seconds (2.70 G allocations: 6.474 TiB, 21.60% gc time)
[2023-01-10T01:45:26.416]Completed Shot 7, state 13
2551.297873 seconds (2.70 G allocations: 6.474 TiB, 21.60% gc time)
[2023-01-10T01:45:26.735]Completed Shot 7, state 1
2551.314686 seconds (2.70 G allocations: 6.474 TiB, 21.60% gc time)
[2023-01-10T01:45:26.754]Completed Shot 7, state 46
2551.352254 seconds (2.70 G allocations: 6.475 TiB, 21.60% gc time)
[2023-01-10T01:45:26.792]Completed Shot 7, state 39
2551.535253 seconds (2.70 G allocations: 6.475 TiB, 21.60% gc time)
[2023-01-10T01:45:26.974]Completed Shot 7, state 36
2551.762030 seconds (2.70 G allocations: 6.475 TiB, 21.60% gc time)
[2023-01-10T01:45:27.200]Completed Shot 7, state 19
2551.949597 seconds (2.70 G allocations: 6.475 TiB, 21.59% gc time)
[2023-01-10T01:45:27.388]Completed Shot 7, state 18
2551.974739 seconds (2.70 G allocations: 6.475 TiB, 21.59% gc time)
[2023-01-10T01:45:27.412]Completed Shot 7, state 11
2553.043824 seconds (2.70 G allocations: 6.476 TiB, 21.59% gc time)
[2023-01-10T01:45:28.483]Completed Shot 7, state 47
2553.071907 seconds (2.70 G allocations: 6.476 TiB, 21.59% gc time)
[2023-01-10T01:45:28.511]Completed Shot 7, state 31
2553.165188 seconds (2.70 G allocations: 6.476 TiB, 21.59% gc time)
[2023-01-10T01:45:28.604]Completed Shot 7, state 25
2554.215342 seconds (2.70 G allocations: 6.476 TiB, 21.58% gc time)
[2023-01-10T01:45:29.655]Completed Shot 7, state 45
2525.321345 seconds (2.26 G allocations: 5.468 TiB, 18.06% gc time)
[2023-01-10T02:27:34.980]Completed Shot 8, state 22
2530.945061 seconds (2.27 G allocations: 5.482 TiB, 18.10% gc time)
[2023-01-10T02:27:40.604]Completed Shot 8, state 24
2537.757501 seconds (2.28 G allocations: 5.502 TiB, 18.11% gc time)
[2023-01-10T02:27:47.416]Completed Shot 8, state 9
2540.879296 seconds (2.28 G allocations: 5.510 TiB, 18.12% gc time)
[2023-01-10T02:27:50.539]Completed Shot 8, state 42
2541.523897 seconds (2.28 G allocations: 5.512 TiB, 18.12% gc time)
[2023-01-10T02:27:51.184]Completed Shot 8, state 44
2542.580542 seconds (2.28 G allocations: 5.514 TiB, 18.13% gc time)
[2023-01-10T02:27:52.240]Completed Shot 8, state 46
2542.790725 seconds (2.28 G allocations: 5.515 TiB, 18.13% gc time)
[2023-01-10T02:27:52.450]Completed Shot 8, state 41
2544.447771 seconds (2.29 G allocations: 5.519 TiB, 18.13% gc time)
[2023-01-10T02:27:54.107]Completed Shot 8, state 35
2545.191152 seconds (2.29 G allocations: 5.521 TiB, 18.12% gc time)
[2023-01-10T02:27:54.850]Completed Shot 8, state 33
2546.932798 seconds (2.29 G allocations: 5.525 TiB, 18.12% gc time)
[2023-01-10T02:27:56.592]Completed Shot 8, state 19
2548.576689 seconds (2.29 G allocations: 5.530 TiB, 18.12% gc time)
[2023-01-10T02:27:58.237]Completed Shot 8, state 16
2548.582446 seconds (2.29 G allocations: 5.530 TiB, 18.12% gc time)
[2023-01-10T02:27:58.242]Completed Shot 8, state 25
2548.756459 seconds (2.29 G allocations: 5.530 TiB, 18.12% gc time)
[2023-01-10T02:27:58.415]Completed Shot 8, state 26
2548.819213 seconds (2.29 G allocations: 5.530 TiB, 18.12% gc time)
[2023-01-10T02:27:58.479]Completed Shot 8, state 50
2549.062229 seconds (2.29 G allocations: 5.531 TiB, 18.12% gc time)
[2023-01-10T02:27:58.721]Completed Shot 8, state 32
2551.092550 seconds (2.29 G allocations: 5.536 TiB, 18.12% gc time)
[2023-01-10T02:28:00.751]Completed Shot 8, state 29
2551.951014 seconds (2.29 G allocations: 5.537 TiB, 18.12% gc time)
[2023-01-10T02:28:01.610]Completed Shot 8, state 27
2552.050659 seconds (2.29 G allocations: 5.537 TiB, 18.12% gc time)
[2023-01-10T02:28:01.708]Completed Shot 8, state 6
2552.735628 seconds (2.29 G allocations: 5.539 TiB, 18.12% gc time)
[2023-01-10T02:28:02.394]Completed Shot 8, state 17
2553.897370 seconds (2.29 G allocations: 5.542 TiB, 18.12% gc time)
[2023-01-10T02:28:03.555]Completed Shot 8, state 12
2554.150193 seconds (2.30 G allocations: 5.542 TiB, 18.12% gc time)
[2023-01-10T02:28:03.807]Completed Shot 8, state 7
2554.461342 seconds (2.30 G allocations: 5.543 TiB, 18.12% gc time)
[2023-01-10T02:28:04.120]Completed Shot 8, state 31
2554.804558 seconds (2.30 G allocations: 5.544 TiB, 18.11% gc time)
[2023-01-10T02:28:04.464]Completed Shot 8, state 34
2554.816078 seconds (2.30 G allocations: 5.544 TiB, 18.11% gc time)
[2023-01-10T02:28:04.474]Completed Shot 8, state 14
2554.955399 seconds (2.30 G allocations: 5.545 TiB, 18.11% gc time)
[2023-01-10T02:28:04.614]Completed Shot 8, state 30
2555.530435 seconds (2.30 G allocations: 5.545 TiB, 18.12% gc time)
[2023-01-10T02:28:05.190]Completed Shot 8, state 48
2555.783154 seconds (2.30 G allocations: 5.546 TiB, 18.12% gc time)
[2023-01-10T02:28:05.442]Completed Shot 8, state 39
2556.194691 seconds (2.30 G allocations: 5.547 TiB, 18.12% gc time)
[2023-01-10T02:28:05.852]Completed Shot 8, state 3
2556.350853 seconds (2.30 G allocations: 5.548 TiB, 18.11% gc time)
[2023-01-10T02:28:06.009]Completed Shot 8, state 18
2557.134170 seconds (2.30 G allocations: 5.549 TiB, 18.12% gc time)
[2023-01-10T02:28:06.793]Completed Shot 8, state 38
2557.180253 seconds (2.30 G allocations: 5.549 TiB, 18.12% gc time)
[2023-01-10T02:28:06.840]Completed Shot 8, state 43
2557.224253 seconds (2.30 G allocations: 5.549 TiB, 18.12% gc time)
[2023-01-10T02:28:06.882]Completed Shot 8, state 15
2558.123367 seconds (2.30 G allocations: 5.551 TiB, 18.11% gc time)
[2023-01-10T02:28:07.781]Completed Shot 8, state 8
2558.139073 seconds (2.30 G allocations: 5.551 TiB, 18.11% gc time)
[2023-01-10T02:28:07.797]Completed Shot 8, state 20
2558.681377 seconds (2.30 G allocations: 5.552 TiB, 18.12% gc time)
[2023-01-10T02:28:08.341]Completed Shot 8, state 36
2558.842551 seconds (2.30 G allocations: 5.552 TiB, 18.12% gc time)
[2023-01-10T02:28:08.500]Completed Shot 8, state 11
2558.952285 seconds (2.30 G allocations: 5.552 TiB, 18.12% gc time)
[2023-01-10T02:28:08.611]Completed Shot 8, state 21
2559.668666 seconds (2.30 G allocations: 5.554 TiB, 18.11% gc time)
[2023-01-10T02:28:09.328]Completed Shot 8, state 49
2559.692978 seconds (2.30 G allocations: 5.554 TiB, 18.11% gc time)
[2023-01-10T02:28:09.350]Completed Shot 8, state 10
2560.562360 seconds (2.30 G allocations: 5.555 TiB, 18.11% gc time)
[2023-01-10T02:28:10.219]Completed Shot 8, state 2
2560.583053 seconds (2.30 G allocations: 5.555 TiB, 18.11% gc time)
[2023-01-10T02:28:10.240]Completed Shot 8, state 5
2560.616812 seconds (2.30 G allocations: 5.555 TiB, 18.11% gc time)
[2023-01-10T02:28:10.276]Completed Shot 8, state 45
2560.724189 seconds (2.30 G allocations: 5.555 TiB, 18.11% gc time)
[2023-01-10T02:28:10.381]Completed Shot 8, state 4
2560.738131 seconds (2.30 G allocations: 5.555 TiB, 18.11% gc time)
[2023-01-10T02:28:10.398]Completed Shot 8, state 40
2562.451143 seconds (2.30 G allocations: 5.557 TiB, 18.10% gc time)
[2023-01-10T02:28:12.110]Completed Shot 8, state 37
2562.539048 seconds (2.30 G allocations: 5.557 TiB, 18.10% gc time)
[2023-01-10T02:28:12.199]Completed Shot 8, state 47
2562.695794 seconds (2.30 G allocations: 5.557 TiB, 18.10% gc time)
[2023-01-10T02:28:12.353]Completed Shot 8, state 13
2564.431603 seconds (2.30 G allocations: 5.557 TiB, 18.09% gc time)
[2023-01-10T02:28:14.090]Completed Shot 8, state 28
2568.572075 seconds (2.30 G allocations: 5.558 TiB, 18.06% gc time)
[2023-01-10T02:28:18.228]Completed Shot 8, state 1
2569.039683 seconds (2.30 G allocations: 5.559 TiB, 18.06% gc time)
[2023-01-10T02:28:18.698]Completed Shot 8, state 23
2798.676037 seconds (2.36 G allocations: 5.702 TiB, 16.24% gc time)
[2023-01-10T03:14:57.379]Completed Shot 9, state 42
2822.466067 seconds (2.39 G allocations: 5.768 TiB, 16.31% gc time)
[2023-01-10T03:15:21.168]Completed Shot 9, state 37
2829.955950 seconds (2.40 G allocations: 5.791 TiB, 16.31% gc time)
[2023-01-10T03:15:28.657]Completed Shot 9, state 7
2835.117425 seconds (2.41 G allocations: 5.805 TiB, 16.34% gc time)
[2023-01-10T03:15:33.820]Completed Shot 9, state 21
2835.753589 seconds (2.41 G allocations: 5.807 TiB, 16.34% gc time)
[2023-01-10T03:15:34.456]Completed Shot 9, state 50
2837.204986 seconds (2.41 G allocations: 5.812 TiB, 16.33% gc time)
[2023-01-10T03:15:35.907]Completed Shot 9, state 40
2839.569523 seconds (2.41 G allocations: 5.817 TiB, 16.36% gc time)
[2023-01-10T03:15:38.270]Completed Shot 9, state 3
2843.662991 seconds (2.42 G allocations: 5.829 TiB, 16.37% gc time)
[2023-01-10T03:15:42.365]Completed Shot 9, state 33
2845.949254 seconds (2.42 G allocations: 5.837 TiB, 16.36% gc time)
[2023-01-10T03:15:44.652]Completed Shot 9, state 44
2846.138617 seconds (2.42 G allocations: 5.838 TiB, 16.35% gc time)
[2023-01-10T03:15:44.841]Completed Shot 9, state 28
2849.160489 seconds (2.42 G allocations: 5.845 TiB, 16.38% gc time)
[2023-01-10T03:15:47.861]Completed Shot 9, state 14
2849.459232 seconds (2.42 G allocations: 5.846 TiB, 16.37% gc time)
[2023-01-10T03:15:48.162]Completed Shot 9, state 46
2849.858742 seconds (2.43 G allocations: 5.848 TiB, 16.37% gc time)
[2023-01-10T03:15:48.558]Completed Shot 9, state 1
2849.974312 seconds (2.43 G allocations: 5.848 TiB, 16.37% gc time)
[2023-01-10T03:15:48.677]Completed Shot 9, state 49
2850.414113 seconds (2.43 G allocations: 5.850 TiB, 16.37% gc time)
[2023-01-10T03:15:49.114]Completed Shot 9, state 6
2850.523765 seconds (2.43 G allocations: 5.850 TiB, 16.37% gc time)
[2023-01-10T03:15:49.226]Completed Shot 9, state 32
2850.920002 seconds (2.43 G allocations: 5.851 TiB, 16.37% gc time)
[2023-01-10T03:15:49.621]Completed Shot 9, state 12
2850.942898 seconds (2.43 G allocations: 5.852 TiB, 16.37% gc time)
[2023-01-10T03:15:49.644]Completed Shot 9, state 18
2851.028704 seconds (2.43 G allocations: 5.852 TiB, 16.37% gc time)
[2023-01-10T03:15:49.731]Completed Shot 9, state 48
2853.590322 seconds (2.43 G allocations: 5.857 TiB, 16.39% gc time)
[2023-01-10T03:15:52.293]Completed Shot 9, state 39
2854.385177 seconds (2.43 G allocations: 5.859 TiB, 16.38% gc time)
[2023-01-10T03:15:53.085]Completed Shot 9, state 4
2855.077856 seconds (2.43 G allocations: 5.862 TiB, 16.38% gc time)
[2023-01-10T03:15:53.780]Completed Shot 9, state 41
2855.288812 seconds (2.43 G allocations: 5.863 TiB, 16.38% gc time)
[2023-01-10T03:15:53.991]Completed Shot 9, state 31
2856.742679 seconds (2.43 G allocations: 5.865 TiB, 16.39% gc time)
[2023-01-10T03:15:55.444]Completed Shot 9, state 20
2857.343019 seconds (2.43 G allocations: 5.867 TiB, 16.39% gc time)
[2023-01-10T03:15:56.043]Completed Shot 9, state 11
2857.480438 seconds (2.43 G allocations: 5.868 TiB, 16.39% gc time)
[2023-01-10T03:15:56.183]Completed Shot 9, state 34
2857.615337 seconds (2.43 G allocations: 5.868 TiB, 16.39% gc time)
[2023-01-10T03:15:56.318]Completed Shot 9, state 47
2857.819195 seconds (2.43 G allocations: 5.869 TiB, 16.39% gc time)
[2023-01-10T03:15:56.521]Completed Shot 9, state 38
2857.976388 seconds (2.43 G allocations: 5.869 TiB, 16.39% gc time)
[2023-01-10T03:15:56.678]Completed Shot 9, state 35
2858.260588 seconds (2.43 G allocations: 5.870 TiB, 16.39% gc time)
[2023-01-10T03:15:56.961]Completed Shot 9, state 16
2858.424179 seconds (2.43 G allocations: 5.870 TiB, 16.38% gc time)
[2023-01-10T03:15:57.125]Completed Shot 9, state 13
2858.549220 seconds (2.43 G allocations: 5.871 TiB, 16.38% gc time)
[2023-01-10T03:15:57.252]Completed Shot 9, state 43
2859.846453 seconds (2.44 G allocations: 5.872 TiB, 16.40% gc time)
[2023-01-10T03:15:58.547]Completed Shot 9, state 17
2860.110027 seconds (2.44 G allocations: 5.873 TiB, 16.39% gc time)
[2023-01-10T03:15:58.811]Completed Shot 9, state 26
2860.370457 seconds (2.44 G allocations: 5.874 TiB, 16.39% gc time)
[2023-01-10T03:15:59.072]Completed Shot 9, state 23
2860.395432 seconds (2.44 G allocations: 5.874 TiB, 16.39% gc time)
[2023-01-10T03:15:59.098]Completed Shot 9, state 45
2861.071690 seconds (2.44 G allocations: 5.875 TiB, 16.39% gc time)
[2023-01-10T03:15:59.771]Completed Shot 9, state 2
2862.239955 seconds (2.44 G allocations: 5.877 TiB, 16.40% gc time)
[2023-01-10T03:16:00.941]Completed Shot 9, state 25
2862.559390 seconds (2.44 G allocations: 5.877 TiB, 16.40% gc time)
[2023-01-10T03:16:01.260]Completed Shot 9, state 15
2863.079343 seconds (2.44 G allocations: 5.878 TiB, 16.39% gc time)
[2023-01-10T03:16:01.780]Completed Shot 9, state 10
2863.346610 seconds (2.44 G allocations: 5.878 TiB, 16.39% gc time)
[2023-01-10T03:16:02.047]Completed Shot 9, state 9
2863.601537 seconds (2.44 G allocations: 5.879 TiB, 16.39% gc time)
[2023-01-10T03:16:02.303]Completed Shot 9, state 29
2866.547040 seconds (2.44 G allocations: 5.882 TiB, 16.38% gc time)
[2023-01-10T03:16:05.249]Completed Shot 9, state 36
2867.210166 seconds (2.44 G allocations: 5.883 TiB, 16.39% gc time)
[2023-01-10T03:16:05.912]Completed Shot 9, state 30
2869.037872 seconds (2.44 G allocations: 5.884 TiB, 16.37% gc time)
[2023-01-10T03:16:07.739]Completed Shot 9, state 27
2869.695088 seconds (2.44 G allocations: 5.884 TiB, 16.38% gc time)
[2023-01-10T03:16:08.396]Completed Shot 9, state 19
2870.574883 seconds (2.44 G allocations: 5.885 TiB, 16.37% gc time)
[2023-01-10T03:16:09.275]Completed Shot 9, state 8
2870.996289 seconds (2.44 G allocations: 5.885 TiB, 16.37% gc time)
[2023-01-10T03:16:09.696]Completed Shot 9, state 5
2871.421340 seconds (2.44 G allocations: 5.885 TiB, 16.37% gc time)
[2023-01-10T03:16:10.123]Completed Shot 9, state 22
2875.228790 seconds (2.44 G allocations: 5.886 TiB, 16.35% gc time)
[2023-01-10T03:16:13.930]Completed Shot 9, state 24
2824.391789 seconds (3.06 G allocations: 7.293 TiB, 22.04% gc time)
[2023-01-10T04:03:18.326]Completed Shot 10, state 27
2826.517655 seconds (3.07 G allocations: 7.304 TiB, 22.02% gc time)
[2023-01-10T04:03:20.453]Completed Shot 10, state 50
2829.036333 seconds (3.07 G allocations: 7.311 TiB, 22.05% gc time)
[2023-01-10T04:03:22.970]Completed Shot 10, state 20
2832.075199 seconds (3.08 G allocations: 7.320 TiB, 22.07% gc time)
[2023-01-10T04:03:26.009]Completed Shot 10, state 25
2832.406000 seconds (3.08 G allocations: 7.322 TiB, 22.06% gc time)
[2023-01-10T04:03:26.338]Completed Shot 10, state 6
2832.603063 seconds (3.08 G allocations: 7.323 TiB, 22.06% gc time)
[2023-01-10T04:03:26.537]Completed Shot 10, state 21
2832.825366 seconds (3.08 G allocations: 7.324 TiB, 22.06% gc time)
[2023-01-10T04:03:26.760]Completed Shot 10, state 41
2832.992754 seconds (3.08 G allocations: 7.325 TiB, 22.06% gc time)
[2023-01-10T04:03:26.926]Completed Shot 10, state 9
2833.016649 seconds (3.08 G allocations: 7.325 TiB, 22.06% gc time)
[2023-01-10T04:03:26.952]Completed Shot 10, state 45
2833.409608 seconds (3.08 G allocations: 7.327 TiB, 22.06% gc time)
[2023-01-10T04:03:27.345]Completed Shot 10, state 46
2833.457214 seconds (3.08 G allocations: 7.327 TiB, 22.06% gc time)
[2023-01-10T04:03:27.392]Completed Shot 10, state 37
2833.887142 seconds (3.08 G allocations: 7.330 TiB, 22.05% gc time)
[2023-01-10T04:03:27.819]Completed Shot 10, state 4
2836.055279 seconds (3.08 G allocations: 7.336 TiB, 22.07% gc time)
[2023-01-10T04:03:29.989]Completed Shot 10, state 28
2836.805073 seconds (3.08 G allocations: 7.340 TiB, 22.06% gc time)
[2023-01-10T04:03:30.737]Completed Shot 10, state 3
2838.146324 seconds (3.08 G allocations: 7.342 TiB, 22.08% gc time)
[2023-01-10T04:03:32.080]Completed Shot 10, state 29
2838.170069 seconds (3.08 G allocations: 7.342 TiB, 22.08% gc time)
[2023-01-10T04:03:32.105]Completed Shot 10, state 44
2838.437169 seconds (3.09 G allocations: 7.344 TiB, 22.08% gc time)
[2023-01-10T04:03:32.371]Completed Shot 10, state 22
2838.558162 seconds (3.09 G allocations: 7.344 TiB, 22.08% gc time)
[2023-01-10T04:03:32.493]Completed Shot 10, state 38
2838.640677 seconds (3.09 G allocations: 7.345 TiB, 22.08% gc time)
[2023-01-10T04:03:32.573]Completed Shot 10, state 10
2838.885383 seconds (3.09 G allocations: 7.346 TiB, 22.08% gc time)
[2023-01-10T04:03:32.819]Completed Shot 10, state 18
2839.717902 seconds (3.09 G allocations: 7.350 TiB, 22.07% gc time)
[2023-01-10T04:03:33.652]Completed Shot 10, state 31
2840.767616 seconds (3.09 G allocations: 7.351 TiB, 22.09% gc time)
[2023-01-10T04:03:34.700]Completed Shot 10, state 13
2840.772132 seconds (3.09 G allocations: 7.351 TiB, 22.09% gc time)
[2023-01-10T04:03:34.705]Completed Shot 10, state 17
2841.607505 seconds (3.09 G allocations: 7.355 TiB, 22.08% gc time)
[2023-01-10T04:03:35.541]Completed Shot 10, state 23
2841.948657 seconds (3.09 G allocations: 7.356 TiB, 22.08% gc time)
[2023-01-10T04:03:35.883]Completed Shot 10, state 30
2842.032653 seconds (3.09 G allocations: 7.356 TiB, 22.08% gc time)
[2023-01-10T04:03:35.967]Completed Shot 10, state 33
2843.266016 seconds (3.09 G allocations: 7.359 TiB, 22.09% gc time)
[2023-01-10T04:03:37.201]Completed Shot 10, state 43
2843.516369 seconds (3.09 G allocations: 7.360 TiB, 22.08% gc time)
[2023-01-10T04:03:37.448]Completed Shot 10, state 2
2843.684013 seconds (3.09 G allocations: 7.360 TiB, 22.08% gc time)
[2023-01-10T04:03:37.618]Completed Shot 10, state 34
2843.753399 seconds (3.09 G allocations: 7.361 TiB, 22.08% gc time)
[2023-01-10T04:03:37.685]Completed Shot 10, state 5
2844.045838 seconds (3.09 G allocations: 7.362 TiB, 22.08% gc time)
[2023-01-10T04:03:37.979]Completed Shot 10, state 12
2844.078795 seconds (3.09 G allocations: 7.362 TiB, 22.08% gc time)
[2023-01-10T04:03:38.011]Completed Shot 10, state 11
2844.181679 seconds (3.09 G allocations: 7.362 TiB, 22.08% gc time)
[2023-01-10T04:03:38.116]Completed Shot 10, state 36
2844.290438 seconds (3.09 G allocations: 7.362 TiB, 22.08% gc time)
[2023-01-10T04:03:38.223]Completed Shot 10, state 14
2845.575072 seconds (3.09 G allocations: 7.365 TiB, 22.08% gc time)
[2023-01-10T04:03:39.509]Completed Shot 10, state 24
2845.672144 seconds (3.09 G allocations: 7.365 TiB, 22.08% gc time)
[2023-01-10T04:03:39.607]Completed Shot 10, state 42
2845.720786 seconds (3.09 G allocations: 7.365 TiB, 22.08% gc time)
[2023-01-10T04:03:39.654]Completed Shot 10, state 19
2846.333536 seconds (3.10 G allocations: 7.367 TiB, 22.08% gc time)
[2023-01-10T04:03:40.268]Completed Shot 10, state 40
2846.465314 seconds (3.10 G allocations: 7.367 TiB, 22.08% gc time)
[2023-01-10T04:03:40.400]Completed Shot 10, state 39
2847.011964 seconds (3.10 G allocations: 7.367 TiB, 22.09% gc time)
[2023-01-10T04:03:40.943]Completed Shot 10, state 1
2847.028374 seconds (3.10 G allocations: 7.367 TiB, 22.09% gc time)
[2023-01-10T04:03:40.963]Completed Shot 10, state 35
2847.080044 seconds (3.10 G allocations: 7.368 TiB, 22.08% gc time)
[2023-01-10T04:03:41.014]Completed Shot 10, state 26
2847.159205 seconds (3.10 G allocations: 7.368 TiB, 22.08% gc time)
[2023-01-10T04:03:41.091]Completed Shot 10, state 8
2848.343116 seconds (3.10 G allocations: 7.369 TiB, 22.08% gc time)
[2023-01-10T04:03:42.276]Completed Shot 10, state 16
2848.873674 seconds (3.10 G allocations: 7.370 TiB, 22.08% gc time)
[2023-01-10T04:03:42.806]Completed Shot 10, state 7
2848.876487 seconds (3.10 G allocations: 7.370 TiB, 22.08% gc time)
[2023-01-10T04:03:42.811]Completed Shot 10, state 48
2848.917876 seconds (3.10 G allocations: 7.370 TiB, 22.08% gc time)
[2023-01-10T04:03:42.852]Completed Shot 10, state 32
2849.057727 seconds (3.10 G allocations: 7.370 TiB, 22.08% gc time)
[2023-01-10T04:03:42.992]Completed Shot 10, state 47
2853.499744 seconds (3.10 G allocations: 7.371 TiB, 22.04% gc time)
[2023-01-10T04:03:47.434]Completed Shot 10, state 49
2857.130386 seconds (3.10 G allocations: 7.371 TiB, 22.02% gc time)
[2023-01-10T04:03:51.063]Completed Shot 10, state 15
[2023-01-10T04:03:51.064]**********Simulation completed!**********
[2023-01-10T04:03:51.064]**********Saving**********
[2023-01-10T04:03:55.043]Saving file: /gpfs/bwfor/work/ws/hd_ku269-logs/LightCones/2023-01-09/468955_N11_BS.jld2
[2023-01-10T04:03:59.169]**********Run completed!**********
============================= JOB FEEDBACK =============================
Job ID: 468955
Cluster: helix
User/Group: hd_ku269/hd_hd
State: COMPLETED (exit code 0)
Nodes: 1
Cores per node: 64
CPU Utilized: 18-14:51:17
CPU Efficiency: 90.65% of 20-12:55:28 core-walltime
Job Wall-clock time: 07:42:07
Memory Utilized: 44.55 GB
Memory Efficiency: 18.88% of 236.00 GB
