  Activating project at `/lustre/work/ws/ws1/hd_ku269-light_cones/LightCones`
Added MKL.jl
     Project LightCones v0.1.0
      Status `/lustre/work/ws/ws1/hd_ku269-light_cones/LightCones/Project.toml`
  [7d9fca2a] Arpack v0.5.3
  [7073ff75] IJulia v1.23.3
  [033835bb] JLD2 v0.4.22
  [0b1a1467] KrylovKit v0.5.4
  [d3d80556] LineSearches v7.1.1
  [33e6dc65] MKL v0.5.0
  [429524aa] Optim v1.7.0
  [91a5bcdd] Plots v1.31.1
  [c3e4b0f8] Pluto v0.19.9
  [3c0b384b] QuantumInformation v0.4.9
  [189a3867] Reexport v1.2.2
  [295af30f] Revise v3.3.3
  [ebcc8a00] SpinSymmetry v0.3.3
  [59d54670] ThreadedSparseArrays v0.2.2
  [ade2ca70] Dates
  [8ba89e20] Distributed
  [37e2e46d] LinearAlgebra
  [de0858da] Printf
  [9a3f8284] Random
  [1a1011a3] SharedArrays
  [2f01184e] SparseArrays
  [10745b16] Statistics
[2022-07-07T19:41:00.386]**********RANDOM FIELDS**********
shared_krylov.jl
Working Directory:          /lustre/work/ws/ws1/hd_ku269-light_cones/LightCones
SLURM Directory:            /lustre/work/ws/ws1/hd_ku269-light_cones/LightCones 
Running on host:            n1815
Job id:                     6223950
Job name:                   otoc_simulation_N19_BS
Number of nodes allocated:  
Number of cores allocated:  1
#threads of Julia:          96
#threads of BLAS:           1
ARGS = ["19", "1", "10", "BS", "z", "0"]
LOCATION = "/lustre/work/ws/ws1/hd_ku269-logs/LightCones/2022-07-07"
N = 19
SHOTS = 1
MULT_RANDOM_STATES = true
N_RANDOM_STATES = 10
TYPE_OF_RS = "BS"
OBSERVABLE = "z"
DISORDER_PARAM = 0.0
[2022-07-07T19:41:00.592]**********Running simulation**********
[2022-07-07T19:41:00.732]trange = 0.0:0.1:5.0
test
57442.339204 seconds (172.89 M allocations: 56.199 TiB, 3.62% gc time, 0.02% compilation time)
[2022-07-08T11:38:58.629]Completed Shot 1, state 4
57628.077356 seconds (173.37 M allocations: 56.378 TiB, 3.62% gc time, 0.02% compilation time)
[2022-07-08T11:42:04.249]Completed Shot 1, state 1
57687.985357 seconds (173.57 M allocations: 56.435 TiB, 3.62% gc time, 0.02% compilation time)
[2022-07-08T11:43:04.125]Completed Shot 1, state 7
57759.586708 seconds (173.75 M allocations: 56.503 TiB, 3.62% gc time, 0.02% compilation time)
[2022-07-08T11:44:15.726]Completed Shot 1, state 5
57913.834416 seconds (174.16 M allocations: 56.653 TiB, 3.62% gc time, 0.02% compilation time)
[2022-07-08T11:46:49.974]Completed Shot 1, state 8
59622.075063 seconds (178.43 M allocations: 58.236 TiB, 3.61% gc time, 0.02% compilation time)
[2022-07-08T12:15:18.248]Completed Shot 1, state 6
66691.960554 seconds (194.81 M allocations: 64.239 TiB, 3.61% gc time, 0.02% compilation time)
[2022-07-08T14:13:08.120]Completed Shot 1, state 2
67508.707827 seconds (196.61 M allocations: 64.894 TiB, 3.62% gc time, 0.02% compilation time)
[2022-07-08T14:26:44.847]Completed Shot 1, state 9
67587.560582 seconds (196.72 M allocations: 64.933 TiB, 3.63% gc time, 0.02% compilation time)
[2022-07-08T14:28:03.700]Completed Shot 1, state 10
67681.289586 seconds (196.75 M allocations: 64.944 TiB, 3.62% gc time, 0.02% compilation time)
[2022-07-08T14:29:37.429]Completed Shot 1, state 3
[2022-07-08T14:29:37.495]**********Simulation completed!**********
[2022-07-08T14:29:37.495]**********Saving**********
[2022-07-08T14:29:39.368]Saving file: /lustre/work/ws/ws1/hd_ku269-logs/LightCones/2022-07-07/6223950_N19_BS.jld2
[2022-07-08T14:29:42.736]**********Run completed!**********
