  Activating project at `/lustre/work/ws/ws1/hd_ku269-light_cones/LightCones`
Added MKL.jl
     Project LightCones v0.1.0
      Status `/lustre/work/ws/ws1/hd_ku269-light_cones/LightCones/Project.toml`
  [7d9fca2a] Arpack v0.5.3
  [d9af566e] FilteredMatrices v0.1.0 `https://github.com/pablosanjose/FilteredMatrices.jl.git#master`
  [7073ff75] IJulia v1.23.2
  [033835bb] JLD2 v0.4.17
  [0b1a1467] KrylovKit v0.5.3
  [d3d80556] LineSearches v7.1.1
  [429524aa] Optim v1.6.0
  [14b8a8f1] PkgTemplates v0.7.26
  [91a5bcdd] Plots v1.24.3
  [c3e4b0f8] Pluto v0.17.7
  [189a3867] Reexport v1.2.2
  [295af30f] Revise v3.3.1
  [6038ab10] Rotations v1.1.1
  [d0a720f3] SimLib v0.9.1 `https://github.com/abraemer/SimLib.jl.git#main`
  [ebcc8a00] SpinSymmetry v0.3.3
  [df0c8232] XXZNumerics v0.6.0 `https://github.com/abraemer/XXZNumerics.jl.git#main`
  [ade2ca70] Dates
  [8ba89e20] Distributed
  [37e2e46d] LinearAlgebra
  [de0858da] Printf
  [9a3f8284] Random
  [1a1011a3] SharedArrays
  [2f01184e] SparseArrays
  [10745b16] Statistics
shared_krylov.jl
Working Directory:          /lustre/work/ws/ws1/hd_ku269-light_cones/LightCones
SLURM Directory:            /lustre/work/ws/ws1/hd_ku269-light_cones/LightCones 
Running on host:            n1124
Job id:                     5213366
Job name:                   otoc_simulation_N9_RS
Number of nodes allocated:  
Number of cores allocated:  1
#threads of Julia:          20
#threads of BLAS:           1
ARGS = ["9", "1", "10", "z", "0"]
LOCATION = "/lustre/work/ws/ws1/hd_ku269-logs/LightCones/2022-03-09"
N = 9
SHOTS = 1
RANDOM_STATES = true
N_RANDOM_STATES = 10
OBSERVABLE = "z"
DISORDER_PARAM = 0.0
[2022-03-09T04:29:53.084]**********Running simulation**********
[2022-03-09T04:29:55.153]Used random product state.
[2022-03-09T04:29:55.153]Used random product state.
[2022-03-09T04:29:55.153]Used random product state.
[2022-03-09T04:29:55.153]Used random product state.
[2022-03-09T04:29:55.153]Used random product state.
[2022-03-09T04:29:55.153]Used random product state.
[2022-03-09T04:29:55.153]Used random product state.
[2022-03-09T04:29:55.153]Used random product state.
[2022-03-09T04:29:55.153]Used random product state.
[2022-03-09T04:29:55.153]Used random product state.
test 17.747825 seconds (26.44 M allocations: 33.060 GiB, 9.13% gc time, 60.81% compilation time)
[2022-03-09T04:30:13.547]Completed Shot 1, state 4
 20.073493 seconds (27.95 M allocations: 46.374 GiB, 9.38% gc time, 53.58% compilation time)
[2022-03-09T04:30:15.911]Completed Shot 1, state 2
 20.204357 seconds (28.04 M allocations: 46.774 GiB, 9.37% gc time, 53.40% compilation time)
[2022-03-09T04:30:16.007]Completed Shot 1, state 9
  9.893501 seconds (6.12 M allocations: 45.746 GiB, 10.78% gc time, 4.84% compilation time)
[2022-03-09T04:30:16.007]Completed Shot 1, state 10
 20.244525 seconds (28.08 M allocations: 46.811 GiB, 9.35% gc time, 53.45% compilation time)
[2022-03-09T04:30:16.016]Completed Shot 1, state 3
 20.259798 seconds (28.09 M allocations: 46.857 GiB, 9.34% gc time, 53.41% compilation time)
[2022-03-09T04:30:16.032]Completed Shot 1, state 5
 20.264917 seconds (28.09 M allocations: 46.868 GiB, 9.34% gc time, 53.39% compilation time)
[2022-03-09T04:30:16.037]Completed Shot 1, state 7
 20.285708 seconds (28.09 M allocations: 46.896 GiB, 9.33% gc time, 53.34% compilation time)
[2022-03-09T04:30:16.058]Completed Shot 1, state 1
  9.943593 seconds (6.13 M allocations: 45.864 GiB, 10.73% gc time, 4.82% compilation time)
[2022-03-09T04:30:16.058]Completed Shot 1, state 6
 20.282026 seconds (28.09 M allocations: 46.898 GiB, 9.33% gc time, 53.31% compilation time)
[2022-03-09T04:30:16.061]Completed Shot 1, state 8
[2022-03-09T04:30:16.061]**********Simulation completed!**********
[2022-03-09T04:30:16.061]**********Saving**********
[2022-03-09T04:30:17.610]Saving file: /lustre/work/ws/ws1/hd_ku269-logs/LightCones/2022-03-09/5213366_N9.jld2
[2022-03-09T04:30:23.913]**********Run completed!**********
