  Activating project at `/lustre/work/ws/ws1/hd_ku269-light_cones/LightCones`
Added MKL.jl
Project LightCones v0.1.0
Status `/lustre/work/ws/ws1/hd_ku269-light_cones/LightCones/Project.toml`
  [7d9fca2a] Arpack v0.5.3
  [7073ff75] IJulia v1.23.3
  [033835bb] JLD2 v0.4.23
  [0b1a1467] KrylovKit v0.5.4
  [d3d80556] LineSearches v7.2.0
  [33e6dc65] MKL v0.5.0
  [429524aa] Optim v1.7.3
  [91a5bcdd] Plots v1.34.0
  [c3e4b0f8] Pluto v0.19.12
  [3c0b384b] QuantumInformation v0.4.9
  [189a3867] Reexport v1.2.2
  [295af30f] Revise v3.4.0
  [ebcc8a00] SpinSymmetry v0.3.3
  [59d54670] ThreadedSparseArrays v0.2.2
  [ade2ca70] Dates
  [8ba89e20] Distributed
  [37e2e46d] LinearAlgebra
  [de0858da] Printf
  [9a3f8284] Random
  [1a1011a3] SharedArrays
  [2f01184e] SparseArrays
  [10745b16] Statistics
[2022-09-28T22:45:50.932]**********RANDOM FIELDS**********
shared_krylov_rp.jl
Working Directory:          /lustre/work/ws/ws1/hd_ku269-light_cones/LightCones
SLURM Directory:            /lustre/work/ws/ws1/hd_ku269-light_cones/LightCones 
Running on host:            n1822
Job id:                     7218441
Job name:                   otoc_simulation_N13_ED_rp
Number of nodes allocated:  
Number of cores allocated:  1
#threads of Julia:          96
#threads of BLAS:           1
ARGS = ["13", "50", "z", "1.9", "noisy_chain_pbc"]
LOCATION = "/lustre/work/ws/ws1/hd_ku269-logs/LightCones/2022-09-28"
N = 13
SHOTS = 50
OBSERVABLE = "z"
DISORDER_PARAM = 1.9
GEOMETRY = "noisy_chain_pbc"
[2022-09-28T22:45:51.129]**********Running simulation**********
[2022-09-28T22:45:51.221]trange = [0.0, 0.010000000000000002, 0.020000000000000004, 0.030000000000000006, 0.04000000000000001, 0.05000000000000001, 0.06000000000000001, 0.07, 0.08000000000000002, 0.09000000000000002, 0.1, 0.2, 0.30000000000000004, 0.4, 0.5, 0.6000000000000001, 0.7000000000000001, 0.8, 0.9, 1.0, 2.0, 3.0, 4.0, 5.0, 6.0, 7.0, 8.0, 9.0, 10.0, 20.0, 30.0, 40.0, 50.0, 60.0, 70.0, 80.0, 90.0, 100.0, 200.0, 300.0, 400.0, 500.0, 600.0, 700.0, 800.0, 900.0, 1000.0, 2000.0, 3000.0, 4000.0, 5000.0, 6000.0, 7000.0, 8000.0, 9000.0, 10000.0, 20000.0, 30000.0, 40000.0, 50000.0, 60000.0, 70000.0, 80000.0, 90000.0, 100000.0, 200000.0, 300000.0, 400000.0, 500000.0, 600000.0, 700000.0, 800000.0, 900000.0, 1.0e6, 2.0e6, 3.0e6, 4.0e6, 5.0e6, 6.0e6, 7.0e6, 8.0e6, 9.0e6, 1.0e7, 2.0e7, 3.0e7, 4.0e7, 5.0e7, 6.0e7, 7.0e7, 8.0e7, 9.0e7, 1.0e8, 2.0e8, 3.0e8, 4.0e8, 5.0e8, 6.0e8, 7.0e8, 8.0e8, 9.0e8, 1.0e9, 2.0e9, 3.0e9, 4.0e9, 5.0e9, 6.0e9, 7.0e9, 8.0e9, 9.0e9, 1.0e10]
[2022-09-28T22:45:51.299]i=1
[2022-09-28T22:45:51.631]A=σx
[2022-09-28T22:45:52.219]Generating positions for PositionDataDescriptor(:noisy_chain_pbc, 13, 50, 1.9)
[[2022-09-28T22:45:56.346]Created Hamiltonian for Shot 23
[2022-09-28T22:45:56.346]Created Hamiltonian for Shot 1
2022-09-28T22:45:56.346]Created Hamiltonian for Shot 48
[2022-09-28T22:45:56.346]Created Hamiltonian for Shot 49
[[2022-09-28T22:45:56.346]Created Hamiltonian for Shot 50
2022-09-28T22:45:56.346]Created Hamiltonian for Shot 46
[2022-09-28T22:45:56.346]Created Hamiltonian for Shot 39
[2022-09-28T22:45:56.346]Created Hamiltonian for Shot 38
[[2022-09-28T22:45:56.346]Created Hamiltonian for Shot 44
2022-09-28T22:45:56.346]Created Hamiltonian for Shot 42
[2022-09-28T22:45:56.355]Created Hamiltonian for Shot 47
[2022-09-28T22:45:56.499]Created Hamiltonian for Shot 26
[2022-09-28T22:45:56.835]Created Hamiltonian for Shot 8
[2022-09-28T22:45:56.846]Created Hamiltonian for Shot 36
[2022-09-28T22:45:57.570]Created Hamiltonian for Shot 12
[2022-09-28T22:45:57.575]Created Hamiltonian for Shot 16
[2022-09-28T22:45:58.099]Created Hamiltonian for Shot 21
[2022-09-28T22:45:58.622]Created Hamiltonian for Shot 24
[2022-09-28T22:45:58.963]Created Hamiltonian for Shot 30
[2022-09-28T22:45:59.476]Created Hamiltonian for Shot 40
[2022-09-28T22:45:59.816]Created Hamiltonian for Shot 35
[2022-09-28T22:46:00.307]Created Hamiltonian for Shot 20
[2022-09-28T22:46:00.727]Created Hamiltonian for Shot 13
[2022-09-28T22:46:01.239]Created Hamiltonian for Shot 18
[2022-09-28T22:46:01.579]Created Hamiltonian for Shot 28
[2022-09-28T22:46:02.067]Created Hamiltonian for Shot 10
[2022-09-28T22:46:02.419]Created Hamiltonian for Shot 43
[2022-09-28T22:46:02.906]Created Hamiltonian for Shot 11
[2022-09-28T22:46:03.393]Created Hamiltonian for Shot 32
[2022-09-28T22:46:05.396]Created Hamiltonian for Shot 2
[2022-09-28T22:52:09.931]Created Hamiltonian for Shot 41
[2022-09-28T22:58:09.560]Created Hamiltonian for Shot 29
[2022-09-28T23:04:21.336]Created Hamiltonian for Shot 17
[2022-09-28T23:04:22.703]Created Hamiltonian for Shot 5
[[2022-09-28T23:10:27.113]Created Hamiltonian for Shot 4
2022-09-28T23:10:27.113]Created Hamiltonian for Shot 9
[[2022-09-28T23:10:29.690]Created Hamiltonian for Shot 45
[2022-09-28T23:10:29.690]Created Hamiltonian for Shot 6
[[[[2022-09-28T23:10:29.690]Created Hamiltonian for Shot 15
2022-09-28T23:10:29.690]Created Hamiltonian for Shot 14
2022-09-28T23:10:29.690]Created Hamiltonian for Shot 7
2022-09-28T23:10:29.690]Created Hamiltonian for Shot 33
2022-09-28T23:10:29.690]Created Hamiltonian for Shot 25
[[2022-09-28T23:53:34.682]Diagonalized H.
2022-09-28T23:53:35.160]Diagonalized H.
[2022-09-28T23:53:35.191]Created Hamiltonian for Shot 37
[2022-09-28T23:53:35.394]Diagonalized H.
[2022-09-28T23:53:35.618]Created Hamiltonian for Shot 22
[[2022-09-28T23:53:36.432]Created Hamiltonian for Shot 3
2022-09-28T23:53:36.432]Created Hamiltonian for Shot 27
[2022-09-28T23:53:38.167]Created Hamiltonian for Shot 34
[[2022-09-28T23:53:38.385]Diagonalized H.
2022-09-28T23:59:33.527]Diagonalized H.
[2022-09-29T00:05:29.332]Created Hamiltonian for Shot 19
[2022-09-29T00:05:29.335]Created Hamiltonian for Shot 31
[[[2022-09-29T00:11:49.587]Diagonalized H.
[2022-09-29T00:11:49.592]Diagonalized H.
2022-09-29T00:11:49.593]Diagonalized H.
2022-09-29T00:11:49.591]Diagonalized H.
[[2022-09-29T00:17:59.350]Diagonalized H.
2022-09-29T00:17:59.363]Diagonalized H.
[[2022-09-29T00:18:00.029]Diagonalized H.
2022-09-29T00:18:00.028]Diagonalized H.
[2022-09-29T00:24:57.879]Diagonalized H.
[2022-09-29T00:30:39.204]Diagonalized H.
[[[2022-09-29T00:32:02.313]Diagonalized H.
2022-09-29T00:32:02.400]Diagonalized H.
2022-09-29T00:32:02.203]Diagonalized H.
[[2022-09-29T00:32:02.403]Diagonalized H.
2022-09-29T00:32:02.499]Diagonalized H.
[2022-09-29T00:38:21.121]Diagonalized H.
[2022-09-29T00:44:48.485]Diagonalized H.
[2022-09-29T01:04:39.121]Diagonalized H.
[[2022-09-29T01:05:24.235]Diagonalized H.
2022-09-29T01:04:39.730]Diagonalized H.
[[2022-09-29T01:15:36.729]Diagonalized H.
2022-09-29T01:15:36.750]Diagonalized H.
[[[2022-09-29T01:15:37.519]Diagonalized H.
2022-09-29T01:15:37.524]Diagonalized H.
2022-09-29T01:15:37.523]Diagonalized H.
[2022-09-29T01:23:29.135]Diagonalized H.
[2022-09-29T01:25:01.245]Diagonalized H.
[2022-09-29T01:32:35.327]Diagonalized H.
[2022-09-29T01:39:00.749]Diagonalized H.
[[2022-09-29T01:39:03.540]Diagonalized H.
2022-09-29T01:39:03.538]Diagonalized H.
[[2022-09-29T01:40:37.810]Diagonalized H.
2022-09-29T01:40:37.888]Diagonalized H.
[2022-09-29T01:48:30.668]Diagonalized H.
[2022-09-29T01:54:44.966]Diagonalized H.
[2022-09-29T01:54:50.091]Diagonalized H.
[2022-09-29T01:56:25.791]Diagonalized H.
[2022-09-29T02:04:20.748]Diagonalized H.
[2022-09-29T02:11:28.280]Diagonalized H.
[2022-09-29T02:11:29.166]Diagonalized H.
[2022-09-29T02:12:13.134]Diagonalized H.
[2022-09-29T02:12:16.095]Diagonalized H.
[[2022-09-29T02:13:47.706]Diagonalized H.
2022-09-29T02:13:47.631]Diagonalized H.
[2022-09-29T01:04:35.948]Diagonalized H.
[2022-09-29T04:22:09.878]Completed Shot 32
[2022-09-29T04:22:39.866]Completed Shot 44
[2022-09-29T06:32:39.772]Completed Shot 28
[2022-09-29T06:37:19.951]Completed Shot 29
[2022-09-29T06:42:55.286]Completed Shot 24
[2022-09-29T08:00:17.940]Completed Shot 42
[2022-09-29T08:06:59.216]Completed Shot 41
[2022-09-29T08:09:10.159]Completed Shot 49
[2022-09-29T08:09:10.159]Completed Shot 50
[2022-09-29T08:10:13.478]Completed Shot 48
[2022-09-29T08:29:35.233]Completed Shot 35
[2022-09-29T08:29:35.234]Completed Shot 39
[2022-09-29T08:29:35.234]Completed Shot 45
[2022-09-29T09:04:53.710]Completed Shot 27
[2022-09-29T09:04:53.711]Completed Shot 31
[2022-09-29T09:04:53.711]Completed Shot 38
[2022-09-29T09:10:50.601]Completed Shot 34
[2022-09-29T09:10:50.601]Completed Shot 46
[2022-09-29T09:16:46.999]Completed Shot 26
[2022-09-29T09:16:47.060]Completed Shot 47
[2022-09-29T09:20:01.347]Completed Shot 5
[2022-09-29T09:22:36.592]Completed Shot 43
[2022-09-29T09:22:36.593]Completed Shot 36
[2022-09-29T09:22:36.593]Completed Shot 1
[2022-09-29T09:24:51.126]Completed Shot 2
[2022-09-29T09:24:51.127]Completed Shot 40
[2022-09-29T09:25:13.270]Completed Shot 3
[2022-09-29T09:28:04.891]Completed Shot 37
[2022-09-29T09:29:51.999]Completed Shot 30
[2022-09-29T09:33:28.006]Completed Shot 4
[2022-09-29T09:33:37.413]Completed Shot 9
[2022-09-29T10:06:47.141]Completed Shot 11
[2022-09-29T10:09:35.879]Completed Shot 14
[2022-09-29T10:09:51.976]Completed Shot 18
[2022-09-29T10:10:03.400]Completed Shot 8
[2022-09-29T10:11:13.516]Completed Shot 6
[2022-09-29T10:12:39.295]Completed Shot 33
[2022-09-29T10:14:07.577]Completed Shot 17
[2022-09-29T10:14:34.526]Completed Shot 21
[2022-09-29T10:14:46.025]Completed Shot 12
[2022-09-29T10:14:58.468]Completed Shot 13
[2022-09-29T10:15:05.650]Completed Shot 20
[2022-09-29T10:15:10.931]Completed Shot 15
[2022-09-29T10:15:22.649]Completed Shot 7
[2022-09-29T10:15:24.652]Completed Shot 23
[2022-09-29T10:15:38.253]Completed Shot 10
[2022-09-29T10:16:29.757]Completed Shot 19
[2022-09-29T10:16:31.498]Completed Shot 16
[2022-09-29T10:16:44.144]Completed Shot 25
[2022-09-29T10:17:30.788]Completed Shot 22
[2022-09-29T10:17:30.796]**********Simulation completed!**********
[2022-09-29T10:17:30.796]**********Saving**********
[2022-09-29T10:17:33.953]Saving file: /lustre/work/ws/ws1/hd_ku269-logs/LightCones/2022-09-28/7218441_N13_rp.jld2
[2022-09-29T10:17:37.131]**********Run completed!**********
