  Activating project at `/lustre/work/ws/ws1/hd_ku269-light_cones/LightCones`
Added MKL.jl
     Project LightCones v0.1.0
      Status `/lustre/work/ws/ws1/hd_ku269-light_cones/LightCones/Project.toml`
  [7d9fca2a] Arpack v0.5.3
  [7073ff75] IJulia v1.23.2
  [033835bb] JLD2 v0.4.22
  [0b1a1467] KrylovKit v0.5.3
  [d3d80556] LineSearches v7.1.1
  [33e6dc65] MKL v0.5.0
  [429524aa] Optim v1.6.2
  [91a5bcdd] Plots v1.27.0
  [c3e4b0f8] Pluto v0.18.2
  [3c0b384b] QuantumInformation v0.4.9
  [189a3867] Reexport v1.2.2
  [295af30f] Revise v3.3.3
  [ebcc8a00] SpinSymmetry v0.3.3
  [59d54670] ThreadedSparseArrays v0.2.1
  [ade2ca70] Dates
  [8ba89e20] Distributed
  [37e2e46d] LinearAlgebra
  [de0858da] Printf
  [9a3f8284] Random
  [1a1011a3] SharedArrays
  [2f01184e] SparseArrays
  [10745b16] Statistics
[2022-04-25T10:25:40.716]**********RANDOM FIELDS**********
shared_krylov.jl
Working Directory:          /lustre/work/ws/ws1/hd_ku269-light_cones/LightCones
SLURM Directory:            /lustre/work/ws/ws1/hd_ku269-light_cones/LightCones 
Running on host:            n0836
Job id:                     5568753
Job name:                   otoc_simulation_N17_short
Number of nodes allocated:  
Number of cores allocated:  1
#threads of Julia:          96
#threads of BLAS:           1
ARGS = ["17", "50", "0", "z", "0.5"]
LOCATION = "/lustre/work/ws/ws1/hd_ku269-logs/LightCones/2022-04-25"
N = 17
SHOTS = 50
RANDOM_STATES = false
N_RANDOM_STATES = 0
OBSERVABLE = "z"
DISORDER_PARAM = 0.5
[2022-04-25T10:25:40.918]**********Running simulation**********
[2022-04-25T10:25:48.471]Sampled random initial state
[2022-04-25T10:25:50.195]Created Hamiltonian for Shot 20
[2022-04-25T10:25:50.196]Created Hamiltonian for Shot 31
[2022-04-25T10:25:50.196]Created Hamiltonian for Shot 1
[2022-04-25T10:25:50.196]Created Hamiltonian for Shot 50
[2022-04-25T10:25:50.196]Created Hamiltonian for Shot 45
[2022-04-25T10:25:50.205]Created Hamiltonian for Shot 40
[2022-04-25T10:25:50.249]Created Hamiltonian for Shot 49
[2022-04-25T10:25:50.249]Created Hamiltonian for Shot 24
[2022-04-25T10:25:50.251]Created Hamiltonian for Shot 16
[2022-04-25T10:25:50.255]Created Hamiltonian for Shot 39
[2022-04-25T10:25:50.486]Created Hamiltonian for Shot 11
[2022-04-25T10:25:50.555]Created Hamiltonian for Shot 3
[2022-04-25T10:25:50.595]Created Hamiltonian for Shot 27
[2022-04-25T10:25:50.598]Created Hamiltonian for Shot 35
[2022-04-25T10:25:50.605]Created Hamiltonian for Shot 41
[2022-04-25T10:25:50.612]Created Hamiltonian for Shot 25
[2022-04-25T10:25:50.617]Created Hamiltonian for Shot 10
[2022-04-25T10:25:50.617]Created Hamiltonian for Shot 14
[2022-04-25T10:25:50.673]Created Hamiltonian for Shot 13
[2022-04-25T10:25:50.712]Created Hamiltonian for Shot 18
[2022-04-25T10:25:50.716]Created Hamiltonian for Shot 28
[2022-04-25T10:25:50.724]Created Hamiltonian for Shot 4
[2022-04-25T10:25:50.740]Created Hamiltonian for Shot 15
[2022-04-25T10:25:50.794]Created Hamiltonian for Shot 36
[2022-04-25T10:25:50.825]Created Hamiltonian for Shot 37
[2022-04-25T10:25:50.834]Created Hamiltonian for Shot 44
[2022-04-25T10:25:50.860]Created Hamiltonian for Shot 32
[2022-04-25T10:25:50.880]Created Hamiltonian for Shot 22
[2022-04-25T10:25:50.889]Created Hamiltonian for Shot 12
[2022-04-25T10:25:50.899]Created Hamiltonian for Shot 2
[2022-04-25T10:25:50.902]Created Hamiltonian for Shot 6
[2022-04-25T10:25:50.903]Created Hamiltonian for Shot 38
[2022-04-25T10:25:50.911]Created Hamiltonian for Shot 19
[2022-04-25T10:25:50.913]Created Hamiltonian for Shot 29
[2022-04-25T10:25:50.916]Created Hamiltonian for Shot 30
[2022-04-25T10:25:50.919]Created Hamiltonian for Shot 5
[2022-04-25T10:25:50.922]Created Hamiltonian for Shot 7
[2022-04-25T10:25:50.929]Created Hamiltonian for Shot 21
[2022-04-25T10:25:50.934]Created Hamiltonian for Shot 34
[2022-04-25T10:25:50.937]Created Hamiltonian for Shot 48
[2022-04-25T10:25:50.938]Created Hamiltonian for Shot 46
[2022-04-25T10:25:50.938]Created Hamiltonian for Shot 26
[2022-04-25T10:25:50.939]Created Hamiltonian for Shot 23
[2022-04-25T10:25:50.942]Created Hamiltonian for Shot 8
[2022-04-25T10:25:50.945]Created Hamiltonian for Shot 9
[2022-04-25T10:25:50.947]Created Hamiltonian for Shot 43
[2022-04-25T10:26:01.691]Created Hamiltonian for Shot 42
[2022-04-25T10:26:01.699]Created Hamiltonian for Shot 17
[2022-04-25T10:26:01.699]Created Hamiltonian for Shot 47
[2022-04-25T10:26:01.700]Created Hamiltonian for Shot 33
41568.271720 seconds (88.87 M allocations: 45.845 TiB, 3.70% gc time, 0.03% compilation time)
[2022-04-25T21:58:38.627]Completed Shot 50
53694.912773 seconds (108.38 M allocations: 59.232 TiB, 3.70% gc time, 0.03% compilation time)
[2022-04-26T01:20:45.158]Completed Shot 1
55465.735797 seconds (111.11 M allocations: 61.158 TiB, 3.71% gc time, 0.03% compilation time)
[2022-04-26T01:50:15.985]Completed Shot 49
56345.370219 seconds (112.54 M allocations: 62.113 TiB, 3.70% gc time, 0.03% compilation time)
[2022-04-26T02:04:55.566]Completed Shot 45
94758.222825 seconds (173.18 M allocations: 104.399 TiB, 3.71% gc time, 0.02% compilation time)
[2022-04-26T12:45:09.212]Completed Shot 34
94789.455296 seconds (173.63 M allocations: 104.437 TiB, 3.71% gc time, 0.02% compilation time)
[2022-04-26T12:45:40.128]Completed Shot 13
95849.629920 seconds (174.94 M allocations: 105.621 TiB, 3.71% gc time, 0.02% compilation time)
[2022-04-26T13:03:20.570]Completed Shot 23
96228.773093 seconds (154.63 M allocations: 106.057 TiB, 3.71% gc time, 0.00% compilation time)
[2022-04-26T13:09:50.464]Completed Shot 42
100059.759131 seconds (182.56 M allocations: 110.250 TiB, 3.70% gc time, 0.01% compilation time)
[2022-04-26T14:13:30.018]Completed Shot 16
107690.310150 seconds (194.14 M allocations: 118.482 TiB, 3.70% gc time, 0.01% compilation time)
[2022-04-26T16:20:40.986]Completed Shot 14
108333.010136 seconds (195.04 M allocations: 119.174 TiB, 3.70% gc time, 0.01% compilation time)
[2022-04-26T16:31:23.734]Completed Shot 4
109673.446977 seconds (196.91 M allocations: 120.628 TiB, 3.70% gc time, 0.01% compilation time)
[2022-04-26T16:53:44.347]Completed Shot 2
110287.180127 seconds (197.86 M allocations: 121.294 TiB, 3.70% gc time, 0.01% compilation time)
[2022-04-26T17:03:58.084]Completed Shot 6
110360.195171 seconds (198.76 M allocations: 121.381 TiB, 3.70% gc time, 0.01% compilation time)
[2022-04-26T17:05:10.451]Completed Shot 39
110697.747861 seconds (198.40 M allocations: 121.745 TiB, 3.70% gc time, 0.01% compilation time)
[2022-04-26T17:10:48.685]Completed Shot 48
110754.577804 seconds (198.65 M allocations: 121.807 TiB, 3.70% gc time, 0.01% compilation time)
[2022-04-26T17:11:45.467]Completed Shot 12
111828.993363 seconds (200.28 M allocations: 122.989 TiB, 3.70% gc time, 0.01% compilation time)
[2022-04-26T17:29:39.931]Completed Shot 5
114425.798318 seconds (205.38 M allocations: 125.905 TiB, 3.73% gc time, 0.01% compilation time)
[2022-04-26T18:12:56.004]Completed Shot 40
118976.378941 seconds (212.94 M allocations: 131.078 TiB, 3.77% gc time, 0.01% compilation time)
[2022-04-26T19:28:46.575]Completed Shot 31
119079.262640 seconds (213.11 M allocations: 131.196 TiB, 3.77% gc time, 0.01% compilation time)
[2022-04-26T19:30:29.458]Completed Shot 20
119224.244574 seconds (212.38 M allocations: 131.355 TiB, 3.78% gc time, 0.01% compilation time)
[2022-04-26T19:32:55.190]Completed Shot 9
119254.979613 seconds (212.95 M allocations: 131.395 TiB, 3.78% gc time, 0.01% compilation time)
[2022-04-26T19:33:25.585]Completed Shot 41
119519.055428 seconds (212.90 M allocations: 131.696 TiB, 3.78% gc time, 0.01% compilation time)
[2022-04-26T19:37:49.999]Completed Shot 8
119537.581783 seconds (213.32 M allocations: 131.721 TiB, 3.78% gc time, 0.01% compilation time)
[2022-04-26T19:38:08.294]Completed Shot 18
119585.780828 seconds (213.03 M allocations: 131.774 TiB, 3.78% gc time, 0.01% compilation time)
[2022-04-26T19:38:56.719]Completed Shot 26
119769.767892 seconds (213.88 M allocations: 132.000 TiB, 3.79% gc time, 0.01% compilation time)
[2022-04-26T19:42:00.323]Completed Shot 3
119876.850128 seconds (214.03 M allocations: 132.132 TiB, 3.79% gc time, 0.01% compilation time)
[2022-04-26T19:43:47.463]Completed Shot 25
119885.853947 seconds (213.81 M allocations: 132.140 TiB, 3.79% gc time, 0.01% compilation time)
[2022-04-26T19:43:56.688]Completed Shot 44
119977.544117 seconds (214.23 M allocations: 132.257 TiB, 3.79% gc time, 0.01% compilation time)
[2022-04-26T19:45:28.139]Completed Shot 27
120168.291187 seconds (193.12 M allocations: 132.509 TiB, 3.80% gc time, 0.00% compilation time)
[2022-04-26T19:48:49.990]Completed Shot 17
120332.929368 seconds (214.47 M allocations: 132.683 TiB, 3.80% gc time, 0.01% compilation time)
[2022-04-26T19:51:23.832]Completed Shot 38
120381.423164 seconds (214.46 M allocations: 132.732 TiB, 3.81% gc time, 0.01% compilation time)
[2022-04-26T19:52:12.352]Completed Shot 21
120381.423194 seconds (214.39 M allocations: 132.733 TiB, 3.81% gc time, 0.01% compilation time)
[2022-04-26T19:52:12.371]Completed Shot 43
120370.671326 seconds (193.45 M allocations: 132.731 TiB, 3.81% gc time, 0.00% compilation time)
[2022-04-26T19:52:12.371]Completed Shot 47
120400.609383 seconds (214.67 M allocations: 132.750 TiB, 3.81% gc time, 0.01% compilation time)
[2022-04-26T19:52:31.471]Completed Shot 32
120421.628608 seconds (215.03 M allocations: 132.772 TiB, 3.81% gc time, 0.01% compilation time)
[2022-04-26T19:52:52.115]Completed Shot 11
120438.087512 seconds (193.53 M allocations: 132.787 TiB, 3.81% gc time, 0.00% compilation time)
[2022-04-26T19:53:19.788]Completed Shot 33
120451.821728 seconds (214.52 M allocations: 132.790 TiB, 3.81% gc time, 0.01% compilation time)
[2022-04-26T19:53:22.760]Completed Shot 46
120452.510716 seconds (215.41 M allocations: 132.798 TiB, 3.81% gc time, 0.01% compilation time)
[2022-04-26T19:53:22.760]Completed Shot 24
120481.244933 seconds (214.73 M allocations: 132.807 TiB, 3.81% gc time, 0.01% compilation time)
[2022-04-26T19:53:52.125]Completed Shot 22
120528.330409 seconds (214.63 M allocations: 132.832 TiB, 3.81% gc time, 0.01% compilation time)
[2022-04-26T19:54:39.253]Completed Shot 7
120580.361996 seconds (214.96 M allocations: 132.858 TiB, 3.82% gc time, 0.01% compilation time)
[2022-04-26T19:55:31.102]Completed Shot 15
120585.892973 seconds (214.70 M allocations: 132.857 TiB, 3.82% gc time, 0.01% compilation time)
[2022-04-26T19:55:36.806]Completed Shot 29
120586.188894 seconds (215.09 M allocations: 132.862 TiB, 3.82% gc time, 0.01% compilation time)
[2022-04-26T19:55:36.806]Completed Shot 10
120612.035186 seconds (214.91 M allocations: 132.867 TiB, 3.82% gc time, 0.01% compilation time)
[2022-04-26T19:56:02.830]Completed Shot 36
120626.092657 seconds (214.71 M allocations: 132.869 TiB, 3.82% gc time, 0.01% compilation time)
[2022-04-26T19:56:17.008]Completed Shot 30
120637.283250 seconds (214.72 M allocations: 132.871 TiB, 3.82% gc time, 0.01% compilation time)
[2022-04-26T19:56:28.194]Completed Shot 19
120660.046421 seconds (215.01 M allocations: 132.877 TiB, 3.82% gc time, 0.01% compilation time)
[2022-04-26T19:56:50.763]Completed Shot 28
120742.518139 seconds (215.14 M allocations: 132.883 TiB, 3.82% gc time, 0.01% compilation time)
120742.291576 seconds (214.90 M allocations: 132.880 TiB, 3.82% gc time, 0.01% compilation time)
[[2022-04-26T19:58:13.117]Completed Shot 35
2022-04-26T19:58:13.117]Completed Shot 37
[2022-04-26T19:58:13.128]**********Simulation completed!**********
[2022-04-26T19:58:13.129]**********Saving**********
[2022-04-26T19:58:14.253]Saving file: /lustre/work/ws/ws1/hd_ku269-logs/LightCones/2022-04-25/5568753_N17_FD.jld2
[2022-04-26T19:58:17.626]**********Run completed!**********
