  Activating project at `/lustre/work/ws/ws1/hd_ku269-light_cones/LightCones`
Added MKL.jl
     Project LightCones v0.1.0
      Status `/lustre/work/ws/ws1/hd_ku269-light_cones/LightCones/Project.toml`
  [7d9fca2a] Arpack v0.5.3
  [7073ff75] IJulia v1.23.2
  [033835bb] JLD2 v0.4.22
  [0b1a1467] KrylovKit v0.5.3
  [d3d80556] LineSearches v7.1.1
  [33e6dc65] MKL v0.5.0
  [429524aa] Optim v1.6.2
  [91a5bcdd] Plots v1.27.0
  [c3e4b0f8] Pluto v0.18.2
  [3c0b384b] QuantumInformation v0.4.9
  [189a3867] Reexport v1.2.2
  [295af30f] Revise v3.3.3
  [ebcc8a00] SpinSymmetry v0.3.3
  [59d54670] ThreadedSparseArrays v0.2.1
  [ade2ca70] Dates
  [8ba89e20] Distributed
  [37e2e46d] LinearAlgebra
  [de0858da] Printf
  [9a3f8284] Random
  [1a1011a3] SharedArrays
  [2f01184e] SparseArrays
  [10745b16] Statistics
[2022-05-11T20:57:29.606]**********RANDOM FIELDS**********
shared_krylov.jl
Working Directory:          /lustre/work/ws/ws1/hd_ku269-light_cones/LightCones
SLURM Directory:            /lustre/work/ws/ws1/hd_ku269-light_cones/LightCones 
Running on host:            n0716
Job id:                     5761158
Job name:                   otoc_simulation_N17_short_NN
Number of nodes allocated:  
Number of cores allocated:  1
#threads of Julia:          96
#threads of BLAS:           1
ARGS = ["17", "100", "0", "z", "1.5", "nn"]
LOCATION = "/lustre/work/ws/ws1/hd_ku269-logs/LightCones/2022-05-11"
N = 17
SHOTS = 100
RANDOM_STATES = false
N_RANDOM_STATES = 0
OBSERVABLE = "z"
DISORDER_PARAM = 1.5
MODE = "nn"
[2022-05-11T20:57:29.811]**********Running simulation**********
[2022-05-11T20:57:29.930]trange = [0.0, 9.999999999999999e-6, 1.9999999999999998e-5, 2.9999999999999997e-5, 3.9999999999999996e-5, 4.9999999999999996e-5, 5.9999999999999995e-5, 7.0e-5, 7.999999999999999e-5, 8.999999999999999e-5, 0.0001, 0.0002, 0.00030000000000000003, 0.0004, 0.0005, 0.0006000000000000001, 0.0007, 0.0008, 0.0009000000000000001, 0.001, 0.002, 0.003, 0.004, 0.005, 0.006, 0.007, 0.008, 0.009000000000000001, 0.01, 0.02, 0.03, 0.04, 0.05, 0.06, 0.07, 0.08, 0.09, 0.1, 0.2, 0.30000000000000004, 0.4, 0.5, 0.6000000000000001, 0.7000000000000001, 0.8, 0.9, 1.0, 2.0]
[2022-05-11T20:57:32.917]Sampled random initial state
[[[2022-05-11T20:57:37.9542022-05-11T20:57:37.954]Created Hamiltonian for Shot 79
]2022-05-11T20:57:37.954[[2022-05-11T20:57:37.954]Created Hamiltonian for Shot 47
Created Hamiltonian for Shot 65
]Created Hamiltonian for Shot 93
[2022-05-11T20:57:37.954]Created Hamiltonian for Shot 62
2022-05-11T20:57:37.954]Created Hamiltonian for Shot 45
[2022-05-11T20:57:37.954]Created Hamiltonian for Shot 31
[2022-05-11T20:57:37.954]Created Hamiltonian for Shot 35
[2022-05-11T20:57:37.954]Created Hamiltonian for Shot 92
[2022-05-11T20:57:37.954]Created Hamiltonian for Shot 44
[2022-05-11T20:57:37.954]Created Hamiltonian for Shot 85
[2022-05-11T20:57:37.965]Created Hamiltonian for Shot 74
[2022-05-11T20:57:37.965]Created Hamiltonian for Shot 91
[2022-05-11T20:57:37.965]Created Hamiltonian for Shot 21
[2022-05-11T20:57:37.965]Created Hamiltonian for Shot 51
[2022-05-11T20:57:37.965]Created Hamiltonian for Shot 39
[2022-05-11T20:57:37.965]Created Hamiltonian for Shot 87
[2022-05-11T20:57:37.985]Created Hamiltonian for Shot 55
[2022-05-11T20:57:37.993]Created Hamiltonian for Shot 9
[2022-05-11T20:57:37.993]Created Hamiltonian for Shot 22
[2022-05-11T20:57:38.010]Created Hamiltonian for Shot 41
[2022-05-11T20:57:38.018]Created Hamiltonian for Shot 80
[2022-05-11T20:57:38.031]Created Hamiltonian for Shot 84
[2022-05-11T20:57:38.031]Created Hamiltonian for Shot 75
[2022-05-11T20:57:38.033]Created Hamiltonian for Shot 28
[2022-05-11T20:57:38.033]Created Hamiltonian for Shot 89
[2022-05-11T20:57:38.087]Created Hamiltonian for Shot 97
[2022-05-11T20:57:38.135]Created Hamiltonian for Shot 95
[2022-05-11T20:57:38.136]Created Hamiltonian for Shot 24
[2022-05-11T20:57:38.137]Created Hamiltonian for Shot 66
[2022-05-11T20:57:38.145]Created Hamiltonian for Shot 59
[2022-05-11T20:57:38.151]Created Hamiltonian for Shot 76
[2022-05-11T20:57:38.152]Created Hamiltonian for Shot 27
[2022-05-11T20:57:38.157]Created Hamiltonian for Shot 26
[2022-05-11T20:57:38.157]Created Hamiltonian for Shot 32
[2022-05-11T20:57:38.159]Created Hamiltonian for Shot 18
[2022-05-11T20:57:38.163]Created Hamiltonian for Shot 11
[[2022-05-11T20:57:38.1642022-05-11T20:57:38.164]Created Hamiltonian for Shot 13
[2022-05-11T20:57:38.166]Created Hamiltonian for Shot 49
[2022-05-11T20:57:38.166]Created Hamiltonian for Shot 52
[2022-05-11T20:57:38.166]Created Hamiltonian for Shot 3
[2022-05-11T20:57:38.168]Created Hamiltonian for Shot 58
[2022-05-11T20:57:38.169]Created Hamiltonian for Shot 36
[2022-05-11T20:57:38.170]Created Hamiltonian for Shot 5
[[2022-05-11T20:57:38.170]Created Hamiltonian for Shot 57
2022-05-11T20:57:38.170]Created Hamiltonian for Shot 63
[2022-05-11T20:57:38.173]Created Hamiltonian for Shot 15
[2022-05-11T20:57:38.173]Created Hamiltonian for Shot 53
[2022-05-11T20:57:38.176]Created Hamiltonian for Shot 7
[2022-05-11T20:57:38.179]Created Hamiltonian for Shot 46
[2022-05-11T20:57:38.180]Created Hamiltonian for Shot 19
[2022-05-11T20:57:38.180]Created Hamiltonian for Shot 30
[2022-05-11T20:57:38.181]Created Hamiltonian for Shot 23
[2022-05-11T20:57:38.181]Created Hamiltonian for Shot 61
[2022-05-11T20:57:38.181]Created Hamiltonian for Shot 25
[2022-05-11T20:57:38.182]Created Hamiltonian for Shot 83
[2022-05-11T20:57:38.184]Created Hamiltonian for Shot 67
[2022-05-11T20:57:38.184]Created Hamiltonian for Shot 12
[2022-05-11T20:57:38.185]Created Hamiltonian for Shot 86
[2022-05-11T20:57:38.187]Created Hamiltonian for Shot 37
[2022-05-11T20:57:38.189]Created Hamiltonian for Shot 10
[2022-05-11T20:57:38.190]Created Hamiltonian for Shot 20
[[2022-05-11T20:57:38.191]Created Hamiltonian for Shot 1
2022-05-11T20:57:38.191]Created Hamiltonian for Shot 99
[2022-05-11T20:57:38.191]Created Hamiltonian for Shot 98
[2022-05-11T20:57:38.193]Created Hamiltonian for Shot 69
[2022-05-11T20:57:38.193]Created Hamiltonian for Shot 14
[2022-05-11T20:57:38.197]Created Hamiltonian for Shot 29
[2022-05-11T20:57:38.200]Created Hamiltonian for Shot 88
[2022-05-11T20:57:38.201]Created Hamiltonian for Shot 94
[2022-05-11T20:57:48.637]Created Hamiltonian for Shot 81
[2022-05-11T20:57:48.637]Created Hamiltonian for Shot 50
[2022-05-11T20:57:48.647]Created Hamiltonian for Shot 96
[2022-05-11T20:57:48.649]Created Hamiltonian for Shot 70
[2022-05-11T20:57:48.650]Created Hamiltonian for Shot 73
[2022-05-11T20:57:48.651]Created Hamiltonian for Shot 72
[2022-05-11T20:57:48.660]Created Hamiltonian for Shot 78
[2022-05-11T20:57:48.661]Created Hamiltonian for Shot 17
[2022-05-11T20:57:48.661]Created Hamiltonian for Shot 71
[2022-05-11T20:57:48.663]Created Hamiltonian for Shot 56
[2022-05-11T20:57:48.666]Created Hamiltonian for Shot 42
[2022-05-11T20:57:49.517]Created Hamiltonian for Shot 77
[2022-05-11T20:57:49.518]Created Hamiltonian for Shot 16
[2022-05-11T20:57:49.536]Created Hamiltonian for Shot 48
[2022-05-11T20:57:49.538]Created Hamiltonian for Shot 68
[2022-05-11T20:57:49.538]Created Hamiltonian for Shot 82
[2022-05-11T20:57:49.539]Created Hamiltonian for Shot 64
[2022-05-11T20:57:49.544]Created Hamiltonian for Shot 43
[2022-05-11T20:57:49.559]Created Hamiltonian for Shot 90
[2022-05-11T20:57:49.662]Created Hamiltonian for Shot 38
[2022-05-11T20:57:49.664]Created Hamiltonian for Shot 100
[2022-05-11T20:57:49.666]Created Hamiltonian for Shot 40
[2022-05-11T20:57:49.669]Created Hamiltonian for Shot 34
[2022-05-11T20:57:49.669]Created Hamiltonian for Shot 60
[2022-05-11T20:57:48.637]Created Hamiltonian for Shot 54
]Created Hamiltonian for Shot 33
3860.954547 seconds (34.56 M allocations: 8.346 TiB, 9.84% gc time, 0.33% compilation time)
[2022-05-11T22:01:59.266]Completed Shot 79
6927.708481 seconds (21.33 M allocations: 14.973 TiB, 9.69% gc time, 0.02% compilation time)
[2022-05-11T22:53:17.385]Completed Shot 60
7696.196955 seconds (23.67 M allocations: 16.634 TiB, 9.71% gc time, 0.02% compilation time)
[2022-05-11T23:06:05.864]Completed Shot 40
6947.777971 seconds (21.26 M allocations: 15.013 TiB, 9.66% gc time, 0.01% compilation time)
[2022-05-11T23:06:32.664]Completed Shot 54
8403.123213 seconds (25.79 M allocations: 18.136 TiB, 9.74% gc time, 0.02% compilation time)
[2022-05-11T23:17:52.787]Completed Shot 100
8426.533715 seconds (25.86 M allocations: 18.185 TiB, 9.74% gc time, 0.02% compilation time)
[2022-05-11T23:18:16.197]Completed Shot 38
7771.927365 seconds (23.73 M allocations: 16.765 TiB, 9.72% gc time, 0.01% compilation time)
[2022-05-11T23:20:17.513]Completed Shot 33
8549.421718 seconds (26.39 M allocations: 18.450 TiB, 9.77% gc time, 0.02% compilation time)
[2022-05-11T23:20:18.960]Completed Shot 82
9221.170361 seconds (50.80 M allocations: 19.881 TiB, 9.76% gc time, 0.14% compilation time)
[2022-05-11T23:31:19.135]Completed Shot 51
9233.800223 seconds (50.84 M allocations: 19.909 TiB, 9.77% gc time, 0.14% compilation time)
[2022-05-11T23:31:31.755]Completed Shot 93
9222.904998 seconds (28.28 M allocations: 19.902 TiB, 9.76% gc time, 0.01% compilation time)
[2022-05-11T23:31:32.574]Completed Shot 34
9240.946372 seconds (50.86 M allocations: 19.923 TiB, 9.77% gc time, 0.14% compilation time)
[2022-05-11T23:31:38.911]Completed Shot 74
9245.390941 seconds (50.88 M allocations: 19.933 TiB, 9.77% gc time, 0.14% compilation time)
[2022-05-11T23:31:43.345]Completed Shot 44
9723.781767 seconds (52.27 M allocations: 20.971 TiB, 9.77% gc time, 0.13% compilation time)
[2022-05-11T23:39:41.776]Completed Shot 22
9930.704956 seconds (52.93 M allocations: 21.397 TiB, 9.76% gc time, 0.13% compilation time)
[2022-05-11T23:43:08.670]Completed Shot 39
10001.866595 seconds (53.15 M allocations: 21.547 TiB, 9.78% gc time, 0.13% compilation time)
[2022-05-11T23:44:19.821]Completed Shot 31
10017.984312 seconds (53.15 M allocations: 21.581 TiB, 9.78% gc time, 0.13% compilation time)
[2022-05-11T23:44:35.970]Completed Shot 55
10091.949124 seconds (31.05 M allocations: 21.763 TiB, 9.78% gc time, 0.01% compilation time)
[2022-05-11T23:46:01.487]Completed Shot 68
10517.655104 seconds (32.54 M allocations: 22.695 TiB, 9.77% gc time, 0.02% compilation time)
[2022-05-11T23:53:06.319]Completed Shot 56
10724.082629 seconds (55.03 M allocations: 23.102 TiB, 9.77% gc time, 0.12% compilation time)
[2022-05-11T23:56:22.277]Completed Shot 14
11335.323031 seconds (56.86 M allocations: 24.417 TiB, 9.79% gc time, 0.11% compilation time)
[2022-05-12T00:06:33.524]Completed Shot 88
11382.827080 seconds (34.99 M allocations: 24.538 TiB, 9.78% gc time, 0.01% compilation time)
[2022-05-12T00:07:32.346]Completed Shot 16
11398.746525 seconds (57.37 M allocations: 24.553 TiB, 9.79% gc time, 0.11% compilation time)
[2022-05-12T00:07:36.701]Completed Shot 85
11416.659166 seconds (57.43 M allocations: 24.590 TiB, 9.79% gc time, 0.11% compilation time)
[2022-05-12T00:07:54.624]Completed Shot 21
11470.154276 seconds (35.18 M allocations: 24.719 TiB, 9.78% gc time, 0.01% compilation time)
[2022-05-12T00:08:59.714]Completed Shot 90
11472.906503 seconds (35.41 M allocations: 24.724 TiB, 9.79% gc time, 0.02% compilation time)
[2022-05-12T00:09:01.572]Completed Shot 42
11548.344887 seconds (57.54 M allocations: 24.861 TiB, 9.80% gc time, 0.11% compilation time)
[2022-05-12T00:10:06.529]Completed Shot 67
11551.510177 seconds (57.56 M allocations: 24.867 TiB, 9.80% gc time, 0.11% compilation time)
[2022-05-12T00:10:09.677]Completed Shot 49
11594.061157 seconds (35.78 M allocations: 24.981 TiB, 9.80% gc time, 0.02% compilation time)
[2022-05-12T00:11:02.722]Completed Shot 71
11665.509943 seconds (57.92 M allocations: 25.115 TiB, 9.80% gc time, 0.11% compilation time)
[2022-05-12T00:12:03.645]Completed Shot 95
12114.815655 seconds (59.29 M allocations: 26.097 TiB, 9.78% gc time, 0.11% compilation time)
[2022-05-12T00:19:32.962]Completed Shot 66
12161.066737 seconds (59.64 M allocations: 26.194 TiB, 9.78% gc time, 0.11% compilation time)
[2022-05-12T00:20:19.077]Completed Shot 41
12164.863997 seconds (59.70 M allocations: 26.203 TiB, 9.78% gc time, 0.11% compilation time)
[2022-05-12T00:20:22.819]Completed Shot 92
12168.578277 seconds (59.71 M allocations: 26.211 TiB, 9.78% gc time, 0.11% compilation time)
[2022-05-12T00:20:26.533]Completed Shot 65
12167.028608 seconds (37.52 M allocations: 26.225 TiB, 9.78% gc time, 0.02% compilation time)
[2022-05-12T00:20:35.690]Completed Shot 17
12176.420977 seconds (37.36 M allocations: 26.244 TiB, 9.77% gc time, 0.01% compilation time)
[2022-05-12T00:20:45.965]Completed Shot 43
12193.280882 seconds (59.78 M allocations: 26.261 TiB, 9.78% gc time, 0.11% compilation time)
[2022-05-12T00:20:51.246]Completed Shot 87
12197.430057 seconds (59.72 M allocations: 26.268 TiB, 9.78% gc time, 0.11% compilation time)
[2022-05-12T00:20:55.461]Completed Shot 84
12215.902191 seconds (59.56 M allocations: 26.303 TiB, 9.78% gc time, 0.11% compilation time)
[2022-05-12T00:21:14.090]Completed Shot 37
12284.618138 seconds (59.77 M allocations: 26.446 TiB, 9.79% gc time, 0.11% compilation time)
[2022-05-12T00:22:22.798]Completed Shot 19
12288.314370 seconds (60.07 M allocations: 26.457 TiB, 9.79% gc time, 0.11% compilation time)
[2022-05-12T00:22:26.269]Completed Shot 35
12313.791319 seconds (59.86 M allocations: 26.507 TiB, 9.79% gc time, 0.11% compilation time)
[2022-05-12T00:22:51.972]Completed Shot 23
12325.322317 seconds (59.90 M allocations: 26.532 TiB, 9.79% gc time, 0.11% compilation time)
[2022-05-12T00:23:03.489]Completed Shot 52
12326.096568 seconds (60.18 M allocations: 26.537 TiB, 9.79% gc time, 0.11% compilation time)
[2022-05-12T00:23:04.051]Completed Shot 47
12329.105303 seconds (59.89 M allocations: 26.540 TiB, 9.79% gc time, 0.11% compilation time)
[2022-05-12T00:23:07.296]Completed Shot 99
12338.275757 seconds (38.10 M allocations: 26.582 TiB, 9.80% gc time, 0.02% compilation time)
[2022-05-12T00:23:26.913]Completed Shot 81
12362.003325 seconds (60.02 M allocations: 26.611 TiB, 9.80% gc time, 0.10% compilation time)
[2022-05-12T00:23:40.149]Completed Shot 59
12383.932604 seconds (60.08 M allocations: 26.659 TiB, 9.80% gc time, 0.10% compilation time)
[2022-05-12T00:24:02.103]Completed Shot 63
12403.384447 seconds (60.11 M allocations: 26.701 TiB, 9.80% gc time, 0.10% compilation time)
[2022-05-12T00:24:21.575]Completed Shot 1
[2022-05-12T00:24:22.745]Created Hamiltonian for Shot 2
12433.940195 seconds (60.51 M allocations: 26.772 TiB, 9.79% gc time, 0.10% compilation time)
[2022-05-12T00:24:51.895]Completed Shot 45
12454.791588 seconds (60.30 M allocations: 26.815 TiB, 9.80% gc time, 0.10% compilation time)
[2022-05-12T00:25:12.955]Completed Shot 11
12890.551875 seconds (61.63 M allocations: 27.763 TiB, 9.77% gc time, 0.10% compilation time)
[2022-05-12T00:32:28.710]Completed Shot 32
12915.023609 seconds (61.70 M allocations: 27.813 TiB, 9.77% gc time, 0.10% compilation time)
[2022-05-12T00:32:53.183]Completed Shot 18
13006.564752 seconds (62.20 M allocations: 28.003 TiB, 9.78% gc time, 0.10% compilation time)
[2022-05-12T00:34:24.568]Completed Shot 9
13020.505550 seconds (62.20 M allocations: 28.031 TiB, 9.78% gc time, 0.10% compilation time)
[2022-05-12T00:34:38.539]Completed Shot 89
13042.657737 seconds (62.07 M allocations: 28.077 TiB, 9.79% gc time, 0.10% compilation time)
[2022-05-12T00:35:00.837]Completed Shot 46
13043.990043 seconds (62.07 M allocations: 28.081 TiB, 9.79% gc time, 0.10% compilation time)
[2022-05-12T00:35:02.175]Completed Shot 86
13041.550826 seconds (40.02 M allocations: 28.098 TiB, 9.79% gc time, 0.01% compilation time)
[2022-05-12T00:35:11.068]Completed Shot 77
13054.080805 seconds (62.31 M allocations: 28.105 TiB, 9.79% gc time, 0.10% compilation time)
[2022-05-12T00:35:12.112]Completed Shot 75
13054.629222 seconds (62.13 M allocations: 28.105 TiB, 9.79% gc time, 0.10% compilation time)
[2022-05-12T00:35:12.780]Completed Shot 76
13054.762574 seconds (62.35 M allocations: 28.107 TiB, 9.79% gc time, 0.10% compilation time)
[2022-05-12T00:35:12.781]Completed Shot 80
13054.665333 seconds (62.07 M allocations: 28.105 TiB, 9.79% gc time, 0.10% compilation time)
13054.684909 seconds (62.11 M allocations: 28.105 TiB, 9.79% gc time, 0.10% compilation time)
[2022-05-12T00:35:12.866]Completed Shot 25
[2022-05-12T00:35:12.866]Completed Shot 94
13059.408579 seconds (62.15 M allocations: 28.116 TiB, 9.79% gc time, 0.10% compilation time)
[2022-05-12T00:35:17.545]Completed Shot 24
13059.429701 seconds (62.14 M allocations: 28.116 TiB, 9.79% gc time, 0.10% compilation time)
[2022-05-12T00:35:17.598]Completed Shot 58
13064.377690 seconds (62.13 M allocations: 28.127 TiB, 9.80% gc time, 0.10% compilation time)
[2022-05-12T00:35:22.568]Completed Shot 20
13064.376912 seconds (62.12 M allocations: 28.127 TiB, 9.80% gc time, 0.10% compilation time)
[2022-05-12T00:35:22.568]Completed Shot 98
13064.839968 seconds (62.16 M allocations: 28.128 TiB, 9.80% gc time, 0.10% compilation time)
[2022-05-12T00:35:23.006]Completed Shot 3
[2022-05-12T00:35:23.636]Created Hamiltonian for Shot 4
13068.171834 seconds (62.16 M allocations: 28.136 TiB, 9.80% gc time, 0.10% compilation time)
[2022-05-12T00:35:26.348]Completed Shot 7
[2022-05-12T00:35:26.901]Created Hamiltonian for Shot 8
13069.085373 seconds (62.15 M allocations: 28.139 TiB, 9.80% gc time, 0.10% compilation time)
[2022-05-12T00:35:27.275]Completed Shot 10
13069.245586 seconds (62.17 M allocations: 28.140 TiB, 9.80% gc time, 0.10% compilation time)
[2022-05-12T00:35:27.427]Completed Shot 61
13060.800299 seconds (40.27 M allocations: 28.143 TiB, 9.80% gc time, 0.02% compilation time)
[2022-05-12T00:35:29.448]Completed Shot 96
13076.033667 seconds (40.32 M allocations: 28.180 TiB, 9.81% gc time, 0.02% compilation time)
[2022-05-12T00:35:44.683]Completed Shot 70
13092.223435 seconds (62.24 M allocations: 28.194 TiB, 9.81% gc time, 0.10% compilation time)
13092.232920 seconds (62.25 M allocations: 28.194 TiB, 9.81% gc time, 0.10% compilation time)
[[2022-05-12T00:35:50.403]Completed Shot 30
2022-05-12T00:35:50.403]Completed Shot 5
[2022-05-12T00:35:51.152]Created Hamiltonian for Shot 6
13121.394265 seconds (62.34 M allocations: 28.261 TiB, 9.81% gc time, 0.10% compilation time)
[2022-05-12T00:36:19.567]Completed Shot 53
13146.190201 seconds (62.39 M allocations: 28.319 TiB, 9.82% gc time, 0.10% compilation time)
[2022-05-12T00:36:44.383]Completed Shot 69
13164.916184 seconds (62.68 M allocations: 28.366 TiB, 9.82% gc time, 0.10% compilation time)
[2022-05-12T00:37:02.949]Completed Shot 28
13172.686551 seconds (62.51 M allocations: 28.383 TiB, 9.83% gc time, 0.10% compilation time)
[2022-05-12T00:37:10.860]Completed Shot 15
13237.836125 seconds (63.00 M allocations: 28.541 TiB, 9.84% gc time, 0.10% compilation time)
[2022-05-12T00:38:15.790]Completed Shot 62
13267.696170 seconds (40.73 M allocations: 28.636 TiB, 9.85% gc time, 0.01% compilation time)
[2022-05-12T00:38:57.232]Completed Shot 48
13428.140447 seconds (63.36 M allocations: 28.996 TiB, 9.89% gc time, 0.10% compilation time)
[2022-05-12T00:41:26.325]Completed Shot 12
13451.556982 seconds (63.45 M allocations: 29.052 TiB, 9.90% gc time, 0.10% compilation time)
[2022-05-12T00:41:49.727]Completed Shot 36
13454.558406 seconds (41.62 M allocations: 29.083 TiB, 9.90% gc time, 0.02% compilation time)
[2022-05-12T00:42:03.196]Completed Shot 50
13477.624868 seconds (41.45 M allocations: 29.139 TiB, 9.91% gc time, 0.01% compilation time)
[2022-05-12T00:42:27.164]Completed Shot 64
13481.244683 seconds (41.65 M allocations: 29.146 TiB, 9.91% gc time, 0.02% compilation time)
[2022-05-12T00:42:29.905]Completed Shot 78
13500.391475 seconds (63.89 M allocations: 29.171 TiB, 9.91% gc time, 0.10% compilation time)
[2022-05-12T00:42:38.356]Completed Shot 91
13500.191852 seconds (63.62 M allocations: 29.167 TiB, 9.91% gc time, 0.10% compilation time)
[2022-05-12T00:42:38.356]Completed Shot 13
1109.179611 seconds (3.53 M allocations: 2.499 TiB, 11.30% gc time)
[2022-05-12T00:42:51.925]Completed Shot 2
13520.370198 seconds (63.66 M allocations: 29.219 TiB, 9.93% gc time, 0.10% compilation time)
[2022-05-12T00:42:58.567]Completed Shot 29
13516.365990 seconds (41.81 M allocations: 29.235 TiB, 9.94% gc time, 0.02% compilation time)
[2022-05-12T00:43:05.017]Completed Shot 72
13528.223998 seconds (63.83 M allocations: 29.241 TiB, 9.93% gc time, 0.10% compilation time)
[2022-05-12T00:43:06.311]Completed Shot 97
13530.478989 seconds (63.73 M allocations: 29.245 TiB, 9.94% gc time, 0.10% compilation time)
[2022-05-12T00:43:08.661]Completed Shot 83
13539.869031 seconds (63.77 M allocations: 29.267 TiB, 9.95% gc time, 0.10% compilation time)
[2022-05-12T00:43:18.021]Completed Shot 27
13540.598159 seconds (63.77 M allocations: 29.268 TiB, 9.95% gc time, 0.10% compilation time)
[2022-05-12T00:43:18.755]Completed Shot 26
13544.737044 seconds (63.78 M allocations: 29.276 TiB, 9.95% gc time, 0.10% compilation time)
[2022-05-12T00:43:22.908]Completed Shot 57
483.500747 seconds (1.62 M allocations: 1.145 TiB, 14.20% gc time)
[2022-05-12T00:43:30.402]Completed Shot 8
13541.886824 seconds (41.88 M allocations: 29.281 TiB, 9.96% gc time, 0.02% compilation time)
459.384664 seconds (1.54 M allocations: 1.087 TiB, 14.19% gc time)
[[2022-05-12T00:43:30.537]Completed Shot 73
2022-05-12T00:43:30.537]Completed Shot 6
490.142991 seconds (1.63 M allocations: 1.154 TiB, 14.20% gc time)
[2022-05-12T00:43:33.779]Completed Shot 4
[2022-05-12T00:43:33.787]**********Simulation completed!**********
[2022-05-12T00:43:33.788]**********Saving**********
[2022-05-12T00:43:34.845]Saving file: /lustre/work/ws/ws1/hd_ku269-logs/LightCones/2022-05-11/5761158_N17_FD.jld2
[2022-05-12T00:43:38.398]**********Run completed!**********
