  Activating project at `/gpfs/bwfor/work/ws/hd_ku269-light_cones/WorkingFolder`
Added MKL.jl
Project LightCones v0.1.0
Status `/gpfs/bwfor/work/ws/hd_ku269-light_cones/WorkingFolder/Project.toml`
⌃ [7d9fca2a] Arpack v0.5.3
⌃ [7073ff75] IJulia v1.23.3
⌃ [033835bb] JLD2 v0.4.25
  [0b1a1467] KrylovKit v0.6.0
  [d3d80556] LineSearches v7.2.0
  [33e6dc65] MKL v0.6.0
⌃ [429524aa] Optim v1.7.3
⌃ [91a5bcdd] Plots v1.35.5
⌃ [c3e4b0f8] Pluto v0.19.14
  [3c0b384b] QuantumInformation v0.4.9
  [189a3867] Reexport v1.2.2
⌃ [295af30f] Revise v3.4.0
  [ebcc8a00] SpinSymmetry v0.3.3
  [59d54670] ThreadedSparseArrays v0.2.2
  [ade2ca70] Dates
  [8ba89e20] Distributed
  [37e2e46d] LinearAlgebra
  [de0858da] Printf
  [9a3f8284] Random
  [1a1011a3] SharedArrays
  [2f01184e] SparseArrays
  [10745b16] Statistics
Info Packages marked with ⌃ have new versions available and may be upgradable.
[2023-01-08T02:04:59.304]**********RANDOM FIELDS**********
shared_krylov.jl
Working Directory:          /gpfs/bwfor/work/ws/hd_ku269-light_cones/WorkingFolder
SLURM Directory:            /gpfs/bwfor/work/ws/hd_ku269-light_cones/WorkingFolder 
Running on host:            o05n02
Job id:                     468291
Job name:                   otoc_simulation_N11_TR
Number of nodes allocated:  
Number of cores allocated:  1
#threads of Julia:          64
#threads of BLAS:           1
ARGS = ["11", "1", "50", "BS", "x", "0", "50", "WAHUHA"]
LOCATION = "/gpfs/bwfor/work/ws/hd_ku269-logs/LightCones/2023-01-08"
N = 11
SHOTS = 1
MULT_RANDOM_STATES = true
N_RANDOM_STATES = 50
TYPE_OF_RS = "BS"
OBSERVABLE = "x"
DISORDER_PARAM = 0.0
[2023-01-08T02:04:59.490]**********Running simulation**********
[2023-01-08T02:04:59.543]trange = 0.1:0.1:20.0
[2023-01-08T02:04:59.862]A = σx
[2023-01-08T02:05:00.281]alpha=6
[2023-01-08T02:05:00.281]PBC
4[2023-01-08T02:05:02.584]Operations set up.
Using multiple states.
2228.764166 seconds (1.41 G allocations: 3.512 TiB, 14.00% gc time, 0.08% compilation time)
2230.543022 seconds (1.41 G allocations: 3.516 TiB, 13.98% gc time, 0.13% compilation time)
2241.151790 seconds (1.42 G allocations: 3.525 TiB, 13.98% gc time, 0.33% compilation time)
2237.245435 seconds (1.42 G allocations: 3.526 TiB, 14.01% gc time, 0.14% compilation time)
2237.230608 seconds (1.42 G allocations: 3.527 TiB, 14.01% gc time, 0.13% compilation time)
2237.812494 seconds (1.42 G allocations: 3.528 TiB, 14.01% gc time, 0.14% compilation time)
2237.984289 seconds (1.42 G allocations: 3.528 TiB, 14.00% gc time, 0.13% compilation time)
2238.412409 seconds (1.42 G allocations: 3.529 TiB, 14.00% gc time, 0.14% compilation time)
2239.221375 seconds (1.42 G allocations: 3.531 TiB, 14.00% gc time, 0.14% compilation time)
2239.533092 seconds (1.42 G allocations: 3.531 TiB, 13.99% gc time, 0.14% compilation time)
2240.475222 seconds (1.42 G allocations: 3.534 TiB, 13.99% gc time, 0.13% compilation time)
2246.035014 seconds (1.42 G allocations: 3.536 TiB, 13.95% gc time, 0.34% compilation time)
2242.880266 seconds (1.42 G allocations: 3.538 TiB, 13.97% gc time, 0.15% compilation time)
2243.092810 seconds (1.42 G allocations: 3.538 TiB, 13.97% gc time, 0.15% compilation time)
2244.836472 seconds (1.42 G allocations: 3.539 TiB, 14.02% gc time, 0.15% compilation time)
2245.565212 seconds (1.42 G allocations: 3.540 TiB, 14.02% gc time, 0.16% compilation time)
2246.121166 seconds (1.42 G allocations: 3.541 TiB, 14.01% gc time, 0.15% compilation time)
2250.932582 seconds (1.42 G allocations: 3.542 TiB, 13.98% gc time, 0.34% compilation time)
2247.752691 seconds (1.42 G allocations: 3.544 TiB, 14.00% gc time, 0.15% compilation time)
2248.364701 seconds (1.42 G allocations: 3.546 TiB, 14.00% gc time, 0.15% compilation time)
2248.634044 seconds (1.42 G allocations: 3.546 TiB, 14.00% gc time, 0.15% compilation time)
2249.151881 seconds (1.42 G allocations: 3.547 TiB, 14.00% gc time, 0.15% compilation time)
2249.237774 seconds (1.42 G allocations: 3.547 TiB, 13.99% gc time, 0.15% compilation time)
2249.979277 seconds (1.42 G allocations: 3.548 TiB, 13.99% gc time, 0.16% compilation time)
2250.098325 seconds (1.42 G allocations: 3.549 TiB, 13.99% gc time, 0.15% compilation time)
2254.817104 seconds (1.43 G allocations: 3.550 TiB, 13.96% gc time, 0.34% compilation time)
2250.690372 seconds (1.42 G allocations: 3.550 TiB, 13.99% gc time, 0.15% compilation time)
2251.009985 seconds (1.43 G allocations: 3.551 TiB, 13.98% gc time, 0.15% compilation time)
2251.132985 seconds (1.43 G allocations: 3.551 TiB, 13.98% gc time, 0.15% compilation time)
2251.316391 seconds (1.43 G allocations: 3.551 TiB, 13.98% gc time, 0.15% compilation time)
2253.195858 seconds (1.43 G allocations: 3.555 TiB, 13.97% gc time, 0.15% compilation time)
2253.869038 seconds (1.43 G allocations: 3.555 TiB, 13.97% gc time, 0.16% compilation time)
2255.267037 seconds (1.43 G allocations: 3.556 TiB, 14.01% gc time, 0.15% compilation time)
2255.561145 seconds (1.43 G allocations: 3.556 TiB, 14.01% gc time, 0.15% compilation time)
2255.671313 seconds (1.43 G allocations: 3.557 TiB, 14.01% gc time, 0.15% compilation time)
2255.644281 seconds (1.43 G allocations: 3.557 TiB, 14.01% gc time, 0.15% compilation time)
2256.541625 seconds (1.43 G allocations: 3.558 TiB, 14.00% gc time, 0.15% compilation time)
2257.306422 seconds (1.43 G allocations: 3.559 TiB, 14.00% gc time, 0.15% compilation time)
2257.742981 seconds (1.43 G allocations: 3.560 TiB, 14.00% gc time, 0.15% compilation time)
2258.683433 seconds (1.43 G allocations: 3.562 TiB, 13.99% gc time, 0.15% compilation time)
2258.689712 seconds (1.43 G allocations: 3.562 TiB, 13.99% gc time, 0.15% compilation time)
2259.080278 seconds (1.43 G allocations: 3.563 TiB, 13.99% gc time, 0.15% compilation time)
2259.622338 seconds (1.43 G allocations: 3.564 TiB, 13.98% gc time, 0.15% compilation time)
2260.114761 seconds (1.43 G allocations: 3.565 TiB, 13.98% gc time, 0.15% compilation time)
2260.610571 seconds (1.43 G allocations: 3.566 TiB, 13.98% gc time, 0.15% compilation time)
2261.012474 seconds (1.43 G allocations: 3.567 TiB, 13.98% gc time, 0.15% compilation time)
2262.037346 seconds (1.43 G allocations: 3.569 TiB, 13.97% gc time, 0.15% compilation time)
2262.909295 seconds (1.43 G allocations: 3.570 TiB, 13.96% gc time, 0.15% compilation time)
2265.160552 seconds (1.43 G allocations: 3.572 TiB, 14.01% gc time, 0.15% compilation time)
2265.742619 seconds (1.43 G allocations: 3.572 TiB, 14.00% gc time, 0.15% compilation time)
2068.423421 seconds (1.41 G allocations: 3.528 TiB, 15.02% gc time, 0.02% compilation time)
[2023-01-08T03:17:11.062]Completed Shot 1, state 49
2086.284734 seconds (1.43 G allocations: 3.559 TiB, 15.03% gc time, 0.10% compilation time)
[2023-01-08T03:17:12.778]Completed Shot 1, state 7
2081.342740 seconds (1.42 G allocations: 3.548 TiB, 15.08% gc time, 0.03% compilation time)
[2023-01-08T03:17:16.306]Completed Shot 1, state 36
2059.309774 seconds (1.41 G allocations: 3.513 TiB, 15.11% gc time, 0.02% compilation time)
[2023-01-08T03:17:19.063]Completed Shot 1, state 37
2083.590826 seconds (1.42 G allocations: 3.554 TiB, 15.06% gc time, 0.03% compilation time)
[2023-01-08T03:17:19.114]Completed Shot 1, state 4
2070.583922 seconds (1.41 G allocations: 3.532 TiB, 15.09% gc time, 0.02% compilation time)
[2023-01-08T03:17:19.435]Completed Shot 1, state 30
2080.097576 seconds (1.42 G allocations: 3.547 TiB, 15.09% gc time, 0.02% compilation time)
[2023-01-08T03:17:19.520]Completed Shot 1, state 20
2079.866143 seconds (1.42 G allocations: 3.547 TiB, 15.09% gc time, 0.02% compilation time)
[2023-01-08T03:17:20.461]Completed Shot 1, state 46
2084.742228 seconds (1.42 G allocations: 3.557 TiB, 15.05% gc time, 0.03% compilation time)
[2023-01-08T03:17:20.539]Completed Shot 1, state 14
2083.574820 seconds (1.42 G allocations: 3.554 TiB, 15.06% gc time, 0.03% compilation time)
[2023-01-08T03:17:20.689]Completed Shot 1, state 19
2082.708844 seconds (1.42 G allocations: 3.553 TiB, 15.07% gc time, 0.03% compilation time)
[2023-01-08T03:17:21.001]Completed Shot 1, state 24
2077.980614 seconds (1.42 G allocations: 3.547 TiB, 15.04% gc time, 0.02% compilation time)
[2023-01-08T03:17:21.811]Completed Shot 1, state 29
2075.786402 seconds (1.42 G allocations: 3.543 TiB, 15.05% gc time, 0.02% compilation time)
[2023-01-08T03:17:21.954]Completed Shot 1, state 33
2095.817152 seconds (1.43 G allocations: 3.573 TiB, 15.14% gc time, 0.03% compilation time)
[2023-01-08T03:17:24.169]Completed Shot 1, state 18
2079.196004 seconds (1.42 G allocations: 3.547 TiB, 15.12% gc time, 0.02% compilation time)
[2023-01-08T03:17:26.237]Completed Shot 1, state 3
2073.290303 seconds (1.42 G allocations: 3.539 TiB, 15.11% gc time, 0.02% compilation time)
[2023-01-08T03:17:26.676]Completed Shot 1, state 5
2081.956875 seconds (1.42 G allocations: 3.553 TiB, 15.10% gc time, 0.02% compilation time)
[2023-01-08T03:17:28.314]Completed Shot 1, state 27
2081.072038 seconds (1.42 G allocations: 3.551 TiB, 15.11% gc time, 0.02% compilation time)
[2023-01-08T03:17:28.639]Completed Shot 1, state 34
2073.863731 seconds (1.42 G allocations: 3.540 TiB, 15.10% gc time, 0.02% compilation time)
[2023-01-08T03:17:28.885]Completed Shot 1, state 6
2095.604600 seconds (1.43 G allocations: 3.575 TiB, 15.11% gc time, 0.03% compilation time)
[2023-01-08T03:17:30.654]Completed Shot 1, state 15
2081.987511 seconds (1.42 G allocations: 3.551 TiB, 15.14% gc time, 0.02% compilation time)
[2023-01-08T03:17:30.800]Completed Shot 1, state 39
2083.027979 seconds (1.42 G allocations: 3.553 TiB, 15.14% gc time, 0.02% compilation time)
[2023-01-08T03:17:30.932]Completed Shot 1, state 10
2077.626304 seconds (1.42 G allocations: 3.546 TiB, 15.12% gc time, 0.02% compilation time)
[2023-01-08T03:17:31]Completed Shot 1, state 11
2094.376928 seconds (1.43 G allocations: 3.572 TiB, 15.12% gc time, 0.03% compilation time)
[2023-01-08T03:17:31.315]Completed Shot 1, state 35
2083.474156 seconds (1.42 G allocations: 3.554 TiB, 15.13% gc time, 0.02% compilation time)
[2023-01-08T03:17:31.663]Completed Shot 1, state 23
2075.240979 seconds (1.42 G allocations: 3.541 TiB, 15.14% gc time, 0.02% compilation time)
[2023-01-08T03:17:31.733]Completed Shot 1, state 50
2083.185340 seconds (1.42 G allocations: 3.553 TiB, 15.14% gc time, 0.02% compilation time)
[2023-01-08T03:17:32.234]Completed Shot 1, state 38
2091.734573 seconds (1.43 G allocations: 3.567 TiB, 15.14% gc time, 0.02% compilation time)
[2023-01-08T03:17:32.549]Completed Shot 1, state 41
2084.123597 seconds (1.42 G allocations: 3.555 TiB, 15.13% gc time, 0.02% compilation time)
[2023-01-08T03:17:32.616]Completed Shot 1, state 48
2096.780122 seconds (1.43 G allocations: 3.577 TiB, 15.10% gc time, 0.03% compilation time)
[2023-01-08T03:17:32.908]Completed Shot 1, state 42
2080.814947 seconds (1.42 G allocations: 3.551 TiB, 15.09% gc time, 0.02% compilation time)
[2023-01-08T03:17:33.798]Completed Shot 1, state 12
2099.296429 seconds (1.43 G allocations: 3.582 TiB, 15.09% gc time, 0.03% compilation time)
[2023-01-08T03:17:33.820]Completed Shot 1, state 21
2080.415911 seconds (1.42 G allocations: 3.551 TiB, 15.10% gc time, 0.02% compilation time)
[2023-01-08T03:17:33.863]Completed Shot 1, state 22
2080.491938 seconds (1.42 G allocations: 3.549 TiB, 15.13% gc time, 0.02% compilation time)
[2023-01-08T03:17:34.842]Completed Shot 1, state 43
2091.388168 seconds (1.43 G allocations: 3.567 TiB, 15.11% gc time, 0.02% compilation time)
[2023-01-08T03:17:35.692]Completed Shot 1, state 1
2079.013165 seconds (1.42 G allocations: 3.546 TiB, 15.14% gc time, 0.02% compilation time)
[2023-01-08T03:17:35.813]Completed Shot 1, state 40
2077.259102 seconds (1.42 G allocations: 3.543 TiB, 15.15% gc time, 0.02% compilation time)
[2023-01-08T03:17:36.076]Completed Shot 1, state 13
2073.246252 seconds (1.42 G allocations: 3.538 TiB, 15.12% gc time, 0.02% compilation time)
[2023-01-08T03:17:36.222]Completed Shot 1, state 31
2093.201022 seconds (1.43 G allocations: 3.570 TiB, 15.09% gc time, 0.02% compilation time)
[2023-01-08T03:17:36.352]Completed Shot 1, state 28
2079.221234 seconds (1.42 G allocations: 3.546 TiB, 15.14% gc time, 0.02% compilation time)
[2023-01-08T03:17:36.568]Completed Shot 1, state 47
2085.737952 seconds (1.42 G allocations: 3.555 TiB, 15.15% gc time, 0.02% compilation time)
[2023-01-08T03:17:37.194]Completed Shot 1, state 16
2077.144078 seconds (1.42 G allocations: 3.541 TiB, 15.15% gc time, 0.02% compilation time)
[2023-01-08T03:17:37.787]Completed Shot 1, state 44
2082.661245 seconds (1.42 G allocations: 3.551 TiB, 15.12% gc time, 0.02% compilation time)
[2023-01-08T03:17:38.215]Completed Shot 1, state 26
2087.550601 seconds (1.42 G allocations: 3.557 TiB, 15.14% gc time, 0.02% compilation time)
[2023-01-08T03:17:38.461]Completed Shot 1, state 9
2081.016871 seconds (1.42 G allocations: 3.547 TiB, 15.13% gc time, 0.02% compilation time)
[2023-01-08T03:17:38.938]Completed Shot 1, state 8
2092.578911 seconds (1.43 G allocations: 3.565 TiB, 15.11% gc time, 0.02% compilation time)
[2023-01-08T03:17:39.451]Completed Shot 1, state 17
2083.499622 seconds (1.42 G allocations: 3.548 TiB, 15.12% gc time, 0.02% compilation time)
[2023-01-08T03:17:41.829]Completed Shot 1, state 32
2086.317278 seconds (1.42 G allocations: 3.551 TiB, 15.10% gc time, 0.02% compilation time)
[2023-01-08T03:17:42.804]Completed Shot 1, state 25
2097.959571 seconds (1.43 G allocations: 3.569 TiB, 15.07% gc time, 0.02% compilation time)
[2023-01-08T03:17:43.428]Completed Shot 1, state 45
2083.416774 seconds (1.42 G allocations: 3.542 TiB, 15.06% gc time, 0.02% compilation time)
[2023-01-08T03:17:46.745]Completed Shot 1, state 2
[2023-01-08T03:17:46.746]**********Simulation completed!**********
[2023-01-08T03:17:46.746]**********Saving**********
[2023-01-08T03:17:50.659]Saving file: /gpfs/bwfor/work/ws/hd_ku269-logs/LightCones/2023-01-08/468291_N11_BS.jld2
[2023-01-08T03:17:52.224]**********Run completed!**********
============================= JOB FEEDBACK =============================
Job ID: 468291
Cluster: helix
User/Group: hd_ku269/hd_hd
State: COMPLETED (exit code 0)
Nodes: 1
Cores per node: 64
CPU Utilized: 2-19:24:23
CPU Efficiency: 86.45% of 3-05:58:24 core-walltime
Job Wall-clock time: 01:13:06
Memory Utilized: 38.74 GB
Memory Efficiency: 16.42% of 236.00 GB
