Added MKL.jl
Project LightCones v0.1.0
Status `/gpfs/bwfor/work/ws/hd_ku269-light_cones/WorkingFolder/Project.toml`
  [7d9fca2a] Arpack v0.5.4
  [7073ff75] IJulia v1.24.0
  [033835bb] JLD2 v0.4.29
  [0b1a1467] KrylovKit v0.6.0
  [d3d80556] LineSearches v7.2.0
  [33e6dc65] MKL v0.6.0
  [429524aa] Optim v1.7.4
  [91a5bcdd] Plots v1.38.2
  [c3e4b0f8] Pluto v0.19.19
  [3c0b384b] QuantumInformation v0.4.9
  [189a3867] Reexport v1.2.2
  [295af30f] Revise v3.5.0
  [ebcc8a00] SpinSymmetry v0.3.3
  [59d54670] ThreadedSparseArrays v0.2.2
  [ade2ca70] Dates
  [8ba89e20] Distributed
  [37e2e46d] LinearAlgebra
  [de0858da] Printf
  [9a3f8284] Random
  [1a1011a3] SharedArrays
  [2f01184e] SparseArrays
  [10745b16] Statistics
[2023-01-16T12:54:07.611]**********RANDOM FIELDS**********
shared_krylov.jl
Working Directory:          /gpfs/bwfor/work/ws/hd_ku269-light_cones/WorkingFolder
SLURM Directory:            /gpfs/bwfor/work/ws/hd_ku269-light_cones/WorkingFolder 
Running on host:            o01n13
Job id:                     512650
Job name:                   otoc_simulation_N11_TRNEW
Number of nodes allocated:  
Number of cores allocated:  1
#threads of Julia:          64
#threads of BLAS:           1
ARGS = ["11", "5", "50", "BS", "x", "3", "100", "WAHUHA_FR"]
LOCATION = "/gpfs/bwfor/work/ws/hd_ku269-logs/LightCones/2023-01-16"
N = 11
SHOTS = 5
MULT_RANDOM_STATES = true
N_RANDOM_STATES = 50
TYPE_OF_RS = "BS"
OBSERVABLE = "x"
DISORDER_PARAM = 3.0
[2023-01-16T12:54:07.772]**********Running simulation**********
[2023-01-16T12:54:07.823]trange = 0.1:0.1:20.0
[2023-01-16T12:54:08.099]A = σx
[2023-01-16T12:54:08.480]alpha=6
[2023-01-16T12:54:08.480]PBC
10[2023-01-16T12:54:11.277]Operations set up.
Using multiple states.
9776.458297 seconds (5.41 G allocations: 13.592 TiB, 10.80% gc time, 0.02% compilation time)
9798.107607 seconds (5.42 G allocations: 13.628 TiB, 10.79% gc time, 0.04% compilation time)
9799.934090 seconds (5.43 G allocations: 13.631 TiB, 10.79% gc time, 0.04% compilation time)
9819.541249 seconds (5.44 G allocations: 13.660 TiB, 10.80% gc time, 0.04% compilation time)
9837.787891 seconds (5.45 G allocations: 13.690 TiB, 10.80% gc time, 0.04% compilation time)
9850.999298 seconds (5.46 G allocations: 13.711 TiB, 10.80% gc time, 0.04% compilation time)
9854.992021 seconds (5.46 G allocations: 13.718 TiB, 10.80% gc time, 0.04% compilation time)
9858.029235 seconds (5.46 G allocations: 13.721 TiB, 10.81% gc time, 0.04% compilation time)
9860.165374 seconds (5.46 G allocations: 13.724 TiB, 10.81% gc time, 0.04% compilation time)
9860.405750 seconds (5.46 G allocations: 13.725 TiB, 10.81% gc time, 0.04% compilation time)
9872.059025 seconds (5.47 G allocations: 13.743 TiB, 10.81% gc time, 0.04% compilation time)
9873.331873 seconds (5.47 G allocations: 13.745 TiB, 10.80% gc time, 0.04% compilation time)
9879.063755 seconds (5.47 G allocations: 13.749 TiB, 10.80% gc time, 0.08% compilation time)
9876.012060 seconds (5.47 G allocations: 13.750 TiB, 10.80% gc time, 0.04% compilation time)
9887.311624 seconds (5.48 G allocations: 13.767 TiB, 10.80% gc time, 0.04% compilation time)
9889.120755 seconds (5.48 G allocations: 13.770 TiB, 10.80% gc time, 0.04% compilation time)
9890.918368 seconds (5.48 G allocations: 13.774 TiB, 10.80% gc time, 0.04% compilation time)
9891.730965 seconds (5.48 G allocations: 13.776 TiB, 10.80% gc time, 0.04% compilation time)
9901.092746 seconds (5.49 G allocations: 13.789 TiB, 10.80% gc time, 0.04% compilation time)
9909.043542 seconds (5.49 G allocations: 13.797 TiB, 10.80% gc time, 0.08% compilation time)
9915.294370 seconds (5.50 G allocations: 13.808 TiB, 10.79% gc time, 0.08% compilation time)
9913.889565 seconds (5.50 G allocations: 13.808 TiB, 10.81% gc time, 0.04% compilation time)
9915.316681 seconds (5.50 G allocations: 13.811 TiB, 10.81% gc time, 0.04% compilation time)
9920.647640 seconds (5.50 G allocations: 13.820 TiB, 10.80% gc time, 0.04% compilation time)
9928.325517 seconds (5.51 G allocations: 13.831 TiB, 10.81% gc time, 0.04% compilation time)
9931.979816 seconds (5.51 G allocations: 13.838 TiB, 10.81% gc time, 0.04% compilation time)
9937.374171 seconds (5.51 G allocations: 13.847 TiB, 10.80% gc time, 0.04% compilation time)
9938.565358 seconds (5.51 G allocations: 13.849 TiB, 10.80% gc time, 0.04% compilation time)
9941.348824 seconds (5.51 G allocations: 13.851 TiB, 10.81% gc time, 0.04% compilation time)
9942.945475 seconds (5.51 G allocations: 13.854 TiB, 10.81% gc time, 0.04% compilation time)
9944.046989 seconds (5.52 G allocations: 13.856 TiB, 10.81% gc time, 0.04% compilation time)
9946.406804 seconds (5.52 G allocations: 13.860 TiB, 10.80% gc time, 0.04% compilation time)
9969.768916 seconds (5.53 G allocations: 13.895 TiB, 10.81% gc time, 0.04% compilation time)
9976.764781 seconds (5.53 G allocations: 13.900 TiB, 10.81% gc time, 0.07% compilation time)
9975.178612 seconds (5.54 G allocations: 13.904 TiB, 10.81% gc time, 0.04% compilation time)
9978.256000 seconds (5.54 G allocations: 13.910 TiB, 10.80% gc time, 0.04% compilation time)
9980.891698 seconds (5.54 G allocations: 13.915 TiB, 10.80% gc time, 0.04% compilation time)
9982.096851 seconds (5.54 G allocations: 13.917 TiB, 10.80% gc time, 0.04% compilation time)
9986.606412 seconds (5.54 G allocations: 13.921 TiB, 10.81% gc time, 0.04% compilation time)
9990.950320 seconds (5.54 G allocations: 13.929 TiB, 10.81% gc time, 0.03% compilation time)
9997.894905 seconds (5.55 G allocations: 13.935 TiB, 10.80% gc time, 0.07% compilation time)
9994.605819 seconds (5.55 G allocations: 13.936 TiB, 10.80% gc time, 0.04% compilation time)
9996.979368 seconds (5.55 G allocations: 13.940 TiB, 10.80% gc time, 0.04% compilation time)
10005.861484 seconds (5.55 G allocations: 13.953 TiB, 10.81% gc time, 0.04% compilation time)
10007.449762 seconds (5.56 G allocations: 13.956 TiB, 10.81% gc time, 0.04% compilation time)
10016.682599 seconds (5.56 G allocations: 13.969 TiB, 10.81% gc time, 0.03% compilation time)
10017.778018 seconds (5.56 G allocations: 13.971 TiB, 10.81% gc time, 0.04% compilation time)
10023.292032 seconds (5.57 G allocations: 13.981 TiB, 10.80% gc time, 0.04% compilation time)
10058.736399 seconds (5.59 G allocations: 14.036 TiB, 10.81% gc time, 0.04% compilation time)
10113.084208 seconds (5.62 G allocations: 14.124 TiB, 10.80% gc time, 0.04% compilation time)
9522.194370 seconds (5.42 G allocations: 13.625 TiB, 10.39% gc time, 0.01% compilation time)
[2023-01-16T18:16:48.453]Diagonalized H.
 49.653885 seconds (30.39 M allocations: 68.572 GiB, 10.56% gc time, 9.44% compilation time)
[2023-01-16T18:17:17.357]Completed Shot 1, state 33
9676.249860 seconds (5.49 G allocations: 13.801 TiB, 10.70% gc time, 0.07% compilation time)
[2023-01-16T18:18:57.295]Diagonalized H.
9631.935225 seconds (5.46 G allocations: 13.723 TiB, 10.71% gc time, 0.06% compilation time)
9603.179297 seconds (5.44 G allocations: 13.677 TiB, 10.69% gc time, 0.06% compilation time)
 55.431963 seconds (31.11 M allocations: 81.854 GiB, 9.82% gc time)
[2023-01-16T18:19:35.754]Completed Shot 1, state 27
[2023-01-16T18:19:39.377]Diagonalized H.
[2023-01-16T18:19:49.985]Diagonalized H.
9724.422385 seconds (5.51 G allocations: 13.854 TiB, 10.74% gc time, 0.06% compilation time)
9658.800611 seconds (5.47 G allocations: 13.751 TiB, 10.72% gc time, 0.06% compilation time)
9673.946271 seconds (5.48 G allocations: 13.775 TiB, 10.72% gc time, 0.06% compilation time)
9680.164010 seconds (5.48 G allocations: 13.783 TiB, 10.72% gc time, 0.06% compilation time)
[2023-01-16T18:20:20.216]Diagonalized H.
[2023-01-16T18:20:20.231]Diagonalized H.
[2023-01-16T18:20:20.236]Diagonalized H.
[2023-01-16T18:20:20.262]Diagonalized H.
9558.884011 seconds (5.40 G allocations: 13.578 TiB, 10.72% gc time, 0.06% compilation time)
9562.638252 seconds (5.40 G allocations: 13.588 TiB, 10.72% gc time, 0.06% compilation time)
 67.411775 seconds (27.73 M allocations: 82.667 GiB, 12.30% gc time)
[2023-01-16T18:20:25.043]Completed Shot 1, state 48
 56.944387 seconds (19.73 M allocations: 62.347 GiB, 14.57% gc time)
[2023-01-16T18:20:28.603]Completed Shot 1, state 20
[2023-01-16T18:20:44.770]Diagonalized H.
[2023-01-16T18:20:47.775]Diagonalized H.
 61.689684 seconds (17.17 M allocations: 59.583 GiB, 4.44% gc time)
[2023-01-16T18:20:53.432]Completed Shot 1, state 4
 56.834318 seconds (12.80 M allocations: 46.818 GiB, 4.81% gc time)
[2023-01-16T18:20:59.569]Completed Shot 1, state 13
 59.642543 seconds (13.76 M allocations: 49.593 GiB, 4.59% gc time)
[2023-01-16T18:21:01.141]Completed Shot 1, state 3
 63.732873 seconds (15.17 M allocations: 53.577 GiB, 4.29% gc time)
[2023-01-16T18:21:03.426]Completed Shot 1, state 21
9671.895243 seconds (5.45 G allocations: 13.717 TiB, 10.69% gc time, 0.06% compilation time)
 54.099057 seconds (13.89 M allocations: 48.069 GiB, 4.76% gc time)
[2023-01-16T18:21:17.349]Completed Shot 1, state 19
9752.452824 seconds (5.50 G allocations: 13.845 TiB, 10.69% gc time, 0.05% compilation time)
9685.242269 seconds (5.46 G allocations: 13.741 TiB, 10.68% gc time, 0.06% compilation time)
 56.570477 seconds (16.28 M allocations: 49.439 GiB, 4.55% gc time)
[2023-01-16T18:21:21.201]Completed Shot 1, state 11
9730.779732 seconds (5.49 G allocations: 13.812 TiB, 10.68% gc time, 0.06% compilation time)
[2023-01-16T18:21:28.347]Diagonalized H.
[2023-01-16T18:21:30.854]Diagonalized H.
[2023-01-16T18:21:32.146]Diagonalized H.
[2023-01-16T18:21:37.223]Diagonalized H.
9777.592013 seconds (5.50 G allocations: 13.850 TiB, 10.69% gc time, 0.05% compilation time)
9768.511682 seconds (5.50 G allocations: 13.835 TiB, 10.68% gc time, 0.05% compilation time)
9749.276779 seconds (5.48 G allocations: 13.804 TiB, 10.67% gc time, 0.06% compilation time)
9745.596528 seconds (5.48 G allocations: 13.797 TiB, 10.67% gc time, 0.06% compilation time)
 59.772772 seconds (19.15 M allocations: 58.783 GiB, 6.99% gc time)
[2023-01-16T18:22:20.727]Completed Shot 1, state 10
[2023-01-16T18:22:20.753]Diagonalized H.
 69.438779 seconds (25.95 M allocations: 76.708 GiB, 6.02% gc time)
[2023-01-16T18:22:21.038]Completed Shot 1, state 5
 55.783704 seconds (16.38 M allocations: 51.782 GiB, 7.49% gc time)
[2023-01-16T18:22:21.441]Completed Shot 1, state 26
 61.285029 seconds (20.13 M allocations: 61.573 GiB, 6.82% gc time)
[2023-01-16T18:22:21.532]Completed Shot 1, state 36
9771.270468 seconds (5.50 G allocations: 13.838 TiB, 10.66% gc time, 0.05% compilation time)
[2023-01-16T18:22:24.070]Diagonalized H.
[2023-01-16T18:22:24.489]Diagonalized H.
[2023-01-16T18:22:26.535]Diagonalized H.
[2023-01-16T18:22:37.357]Diagonalized H.
9878.584926 seconds (5.55 G allocations: 13.988 TiB, 10.68% gc time, 0.06% compilation time)
9807.689779 seconds (5.51 G allocations: 13.874 TiB, 10.67% gc time, 0.05% compilation time)
9809.572774 seconds (5.51 G allocations: 13.876 TiB, 10.67% gc time, 0.05% compilation time)
 40.686599 seconds (11.19 M allocations: 40.208 GiB, 8.03% gc time)
[2023-01-16T18:22:52.963]Completed Shot 1, state 6
 48.413443 seconds (15.19 M allocations: 50.974 GiB, 6.75% gc time)
[2023-01-16T18:22:53.503]Completed Shot 1, state 39
 56.036308 seconds (18.29 M allocations: 59.576 GiB, 5.83% gc time)
[2023-01-16T18:22:57.027]Completed Shot 1, state 28
9872.255109 seconds (5.55 G allocations: 13.969 TiB, 10.66% gc time, 0.05% compilation time)
9763.986494 seconds (5.48 G allocations: 13.801 TiB, 10.65% gc time, 0.05% compilation time)
 45.491470 seconds (13.09 M allocations: 45.579 GiB, 7.18% gc time)
[2023-01-16T18:22:59.315]Completed Shot 1, state 35
9774.474142 seconds (5.48 G allocations: 13.816 TiB, 10.66% gc time, 0.05% compilation time)
9726.845672 seconds (5.46 G allocations: 13.743 TiB, 10.64% gc time, 0.06% compilation time)
9803.246547 seconds (5.50 G allocations: 13.859 TiB, 10.66% gc time, 0.05% compilation time)
9845.226255 seconds (5.53 G allocations: 13.926 TiB, 10.65% gc time, 0.05% compilation time)
[2023-01-16T18:23:05.424]Diagonalized H.
[2023-01-16T18:23:05.557]Diagonalized H.
[2023-01-16T18:23:07.133]Diagonalized H.
[2023-01-16T18:23:07.403]Diagonalized H.
 43.685517 seconds (10.75 M allocations: 42.103 GiB, 7.48% gc time)
[2023-01-16T18:23:07.735]Completed Shot 1, state 29
[2023-01-16T18:23:07.807]Diagonalized H.
[2023-01-16T18:23:08.231]Diagonalized H.
[2023-01-16T18:23:18.835]Diagonalized H.
[2023-01-16T18:23:20.806]Diagonalized H.
[2023-01-16T18:23:31.875]Diagonalized H.
 43.774434 seconds (8.80 M allocations: 41.135 GiB)
[2023-01-16T18:23:32.005]Completed Shot 1, state 2
9901.016719 seconds (5.54 G allocations: 13.983 TiB, 10.61% gc time, 0.05% compilation time)
 55.934064 seconds (9.91 M allocations: 47.559 GiB)
[2023-01-16T18:23:41.449]Completed Shot 1, state 12
9841.475548 seconds (5.50 G allocations: 13.887 TiB, 10.60% gc time, 0.05% compilation time)
 45.528056 seconds (5.86 M allocations: 35.888 GiB)
[2023-01-16T18:23:43.617]Completed Shot 1, state 46
 58.665377 seconds (9.87 M allocations: 47.752 GiB)
[2023-01-16T18:23:45.819]Completed Shot 1, state 18
 52.629707 seconds (5.91 M allocations: 36.746 GiB)
[2023-01-16T18:23:52.055]Completed Shot 1, state 50
 54.624373 seconds (6.91 M allocations: 39.660 GiB)
[2023-01-16T18:23:52.247]Completed Shot 1, state 17
9785.634871 seconds (5.46 G allocations: 13.783 TiB, 10.60% gc time, 0.05% compilation time)
 55.039704 seconds (6.12 M allocations: 37.410 GiB)
[2023-01-16T18:23:55.892]Completed Shot 1, state 45
[2023-01-16T18:23:56.314]Diagonalized H.
 54.261173 seconds (5.69 M allocations: 36.355 GiB)
[2023-01-16T18:23:56.535]Completed Shot 1, state 1
 52.715136 seconds (4.97 M allocations: 35.624 GiB)
[2023-01-16T18:23:57.685]Completed Shot 1, state 38
[2023-01-16T18:23:57.705]Diagonalized H.
9779.657645 seconds (5.46 G allocations: 13.775 TiB, 10.58% gc time, 0.05% compilation time)
9898.479872 seconds (5.53 G allocations: 13.959 TiB, 10.59% gc time, 0.05% compilation time)
[2023-01-16T18:24:06.765]Diagonalized H.
[2023-01-16T18:24:12.589]Diagonalized H.
9845.660114 seconds (5.49 G allocations: 13.863 TiB, 10.57% gc time, 0.05% compilation time)
[2023-01-16T18:24:18.599]Diagonalized H.
 53.500283 seconds (6.31 M allocations: 28.625 GiB)
[2023-01-16T18:24:36.428]Completed Shot 1, state 23
[2023-01-16T18:25:39.388]Diagonalized H.
9901.317482 seconds (5.47 G allocations: 13.825 TiB, 11.05% gc time, 0.05% compilation time)
9904.490127 seconds (5.47 G allocations: 13.826 TiB, 11.05% gc time, 0.05% compilation time)
9938.171784 seconds (5.49 G allocations: 13.876 TiB, 11.05% gc time, 0.05% compilation time)
131.789892 seconds (9.38 M allocations: 40.165 GiB, 43.61% gc time)
[2023-01-16T18:25:51.303]Completed Shot 1, state 8
117.869789 seconds (8.01 M allocations: 34.897 GiB, 48.76% gc time)
[2023-01-16T18:25:53.332]Completed Shot 1, state 24
113.502196 seconds (6.96 M allocations: 28.684 GiB, 50.64% gc time)
[2023-01-16T18:25:54.780]Completed Shot 1, state 7
[2023-01-16T18:25:56.272]Diagonalized H.
118.790091 seconds (8.09 M allocations: 33.567 GiB, 48.38% gc time)
[2023-01-16T18:25:57.131]Completed Shot 1, state 25
[2023-01-16T18:26:01.321]Diagonalized H.
[2023-01-16T18:26:01.866]Diagonalized H.
9925.315163 seconds (5.48 G allocations: 13.848 TiB, 11.03% gc time, 0.05% compilation time)
110.017385 seconds (8.00 M allocations: 32.463 GiB, 52.24% gc time)
[2023-01-16T18:26:06.188]Completed Shot 1, state 43
9965.359852 seconds (5.50 G allocations: 13.901 TiB, 11.02% gc time, 0.05% compilation time)
9925.980622 seconds (5.48 G allocations: 13.837 TiB, 11.02% gc time, 0.05% compilation time)
9974.989913 seconds (5.50 G allocations: 13.908 TiB, 11.02% gc time, 0.05% compilation time)
[2023-01-16T18:26:21.823]Diagonalized H.
[2023-01-16T18:26:24.212]Diagonalized H.
 39.089534 seconds (8.33 M allocations: 33.091 GiB)
[2023-01-16T18:26:26.319]Completed Shot 1, state 30
[2023-01-16T18:26:27.189]Diagonalized H.
 45.464418 seconds (9.72 M allocations: 38.885 GiB)
[2023-01-16T18:26:27.281]Completed Shot 1, state 41
 39.222087 seconds (8.00 M allocations: 33.068 GiB)
[2023-01-16T18:26:29.108]Completed Shot 1, state 31
[2023-01-16T18:26:33.207]Diagonalized H.
9918.009257 seconds (5.45 G allocations: 13.790 TiB, 11.03% gc time, 0.05% compilation time)
9932.915742 seconds (5.46 G allocations: 13.806 TiB, 11.01% gc time, 0.05% compilation time)
[2023-01-16T18:26:59.799]Diagonalized H.
[2023-01-16T18:27:07.503]Diagonalized H.
9968.756845 seconds (5.47 G allocations: 13.848 TiB, 11.00% gc time, 0.05% compilation time)
9849.813604 seconds (5.40 G allocations: 13.660 TiB, 11.01% gc time, 0.05% compilation time)
9955.517145 seconds (5.47 G allocations: 13.828 TiB, 11.00% gc time, 0.05% compilation time)
 60.572124 seconds (7.25 M allocations: 33.513 GiB, 7.14% gc time)
[2023-01-16T18:27:14.857]Completed Shot 1, state 34
 61.824641 seconds (7.33 M allocations: 33.689 GiB, 6.99% gc time)
[2023-01-16T18:27:16.257]Completed Shot 1, state 49
 55.793204 seconds (6.09 M allocations: 29.918 GiB, 7.75% gc time)
[2023-01-16T18:27:16.926]Completed Shot 1, state 22
 74.709833 seconds (9.46 M allocations: 43.468 GiB, 5.79% gc time)
[2023-01-16T18:27:17.371]Completed Shot 1, state 47
[2023-01-16T18:27:21.053]Diagonalized H.
 32.352129 seconds (3.61 M allocations: 15.415 GiB)
[2023-01-16T18:27:21.215]Completed Shot 1, state 32
9968.105987 seconds (5.47 G allocations: 13.834 TiB, 10.99% gc time, 0.05% compilation time)
[2023-01-16T18:27:29.009]Diagonalized H.
[2023-01-16T18:27:29.023]Diagonalized H.
[2023-01-16T18:27:29.069]Diagonalized H.
 43.411158 seconds (3.19 M allocations: 21.434 GiB, 3.83% gc time)
[2023-01-16T18:27:40.742]Completed Shot 1, state 14
 32.401593 seconds (1.30 M allocations: 12.504 GiB, 5.14% gc time)
[2023-01-16T18:27:53.755]Completed Shot 1, state 16
10031.997030 seconds (5.49 G allocations: 13.890 TiB, 10.97% gc time, 0.05% compilation time)
 47.535376 seconds (2.48 M allocations: 17.258 GiB, 3.50% gc time)
[2023-01-16T18:27:58.013]Completed Shot 1, state 40
 48.108387 seconds (2.52 M allocations: 17.452 GiB, 3.46% gc time)
[2023-01-16T18:27:58.513]Completed Shot 1, state 42
9994.056046 seconds (5.46 G allocations: 13.830 TiB, 10.96% gc time, 0.05% compilation time)
 50.046319 seconds (2.64 M allocations: 17.795 GiB, 3.33% gc time)
[2023-01-16T18:28:00.573]Completed Shot 1, state 37
9955.225128 seconds (5.44 G allocations: 13.765 TiB, 10.96% gc time, 0.05% compilation time)
[2023-01-16T18:28:03.747]Diagonalized H.
[2023-01-16T18:28:07.394]Diagonalized H.
[2023-01-16T18:28:07.394]Diagonalized H.
 32.456759 seconds (245.41 k allocations: 7.830 GiB, 1.15% gc time)
[2023-01-16T18:28:31.964]Completed Shot 1, state 44
 34.593872 seconds (378.72 k allocations: 8.360 GiB, 1.08% gc time)
[2023-01-16T18:28:32.515]Completed Shot 1, state 9
 31.740890 seconds (173.70 k allocations: 7.534 GiB, 1.17% gc time)
[2023-01-16T18:28:33.089]Completed Shot 1, state 15
8858.787792 seconds (5.42 G allocations: 13.633 TiB, 11.19% gc time)
8896.157556 seconds (5.44 G allocations: 13.694 TiB, 11.20% gc time)
8913.496697 seconds (5.46 G allocations: 13.724 TiB, 11.19% gc time)
8917.205862 seconds (5.46 G allocations: 13.728 TiB, 11.21% gc time)
8938.400922 seconds (5.47 G allocations: 13.765 TiB, 11.19% gc time)
8939.405922 seconds (5.47 G allocations: 13.767 TiB, 11.19% gc time)
8941.877531 seconds (5.48 G allocations: 13.772 TiB, 11.19% gc time)
8942.341619 seconds (5.48 G allocations: 13.773 TiB, 11.19% gc time)
8944.244543 seconds (5.48 G allocations: 13.774 TiB, 11.20% gc time)
8947.599038 seconds (5.48 G allocations: 13.780 TiB, 11.20% gc time)
8960.413163 seconds (5.49 G allocations: 13.801 TiB, 11.20% gc time)
8962.711170 seconds (5.49 G allocations: 13.805 TiB, 11.20% gc time)
8963.577930 seconds (5.49 G allocations: 13.807 TiB, 11.20% gc time)
8967.015895 seconds (5.49 G allocations: 13.813 TiB, 11.19% gc time)
8973.544195 seconds (5.50 G allocations: 13.823 TiB, 11.20% gc time)
8976.371167 seconds (5.50 G allocations: 13.828 TiB, 11.19% gc time)
8986.581714 seconds (5.50 G allocations: 13.844 TiB, 11.20% gc time)
8990.952179 seconds (5.51 G allocations: 13.852 TiB, 11.19% gc time)
8991.999811 seconds (5.51 G allocations: 13.854 TiB, 11.19% gc time)
8998.441556 seconds (5.51 G allocations: 13.863 TiB, 11.20% gc time)
9006.334796 seconds (5.52 G allocations: 13.878 TiB, 11.19% gc time)
9008.067368 seconds (5.52 G allocations: 13.878 TiB, 11.20% gc time)
9011.855898 seconds (5.52 G allocations: 13.885 TiB, 11.20% gc time)
9014.615012 seconds (5.52 G allocations: 13.890 TiB, 11.19% gc time)
9014.932883 seconds (5.52 G allocations: 13.891 TiB, 11.19% gc time)
9015.210967 seconds (5.52 G allocations: 13.891 TiB, 11.19% gc time)
9018.301006 seconds (5.53 G allocations: 13.897 TiB, 11.19% gc time)
9018.520407 seconds (5.53 G allocations: 13.897 TiB, 11.19% gc time)
9018.953170 seconds (5.53 G allocations: 13.898 TiB, 11.19% gc time)
9024.054726 seconds (5.53 G allocations: 13.904 TiB, 11.20% gc time)
9024.513638 seconds (5.53 G allocations: 13.905 TiB, 11.20% gc time)
9024.840543 seconds (5.53 G allocations: 13.906 TiB, 11.19% gc time)
9025.428830 seconds (5.53 G allocations: 13.907 TiB, 11.19% gc time)
9032.876057 seconds (5.53 G allocations: 13.920 TiB, 11.18% gc time)
9041.731848 seconds (5.54 G allocations: 13.933 TiB, 11.19% gc time)
9045.590940 seconds (5.54 G allocations: 13.940 TiB, 11.19% gc time)
9045.745349 seconds (5.54 G allocations: 13.941 TiB, 11.19% gc time)
9047.474555 seconds (5.54 G allocations: 13.943 TiB, 11.18% gc time)
9054.431870 seconds (5.55 G allocations: 13.954 TiB, 11.19% gc time)
9060.872096 seconds (5.55 G allocations: 13.965 TiB, 11.18% gc time)
9061.385920 seconds (5.55 G allocations: 13.966 TiB, 11.18% gc time)
9063.045128 seconds (5.55 G allocations: 13.967 TiB, 11.19% gc time)
9063.840268 seconds (5.55 G allocations: 13.968 TiB, 11.19% gc time)
9065.316605 seconds (5.55 G allocations: 13.971 TiB, 11.19% gc time)
9079.370757 seconds (5.56 G allocations: 13.993 TiB, 11.19% gc time)
9082.743357 seconds (5.57 G allocations: 13.999 TiB, 11.18% gc time)
9093.761275 seconds (5.57 G allocations: 14.015 TiB, 11.19% gc time)
9093.947093 seconds (5.57 G allocations: 14.016 TiB, 11.19% gc time)
9135.623579 seconds (5.60 G allocations: 14.083 TiB, 11.18% gc time)
9151.592847 seconds (5.61 G allocations: 14.109 TiB, 11.18% gc time)
8683.370339 seconds (5.45 G allocations: 13.723 TiB, 10.86% gc time)
[2023-01-16T23:22:27.621]Diagonalized H.
8782.198430 seconds (5.52 G allocations: 13.879 TiB, 10.87% gc time)
8710.091612 seconds (5.47 G allocations: 13.757 TiB, 10.86% gc time)
[2023-01-16T23:22:52.009]Diagonalized H.
[2023-01-16T23:23:13.888]Diagonalized H.
 59.429230 seconds (27.92 M allocations: 75.933 GiB, 11.71% gc time)
[2023-01-16T23:23:14.293]Completed Shot 2, state 9
8740.281791 seconds (5.48 G allocations: 13.795 TiB, 10.86% gc time)
8667.302599 seconds (5.43 G allocations: 13.674 TiB, 10.87% gc time)
8775.996366 seconds (5.50 G allocations: 13.853 TiB, 10.84% gc time)
 54.695316 seconds (27.65 M allocations: 75.824 GiB, 7.97% gc time)
[2023-01-16T23:23:28.775]Completed Shot 2, state 33
[2023-01-16T23:23:38.791]Diagonalized H.
[2023-01-16T23:23:38.956]Diagonalized H.
[2023-01-16T23:23:44.716]Diagonalized H.
 61.501686 seconds (27.19 M allocations: 78.179 GiB, 7.09% gc time)
[2023-01-16T23:23:46.565]Completed Shot 2, state 27
8761.806021 seconds (5.48 G allocations: 13.809 TiB, 10.81% gc time)
[2023-01-16T23:24:11.839]Diagonalized H.
8831.535569 seconds (5.52 G allocations: 13.894 TiB, 10.84% gc time)
8756.484947 seconds (5.47 G allocations: 13.772 TiB, 10.83% gc time)
 63.108177 seconds (18.14 M allocations: 56.148 GiB, 5.77% gc time)
[2023-01-16T23:24:20.728]Completed Shot 2, state 29
 63.530914 seconds (18.35 M allocations: 56.563 GiB, 5.73% gc time)
[2023-01-16T23:24:22.229]Completed Shot 2, state 50
 61.745824 seconds (17.13 M allocations: 53.246 GiB, 5.90% gc time)
[2023-01-16T23:24:28.042]Completed Shot 2, state 34
[2023-01-16T23:24:37.804]Diagonalized H.
[2023-01-16T23:24:42.456]Diagonalized H.
 61.675383 seconds (18.59 M allocations: 55.265 GiB, 5.90% gc time)
[2023-01-16T23:24:56.992]Completed Shot 2, state 18
8767.480448 seconds (5.46 G allocations: 13.765 TiB, 10.77% gc time)
 45.574799 seconds (16.52 M allocations: 47.671 GiB)
[2023-01-16T23:25:06.107]Completed Shot 2, state 31
 53.132571 seconds (19.74 M allocations: 57.547 GiB)
[2023-01-16T23:25:11.256]Completed Shot 2, state 1
[2023-01-16T23:25:12.541]Diagonalized H.
8925.195595 seconds (5.56 G allocations: 13.998 TiB, 10.78% gc time)
8743.618880 seconds (5.44 G allocations: 13.702 TiB, 10.78% gc time)
8861.756647 seconds (5.51 G allocations: 13.892 TiB, 10.78% gc time)
8793.889219 seconds (5.47 G allocations: 13.782 TiB, 10.78% gc time)
8772.411234 seconds (5.46 G allocations: 13.749 TiB, 10.77% gc time)
8828.423568 seconds (5.49 G allocations: 13.839 TiB, 10.77% gc time)
8860.729794 seconds (5.51 G allocations: 13.892 TiB, 10.78% gc time)
 36.553867 seconds (13.47 M allocations: 37.754 GiB, 10.88% gc time)
[2023-01-16T23:25:41.183]Completed Shot 2, state 35
[2023-01-16T23:25:49.378]Diagonalized H.
[2023-01-16T23:25:49.645]Diagonalized H.
8863.361890 seconds (5.52 G allocations: 13.900 TiB, 10.76% gc time)
[2023-01-16T23:25:51.315]Diagonalized H.
[2023-01-16T23:25:52.799]Diagonalized H.
[2023-01-16T23:25:55.166]Diagonalized H.
[2023-01-16T23:25:55.623]Diagonalized H.
8851.604670 seconds (5.51 G allocations: 13.882 TiB, 10.76% gc time)
[2023-01-16T23:25:58.615]Diagonalized H.
[2023-01-16T23:26:23.405]Diagonalized H.
[2023-01-16T23:26:23.585]Diagonalized H.
 49.694183 seconds (15.62 M allocations: 57.133 GiB)
[2023-01-16T23:26:24.143]Completed Shot 2, state 43
8885.240534 seconds (5.51 G allocations: 13.905 TiB, 10.71% gc time)
 47.717676 seconds (13.36 M allocations: 53.172 GiB)
[2023-01-16T23:26:26.151]Completed Shot 2, state 39
 51.415145 seconds (15.09 M allocations: 58.773 GiB)
[2023-01-16T23:26:27.499]Completed Shot 2, state 48
 48.513800 seconds (12.44 M allocations: 51.781 GiB)
[2023-01-16T23:26:28.375]Completed Shot 2, state 37
8913.692347 seconds (5.53 G allocations: 13.948 TiB, 10.71% gc time)
 51.627582 seconds (12.80 M allocations: 53.069 GiB)
[2023-01-16T23:26:31.587]Completed Shot 2, state 16
 61.266523 seconds (14.24 M allocations: 57.617 GiB)
[2023-01-16T23:26:41.202]Completed Shot 2, state 19
[2023-01-16T23:26:43.996]Diagonalized H.
 63.671880 seconds (14.03 M allocations: 57.208 GiB)
[2023-01-16T23:26:44.510]Completed Shot 2, state 15
[2023-01-16T23:26:46.381]Diagonalized H.
8872.161025 seconds (5.49 G allocations: 13.861 TiB, 10.69% gc time)
 60.431880 seconds (7.95 M allocations: 44.593 GiB)
[2023-01-16T23:26:50.430]Completed Shot 2, state 12
 58.933522 seconds (6.08 M allocations: 33.226 GiB)
[2023-01-16T23:26:55.632]Completed Shot 2, state 36
[2023-01-16T23:27:01.805]Diagonalized H.
8873.286216 seconds (5.48 G allocations: 13.839 TiB, 10.72% gc time)
8834.781246 seconds (5.46 G allocations: 13.776 TiB, 10.72% gc time)
8874.321921 seconds (5.48 G allocations: 13.839 TiB, 10.72% gc time)
8861.533870 seconds (5.47 G allocations: 13.817 TiB, 10.70% gc time)
8911.280435 seconds (5.50 G allocations: 13.895 TiB, 10.70% gc time)
8984.292768 seconds (5.55 G allocations: 14.013 TiB, 10.71% gc time)
8880.546786 seconds (5.48 G allocations: 13.844 TiB, 10.71% gc time)
8904.007527 seconds (5.50 G allocations: 13.883 TiB, 10.70% gc time)
 54.195046 seconds (10.90 M allocations: 37.258 GiB, 8.07% gc time)
[2023-01-16T23:27:23.690]Completed Shot 2, state 8
 59.107790 seconds (11.59 M allocations: 42.403 GiB, 7.40% gc time)
[2023-01-16T23:27:24.024]Completed Shot 2, state 25
8991.789621 seconds (5.55 G allocations: 14.023 TiB, 10.70% gc time)
[2023-01-16T23:27:25.190]Diagonalized H.
[2023-01-16T23:27:26.978]Diagonalized H.
[2023-01-16T23:27:29.165]Diagonalized H.
 42.892229 seconds (10.53 M allocations: 36.848 GiB, 10.20% gc time)
[2023-01-16T23:27:32.988]Completed Shot 2, state 42
[2023-01-16T23:27:34.423]Diagonalized H.
[2023-01-16T23:27:37.720]Diagonalized H.
[2023-01-16T23:27:38.221]Diagonalized H.
[2023-01-16T23:27:39.398]Diagonalized H.
8940.829134 seconds (5.51 G allocations: 13.930 TiB, 10.68% gc time)
[2023-01-16T23:27:40.447]Diagonalized H.
9004.233283 seconds (5.55 G allocations: 14.031 TiB, 10.67% gc time)
[2023-01-16T23:27:54.814]Diagonalized H.
[2023-01-16T23:27:54.852]Diagonalized H.
[2023-01-16T23:27:54.880]Diagonalized H.
 54.775664 seconds (8.23 M allocations: 41.579 GiB, 5.18% gc time)
[2023-01-16T23:28:07.936]Completed Shot 2, state 24
 62.038006 seconds (9.33 M allocations: 48.313 GiB, 4.58% gc time)
[2023-01-16T23:28:12.657]Completed Shot 2, state 44
 66.730691 seconds (10.44 M allocations: 52.630 GiB, 4.25% gc time)
[2023-01-16T23:28:14.840]Completed Shot 2, state 4
 62.157418 seconds (6.69 M allocations: 41.982 GiB, 4.57% gc time)
[2023-01-16T23:28:19.828]Completed Shot 2, state 14
8984.485065 seconds (5.51 G allocations: 13.949 TiB, 10.65% gc time)
8929.307722 seconds (5.48 G allocations: 13.859 TiB, 10.65% gc time)
8936.349006 seconds (5.48 G allocations: 13.864 TiB, 10.66% gc time)
 70.372153 seconds (7.26 M allocations: 44.503 GiB, 4.03% gc time)
[2023-01-16T23:28:31.986]Completed Shot 2, state 22
 71.757056 seconds (7.63 M allocations: 45.707 GiB, 3.96% gc time)
[2023-01-16T23:28:32.870]Completed Shot 2, state 5
8937.585525 seconds (5.48 G allocations: 13.864 TiB, 10.64% gc time)
8986.093881 seconds (5.51 G allocations: 13.939 TiB, 10.65% gc time)
 78.843963 seconds (9.87 M allocations: 52.448 GiB, 3.60% gc time)
[2023-01-16T23:28:37.833]Completed Shot 2, state 23
 74.978054 seconds (8.71 M allocations: 48.763 GiB, 3.79% gc time)
[2023-01-16T23:28:39.267]Completed Shot 2, state 32
[2023-01-16T23:28:40.252]Diagonalized H.
8961.851427 seconds (5.49 G allocations: 13.899 TiB, 10.64% gc time)
[2023-01-16T23:28:41.777]Diagonalized H.
 82.067372 seconds (11.01 M allocations: 57.343 GiB, 3.46% gc time)
[2023-01-16T23:28:41.794]Completed Shot 2, state 13
 57.075572 seconds (5.55 M allocations: 32.205 GiB, 4.97% gc time)
[2023-01-16T23:28:42.001]Completed Shot 2, state 21
 62.223743 seconds (6.17 M allocations: 35.991 GiB, 4.56% gc time)
[2023-01-16T23:28:42.484]Completed Shot 2, state 30
[2023-01-16T23:28:44.351]Diagonalized H.
[2023-01-16T23:28:44.768]Diagonalized H.
[2023-01-16T23:28:48.190]Diagonalized H.
[2023-01-16T23:28:49.924]Diagonalized H.
9042.836020 seconds (5.54 G allocations: 14.024 TiB, 10.63% gc time)
[2023-01-16T23:29:03.589]Diagonalized H.
9048.132817 seconds (5.51 G allocations: 13.963 TiB, 10.66% gc time)
[2023-01-16T23:29:47.782]Diagonalized H.
 88.181371 seconds (7.18 M allocations: 38.228 GiB, 9.44% gc time)
[2023-01-16T23:29:53.825]Completed Shot 2, state 6
9071.506621 seconds (5.52 G allocations: 13.980 TiB, 10.64% gc time)
 81.631605 seconds (5.17 M allocations: 32.196 GiB, 10.87% gc time)
[2023-01-16T23:29:57.628]Completed Shot 2, state 38
 87.389029 seconds (6.65 M allocations: 36.646 GiB, 10.16% gc time)
[2023-01-16T23:29:58.215]Completed Shot 2, state 2
 92.129382 seconds (7.66 M allocations: 39.886 GiB, 9.64% gc time)
[2023-01-16T23:29:58.371]Completed Shot 2, state 28
 81.062230 seconds (4.84 M allocations: 31.246 GiB, 10.95% gc time)
[2023-01-16T23:29:58.770]Completed Shot 2, state 26
 78.239434 seconds (3.85 M allocations: 28.177 GiB, 11.35% gc time)
[2023-01-16T23:29:58.776]Completed Shot 2, state 46
 68.089489 seconds (2.39 M allocations: 15.951 GiB, 13.04% gc time)
[2023-01-16T23:30:00.391]Completed Shot 2, state 40
[2023-01-16T23:30:04.809]Diagonalized H.
 30.141765 seconds (3.08 M allocations: 13.212 GiB, 4.65% gc time)
[2023-01-16T23:30:10.322]Completed Shot 2, state 47
9086.114209 seconds (5.52 G allocations: 13.984 TiB, 10.63% gc time)
9041.376478 seconds (5.49 G allocations: 13.911 TiB, 10.63% gc time)
9087.832140 seconds (5.52 G allocations: 13.985 TiB, 10.62% gc time)
9014.036681 seconds (5.47 G allocations: 13.862 TiB, 10.61% gc time)
[2023-01-16T23:30:21.545]Diagonalized H.
[2023-01-16T23:30:22.632]Diagonalized H.
[2023-01-16T23:30:24.685]Diagonalized H.
 29.492990 seconds (4.15 M allocations: 18.816 GiB, 1.05% gc time)
[2023-01-16T23:30:25.953]Completed Shot 2, state 49
[2023-01-16T23:30:31.471]Diagonalized H.
 38.695091 seconds (2.40 M allocations: 16.062 GiB, 3.03% gc time)
[2023-01-16T23:30:53.114]Completed Shot 2, state 45
 39.409205 seconds (2.38 M allocations: 15.942 GiB, 2.98% gc time)
[2023-01-16T23:30:54.750]Completed Shot 2, state 20
8990.353710 seconds (5.44 G allocations: 13.783 TiB, 10.60% gc time)
 42.049409 seconds (2.65 M allocations: 16.738 GiB, 2.79% gc time)
[2023-01-16T23:30:57.905]Completed Shot 2, state 3
9119.685140 seconds (5.52 G allocations: 13.986 TiB, 10.59% gc time)
 37.673002 seconds (2.11 M allocations: 15.148 GiB, 3.12% gc time)
[2023-01-16T23:30:58.752]Completed Shot 2, state 41
9012.265891 seconds (5.45 G allocations: 13.811 TiB, 10.58% gc time)
[2023-01-16T23:31:01.117]Diagonalized H.
[2023-01-16T23:31:04.196]Diagonalized H.
[2023-01-16T23:31:07.656]Diagonalized H.
9075.240302 seconds (5.47 G allocations: 13.886 TiB, 10.56% gc time)
 28.840598 seconds (741.03 k allocations: 9.097 GiB, 3.08% gc time)
[2023-01-16T23:31:27.046]Completed Shot 2, state 10
[2023-01-16T23:31:29.563]Diagonalized H.
 34.812649 seconds (1.08 M allocations: 10.498 GiB, 2.73% gc time)
[2023-01-16T23:31:29.852]Completed Shot 2, state 17
 35.899912 seconds (550.83 k allocations: 10.545 GiB, 2.65% gc time)
[2023-01-16T23:31:36.881]Completed Shot 2, state 11
 24.295671 seconds (93.57 k allocations: 3.136 GiB, 2.23% gc time)
[2023-01-16T23:31:46.389]Completed Shot 2, state 7
9332.478191 seconds (5.46 G allocations: 13.716 TiB, 13.71% gc time)
9349.842603 seconds (5.47 G allocations: 13.749 TiB, 13.68% gc time)
9372.569035 seconds (5.48 G allocations: 13.777 TiB, 13.71% gc time)
9372.940695 seconds (5.48 G allocations: 13.778 TiB, 13.71% gc time)
9376.864448 seconds (5.49 G allocations: 13.785 TiB, 13.71% gc time)
9388.911629 seconds (5.50 G allocations: 13.807 TiB, 13.69% gc time)
9396.026291 seconds (5.50 G allocations: 13.820 TiB, 13.68% gc time)
9396.398733 seconds (5.50 G allocations: 13.820 TiB, 13.68% gc time)
9400.510027 seconds (5.50 G allocations: 13.828 TiB, 13.67% gc time)
9401.547140 seconds (5.50 G allocations: 13.830 TiB, 13.67% gc time)
9401.748478 seconds (5.50 G allocations: 13.830 TiB, 13.67% gc time)
9411.573245 seconds (5.51 G allocations: 13.835 TiB, 13.73% gc time)
9412.599989 seconds (5.51 G allocations: 13.837 TiB, 13.73% gc time)
9412.622286 seconds (5.51 G allocations: 13.837 TiB, 13.73% gc time)
9412.839742 seconds (5.51 G allocations: 13.837 TiB, 13.73% gc time)
9414.808347 seconds (5.51 G allocations: 13.841 TiB, 13.73% gc time)
9414.991689 seconds (5.51 G allocations: 13.841 TiB, 13.73% gc time)
9415.584089 seconds (5.51 G allocations: 13.842 TiB, 13.73% gc time)
9415.950141 seconds (5.51 G allocations: 13.843 TiB, 13.73% gc time)
9416.438628 seconds (5.51 G allocations: 13.844 TiB, 13.72% gc time)
9417.743752 seconds (5.51 G allocations: 13.846 TiB, 13.72% gc time)
9418.469895 seconds (5.51 G allocations: 13.847 TiB, 13.72% gc time)
9423.788781 seconds (5.52 G allocations: 13.858 TiB, 13.71% gc time)
9424.233784 seconds (5.52 G allocations: 13.858 TiB, 13.71% gc time)
9428.617180 seconds (5.52 G allocations: 13.866 TiB, 13.71% gc time)
9432.080644 seconds (5.52 G allocations: 13.872 TiB, 13.70% gc time)
9436.030012 seconds (5.52 G allocations: 13.879 TiB, 13.70% gc time)
9440.504400 seconds (5.53 G allocations: 13.887 TiB, 13.69% gc time)
9441.010926 seconds (5.53 G allocations: 13.888 TiB, 13.69% gc time)
9443.150943 seconds (5.53 G allocations: 13.892 TiB, 13.69% gc time)
9444.125649 seconds (5.53 G allocations: 13.893 TiB, 13.68% gc time)
9444.181662 seconds (5.53 G allocations: 13.893 TiB, 13.68% gc time)
9447.110471 seconds (5.53 G allocations: 13.898 TiB, 13.68% gc time)
9457.110091 seconds (5.53 G allocations: 13.905 TiB, 13.73% gc time)
9459.636245 seconds (5.54 G allocations: 13.910 TiB, 13.72% gc time)
9460.017343 seconds (5.54 G allocations: 13.910 TiB, 13.72% gc time)
9463.773496 seconds (5.54 G allocations: 13.917 TiB, 13.72% gc time)
9466.521434 seconds (5.54 G allocations: 13.922 TiB, 13.71% gc time)
9474.232391 seconds (5.55 G allocations: 13.936 TiB, 13.70% gc time)
9476.876896 seconds (5.55 G allocations: 13.941 TiB, 13.70% gc time)
9479.519898 seconds (5.55 G allocations: 13.946 TiB, 13.69% gc time)
9484.298569 seconds (5.55 G allocations: 13.954 TiB, 13.69% gc time)
9503.082235 seconds (5.56 G allocations: 13.977 TiB, 13.72% gc time)
9505.156992 seconds (5.56 G allocations: 13.981 TiB, 13.72% gc time)
9512.707717 seconds (5.57 G allocations: 13.994 TiB, 13.71% gc time)
9514.335781 seconds (5.57 G allocations: 13.997 TiB, 13.70% gc time)
9529.228210 seconds (5.58 G allocations: 14.023 TiB, 13.68% gc time)
9529.415973 seconds (5.58 G allocations: 14.024 TiB, 13.68% gc time)
9560.916074 seconds (5.60 G allocations: 14.070 TiB, 13.69% gc time)
9587.628617 seconds (5.61 G allocations: 14.107 TiB, 13.72% gc time)
9739.697664 seconds (5.43 G allocations: 13.648 TiB, 13.00% gc time)
[2023-01-17T04:51:14.306]Diagonalized H.
 42.425731 seconds (23.34 M allocations: 61.802 GiB, 11.06% gc time)
[2023-01-17T04:51:41.355]Completed Shot 3, state 2
9801.707149 seconds (5.46 G allocations: 13.729 TiB, 13.04% gc time)
9795.018272 seconds (5.46 G allocations: 13.730 TiB, 12.97% gc time)
[2023-01-17T04:52:11.519]Diagonalized H.
[2023-01-17T04:52:11.520]Diagonalized H.
9795.545861 seconds (5.45 G allocations: 13.706 TiB, 13.05% gc time)
9909.536952 seconds (5.52 G allocations: 13.885 TiB, 13.03% gc time)
9872.266151 seconds (5.50 G allocations: 13.828 TiB, 13.02% gc time)
9829.849341 seconds (5.47 G allocations: 13.763 TiB, 13.00% gc time)
9814.882430 seconds (5.46 G allocations: 13.734 TiB, 13.02% gc time)
[2023-01-17T04:52:37.579]Diagonalized H.
 52.733557 seconds (23.06 M allocations: 65.694 GiB, 13.96% gc time)
[2023-01-17T04:52:42.582]Completed Shot 3, state 18
[2023-01-17T04:52:44.629]Diagonalized H.
[2023-01-17T04:52:48.452]Diagonalized H.
 53.659687 seconds (20.26 M allocations: 60.522 GiB, 13.72% gc time)
[2023-01-17T04:52:49.880]Completed Shot 3, state 13
[2023-01-17T04:52:53.518]Diagonalized H.
[2023-01-17T04:52:57.544]Diagonalized H.
 65.730886 seconds (20.37 M allocations: 67.546 GiB)
[2023-01-17T04:53:19.751]Completed Shot 3, state 37
9897.676708 seconds (5.49 G allocations: 13.824 TiB, 12.98% gc time)
9923.604994 seconds (5.51 G allocations: 13.869 TiB, 12.95% gc time)
 54.936917 seconds (13.01 M allocations: 45.395 GiB)
[2023-01-17T04:53:26.535]Completed Shot 3, state 22
 58.511647 seconds (14.84 M allocations: 50.431 GiB)
[2023-01-17T04:53:26.919]Completed Shot 3, state 49
9884.089353 seconds (5.49 G allocations: 13.805 TiB, 12.93% gc time)
 58.501193 seconds (14.42 M allocations: 49.109 GiB)
[2023-01-17T04:53:30.693]Completed Shot 3, state 4
[2023-01-17T04:53:32.033]Diagonalized H.
 54.733397 seconds (12.00 M allocations: 42.831 GiB)
[2023-01-17T04:53:32.039]Completed Shot 3, state 46
[2023-01-17T04:53:33.007]Diagonalized H.
[2023-01-17T04:53:42.636]Diagonalized H.
9933.387425 seconds (5.50 G allocations: 13.858 TiB, 13.00% gc time)
9920.756852 seconds (5.50 G allocations: 13.839 TiB, 12.94% gc time)
 56.856373 seconds (21.63 M allocations: 63.045 GiB, 10.11% gc time)
[2023-01-17T04:54:17.324]Completed Shot 3, state 26
[2023-01-17T04:54:21.847]Diagonalized H.
[2023-01-17T04:55:41.840]Diagonalized H.
10086.193970 seconds (5.55 G allocations: 13.969 TiB, 13.62% gc time)
135.122359 seconds (23.44 M allocations: 69.697 GiB, 61.11% gc time)
[2023-01-17T04:55:43.348]Completed Shot 3, state 7
142.346485 seconds (26.15 M allocations: 77.740 GiB, 58.01% gc time)
[2023-01-17T04:55:44.914]Completed Shot 3, state 29
10039.495762 seconds (5.52 G allocations: 13.895 TiB, 13.62% gc time)
9932.081965 seconds (5.45 G allocations: 13.735 TiB, 13.58% gc time)
9966.616977 seconds (5.47 G allocations: 13.782 TiB, 13.59% gc time)
10010.376608 seconds (5.50 G allocations: 13.849 TiB, 13.59% gc time)
10037.660806 seconds (5.52 G allocations: 13.898 TiB, 13.55% gc time)
10043.805589 seconds (5.52 G allocations: 13.909 TiB, 13.55% gc time)
10014.784600 seconds (5.50 G allocations: 13.856 TiB, 13.58% gc time)
10043.507564 seconds (5.52 G allocations: 13.908 TiB, 13.55% gc time)
127.058430 seconds (24.69 M allocations: 69.640 GiB, 60.47% gc time)
[2023-01-17T04:56:02.865]Completed Shot 3, state 44
9980.684536 seconds (5.48 G allocations: 13.806 TiB, 13.57% gc time)
9929.382864 seconds (5.45 G allocations: 13.725 TiB, 13.59% gc time)
[2023-01-17T04:56:06.402]Diagonalized H.
9956.081254 seconds (5.47 G allocations: 13.773 TiB, 13.55% gc time)
116.712155 seconds (20.35 M allocations: 58.417 GiB, 65.83% gc time)
[2023-01-17T04:56:08.095]Completed Shot 3, state 39
10023.841566 seconds (5.51 G allocations: 13.872 TiB, 13.57% gc time)
[2023-01-17T04:56:10.776]Diagonalized H.
[2023-01-17T04:56:11.005]Diagonalized H.
[2023-01-17T04:56:13.282]Diagonalized H.
[2023-01-17T04:56:13.562]Diagonalized H.
[2023-01-17T04:56:13.716]Diagonalized H.
[2023-01-17T04:56:13.849]Diagonalized H.
[2023-01-17T04:56:14.582]Diagonalized H.
[2023-01-17T04:56:15.612]Diagonalized H.
[2023-01-17T04:56:20.687]Diagonalized H.
[2023-01-17T04:56:24.803]Diagonalized H.
[2023-01-17T04:56:24.942]Diagonalized H.
[2023-01-17T04:56:33.984]Diagonalized H.
 68.664960 seconds (16.31 M allocations: 69.741 GiB)
[2023-01-17T04:56:51.102]Completed Shot 3, state 31
 51.200500 seconds (7.96 M allocations: 45.556 GiB)
[2023-01-17T04:56:51.692]Completed Shot 3, state 47
 60.782802 seconds (12.40 M allocations: 58.173 GiB)
[2023-01-17T04:56:51.964]Completed Shot 3, state 17
 68.530241 seconds (13.99 M allocations: 64.311 GiB)
[2023-01-17T04:56:55.965]Completed Shot 3, state 23
 57.009684 seconds (7.19 M allocations: 46.555 GiB)
[2023-01-17T04:56:58.780]Completed Shot 3, state 50
 79.974981 seconds (8.52 M allocations: 51.913 GiB, 7.14% gc time)
[2023-01-17T04:57:22.163]Completed Shot 3, state 16
10081.643823 seconds (5.50 G allocations: 13.893 TiB, 13.49% gc time)
10165.563181 seconds (5.55 G allocations: 14.020 TiB, 13.51% gc time)
 91.716097 seconds (15.20 M allocations: 70.370 GiB, 6.23% gc time)
[2023-01-17T04:57:29.023]Completed Shot 3, state 20
10080.842516 seconds (5.50 G allocations: 13.890 TiB, 13.50% gc time)
10156.473044 seconds (5.55 G allocations: 14.002 TiB, 13.52% gc time)
 92.700782 seconds (15.51 M allocations: 71.280 GiB, 6.16% gc time)
[2023-01-17T04:57:32.621]Completed Shot 3, state 43
[2023-01-17T04:57:41.200]Diagonalized H.
[2023-01-17T04:57:41.201]Diagonalized H.
[2023-01-17T04:57:41.410]Diagonalized H.
[2023-01-17T04:57:41.416]Diagonalized H.
 99.206626 seconds (14.53 M allocations: 69.117 GiB, 8.36% gc time)
[2023-01-17T04:57:41.739]Completed Shot 3, state 38
10140.855164 seconds (5.53 G allocations: 13.974 TiB, 13.50% gc time)
 99.015597 seconds (14.46 M allocations: 71.691 GiB, 8.37% gc time)
[2023-01-17T04:57:42.969]Completed Shot 3, state 45
10043.485250 seconds (5.47 G allocations: 13.823 TiB, 13.52% gc time)
 99.717490 seconds (13.06 M allocations: 70.800 GiB, 8.31% gc time)
[2023-01-17T04:57:47.347]Completed Shot 3, state 25
10132.809766 seconds (5.53 G allocations: 13.956 TiB, 13.51% gc time)
 97.355184 seconds (11.49 M allocations: 65.367 GiB, 8.52% gc time)
[2023-01-17T04:57:48.093]Completed Shot 3, state 36
10059.990228 seconds (5.48 G allocations: 13.847 TiB, 13.49% gc time)
107.913692 seconds (15.51 M allocations: 78.292 GiB, 7.68% gc time)
[2023-01-17T04:57:52.918]Completed Shot 3, state 30
10130.910129 seconds (5.52 G allocations: 13.936 TiB, 13.51% gc time)
[2023-01-17T04:58:06.039]Diagonalized H.
[2023-01-17T04:58:09.661]Diagonalized H.
[2023-01-17T04:58:12.642]Diagonalized H.
[2023-01-17T04:58:15.386]Diagonalized H.
10132.042610 seconds (5.52 G allocations: 13.936 TiB, 13.45% gc time)
[2023-01-17T04:58:16.788]Diagonalized H.
 52.499405 seconds (8.60 M allocations: 41.573 GiB, 4.91% gc time)
[2023-01-17T04:58:24.276]Completed Shot 3, state 27
 53.722694 seconds (9.11 M allocations: 43.087 GiB, 4.80% gc time)
[2023-01-17T04:58:24.731]Completed Shot 3, state 48
 57.461335 seconds (10.40 M allocations: 46.815 GiB, 4.49% gc time)
[2023-01-17T04:58:26.281]Completed Shot 3, state 35
 61.460546 seconds (11.57 M allocations: 50.322 GiB, 4.20% gc time)
[2023-01-17T04:58:29.132]Completed Shot 3, state 24
[2023-01-17T04:58:35.862]Diagonalized H.
 48.960598 seconds (7.28 M allocations: 32.023 GiB, 5.80% gc time)
[2023-01-17T04:58:38.425]Completed Shot 3, state 28
10153.046001 seconds (5.52 G allocations: 13.946 TiB, 13.45% gc time)
10087.788461 seconds (5.47 G allocations: 13.835 TiB, 13.48% gc time)
 61.122319 seconds (9.43 M allocations: 43.667 GiB, 4.64% gc time)
[2023-01-17T04:58:43.954]Completed Shot 3, state 40
10175.557054 seconds (5.52 G allocations: 13.967 TiB, 13.48% gc time)
10219.798198 seconds (5.55 G allocations: 14.032 TiB, 13.49% gc time)
10160.009561 seconds (5.51 G allocations: 13.942 TiB, 13.44% gc time)
 69.139228 seconds (10.26 M allocations: 45.297 GiB, 4.11% gc time)
[2023-01-17T04:58:53.352]Completed Shot 3, state 33
10205.052235 seconds (5.54 G allocations: 14.007 TiB, 13.44% gc time)
 68.913308 seconds (10.36 M allocations: 44.015 GiB, 4.12% gc time)
[2023-01-17T04:58:56.732]Completed Shot 3, state 6
[2023-01-17T04:58:57.399]Diagonalized H.
 56.211568 seconds (8.63 M allocations: 38.080 GiB, 5.05% gc time)
[2023-01-17T04:58:57.639]Completed Shot 3, state 12
[2023-01-17T04:58:59.496]Diagonalized H.
[2023-01-17T04:59:00.919]Diagonalized H.
[2023-01-17T04:59:00.974]Diagonalized H.
[2023-01-17T04:59:04.786]Diagonalized H.
 51.195439 seconds (7.08 M allocations: 36.527 GiB, 5.54% gc time)
[2023-01-17T04:59:06.740]Completed Shot 3, state 42
10195.376851 seconds (5.53 G allocations: 13.980 TiB, 13.45% gc time)
10170.280307 seconds (5.51 G allocations: 13.944 TiB, 13.43% gc time)
[2023-01-17T04:59:14.188]Diagonalized H.
10168.556626 seconds (5.51 G allocations: 13.936 TiB, 13.43% gc time)
10235.412855 seconds (5.55 G allocations: 14.042 TiB, 13.40% gc time)
10234.588286 seconds (5.55 G allocations: 14.038 TiB, 13.40% gc time)
 42.875051 seconds (5.71 M allocations: 30.248 GiB)
[2023-01-17T04:59:22.330]Completed Shot 3, state 34
 39.684059 seconds (4.88 M allocations: 27.763 GiB)
[2023-01-17T04:59:25.814]Completed Shot 3, state 1
 42.461704 seconds (5.26 M allocations: 29.139 GiB)
[2023-01-17T04:59:26.059]Completed Shot 3, state 14
[2023-01-17T04:59:26.410]Diagonalized H.
[2023-01-17T04:59:27.613]Diagonalized H.
[2023-01-17T04:59:34.430]Diagonalized H.
[[2023-01-17T04:59:35.464]Diagonalized H.
2023-01-17T04:59:35.467]Diagonalized H.
 50.277076 seconds (4.97 M allocations: 32.001 GiB, 5.89% gc time)
[2023-01-17T04:59:36.977]Completed Shot 3, state 10
 48.584304 seconds (4.14 M allocations: 33.735 GiB, 6.10% gc time)
[2023-01-17T04:59:41.507]Completed Shot 3, state 5
 66.464521 seconds (4.54 M allocations: 37.456 GiB, 4.46% gc time)
[2023-01-17T05:00:01.697]Completed Shot 3, state 21
 46.707548 seconds (1.68 M allocations: 17.606 GiB, 6.34% gc time)
[2023-01-17T05:00:06.157]Completed Shot 3, state 19
 59.185914 seconds (2.74 M allocations: 25.366 GiB, 5.01% gc time)
[2023-01-17T05:00:08.065]Completed Shot 3, state 32
 51.315878 seconds (2.00 M allocations: 20.402 GiB, 5.77% gc time)
[2023-01-17T05:00:08.112]Completed Shot 3, state 15
10140.870768 seconds (5.46 G allocations: 13.833 TiB, 13.39% gc time)
 54.800013 seconds (2.31 M allocations: 21.887 GiB, 5.41% gc time)
[2023-01-17T05:00:09.268]Completed Shot 3, state 11
 58.642397 seconds (2.64 M allocations: 23.488 GiB, 5.05% gc time)
[2023-01-17T05:00:09.547]Completed Shot 3, state 3
[2023-01-17T05:00:14.403]Diagonalized H.
10298.331005 seconds (5.55 G allocations: 14.070 TiB, 13.35% gc time)
[2023-01-17T05:00:23.774]Diagonalized H.
 31.471279 seconds (1.21 M allocations: 7.903 GiB, 1.69% gc time)
[2023-01-17T05:00:39.650]Completed Shot 3, state 8
10146.277237 seconds (5.45 G allocations: 13.804 TiB, 13.33% gc time)
 27.183446 seconds (532.76 k allocations: 4.596 GiB, 1.96% gc time)
[2023-01-17T05:00:44.506]Completed Shot 3, state 9
[2023-01-17T05:00:46.226]Diagonalized H.
 24.149148 seconds (67.40 k allocations: 2.740 GiB)
[2023-01-17T05:01:04.446]Completed Shot 3, state 41
9823.505147 seconds (5.38 G allocations: 13.530 TiB, 12.68% gc time)
9851.500254 seconds (5.39 G allocations: 13.569 TiB, 12.70% gc time)
9859.337697 seconds (5.40 G allocations: 13.584 TiB, 12.69% gc time)
9887.026486 seconds (5.41 G allocations: 13.622 TiB, 12.72% gc time)
9889.878277 seconds (5.41 G allocations: 13.627 TiB, 12.72% gc time)
9895.887007 seconds (5.42 G allocations: 13.638 TiB, 12.71% gc time)
9911.580098 seconds (5.43 G allocations: 13.665 TiB, 12.69% gc time)
9918.054615 seconds (5.43 G allocations: 13.677 TiB, 12.68% gc time)
9928.282199 seconds (5.44 G allocations: 13.683 TiB, 12.73% gc time)
9932.049363 seconds (5.44 G allocations: 13.690 TiB, 12.73% gc time)
9932.978015 seconds (5.44 G allocations: 13.692 TiB, 12.73% gc time)
9938.493270 seconds (5.44 G allocations: 13.702 TiB, 12.72% gc time)
9941.997980 seconds (5.45 G allocations: 13.708 TiB, 12.71% gc time)
9942.183983 seconds (5.45 G allocations: 13.709 TiB, 12.71% gc time)
9942.970740 seconds (5.45 G allocations: 13.710 TiB, 12.71% gc time)
9948.553914 seconds (5.45 G allocations: 13.720 TiB, 12.71% gc time)
9955.684402 seconds (5.46 G allocations: 13.733 TiB, 12.70% gc time)
9957.444880 seconds (5.46 G allocations: 13.736 TiB, 12.69% gc time)
9963.918563 seconds (5.46 G allocations: 13.747 TiB, 12.69% gc time)
9964.016835 seconds (5.46 G allocations: 13.747 TiB, 12.69% gc time)
9966.940651 seconds (5.46 G allocations: 13.752 TiB, 12.68% gc time)
9978.073737 seconds (5.47 G allocations: 13.760 TiB, 12.74% gc time)
9981.215186 seconds (5.47 G allocations: 13.766 TiB, 12.73% gc time)
9982.480129 seconds (5.47 G allocations: 13.768 TiB, 12.73% gc time)
9984.945100 seconds (5.47 G allocations: 13.772 TiB, 12.73% gc time)
9988.227675 seconds (5.47 G allocations: 13.778 TiB, 12.72% gc time)
9991.093340 seconds (5.48 G allocations: 13.783 TiB, 12.72% gc time)
9991.596564 seconds (5.48 G allocations: 13.784 TiB, 12.72% gc time)
9991.919012 seconds (5.48 G allocations: 13.784 TiB, 12.72% gc time)
9998.924002 seconds (5.48 G allocations: 13.796 TiB, 12.71% gc time)
10010.527083 seconds (5.49 G allocations: 13.817 TiB, 12.69% gc time)
10010.864474 seconds (5.49 G allocations: 13.817 TiB, 12.69% gc time)
10012.259020 seconds (5.49 G allocations: 13.820 TiB, 12.69% gc time)
10014.280794 seconds (5.49 G allocations: 13.823 TiB, 12.69% gc time)
10020.827267 seconds (5.49 G allocations: 13.825 TiB, 12.73% gc time)
10022.953379 seconds (5.50 G allocations: 13.829 TiB, 12.73% gc time)
10027.986829 seconds (5.50 G allocations: 13.837 TiB, 12.72% gc time)
10029.748473 seconds (5.50 G allocations: 13.841 TiB, 12.72% gc time)
10038.680707 seconds (5.51 G allocations: 13.856 TiB, 12.71% gc time)
10040.146498 seconds (5.51 G allocations: 13.859 TiB, 12.71% gc time)
10047.275766 seconds (5.51 G allocations: 13.871 TiB, 12.70% gc time)
10048.629679 seconds (5.51 G allocations: 13.874 TiB, 12.70% gc time)
10049.393493 seconds (5.51 G allocations: 13.875 TiB, 12.70% gc time)
10056.976531 seconds (5.52 G allocations: 13.888 TiB, 12.69% gc time)
10068.103572 seconds (5.52 G allocations: 13.898 TiB, 12.73% gc time)
10071.201536 seconds (5.52 G allocations: 13.904 TiB, 12.72% gc time)
10080.674011 seconds (5.53 G allocations: 13.920 TiB, 12.71% gc time)
10081.879401 seconds (5.53 G allocations: 13.922 TiB, 12.71% gc time)
10103.072470 seconds (5.55 G allocations: 13.961 TiB, 12.68% gc time)
10141.378666 seconds (5.57 G allocations: 14.021 TiB, 12.69% gc time)
8742.188250 seconds (5.41 G allocations: 13.620 TiB, 14.56% gc time)
8817.515113 seconds (5.46 G allocations: 13.745 TiB, 14.51% gc time)
8848.807351 seconds (5.48 G allocations: 13.790 TiB, 14.53% gc time)
[2023-01-17T10:12:22.663]Diagonalized H.
[2023-01-17T10:12:34.721]Diagonalized H.
[2023-01-17T10:12:34.788]Diagonalized H.
8768.676158 seconds (5.42 G allocations: 13.656 TiB, 14.52% gc time)
 59.970416 seconds (31.33 M allocations: 87.071 GiB, 10.56% gc time)
[2023-01-17T10:13:04.669]Completed Shot 4, state 42
[2023-01-17T10:13:16.099]Diagonalized H.
 61.641411 seconds (25.90 M allocations: 73.289 GiB, 17.67% gc time)
[2023-01-17T10:13:18.408]Completed Shot 4, state 37
 65.023133 seconds (28.46 M allocations: 79.940 GiB, 16.75% gc time)
[2023-01-17T10:13:18.488]Completed Shot 4, state 8
8847.996656 seconds (5.47 G allocations: 13.774 TiB, 14.51% gc time)
8797.196961 seconds (5.44 G allocations: 13.694 TiB, 14.53% gc time)
8818.506820 seconds (5.45 G allocations: 13.731 TiB, 14.49% gc time)
[2023-01-17T10:13:46.478]Diagonalized H.
[2023-01-17T10:13:46.485]Diagonalized H.
[2023-01-17T10:13:46.521]Diagonalized H.
 56.567148 seconds (26.41 M allocations: 75.417 GiB, 13.35% gc time)
[2023-01-17T10:13:51.878]Completed Shot 4, state 14
8876.068368 seconds (5.48 G allocations: 13.799 TiB, 14.52% gc time)
8844.957563 seconds (5.46 G allocations: 13.754 TiB, 14.50% gc time)
 43.651582 seconds (19.37 M allocations: 56.841 GiB, 11.02% gc time)
[2023-01-17T10:14:14.893]Completed Shot 4, state 23
8762.887476 seconds (5.41 G allocations: 13.634 TiB, 14.50% gc time)
 53.704471 seconds (25.84 M allocations: 73.955 GiB, 8.96% gc time)
[2023-01-17T10:14:17.353]Completed Shot 4, state 31
 56.073873 seconds (27.56 M allocations: 78.506 GiB, 8.58% gc time)
[2023-01-17T10:14:18.403]Completed Shot 4, state 43
8939.079713 seconds (5.52 G allocations: 13.903 TiB, 14.49% gc time)
[2023-01-17T10:14:26.745]Diagonalized H.
8844.904651 seconds (5.46 G allocations: 13.759 TiB, 14.50% gc time)
8909.012432 seconds (5.50 G allocations: 13.863 TiB, 14.47% gc time)
[2023-01-17T10:14:30.278]Diagonalized H.
[2023-01-17T10:14:41.231]Diagonalized H.
[[2023-01-17T10:14:41.246]Diagonalized H.
2023-01-17T10:14:41.247]Diagonalized H.
[2023-01-17T10:14:41.304]Diagonalized H.
8931.608695 seconds (5.51 G allocations: 13.888 TiB, 14.48% gc time)
8877.608321 seconds (5.47 G allocations: 13.787 TiB, 14.50% gc time)
8857.178381 seconds (5.46 G allocations: 13.761 TiB, 14.46% gc time)
8873.292899 seconds (5.46 G allocations: 13.774 TiB, 14.51% gc time)
 52.740854 seconds (19.33 M allocations: 64.076 GiB, 8.50% gc time)
[2023-01-17T10:15:04.843]Completed Shot 4, state 36
8860.115104 seconds (5.46 G allocations: 13.762 TiB, 14.45% gc time)
8910.665155 seconds (5.49 G allocations: 13.839 TiB, 14.44% gc time)
8852.994817 seconds (5.45 G allocations: 13.749 TiB, 14.46% gc time)
[2023-01-17T10:15:09.084]Diagonalized H.
8881.784464 seconds (5.47 G allocations: 13.788 TiB, 14.49% gc time)
 58.299491 seconds (22.55 M allocations: 73.896 GiB, 7.69% gc time)
[2023-01-17T10:15:10.681]Completed Shot 4, state 33
8854.733977 seconds (5.45 G allocations: 13.754 TiB, 14.46% gc time)
8883.816159 seconds (5.47 G allocations: 13.793 TiB, 14.49% gc time)
[2023-01-17T10:15:12.538]Diagonalized H.
 45.893019 seconds (11.71 M allocations: 46.766 GiB, 9.77% gc time)
[2023-01-17T10:15:12.695]Completed Shot 4, state 7
 45.237114 seconds (11.11 M allocations: 43.862 GiB, 9.91% gc time)
[2023-01-17T10:15:14.588]Completed Shot 4, state 21
 52.103147 seconds (15.97 M allocations: 58.122 GiB, 8.61% gc time)
[2023-01-17T10:15:14.974]Completed Shot 4, state 30
[2023-01-17T10:15:17.533]Diagonalized H.
 61.263717 seconds (22.73 M allocations: 77.294 GiB, 7.32% gc time)
[2023-01-17T10:15:18.350]Completed Shot 4, state 9
8872.790285 seconds (5.46 G allocations: 13.784 TiB, 14.43% gc time)
8864.685615 seconds (5.46 G allocations: 13.769 TiB, 14.44% gc time)
8867.942240 seconds (5.46 G allocations: 13.774 TiB, 14.44% gc time)
[2023-01-17T10:15:21.688]Diagonalized H.
[2023-01-17T10:15:31.707]Diagonalized H.
[2023-01-17T10:15:31.716]Diagonalized H.
[2023-01-17T10:15:31.723]Diagonalized H.
[2023-01-17T10:15:31.736]Diagonalized H.
[2023-01-17T10:15:31.739]Diagonalized H.
[2023-01-17T10:15:31.741]Diagonalized H.
[2023-01-17T10:15:31.750]Diagonalized H.
[2023-01-17T10:15:31.765]Diagonalized H.
[2023-01-17T10:15:31.800]Diagonalized H.
 63.555333 seconds (11.37 M allocations: 54.438 GiB, 5.03% gc time)
[2023-01-17T10:16:03.260]Completed Shot 4, state 26
 68.529086 seconds (11.70 M allocations: 57.117 GiB, 4.66% gc time)
[2023-01-17T10:16:06.272]Completed Shot 4, state 11
 86.743725 seconds (12.62 M allocations: 70.009 GiB, 3.68% gc time)
[2023-01-17T10:16:09.830]Completed Shot 4, state 16
 65.524893 seconds (9.13 M allocations: 52.461 GiB, 4.88% gc time)
[2023-01-17T10:16:11.305]Completed Shot 4, state 10
8969.844770 seconds (5.49 G allocations: 13.878 TiB, 14.38% gc time)
 65.053530 seconds (7.25 M allocations: 47.629 GiB, 4.91% gc time)
[2023-01-17T10:16:15.309]Completed Shot 4, state 41
8864.708600 seconds (5.42 G allocations: 13.710 TiB, 14.42% gc time)
8917.088701 seconds (5.45 G allocations: 13.790 TiB, 14.39% gc time)
 74.631154 seconds (11.21 M allocations: 59.517 GiB, 4.28% gc time)
[2023-01-17T10:16:22.728]Completed Shot 4, state 40
8970.738955 seconds (5.49 G allocations: 13.870 TiB, 14.38% gc time)
8989.680539 seconds (5.50 G allocations: 13.903 TiB, 14.35% gc time)
 79.089283 seconds (12.97 M allocations: 64.598 GiB, 4.04% gc time)
[2023-01-17T10:16:28.133]Completed Shot 4, state 22
8900.962188 seconds (5.45 G allocations: 13.767 TiB, 14.36% gc time)
 70.429321 seconds (8.34 M allocations: 48.653 GiB, 4.54% gc time)
[2023-01-17T10:16:30.153]Completed Shot 4, state 45
[2023-01-17T10:16:30.159]Diagonalized H.
8877.436918 seconds (5.43 G allocations: 13.726 TiB, 14.40% gc time)
 71.075501 seconds (8.73 M allocations: 50.489 GiB, 4.50% gc time)
[2023-01-17T10:16:31.307]Completed Shot 4, state 20
[2023-01-17T10:16:31.691]Diagonalized H.
[2023-01-17T10:16:31.997]Diagonalized H.
 81.162738 seconds (13.69 M allocations: 67.145 GiB, 3.94% gc time)
[2023-01-17T10:16:32.269]Completed Shot 4, state 32
[2023-01-17T10:16:40.021]Diagonalized H.
[2023-01-17T10:16:40.023]Diagonalized H.
[2023-01-17T10:16:40.032]Diagonalized H.
[2023-01-17T10:16:40.039]Diagonalized H.
 97.150628 seconds (18.09 M allocations: 87.404 GiB, 5.96% gc time)
[2023-01-17T10:16:41.836]Completed Shot 4, state 18
103.027007 seconds (13.93 M allocations: 77.757 GiB, 5.62% gc time)
[2023-01-17T10:16:55.216]Completed Shot 4, state 39
 96.921937 seconds (9.96 M allocations: 66.352 GiB, 5.97% gc time)
[2023-01-17T10:16:57.546]Completed Shot 4, state 35
8918.429661 seconds (5.44 G allocations: 13.762 TiB, 14.36% gc time)
8932.947892 seconds (5.45 G allocations: 13.785 TiB, 14.34% gc time)
8976.967514 seconds (5.47 G allocations: 13.851 TiB, 14.33% gc time)
 55.211572 seconds (10.70 M allocations: 46.294 GiB, 4.69% gc time)
[2023-01-17T10:17:07.998]Completed Shot 4, state 2
 53.265652 seconds (10.46 M allocations: 45.232 GiB, 4.86% gc time)
[2023-01-17T10:17:11.822]Completed Shot 4, state 49
 52.056030 seconds (10.02 M allocations: 43.782 GiB, 4.98% gc time)
[2023-01-17T10:17:12.520]Completed Shot 4, state 17
 43.449953 seconds (6.29 M allocations: 32.606 GiB, 5.96% gc time)
[2023-01-17T10:17:13.967]Completed Shot 4, state 13
 48.002771 seconds (8.36 M allocations: 38.721 GiB, 5.40% gc time)
[2023-01-17T10:17:14.185]Completed Shot 4, state 24
8958.031366 seconds (5.46 G allocations: 13.812 TiB, 14.36% gc time)
 51.057194 seconds (9.74 M allocations: 42.756 GiB, 5.08% gc time)
[2023-01-17T10:17:14.804]Completed Shot 4, state 38
 47.079895 seconds (8.00 M allocations: 37.614 GiB, 5.50% gc time)
[2023-01-17T10:17:15.444]Completed Shot 4, state 5
[2023-01-17T10:17:15.500]Diagonalized H.
8923.806522 seconds (5.44 G allocations: 13.762 TiB, 14.36% gc time)
[2023-01-17T10:17:15.633]Diagonalized H.
[2023-01-17T10:17:16.033]Diagonalized H.
8903.779192 seconds (5.43 G allocations: 13.737 TiB, 14.33% gc time)
8952.166198 seconds (5.46 G allocations: 13.815 TiB, 14.31% gc time)
[2023-01-17T10:17:27.902]Diagonalized H.
[2023-01-17T10:17:27.961]Diagonalized H.
[2023-01-17T10:17:27.984]Diagonalized H.
[2023-01-17T10:17:27.985]Diagonalized H.
8973.873857 seconds (5.46 G allocations: 13.826 TiB, 14.37% gc time)
8995.408247 seconds (5.46 G allocations: 13.837 TiB, 14.34% gc time)
8936.342584 seconds (5.43 G allocations: 13.752 TiB, 14.31% gc time)
 49.476579 seconds (7.20 M allocations: 36.456 GiB, 7.05% gc time)
[2023-01-17T10:17:52.508]Completed Shot 4, state 48
 46.610655 seconds (6.33 M allocations: 33.521 GiB, 7.48% gc time)
[2023-01-17T10:17:52.974]Completed Shot 4, state 15
[2023-01-17T10:17:54.100]Diagonalized H.
 49.805923 seconds (6.98 M allocations: 36.051 GiB, 7.00% gc time)
[2023-01-17T10:17:55.193]Completed Shot 4, state 25
 42.338463 seconds (4.09 M allocations: 28.950 GiB, 8.23% gc time)
[2023-01-17T10:17:57.078]Completed Shot 4, state 6
8874.268805 seconds (5.38 G allocations: 13.641 TiB, 14.35% gc time)
 43.787105 seconds (3.86 M allocations: 27.865 GiB, 7.96% gc time)
[2023-01-17T10:18:00.118]Completed Shot 4, state 1
 43.122071 seconds (3.51 M allocations: 22.819 GiB, 8.08% gc time)
[2023-01-17T10:18:00.565]Completed Shot 4, state 12
 46.680077 seconds (4.62 M allocations: 30.646 GiB, 7.47% gc time)
[2023-01-17T10:18:02.217]Completed Shot 4, state 47
[2023-01-17T10:18:04.993]Diagonalized H.
[2023-01-17T10:18:05.404]Diagonalized H.
[2023-01-17T10:18:09.807]Diagonalized H.
9012.696826 seconds (5.46 G allocations: 13.847 TiB, 14.32% gc time)
 45.617861 seconds (4.45 M allocations: 29.919 GiB, 2.27% gc time)
[2023-01-17T10:18:14.468]Completed Shot 4, state 4
8953.287281 seconds (5.42 G allocations: 13.753 TiB, 14.30% gc time)
8937.298595 seconds (5.41 G allocations: 13.715 TiB, 14.32% gc time)
 34.610919 seconds (4.26 M allocations: 22.041 GiB, 2.99% gc time)
[2023-01-17T10:18:25.337]Completed Shot 4, state 34
 33.503860 seconds (4.09 M allocations: 21.251 GiB, 3.09% gc time)
[2023-01-17T10:18:25.501]Completed Shot 4, state 27
9003.104991 seconds (5.45 G allocations: 13.821 TiB, 14.28% gc time)
[2023-01-17T10:18:27.161]Diagonalized H.
8961.839882 seconds (5.42 G allocations: 13.756 TiB, 14.28% gc time)
[2023-01-17T10:18:28.194]Diagonalized H.
 29.075274 seconds (2.91 M allocations: 18.604 GiB, 3.56% gc time)
[2023-01-17T10:18:29.177]Completed Shot 4, state 44
[2023-01-17T10:18:30.972]Diagonalized H.
[2023-01-17T10:18:32.737]Diagonalized H.
8998.713874 seconds (5.44 G allocations: 13.797 TiB, 14.29% gc time)
[2023-01-17T10:18:42.993]Diagonalized H.
 34.748848 seconds (1.25 M allocations: 15.749 GiB)
[2023-01-17T10:18:53.164]Completed Shot 4, state 46
[2023-01-17T10:18:54.200]Diagonalized H.
 42.940039 seconds (2.01 M allocations: 20.455 GiB)
[2023-01-17T10:18:54.372]Completed Shot 4, state 50
 32.665349 seconds (727.03 k allocations: 15.435 GiB)
[2023-01-17T10:18:57.489]Completed Shot 4, state 28
 31.365856 seconds (598.89 k allocations: 14.923 GiB)
[2023-01-17T10:18:57.604]Completed Shot 4, state 29
 37.666339 seconds (509.34 k allocations: 13.589 GiB)
[2023-01-17T10:19:05.834]Completed Shot 4, state 3
 31.550235 seconds (240.90 k allocations: 6.970 GiB)
[2023-01-17T10:19:11.692]Completed Shot 4, state 19
8284.770734 seconds (5.46 G allocations: 13.719 TiB, 12.21% gc time)
8306.049975 seconds (5.48 G allocations: 13.759 TiB, 12.20% gc time)
8319.794355 seconds (5.49 G allocations: 13.783 TiB, 12.20% gc time)
8320.325269 seconds (5.49 G allocations: 13.784 TiB, 12.20% gc time)
8320.802376 seconds (5.49 G allocations: 13.785 TiB, 12.20% gc time)
8325.190925 seconds (5.49 G allocations: 13.793 TiB, 12.19% gc time)
8326.711598 seconds (5.49 G allocations: 13.796 TiB, 12.19% gc time)
8331.019786 seconds (5.49 G allocations: 13.802 TiB, 12.20% gc time)
8332.917505 seconds (5.50 G allocations: 13.805 TiB, 12.20% gc time)
8336.357510 seconds (5.50 G allocations: 13.812 TiB, 12.20% gc time)
8336.820654 seconds (5.50 G allocations: 13.813 TiB, 12.20% gc time)
8337.159746 seconds (5.50 G allocations: 13.814 TiB, 12.20% gc time)
8339.504696 seconds (5.50 G allocations: 13.819 TiB, 12.19% gc time)
8340.333545 seconds (5.50 G allocations: 13.820 TiB, 12.19% gc time)
8341.476793 seconds (5.50 G allocations: 13.823 TiB, 12.19% gc time)
8348.680919 seconds (5.51 G allocations: 13.833 TiB, 12.20% gc time)
8351.690587 seconds (5.51 G allocations: 13.839 TiB, 12.20% gc time)
8351.740879 seconds (5.51 G allocations: 13.839 TiB, 12.20% gc time)
8353.488483 seconds (5.51 G allocations: 13.843 TiB, 12.20% gc time)
8357.127729 seconds (5.51 G allocations: 13.850 TiB, 12.19% gc time)
8357.227095 seconds (5.51 G allocations: 13.850 TiB, 12.19% gc time)
8367.545312 seconds (5.52 G allocations: 13.866 TiB, 12.20% gc time)
8367.958489 seconds (5.52 G allocations: 13.867 TiB, 12.20% gc time)
8368.719858 seconds (5.52 G allocations: 13.868 TiB, 12.20% gc time)
8368.965642 seconds (5.52 G allocations: 13.869 TiB, 12.20% gc time)
8370.020045 seconds (5.52 G allocations: 13.871 TiB, 12.20% gc time)
8370.521008 seconds (5.52 G allocations: 13.872 TiB, 12.20% gc time)
8371.090758 seconds (5.52 G allocations: 13.873 TiB, 12.20% gc time)
8373.483416 seconds (5.52 G allocations: 13.878 TiB, 12.20% gc time)
8373.514115 seconds (5.52 G allocations: 13.878 TiB, 12.20% gc time)
8374.062224 seconds (5.53 G allocations: 13.879 TiB, 12.20% gc time)
8374.125071 seconds (5.53 G allocations: 13.879 TiB, 12.20% gc time)
  Activating project at `/gpfs/bwfor/work/ws/hd_ku269-light_cones/WorkingFolder`
8374.617382 seconds (5.53 G allocations: 13.880 TiB, 12.19% gc time)
8374.618785 seconds (5.53 G allocations: 13.880 TiB, 12.19% gc time)
8378.005276 seconds (5.53 G allocations: 13.884 TiB, 12.21% gc time)
8378.900772 seconds (5.53 G allocations: 13.885 TiB, 12.21% gc time)
8380.771907 seconds (5.53 G allocations: 13.889 TiB, 12.20% gc time)
8381.808499 seconds (5.53 G allocations: 13.891 TiB, 12.20% gc time)
8382.432779 seconds (5.53 G allocations: 13.892 TiB, 12.20% gc time)
8385.272016 seconds (5.53 G allocations: 13.898 TiB, 12.20% gc time)
8386.301025 seconds (5.53 G allocations: 13.900 TiB, 12.20% gc time)
8394.165797 seconds (5.54 G allocations: 13.912 TiB, 12.20% gc time)
8396.606202 seconds (5.54 G allocations: 13.917 TiB, 12.20% gc time)
8399.097322 seconds (5.54 G allocations: 13.921 TiB, 12.20% gc time)
8399.641641 seconds (5.54 G allocations: 13.923 TiB, 12.20% gc time)
8408.243664 seconds (5.55 G allocations: 13.935 TiB, 12.21% gc time)
8413.943925 seconds (5.55 G allocations: 13.947 TiB, 12.20% gc time)
8419.732809 seconds (5.56 G allocations: 13.958 TiB, 12.19% gc time)
8425.946987 seconds (5.56 G allocations: 13.967 TiB, 12.20% gc time)
8430.974848 seconds (5.56 G allocations: 13.977 TiB, 12.20% gc time)
8022.545041 seconds (5.51 G allocations: 13.833 TiB, 12.51% gc time)
[2023-01-17T14:51:18.542]Diagonalized H.
8020.594069 seconds (5.50 G allocations: 13.825 TiB, 12.50% gc time)
8038.746376 seconds (5.51 G allocations: 13.857 TiB, 12.49% gc time)
[2023-01-17T14:52:01.316]Diagonalized H.
[2023-01-17T14:52:01.361]Diagonalized H.
8015.331258 seconds (5.49 G allocations: 13.801 TiB, 12.51% gc time)
8035.878420 seconds (5.51 G allocations: 13.839 TiB, 12.51% gc time)
8058.037928 seconds (5.52 G allocations: 13.881 TiB, 12.49% gc time)
 70.742745 seconds (42.40 M allocations: 114.215 GiB, 9.33% gc time)
[2023-01-17T14:52:09.756]Completed Shot 5, state 26
8073.330661 seconds (5.53 G allocations: 13.907 TiB, 12.49% gc time)
8053.672974 seconds (5.52 G allocations: 13.871 TiB, 12.50% gc time)
8025.400344 seconds (5.50 G allocations: 13.821 TiB, 12.50% gc time)
8047.585004 seconds (5.51 G allocations: 13.861 TiB, 12.49% gc time)
8063.837647 seconds (5.52 G allocations: 13.887 TiB, 12.48% gc time)
8042.248636 seconds (5.51 G allocations: 13.850 TiB, 12.47% gc time)
8023.829780 seconds (5.50 G allocations: 13.818 TiB, 12.47% gc time)
8018.519703 seconds (5.49 G allocations: 13.806 TiB, 12.48% gc time)
[2023-01-17T14:52:24.379]Diagonalized H.
[2023-01-17T14:52:33.741]Diagonalized H.
[2023-01-17T14:52:33.742]Diagonalized H.
[2023-01-17T14:52:33.742]Diagonalized H.
[2023-01-17T14:52:33.744]Diagonalized H.
[2023-01-17T14:52:33.744]Diagonalized H.
[2023-01-17T14:52:33.747]Diagonalized H.
[2023-01-17T14:52:33.770]Diagonalized H.
[2023-01-17T14:52:33.778]Diagonalized H.
[2023-01-17T14:52:33.794]Diagonalized H.
[2023-01-17T14:52:33.798]Diagonalized H.
8062.897931 seconds (5.52 G allocations: 13.872 TiB, 12.50% gc time)
[2023-01-17T14:52:55.234]Diagonalized H.
 70.408876 seconds (16.95 M allocations: 64.320 GiB, 6.99% gc time)
[2023-01-17T14:53:01.652]Completed Shot 5, state 4
 76.442410 seconds (21.45 M allocations: 76.007 GiB, 6.44% gc time)
[2023-01-17T14:53:01.652]Completed Shot 5, state 47
 46.201884 seconds (1.33 M allocations: 23.950 GiB)
[2023-01-17T14:53:20.303]Completed Shot 5, state 48
 71.107753 seconds (8.92 M allocations: 49.742 GiB, 3.75% gc time)
[2023-01-17T14:53:22.187]Completed Shot 5, state 43
8084.772029 seconds (5.50 G allocations: 13.849 TiB, 12.41% gc time)
[2023-01-17T14:53:36.407]Diagonalized H.
 83.353836 seconds (8.72 M allocations: 50.916 GiB, 4.61% gc time)
[2023-01-17T14:53:39.454]Completed Shot 5, state 6
 79.026797 seconds (6.34 M allocations: 44.401 GiB, 4.86% gc time)
[2023-01-17T14:53:39.752]Completed Shot 5, state 23
 77.348315 seconds (5.43 M allocations: 41.739 GiB, 4.97% gc time)
[2023-01-17T14:53:40.422]Completed Shot 5, state 49
 95.894164 seconds (16.16 M allocations: 73.892 GiB, 4.01% gc time)
[2023-01-17T14:53:40.630]Completed Shot 5, state 16
 86.306582 seconds (10.15 M allocations: 55.627 GiB, 4.45% gc time)
[2023-01-17T14:53:40.631]Completed Shot 5, state 25
8115.454020 seconds (5.51 G allocations: 13.883 TiB, 12.41% gc time)
 91.209269 seconds (12.94 M allocations: 63.539 GiB, 4.21% gc time)
[2023-01-17T14:53:40.740]Completed Shot 5, state 41
8118.230285 seconds (5.51 G allocations: 13.888 TiB, 12.40% gc time)
8138.919812 seconds (5.53 G allocations: 13.926 TiB, 12.39% gc time)
8096.112577 seconds (5.50 G allocations: 13.849 TiB, 12.40% gc time)
8137.592765 seconds (5.53 G allocations: 13.920 TiB, 12.40% gc time)
8156.960647 seconds (5.54 G allocations: 13.953 TiB, 12.39% gc time)
8116.075892 seconds (5.51 G allocations: 13.878 TiB, 12.37% gc time)
 94.323091 seconds (13.65 M allocations: 66.052 GiB, 4.08% gc time)
[2023-01-17T14:53:58.024]Completed Shot 5, state 42
[2023-01-17T14:53:58.795]Diagonalized H.
115.361820 seconds (25.73 M allocations: 102.296 GiB, 3.33% gc time)
[2023-01-17T14:53:59.518]Completed Shot 5, state 27
[2023-01-17T14:54:00.163]Diagonalized H.
109.301109 seconds (21.68 M allocations: 90.082 GiB, 3.52% gc time)
[2023-01-17T14:54:01.382]Completed Shot 5, state 18
8107.587532 seconds (5.50 G allocations: 13.864 TiB, 12.37% gc time)
 99.134944 seconds (16.25 M allocations: 75.034 GiB, 3.88% gc time)
[2023-01-17T14:54:01.759]Completed Shot 5, state 5
8116.992288 seconds (5.51 G allocations: 13.880 TiB, 12.37% gc time)
8121.449186 seconds (5.51 G allocations: 13.889 TiB, 12.37% gc time)
8140.604174 seconds (5.52 G allocations: 13.922 TiB, 12.37% gc time)
[2023-01-17T14:54:04.589]Diagonalized H.
[2023-01-17T14:54:05.364]Diagonalized H.
8119.136950 seconds (5.51 G allocations: 13.883 TiB, 12.37% gc time)
[2023-01-17T14:54:08.642]Diagonalized H.
8125.995982 seconds (5.51 G allocations: 13.893 TiB, 12.36% gc time)
[2023-01-17T14:54:09.274]Diagonalized H.
 44.091153 seconds (15.72 M allocations: 51.140 GiB, 2.67% gc time)
[2023-01-17T14:54:09.280]Completed Shot 5, state 24
[2023-01-17T14:54:13.892]Diagonalized H.
[2023-01-17T14:54:25.442]Diagonalized H.
[2023-01-17T14:54:30.941]Diagonalized H.
[2023-01-17T14:54:32.318]Diagonalized H.
 53.503092 seconds (13.48 M allocations: 55.469 GiB)
[2023-01-17T14:54:35.438]Completed Shot 5, state 30
 55.430814 seconds (13.76 M allocations: 56.950 GiB)
[2023-01-17T14:54:37.050]Completed Shot 5, state 46
8131.286982 seconds (5.50 G allocations: 13.871 TiB, 12.31% gc time)
[2023-01-17T14:54:38.328]Diagonalized H.
[2023-01-17T14:54:38.812]Diagonalized H.
[2023-01-17T14:54:39.047]Diagonalized H.
 70.485011 seconds (14.17 M allocations: 65.740 GiB)
[2023-01-17T14:54:52.127]Completed Shot 5, state 38
 74.011018 seconds (14.61 M allocations: 68.848 GiB)
[2023-01-17T14:54:54.650]Completed Shot 5, state 19
 65.667997 seconds (10.78 M allocations: 57.033 GiB)
[2023-01-17T14:54:54.650]Completed Shot 5, state 21
 69.001522 seconds (12.31 M allocations: 61.341 GiB)
[2023-01-17T14:54:54.650]Completed Shot 5, state 50
[2023-01-17T14:55:01.515]Diagonalized H.
 60.095767 seconds (4.47 M allocations: 39.407 GiB)
[2023-01-17T14:55:01.816]Completed Shot 5, state 14
 67.177831 seconds (7.45 M allocations: 49.452 GiB)
[2023-01-17T14:55:03.923]Completed Shot 5, state 37
8196.148327 seconds (5.52 G allocations: 13.931 TiB, 12.33% gc time)
[2023-01-17T14:55:24.753]Diagonalized H.
 82.202385 seconds (4.34 M allocations: 40.022 GiB, 8.64% gc time)
[2023-01-17T14:55:26.244]Completed Shot 5, state 22
8182.325172 seconds (5.50 G allocations: 13.879 TiB, 12.34% gc time)
8205.391752 seconds (5.51 G allocations: 13.918 TiB, 12.33% gc time)
[2023-01-17T14:55:41.606]Diagonalized H.
[2023-01-17T14:55:48.977]Diagonalized H.
124.625817 seconds (4.05 M allocations: 44.240 GiB, 10.40% gc time)
[2023-01-17T14:56:10.081]Completed Shot 5, state 7
130.245821 seconds (5.33 M allocations: 48.930 GiB, 9.98% gc time)
[2023-01-17T14:56:12.997]Completed Shot 5, state 31
8281.419733 seconds (5.54 G allocations: 13.987 TiB, 12.34% gc time)
126.235650 seconds (3.54 M allocations: 43.266 GiB, 10.63% gc time)
[2023-01-17T14:56:15.019]Completed Shot 5, state 32
8253.542800 seconds (5.52 G allocations: 13.937 TiB, 12.33% gc time)
[2023-01-17T14:56:21.526]Diagonalized H.
[2023-01-17T14:56:29.740]Diagonalized H.
165.875761 seconds (5.57 M allocations: 54.088 GiB, 10.81% gc time)
[2023-01-17T14:56:49.540]Completed Shot 5, state 3
8319.839333 seconds (5.54 G allocations: 13.991 TiB, 12.34% gc time)
8265.342696 seconds (5.50 G allocations: 13.898 TiB, 12.33% gc time)
[2023-01-17T14:57:00.430]Diagonalized H.
[2023-01-17T14:57:07.586]Diagonalized H.
171.201894 seconds (3.20 M allocations: 36.648 GiB, 12.97% gc time)
[2023-01-17T14:57:28.353]Completed Shot 5, state 45
8322.644639 seconds (5.51 G allocations: 13.939 TiB, 12.33% gc time)
134.317793 seconds (2.10 M allocations: 22.190 GiB, 12.06% gc time)
[2023-01-17T14:57:30.123]Completed Shot 5, state 44
8320.320357 seconds (5.51 G allocations: 13.934 TiB, 12.32% gc time)
[2023-01-17T14:57:37.503]Diagonalized H.
[2023-01-17T14:57:44.937]Diagonalized H.
146.922573 seconds (1.50 M allocations: 21.747 GiB, 11.66% gc time)
[2023-01-17T14:58:02.015]Completed Shot 5, state 10
148.355222 seconds (1.56 M allocations: 22.083 GiB, 11.74% gc time)
[2023-01-17T14:58:02.016]Completed Shot 5, state 2
118.837683 seconds (1.47 M allocations: 19.080 GiB, 11.15% gc time)
[2023-01-17T14:58:12.286]Completed Shot 5, state 11
118.549892 seconds (1.45 M allocations: 18.866 GiB, 11.12% gc time)
[2023-01-17T14:58:13.807]Completed Shot 5, state 8
8363.902030 seconds (5.51 G allocations: 13.939 TiB, 12.31% gc time)
[2023-01-17T14:58:23.599]Diagonalized H.
8379.812316 seconds (5.52 G allocations: 13.952 TiB, 12.31% gc time)
 92.910008 seconds (2.08 M allocations: 17.016 GiB, 9.60% gc time)
[2023-01-17T14:58:25.923]Completed Shot 5, state 28
 92.524452 seconds (2.09 M allocations: 18.045 GiB, 9.32% gc time)
[2023-01-17T14:58:26.168]Completed Shot 5, state 13
 57.000256 seconds (2.26 M allocations: 14.242 GiB, 7.71% gc time)
[2023-01-17T14:58:27.918]Completed Shot 5, state 15
 59.639601 seconds (2.46 M allocations: 15.100 GiB, 7.87% gc time)
[2023-01-17T14:58:28.603]Completed Shot 5, state 29
8375.540463 seconds (5.51 G allocations: 13.943 TiB, 12.29% gc time)
8375.630570 seconds (5.51 G allocations: 13.937 TiB, 12.29% gc time)
8356.992363 seconds (5.50 G allocations: 13.902 TiB, 12.28% gc time)
8351.300189 seconds (5.49 G allocations: 13.891 TiB, 12.29% gc time)
8366.293417 seconds (5.50 G allocations: 13.916 TiB, 12.29% gc time)
[2023-01-17T14:58:39.296]Diagonalized H.
8381.766186 seconds (5.51 G allocations: 13.938 TiB, 12.29% gc time)
8343.401702 seconds (5.48 G allocations: 13.874 TiB, 12.28% gc time)
[2023-01-17T14:58:42.528]Diagonalized H.
[2023-01-17T14:58:42.950]Diagonalized H.
[2023-01-17T14:58:43.126]Diagonalized H.
[2023-01-17T14:58:43.741]Diagonalized H.
[2023-01-17T14:58:43.796]Diagonalized H.
 28.547925 seconds (2.89 M allocations: 18.406 GiB, 1.07% gc time)
[2023-01-17T14:58:44.915]Completed Shot 5, state 1
[2023-01-17T14:59:01.539]Diagonalized H.
 30.323181 seconds (1.43 M allocations: 17.989 GiB)
[2023-01-17T14:59:02.921]Completed Shot 5, state 12
[2023-01-17T14:59:09.831]Diagonalized H.
 44.876318 seconds (2.97 M allocations: 26.443 GiB)
[2023-01-17T14:59:09.899]Completed Shot 5, state 20
 34.316107 seconds (1.14 M allocations: 19.565 GiB)
[2023-01-17T14:59:11.249]Completed Shot 5, state 35
 35.174447 seconds (1.16 M allocations: 20.773 GiB)
[2023-01-17T14:59:12.116]Completed Shot 5, state 40
 46.226783 seconds (2.32 M allocations: 25.128 GiB)
[2023-01-17T14:59:15.273]Completed Shot 5, state 36
8376.882018 seconds (5.48 G allocations: 13.883 TiB, 12.23% gc time)
 44.755966 seconds (1.49 M allocations: 22.722 GiB)
[2023-01-17T14:59:21.844]Completed Shot 5, state 34
8393.108888 seconds (5.49 G allocations: 13.902 TiB, 12.23% gc time)
 45.327722 seconds (1.29 M allocations: 22.064 GiB)
[2023-01-17T14:59:25.090]Completed Shot 5, state 17
[2023-01-17T14:59:27.038]Diagonalized H.
 50.229567 seconds (1.22 M allocations: 22.242 GiB)
[2023-01-17T14:59:31.273]Completed Shot 5, state 9
[2023-01-17T14:59:33.125]Diagonalized H.
 38.648610 seconds (260.50 k allocations: 6.028 GiB)
[2023-01-17T14:59:58.203]Completed Shot 5, state 39
 36.117755 seconds (130.72 k allocations: 5.290 GiB)
[2023-01-17T15:00:00.657]Completed Shot 5, state 33
[2023-01-17T15:00:00.657]**********Simulation completed!**********
[2023-01-17T15:00:00.657]**********Saving**********
[2023-01-17T15:00:04.578]Saving file: /gpfs/bwfor/work/ws/hd_ku269-logs/LightCones/2023-01-16/512650_N11_BS.jld2
[2023-01-17T15:00:06.069]**********Run completed!**********
============================= JOB FEEDBACK =============================
Job ID: 512650
Cluster: helix
User/Group: hd_ku269/hd_hd
State: COMPLETED (exit code 0)
Nodes: 1
Cores per node: 64
CPU Utilized: 60-12:34:52
CPU Efficiency: 86.92% of 69-15:05:36 core-walltime
Job Wall-clock time: 1-02:06:39
Memory Utilized: 155.09 GB
Memory Efficiency: 65.72% of 236.00 GB
