Added MKL.jl
Project LightCones v0.1.0
Status `/gpfs/bwfor/work/ws/hd_ku269-light_cones/WorkingFolder/Project.toml`
⌃ [7d9fca2a] Arpack v0.5.3
⌃ [7073ff75] IJulia v1.23.3
⌃ [033835bb] JLD2 v0.4.25
  [0b1a1467] KrylovKit v0.6.0
  [d3d80556] LineSearches v7.2.0
  [33e6dc65] MKL v0.6.0
⌃ [429524aa] Optim v1.7.3
⌃ [91a5bcdd] Plots v1.35.5
⌃ [c3e4b0f8] Pluto v0.19.14
  [3c0b384b] QuantumInformation v0.4.9
  [189a3867] Reexport v1.2.2
⌃ [295af30f] Revise v3.4.0
  [ebcc8a00] SpinSymmetry v0.3.3
  [59d54670] ThreadedSparseArrays v0.2.2
  [ade2ca70] Dates
  [8ba89e20] Distributed
  [37e2e46d] LinearAlgebra
  [de0858da] Printf
  [9a3f8284] Random
  [1a1011a3] SharedArrays
  [2f01184e] SparseArrays
  [10745b16] Statistics
Info Packages marked with ⌃ have new versions available and may be upgradable.
[2023-01-09T10:10:21.636]**********RANDOM FIELDS**********
shared_krylov.jl
Working Directory:          /gpfs/bwfor/work/ws/hd_ku269-light_cones/WorkingFolder
SLURM Directory:            /gpfs/bwfor/work/ws/hd_ku269-light_cones/WorkingFolder 
Running on host:            m10n04
Job id:                     468907
Job name:                   otoc_simulation_N11_TR_FIDONLY
Number of nodes allocated:  
Number of cores allocated:  1
#threads of Julia:          64
#threads of BLAS:           1
ARGS = ["11", "10", "50", "BS", "x", "9", "100", "WAHUHA"]
LOCATION = "/gpfs/bwfor/work/ws/hd_ku269-logs/LightCones/2023-01-09"
N = 11
SHOTS = 10
MULT_RANDOM_STATES = true
N_RANDOM_STATES = 50
TYPE_OF_RS = "BS"
OBSERVABLE = "x"
DISORDER_PARAM = 9.0
[2023-01-09T10:10:21.799]**********Running simulation**********
[2023-01-09T10:10:21.849]trange = 0.1:0.1:20.0
[2023-01-09T10:10:22.149]A = σx
[2023-01-09T10:10:22.543]alpha=6
[2023-01-09T10:10:22.543]PBC
4[2023-01-09T10:10:24.812]Operations set up.
Using multiple states.
4323.182578 seconds (3.28 G allocations: 8.061 TiB, 15.68% gc time, 0.04% compilation time)
[2023-01-09T11:22:42.083]Completed Shot 1, state 15
4328.799239 seconds (3.29 G allocations: 8.073 TiB, 15.70% gc time, 0.03% compilation time)
[2023-01-09T11:22:47.815]Completed Shot 1, state 39
4332.526854 seconds (3.29 G allocations: 8.084 TiB, 15.68% gc time, 0.04% compilation time)
[2023-01-09T11:22:51.392]Completed Shot 1, state 40
4332.608416 seconds (3.29 G allocations: 8.084 TiB, 15.68% gc time, 0.03% compilation time)
[2023-01-09T11:22:51.640]Completed Shot 1, state 11
4333.003914 seconds (3.29 G allocations: 8.085 TiB, 15.68% gc time, 0.03% compilation time)
[2023-01-09T11:22:52.050]Completed Shot 1, state 38
4336.147053 seconds (3.30 G allocations: 8.089 TiB, 15.71% gc time, 0.04% compilation time)
[2023-01-09T11:22:55.108]Completed Shot 1, state 23
4336.993860 seconds (3.30 G allocations: 8.092 TiB, 15.71% gc time, 0.04% compilation time)
[2023-01-09T11:22:55.874]Completed Shot 1, state 16
4337.471814 seconds (3.30 G allocations: 8.093 TiB, 15.71% gc time, 0.04% compilation time)
[2023-01-09T11:22:56.337]Completed Shot 1, state 47
4341.963268 seconds (3.30 G allocations: 8.094 TiB, 15.69% gc time, 0.14% compilation time)
[2023-01-09T11:22:56.577]Completed Shot 1, state 13
4338.854797 seconds (3.30 G allocations: 8.098 TiB, 15.70% gc time, 0.04% compilation time)
[2023-01-09T11:22:57.721]Completed Shot 1, state 50
4339.114568 seconds (3.30 G allocations: 8.099 TiB, 15.70% gc time, 0.04% compilation time)
[2023-01-09T11:22:58.075]Completed Shot 1, state 41
4339.373482 seconds (3.30 G allocations: 8.099 TiB, 15.70% gc time, 0.04% compilation time)
[2023-01-09T11:22:58.241]Completed Shot 1, state 5
4339.519332 seconds (3.30 G allocations: 8.100 TiB, 15.70% gc time, 0.03% compilation time)
[2023-01-09T11:22:58.555]Completed Shot 1, state 9
4339.823976 seconds (3.30 G allocations: 8.101 TiB, 15.70% gc time, 0.04% compilation time)
[2023-01-09T11:22:58.784]Completed Shot 1, state 18
4346.076017 seconds (3.30 G allocations: 8.103 TiB, 15.70% gc time, 0.14% compilation time)
[2023-01-09T11:23:00.665]Completed Shot 1, state 26
4342.083293 seconds (3.30 G allocations: 8.104 TiB, 15.72% gc time, 0.04% compilation time)
[2023-01-09T11:23:00.948]Completed Shot 1, state 24
4342.195013 seconds (3.30 G allocations: 8.105 TiB, 15.72% gc time, 0.03% compilation time)
[2023-01-09T11:23:01.245]Completed Shot 1, state 8
4342.471310 seconds (3.30 G allocations: 8.105 TiB, 15.71% gc time, 0.04% compilation time)
[2023-01-09T11:23:01.432]Completed Shot 1, state 31
4347.145483 seconds (3.30 G allocations: 8.106 TiB, 15.70% gc time, 0.14% compilation time)
[2023-01-09T11:23:01.735]Completed Shot 1, state 14
4342.799404 seconds (3.30 G allocations: 8.106 TiB, 15.71% gc time, 0.04% compilation time)
[2023-01-09T11:23:01.772]Completed Shot 1, state 19
4342.995454 seconds (3.30 G allocations: 8.107 TiB, 15.71% gc time, 0.03% compilation time)
[2023-01-09T11:23:02.040]Completed Shot 1, state 35
4343.181883 seconds (3.30 G allocations: 8.107 TiB, 15.71% gc time, 0.04% compilation time)
[2023-01-09T11:23:02.143]Completed Shot 1, state 29
4343.119275 seconds (3.30 G allocations: 8.107 TiB, 15.71% gc time, 0.03% compilation time)
[2023-01-09T11:23:02.144]Completed Shot 1, state 20
4347.675227 seconds (3.31 G allocations: 8.108 TiB, 15.70% gc time, 0.14% compilation time)
[2023-01-09T11:23:02.264]Completed Shot 1, state 45
4343.565022 seconds (3.30 G allocations: 8.108 TiB, 15.71% gc time, 0.04% compilation time)
[2023-01-09T11:23:02.537]Completed Shot 1, state 6
4343.593911 seconds (3.30 G allocations: 8.109 TiB, 15.71% gc time, 0.03% compilation time)
[2023-01-09T11:23:02.642]Completed Shot 1, state 25
4344.110251 seconds (3.31 G allocations: 8.110 TiB, 15.71% gc time, 0.03% compilation time)
[2023-01-09T11:23:03.152]Completed Shot 1, state 36
4344.770332 seconds (3.31 G allocations: 8.112 TiB, 15.71% gc time, 0.04% compilation time)
[2023-01-09T11:23:03.635]Completed Shot 1, state 30
4344.985895 seconds (3.31 G allocations: 8.112 TiB, 15.71% gc time, 0.03% compilation time)
[2023-01-09T11:23:04.029]Completed Shot 1, state 42
4345.251659 seconds (3.31 G allocations: 8.113 TiB, 15.70% gc time, 0.04% compilation time)
[2023-01-09T11:23:04.117]Completed Shot 1, state 3
4346.508781 seconds (3.31 G allocations: 8.114 TiB, 15.72% gc time, 0.04% compilation time)
[2023-01-09T11:23:05.373]Completed Shot 1, state 12
4346.438382 seconds (3.31 G allocations: 8.114 TiB, 15.72% gc time, 0.03% compilation time)
[2023-01-09T11:23:05.473]Completed Shot 1, state 21
4351.303197 seconds (3.31 G allocations: 8.115 TiB, 15.70% gc time, 0.14% compilation time)
[2023-01-09T11:23:05.917]Completed Shot 1, state 2
4351.358626 seconds (3.31 G allocations: 8.115 TiB, 15.70% gc time, 0.14% compilation time)
[2023-01-09T11:23:05.972]Completed Shot 1, state 44
4347.075663 seconds (3.31 G allocations: 8.115 TiB, 15.72% gc time, 0.03% compilation time)
[2023-01-09T11:23:06.087]Completed Shot 1, state 17
4347.265115 seconds (3.31 G allocations: 8.115 TiB, 15.71% gc time, 0.04% compilation time)
[2023-01-09T11:23:06.134]Completed Shot 1, state 28
4347.696417 seconds (3.31 G allocations: 8.116 TiB, 15.71% gc time, 0.03% compilation time)
[2023-01-09T11:23:06.712]Completed Shot 1, state 46
4348.107707 seconds (3.31 G allocations: 8.116 TiB, 15.71% gc time, 0.04% compilation time)
[2023-01-09T11:23:06.974]Completed Shot 1, state 10
4348.107974 seconds (3.31 G allocations: 8.116 TiB, 15.71% gc time, 0.04% compilation time)
[2023-01-09T11:23:07.080]Completed Shot 1, state 4
4348.741633 seconds (3.31 G allocations: 8.117 TiB, 15.71% gc time, 0.04% compilation time)
[2023-01-09T11:23:07.606]Completed Shot 1, state 27
4349.138297 seconds (3.31 G allocations: 8.118 TiB, 15.71% gc time, 0.04% compilation time)
[2023-01-09T11:23:07.922]Completed Shot 1, state 22
4353.333481 seconds (3.31 G allocations: 8.118 TiB, 15.69% gc time, 0.14% compilation time)
[2023-01-09T11:23:07.922]Completed Shot 1, state 1
4349.278773 seconds (3.31 G allocations: 8.118 TiB, 15.71% gc time, 0.04% compilation time)
[2023-01-09T11:23:08.143]Completed Shot 1, state 32
4349.347101 seconds (3.31 G allocations: 8.118 TiB, 15.71% gc time, 0.04% compilation time)
[2023-01-09T11:23:08.213]Completed Shot 1, state 7
4349.304868 seconds (3.31 G allocations: 8.118 TiB, 15.71% gc time, 0.04% compilation time)
[2023-01-09T11:23:08.265]Completed Shot 1, state 33
4349.401788 seconds (3.31 G allocations: 8.118 TiB, 15.71% gc time, 0.04% compilation time)
[2023-01-09T11:23:08.266]Completed Shot 1, state 43
4354.430996 seconds (3.31 G allocations: 8.118 TiB, 15.69% gc time, 0.14% compilation time)
[2023-01-09T11:23:09.020]Completed Shot 1, state 49
4350.592359 seconds (3.31 G allocations: 8.118 TiB, 15.71% gc time, 0.04% compilation time)
[2023-01-09T11:23:09.552]Completed Shot 1, state 37
4351.275152 seconds (3.31 G allocations: 8.119 TiB, 15.70% gc time, 0.04% compilation time)
[2023-01-09T11:23:10.236]Completed Shot 1, state 34
4354.284786 seconds (3.31 G allocations: 8.119 TiB, 15.69% gc time, 0.03% compilation time)
[2023-01-09T11:23:13.328]Completed Shot 1, state 48
4014.415650 seconds (2.86 G allocations: 7.082 TiB, 14.14% gc time)
[2023-01-09T12:30:07.748]Completed Shot 2, state 26
4019.861060 seconds (2.86 G allocations: 7.092 TiB, 14.15% gc time)
[2023-01-09T12:30:13.194]Completed Shot 2, state 43
4021.653788 seconds (2.86 G allocations: 7.097 TiB, 14.15% gc time)
[2023-01-09T12:30:14.986]Completed Shot 2, state 25
4027.621302 seconds (2.87 G allocations: 7.109 TiB, 14.16% gc time)
[2023-01-09T12:30:20.954]Completed Shot 2, state 33
4029.434288 seconds (2.87 G allocations: 7.113 TiB, 14.15% gc time)
[2023-01-09T12:30:22.766]Completed Shot 2, state 22
4029.530626 seconds (2.87 G allocations: 7.114 TiB, 14.15% gc time)
[2023-01-09T12:30:22.864]Completed Shot 2, state 34
4029.826832 seconds (2.87 G allocations: 7.115 TiB, 14.15% gc time)
[2023-01-09T12:30:23.158]Completed Shot 2, state 14
4030.413344 seconds (2.87 G allocations: 7.116 TiB, 14.15% gc time)
[2023-01-09T12:30:23.744]Completed Shot 2, state 5
4030.728880 seconds (2.87 G allocations: 7.117 TiB, 14.15% gc time)
[2023-01-09T12:30:24.062]Completed Shot 2, state 38
4030.876811 seconds (2.87 G allocations: 7.117 TiB, 14.14% gc time)
[2023-01-09T12:30:24.208]Completed Shot 2, state 16
4031.017684 seconds (2.87 G allocations: 7.118 TiB, 14.14% gc time)
[2023-01-09T12:30:24.350]Completed Shot 2, state 30
4033.235762 seconds (2.87 G allocations: 7.120 TiB, 14.16% gc time)
[2023-01-09T12:30:26.568]Completed Shot 2, state 37
4034.238525 seconds (2.87 G allocations: 7.122 TiB, 14.16% gc time)
[2023-01-09T12:30:27.569]Completed Shot 2, state 13
4034.583317 seconds (2.87 G allocations: 7.124 TiB, 14.16% gc time)
[2023-01-09T12:30:27.916]Completed Shot 2, state 46
4034.723460 seconds (2.87 G allocations: 7.124 TiB, 14.16% gc time)
[2023-01-09T12:30:28.054]Completed Shot 2, state 12
4035.006522 seconds (2.87 G allocations: 7.125 TiB, 14.16% gc time)
[2023-01-09T12:30:28.338]Completed Shot 2, state 20
4035.160164 seconds (2.87 G allocations: 7.125 TiB, 14.16% gc time)
[2023-01-09T12:30:28.493]Completed Shot 2, state 42
4035.180694 seconds (2.87 G allocations: 7.125 TiB, 14.16% gc time)
[2023-01-09T12:30:28.513]Completed Shot 2, state 28
4036.353086 seconds (2.88 G allocations: 7.128 TiB, 14.15% gc time)
[2023-01-09T12:30:29.684]Completed Shot 2, state 15
4036.524806 seconds (2.88 G allocations: 7.128 TiB, 14.15% gc time)
[2023-01-09T12:30:29.855]Completed Shot 2, state 4
4036.689782 seconds (2.88 G allocations: 7.129 TiB, 14.15% gc time)
[2023-01-09T12:30:30.020]Completed Shot 2, state 3
4038.155137 seconds (2.88 G allocations: 7.130 TiB, 14.16% gc time)
[2023-01-09T12:30:31.487]Completed Shot 2, state 24
4038.550158 seconds (2.88 G allocations: 7.131 TiB, 14.16% gc time)
[2023-01-09T12:30:31.883]Completed Shot 2, state 45
4038.667255 seconds (2.88 G allocations: 7.132 TiB, 14.16% gc time)
[2023-01-09T12:30:32]Completed Shot 2, state 32
4039.560979 seconds (2.88 G allocations: 7.134 TiB, 14.16% gc time)
[2023-01-09T12:30:32.894]Completed Shot 2, state 39
4039.632331 seconds (2.88 G allocations: 7.134 TiB, 14.16% gc time)
[2023-01-09T12:30:32.965]Completed Shot 2, state 40
4039.718367 seconds (2.88 G allocations: 7.134 TiB, 14.16% gc time)
[2023-01-09T12:30:33.050]Completed Shot 2, state 19
4039.948185 seconds (2.88 G allocations: 7.135 TiB, 14.16% gc time)
[2023-01-09T12:30:33.280]Completed Shot 2, state 29
4040.073966 seconds (2.88 G allocations: 7.135 TiB, 14.16% gc time)
[2023-01-09T12:30:33.404]Completed Shot 2, state 6
4040.522167 seconds (2.88 G allocations: 7.136 TiB, 14.16% gc time)
[2023-01-09T12:30:33.855]Completed Shot 2, state 36
4040.737013 seconds (2.88 G allocations: 7.136 TiB, 14.15% gc time)
[2023-01-09T12:30:34.070]Completed Shot 2, state 47
4041.819579 seconds (2.88 G allocations: 7.137 TiB, 14.17% gc time)
[2023-01-09T12:30:35.149]Completed Shot 2, state 2
4041.988068 seconds (2.88 G allocations: 7.137 TiB, 14.17% gc time)
[2023-01-09T12:30:35.319]Completed Shot 2, state 9
4042.636546 seconds (2.88 G allocations: 7.138 TiB, 14.16% gc time)
[2023-01-09T12:30:35.969]Completed Shot 2, state 27
4042.774134 seconds (2.88 G allocations: 7.139 TiB, 14.16% gc time)
[2023-01-09T12:30:36.107]Completed Shot 2, state 41
4043.605861 seconds (2.88 G allocations: 7.140 TiB, 14.16% gc time)
[2023-01-09T12:30:36.939]Completed Shot 2, state 44
4043.632961 seconds (2.88 G allocations: 7.140 TiB, 14.16% gc time)
[2023-01-09T12:30:36.965]Completed Shot 2, state 31
4043.959544 seconds (2.88 G allocations: 7.140 TiB, 14.16% gc time)
[2023-01-09T12:30:37.290]Completed Shot 2, state 8
4044.134866 seconds (2.88 G allocations: 7.141 TiB, 14.16% gc time)
[2023-01-09T12:30:37.466]Completed Shot 2, state 21
4044.258436 seconds (2.88 G allocations: 7.141 TiB, 14.16% gc time)
[2023-01-09T12:30:37.589]Completed Shot 2, state 11
4044.458438 seconds (2.88 G allocations: 7.141 TiB, 14.16% gc time)
[2023-01-09T12:30:37.791]Completed Shot 2, state 35
4044.740665 seconds (2.88 G allocations: 7.141 TiB, 14.16% gc time)
[2023-01-09T12:30:38.071]Completed Shot 2, state 10
4045.080260 seconds (2.88 G allocations: 7.142 TiB, 14.16% gc time)
[2023-01-09T12:30:38.410]Completed Shot 2, state 7
4045.399404 seconds (2.88 G allocations: 7.142 TiB, 14.16% gc time)
[2023-01-09T12:30:38.729]Completed Shot 2, state 1
4046.844727 seconds (2.88 G allocations: 7.143 TiB, 14.15% gc time)
[2023-01-09T12:30:40.176]Completed Shot 2, state 17
4047.395970 seconds (2.88 G allocations: 7.143 TiB, 14.15% gc time)
[2023-01-09T12:30:40.729]Completed Shot 2, state 49
4048.986982 seconds (2.88 G allocations: 7.144 TiB, 14.15% gc time)
[2023-01-09T12:30:42.319]Completed Shot 2, state 23
4049.535445 seconds (2.88 G allocations: 7.144 TiB, 14.14% gc time)
[2023-01-09T12:30:42.867]Completed Shot 2, state 18
4050.023986 seconds (2.88 G allocations: 7.144 TiB, 14.14% gc time)
[2023-01-09T12:30:43.357]Completed Shot 2, state 50
4059.729663 seconds (2.88 G allocations: 7.145 TiB, 14.11% gc time)
[2023-01-09T12:30:53.063]Completed Shot 2, state 48
3939.752736 seconds (3.20 G allocations: 7.870 TiB, 15.58% gc time)
[2023-01-09T13:36:32.818]Completed Shot 3, state 13
3939.875483 seconds (3.20 G allocations: 7.870 TiB, 15.58% gc time)
[2023-01-09T13:36:32.942]Completed Shot 3, state 42
3941.217100 seconds (3.20 G allocations: 7.874 TiB, 15.57% gc time)
[2023-01-09T13:36:34.284]Completed Shot 3, state 38
3944.797709 seconds (3.20 G allocations: 7.882 TiB, 15.59% gc time)
[2023-01-09T13:36:37.865]Completed Shot 3, state 43
3945.241490 seconds (3.20 G allocations: 7.884 TiB, 15.59% gc time)
[2023-01-09T13:36:38.308]Completed Shot 3, state 32
3945.278804 seconds (3.20 G allocations: 7.884 TiB, 15.59% gc time)
[2023-01-09T13:36:38.344]Completed Shot 3, state 3
3946.915883 seconds (3.21 G allocations: 7.889 TiB, 15.58% gc time)
[2023-01-09T13:36:39.980]Completed Shot 3, state 5
3947.405277 seconds (3.21 G allocations: 7.891 TiB, 15.58% gc time)
[2023-01-09T13:36:40.473]Completed Shot 3, state 49
3949.611886 seconds (3.21 G allocations: 7.895 TiB, 15.60% gc time)
[2023-01-09T13:36:42.678]Completed Shot 3, state 28
3950.155748 seconds (3.21 G allocations: 7.897 TiB, 15.59% gc time)
[2023-01-09T13:36:43.223]Completed Shot 3, state 33
3950.572774 seconds (3.21 G allocations: 7.898 TiB, 15.59% gc time)
[2023-01-09T13:36:43.640]Completed Shot 3, state 40
3950.894297 seconds (3.21 G allocations: 7.899 TiB, 15.59% gc time)
[2023-01-09T13:36:43.959]Completed Shot 3, state 2
3950.928569 seconds (3.21 G allocations: 7.900 TiB, 15.59% gc time)
[2023-01-09T13:36:43.995]Completed Shot 3, state 18
3951.671172 seconds (3.21 G allocations: 7.902 TiB, 15.59% gc time)
[2023-01-09T13:36:44.736]Completed Shot 3, state 14
3952.005057 seconds (3.21 G allocations: 7.903 TiB, 15.59% gc time)
[2023-01-09T13:36:45.072]Completed Shot 3, state 39
3952.296777 seconds (3.21 G allocations: 7.904 TiB, 15.59% gc time)
[2023-01-09T13:36:45.364]Completed Shot 3, state 47
3953.580963 seconds (3.21 G allocations: 7.905 TiB, 15.60% gc time)
[2023-01-09T13:36:46.648]Completed Shot 3, state 36
3953.627083 seconds (3.21 G allocations: 7.906 TiB, 15.60% gc time)
[2023-01-09T13:36:46.691]Completed Shot 3, state 6
3953.764264 seconds (3.21 G allocations: 7.906 TiB, 15.60% gc time)
[2023-01-09T13:36:46.830]Completed Shot 3, state 22
3953.793551 seconds (3.21 G allocations: 7.906 TiB, 15.60% gc time)
[2023-01-09T13:36:46.860]Completed Shot 3, state 50
3953.952320 seconds (3.21 G allocations: 7.907 TiB, 15.60% gc time)
[2023-01-09T13:36:47.017]Completed Shot 3, state 8
3953.968692 seconds (3.21 G allocations: 7.907 TiB, 15.60% gc time)
[2023-01-09T13:36:47.033]Completed Shot 3, state 4
3954.092935 seconds (3.21 G allocations: 7.907 TiB, 15.60% gc time)
[2023-01-09T13:36:47.159]Completed Shot 3, state 20
3954.328254 seconds (3.21 G allocations: 7.908 TiB, 15.60% gc time)
[2023-01-09T13:36:47.394]Completed Shot 3, state 26
3954.418556 seconds (3.21 G allocations: 7.908 TiB, 15.60% gc time)
[2023-01-09T13:36:47.485]Completed Shot 3, state 30
3954.439144 seconds (3.21 G allocations: 7.908 TiB, 15.60% gc time)
[2023-01-09T13:36:47.506]Completed Shot 3, state 37
3954.668422 seconds (3.21 G allocations: 7.908 TiB, 15.60% gc time)
[2023-01-09T13:36:47.735]Completed Shot 3, state 25
3954.886386 seconds (3.21 G allocations: 7.909 TiB, 15.60% gc time)
[2023-01-09T13:36:47.951]Completed Shot 3, state 12
3954.998585 seconds (3.21 G allocations: 7.909 TiB, 15.60% gc time)
[2023-01-09T13:36:48.064]Completed Shot 3, state 16
3955.202308 seconds (3.21 G allocations: 7.910 TiB, 15.60% gc time)
[2023-01-09T13:36:48.269]Completed Shot 3, state 29
3955.326838 seconds (3.21 G allocations: 7.910 TiB, 15.60% gc time)
[2023-01-09T13:36:48.394]Completed Shot 3, state 35
3955.351294 seconds (3.21 G allocations: 7.910 TiB, 15.60% gc time)
[2023-01-09T13:36:48.417]Completed Shot 3, state 17
3955.552414 seconds (3.21 G allocations: 7.910 TiB, 15.59% gc time)
[2023-01-09T13:36:48.617]Completed Shot 3, state 9
3955.562346 seconds (3.21 G allocations: 7.910 TiB, 15.59% gc time)
[2023-01-09T13:36:48.628]Completed Shot 3, state 23
3955.723266 seconds (3.22 G allocations: 7.911 TiB, 15.59% gc time)
[2023-01-09T13:36:48.789]Completed Shot 3, state 27
3956.479726 seconds (3.22 G allocations: 7.912 TiB, 15.60% gc time)
[2023-01-09T13:36:49.545]Completed Shot 3, state 10
3956.608957 seconds (3.22 G allocations: 7.912 TiB, 15.60% gc time)
[2023-01-09T13:36:49.676]Completed Shot 3, state 34
3957.273865 seconds (3.22 G allocations: 7.913 TiB, 15.60% gc time)
[2023-01-09T13:36:50.339]Completed Shot 3, state 11
3957.701049 seconds (3.22 G allocations: 7.914 TiB, 15.59% gc time)
[2023-01-09T13:36:50.768]Completed Shot 3, state 44
3957.794273 seconds (3.22 G allocations: 7.914 TiB, 15.59% gc time)
[2023-01-09T13:36:50.859]Completed Shot 3, state 7
3957.913711 seconds (3.22 G allocations: 7.914 TiB, 15.59% gc time)
[2023-01-09T13:36:50.979]Completed Shot 3, state 15
3958.202684 seconds (3.22 G allocations: 7.914 TiB, 15.59% gc time)
[2023-01-09T13:36:51.267]Completed Shot 3, state 1
3958.458159 seconds (3.22 G allocations: 7.915 TiB, 15.59% gc time)
[2023-01-09T13:36:51.524]Completed Shot 3, state 19
3958.832666 seconds (3.22 G allocations: 7.915 TiB, 15.60% gc time)
[2023-01-09T13:36:51.899]Completed Shot 3, state 24
3959.589129 seconds (3.22 G allocations: 7.915 TiB, 15.59% gc time)
[2023-01-09T13:36:52.655]Completed Shot 3, state 21
3959.904997 seconds (3.22 G allocations: 7.916 TiB, 15.59% gc time)
[2023-01-09T13:36:52.972]Completed Shot 3, state 48
3960.212363 seconds (3.22 G allocations: 7.916 TiB, 15.59% gc time)
[2023-01-09T13:36:53.279]Completed Shot 3, state 31
3961.131256 seconds (3.22 G allocations: 7.916 TiB, 15.59% gc time)
[2023-01-09T13:36:54.198]Completed Shot 3, state 45
3961.194386 seconds (3.22 G allocations: 7.916 TiB, 15.59% gc time)
[2023-01-09T13:36:54.261]Completed Shot 3, state 46
3965.530197 seconds (3.22 G allocations: 7.917 TiB, 15.57% gc time)
[2023-01-09T13:36:58.597]Completed Shot 3, state 41
3900.803999 seconds (3.15 G allocations: 7.763 TiB, 15.83% gc time)
[2023-01-09T14:41:59.406]Completed Shot 4, state 41
3904.243228 seconds (3.15 G allocations: 7.770 TiB, 15.85% gc time)
[2023-01-09T14:42:02.844]Completed Shot 4, state 29
3908.418098 seconds (3.16 G allocations: 7.780 TiB, 15.86% gc time)
[2023-01-09T14:42:07.017]Completed Shot 4, state 3
3908.804156 seconds (3.16 G allocations: 7.781 TiB, 15.86% gc time)
[2023-01-09T14:42:07.405]Completed Shot 4, state 24
3908.864411 seconds (3.16 G allocations: 7.781 TiB, 15.86% gc time)
[2023-01-09T14:42:07.465]Completed Shot 4, state 27
3909.224395 seconds (3.16 G allocations: 7.782 TiB, 15.85% gc time)
[2023-01-09T14:42:07.827]Completed Shot 4, state 33
3909.320337 seconds (3.16 G allocations: 7.783 TiB, 15.85% gc time)
[2023-01-09T14:42:07.922]Completed Shot 4, state 37
3909.363892 seconds (3.16 G allocations: 7.783 TiB, 15.85% gc time)
[2023-01-09T14:42:07.965]Completed Shot 4, state 31
3910.612864 seconds (3.16 G allocations: 7.787 TiB, 15.85% gc time)
[2023-01-09T14:42:09.214]Completed Shot 4, state 39
3911.047500 seconds (3.16 G allocations: 7.788 TiB, 15.85% gc time)
[2023-01-09T14:42:09.648]Completed Shot 4, state 21
3911.210385 seconds (3.16 G allocations: 7.789 TiB, 15.85% gc time)
[2023-01-09T14:42:09.812]Completed Shot 4, state 28
3911.218899 seconds (3.16 G allocations: 7.789 TiB, 15.85% gc time)
[2023-01-09T14:42:09.818]Completed Shot 4, state 7
3911.430787 seconds (3.16 G allocations: 7.789 TiB, 15.84% gc time)
[2023-01-09T14:42:10.033]Completed Shot 4, state 43
3912.421468 seconds (3.16 G allocations: 7.790 TiB, 15.86% gc time)
[2023-01-09T14:42:11.021]Completed Shot 4, state 14
3912.671345 seconds (3.16 G allocations: 7.791 TiB, 15.86% gc time)
[2023-01-09T14:42:11.270]Completed Shot 4, state 1
3912.745052 seconds (3.16 G allocations: 7.791 TiB, 15.86% gc time)
[2023-01-09T14:42:11.344]Completed Shot 4, state 2
3912.932017 seconds (3.16 G allocations: 7.792 TiB, 15.86% gc time)
[2023-01-09T14:42:11.534]Completed Shot 4, state 38
3913.575330 seconds (3.16 G allocations: 7.794 TiB, 15.86% gc time)
[2023-01-09T14:42:12.175]Completed Shot 4, state 15
3913.615159 seconds (3.16 G allocations: 7.794 TiB, 15.86% gc time)
[2023-01-09T14:42:12.215]Completed Shot 4, state 16
3914.387290 seconds (3.16 G allocations: 7.796 TiB, 15.85% gc time)
[2023-01-09T14:42:12.988]Completed Shot 4, state 25
3914.567531 seconds (3.16 G allocations: 7.797 TiB, 15.85% gc time)
[2023-01-09T14:42:13.169]Completed Shot 4, state 34
3915.734457 seconds (3.17 G allocations: 7.798 TiB, 15.86% gc time)
[2023-01-09T14:42:14.335]Completed Shot 4, state 19
3916.054091 seconds (3.17 G allocations: 7.799 TiB, 15.86% gc time)
[2023-01-09T14:42:14.654]Completed Shot 4, state 12
3917.309049 seconds (3.17 G allocations: 7.803 TiB, 15.85% gc time)
[2023-01-09T14:42:15.908]Completed Shot 4, state 9
3917.419108 seconds (3.17 G allocations: 7.803 TiB, 15.85% gc time)
[2023-01-09T14:42:16.021]Completed Shot 4, state 47
3917.486182 seconds (3.17 G allocations: 7.803 TiB, 15.85% gc time)
[2023-01-09T14:42:16.087]Completed Shot 4, state 20
3918.746446 seconds (3.17 G allocations: 7.806 TiB, 15.86% gc time)
[2023-01-09T14:42:17.348]Completed Shot 4, state 40
3918.903177 seconds (3.17 G allocations: 7.806 TiB, 15.86% gc time)
[2023-01-09T14:42:17.503]Completed Shot 4, state 10
3919.021971 seconds (3.17 G allocations: 7.807 TiB, 15.86% gc time)
[2023-01-09T14:42:17.623]Completed Shot 4, state 32
3919.048367 seconds (3.17 G allocations: 7.807 TiB, 15.86% gc time)
[2023-01-09T14:42:17.650]Completed Shot 4, state 49
3919.312531 seconds (3.17 G allocations: 7.807 TiB, 15.86% gc time)
[2023-01-09T14:42:17.914]Completed Shot 4, state 36
3919.691599 seconds (3.17 G allocations: 7.808 TiB, 15.86% gc time)
[2023-01-09T14:42:18.294]Completed Shot 4, state 50
3919.853151 seconds (3.17 G allocations: 7.809 TiB, 15.86% gc time)
[2023-01-09T14:42:18.453]Completed Shot 4, state 17
3920.379145 seconds (3.17 G allocations: 7.809 TiB, 15.86% gc time)
[2023-01-09T14:42:18.981]Completed Shot 4, state 45
3920.547194 seconds (3.17 G allocations: 7.809 TiB, 15.86% gc time)
[2023-01-09T14:42:19.148]Completed Shot 4, state 22
3920.718745 seconds (3.17 G allocations: 7.810 TiB, 15.86% gc time)
[2023-01-09T14:42:19.321]Completed Shot 4, state 42
3920.732922 seconds (3.17 G allocations: 7.810 TiB, 15.86% gc time)
[2023-01-09T14:42:19.332]Completed Shot 4, state 4
3920.747118 seconds (3.17 G allocations: 7.810 TiB, 15.86% gc time)
[2023-01-09T14:42:19.349]Completed Shot 4, state 44
3920.803773 seconds (3.17 G allocations: 7.810 TiB, 15.86% gc time)
[2023-01-09T14:42:19.403]Completed Shot 4, state 5
3920.836903 seconds (3.17 G allocations: 7.810 TiB, 15.86% gc time)
[2023-01-09T14:42:19.439]Completed Shot 4, state 48
3920.848477 seconds (3.17 G allocations: 7.810 TiB, 15.86% gc time)
[2023-01-09T14:42:19.447]Completed Shot 4, state 6
3920.944534 seconds (3.17 G allocations: 7.810 TiB, 15.86% gc time)
[2023-01-09T14:42:19.546]Completed Shot 4, state 30
3921.034622 seconds (3.17 G allocations: 7.810 TiB, 15.86% gc time)
[2023-01-09T14:42:19.635]Completed Shot 4, state 18
3921.082534 seconds (3.17 G allocations: 7.810 TiB, 15.86% gc time)
[2023-01-09T14:42:19.684]Completed Shot 4, state 35
3921.220300 seconds (3.17 G allocations: 7.810 TiB, 15.86% gc time)
[2023-01-09T14:42:19.819]Completed Shot 4, state 8
3921.293512 seconds (3.17 G allocations: 7.810 TiB, 15.86% gc time)
[2023-01-09T14:42:19.893]Completed Shot 4, state 13
3921.534169 seconds (3.17 G allocations: 7.811 TiB, 15.86% gc time)
[3921.535337 seconds (3.17 G allocations: 7.811 TiB, 15.86% gc time)
2023-01-09T14:42:20.136]Completed Shot 4, state 46
[2023-01-09T14:42:20.136]Completed Shot 4, state 26
3921.999232 seconds (3.17 G allocations: 7.811 TiB, 15.85% gc time)
[2023-01-09T14:42:20.599]Completed Shot 4, state 11
3922.037799 seconds (3.17 G allocations: 7.811 TiB, 15.85% gc time)
[2023-01-09T14:42:20.638]Completed Shot 4, state 23
3766.295173 seconds (3.04 G allocations: 7.492 TiB, 16.00% gc time)
[2023-01-09T15:45:06.939]Completed Shot 5, state 34
3768.967859 seconds (3.04 G allocations: 7.497 TiB, 16.00% gc time)
[2023-01-09T15:45:09.611]Completed Shot 5, state 42
3769.925139 seconds (3.04 G allocations: 7.499 TiB, 16.00% gc time)
[2023-01-09T15:45:10.568]Completed Shot 5, state 45
3773.640638 seconds (3.04 G allocations: 7.507 TiB, 16.00% gc time)
[2023-01-09T15:45:14.281]Completed Shot 5, state 12
3777.584196 seconds (3.05 G allocations: 7.515 TiB, 16.01% gc time)
[2023-01-09T15:45:18.227]Completed Shot 5, state 47
3777.707446 seconds (3.05 G allocations: 7.516 TiB, 16.00% gc time)
[2023-01-09T15:45:18.351]Completed Shot 5, state 44
3778.453750 seconds (3.05 G allocations: 7.518 TiB, 16.00% gc time)
[2023-01-09T15:45:19.094]Completed Shot 5, state 5
3779.788776 seconds (3.05 G allocations: 7.520 TiB, 16.01% gc time)
[2023-01-09T15:45:20.429]Completed Shot 5, state 9
3780.366570 seconds (3.05 G allocations: 7.521 TiB, 16.01% gc time)
[2023-01-09T15:45:21.008]Completed Shot 5, state 14
3780.372821 seconds (3.05 G allocations: 7.521 TiB, 16.01% gc time)
[2023-01-09T15:45:21.013]Completed Shot 5, state 10
3780.577381 seconds (3.05 G allocations: 7.522 TiB, 16.01% gc time)
[2023-01-09T15:45:21.220]Completed Shot 5, state 28
3780.627795 seconds (3.05 G allocations: 7.522 TiB, 16.01% gc time)
[2023-01-09T15:45:21.268]Completed Shot 5, state 1
3780.724719 seconds (3.05 G allocations: 7.522 TiB, 16.01% gc time)
[2023-01-09T15:45:21.366]Completed Shot 5, state 19
3780.733325 seconds (3.05 G allocations: 7.522 TiB, 16.01% gc time)
[2023-01-09T15:45:21.375]Completed Shot 5, state 16
3781.261997 seconds (3.05 G allocations: 7.524 TiB, 16.01% gc time)
[2023-01-09T15:45:21.905]Completed Shot 5, state 48
3781.295593 seconds (3.05 G allocations: 7.524 TiB, 16.01% gc time)
3781.297144 seconds (3.05 G allocations: 7.524 TiB, 16.01% gc time)
[[2023-01-09T15:45:21.937]Completed Shot 5, state 24
2023-01-09T15:45:21.937]Completed Shot 5, state 6
3781.380174 seconds (3.05 G allocations: 7.524 TiB, 16.01% gc time)
[2023-01-09T15:45:22.021]Completed Shot 5, state 4
3781.582602 seconds (3.05 G allocations: 7.525 TiB, 16.01% gc time)
[2023-01-09T15:45:22.225]Completed Shot 5, state 40
3782.056013 seconds (3.05 G allocations: 7.526 TiB, 16.00% gc time)
[2023-01-09T15:45:22.699]Completed Shot 5, state 39
3782.926476 seconds (3.05 G allocations: 7.527 TiB, 16.01% gc time)
[2023-01-09T15:45:23.567]Completed Shot 5, state 13
3783.299512 seconds (3.05 G allocations: 7.528 TiB, 16.01% gc time)
[2023-01-09T15:45:23.941]Completed Shot 5, state 21
3783.359756 seconds (3.05 G allocations: 7.528 TiB, 16.01% gc time)
[2023-01-09T15:45:24.002]Completed Shot 5, state 23
3783.448883 seconds (3.05 G allocations: 7.528 TiB, 16.01% gc time)
[2023-01-09T15:45:24.089]Completed Shot 5, state 8
3783.521346 seconds (3.05 G allocations: 7.528 TiB, 16.01% gc time)
[2023-01-09T15:45:24.164]Completed Shot 5, state 50
3783.630419 seconds (3.05 G allocations: 7.528 TiB, 16.01% gc time)
[2023-01-09T15:45:24.274]Completed Shot 5, state 49
3783.718332 seconds (3.05 G allocations: 7.529 TiB, 16.01% gc time)
[2023-01-09T15:45:24.360]Completed Shot 5, state 27
3783.748212 seconds (3.05 G allocations: 7.529 TiB, 16.01% gc time)
[2023-01-09T15:45:24.388]Completed Shot 5, state 3
3784.077946 seconds (3.05 G allocations: 7.529 TiB, 16.01% gc time)
[2023-01-09T15:45:24.718]Completed Shot 5, state 7
3784.392805 seconds (3.05 G allocations: 7.530 TiB, 16.01% gc time)
[2023-01-09T15:45:25.035]Completed Shot 5, state 31
3784.479330 seconds (3.05 G allocations: 7.530 TiB, 16.01% gc time)
[2023-01-09T15:45:25.122]Completed Shot 5, state 33
3784.519761 seconds (3.05 G allocations: 7.530 TiB, 16.01% gc time)
[2023-01-09T15:45:25.162]Completed Shot 5, state 25
3785.188190 seconds (3.05 G allocations: 7.531 TiB, 16.01% gc time)
[2023-01-09T15:45:25.829]Completed Shot 5, state 15
3785.236320 seconds (3.05 G allocations: 7.531 TiB, 16.01% gc time)
[2023-01-09T15:45:25.879]Completed Shot 5, state 37
3785.336200 seconds (3.05 G allocations: 7.531 TiB, 16.01% gc time)
[2023-01-09T15:45:25.978]Completed Shot 5, state 26
3785.559073 seconds (3.05 G allocations: 7.532 TiB, 16.01% gc time)
[2023-01-09T15:45:26.200]Completed Shot 5, state 11
3785.724116 seconds (3.05 G allocations: 7.532 TiB, 16.01% gc time)
[2023-01-09T15:45:26.367]Completed Shot 5, state 36
3785.781666 seconds (3.05 G allocations: 7.532 TiB, 16.01% gc time)
[2023-01-09T15:45:26.423]Completed Shot 5, state 22
3785.820194 seconds (3.05 G allocations: 7.532 TiB, 16.01% gc time)
[2023-01-09T15:45:26.463]Completed Shot 5, state 35
3785.900634 seconds (3.05 G allocations: 7.532 TiB, 16.01% gc time)
[2023-01-09T15:45:26.542]Completed Shot 5, state 17
3785.942441 seconds (3.05 G allocations: 7.532 TiB, 16.01% gc time)
[2023-01-09T15:45:26.585]Completed Shot 5, state 38
3786.333966 seconds (3.05 G allocations: 7.533 TiB, 16.01% gc time)
[2023-01-09T15:45:26.975]Completed Shot 5, state 18
3786.492861 seconds (3.05 G allocations: 7.533 TiB, 16.01% gc time)
[2023-01-09T15:45:27.134]Completed Shot 5, state 20
3786.682845 seconds (3.05 G allocations: 7.533 TiB, 16.01% gc time)
[2023-01-09T15:45:27.325]Completed Shot 5, state 32
3786.726442 seconds (3.05 G allocations: 7.533 TiB, 16.01% gc time)
[2023-01-09T15:45:27.369]Completed Shot 5, state 43
3786.829092 seconds (3.05 G allocations: 7.533 TiB, 16.01% gc time)
[2023-01-09T15:45:27.471]Completed Shot 5, state 29
3787.921630 seconds (3.05 G allocations: 7.533 TiB, 16.01% gc time)
[2023-01-09T15:45:28.564]Completed Shot 5, state 46
3788.029158 seconds (3.05 G allocations: 7.533 TiB, 16.01% gc time)
[2023-01-09T15:45:28.672]Completed Shot 5, state 41
  Activating project at `/gpfs/bwfor/work/ws/hd_ku269-light_cones/WorkingFolder`
3788.930893 seconds (3.05 G allocations: 7.534 TiB, 16.00% gc time)
[2023-01-09T15:45:29.574]Completed Shot 5, state 30
3791.588497 seconds (3.05 G allocations: 7.534 TiB, 15.99% gc time)
[2023-01-09T15:45:32.228]Completed Shot 5, state 2
3839.927015 seconds (2.71 G allocations: 6.755 TiB, 13.89% gc time)
[2023-01-09T16:49:32.160]Completed Shot 6, state 32
3842.099153 seconds (2.72 G allocations: 6.761 TiB, 13.88% gc time)
[2023-01-09T16:49:34.332]Completed Shot 6, state 24
3844.035754 seconds (2.72 G allocations: 6.766 TiB, 13.87% gc time)
[2023-01-09T16:49:36.269]Completed Shot 6, state 39
3845.417417 seconds (2.72 G allocations: 6.770 TiB, 13.87% gc time)
[2023-01-09T16:49:37.651]Completed Shot 6, state 43
3845.962730 seconds (2.72 G allocations: 6.771 TiB, 13.87% gc time)
[2023-01-09T16:49:38.195]Completed Shot 6, state 25
3849.405648 seconds (2.72 G allocations: 6.777 TiB, 13.88% gc time)
[2023-01-09T16:49:41.636]Completed Shot 6, state 3
3849.723377 seconds (2.72 G allocations: 6.778 TiB, 13.88% gc time)
[2023-01-09T16:49:41.955]Completed Shot 6, state 17
3849.770835 seconds (2.72 G allocations: 6.778 TiB, 13.88% gc time)
[2023-01-09T16:49:42.002]Completed Shot 6, state 7
3850.838872 seconds (2.72 G allocations: 6.781 TiB, 13.88% gc time)
[2023-01-09T16:49:43.069]Completed Shot 6, state 4
3851.946662 seconds (2.73 G allocations: 6.784 TiB, 13.87% gc time)
[2023-01-09T16:49:44.180]Completed Shot 6, state 50
3853.019678 seconds (2.73 G allocations: 6.787 TiB, 13.87% gc time)
[2023-01-09T16:49:45.252]Completed Shot 6, state 29
3854.555826 seconds (2.73 G allocations: 6.788 TiB, 13.90% gc time)
[2023-01-09T16:49:46.787]Completed Shot 6, state 16
3854.822718 seconds (2.73 G allocations: 6.788 TiB, 13.90% gc time)
[2023-01-09T16:49:47.054]Completed Shot 6, state 10
3855.787751 seconds (2.73 G allocations: 6.791 TiB, 13.89% gc time)
[2023-01-09T16:49:48.020]Completed Shot 6, state 31
3855.886794 seconds (2.73 G allocations: 6.791 TiB, 13.89% gc time)
[2023-01-09T16:49:48.120]Completed Shot 6, state 42
3856.022950 seconds (2.73 G allocations: 6.791 TiB, 13.89% gc time)
[2023-01-09T16:49:48.255]Completed Shot 6, state 21
3856.069095 seconds (2.73 G allocations: 6.791 TiB, 13.89% gc time)
[2023-01-09T16:49:48.300]Completed Shot 6, state 15
3856.296779 seconds (2.73 G allocations: 6.792 TiB, 13.89% gc time)
[2023-01-09T16:49:48.529]Completed Shot 6, state 28
3856.407177 seconds (2.73 G allocations: 6.792 TiB, 13.89% gc time)
[2023-01-09T16:49:48.640]Completed Shot 6, state 37
3856.500514 seconds (2.73 G allocations: 6.793 TiB, 13.89% gc time)
[2023-01-09T16:49:48.734]Completed Shot 6, state 44
3856.724052 seconds (2.73 G allocations: 6.793 TiB, 13.89% gc time)
[2023-01-09T16:49:48.955]Completed Shot 6, state 14
3856.883762 seconds (2.73 G allocations: 6.794 TiB, 13.89% gc time)
[2023-01-09T16:49:49.115]Completed Shot 6, state 11
3857.928906 seconds (2.73 G allocations: 6.797 TiB, 13.89% gc time)
[2023-01-09T16:49:50.159]Completed Shot 6, state 6
3859.539320 seconds (2.73 G allocations: 6.799 TiB, 13.90% gc time)
[2023-01-09T16:49:51.771]Completed Shot 6, state 18
3859.748177 seconds (2.73 G allocations: 6.799 TiB, 13.90% gc time)
[2023-01-09T16:49:51.981]Completed Shot 6, state 33
3859.870337 seconds (2.73 G allocations: 6.800 TiB, 13.90% gc time)
[2023-01-09T16:49:52.102]Completed Shot 6, state 23
3860.268132 seconds (2.73 G allocations: 6.801 TiB, 13.90% gc time)
[2023-01-09T16:49:52.501]Completed Shot 6, state 34
3860.515915 seconds (2.73 G allocations: 6.801 TiB, 13.90% gc time)
[2023-01-09T16:49:52.749]Completed Shot 6, state 38
3860.690634 seconds (2.73 G allocations: 6.802 TiB, 13.89% gc time)
[2023-01-09T16:49:52.924]Completed Shot 6, state 45
3860.717596 seconds (2.73 G allocations: 6.802 TiB, 13.89% gc time)
[2023-01-09T16:49:52.950]Completed Shot 6, state 27
3861.116564 seconds (2.73 G allocations: 6.803 TiB, 13.89% gc time)
[2023-01-09T16:49:53.350]Completed Shot 6, state 40
3861.242484 seconds (2.73 G allocations: 6.803 TiB, 13.89% gc time)
[2023-01-09T16:49:53.476]Completed Shot 6, state 47
3861.292849 seconds (2.73 G allocations: 6.803 TiB, 13.89% gc time)
[2023-01-09T16:49:53.526]Completed Shot 6, state 48
3861.591994 seconds (2.73 G allocations: 6.804 TiB, 13.89% gc time)
[2023-01-09T16:49:53.824]Completed Shot 6, state 30
3861.620210 seconds (2.73 G allocations: 6.804 TiB, 13.89% gc time)
[2023-01-09T16:49:53.851]Completed Shot 6, state 13
3862.056472 seconds (2.73 G allocations: 6.804 TiB, 13.89% gc time)
[2023-01-09T16:49:54.289]Completed Shot 6, state 35
3862.135405 seconds (2.73 G allocations: 6.805 TiB, 13.89% gc time)
[2023-01-09T16:49:54.368]Completed Shot 6, state 36
3862.296684 seconds (2.73 G allocations: 6.805 TiB, 13.89% gc time)
[2023-01-09T16:49:54.530]Completed Shot 6, state 41
3862.397431 seconds (2.73 G allocations: 6.805 TiB, 13.89% gc time)
[2023-01-09T16:49:54.629]Completed Shot 6, state 20
3863.311393 seconds (2.73 G allocations: 6.805 TiB, 13.90% gc time)
[2023-01-09T16:49:55.545]Completed Shot 6, state 46
3864.042155 seconds (2.73 G allocations: 6.806 TiB, 13.90% gc time)
[2023-01-09T16:49:56.274]Completed Shot 6, state 19
3864.068317 seconds (2.73 G allocations: 6.806 TiB, 13.90% gc time)
[2023-01-09T16:49:56.298]Completed Shot 6, state 2
3864.564396 seconds (2.73 G allocations: 6.807 TiB, 13.89% gc time)
[2023-01-09T16:49:56.797]Completed Shot 6, state 26
3864.656418 seconds (2.73 G allocations: 6.807 TiB, 13.89% gc time)
[2023-01-09T16:49:56.887]Completed Shot 6, state 12
3865.756131 seconds (2.74 G allocations: 6.808 TiB, 13.89% gc time)
[2023-01-09T16:49:57.988]Completed Shot 6, state 22
3866.024284 seconds (2.74 G allocations: 6.808 TiB, 13.89% gc time)
[2023-01-09T16:49:58.254]Completed Shot 6, state 1
3866.555082 seconds (2.74 G allocations: 6.808 TiB, 13.89% gc time)
[2023-01-09T16:49:58.786]Completed Shot 6, state 9
3867.781178 seconds (2.74 G allocations: 6.808 TiB, 13.89% gc time)
[2023-01-09T16:50:00.014]Completed Shot 6, state 49
3871.326009 seconds (2.74 G allocations: 6.809 TiB, 13.88% gc time)
[2023-01-09T16:50:03.557]Completed Shot 6, state 8
3873.136718 seconds (2.74 G allocations: 6.809 TiB, 13.87% gc time)
[2023-01-09T16:50:05.367]Completed Shot 6, state 5
3579.147212 seconds (2.65 G allocations: 6.623 TiB, 14.86% gc time)
[2023-01-09T17:49:44.516]Completed Shot 7, state 11
3579.788172 seconds (2.65 G allocations: 6.625 TiB, 14.86% gc time)
[2023-01-09T17:49:45.158]Completed Shot 7, state 24
3580.370153 seconds (2.65 G allocations: 6.626 TiB, 14.86% gc time)
[2023-01-09T17:49:45.741]Completed Shot 7, state 39
3580.589092 seconds (2.65 G allocations: 6.627 TiB, 14.86% gc time)
[2023-01-09T17:49:45.957]Completed Shot 7, state 1
3580.772059 seconds (2.65 G allocations: 6.627 TiB, 14.86% gc time)
[2023-01-09T17:49:46.144]Completed Shot 7, state 40
3581.625022 seconds (2.65 G allocations: 6.629 TiB, 14.85% gc time)
[2023-01-09T17:49:46.996]Completed Shot 7, state 25
3581.711097 seconds (2.65 G allocations: 6.629 TiB, 14.85% gc time)
[2023-01-09T17:49:47.081]Completed Shot 7, state 22
3581.818386 seconds (2.65 G allocations: 6.630 TiB, 14.85% gc time)
[2023-01-09T17:49:47.190]Completed Shot 7, state 34
3582.123059 seconds (2.65 G allocations: 6.630 TiB, 14.85% gc time)
[2023-01-09T17:49:47.491]Completed Shot 7, state 2
3582.441452 seconds (2.65 G allocations: 6.631 TiB, 14.85% gc time)
[2023-01-09T17:49:47.811]Completed Shot 7, state 14
3582.816376 seconds (2.66 G allocations: 6.632 TiB, 14.85% gc time)
[2023-01-09T17:49:48.187]Completed Shot 7, state 30
3583.141466 seconds (2.66 G allocations: 6.633 TiB, 14.85% gc time)
[2023-01-09T17:49:48.512]Completed Shot 7, state 45
3583.386943 seconds (2.66 G allocations: 6.634 TiB, 14.85% gc time)
[2023-01-09T17:49:48.757]Completed Shot 7, state 26
3584.015470 seconds (2.66 G allocations: 6.635 TiB, 14.84% gc time)
[2023-01-09T17:49:49.386]Completed Shot 7, state 28
3584.142004 seconds (2.66 G allocations: 6.636 TiB, 14.84% gc time)
[2023-01-09T17:49:49.511]Completed Shot 7, state 15
3584.179528 seconds (2.66 G allocations: 6.636 TiB, 14.84% gc time)
[2023-01-09T17:49:49.549]Completed Shot 7, state 18
3584.194027 seconds (2.66 G allocations: 6.636 TiB, 14.84% gc time)
[2023-01-09T17:49:49.565]Completed Shot 7, state 36
3585.269869 seconds (2.66 G allocations: 6.636 TiB, 14.86% gc time)
[2023-01-09T17:49:50.638]Completed Shot 7, state 5
3586.182054 seconds (2.66 G allocations: 6.638 TiB, 14.86% gc time)
[2023-01-09T17:49:51.553]Completed Shot 7, state 44
3586.460347 seconds (2.66 G allocations: 6.639 TiB, 14.86% gc time)
[2023-01-09T17:49:51.830]Completed Shot 7, state 16
3586.535417 seconds (2.66 G allocations: 6.639 TiB, 14.86% gc time)
[2023-01-09T17:49:51.906]Completed Shot 7, state 29
3586.645773 seconds (2.66 G allocations: 6.639 TiB, 14.86% gc time)
[2023-01-09T17:49:52.015]Completed Shot 7, state 13
3586.844123 seconds (2.66 G allocations: 6.640 TiB, 14.86% gc time)
[2023-01-09T17:49:52.214]Completed Shot 7, state 17
3586.993151 seconds (2.66 G allocations: 6.640 TiB, 14.86% gc time)
[2023-01-09T17:49:52.363]Completed Shot 7, state 20
3587.008779 seconds (2.66 G allocations: 6.640 TiB, 14.86% gc time)
[2023-01-09T17:49:52.380]Completed Shot 7, state 50
3587.049283 seconds (2.66 G allocations: 6.640 TiB, 14.86% gc time)
3587.048301 seconds (2.66 G allocations: 6.640 TiB, 14.86% gc time)
[2023-01-09T17:49:52.419]Completed Shot 7, state 19
[2023-01-09T17:49:52.419]Completed Shot 7, state 38
3587.083184 seconds (2.66 G allocations: 6.640 TiB, 14.86% gc time)
[2023-01-09T17:49:52.452]Completed Shot 7, state 4
3587.293593 seconds (2.66 G allocations: 6.641 TiB, 14.86% gc time)
[2023-01-09T17:49:52.662]Completed Shot 7, state 8
3587.455672 seconds (2.66 G allocations: 6.641 TiB, 14.86% gc time)
[2023-01-09T17:49:52.827]Completed Shot 7, state 41
3587.560656 seconds (2.66 G allocations: 6.641 TiB, 14.85% gc time)
[2023-01-09T17:49:52.932]Completed Shot 7, state 42
3587.563481 seconds (2.66 G allocations: 6.641 TiB, 14.85% gc time)
[2023-01-09T17:49:52.932]Completed Shot 7, state 3
3587.689851 seconds (2.66 G allocations: 6.641 TiB, 14.85% gc time)
[2023-01-09T17:49:53.061]Completed Shot 7, state 43
3587.802928 seconds (2.66 G allocations: 6.642 TiB, 14.85% gc time)
[2023-01-09T17:49:53.174]Completed Shot 7, state 47
3588.203326 seconds (2.66 G allocations: 6.642 TiB, 14.85% gc time)
[2023-01-09T17:49:53.574]Completed Shot 7, state 31
3588.284456 seconds (2.66 G allocations: 6.642 TiB, 14.85% gc time)
[2023-01-09T17:49:53.656]Completed Shot 7, state 48
3588.285037 seconds (2.66 G allocations: 6.642 TiB, 14.85% gc time)
[2023-01-09T17:49:53.656]Completed Shot 7, state 46
3588.364865 seconds (2.66 G allocations: 6.642 TiB, 14.85% gc time)
[2023-01-09T17:49:53.736]Completed Shot 7, state 49
3588.769791 seconds (2.66 G allocations: 6.643 TiB, 14.86% gc time)
[2023-01-09T17:49:54.140]Completed Shot 7, state 21
3588.793126 seconds (2.66 G allocations: 6.643 TiB, 14.86% gc time)
[2023-01-09T17:49:54.162]Completed Shot 7, state 10
3588.924617 seconds (2.66 G allocations: 6.643 TiB, 14.86% gc time)
[2023-01-09T17:49:54.295]Completed Shot 7, state 32
3589.239673 seconds (2.66 G allocations: 6.643 TiB, 14.85% gc time)
[2023-01-09T17:49:54.608]Completed Shot 7, state 6
3589.426848 seconds (2.66 G allocations: 6.643 TiB, 14.85% gc time)
[2023-01-09T17:49:54.795]Completed Shot 7, state 7
3589.580213 seconds (2.66 G allocations: 6.643 TiB, 14.85% gc time)
[2023-01-09T17:49:54.949]Completed Shot 7, state 12
3589.747450 seconds (2.66 G allocations: 6.643 TiB, 14.85% gc time)
[2023-01-09T17:49:55.118]Completed Shot 7, state 27
3590.204202 seconds (2.66 G allocations: 6.644 TiB, 14.85% gc time)
[2023-01-09T17:49:55.575]Completed Shot 7, state 37
3590.269427 seconds (2.66 G allocations: 6.644 TiB, 14.85% gc time)
[2023-01-09T17:49:55.639]Completed Shot 7, state 23
3590.684333 seconds (2.66 G allocations: 6.644 TiB, 14.85% gc time)
[2023-01-09T17:49:56.055]Completed Shot 7, state 33
3591.244619 seconds (2.66 G allocations: 6.644 TiB, 14.85% gc time)
[2023-01-09T17:49:56.615]Completed Shot 7, state 35
3591.596389 seconds (2.66 G allocations: 6.644 TiB, 14.85% gc time)
[2023-01-09T17:49:56.965]Completed Shot 7, state 9
4075.290633 seconds (3.07 G allocations: 7.580 TiB, 14.74% gc time)
[2023-01-09T18:57:52.260]Completed Shot 8, state 25
4076.062267 seconds (3.07 G allocations: 7.582 TiB, 14.73% gc time)
[2023-01-09T18:57:53.030]Completed Shot 8, state 15
4079.978523 seconds (3.08 G allocations: 7.590 TiB, 14.74% gc time)
[2023-01-09T18:57:56.948]Completed Shot 8, state 40
4080.858715 seconds (3.08 G allocations: 7.592 TiB, 14.74% gc time)
[2023-01-09T18:57:57.828]Completed Shot 8, state 43
4081.582180 seconds (3.08 G allocations: 7.594 TiB, 14.74% gc time)
[2023-01-09T18:57:58.553]Completed Shot 8, state 49
4082.774235 seconds (3.08 G allocations: 7.598 TiB, 14.73% gc time)
[2023-01-09T18:57:59.742]Completed Shot 8, state 14
4083.526692 seconds (3.08 G allocations: 7.600 TiB, 14.73% gc time)
[2023-01-09T18:58:00.496]Completed Shot 8, state 28
4084.781695 seconds (3.08 G allocations: 7.600 TiB, 14.75% gc time)
[2023-01-09T18:58:01.749]Completed Shot 8, state 6
4084.874971 seconds (3.08 G allocations: 7.601 TiB, 14.75% gc time)
[2023-01-09T18:58:01.844]Completed Shot 8, state 22
4085.098901 seconds (3.08 G allocations: 7.601 TiB, 14.75% gc time)
[2023-01-09T18:58:02.067]Completed Shot 8, state 23
4085.973320 seconds (3.08 G allocations: 7.603 TiB, 14.74% gc time)
[2023-01-09T18:58:02.942]Completed Shot 8, state 21
4086.430454 seconds (3.08 G allocations: 7.605 TiB, 14.74% gc time)
[2023-01-09T18:58:03.397]Completed Shot 8, state 4
4087.373236 seconds (3.08 G allocations: 7.608 TiB, 14.74% gc time)
[2023-01-09T18:58:04.342]Completed Shot 8, state 18
4088.358554 seconds (3.08 G allocations: 7.609 TiB, 14.75% gc time)
[2023-01-09T18:58:05.326]Completed Shot 8, state 7
4089.564834 seconds (3.09 G allocations: 7.611 TiB, 14.75% gc time)
[2023-01-09T18:58:06.533]Completed Shot 8, state 10
4091.616149 seconds (3.09 G allocations: 7.616 TiB, 14.75% gc time)
[2023-01-09T18:58:08.584]Completed Shot 8, state 8
4092.031666 seconds (3.09 G allocations: 7.617 TiB, 14.75% gc time)
[2023-01-09T18:58:09.001]Completed Shot 8, state 48
4092.762713 seconds (3.09 G allocations: 7.619 TiB, 14.75% gc time)
[2023-01-09T18:58:09.731]Completed Shot 8, state 19
4093.899110 seconds (3.09 G allocations: 7.622 TiB, 14.74% gc time)
[2023-01-09T18:58:10.868]Completed Shot 8, state 35
4094.872666 seconds (3.09 G allocations: 7.623 TiB, 14.75% gc time)
[2023-01-09T18:58:11.842]Completed Shot 8, state 27
4095.291171 seconds (3.09 G allocations: 7.624 TiB, 14.75% gc time)
[2023-01-09T18:58:12.261]Completed Shot 8, state 46
4095.438834 seconds (3.09 G allocations: 7.624 TiB, 14.75% gc time)
[2023-01-09T18:58:12.408]Completed Shot 8, state 36
4095.473684 seconds (3.09 G allocations: 7.625 TiB, 14.75% gc time)
[2023-01-09T18:58:12.442]Completed Shot 8, state 24
4095.496920 seconds (3.09 G allocations: 7.625 TiB, 14.75% gc time)
[2023-01-09T18:58:12.464]Completed Shot 8, state 3
4095.538834 seconds (3.09 G allocations: 7.625 TiB, 14.75% gc time)
[2023-01-09T18:58:12.506]Completed Shot 8, state 5
4096.310683 seconds (3.09 G allocations: 7.626 TiB, 14.75% gc time)
[2023-01-09T18:58:13.279]Completed Shot 8, state 17
4097.040307 seconds (3.09 G allocations: 7.628 TiB, 14.74% gc time)
[2023-01-09T18:58:14.010]Completed Shot 8, state 39
4097.469195 seconds (3.09 G allocations: 7.629 TiB, 14.74% gc time)
[2023-01-09T18:58:14.439]Completed Shot 8, state 45
4098.567576 seconds (3.09 G allocations: 7.630 TiB, 14.75% gc time)
[2023-01-09T18:58:15.537]Completed Shot 8, state 41
4099.276807 seconds (3.09 G allocations: 7.632 TiB, 14.75% gc time)
[2023-01-09T18:58:16.244]Completed Shot 8, state 2
4099.433211 seconds (3.09 G allocations: 7.632 TiB, 14.75% gc time)
[2023-01-09T18:58:16.403]Completed Shot 8, state 38
4099.728226 seconds (3.09 G allocations: 7.632 TiB, 14.75% gc time)
[2023-01-09T18:58:16.698]Completed Shot 8, state 44
4099.854110 seconds (3.09 G allocations: 7.633 TiB, 14.75% gc time)
[2023-01-09T18:58:16.824]Completed Shot 8, state 47
4100.001785 seconds (3.09 G allocations: 7.633 TiB, 14.75% gc time)
[2023-01-09T18:58:16.971]Completed Shot 8, state 30
4100.219717 seconds (3.09 G allocations: 7.633 TiB, 14.75% gc time)
[2023-01-09T18:58:17.187]Completed Shot 8, state 12
4100.322929 seconds (3.09 G allocations: 7.633 TiB, 14.75% gc time)
[2023-01-09T18:58:17.292]Completed Shot 8, state 37
4100.366569 seconds (3.09 G allocations: 7.633 TiB, 14.75% gc time)
[2023-01-09T18:58:17.335]Completed Shot 8, state 29
4101.677924 seconds (3.10 G allocations: 7.635 TiB, 14.75% gc time)
[2023-01-09T18:58:18.647]Completed Shot 8, state 34
4102.494510 seconds (3.10 G allocations: 7.636 TiB, 14.74% gc time)
[2023-01-09T18:58:19.463]Completed Shot 8, state 31
4102.864031 seconds (3.10 G allocations: 7.637 TiB, 14.74% gc time)
[2023-01-09T18:58:19.832]Completed Shot 8, state 9
4103.142316 seconds (3.10 G allocations: 7.637 TiB, 14.74% gc time)
[2023-01-09T18:58:20.111]Completed Shot 8, state 20
4103.150182 seconds (3.10 G allocations: 7.637 TiB, 14.74% gc time)
[2023-01-09T18:58:20.119]Completed Shot 8, state 26
4105.039967 seconds (3.10 G allocations: 7.639 TiB, 14.74% gc time)
[2023-01-09T18:58:22.010]Completed Shot 8, state 50
4105.293431 seconds (3.10 G allocations: 7.639 TiB, 14.74% gc time)
[2023-01-09T18:58:22.260]Completed Shot 8, state 1
4105.604995 seconds (3.10 G allocations: 7.639 TiB, 14.74% gc time)
[2023-01-09T18:58:22.574]Completed Shot 8, state 32
4105.945072 seconds (3.10 G allocations: 7.639 TiB, 14.74% gc time)
[2023-01-09T18:58:22.914]Completed Shot 8, state 33
4106.050904 seconds (3.10 G allocations: 7.639 TiB, 14.74% gc time)
[2023-01-09T18:58:23.019]Completed Shot 8, state 13
4107.341230 seconds (3.10 G allocations: 7.640 TiB, 14.73% gc time)
[2023-01-09T18:58:24.311]Completed Shot 8, state 42
4110.295937 seconds (3.10 G allocations: 7.640 TiB, 14.72% gc time)
[2023-01-09T18:58:27.264]Completed Shot 8, state 16
4111.476329 seconds (3.10 G allocations: 7.641 TiB, 14.72% gc time)
[2023-01-09T18:58:28.444]Completed Shot 8, state 11
3854.832470 seconds (2.94 G allocations: 7.262 TiB, 15.29% gc time)
[2023-01-09T20:02:43.282]Completed Shot 9, state 37
3865.248502 seconds (2.95 G allocations: 7.287 TiB, 15.29% gc time)
[2023-01-09T20:02:53.696]Completed Shot 9, state 20
3869.326999 seconds (2.95 G allocations: 7.297 TiB, 15.30% gc time)
[2023-01-09T20:02:57.776]Completed Shot 9, state 41
3875.178181 seconds (2.96 G allocations: 7.312 TiB, 15.30% gc time)
[2023-01-09T20:03:03.624]Completed Shot 9, state 3
3875.756436 seconds (2.96 G allocations: 7.314 TiB, 15.29% gc time)
[2023-01-09T20:03:04.205]Completed Shot 9, state 33
3878.513713 seconds (2.96 G allocations: 7.319 TiB, 15.31% gc time)
[2023-01-09T20:03:06.963]Completed Shot 9, state 32
3878.533618 seconds (2.96 G allocations: 7.319 TiB, 15.31% gc time)
[2023-01-09T20:03:06.983]Completed Shot 9, state 46
3879.980342 seconds (2.96 G allocations: 7.324 TiB, 15.30% gc time)
[2023-01-09T20:03:08.426]Completed Shot 9, state 8
3880.201799 seconds (2.96 G allocations: 7.324 TiB, 15.30% gc time)
[2023-01-09T20:03:08.650]Completed Shot 9, state 15
3881.297833 seconds (2.96 G allocations: 7.326 TiB, 15.32% gc time)
[2023-01-09T20:03:09.746]Completed Shot 9, state 27
3881.588118 seconds (2.96 G allocations: 7.326 TiB, 15.32% gc time)
[2023-01-09T20:03:10.037]Completed Shot 9, state 43
3882.831826 seconds (2.96 G allocations: 7.330 TiB, 15.31% gc time)
[2023-01-09T20:03:11.281]Completed Shot 9, state 39
3883.439979 seconds (2.97 G allocations: 7.332 TiB, 15.31% gc time)
[2023-01-09T20:03:11.889]Completed Shot 9, state 24
3883.452017 seconds (2.97 G allocations: 7.332 TiB, 15.31% gc time)
[2023-01-09T20:03:11.899]Completed Shot 9, state 11
3883.631675 seconds (2.97 G allocations: 7.333 TiB, 15.31% gc time)
[2023-01-09T20:03:12.081]Completed Shot 9, state 48
3884.815667 seconds (2.97 G allocations: 7.334 TiB, 15.32% gc time)
[2023-01-09T20:03:13.262]Completed Shot 9, state 9
3886.119979 seconds (2.97 G allocations: 7.338 TiB, 15.31% gc time)
[2023-01-09T20:03:14.567]Completed Shot 9, state 12
3886.143250 seconds (2.97 G allocations: 7.338 TiB, 15.31% gc time)
[2023-01-09T20:03:14.589]Completed Shot 9, state 6
3886.225013 seconds (2.97 G allocations: 7.338 TiB, 15.31% gc time)
[2023-01-09T20:03:14.672]Completed Shot 9, state 18
3886.773116 seconds (2.97 G allocations: 7.340 TiB, 15.31% gc time)
[2023-01-09T20:03:15.222]Completed Shot 9, state 31
3886.843979 seconds (2.97 G allocations: 7.340 TiB, 15.31% gc time)
[2023-01-09T20:03:15.293]Completed Shot 9, state 42
3887.041102 seconds (2.97 G allocations: 7.341 TiB, 15.31% gc time)
[2023-01-09T20:03:15.487]Completed Shot 9, state 2
3887.068280 seconds (2.97 G allocations: 7.341 TiB, 15.31% gc time)
[2023-01-09T20:03:15.514]Completed Shot 9, state 1
3887.108818 seconds (2.97 G allocations: 7.341 TiB, 15.31% gc time)
[2023-01-09T20:03:15.558]Completed Shot 9, state 47
3888.497975 seconds (2.97 G allocations: 7.343 TiB, 15.32% gc time)
[2023-01-09T20:03:16.946]Completed Shot 9, state 25
3888.554998 seconds (2.97 G allocations: 7.343 TiB, 15.32% gc time)
[2023-01-09T20:03:17.003]Completed Shot 9, state 26
3888.633169 seconds (2.97 G allocations: 7.343 TiB, 15.32% gc time)
[2023-01-09T20:03:17.080]Completed Shot 9, state 14
3890.149938 seconds (2.97 G allocations: 7.346 TiB, 15.32% gc time)
[2023-01-09T20:03:18.596]Completed Shot 9, state 4
3890.375483 seconds (2.97 G allocations: 7.347 TiB, 15.32% gc time)
[2023-01-09T20:03:18.822]Completed Shot 9, state 7
3890.775126 seconds (2.97 G allocations: 7.348 TiB, 15.32% gc time)
[2023-01-09T20:03:19.223]Completed Shot 9, state 19
3891.202679 seconds (2.97 G allocations: 7.349 TiB, 15.32% gc time)
[2023-01-09T20:03:19.652]Completed Shot 9, state 45
3891.429359 seconds (2.97 G allocations: 7.349 TiB, 15.32% gc time)
[2023-01-09T20:03:19.878]Completed Shot 9, state 34
3891.475796 seconds (2.97 G allocations: 7.350 TiB, 15.32% gc time)
[2023-01-09T20:03:19.925]Completed Shot 9, state 50
3891.482469 seconds (2.97 G allocations: 7.350 TiB, 15.32% gc time)
[2023-01-09T20:03:19.931]Completed Shot 9, state 38
3891.509553 seconds (2.97 G allocations: 7.350 TiB, 15.32% gc time)
[2023-01-09T20:03:19.958]Completed Shot 9, state 23
3892.708415 seconds (2.97 G allocations: 7.351 TiB, 15.32% gc time)
[2023-01-09T20:03:21.157]Completed Shot 9, state 40
3893.179216 seconds (2.97 G allocations: 7.352 TiB, 15.32% gc time)
[2023-01-09T20:03:21.628]Completed Shot 9, state 35
3894.420818 seconds (2.97 G allocations: 7.354 TiB, 15.32% gc time)
[2023-01-09T20:03:22.867]Completed Shot 9, state 10
3894.813916 seconds (2.98 G allocations: 7.354 TiB, 15.32% gc time)
[2023-01-09T20:03:23.262]Completed Shot 9, state 22
3895.061145 seconds (2.98 G allocations: 7.355 TiB, 15.32% gc time)
[2023-01-09T20:03:23.508]Completed Shot 9, state 13
3895.392285 seconds (2.98 G allocations: 7.355 TiB, 15.32% gc time)
[2023-01-09T20:03:23.838]Completed Shot 9, state 5
3895.798910 seconds (2.98 G allocations: 7.356 TiB, 15.32% gc time)
[2023-01-09T20:03:24.247]Completed Shot 9, state 21
3895.851336 seconds (2.98 G allocations: 7.356 TiB, 15.32% gc time)
[2023-01-09T20:03:24.301]Completed Shot 9, state 49
3896.459350 seconds (2.98 G allocations: 7.356 TiB, 15.32% gc time)
[2023-01-09T20:03:24.908]Completed Shot 9, state 36
3897.166561 seconds (2.98 G allocations: 7.357 TiB, 15.31% gc time)
[2023-01-09T20:03:25.615]Completed Shot 9, state 28
3897.449062 seconds (2.98 G allocations: 7.357 TiB, 15.31% gc time)
[2023-01-09T20:03:25.898]Completed Shot 9, state 30
3898.227458 seconds (2.98 G allocations: 7.357 TiB, 15.31% gc time)
[2023-01-09T20:03:26.675]Completed Shot 9, state 16
3899.422052 seconds (2.98 G allocations: 7.358 TiB, 15.31% gc time)
[2023-01-09T20:03:27.869]Completed Shot 9, state 17
3900.919219 seconds (2.98 G allocations: 7.358 TiB, 15.30% gc time)
[2023-01-09T20:03:29.368]Completed Shot 9, state 29
3908.225184 seconds (2.98 G allocations: 7.359 TiB, 15.27% gc time)
[2023-01-09T20:03:36.674]Completed Shot 9, state 44
3883.983293 seconds (3.12 G allocations: 7.696 TiB, 16.28% gc time)
[2023-01-09T21:08:20.663]Completed Shot 10, state 43
3890.179960 seconds (3.13 G allocations: 7.710 TiB, 16.30% gc time)
[2023-01-09T21:08:26.859]Completed Shot 10, state 31
3893.120866 seconds (3.13 G allocations: 7.719 TiB, 16.29% gc time)
[2023-01-09T21:08:29.799]Completed Shot 10, state 27
3894.045170 seconds (3.13 G allocations: 7.721 TiB, 16.28% gc time)
[2023-01-09T21:08:30.723]Completed Shot 10, state 21
3895.064323 seconds (3.13 G allocations: 7.725 TiB, 16.28% gc time)
[2023-01-09T21:08:31.743]Completed Shot 10, state 24
3895.188902 seconds (3.13 G allocations: 7.725 TiB, 16.28% gc time)
[2023-01-09T21:08:31.866]Completed Shot 10, state 7
3898.110873 seconds (3.13 G allocations: 7.729 TiB, 16.31% gc time)
[2023-01-09T21:08:34.790]Completed Shot 10, state 47
3899.129700 seconds (3.14 G allocations: 7.732 TiB, 16.30% gc time)
[2023-01-09T21:08:35.806]Completed Shot 10, state 5
3900.790011 seconds (3.14 G allocations: 7.737 TiB, 16.30% gc time)
[2023-01-09T21:08:37.469]Completed Shot 10, state 38
3900.949997 seconds (3.14 G allocations: 7.737 TiB, 16.29% gc time)
[2023-01-09T21:08:37.629]Completed Shot 10, state 26
3900.970701 seconds (3.14 G allocations: 7.737 TiB, 16.29% gc time)
[2023-01-09T21:08:37.648]Completed Shot 10, state 14
3901.811137 seconds (3.14 G allocations: 7.740 TiB, 16.29% gc time)
[2023-01-09T21:08:38.487]Completed Shot 10, state 1
3901.929952 seconds (3.14 G allocations: 7.740 TiB, 16.29% gc time)
[2023-01-09T21:08:38.608]Completed Shot 10, state 23
3902.004062 seconds (3.14 G allocations: 7.741 TiB, 16.29% gc time)
[2023-01-09T21:08:38.683]Completed Shot 10, state 39
3902.109602 seconds (3.14 G allocations: 7.741 TiB, 16.29% gc time)
[2023-01-09T21:08:38.787]Completed Shot 10, state 17
3902.482851 seconds (3.14 G allocations: 7.742 TiB, 16.29% gc time)
[2023-01-09T21:08:39.159]Completed Shot 10, state 3
3902.537277 seconds (3.14 G allocations: 7.742 TiB, 16.29% gc time)
[2023-01-09T21:08:39.214]Completed Shot 10, state 9
3904.415335 seconds (3.14 G allocations: 7.744 TiB, 16.32% gc time)
[2023-01-09T21:08:41.093]Completed Shot 10, state 19
3904.441160 seconds (3.14 G allocations: 7.744 TiB, 16.32% gc time)
[2023-01-09T21:08:41.118]Completed Shot 10, state 10
3904.505269 seconds (3.14 G allocations: 7.744 TiB, 16.32% gc time)
[2023-01-09T21:08:41.184]Completed Shot 10, state 28
3904.923010 seconds (3.14 G allocations: 7.745 TiB, 16.32% gc time)
[2023-01-09T21:08:41.602]Completed Shot 10, state 49
3904.962275 seconds (3.14 G allocations: 7.745 TiB, 16.32% gc time)
[2023-01-09T21:08:41.641]Completed Shot 10, state 50
3905.316483 seconds (3.14 G allocations: 7.746 TiB, 16.31% gc time)
[2023-01-09T21:08:41.994]Completed Shot 10, state 16
3905.483007 seconds (3.14 G allocations: 7.747 TiB, 16.31% gc time)
[2023-01-09T21:08:42.162]Completed Shot 10, state 29
3905.626650 seconds (3.14 G allocations: 7.747 TiB, 16.31% gc time)
[2023-01-09T21:08:42.303]Completed Shot 10, state 2
3905.638002 seconds (3.14 G allocations: 7.747 TiB, 16.31% gc time)
[2023-01-09T21:08:42.315]Completed Shot 10, state 12
3905.896181 seconds (3.14 G allocations: 7.748 TiB, 16.31% gc time)
[2023-01-09T21:08:42.575]Completed Shot 10, state 45
3906.028380 seconds (3.14 G allocations: 7.748 TiB, 16.31% gc time)
[2023-01-09T21:08:42.707]Completed Shot 10, state 42
3906.192342 seconds (3.14 G allocations: 7.748 TiB, 16.31% gc time)
[2023-01-09T21:08:42.871]Completed Shot 10, state 48
3906.346647 seconds (3.14 G allocations: 7.749 TiB, 16.31% gc time)
[2023-01-09T21:08:43.026]Completed Shot 10, state 44
3906.931853 seconds (3.14 G allocations: 7.750 TiB, 16.31% gc time)
[2023-01-09T21:08:43.610]Completed Shot 10, state 22
3907.117063 seconds (3.14 G allocations: 7.750 TiB, 16.31% gc time)
[2023-01-09T21:08:43.794]Completed Shot 10, state 6
3907.486923 seconds (3.14 G allocations: 7.751 TiB, 16.30% gc time)
[2023-01-09T21:08:44.164]Completed Shot 10, state 15
3907.583238 seconds (3.14 G allocations: 7.751 TiB, 16.30% gc time)
[2023-01-09T21:08:44.262]Completed Shot 10, state 46
3907.716339 seconds (3.14 G allocations: 7.752 TiB, 16.30% gc time)
[2023-01-09T21:08:44.395]Completed Shot 10, state 34
3907.819180 seconds (3.14 G allocations: 7.752 TiB, 16.30% gc time)
[2023-01-09T21:08:44.498]Completed Shot 10, state 30
3908.686982 seconds (3.14 G allocations: 7.752 TiB, 16.32% gc time)
[2023-01-09T21:08:45.365]Completed Shot 10, state 25
3909.053635 seconds (3.14 G allocations: 7.753 TiB, 16.31% gc time)
[2023-01-09T21:08:45.731]Completed Shot 10, state 13
3909.176050 seconds (3.14 G allocations: 7.753 TiB, 16.31% gc time)
[2023-01-09T21:08:45.854]Completed Shot 10, state 20
3909.650364 seconds (3.14 G allocations: 7.754 TiB, 16.31% gc time)
[2023-01-09T21:08:46.329]Completed Shot 10, state 32
3909.746043 seconds (3.14 G allocations: 7.754 TiB, 16.31% gc time)
[2023-01-09T21:08:46.422]Completed Shot 10, state 4
3910.061265 seconds (3.15 G allocations: 7.754 TiB, 16.31% gc time)
[2023-01-09T21:08:46.740]Completed Shot 10, state 37
3910.580040 seconds (3.15 G allocations: 7.755 TiB, 16.31% gc time)
[2023-01-09T21:08:47.259]Completed Shot 10, state 36
3910.765433 seconds (3.15 G allocations: 7.755 TiB, 16.31% gc time)
[2023-01-09T21:08:47.444]Completed Shot 10, state 33
3911.207706 seconds (3.15 G allocations: 7.755 TiB, 16.31% gc time)
[2023-01-09T21:08:47.887]Completed Shot 10, state 41
3911.844881 seconds (3.15 G allocations: 7.756 TiB, 16.31% gc time)
[2023-01-09T21:08:48.523]Completed Shot 10, state 18
3911.899384 seconds (3.15 G allocations: 7.756 TiB, 16.31% gc time)
[2023-01-09T21:08:48.576]Completed Shot 10, state 8
3913.998855 seconds (3.15 G allocations: 7.756 TiB, 16.30% gc time)
[2023-01-09T21:08:50.678]Completed Shot 10, state 35
3914.988574 seconds (3.15 G allocations: 7.757 TiB, 16.30% gc time)
[2023-01-09T21:08:51.668]Completed Shot 10, state 40
3915.344405 seconds (3.15 G allocations: 7.757 TiB, 16.30% gc time)
[2023-01-09T21:08:52.021]Completed Shot 10, state 11
[2023-01-09T21:08:52.022]**********Simulation completed!**********
[2023-01-09T21:08:52.022]**********Saving**********
[2023-01-09T21:08:56.077]Saving file: /gpfs/bwfor/work/ws/hd_ku269-logs/LightCones/2023-01-09/468907_N11_BS.jld2
[2023-01-09T21:08:57.614]**********Run completed!**********
============================= JOB FEEDBACK =============================
Job ID: 468907
Cluster: helix
User/Group: hd_ku269/hd_hd
State: COMPLETED (exit code 0)
Nodes: 1
Cores per node: 64
CPU Utilized: 26-03:24:47
CPU Efficiency: 89.26% of 29-06:54:56 core-walltime
Job Wall-clock time: 10:58:59
Memory Utilized: 43.96 GB
Memory Efficiency: 18.63% of 236.00 GB
