  Activating project at `/lustre/work/ws/ws1/hd_ku269-light_cones/LightCones`
Added MKL.jl
     Project LightCones v0.1.0
      Status `/lustre/work/ws/ws1/hd_ku269-light_cones/LightCones/Project.toml`
  [7d9fca2a] Arpack v0.5.3
  [7073ff75] IJulia v1.23.2
  [033835bb] JLD2 v0.4.22
  [0b1a1467] KrylovKit v0.5.3
  [d3d80556] LineSearches v7.1.1
  [33e6dc65] MKL v0.5.0
  [429524aa] Optim v1.6.2
  [91a5bcdd] Plots v1.27.0
  [c3e4b0f8] Pluto v0.18.2
  [3c0b384b] QuantumInformation v0.4.9
  [189a3867] Reexport v1.2.2
  [295af30f] Revise v3.3.3
  [ebcc8a00] SpinSymmetry v0.3.3
  [59d54670] ThreadedSparseArrays v0.2.1
  [ade2ca70] Dates
  [8ba89e20] Distributed
  [37e2e46d] LinearAlgebra
  [de0858da] Printf
  [9a3f8284] Random
  [1a1011a3] SharedArrays
  [2f01184e] SparseArrays
  [10745b16] Statistics
shared_krylov.jl
Working Directory:          /lustre/work/ws/ws1/hd_ku269-light_cones/LightCones
SLURM Directory:            /lustre/work/ws/ws1/hd_ku269-light_cones/LightCones 
Running on host:            n1629
Job id:                     5263901
Job name:                   otoc_simulation_N17_RPS
Number of nodes allocated:  
Number of cores allocated:  1
#threads of Julia:          96
#threads of BLAS:           1
ARGS = ["17", "1", "100", "z", "0"]
LOCATION = "/lustre/work/ws/ws1/hd_ku269-logs/LightCones/2022-03-15"
N = 17
SHOTS = 1
RANDOM_STATES = true
N_RANDOM_STATES = 100
OBSERVABLE = "z"
DISORDER_PARAM = 0.0
[2022-03-15T05:18:01.625]**********Running simulation**********
[2022-03-15T05:18:09.585]Used random product state.
[2022-03-15T05:18:09.586]Used random product state.
[2022-03-15T05:18:09.588]Used random product state.
[2022-03-15T05:18:09.589]Used random product state.
[2022-03-15T05:18:09.591]Used random product state.
[2022-03-15T05:18:09.592]Used random product state.
[2022-03-15T05:18:09.594]Used random product state.
[2022-03-15T05:18:09.595]Used random product state.
[2022-03-15T05:18:09.597]Used random product state.
[2022-03-15T05:18:09.598]Used random product state.
[2022-03-15T05:18:09.600]Used random product state.
[2022-03-15T05:18:09.601]Used random product state.
[2022-03-15T05:18:09.603]Used random product state.
[2022-03-15T05:18:09.604]Used random product state.
[2022-03-15T05:18:09.606]Used random product state.
[2022-03-15T05:18:09.607]Used random product state.
[2022-03-15T05:18:09.609]Used random product state.
[2022-03-15T05:18:09.610]Used random product state.
[2022-03-15T05:18:09.612]Used random product state.
[2022-03-15T05:18:09.613]Used random product state.
[2022-03-15T05:18:09.615]Used random product state.
[2022-03-15T05:18:09.617]Used random product state.
[2022-03-15T05:18:09.619]Used random product state.
[2022-03-15T05:18:09.621]Used random product state.
[2022-03-15T05:18:09.623]Used random product state.
[2022-03-15T05:18:09.625]Used random product state.
[2022-03-15T05:18:09.627]Used random product state.
[2022-03-15T05:18:09.629]Used random product state.
[2022-03-15T05:18:09.631]Used random product state.
[2022-03-15T05:18:09.633]Used random product state.
[2022-03-15T05:18:09.635]Used random product state.
[2022-03-15T05:18:09.637]Used random product state.
[2022-03-15T05:18:09.639]Used random product state.
[2022-03-15T05:18:09.641]Used random product state.
[2022-03-15T05:18:09.643]Used random product state.
[2022-03-15T05:18:09.645]Used random product state.
[2022-03-15T05:18:09.647]Used random product state.
[2022-03-15T05:18:09.649]Used random product state.
[2022-03-15T05:18:09.651]Used random product state.
[2022-03-15T05:18:09.652]Used random product state.
[2022-03-15T05:18:09.662]Used random product state.
[2022-03-15T05:18:09.663]Used random product state.
[2022-03-15T05:18:09.664]Used random product state.
[2022-03-15T05:18:09.664]Used random product state.
[2022-03-15T05:18:09.665]Used random product state.
[2022-03-15T05:18:09.666]Used random product state.
[2022-03-15T05:18:09.667]Used random product state.
[2022-03-15T05:18:09.668]Used random product state.
[2022-03-15T05:18:09.669]Used random product state.
[2022-03-15T05:18:09.670]Used random product state.
[2022-03-15T05:18:09.671]Used random product state.
[2022-03-15T05:18:09.671]Used random product state.
[2022-03-15T05:18:09.672]Used random product state.
[2022-03-15T05:18:09.673]Used random product state.
[2022-03-15T05:18:09.674]Used random product state.
[2022-03-15T05:18:09.675]Used random product state.
[2022-03-15T05:18:09.676]Used random product state.
[2022-03-15T05:18:09.677]Used random product state.
[2022-03-15T05:18:09.678]Used random product state.
[2022-03-15T05:18:09.679]Used random product state.
[2022-03-15T05:18:09.679]Used random product state.
[2022-03-15T05:18:09.680]Used random product state.
[2022-03-15T05:18:09.681]Used random product state.
[2022-03-15T05:18:09.682]Used random product state.
[2022-03-15T05:18:09.683]Used random product state.
[2022-03-15T05:18:09.684]Used random product state.
[2022-03-15T05:18:09.685]Used random product state.
[2022-03-15T05:18:09.686]Used random product state.
[2022-03-15T05:18:09.686]Used random product state.
[2022-03-15T05:18:09.687]Used random product state.
[2022-03-15T05:18:09.688]Used random product state.
[2022-03-15T05:18:09.689]Used random product state.
[2022-03-15T05:18:09.690]Used random product state.
[2022-03-15T05:18:09.691]Used random product state.
[2022-03-15T05:18:09.692]Used random product state.
[2022-03-15T05:18:09.693]Used random product state.
[2022-03-15T05:18:09.693]Used random product state.
[2022-03-15T05:18:09.694]Used random product state.
[2022-03-15T05:18:09.695]Used random product state.
[2022-03-15T05:18:09.696]Used random product state.
[2022-03-15T05:18:09.697]Used random product state.
[2022-03-15T05:18:09.699]Used random product state.
[2022-03-15T05:18:09.701]Used random product state.
[2022-03-15T05:18:09.704]Used random product state.
[2022-03-15T05:18:09.706]Used random product state.
[2022-03-15T05:18:09.709]Used random product state.
[2022-03-15T05:18:09.711]Used random product state.
[2022-03-15T05:18:09.714]Used random product state.
[2022-03-15T05:18:09.716]Used random product state.
[2022-03-15T05:18:09.718]Used random product state.
[2022-03-15T05:18:09.721]Used random product state.
[2022-03-15T05:18:09.723]Used random product state.
[2022-03-15T05:18:09.726]Used random product state.
[2022-03-15T05:18:09.728]Used random product state.
[2022-03-15T05:18:09.731]Used random product state.
[2022-03-15T05:18:09.733]Used random product state.
[2022-03-15T05:18:09.736]Used random product state.
[2022-03-15T05:18:09.742]Used random product state.
[2022-03-15T05:18:09.743]Used random product state.
[2022-03-15T05:18:09.744]Used random product state.
test38334.554214 seconds (84.57 M allocations: 43.707 TiB, 4.18% gc time, 0.05% compilation time)
[2022-03-15T15:57:07.531]Completed Shot 1, state 44
52970.770563 seconds (108.77 M allocations: 60.490 TiB, 4.18% gc time, 0.03% compilation time)
[2022-03-15T20:01:04.363]Completed Shot 1, state 78
67711.658266 seconds (133.84 M allocations: 77.522 TiB, 4.16% gc time, 0.03% compilation time)
[2022-03-16T00:06:45.195]Completed Shot 1, state 26
75469.107466 seconds (146.77 M allocations: 86.365 TiB, 4.16% gc time, 0.02% compilation time)
[2022-03-16T02:16:02.787]Completed Shot 1, state 69
75748.385030 seconds (147.24 M allocations: 86.684 TiB, 4.16% gc time, 0.02% compilation time)
[2022-03-16T02:20:41.894]Completed Shot 1, state 15
76380.035386 seconds (150.50 M allocations: 87.405 TiB, 4.16% gc time, 0.02% compilation time)
[2022-03-16T02:31:10.868]Completed Shot 1, state 1
83093.994752 seconds (159.42 M allocations: 95.038 TiB, 4.16% gc time, 0.02% compilation time)
[2022-03-16T04:23:07.570]Completed Shot 1, state 34
83316.844795 seconds (159.82 M allocations: 95.300 TiB, 4.16% gc time, 0.02% compilation time)
[2022-03-16T04:26:50.391]Completed Shot 1, state 68
90555.452884 seconds (172.11 M allocations: 103.525 TiB, 4.15% gc time, 0.02% compilation time)
[2022-03-16T06:27:28.937]Completed Shot 1, state 99
91034.263482 seconds (172.70 M allocations: 104.079 TiB, 4.15% gc time, 0.02% compilation time)
[2022-03-16T06:35:27.802]Completed Shot 1, state 50
91301.217425 seconds (173.15 M allocations: 104.393 TiB, 4.15% gc time, 0.02% compilation time)
[2022-03-16T06:39:54.760]Completed Shot 1, state 24
91546.077358 seconds (173.54 M allocations: 104.678 TiB, 4.15% gc time, 0.02% compilation time)
[2022-03-16T06:43:59.627]Completed Shot 1, state 62
91574.052811 seconds (173.63 M allocations: 104.711 TiB, 4.15% gc time, 0.02% compilation time)
[2022-03-16T06:44:27.582]Completed Shot 1, state 36
97737.170579 seconds (183.99 M allocations: 111.793 TiB, 4.15% gc time, 0.02% compilation time)
[2022-03-16T08:27:10.765]Completed Shot 1, state 87
98422.299282 seconds (185.45 M allocations: 112.589 TiB, 4.15% gc time, 0.02% compilation time)
[2022-03-16T08:38:35.648]Completed Shot 1, state 32
98449.724933 seconds (185.34 M allocations: 112.619 TiB, 4.15% gc time, 0.02% compilation time)
[2022-03-16T08:39:03.217]Completed Shot 1, state 74
98663.691733 seconds (185.70 M allocations: 112.865 TiB, 4.15% gc time, 0.02% compilation time)
[2022-03-16T08:42:37.183]Completed Shot 1, state 98
104754.947517 seconds (196.07 M allocations: 119.849 TiB, 4.15% gc time, 0.02% compilation time)
[2022-03-16T10:24:08.345]Completed Shot 1, state 94
105642.412254 seconds (197.53 M allocations: 120.855 TiB, 4.15% gc time, 0.02% compilation time)
[2022-03-16T10:38:55.888]Completed Shot 1, state 93
105719.560657 seconds (197.46 M allocations: 120.942 TiB, 4.15% gc time, 0.02% compilation time)
[2022-03-16T10:40:13.087]Completed Shot 1, state 95
105850.474692 seconds (197.70 M allocations: 121.094 TiB, 4.15% gc time, 0.02% compilation time)
[2022-03-16T10:42:23.983]Completed Shot 1, state 20
106567.724020 seconds (199.11 M allocations: 121.929 TiB, 4.15% gc time, 0.02% compilation time)
[2022-03-16T10:54:21.137]Completed Shot 1, state 51
107455.338190 seconds (200.58 M allocations: 122.958 TiB, 4.15% gc time, 0.02% compilation time)
[2022-03-16T11:09:08.783]Completed Shot 1, state 40
107606.640797 seconds (200.82 M allocations: 123.133 TiB, 4.15% gc time, 0.02% compilation time)
[2022-03-16T11:11:40.111]Completed Shot 1, state 84
107656.397954 seconds (200.73 M allocations: 123.191 TiB, 4.15% gc time, 0.02% compilation time)
[2022-03-16T11:12:29.917]Completed Shot 1, state 11
112351.147787 seconds (208.95 M allocations: 128.613 TiB, 4.15% gc time, 0.02% compilation time)
[2022-03-16T12:30:44.468]Completed Shot 1, state 23
113309.588379 seconds (210.51 M allocations: 129.683 TiB, 4.15% gc time, 0.02% compilation time)
[2022-03-16T12:46:43.033]Completed Shot 1, state 22
113448.841136 seconds (210.72 M allocations: 129.841 TiB, 4.15% gc time, 0.02% compilation time)
[2022-03-16T12:49:02.244]Completed Shot 1, state 85
113678.469228 seconds (211.25 M allocations: 130.109 TiB, 4.15% gc time, 0.02% compilation time)
[2022-03-16T12:52:51.424]Completed Shot 1, state 52
113819.295556 seconds (211.42 M allocations: 130.266 TiB, 4.15% gc time, 0.02% compilation time)
[2022-03-16T12:55:12.458]Completed Shot 1, state 41
113900.321930 seconds (211.54 M allocations: 130.358 TiB, 4.15% gc time, 0.02% compilation time)
[2022-03-16T12:56:33.557]Completed Shot 1, state 14
113938.568344 seconds (211.60 M allocations: 130.402 TiB, 4.15% gc time, 0.02% compilation time)
[2022-03-16T12:57:11.812]Completed Shot 1, state 66
114011.744018 seconds (211.68 M allocations: 130.485 TiB, 4.15% gc time, 0.02% compilation time)
[2022-03-16T12:58:25.091]Completed Shot 1, state 19
114258.892418 seconds (212.23 M allocations: 130.775 TiB, 4.15% gc time, 0.02% compilation time)
[2022-03-16T13:02:31.776]Completed Shot 1, state 38
114297.089540 seconds (212.21 M allocations: 130.813 TiB, 4.15% gc time, 0.02% compilation time)
[2022-03-16T13:03:10.292]Completed Shot 1, state 96
114629.233558 seconds (212.69 M allocations: 131.189 TiB, 4.15% gc time, 0.02% compilation time)
[2022-03-16T13:08:42.629]Completed Shot 1, state 88
114993.899440 seconds (213.44 M allocations: 131.597 TiB, 4.15% gc time, 0.02% compilation time)
[2022-03-16T13:14:46.711]Completed Shot 1, state 58
115463.843127 seconds (213.97 M allocations: 132.093 TiB, 4.14% gc time, 0.02% compilation time)
[2022-03-16T13:22:37.295]Completed Shot 1, state 81
115497.500175 seconds (214.21 M allocations: 132.140 TiB, 4.14% gc time, 0.02% compilation time)
[2022-03-16T13:23:10.379]Completed Shot 1, state 70
115511.929202 seconds (213.86 M allocations: 132.145 TiB, 4.14% gc time, 0.02% compilation time)
[2022-03-16T13:23:25.448]Completed Shot 1, state 35
119549.506283 seconds (220.68 M allocations: 136.615 TiB, 4.14% gc time, 0.02% compilation time)
[2022-03-16T14:30:42.857]Completed Shot 1, state 17
119621.536229 seconds (220.75 M allocations: 136.692 TiB, 4.14% gc time, 0.02% compilation time)
[2022-03-16T14:31:54.950]Completed Shot 1, state 29
120086.451757 seconds (221.56 M allocations: 137.213 TiB, 4.14% gc time, 0.02% compilation time)
[2022-03-16T14:39:39.782]Completed Shot 1, state 65
120963.686049 seconds (223.04 M allocations: 138.188 TiB, 4.14% gc time, 0.01% compilation time)
[2022-03-16T14:54:16.871]Completed Shot 1, state 53
121132.981113 seconds (223.28 M allocations: 138.372 TiB, 4.14% gc time, 0.01% compilation time)
[2022-03-16T14:57:06.310]Completed Shot 1, state 18
121235.227276 seconds (223.53 M allocations: 138.493 TiB, 4.14% gc time, 0.01% compilation time)
[2022-03-16T14:58:48.213]Completed Shot 1, state 92
121292.268653 seconds (223.55 M allocations: 138.551 TiB, 4.14% gc time, 0.01% compilation time)
[2022-03-16T14:59:45.553]Completed Shot 1, state 76
121366.175070 seconds (223.64 M allocations: 138.633 TiB, 4.14% gc time, 0.01% compilation time)
[2022-03-16T15:00:59.502]Completed Shot 1, state 43
121453.414126 seconds (223.80 M allocations: 138.731 TiB, 4.14% gc time, 0.01% compilation time)
[2022-03-16T15:02:26.717]Completed Shot 1, state 90
121630.074353 seconds (224.07 M allocations: 138.927 TiB, 4.14% gc time, 0.01% compilation time)
[2022-03-16T15:05:23.400]Completed Shot 1, state 82
122005.974838 seconds (224.57 M allocations: 139.337 TiB, 4.14% gc time, 0.01% compilation time)
[2022-03-16T15:11:39.454]Completed Shot 1, state 42
122271.909070 seconds (225.08 M allocations: 139.634 TiB, 4.14% gc time, 0.01% compilation time)
[2022-03-16T15:16:05.281]Completed Shot 1, state 83
122744.549660 seconds (225.97 M allocations: 140.163 TiB, 4.14% gc time, 0.01% compilation time)
[2022-03-16T15:23:57.518]Completed Shot 1, state 3
124394.953415 seconds (228.51 M allocations: 142.002 TiB, 4.14% gc time, 0.01% compilation time)
[2022-03-16T15:51:28.364]Completed Shot 1, state 54
127845.973922 seconds (234.16 M allocations: 145.821 TiB, 4.13% gc time, 0.01% compilation time)
[2022-03-16T16:48:59.417]Completed Shot 1, state 9
128048.323870 seconds (234.64 M allocations: 146.053 TiB, 4.13% gc time, 0.01% compilation time)
[2022-03-16T16:52:21.203]Completed Shot 1, state 47
128534.389555 seconds (235.34 M allocations: 146.585 TiB, 4.13% gc time, 0.01% compilation time)
[2022-03-16T17:00:27.599]Completed Shot 1, state 56
128606.182657 seconds (235.42 M allocations: 146.663 TiB, 4.13% gc time, 0.01% compilation time)
[2022-03-16T17:01:39.497]Completed Shot 1, state 37
128725.605912 seconds (235.54 M allocations: 146.792 TiB, 4.13% gc time, 0.01% compilation time)
[2022-03-16T17:03:39.062]Completed Shot 1, state 91
128726.647807 seconds (235.69 M allocations: 146.800 TiB, 4.13% gc time, 0.01% compilation time)
[2022-03-16T17:03:39.745]Completed Shot 1, state 75
128767.981720 seconds (235.78 M allocations: 146.848 TiB, 4.13% gc time, 0.01% compilation time)
[2022-03-16T17:04:20.962]Completed Shot 1, state 5
129201.740575 seconds (236.48 M allocations: 147.329 TiB, 4.13% gc time, 0.01% compilation time)
[2022-03-16T17:11:34.754]Completed Shot 1, state 31
129316.033224 seconds (236.55 M allocations: 147.450 TiB, 4.13% gc time, 0.01% compilation time)
[2022-03-16T17:13:29.404]Completed Shot 1, state 61
129529.823583 seconds (236.88 M allocations: 147.689 TiB, 4.13% gc time, 0.01% compilation time)
[2022-03-16T17:17:03.230]Completed Shot 1, state 55
129889.066544 seconds (237.47 M allocations: 148.096 TiB, 4.13% gc time, 0.01% compilation time)
[2022-03-16T17:23:02.471]Completed Shot 1, state 13
129890.314679 seconds (237.48 M allocations: 148.097 TiB, 4.13% gc time, 0.01% compilation time)
[2022-03-16T17:23:03.715]Completed Shot 1, state 48
129890.355571 seconds (237.50 M allocations: 148.098 TiB, 4.13% gc time, 0.01% compilation time)
[2022-03-16T17:23:03.715]Completed Shot 1, state 71
130078.889434 seconds (237.97 M allocations: 148.322 TiB, 4.13% gc time, 0.01% compilation time)
[2022-03-16T17:26:11.712]Completed Shot 1, state 59
130755.989024 seconds (239.15 M allocations: 149.148 TiB, 4.14% gc time, 0.01% compilation time)
[2022-03-16T17:37:28.953]Completed Shot 1, state 21
54700.059155 seconds (91.15 M allocations: 62.162 TiB, 4.12% gc time)
[2022-03-16T17:42:51.898]Completed Shot 1, state 2
131080.997244 seconds (239.65 M allocations: 149.550 TiB, 4.14% gc time, 0.01% compilation time)
[2022-03-16T17:42:54.290]Completed Shot 1, state 33
132446.444959 seconds (242.23 M allocations: 151.293 TiB, 4.17% gc time, 0.01% compilation time)
132446.810915 seconds (242.33 M allocations: 151.301 TiB, 4.17% gc time, 0.01% compilation time)
[[2022-03-16T18:05:39.7312022-03-16T18:05:39.731]Completed Shot 1, state 39
]Completed Shot 1, state 63
132503.415451 seconds (242.35 M allocations: 151.369 TiB, 4.17% gc time, 0.01% compilation time)
[2022-03-16T18:06:36.654]Completed Shot 1, state 79
132526.627612 seconds (242.42 M allocations: 151.401 TiB, 4.17% gc time, 0.01% compilation time)
[2022-03-16T18:06:59.782]Completed Shot 1, state 72
132546.860280 seconds (242.51 M allocations: 151.431 TiB, 4.17% gc time, 0.01% compilation time)
[2022-03-16T18:07:19.831]Completed Shot 1, state 97
132682.415372 seconds (242.71 M allocations: 151.604 TiB, 4.17% gc time, 0.01% compilation time)
[2022-03-16T18:09:35.615]Completed Shot 1, state 46
132704.935106 seconds (242.75 M allocations: 151.633 TiB, 4.18% gc time, 0.01% compilation time)
[2022-03-16T18:09:58.154]Completed Shot 1, state 49
132719.483814 seconds (242.83 M allocations: 151.657 TiB, 4.18% gc time, 0.01% compilation time)
[2022-03-16T18:10:12.510]Completed Shot 1, state 73
132787.416964 seconds (242.90 M allocations: 151.744 TiB, 4.18% gc time, 0.01% compilation time)
132787.342944 seconds (242.87 M allocations: 151.742 TiB, 4.18% gc time, 0.01% compilation time)
[[2022-03-16T18:11:20.676]Completed Shot 1, state 45
2022-03-16T18:11:20.676]Completed Shot 1, state 25
132864.701237 seconds (243.16 M allocations: 151.853 TiB, 4.18% gc time, 0.01% compilation time)
[2022-03-16T18:12:37.580]Completed Shot 1, state 67
132871.759729 seconds (243.07 M allocations: 151.856 TiB, 4.18% gc time, 0.01% compilation time)
[2022-03-16T18:12:45.021]Completed Shot 1, state 100
132884.637639 seconds (243.14 M allocations: 151.875 TiB, 4.18% gc time, 0.01% compilation time)
[2022-03-16T18:12:57.753]Completed Shot 1, state 80
132891.591971 seconds (243.15 M allocations: 151.884 TiB, 4.18% gc time, 0.01% compilation time)
[2022-03-16T18:13:04.716]Completed Shot 1, state 16
10188.776249 seconds (17.30 M allocations: 11.775 TiB, 4.80% gc time)
[2022-03-16T18:13:47.531]Completed Shot 1, state 4
132939.055384 seconds (243.26 M allocations: 151.944 TiB, 4.19% gc time, 0.01% compilation time)
[2022-03-16T18:13:52.082]Completed Shot 1, state 12
132996.588026 seconds (243.24 M allocations: 151.997 TiB, 4.19% gc time, 0.01% compilation time)
[2022-03-16T18:14:49.944]Completed Shot 1, state 28
133046.796802 seconds (243.40 M allocations: 152.046 TiB, 4.19% gc time, 0.01% compilation time)
[2022-03-16T18:15:39.837]Completed Shot 1, state 57
133064.492333 seconds (243.38 M allocations: 152.055 TiB, 4.19% gc time, 0.01% compilation time)
[2022-03-16T18:15:57.675]Completed Shot 1, state 64
133082.970952 seconds (243.38 M allocations: 152.066 TiB, 4.19% gc time, 0.01% compilation time)
[2022-03-16T18:16:16.222]Completed Shot 1, state 30
133109.187690 seconds (243.42 M allocations: 152.084 TiB, 4.19% gc time, 0.01% compilation time)
[2022-03-16T18:16:42.389]Completed Shot 1, state 7
133134.219083 seconds (243.55 M allocations: 152.122 TiB, 4.20% gc time, 0.01% compilation time)
[2022-03-16T18:17:07.110]Completed Shot 1, state 86
133144.614259 seconds (243.47 M allocations: 152.129 TiB, 4.20% gc time, 0.01% compilation time)
[2022-03-16T18:17:17.896]Completed Shot 1, state 89
133202.271399 seconds (243.60 M allocations: 152.201 TiB, 4.20% gc time, 0.01% compilation time)
[2022-03-16T18:18:15.442]Completed Shot 1, state 60
133358.087229 seconds (243.88 M allocations: 152.373 TiB, 4.21% gc time, 0.01% compilation time)
[2022-03-16T18:20:51.114]Completed Shot 1, state 10
4623.339367 seconds (8.16 M allocations: 5.559 TiB, 6.47% gc time)
133392.452879 seconds (243.92 M allocations: 152.406 TiB, 4.21% gc time, 0.01% compilation time)
[[2022-03-16T18:21:25.522]Completed Shot 1, state 6
2022-03-16T18:21:25.522]Completed Shot 1, state 27
134845.533622 seconds (245.84 M allocations: 153.692 TiB, 4.27% gc time, 0.01% compilation time)
[2022-03-16T18:45:38.501]Completed Shot 1, state 77
1751.356562 seconds (2.35 M allocations: 1.604 TiB, 10.24% gc time)
[2022-03-16T18:45:54.278]Completed Shot 1, state 8
[2022-03-16T18:45:54.282]**********Simulation completed!**********
[2022-03-16T18:45:54.282]**********Saving**********
[2022-03-16T18:45:55.967]Saving file: /lustre/work/ws/ws1/hd_ku269-logs/LightCones/2022-03-15/5263901_N17.jld2
[2022-03-16T18:45:59.396]**********Run completed!**********
