  Activating project at `/lustre/work/ws/ws1/hd_ku269-light_cones/LightCones`
Added MKL.jl
     Project LightCones v0.1.0
      Status `/lustre/work/ws/ws1/hd_ku269-light_cones/LightCones/Project.toml`
  [7d9fca2a] Arpack v0.5.3
  [7073ff75] IJulia v1.23.2
  [033835bb] JLD2 v0.4.22
  [0b1a1467] KrylovKit v0.5.3
  [d3d80556] LineSearches v7.1.1
  [33e6dc65] MKL v0.5.0
  [429524aa] Optim v1.6.2
  [91a5bcdd] Plots v1.27.0
  [c3e4b0f8] Pluto v0.18.2
  [3c0b384b] QuantumInformation v0.4.9
  [189a3867] Reexport v1.2.2
  [295af30f] Revise v3.3.3
  [ebcc8a00] SpinSymmetry v0.3.3
  [59d54670] ThreadedSparseArrays v0.2.1
  [ade2ca70] Dates
  [8ba89e20] Distributed
  [37e2e46d] LinearAlgebra
  [de0858da] Printf
  [9a3f8284] Random
  [1a1011a3] SharedArrays
  [2f01184e] SparseArrays
  [10745b16] Statistics
shared_krylov.jl
Working Directory:          /lustre/work/ws/ws1/hd_ku269-light_cones/LightCones
SLURM Directory:            /lustre/work/ws/ws1/hd_ku269-light_cones/LightCones 
Running on host:            n0717
Job id:                     5263899
Job name:                   otoc_simulation_N17_RPS
Number of nodes allocated:  
Number of cores allocated:  1
#threads of Julia:          96
#threads of BLAS:           1
ARGS = ["17", "1", "100", "z", "0"]
LOCATION = "/lustre/work/ws/ws1/hd_ku269-logs/LightCones/2022-03-14"
N = 17
SHOTS = 1
RANDOM_STATES = true
N_RANDOM_STATES = 100
OBSERVABLE = "z"
DISORDER_PARAM = 0.0
[2022-03-14T23:17:42.374]**********Running simulation**********
[2022-03-14T23:17:50.710]Used random product state.
[2022-03-14T23:17:50.711]Used random product state.
[2022-03-14T23:17:50.712]Used random product state.
[2022-03-14T23:17:50.712]Used random product state.
[2022-03-14T23:17:50.713]Used random product state.
[2022-03-14T23:17:50.714]Used random product state.
[2022-03-14T23:17:50.715]Used random product state.
[2022-03-14T23:17:50.716]Used random product state.
[2022-03-14T23:17:50.717]Used random product state.
[2022-03-14T23:17:50.717]Used random product state.
[2022-03-14T23:17:50.718]Used random product state.
[2022-03-14T23:17:50.719]Used random product state.
[2022-03-14T23:17:50.720]Used random product state.
[2022-03-14T23:17:50.721]Used random product state.
[2022-03-14T23:17:50.722]Used random product state.
[2022-03-14T23:17:50.722]Used random product state.
[2022-03-14T23:17:50.723]Used random product state.
[2022-03-14T23:17:50.724]Used random product state.
[2022-03-14T23:17:50.725]Used random product state.
[2022-03-14T23:17:50.726]Used random product state.
[2022-03-14T23:17:50.727]Used random product state.
[2022-03-14T23:17:50.727]Used random product state.
[2022-03-14T23:17:50.729]Used random product state.
[2022-03-14T23:17:50.732]Used random product state.
[2022-03-14T23:17:50.734]Used random product state.
[2022-03-14T23:17:50.736]Used random product state.
[2022-03-14T23:17:50.739]Used random product state.
[2022-03-14T23:17:50.741]Used random product state.
[2022-03-14T23:17:50.743]Used random product state.
[2022-03-14T23:17:50.746]Used random product state.
[2022-03-14T23:17:50.748]Used random product state.
[2022-03-14T23:17:50.750]Used random product state.
[2022-03-14T23:17:50.753]Used random product state.
[2022-03-14T23:17:50.755]Used random product state.
[2022-03-14T23:17:50.758]Used random product state.
[2022-03-14T23:17:50.760]Used random product state.
[2022-03-14T23:17:50.762]Used random product state.
[2022-03-14T23:17:50.765]Used random product state.
[2022-03-14T23:17:50.767]Used random product state.
[2022-03-14T23:17:50.769]Used random product state.
[2022-03-14T23:17:50.780]Used random product state.
[2022-03-14T23:17:50.781]Used random product state.
[2022-03-14T23:17:50.781]Used random product state.
[2022-03-14T23:17:50.782]Used random product state.
[2022-03-14T23:17:50.783]Used random product state.
[2022-03-14T23:17:50.784]Used random product state.
[2022-03-14T23:17:50.785]Used random product state.
[2022-03-14T23:17:50.786]Used random product state.
[2022-03-14T23:17:50.786]Used random product state.
[2022-03-14T23:17:50.787]Used random product state.
[2022-03-14T23:17:50.788]Used random product state.
[2022-03-14T23:17:50.789]Used random product state.
[2022-03-14T23:17:50.790]Used random product state.
[2022-03-14T23:17:50.791]Used random product state.
[2022-03-14T23:17:50.792]Used random product state.
[2022-03-14T23:17:50.792]Used random product state.
[2022-03-14T23:17:50.793]Used random product state.
[2022-03-14T23:17:50.794]Used random product state.
[2022-03-14T23:17:50.795]Used random product state.
[2022-03-14T23:17:50.796]Used random product state.
[2022-03-14T23:17:50.797]Used random product state.
[2022-03-14T23:17:50.797]Used random product state.
[2022-03-14T23:17:50.798]Used random product state.
[2022-03-14T23:17:50.799]Used random product state.
[2022-03-14T23:17:50.800]Used random product state.
[2022-03-14T23:17:50.801]Used random product state.
[2022-03-14T23:17:50.802]Used random product state.
[2022-03-14T23:17:50.802]Used random product state.
[2022-03-14T23:17:50.803]Used random product state.
[2022-03-14T23:17:50.804]Used random product state.
[2022-03-14T23:17:50.805]Used random product state.
[2022-03-14T23:17:50.806]Used random product state.
[2022-03-14T23:17:50.807]Used random product state.
[2022-03-14T23:17:50.807]Used random product state.
[2022-03-14T23:17:50.808]Used random product state.
[2022-03-14T23:17:50.809]Used random product state.
[2022-03-14T23:17:50.810]Used random product state.
[2022-03-14T23:17:50.811]Used random product state.
[2022-03-14T23:17:50.812]Used random product state.
[2022-03-14T23:17:50.813]Used random product state.
[2022-03-14T23:17:50.813]Used random product state.
[2022-03-14T23:17:50.815]Used random product state.
[2022-03-14T23:17:50.818]Used random product state.
[2022-03-14T23:17:50.820]Used random product state.
[2022-03-14T23:17:50.822]Used random product state.
[2022-03-14T23:17:50.825]Used random product state.
[2022-03-14T23:17:50.827]Used random product state.
[2022-03-14T23:17:50.830]Used random product state.
[2022-03-14T23:17:50.832]Used random product state.
[2022-03-14T23:17:50.834]Used random product state.
[2022-03-14T23:17:50.837]Used random product state.
[2022-03-14T23:17:50.839]Used random product state.
[2022-03-14T23:17:50.841]Used random product state.
[2022-03-14T23:17:50.844]Used random product state.
[2022-03-14T23:17:50.846]Used random product state.
[2022-03-14T23:17:50.848]Used random product state.
[2022-03-14T23:17:50.851]Used random product state.
[2022-03-14T23:17:50.858]Used random product state.
[2022-03-14T23:17:50.859]Used random product state.
[2022-03-14T23:17:50.860]Used random product state.
test38570.005459 seconds (87.81 M allocations: 43.841 TiB, 4.51% gc time, 0.05% compilation time)
[2022-03-15T10:00:44.530]Completed Shot 1, state 68
46311.041121 seconds (100.64 M allocations: 52.532 TiB, 4.50% gc time, 0.04% compilation time)
[2022-03-15T12:09:44.415]Completed Shot 1, state 1
53433.825270 seconds (112.33 M allocations: 60.555 TiB, 4.51% gc time, 0.03% compilation time)
[2022-03-15T14:08:28.229]Completed Shot 1, state 80
54517.647328 seconds (114.13 M allocations: 61.795 TiB, 4.51% gc time, 0.03% compilation time)
[2022-03-15T14:26:32.013]Completed Shot 1, state 65
76506.684940 seconds (150.61 M allocations: 86.654 TiB, 4.50% gc time, 0.02% compilation time)
[2022-03-15T20:33:00.798]Completed Shot 1, state 35
76607.857013 seconds (150.78 M allocations: 86.771 TiB, 4.50% gc time, 0.02% compilation time)
[2022-03-15T20:34:41.826]Completed Shot 1, state 46
76756.692059 seconds (151.02 M allocations: 86.936 TiB, 4.50% gc time, 0.02% compilation time)
[2022-03-15T20:37:10.952]Completed Shot 1, state 47
83987.339425 seconds (163.08 M allocations: 95.162 TiB, 4.50% gc time, 0.02% compilation time)
[2022-03-15T22:37:41.660]Completed Shot 1, state 61
84457.461789 seconds (163.87 M allocations: 95.702 TiB, 4.50% gc time, 0.02% compilation time)
[2022-03-15T22:45:31.565]Completed Shot 1, state 93
84935.320809 seconds (164.65 M allocations: 96.243 TiB, 4.50% gc time, 0.02% compilation time)
[2022-03-15T22:53:29.448]Completed Shot 1, state 82
86117.584744 seconds (166.60 M allocations: 97.585 TiB, 4.50% gc time, 0.02% compilation time)
[2022-03-15T23:13:11.629]Completed Shot 1, state 7
91248.962146 seconds (175.17 M allocations: 103.400 TiB, 4.49% gc time, 0.02% compilation time)
[2022-03-16T00:38:42.988]Completed Shot 1, state 83
91749.565060 seconds (175.99 M allocations: 103.963 TiB, 4.49% gc time, 0.02% compilation time)
[2022-03-16T00:47:03.618]Completed Shot 1, state 66
92785.432417 seconds (177.68 M allocations: 105.127 TiB, 4.49% gc time, 0.02% compilation time)
[2022-03-16T01:04:19.683]Completed Shot 1, state 56
93499.896465 seconds (178.85 M allocations: 105.932 TiB, 4.49% gc time, 0.02% compilation time)
[2022-03-16T01:16:13.901]Completed Shot 1, state 100
98920.253800 seconds (187.75 M allocations: 111.980 TiB, 4.49% gc time, 0.02% compilation time)
[2022-03-16T02:46:34.574]Completed Shot 1, state 13
107345.482864 seconds (201.70 M allocations: 121.500 TiB, 4.48% gc time, 0.02% compilation time)
[2022-03-16T05:06:59.485]Completed Shot 1, state 50
107521.018788 seconds (201.99 M allocations: 121.695 TiB, 4.48% gc time, 0.02% compilation time)
[2022-03-16T05:09:55.140]Completed Shot 1, state 34
108230.008150 seconds (203.16 M allocations: 122.502 TiB, 4.48% gc time, 0.02% compilation time)
[2022-03-16T05:21:43.878]Completed Shot 1, state 98
108307.228978 seconds (203.29 M allocations: 122.588 TiB, 4.48% gc time, 0.02% compilation time)
[2022-03-16T05:23:01.249]Completed Shot 1, state 74
108931.842101 seconds (204.14 M allocations: 123.286 TiB, 4.48% gc time, 0.02% compilation time)
[2022-03-16T05:33:26.511]Completed Shot 1, state 41
113354.361352 seconds (211.66 M allocations: 128.287 TiB, 4.48% gc time, 0.02% compilation time)
[2022-03-16T06:47:08.431]Completed Shot 1, state 54
113852.564389 seconds (212.48 M allocations: 128.846 TiB, 4.48% gc time, 0.02% compilation time)
[2022-03-16T06:55:26.569]Completed Shot 1, state 72
113937.677427 seconds (212.62 M allocations: 128.945 TiB, 4.48% gc time, 0.02% compilation time)
[2022-03-16T06:56:51.452]Completed Shot 1, state 22
114147.221314 seconds (212.90 M allocations: 129.171 TiB, 4.48% gc time, 0.02% compilation time)
[2022-03-16T07:00:21.783]Completed Shot 1, state 18
114304.806940 seconds (213.04 M allocations: 129.347 TiB, 4.48% gc time, 0.02% compilation time)
[2022-03-16T07:02:59.508]Completed Shot 1, state 59
114312.882262 seconds (213.24 M allocations: 129.364 TiB, 4.48% gc time, 0.02% compilation time)
[2022-03-16T07:03:06.866]Completed Shot 1, state 5
114489.382791 seconds (213.53 M allocations: 129.562 TiB, 4.47% gc time, 0.02% compilation time)
[2022-03-16T07:06:03.246]Completed Shot 1, state 87
114560.492320 seconds (213.65 M allocations: 129.642 TiB, 4.47% gc time, 0.02% compilation time)
[2022-03-16T07:07:14.337]Completed Shot 1, state 15
114863.842224 seconds (214.08 M allocations: 129.975 TiB, 4.47% gc time, 0.02% compilation time)
[2022-03-16T07:12:18.415]Completed Shot 1, state 32
114951.887027 seconds (214.29 M allocations: 130.079 TiB, 4.47% gc time, 0.02% compilation time)
[2022-03-16T07:13:45.932]Completed Shot 1, state 91
115431.928371 seconds (215.07 M allocations: 130.618 TiB, 4.47% gc time, 0.02% compilation time)
[2022-03-16T07:21:45.879]Completed Shot 1, state 99
115453.436586 seconds (215.10 M allocations: 130.641 TiB, 4.47% gc time, 0.02% compilation time)
[2022-03-16T07:22:07.447]Completed Shot 1, state 17
115486.472632 seconds (215.16 M allocations: 130.680 TiB, 4.47% gc time, 0.02% compilation time)
[2022-03-16T07:22:40.247]Completed Shot 1, state 12
115706.682352 seconds (215.52 M allocations: 130.926 TiB, 4.47% gc time, 0.02% compilation time)
[2022-03-16T07:26:20.834]Completed Shot 1, state 94
115779.120048 seconds (215.61 M allocations: 131.003 TiB, 4.47% gc time, 0.02% compilation time)
[2022-03-16T07:27:33.580]Completed Shot 1, state 85
115813.704193 seconds (215.51 M allocations: 131.040 TiB, 4.47% gc time, 0.02% compilation time)
[2022-03-16T07:28:08.404]Completed Shot 1, state 84
115815.765369 seconds (215.70 M allocations: 131.050 TiB, 4.47% gc time, 0.02% compilation time)
[2022-03-16T07:28:09.652]Completed Shot 1, state 26
116891.285539 seconds (217.27 M allocations: 132.237 TiB, 4.47% gc time, 0.01% compilation time)
[2022-03-16T07:46:06]Completed Shot 1, state 11
117140.302033 seconds (217.73 M allocations: 132.511 TiB, 4.47% gc time, 0.01% compilation time)
[2022-03-16T07:50:14.917]Completed Shot 1, state 45
120500.428552 seconds (223.27 M allocations: 136.213 TiB, 4.47% gc time, 0.02% compilation time)
[2022-03-16T08:46:14.563]Completed Shot 1, state 71
121170.990616 seconds (224.36 M allocations: 136.945 TiB, 4.46% gc time, 0.02% compilation time)
[2022-03-16T08:57:25.162]Completed Shot 1, state 95
121241.600150 seconds (224.45 M allocations: 137.019 TiB, 4.46% gc time, 0.01% compilation time)
[2022-03-16T08:58:36.031]Completed Shot 1, state 52
121306.442161 seconds (224.36 M allocations: 137.086 TiB, 4.46% gc time, 0.01% compilation time)
[2022-03-16T08:59:41.161]Completed Shot 1, state 19
122285.326741 seconds (226.10 M allocations: 138.171 TiB, 4.46% gc time, 0.01% compilation time)
[2022-03-16T09:15:59.887]Completed Shot 1, state 37
122431.008958 seconds (226.27 M allocations: 138.331 TiB, 4.46% gc time, 0.01% compilation time)
[2022-03-16T09:18:25.646]Completed Shot 1, state 43
122812.982287 seconds (226.90 M allocations: 138.752 TiB, 4.46% gc time, 0.01% compilation time)
[2022-03-16T09:24:47.611]Completed Shot 1, state 92
122901.136820 seconds (227.16 M allocations: 138.856 TiB, 4.46% gc time, 0.02% compilation time)
[2022-03-16T09:26:15.207]Completed Shot 1, state 49
122911.248774 seconds (227.18 M allocations: 138.868 TiB, 4.46% gc time, 0.02% compilation time)
[2022-03-16T09:26:25.111]Completed Shot 1, state 62
123095.527638 seconds (227.43 M allocations: 139.061 TiB, 4.46% gc time, 0.01% compilation time)
[2022-03-16T09:29:30.037]Completed Shot 1, state 21
123131.636370 seconds (227.40 M allocations: 139.097 TiB, 4.46% gc time, 0.01% compilation time)
[2022-03-16T09:30:06.260]Completed Shot 1, state 42
123269.515130 seconds (227.61 M allocations: 139.249 TiB, 4.46% gc time, 0.01% compilation time)
[2022-03-16T09:32:24.150]Completed Shot 1, state 97
123367.401661 seconds (227.84 M allocations: 139.357 TiB, 4.46% gc time, 0.01% compilation time)
[2022-03-16T09:34:01.953]Completed Shot 1, state 40
77955.290483 seconds (128.77 M allocations: 87.815 TiB, 4.44% gc time)
[2022-03-16T09:49:00.754]Completed Shot 1, state 2
124654.315600 seconds (229.93 M allocations: 140.758 TiB, 4.46% gc time, 0.01% compilation time)
[2022-03-16T09:55:28.319]Completed Shot 1, state 14
124714.374799 seconds (229.96 M allocations: 140.814 TiB, 4.46% gc time, 0.01% compilation time)
[2022-03-16T09:56:28.932]Completed Shot 1, state 88
128842.538858 seconds (236.48 M allocations: 145.251 TiB, 4.45% gc time, 0.01% compilation time)
[2022-03-16T11:05:17.138]Completed Shot 1, state 60
129026.808557 seconds (236.74 M allocations: 145.450 TiB, 4.45% gc time, 0.01% compilation time)
[2022-03-16T11:08:21.423]Completed Shot 1, state 20
129316.790909 seconds (237.25 M allocations: 145.766 TiB, 4.45% gc time, 0.01% compilation time)
[2022-03-16T11:13:11.325]Completed Shot 1, state 39
129406.015686 seconds (237.38 M allocations: 145.863 TiB, 4.45% gc time, 0.01% compilation time)
[2022-03-16T11:14:40.582]Completed Shot 1, state 3
129593.735700 seconds (237.68 M allocations: 146.066 TiB, 4.45% gc time, 0.01% compilation time)
[2022-03-16T11:17:48.300]Completed Shot 1, state 25
15502.144905 seconds (24.86 M allocations: 16.951 TiB, 4.23% gc time)
[2022-03-16T11:21:30.209]Completed Shot 1, state 6
130294.741068 seconds (238.69 M allocations: 146.830 TiB, 4.44% gc time, 0.01% compilation time)
[2022-03-16T11:29:29.433]Completed Shot 1, state 9
130301.212695 seconds (238.88 M allocations: 146.845 TiB, 4.44% gc time, 0.01% compilation time)
[2022-03-16T11:29:35.195]Completed Shot 1, state 24
130303.419764 seconds (238.89 M allocations: 146.848 TiB, 4.44% gc time, 0.01% compilation time)
[2022-03-16T11:29:37.290]Completed Shot 1, state 81
130466.356186 seconds (239.10 M allocations: 147.019 TiB, 4.44% gc time, 0.01% compilation time)
[2022-03-16T11:32:20.875]Completed Shot 1, state 64
130801.581927 seconds (239.64 M allocations: 147.388 TiB, 4.44% gc time, 0.01% compilation time)
[2022-03-16T11:37:56.093]Completed Shot 1, state 33
131030.178644 seconds (240.06 M allocations: 147.648 TiB, 4.44% gc time, 0.01% compilation time)
[2022-03-16T11:41:44.134]Completed Shot 1, state 75
131178.087454 seconds (240.29 M allocations: 147.810 TiB, 4.44% gc time, 0.01% compilation time)
[2022-03-16T11:44:12.042]Completed Shot 1, state 44
131356.184418 seconds (240.58 M allocations: 148.004 TiB, 4.44% gc time, 0.01% compilation time)
[2022-03-16T11:47:10.149]Completed Shot 1, state 76
131684.755303 seconds (241.01 M allocations: 148.358 TiB, 4.44% gc time, 0.01% compilation time)
[2022-03-16T11:52:39.372]Completed Shot 1, state 23
46585.475240 seconds (76.19 M allocations: 51.940 TiB, 4.35% gc time)
[2022-03-16T12:09:38.628]Completed Shot 1, state 8
134773.745213 seconds (246.19 M allocations: 151.949 TiB, 4.47% gc time, 0.01% compilation time)
[2022-03-16T12:44:08.445]Completed Shot 1, state 28
135403.326737 seconds (247.50 M allocations: 152.717 TiB, 4.47% gc time, 0.01% compilation time)
[2022-03-16T12:54:37.752]Completed Shot 1, state 77
135507.019424 seconds (247.70 M allocations: 152.848 TiB, 4.47% gc time, 0.01% compilation time)
[2022-03-16T12:56:21.039]Completed Shot 1, state 70
135594.243889 seconds (247.86 M allocations: 152.952 TiB, 4.48% gc time, 0.01% compilation time)
[2022-03-16T12:57:48.459]Completed Shot 1, state 51
135793.699228 seconds (248.12 M allocations: 153.186 TiB, 4.48% gc time, 0.01% compilation time)
[2022-03-16T13:01:08.300]Completed Shot 1, state 78
135796.919892 seconds (248.22 M allocations: 153.198 TiB, 4.48% gc time, 0.01% compilation time)
[2022-03-16T13:01:10.973]Completed Shot 1, state 96
135852.549743 seconds (248.32 M allocations: 153.266 TiB, 4.48% gc time, 0.01% compilation time)
[2022-03-16T13:02:06.358]Completed Shot 1, state 63
135855.824386 seconds (248.21 M allocations: 153.261 TiB, 4.48% gc time, 0.01% compilation time)
[135855.726736 seconds (248.12 M allocations: 153.261 TiB, 4.48% gc time, 0.01% compilation time)
2022-03-16T13:02:10.440]Completed Shot 1, state 86
[2022-03-16T13:02:10.440]Completed Shot 1, state 73
135868.348959 seconds (248.35 M allocations: 153.283 TiB, 4.48% gc time, 0.01% compilation time)
[2022-03-16T13:02:22.561]Completed Shot 1, state 90
135971.682552 seconds (248.52 M allocations: 153.399 TiB, 4.48% gc time, 0.01% compilation time)
[2022-03-16T13:04:05.749]Completed Shot 1, state 16
135975.947923 seconds (248.49 M allocations: 153.399 TiB, 4.48% gc time, 0.01% compilation time)
[2022-03-16T13:04:10.429]Completed Shot 1, state 31
136002.760447 seconds (248.38 M allocations: 153.422 TiB, 4.48% gc time, 0.01% compilation time)
[2022-03-16T13:04:37.452]Completed Shot 1, state 38
136058.973464 seconds (248.46 M allocations: 153.473 TiB, 4.49% gc time, 0.01% compilation time)
[2022-03-16T13:05:33.645]Completed Shot 1, state 69
136078.199798 seconds (248.66 M allocations: 153.495 TiB, 4.49% gc time, 0.01% compilation time)
[2022-03-16T13:05:52.439]Completed Shot 1, state 27
136079.550209 seconds (248.65 M allocations: 153.493 TiB, 4.49% gc time, 0.01% compilation time)
[2022-03-16T13:05:53.961]Completed Shot 1, state 48
136106.846916 seconds (248.54 M allocations: 153.507 TiB, 4.49% gc time, 0.01% compilation time)
[2022-03-16T13:06:21.504]Completed Shot 1, state 57
136129.063610 seconds (248.69 M allocations: 153.524 TiB, 4.49% gc time, 0.01% compilation time)
[2022-03-16T13:06:43.513]Completed Shot 1, state 53
136133.566337 seconds (248.67 M allocations: 153.525 TiB, 4.49% gc time, 0.01% compilation time)
[2022-03-16T13:06:48.071]Completed Shot 1, state 55
136152.413716 seconds (248.73 M allocations: 153.541 TiB, 4.49% gc time, 0.01% compilation time)
[2022-03-16T13:07:06.364]Completed Shot 1, state 79
136154.389773 seconds (248.56 M allocations: 153.533 TiB, 4.49% gc time, 0.01% compilation time)
[2022-03-16T13:07:09.056]Completed Shot 1, state 30
136159.366071 seconds (248.62 M allocations: 153.534 TiB, 4.49% gc time, 0.01% compilation time)
6752.028916 seconds (11.28 M allocations: 7.670 TiB, 5.31% gc time)
[[2022-03-16T13:07:13.985]Completed Shot 1, state 36
2022-03-16T13:07:13.985]Completed Shot 1, state 4
136179.538788 seconds (248.73 M allocations: 153.545 TiB, 4.49% gc time, 0.01% compilation time)
[136179.337226 seconds (248.64 M allocations: 153.540 TiB, 4.49% gc time, 0.01% compilation time)
[2022-03-16T13:07:33.945]Completed Shot 1, state 10
2022-03-16T13:07:33.945]Completed Shot 1, state 58
136248.490210 seconds (248.72 M allocations: 153.555 TiB, 4.49% gc time, 0.01% compilation time)
[2022-03-16T13:08:42.992]Completed Shot 1, state 29
136251.606119 seconds (248.71 M allocations: 153.555 TiB, 4.49% gc time, 0.01% compilation time)
[2022-03-16T13:08:46.112]Completed Shot 1, state 89
136284.277112 seconds (248.76 M allocations: 153.562 TiB, 4.49% gc time, 0.01% compilation time)
[2022-03-16T13:09:18.483]Completed Shot 1, state 67
[2022-03-16T13:09:18.486]**********Simulation completed!**********
[2022-03-16T13:09:18.487]**********Saving**********
[2022-03-16T13:09:19.356]Saving file: /lustre/work/ws/ws1/hd_ku269-logs/LightCones/2022-03-14/5263899_N17.jld2
[2022-03-16T13:09:23.812]**********Run completed!**********
