Added MKL.jl
Project LightCones v0.1.0
Status `/gpfs/bwfor/work/ws/hd_ku269-light_cones/WorkingFolder/Project.toml`
⌃ [7d9fca2a] Arpack v0.5.3
⌃ [7073ff75] IJulia v1.23.3
⌃ [033835bb] JLD2 v0.4.25
  [0b1a1467] KrylovKit v0.6.0
  [d3d80556] LineSearches v7.2.0
  [33e6dc65] MKL v0.6.0
⌃ [429524aa] Optim v1.7.3
⌃ [91a5bcdd] Plots v1.35.5
⌃ [c3e4b0f8] Pluto v0.19.14
  [3c0b384b] QuantumInformation v0.4.9
  [189a3867] Reexport v1.2.2
⌃ [295af30f] Revise v3.4.0
  [ebcc8a00] SpinSymmetry v0.3.3
  [59d54670] ThreadedSparseArrays v0.2.2
  [ade2ca70] Dates
  [8ba89e20] Distributed
  [37e2e46d] LinearAlgebra
  [de0858da] Printf
  [9a3f8284] Random
  [1a1011a3] SharedArrays
  [2f01184e] SparseArrays
  [10745b16] Statistics
Info Packages marked with ⌃ have new versions available and may be upgradable.
[2023-01-09T09:15:41.306]**********RANDOM FIELDS**********
shared_krylov.jl
Working Directory:          /gpfs/bwfor/work/ws/hd_ku269-light_cones/WorkingFolder
SLURM Directory:            /gpfs/bwfor/work/ws/hd_ku269-light_cones/WorkingFolder 
Running on host:            m08n14
Job id:                     468874
Job name:                   otoc_simulation_N11_TR_FIDONLY
Number of nodes allocated:  
Number of cores allocated:  1
#threads of Julia:          64
#threads of BLAS:           1
ARGS = ["11", "10", "50", "BS", "x", "6", "50", "WAHUHA"]
LOCATION = "/gpfs/bwfor/work/ws/hd_ku269-logs/LightCones/2023-01-09"
N = 11
SHOTS = 10
MULT_RANDOM_STATES = true
N_RANDOM_STATES = 50
TYPE_OF_RS = "BS"
OBSERVABLE = "x"
DISORDER_PARAM = 6.0
[2023-01-09T09:15:41.761]**********Running simulation**********
[2023-01-09T09:15:41.827]trange = 0.1:0.1:20.0
[2023-01-09T09:15:42.173]A = σx
[2023-01-09T09:15:42.626]alpha=6
[2023-01-09T09:15:42.626]PBC
4[2023-01-09T09:15:45.353]Operations set up.
Using multiple states.
2321.896062 seconds (1.83 G allocations: 4.472 TiB, 16.63% gc time, 0.06% compilation time)
2321.918768 seconds (1.83 G allocations: 4.472 TiB, 16.63% gc time, 0.07% compilation time)
[2023-01-09T09:54:42.064]Completed Shot 1, state 25
[2023-01-09T09:54:42.064]Completed Shot 1, state 38
2323.261222 seconds (1.83 G allocations: 4.477 TiB, 16.62% gc time, 0.07% compilation time)
[2023-01-09T09:54:43.357]Completed Shot 1, state 4
2323.644545 seconds (1.83 G allocations: 4.478 TiB, 16.62% gc time, 0.07% compilation time)
[2023-01-09T09:54:43.571]Completed Shot 1, state 11
2323.764917 seconds (1.83 G allocations: 4.479 TiB, 16.62% gc time, 0.07% compilation time)
[2023-01-09T09:54:43.847]Completed Shot 1, state 23
2325.983204 seconds (1.84 G allocations: 4.481 TiB, 16.67% gc time, 0.07% compilation time)
[2023-01-09T09:54:46.061]Completed Shot 1, state 30
2326.108265 seconds (1.84 G allocations: 4.481 TiB, 16.67% gc time, 0.07% compilation time)
[2023-01-09T09:54:46.181]Completed Shot 1, state 16
2327.160868 seconds (1.84 G allocations: 4.485 TiB, 16.67% gc time, 0.07% compilation time)
[2023-01-09T09:54:47.239]Completed Shot 1, state 10
2327.376455 seconds (1.84 G allocations: 4.485 TiB, 16.66% gc time, 0.07% compilation time)
[2023-01-09T09:54:47.301]Completed Shot 1, state 19
2327.680611 seconds (1.84 G allocations: 4.486 TiB, 16.66% gc time, 0.07% compilation time)
[2023-01-09T09:54:47.629]Completed Shot 1, state 33
2328.833485 seconds (1.84 G allocations: 4.491 TiB, 16.65% gc time, 0.07% compilation time)
[2023-01-09T09:54:48.820]Completed Shot 1, state 21
2328.975797 seconds (1.84 G allocations: 4.492 TiB, 16.65% gc time, 0.07% compilation time)
[2023-01-09T09:54:49.070]Completed Shot 1, state 41
2329.127102 seconds (1.84 G allocations: 4.492 TiB, 16.65% gc time, 0.07% compilation time)
[2023-01-09T09:54:49.183]Completed Shot 1, state 17
2329.425286 seconds (1.84 G allocations: 4.493 TiB, 16.65% gc time, 0.07% compilation time)
[2023-01-09T09:54:49.494]Completed Shot 1, state 47
2333.770156 seconds (1.84 G allocations: 4.493 TiB, 16.62% gc time, 0.25% compilation time)
[2023-01-09T09:54:49.602]Completed Shot 1, state 24
2330.086584 seconds (1.84 G allocations: 4.494 TiB, 16.64% gc time, 0.09% compilation time)
[2023-01-09T09:54:49.696]Completed Shot 1, state 5
2331.653783 seconds (1.84 G allocations: 4.495 TiB, 16.68% gc time, 0.09% compilation time)
[2023-01-09T09:54:51.264]Completed Shot 1, state 46
2331.494519 seconds (1.84 G allocations: 4.496 TiB, 16.68% gc time, 0.07% compilation time)
[2023-01-09T09:54:51.583]Completed Shot 1, state 34
2332.042014 seconds (1.84 G allocations: 4.498 TiB, 16.68% gc time, 0.07% compilation time)
[2023-01-09T09:54:52.140]Completed Shot 1, state 22
2332.152231 seconds (1.84 G allocations: 4.498 TiB, 16.68% gc time, 0.07% compilation time)
[2023-01-09T09:54:52.221]Completed Shot 1, state 39
2332.189456 seconds (1.84 G allocations: 4.498 TiB, 16.68% gc time, 0.07% compilation time)
[2023-01-09T09:54:52.274]Completed Shot 1, state 15
2332.323881 seconds (1.84 G allocations: 4.498 TiB, 16.68% gc time, 0.07% compilation time)
[2023-01-09T09:54:52.404]Completed Shot 1, state 18
2332.465944 seconds (1.84 G allocations: 4.499 TiB, 16.68% gc time, 0.07% compilation time)
2332.571013 seconds (1.84 G allocations: 4.499 TiB, 16.68% gc time, 0.07% compilation time)
[2023-01-09T09:54:52.557]Completed Shot 1, state 40
[2023-01-09T09:54:52.557]Completed Shot 1, state 8
2332.893846 seconds (1.84 G allocations: 4.499 TiB, 16.67% gc time, 0.08% compilation time)
[2023-01-09T09:54:52.758]Completed Shot 1, state 7
2333.130576 seconds (1.84 G allocations: 4.500 TiB, 16.67% gc time, 0.08% compilation time)
[2023-01-09T09:54:52.995]Completed Shot 1, state 6
2333.400222 seconds (1.84 G allocations: 4.500 TiB, 16.67% gc time, 0.09% compilation time)
[2023-01-09T09:54:53.009]Completed Shot 1, state 31
2333.281633 seconds (1.84 G allocations: 4.501 TiB, 16.67% gc time, 0.07% compilation time)
[2023-01-09T09:54:53.356]Completed Shot 1, state 2
2333.277263 seconds (1.84 G allocations: 4.501 TiB, 16.67% gc time, 0.07% compilation time)
[2023-01-09T09:54:53.374]Completed Shot 1, state 12
2333.409016 seconds (1.84 G allocations: 4.502 TiB, 16.67% gc time, 0.07% compilation time)
[2023-01-09T09:54:53.497]Completed Shot 1, state 45
2337.769342 seconds (1.85 G allocations: 4.502 TiB, 16.64% gc time, 0.25% compilation time)
[2023-01-09T09:54:53.601]Completed Shot 1, state 20
2334.036915 seconds (1.84 G allocations: 4.502 TiB, 16.67% gc time, 0.09% compilation time)
[2023-01-09T09:54:53.647]Completed Shot 1, state 36
2334.097074 seconds (1.84 G allocations: 4.502 TiB, 16.67% gc time, 0.09% compilation time)
[2023-01-09T09:54:53.708]Completed Shot 1, state 14
2333.696792 seconds (1.84 G allocations: 4.502 TiB, 16.67% gc time, 0.07% compilation time)
[2023-01-09T09:54:53.769]Completed Shot 1, state 49
2334.904907 seconds (1.85 G allocations: 4.503 TiB, 16.69% gc time, 0.07% compilation time)
[2023-01-09T09:54:55.003]Completed Shot 1, state 37
2335.185817 seconds (1.85 G allocations: 4.504 TiB, 16.69% gc time, 0.08% compilation time)
[2023-01-09T09:54:55.050]Completed Shot 1, state 3
2335.196306 seconds (1.85 G allocations: 4.504 TiB, 16.69% gc time, 0.07% compilation time)
[2023-01-09T09:54:55.265]Completed Shot 1, state 9
2335.567027 seconds (1.85 G allocations: 4.505 TiB, 16.69% gc time, 0.07% compilation time)
[2023-01-09T09:54:55.659]Completed Shot 1, state 43
2335.727381 seconds (1.85 G allocations: 4.505 TiB, 16.69% gc time, 0.07% compilation time)
[2023-01-09T09:54:55.796]Completed Shot 1, state 28
2336.519363 seconds (1.85 G allocations: 4.506 TiB, 16.68% gc time, 0.09% compilation time)
[2023-01-09T09:54:56.129]Completed Shot 1, state 42
2336.257438 seconds (1.85 G allocations: 4.506 TiB, 16.68% gc time, 0.07% compilation time)
[2023-01-09T09:54:56.348]Completed Shot 1, state 35
2336.525633 seconds (1.85 G allocations: 4.506 TiB, 16.68% gc time, 0.07% compilation time)
[2023-01-09T09:54:56.450]Completed Shot 1, state 48
2340.682412 seconds (1.85 G allocations: 4.506 TiB, 16.65% gc time, 0.25% compilation time)
[2023-01-09T09:54:56.514]Completed Shot 1, state 27
2340.728710 seconds (1.85 G allocations: 4.506 TiB, 16.65% gc time, 0.25% compilation time)
[2023-01-09T09:54:56.560]Completed Shot 1, state 1
2337.069866 seconds (1.85 G allocations: 4.506 TiB, 16.68% gc time, 0.09% compilation time)
[2023-01-09T09:54:56.680]Completed Shot 1, state 50
2336.902184 seconds (1.85 G allocations: 4.506 TiB, 16.68% gc time, 0.07% compilation time)
[2023-01-09T09:54:56.827]Completed Shot 1, state 13
2337.888897 seconds (1.85 G allocations: 4.507 TiB, 16.68% gc time, 0.09% compilation time)
[2023-01-09T09:54:57.499]Completed Shot 1, state 29
2337.531501 seconds (1.85 G allocations: 4.507 TiB, 16.68% gc time, 0.07% compilation time)
[2023-01-09T09:54:57.614]Completed Shot 1, state 32
2342.134874 seconds (1.85 G allocations: 4.507 TiB, 16.65% gc time, 0.25% compilation time)
[2023-01-09T09:54:57.967]Completed Shot 1, state 26
2338.321135 seconds (1.85 G allocations: 4.507 TiB, 16.68% gc time, 0.07% compilation time)
[2023-01-09T09:54:58.407]Completed Shot 1, state 44
2172.768790 seconds (1.90 G allocations: 4.634 TiB, 19.70% gc time)
[2023-01-09T10:31:11.180]Completed Shot 2, state 33
2173.666015 seconds (1.90 G allocations: 4.638 TiB, 19.69% gc time)
[2023-01-09T10:31:12.077]Completed Shot 2, state 26
2175.138412 seconds (1.90 G allocations: 4.643 TiB, 19.68% gc time)
[2023-01-09T10:31:13.550]Completed Shot 2, state 34
2177.392422 seconds (1.90 G allocations: 4.647 TiB, 19.70% gc time)
[2023-01-09T10:31:15.803]Completed Shot 2, state 14
2178.411049 seconds (1.90 G allocations: 4.651 TiB, 19.69% gc time)
[2023-01-09T10:31:16.823]Completed Shot 2, state 37
2178.485205 seconds (1.90 G allocations: 4.651 TiB, 19.69% gc time)
[2023-01-09T10:31:16.895]Completed Shot 2, state 6
2180.573001 seconds (1.90 G allocations: 4.656 TiB, 19.70% gc time)
[2023-01-09T10:31:18.985]Completed Shot 2, state 43
2181.008069 seconds (1.90 G allocations: 4.657 TiB, 19.70% gc time)
[2023-01-09T10:31:19.419]Completed Shot 2, state 25
2181.618610 seconds (1.91 G allocations: 4.659 TiB, 19.70% gc time)
[2023-01-09T10:31:20.029]Completed Shot 2, state 9
2181.865954 seconds (1.91 G allocations: 4.660 TiB, 19.69% gc time)
[2023-01-09T10:31:20.278]Completed Shot 2, state 41
2182.056098 seconds (1.91 G allocations: 4.661 TiB, 19.69% gc time)
[2023-01-09T10:31:20.465]Completed Shot 2, state 2
2182.303319 seconds (1.91 G allocations: 4.662 TiB, 19.69% gc time)
[2023-01-09T10:31:20.714]Completed Shot 2, state 18
2183.519357 seconds (1.91 G allocations: 4.664 TiB, 19.71% gc time)
[2023-01-09T10:31:21.930]Completed Shot 2, state 23
2184.155624 seconds (1.91 G allocations: 4.666 TiB, 19.70% gc time)
[2023-01-09T10:31:22.566]Completed Shot 2, state 12
2184.241620 seconds (1.91 G allocations: 4.666 TiB, 19.70% gc time)
[2023-01-09T10:31:22.653]Completed Shot 2, state 40
2184.263314 seconds (1.91 G allocations: 4.666 TiB, 19.70% gc time)
[2023-01-09T10:31:22.674]Completed Shot 2, state 13
2184.302529 seconds (1.91 G allocations: 4.666 TiB, 19.70% gc time)
[2023-01-09T10:31:22.713]Completed Shot 2, state 15
2184.420883 seconds (1.91 G allocations: 4.667 TiB, 19.70% gc time)
[2023-01-09T10:31:22.831]Completed Shot 2, state 10
2184.819065 seconds (1.91 G allocations: 4.668 TiB, 19.70% gc time)
[2023-01-09T10:31:23.230]Completed Shot 2, state 28
2184.893527 seconds (1.91 G allocations: 4.668 TiB, 19.70% gc time)
[2023-01-09T10:31:23.303]Completed Shot 2, state 3
2185.482617 seconds (1.91 G allocations: 4.669 TiB, 19.71% gc time)
[2023-01-09T10:31:23.894]Completed Shot 2, state 35
2185.555847 seconds (1.91 G allocations: 4.669 TiB, 19.71% gc time)
[2023-01-09T10:31:23.966]Completed Shot 2, state 11
2185.699330 seconds (1.91 G allocations: 4.669 TiB, 19.71% gc time)
[2023-01-09T10:31:24.110]Completed Shot 2, state 22
2185.801103 seconds (1.91 G allocations: 4.670 TiB, 19.71% gc time)
[2023-01-09T10:31:24.211]Completed Shot 2, state 7
2185.931920 seconds (1.91 G allocations: 4.670 TiB, 19.71% gc time)
[2023-01-09T10:31:24.342]Completed Shot 2, state 5
2186.044122 seconds (1.91 G allocations: 4.670 TiB, 19.71% gc time)
[2023-01-09T10:31:24.454]Completed Shot 2, state 8
2186.203560 seconds (1.91 G allocations: 4.671 TiB, 19.71% gc time)
[2023-01-09T10:31:24.613]Completed Shot 2, state 1
2186.430813 seconds (1.91 G allocations: 4.671 TiB, 19.70% gc time)
[2023-01-09T10:31:24.842]Completed Shot 2, state 36
2186.451299 seconds (1.91 G allocations: 4.671 TiB, 19.70% gc time)
[2023-01-09T10:31:24.863]Completed Shot 2, state 29
2186.613716 seconds (1.91 G allocations: 4.672 TiB, 19.70% gc time)
[2023-01-09T10:31:25.024]Completed Shot 2, state 17
2186.623573 seconds (1.91 G allocations: 4.672 TiB, 19.70% gc time)
[2023-01-09T10:31:25.036]Completed Shot 2, state 48
2187.605436 seconds (1.91 G allocations: 4.673 TiB, 19.71% gc time)
[2023-01-09T10:31:26.017]Completed Shot 2, state 31
2187.710927 seconds (1.91 G allocations: 4.674 TiB, 19.71% gc time)
[2023-01-09T10:31:26.123]Completed Shot 2, state 44
2187.904792 seconds (1.91 G allocations: 4.674 TiB, 19.71% gc time)
[2023-01-09T10:31:26.316]Completed Shot 2, state 30
2187.942062 seconds (1.91 G allocations: 4.674 TiB, 19.71% gc time)
[2023-01-09T10:31:26.352]Completed Shot 2, state 16
2188.018448 seconds (1.91 G allocations: 4.674 TiB, 19.70% gc time)
[2023-01-09T10:31:26.429]Completed Shot 2, state 27
2188.071230 seconds (1.91 G allocations: 4.674 TiB, 19.70% gc time)
[2023-01-09T10:31:26.483]Completed Shot 2, state 38
2188.405791 seconds (1.91 G allocations: 4.675 TiB, 19.70% gc time)
[2023-01-09T10:31:26.818]Completed Shot 2, state 45
2188.445899 seconds (1.91 G allocations: 4.675 TiB, 19.70% gc time)
[2023-01-09T10:31:26.855]Completed Shot 2, state 4
2188.987620 seconds (1.91 G allocations: 4.676 TiB, 19.70% gc time)
[2023-01-09T10:31:27.399]Completed Shot 2, state 42
2188.990317 seconds (1.91 G allocations: 4.676 TiB, 19.70% gc time)
[2023-01-09T10:31:27.402]Completed Shot 2, state 46
2189.105414 seconds (1.91 G allocations: 4.676 TiB, 19.70% gc time)
[2023-01-09T10:31:27.517]Completed Shot 2, state 47
2189.753464 seconds (1.91 G allocations: 4.677 TiB, 19.70% gc time)
[2023-01-09T10:31:28.165]Completed Shot 2, state 49
2189.840040 seconds (1.91 G allocations: 4.677 TiB, 19.70% gc time)
[2023-01-09T10:31:28.251]Completed Shot 2, state 24
2190.701609 seconds (1.91 G allocations: 4.677 TiB, 19.69% gc time)
[2023-01-09T10:31:29.113]Completed Shot 2, state 32
2190.888798 seconds (1.91 G allocations: 4.678 TiB, 19.69% gc time)
[2023-01-09T10:31:29.300]Completed Shot 2, state 39
2191.727493 seconds (1.91 G allocations: 4.678 TiB, 19.68% gc time)
[2023-01-09T10:31:30.139]Completed Shot 2, state 50
2192.110601 seconds (1.91 G allocations: 4.678 TiB, 19.68% gc time)
[2023-01-09T10:31:30.521]Completed Shot 2, state 19
2192.527595 seconds (1.91 G allocations: 4.678 TiB, 19.68% gc time)
[2023-01-09T10:31:30.938]Completed Shot 2, state 21
2193.440208 seconds (1.91 G allocations: 4.678 TiB, 19.67% gc time)
[2023-01-09T10:31:31.851]Completed Shot 2, state 20
2199.829588 seconds (1.88 G allocations: 4.603 TiB, 17.20% gc time)
[2023-01-09T11:08:11.686]Completed Shot 3, state 41
2200.920484 seconds (1.88 G allocations: 4.607 TiB, 17.19% gc time)
[2023-01-09T11:08:12.775]Completed Shot 3, state 18
2201.263089 seconds (1.88 G allocations: 4.608 TiB, 17.19% gc time)
[2023-01-09T11:08:13.118]Completed Shot 3, state 21
2201.323719 seconds (1.88 G allocations: 4.608 TiB, 17.19% gc time)
[2023-01-09T11:08:13.178]Completed Shot 3, state 16
2201.809982 seconds (1.89 G allocations: 4.610 TiB, 17.18% gc time)
[2023-01-09T11:08:13.666]Completed Shot 3, state 42
2201.901600 seconds (1.89 G allocations: 4.611 TiB, 17.18% gc time)
[2023-01-09T11:08:13.757]Completed Shot 3, state 36
2202.125746 seconds (1.89 G allocations: 4.611 TiB, 17.18% gc time)
[2023-01-09T11:08:13.979]Completed Shot 3, state 6
2202.508200 seconds (1.89 G allocations: 4.613 TiB, 17.18% gc time)
[2023-01-09T11:08:14.364]Completed Shot 3, state 38
2202.529635 seconds (1.89 G allocations: 4.613 TiB, 17.18% gc time)
[2023-01-09T11:08:14.384]Completed Shot 3, state 22
2202.661853 seconds (1.89 G allocations: 4.613 TiB, 17.18% gc time)
[2023-01-09T11:08:14.518]Completed Shot 3, state 40
2202.794391 seconds (1.89 G allocations: 4.614 TiB, 17.18% gc time)
[2023-01-09T11:08:14.649]Completed Shot 3, state 19
2202.969004 seconds (1.89 G allocations: 4.614 TiB, 17.17% gc time)
[2023-01-09T11:08:14.826]Completed Shot 3, state 49
2203.132652 seconds (1.89 G allocations: 4.615 TiB, 17.17% gc time)
[2023-01-09T11:08:14.988]Completed Shot 3, state 24
2203.281704 seconds (1.89 G allocations: 4.615 TiB, 17.17% gc time)
[2023-01-09T11:08:15.136]Completed Shot 3, state 13
2204.807991 seconds (1.89 G allocations: 4.616 TiB, 17.22% gc time)
[2023-01-09T11:08:16.664]Completed Shot 3, state 46
2204.882019 seconds (1.89 G allocations: 4.616 TiB, 17.22% gc time)
[2023-01-09T11:08:16.737]Completed Shot 3, state 26
2205.202462 seconds (1.89 G allocations: 4.617 TiB, 17.21% gc time)
[2023-01-09T11:08:17.056]Completed Shot 3, state 12
2205.761070 seconds (1.89 G allocations: 4.619 TiB, 17.21% gc time)
[2023-01-09T11:08:17.615]Completed Shot 3, state 15
2205.850169 seconds (1.89 G allocations: 4.620 TiB, 17.21% gc time)
[2023-01-09T11:08:17.705]Completed Shot 3, state 17
2206.174216 seconds (1.89 G allocations: 4.621 TiB, 17.20% gc time)
[2023-01-09T11:08:18.030]Completed Shot 3, state 28
2206.187229 seconds (1.89 G allocations: 4.621 TiB, 17.20% gc time)
[2023-01-09T11:08:18.041]Completed Shot 3, state 11
2206.272359 seconds (1.89 G allocations: 4.621 TiB, 17.20% gc time)
[2023-01-09T11:08:18.126]Completed Shot 3, state 9
2206.530599 seconds (1.89 G allocations: 4.622 TiB, 17.20% gc time)
[2023-01-09T11:08:18.387]Completed Shot 3, state 39
2206.549178 seconds (1.89 G allocations: 4.622 TiB, 17.20% gc time)
[2023-01-09T11:08:18.404]Completed Shot 3, state 20
2206.678481 seconds (1.89 G allocations: 4.622 TiB, 17.20% gc time)
[2023-01-09T11:08:18.534]Completed Shot 3, state 31
2206.861941 seconds (1.89 G allocations: 4.623 TiB, 17.20% gc time)
[2023-01-09T11:08:18.718]Completed Shot 3, state 30
2206.954350 seconds (1.89 G allocations: 4.623 TiB, 17.20% gc time)
[2023-01-09T11:08:18.807]Completed Shot 3, state 4
2206.967935 seconds (1.89 G allocations: 4.623 TiB, 17.20% gc time)
[2023-01-09T11:08:18.824]Completed Shot 3, state 34
2207.000567 seconds (1.89 G allocations: 4.623 TiB, 17.20% gc time)
[2023-01-09T11:08:18.857]Completed Shot 3, state 47
2207.115465 seconds (1.89 G allocations: 4.624 TiB, 17.20% gc time)
[2023-01-09T11:08:18.971]Completed Shot 3, state 35
2208.602491 seconds (1.89 G allocations: 4.625 TiB, 17.23% gc time)
[2023-01-09T11:08:20.456]Completed Shot 3, state 8
2208.763944 seconds (1.89 G allocations: 4.626 TiB, 17.22% gc time)
[2023-01-09T11:08:20.617]Completed Shot 3, state 7
2208.904927 seconds (1.89 G allocations: 4.626 TiB, 17.22% gc time)
[2023-01-09T11:08:20.757]Completed Shot 3, state 1
2209.265196 seconds (1.89 G allocations: 4.627 TiB, 17.22% gc time)
[2023-01-09T11:08:21.121]Completed Shot 3, state 37
2209.370391 seconds (1.89 G allocations: 4.627 TiB, 17.22% gc time)
[2023-01-09T11:08:21.226]Completed Shot 3, state 32
2209.399709 seconds (1.89 G allocations: 4.627 TiB, 17.22% gc time)
[2023-01-09T11:08:21.253]Completed Shot 3, state 5
2209.537360 seconds (1.89 G allocations: 4.627 TiB, 17.22% gc time)
[2023-01-09T11:08:21.392]Completed Shot 3, state 27
2209.599493 seconds (1.89 G allocations: 4.627 TiB, 17.22% gc time)
[2023-01-09T11:08:21.456]Completed Shot 3, state 50
2209.611292 seconds (1.89 G allocations: 4.627 TiB, 17.22% gc time)
[2023-01-09T11:08:21.467]Completed Shot 3, state 44
2209.755917 seconds (1.89 G allocations: 4.628 TiB, 17.22% gc time)
[2023-01-09T11:08:21.611]Completed Shot 3, state 23
2209.791660 seconds (1.89 G allocations: 4.628 TiB, 17.22% gc time)
[2023-01-09T11:08:21.647]Completed Shot 3, state 29
2209.858622 seconds (1.89 G allocations: 4.628 TiB, 17.22% gc time)
[2023-01-09T11:08:21.712]Completed Shot 3, state 10
2210.183618 seconds (1.89 G allocations: 4.628 TiB, 17.21% gc time)
[2023-01-09T11:08:22.040]Completed Shot 3, state 48
2210.379492 seconds (1.89 G allocations: 4.628 TiB, 17.21% gc time)
[2023-01-09T11:08:22.232]Completed Shot 3, state 2
2210.519355 seconds (1.89 G allocations: 4.629 TiB, 17.21% gc time)
[2023-01-09T11:08:22.374]Completed Shot 3, state 25
2210.827278 seconds (1.89 G allocations: 4.629 TiB, 17.21% gc time)
[2023-01-09T11:08:22.681]Completed Shot 3, state 14
2210.826709 seconds (1.89 G allocations: 4.629 TiB, 17.21% gc time)
[2023-01-09T11:08:22.683]Completed Shot 3, state 45
2211.709440 seconds (1.89 G allocations: 4.629 TiB, 17.21% gc time)
[2023-01-09T11:08:23.565]Completed Shot 3, state 43
2211.897114 seconds (1.89 G allocations: 4.629 TiB, 17.21% gc time)
[2023-01-09T11:08:23.750]Completed Shot 3, state 3
2212.135437 seconds (1.89 G allocations: 4.629 TiB, 17.21% gc time)
[2023-01-09T11:08:23.991]Completed Shot 3, state 33
2076.304516 seconds (1.74 G allocations: 4.270 TiB, 17.60% gc time)
[2023-01-09T11:43:00.301]Completed Shot 4, state 31
2077.940544 seconds (1.74 G allocations: 4.275 TiB, 17.59% gc time)
[2023-01-09T11:43:01.934]Completed Shot 4, state 13
2081.139547 seconds (1.75 G allocations: 4.283 TiB, 17.60% gc time)
[2023-01-09T11:43:05.135]Completed Shot 4, state 41
2081.721583 seconds (1.75 G allocations: 4.284 TiB, 17.59% gc time)
[2023-01-09T11:43:05.718]Completed Shot 4, state 27
2082.559026 seconds (1.75 G allocations: 4.287 TiB, 17.59% gc time)
[2023-01-09T11:43:06.553]Completed Shot 4, state 9
2082.689382 seconds (1.75 G allocations: 4.288 TiB, 17.58% gc time)
[2023-01-09T11:43:06.685]Completed Shot 4, state 42
2082.826409 seconds (1.75 G allocations: 4.288 TiB, 17.58% gc time)
[2023-01-09T11:43:06.821]Completed Shot 4, state 17
2083.715589 seconds (1.75 G allocations: 4.289 TiB, 17.61% gc time)
[2023-01-09T11:43:07.709]Completed Shot 4, state 7
2084.012791 seconds (1.75 G allocations: 4.290 TiB, 17.60% gc time)
[2023-01-09T11:43:08.006]Completed Shot 4, state 6
2085.549906 seconds (1.75 G allocations: 4.294 TiB, 17.59% gc time)
[2023-01-09T11:43:09.545]Completed Shot 4, state 32
2085.758566 seconds (1.75 G allocations: 4.295 TiB, 17.59% gc time)
[2023-01-09T11:43:09.755]Completed Shot 4, state 47
2086.516821 seconds (1.75 G allocations: 4.296 TiB, 17.61% gc time)
[2023-01-09T11:43:10.512]Completed Shot 4, state 25
2087.499985 seconds (1.75 G allocations: 4.299 TiB, 17.60% gc time)
[2023-01-09T11:43:11.494]Completed Shot 4, state 8
2087.523753 seconds (1.75 G allocations: 4.299 TiB, 17.60% gc time)
[2023-01-09T11:43:11.519]Completed Shot 4, state 37
2087.607322 seconds (1.75 G allocations: 4.299 TiB, 17.60% gc time)
[2023-01-09T11:43:11.602]Completed Shot 4, state 20
2087.660826 seconds (1.75 G allocations: 4.299 TiB, 17.60% gc time)
[2023-01-09T11:43:11.655]Completed Shot 4, state 12
2087.856417 seconds (1.75 G allocations: 4.300 TiB, 17.60% gc time)
[2023-01-09T11:43:11.852]Completed Shot 4, state 29
2088.142212 seconds (1.75 G allocations: 4.300 TiB, 17.60% gc time)
[2023-01-09T11:43:12.139]Completed Shot 4, state 46
2088.152613 seconds (1.75 G allocations: 4.301 TiB, 17.60% gc time)
[2023-01-09T11:43:12.146]Completed Shot 4, state 5
2088.829444 seconds (1.75 G allocations: 4.301 TiB, 17.61% gc time)
[2023-01-09T11:43:12.826]Completed Shot 4, state 50
2088.941463 seconds (1.75 G allocations: 4.302 TiB, 17.61% gc time)
[2023-01-09T11:43:12.936]Completed Shot 4, state 19
2089.369961 seconds (1.75 G allocations: 4.303 TiB, 17.61% gc time)
[2023-01-09T11:43:13.366]Completed Shot 4, state 43
2089.653201 seconds (1.75 G allocations: 4.303 TiB, 17.60% gc time)
[2023-01-09T11:43:13.649]Completed Shot 4, state 39
2089.660992 seconds (1.75 G allocations: 4.303 TiB, 17.60% gc time)
[2023-01-09T11:43:13.654]Completed Shot 4, state 2
2089.734418 seconds (1.75 G allocations: 4.304 TiB, 17.60% gc time)
[2023-01-09T11:43:13.730]Completed Shot 4, state 26
2090.104731 seconds (1.76 G allocations: 4.305 TiB, 17.60% gc time)
[2023-01-09T11:43:14.100]Completed Shot 4, state 38
2090.141255 seconds (1.76 G allocations: 4.305 TiB, 17.60% gc time)
[2023-01-09T11:43:14.136]Completed Shot 4, state 24
2090.176975 seconds (1.76 G allocations: 4.305 TiB, 17.60% gc time)
[2023-01-09T11:43:14.173]Completed Shot 4, state 40
2090.239490 seconds (1.76 G allocations: 4.305 TiB, 17.60% gc time)
[2023-01-09T11:43:14.236]Completed Shot 4, state 48
2090.786201 seconds (1.76 G allocations: 4.306 TiB, 17.61% gc time)
[2023-01-09T11:43:14.779]Completed Shot 4, state 1
2090.839731 seconds (1.76 G allocations: 4.306 TiB, 17.61% gc time)
[2023-01-09T11:43:14.834]Completed Shot 4, state 22
2090.934041 seconds (1.76 G allocations: 4.306 TiB, 17.61% gc time)
[2023-01-09T11:43:14.929]Completed Shot 4, state 21
2091.213865 seconds (1.76 G allocations: 4.307 TiB, 17.61% gc time)
[2023-01-09T11:43:15.207]Completed Shot 4, state 4
2091.213267 seconds (1.76 G allocations: 4.307 TiB, 17.61% gc time)
[2023-01-09T11:43:15.207]Completed Shot 4, state 11
2091.497953 seconds (1.76 G allocations: 4.307 TiB, 17.60% gc time)
[2023-01-09T11:43:15.493]Completed Shot 4, state 34
2091.567958 seconds (1.76 G allocations: 4.307 TiB, 17.60% gc time)
[2023-01-09T11:43:15.562]Completed Shot 4, state 16
2091.788930 seconds (1.76 G allocations: 4.308 TiB, 17.60% gc time)
[2023-01-09T11:43:15.784]Completed Shot 4, state 33
2091.851041 seconds (1.76 G allocations: 4.308 TiB, 17.60% gc time)
[2023-01-09T11:43:15.845]Completed Shot 4, state 14
2091.863988 seconds (1.76 G allocations: 4.308 TiB, 17.60% gc time)
[2023-01-09T11:43:15.860]Completed Shot 4, state 36
2091.873947 seconds (1.76 G allocations: 4.308 TiB, 17.60% gc time)
[2023-01-09T11:43:15.870]Completed Shot 4, state 45
2091.928514 seconds (1.76 G allocations: 4.308 TiB, 17.60% gc time)
[2023-01-09T11:43:15.923]Completed Shot 4, state 18
2092.020987 seconds (1.76 G allocations: 4.308 TiB, 17.60% gc time)
[2023-01-09T11:43:16.016]Completed Shot 4, state 35
2092.898324 seconds (1.76 G allocations: 4.309 TiB, 17.60% gc time)
[2023-01-09T11:43:16.894]Completed Shot 4, state 30
2093.042271 seconds (1.76 G allocations: 4.309 TiB, 17.60% gc time)
[2023-01-09T11:43:17.036]Completed Shot 4, state 15
2093.277779 seconds (1.76 G allocations: 4.309 TiB, 17.60% gc time)
[2023-01-09T11:43:17.272]Completed Shot 4, state 23
2093.657269 seconds (1.76 G allocations: 4.309 TiB, 17.60% gc time)
[2023-01-09T11:43:17.653]Completed Shot 4, state 44
2093.829636 seconds (1.76 G allocations: 4.310 TiB, 17.59% gc time)
[2023-01-09T11:43:17.825]Completed Shot 4, state 28
2093.888136 seconds (1.76 G allocations: 4.310 TiB, 17.59% gc time)
[2023-01-09T11:43:17.881]Completed Shot 4, state 3
2095.983686 seconds (1.76 G allocations: 4.310 TiB, 17.58% gc time)
[2023-01-09T11:43:19.977]Completed Shot 4, state 10
2096.293955 seconds (1.76 G allocations: 4.310 TiB, 17.58% gc time)
[2023-01-09T11:43:20.290]Completed Shot 4, state 49
2159.479371 seconds (1.72 G allocations: 4.239 TiB, 16.35% gc time)
[2023-01-09T12:19:19.774]Completed Shot 5, state 38
2160.505873 seconds (1.73 G allocations: 4.242 TiB, 16.34% gc time)
[2023-01-09T12:19:20.800]Completed Shot 5, state 27
2160.594929 seconds (1.73 G allocations: 4.242 TiB, 16.34% gc time)
[2023-01-09T12:19:20.887]Completed Shot 5, state 9
2160.949261 seconds (1.73 G allocations: 4.243 TiB, 16.33% gc time)
[2023-01-09T12:19:21.242]Completed Shot 5, state 16
2161.201169 seconds (1.73 G allocations: 4.244 TiB, 16.33% gc time)
[2023-01-09T12:19:21.494]Completed Shot 5, state 13
2162.577925 seconds (1.73 G allocations: 4.249 TiB, 16.32% gc time)
[2023-01-09T12:19:22.870]Completed Shot 5, state 6
2162.692756 seconds (1.73 G allocations: 4.249 TiB, 16.32% gc time)
[2023-01-09T12:19:22.986]Completed Shot 5, state 24
2162.950701 seconds (1.73 G allocations: 4.250 TiB, 16.32% gc time)
[2023-01-09T12:19:23.244]Completed Shot 5, state 31
2162.966048 seconds (1.73 G allocations: 4.250 TiB, 16.32% gc time)
[2023-01-09T12:19:23.258]Completed Shot 5, state 10
2163.313760 seconds (1.73 G allocations: 4.251 TiB, 16.32% gc time)
[2023-01-09T12:19:23.608]Completed Shot 5, state 34
2165.503051 seconds (1.73 G allocations: 4.253 TiB, 16.37% gc time)
[2023-01-09T12:19:25.794]Completed Shot 5, state 1
2166.346361 seconds (1.73 G allocations: 4.255 TiB, 16.37% gc time)
[2023-01-09T12:19:26.641]Completed Shot 5, state 39
2166.402695 seconds (1.73 G allocations: 4.255 TiB, 16.37% gc time)
[2023-01-09T12:19:26.695]Completed Shot 5, state 14
2166.570993 seconds (1.73 G allocations: 4.256 TiB, 16.37% gc time)
[2023-01-09T12:19:26.865]Completed Shot 5, state 35
2166.640275 seconds (1.73 G allocations: 4.256 TiB, 16.36% gc time)
[2023-01-09T12:19:26.932]Completed Shot 5, state 4
2166.667380 seconds (1.73 G allocations: 4.256 TiB, 16.36% gc time)
[2023-01-09T12:19:26.961]Completed Shot 5, state 36
2166.716327 seconds (1.73 G allocations: 4.256 TiB, 16.36% gc time)
[2023-01-09T12:19:27.010]Completed Shot 5, state 32
2166.817832 seconds (1.73 G allocations: 4.257 TiB, 16.36% gc time)
[2023-01-09T12:19:27.109]Completed Shot 5, state 5
2167.138064 seconds (1.73 G allocations: 4.258 TiB, 16.36% gc time)
[2023-01-09T12:19:27.433]Completed Shot 5, state 49
2167.397273 seconds (1.73 G allocations: 4.258 TiB, 16.36% gc time)
[2023-01-09T12:19:27.690]Completed Shot 5, state 19
2167.491788 seconds (1.73 G allocations: 4.259 TiB, 16.36% gc time)
[2023-01-09T12:19:27.785]Completed Shot 5, state 22
2167.646823 seconds (1.73 G allocations: 4.259 TiB, 16.36% gc time)
[2023-01-09T12:19:27.939]Completed Shot 5, state 17
2168.309376 seconds (1.73 G allocations: 4.261 TiB, 16.35% gc time)
[2023-01-09T12:19:28.601]Completed Shot 5, state 3
2168.380718 seconds (1.73 G allocations: 4.261 TiB, 16.35% gc time)
[2023-01-09T12:19:28.674]Completed Shot 5, state 21
2168.592208 seconds (1.73 G allocations: 4.262 TiB, 16.35% gc time)
[2023-01-09T12:19:28.885]Completed Shot 5, state 23
2168.682171 seconds (1.73 G allocations: 4.262 TiB, 16.35% gc time)
[2023-01-09T12:19:28.977]Completed Shot 5, state 43
2168.757040 seconds (1.73 G allocations: 4.262 TiB, 16.35% gc time)
[2023-01-09T12:19:29.050]Completed Shot 5, state 25
2168.834842 seconds (1.73 G allocations: 4.262 TiB, 16.35% gc time)
[2023-01-09T12:19:29.129]Completed Shot 5, state 40
2169.037246 seconds (1.73 G allocations: 4.263 TiB, 16.35% gc time)
[2023-01-09T12:19:29.332]Completed Shot 5, state 42
2169.106353 seconds (1.73 G allocations: 4.263 TiB, 16.35% gc time)
[2023-01-09T12:19:29.400]Completed Shot 5, state 28
2169.780043 seconds (1.73 G allocations: 4.263 TiB, 16.37% gc time)
[2023-01-09T12:19:30.075]Completed Shot 5, state 47
2169.810877 seconds (1.73 G allocations: 4.263 TiB, 16.37% gc time)
[2023-01-09T12:19:30.103]Completed Shot 5, state 12
2170.003481 seconds (1.73 G allocations: 4.263 TiB, 16.37% gc time)
[2023-01-09T12:19:30.298]Completed Shot 5, state 41
2170.237710 seconds (1.73 G allocations: 4.264 TiB, 16.37% gc time)
[2023-01-09T12:19:30.532]Completed Shot 5, state 50
2170.441201 seconds (1.74 G allocations: 4.264 TiB, 16.36% gc time)
[2023-01-09T12:19:30.733]Completed Shot 5, state 2
2170.766428 seconds (1.74 G allocations: 4.265 TiB, 16.36% gc time)
[2023-01-09T12:19:31.061]Completed Shot 5, state 48
2170.843873 seconds (1.74 G allocations: 4.265 TiB, 16.36% gc time)
[2023-01-09T12:19:31.136]Completed Shot 5, state 7
2170.966879 seconds (1.74 G allocations: 4.265 TiB, 16.36% gc time)
[2023-01-09T12:19:31.260]Completed Shot 5, state 26
2171.059778 seconds (1.74 G allocations: 4.265 TiB, 16.36% gc time)
[2023-01-09T12:19:31.353]Completed Shot 5, state 20
2171.336337 seconds (1.74 G allocations: 4.266 TiB, 16.36% gc time)
[2023-01-09T12:19:31.631]Completed Shot 5, state 44
2171.655182 seconds (1.74 G allocations: 4.266 TiB, 16.36% gc time)
[2023-01-09T12:19:31.949]Completed Shot 5, state 29
2171.912483 seconds (1.74 G allocations: 4.266 TiB, 16.35% gc time)
[2023-01-09T12:19:32.204]Completed Shot 5, state 8
2172.226521 seconds (1.74 G allocations: 4.266 TiB, 16.35% gc time)
[2023-01-09T12:19:32.521]Completed Shot 5, state 45
2173.040465 seconds (1.74 G allocations: 4.267 TiB, 16.35% gc time)
[2023-01-09T12:19:33.333]Completed Shot 5, state 15
2173.189390 seconds (1.74 G allocations: 4.267 TiB, 16.35% gc time)
[2023-01-09T12:19:33.483]Completed Shot 5, state 33
2174.237962 seconds (1.74 G allocations: 4.268 TiB, 16.34% gc time)
[2023-01-09T12:19:34.531]Completed Shot 5, state 18
2174.662345 seconds (1.74 G allocations: 4.268 TiB, 16.34% gc time)
[2023-01-09T12:19:34.956]Completed Shot 5, state 30
2174.726233 seconds (1.74 G allocations: 4.268 TiB, 16.34% gc time)
[2023-01-09T12:19:35.020]Completed Shot 5, state 37
  Activating project at `/gpfs/bwfor/work/ws/hd_ku269-light_cones/WorkingFolder`
2177.288522 seconds (1.74 G allocations: 4.269 TiB, 16.32% gc time)
[2023-01-09T12:19:37.584]Completed Shot 5, state 46
2177.376697 seconds (1.74 G allocations: 4.269 TiB, 16.32% gc time)
[2023-01-09T12:19:37.669]Completed Shot 5, state 11
2106.430114 seconds (1.81 G allocations: 4.429 TiB, 18.24% gc time)
[2023-01-09T12:54:44.104]Completed Shot 6, state 44
2114.505062 seconds (1.82 G allocations: 4.450 TiB, 18.27% gc time)
[2023-01-09T12:54:52.176]Completed Shot 6, state 8
2114.569983 seconds (1.82 G allocations: 4.450 TiB, 18.27% gc time)
[2023-01-09T12:54:52.243]Completed Shot 6, state 27
2114.909901 seconds (1.82 G allocations: 4.451 TiB, 18.27% gc time)
[2023-01-09T12:54:52.582]Completed Shot 6, state 18
2115.688565 seconds (1.82 G allocations: 4.454 TiB, 18.26% gc time)
[2023-01-09T12:54:53.362]Completed Shot 6, state 30
2117.130798 seconds (1.82 G allocations: 4.456 TiB, 18.29% gc time)
[2023-01-09T12:54:54.802]Completed Shot 6, state 3
2117.160150 seconds (1.82 G allocations: 4.456 TiB, 18.29% gc time)
[2023-01-09T12:54:54.833]Completed Shot 6, state 35
2117.617272 seconds (1.82 G allocations: 4.457 TiB, 18.29% gc time)
[2023-01-09T12:54:55.288]Completed Shot 6, state 2
2118.248127 seconds (1.82 G allocations: 4.459 TiB, 18.28% gc time)
[2023-01-09T12:54:55.923]Completed Shot 6, state 45
2118.325160 seconds (1.82 G allocations: 4.460 TiB, 18.28% gc time)
[2023-01-09T12:54:55.999]Completed Shot 6, state 48
2118.345520 seconds (1.82 G allocations: 4.460 TiB, 18.28% gc time)
[2023-01-09T12:54:56.017]Completed Shot 6, state 4
2118.522413 seconds (1.82 G allocations: 4.460 TiB, 18.28% gc time)
[2023-01-09T12:54:56.194]Completed Shot 6, state 14
2118.559397 seconds (1.82 G allocations: 4.461 TiB, 18.28% gc time)
[2023-01-09T12:54:56.231]Completed Shot 6, state 16
2118.905033 seconds (1.82 G allocations: 4.462 TiB, 18.28% gc time)
[2023-01-09T12:54:56.578]Completed Shot 6, state 29
2119.201296 seconds (1.83 G allocations: 4.463 TiB, 18.27% gc time)
[2023-01-09T12:54:56.875]Completed Shot 6, state 37
2119.220555 seconds (1.83 G allocations: 4.463 TiB, 18.27% gc time)
[2023-01-09T12:54:56.894]Completed Shot 6, state 36
2120.208645 seconds (1.83 G allocations: 4.464 TiB, 18.29% gc time)
[2023-01-09T12:54:57.882]Completed Shot 6, state 49
2120.484661 seconds (1.83 G allocations: 4.465 TiB, 18.29% gc time)
[2023-01-09T12:54:58.156]Completed Shot 6, state 12
2120.611259 seconds (1.83 G allocations: 4.465 TiB, 18.29% gc time)
[2023-01-09T12:54:58.285]Completed Shot 6, state 47
2121.388526 seconds (1.83 G allocations: 4.468 TiB, 18.28% gc time)
[2023-01-09T12:54:59.062]Completed Shot 6, state 46
2121.437308 seconds (1.83 G allocations: 4.468 TiB, 18.28% gc time)
[2023-01-09T12:54:59.108]Completed Shot 6, state 7
2121.626280 seconds (1.83 G allocations: 4.469 TiB, 18.28% gc time)
[2023-01-09T12:54:59.300]Completed Shot 6, state 42
2121.646274 seconds (1.83 G allocations: 4.469 TiB, 18.28% gc time)
[2023-01-09T12:54:59.319]Completed Shot 6, state 25
2121.887377 seconds (1.83 G allocations: 4.469 TiB, 18.28% gc time)
[2023-01-09T12:54:59.560]Completed Shot 6, state 26
2122.404312 seconds (1.83 G allocations: 4.470 TiB, 18.29% gc time)
[2023-01-09T12:55:00.078]Completed Shot 6, state 41
2122.483788 seconds (1.83 G allocations: 4.470 TiB, 18.29% gc time)
[2023-01-09T12:55:00.157]Completed Shot 6, state 40
2122.640162 seconds (1.83 G allocations: 4.470 TiB, 18.29% gc time)
[2023-01-09T12:55:00.313]Completed Shot 6, state 23
2122.892940 seconds (1.83 G allocations: 4.471 TiB, 18.29% gc time)
[2023-01-09T12:55:00.564]Completed Shot 6, state 9
2122.935551 seconds (1.83 G allocations: 4.471 TiB, 18.29% gc time)
[2023-01-09T12:55:00.609]Completed Shot 6, state 33
2122.974799 seconds (1.83 G allocations: 4.471 TiB, 18.29% gc time)
[2023-01-09T12:55:00.648]Completed Shot 6, state 43
2123.014787 seconds (1.83 G allocations: 4.471 TiB, 18.29% gc time)
[2023-01-09T12:55:00.688]Completed Shot 6, state 32
2123.058365 seconds (1.83 G allocations: 4.471 TiB, 18.29% gc time)
[2023-01-09T12:55:00.732]Completed Shot 6, state 39
2123.104862 seconds (1.83 G allocations: 4.471 TiB, 18.29% gc time)
[2023-01-09T12:55:00.777]Completed Shot 6, state 19
2123.229515 seconds (1.83 G allocations: 4.472 TiB, 18.29% gc time)
[2023-01-09T12:55:00.901]Completed Shot 6, state 13
2123.346475 seconds (1.83 G allocations: 4.472 TiB, 18.29% gc time)
[2023-01-09T12:55:01.019]Completed Shot 6, state 22
2123.495325 seconds (1.83 G allocations: 4.472 TiB, 18.28% gc time)
[2023-01-09T12:55:01.168]Completed Shot 6, state 31
2123.644600 seconds (1.83 G allocations: 4.473 TiB, 18.28% gc time)
[2023-01-09T12:55:01.317]Completed Shot 6, state 17
2123.675103 seconds (1.83 G allocations: 4.473 TiB, 18.28% gc time)
[2023-01-09T12:55:01.346]Completed Shot 6, state 6
2123.675997 seconds (1.83 G allocations: 4.473 TiB, 18.28% gc time)
[2023-01-09T12:55:01.349]Completed Shot 6, state 50
2123.807185 seconds (1.83 G allocations: 4.473 TiB, 18.28% gc time)
[2023-01-09T12:55:01.480]Completed Shot 6, state 38
2123.817544 seconds (1.83 G allocations: 4.473 TiB, 18.28% gc time)
[2023-01-09T12:55:01.488]Completed Shot 6, state 5
2123.846893 seconds (1.83 G allocations: 4.473 TiB, 18.28% gc time)
[2023-01-09T12:55:01.517]Completed Shot 6, state 1
2123.905485 seconds (1.83 G allocations: 4.473 TiB, 18.28% gc time)
[2023-01-09T12:55:01.578]Completed Shot 6, state 28
2124.009563 seconds (1.83 G allocations: 4.473 TiB, 18.28% gc time)
[2023-01-09T12:55:01.681]Completed Shot 6, state 11
2124.557463 seconds (1.83 G allocations: 4.473 TiB, 18.29% gc time)
[2023-01-09T12:55:02.229]Completed Shot 6, state 10
2125.016678 seconds (1.83 G allocations: 4.473 TiB, 18.28% gc time)
[2023-01-09T12:55:02.689]Completed Shot 6, state 21
2125.705021 seconds (1.83 G allocations: 4.474 TiB, 18.28% gc time)
[2023-01-09T12:55:03.378]Completed Shot 6, state 24
2125.898212 seconds (1.83 G allocations: 4.474 TiB, 18.28% gc time)
[2023-01-09T12:55:03.570]Completed Shot 6, state 15
2126.119507 seconds (1.83 G allocations: 4.474 TiB, 18.28% gc time)
[2023-01-09T12:55:03.793]Completed Shot 6, state 34
2126.327218 seconds (1.83 G allocations: 4.474 TiB, 18.27% gc time)
[2023-01-09T12:55:03.999]Completed Shot 6, state 20
2053.367913 seconds (1.82 G allocations: 4.459 TiB, 18.23% gc time)
[2023-01-09T13:29:17.370]Completed Shot 7, state 7
2055.590838 seconds (1.82 G allocations: 4.461 TiB, 18.29% gc time)
[2023-01-09T13:29:19.592]Completed Shot 7, state 3
2055.644449 seconds (1.82 G allocations: 4.461 TiB, 18.29% gc time)
[2023-01-09T13:29:19.647]Completed Shot 7, state 14
2055.906634 seconds (1.82 G allocations: 4.462 TiB, 18.29% gc time)
[2023-01-09T13:29:19.912]Completed Shot 7, state 35
2055.938260 seconds (1.82 G allocations: 4.462 TiB, 18.29% gc time)
[2023-01-09T13:29:19.941]Completed Shot 7, state 13
2056.421066 seconds (1.83 G allocations: 4.464 TiB, 18.28% gc time)
[2023-01-09T13:29:20.425]Completed Shot 7, state 31
2056.484039 seconds (1.83 G allocations: 4.464 TiB, 18.28% gc time)
[2023-01-09T13:29:20.488]Completed Shot 7, state 39
2056.838310 seconds (1.83 G allocations: 4.465 TiB, 18.28% gc time)
[2023-01-09T13:29:20.840]Completed Shot 7, state 9
2056.868314 seconds (1.83 G allocations: 4.465 TiB, 18.28% gc time)
[2023-01-09T13:29:20.873]Completed Shot 7, state 50
2056.919602 seconds (1.83 G allocations: 4.465 TiB, 18.28% gc time)
[2023-01-09T13:29:20.924]Completed Shot 7, state 48
2057.055796 seconds (1.83 G allocations: 4.465 TiB, 18.28% gc time)
[2023-01-09T13:29:21.060]Completed Shot 7, state 37
2057.101770 seconds (1.83 G allocations: 4.466 TiB, 18.27% gc time)
[2023-01-09T13:29:21.106]Completed Shot 7, state 26
2057.660293 seconds (1.83 G allocations: 4.468 TiB, 18.27% gc time)
[2023-01-09T13:29:21.664]Completed Shot 7, state 44
2057.886439 seconds (1.83 G allocations: 4.468 TiB, 18.27% gc time)
[2023-01-09T13:29:21.891]Completed Shot 7, state 40
2058.017375 seconds (1.83 G allocations: 4.469 TiB, 18.27% gc time)
[2023-01-09T13:29:22.021]Completed Shot 7, state 23
2058.033296 seconds (1.83 G allocations: 4.469 TiB, 18.27% gc time)
[2023-01-09T13:29:22.035]Completed Shot 7, state 1
2058.060757 seconds (1.83 G allocations: 4.469 TiB, 18.27% gc time)
[2023-01-09T13:29:22.063]Completed Shot 7, state 12
2058.090410 seconds (1.83 G allocations: 4.469 TiB, 18.27% gc time)
[2023-01-09T13:29:22.093]Completed Shot 7, state 25
2058.325821 seconds (1.83 G allocations: 4.470 TiB, 18.26% gc time)
[2023-01-09T13:29:22.327]Completed Shot 7, state 4
2058.381969 seconds (1.83 G allocations: 4.470 TiB, 18.26% gc time)
[2023-01-09T13:29:22.386]Completed Shot 7, state 36
2058.450432 seconds (1.83 G allocations: 4.470 TiB, 18.26% gc time)
[2023-01-09T13:29:22.453]Completed Shot 7, state 24
2058.538870 seconds (1.83 G allocations: 4.471 TiB, 18.26% gc time)
[2023-01-09T13:29:22.542]Completed Shot 7, state 29
2058.547171 seconds (1.83 G allocations: 4.471 TiB, 18.26% gc time)
[2023-01-09T13:29:22.551]Completed Shot 7, state 28
2058.600682 seconds (1.83 G allocations: 4.471 TiB, 18.26% gc time)
[2023-01-09T13:29:22.603]Completed Shot 7, state 16
2058.602420 seconds (1.83 G allocations: 4.471 TiB, 18.26% gc time)
[2023-01-09T13:29:22.606]Completed Shot 7, state 43
2058.638403 seconds (1.83 G allocations: 4.471 TiB, 18.26% gc time)
[2023-01-09T13:29:22.641]Completed Shot 7, state 11
2060.350677 seconds (1.83 G allocations: 4.472 TiB, 18.31% gc time)
[2023-01-09T13:29:24.354]Completed Shot 7, state 20
2060.354431 seconds (1.83 G allocations: 4.472 TiB, 18.31% gc time)
[2023-01-09T13:29:24.358]Completed Shot 7, state 32
2060.414291 seconds (1.83 G allocations: 4.472 TiB, 18.31% gc time)
[2023-01-09T13:29:24.417]Completed Shot 7, state 22
2060.462761 seconds (1.83 G allocations: 4.472 TiB, 18.31% gc time)
[2023-01-09T13:29:24.464]Completed Shot 7, state 5
2060.482409 seconds (1.83 G allocations: 4.472 TiB, 18.31% gc time)
[2023-01-09T13:29:24.485]Completed Shot 7, state 17
2060.641962 seconds (1.83 G allocations: 4.473 TiB, 18.31% gc time)
[2023-01-09T13:29:24.646]Completed Shot 7, state 33
2060.686955 seconds (1.83 G allocations: 4.473 TiB, 18.31% gc time)
[2023-01-09T13:29:24.690]Completed Shot 7, state 21
2060.784631 seconds (1.83 G allocations: 4.473 TiB, 18.30% gc time)
[2023-01-09T13:29:24.788]Completed Shot 7, state 27
2060.896797 seconds (1.83 G allocations: 4.473 TiB, 18.30% gc time)
[2023-01-09T13:29:24.901]Completed Shot 7, state 38
2061.002794 seconds (1.83 G allocations: 4.473 TiB, 18.30% gc time)
[2023-01-09T13:29:25.006]Completed Shot 7, state 34
2061.045376 seconds (1.83 G allocations: 4.474 TiB, 18.30% gc time)
[2023-01-09T13:29:25.046]Completed Shot 7, state 2
2061.073364 seconds (1.83 G allocations: 4.474 TiB, 18.30% gc time)
[2023-01-09T13:29:25.075]Completed Shot 7, state 10
2061.350448 seconds (1.83 G allocations: 4.474 TiB, 18.30% gc time)
[2023-01-09T13:29:25.355]Completed Shot 7, state 47
2061.498384 seconds (1.83 G allocations: 4.474 TiB, 18.30% gc time)
[2023-01-09T13:29:25.503]Completed Shot 7, state 49
2061.810128 seconds (1.83 G allocations: 4.475 TiB, 18.30% gc time)
[2023-01-09T13:29:25.813]Completed Shot 7, state 18
2061.992982 seconds (1.83 G allocations: 4.475 TiB, 18.29% gc time)
[2023-01-09T13:29:25.995]Completed Shot 7, state 8
2062.100115 seconds (1.83 G allocations: 4.475 TiB, 18.29% gc time)
[2023-01-09T13:29:26.104]Completed Shot 7, state 45
2062.313847 seconds (1.83 G allocations: 4.475 TiB, 18.29% gc time)
[2023-01-09T13:29:26.315]Completed Shot 7, state 6
2062.413954 seconds (1.83 G allocations: 4.475 TiB, 18.29% gc time)
[2023-01-09T13:29:26.417]Completed Shot 7, state 19
2062.474343 seconds (1.83 G allocations: 4.475 TiB, 18.29% gc time)
[2023-01-09T13:29:26.478]Completed Shot 7, state 42
2062.566097 seconds (1.83 G allocations: 4.476 TiB, 18.29% gc time)
[2023-01-09T13:29:26.570]Completed Shot 7, state 41
2063.292229 seconds (1.83 G allocations: 4.476 TiB, 18.29% gc time)
[2023-01-09T13:29:27.295]Completed Shot 7, state 15
2063.705577 seconds (1.83 G allocations: 4.476 TiB, 18.29% gc time)
[2023-01-09T13:29:27.709]Completed Shot 7, state 30
2067.521426 seconds (1.83 G allocations: 4.476 TiB, 18.26% gc time)
[2023-01-09T13:29:31.526]Completed Shot 7, state 46
2024.352875 seconds (1.77 G allocations: 4.337 TiB, 18.69% gc time)
[2023-01-09T14:03:15.882]Completed Shot 8, state 10
2025.685469 seconds (1.77 G allocations: 4.341 TiB, 18.67% gc time)
[2023-01-09T14:03:17.216]Completed Shot 8, state 27
2027.568345 seconds (1.77 G allocations: 4.347 TiB, 18.66% gc time)
[2023-01-09T14:03:19.096]Completed Shot 8, state 2
2028.112676 seconds (1.77 G allocations: 4.349 TiB, 18.65% gc time)
[2023-01-09T14:03:19.641]Completed Shot 8, state 9
2028.232513 seconds (1.77 G allocations: 4.349 TiB, 18.65% gc time)
[2023-01-09T14:03:19.763]Completed Shot 8, state 41
2028.343880 seconds (1.77 G allocations: 4.350 TiB, 18.65% gc time)
[2023-01-09T14:03:19.872]Completed Shot 8, state 5
2028.521721 seconds (1.78 G allocations: 4.350 TiB, 18.65% gc time)
[2023-01-09T14:03:20.052]Completed Shot 8, state 43
2028.887120 seconds (1.78 G allocations: 4.351 TiB, 18.64% gc time)
[2023-01-09T14:03:20.416]Completed Shot 8, state 11
2029.096877 seconds (1.78 G allocations: 4.352 TiB, 18.64% gc time)
[2023-01-09T14:03:20.626]Completed Shot 8, state 15
2031.403708 seconds (1.78 G allocations: 4.353 TiB, 18.72% gc time)
[2023-01-09T14:03:22.934]Completed Shot 8, state 28
2031.429693 seconds (1.78 G allocations: 4.353 TiB, 18.72% gc time)
[2023-01-09T14:03:22.959]Completed Shot 8, state 20
2031.611795 seconds (1.78 G allocations: 4.353 TiB, 18.72% gc time)
[2023-01-09T14:03:23.142]Completed Shot 8, state 33
2031.634065 seconds (1.78 G allocations: 4.353 TiB, 18.72% gc time)
[2023-01-09T14:03:23.164]Completed Shot 8, state 40
2031.661865 seconds (1.78 G allocations: 4.353 TiB, 18.72% gc time)
[2023-01-09T14:03:23.189]Completed Shot 8, state 1
2031.906785 seconds (1.78 G allocations: 4.354 TiB, 18.71% gc time)
[2023-01-09T14:03:23.436]Completed Shot 8, state 21
2031.945906 seconds (1.78 G allocations: 4.354 TiB, 18.71% gc time)
[2023-01-09T14:03:23.475]Completed Shot 8, state 18
2031.960200 seconds (1.78 G allocations: 4.354 TiB, 18.71% gc time)
[2023-01-09T14:03:23.488]Completed Shot 8, state 3
2032.035454 seconds (1.78 G allocations: 4.355 TiB, 18.71% gc time)
[2023-01-09T14:03:23.563]Completed Shot 8, state 6
2032.191077 seconds (1.78 G allocations: 4.355 TiB, 18.71% gc time)
[2023-01-09T14:03:23.721]Completed Shot 8, state 26
2032.321029 seconds (1.78 G allocations: 4.356 TiB, 18.71% gc time)
[2023-01-09T14:03:23.851]Completed Shot 8, state 44
2032.366949 seconds (1.78 G allocations: 4.356 TiB, 18.71% gc time)
[2023-01-09T14:03:23.895]Completed Shot 8, state 4
2032.704985 seconds (1.78 G allocations: 4.357 TiB, 18.71% gc time)
[2023-01-09T14:03:24.235]Completed Shot 8, state 35
2032.836971 seconds (1.78 G allocations: 4.357 TiB, 18.71% gc time)
[2023-01-09T14:03:24.367]Completed Shot 8, state 39
2032.864543 seconds (1.78 G allocations: 4.357 TiB, 18.70% gc time)
[2023-01-09T14:03:24.395]Completed Shot 8, state 48
2032.990079 seconds (1.78 G allocations: 4.357 TiB, 18.70% gc time)
[2023-01-09T14:03:24.519]Completed Shot 8, state 14
2032.997430 seconds (1.78 G allocations: 4.357 TiB, 18.70% gc time)
[2023-01-09T14:03:24.527]Completed Shot 8, state 23
2033.176950 seconds (1.78 G allocations: 4.358 TiB, 18.70% gc time)
[2023-01-09T14:03:24.707]Completed Shot 8, state 49
2033.316286 seconds (1.78 G allocations: 4.358 TiB, 18.70% gc time)
[2023-01-09T14:03:24.845]Completed Shot 8, state 16
2033.400591 seconds (1.78 G allocations: 4.358 TiB, 18.70% gc time)
[2023-01-09T14:03:24.931]Completed Shot 8, state 38
2033.728714 seconds (1.78 G allocations: 4.359 TiB, 18.70% gc time)
[2023-01-09T14:03:25.258]Completed Shot 8, state 31
2033.733355 seconds (1.78 G allocations: 4.359 TiB, 18.70% gc time)
[2023-01-09T14:03:25.263]Completed Shot 8, state 34
2033.810059 seconds (1.78 G allocations: 4.360 TiB, 18.70% gc time)
[2023-01-09T14:03:25.340]Completed Shot 8, state 32
2034.145148 seconds (1.78 G allocations: 4.360 TiB, 18.69% gc time)
[2023-01-09T14:03:25.674]Completed Shot 8, state 19
2034.194337 seconds (1.78 G allocations: 4.360 TiB, 18.69% gc time)
[2023-01-09T14:03:25.725]Completed Shot 8, state 47
2034.211805 seconds (1.78 G allocations: 4.360 TiB, 18.69% gc time)
[2023-01-09T14:03:25.742]Completed Shot 8, state 36
2034.679510 seconds (1.78 G allocations: 4.361 TiB, 18.69% gc time)
[2023-01-09T14:03:26.208]Completed Shot 8, state 17
2035.769427 seconds (1.78 G allocations: 4.361 TiB, 18.72% gc time)
[2023-01-09T14:03:27.300]Completed Shot 8, state 50
2035.845684 seconds (1.78 G allocations: 4.361 TiB, 18.72% gc time)
[2023-01-09T14:03:27.376]Completed Shot 8, state 45
2035.901515 seconds (1.78 G allocations: 4.361 TiB, 18.72% gc time)
[2023-01-09T14:03:27.431]Completed Shot 8, state 24
2035.971810 seconds (1.78 G allocations: 4.362 TiB, 18.72% gc time)
[2023-01-09T14:03:27.502]Completed Shot 8, state 37
2035.988582 seconds (1.78 G allocations: 4.362 TiB, 18.72% gc time)
[2023-01-09T14:03:27.516]Completed Shot 8, state 8
2036.000844 seconds (1.78 G allocations: 4.362 TiB, 18.72% gc time)
[2023-01-09T14:03:27.530]Completed Shot 8, state 29
2036.347343 seconds (1.78 G allocations: 4.362 TiB, 18.72% gc time)
[2023-01-09T14:03:27.875]Completed Shot 8, state 12
2036.416921 seconds (1.78 G allocations: 4.362 TiB, 18.72% gc time)
[2023-01-09T14:03:27.947]Completed Shot 8, state 46
2036.511667 seconds (1.78 G allocations: 4.362 TiB, 18.72% gc time)
[2023-01-09T14:03:28.040]Completed Shot 8, state 13
2036.957863 seconds (1.78 G allocations: 4.362 TiB, 18.71% gc time)
[2023-01-09T14:03:28.487]Completed Shot 8, state 25
2037.084860 seconds (1.78 G allocations: 4.363 TiB, 18.71% gc time)
[2023-01-09T14:03:28.612]Completed Shot 8, state 7
2037.111258 seconds (1.78 G allocations: 4.363 TiB, 18.71% gc time)
[2023-01-09T14:03:28.641]Completed Shot 8, state 30
2037.122985 seconds (1.78 G allocations: 4.363 TiB, 18.71% gc time)
[2023-01-09T14:03:28.653]Completed Shot 8, state 42
2037.785734 seconds (1.78 G allocations: 4.363 TiB, 18.70% gc time)
[2023-01-09T14:03:29.315]Completed Shot 8, state 22
2099.710600 seconds (1.79 G allocations: 4.382 TiB, 18.51% gc time)
[2023-01-09T14:38:29.028]Completed Shot 9, state 7
2100.932810 seconds (1.79 G allocations: 4.386 TiB, 18.50% gc time)
[2023-01-09T14:38:30.251]Completed Shot 9, state 16
2102.048424 seconds (1.79 G allocations: 4.390 TiB, 18.49% gc time)
[2023-01-09T14:38:31.367]Completed Shot 9, state 27
2102.217192 seconds (1.79 G allocations: 4.390 TiB, 18.49% gc time)
[2023-01-09T14:38:31.537]Completed Shot 9, state 41
2102.230754 seconds (1.79 G allocations: 4.390 TiB, 18.49% gc time)
[2023-01-09T14:38:31.550]Completed Shot 9, state 24
2104.122765 seconds (1.79 G allocations: 4.392 TiB, 18.54% gc time)
[2023-01-09T14:38:33.442]Completed Shot 9, state 34
2104.366933 seconds (1.79 G allocations: 4.393 TiB, 18.54% gc time)
[2023-01-09T14:38:33.684]Completed Shot 9, state 9
2105.304894 seconds (1.80 G allocations: 4.396 TiB, 18.53% gc time)
[2023-01-09T14:38:34.623]Completed Shot 9, state 15
2105.778051 seconds (1.80 G allocations: 4.398 TiB, 18.52% gc time)
[2023-01-09T14:38:35.096]Completed Shot 9, state 18
2106.017262 seconds (1.80 G allocations: 4.398 TiB, 18.52% gc time)
[2023-01-09T14:38:35.334]Completed Shot 9, state 3
2106.132745 seconds (1.80 G allocations: 4.399 TiB, 18.52% gc time)
[2023-01-09T14:38:35.451]Completed Shot 9, state 25
2106.161582 seconds (1.80 G allocations: 4.399 TiB, 18.52% gc time)
[2023-01-09T14:38:35.480]Completed Shot 9, state 20
2106.480195 seconds (1.80 G allocations: 4.400 TiB, 18.52% gc time)
[2023-01-09T14:38:35.797]Completed Shot 9, state 10
2106.591525 seconds (1.80 G allocations: 4.400 TiB, 18.52% gc time)
[2023-01-09T14:38:35.911]Completed Shot 9, state 39
2107.815164 seconds (1.80 G allocations: 4.401 TiB, 18.54% gc time)
[2023-01-09T14:38:37.135]Completed Shot 9, state 44
2107.834833 seconds (1.80 G allocations: 4.401 TiB, 18.54% gc time)
[2023-01-09T14:38:37.153]Completed Shot 9, state 21
2107.895552 seconds (1.80 G allocations: 4.402 TiB, 18.54% gc time)
[2023-01-09T14:38:37.213]Completed Shot 9, state 8
2107.916724 seconds (1.80 G allocations: 4.402 TiB, 18.54% gc time)
[2023-01-09T14:38:37.236]Completed Shot 9, state 31
2107.966637 seconds (1.80 G allocations: 4.402 TiB, 18.54% gc time)
[2023-01-09T14:38:37.284]Completed Shot 9, state 13
2107.976008 seconds (1.80 G allocations: 4.402 TiB, 18.54% gc time)
[2023-01-09T14:38:37.293]Completed Shot 9, state 4
2107.987869 seconds (1.80 G allocations: 4.402 TiB, 18.54% gc time)
[2023-01-09T14:38:37.308]Completed Shot 9, state 47
2108.049423 seconds (1.80 G allocations: 4.402 TiB, 18.54% gc time)
[2023-01-09T14:38:37.365]Completed Shot 9, state 1
2108.093638 seconds (1.80 G allocations: 4.402 TiB, 18.54% gc time)
[2023-01-09T14:38:37.413]Completed Shot 9, state 48
2108.173173 seconds (1.80 G allocations: 4.402 TiB, 18.54% gc time)
[2023-01-09T14:38:37.493]Completed Shot 9, state 40
2108.238751 seconds (1.80 G allocations: 4.402 TiB, 18.54% gc time)
[2023-01-09T14:38:37.558]Completed Shot 9, state 36
2108.325039 seconds (1.80 G allocations: 4.403 TiB, 18.54% gc time)
[2023-01-09T14:38:37.644]Completed Shot 9, state 32
2108.341186 seconds (1.80 G allocations: 4.403 TiB, 18.54% gc time)
[2023-01-09T14:38:37.659]Completed Shot 9, state 12
2108.569920 seconds (1.80 G allocations: 4.403 TiB, 18.54% gc time)
[2023-01-09T14:38:37.886]Completed Shot 9, state 2
2108.631959 seconds (1.80 G allocations: 4.404 TiB, 18.54% gc time)
[2023-01-09T14:38:37.951]Completed Shot 9, state 29
2109.129004 seconds (1.80 G allocations: 4.405 TiB, 18.53% gc time)
[2023-01-09T14:38:38.448]Completed Shot 9, state 38
2109.215482 seconds (1.80 G allocations: 4.405 TiB, 18.53% gc time)
[2023-01-09T14:38:38.534]Completed Shot 9, state 22
2109.236415 seconds (1.80 G allocations: 4.405 TiB, 18.53% gc time)
[2023-01-09T14:38:38.555]Completed Shot 9, state 23
2109.299375 seconds (1.80 G allocations: 4.405 TiB, 18.53% gc time)
[2023-01-09T14:38:38.619]Completed Shot 9, state 50
2109.358911 seconds (1.80 G allocations: 4.405 TiB, 18.53% gc time)
[2023-01-09T14:38:38.678]Completed Shot 9, state 43
2109.388195 seconds (1.80 G allocations: 4.405 TiB, 18.53% gc time)
[2023-01-09T14:38:38.705]Completed Shot 9, state 11
2109.386885 seconds (1.80 G allocations: 4.405 TiB, 18.53% gc time)
[2023-01-09T14:38:38.706]Completed Shot 9, state 30
2109.573008 seconds (1.80 G allocations: 4.406 TiB, 18.53% gc time)
[2023-01-09T14:38:38.892]Completed Shot 9, state 35
2109.582856 seconds (1.80 G allocations: 4.406 TiB, 18.53% gc time)
[2023-01-09T14:38:38.900]Completed Shot 9, state 6
2109.587482 seconds (1.80 G allocations: 4.406 TiB, 18.53% gc time)
[2023-01-09T14:38:38.907]Completed Shot 9, state 46
2109.697668 seconds (1.80 G allocations: 4.406 TiB, 18.53% gc time)
[2023-01-09T14:38:39.017]Completed Shot 9, state 42
2110.070393 seconds (1.80 G allocations: 4.406 TiB, 18.54% gc time)
[2023-01-09T14:38:39.388]Completed Shot 9, state 17
2110.308482 seconds (1.80 G allocations: 4.406 TiB, 18.54% gc time)
[2023-01-09T14:38:39.627]Completed Shot 9, state 26
2110.337460 seconds (1.80 G allocations: 4.406 TiB, 18.54% gc time)
[2023-01-09T14:38:39.656]Completed Shot 9, state 33
2110.575322 seconds (1.80 G allocations: 4.407 TiB, 18.53% gc time)
[2023-01-09T14:38:39.894]Completed Shot 9, state 28
2110.597521 seconds (1.80 G allocations: 4.407 TiB, 18.53% gc time)
[2023-01-09T14:38:39.914]Completed Shot 9, state 5
2110.893453 seconds (1.80 G allocations: 4.407 TiB, 18.53% gc time)
[2023-01-09T14:38:40.213]Completed Shot 9, state 45
2110.907556 seconds (1.80 G allocations: 4.407 TiB, 18.53% gc time)
[2023-01-09T14:38:40.226]Completed Shot 9, state 19
2111.032026 seconds (1.80 G allocations: 4.407 TiB, 18.53% gc time)
[2023-01-09T14:38:40.352]Completed Shot 9, state 49
2111.640222 seconds (1.80 G allocations: 4.407 TiB, 18.53% gc time)
[2023-01-09T14:38:40.958]Completed Shot 9, state 14
2114.866302 seconds (1.80 G allocations: 4.407 TiB, 18.50% gc time)
[2023-01-09T14:38:44.185]Completed Shot 9, state 37
2037.240428 seconds (1.77 G allocations: 4.329 TiB, 18.01% gc time)
[2023-01-09T15:12:41.430]Completed Shot 10, state 27
2039.919940 seconds (1.77 G allocations: 4.337 TiB, 17.99% gc time)
[2023-01-09T15:12:44.110]Completed Shot 10, state 31
2040.072901 seconds (1.77 G allocations: 4.338 TiB, 17.99% gc time)
[2023-01-09T15:12:44.261]Completed Shot 10, state 7
2040.111907 seconds (1.77 G allocations: 4.338 TiB, 17.99% gc time)
[2023-01-09T15:12:44.300]Completed Shot 10, state 8
2040.924530 seconds (1.77 G allocations: 4.341 TiB, 17.98% gc time)
[2023-01-09T15:12:45.115]Completed Shot 10, state 45
2041.222993 seconds (1.77 G allocations: 4.342 TiB, 17.98% gc time)
[2023-01-09T15:12:45.410]Completed Shot 10, state 3
2041.272532 seconds (1.77 G allocations: 4.342 TiB, 17.98% gc time)
[2023-01-09T15:12:45.462]Completed Shot 10, state 28
2041.349915 seconds (1.77 G allocations: 4.342 TiB, 17.98% gc time)
[2023-01-09T15:12:45.539]Completed Shot 10, state 17
2041.516762 seconds (1.77 G allocations: 4.343 TiB, 17.97% gc time)
[2023-01-09T15:12:45.707]Completed Shot 10, state 46
2041.614241 seconds (1.77 G allocations: 4.343 TiB, 17.97% gc time)
[2023-01-09T15:12:45.804]Completed Shot 10, state 35
2043.916343 seconds (1.77 G allocations: 4.346 TiB, 18.03% gc time)
[2023-01-09T15:12:48.106]Completed Shot 10, state 39
2044.100132 seconds (1.77 G allocations: 4.346 TiB, 18.03% gc time)
[2023-01-09T15:12:48.289]Completed Shot 10, state 18
2044.308561 seconds (1.78 G allocations: 4.347 TiB, 18.02% gc time)
[2023-01-09T15:12:48.499]Completed Shot 10, state 49
2044.422870 seconds (1.78 G allocations: 4.347 TiB, 18.02% gc time)
[2023-01-09T15:12:48.613]Completed Shot 10, state 37
2044.434754 seconds (1.78 G allocations: 4.347 TiB, 18.02% gc time)
[2023-01-09T15:12:48.623]Completed Shot 10, state 15
2044.756960 seconds (1.78 G allocations: 4.348 TiB, 18.02% gc time)
[2023-01-09T15:12:48.946]Completed Shot 10, state 19
2044.823174 seconds (1.78 G allocations: 4.348 TiB, 18.02% gc time)
[2023-01-09T15:12:49.011]Completed Shot 10, state 5
2044.902223 seconds (1.78 G allocations: 4.349 TiB, 18.02% gc time)
[2023-01-09T15:12:49.090]Completed Shot 10, state 9
2045.195151 seconds (1.78 G allocations: 4.350 TiB, 18.02% gc time)
[2023-01-09T15:12:49.383]Completed Shot 10, state 4
2045.260904 seconds (1.78 G allocations: 4.350 TiB, 18.01% gc time)
[2023-01-09T15:12:49.450]Completed Shot 10, state 26
2045.497707 seconds (1.78 G allocations: 4.351 TiB, 18.01% gc time)
[2023-01-09T15:12:49.687]Completed Shot 10, state 23
2045.499054 seconds (1.78 G allocations: 4.351 TiB, 18.01% gc time)
[2023-01-09T15:12:49.688]Completed Shot 10, state 30
2045.509948 seconds (1.78 G allocations: 4.351 TiB, 18.01% gc time)
[2023-01-09T15:12:49.700]Completed Shot 10, state 33
2045.631033 seconds (1.78 G allocations: 4.351 TiB, 18.01% gc time)
[2023-01-09T15:12:49.821]Completed Shot 10, state 41
2045.712271 seconds (1.78 G allocations: 4.352 TiB, 18.01% gc time)
[2023-01-09T15:12:49.901]Completed Shot 10, state 20
2045.712434 seconds (1.78 G allocations: 4.352 TiB, 18.01% gc time)
[2023-01-09T15:12:49.902]Completed Shot 10, state 40
2045.727425 seconds (1.78 G allocations: 4.352 TiB, 18.01% gc time)
[2023-01-09T15:12:49.917]Completed Shot 10, state 32
2045.801169 seconds (1.78 G allocations: 4.352 TiB, 18.01% gc time)
[2023-01-09T15:12:49.989]Completed Shot 10, state 6
2045.868869 seconds (1.78 G allocations: 4.352 TiB, 18.01% gc time)
[2023-01-09T15:12:50.059]Completed Shot 10, state 48
2045.924879 seconds (1.78 G allocations: 4.352 TiB, 18.01% gc time)
[2023-01-09T15:12:50.115]Completed Shot 10, state 43
2045.954803 seconds (1.78 G allocations: 4.352 TiB, 18.01% gc time)
[2023-01-09T15:12:50.143]Completed Shot 10, state 14
2046.015961 seconds (1.78 G allocations: 4.352 TiB, 18.01% gc time)
[2023-01-09T15:12:50.204]Completed Shot 10, state 13
2046.052061 seconds (1.78 G allocations: 4.352 TiB, 18.01% gc time)
[2023-01-09T15:12:50.240]Completed Shot 10, state 10
2046.163031 seconds (1.78 G allocations: 4.353 TiB, 18.01% gc time)
[2023-01-09T15:12:50.351]Completed Shot 10, state 11
2046.361767 seconds (1.78 G allocations: 4.353 TiB, 18.01% gc time)
[2023-01-09T15:12:50.551]Completed Shot 10, state 24
2046.375650 seconds (1.78 G allocations: 4.353 TiB, 18.01% gc time)
[2023-01-09T15:12:50.565]Completed Shot 10, state 34
2046.480736 seconds (1.78 G allocations: 4.353 TiB, 18.00% gc time)
[2023-01-09T15:12:50.671]Completed Shot 10, state 38
2046.481395 seconds (1.78 G allocations: 4.353 TiB, 18.00% gc time)
[2023-01-09T15:12:50.671]Completed Shot 10, state 29
2046.524284 seconds (1.78 G allocations: 4.353 TiB, 18.00% gc time)
[2023-01-09T15:12:50.714]Completed Shot 10, state 47
2047.127187 seconds (1.78 G allocations: 4.354 TiB, 18.02% gc time)
[2023-01-09T15:12:51.316]Completed Shot 10, state 21
2047.418275 seconds (1.78 G allocations: 4.354 TiB, 18.02% gc time)
[2023-01-09T15:12:51.608]Completed Shot 10, state 36
2047.458489 seconds (1.78 G allocations: 4.354 TiB, 18.02% gc time)
[2023-01-09T15:12:51.647]Completed Shot 10, state 12
2047.641249 seconds (1.78 G allocations: 4.354 TiB, 18.01% gc time)
[2023-01-09T15:12:51.830]Completed Shot 10, state 22
2047.719050 seconds (1.78 G allocations: 4.354 TiB, 18.01% gc time)
[2023-01-09T15:12:51.909]Completed Shot 10, state 42
2047.924521 seconds (1.78 G allocations: 4.354 TiB, 18.01% gc time)
[2023-01-09T15:12:52.113]Completed Shot 10, state 16
2048.274853 seconds (1.78 G allocations: 4.355 TiB, 18.01% gc time)
[2023-01-09T15:12:52.462]Completed Shot 10, state 2
2048.325000 seconds (1.78 G allocations: 4.355 TiB, 18.01% gc time)
[2023-01-09T15:12:52.514]Completed Shot 10, state 25
2048.362024 seconds (1.78 G allocations: 4.355 TiB, 18.01% gc time)
[2023-01-09T15:12:52.552]Completed Shot 10, state 44
2048.533776 seconds (1.78 G allocations: 4.355 TiB, 18.01% gc time)
[2023-01-09T15:12:52.721]Completed Shot 10, state 1
2049.541131 seconds (1.78 G allocations: 4.355 TiB, 18.00% gc time)
[2023-01-09T15:12:53.731]Completed Shot 10, state 50
[2023-01-09T15:12:53.732]**********Simulation completed!**********
[2023-01-09T15:12:53.732]**********Saving**********
[2023-01-09T15:12:57.852]Saving file: /gpfs/bwfor/work/ws/hd_ku269-logs/LightCones/2023-01-09/468874_N11_BS.jld2
[2023-01-09T15:12:59.632]**********Run completed!**********
pure virtual method called
terminate called without an active exception

signal (6): Aborted
in expression starting at none:0
============================= JOB FEEDBACK =============================
Job ID: 468874
Cluster: helix
User/Group: hd_ku269/hd_hd
State: COMPLETED (exit code 0)
Nodes: 1
Cores per node: 64
CPU Utilized: 14-06:47:37
CPU Efficiency: 89.83% of 15-21:36:00 core-walltime
Job Wall-clock time: 05:57:45
Memory Utilized: 45.40 GB
Memory Efficiency: 19.24% of 236.00 GB
