  Activating project at `/gpfs/bwfor/work/ws/hd_ku269-light_cones/WorkingFolder`
Added MKL.jl
Project LightCones v0.1.0
Status `/gpfs/bwfor/work/ws/hd_ku269-light_cones/WorkingFolder/Project.toml`
⌃ [7d9fca2a] Arpack v0.5.3
⌃ [7073ff75] IJulia v1.23.3
⌃ [033835bb] JLD2 v0.4.25
  [0b1a1467] KrylovKit v0.6.0
  [d3d80556] LineSearches v7.2.0
  [33e6dc65] MKL v0.6.0
⌃ [429524aa] Optim v1.7.3
⌃ [91a5bcdd] Plots v1.35.5
⌃ [c3e4b0f8] Pluto v0.19.14
  [3c0b384b] QuantumInformation v0.4.9
  [189a3867] Reexport v1.2.2
⌃ [295af30f] Revise v3.4.0
  [ebcc8a00] SpinSymmetry v0.3.3
  [59d54670] ThreadedSparseArrays v0.2.2
  [ade2ca70] Dates
  [8ba89e20] Distributed
  [37e2e46d] LinearAlgebra
  [de0858da] Printf
  [9a3f8284] Random
  [1a1011a3] SharedArrays
  [2f01184e] SparseArrays
  [10745b16] Statistics
Info Packages marked with ⌃ have new versions available and may be upgradable.
[2023-01-08T06:20:44.985]**********RANDOM FIELDS**********
shared_krylov.jl
Working Directory:          /gpfs/bwfor/work/ws/hd_ku269-light_cones/WorkingFolder
SLURM Directory:            /gpfs/bwfor/work/ws/hd_ku269-light_cones/WorkingFolder 
Running on host:            m09c01
Job id:                     468360
Job name:                   otoc_simulation_N11_TR
Number of nodes allocated:  
Number of cores allocated:  1
#threads of Julia:          64
#threads of BLAS:           1
ARGS = ["11", "1", "50", "BS", "x", "0", "10", "WAHUHA_FR"]
LOCATION = "/gpfs/bwfor/work/ws/hd_ku269-logs/LightCones/2023-01-08"
N = 11
SHOTS = 1
MULT_RANDOM_STATES = true
N_RANDOM_STATES = 50
TYPE_OF_RS = "BS"
OBSERVABLE = "x"
DISORDER_PARAM = 0.0
[2023-01-08T06:20:45.150]**********Running simulation**********
[2023-01-08T06:20:45.201]trange = 0.1:0.1:20.0
[2023-01-08T06:20:45.475]A = σx
[2023-01-08T06:20:45.883]alpha=6
[2023-01-08T06:20:45.883]PBC
10[2023-01-08T06:20:48.569]Operations set up.
Using multiple states.
1472.648582 seconds (2.15 G allocations: 5.249 TiB, 28.97% gc time, 0.11% compilation time)
1472.495847 seconds (2.15 G allocations: 5.249 TiB, 28.98% gc time, 0.10% compilation time)
1473.467675 seconds (2.15 G allocations: 5.257 TiB, 28.96% gc time, 0.10% compilation time)
1473.999955 seconds (2.15 G allocations: 5.261 TiB, 28.95% gc time, 0.19% compilation time)
1474.229611 seconds (2.15 G allocations: 5.263 TiB, 28.94% gc time, 0.19% compilation time)
1478.043801 seconds (2.16 G allocations: 5.263 TiB, 28.87% gc time, 0.45% compilation time)
1474.664187 seconds (2.16 G allocations: 5.265 TiB, 28.93% gc time, 0.19% compilation time)
1475.007285 seconds (2.16 G allocations: 5.268 TiB, 28.93% gc time, 0.19% compilation time)
1475.041037 seconds (2.16 G allocations: 5.268 TiB, 28.93% gc time, 0.19% compilation time)
1475.258063 seconds (2.16 G allocations: 5.269 TiB, 28.92% gc time, 0.19% compilation time)
1479.071771 seconds (2.16 G allocations: 5.270 TiB, 28.85% gc time, 0.45% compilation time)
1475.339346 seconds (2.16 G allocations: 5.270 TiB, 28.92% gc time, 0.19% compilation time)
1475.850110 seconds (2.16 G allocations: 5.273 TiB, 28.91% gc time, 0.19% compilation time)
1475.977065 seconds (2.16 G allocations: 5.273 TiB, 28.91% gc time, 0.19% compilation time)
1476.029015 seconds (2.16 G allocations: 5.274 TiB, 28.91% gc time, 0.19% compilation time)
1476.034463 seconds (2.16 G allocations: 5.274 TiB, 28.91% gc time, 0.21% compilation time)
1476.181361 seconds (2.16 G allocations: 5.274 TiB, 28.90% gc time, 0.21% compilation time)
1480.056876 seconds (2.16 G allocations: 5.275 TiB, 28.83% gc time, 0.46% compilation time)
1476.381204 seconds (2.16 G allocations: 5.275 TiB, 28.90% gc time, 0.21% compilation time)
1478.839272 seconds (2.16 G allocations: 5.276 TiB, 29.00% gc time, 0.21% compilation time)
1478.977344 seconds (2.16 G allocations: 5.277 TiB, 29.00% gc time, 0.21% compilation time)
1479.197507 seconds (2.16 G allocations: 5.277 TiB, 28.99% gc time, 0.22% compilation time)
1479.142989 seconds (2.16 G allocations: 5.278 TiB, 28.99% gc time, 0.21% compilation time)
1479.235328 seconds (2.16 G allocations: 5.278 TiB, 28.99% gc time, 0.21% compilation time)
1479.307802 seconds (2.16 G allocations: 5.279 TiB, 28.99% gc time, 0.21% compilation time)
1479.536435 seconds (2.16 G allocations: 5.279 TiB, 28.99% gc time, 0.21% compilation time)
1479.579019 seconds (2.16 G allocations: 5.280 TiB, 28.99% gc time, 0.21% compilation time)
1479.958306 seconds (2.16 G allocations: 5.281 TiB, 28.98% gc time, 0.21% compilation time)
1480.002514 seconds (2.16 G allocations: 5.281 TiB, 28.98% gc time, 0.21% compilation time)
1483.778988 seconds (2.16 G allocations: 5.281 TiB, 28.90% gc time, 0.46% compilation time)
1483.901244 seconds (2.16 G allocations: 5.282 TiB, 28.90% gc time, 0.46% compilation time)
1480.171837 seconds (2.16 G allocations: 5.282 TiB, 28.97% gc time, 0.21% compilation time)
1480.279862 seconds (2.16 G allocations: 5.282 TiB, 28.97% gc time, 0.21% compilation time)
1484.199156 seconds (2.16 G allocations: 5.283 TiB, 28.90% gc time, 0.46% compilation time)
1480.406115 seconds (2.16 G allocations: 5.283 TiB, 28.97% gc time, 0.21% compilation time)
1480.506991 seconds (2.16 G allocations: 5.283 TiB, 28.97% gc time, 0.21% compilation time)
1480.823010 seconds (2.16 G allocations: 5.284 TiB, 28.96% gc time, 0.21% compilation time)
1485.085012 seconds (2.16 G allocations: 5.286 TiB, 28.88% gc time, 0.46% compilation time)
1481.343834 seconds (2.16 G allocations: 5.286 TiB, 28.95% gc time, 0.21% compilation time)
1485.121713 seconds (2.16 G allocations: 5.286 TiB, 28.88% gc time, 0.46% compilation time)
1481.581672 seconds (2.16 G allocations: 5.286 TiB, 28.95% gc time, 0.21% compilation time)
1482.135246 seconds (2.16 G allocations: 5.288 TiB, 28.94% gc time, 0.21% compilation time)
1486.300842 seconds (2.17 G allocations: 5.289 TiB, 28.85% gc time, 0.46% compilation time)
1482.643423 seconds (2.16 G allocations: 5.289 TiB, 28.93% gc time, 0.21% compilation time)
1482.650765 seconds (2.16 G allocations: 5.289 TiB, 28.93% gc time, 0.21% compilation time)
1482.775386 seconds (2.16 G allocations: 5.289 TiB, 28.92% gc time, 0.21% compilation time)
1482.940078 seconds (2.17 G allocations: 5.290 TiB, 28.92% gc time, 0.21% compilation time)
1482.958008 seconds (2.17 G allocations: 5.290 TiB, 28.92% gc time, 0.21% compilation time)
1483.073468 seconds (2.17 G allocations: 5.290 TiB, 28.92% gc time, 0.21% compilation time)
1483.564047 seconds (2.17 G allocations: 5.291 TiB, 28.91% gc time, 0.21% compilation time)
1425.239652 seconds (2.17 G allocations: 5.301 TiB, 29.44% gc time, 0.14% compilation time)
[2023-01-08T07:09:19.978]Completed Shot 1, state 35
1423.799630 seconds (2.16 G allocations: 5.290 TiB, 29.47% gc time, 0.05% compilation time)
[2023-01-08T07:09:20.003]Completed Shot 1, state 39
1423.140268 seconds (2.16 G allocations: 5.285 TiB, 29.48% gc time, 0.05% compilation time)
[2023-01-08T07:09:20.023]Completed Shot 1, state 37
1421.935659 seconds (2.16 G allocations: 5.279 TiB, 29.51% gc time, 0.05% compilation time)
[2023-01-08T07:09:20.179]Completed Shot 1, state 28
1424.049940 seconds (2.16 G allocations: 5.292 TiB, 29.46% gc time, 0.05% compilation time)
[2023-01-08T07:09:20.490]Completed Shot 1, state 45
1423.198282 seconds (2.16 G allocations: 5.287 TiB, 29.48% gc time, 0.05% compilation time)
[2023-01-08T07:09:20.703]Completed Shot 1, state 12
1423.558334 seconds (2.16 G allocations: 5.289 TiB, 29.47% gc time, 0.05% compilation time)
[2023-01-08T07:09:20.850]Completed Shot 1, state 22
1422.868725 seconds (2.16 G allocations: 5.286 TiB, 29.49% gc time, 0.04% compilation time)
[2023-01-08T07:09:21.159]Completed Shot 1, state 27
1426.531984 seconds (2.17 G allocations: 5.311 TiB, 29.41% gc time, 0.15% compilation time)
[2023-01-08T07:09:21.270]Completed Shot 1, state 43
1423.496477 seconds (2.16 G allocations: 5.290 TiB, 29.47% gc time, 0.05% compilation time)
[2023-01-08T07:09:21.683]Completed Shot 1, state 49
1419.938234 seconds (2.16 G allocations: 5.284 TiB, 29.39% gc time, 0.03% compilation time)
[2023-01-08T07:09:21.766]Completed Shot 1, state 31
1416.078143 seconds (2.16 G allocations: 5.274 TiB, 29.47% gc time, 0.03% compilation time)
[2023-01-08T07:09:21.855]Completed Shot 1, state 46
1419.736519 seconds (2.16 G allocations: 5.284 TiB, 29.40% gc time, 0.03% compilation time)
[2023-01-08T07:09:21.969]Completed Shot 1, state 1
1424.515012 seconds (2.16 G allocations: 5.296 TiB, 29.45% gc time, 0.05% compilation time)
[2023-01-08T07:09:22.041]Completed Shot 1, state 5
1424.842750 seconds (2.17 G allocations: 5.298 TiB, 29.45% gc time, 0.05% compilation time)
[2023-01-08T07:09:22.061]Completed Shot 1, state 48
1423.803913 seconds (2.16 G allocations: 5.293 TiB, 29.47% gc time, 0.03% compilation time)
[2023-01-08T07:09:22.404]Completed Shot 1, state 32
1425.905735 seconds (2.17 G allocations: 5.305 TiB, 29.42% gc time, 0.05% compilation time)
[2023-01-08T07:09:22.405]Completed Shot 1, state 29
1421.215625 seconds (2.16 G allocations: 5.291 TiB, 29.37% gc time, 0.03% compilation time)
[2023-01-08T07:09:22.451]Completed Shot 1, state 10
1427.418664 seconds (2.17 G allocations: 5.301 TiB, 29.54% gc time, 0.05% compilation time)
[2023-01-08T07:09:24.995]Completed Shot 1, state 26
1421.979755 seconds (2.16 G allocations: 5.287 TiB, 29.50% gc time, 0.03% compilation time)
[2023-01-08T07:09:25.008]Completed Shot 1, state 44
1419.855388 seconds (2.16 G allocations: 5.281 TiB, 29.55% gc time, 0.03% compilation time)
[2023-01-08T07:09:25.026]Completed Shot 1, state 20
1421.634277 seconds (2.16 G allocations: 5.286 TiB, 29.51% gc time, 0.03% compilation time)
[2023-01-08T07:09:25.195]Completed Shot 1, state 18
1421.792905 seconds (2.16 G allocations: 5.287 TiB, 29.51% gc time, 0.03% compilation time)
[2023-01-08T07:09:25.369]Completed Shot 1, state 21
1422.939641 seconds (2.16 G allocations: 5.291 TiB, 29.48% gc time, 0.03% compilation time)
[2023-01-08T07:09:25.431]Completed Shot 1, state 47
1427.336449 seconds (2.17 G allocations: 5.301 TiB, 29.55% gc time, 0.05% compilation time)
[2023-01-08T07:09:25.431]Completed Shot 1, state 38
1429.758929 seconds (2.17 G allocations: 5.317 TiB, 29.50% gc time, 0.15% compilation time)
[2023-01-08T07:09:25.431]Completed Shot 1, state 6
1424.278447 seconds (2.16 G allocations: 5.297 TiB, 29.46% gc time, 0.03% compilation time)
[2023-01-08T07:09:25.508]Completed Shot 1, state 30
1424.052791 seconds (2.16 G allocations: 5.296 TiB, 29.46% gc time, 0.03% compilation time)
[2023-01-08T07:09:25.543]Completed Shot 1, state 11
1427.073681 seconds (2.17 G allocations: 5.299 TiB, 29.55% gc time, 0.03% compilation time)
[2023-01-08T07:09:25.585]Completed Shot 1, state 34
1424.557149 seconds (2.17 G allocations: 5.298 TiB, 29.45% gc time, 0.03% compilation time)
[2023-01-08T07:09:25.646]Completed Shot 1, state 50
1423.411364 seconds (2.16 G allocations: 5.293 TiB, 29.47% gc time, 0.03% compilation time)
[2023-01-08T07:09:25.768]Completed Shot 1, state 15
1424.528014 seconds (2.17 G allocations: 5.298 TiB, 29.45% gc time, 0.03% compilation time)
[2023-01-08T07:09:26.083]Completed Shot 1, state 41
1423.767695 seconds (2.16 G allocations: 5.295 TiB, 29.47% gc time, 0.03% compilation time)
[2023-01-08T07:09:26.157]Completed Shot 1, state 19
1421.280857 seconds (2.16 G allocations: 5.288 TiB, 29.52% gc time, 0.03% compilation time)
[2023-01-08T07:09:26.265]Completed Shot 1, state 24
1422.496873 seconds (2.16 G allocations: 5.291 TiB, 29.49% gc time, 0.03% compilation time)
[2023-01-08T07:09:26.283]Completed Shot 1, state 8
1424.212716 seconds (2.16 G allocations: 5.296 TiB, 29.46% gc time, 0.03% compilation time)
[2023-01-08T07:09:26.435]Completed Shot 1, state 42
1423.860781 seconds (2.16 G allocations: 5.295 TiB, 29.47% gc time, 0.03% compilation time)
[2023-01-08T07:09:26.514]Completed Shot 1, state 33
1424.897334 seconds (2.17 G allocations: 5.299 TiB, 29.44% gc time, 0.03% compilation time)
[2023-01-08T07:09:26.639]Completed Shot 1, state 36
1425.366285 seconds (2.17 G allocations: 5.301 TiB, 29.43% gc time, 0.03% compilation time)
[2023-01-08T07:09:26.748]Completed Shot 1, state 23
1421.520618 seconds (2.16 G allocations: 5.289 TiB, 29.51% gc time, 0.03% compilation time)
[2023-01-08T07:09:26.798]Completed Shot 1, state 9
1422.159241 seconds (2.16 G allocations: 5.291 TiB, 29.50% gc time, 0.03% compilation time)
[2023-01-08T07:09:26.914]Completed Shot 1, state 3
1422.085936 seconds (2.16 G allocations: 5.290 TiB, 29.50% gc time, 0.03% compilation time)
[2023-01-08T07:09:26.973]Completed Shot 1, state 13
1423.425389 seconds (2.16 G allocations: 5.294 TiB, 29.47% gc time, 0.03% compilation time)
[2023-01-08T07:09:26.980]Completed Shot 1, state 14
1428.614441 seconds (2.17 G allocations: 5.305 TiB, 29.52% gc time, 0.03% compilation time)
[2023-01-08T07:09:27.007]Completed Shot 1, state 2
1421.897700 seconds (2.16 G allocations: 5.290 TiB, 29.51% gc time, 0.03% compilation time)
[2023-01-08T07:09:27.042]Completed Shot 1, state 4
1424.962791 seconds (2.17 G allocations: 5.298 TiB, 29.44% gc time, 0.03% compilation time)
[2023-01-08T07:09:27.140]Completed Shot 1, state 40
1424.950904 seconds (2.16 G allocations: 5.296 TiB, 29.47% gc time, 0.03% compilation time)
[2023-01-08T07:09:27.706]Completed Shot 1, state 25
1425.397930 seconds (2.16 G allocations: 5.297 TiB, 29.46% gc time, 0.03% compilation time)
[2023-01-08T07:09:28.060]Completed Shot 1, state 7
1423.682487 seconds (2.16 G allocations: 5.291 TiB, 29.50% gc time, 0.03% compilation time)
[2023-01-08T07:09:28.585]Completed Shot 1, state 17
1426.052516 seconds (2.16 G allocations: 5.292 TiB, 29.45% gc time, 0.03% compilation time)
[2023-01-08T07:09:30.426]Completed Shot 1, state 16
[2023-01-08T07:09:30.426]**********Simulation completed!**********
[2023-01-08T07:09:30.427]**********Saving**********
[2023-01-08T07:09:34.536]Saving file: /gpfs/bwfor/work/ws/hd_ku269-logs/LightCones/2023-01-08/468360_N11_BS.jld2
[2023-01-08T07:09:36.086]**********Run completed!**********
============================= JOB FEEDBACK =============================
Job ID: 468360
Cluster: helix
User/Group: hd_ku269/hd_hd
State: COMPLETED (exit code 0)
Nodes: 1
Cores per node: 64
CPU Utilized: 1-23:32:57
CPU Efficiency: 90.79% of 2-04:22:24 core-walltime
Job Wall-clock time: 00:49:06
Memory Utilized: 57.14 GB
Memory Efficiency: 24.21% of 236.00 GB
