  Activating project at `/gpfs/bwfor/work/ws/hd_ku269-light_cones/WorkingFolder`
Added MKL.jl
Project LightCones v0.1.0
Status `/gpfs/bwfor/work/ws/hd_ku269-light_cones/WorkingFolder/Project.toml`
⌃ [7d9fca2a] Arpack v0.5.3
⌃ [7073ff75] IJulia v1.23.3
⌃ [033835bb] JLD2 v0.4.25
  [0b1a1467] KrylovKit v0.6.0
  [d3d80556] LineSearches v7.2.0
  [33e6dc65] MKL v0.6.0
⌃ [429524aa] Optim v1.7.3
⌃ [91a5bcdd] Plots v1.35.5
⌃ [c3e4b0f8] Pluto v0.19.14
  [3c0b384b] QuantumInformation v0.4.9
  [189a3867] Reexport v1.2.2
⌃ [295af30f] Revise v3.4.0
  [ebcc8a00] SpinSymmetry v0.3.3
  [59d54670] ThreadedSparseArrays v0.2.2
  [ade2ca70] Dates
  [8ba89e20] Distributed
  [37e2e46d] LinearAlgebra
  [de0858da] Printf
  [9a3f8284] Random
  [1a1011a3] SharedArrays
  [2f01184e] SparseArrays
  [10745b16] Statistics
Info Packages marked with ⌃ have new versions available and may be upgradable.
[2023-01-11T13:58:22.086]**********RANDOM FIELDS**********
shared_krylov.jl
Working Directory:          /gpfs/bwfor/work/ws/hd_ku269-light_cones/WorkingFolder
SLURM Directory:            /gpfs/bwfor/work/ws/hd_ku269-light_cones/WorkingFolder 
Running on host:            o03n01
Job id:                     491659
Job name:                   otoc_simulation_N11_TR
Number of nodes allocated:  
Number of cores allocated:  1
#threads of Julia:          64
#threads of BLAS:           1
ARGS = ["11", "1", "50", "BS", "x", "0", "500", "WAHUHA_FR"]
LOCATION = "/gpfs/bwfor/work/ws/hd_ku269-logs/LightCones/2023-01-11"
N = 11
SHOTS = 1
MULT_RANDOM_STATES = true
N_RANDOM_STATES = 50
TYPE_OF_RS = "BS"
OBSERVABLE = "x"
DISORDER_PARAM = 0.0
[2023-01-11T13:58:22.249]**********Running simulation**********
[2023-01-11T13:58:22.300]trange = 0.1:0.1:20.0
[2023-01-11T13:58:22.594]A = σx
[2023-01-11T13:58:22.989]alpha=6
[2023-01-11T13:58:22.989]PBC
10[2023-01-11T13:58:25.650]Operations set up.
Using multiple states.
48509.218756 seconds (27.02 G allocations: 69.006 TiB, 10.32% gc time, 0.00% compilation time)
[2023-01-12T03:27:14.064]Completed Shot 1, state 9
48543.898002 seconds (27.04 G allocations: 69.055 TiB, 10.32% gc time, 0.00% compilation time)
[2023-01-12T03:27:48.717]Completed Shot 1, state 24
48553.433573 seconds (27.04 G allocations: 69.071 TiB, 10.32% gc time, 0.00% compilation time)
[2023-01-12T03:27:57.858]Completed Shot 1, state 22
48558.167327 seconds (27.04 G allocations: 69.077 TiB, 10.32% gc time, 0.00% compilation time)
[2023-01-12T03:28:02.777]Completed Shot 1, state 45
48565.603450 seconds (27.05 G allocations: 69.090 TiB, 10.32% gc time, 0.00% compilation time)
[2023-01-12T03:28:10.403]Completed Shot 1, state 37
48614.541203 seconds (27.07 G allocations: 69.152 TiB, 10.32% gc time, 0.01% compilation time)
[2023-01-12T03:28:52.436]Completed Shot 1, state 4
48610.081721 seconds (27.08 G allocations: 69.155 TiB, 10.32% gc time, 0.00% compilation time)
[2023-01-12T03:28:54.691]Completed Shot 1, state 32
48616.817021 seconds (27.08 G allocations: 69.155 TiB, 10.32% gc time, 0.01% compilation time)
[2023-01-12T03:28:54.711]Completed Shot 1, state 1
48629.714894 seconds (27.09 G allocations: 69.184 TiB, 10.32% gc time, 0.00% compilation time)
[2023-01-12T03:29:14.252]Completed Shot 1, state 41
48639.148277 seconds (27.09 G allocations: 69.199 TiB, 10.32% gc time, 0.00% compilation time)
[2023-01-12T03:29:23.969]Completed Shot 1, state 38
48643.735661 seconds (27.10 G allocations: 69.207 TiB, 10.32% gc time, 0.00% compilation time)
[2023-01-12T03:29:28.274]Completed Shot 1, state 28
48656.626943 seconds (27.10 G allocations: 69.226 TiB, 10.32% gc time, 0.00% compilation time)
[2023-01-12T03:29:41.448]Completed Shot 1, state 47
48667.318796 seconds (27.11 G allocations: 69.241 TiB, 10.32% gc time, 0.00% compilation time)
[2023-01-12T03:29:52.119]Completed Shot 1, state 31
48670.137524 seconds (27.11 G allocations: 69.245 TiB, 10.32% gc time, 0.00% compilation time)
[2023-01-12T03:29:54.561]Completed Shot 1, state 8
48674.883592 seconds (27.11 G allocations: 69.252 TiB, 10.32% gc time, 0.00% compilation time)
[2023-01-12T03:29:59.697]Completed Shot 1, state 36
48677.627763 seconds (27.11 G allocations: 69.256 TiB, 10.32% gc time, 0.00% compilation time)
[2023-01-12T03:30:02.426]Completed Shot 1, state 2
48679.739703 seconds (27.12 G allocations: 69.260 TiB, 10.32% gc time, 0.00% compilation time)
[2023-01-12T03:30:04.348]Completed Shot 1, state 49
48680.680016 seconds (27.12 G allocations: 69.262 TiB, 10.32% gc time, 0.00% compilation time)
[2023-01-12T03:30:05.495]Completed Shot 1, state 30
48686.059814 seconds (27.12 G allocations: 69.267 TiB, 10.32% gc time, 0.00% compilation time)
[2023-01-12T03:30:10.671]Completed Shot 1, state 7
48696.774927 seconds (27.13 G allocations: 69.283 TiB, 10.32% gc time, 0.00% compilation time)
[2023-01-12T03:30:21.313]Completed Shot 1, state 10
48698.138066 seconds (27.13 G allocations: 69.286 TiB, 10.32% gc time, 0.00% compilation time)
[2023-01-12T03:30:22.956]Completed Shot 1, state 39
48702.556389 seconds (27.13 G allocations: 69.293 TiB, 10.32% gc time, 0.00% compilation time)
[2023-01-12T03:30:27.356]Completed Shot 1, state 20
48705.382351 seconds (27.13 G allocations: 69.295 TiB, 10.32% gc time, 0.00% compilation time)
[2023-01-12T03:30:30.181]Completed Shot 1, state 23
48708.274676 seconds (27.13 G allocations: 69.299 TiB, 10.32% gc time, 0.00% compilation time)
[2023-01-12T03:30:33.080]Completed Shot 1, state 12
48714.814737 seconds (27.13 G allocations: 69.308 TiB, 10.32% gc time, 0.00% compilation time)
[2023-01-12T03:30:39.510]Completed Shot 1, state 18
48715.639747 seconds (27.14 G allocations: 69.309 TiB, 10.32% gc time, 0.00% compilation time)
[2023-01-12T03:30:40.454]Completed Shot 1, state 15
48718.143727 seconds (27.14 G allocations: 69.312 TiB, 10.32% gc time, 0.00% compilation time)
[2023-01-12T03:30:42.754]Completed Shot 1, state 3
48722.459971 seconds (27.14 G allocations: 69.318 TiB, 10.32% gc time, 0.00% compilation time)
[2023-01-12T03:30:47.257]Completed Shot 1, state 40
48732.321060 seconds (27.14 G allocations: 69.330 TiB, 10.32% gc time, 0.00% compilation time)
[2023-01-12T03:30:57.116]Completed Shot 1, state 6
48741.168795 seconds (27.15 G allocations: 69.341 TiB, 10.32% gc time, 0.00% compilation time)
[2023-01-12T03:31:05.986]Completed Shot 1, state 33
48743.787549 seconds (27.15 G allocations: 69.344 TiB, 10.32% gc time, 0.00% compilation time)
[2023-01-12T03:31:08.395]Completed Shot 1, state 27
48746.635654 seconds (27.15 G allocations: 69.348 TiB, 10.32% gc time, 0.00% compilation time)
[2023-01-12T03:31:11.454]Completed Shot 1, state 19
48750.945649 seconds (27.15 G allocations: 69.351 TiB, 10.32% gc time, 0.00% compilation time)
[2023-01-12T03:31:15.552]Completed Shot 1, state 13
48758.445803 seconds (27.15 G allocations: 69.352 TiB, 10.32% gc time, 0.01% compilation time)
[2023-01-12T03:31:16.340]Completed Shot 1, state 42
48753.877412 seconds (27.15 G allocations: 69.354 TiB, 10.32% gc time, 0.00% compilation time)
[2023-01-12T03:31:18.301]Completed Shot 1, state 17
48753.867369 seconds (27.15 G allocations: 69.355 TiB, 10.32% gc time, 0.00% compilation time)
[2023-01-12T03:31:18.463]Completed Shot 1, state 35
48764.941140 seconds (27.16 G allocations: 69.364 TiB, 10.32% gc time, 0.00% compilation time)
[2023-01-12T03:31:29.744]Completed Shot 1, state 26
48765.984361 seconds (27.16 G allocations: 69.365 TiB, 10.32% gc time, 0.00% compilation time)
[2023-01-12T03:31:30.521]Completed Shot 1, state 43
48775.966980 seconds (27.16 G allocations: 69.373 TiB, 10.32% gc time, 0.00% compilation time)
[2023-01-12T03:31:40.772]Completed Shot 1, state 34
48778.455666 seconds (27.16 G allocations: 69.375 TiB, 10.32% gc time, 0.00% compilation time)
[2023-01-12T03:31:43.256]Completed Shot 1, state 14
48785.633737 seconds (27.16 G allocations: 69.376 TiB, 10.31% gc time, 0.01% compilation time)
[2023-01-12T03:31:43.549]Completed Shot 1, state 46
48784.459612 seconds (27.16 G allocations: 69.380 TiB, 10.32% gc time, 0.00% compilation time)
[2023-01-12T03:31:49.055]Completed Shot 1, state 25
48803.272479 seconds (27.17 G allocations: 69.388 TiB, 10.31% gc time, 0.01% compilation time)
[2023-01-12T03:32:01.188]Completed Shot 1, state 11
48800.452770 seconds (27.17 G allocations: 69.391 TiB, 10.31% gc time, 0.00% compilation time)
[2023-01-12T03:32:05.235]Completed Shot 1, state 16
48809.773380 seconds (27.17 G allocations: 69.396 TiB, 10.31% gc time, 0.00% compilation time)
[2023-01-12T03:32:14.584]Completed Shot 1, state 50
48811.337236 seconds (27.17 G allocations: 69.397 TiB, 10.31% gc time, 0.00% compilation time)
[2023-01-12T03:32:16.154]Completed Shot 1, state 5
48812.191769 seconds (27.17 G allocations: 69.397 TiB, 10.31% gc time, 0.00% compilation time)
[2023-01-12T03:32:16.989]Completed Shot 1, state 48
48820.278884 seconds (27.17 G allocations: 69.399 TiB, 10.31% gc time, 0.00% compilation time)
[2023-01-12T03:32:25.072]Completed Shot 1, state 29
48833.438061 seconds (27.17 G allocations: 69.402 TiB, 10.31% gc time, 0.00% compilation time)
[2023-01-12T03:32:38.048]Completed Shot 1, state 21
48868.675736 seconds (27.17 G allocations: 69.405 TiB, 10.30% gc time, 0.00% compilation time)
[2023-01-12T03:33:13.476]Completed Shot 1, state 44
[2023-01-12T03:33:13.476]**********Simulation completed!**********
[2023-01-12T03:33:13.476]**********Saving**********
[2023-01-12T03:33:17.462]Saving file: /gpfs/bwfor/work/ws/hd_ku269-logs/LightCones/2023-01-11/491659_N11_BS.jld2
[2023-01-12T03:33:19.009]**********Run completed!**********
============================= JOB FEEDBACK =============================
Job ID: 491659
Cluster: helix
User/Group: hd_ku269/hd_hd
State: COMPLETED (exit code 0)
Nodes: 1
Cores per node: 64
CPU Utilized: 31-12:34:42
CPU Efficiency: 86.99% of 36-05:46:40 core-walltime
Job Wall-clock time: 13:35:25
Memory Utilized: 59.24 GB
Memory Efficiency: 25.10% of 236.00 GB
