  Activating project at `/lustre/work/ws/ws1/hd_ku269-light_cones/WorkingFolder`
Added MKL.jl
Project LightCones v0.1.0
Status `/lustre/work/ws/ws1/hd_ku269-light_cones/WorkingFolder/Project.toml`
⌃ [7d9fca2a] Arpack v0.5.3
  [7073ff75] IJulia v1.23.3
⌃ [033835bb] JLD2 v0.4.25
⌃ [0b1a1467] KrylovKit v0.5.4
  [d3d80556] LineSearches v7.2.0
  [33e6dc65] MKL v0.6.0
  [429524aa] Optim v1.7.3
⌃ [91a5bcdd] Plots v1.35.4
⌃ [c3e4b0f8] Pluto v0.19.14
  [3c0b384b] QuantumInformation v0.4.9
  [189a3867] Reexport v1.2.2
  [295af30f] Revise v3.4.0
  [ebcc8a00] SpinSymmetry v0.3.3
  [59d54670] ThreadedSparseArrays v0.2.2
  [ade2ca70] Dates
  [8ba89e20] Distributed
  [37e2e46d] LinearAlgebra
  [de0858da] Printf
  [9a3f8284] Random
  [1a1011a3] SharedArrays
  [2f01184e] SparseArrays
  [10745b16] Statistics
Info Packages marked with ⌃ have new versions available
[2022-11-29T03:19:36.228]**********RANDOM FIELDS**********
shared_krylov_pbc.jl
Working Directory:          /lustre/work/ws/ws1/hd_ku269-light_cones/WorkingFolder
SLURM Directory:            /lustre/work/ws/ws1/hd_ku269-light_cones/WorkingFolder 
Running on host:            n1825
Job id:                     7847355
Job name:                   otoc_simulation_N13_ED_pbc
Number of nodes allocated:  
Number of cores allocated:  1
#threads of Julia:          96
#threads of BLAS:           1
ARGS = ["13", "50", "x", "24"]
LOCATION = "/lustre/work/ws/ws1/hd_ku269-logs/LightCones/2022-11-29"
N = 13
SHOTS = 50
OBSERVABLE = "x"
DISORDER_PARAM = 24.0
[2022-11-29T03:19:36.455]**********Running simulation**********
[2022-11-29T03:19:36.525]trange = [0.001, 0.0012328467394420659, 0.0015199110829529332, 0.001873817422860383, 0.002310129700083158, 0.002848035868435802, 0.003511191734215131, 0.004328761281083057, 0.005336699231206307, 0.006579332246575682, 0.008111308307896864, 0.010000000000000002, 0.012328467394420665, 0.01519911082952933, 0.01873817422860384, 0.023101297000831605, 0.02848035868435802, 0.03511191734215131, 0.043287612810830614, 0.05336699231206307, 0.0657933224657568, 0.08111308307896876, 0.09999999999999995, 0.12328467394420659, 0.15199110829529347, 0.1873817422860385, 0.23101297000831617, 0.2848035868435802, 0.3511191734215131, 0.43287612810830595, 0.5336699231206312, 0.6579332246575682, 0.8111308307896873, 1.0, 1.232846739442066, 1.5199110829529339, 1.873817422860383, 2.31012970008316, 2.8480358684358005, 3.5111917342151275, 4.328761281083057, 5.3366992312063095, 6.5793322465756825, 8.11130830789688, 9.999999999999995, 12.32846739442066, 15.199110829529348, 18.73817422860384, 23.101297000831604, 28.480358684358034, 35.11191734215131, 43.28761281083057, 53.366992312063154, 65.79332246575676, 81.11308307896864, 100.0, 123.28467394420646, 151.99110829529363, 187.3817422860383, 231.01297000831556, 284.8035868435805, 351.11917342151276, 432.87612810830615, 533.6699231206312, 657.9332246575682, 811.1308307896873, 1000.0, 1232.8467394420659, 1519.9110829529332, 1873.817422860383, 2310.1297000831582, 2848.035868435799, 3511.1917342151273, 4328.761281083052, 5336.6992312063185, 6579.332246575669, 8111.308307896856, 10000.0, 12328.467394420633, 15199.11082952933, 18738.17422860383, 23101.297000831626, 28480.35868435805, 35111.917342151275, 43287.612810830615, 53366.99231206302, 65793.32246575695, 81113.08307896873, 100000.0, 123284.67394420685, 151991.10829529332, 187381.74228603867, 231012.97000831628, 284803.5868435805, 351119.17342151346, 432876.12810830615, 533669.9231206313, 657933.2246575683, 811130.8307896872, 1.0e6]
[2022-11-29T03:19:36.907]A=σx
[2022-11-29T03:19:37.592]PBC
[[[[2022-11-29T03:19:39.099]Created Hamiltonian for Shot 332022-11-29T03:19:39.099]Created Hamiltonian for Shot 38[2022-11-29T03:19:39.099]Created Hamiltonian for Shot 23
[2022-11-29T03:19:39.099]Created Hamiltonian for Shot 37
[2022-11-29T03:19:39.099]Created Hamiltonian for Shot 13
[2022-11-29T03:19:39.100]Created Hamiltonian for Shot 12


2022-11-29T03:19:39.099]Created Hamiltonian for Shot 36
2022-11-29T03:19:39.099]Created Hamiltonian for Shot 35
[2022-11-29T03:19:39.100]Created Hamiltonian for Shot 5
[2022-11-29T03:19:39.101]Created Hamiltonian for Shot 19
[2022-11-29T03:19:39.101]Created Hamiltonian for Shot 20
[2022-11-29T03:19:39.101]Created Hamiltonian for Shot 7
[2022-11-29T03:19:39.101]Created Hamiltonian for Shot 32
[2022-11-29T03:19:39.101]Created Hamiltonian for Shot 45
[2022-11-29T03:19:39.101]Created Hamiltonian for Shot 34
[2022-11-29T03:19:39.101]Created Hamiltonian for Shot 42
[2022-11-29T03:19:39.101]Created Hamiltonian for Shot 3
[2022-11-29T03:19:39.102]Created Hamiltonian for Shot 47
[2022-11-29T03:19:39.102]Created Hamiltonian for Shot 6
[2022-11-29T03:19:39.102]Created Hamiltonian for Shot 1
[2022-11-29T03:19:39.103]Created Hamiltonian for Shot 8
[[2022-11-29T03:19:39.103]Created Hamiltonian for Shot 43
2022-11-29T03:19:39.103]Created Hamiltonian for Shot 44
[2022-11-29T03:19:39.103]Created Hamiltonian for Shot 9
[2022-11-29T03:19:39.103]Created Hamiltonian for Shot 22
[2022-11-29T03:19:39.103]Created Hamiltonian for Shot 49
[2022-11-29T03:19:39.103]Created Hamiltonian for Shot 4
[2022-11-29T03:19:39.103]Created Hamiltonian for Shot 30
[2022-11-29T03:19:39.103]Created Hamiltonian for Shot 14
[2022-11-29T03:19:39.103]Created Hamiltonian for Shot 2
[[2022-11-29T03:19:39.103]Created Hamiltonian for Shot 31
2022-11-29T03:19:39.103]Created Hamiltonian for Shot 48
[2022-11-29T03:19:39.103]Created Hamiltonian for Shot 40
[2022-11-29T03:19:39.103]Created Hamiltonian for Shot 39
[2022-11-29T03:19:39.103]Created Hamiltonian for Shot 50
[2022-11-29T03:19:39.104]Created Hamiltonian for Shot 41
[2022-11-29T03:19:39.104]Created Hamiltonian for Shot 27
[[[2022-11-29T03:19:39.104]Created Hamiltonian for Shot 26
2022-11-29T03:19:39.104]Created Hamiltonian for Shot 21
[2022-11-29T03:19:39.104]Created Hamiltonian for Shot 15
[2022-11-29T03:19:39.104]Created Hamiltonian for Shot 11
2022-11-29T03:19:39.104]Created Hamiltonian for Shot 10
[2022-11-29T03:19:39.104]Created Hamiltonian for Shot 28
[2022-11-29T03:19:39.104]Created Hamiltonian for Shot 24
[[2022-11-29T03:19:39.104]2022-11-29T03:19:39.104Created Hamiltonian for Shot 16
]Created Hamiltonian for Shot 25
[2022-11-29T03:19:39.104]Created Hamiltonian for Shot 18
[2022-11-29T03:19:39.104]Created Hamiltonian for Shot 29
[2022-11-29T03:19:39.104]Created Hamiltonian for Shot 17
[2022-11-29T03:19:39.105]Created Hamiltonian for Shot 46
[[[[[[[[2022-11-29T03:42:42.440]Diagonalized H.
[[[[[2022-11-29T03:42:42.445]Diagonalized H.
2022-11-29T03:42:42.459]Diagonalized H.
2022-11-29T03:42:42.460]Diagonalized H.
2022-11-29T03:42:42.455]Diagonalized H.
2022-11-29T03:42:42.448]Diagonalized H.
2022-11-29T03:42:42.447]Diagonalized H.
2022-11-29T03:42:42.458]Diagonalized H.
[[[[2022-11-29T03:42:42.457[2022-11-29T03:42:42.461]Diagonalized H.
2022-11-29T03:42:42.444]Diagonalized H.
2022-11-29T03:42:42.458]Diagonalized H.
2022-11-29T03:42:42.446]Diagonalized H.
2022-11-29T03:42:42.459]Diagonalized H.
[[[2022-11-29T03:42:42.448]Diagonalized H.
2022-11-29T03:42:42.459]Diagonalized H.
2022-11-29T03:42:42.458]Diagonalized H.
]Diagonalized H.
2022-11-29T03:42:42.711]Diagonalized H.
2022-11-29T03:42:42.747]Diagonalized H.
2022-11-29T03:42:42.459]Diagonalized H.
2022-11-29T03:42:42.749]Diagonalized H.
[[[[[[2022-11-29T03:42:43.313]Diagonalized H.
2022-11-29T03:42:43.3162022-11-29T03:42:43.314]Diagonalized H.]
2022-11-29T03:42:43.311]Diagonalized H.
2022-11-29T03:42:43.308]Diagonalized H.2022-11-29T03:42:43.323]Diagonalized H.

Diagonalized H.
[2022-11-29T03:42:43.583]Diagonalized H.
[[[[[2022-11-29T03:42:45.716]Diagonalized H.
2022-11-29T03:42:45.716]Diagonalized H.
2022-11-29T03:42:45.710]Diagonalized H.
2022-11-29T03:42:45.715[2022-11-29T03:42:45.713]Diagonalized H.
2022-11-29T03:42:45.715]Diagonalized H.
]Diagonalized H.
[2022-11-29T03:42:45.713]Diagonalized H.
[2022-11-29T03:43:32.424]Diagonalized H.
[[[[[2022-11-29T03:44:19.752]Diagonalized H.
2022-11-29T03:44:19.7512022-11-29T03:44:19.781]Diagonalized H.]
2022-11-29T03:44:19.783]Diagonalized H.
2022-11-29T03:44:19.750]Diagonalized H.
[[2022-11-29T03:44:59.493]Diagonalized H.2022-11-29T03:45:55.859
]Diagonalized H.
[2022-11-29T03:47:31.389]Diagonalized H.
[2022-11-29T03:54:30.943]Diagonalized H.
[2022-11-29T04:03:36.032]Diagonalized H.
[2022-11-29T04:09:42.060]Diagonalized H.
[2022-11-29T04:09:44.113]Diagonalized H.
[2022-11-29T04:15:04.279]Diagonalized H.
[2022-11-29T04:29:44.308]Diagonalized H.
Diagonalized H.
[2022-11-29T10:52:52.174]Completed Shot 16
[2022-11-29T11:14:59.217]Completed Shot 18
[2022-11-29T12:37:16.694]Completed Shot 24
[2022-11-29T12:38:13.354]Completed Shot 31
[2022-11-29T12:55:23.528]Completed Shot 30
[2022-11-29T12:56:12.049]Completed Shot 25
[2022-11-29T14:41:39.816]Completed Shot 10
[2022-11-29T14:43:14.410]Completed Shot 33
[2022-11-29T14:59:55.053]Completed Shot 14
[2022-11-29T14:59:55.054]Completed Shot 23
[2022-11-29T15:12:58.290]Completed Shot 27
[2022-11-29T15:12:58.290]Completed Shot 29
[2022-11-29T15:12:58.290]Completed Shot 28
[2022-11-29T15:12:58.291]Completed Shot 13
[2022-11-29T15:16:26.565]Completed Shot 21
[2022-11-29T15:16:26.565]Completed Shot 41
[2022-11-29T15:17:09.532]Completed Shot 43
[2022-11-29T15:17:09.532]Completed Shot 39
[2022-11-29T15:17:09.532]Completed Shot 19
[2022-11-29T15:17:09.532]Completed Shot 32
[2022-11-29T15:17:09.532]Completed Shot 40
[2022-11-29T15:17:14.525]Completed Shot 20
[2022-11-29T15:18:53.901]Completed Shot 37
[2022-11-29T15:19:25.642]Completed Shot 35
[2022-11-29T15:20:40.175]Completed Shot 38
[2022-11-29T15:23:17.963]Completed Shot 44
[2022-11-29T15:31:09.442]Completed Shot 11
[2022-11-29T15:32:00.197]Completed Shot 1
[2022-11-29T15:36:23.299]Completed Shot 26
[2022-11-29T15:36:34.176]Completed Shot 45
[2022-11-29T15:37:14.665]Completed Shot 49
[2022-11-29T15:37:20.869]Completed Shot 34
[2022-11-29T15:37:46.989]Completed Shot 8
[2022-11-29T15:37:53.930]Completed Shot 48
[2022-11-29T15:38:24.676]Completed Shot 36
[2022-11-29T15:38:32.953]Completed Shot 47
[2022-11-29T15:38:45.304]Completed Shot 46
[2022-11-29T15:38:45.860]Completed Shot 15
[2022-11-29T15:38:53.283]Completed Shot 42
[2022-11-29T15:39:01.846]Completed Shot 50
[2022-11-29T15:39:07.809]Completed Shot 9
[2022-11-29T15:39:53.896]Completed Shot 3
[2022-11-29T15:40:00.373]Completed Shot 22
[2022-11-29T15:40:52.595]Completed Shot 17
[2022-11-29T15:40:54.713]Completed Shot 5
[2022-11-29T15:41:07.259]Completed Shot 7
[2022-11-29T15:41:14.194]Completed Shot 2
[2022-11-29T15:41:28.281]Completed Shot 4
[2022-11-29T15:41:40.422]Completed Shot 6
[2022-11-29T15:42:06.320]Completed Shot 12
[2022-11-29T15:42:06.330]**********Simulation completed!**********
[2022-11-29T15:42:06.330]**********Saving**********
[2022-11-29T15:42:11.866]Saving file: /lustre/work/ws/ws1/hd_ku269-logs/LightCones/2022-11-29/7847355_N13_ED.jld2
[2022-11-29T15:42:14.810]**********Run completed!**********
