  Activating project at `/gpfs/bwfor/work/ws/hd_ku269-light_cones/WorkingFolder`
Added MKL.jl
Project LightCones v0.1.0
Status `/gpfs/bwfor/work/ws/hd_ku269-light_cones/WorkingFolder/Project.toml`
  [7d9fca2a] Arpack v0.5.3
  [7073ff75] IJulia v1.23.3
  [033835bb] JLD2 v0.4.25
  [0b1a1467] KrylovKit v0.6.0
  [d3d80556] LineSearches v7.2.0
  [33e6dc65] MKL v0.6.0
  [429524aa] Optim v1.7.3
  [91a5bcdd] Plots v1.35.5
  [c3e4b0f8] Pluto v0.19.14
  [3c0b384b] QuantumInformation v0.4.9
  [189a3867] Reexport v1.2.2
  [295af30f] Revise v3.4.0
  [ebcc8a00] SpinSymmetry v0.3.3
  [59d54670] ThreadedSparseArrays v0.2.2
  [ade2ca70] Dates
  [8ba89e20] Distributed
  [37e2e46d] LinearAlgebra
  [de0858da] Printf
  [9a3f8284] Random
  [1a1011a3] SharedArrays
  [2f01184e] SparseArrays
  [10745b16] Statistics
[2022-11-30T20:27:37.715]**********RANDOM FIELDS**********
shared_ED_pbc.jl
Working Directory:          /gpfs/bwfor/work/ws/hd_ku269-light_cones/WorkingFolder
SLURM Directory:            /gpfs/bwfor/work/ws/hd_ku269-light_cones/WorkingFolder 
Running on host:            o07c01
Job id:                     372443
Job name:                   otoc_simulation_N13_ED_pbc
Number of nodes allocated:  
Number of cores allocated:  1
#threads of Julia:          64
#threads of BLAS:           64
ARGS = ["13", "25", "x", "24"]
LOCATION = "/gpfs/bwfor/work/ws/hd_ku269-logs/LightCones/2022-11-30"
N = 13
SHOTS = 25
OBSERVABLE = "x"
DISORDER_PARAM = 24.0
[2022-11-30T20:27:37.972]**********Running simulation**********
[2022-11-30T20:27:38.036]trange = [0.001, 0.0012328467394420659, 0.0015199110829529332, 0.001873817422860383, 0.002310129700083158, 0.002848035868435802, 0.003511191734215131, 0.004328761281083057, 0.005336699231206307, 0.006579332246575682, 0.008111308307896864, 0.010000000000000002, 0.012328467394420665, 0.01519911082952933, 0.01873817422860384, 0.023101297000831605, 0.02848035868435802, 0.03511191734215131, 0.043287612810830614, 0.05336699231206307, 0.0657933224657568, 0.08111308307896876, 0.09999999999999995, 0.12328467394420659, 0.15199110829529347, 0.1873817422860385, 0.23101297000831617, 0.2848035868435802, 0.3511191734215131, 0.43287612810830595, 0.5336699231206312, 0.6579332246575682, 0.8111308307896873, 1.0, 1.232846739442066, 1.5199110829529339, 1.873817422860383, 2.31012970008316, 2.8480358684358005, 3.5111917342151275, 4.328761281083057, 5.3366992312063095, 6.5793322465756825, 8.11130830789688, 9.999999999999995, 12.32846739442066, 15.199110829529348, 18.73817422860384, 23.101297000831604, 28.480358684358034, 35.11191734215131, 43.28761281083057, 53.366992312063154, 65.79332246575676, 81.11308307896864, 100.0, 123.28467394420646, 151.99110829529363, 187.3817422860383, 231.01297000831556, 284.8035868435805, 351.11917342151276, 432.87612810830615, 533.6699231206312, 657.9332246575682, 811.1308307896873, 1000.0, 1232.8467394420659, 1519.9110829529332, 1873.817422860383, 2310.1297000831582, 2848.035868435799, 3511.1917342151273, 4328.761281083052, 5336.6992312063185, 6579.332246575669, 8111.308307896856, 10000.0, 12328.467394420633, 15199.11082952933, 18738.17422860383, 23101.297000831626, 28480.35868435805, 35111.917342151275, 43287.612810830615, 53366.99231206302, 65793.32246575695, 81113.08307896873, 100000.0, 123284.67394420685, 151991.10829529332, 187381.74228603867, 231012.97000831628, 284803.5868435805, 351119.17342151346, 432876.12810830615, 533669.9231206313, 657933.2246575683, 811130.8307896872, 1.0e6]
[2022-11-30T20:27:38.382]A=σx
[2022-11-30T20:27:38.950]alpha = 6
[2022-11-30T20:27:38.951]PBC
[[2022-11-30T20:27:40.235]Created Hamiltonian for Shot 8
2022-11-30T20:27:40.235]Created Hamiltonian for Shot 14
[2022-11-30T20:27:40.235]Created Hamiltonian for Shot 17
[2022-11-30T20:27:40.235]Created Hamiltonian for Shot 19
[[2022-11-30T20:27:40.236]Created Hamiltonian for Shot 25
2022-11-30T20:27:40.236]Created Hamiltonian for Shot 24
[2022-11-30T20:27:40.236]Created Hamiltonian for Shot 3
[2022-11-30T20:27:40.236]Created Hamiltonian for Shot 22
[2022-11-30T20:27:40.237]Created Hamiltonian for Shot 20
[2022-11-30T20:27:40.237]Created Hamiltonian for Shot 23
[2022-11-30T20:27:40.237]Created Hamiltonian for Shot 2
[2022-11-30T20:27:40.237]Created Hamiltonian for Shot 12
[[[[2022-11-30T20:27:40.295[2022-11-30T20:27:40.295[[[[2022-11-30T20:27:40.295]Created Hamiltonian for Shot 13
[[2022-11-30T20:27:40.295]Created Hamiltonian for Shot 4
2022-11-30T20:27:40.295]Created Hamiltonian for Shot 10
2022-11-30T20:27:40.295]Created Hamiltonian for Shot 11
2022-11-30T20:27:40.295]Created Hamiltonian for Shot 21
2022-11-30T20:27:40.295]Created Hamiltonian for Shot 18
2022-11-30T20:27:40.296]Created Hamiltonian for Shot 5
]Created Hamiltonian for Shot 6
[2022-11-30T20:27:40.295]Created Hamiltonian for Shot 9
2022-11-30T20:27:40.295]Created Hamiltonian for Shot 15
2022-11-30T20:27:40.295]Created Hamiltonian for Shot 7
]Created Hamiltonian for Shot 16
[2022-11-30T20:27:40.296]Created Hamiltonian for Shot 1
[2022-11-30T20:51:38.723]Diagonalized H.
[[2022-11-30T20:51:39.278]Diagonalized H.
2022-11-30T20:51:39.340]Diagonalized H.
[[2022-11-30T20:51:39.7122022-11-30T20:56:20.043]Diagonalized H.
]Diagonalized H.
[2022-11-30T20:56:20.410][Diagonalized H.
2022-11-30T20:56:21.450]Diagonalized H.
[2022-11-30T20:56:21.647]Diagonalized H.
[[2022-11-30T21:01:17.224]Diagonalized H.
2022-11-30T21:01:17.230]Diagonalized H.
[[[[[[[2022-11-30T21:01:18.394]Diagonalized H.
2022-11-30T21:01:18.361]Diagonalized H.
[[2022-11-30T21:01:18.3502022-11-30T21:01:18.352]Diagonalized H.
]Diagonalized H.
[2022-11-30T21:01:18.4452022-11-30T21:01:18.3222022-11-30T21:01:18.431]Diagonalized H.
[]Diagonalized H.
2022-11-30T21:01:18.447]Diagonalized H.
2022-11-30T21:01:18.356]Diagonalized H.
]Diagonalized H.
2022-11-30T21:01:18.393]Diagonalized H.
2022-11-30T21:01:20.040]Diagonalized H.
[[2022-11-30T21:17:33.381]Diagonalized H.
2022-11-30T21:17:33.388]Diagonalized H.
[2022-11-30T21:17:33.834]Diagonalized H.
[2022-11-30T21:28:36.678]Diagonalized H.
[2022-11-30T22:38:38.733]Completed Shot 17
[2022-11-30T23:48:08.338]Completed Shot 10
[2022-11-30T23:48:27.639]Completed Shot 16
[2022-11-30T23:55:41.365]Completed Shot 24
[2022-11-30T23:55:41.365]Completed Shot 11
[2022-11-30T23:59:13.383]Completed Shot 25
[2022-11-30T23:59:13.383]Completed Shot 22
[2022-12-01T00:05:18.592]Completed Shot 18
[2022-12-01T00:05:18.593]Completed Shot 6
[2022-12-01T00:25:02.211]Completed Shot 8
[2022-12-01T00:26:09.641]Completed Shot 2
[2022-12-01T00:28:40.287]Completed Shot 15
[2022-12-01T00:31:08.739]Completed Shot 3
[2022-12-01T00:32:19.753]Completed Shot 4
[2022-12-01T00:32:34.213]Completed Shot 1
[2022-12-01T00:32:41.628]Completed Shot 5
[2022-12-01T00:33:04.883]Completed Shot 19
[2022-12-01T00:33:22.074]Completed Shot 23
[2022-12-01T00:33:32.082]Completed Shot 14
[2022-12-01T00:33:44.682]Completed Shot 13
[2022-12-01T00:34:09.495]Completed Shot 20
[2022-12-01T00:34:30.238]Completed Shot 9
[2022-12-01T00:34:56.693]Completed Shot 7
[2022-12-01T00:35:34.935]Completed Shot 21
[2022-12-01T00:35:38.339]Completed Shot 12
[2022-12-01T00:35:38.339]**********Simulation completed!**********
[2022-12-01T00:35:38.340]**********Saving**********
[2022-12-01T00:35:43.698]Saving file: /gpfs/bwfor/work/ws/hd_ku269-logs/LightCones/2022-11-30/372443_N13_ED.jld2
[2022-12-01T00:35:53.291]**********Run completed!**********
============================= JOB FEEDBACK =============================
Job ID: 372443
Cluster: helix
User/Group: hd_ku269/hd_hd
State: COMPLETED (exit code 0)
Nodes: 1
Cores per node: 64
CPU Utilized: 10-17:53:10
CPU Efficiency: 97.29% of 11-01:04:00 core-walltime
Job Wall-clock time: 04:08:30
Memory Utilized: 140.10 GB
Memory Efficiency: 57.18% of 245.00 GB
