  Activating project at `/lustre/work/ws/ws1/hd_ku269-light_cones/LightCones`
Added MKL.jl
     Project LightCones v0.1.0
      Status `/lustre/work/ws/ws1/hd_ku269-light_cones/LightCones/Project.toml`
  [7d9fca2a] Arpack v0.5.3
  [d9af566e] FilteredMatrices v0.1.0 `https://github.com/pablosanjose/FilteredMatrices.jl.git#master`
  [7073ff75] IJulia v1.23.2
  [033835bb] JLD2 v0.4.17
  [0b1a1467] KrylovKit v0.5.3
  [d3d80556] LineSearches v7.1.1
  [429524aa] Optim v1.6.0
  [14b8a8f1] PkgTemplates v0.7.26
  [91a5bcdd] Plots v1.24.3
  [c3e4b0f8] Pluto v0.17.7
  [189a3867] Reexport v1.2.2
  [295af30f] Revise v3.3.1
  [6038ab10] Rotations v1.1.1
  [d0a720f3] SimLib v0.9.1 `https://github.com/abraemer/SimLib.jl.git#main`
  [ebcc8a00] SpinSymmetry v0.3.3
  [df0c8232] XXZNumerics v0.6.0 `https://github.com/abraemer/XXZNumerics.jl.git#main`
  [ade2ca70] Dates
  [8ba89e20] Distributed
  [37e2e46d] LinearAlgebra
  [de0858da] Printf
  [9a3f8284] Random
  [1a1011a3] SharedArrays
  [2f01184e] SparseArrays
  [10745b16] Statistics
shared_krylov.jl
Working Directory:          /lustre/work/ws/ws1/hd_ku269-light_cones/LightCones
SLURM Directory:            /lustre/work/ws/ws1/hd_ku269-light_cones/LightCones 
Running on host:            n1840
Job id:                     5213557
Job name:                   otoc_simulation_N20_RPS
Number of nodes allocated:  
Number of cores allocated:  1
#threads of Julia:          96
#threads of BLAS:           1
ARGS = ["20", "1", "10", "z", "0"]
LOCATION = "/lustre/work/ws/ws1/hd_ku269-logs/LightCones/2022-03-09"
N = 20
SHOTS = 1
RANDOM_STATES = true
N_RANDOM_STATES = 10
OBSERVABLE = "z"
DISORDER_PARAM = 0.0
[2022-03-09T18:13:52.288]**********Running simulation**********
[2022-03-09T18:15:11.053]Used random product state.
[2022-03-09T18:15:11.060]Used random product state.
[2022-03-09T18:15:11.068]Used random product state.
[2022-03-09T18:15:11.075]Used random product state.
[2022-03-09T18:15:11.082]Used random product state.
[2022-03-09T18:15:11.089]Used random product state.
[2022-03-09T18:15:11.096]Used random product state.
[2022-03-09T18:15:11.103]Used random product state.
[2022-03-09T18:15:11.110]Used random product state.
[2022-03-09T18:15:11.117]Used random product state.
test104796.302243 seconds (36.96 M allocations: 82.108 TiB, 2.52% gc time, 0.02% compilation time)
[2022-03-10T23:21:50.112]Completed Shot 1, state 5
196071.496354 seconds (49.64 M allocations: 151.599 TiB, 2.64% gc time, 0.01% compilation time)
[2022-03-12T00:43:05.218]Completed Shot 1, state 9
196351.013382 seconds (49.66 M allocations: 151.814 TiB, 2.64% gc time, 0.01% compilation time)
[2022-03-12T00:47:44.702]Completed Shot 1, state 10
204802.055655 seconds (50.71 M allocations: 157.688 TiB, 2.67% gc time, 0.01% compilation time)
[2022-03-12T03:08:35.755]Completed Shot 1, state 3
205725.492829 seconds (50.74 M allocations: 158.117 TiB, 2.68% gc time, 0.01% compilation time)
[2022-03-12T03:23:59.233]Completed Shot 1, state 2
206818.578633 seconds (51.08 M allocations: 158.494 TiB, 2.69% gc time, 0.01% compilation time)
[2022-03-12T03:42:12.150]Completed Shot 1, state 1
226528.063731 seconds (51.63 M allocations: 163.490 TiB, 2.83% gc time, 0.01% compilation time)
[2022-03-12T09:10:41.952]Completed Shot 1, state 6
226740.222512 seconds (51.63 M allocations: 163.526 TiB, 2.83% gc time, 0.01% compilation time)
[2022-03-12T09:14:13.994]Completed Shot 1, state 4
226947.648835 seconds (51.64 M allocations: 163.548 TiB, 2.83% gc time, 0.01% compilation time)
[2022-03-12T09:17:41.417]Completed Shot 1, state 7
227328.769024 seconds (51.61 M allocations: 163.568 TiB, 2.83% gc time, 0.01% compilation time)
[2022-03-12T09:24:02.547]Completed Shot 1, state 8
[2022-03-12T09:24:02.573]**********Simulation completed!**********
[2022-03-12T09:24:02.574]**********Saving**********
[2022-03-12T09:24:06.627]Saving file: /lustre/work/ws/ws1/hd_ku269-logs/LightCones/2022-03-09/5213557_N20.jld2
[2022-03-12T09:24:12.282]**********Run completed!**********
