  Activating project at `/lustre/work/ws/ws1/hd_ku269-light_cones/LightCones`
Added MKL.jl
     Project LightCones v0.1.0
      Status `/lustre/work/ws/ws1/hd_ku269-light_cones/LightCones/Project.toml`
  [7d9fca2a] Arpack v0.5.3
  [7073ff75] IJulia v1.23.2
  [033835bb] JLD2 v0.4.22
  [0b1a1467] KrylovKit v0.5.3
  [d3d80556] LineSearches v7.1.1
  [33e6dc65] MKL v0.5.0
  [429524aa] Optim v1.6.2
  [91a5bcdd] Plots v1.27.0
  [c3e4b0f8] Pluto v0.18.2
  [3c0b384b] QuantumInformation v0.4.9
  [189a3867] Reexport v1.2.2
  [295af30f] Revise v3.3.3
  [ebcc8a00] SpinSymmetry v0.3.3
  [59d54670] ThreadedSparseArrays v0.2.1
  [ade2ca70] Dates
  [8ba89e20] Distributed
  [37e2e46d] LinearAlgebra
  [de0858da] Printf
  [9a3f8284] Random
  [1a1011a3] SharedArrays
  [2f01184e] SparseArrays
  [10745b16] Statistics
[2022-05-11T21:05:45.022]**********RANDOM FIELDS**********
shared_krylov.jl
Working Directory:          /lustre/work/ws/ws1/hd_ku269-light_cones/LightCones
SLURM Directory:            /lustre/work/ws/ws1/hd_ku269-light_cones/LightCones 
Running on host:            n1338
Job id:                     5761161
Job name:                   otoc_simulation_N17_short_NN
Number of nodes allocated:  
Number of cores allocated:  1
#threads of Julia:          96
#threads of BLAS:           1
ARGS = ["17", "100", "0", "z", "3", "nn"]
LOCATION = "/lustre/work/ws/ws1/hd_ku269-logs/LightCones/2022-05-11"
N = 17
SHOTS = 100
RANDOM_STATES = false
N_RANDOM_STATES = 0
OBSERVABLE = "z"
DISORDER_PARAM = 3.0
MODE = "nn"
[2022-05-11T21:05:45.232]**********Running simulation**********
[2022-05-11T21:05:45.358]trange = [0.0, 9.999999999999999e-6, 1.9999999999999998e-5, 2.9999999999999997e-5, 3.9999999999999996e-5, 4.9999999999999996e-5, 5.9999999999999995e-5, 7.0e-5, 7.999999999999999e-5, 8.999999999999999e-5, 0.0001, 0.0002, 0.00030000000000000003, 0.0004, 0.0005, 0.0006000000000000001, 0.0007, 0.0008, 0.0009000000000000001, 0.001, 0.002, 0.003, 0.004, 0.005, 0.006, 0.007, 0.008, 0.009000000000000001, 0.01, 0.02, 0.03, 0.04, 0.05, 0.06, 0.07, 0.08, 0.09, 0.1, 0.2, 0.30000000000000004, 0.4, 0.5, 0.6000000000000001, 0.7000000000000001, 0.8, 0.9, 1.0, 2.0]
[2022-05-11T21:05:48.437]Sampled random initial state
[[2022-05-11T21:05:53.257]Created Hamiltonian for Shot 13
2022-05-11T21:05:53.257]Created Hamiltonian for Shot 73
[2022-05-11T21:05:53.257]Created Hamiltonian for Shot 27
[2022-05-11T21:05:53.257]Created Hamiltonian for Shot 71
[2022-05-11T21:05:53.257]Created Hamiltonian for Shot 81
[2022-05-11T21:05:53.258]Created Hamiltonian for Shot 79
[2022-05-11T21:05:53.258]Created Hamiltonian for Shot 88
[2022-05-11T21:05:53.259]Created Hamiltonian for Shot 55
[2022-05-11T21:05:53.260]Created Hamiltonian for Shot 56
[2022-05-11T21:05:53.260]Created Hamiltonian for Shot 100
[2022-05-11T21:05:53.262]Created Hamiltonian for Shot 69
[2022-05-11T21:05:53.263]Created Hamiltonian for Shot 39
[2022-05-11T21:05:53.267]Created Hamiltonian for Shot 57
[2022-05-11T21:05:53.267]Created Hamiltonian for Shot 91
[2022-05-11T21:05:53.267]Created Hamiltonian for Shot 62
[2022-05-11T21:05:53.267]Created Hamiltonian for Shot 50
[2022-05-11T21:05:53.268]Created Hamiltonian for Shot 58
[2022-05-11T21:05:53.288]Created Hamiltonian for Shot 5
[2022-05-11T21:05:53.322]Created Hamiltonian for Shot 18
[2022-05-11T21:05:53.349]Created Hamiltonian for Shot 65
[2022-05-11T21:05:53.359]Created Hamiltonian for Shot 92
[2022-05-11T21:05:53.365]Created Hamiltonian for Shot 28
[2022-05-11T21:05:53.368]Created Hamiltonian for Shot 49
[2022-05-11T21:05:53.368]Created Hamiltonian for Shot 53
[2022-05-11T21:05:53.372]Created Hamiltonian for Shot 7
[2022-05-11T21:05:53.372]Created Hamiltonian for Shot 86
[2022-05-11T21:05:53.373]Created Hamiltonian for Shot 87
[2022-05-11T21:05:53.376]Created Hamiltonian for Shot 93
[2022-05-11T21:05:53.377]Created Hamiltonian for Shot 15
[2022-05-11T21:05:53.385]Created Hamiltonian for Shot 35
[2022-05-11T21:05:53.385]Created Hamiltonian for Shot 37
[2022-05-11T21:05:53.392]Created Hamiltonian for Shot 30
[2022-05-11T21:05:53.394]Created Hamiltonian for Shot 12
[2022-05-11T21:05:53.396]Created Hamiltonian for Shot 82
[2022-05-11T21:05:53.397]Created Hamiltonian for Shot 40
[2022-05-11T21:05:53.397]Created Hamiltonian for Shot 59
[2022-05-11T21:05:53.399]Created Hamiltonian for Shot 42
[2022-05-11T21:05:53.399]Created Hamiltonian for Shot 83
[2022-05-11T21:05:53.401]Created Hamiltonian for Shot 34
[2022-05-11T21:05:53.401]Created Hamiltonian for Shot 66
[[2022-05-11T21:05:53.401]Created Hamiltonian for Shot 52
2022-05-11T21:05:53.401]Created Hamiltonian for Shot 95
[2022-05-11T21:05:53.401]Created Hamiltonian for Shot 70
[2022-05-11T21:05:53.402]Created Hamiltonian for Shot 21
[2022-05-11T21:05:53.402]Created Hamiltonian for Shot 45
[2022-05-11T21:05:53.403]Created Hamiltonian for Shot 29
[[2022-05-11T21:05:53.404]Created Hamiltonian for Shot 80
2022-05-11T21:05:53.404]Created Hamiltonian for Shot 31
[[2022-05-11T21:05:53.4052022-05-11T21:05:53.405]Created Hamiltonian for Shot 94
[2022-05-11T21:05:53.405]Created Hamiltonian for Shot 9
[2022-05-11T21:05:53.406]Created Hamiltonian for Shot 25
[2022-05-11T21:05:53.406]Created Hamiltonian for Shot 10
[2022-05-11T21:05:53.406]Created Hamiltonian for Shot 36
[2022-05-11T21:05:53.407]Created Hamiltonian for Shot 1
[2022-05-11T21:05:53.407]Created Hamiltonian for Shot 14
[2022-05-11T21:05:53.407]Created Hamiltonian for Shot 19
[2022-05-11T21:05:53.408]Created Hamiltonian for Shot 16
[2022-05-11T21:05:53.408]Created Hamiltonian for Shot 90
[2022-05-11T21:05:53.408]Created Hamiltonian for Shot 48
[2022-05-11T21:05:53.409]Created Hamiltonian for Shot 98
[2022-05-11T21:05:53.409]Created Hamiltonian for Shot 97
[2022-05-11T21:05:53.409]Created Hamiltonian for Shot 47
[2022-05-11T21:05:53.411]Created Hamiltonian for Shot 38
[2022-05-11T21:05:53.417]Created Hamiltonian for Shot 43
[2022-05-11T21:05:53.417]Created Hamiltonian for Shot 64
[2022-05-11T21:06:03.291]Created Hamiltonian for Shot 89
[2022-05-11T21:06:03.292]Created Hamiltonian for Shot 61
[2022-05-11T21:06:03.292]Created Hamiltonian for Shot 78
[2022-05-11T21:06:03.292]Created Hamiltonian for Shot 26
[2022-05-11T21:06:03.293]Created Hamiltonian for Shot 60
[2022-05-11T21:06:03.294]Created Hamiltonian for Shot 46
[2022-05-11T21:06:03.296]Created Hamiltonian for Shot 68
[2022-05-11T21:06:03.297]Created Hamiltonian for Shot 54
[2022-05-11T21:06:03.303]Created Hamiltonian for Shot 22
[2022-05-11T21:06:03.304]Created Hamiltonian for Shot 44
[2022-05-11T21:06:03.319]Created Hamiltonian for Shot 74
[2022-05-11T21:06:03.340]Created Hamiltonian for Shot 72
[2022-05-11T21:06:03.340]Created Hamiltonian for Shot 41
[2022-05-11T21:06:03.341]Created Hamiltonian for Shot 99
[2022-05-11T21:06:03.342]Created Hamiltonian for Shot 24
[2022-05-11T21:06:03.344]Created Hamiltonian for Shot 33
[2022-05-11T21:06:03.345]Created Hamiltonian for Shot 51
[2022-05-11T21:06:03.345]Created Hamiltonian for Shot 96
[2022-05-11T21:06:03.347]Created Hamiltonian for Shot 32
[2022-05-11T21:06:03.348]Created Hamiltonian for Shot 23
[2022-05-11T21:06:03.349]Created Hamiltonian for Shot 77
[2022-05-11T21:06:03.349]Created Hamiltonian for Shot 84
[2022-05-11T21:06:03.351]Created Hamiltonian for Shot 75
[2022-05-11T21:06:03.355]Created Hamiltonian for Shot 76
[2022-05-11T21:06:03.360]Created Hamiltonian for Shot 3
[2022-05-11T21:06:03.383]Created Hamiltonian for Shot 85
[2022-05-11T21:06:03.383]Created Hamiltonian for Shot 11
[2022-05-11T21:06:03.386]Created Hamiltonian for Shot 67
[2022-05-11T21:06:03.390]Created Hamiltonian for Shot 63
[2022-05-11T21:06:03.383]Created Hamiltonian for Shot 20
]Created Hamiltonian for Shot 17
5681.918840 seconds (39.79 M allocations: 12.242 TiB, 8.21% gc time, 0.27% compilation time)
[2022-05-11T22:40:35.421]Completed Shot 100
5687.120038 seconds (39.80 M allocations: 12.253 TiB, 8.22% gc time, 0.27% compilation time)
[2022-05-11T22:40:40.378]Completed Shot 71
6400.257983 seconds (41.97 M allocations: 13.796 TiB, 8.20% gc time, 0.24% compilation time)
[2022-05-11T22:52:33.526]Completed Shot 57
6466.133232 seconds (42.17 M allocations: 13.934 TiB, 8.22% gc time, 0.24% compilation time)
[2022-05-11T22:53:39.391]Completed Shot 73
7139.781905 seconds (22.01 M allocations: 15.422 TiB, 8.23% gc time, 0.07% compilation time)
[2022-05-11T23:05:03.172]Completed Shot 63
7184.379691 seconds (22.15 M allocations: 15.517 TiB, 8.23% gc time, 0.07% compilation time)
[2022-05-11T23:05:47.763]Completed Shot 11
7124.392281 seconds (21.77 M allocations: 15.385 TiB, 8.22% gc time, 0.07% compilation time)
[2022-05-11T23:17:51.607]Completed Shot 17
8827.157858 seconds (27.11 M allocations: 19.043 TiB, 8.24% gc time, 0.06% compilation time)
[2022-05-11T23:33:10.546]Completed Shot 67
8845.760928 seconds (49.39 M allocations: 19.065 TiB, 8.24% gc time, 0.17% compilation time)
[2022-05-11T23:33:19.024]Completed Shot 39
9079.476907 seconds (27.92 M allocations: 19.586 TiB, 8.25% gc time, 0.06% compilation time)
[2022-05-11T23:37:22.826]Completed Shot 84
9303.223464 seconds (28.61 M allocations: 20.084 TiB, 8.26% gc time, 0.06% compilation time)
[2022-05-11T23:41:06.571]Completed Shot 23
9576.167844 seconds (51.64 M allocations: 20.659 TiB, 8.24% gc time, 0.16% compilation time)
[2022-05-11T23:45:29.426]Completed Shot 88
9574.153612 seconds (29.41 M allocations: 20.671 TiB, 8.25% gc time, 0.05% compilation time)
[2022-05-11T23:45:37.537]Completed Shot 85
9582.128893 seconds (29.47 M allocations: 20.688 TiB, 8.25% gc time, 0.06% compilation time)
[2022-05-11T23:45:45.979]Completed Shot 96
9632.160225 seconds (29.62 M allocations: 20.796 TiB, 8.25% gc time, 0.05% compilation time)
[2022-05-11T23:46:35.511]Completed Shot 75
9640.514033 seconds (29.65 M allocations: 20.814 TiB, 8.25% gc time, 0.05% compilation time)
[2022-05-11T23:46:43.861]Completed Shot 32
9707.518392 seconds (52.04 M allocations: 20.941 TiB, 8.25% gc time, 0.16% compilation time)
[2022-05-11T23:47:40.776]Completed Shot 81
9976.184762 seconds (30.68 M allocations: 21.547 TiB, 8.27% gc time, 0.05% compilation time)
[2022-05-11T23:52:19.526]Completed Shot 99
10118.820495 seconds (53.26 M allocations: 21.848 TiB, 8.26% gc time, 0.15% compilation time)
[2022-05-11T23:54:32.109]Completed Shot 5
[2022-05-11T23:54:33.549]Created Hamiltonian for Shot 6
10377.260502 seconds (31.91 M allocations: 22.423 TiB, 8.26% gc time, 0.05% compilation time)
[2022-05-11T23:59:00.616]Completed Shot 76
10453.879433 seconds (32.15 M allocations: 22.586 TiB, 8.27% gc time, 0.05% compilation time)
[2022-05-12T00:00:17.225]Completed Shot 51
10508.721203 seconds (54.50 M allocations: 22.688 TiB, 8.26% gc time, 0.15% compilation time)
[2022-05-12T00:01:01.981]Completed Shot 55
10702.023536 seconds (54.92 M allocations: 23.105 TiB, 8.27% gc time, 0.14% compilation time)
[2022-05-12T00:04:15.432]Completed Shot 98
10770.667954 seconds (55.17 M allocations: 23.257 TiB, 8.27% gc time, 0.14% compilation time)
[2022-05-12T00:05:24.036]Completed Shot 49
11138.953705 seconds (34.25 M allocations: 24.082 TiB, 8.27% gc time, 0.05% compilation time)
[2022-05-12T00:11:42.295]Completed Shot 41
11239.143926 seconds (56.59 M allocations: 24.276 TiB, 8.27% gc time, 0.14% compilation time)
[2022-05-12T00:13:12.546]Completed Shot 52
11242.669022 seconds (56.61 M allocations: 24.283 TiB, 8.27% gc time, 0.14% compilation time)
[2022-05-12T00:13:16.068]Completed Shot 59
11358.406533 seconds (34.91 M allocations: 24.550 TiB, 8.28% gc time, 0.05% compilation time)
[2022-05-12T00:15:21.756]Completed Shot 77
11588.477679 seconds (57.80 M allocations: 25.037 TiB, 8.27% gc time, 0.13% compilation time)
[2022-05-12T00:19:01.745]Completed Shot 62
11129.837890 seconds (33.99 M allocations: 24.056 TiB, 8.27% gc time, 0.04% compilation time)
[2022-05-12T00:24:19.990]Completed Shot 20
11950.547848 seconds (36.82 M allocations: 25.833 TiB, 8.27% gc time, 0.04% compilation time)
[2022-05-12T00:25:13.851]Completed Shot 22
11961.515166 seconds (58.80 M allocations: 25.837 TiB, 8.26% gc time, 0.13% compilation time)
[2022-05-12T00:25:14.901]Completed Shot 35
12026.821412 seconds (36.95 M allocations: 25.996 TiB, 8.27% gc time, 0.04% compilation time)
[2022-05-12T00:26:30.182]Completed Shot 3
[2022-05-12T00:26:31.504]Created Hamiltonian for Shot 4
12057.507807 seconds (37.05 M allocations: 26.062 TiB, 8.27% gc time, 0.04% compilation time)
[2022-05-12T00:27:00.852]Completed Shot 33
12110.692731 seconds (59.24 M allocations: 26.156 TiB, 8.27% gc time, 0.13% compilation time)
[2022-05-12T00:27:44.101]Completed Shot 16
12137.285744 seconds (59.30 M allocations: 26.213 TiB, 8.27% gc time, 0.13% compilation time)
[2022-05-12T00:28:10.703]Completed Shot 38
12266.975387 seconds (59.79 M allocations: 26.498 TiB, 8.27% gc time, 0.12% compilation time)
[2022-05-12T00:30:20.298]Completed Shot 18
12459.495446 seconds (60.31 M allocations: 26.916 TiB, 8.26% gc time, 0.12% compilation time)
[2022-05-12T00:33:32.864]Completed Shot 53
12504.127865 seconds (60.45 M allocations: 27.013 TiB, 8.26% gc time, 0.12% compilation time)
[2022-05-12T00:34:17.504]Completed Shot 93
12530.594606 seconds (60.53 M allocations: 27.071 TiB, 8.26% gc time, 0.12% compilation time)
[2022-05-12T00:34:43.973]Completed Shot 15
12544.283531 seconds (60.58 M allocations: 27.101 TiB, 8.26% gc time, 0.12% compilation time)
[2022-05-12T00:34:57.643]Completed Shot 92
12561.368666 seconds (60.64 M allocations: 27.138 TiB, 8.26% gc time, 0.12% compilation time)
[2022-05-12T00:35:14.718]Completed Shot 65
12565.312495 seconds (60.63 M allocations: 27.146 TiB, 8.26% gc time, 0.12% compilation time)
[2022-05-12T00:35:18.698]Completed Shot 37
12614.403872 seconds (60.79 M allocations: 27.252 TiB, 8.26% gc time, 0.12% compilation time)
[2022-05-12T00:36:07.778]Completed Shot 87
12624.756593 seconds (60.96 M allocations: 27.276 TiB, 8.26% gc time, 0.12% compilation time)
[2022-05-12T00:36:18.024]Completed Shot 58
2513.477016 seconds (7.68 M allocations: 5.443 TiB, 8.24% gc time)
[2022-05-12T00:36:27.026]Completed Shot 6
12680.071614 seconds (38.94 M allocations: 27.410 TiB, 8.26% gc time, 0.04% compilation time)
[2022-05-12T00:37:23.414]Completed Shot 24
12689.475671 seconds (39.07 M allocations: 27.431 TiB, 8.26% gc time, 0.04% compilation time)
[2022-05-12T00:37:32.768]Completed Shot 61
12707.888571 seconds (39.09 M allocations: 27.469 TiB, 8.26% gc time, 0.04% compilation time)
[2022-05-12T00:37:51.207]Completed Shot 74
12718.110791 seconds (61.24 M allocations: 27.474 TiB, 8.26% gc time, 0.12% compilation time)
[2022-05-12T00:37:51.369]Completed Shot 79
12741.384975 seconds (39.23 M allocations: 27.540 TiB, 8.27% gc time, 0.04% compilation time)
[2022-05-12T00:38:24.678]Completed Shot 26
12772.805280 seconds (61.26 M allocations: 27.587 TiB, 8.26% gc time, 0.12% compilation time)
[2022-05-12T00:38:46.205]Completed Shot 42
12790.021084 seconds (61.30 M allocations: 27.624 TiB, 8.26% gc time, 0.12% compilation time)
[2022-05-12T00:39:03.429]Completed Shot 90
12793.452078 seconds (61.31 M allocations: 27.631 TiB, 8.27% gc time, 0.12% compilation time)
[2022-05-12T00:39:06.861]Completed Shot 47
12785.369476 seconds (39.36 M allocations: 27.634 TiB, 8.27% gc time, 0.04% compilation time)
[2022-05-12T00:39:08.666]Completed Shot 68
12810.719366 seconds (61.37 M allocations: 27.669 TiB, 8.27% gc time, 0.12% compilation time)
[2022-05-12T00:39:24.127]Completed Shot 1
[2022-05-12T00:39:25.663]Created Hamiltonian for Shot 2
12822.453186 seconds (39.38 M allocations: 27.714 TiB, 8.28% gc time, 0.04% compilation time)
[2022-05-12T00:39:45.800]Completed Shot 72
12863.093829 seconds (61.50 M allocations: 27.782 TiB, 8.28% gc time, 0.12% compilation time)
[2022-05-12T00:40:16.512]Completed Shot 43
12886.967483 seconds (61.61 M allocations: 27.835 TiB, 8.28% gc time, 0.12% compilation time)
[2022-05-12T00:40:40.364]Completed Shot 82
12892.567136 seconds (61.63 M allocations: 27.847 TiB, 8.28% gc time, 0.12% compilation time)
[2022-05-12T00:40:45.966]Completed Shot 40
12903.129081 seconds (61.66 M allocations: 27.871 TiB, 8.28% gc time, 0.12% compilation time)
[2022-05-12T00:40:56.534]Completed Shot 80
12989.565960 seconds (61.92 M allocations: 28.064 TiB, 8.28% gc time, 0.12% compilation time)
[2022-05-12T00:42:22.969]Completed Shot 45
13007.793303 seconds (61.98 M allocations: 28.104 TiB, 8.28% gc time, 0.12% compilation time)
[2022-05-12T00:42:41.198]Completed Shot 66
13526.867322 seconds (41.65 M allocations: 29.259 TiB, 8.27% gc time, 0.04% compilation time)
[2022-05-12T00:51:30.160]Completed Shot 78
13570.449141 seconds (63.87 M allocations: 29.335 TiB, 8.26% gc time, 0.11% compilation time)
[2022-05-12T00:52:03.717]Completed Shot 50
13571.641776 seconds (63.87 M allocations: 29.338 TiB, 8.26% gc time, 0.11% compilation time)
[2022-05-12T00:52:04.904]Completed Shot 69
13562.238646 seconds (41.76 M allocations: 29.335 TiB, 8.27% gc time, 0.04% compilation time)
[2022-05-12T00:52:05.533]Completed Shot 46
13585.618624 seconds (63.77 M allocations: 29.366 TiB, 8.27% gc time, 0.11% compilation time)
[2022-05-12T00:52:19.020]Completed Shot 21
13601.057666 seconds (41.88 M allocations: 29.423 TiB, 8.28% gc time, 0.04% compilation time)
[2022-05-12T00:52:44.351]Completed Shot 60
13604.704187 seconds (41.89 M allocations: 29.432 TiB, 8.28% gc time, 0.04% compilation time)
[2022-05-12T00:52:48.001]Completed Shot 54
1577.335690 seconds (4.84 M allocations: 3.435 TiB, 8.33% gc time)
[2022-05-12T00:52:48.840]Completed Shot 4
13643.221490 seconds (63.95 M allocations: 29.498 TiB, 8.28% gc time, 0.11% compilation time)
[2022-05-12T00:53:16.627]Completed Shot 94
13645.602712 seconds (63.96 M allocations: 29.504 TiB, 8.29% gc time, 0.11% compilation time)
[2022-05-12T00:53:19.002]Completed Shot 83
13666.481606 seconds (64.03 M allocations: 29.551 TiB, 8.29% gc time, 0.11% compilation time)
[2022-05-12T00:53:39.887]Completed Shot 9
13666.514913 seconds (64.04 M allocations: 29.551 TiB, 8.29% gc time, 0.11% compilation time)
[2022-05-12T00:53:39.887]Completed Shot 86
13668.202690 seconds (64.18 M allocations: 29.557 TiB, 8.30% gc time, 0.11% compilation time)
[2022-05-12T00:53:41.542]Completed Shot 27
13692.490139 seconds (64.12 M allocations: 29.616 TiB, 8.31% gc time, 0.11% compilation time)
[2022-05-12T00:54:05.895]Completed Shot 31
13720.841410 seconds (64.22 M allocations: 29.694 TiB, 8.32% gc time, 0.11% compilation time)
[2022-05-12T00:54:34.247]Completed Shot 10
13817.774738 seconds (64.75 M allocations: 29.952 TiB, 8.38% gc time, 0.11% compilation time)
13807.738247 seconds (42.63 M allocations: 29.949 TiB, 8.39% gc time, 0.04% compilation time)
[[2022-05-12T00:56:11.0452022-05-12T00:56:11.045]Completed Shot 91
]Completed Shot 44
13808.555664 seconds (42.64 M allocations: 29.951 TiB, 8.39% gc time, 0.04% compilation time)
[2022-05-12T00:56:11.847]Completed Shot 89
13821.010939 seconds (64.61 M allocations: 29.958 TiB, 8.38% gc time, 0.11% compilation time)
[2022-05-12T00:56:14.417]Completed Shot 25
13825.379334 seconds (64.63 M allocations: 29.969 TiB, 8.39% gc time, 0.11% compilation time)
[2022-05-12T00:56:18.774]Completed Shot 12
13825.629767 seconds (64.63 M allocations: 29.970 TiB, 8.39% gc time, 0.11% compilation time)
[2022-05-12T00:56:19.022]Completed Shot 30
13826.988465 seconds (64.78 M allocations: 29.976 TiB, 8.38% gc time, 0.11% compilation time)
[2022-05-12T00:56:20.246]Completed Shot 13
13827.416740 seconds (64.62 M allocations: 29.974 TiB, 8.38% gc time, 0.11% compilation time)
[2022-05-12T00:56:20.825]Completed Shot 97
13830.102300 seconds (64.64 M allocations: 29.981 TiB, 8.38% gc time, 0.11% compilation time)
[2022-05-12T00:56:23.505]Completed Shot 29
13830.444251 seconds (64.79 M allocations: 29.984 TiB, 8.38% gc time, 0.11% compilation time)
[2022-05-12T00:56:23.704]Completed Shot 56
13831.479081 seconds (64.64 M allocations: 29.984 TiB, 8.38% gc time, 0.11% compilation time)
[2022-05-12T00:56:24.887]Completed Shot 48
13832.292941 seconds (64.64 M allocations: 29.985 TiB, 8.38% gc time, 0.11% compilation time)
[2022-05-12T00:56:25.700]Completed Shot 19
13833.116804 seconds (64.62 M allocations: 29.987 TiB, 8.38% gc time, 0.11% compilation time)
[2022-05-12T00:56:26.534]Completed Shot 64
13834.293100 seconds (64.66 M allocations: 29.988 TiB, 8.38% gc time, 0.11% compilation time)
[2022-05-12T00:56:27.695]Completed Shot 95
13834.655783 seconds (64.68 M allocations: 29.989 TiB, 8.38% gc time, 0.11% compilation time)
[2022-05-12T00:56:28.021]Completed Shot 28
13834.760077 seconds (64.66 M allocations: 29.989 TiB, 8.38% gc time, 0.11% compilation time)
[2022-05-12T00:56:28.161]Completed Shot 34
13835.279265 seconds (64.67 M allocations: 29.990 TiB, 8.38% gc time, 0.11% compilation time)
[2022-05-12T00:56:28.651]Completed Shot 7
[2022-05-12T00:56:28.972]Created Hamiltonian for Shot 8
13836.690600 seconds (64.66 M allocations: 29.994 TiB, 8.38% gc time, 0.11% compilation time)
[2022-05-12T00:56:30.098]Completed Shot 14
13838.557337 seconds (64.67 M allocations: 30.000 TiB, 8.38% gc time, 0.11% compilation time)
[2022-05-12T00:56:31.959]Completed Shot 70
13846.526524 seconds (64.70 M allocations: 30.024 TiB, 8.38% gc time, 0.11% compilation time)
[2022-05-12T00:56:39.933]Completed Shot 36
1119.134393 seconds (3.68 M allocations: 2.604 TiB, 8.98% gc time)
[2022-05-12T00:58:04.798]Completed Shot 2
109.108206 seconds (423.32 k allocations: 307.553 GiB, 0.75% gc time)
[2022-05-12T00:58:18.080]Completed Shot 8
[2022-05-12T00:58:18.084]**********Simulation completed!**********
[2022-05-12T00:58:18.084]**********Saving**********
[2022-05-12T00:58:19.133]Saving file: /lustre/work/ws/ws1/hd_ku269-logs/LightCones/2022-05-11/5761161_N17_FD.jld2
[2022-05-12T00:58:22.959]**********Run completed!**********
