Added MKL.jl
Project LightCones v0.1.0
Status `/gpfs/bwfor/work/ws/hd_ku269-light_cones/WorkingFolder/Project.toml`
⌃ [7d9fca2a] Arpack v0.5.3
⌃ [7073ff75] IJulia v1.23.3
⌃ [033835bb] JLD2 v0.4.25
  [0b1a1467] KrylovKit v0.6.0
  [d3d80556] LineSearches v7.2.0
  [33e6dc65] MKL v0.6.0
⌃ [429524aa] Optim v1.7.3
⌃ [91a5bcdd] Plots v1.35.5
⌃ [c3e4b0f8] Pluto v0.19.14
  [3c0b384b] QuantumInformation v0.4.9
  [189a3867] Reexport v1.2.2
⌃ [295af30f] Revise v3.4.0
  [ebcc8a00] SpinSymmetry v0.3.3
  [59d54670] ThreadedSparseArrays v0.2.2
  [ade2ca70] Dates
  [8ba89e20] Distributed
  [37e2e46d] LinearAlgebra
  [de0858da] Printf
  [9a3f8284] Random
  [1a1011a3] SharedArrays
  [2f01184e] SparseArrays
  [10745b16] Statistics
Info Packages marked with ⌃ have new versions available and may be upgradable.
[2023-01-09T21:24:55.498]**********RANDOM FIELDS**********
shared_krylov.jl
Working Directory:          /gpfs/bwfor/work/ws/hd_ku269-light_cones/WorkingFolder
SLURM Directory:            /gpfs/bwfor/work/ws/hd_ku269-light_cones/WorkingFolder 
Running on host:            m10n10
Job id:                     468971
Job name:                   otoc_simulation_N11_TR_FIDONLY
Number of nodes allocated:  
Number of cores allocated:  1
#threads of Julia:          64
#threads of BLAS:           1
ARGS = ["11", "10", "50", "BS", "x", "3", "1000", "Rhim71"]
LOCATION = "/gpfs/bwfor/work/ws/hd_ku269-logs/LightCones/2023-01-09"
N = 11
SHOTS = 10
MULT_RANDOM_STATES = true
N_RANDOM_STATES = 50
TYPE_OF_RS = "BS"
OBSERVABLE = "x"
DISORDER_PARAM = 3.0
[2023-01-09T21:24:55.661]**********Running simulation**********
[2023-01-09T21:24:55.712]trange = 0.1:0.1:20.0
[2023-01-09T21:24:56.006]A = σx
[2023-01-09T21:24:56.402]alpha=6
[2023-01-09T21:24:56.403]PBC
SlowPulse([1.0, 0.0, 0.0], π, 15707.963267948964)SlowPulse([-1.0, 0.0, 0.0], π, 15707.963267948964)2[2023-01-09T21:24:58.874]Operations set up.
Using multiple states.
23730.068608 seconds (20.00 G allocations: 92.912 TiB, 19.22% gc time, 0.01% compilation time)
[2023-01-10T04:00:46.196]Completed Shot 1, state 27
23740.405286 seconds (20.01 G allocations: 92.939 TiB, 19.22% gc time, 0.02% compilation time)
[2023-01-10T04:00:54.219]Completed Shot 1, state 2
23747.262671 seconds (20.02 G allocations: 92.978 TiB, 19.22% gc time, 0.02% compilation time)
[2023-01-10T04:01:01.074]Completed Shot 1, state 22
23748.280467 seconds (20.02 G allocations: 92.984 TiB, 19.22% gc time, 0.02% compilation time)
[2023-01-10T04:01:02.044]Completed Shot 1, state 34
23754.509146 seconds (20.02 G allocations: 92.994 TiB, 19.21% gc time, 0.03% compilation time)
[2023-01-10T04:01:03.744]Completed Shot 1, state 49
23749.955940 seconds (20.02 G allocations: 92.994 TiB, 19.22% gc time, 0.02% compilation time)
[2023-01-10T04:01:03.773]Completed Shot 1, state 8
23751.207224 seconds (20.02 G allocations: 93.001 TiB, 19.22% gc time, 0.01% compilation time)
[2023-01-10T04:01:05.169]Completed Shot 1, state 17
23751.632134 seconds (20.02 G allocations: 93.002 TiB, 19.21% gc time, 0.02% compilation time)
[2023-01-10T04:01:05.448]Completed Shot 1, state 44
23752.300334 seconds (20.02 G allocations: 93.005 TiB, 19.21% gc time, 0.02% compilation time)
[2023-01-10T04:01:06.064]Completed Shot 1, state 5
23758.390227 seconds (20.02 G allocations: 93.018 TiB, 19.22% gc time, 0.02% compilation time)
[2023-01-10T04:01:12.210]Completed Shot 1, state 39
23760.137694 seconds (20.03 G allocations: 93.028 TiB, 19.22% gc time, 0.02% compilation time)
[2023-01-10T04:01:13.941]Completed Shot 1, state 31
23761.221499 seconds (20.03 G allocations: 93.035 TiB, 19.22% gc time, 0.02% compilation time)
[2023-01-10T04:01:15.025]Completed Shot 1, state 9
23762.220094 seconds (20.03 G allocations: 93.041 TiB, 19.22% gc time, 0.01% compilation time)
[2023-01-10T04:01:16.184]Completed Shot 1, state 28
23765.098926 seconds (20.03 G allocations: 93.056 TiB, 19.22% gc time, 0.02% compilation time)
[2023-01-10T04:01:18.863]Completed Shot 1, state 25
23770.159943 seconds (20.03 G allocations: 93.059 TiB, 19.21% gc time, 0.03% compilation time)
[2023-01-10T04:01:19.394]Completed Shot 1, state 15
23768.446747 seconds (20.03 G allocations: 93.061 TiB, 19.23% gc time, 0.02% compilation time)
[2023-01-10T04:01:22.224]Completed Shot 1, state 30
23769.800453 seconds (20.03 G allocations: 93.069 TiB, 19.22% gc time, 0.02% compilation time)
[2023-01-10T04:01:23.610]Completed Shot 1, state 23
23770.133912 seconds (20.04 G allocations: 93.070 TiB, 19.22% gc time, 0.02% compilation time)
[2023-01-10T04:01:23.936]Completed Shot 1, state 48
23769.075239 seconds (20.03 G allocations: 93.076 TiB, 19.22% gc time, 0.01% compilation time)
[2023-01-10T04:01:25.178]Completed Shot 1, state 10
23771.942364 seconds (20.04 G allocations: 93.081 TiB, 19.22% gc time, 0.01% compilation time)
[2023-01-10T04:01:26.118]Completed Shot 1, state 32
23773.249385 seconds (20.04 G allocations: 93.086 TiB, 19.22% gc time, 0.02% compilation time)
[2023-01-10T04:01:27.013]Completed Shot 1, state 7
23773.992483 seconds (20.04 G allocations: 93.089 TiB, 19.22% gc time, 0.02% compilation time)
[2023-01-10T04:01:27.805]Completed Shot 1, state 38
23778.772281 seconds (20.04 G allocations: 93.091 TiB, 19.22% gc time, 0.03% compilation time)
[2023-01-10T04:01:28.006]Completed Shot 1, state 46
23775.329469 seconds (20.04 G allocations: 93.096 TiB, 19.22% gc time, 0.02% compilation time)
[2023-01-10T04:01:29.148]Completed Shot 1, state 33
23772.136928 seconds (20.03 G allocations: 93.095 TiB, 19.22% gc time, 0.00% compilation time)
[2023-01-10T04:01:29.166]Completed Shot 1, state 35
23778.017096 seconds (20.04 G allocations: 93.100 TiB, 19.22% gc time, 0.02% compilation time)
[2023-01-10T04:01:31.840]Completed Shot 1, state 6
23778.575782 seconds (20.04 G allocations: 93.104 TiB, 19.22% gc time, 0.01% compilation time)
[2023-01-10T04:01:32.605]Completed Shot 1, state 14
23780.175081 seconds (20.04 G allocations: 93.109 TiB, 19.22% gc time, 0.02% compilation time)
[2023-01-10T04:01:33.977]Completed Shot 1, state 20
23781.815926 seconds (20.04 G allocations: 93.116 TiB, 19.22% gc time, 0.02% compilation time)
[2023-01-10T04:01:35.631]Completed Shot 1, state 26
23782.516497 seconds (20.05 G allocations: 93.118 TiB, 19.22% gc time, 0.02% compilation time)
[2023-01-10T04:01:36.326]Completed Shot 1, state 41
23782.742872 seconds (20.05 G allocations: 93.119 TiB, 19.22% gc time, 0.02% compilation time)
[2023-01-10T04:01:36.557]Completed Shot 1, state 29
23782.837569 seconds (20.05 G allocations: 93.120 TiB, 19.22% gc time, 0.01% compilation time)
[2023-01-10T04:01:36.853]Completed Shot 1, state 43
23784.460707 seconds (20.05 G allocations: 93.123 TiB, 19.22% gc time, 0.02% compilation time)
[2023-01-10T04:01:38.278]Completed Shot 1, state 37
23784.516854 seconds (20.05 G allocations: 93.124 TiB, 19.22% gc time, 0.01% compilation time)
[2023-01-10T04:01:38.522]Completed Shot 1, state 16
23782.759301 seconds (20.04 G allocations: 93.127 TiB, 19.22% gc time, 0.00% compilation time)
[2023-01-10T04:01:39.839]Completed Shot 1, state 24
23786.747235 seconds (20.05 G allocations: 93.130 TiB, 19.22% gc time, 0.02% compilation time)
[2023-01-10T04:01:40.511]Completed Shot 1, state 19
23787.526612 seconds (20.05 G allocations: 93.132 TiB, 19.22% gc time, 0.02% compilation time)
[2023-01-10T04:01:41.348]Completed Shot 1, state 13
23792.893372 seconds (20.05 G allocations: 93.134 TiB, 19.21% gc time, 0.03% compilation time)
[2023-01-10T04:01:42.127]Completed Shot 1, state 1
23788.410895 seconds (20.05 G allocations: 93.135 TiB, 19.22% gc time, 0.01% compilation time)
[2023-01-10T04:01:42.425]Completed Shot 1, state 42
23788.453929 seconds (20.04 G allocations: 93.140 TiB, 19.22% gc time, 0.00% compilation time)
[2023-01-10T04:01:45.442]Completed Shot 1, state 45
23793.624050 seconds (20.05 G allocations: 93.144 TiB, 19.22% gc time, 0.02% compilation time)
[2023-01-10T04:01:47.436]Completed Shot 1, state 18
23790.583878 seconds (20.04 G allocations: 93.144 TiB, 19.21% gc time, 0.00% compilation time)
[2023-01-10T04:01:47.585]Completed Shot 1, state 40
23796.441197 seconds (20.05 G allocations: 93.149 TiB, 19.21% gc time, 0.02% compilation time)
[2023-01-10T04:01:50.262]Completed Shot 1, state 4
23802.911170 seconds (20.05 G allocations: 93.151 TiB, 19.21% gc time, 0.03% compilation time)
[2023-01-10T04:01:52.178]Completed Shot 1, state 36
23798.430290 seconds (20.05 G allocations: 93.151 TiB, 19.21% gc time, 0.02% compilation time)
[2023-01-10T04:01:52.252]Completed Shot 1, state 21
23798.534779 seconds (20.05 G allocations: 93.151 TiB, 19.21% gc time, 0.02% compilation time)
[2023-01-10T04:01:52.344]Completed Shot 1, state 47
23799.172193 seconds (20.05 G allocations: 93.152 TiB, 19.21% gc time, 0.02% compilation time)
[2023-01-10T04:01:52.949]Completed Shot 1, state 3
23804.018710 seconds (20.05 G allocations: 93.154 TiB, 19.21% gc time, 0.02% compilation time)
[2023-01-10T04:01:57.824]Completed Shot 1, state 11
23804.094367 seconds (20.05 G allocations: 93.154 TiB, 19.21% gc time, 0.02% compilation time)
[2023-01-10T04:01:57.858]Completed Shot 1, state 12
23813.898710 seconds (20.05 G allocations: 93.155 TiB, 19.20% gc time, 0.03% compilation time)
[2023-01-10T04:02:03.132]Completed Shot 1, state 50
24031.068361 seconds (19.97 G allocations: 92.790 TiB, 15.50% gc time)
[2023-01-10T10:42:34.205]Completed Shot 2, state 21
24059.184270 seconds (20.00 G allocations: 92.905 TiB, 15.49% gc time)
[2023-01-10T10:43:02.321]Completed Shot 2, state 33
24064.383376 seconds (20.00 G allocations: 92.926 TiB, 15.48% gc time)
[2023-01-10T10:43:07.521]Completed Shot 2, state 31
24067.271338 seconds (20.01 G allocations: 92.938 TiB, 15.48% gc time)
[2023-01-10T10:43:10.407]Completed Shot 2, state 16
24068.324484 seconds (20.01 G allocations: 92.942 TiB, 15.48% gc time)
[2023-01-10T10:43:11.461]Completed Shot 2, state 24
24075.289072 seconds (20.01 G allocations: 92.970 TiB, 15.48% gc time)
[2023-01-10T10:43:18.426]Completed Shot 2, state 28
24075.456540 seconds (20.01 G allocations: 92.971 TiB, 15.48% gc time)
[2023-01-10T10:43:18.593]Completed Shot 2, state 12
24076.949870 seconds (20.01 G allocations: 92.976 TiB, 15.48% gc time)
[2023-01-10T10:43:20.087]Completed Shot 2, state 20
24083.281527 seconds (20.02 G allocations: 93.001 TiB, 15.48% gc time)
[2023-01-10T10:43:26.417]Completed Shot 2, state 9
24083.504917 seconds (20.02 G allocations: 93.002 TiB, 15.48% gc time)
[2023-01-10T10:43:26.642]Completed Shot 2, state 35
24087.848858 seconds (20.02 G allocations: 93.020 TiB, 15.47% gc time)
[2023-01-10T10:43:30.986]Completed Shot 2, state 40
24093.514175 seconds (20.03 G allocations: 93.042 TiB, 15.47% gc time)
[2023-01-10T10:43:36.652]Completed Shot 2, state 36
24099.240964 seconds (20.03 G allocations: 93.065 TiB, 15.47% gc time)
[2023-01-10T10:43:42.378]Completed Shot 2, state 25
24101.611870 seconds (20.04 G allocations: 93.075 TiB, 15.47% gc time)
[2023-01-10T10:43:44.748]Completed Shot 2, state 17
24102.024693 seconds (20.04 G allocations: 93.077 TiB, 15.47% gc time)
[2023-01-10T10:43:45.161]Completed Shot 2, state 29
24104.414266 seconds (20.04 G allocations: 93.087 TiB, 15.47% gc time)
[2023-01-10T10:43:47.550]Completed Shot 2, state 15
24104.446603 seconds (20.04 G allocations: 93.087 TiB, 15.47% gc time)
[2023-01-10T10:43:47.583]Completed Shot 2, state 23
24104.652003 seconds (20.04 G allocations: 93.088 TiB, 15.47% gc time)
[2023-01-10T10:43:47.789]Completed Shot 2, state 37
24104.756517 seconds (20.04 G allocations: 93.089 TiB, 15.47% gc time)
[2023-01-10T10:43:47.893]Completed Shot 2, state 22
24106.132195 seconds (20.04 G allocations: 93.095 TiB, 15.47% gc time)
[2023-01-10T10:43:49.270]Completed Shot 2, state 42
24106.134503 seconds (20.04 G allocations: 93.095 TiB, 15.47% gc time)
[2023-01-10T10:43:49.272]Completed Shot 2, state 49
24106.441607 seconds (20.04 G allocations: 93.096 TiB, 15.47% gc time)
[2023-01-10T10:43:49.576]Completed Shot 2, state 5
24106.771413 seconds (20.04 G allocations: 93.097 TiB, 15.47% gc time)
[2023-01-10T10:43:49.908]Completed Shot 2, state 26
24107.586849 seconds (20.04 G allocations: 93.100 TiB, 15.47% gc time)
[2023-01-10T10:43:50.721]Completed Shot 2, state 2
24107.747784 seconds (20.04 G allocations: 93.101 TiB, 15.47% gc time)
[2023-01-10T10:43:50.882]Completed Shot 2, state 4
24107.884357 seconds (20.04 G allocations: 93.102 TiB, 15.47% gc time)
[2023-01-10T10:43:51.042]Completed Shot 2, state 11
24108.407678 seconds (20.04 G allocations: 93.104 TiB, 15.47% gc time)
[2023-01-10T10:43:51.543]Completed Shot 2, state 8
24108.803443 seconds (20.04 G allocations: 93.105 TiB, 15.47% gc time)
[2023-01-10T10:43:51.941]Completed Shot 2, state 50
24109.176487 seconds (20.04 G allocations: 93.106 TiB, 15.47% gc time)
[2023-01-10T10:43:52.311]Completed Shot 2, state 6
24109.831096 seconds (20.04 G allocations: 93.108 TiB, 15.47% gc time)
[2023-01-10T10:43:52.967]Completed Shot 2, state 19
24110.320539 seconds (20.04 G allocations: 93.110 TiB, 15.47% gc time)
[2023-01-10T10:43:53.456]Completed Shot 2, state 18
24110.618733 seconds (20.04 G allocations: 93.111 TiB, 15.46% gc time)
[2023-01-10T10:43:53.756]Completed Shot 2, state 39
24113.234265 seconds (20.04 G allocations: 93.119 TiB, 15.46% gc time)
[2023-01-10T10:43:56.371]Completed Shot 2, state 27
24114.181732 seconds (20.05 G allocations: 93.121 TiB, 15.46% gc time)
[2023-01-10T10:43:57.316]Completed Shot 2, state 1
24114.661752 seconds (20.05 G allocations: 93.123 TiB, 15.46% gc time)
[2023-01-10T10:43:57.799]Completed Shot 2, state 34
24115.689220 seconds (20.05 G allocations: 93.125 TiB, 15.46% gc time)
[2023-01-10T10:43:58.827]Completed Shot 2, state 47
24117.991070 seconds (20.05 G allocations: 93.131 TiB, 15.46% gc time)
[2023-01-10T10:44:01.128]Completed Shot 2, state 38
24118.859070 seconds (20.05 G allocations: 93.133 TiB, 15.46% gc time)
[2023-01-10T10:44:01.994]Completed Shot 2, state 7
24119.487627 seconds (20.05 G allocations: 93.134 TiB, 15.46% gc time)
[2023-01-10T10:44:02.625]Completed Shot 2, state 32
24120.304714 seconds (20.05 G allocations: 93.136 TiB, 15.46% gc time)
[2023-01-10T10:44:03.440]Completed Shot 2, state 10
24122.173079 seconds (20.05 G allocations: 93.139 TiB, 15.46% gc time)
[2023-01-10T10:44:05.311]Completed Shot 2, state 44
24124.796648 seconds (20.05 G allocations: 93.144 TiB, 15.46% gc time)
[2023-01-10T10:44:07.934]Completed Shot 2, state 43
24124.984090 seconds (20.05 G allocations: 93.144 TiB, 15.46% gc time)
[2023-01-10T10:44:08.118]Completed Shot 2, state 3
24126.016195 seconds (20.05 G allocations: 93.145 TiB, 15.46% gc time)
[2023-01-10T10:44:09.153]Completed Shot 2, state 30
24126.294659 seconds (20.05 G allocations: 93.146 TiB, 15.46% gc time)
[2023-01-10T10:44:09.432]Completed Shot 2, state 48
24127.285262 seconds (20.05 G allocations: 93.147 TiB, 15.46% gc time)
[2023-01-10T10:44:10.421]Completed Shot 2, state 14
24129.732662 seconds (20.05 G allocations: 93.149 TiB, 15.46% gc time)
[2023-01-10T10:44:12.870]Completed Shot 2, state 45
24130.160922 seconds (20.05 G allocations: 93.149 TiB, 15.46% gc time)
[2023-01-10T10:44:13.299]Completed Shot 2, state 46
24149.435084 seconds (20.05 G allocations: 93.155 TiB, 15.45% gc time)
[2023-01-10T10:44:32.570]Completed Shot 2, state 13
24150.777275 seconds (20.05 G allocations: 93.155 TiB, 15.45% gc time)
[2023-01-10T10:44:33.915]Completed Shot 2, state 41
19078.471949 seconds (20.03 G allocations: 92.917 TiB, 6.14% gc time)
[2023-01-10T16:02:32.393]Completed Shot 3, state 43
19089.142029 seconds (20.04 G allocations: 92.971 TiB, 6.14% gc time)
[2023-01-10T16:02:43.060]Completed Shot 3, state 7
19091.680868 seconds (20.04 G allocations: 92.983 TiB, 6.14% gc time)
[2023-01-10T16:02:45.599]Completed Shot 3, state 11
19098.345116 seconds (20.05 G allocations: 93.017 TiB, 6.14% gc time)
[2023-01-10T16:02:52.264]Completed Shot 3, state 16
19100.271181 seconds (20.05 G allocations: 93.027 TiB, 6.14% gc time)
[2023-01-10T16:02:54.192]Completed Shot 3, state 46
19102.005718 seconds (20.05 G allocations: 93.035 TiB, 6.14% gc time)
[2023-01-10T16:02:55.926]Completed Shot 3, state 42
19103.469671 seconds (20.05 G allocations: 93.043 TiB, 6.14% gc time)
[2023-01-10T16:02:57.387]Completed Shot 3, state 9
19105.525830 seconds (20.05 G allocations: 93.053 TiB, 6.14% gc time)
[2023-01-10T16:02:59.446]Completed Shot 3, state 41
19108.051115 seconds (20.06 G allocations: 93.065 TiB, 6.14% gc time)
[2023-01-10T16:03:01.971]Completed Shot 3, state 29
19108.975671 seconds (20.06 G allocations: 93.069 TiB, 6.14% gc time)
[2023-01-10T16:03:02.893]Completed Shot 3, state 3
19110.161354 seconds (20.06 G allocations: 93.075 TiB, 6.14% gc time)
[2023-01-10T16:03:04.079]Completed Shot 3, state 6
19110.504496 seconds (20.06 G allocations: 93.076 TiB, 6.14% gc time)
[2023-01-10T16:03:04.426]Completed Shot 3, state 44
19110.735260 seconds (20.06 G allocations: 93.077 TiB, 6.14% gc time)
[2023-01-10T16:03:04.653]Completed Shot 3, state 13
19110.962289 seconds (20.06 G allocations: 93.078 TiB, 6.14% gc time)
[2023-01-10T16:03:04.882]Completed Shot 3, state 30
19111.093795 seconds (20.06 G allocations: 93.079 TiB, 6.14% gc time)
[2023-01-10T16:03:05.012]Completed Shot 3, state 15
19111.203798 seconds (20.06 G allocations: 93.080 TiB, 6.14% gc time)
[2023-01-10T16:03:05.122]Completed Shot 3, state 8
19111.511311 seconds (20.06 G allocations: 93.081 TiB, 6.14% gc time)
[2023-01-10T16:03:05.428]Completed Shot 3, state 4
19112.079280 seconds (20.06 G allocations: 93.084 TiB, 6.14% gc time)
[2023-01-10T16:03:06]Completed Shot 3, state 47
19114.136223 seconds (20.06 G allocations: 93.094 TiB, 6.14% gc time)
[2023-01-10T16:03:08.056]Completed Shot 3, state 35
19115.208052 seconds (20.06 G allocations: 93.099 TiB, 6.14% gc time)
[2023-01-10T16:03:09.127]Completed Shot 3, state 24
19115.668497 seconds (20.06 G allocations: 93.100 TiB, 6.14% gc time)
[2023-01-10T16:03:09.587]Completed Shot 3, state 23
19116.473082 seconds (20.07 G allocations: 93.104 TiB, 6.14% gc time)
[2023-01-10T16:03:10.391]Completed Shot 3, state 12
19116.814464 seconds (20.07 G allocations: 93.105 TiB, 6.14% gc time)
[2023-01-10T16:03:10.732]Completed Shot 3, state 10
19117.022457 seconds (20.07 G allocations: 93.106 TiB, 6.14% gc time)
[2023-01-10T16:03:10.941]Completed Shot 3, state 20
19117.728155 seconds (20.07 G allocations: 93.109 TiB, 6.14% gc time)
[2023-01-10T16:03:11.647]Completed Shot 3, state 22
19118.088718 seconds (20.07 G allocations: 93.111 TiB, 6.14% gc time)
[2023-01-10T16:03:12.008]Completed Shot 3, state 26
19118.165827 seconds (20.07 G allocations: 93.111 TiB, 6.14% gc time)
[2023-01-10T16:03:12.085]Completed Shot 3, state 17
19118.551581 seconds (20.07 G allocations: 93.113 TiB, 6.14% gc time)
[2023-01-10T16:03:12.472]Completed Shot 3, state 40
19118.612446 seconds (20.07 G allocations: 93.113 TiB, 6.14% gc time)
[2023-01-10T16:03:12.532]Completed Shot 3, state 31
19121.422679 seconds (20.07 G allocations: 93.123 TiB, 6.14% gc time)
[2023-01-10T16:03:15.342]Completed Shot 3, state 25
19122.355685 seconds (20.07 G allocations: 93.127 TiB, 6.14% gc time)
[2023-01-10T16:03:16.275]Completed Shot 3, state 21
19122.924956 seconds (20.07 G allocations: 93.129 TiB, 6.14% gc time)
[2023-01-10T16:03:16.845]Completed Shot 3, state 39
19122.956167 seconds (20.07 G allocations: 93.129 TiB, 6.14% gc time)
[2023-01-10T16:03:16.876]Completed Shot 3, state 34
19124.437336 seconds (20.07 G allocations: 93.133 TiB, 6.14% gc time)
[2023-01-10T16:03:18.358]Completed Shot 3, state 48
19125.885590 seconds (20.07 G allocations: 93.137 TiB, 6.14% gc time)
[2023-01-10T16:03:19.804]Completed Shot 3, state 19
19126.408720 seconds (20.07 G allocations: 93.139 TiB, 6.14% gc time)
[2023-01-10T16:03:20.328]Completed Shot 3, state 32
19126.979329 seconds (20.07 G allocations: 93.141 TiB, 6.14% gc time)
[2023-01-10T16:03:20.900]Completed Shot 3, state 49
19128.134175 seconds (20.07 G allocations: 93.143 TiB, 6.14% gc time)
[2023-01-10T16:03:22.053]Completed Shot 3, state 27
19129.921486 seconds (20.07 G allocations: 93.148 TiB, 6.14% gc time)
[2023-01-10T16:03:23.841]Completed Shot 3, state 33
19130.184029 seconds (20.07 G allocations: 93.148 TiB, 6.14% gc time)
[2023-01-10T16:03:24.104]Completed Shot 3, state 37
19130.957422 seconds (20.07 G allocations: 93.150 TiB, 6.14% gc time)
[2023-01-10T16:03:24.876]Completed Shot 3, state 14
19131.382135 seconds (20.08 G allocations: 93.150 TiB, 6.14% gc time)
[2023-01-10T16:03:25.301]Completed Shot 3, state 18
19131.627964 seconds (20.08 G allocations: 93.151 TiB, 6.14% gc time)
[2023-01-10T16:03:25.545]Completed Shot 3, state 5
19132.400666 seconds (20.08 G allocations: 93.152 TiB, 6.14% gc time)
[2023-01-10T16:03:26.317]Completed Shot 3, state 2
19134.488431 seconds (20.08 G allocations: 93.154 TiB, 6.14% gc time)
[2023-01-10T16:03:28.409]Completed Shot 3, state 45
19136.486424 seconds (20.08 G allocations: 93.156 TiB, 6.14% gc time)
[2023-01-10T16:03:30.407]Completed Shot 3, state 50
19136.772433 seconds (20.08 G allocations: 93.156 TiB, 6.14% gc time)
[2023-01-10T16:03:30.692]Completed Shot 3, state 36
19140.119775 seconds (20.08 G allocations: 93.158 TiB, 6.14% gc time)
[2023-01-10T16:03:34.039]Completed Shot 3, state 28
19140.843319 seconds (20.08 G allocations: 93.158 TiB, 6.14% gc time)
[2023-01-10T16:03:34.760]Completed Shot 3, state 1
19142.701730 seconds (20.08 G allocations: 93.158 TiB, 6.14% gc time)
[2023-01-10T16:03:36.622]Completed Shot 3, state 38
17439.464017 seconds (20.05 G allocations: 93.029 TiB, 6.85% gc time)
[2023-01-10T20:54:16.091]Completed Shot 4, state 43
17441.176250 seconds (20.05 G allocations: 93.038 TiB, 6.85% gc time)
[2023-01-10T20:54:17.803]Completed Shot 4, state 28
17441.990455 seconds (20.05 G allocations: 93.042 TiB, 6.85% gc time)
[2023-01-10T20:54:18.618]Completed Shot 4, state 40
17449.352705 seconds (20.06 G allocations: 93.082 TiB, 6.85% gc time)
[2023-01-10T20:54:25.980]Completed Shot 4, state 48
17452.640315 seconds (20.07 G allocations: 93.099 TiB, 6.85% gc time)
[2023-01-10T20:54:29.264]Completed Shot 4, state 1
17453.120105 seconds (20.07 G allocations: 93.102 TiB, 6.85% gc time)
[2023-01-10T20:54:29.746]Completed Shot 4, state 18
17453.121734 seconds (20.07 G allocations: 93.102 TiB, 6.85% gc time)
[2023-01-10T20:54:29.746]Completed Shot 4, state 9
17454.002644 seconds (20.07 G allocations: 93.106 TiB, 6.85% gc time)
[2023-01-10T20:54:30.629]Completed Shot 4, state 34
17454.327692 seconds (20.07 G allocations: 93.108 TiB, 6.85% gc time)
[2023-01-10T20:54:30.953]Completed Shot 4, state 17
17454.624507 seconds (20.07 G allocations: 93.110 TiB, 6.85% gc time)
[2023-01-10T20:54:31.250]Completed Shot 4, state 24
17454.902946 seconds (20.07 G allocations: 93.111 TiB, 6.85% gc time)
[2023-01-10T20:54:31.528]Completed Shot 4, state 23
17455.828302 seconds (20.07 G allocations: 93.116 TiB, 6.85% gc time)
[2023-01-10T20:54:32.454]Completed Shot 4, state 29
17456.056981 seconds (20.07 G allocations: 93.117 TiB, 6.85% gc time)
[2023-01-10T20:54:32.682]Completed Shot 4, state 19
17456.479455 seconds (20.07 G allocations: 93.119 TiB, 6.85% gc time)
[2023-01-10T20:54:33.106]Completed Shot 4, state 36
17456.484189 seconds (20.07 G allocations: 93.119 TiB, 6.85% gc time)
[2023-01-10T20:54:33.112]Completed Shot 4, state 42
17456.782788 seconds (20.07 G allocations: 93.121 TiB, 6.85% gc time)
[2023-01-10T20:54:33.408]Completed Shot 4, state 16
17456.797242 seconds (20.07 G allocations: 93.121 TiB, 6.85% gc time)
[2023-01-10T20:54:33.425]Completed Shot 4, state 50
17457.153473 seconds (20.07 G allocations: 93.123 TiB, 6.85% gc time)
[2023-01-10T20:54:33.777]Completed Shot 4, state 4
17457.283093 seconds (20.07 G allocations: 93.123 TiB, 6.85% gc time)
[2023-01-10T20:54:33.909]Completed Shot 4, state 26
17457.508262 seconds (20.07 G allocations: 93.124 TiB, 6.85% gc time)
[2023-01-10T20:54:34.132]Completed Shot 4, state 5
17457.607084 seconds (20.07 G allocations: 93.125 TiB, 6.85% gc time)
[2023-01-10T20:54:34.234]Completed Shot 4, state 49
17457.825122 seconds (20.07 G allocations: 93.126 TiB, 6.85% gc time)
[2023-01-10T20:54:34.450]Completed Shot 4, state 15
17458.934138 seconds (20.07 G allocations: 93.131 TiB, 6.85% gc time)
[2023-01-10T20:54:35.560]Completed Shot 4, state 27
17458.979054 seconds (20.07 G allocations: 93.131 TiB, 6.85% gc time)
[2023-01-10T20:54:35.604]Completed Shot 4, state 14
17459.186487 seconds (20.07 G allocations: 93.132 TiB, 6.85% gc time)
[2023-01-10T20:54:35.812]Completed Shot 4, state 20
17459.319694 seconds (20.07 G allocations: 93.133 TiB, 6.85% gc time)
[2023-01-10T20:54:35.946]Completed Shot 4, state 37
17459.430634 seconds (20.07 G allocations: 93.133 TiB, 6.85% gc time)
[2023-01-10T20:54:36.055]Completed Shot 4, state 11
17460.451713 seconds (20.07 G allocations: 93.137 TiB, 6.85% gc time)
[2023-01-10T20:54:37.077]Completed Shot 4, state 22
17460.460176 seconds (20.07 G allocations: 93.137 TiB, 6.85% gc time)
[2023-01-10T20:54:37.088]Completed Shot 4, state 47
17460.923712 seconds (20.07 G allocations: 93.139 TiB, 6.85% gc time)
[2023-01-10T20:54:37.551]Completed Shot 4, state 44
17461.801022 seconds (20.08 G allocations: 93.142 TiB, 6.85% gc time)
[2023-01-10T20:54:38.428]Completed Shot 4, state 35
17462.138993 seconds (20.08 G allocations: 93.143 TiB, 6.85% gc time)
[2023-01-10T20:54:38.766]Completed Shot 4, state 46
17462.507560 seconds (20.08 G allocations: 93.145 TiB, 6.85% gc time)
[2023-01-10T20:54:39.134]Completed Shot 4, state 32
17462.903617 seconds (20.08 G allocations: 93.146 TiB, 6.85% gc time)
[2023-01-10T20:54:39.529]Completed Shot 4, state 21
17463.120411 seconds (20.08 G allocations: 93.147 TiB, 6.85% gc time)
[2023-01-10T20:54:39.746]Completed Shot 4, state 25
17463.181308 seconds (20.08 G allocations: 93.147 TiB, 6.85% gc time)
[2023-01-10T20:54:39.807]Completed Shot 4, state 30
17463.446715 seconds (20.08 G allocations: 93.148 TiB, 6.85% gc time)
[2023-01-10T20:54:40.073]Completed Shot 4, state 31
17463.689024 seconds (20.08 G allocations: 93.148 TiB, 6.85% gc time)
[2023-01-10T20:54:40.316]Completed Shot 4, state 38
17463.775858 seconds (20.08 G allocations: 93.148 TiB, 6.85% gc time)
[2023-01-10T20:54:40.400]Completed Shot 4, state 8
17464.297254 seconds (20.08 G allocations: 93.150 TiB, 6.85% gc time)
[2023-01-10T20:54:40.921]Completed Shot 4, state 2
17464.297187 seconds (20.08 G allocations: 93.150 TiB, 6.85% gc time)
[2023-01-10T20:54:40.924]Completed Shot 4, state 45
17464.381187 seconds (20.08 G allocations: 93.150 TiB, 6.85% gc time)
[2023-01-10T20:54:41.008]Completed Shot 4, state 39
17465.418179 seconds (20.08 G allocations: 93.151 TiB, 6.85% gc time)
[2023-01-10T20:54:42.043]Completed Shot 4, state 12
17465.540751 seconds (20.08 G allocations: 93.151 TiB, 6.85% gc time)
[2023-01-10T20:54:42.165]Completed Shot 4, state 13
17466.036564 seconds (20.08 G allocations: 93.152 TiB, 6.85% gc time)
[2023-01-10T20:54:42.663]Completed Shot 4, state 33
17467.013408 seconds (20.08 G allocations: 93.153 TiB, 6.85% gc time)
[2023-01-10T20:54:43.638]Completed Shot 4, state 10
17468.625722 seconds (20.08 G allocations: 93.154 TiB, 6.85% gc time)
[2023-01-10T20:54:45.253]Completed Shot 4, state 41
17468.993819 seconds (20.08 G allocations: 93.154 TiB, 6.85% gc time)
[2023-01-10T20:54:45.617]Completed Shot 4, state 3
17469.044111 seconds (20.08 G allocations: 93.154 TiB, 6.85% gc time)
[2023-01-10T20:54:45.668]Completed Shot 4, state 6
17472.368622 seconds (20.08 G allocations: 93.155 TiB, 6.85% gc time)
[2023-01-10T20:54:48.993]Completed Shot 4, state 7
17067.399948 seconds (20.06 G allocations: 93.078 TiB, 7.54% gc time)
[2023-01-11T01:39:16.399]Completed Shot 5, state 47
17068.601752 seconds (20.06 G allocations: 93.085 TiB, 7.54% gc time)
[2023-01-11T01:39:17.600]Completed Shot 5, state 41
17069.172943 seconds (20.07 G allocations: 93.088 TiB, 7.54% gc time)
[2023-01-11T01:39:18.171]Completed Shot 5, state 30
17069.675201 seconds (20.07 G allocations: 93.090 TiB, 7.54% gc time)
[2023-01-11T01:39:18.671]Completed Shot 5, state 7
17074.007004 seconds (20.07 G allocations: 93.111 TiB, 7.54% gc time)
[2023-01-11T01:39:23.004]Completed Shot 5, state 16
17074.118132 seconds (20.07 G allocations: 93.112 TiB, 7.54% gc time)
[2023-01-11T01:39:23.113]Completed Shot 5, state 4
17075.282523 seconds (20.07 G allocations: 93.118 TiB, 7.54% gc time)
[2023-01-11T01:39:24.278]Completed Shot 5, state 6
17075.383712 seconds (20.07 G allocations: 93.118 TiB, 7.54% gc time)
[2023-01-11T01:39:24.381]Completed Shot 5, state 24
17075.760845 seconds (20.07 G allocations: 93.120 TiB, 7.54% gc time)
[2023-01-11T01:39:24.758]Completed Shot 5, state 27
17075.819186 seconds (20.07 G allocations: 93.120 TiB, 7.54% gc time)
[2023-01-11T01:39:24.815]Completed Shot 5, state 9
17076.205054 seconds (20.07 G allocations: 93.122 TiB, 7.54% gc time)
[2023-01-11T01:39:25.202]Completed Shot 5, state 31
17076.413848 seconds (20.07 G allocations: 93.123 TiB, 7.54% gc time)
[2023-01-11T01:39:25.412]Completed Shot 5, state 49
17076.786002 seconds (20.07 G allocations: 93.125 TiB, 7.54% gc time)
[2023-01-11T01:39:25.782]Completed Shot 5, state 18
17076.814447 seconds (20.07 G allocations: 93.125 TiB, 7.54% gc time)
[2023-01-11T01:39:25.812]Completed Shot 5, state 32
17077.069920 seconds (20.07 G allocations: 93.126 TiB, 7.54% gc time)
[2023-01-11T01:39:26.066]Completed Shot 5, state 19
17077.129371 seconds (20.07 G allocations: 93.126 TiB, 7.54% gc time)
[2023-01-11T01:39:26.127]Completed Shot 5, state 26
17077.957385 seconds (20.07 G allocations: 93.130 TiB, 7.54% gc time)
[2023-01-11T01:39:26.953]Completed Shot 5, state 11
17078.051678 seconds (20.07 G allocations: 93.131 TiB, 7.54% gc time)
[2023-01-11T01:39:27.049]Completed Shot 5, state 29
17078.485719 seconds (20.07 G allocations: 93.133 TiB, 7.54% gc time)
[2023-01-11T01:39:27.483]Completed Shot 5, state 33
17078.573257 seconds (20.08 G allocations: 93.133 TiB, 7.54% gc time)
[2023-01-11T01:39:27.569]Completed Shot 5, state 14
17079.136620 seconds (20.08 G allocations: 93.136 TiB, 7.54% gc time)
[2023-01-11T01:39:28.135]Completed Shot 5, state 42
17079.203821 seconds (20.08 G allocations: 93.136 TiB, 7.54% gc time)
[2023-01-11T01:39:28.200]Completed Shot 5, state 12
17079.587514 seconds (20.08 G allocations: 93.138 TiB, 7.54% gc time)
[2023-01-11T01:39:28.585]Completed Shot 5, state 28
17079.852309 seconds (20.08 G allocations: 93.139 TiB, 7.54% gc time)
[2023-01-11T01:39:28.849]Completed Shot 5, state 21
17079.879057 seconds (20.08 G allocations: 93.139 TiB, 7.54% gc time)
[2023-01-11T01:39:28.877]Completed Shot 5, state 39
17079.884447 seconds (20.08 G allocations: 93.139 TiB, 7.54% gc time)
[2023-01-11T01:39:28.882]Completed Shot 5, state 40
17080.391702 seconds (20.08 G allocations: 93.141 TiB, 7.54% gc time)
[2023-01-11T01:39:29.390]Completed Shot 5, state 45
17081.198449 seconds (20.08 G allocations: 93.144 TiB, 7.54% gc time)
[2023-01-11T01:39:30.194]Completed Shot 5, state 15
17081.497704 seconds (20.08 G allocations: 93.145 TiB, 7.54% gc time)
[2023-01-11T01:39:30.494]Completed Shot 5, state 17
17081.497583 seconds (20.08 G allocations: 93.145 TiB, 7.54% gc time)
[2023-01-11T01:39:30.496]Completed Shot 5, state 46
17081.862800 seconds (20.08 G allocations: 93.146 TiB, 7.54% gc time)
[2023-01-11T01:39:30.860]Completed Shot 5, state 25
17082.024182 seconds (20.08 G allocations: 93.147 TiB, 7.54% gc time)
[2023-01-11T01:39:31.022]Completed Shot 5, state 34
17082.044783 seconds (20.08 G allocations: 93.147 TiB, 7.54% gc time)
[2023-01-11T01:39:31.039]Completed Shot 5, state 2
17082.312013 seconds (20.08 G allocations: 93.148 TiB, 7.54% gc time)
[2023-01-11T01:39:31.309]Completed Shot 5, state 22
17082.407889 seconds (20.08 G allocations: 93.148 TiB, 7.54% gc time)
[2023-01-11T01:39:31.406]Completed Shot 5, state 44
17082.436303 seconds (20.08 G allocations: 93.148 TiB, 7.54% gc time)
[2023-01-11T01:39:31.432]Completed Shot 5, state 10
17082.575777 seconds (20.08 G allocations: 93.148 TiB, 7.54% gc time)
[2023-01-11T01:39:31.570]Completed Shot 5, state 1
17082.730395 seconds (20.08 G allocations: 93.149 TiB, 7.54% gc time)
[2023-01-11T01:39:31.727]Completed Shot 5, state 23
17082.955287 seconds (20.08 G allocations: 93.149 TiB, 7.54% gc time)
[2023-01-11T01:39:31.952]Completed Shot 5, state 20
17083.676542 seconds (20.08 G allocations: 93.151 TiB, 7.54% gc time)
[2023-01-11T01:39:32.674]Completed Shot 5, state 43
17084.054968 seconds (20.08 G allocations: 93.152 TiB, 7.54% gc time)
[2023-01-11T01:39:33.050]Completed Shot 5, state 3
17084.293010 seconds (20.08 G allocations: 93.152 TiB, 7.54% gc time)
[2023-01-11T01:39:33.290]Completed Shot 5, state 36
  Activating project at `/gpfs/bwfor/work/ws/hd_ku269-light_cones/WorkingFolder`
17084.337303 seconds (20.08 G allocations: 93.152 TiB, 7.54% gc time)
[2023-01-11T01:39:33.333]Completed Shot 5, state 5
17084.872943 seconds (20.08 G allocations: 93.153 TiB, 7.54% gc time)
[2023-01-11T01:39:33.870]Completed Shot 5, state 37
17085.938790 seconds (20.08 G allocations: 93.154 TiB, 7.54% gc time)
[2023-01-11T01:39:34.937]Completed Shot 5, state 48
17086.963554 seconds (20.08 G allocations: 93.155 TiB, 7.54% gc time)
[2023-01-11T01:39:35.959]Completed Shot 5, state 8
17087.548876 seconds (20.08 G allocations: 93.155 TiB, 7.54% gc time)
[2023-01-11T01:39:36.545]Completed Shot 5, state 13
17088.767610 seconds (20.08 G allocations: 93.156 TiB, 7.54% gc time)
[2023-01-11T01:39:37.765]Completed Shot 5, state 35
17088.882418 seconds (20.08 G allocations: 93.156 TiB, 7.54% gc time)
[2023-01-11T01:39:37.881]Completed Shot 5, state 50
17091.418213 seconds (20.08 G allocations: 93.157 TiB, 7.54% gc time)
[2023-01-11T01:39:40.416]Completed Shot 5, state 38
17582.175980 seconds (20.05 G allocations: 93.039 TiB, 7.20% gc time)
[2023-01-11T06:32:42.596]Completed Shot 6, state 29
17587.335128 seconds (20.06 G allocations: 93.068 TiB, 7.20% gc time)
[2023-01-11T06:32:47.757]Completed Shot 6, state 30
17591.714725 seconds (20.06 G allocations: 93.091 TiB, 7.20% gc time)
[2023-01-11T06:32:52.134]Completed Shot 6, state 15
17592.327168 seconds (20.07 G allocations: 93.095 TiB, 7.20% gc time)
[2023-01-11T06:32:52.748]Completed Shot 6, state 40
17592.929275 seconds (20.07 G allocations: 93.098 TiB, 7.20% gc time)
[2023-01-11T06:32:53.351]Completed Shot 6, state 49
17594.122739 seconds (20.07 G allocations: 93.104 TiB, 7.20% gc time)
[2023-01-11T06:32:54.542]Completed Shot 6, state 21
17594.390425 seconds (20.07 G allocations: 93.106 TiB, 7.20% gc time)
[2023-01-11T06:32:54.810]Completed Shot 6, state 24
17595.622329 seconds (20.07 G allocations: 93.112 TiB, 7.20% gc time)
[2023-01-11T06:32:56.041]Completed Shot 6, state 5
17595.809895 seconds (20.07 G allocations: 93.113 TiB, 7.20% gc time)
[2023-01-11T06:32:56.231]Completed Shot 6, state 33
17595.980720 seconds (20.07 G allocations: 93.114 TiB, 7.20% gc time)
[2023-01-11T06:32:56.401]Completed Shot 6, state 31
17596.714036 seconds (20.07 G allocations: 93.118 TiB, 7.20% gc time)
[2023-01-11T06:32:57.133]Completed Shot 6, state 7
17596.730254 seconds (20.07 G allocations: 93.118 TiB, 7.20% gc time)
[2023-01-11T06:32:57.151]Completed Shot 6, state 27
17596.856207 seconds (20.07 G allocations: 93.118 TiB, 7.20% gc time)
[2023-01-11T06:32:57.275]Completed Shot 6, state 12
17597.674362 seconds (20.07 G allocations: 93.122 TiB, 7.20% gc time)
[2023-01-11T06:32:58.095]Completed Shot 6, state 34
17597.736955 seconds (20.07 G allocations: 93.123 TiB, 7.20% gc time)
[2023-01-11T06:32:58.158]Completed Shot 6, state 38
17597.852082 seconds (20.07 G allocations: 93.123 TiB, 7.20% gc time)
[2023-01-11T06:32:58.272]Completed Shot 6, state 18
17598.324214 seconds (20.07 G allocations: 93.126 TiB, 7.20% gc time)
[2023-01-11T06:32:58.742]Completed Shot 6, state 4
17598.841069 seconds (20.07 G allocations: 93.128 TiB, 7.20% gc time)
[2023-01-11T06:32:59.261]Completed Shot 6, state 20
17599.190539 seconds (20.07 G allocations: 93.130 TiB, 7.20% gc time)
[2023-01-11T06:32:59.611]Completed Shot 6, state 25
17599.237915 seconds (20.07 G allocations: 93.130 TiB, 7.20% gc time)
[2023-01-11T06:32:59.658]Completed Shot 6, state 17
17599.527530 seconds (20.07 G allocations: 93.132 TiB, 7.20% gc time)
[2023-01-11T06:32:59.947]Completed Shot 6, state 13
17599.832232 seconds (20.07 G allocations: 93.133 TiB, 7.20% gc time)
[2023-01-11T06:33:00.253]Completed Shot 6, state 32
17599.874669 seconds (20.07 G allocations: 93.133 TiB, 7.20% gc time)
[2023-01-11T06:33:00.293]Completed Shot 6, state 8
17600.021604 seconds (20.07 G allocations: 93.134 TiB, 7.20% gc time)
[2023-01-11T06:33:00.441]Completed Shot 6, state 16
17600.192037 seconds (20.07 G allocations: 93.135 TiB, 7.20% gc time)
[2023-01-11T06:33:00.611]Completed Shot 6, state 9
17600.394693 seconds (20.07 G allocations: 93.136 TiB, 7.20% gc time)
[2023-01-11T06:33:00.816]Completed Shot 6, state 39
17601.297928 seconds (20.07 G allocations: 93.139 TiB, 7.20% gc time)
[2023-01-11T06:33:01.719]Completed Shot 6, state 46
17601.786253 seconds (20.08 G allocations: 93.141 TiB, 7.20% gc time)
[2023-01-11T06:33:02.206]Completed Shot 6, state 19
17601.804860 seconds (20.08 G allocations: 93.141 TiB, 7.20% gc time)
[2023-01-11T06:33:02.226]Completed Shot 6, state 42
17601.971359 seconds (20.08 G allocations: 93.142 TiB, 7.20% gc time)
[2023-01-11T06:33:02.390]Completed Shot 6, state 10
17602.493110 seconds (20.08 G allocations: 93.144 TiB, 7.20% gc time)
17602.493027 seconds (20.08 G allocations: 93.144 TiB, 7.20% gc time)
[2023-01-11T06:33:02.914]Completed Shot 6, state 36
[2023-01-11T06:33:02.914]Completed Shot 6, state 35
17602.736116 seconds (20.08 G allocations: 93.144 TiB, 7.20% gc time)
[2023-01-11T06:33:03.154]Completed Shot 6, state 1
17602.786652 seconds (20.08 G allocations: 93.145 TiB, 7.20% gc time)
[2023-01-11T06:33:03.208]Completed Shot 6, state 41
17602.961827 seconds (20.08 G allocations: 93.145 TiB, 7.20% gc time)
[2023-01-11T06:33:03.382]Completed Shot 6, state 26
17603.574994 seconds (20.08 G allocations: 93.147 TiB, 7.20% gc time)
[2023-01-11T06:33:03.993]Completed Shot 6, state 2
17603.614556 seconds (20.08 G allocations: 93.147 TiB, 7.20% gc time)
[2023-01-11T06:33:04.036]Completed Shot 6, state 37
17604.271423 seconds (20.08 G allocations: 93.149 TiB, 7.20% gc time)
[2023-01-11T06:33:04.693]Completed Shot 6, state 44
17604.495872 seconds (20.08 G allocations: 93.149 TiB, 7.20% gc time)
[2023-01-11T06:33:04.915]Completed Shot 6, state 11
17605.017945 seconds (20.08 G allocations: 93.150 TiB, 7.20% gc time)
[2023-01-11T06:33:05.437]Completed Shot 6, state 14
17605.055973 seconds (20.08 G allocations: 93.150 TiB, 7.20% gc time)
[2023-01-11T06:33:05.477]Completed Shot 6, state 43
17605.076868 seconds (20.08 G allocations: 93.150 TiB, 7.20% gc time)
[2023-01-11T06:33:05.497]Completed Shot 6, state 22
17605.593792 seconds (20.08 G allocations: 93.151 TiB, 7.20% gc time)
[2023-01-11T06:33:06.014]Completed Shot 6, state 28
17605.694933 seconds (20.08 G allocations: 93.151 TiB, 7.20% gc time)
[2023-01-11T06:33:06.116]Completed Shot 6, state 45
17606.771641 seconds (20.08 G allocations: 93.153 TiB, 7.20% gc time)
[2023-01-11T06:33:07.193]Completed Shot 6, state 48
17606.929692 seconds (20.08 G allocations: 93.153 TiB, 7.20% gc time)
[2023-01-11T06:33:07.349]Completed Shot 6, state 23
17608.252637 seconds (20.08 G allocations: 93.154 TiB, 7.20% gc time)
[2023-01-11T06:33:08.670]Completed Shot 6, state 3
17608.390191 seconds (20.08 G allocations: 93.154 TiB, 7.20% gc time)
[2023-01-11T06:33:08.808]Completed Shot 6, state 6
17610.368173 seconds (20.08 G allocations: 93.154 TiB, 7.20% gc time)
[2023-01-11T06:33:10.789]Completed Shot 6, state 47
17612.649908 seconds (20.08 G allocations: 93.155 TiB, 7.20% gc time)
[2023-01-11T06:33:13.071]Completed Shot 6, state 50
18051.411516 seconds (20.06 G allocations: 93.085 TiB, 6.95% gc time)
[2023-01-11T11:34:04.486]Completed Shot 7, state 18
18052.299946 seconds (20.06 G allocations: 93.089 TiB, 6.95% gc time)
[2023-01-11T11:34:05.376]Completed Shot 7, state 32
18053.853930 seconds (20.06 G allocations: 93.096 TiB, 6.95% gc time)
[2023-01-11T11:34:06.930]Completed Shot 7, state 36
18055.748450 seconds (20.07 G allocations: 93.105 TiB, 6.95% gc time)
[2023-01-11T11:34:08.825]Completed Shot 7, state 46
18056.485760 seconds (20.07 G allocations: 93.109 TiB, 6.95% gc time)
[2023-01-11T11:34:09.562]Completed Shot 7, state 42
18057.828704 seconds (20.07 G allocations: 93.115 TiB, 6.95% gc time)
[2023-01-11T11:34:10.904]Completed Shot 7, state 30
18057.892273 seconds (20.07 G allocations: 93.115 TiB, 6.95% gc time)
[2023-01-11T11:34:10.967]Completed Shot 7, state 16
18057.917114 seconds (20.07 G allocations: 93.115 TiB, 6.95% gc time)
[2023-01-11T11:34:10.990]Completed Shot 7, state 2
18058.320947 seconds (20.07 G allocations: 93.117 TiB, 6.95% gc time)
[2023-01-11T11:34:11.394]Completed Shot 7, state 5
18058.678372 seconds (20.07 G allocations: 93.119 TiB, 6.95% gc time)
[2023-01-11T11:34:11.754]Completed Shot 7, state 24
18058.831594 seconds (20.07 G allocations: 93.120 TiB, 6.95% gc time)
[2023-01-11T11:34:11.905]Completed Shot 7, state 11
18059.105644 seconds (20.07 G allocations: 93.121 TiB, 6.95% gc time)
[2023-01-11T11:34:12.182]Completed Shot 7, state 41
18059.403476 seconds (20.07 G allocations: 93.123 TiB, 6.95% gc time)
[2023-01-11T11:34:12.477]Completed Shot 7, state 1
18059.810020 seconds (20.07 G allocations: 93.124 TiB, 6.95% gc time)
[2023-01-11T11:34:12.885]Completed Shot 7, state 20
18060.144845 seconds (20.07 G allocations: 93.126 TiB, 6.95% gc time)
[2023-01-11T11:34:13.218]Completed Shot 7, state 4
18060.245633 seconds (20.07 G allocations: 93.126 TiB, 6.95% gc time)
[2023-01-11T11:34:13.319]Completed Shot 7, state 9
18060.810551 seconds (20.07 G allocations: 93.129 TiB, 6.95% gc time)
[2023-01-11T11:34:13.885]Completed Shot 7, state 15
18060.970208 seconds (20.07 G allocations: 93.130 TiB, 6.95% gc time)
[2023-01-11T11:34:14.045]Completed Shot 7, state 17
18061.058233 seconds (20.07 G allocations: 93.130 TiB, 6.95% gc time)
[2023-01-11T11:34:14.135]Completed Shot 7, state 45
18061.356901 seconds (20.07 G allocations: 93.132 TiB, 6.95% gc time)
[2023-01-11T11:34:14.432]Completed Shot 7, state 22
18061.525980 seconds (20.07 G allocations: 93.132 TiB, 6.95% gc time)
[2023-01-11T11:34:14.603]Completed Shot 7, state 44
18061.989523 seconds (20.07 G allocations: 93.134 TiB, 6.95% gc time)
[2023-01-11T11:34:15.065]Completed Shot 7, state 25
18062.333026 seconds (20.07 G allocations: 93.136 TiB, 6.95% gc time)
[2023-01-11T11:34:15.409]Completed Shot 7, state 40
18062.441404 seconds (20.07 G allocations: 93.136 TiB, 6.95% gc time)
[2023-01-11T11:34:15.514]Completed Shot 7, state 3
18062.693912 seconds (20.07 G allocations: 93.137 TiB, 6.95% gc time)
[2023-01-11T11:34:15.769]Completed Shot 7, state 14
18062.910992 seconds (20.07 G allocations: 93.138 TiB, 6.95% gc time)
[2023-01-11T11:34:15.984]Completed Shot 7, state 6
18063.452159 seconds (20.07 G allocations: 93.140 TiB, 6.95% gc time)
[2023-01-11T11:34:16.529]Completed Shot 7, state 43
18063.952250 seconds (20.07 G allocations: 93.143 TiB, 6.95% gc time)
[2023-01-11T11:34:17.028]Completed Shot 7, state 31
18064.318248 seconds (20.07 G allocations: 93.144 TiB, 6.95% gc time)
[2023-01-11T11:34:17.394]Completed Shot 7, state 38
18064.437528 seconds (20.07 G allocations: 93.144 TiB, 6.95% gc time)
[2023-01-11T11:34:17.514]Completed Shot 7, state 48
18064.858297 seconds (20.07 G allocations: 93.146 TiB, 6.95% gc time)
[2023-01-11T11:34:17.932]Completed Shot 7, state 13
18064.917197 seconds (20.07 G allocations: 93.146 TiB, 6.95% gc time)
[2023-01-11T11:34:17.994]Completed Shot 7, state 50
18065.067866 seconds (20.07 G allocations: 93.147 TiB, 6.95% gc time)
[2023-01-11T11:34:18.144]Completed Shot 7, state 35
18065.626925 seconds (20.07 G allocations: 93.148 TiB, 6.95% gc time)
[2023-01-11T11:34:18.702]Completed Shot 7, state 23
18065.825211 seconds (20.07 G allocations: 93.149 TiB, 6.95% gc time)
[2023-01-11T11:34:18.901]Completed Shot 7, state 34
18065.936790 seconds (20.08 G allocations: 93.149 TiB, 6.95% gc time)
[2023-01-11T11:34:19.012]Completed Shot 7, state 29
18066.004221 seconds (20.08 G allocations: 93.149 TiB, 6.95% gc time)
[2023-01-11T11:34:19.079]Completed Shot 7, state 19
18066.182667 seconds (20.08 G allocations: 93.150 TiB, 6.95% gc time)
[2023-01-11T11:34:19.259]Completed Shot 7, state 37
18066.547378 seconds (20.08 G allocations: 93.151 TiB, 6.95% gc time)
[2023-01-11T11:34:19.621]Completed Shot 7, state 7
18067.649131 seconds (20.08 G allocations: 93.153 TiB, 6.95% gc time)
[2023-01-11T11:34:20.723]Completed Shot 7, state 10
18067.883065 seconds (20.08 G allocations: 93.153 TiB, 6.95% gc time)
[2023-01-11T11:34:20.957]Completed Shot 7, state 12
18068.296493 seconds (20.08 G allocations: 93.154 TiB, 6.95% gc time)
18068.297697 seconds (20.08 G allocations: 93.154 TiB, 6.95% gc time)
[[2023-01-11T11:34:21.373]Completed Shot 7, state 27
2023-01-11T11:34:21.373]Completed Shot 7, state 47
18068.745121 seconds (20.08 G allocations: 93.155 TiB, 6.95% gc time)
[2023-01-11T11:34:21.820]Completed Shot 7, state 28
18068.990114 seconds (20.08 G allocations: 93.155 TiB, 6.95% gc time)
[2023-01-11T11:34:22.064]Completed Shot 7, state 8
18069.780840 seconds (20.08 G allocations: 93.156 TiB, 6.94% gc time)
[2023-01-11T11:34:22.857]Completed Shot 7, state 33
18070.031512 seconds (20.08 G allocations: 93.156 TiB, 6.94% gc time)
[2023-01-11T11:34:23.108]Completed Shot 7, state 49
18070.072942 seconds (20.08 G allocations: 93.156 TiB, 6.94% gc time)
[2023-01-11T11:34:23.148]Completed Shot 7, state 26
18071.887699 seconds (20.08 G allocations: 93.156 TiB, 6.95% gc time)
[2023-01-11T11:34:24.964]Completed Shot 7, state 39
18071.959025 seconds (20.08 G allocations: 93.156 TiB, 6.95% gc time)
[2023-01-11T11:34:25.034]Completed Shot 7, state 21
20133.667017 seconds (20.04 G allocations: 93.016 TiB, 6.75% gc time)
[2023-01-11T17:09:58.704]Completed Shot 8, state 24
20135.842370 seconds (20.04 G allocations: 93.025 TiB, 6.75% gc time)
[2023-01-11T17:10:00.880]Completed Shot 8, state 32
20138.894933 seconds (20.05 G allocations: 93.039 TiB, 6.75% gc time)
[2023-01-11T17:10:03.932]Completed Shot 8, state 16
20140.097331 seconds (20.05 G allocations: 93.044 TiB, 6.75% gc time)
[2023-01-11T17:10:05.133]Completed Shot 8, state 11
20143.202904 seconds (20.05 G allocations: 93.059 TiB, 6.75% gc time)
[2023-01-11T17:10:08.241]Completed Shot 8, state 36
20146.043582 seconds (20.05 G allocations: 93.071 TiB, 6.75% gc time)
[2023-01-11T17:10:11.080]Completed Shot 8, state 14
20146.332634 seconds (20.05 G allocations: 93.073 TiB, 6.75% gc time)
[2023-01-11T17:10:11.371]Completed Shot 8, state 37
20146.880150 seconds (20.06 G allocations: 93.075 TiB, 6.75% gc time)
[2023-01-11T17:10:11.919]Completed Shot 8, state 49
20149.163805 seconds (20.06 G allocations: 93.085 TiB, 6.75% gc time)
[2023-01-11T17:10:14.202]Completed Shot 8, state 38
20149.472907 seconds (20.06 G allocations: 93.086 TiB, 6.75% gc time)
[2023-01-11T17:10:14.511]Completed Shot 8, state 34
20149.880094 seconds (20.06 G allocations: 93.088 TiB, 6.75% gc time)
[2023-01-11T17:10:14.916]Completed Shot 8, state 12
20151.963536 seconds (20.06 G allocations: 93.098 TiB, 6.75% gc time)
[2023-01-11T17:10:17.003]Completed Shot 8, state 41
20152.168244 seconds (20.06 G allocations: 93.099 TiB, 6.75% gc time)
[2023-01-11T17:10:17.207]Completed Shot 8, state 43
20152.169208 seconds (20.06 G allocations: 93.099 TiB, 6.75% gc time)
[2023-01-11T17:10:17.207]Completed Shot 8, state 48
20152.662950 seconds (20.06 G allocations: 93.101 TiB, 6.75% gc time)
[2023-01-11T17:10:17.701]Completed Shot 8, state 45
20152.832747 seconds (20.06 G allocations: 93.102 TiB, 6.75% gc time)
[2023-01-11T17:10:17.871]Completed Shot 8, state 44
20153.928840 seconds (20.06 G allocations: 93.107 TiB, 6.75% gc time)
[2023-01-11T17:10:18.965]Completed Shot 8, state 17
20153.929318 seconds (20.06 G allocations: 93.107 TiB, 6.75% gc time)
[2023-01-11T17:10:18.968]Completed Shot 8, state 47
20155.704648 seconds (20.06 G allocations: 93.114 TiB, 6.75% gc time)
[2023-01-11T17:10:20.743]Completed Shot 8, state 40
20156.483000 seconds (20.06 G allocations: 93.117 TiB, 6.75% gc time)
[2023-01-11T17:10:21.520]Completed Shot 8, state 23
20156.551611 seconds (20.06 G allocations: 93.118 TiB, 6.75% gc time)
[2023-01-11T17:10:21.587]Completed Shot 8, state 5
20156.599205 seconds (20.06 G allocations: 93.118 TiB, 6.75% gc time)
[2023-01-11T17:10:21.637]Completed Shot 8, state 29
20157.149479 seconds (20.06 G allocations: 93.120 TiB, 6.75% gc time)
[2023-01-11T17:10:22.187]Completed Shot 8, state 27
20158.078835 seconds (20.07 G allocations: 93.124 TiB, 6.75% gc time)
[2023-01-11T17:10:23.116]Completed Shot 8, state 30
20159.028995 seconds (20.07 G allocations: 93.128 TiB, 6.75% gc time)
[2023-01-11T17:10:24.064]Completed Shot 8, state 4
20159.140168 seconds (20.07 G allocations: 93.128 TiB, 6.75% gc time)
[2023-01-11T17:10:24.178]Completed Shot 8, state 35
20159.206016 seconds (20.07 G allocations: 93.128 TiB, 6.75% gc time)
[2023-01-11T17:10:24.244]Completed Shot 8, state 33
20160.202693 seconds (20.07 G allocations: 93.132 TiB, 6.75% gc time)
[2023-01-11T17:10:25.240]Completed Shot 8, state 31
20160.227073 seconds (20.07 G allocations: 93.132 TiB, 6.75% gc time)
[2023-01-11T17:10:25.266]Completed Shot 8, state 50
20160.288881 seconds (20.07 G allocations: 93.132 TiB, 6.75% gc time)
[2023-01-11T17:10:25.325]Completed Shot 8, state 15
20160.722149 seconds (20.07 G allocations: 93.134 TiB, 6.75% gc time)
[2023-01-11T17:10:25.759]Completed Shot 8, state 20
20161.650559 seconds (20.07 G allocations: 93.137 TiB, 6.75% gc time)
[2023-01-11T17:10:26.688]Completed Shot 8, state 25
20161.668470 seconds (20.07 G allocations: 93.137 TiB, 6.75% gc time)
[2023-01-11T17:10:26.705]Completed Shot 8, state 21
20162.956065 seconds (20.07 G allocations: 93.141 TiB, 6.75% gc time)
[2023-01-11T17:10:27.994]Completed Shot 8, state 46
20163.341551 seconds (20.07 G allocations: 93.142 TiB, 6.75% gc time)
[2023-01-11T17:10:28.377]Completed Shot 8, state 8
20163.835135 seconds (20.07 G allocations: 93.143 TiB, 6.75% gc time)
20163.834723 seconds (20.07 G allocations: 93.143 TiB, 6.75% gc time)
[[2023-01-11T17:10:28.871]Completed Shot 8, state 13
2023-01-11T17:10:28.871]Completed Shot 8, state 18
20164.377516 seconds (20.07 G allocations: 93.145 TiB, 6.75% gc time)
[2023-01-11T17:10:29.413]Completed Shot 8, state 2
20164.921986 seconds (20.07 G allocations: 93.146 TiB, 6.75% gc time)
[2023-01-11T17:10:29.959]Completed Shot 8, state 22
20165.007278 seconds (20.07 G allocations: 93.146 TiB, 6.75% gc time)
[2023-01-11T17:10:30.044]Completed Shot 8, state 26
20165.598489 seconds (20.07 G allocations: 93.147 TiB, 6.75% gc time)
[2023-01-11T17:10:30.634]Completed Shot 8, state 6
20165.863217 seconds (20.07 G allocations: 93.148 TiB, 6.75% gc time)
[2023-01-11T17:10:30.898]Completed Shot 8, state 3
20166.008434 seconds (20.07 G allocations: 93.148 TiB, 6.75% gc time)
[2023-01-11T17:10:31.046]Completed Shot 8, state 28
20166.726880 seconds (20.07 G allocations: 93.149 TiB, 6.75% gc time)
[2023-01-11T17:10:31.762]Completed Shot 8, state 1
20170.783813 seconds (20.07 G allocations: 93.153 TiB, 6.75% gc time)
[2023-01-11T17:10:35.820]Completed Shot 8, state 19
20171.479205 seconds (20.07 G allocations: 93.154 TiB, 6.75% gc time)
[2023-01-11T17:10:36.515]Completed Shot 8, state 10
20174.310953 seconds (20.07 G allocations: 93.156 TiB, 6.74% gc time)
[2023-01-11T17:10:39.349]Completed Shot 8, state 39
20174.373998 seconds (20.07 G allocations: 93.156 TiB, 6.74% gc time)
[2023-01-11T17:10:39.410]Completed Shot 8, state 7
20175.159257 seconds (20.07 G allocations: 93.157 TiB, 6.74% gc time)
[2023-01-11T17:10:40.195]Completed Shot 8, state 9
20177.048947 seconds (20.07 G allocations: 93.157 TiB, 6.75% gc time)
[2023-01-11T17:10:42.087]Completed Shot 8, state 42
20581.688519 seconds (20.04 G allocations: 93.015 TiB, 6.56% gc time)
[2023-01-11T22:53:43.778]Completed Shot 9, state 4
20581.866574 seconds (20.04 G allocations: 93.016 TiB, 6.56% gc time)
[2023-01-11T22:53:43.956]Completed Shot 9, state 14
20583.348418 seconds (20.04 G allocations: 93.023 TiB, 6.56% gc time)
[2023-01-11T22:53:45.440]Completed Shot 9, state 47
20590.024415 seconds (20.05 G allocations: 93.051 TiB, 6.56% gc time)
[2023-01-11T22:53:52.116]Completed Shot 9, state 36
20592.978438 seconds (20.05 G allocations: 93.064 TiB, 6.56% gc time)
[2023-01-11T22:53:55.070]Completed Shot 9, state 32
20592.988552 seconds (20.05 G allocations: 93.064 TiB, 6.56% gc time)
[2023-01-11T22:53:55.080]Completed Shot 9, state 30
20593.257745 seconds (20.05 G allocations: 93.065 TiB, 6.56% gc time)
[2023-01-11T22:53:55.349]Completed Shot 9, state 29
20596.188421 seconds (20.05 G allocations: 93.077 TiB, 6.56% gc time)
[2023-01-11T22:53:58.281]Completed Shot 9, state 27
20599.139695 seconds (20.06 G allocations: 93.090 TiB, 6.56% gc time)
[2023-01-11T22:54:01.232]Completed Shot 9, state 44
20600.028358 seconds (20.06 G allocations: 93.093 TiB, 6.56% gc time)
[2023-01-11T22:54:02.118]Completed Shot 9, state 9
20600.448247 seconds (20.06 G allocations: 93.095 TiB, 6.56% gc time)
[2023-01-11T22:54:02.539]Completed Shot 9, state 19
20600.721682 seconds (20.06 G allocations: 93.096 TiB, 6.56% gc time)
[2023-01-11T22:54:02.811]Completed Shot 9, state 10
20604.761190 seconds (20.06 G allocations: 93.113 TiB, 6.56% gc time)
[2023-01-11T22:54:06.851]Completed Shot 9, state 7
20605.144500 seconds (20.06 G allocations: 93.115 TiB, 6.56% gc time)
[2023-01-11T22:54:07.236]Completed Shot 9, state 38
20605.286887 seconds (20.06 G allocations: 93.115 TiB, 6.56% gc time)
[2023-01-11T22:54:07.379]Completed Shot 9, state 46
20605.664476 seconds (20.06 G allocations: 93.117 TiB, 6.56% gc time)
[2023-01-11T22:54:07.756]Completed Shot 9, state 39
20605.998516 seconds (20.06 G allocations: 93.118 TiB, 6.56% gc time)
[2023-01-11T22:54:08.088]Completed Shot 9, state 8
20606.493644 seconds (20.06 G allocations: 93.120 TiB, 6.56% gc time)
[2023-01-11T22:54:08.584]Completed Shot 9, state 24
20606.884699 seconds (20.06 G allocations: 93.121 TiB, 6.56% gc time)
[2023-01-11T22:54:08.974]Completed Shot 9, state 6
20607.075977 seconds (20.06 G allocations: 93.122 TiB, 6.56% gc time)
[2023-01-11T22:54:09.165]Completed Shot 9, state 2
20607.325038 seconds (20.06 G allocations: 93.123 TiB, 6.56% gc time)
[2023-01-11T22:54:09.417]Completed Shot 9, state 37
20607.675947 seconds (20.06 G allocations: 93.125 TiB, 6.56% gc time)
[2023-01-11T22:54:09.766]Completed Shot 9, state 20
20608.789887 seconds (20.07 G allocations: 93.129 TiB, 6.56% gc time)
[2023-01-11T22:54:10.882]Completed Shot 9, state 41
20608.943864 seconds (20.07 G allocations: 93.130 TiB, 6.56% gc time)
[2023-01-11T22:54:11.036]Completed Shot 9, state 50
20609.145128 seconds (20.07 G allocations: 93.131 TiB, 6.56% gc time)
[2023-01-11T22:54:11.237]Completed Shot 9, state 40
20609.191782 seconds (20.07 G allocations: 93.131 TiB, 6.56% gc time)
[2023-01-11T22:54:11.282]Completed Shot 9, state 21
20609.327244 seconds (20.07 G allocations: 93.131 TiB, 6.56% gc time)
[2023-01-11T22:54:11.417]Completed Shot 9, state 15
20610.098000 seconds (20.07 G allocations: 93.134 TiB, 6.56% gc time)
[2023-01-11T22:54:12.188]Completed Shot 9, state 18
20610.421341 seconds (20.07 G allocations: 93.135 TiB, 6.56% gc time)
[2023-01-11T22:54:12.513]Completed Shot 9, state 34
20610.508293 seconds (20.07 G allocations: 93.136 TiB, 6.56% gc time)
[2023-01-11T22:54:12.599]Completed Shot 9, state 22
20611.329366 seconds (20.07 G allocations: 93.138 TiB, 6.56% gc time)
[2023-01-11T22:54:13.420]Completed Shot 9, state 23
20611.492419 seconds (20.07 G allocations: 93.139 TiB, 6.56% gc time)
[2023-01-11T22:54:13.583]Completed Shot 9, state 17
20611.831702 seconds (20.07 G allocations: 93.140 TiB, 6.56% gc time)
[2023-01-11T22:54:13.920]Completed Shot 9, state 1
20611.929247 seconds (20.07 G allocations: 93.140 TiB, 6.56% gc time)
[2023-01-11T22:54:14.020]Completed Shot 9, state 31
20612.655408 seconds (20.07 G allocations: 93.142 TiB, 6.56% gc time)
[2023-01-11T22:54:14.747]Completed Shot 9, state 45
20612.852105 seconds (20.07 G allocations: 93.143 TiB, 6.56% gc time)
[2023-01-11T22:54:14.941]Completed Shot 9, state 5
20613.495048 seconds (20.07 G allocations: 93.144 TiB, 6.56% gc time)
[2023-01-11T22:54:15.587]Completed Shot 9, state 43
20613.804286 seconds (20.07 G allocations: 93.145 TiB, 6.56% gc time)
[2023-01-11T22:54:15.896]Completed Shot 9, state 42
20614.082566 seconds (20.07 G allocations: 93.146 TiB, 6.56% gc time)
[2023-01-11T22:54:16.175]Completed Shot 9, state 49
20614.716329 seconds (20.07 G allocations: 93.147 TiB, 6.56% gc time)
[2023-01-11T22:54:16.806]Completed Shot 9, state 16
20614.773949 seconds (20.07 G allocations: 93.147 TiB, 6.56% gc time)
[2023-01-11T22:54:16.865]Completed Shot 9, state 33
20616.328834 seconds (20.07 G allocations: 93.150 TiB, 6.56% gc time)
[2023-01-11T22:54:18.419]Completed Shot 9, state 13
20617.065986 seconds (20.07 G allocations: 93.151 TiB, 6.56% gc time)
[2023-01-11T22:54:19.156]Completed Shot 9, state 12
20617.238698 seconds (20.07 G allocations: 93.151 TiB, 6.56% gc time)
[2023-01-11T22:54:19.329]Completed Shot 9, state 25
20617.343722 seconds (20.07 G allocations: 93.151 TiB, 6.56% gc time)
[2023-01-11T22:54:19.435]Completed Shot 9, state 35
20617.418378 seconds (20.07 G allocations: 93.151 TiB, 6.56% gc time)
[2023-01-11T22:54:19.509]Completed Shot 9, state 26
20617.669725 seconds (20.07 G allocations: 93.151 TiB, 6.56% gc time)
[2023-01-11T22:54:19.759]Completed Shot 9, state 11
20618.326574 seconds (20.07 G allocations: 93.152 TiB, 6.56% gc time)
[2023-01-11T22:54:20.418]Completed Shot 9, state 48
20621.642219 seconds (20.07 G allocations: 93.153 TiB, 6.56% gc time)
[2023-01-11T22:54:23.733]Completed Shot 9, state 28
20626.620840 seconds (20.07 G allocations: 93.154 TiB, 6.56% gc time)
[2023-01-11T22:54:28.710]Completed Shot 9, state 3
18992.367184 seconds (20.04 G allocations: 92.967 TiB, 6.60% gc time)
[2023-01-12T04:11:01.084]Completed Shot 10, state 10
19006.285861 seconds (20.05 G allocations: 93.038 TiB, 6.60% gc time)
[2023-01-12T04:11:15.005]Completed Shot 10, state 27
19009.633843 seconds (20.05 G allocations: 93.055 TiB, 6.60% gc time)
[2023-01-12T04:11:18.354]Completed Shot 10, state 49
19010.893932 seconds (20.06 G allocations: 93.062 TiB, 6.60% gc time)
[2023-01-12T04:11:19.610]Completed Shot 10, state 3
19011.466576 seconds (20.06 G allocations: 93.064 TiB, 6.60% gc time)
[2023-01-12T04:11:20.186]Completed Shot 10, state 47
19011.469529 seconds (20.06 G allocations: 93.064 TiB, 6.60% gc time)
[2023-01-12T04:11:20.187]Completed Shot 10, state 12
19012.524195 seconds (20.06 G allocations: 93.069 TiB, 6.60% gc time)
[2023-01-12T04:11:21.241]Completed Shot 10, state 5
19013.862491 seconds (20.06 G allocations: 93.076 TiB, 6.60% gc time)
[2023-01-12T04:11:22.582]Completed Shot 10, state 38
19016.644149 seconds (20.06 G allocations: 93.090 TiB, 6.60% gc time)
[2023-01-12T04:11:25.362]Completed Shot 10, state 20
19018.513263 seconds (20.06 G allocations: 93.099 TiB, 6.60% gc time)
[2023-01-12T04:11:27.233]Completed Shot 10, state 39
19018.618532 seconds (20.06 G allocations: 93.100 TiB, 6.60% gc time)
[2023-01-12T04:11:27.335]Completed Shot 10, state 6
19019.727425 seconds (20.06 G allocations: 93.105 TiB, 6.60% gc time)
[2023-01-12T04:11:28.446]Completed Shot 10, state 26
19019.938576 seconds (20.07 G allocations: 93.106 TiB, 6.60% gc time)
[2023-01-12T04:11:28.659]Completed Shot 10, state 43
19020.690380 seconds (20.07 G allocations: 93.110 TiB, 6.60% gc time)
[2023-01-12T04:11:29.410]Completed Shot 10, state 45
19021.712771 seconds (20.07 G allocations: 93.115 TiB, 6.60% gc time)
[2023-01-12T04:11:30.430]Completed Shot 10, state 4
19021.853327 seconds (20.07 G allocations: 93.115 TiB, 6.60% gc time)
[2023-01-12T04:11:30.573]Completed Shot 10, state 42
19021.989792 seconds (20.07 G allocations: 93.116 TiB, 6.60% gc time)
[2023-01-12T04:11:30.708]Completed Shot 10, state 15
19022.434541 seconds (20.07 G allocations: 93.118 TiB, 6.60% gc time)
[2023-01-12T04:11:31.152]Completed Shot 10, state 19
19022.673643 seconds (20.07 G allocations: 93.119 TiB, 6.60% gc time)
[2023-01-12T04:11:31.393]Completed Shot 10, state 46
19023.296054 seconds (20.07 G allocations: 93.122 TiB, 6.60% gc time)
[2023-01-12T04:11:32.015]Completed Shot 10, state 32
19023.757890 seconds (20.07 G allocations: 93.124 TiB, 6.60% gc time)
[2023-01-12T04:11:32.475]Completed Shot 10, state 8
19024.256448 seconds (20.07 G allocations: 93.126 TiB, 6.60% gc time)
[2023-01-12T04:11:32.977]Completed Shot 10, state 50
19024.305009 seconds (20.07 G allocations: 93.126 TiB, 6.60% gc time)
[2023-01-12T04:11:33.026]Completed Shot 10, state 41
19024.605013 seconds (20.07 G allocations: 93.128 TiB, 6.60% gc time)
[2023-01-12T04:11:33.323]Completed Shot 10, state 18
19024.690251 seconds (20.07 G allocations: 93.128 TiB, 6.60% gc time)
[2023-01-12T04:11:33.408]Completed Shot 10, state 21
19025.301792 seconds (20.07 G allocations: 93.130 TiB, 6.60% gc time)
[2023-01-12T04:11:34.022]Completed Shot 10, state 44
19026.357849 seconds (20.07 G allocations: 93.134 TiB, 6.60% gc time)
[2023-01-12T04:11:35.077]Completed Shot 10, state 29
19026.447429 seconds (20.07 G allocations: 93.135 TiB, 6.60% gc time)
[2023-01-12T04:11:35.165]Completed Shot 10, state 11
19027.126600 seconds (20.07 G allocations: 93.137 TiB, 6.60% gc time)
[2023-01-12T04:11:35.844]Completed Shot 10, state 16
19027.128405 seconds (20.07 G allocations: 93.137 TiB, 6.60% gc time)
[2023-01-12T04:11:35.846]Completed Shot 10, state 14
19027.310659 seconds (20.07 G allocations: 93.138 TiB, 6.60% gc time)
[2023-01-12T04:11:36.030]Completed Shot 10, state 36
19027.868602 seconds (20.07 G allocations: 93.140 TiB, 6.60% gc time)
[2023-01-12T04:11:36.587]Completed Shot 10, state 31
19027.968204 seconds (20.07 G allocations: 93.140 TiB, 6.60% gc time)
[2023-01-12T04:11:36.684]Completed Shot 10, state 2
19028.827694 seconds (20.07 G allocations: 93.143 TiB, 6.60% gc time)
[2023-01-12T04:11:37.547]Completed Shot 10, state 30
19029.685879 seconds (20.07 G allocations: 93.146 TiB, 6.60% gc time)
[2023-01-12T04:11:38.404]Completed Shot 10, state 24
19029.777627 seconds (20.07 G allocations: 93.146 TiB, 6.60% gc time)
[2023-01-12T04:11:38.497]Completed Shot 10, state 37
19029.833493 seconds (20.07 G allocations: 93.146 TiB, 6.60% gc time)
[2023-01-12T04:11:38.551]Completed Shot 10, state 13
19030.052629 seconds (20.07 G allocations: 93.146 TiB, 6.60% gc time)
[2023-01-12T04:11:38.771]Completed Shot 10, state 25
19030.127683 seconds (20.07 G allocations: 93.147 TiB, 6.60% gc time)
[2023-01-12T04:11:38.847]Completed Shot 10, state 40
19030.528115 seconds (20.07 G allocations: 93.147 TiB, 6.60% gc time)
[2023-01-12T04:11:39.248]Completed Shot 10, state 48
19031.448889 seconds (20.07 G allocations: 93.149 TiB, 6.60% gc time)
[2023-01-12T04:11:40.168]Completed Shot 10, state 33
19032.222870 seconds (20.07 G allocations: 93.151 TiB, 6.60% gc time)
[2023-01-12T04:11:40.940]Completed Shot 10, state 9
19032.551898 seconds (20.07 G allocations: 93.151 TiB, 6.60% gc time)
[2023-01-12T04:11:41.270]Completed Shot 10, state 23
19033.089144 seconds (20.07 G allocations: 93.152 TiB, 6.60% gc time)
[2023-01-12T04:11:41.807]Completed Shot 10, state 17
19033.126746 seconds (20.07 G allocations: 93.152 TiB, 6.60% gc time)
[2023-01-12T04:11:41.845]Completed Shot 10, state 28
19033.219302 seconds (20.07 G allocations: 93.152 TiB, 6.60% gc time)
[2023-01-12T04:11:41.937]Completed Shot 10, state 22
19035.756839 seconds (20.08 G allocations: 93.154 TiB, 6.60% gc time)
[2023-01-12T04:11:44.473]Completed Shot 10, state 1
19039.639674 seconds (20.08 G allocations: 93.156 TiB, 6.60% gc time)
[2023-01-12T04:11:48.356]Completed Shot 10, state 7
19042.138450 seconds (20.08 G allocations: 93.157 TiB, 6.60% gc time)
[2023-01-12T04:11:50.858]Completed Shot 10, state 34
19042.303712 seconds (20.08 G allocations: 93.157 TiB, 6.60% gc time)
[2023-01-12T04:11:51.023]Completed Shot 10, state 35
[2023-01-12T04:11:51.023]**********Simulation completed!**********
[2023-01-12T04:11:51.024]**********Saving**********
[2023-01-12T04:11:55.257]Saving file: /gpfs/bwfor/work/ws/hd_ku269-logs/LightCones/2023-01-09/468971_N11_BS.jld2
[2023-01-12T04:11:56.812]**********Run completed!**********
============================= JOB FEEDBACK =============================
Job ID: 468971
Cluster: helix
User/Group: hd_ku269/hd_hd
State: COMPLETED (exit code 0)
Nodes: 1
Cores per node: 64
CPU Utilized: 131-11:02:20
CPU Efficiency: 89.97% of 146-02:42:08 core-walltime
Job Wall-clock time: 2-06:47:32
Memory Utilized: 136.66 GB
Memory Efficiency: 57.90% of 236.00 GB
