Added MKL.jl
Project LightCones v0.1.0
Status `/gpfs/bwfor/work/ws/hd_ku269-light_cones/WorkingFolder/Project.toml`
⌃ [7d9fca2a] Arpack v0.5.3
⌃ [7073ff75] IJulia v1.23.3
⌃ [033835bb] JLD2 v0.4.25
  [0b1a1467] KrylovKit v0.6.0
  [d3d80556] LineSearches v7.2.0
  [33e6dc65] MKL v0.6.0
⌃ [429524aa] Optim v1.7.3
⌃ [91a5bcdd] Plots v1.35.5
⌃ [c3e4b0f8] Pluto v0.19.14
  [3c0b384b] QuantumInformation v0.4.9
  [189a3867] Reexport v1.2.2
⌃ [295af30f] Revise v3.4.0
  [ebcc8a00] SpinSymmetry v0.3.3
  [59d54670] ThreadedSparseArrays v0.2.2
  [ade2ca70] Dates
  [8ba89e20] Distributed
  [37e2e46d] LinearAlgebra
  [de0858da] Printf
  [9a3f8284] Random
  [1a1011a3] SharedArrays
  [2f01184e] SparseArrays
  [10745b16] Statistics
Info Packages marked with ⌃ have new versions available and may be upgradable.
[2023-01-10T03:30:36.042]**********RANDOM FIELDS**********
shared_krylov.jl
Working Directory:          /gpfs/bwfor/work/ws/hd_ku269-light_cones/WorkingFolder
SLURM Directory:            /gpfs/bwfor/work/ws/hd_ku269-light_cones/WorkingFolder 
Running on host:            m05n06
Job id:                     468995
Job name:                   otoc_simulation_N11_TR_FIDONLY
Number of nodes allocated:  
Number of cores allocated:  1
#threads of Julia:          64
#threads of BLAS:           1
ARGS = ["11", "10", "50", "BS", "x", "3", "1000", "Rhim71"]
LOCATION = "/gpfs/bwfor/work/ws/hd_ku269-logs/LightCones/2023-01-10"
N = 11
SHOTS = 10
MULT_RANDOM_STATES = true
N_RANDOM_STATES = 50
TYPE_OF_RS = "BS"
OBSERVABLE = "x"
DISORDER_PARAM = 3.0
[2023-01-10T03:30:36.247]**********Running simulation**********
[2023-01-10T03:30:36.300]trange = 0.1:0.1:20.0
[2023-01-10T03:30:36.660]A = σx
[2023-01-10T03:30:37.123]alpha=6
[2023-01-10T03:30:37.123]PBC
SlowPulse([1.0, 0.0, 0.0], π, 15707.963267948964)SlowPulse([-1.0, 0.0, 0.0], π, 15707.963267948964)2[2023-01-10T03:30:40.052]Operations set up.
Using multiple states.
23824.332641 seconds (19.99 G allocations: 92.868 TiB, 18.53% gc time, 0.03% compilation time)
[2023-01-10T10:07:54.063]Completed Shot 1, state 41
23829.321275 seconds (20.00 G allocations: 92.880 TiB, 18.53% gc time, 0.03% compilation time)
[2023-01-10T10:07:59.026]Completed Shot 1, state 7
23834.204810 seconds (20.00 G allocations: 92.902 TiB, 18.53% gc time, 0.03% compilation time)
[2023-01-10T10:08:03.909]Completed Shot 1, state 17
23830.860116 seconds (20.00 G allocations: 92.917 TiB, 18.53% gc time, 0.00% compilation time)
[2023-01-10T10:08:07.052]Completed Shot 1, state 25
23839.104950 seconds (20.01 G allocations: 92.926 TiB, 18.52% gc time, 0.03% compilation time)
[2023-01-10T10:08:08.810]Completed Shot 1, state 15
23844.602250 seconds (20.01 G allocations: 92.937 TiB, 18.53% gc time, 0.03% compilation time)
[2023-01-10T10:08:14.307]Completed Shot 1, state 6
23847.697042 seconds (20.01 G allocations: 92.952 TiB, 18.53% gc time, 0.03% compilation time)
[2023-01-10T10:08:17.381]Completed Shot 1, state 2
23848.644908 seconds (20.01 G allocations: 92.956 TiB, 18.53% gc time, 0.03% compilation time)
[2023-01-10T10:08:18.350]Completed Shot 1, state 18
23853.065460 seconds (20.02 G allocations: 92.978 TiB, 18.52% gc time, 0.03% compilation time)
[2023-01-10T10:08:22.771]Completed Shot 1, state 36
23857.371746 seconds (20.02 G allocations: 92.987 TiB, 18.53% gc time, 0.03% compilation time)
[2023-01-10T10:08:27.076]Completed Shot 1, state 29
23859.153447 seconds (20.02 G allocations: 92.995 TiB, 18.53% gc time, 0.03% compilation time)
[2023-01-10T10:08:28.858]Completed Shot 1, state 34
23859.540484 seconds (20.02 G allocations: 92.997 TiB, 18.53% gc time, 0.03% compilation time)
[2023-01-10T10:08:29.246]Completed Shot 1, state 21
23860.724987 seconds (20.02 G allocations: 93.002 TiB, 18.53% gc time, 0.03% compilation time)
[2023-01-10T10:08:30.429]Completed Shot 1, state 12
23863.008944 seconds (20.02 G allocations: 93.013 TiB, 18.53% gc time, 0.03% compilation time)
[2023-01-10T10:08:32.713]Completed Shot 1, state 9
23864.942035 seconds (20.03 G allocations: 93.022 TiB, 18.52% gc time, 0.03% compilation time)
[2023-01-10T10:08:34.646]Completed Shot 1, state 50
23859.854447 seconds (20.02 G allocations: 93.027 TiB, 18.53% gc time, 0.00% compilation time)
[2023-01-10T10:08:36.047]Completed Shot 1, state 16
23867.278089 seconds (20.03 G allocations: 93.031 TiB, 18.52% gc time, 0.03% compilation time)
[2023-01-10T10:08:36.962]Completed Shot 1, state 33
23862.190260 seconds (20.02 G allocations: 93.034 TiB, 18.52% gc time, 0.00% compilation time)
[2023-01-10T10:08:38.414]Completed Shot 1, state 19
23873.953103 seconds (20.03 G allocations: 93.047 TiB, 18.53% gc time, 0.03% compilation time)
[2023-01-10T10:08:43.658]Completed Shot 1, state 5
23867.954157 seconds (20.02 G allocations: 93.048 TiB, 18.53% gc time, 0.00% compilation time)
[2023-01-10T10:08:44.174]Completed Shot 1, state 43
23874.030554 seconds (20.03 G allocations: 93.067 TiB, 18.53% gc time, 0.00% compilation time)
[2023-01-10T10:08:50.447]Completed Shot 1, state 38
23882.968058 seconds (20.04 G allocations: 93.077 TiB, 18.53% gc time, 0.03% compilation time)
[2023-01-10T10:08:52.672]Completed Shot 1, state 10
23885.799365 seconds (20.04 G allocations: 93.088 TiB, 18.52% gc time, 0.03% compilation time)
[2023-01-10T10:08:55.503]Completed Shot 1, state 44
23885.912361 seconds (20.04 G allocations: 93.089 TiB, 18.52% gc time, 0.03% compilation time)
[2023-01-10T10:08:55.617]Completed Shot 1, state 4
23886.102240 seconds (20.04 G allocations: 93.089 TiB, 18.52% gc time, 0.03% compilation time)
[2023-01-10T10:08:55.807]Completed Shot 1, state 26
23886.291559 seconds (20.04 G allocations: 93.090 TiB, 18.52% gc time, 0.03% compilation time)
[2023-01-10T10:08:55.996]Completed Shot 1, state 22
23886.402839 seconds (20.04 G allocations: 93.090 TiB, 18.52% gc time, 0.03% compilation time)
[2023-01-10T10:08:56.108]Completed Shot 1, state 11
23890.826410 seconds (20.04 G allocations: 93.101 TiB, 18.53% gc time, 0.03% compilation time)
[2023-01-10T10:09:00.531]Completed Shot 1, state 45
23893.844045 seconds (20.05 G allocations: 93.111 TiB, 18.52% gc time, 0.03% compilation time)
[2023-01-10T10:09:03.548]Completed Shot 1, state 35
23894.354565 seconds (20.05 G allocations: 93.113 TiB, 18.52% gc time, 0.03% compilation time)
[2023-01-10T10:09:04.059]Completed Shot 1, state 13
23888.362323 seconds (20.04 G allocations: 93.113 TiB, 18.52% gc time, 0.00% compilation time)
[2023-01-10T10:09:04.584]Completed Shot 1, state 31
23894.954998 seconds (20.05 G allocations: 93.115 TiB, 18.52% gc time, 0.03% compilation time)
[2023-01-10T10:09:04.638]Completed Shot 1, state 1
23895.462149 seconds (20.05 G allocations: 93.116 TiB, 18.52% gc time, 0.03% compilation time)
[2023-01-10T10:09:05.167]Completed Shot 1, state 24
23898.155685 seconds (20.05 G allocations: 93.122 TiB, 18.52% gc time, 0.03% compilation time)
[2023-01-10T10:09:07.860]Completed Shot 1, state 32
23898.880015 seconds (20.05 G allocations: 93.123 TiB, 18.52% gc time, 0.03% compilation time)
[2023-01-10T10:09:08.584]Completed Shot 1, state 30
23899.132073 seconds (20.05 G allocations: 93.124 TiB, 18.52% gc time, 0.03% compilation time)
[2023-01-10T10:09:08.836]Completed Shot 1, state 23
23900.131702 seconds (20.05 G allocations: 93.127 TiB, 18.52% gc time, 0.03% compilation time)
[2023-01-10T10:09:09.836]Completed Shot 1, state 46
23900.241877 seconds (20.05 G allocations: 93.127 TiB, 18.52% gc time, 0.03% compilation time)
[2023-01-10T10:09:09.946]Completed Shot 1, state 37
23900.994651 seconds (20.05 G allocations: 93.129 TiB, 18.52% gc time, 0.03% compilation time)
[2023-01-10T10:09:10.698]Completed Shot 1, state 39
23901.170455 seconds (20.05 G allocations: 93.129 TiB, 18.52% gc time, 0.03% compilation time)
[2023-01-10T10:09:10.874]Completed Shot 1, state 47
23904.725552 seconds (20.05 G allocations: 93.135 TiB, 18.52% gc time, 0.03% compilation time)
[2023-01-10T10:09:14.430]Completed Shot 1, state 49
23898.905169 seconds (20.04 G allocations: 93.135 TiB, 18.52% gc time, 0.00% compilation time)
[2023-01-10T10:09:15.126]Completed Shot 1, state 8
23907.135554 seconds (20.05 G allocations: 93.138 TiB, 18.52% gc time, 0.03% compilation time)
[2023-01-10T10:09:16.840]Completed Shot 1, state 42
23911.898877 seconds (20.05 G allocations: 93.144 TiB, 18.52% gc time, 0.03% compilation time)
[2023-01-10T10:09:21.603]Completed Shot 1, state 3
23912.887641 seconds (20.05 G allocations: 93.145 TiB, 18.51% gc time, 0.03% compilation time)
[2023-01-10T10:09:22.591]Completed Shot 1, state 20
23915.050561 seconds (20.05 G allocations: 93.148 TiB, 18.51% gc time, 0.03% compilation time)
[2023-01-10T10:09:24.755]Completed Shot 1, state 40
23916.702542 seconds (20.05 G allocations: 93.149 TiB, 18.51% gc time, 0.03% compilation time)
[2023-01-10T10:09:26.407]Completed Shot 1, state 27
23917.991126 seconds (20.05 G allocations: 93.149 TiB, 18.51% gc time, 0.03% compilation time)
[2023-01-10T10:09:27.695]Completed Shot 1, state 14
23925.627663 seconds (20.05 G allocations: 93.152 TiB, 18.51% gc time, 0.03% compilation time)
[2023-01-10T10:09:35.311]Completed Shot 1, state 28
23941.923353 seconds (20.05 G allocations: 93.155 TiB, 18.49% gc time, 0.00% compilation time)
[2023-01-10T10:09:58.143]Completed Shot 1, state 48
21781.644486 seconds (20.00 G allocations: 92.884 TiB, 16.86% gc time)
[2023-01-10T16:12:59.802]Completed Shot 2, state 33
21797.033149 seconds (20.01 G allocations: 92.960 TiB, 16.85% gc time)
[2023-01-10T16:13:15.189]Completed Shot 2, state 18
21799.616389 seconds (20.01 G allocations: 92.972 TiB, 16.85% gc time)
[2023-01-10T16:13:17.774]Completed Shot 2, state 34
21802.919697 seconds (20.02 G allocations: 92.989 TiB, 16.85% gc time)
[2023-01-10T16:13:21.077]Completed Shot 2, state 20
21803.864962 seconds (20.02 G allocations: 92.993 TiB, 16.84% gc time)
[2023-01-10T16:13:22.020]Completed Shot 2, state 15
21804.008520 seconds (20.02 G allocations: 92.994 TiB, 16.84% gc time)
[2023-01-10T16:13:22.164]Completed Shot 2, state 17
21808.241188 seconds (20.02 G allocations: 93.014 TiB, 16.84% gc time)
[2023-01-10T16:13:26.397]Completed Shot 2, state 25
21809.398404 seconds (20.02 G allocations: 93.020 TiB, 16.84% gc time)
[2023-01-10T16:13:27.551]Completed Shot 2, state 4
21810.220327 seconds (20.03 G allocations: 93.024 TiB, 16.84% gc time)
[2023-01-10T16:13:28.376]Completed Shot 2, state 16
21812.386138 seconds (20.03 G allocations: 93.034 TiB, 16.84% gc time)
[2023-01-10T16:13:30.543]Completed Shot 2, state 30
21812.528369 seconds (20.03 G allocations: 93.034 TiB, 16.84% gc time)
[2023-01-10T16:13:30.687]Completed Shot 2, state 41
21812.808865 seconds (20.03 G allocations: 93.036 TiB, 16.84% gc time)
[2023-01-10T16:13:30.961]Completed Shot 2, state 2
21815.516170 seconds (20.03 G allocations: 93.048 TiB, 16.84% gc time)
[2023-01-10T16:13:33.671]Completed Shot 2, state 14
21815.753857 seconds (20.03 G allocations: 93.049 TiB, 16.84% gc time)
[2023-01-10T16:13:33.910]Completed Shot 2, state 26
21818.211631 seconds (20.03 G allocations: 93.060 TiB, 16.84% gc time)
[2023-01-10T16:13:36.371]Completed Shot 2, state 42
21819.272685 seconds (20.03 G allocations: 93.065 TiB, 16.84% gc time)
[2023-01-10T16:13:37.431]Completed Shot 2, state 40
21820.312734 seconds (20.04 G allocations: 93.070 TiB, 16.84% gc time)
[2023-01-10T16:13:38.469]Completed Shot 2, state 23
21821.410784 seconds (20.04 G allocations: 93.075 TiB, 16.84% gc time)
[2023-01-10T16:13:39.564]Completed Shot 2, state 8
21822.106822 seconds (20.04 G allocations: 93.078 TiB, 16.84% gc time)
[2023-01-10T16:13:40.266]Completed Shot 2, state 45
21822.431771 seconds (20.04 G allocations: 93.079 TiB, 16.84% gc time)
[2023-01-10T16:13:40.588]Completed Shot 2, state 19
21824.688135 seconds (20.04 G allocations: 93.089 TiB, 16.83% gc time)
[2023-01-10T16:13:42.845]Completed Shot 2, state 27
21825.586735 seconds (20.04 G allocations: 93.093 TiB, 16.83% gc time)
[2023-01-10T16:13:43.741]Completed Shot 2, state 10
21825.858236 seconds (20.04 G allocations: 93.094 TiB, 16.83% gc time)
[2023-01-10T16:13:44.016]Completed Shot 2, state 37
21825.933460 seconds (20.04 G allocations: 93.094 TiB, 16.83% gc time)
[2023-01-10T16:13:44.086]Completed Shot 2, state 5
21826.362797 seconds (20.04 G allocations: 93.096 TiB, 16.83% gc time)
[2023-01-10T16:13:44.520]Completed Shot 2, state 31
21827.851244 seconds (20.04 G allocations: 93.102 TiB, 16.83% gc time)
[2023-01-10T16:13:46.011]Completed Shot 2, state 48
21827.911981 seconds (20.04 G allocations: 93.102 TiB, 16.83% gc time)
[2023-01-10T16:13:46.071]Completed Shot 2, state 50
21828.176507 seconds (20.04 G allocations: 93.103 TiB, 16.83% gc time)
[2023-01-10T16:13:46.331]Completed Shot 2, state 12
21832.461903 seconds (20.05 G allocations: 93.118 TiB, 16.83% gc time)
[2023-01-10T16:13:50.615]Completed Shot 2, state 3
21834.086400 seconds (20.05 G allocations: 93.124 TiB, 16.83% gc time)
[2023-01-10T16:13:52.241]Completed Shot 2, state 13
21835.485712 seconds (20.05 G allocations: 93.129 TiB, 16.83% gc time)
[2023-01-10T16:13:53.644]Completed Shot 2, state 36
21835.500526 seconds (20.05 G allocations: 93.129 TiB, 16.83% gc time)
[2023-01-10T16:13:53.654]Completed Shot 2, state 9
21836.780501 seconds (20.05 G allocations: 93.133 TiB, 16.83% gc time)
[2023-01-10T16:13:54.939]Completed Shot 2, state 47
21839.702237 seconds (20.05 G allocations: 93.143 TiB, 16.83% gc time)
[2023-01-10T16:13:57.859]Completed Shot 2, state 29
21839.924341 seconds (20.05 G allocations: 93.143 TiB, 16.83% gc time)
[2023-01-10T16:13:58.076]Completed Shot 2, state 1
21840.395420 seconds (20.05 G allocations: 93.145 TiB, 16.83% gc time)
[2023-01-10T16:13:58.555]Completed Shot 2, state 46
21840.735741 seconds (20.05 G allocations: 93.146 TiB, 16.83% gc time)
[2023-01-10T16:13:58.895]Completed Shot 2, state 43
21840.778940 seconds (20.05 G allocations: 93.146 TiB, 16.83% gc time)
[2023-01-10T16:13:58.938]Completed Shot 2, state 44
21841.675334 seconds (20.05 G allocations: 93.148 TiB, 16.83% gc time)
[2023-01-10T16:13:59.831]Completed Shot 2, state 21
21842.055530 seconds (20.05 G allocations: 93.149 TiB, 16.83% gc time)
[2023-01-10T16:14:00.214]Completed Shot 2, state 49
21842.527745 seconds (20.05 G allocations: 93.150 TiB, 16.83% gc time)
[2023-01-10T16:14:00.684]Completed Shot 2, state 22
21842.592037 seconds (20.05 G allocations: 93.150 TiB, 16.83% gc time)
[2023-01-10T16:14:00.745]Completed Shot 2, state 7
21843.412491 seconds (20.05 G allocations: 93.151 TiB, 16.82% gc time)
[2023-01-10T16:14:01.566]Completed Shot 2, state 6
21845.278517 seconds (20.05 G allocations: 93.154 TiB, 16.82% gc time)
[2023-01-10T16:14:03.435]Completed Shot 2, state 24
21846.212023 seconds (20.05 G allocations: 93.155 TiB, 16.82% gc time)
[2023-01-10T16:14:04.369]Completed Shot 2, state 32
21846.867016 seconds (20.05 G allocations: 93.155 TiB, 16.82% gc time)
[2023-01-10T16:14:05.025]Completed Shot 2, state 38
21846.911528 seconds (20.05 G allocations: 93.155 TiB, 16.82% gc time)
[2023-01-10T16:14:05.068]Completed Shot 2, state 28
21848.520340 seconds (20.05 G allocations: 93.156 TiB, 16.82% gc time)
[2023-01-10T16:14:06.679]Completed Shot 2, state 39
21848.783313 seconds (20.05 G allocations: 93.156 TiB, 16.82% gc time)
[2023-01-10T16:14:06.937]Completed Shot 2, state 11
21852.698402 seconds (20.05 G allocations: 93.157 TiB, 16.82% gc time)
[2023-01-10T16:14:10.856]Completed Shot 2, state 35
18535.404466 seconds (20.05 G allocations: 93.019 TiB, 6.72% gc time)
[2023-01-10T21:23:06.265]Completed Shot 3, state 11
18540.080671 seconds (20.05 G allocations: 93.042 TiB, 6.72% gc time)
[2023-01-10T21:23:10.941]Completed Shot 3, state 26
18543.236359 seconds (20.06 G allocations: 93.058 TiB, 6.72% gc time)
[2023-01-10T21:23:14.097]Completed Shot 3, state 30
18545.134952 seconds (20.06 G allocations: 93.067 TiB, 6.72% gc time)
[2023-01-10T21:23:15.995]Completed Shot 3, state 14
18545.333848 seconds (20.06 G allocations: 93.068 TiB, 6.72% gc time)
[2023-01-10T21:23:16.194]Completed Shot 3, state 24
18545.368794 seconds (20.06 G allocations: 93.068 TiB, 6.72% gc time)
[2023-01-10T21:23:16.228]Completed Shot 3, state 10
18549.728611 seconds (20.06 G allocations: 93.088 TiB, 6.72% gc time)
[2023-01-10T21:23:20.588]Completed Shot 3, state 8
18550.270934 seconds (20.06 G allocations: 93.091 TiB, 6.72% gc time)
[2023-01-10T21:23:21.130]Completed Shot 3, state 9
18550.651386 seconds (20.06 G allocations: 93.093 TiB, 6.72% gc time)
[2023-01-10T21:23:21.511]Completed Shot 3, state 12
18552.188593 seconds (20.07 G allocations: 93.100 TiB, 6.72% gc time)
[2023-01-10T21:23:23.049]Completed Shot 3, state 25
18553.140127 seconds (20.07 G allocations: 93.104 TiB, 6.72% gc time)
[2023-01-10T21:23:24.001]Completed Shot 3, state 36
18553.403409 seconds (20.07 G allocations: 93.105 TiB, 6.72% gc time)
[2023-01-10T21:23:24.263]Completed Shot 3, state 18
18553.621566 seconds (20.07 G allocations: 93.106 TiB, 6.72% gc time)
[2023-01-10T21:23:24.483]Completed Shot 3, state 45
18553.737809 seconds (20.07 G allocations: 93.107 TiB, 6.72% gc time)
[2023-01-10T21:23:24.596]Completed Shot 3, state 6
18554.716351 seconds (20.07 G allocations: 93.111 TiB, 6.72% gc time)
[2023-01-10T21:23:25.577]Completed Shot 3, state 31
18554.774075 seconds (20.07 G allocations: 93.112 TiB, 6.72% gc time)
[2023-01-10T21:23:25.634]Completed Shot 3, state 27
18554.863712 seconds (20.07 G allocations: 93.112 TiB, 6.72% gc time)
[2023-01-10T21:23:25.724]Completed Shot 3, state 23
18554.872422 seconds (20.07 G allocations: 93.112 TiB, 6.72% gc time)
[2023-01-10T21:23:25.732]Completed Shot 3, state 13
18555.134031 seconds (20.07 G allocations: 93.113 TiB, 6.72% gc time)
[2023-01-10T21:23:25.993]Completed Shot 3, state 15
18555.281859 seconds (20.07 G allocations: 93.114 TiB, 6.72% gc time)
[2023-01-10T21:23:26.140]Completed Shot 3, state 4
18555.711222 seconds (20.07 G allocations: 93.116 TiB, 6.72% gc time)
[2023-01-10T21:23:26.570]Completed Shot 3, state 7
18556.368560 seconds (20.07 G allocations: 93.119 TiB, 6.72% gc time)
[2023-01-10T21:23:27.230]Completed Shot 3, state 50
18556.620601 seconds (20.07 G allocations: 93.120 TiB, 6.72% gc time)
[2023-01-10T21:23:27.482]Completed Shot 3, state 41
18556.662611 seconds (20.07 G allocations: 93.120 TiB, 6.72% gc time)
[2023-01-10T21:23:27.523]Completed Shot 3, state 21
18557.473697 seconds (20.07 G allocations: 93.123 TiB, 6.72% gc time)
[2023-01-10T21:23:28.334]Completed Shot 3, state 32
18557.763791 seconds (20.07 G allocations: 93.124 TiB, 6.72% gc time)
[2023-01-10T21:23:28.622]Completed Shot 3, state 3
18557.774881 seconds (20.07 G allocations: 93.124 TiB, 6.72% gc time)
[2023-01-10T21:23:28.633]Completed Shot 3, state 1
18558.026051 seconds (20.07 G allocations: 93.125 TiB, 6.72% gc time)
[2023-01-10T21:23:28.887]Completed Shot 3, state 42
18558.046399 seconds (20.07 G allocations: 93.125 TiB, 6.72% gc time)
[2023-01-10T21:23:28.906]Completed Shot 3, state 17
18558.803958 seconds (20.07 G allocations: 93.128 TiB, 6.72% gc time)
[2023-01-10T21:23:29.665]Completed Shot 3, state 34
18559.397744 seconds (20.07 G allocations: 93.130 TiB, 6.72% gc time)
[2023-01-10T21:23:30.256]Completed Shot 3, state 5
18559.927651 seconds (20.07 G allocations: 93.132 TiB, 6.72% gc time)
[2023-01-10T21:23:30.789]Completed Shot 3, state 49
18561.004834 seconds (20.07 G allocations: 93.135 TiB, 6.72% gc time)
[2023-01-10T21:23:31.865]Completed Shot 3, state 33
18561.627660 seconds (20.07 G allocations: 93.137 TiB, 6.72% gc time)
[2023-01-10T21:23:32.489]Completed Shot 3, state 43
18562.122129 seconds (20.07 G allocations: 93.139 TiB, 6.72% gc time)
[2023-01-10T21:23:32.982]Completed Shot 3, state 22
18563.396326 seconds (20.07 G allocations: 93.143 TiB, 6.72% gc time)
[2023-01-10T21:23:34.257]Completed Shot 3, state 47
18564.343379 seconds (20.08 G allocations: 93.145 TiB, 6.72% gc time)
[2023-01-10T21:23:35.204]Completed Shot 3, state 29
18564.860573 seconds (20.08 G allocations: 93.146 TiB, 6.72% gc time)
[2023-01-10T21:23:35.722]Completed Shot 3, state 48
18566.721551 seconds (20.08 G allocations: 93.151 TiB, 6.72% gc time)
[2023-01-10T21:23:37.581]Completed Shot 3, state 20
18566.832824 seconds (20.08 G allocations: 93.151 TiB, 6.72% gc time)
[2023-01-10T21:23:37.693]Completed Shot 3, state 28
18567.023294 seconds (20.08 G allocations: 93.151 TiB, 6.72% gc time)
18567.023539 seconds (20.08 G allocations: 93.151 TiB, 6.72% gc time)
[2023-01-10T21:23:37.884]Completed Shot 3, state 46
[2023-01-10T21:23:37.884]Completed Shot 3, state 40
18568.673638 seconds (20.08 G allocations: 93.154 TiB, 6.72% gc time)
[2023-01-10T21:23:39.533]Completed Shot 3, state 16
18569.001704 seconds (20.08 G allocations: 93.154 TiB, 6.72% gc time)
[2023-01-10T21:23:39.863]Completed Shot 3, state 38
18569.457050 seconds (20.08 G allocations: 93.155 TiB, 6.72% gc time)
[2023-01-10T21:23:40.315]Completed Shot 3, state 2
18569.716613 seconds (20.08 G allocations: 93.155 TiB, 6.72% gc time)
[2023-01-10T21:23:40.577]Completed Shot 3, state 37
18569.851189 seconds (20.08 G allocations: 93.155 TiB, 6.72% gc time)
[2023-01-10T21:23:40.711]Completed Shot 3, state 19
18570.351459 seconds (20.08 G allocations: 93.155 TiB, 6.72% gc time)
[2023-01-10T21:23:41.212]Completed Shot 3, state 44
18572.824654 seconds (20.08 G allocations: 93.156 TiB, 6.72% gc time)
[2023-01-10T21:23:43.685]Completed Shot 3, state 39
18580.649056 seconds (20.08 G allocations: 93.158 TiB, 6.72% gc time)
[2023-01-10T21:23:51.510]Completed Shot 3, state 35
18010.525879 seconds (20.06 G allocations: 93.061 TiB, 7.15% gc time)
[2023-01-11T02:24:02.038]Completed Shot 4, state 10
18012.720339 seconds (20.06 G allocations: 93.072 TiB, 7.15% gc time)
[2023-01-11T02:24:04.235]Completed Shot 4, state 37
18014.872443 seconds (20.06 G allocations: 93.083 TiB, 7.15% gc time)
[2023-01-11T02:24:06.384]Completed Shot 4, state 4
18014.916352 seconds (20.06 G allocations: 93.083 TiB, 7.15% gc time)
[2023-01-11T02:24:06.430]Completed Shot 4, state 33
18016.838203 seconds (20.06 G allocations: 93.092 TiB, 7.15% gc time)
[2023-01-11T02:24:08.351]Completed Shot 4, state 24
18017.471978 seconds (20.06 G allocations: 93.095 TiB, 7.15% gc time)
[2023-01-11T02:24:08.986]Completed Shot 4, state 46
18018.659742 seconds (20.06 G allocations: 93.101 TiB, 7.15% gc time)
[2023-01-11T02:24:10.173]Completed Shot 4, state 21
18019.181050 seconds (20.06 G allocations: 93.104 TiB, 7.15% gc time)
[2023-01-11T02:24:10.695]Completed Shot 4, state 25
18020.296218 seconds (20.07 G allocations: 93.109 TiB, 7.15% gc time)
[2023-01-11T02:24:11.809]Completed Shot 4, state 12
18021.232677 seconds (20.07 G allocations: 93.114 TiB, 7.15% gc time)
[2023-01-11T02:24:12.746]Completed Shot 4, state 22
18021.281998 seconds (20.07 G allocations: 93.114 TiB, 7.15% gc time)
[2023-01-11T02:24:12.796]Completed Shot 4, state 47
18021.379213 seconds (20.07 G allocations: 93.115 TiB, 7.15% gc time)
[2023-01-11T02:24:12.893]Completed Shot 4, state 27
18022.399190 seconds (20.07 G allocations: 93.119 TiB, 7.15% gc time)
[2023-01-11T02:24:13.912]Completed Shot 4, state 20
18022.428742 seconds (20.07 G allocations: 93.120 TiB, 7.15% gc time)
[2023-01-11T02:24:13.941]Completed Shot 4, state 18
18022.939950 seconds (20.07 G allocations: 93.122 TiB, 7.15% gc time)
[2023-01-11T02:24:14.454]Completed Shot 4, state 34
18023.009223 seconds (20.07 G allocations: 93.122 TiB, 7.15% gc time)
[2023-01-11T02:24:14.524]Completed Shot 4, state 50
18023.123252 seconds (20.07 G allocations: 93.123 TiB, 7.15% gc time)
[2023-01-11T02:24:14.637]Completed Shot 4, state 36
18023.230154 seconds (20.07 G allocations: 93.123 TiB, 7.15% gc time)
[2023-01-11T02:24:14.745]Completed Shot 4, state 49
18023.276720 seconds (20.07 G allocations: 93.124 TiB, 7.15% gc time)
[2023-01-11T02:24:14.789]Completed Shot 4, state 11
18023.484034 seconds (20.07 G allocations: 93.124 TiB, 7.15% gc time)
[2023-01-11T02:24:14.998]Completed Shot 4, state 35
18023.558664 seconds (20.07 G allocations: 93.125 TiB, 7.15% gc time)
[2023-01-11T02:24:15.070]Completed Shot 4, state 3
18024.068079 seconds (20.07 G allocations: 93.127 TiB, 7.15% gc time)
[2023-01-11T02:24:15.581]Completed Shot 4, state 17
18024.352613 seconds (20.07 G allocations: 93.128 TiB, 7.15% gc time)
[2023-01-11T02:24:15.865]Completed Shot 4, state 19
18025.418435 seconds (20.07 G allocations: 93.133 TiB, 7.15% gc time)
[2023-01-11T02:24:16.930]Completed Shot 4, state 7
18025.644370 seconds (20.07 G allocations: 93.134 TiB, 7.15% gc time)
[2023-01-11T02:24:17.156]Completed Shot 4, state 8
18026.722735 seconds (20.07 G allocations: 93.138 TiB, 7.15% gc time)
[2023-01-11T02:24:18.237]Completed Shot 4, state 44
18026.822530 seconds (20.07 G allocations: 93.139 TiB, 7.15% gc time)
[2023-01-11T02:24:18.336]Completed Shot 4, state 29
18026.890884 seconds (20.07 G allocations: 93.139 TiB, 7.15% gc time)
[2023-01-11T02:24:18.404]Completed Shot 4, state 23
18027.505922 seconds (20.07 G allocations: 93.141 TiB, 7.15% gc time)
[2023-01-11T02:24:19.020]Completed Shot 4, state 40
18027.564784 seconds (20.07 G allocations: 93.141 TiB, 7.15% gc time)
[2023-01-11T02:24:19.079]Completed Shot 4, state 41
18028.215657 seconds (20.07 G allocations: 93.144 TiB, 7.15% gc time)
[2023-01-11T02:24:19.730]Completed Shot 4, state 43
18028.402597 seconds (20.07 G allocations: 93.144 TiB, 7.15% gc time)
[2023-01-11T02:24:19.917]Completed Shot 4, state 48
18028.751717 seconds (20.07 G allocations: 93.145 TiB, 7.15% gc time)
[2023-01-11T02:24:20.265]Completed Shot 4, state 15
18028.783669 seconds (20.07 G allocations: 93.145 TiB, 7.15% gc time)
[2023-01-11T02:24:20.295]Completed Shot 4, state 2
18028.919475 seconds (20.07 G allocations: 93.146 TiB, 7.15% gc time)
[2023-01-11T02:24:20.431]Completed Shot 4, state 9
18029.014430 seconds (20.07 G allocations: 93.146 TiB, 7.15% gc time)
[2023-01-11T02:24:20.528]Completed Shot 4, state 30
18029.470892 seconds (20.07 G allocations: 93.147 TiB, 7.15% gc time)
[2023-01-11T02:24:20.982]Completed Shot 4, state 6
18029.540752 seconds (20.07 G allocations: 93.147 TiB, 7.15% gc time)
[2023-01-11T02:24:21.052]Completed Shot 4, state 1
18029.874288 seconds (20.07 G allocations: 93.148 TiB, 7.15% gc time)
[2023-01-11T02:24:21.388]Completed Shot 4, state 28
18030.403697 seconds (20.07 G allocations: 93.149 TiB, 7.15% gc time)
[2023-01-11T02:24:21.917]Completed Shot 4, state 32
18030.586357 seconds (20.07 G allocations: 93.150 TiB, 7.15% gc time)
[2023-01-11T02:24:22.100]Completed Shot 4, state 39
18030.611294 seconds (20.07 G allocations: 93.150 TiB, 7.15% gc time)
[2023-01-11T02:24:22.124]Completed Shot 4, state 13
18031.125304 seconds (20.07 G allocations: 93.150 TiB, 7.15% gc time)
[2023-01-11T02:24:22.639]Completed Shot 4, state 26
18031.733757 seconds (20.07 G allocations: 93.151 TiB, 7.15% gc time)
[2023-01-11T02:24:23.247]Completed Shot 4, state 31
18031.939442 seconds (20.08 G allocations: 93.151 TiB, 7.15% gc time)
[2023-01-11T02:24:23.454]Completed Shot 4, state 42
18032.069217 seconds (20.08 G allocations: 93.152 TiB, 7.15% gc time)
[2023-01-11T02:24:23.581]Completed Shot 4, state 14
18033.356206 seconds (20.08 G allocations: 93.153 TiB, 7.15% gc time)
[2023-01-11T02:24:24.869]Completed Shot 4, state 16
18033.540712 seconds (20.08 G allocations: 93.153 TiB, 7.15% gc time)
[2023-01-11T02:24:25.055]Completed Shot 4, state 38
18038.178788 seconds (20.08 G allocations: 93.154 TiB, 7.15% gc time)
[2023-01-11T02:24:29.690]Completed Shot 4, state 5
18041.486295 seconds (20.08 G allocations: 93.155 TiB, 7.15% gc time)
[2023-01-11T02:24:33.001]Completed Shot 4, state 45
19156.587468 seconds (20.05 G allocations: 93.020 TiB, 6.60% gc time)
[2023-01-11T07:43:49.592]Completed Shot 5, state 19
19165.989369 seconds (20.06 G allocations: 93.067 TiB, 6.60% gc time)
[2023-01-11T07:43:58.993]Completed Shot 5, state 11
19166.731420 seconds (20.06 G allocations: 93.070 TiB, 6.60% gc time)
[2023-01-11T07:43:59.737]Completed Shot 5, state 50
19167.466992 seconds (20.06 G allocations: 93.074 TiB, 6.60% gc time)
[2023-01-11T07:44:00.472]Completed Shot 5, state 22
19170.439896 seconds (20.06 G allocations: 93.088 TiB, 6.60% gc time)
[2023-01-11T07:44:03.442]Completed Shot 5, state 1
19171.884267 seconds (20.06 G allocations: 93.094 TiB, 6.60% gc time)
[2023-01-11T07:44:04.888]Completed Shot 5, state 10
19172.448373 seconds (20.06 G allocations: 93.097 TiB, 6.60% gc time)
[2023-01-11T07:44:05.452]Completed Shot 5, state 13
19173.061870 seconds (20.06 G allocations: 93.100 TiB, 6.60% gc time)
[2023-01-11T07:44:06.067]Completed Shot 5, state 20
19173.126750 seconds (20.06 G allocations: 93.100 TiB, 6.60% gc time)
[2023-01-11T07:44:06.131]Completed Shot 5, state 26
19176.340435 seconds (20.07 G allocations: 93.115 TiB, 6.60% gc time)
[2023-01-11T07:44:09.344]Completed Shot 5, state 16
19176.511723 seconds (20.07 G allocations: 93.116 TiB, 6.60% gc time)
[2023-01-11T07:44:09.518]Completed Shot 5, state 49
19176.618995 seconds (20.07 G allocations: 93.117 TiB, 6.60% gc time)
[2023-01-11T07:44:09.625]Completed Shot 5, state 36
19176.877073 seconds (20.07 G allocations: 93.118 TiB, 6.60% gc time)
[2023-01-11T07:44:09.881]Completed Shot 5, state 15
19177.284255 seconds (20.07 G allocations: 93.120 TiB, 6.60% gc time)
[2023-01-11T07:44:10.289]Completed Shot 5, state 23
19177.350332 seconds (20.07 G allocations: 93.120 TiB, 6.60% gc time)
[2023-01-11T07:44:10.355]Completed Shot 5, state 33
19178.066568 seconds (20.07 G allocations: 93.123 TiB, 6.60% gc time)
[2023-01-11T07:44:11.069]Completed Shot 5, state 5
19178.601247 seconds (20.07 G allocations: 93.125 TiB, 6.60% gc time)
[2023-01-11T07:44:11.605]Completed Shot 5, state 12
19178.890517 seconds (20.07 G allocations: 93.127 TiB, 6.60% gc time)
[2023-01-11T07:44:11.895]Completed Shot 5, state 30
19179.029987 seconds (20.07 G allocations: 93.128 TiB, 6.60% gc time)
[2023-01-11T07:44:12.034]Completed Shot 5, state 25
19179.208936 seconds (20.07 G allocations: 93.128 TiB, 6.60% gc time)
[2023-01-11T07:44:12.214]Completed Shot 5, state 31
19180.097548 seconds (20.07 G allocations: 93.132 TiB, 6.60% gc time)
[2023-01-11T07:44:13.103]Completed Shot 5, state 37
19180.563526 seconds (20.07 G allocations: 93.134 TiB, 6.60% gc time)
[2023-01-11T07:44:13.569]Completed Shot 5, state 39
19180.678241 seconds (20.07 G allocations: 93.134 TiB, 6.60% gc time)
[2023-01-11T07:44:13.684]Completed Shot 5, state 43
19180.686818 seconds (20.07 G allocations: 93.135 TiB, 6.60% gc time)
[2023-01-11T07:44:13.692]Completed Shot 5, state 40
19180.879470 seconds (20.07 G allocations: 93.135 TiB, 6.60% gc time)
[2023-01-11T07:44:13.884]Completed Shot 5, state 34
19180.974111 seconds (20.07 G allocations: 93.136 TiB, 6.60% gc time)
[2023-01-11T07:44:13.979]Completed Shot 5, state 29
19180.980393 seconds (20.07 G allocations: 93.136 TiB, 6.60% gc time)
[2023-01-11T07:44:13.985]Completed Shot 5, state 21
19181.186376 seconds (20.07 G allocations: 93.136 TiB, 6.60% gc time)
[2023-01-11T07:44:14.192]Completed Shot 5, state 44
19181.524797 seconds (20.07 G allocations: 93.138 TiB, 6.60% gc time)
[2023-01-11T07:44:14.527]Completed Shot 5, state 4
19181.649634 seconds (20.07 G allocations: 93.138 TiB, 6.60% gc time)
[2023-01-11T07:44:14.655]Completed Shot 5, state 42
19182.357883 seconds (20.07 G allocations: 93.141 TiB, 6.60% gc time)
[2023-01-11T07:44:15.363]Completed Shot 5, state 41
19182.606144 seconds (20.07 G allocations: 93.142 TiB, 6.60% gc time)
[2023-01-11T07:44:15.612]Completed Shot 5, state 46
19182.792143 seconds (20.07 G allocations: 93.142 TiB, 6.60% gc time)
[2023-01-11T07:44:15.797]Completed Shot 5, state 32
19183.353624 seconds (20.07 G allocations: 93.144 TiB, 6.60% gc time)
[2023-01-11T07:44:16.359]Completed Shot 5, state 47
19183.973270 seconds (20.07 G allocations: 93.146 TiB, 6.60% gc time)
[2023-01-11T07:44:16.978]Completed Shot 5, state 27
19184.006343 seconds (20.07 G allocations: 93.146 TiB, 6.60% gc time)
[2023-01-11T07:44:17.009]Completed Shot 5, state 2
19184.423352 seconds (20.07 G allocations: 93.147 TiB, 6.60% gc time)
[2023-01-11T07:44:17.426]Completed Shot 5, state 6
19184.625446 seconds (20.07 G allocations: 93.147 TiB, 6.60% gc time)
[2023-01-11T07:44:17.631]Completed Shot 5, state 48
19184.950056 seconds (20.07 G allocations: 93.148 TiB, 6.60% gc time)
[2023-01-11T07:44:17.956]Completed Shot 5, state 45
19184.997274 seconds (20.07 G allocations: 93.148 TiB, 6.60% gc time)
[2023-01-11T07:44:18.002]Completed Shot 5, state 24
19185.013542 seconds (20.07 G allocations: 93.148 TiB, 6.60% gc time)
[2023-01-11T07:44:18.017]Completed Shot 5, state 18
19186.139723 seconds (20.07 G allocations: 93.150 TiB, 6.60% gc time)
[2023-01-11T07:44:19.142]Completed Shot 5, state 3
  Activating project at `/gpfs/bwfor/work/ws/hd_ku269-light_cones/WorkingFolder`
19186.381840 seconds (20.07 G allocations: 93.150 TiB, 6.60% gc time)
[2023-01-11T07:44:19.387]Completed Shot 5, state 17
19187.678454 seconds (20.07 G allocations: 93.152 TiB, 6.60% gc time)
[2023-01-11T07:44:20.683]Completed Shot 5, state 28
19189.132082 seconds (20.07 G allocations: 93.154 TiB, 6.60% gc time)
[2023-01-11T07:44:22.135]Completed Shot 5, state 9
19189.598578 seconds (20.07 G allocations: 93.154 TiB, 6.60% gc time)
[2023-01-11T07:44:22.604]Completed Shot 5, state 35
19189.822689 seconds (20.07 G allocations: 93.154 TiB, 6.60% gc time)
[2023-01-11T07:44:22.828]Completed Shot 5, state 38
19190.092770 seconds (20.07 G allocations: 93.155 TiB, 6.60% gc time)
[2023-01-11T07:44:23.096]Completed Shot 5, state 8
19191.378567 seconds (20.07 G allocations: 93.155 TiB, 6.60% gc time)
[2023-01-11T07:44:24.382]Completed Shot 5, state 14
19192.190455 seconds (20.07 G allocations: 93.155 TiB, 6.60% gc time)
[2023-01-11T07:44:25.193]Completed Shot 5, state 7
18843.994158 seconds (20.06 G allocations: 93.079 TiB, 6.75% gc time)
[2023-01-11T12:58:29.192]Completed Shot 6, state 38
18846.889755 seconds (20.06 G allocations: 93.092 TiB, 6.75% gc time)
[2023-01-11T12:58:32.088]Completed Shot 6, state 36
18847.579359 seconds (20.06 G allocations: 93.096 TiB, 6.75% gc time)
[2023-01-11T12:58:32.775]Completed Shot 6, state 10
18849.605782 seconds (20.06 G allocations: 93.106 TiB, 6.75% gc time)
[2023-01-11T12:58:34.804]Completed Shot 6, state 41
18850.135162 seconds (20.07 G allocations: 93.108 TiB, 6.75% gc time)
[2023-01-11T12:58:35.333]Completed Shot 6, state 45
18850.782135 seconds (20.07 G allocations: 93.111 TiB, 6.75% gc time)
[2023-01-11T12:58:35.979]Completed Shot 6, state 30
18850.893165 seconds (20.07 G allocations: 93.112 TiB, 6.75% gc time)
[2023-01-11T12:58:36.091]Completed Shot 6, state 47
18851.480948 seconds (20.07 G allocations: 93.114 TiB, 6.75% gc time)
[2023-01-11T12:58:36.679]Completed Shot 6, state 49
18851.876865 seconds (20.07 G allocations: 93.116 TiB, 6.75% gc time)
[2023-01-11T12:58:37.073]Completed Shot 6, state 7
18852.239613 seconds (20.07 G allocations: 93.118 TiB, 6.75% gc time)
[2023-01-11T12:58:37.434]Completed Shot 6, state 1
18852.254824 seconds (20.07 G allocations: 93.118 TiB, 6.75% gc time)
[2023-01-11T12:58:37.452]Completed Shot 6, state 28
18852.601588 seconds (20.07 G allocations: 93.120 TiB, 6.75% gc time)
[2023-01-11T12:58:37.797]Completed Shot 6, state 8
18852.830937 seconds (20.07 G allocations: 93.121 TiB, 6.75% gc time)
[2023-01-11T12:58:38.028]Completed Shot 6, state 25
18853.267430 seconds (20.07 G allocations: 93.123 TiB, 6.75% gc time)
[2023-01-11T12:58:38.462]Completed Shot 6, state 2
18853.926824 seconds (20.07 G allocations: 93.126 TiB, 6.75% gc time)
[2023-01-11T12:58:39.124]Completed Shot 6, state 20
18854.683595 seconds (20.07 G allocations: 93.129 TiB, 6.75% gc time)
18854.683052 seconds (20.07 G allocations: 93.129 TiB, 6.75% gc time)
[2023-01-11T12:58:39.879]Completed Shot 6, state 17
[2023-01-11T12:58:39.879]Completed Shot 6, state 9
18854.843897 seconds (20.07 G allocations: 93.130 TiB, 6.75% gc time)
[2023-01-11T12:58:40.039]Completed Shot 6, state 3
18854.906817 seconds (20.07 G allocations: 93.130 TiB, 6.75% gc time)
[2023-01-11T12:58:40.104]Completed Shot 6, state 37
18855.179430 seconds (20.07 G allocations: 93.131 TiB, 6.75% gc time)
[2023-01-11T12:58:40.377]Completed Shot 6, state 40
18855.229225 seconds (20.07 G allocations: 93.132 TiB, 6.75% gc time)
[2023-01-11T12:58:40.426]Completed Shot 6, state 24
18855.326543 seconds (20.07 G allocations: 93.132 TiB, 6.75% gc time)
[2023-01-11T12:58:40.524]Completed Shot 6, state 35
18856.041398 seconds (20.07 G allocations: 93.135 TiB, 6.75% gc time)
[2023-01-11T12:58:41.239]Completed Shot 6, state 44
18856.320480 seconds (20.07 G allocations: 93.136 TiB, 6.75% gc time)
[2023-01-11T12:58:41.518]Completed Shot 6, state 42
18856.391964 seconds (20.07 G allocations: 93.137 TiB, 6.75% gc time)
[2023-01-11T12:58:41.590]Completed Shot 6, state 50
18856.556429 seconds (20.07 G allocations: 93.137 TiB, 6.75% gc time)
[2023-01-11T12:58:41.754]Completed Shot 6, state 34
18856.981254 seconds (20.07 G allocations: 93.139 TiB, 6.75% gc time)
[2023-01-11T12:58:42.178]Completed Shot 6, state 29
18857.144820 seconds (20.07 G allocations: 93.140 TiB, 6.75% gc time)
[2023-01-11T12:58:42.342]Completed Shot 6, state 27
18857.524850 seconds (20.07 G allocations: 93.141 TiB, 6.75% gc time)
[2023-01-11T12:58:42.721]Completed Shot 6, state 12
18857.659825 seconds (20.07 G allocations: 93.142 TiB, 6.75% gc time)
[2023-01-11T12:58:42.856]Completed Shot 6, state 16
18857.901163 seconds (20.07 G allocations: 93.143 TiB, 6.75% gc time)
[2023-01-11T12:58:43.099]Completed Shot 6, state 33
18858.101057 seconds (20.07 G allocations: 93.143 TiB, 6.75% gc time)
[2023-01-11T12:58:43.299]Completed Shot 6, state 46
18858.848475 seconds (20.07 G allocations: 93.145 TiB, 6.75% gc time)
[2023-01-11T12:58:44.045]Completed Shot 6, state 23
18859.591929 seconds (20.07 G allocations: 93.148 TiB, 6.75% gc time)
[2023-01-11T12:58:44.789]Completed Shot 6, state 26
18859.694521 seconds (20.07 G allocations: 93.148 TiB, 6.75% gc time)
[2023-01-11T12:58:44.891]Completed Shot 6, state 18
18860.094829 seconds (20.07 G allocations: 93.149 TiB, 6.75% gc time)
[2023-01-11T12:58:45.293]Completed Shot 6, state 48
18860.915553 seconds (20.07 G allocations: 93.151 TiB, 6.75% gc time)
[2023-01-11T12:58:46.113]Completed Shot 6, state 32
18861.599070 seconds (20.07 G allocations: 93.153 TiB, 6.75% gc time)
[2023-01-11T12:58:46.795]Completed Shot 6, state 15
18861.709709 seconds (20.08 G allocations: 93.153 TiB, 6.75% gc time)
[2023-01-11T12:58:46.905]Completed Shot 6, state 6
18862.087872 seconds (20.08 G allocations: 93.154 TiB, 6.75% gc time)
[2023-01-11T12:58:47.286]Completed Shot 6, state 43
18862.157261 seconds (20.08 G allocations: 93.154 TiB, 6.75% gc time)
[2023-01-11T12:58:47.353]Completed Shot 6, state 14
18862.265984 seconds (20.08 G allocations: 93.154 TiB, 6.75% gc time)
[2023-01-11T12:58:47.461]Completed Shot 6, state 5
18863.379654 seconds (20.08 G allocations: 93.156 TiB, 6.74% gc time)
[2023-01-11T12:58:48.575]Completed Shot 6, state 4
18863.891353 seconds (20.08 G allocations: 93.157 TiB, 6.74% gc time)
[2023-01-11T12:58:49.087]Completed Shot 6, state 13
18864.160204 seconds (20.08 G allocations: 93.157 TiB, 6.74% gc time)
[2023-01-11T12:58:49.358]Completed Shot 6, state 39
18864.274235 seconds (20.08 G allocations: 93.157 TiB, 6.74% gc time)
[2023-01-11T12:58:49.470]Completed Shot 6, state 11
18864.319559 seconds (20.08 G allocations: 93.157 TiB, 6.74% gc time)
[2023-01-11T12:58:49.517]Completed Shot 6, state 31
18864.413570 seconds (20.08 G allocations: 93.157 TiB, 6.74% gc time)
[2023-01-11T12:58:49.610]Completed Shot 6, state 22
18866.848821 seconds (20.08 G allocations: 93.158 TiB, 6.75% gc time)
[2023-01-11T12:58:52.045]Completed Shot 6, state 19
18867.482171 seconds (20.08 G allocations: 93.158 TiB, 6.75% gc time)
[2023-01-11T12:58:52.679]Completed Shot 6, state 21
20689.618787 seconds (20.02 G allocations: 92.922 TiB, 6.48% gc time)
[2023-01-11T18:43:42.303]Completed Shot 7, state 31
20710.418470 seconds (20.04 G allocations: 93.010 TiB, 6.48% gc time)
[2023-01-11T18:44:03.101]Completed Shot 7, state 16
20718.288142 seconds (20.05 G allocations: 93.043 TiB, 6.48% gc time)
[2023-01-11T18:44:10.975]Completed Shot 7, state 42
20720.940295 seconds (20.05 G allocations: 93.054 TiB, 6.48% gc time)
[2023-01-11T18:44:13.624]Completed Shot 7, state 26
20721.436023 seconds (20.05 G allocations: 93.056 TiB, 6.48% gc time)
[2023-01-11T18:44:14.121]Completed Shot 7, state 34
20721.522811 seconds (20.05 G allocations: 93.057 TiB, 6.48% gc time)
[2023-01-11T18:44:14.210]Completed Shot 7, state 49
20721.905747 seconds (20.05 G allocations: 93.058 TiB, 6.48% gc time)
[2023-01-11T18:44:14.589]Completed Shot 7, state 24
20722.839776 seconds (20.05 G allocations: 93.062 TiB, 6.48% gc time)
[2023-01-11T18:44:15.525]Completed Shot 7, state 36
20724.172580 seconds (20.05 G allocations: 93.067 TiB, 6.48% gc time)
[2023-01-11T18:44:16.856]Completed Shot 7, state 27
20727.886395 seconds (20.06 G allocations: 93.082 TiB, 6.48% gc time)
[2023-01-11T18:44:20.569]Completed Shot 7, state 19
20728.811179 seconds (20.06 G allocations: 93.086 TiB, 6.48% gc time)
[2023-01-11T18:44:21.497]Completed Shot 7, state 33
20728.883945 seconds (20.06 G allocations: 93.086 TiB, 6.48% gc time)
[2023-01-11T18:44:21.565]Completed Shot 7, state 9
20730.174660 seconds (20.06 G allocations: 93.092 TiB, 6.48% gc time)
[2023-01-11T18:44:22.862]Completed Shot 7, state 48
20731.136185 seconds (20.06 G allocations: 93.095 TiB, 6.48% gc time)
[2023-01-11T18:44:23.823]Completed Shot 7, state 46
20731.896403 seconds (20.06 G allocations: 93.098 TiB, 6.48% gc time)
[2023-01-11T18:44:24.579]Completed Shot 7, state 21
20732.127858 seconds (20.06 G allocations: 93.099 TiB, 6.48% gc time)
[2023-01-11T18:44:24.815]Completed Shot 7, state 50
20732.228820 seconds (20.06 G allocations: 93.100 TiB, 6.48% gc time)
[2023-01-11T18:44:24.913]Completed Shot 7, state 30
20732.946161 seconds (20.06 G allocations: 93.103 TiB, 6.48% gc time)
[2023-01-11T18:44:25.630]Completed Shot 7, state 25
20733.665296 seconds (20.06 G allocations: 93.105 TiB, 6.48% gc time)
[2023-01-11T18:44:26.353]Completed Shot 7, state 44
20733.732786 seconds (20.06 G allocations: 93.106 TiB, 6.48% gc time)
[2023-01-11T18:44:26.413]Completed Shot 7, state 1
20734.697698 seconds (20.06 G allocations: 93.109 TiB, 6.48% gc time)
[2023-01-11T18:44:27.382]Completed Shot 7, state 32
20735.445506 seconds (20.06 G allocations: 93.112 TiB, 6.48% gc time)
[2023-01-11T18:44:28.128]Completed Shot 7, state 23
20736.322241 seconds (20.06 G allocations: 93.116 TiB, 6.48% gc time)
[2023-01-11T18:44:29.007]Completed Shot 7, state 35
20736.918048 seconds (20.06 G allocations: 93.118 TiB, 6.48% gc time)
[2023-01-11T18:44:29.599]Completed Shot 7, state 13
20737.586789 seconds (20.06 G allocations: 93.120 TiB, 6.48% gc time)
[2023-01-11T18:44:30.273]Completed Shot 7, state 41
20738.786352 seconds (20.06 G allocations: 93.125 TiB, 6.48% gc time)
[2023-01-11T18:44:31.472]Completed Shot 7, state 45
20739.076244 seconds (20.06 G allocations: 93.126 TiB, 6.48% gc time)
[2023-01-11T18:44:31.757]Completed Shot 7, state 4
20739.785251 seconds (20.07 G allocations: 93.128 TiB, 6.48% gc time)
[2023-01-11T18:44:32.466]Completed Shot 7, state 11
20739.817189 seconds (20.07 G allocations: 93.128 TiB, 6.48% gc time)
[2023-01-11T18:44:32.498]Completed Shot 7, state 14
20740.809640 seconds (20.07 G allocations: 93.132 TiB, 6.48% gc time)
[2023-01-11T18:44:33.491]Completed Shot 7, state 17
20741.665884 seconds (20.07 G allocations: 93.134 TiB, 6.48% gc time)
[2023-01-11T18:44:34.348]Completed Shot 7, state 18
20741.809571 seconds (20.07 G allocations: 93.135 TiB, 6.48% gc time)
[2023-01-11T18:44:34.492]Completed Shot 7, state 20
20742.011990 seconds (20.07 G allocations: 93.135 TiB, 6.48% gc time)
[2023-01-11T18:44:34.695]Completed Shot 7, state 22
20742.318081 seconds (20.07 G allocations: 93.136 TiB, 6.48% gc time)
[2023-01-11T18:44:34.999]Completed Shot 7, state 10
20743.078645 seconds (20.07 G allocations: 93.138 TiB, 6.48% gc time)
[2023-01-11T18:44:35.759]Completed Shot 7, state 8
20743.751579 seconds (20.07 G allocations: 93.140 TiB, 6.48% gc time)
[2023-01-11T18:44:36.437]Completed Shot 7, state 37
20744.724226 seconds (20.07 G allocations: 93.143 TiB, 6.48% gc time)
[2023-01-11T18:44:37.409]Completed Shot 7, state 38
20745.761207 seconds (20.07 G allocations: 93.145 TiB, 6.48% gc time)
[2023-01-11T18:44:38.445]Completed Shot 7, state 28
20745.786385 seconds (20.07 G allocations: 93.145 TiB, 6.48% gc time)
[2023-01-11T18:44:38.473]Completed Shot 7, state 40
20746.820565 seconds (20.07 G allocations: 93.147 TiB, 6.48% gc time)
[2023-01-11T18:44:39.506]Completed Shot 7, state 43
20747.080131 seconds (20.07 G allocations: 93.148 TiB, 6.48% gc time)
[2023-01-11T18:44:39.767]Completed Shot 7, state 47
20748.389914 seconds (20.07 G allocations: 93.150 TiB, 6.48% gc time)
[2023-01-11T18:44:41.071]Completed Shot 7, state 7
20748.545567 seconds (20.07 G allocations: 93.151 TiB, 6.48% gc time)
[2023-01-11T18:44:41.226]Completed Shot 7, state 3
20748.563147 seconds (20.07 G allocations: 93.151 TiB, 6.48% gc time)
[2023-01-11T18:44:41.244]Completed Shot 7, state 15
20749.941655 seconds (20.07 G allocations: 93.152 TiB, 6.48% gc time)
[2023-01-11T18:44:42.626]Completed Shot 7, state 29
20751.072410 seconds (20.07 G allocations: 93.153 TiB, 6.48% gc time)
[2023-01-11T18:44:43.758]Completed Shot 7, state 39
20752.261827 seconds (20.07 G allocations: 93.154 TiB, 6.48% gc time)
[2023-01-11T18:44:44.943]Completed Shot 7, state 12
20754.141762 seconds (20.07 G allocations: 93.155 TiB, 6.48% gc time)
[2023-01-11T18:44:46.822]Completed Shot 7, state 5
20757.484167 seconds (20.07 G allocations: 93.156 TiB, 6.48% gc time)
[2023-01-11T18:44:50.165]Completed Shot 7, state 6
20759.841364 seconds (20.07 G allocations: 93.157 TiB, 6.48% gc time)
[2023-01-11T18:44:52.521]Completed Shot 7, state 2
22495.719650 seconds (20.02 G allocations: 92.922 TiB, 5.92% gc time)
[2023-01-12T00:59:48.245]Completed Shot 8, state 27
22507.615659 seconds (20.03 G allocations: 92.967 TiB, 5.92% gc time)
[2023-01-12T01:00:00.139]Completed Shot 8, state 2
22516.965499 seconds (20.04 G allocations: 93.003 TiB, 5.92% gc time)
[2023-01-12T01:00:09.489]Completed Shot 8, state 9
22519.815242 seconds (20.04 G allocations: 93.013 TiB, 5.92% gc time)
[2023-01-12T01:00:12.340]Completed Shot 8, state 18
22520.737670 seconds (20.04 G allocations: 93.017 TiB, 5.92% gc time)
[2023-01-12T01:00:13.263]Completed Shot 8, state 25
22520.778457 seconds (20.04 G allocations: 93.017 TiB, 5.92% gc time)
[2023-01-12T01:00:13.305]Completed Shot 8, state 49
22522.831491 seconds (20.04 G allocations: 93.024 TiB, 5.92% gc time)
[2023-01-12T01:00:15.357]Completed Shot 8, state 44
22528.807362 seconds (20.05 G allocations: 93.047 TiB, 5.92% gc time)
[2023-01-12T01:00:21.331]Completed Shot 8, state 10
22529.937497 seconds (20.05 G allocations: 93.051 TiB, 5.92% gc time)
[2023-01-12T01:00:22.462]Completed Shot 8, state 20
22529.990956 seconds (20.05 G allocations: 93.051 TiB, 5.92% gc time)
[2023-01-12T01:00:22.514]Completed Shot 8, state 1
22535.212576 seconds (20.05 G allocations: 93.069 TiB, 5.92% gc time)
[2023-01-12T01:00:27.738]Completed Shot 8, state 24
22536.275501 seconds (20.05 G allocations: 93.073 TiB, 5.92% gc time)
[2023-01-12T01:00:28.800]Completed Shot 8, state 13
22536.364274 seconds (20.05 G allocations: 93.074 TiB, 5.92% gc time)
[2023-01-12T01:00:28.889]Completed Shot 8, state 11
22538.856900 seconds (20.05 G allocations: 93.083 TiB, 5.92% gc time)
[2023-01-12T01:00:31.380]Completed Shot 8, state 7
22539.949262 seconds (20.05 G allocations: 93.087 TiB, 5.92% gc time)
[2023-01-12T01:00:32.474]Completed Shot 8, state 26
22543.407375 seconds (20.06 G allocations: 93.100 TiB, 5.92% gc time)
[2023-01-12T01:00:35.931]Completed Shot 8, state 8
22544.370610 seconds (20.06 G allocations: 93.103 TiB, 5.92% gc time)
[2023-01-12T01:00:36.896]Completed Shot 8, state 36
22545.379202 seconds (20.06 G allocations: 93.106 TiB, 5.92% gc time)
[2023-01-12T01:00:37.905]Completed Shot 8, state 39
22547.950658 seconds (20.06 G allocations: 93.115 TiB, 5.92% gc time)
[2023-01-12T01:00:40.477]Completed Shot 8, state 40
22548.666061 seconds (20.06 G allocations: 93.118 TiB, 5.92% gc time)
[2023-01-12T01:00:41.191]Completed Shot 8, state 16
22549.551758 seconds (20.06 G allocations: 93.121 TiB, 5.92% gc time)
[2023-01-12T01:00:42.077]Completed Shot 8, state 33
22550.367804 seconds (20.06 G allocations: 93.124 TiB, 5.92% gc time)
[2023-01-12T01:00:42.892]Completed Shot 8, state 6
22550.426533 seconds (20.06 G allocations: 93.124 TiB, 5.92% gc time)
[2023-01-12T01:00:42.951]Completed Shot 8, state 12
22550.688780 seconds (20.06 G allocations: 93.125 TiB, 5.92% gc time)
[2023-01-12T01:00:43.214]Completed Shot 8, state 32
22551.261342 seconds (20.06 G allocations: 93.127 TiB, 5.92% gc time)
[2023-01-12T01:00:43.787]Completed Shot 8, state 41
22551.509884 seconds (20.06 G allocations: 93.128 TiB, 5.92% gc time)
[2023-01-12T01:00:44.035]Completed Shot 8, state 29
22552.904914 seconds (20.06 G allocations: 93.132 TiB, 5.92% gc time)
[2023-01-12T01:00:45.428]Completed Shot 8, state 4
22553.813312 seconds (20.07 G allocations: 93.135 TiB, 5.92% gc time)
[2023-01-12T01:00:46.338]Completed Shot 8, state 17
22553.870958 seconds (20.07 G allocations: 93.135 TiB, 5.92% gc time)
[2023-01-12T01:00:46.397]Completed Shot 8, state 48
22553.936449 seconds (20.07 G allocations: 93.136 TiB, 5.92% gc time)
[2023-01-12T01:00:46.461]Completed Shot 8, state 22
22554.237737 seconds (20.07 G allocations: 93.137 TiB, 5.92% gc time)
[2023-01-12T01:00:46.763]Completed Shot 8, state 34
22554.467052 seconds (20.07 G allocations: 93.137 TiB, 5.92% gc time)
[2023-01-12T01:00:46.990]Completed Shot 8, state 5
22554.475140 seconds (20.07 G allocations: 93.137 TiB, 5.92% gc time)
[2023-01-12T01:00:47.001]Completed Shot 8, state 46
22554.854527 seconds (20.07 G allocations: 93.138 TiB, 5.92% gc time)
[2023-01-12T01:00:47.379]Completed Shot 8, state 15
22555.136164 seconds (20.07 G allocations: 93.139 TiB, 5.92% gc time)
[2023-01-12T01:00:47.662]Completed Shot 8, state 42
22555.506760 seconds (20.07 G allocations: 93.140 TiB, 5.92% gc time)
[2023-01-12T01:00:48.032]Completed Shot 8, state 38
22555.922425 seconds (20.07 G allocations: 93.141 TiB, 5.92% gc time)
[2023-01-12T01:00:48.448]Completed Shot 8, state 28
22557.378338 seconds (20.07 G allocations: 93.144 TiB, 5.92% gc time)
[2023-01-12T01:00:49.903]Completed Shot 8, state 23
22557.447793 seconds (20.07 G allocations: 93.144 TiB, 5.92% gc time)
[2023-01-12T01:00:49.972]Completed Shot 8, state 19
22558.053616 seconds (20.07 G allocations: 93.145 TiB, 5.92% gc time)
[2023-01-12T01:00:50.579]Completed Shot 8, state 35
22558.212004 seconds (20.07 G allocations: 93.146 TiB, 5.92% gc time)
[2023-01-12T01:00:50.738]Completed Shot 8, state 43
22559.297921 seconds (20.07 G allocations: 93.147 TiB, 5.92% gc time)
[2023-01-12T01:00:51.823]Completed Shot 8, state 30
22559.760569 seconds (20.07 G allocations: 93.148 TiB, 5.92% gc time)
[2023-01-12T01:00:52.285]Completed Shot 8, state 14
22561.075126 seconds (20.07 G allocations: 93.150 TiB, 5.92% gc time)
[2023-01-12T01:00:53.601]Completed Shot 8, state 47
22562.262142 seconds (20.07 G allocations: 93.151 TiB, 5.92% gc time)
[2023-01-12T01:00:54.787]Completed Shot 8, state 31
22564.758435 seconds (20.07 G allocations: 93.154 TiB, 5.91% gc time)
[2023-01-12T01:00:57.283]Completed Shot 8, state 21
22565.268947 seconds (20.07 G allocations: 93.154 TiB, 5.91% gc time)
[2023-01-12T01:00:57.795]Completed Shot 8, state 45
22565.303154 seconds (20.07 G allocations: 93.154 TiB, 5.91% gc time)
[2023-01-12T01:00:57.826]Completed Shot 8, state 3
22568.886967 seconds (20.07 G allocations: 93.155 TiB, 5.92% gc time)
[2023-01-12T01:01:01.413]Completed Shot 8, state 50
22579.600393 seconds (20.07 G allocations: 93.157 TiB, 5.91% gc time)
[2023-01-12T01:01:12.126]Completed Shot 8, state 37
23034.178787 seconds (20.02 G allocations: 92.945 TiB, 5.80% gc time)
[2023-01-12T07:25:06.310]Completed Shot 9, state 47
23035.302884 seconds (20.03 G allocations: 92.950 TiB, 5.80% gc time)
[2023-01-12T07:25:07.435]Completed Shot 9, state 45
23054.203007 seconds (20.04 G allocations: 93.029 TiB, 5.80% gc time)
[2023-01-12T07:25:26.333]Completed Shot 9, state 39
23055.605307 seconds (20.04 G allocations: 93.035 TiB, 5.80% gc time)
[2023-01-12T07:25:27.736]Completed Shot 9, state 49
23056.980544 seconds (20.05 G allocations: 93.040 TiB, 5.80% gc time)
[2023-01-12T07:25:29.109]Completed Shot 9, state 17
23057.224805 seconds (20.05 G allocations: 93.041 TiB, 5.80% gc time)
[2023-01-12T07:25:29.356]Completed Shot 9, state 31
23057.328727 seconds (20.05 G allocations: 93.042 TiB, 5.80% gc time)
[2023-01-12T07:25:29.459]Completed Shot 9, state 46
23057.800001 seconds (20.05 G allocations: 93.044 TiB, 5.80% gc time)
23057.800073 seconds (20.05 G allocations: 93.044 TiB, 5.80% gc time)
[2023-01-12T07:25:29.930]Completed Shot 9, state 35
[2023-01-12T07:25:29.930]Completed Shot 9, state 34
23059.534707 seconds (20.05 G allocations: 93.051 TiB, 5.80% gc time)
[2023-01-12T07:25:31.667]Completed Shot 9, state 48
23060.082710 seconds (20.05 G allocations: 93.053 TiB, 5.80% gc time)
[2023-01-12T07:25:32.213]Completed Shot 9, state 32
23060.426225 seconds (20.05 G allocations: 93.055 TiB, 5.80% gc time)
[2023-01-12T07:25:32.556]Completed Shot 9, state 30
23061.904437 seconds (20.05 G allocations: 93.061 TiB, 5.80% gc time)
[2023-01-12T07:25:34.035]Completed Shot 9, state 41
23064.182371 seconds (20.05 G allocations: 93.069 TiB, 5.80% gc time)
[2023-01-12T07:25:36.311]Completed Shot 9, state 19
23064.644259 seconds (20.05 G allocations: 93.072 TiB, 5.80% gc time)
[2023-01-12T07:25:36.775]Completed Shot 9, state 44
23065.163464 seconds (20.05 G allocations: 93.074 TiB, 5.80% gc time)
[2023-01-12T07:25:37.293]Completed Shot 9, state 21
23070.503686 seconds (20.06 G allocations: 93.094 TiB, 5.80% gc time)
[2023-01-12T07:25:42.633]Completed Shot 9, state 15
23070.593552 seconds (20.06 G allocations: 93.095 TiB, 5.80% gc time)
[2023-01-12T07:25:42.722]Completed Shot 9, state 7
23070.672352 seconds (20.06 G allocations: 93.095 TiB, 5.80% gc time)
[2023-01-12T07:25:42.804]Completed Shot 9, state 36
23072.421494 seconds (20.06 G allocations: 93.102 TiB, 5.80% gc time)
[2023-01-12T07:25:44.552]Completed Shot 9, state 37
23072.994217 seconds (20.06 G allocations: 93.104 TiB, 5.80% gc time)
[2023-01-12T07:25:45.123]Completed Shot 9, state 11
23073.206504 seconds (20.06 G allocations: 93.105 TiB, 5.80% gc time)
[2023-01-12T07:25:45.336]Completed Shot 9, state 25
23073.655808 seconds (20.06 G allocations: 93.106 TiB, 5.80% gc time)
[2023-01-12T07:25:45.787]Completed Shot 9, state 43
23073.691463 seconds (20.06 G allocations: 93.107 TiB, 5.80% gc time)
[2023-01-12T07:25:45.822]Completed Shot 9, state 40
23073.841710 seconds (20.06 G allocations: 93.107 TiB, 5.80% gc time)
[2023-01-12T07:25:45.970]Completed Shot 9, state 10
23075.154965 seconds (20.06 G allocations: 93.111 TiB, 5.80% gc time)
[2023-01-12T07:25:47.283]Completed Shot 9, state 8
23077.725869 seconds (20.06 G allocations: 93.121 TiB, 5.80% gc time)
[2023-01-12T07:25:49.855]Completed Shot 9, state 28
23078.463348 seconds (20.06 G allocations: 93.123 TiB, 5.80% gc time)
[2023-01-12T07:25:50.591]Completed Shot 9, state 1
23079.708873 seconds (20.06 G allocations: 93.128 TiB, 5.80% gc time)
[2023-01-12T07:25:51.838]Completed Shot 9, state 13
23079.883850 seconds (20.06 G allocations: 93.128 TiB, 5.80% gc time)
[2023-01-12T07:25:52.011]Completed Shot 9, state 3
23080.081319 seconds (20.06 G allocations: 93.129 TiB, 5.80% gc time)
[2023-01-12T07:25:52.211]Completed Shot 9, state 27
23080.622882 seconds (20.06 G allocations: 93.130 TiB, 5.80% gc time)
[2023-01-12T07:25:52.753]Completed Shot 9, state 42
23081.173441 seconds (20.06 G allocations: 93.132 TiB, 5.80% gc time)
[2023-01-12T07:25:53.304]Completed Shot 9, state 38
23081.370462 seconds (20.06 G allocations: 93.133 TiB, 5.80% gc time)
[2023-01-12T07:25:53.500]Completed Shot 9, state 24
23081.804888 seconds (20.07 G allocations: 93.134 TiB, 5.80% gc time)
[2023-01-12T07:25:53.934]Completed Shot 9, state 20
23083.211288 seconds (20.07 G allocations: 93.137 TiB, 5.80% gc time)
[2023-01-12T07:25:55.339]Completed Shot 9, state 4
23083.334935 seconds (20.07 G allocations: 93.138 TiB, 5.80% gc time)
[2023-01-12T07:25:55.462]Completed Shot 9, state 2
23084.594148 seconds (20.07 G allocations: 93.141 TiB, 5.80% gc time)
[2023-01-12T07:25:56.723]Completed Shot 9, state 18
23086.187203 seconds (20.07 G allocations: 93.144 TiB, 5.80% gc time)
[2023-01-12T07:25:58.316]Completed Shot 9, state 14
23086.615519 seconds (20.07 G allocations: 93.145 TiB, 5.80% gc time)
[2023-01-12T07:25:58.744]Completed Shot 9, state 16
23087.652112 seconds (20.07 G allocations: 93.147 TiB, 5.80% gc time)
[2023-01-12T07:25:59.780]Completed Shot 9, state 5
23088.524182 seconds (20.07 G allocations: 93.148 TiB, 5.80% gc time)
[2023-01-12T07:26:00.652]Completed Shot 9, state 6
23088.881264 seconds (20.07 G allocations: 93.149 TiB, 5.80% gc time)
[2023-01-12T07:26:01.011]Completed Shot 9, state 33
23090.997222 seconds (20.07 G allocations: 93.151 TiB, 5.80% gc time)
[2023-01-12T07:26:03.127]Completed Shot 9, state 26
23091.094918 seconds (20.07 G allocations: 93.152 TiB, 5.80% gc time)
[2023-01-12T07:26:03.240]Completed Shot 9, state 29
23091.155039 seconds (20.07 G allocations: 93.152 TiB, 5.80% gc time)
[2023-01-12T07:26:03.284]Completed Shot 9, state 23
23091.419464 seconds (20.07 G allocations: 93.152 TiB, 5.80% gc time)
[2023-01-12T07:26:03.548]Completed Shot 9, state 12
23098.489200 seconds (20.07 G allocations: 93.156 TiB, 5.80% gc time)
[2023-01-12T07:26:10.618]Completed Shot 9, state 22
23098.725651 seconds (20.07 G allocations: 93.156 TiB, 5.80% gc time)
[2023-01-12T07:26:10.856]Completed Shot 9, state 50
23102.723810 seconds (20.07 G allocations: 93.156 TiB, 5.80% gc time)
[2023-01-12T07:26:14.852]Completed Shot 9, state 9
21925.329642 seconds (20.04 G allocations: 92.998 TiB, 6.05% gc time)
[2023-01-12T13:31:40.188]Completed Shot 10, state 24
21928.130041 seconds (20.04 G allocations: 93.010 TiB, 6.05% gc time)
[2023-01-12T13:31:42.984]Completed Shot 10, state 4
21928.386953 seconds (20.04 G allocations: 93.011 TiB, 6.05% gc time)
[2023-01-12T13:31:43.243]Completed Shot 10, state 31
21930.422105 seconds (20.04 G allocations: 93.020 TiB, 6.05% gc time)
[2023-01-12T13:31:45.277]Completed Shot 10, state 10
21931.331374 seconds (20.04 G allocations: 93.023 TiB, 6.05% gc time)
[2023-01-12T13:31:46.187]Completed Shot 10, state 25
21936.131394 seconds (20.05 G allocations: 93.043 TiB, 6.05% gc time)
[2023-01-12T13:31:50.989]Completed Shot 10, state 44
21938.430998 seconds (20.05 G allocations: 93.053 TiB, 6.05% gc time)
[2023-01-12T13:31:53.287]Completed Shot 10, state 23
21941.292220 seconds (20.05 G allocations: 93.064 TiB, 6.05% gc time)
[2023-01-12T13:31:56.149]Completed Shot 10, state 29
21941.544464 seconds (20.05 G allocations: 93.065 TiB, 6.05% gc time)
[2023-01-12T13:31:56.400]Completed Shot 10, state 17
21943.823843 seconds (20.05 G allocations: 93.075 TiB, 6.05% gc time)
[2023-01-12T13:31:58.681]Completed Shot 10, state 50
21944.775723 seconds (20.05 G allocations: 93.079 TiB, 6.05% gc time)
[2023-01-12T13:31:59.631]Completed Shot 10, state 18
21945.170228 seconds (20.05 G allocations: 93.080 TiB, 6.05% gc time)
[2023-01-12T13:32:00.027]Completed Shot 10, state 27
21946.774465 seconds (20.06 G allocations: 93.086 TiB, 6.05% gc time)
[2023-01-12T13:32:01.628]Completed Shot 10, state 2
21947.178241 seconds (20.06 G allocations: 93.088 TiB, 6.05% gc time)
[2023-01-12T13:32:02.036]Completed Shot 10, state 42
21947.199664 seconds (20.06 G allocations: 93.088 TiB, 6.05% gc time)
[2023-01-12T13:32:02.054]Completed Shot 10, state 8
21947.728627 seconds (20.06 G allocations: 93.090 TiB, 6.05% gc time)
[2023-01-12T13:32:02.584]Completed Shot 10, state 20
21948.024111 seconds (20.06 G allocations: 93.091 TiB, 6.05% gc time)
[2023-01-12T13:32:02.879]Completed Shot 10, state 11
21949.567325 seconds (20.06 G allocations: 93.097 TiB, 6.05% gc time)
[2023-01-12T13:32:04.423]Completed Shot 10, state 28
21951.597165 seconds (20.06 G allocations: 93.105 TiB, 6.05% gc time)
[2023-01-12T13:32:06.454]Completed Shot 10, state 46
21951.704341 seconds (20.06 G allocations: 93.106 TiB, 6.05% gc time)
[2023-01-12T13:32:06.561]Completed Shot 10, state 49
21951.946711 seconds (20.06 G allocations: 93.106 TiB, 6.05% gc time)
[2023-01-12T13:32:06.803]Completed Shot 10, state 30
21952.055854 seconds (20.06 G allocations: 93.107 TiB, 6.05% gc time)
[2023-01-12T13:32:06.912]Completed Shot 10, state 26
21952.556770 seconds (20.06 G allocations: 93.109 TiB, 6.05% gc time)
[2023-01-12T13:32:07.414]Completed Shot 10, state 40
21953.680601 seconds (20.06 G allocations: 93.113 TiB, 6.05% gc time)
[2023-01-12T13:32:08.537]Completed Shot 10, state 39
21953.832361 seconds (20.06 G allocations: 93.114 TiB, 6.05% gc time)
[2023-01-12T13:32:08.687]Completed Shot 10, state 5
21953.884032 seconds (20.06 G allocations: 93.114 TiB, 6.05% gc time)
[2023-01-12T13:32:08.741]Completed Shot 10, state 33
21954.488329 seconds (20.06 G allocations: 93.116 TiB, 6.05% gc time)
[2023-01-12T13:32:09.342]Completed Shot 10, state 6
21955.856511 seconds (20.06 G allocations: 93.121 TiB, 6.05% gc time)
[2023-01-12T13:32:10.710]Completed Shot 10, state 1
21957.218045 seconds (20.06 G allocations: 93.126 TiB, 6.05% gc time)
[2023-01-12T13:32:12.072]Completed Shot 10, state 7
21958.230806 seconds (20.06 G allocations: 93.129 TiB, 6.05% gc time)
[2023-01-12T13:32:13.087]Completed Shot 10, state 36
21958.435091 seconds (20.06 G allocations: 93.130 TiB, 6.05% gc time)
[2023-01-12T13:32:13.292]Completed Shot 10, state 38
21958.745634 seconds (20.06 G allocations: 93.131 TiB, 6.05% gc time)
[2023-01-12T13:32:13.600]Completed Shot 10, state 12
21959.882386 seconds (20.07 G allocations: 93.134 TiB, 6.05% gc time)
[2023-01-12T13:32:14.739]Completed Shot 10, state 35
21960.717482 seconds (20.07 G allocations: 93.137 TiB, 6.05% gc time)
[2023-01-12T13:32:15.574]Completed Shot 10, state 48
21961.032029 seconds (20.07 G allocations: 93.138 TiB, 6.05% gc time)
[2023-01-12T13:32:15.885]Completed Shot 10, state 3
21962.497568 seconds (20.07 G allocations: 93.142 TiB, 6.05% gc time)
[2023-01-12T13:32:17.354]Completed Shot 10, state 41
21962.691370 seconds (20.07 G allocations: 93.142 TiB, 6.05% gc time)
[2023-01-12T13:32:17.547]Completed Shot 10, state 22
21962.925440 seconds (20.07 G allocations: 93.143 TiB, 6.05% gc time)
[2023-01-12T13:32:17.782]Completed Shot 10, state 37
21963.863817 seconds (20.07 G allocations: 93.145 TiB, 6.05% gc time)
[2023-01-12T13:32:18.718]Completed Shot 10, state 9
21964.698240 seconds (20.07 G allocations: 93.146 TiB, 6.05% gc time)
[2023-01-12T13:32:19.554]Completed Shot 10, state 34
21964.952530 seconds (20.07 G allocations: 93.147 TiB, 6.05% gc time)
[2023-01-12T13:32:19.809]Completed Shot 10, state 47
21966.343709 seconds (20.07 G allocations: 93.149 TiB, 6.05% gc time)
[2023-01-12T13:32:21.198]Completed Shot 10, state 13
21967.847666 seconds (20.07 G allocations: 93.152 TiB, 6.05% gc time)
[2023-01-12T13:32:22.704]Completed Shot 10, state 43
21968.748939 seconds (20.07 G allocations: 93.153 TiB, 6.05% gc time)
[2023-01-12T13:32:23.604]Completed Shot 10, state 21
21969.381519 seconds (20.07 G allocations: 93.154 TiB, 6.05% gc time)
[2023-01-12T13:32:24.236]Completed Shot 10, state 15
21969.747215 seconds (20.07 G allocations: 93.154 TiB, 6.05% gc time)
[2023-01-12T13:32:24.602]Completed Shot 10, state 14
21969.933428 seconds (20.07 G allocations: 93.154 TiB, 6.05% gc time)
[2023-01-12T13:32:24.789]Completed Shot 10, state 19
21970.441271 seconds (20.07 G allocations: 93.154 TiB, 6.05% gc time)
[2023-01-12T13:32:25.296]Completed Shot 10, state 16
21971.289446 seconds (20.07 G allocations: 93.155 TiB, 6.05% gc time)
[2023-01-12T13:32:26.146]Completed Shot 10, state 32
21982.234009 seconds (20.07 G allocations: 93.156 TiB, 6.05% gc time)
[2023-01-12T13:32:37.091]Completed Shot 10, state 45
[2023-01-12T13:32:37.092]**********Simulation completed!**********
[2023-01-12T13:32:37.092]**********Saving**********
[2023-01-12T13:32:41.196]Saving file: /gpfs/bwfor/work/ws/hd_ku269-logs/LightCones/2023-01-10/468995_N11_BS.jld2
[2023-01-12T13:32:42.775]**********Run completed!**********
============================= JOB FEEDBACK =============================
Job ID: 468995
Cluster: helix
User/Group: hd_ku269/hd_hd
State: COMPLETED (exit code 0)
Nodes: 1
Cores per node: 64
CPU Utilized: 138-23:29:22
CPU Efficiency: 89.78% of 154-19:02:24 core-walltime
Job Wall-clock time: 2-10:02:51
Memory Utilized: 146.89 GB
Memory Efficiency: 62.24% of 236.00 GB
