  Activating project at `/gpfs/bwfor/work/ws/hd_ku269-light_cones/WorkingFolder`
Added MKL.jl
Project LightCones v0.1.0
Status `/gpfs/bwfor/work/ws/hd_ku269-light_cones/WorkingFolder/Project.toml`
⌃ [7d9fca2a] Arpack v0.5.3
⌃ [7073ff75] IJulia v1.23.3
⌃ [033835bb] JLD2 v0.4.25
  [0b1a1467] KrylovKit v0.6.0
  [d3d80556] LineSearches v7.2.0
  [33e6dc65] MKL v0.6.0
⌃ [429524aa] Optim v1.7.3
⌃ [91a5bcdd] Plots v1.35.5
⌃ [c3e4b0f8] Pluto v0.19.14
  [3c0b384b] QuantumInformation v0.4.9
  [189a3867] Reexport v1.2.2
⌃ [295af30f] Revise v3.4.0
  [ebcc8a00] SpinSymmetry v0.3.3
  [59d54670] ThreadedSparseArrays v0.2.2
  [ade2ca70] Dates
  [8ba89e20] Distributed
  [37e2e46d] LinearAlgebra
  [de0858da] Printf
  [9a3f8284] Random
  [1a1011a3] SharedArrays
  [2f01184e] SparseArrays
  [10745b16] Statistics
Info Packages marked with ⌃ have new versions available and may be upgradable.
[2023-01-08T10:28:53.226]**********RANDOM FIELDS**********
shared_krylov.jl
Working Directory:          /gpfs/bwfor/work/ws/hd_ku269-light_cones/WorkingFolder
SLURM Directory:            /gpfs/bwfor/work/ws/hd_ku269-light_cones/WorkingFolder 
Running on host:            o03n02
Job id:                     468421
Job name:                   otoc_simulation_N13_TR
Number of nodes allocated:  
Number of cores allocated:  1
#threads of Julia:          64
#threads of BLAS:           1
ARGS = ["13", "1", "25", "BS", "x", "0", "1", "Rhim71_FR"]
LOCATION = "/gpfs/bwfor/work/ws/hd_ku269-logs/LightCones/2023-01-08"
N = 13
SHOTS = 1
MULT_RANDOM_STATES = true
N_RANDOM_STATES = 25
TYPE_OF_RS = "BS"
OBSERVABLE = "x"
DISORDER_PARAM = 0.0
[2023-01-08T10:28:53.404]**********Running simulation**********
[2023-01-08T10:28:53.455]trange = 0.1:0.1:20.0
[2023-01-08T10:28:53.761]A = σx
[2023-01-08T10:28:54.270]alpha=6
[2023-01-08T10:28:54.270]PBC
SlowPulse([1.0, 0.0, 0.0], π, 15.707963267948966)SlowPulse([-1.0, 0.0, 0.0], π, 15.707963267948966)SlowPulse([1.0, 0.0, 0.0], π, 15.707963267948966)SlowPulse([-1.0, 0.0, 0.0], π, 15.707963267948966)6[2023-01-08T10:29:03.402]Operations set up.
Using multiple states.
2467.966031 seconds (485.67 M allocations: 4.378 TiB, 19.05% gc time, 0.08% compilation time)
2488.937708 seconds (489.56 M allocations: 4.410 TiB, 19.01% gc time, 0.13% compilation time)
2493.995568 seconds (490.65 M allocations: 4.420 TiB, 19.00% gc time, 0.13% compilation time)
2494.028121 seconds (490.67 M allocations: 4.420 TiB, 19.00% gc time, 0.13% compilation time)
2498.989184 seconds (491.43 M allocations: 4.427 TiB, 18.99% gc time, 0.13% compilation time)
2503.645486 seconds (492.15 M allocations: 4.434 TiB, 18.97% gc time, 0.13% compilation time)
2508.533085 seconds (492.91 M allocations: 4.442 TiB, 18.96% gc time, 0.13% compilation time)
2523.463202 seconds (495.46 M allocations: 4.466 TiB, 18.93% gc time, 0.12% compilation time)
2523.545913 seconds (495.47 M allocations: 4.466 TiB, 18.93% gc time, 0.12% compilation time)
2523.554659 seconds (495.47 M allocations: 4.466 TiB, 18.93% gc time, 0.12% compilation time)
2527.282733 seconds (495.88 M allocations: 4.470 TiB, 18.92% gc time, 0.12% compilation time)
2531.378932 seconds (496.36 M allocations: 4.475 TiB, 18.91% gc time, 0.12% compilation time)
2534.596784 seconds (496.68 M allocations: 4.479 TiB, 18.90% gc time, 0.12% compilation time)
2534.997969 seconds (496.72 M allocations: 4.479 TiB, 18.90% gc time, 0.12% compilation time)
2537.135113 seconds (496.98 M allocations: 4.482 TiB, 18.89% gc time, 0.12% compilation time)
2538.017032 seconds (497.09 M allocations: 4.483 TiB, 18.89% gc time, 0.12% compilation time)
2546.473522 seconds (498.42 M allocations: 4.489 TiB, 18.85% gc time, 0.27% compilation time)
2544.021076 seconds (497.75 M allocations: 4.490 TiB, 18.87% gc time, 0.12% compilation time)
2555.141835 seconds (499.37 M allocations: 4.500 TiB, 18.83% gc time, 0.27% compilation time)
2555.883307 seconds (499.48 M allocations: 4.501 TiB, 18.82% gc time, 0.27% compilation time)
2565.953505 seconds (500.13 M allocations: 4.517 TiB, 18.82% gc time, 0.12% compilation time)
2580.737325 seconds (502.19 M allocations: 4.531 TiB, 18.77% gc time, 0.27% compilation time)
2601.556433 seconds (504.19 M allocations: 4.561 TiB, 18.78% gc time, 0.12% compilation time)
2606.950553 seconds (504.85 M allocations: 4.568 TiB, 18.77% gc time, 0.12% compilation time)
2638.152524 seconds (508.64 M allocations: 4.608 TiB, 18.74% gc time, 0.12% compilation time)
2731.372767 seconds (484.07 M allocations: 4.395 TiB, 17.41% gc time, 0.04% compilation time)
[2023-01-08T11:55:58.958]Completed Shot 1, state 21
2750.508697 seconds (488.29 M allocations: 4.434 TiB, 17.42% gc time, 0.00% compilation time)
[2023-01-08T11:56:39.056]Completed Shot 1, state 9
2750.050341 seconds (488.51 M allocations: 4.435 TiB, 17.44% gc time, 0.00% compilation time)
[2023-01-08T11:56:53.307]Completed Shot 1, state 6
2720.314169 seconds (485.03 M allocations: 4.398 TiB, 17.49% gc time, 0.00% compilation time)
[2023-01-08T11:57:03.948]Completed Shot 1, state 19
2757.174623 seconds (490.15 M allocations: 4.449 TiB, 17.42% gc time, 0.00% compilation time)
[2023-01-08T11:57:05.323]Completed Shot 1, state 1
2733.087042 seconds (486.85 M allocations: 4.416 TiB, 17.46% gc time, 0.00% compilation time)
[2023-01-08T11:57:07.293]Completed Shot 1, state 25
2749.287059 seconds (489.15 M allocations: 4.438 TiB, 17.44% gc time, 0.00% compilation time)
[2023-01-08T11:57:12.449]Completed Shot 1, state 15
2738.673308 seconds (488.37 M allocations: 4.429 TiB, 17.47% gc time, 0.00% compilation time)
[2023-01-08T11:57:16.295]Completed Shot 1, state 12
2786.750051 seconds (495.96 M allocations: 4.501 TiB, 17.39% gc time, 0.00% compilation time)
[2023-01-08T11:57:25.350]Completed Shot 1, state 4
2761.100988 seconds (492.06 M allocations: 4.463 TiB, 17.43% gc time, 0.00% compilation time)
[2023-01-08T11:57:28.001]Completed Shot 1, state 7
2798.411904 seconds (498.15 M allocations: 4.521 TiB, 17.38% gc time, 0.00% compilation time)
[2023-01-08T11:57:32.019]Completed Shot 1, state 23
2760.042142 seconds (492.61 M allocations: 4.467 TiB, 17.45% gc time, 0.00% compilation time)
[2023-01-08T11:57:34.648]Completed Shot 1, state 5
2773.771998 seconds (494.34 M allocations: 4.484 TiB, 17.43% gc time, 0.00% compilation time)
[2023-01-08T11:57:36.934]Completed Shot 1, state 14
2731.679682 seconds (489.72 M allocations: 4.434 TiB, 17.50% gc time, 0.00% compilation time)
[2023-01-08T11:57:37.238]Completed Shot 1, state 11
2780.050498 seconds (495.42 M allocations: 4.493 TiB, 17.43% gc time, 0.00% compilation time)
[2023-01-08T11:57:43.121]Completed Shot 1, state 8
2773.204969 seconds (494.66 M allocations: 4.486 TiB, 17.44% gc time, 0.00% compilation time)
[2023-01-08T11:57:44.191]Completed Shot 1, state 13
2667.292483 seconds (482.53 M allocations: 4.355 TiB, 17.54% gc time, 0.00% compilation time)
[2023-01-08T11:57:45.051]Completed Shot 1, state 16
2765.603364 seconds (493.92 M allocations: 4.477 TiB, 17.46% gc time, 0.00% compilation time)
[2023-01-08T11:57:47.990]Completed Shot 1, state 22
2701.433262 seconds (486.69 M allocations: 4.398 TiB, 17.53% gc time, 0.00% compilation time)
[2023-01-08T11:57:47.990]Completed Shot 1, state 18
2820.382340 seconds (501.41 M allocations: 4.550 TiB, 17.37% gc time, 0.00% compilation time)
[2023-01-08T11:57:54.018]Completed Shot 1, state 10
2714.066718 seconds (487.97 M allocations: 4.410 TiB, 17.52% gc time, 0.00% compilation time)
[2023-01-08T11:57:55.240]Completed Shot 1, state 2
2783.630535 seconds (495.52 M allocations: 4.492 TiB, 17.43% gc time, 0.00% compilation time)
[2023-01-08T11:58:00.378]Completed Shot 1, state 20
2749.211209 seconds (491.35 M allocations: 4.445 TiB, 17.49% gc time, 0.00% compilation time)
[2023-01-08T11:58:05.862]Completed Shot 1, state 24
2782.898037 seconds (494.31 M allocations: 4.478 TiB, 17.46% gc time, 0.00% compilation time)
[2023-01-08T11:58:14.694]Completed Shot 1, state 3
2820.981787 seconds (494.94 M allocations: 4.483 TiB, 17.42% gc time, 0.00% compilation time)
[2023-01-08T11:58:52.057]Completed Shot 1, state 17
[2023-01-08T11:58:52.057]**********Simulation completed!**********
[2023-01-08T11:58:52.058]**********Saving**********
[2023-01-08T11:58:56.100]Saving file: /gpfs/bwfor/work/ws/hd_ku269-logs/LightCones/2023-01-08/468421_N13_BS.jld2
[2023-01-08T11:58:57.681]**********Run completed!**********
============================= JOB FEEDBACK =============================
Job ID: 468421
Cluster: helix
User/Group: hd_ku269/hd_hd
State: COMPLETED (exit code 0)
Nodes: 1
Cores per node: 64
CPU Utilized: 2-15:50:25
CPU Efficiency: 66.17% of 4-00:28:48 core-walltime
Job Wall-clock time: 01:30:27
Memory Utilized: 14.02 GB
Memory Efficiency: 5.94% of 236.00 GB
