  Activating project at `/gpfs/bwfor/work/ws/hd_ku269-light_cones/WorkingFolder`
Added MKL.jl
Project LightCones v0.1.0
Status `/gpfs/bwfor/work/ws/hd_ku269-light_cones/WorkingFolder/Project.toml`
  [7d9fca2a] Arpack v0.5.3
  [7073ff75] IJulia v1.23.3
  [033835bb] JLD2 v0.4.25
  [0b1a1467] KrylovKit v0.6.0
  [d3d80556] LineSearches v7.2.0
  [33e6dc65] MKL v0.6.0
  [429524aa] Optim v1.7.3
  [91a5bcdd] Plots v1.35.5
  [c3e4b0f8] Pluto v0.19.14
  [3c0b384b] QuantumInformation v0.4.9
  [189a3867] Reexport v1.2.2
  [295af30f] Revise v3.4.0
  [ebcc8a00] SpinSymmetry v0.3.3
  [59d54670] ThreadedSparseArrays v0.2.2
  [ade2ca70] Dates
  [8ba89e20] Distributed
  [37e2e46d] LinearAlgebra
  [de0858da] Printf
  [9a3f8284] Random
  [1a1011a3] SharedArrays
  [2f01184e] SparseArrays
  [10745b16] Statistics
[2022-11-15T00:33:03.410]**********RANDOM FIELDS**********
shared_krylov_pbc.jl
Working Directory:          /gpfs/bwfor/work/ws/hd_ku269-light_cones/WorkingFolder
SLURM Directory:            /gpfs/bwfor/work/ws/hd_ku269-light_cones/WorkingFolder 
Running on host:            p01n11
Job id:                     152626
Job name:                   otoc_simulation_N11_ED_pbc
Number of nodes allocated:  
Number of cores allocated:  1
#threads of Julia:          64
#threads of BLAS:           64
ARGS = ["11", "50", "x", "12"]
LOCATION = "/gpfs/bwfor/work/ws/hd_ku269-logs/LightCones/2022-11-15"
N = 11
SHOTS = 50
OBSERVABLE = "x"
DISORDER_PARAM = 12.0
[2022-11-15T00:33:03.597]**********Running simulation**********
[2022-11-15T00:33:03.653]trange = [0.001, 0.0012328467394420659, 0.0015199110829529332, 0.001873817422860383, 0.002310129700083158, 0.002848035868435802, 0.003511191734215131, 0.004328761281083057, 0.005336699231206307, 0.006579332246575682, 0.008111308307896864, 0.010000000000000002, 0.012328467394420665, 0.01519911082952933, 0.01873817422860384, 0.023101297000831605, 0.02848035868435802, 0.03511191734215131, 0.043287612810830614, 0.05336699231206307, 0.0657933224657568, 0.08111308307896876, 0.09999999999999995, 0.12328467394420659, 0.15199110829529347, 0.1873817422860385, 0.23101297000831617, 0.2848035868435802, 0.3511191734215131, 0.43287612810830595, 0.5336699231206312, 0.6579332246575682, 0.8111308307896873, 1.0, 1.232846739442066, 1.5199110829529339, 1.873817422860383, 2.31012970008316, 2.8480358684358005, 3.5111917342151275, 4.328761281083057, 5.3366992312063095, 6.5793322465756825, 8.11130830789688, 9.999999999999995, 12.32846739442066, 15.199110829529348, 18.73817422860384, 23.101297000831604, 28.480358684358034, 35.11191734215131, 43.28761281083057, 53.366992312063154, 65.79332246575676, 81.11308307896864, 100.0, 123.28467394420646, 151.99110829529363, 187.3817422860383, 231.01297000831556, 284.8035868435805, 351.11917342151276, 432.87612810830615, 533.6699231206312, 657.9332246575682, 811.1308307896873, 1000.0, 1232.8467394420659, 1519.9110829529332, 1873.817422860383, 2310.1297000831582, 2848.035868435799, 3511.1917342151273, 4328.761281083052, 5336.6992312063185, 6579.332246575669, 8111.308307896856, 10000.0, 12328.467394420633, 15199.11082952933, 18738.17422860383, 23101.297000831626, 28480.35868435805, 35111.917342151275, 43287.612810830615, 53366.99231206302, 65793.32246575695, 81113.08307896873, 100000.0, 123284.67394420685, 151991.10829529332, 187381.74228603867, 231012.97000831628, 284803.5868435805, 351119.17342151346, 432876.12810830615, 533669.9231206313, 657933.2246575683, 811130.8307896872, 1.0e6]
[2022-11-15T00:33:03.973]A=σx
[2022-11-15T00:33:04.383]alpha = 6
[2022-11-15T00:33:04.383]PBC
[2022-11-15T00:33:05.381]Created Hamiltonian for Shot 1
[[[2022-11-15T00:33:05.381]Created Hamiltonian for Shot 40
2022-11-15T00:33:05.381]Created Hamiltonian for Shot 21
2022-11-15T00:33:05.381]Created Hamiltonian for Shot 12
[2022-11-15T00:33:05.382]Created Hamiltonian for Shot 6
[2022-11-15T00:33:05.382]Created Hamiltonian for Shot 10
[2022-11-15T00:33:05.382]Created Hamiltonian for Shot 11
[[2022-11-15T00:33:05.382]Created Hamiltonian for Shot 22
2022-11-15T00:33:05.382]Created Hamiltonian for Shot 26
[2022-11-15T00:33:05.382]Created Hamiltonian for Shot 20
[2022-11-15T00:33:05.382]Created Hamiltonian for Shot 39
[[[2022-11-15T00:33:05.383]Created Hamiltonian for Shot 23
2022-11-15T00:33:05.383]Created Hamiltonian for Shot 14
2022-11-15T00:33:05.383]Created Hamiltonian for Shot 42
[2022-11-15T00:33:05.383]Created Hamiltonian for Shot 13
[2022-11-15T00:33:05.383]Created Hamiltonian for Shot 3
[2022-11-15T00:33:05.383]Created Hamiltonian for Shot 15
[2022-11-15T00:33:05.383[[]Created Hamiltonian for Shot 4
[2022-11-15T00:33:05.383]Created Hamiltonian for Shot 25
2022-11-15T00:33:05.383]Created Hamiltonian for Shot 31
2022-11-15T00:33:05.383]Created Hamiltonian for Shot 33
[2022-11-15T00:33:05.383]Created Hamiltonian for Shot 27
[2022-11-15T00:33:05.383]Created Hamiltonian for Shot 30
[[2022-11-15T00:33:05.383]Created Hamiltonian for Shot 17
2022-11-15T00:33:05.383]Created Hamiltonian for Shot 24
[[2022-11-15T00:33:05.383]Created Hamiltonian for Shot 28
2022-11-15T00:33:05.383]Created Hamiltonian for Shot 19
[2022-11-15T00:33:05.384]Created Hamiltonian for Shot 43
[2022-11-15T00:33:05.384]Created Hamiltonian for Shot 29
[2022-11-15T00:33:05.384]Created Hamiltonian for Shot 46
[2022-11-15T00:33:05.384]Created Hamiltonian for Shot 50
[2022-11-15T00:33:05.384]Created Hamiltonian for Shot 7
[2022-11-15T00:33:05.384]Created Hamiltonian for Shot 41
[2022-11-15T00:33:05.384]Created Hamiltonian for Shot 18
[2022-11-15T00:33:05.384]Created Hamiltonian for Shot 44
[[[[[2022-11-15T00:33:05.385]Created Hamiltonian for Shot 9
2022-11-15T00:33:05.385]Created Hamiltonian for Shot 48
2022-11-15T00:33:05.385]Created Hamiltonian for Shot 8
2022-11-15T00:33:05.385]Created Hamiltonian for Shot 45
2022-11-15T00:33:05.385]Created Hamiltonian for Shot 47
[2022-11-15T00:33:05.385]Created Hamiltonian for Shot 16
[[2022-11-15T00:33:05.385]Created Hamiltonian for Shot 38
2022-11-15T00:33:05.385]Created Hamiltonian for Shot 34
[2022-11-15T00:33:05.385]Created Hamiltonian for Shot 5
[2022-11-15T00:33:05.385]Created Hamiltonian for Shot 32
[[2022-11-15T00:33:05.385]Created Hamiltonian for Shot 36
2022-11-15T00:33:05.385]Created Hamiltonian for Shot 37
[[2022-11-15T00:33:05.385]Created Hamiltonian for Shot 35
2022-11-15T00:33:05.385]Created Hamiltonian for Shot 49
[2022-11-15T00:33:05.385]Created Hamiltonian for Shot 2
[2022-11-15T01:18:55.147]Diagonalized H.
[2022-11-15T01:19:24.608]Diagonalized H.
[2022-11-15T01:19:24.802]Diagonalized H.
[2022-11-15T01:19:33.547]Diagonalized H.
[2022-11-15T01:19:33.916]Diagonalized H.
[2022-11-15T01:19:41.079]Diagonalized H.
[2022-11-15T01:19:56.801]Diagonalized H.
[2022-11-15T01:19:58.472]Diagonalized H.
[2022-11-15T01:19:59.059]Diagonalized H.
[2022-11-15T01:19:59.186]Diagonalized H.
[[2022-11-15T01:19:59.251]Diagonalized H.
2022-11-15T01:19:59.222]Diagonalized H.
[2022-11-15T01:19:59.327]Diagonalized H.
[2022-11-15T01:19:59.274]Diagonalized H.
[2022-11-15T01:19:59.406]Diagonalized H.
[2022-11-15T01:19:59.613]Diagonalized H.
[[2022-11-15T01:19:59.785]Diagonalized H.
2022-11-15T01:19:59.789]Diagonalized H.
[2022-11-15T01:19:59.934]Diagonalized H.
[2022-11-15T01:20:00.065]Diagonalized H.
[2022-11-15T01:20:00.152]Diagonalized H.
[[2022-11-15T01:20:00.153]Diagonalized H.
2022-11-15T01:20:00.156]Diagonalized H.
[[2022-11-15T01:20:00.247]Diagonalized H.
2022-11-15T01:20:00.261]Diagonalized H.
[2022-11-15T01:20:00.362]Diagonalized H.
[2022-11-15T01:20:00.711]Diagonalized H.
[2022-11-15T01:20:00.864]Diagonalized H.
[2022-11-15T01:20:00.984]Diagonalized H.
[2022-11-15T01:20:01.228]Diagonalized H.
[2022-11-15T01:20:01.864]Diagonalized H.
[[2022-11-15T01:20:02.134]Diagonalized H.
2022-11-15T01:20:02.134]Diagonalized H.
[2022-11-15T01:20:02.235]Diagonalized H.
[2022-11-15T01:20:02.375]Diagonalized H.
[2022-11-15T01:20:02.561]Diagonalized H.
[2022-11-15T01:20:02.869]Diagonalized H.
[2022-11-15T01:20:02.949]Diagonalized H.
[2022-11-15T01:20:02.961]Diagonalized H.
[2022-11-15T01:20:03.308]Diagonalized H.
[2022-11-15T01:20:04.524]Diagonalized H.
[2022-11-15T01:20:04.721]Diagonalized H.
[2022-11-15T01:20:04.745]Diagonalized H.
[2022-11-15T01:20:08.096]Diagonalized H.
[2022-11-15T01:20:08.357]Diagonalized H.
[2022-11-15T01:20:08.603]Diagonalized H.
[2022-11-15T01:20:08.625]Diagonalized H.
[2022-11-15T01:20:08.714]Diagonalized H.
[[2022-11-15T01:20:08.832]Diagonalized H.
2022-11-15T01:20:08.757]Diagonalized H.
[2022-11-15T01:32:29.296]Completed Shot 44
[2022-11-15T01:35:50.570]Completed Shot 24
[2022-11-15T01:41:31.241]Completed Shot 48
[2022-11-15T01:47:17.821]Completed Shot 46
[2022-11-15T01:47:36.732]Completed Shot 9
[2022-11-15T01:50:07.250]Completed Shot 1
[2022-11-15T01:50:40.440]Completed Shot 49
[2022-11-15T01:50:46.642]Completed Shot 22
[2022-11-15T01:51:19.617]Completed Shot 50
[2022-11-15T01:51:19.617]Completed Shot 6
[2022-11-15T01:52:51.487]Completed Shot 39
[2022-11-15T01:53:25.806]Completed Shot 3
[2022-11-15T01:53:35.870]Completed Shot 5
[2022-11-15T01:53:35.870]Completed Shot 13
[2022-11-15T01:53:36.264]Completed Shot 4
[2022-11-15T01:54:00.644]Completed Shot 7
[2022-11-15T01:57:31.179]Completed Shot 31
[2022-11-15T01:57:31.272]Completed Shot 8
[2022-11-15T01:57:32.465]Completed Shot 45
[2022-11-15T01:57:37.496]Completed Shot 11
[2022-11-15T01:57:37.749]Completed Shot 27
[2022-11-15T01:58:00.154]Completed Shot 41
[2022-11-15T01:58:00.159]Completed Shot 12
[2022-11-15T01:58:00.562]Completed Shot 2
[2022-11-15T01:58:00.616]Completed Shot 34
[2022-11-15T01:58:10.926]Completed Shot 14
[2022-11-15T01:58:32.178]Completed Shot 10
[2022-11-15T01:58:41.466]Completed Shot 16
[2022-11-15T01:58:53.309]Completed Shot 15
[2022-11-15T01:59:46.058]Completed Shot 23
[2022-11-15T01:59:59.039]Completed Shot 26
[2022-11-15T01:59:59.995]Completed Shot 19
[2022-11-15T02:00:01.813]Completed Shot 47
[2022-11-15T02:00:04.309]Completed Shot 17
[2022-11-15T02:00:04.338]Completed Shot 42
[2022-11-15T02:00:04.644]Completed Shot 33
[2022-11-15T02:00:06.434]Completed Shot 32
[2022-11-15T02:00:06.671]Completed Shot 29
[2022-11-15T02:00:08.829]Completed Shot 21
[2022-11-15T02:00:10.065]Completed Shot 37
[2022-11-15T02:00:10.187]Completed Shot 36
[2022-11-15T02:00:10.442]Completed Shot 30
[2022-11-15T02:00:10.769]Completed Shot 25
[2022-11-15T02:00:10.877]Completed Shot 35
[2022-11-15T02:00:10.955]Completed Shot 20
[2022-11-15T02:00:11.229]Completed Shot 18
[2022-11-15T02:00:11.385]Completed Shot 28
[2022-11-15T02:00:11.798]Completed Shot 43
[2022-11-15T02:00:11.931]Completed Shot 38
[2022-11-15T02:00:12.055]Completed Shot 40
[2022-11-15T02:00:12.055]**********Simulation completed!**********
[2022-11-15T02:00:12.056]**********Saving**********
[2022-11-15T02:00:16.193]Saving file: /gpfs/bwfor/work/ws/hd_ku269-logs/LightCones/2022-11-15/152626_N11_ED.jld2
[2022-11-15T02:00:17.622]**********Run completed!**********
============================= JOB FEEDBACK =============================
Job ID: 152626
Cluster: helix
User/Group: hd_ku269/hd_hd
State: COMPLETED (exit code 0)
Nodes: 1
Cores per node: 64
CPU Utilized: 3-08:13:42
CPU Efficiency: 85.99% of 3-21:17:52 core-walltime
Job Wall-clock time: 01:27:28
Memory Utilized: 139.63 GB
Memory Efficiency: 56.99% of 245.00 GB
