  Activating project at `/gpfs/bwfor/work/ws/hd_ku269-light_cones/WorkingFolder`
Added MKL.jl
Project LightCones v0.1.0
Status `/gpfs/bwfor/work/ws/hd_ku269-light_cones/WorkingFolder/Project.toml`
  [7d9fca2a] Arpack v0.5.3
  [7073ff75] IJulia v1.23.3
  [033835bb] JLD2 v0.4.25
  [0b1a1467] KrylovKit v0.6.0
  [d3d80556] LineSearches v7.2.0
  [33e6dc65] MKL v0.6.0
  [429524aa] Optim v1.7.3
  [91a5bcdd] Plots v1.35.5
  [c3e4b0f8] Pluto v0.19.14
  [3c0b384b] QuantumInformation v0.4.9
  [189a3867] Reexport v1.2.2
  [295af30f] Revise v3.4.0
  [ebcc8a00] SpinSymmetry v0.3.3
  [59d54670] ThreadedSparseArrays v0.2.2
  [ade2ca70] Dates
  [8ba89e20] Distributed
  [37e2e46d] LinearAlgebra
  [de0858da] Printf
  [9a3f8284] Random
  [1a1011a3] SharedArrays
  [2f01184e] SparseArrays
  [10745b16] Statistics
[2022-11-29T14:08:06.109]**********RANDOM FIELDS**********
shared_ED_nn.jl
Working Directory:          /gpfs/bwfor/work/ws/hd_ku269-light_cones/WorkingFolder
SLURM Directory:            /gpfs/bwfor/work/ws/hd_ku269-light_cones/WorkingFolder 
Running on host:            m05n17
Job id:                     370939
Job name:                   otoc_simulation_N11_ED
Number of nodes allocated:  
Number of cores allocated:  1
#threads of Julia:          64
#threads of BLAS:           64
ARGS = ["11", "50", "x", "12"]
LOCATION = "/gpfs/bwfor/work/ws/hd_ku269-logs/LightCones/2022-11-29"
N = 11
SHOTS = 50
OBSERVABLE = "x"
DISORDER_PARAM = 12.0
[2022-11-29T14:08:06.318]**********Running simulation**********
[2022-11-29T14:08:06.318]s = 10
[2022-11-29T14:08:06.374]trange = [0.001, 0.0012328467394420659, 0.0015199110829529332, 0.001873817422860383, 0.002310129700083158, 0.002848035868435802, 0.003511191734215131, 0.004328761281083057, 0.005336699231206307, 0.006579332246575682, 0.008111308307896864, 0.010000000000000002, 0.012328467394420665, 0.01519911082952933, 0.01873817422860384, 0.023101297000831605, 0.02848035868435802, 0.03511191734215131, 0.043287612810830614, 0.05336699231206307, 0.0657933224657568, 0.08111308307896876, 0.09999999999999995, 0.12328467394420659, 0.15199110829529347, 0.1873817422860385, 0.23101297000831617, 0.2848035868435802, 0.3511191734215131, 0.43287612810830595, 0.5336699231206312, 0.6579332246575682, 0.8111308307896873, 1.0, 1.232846739442066, 1.5199110829529339, 1.873817422860383, 2.31012970008316, 2.8480358684358005, 3.5111917342151275, 4.328761281083057, 5.3366992312063095, 6.5793322465756825, 8.11130830789688, 9.999999999999995, 12.32846739442066, 15.199110829529348, 18.73817422860384, 23.101297000831604, 28.480358684358034, 35.11191734215131, 43.28761281083057, 53.366992312063154, 65.79332246575676, 81.11308307896864, 100.0, 123.28467394420646, 151.99110829529363, 187.3817422860383, 231.01297000831556, 284.8035868435805, 351.11917342151276, 432.87612810830615, 533.6699231206312, 657.9332246575682, 811.1308307896873, 1000.0, 1232.8467394420659, 1519.9110829529332, 1873.817422860383, 2310.1297000831582, 2848.035868435799, 3511.1917342151273, 4328.761281083052, 5336.6992312063185, 6579.332246575669, 8111.308307896856, 10000.0, 12328.467394420633, 15199.11082952933, 18738.17422860383, 23101.297000831626, 28480.35868435805, 35111.917342151275, 43287.612810830615, 53366.99231206302, 65793.32246575695, 81113.08307896873, 100000.0, 123284.67394420685, 151991.10829529332, 187381.74228603867, 231012.97000831628, 284803.5868435805, 351119.17342151346, 432876.12810830615, 533669.9231206313, 657933.2246575683, 811130.8307896872, 1.0e6]
[2022-11-29T14:08:06.694]A = σx
[2022-11-29T14:08:06.694]centered
[2022-11-29T14:08:07.030]nearest neighbour
[2022-11-29T14:08:07.030]OBC
[2022-11-29T14:08:08.127]Created Hamiltonian for Shot 7
[[2022-11-29T14:08:08.1282022-11-29T14:08:08.128]Created Hamiltonian for Shot 19]Created Hamiltonian for Shot 26

[2022-11-29T14:08:08.132]Created Hamiltonian for Shot 1
[2022-11-29T14:08:08.151]Created Hamiltonian for Shot 14
[2022-11-29T14:08:08.154]Created Hamiltonian for Shot 41
[2022-11-29T14:08:08.157]Created Hamiltonian for Shot 11
[2022-11-29T14:08:08.157]Created Hamiltonian for Shot 38
[[2022-11-29T14:08:08.158]Created Hamiltonian for Shot 34
2022-11-29T14:08:08.159]Created Hamiltonian for Shot 40
[[2022-11-29T14:08:08.159]Created Hamiltonian for Shot 8
[2022-11-29T14:08:08.159]Created Hamiltonian for Shot 4
2022-11-29T14:08:08.159]Created Hamiltonian for Shot 44
[2022-11-29T14:08:08.159]Created Hamiltonian for Shot 43
[2022-11-29T14:08:08.160]Created Hamiltonian for Shot 24
[2022-11-29T14:08:08.160]Created Hamiltonian for Shot 21
[[2022-11-29T14:08:08.161]Created Hamiltonian for Shot 45
2022-11-29T14:08:08.161]Created Hamiltonian for Shot 39
[2022-11-29T14:08:08.161]Created Hamiltonian for Shot 37
[2022-11-29T14:08:08.162]Created Hamiltonian for Shot 23
[[2022-11-29T14:08:08.162]Created Hamiltonian for Shot 3
2022-11-29T14:08:08.162]Created Hamiltonian for Shot 42
[2022-11-29T14:08:08.162]Created Hamiltonian for Shot 25
[2022-11-29T14:08:08.163]Created Hamiltonian for Shot 46
[2022-11-29T14:08:08.163]Created Hamiltonian for Shot 36
[[[2022-11-29T14:08:08.163]Created Hamiltonian for Shot 13
2022-11-29T14:08:08.163]Created Hamiltonian for Shot 15
2022-11-29T14:08:08.163]Created Hamiltonian for Shot 27
[2022-11-29T14:08:08.163]Created Hamiltonian for Shot 20
[2022-11-29T14:08:08.163]Created Hamiltonian for Shot 47
[2022-11-29T14:08:08.164][Created Hamiltonian for Shot 6
2022-11-29T14:08:08.164]Created Hamiltonian for Shot 35
[2022-11-29T14:08:08.164]Created Hamiltonian for Shot 12
[2022-11-29T14:08:08.164]Created Hamiltonian for Shot 50
[2022-11-29T14:08:08.164]Created Hamiltonian for Shot 22
[2022-11-29T14:08:08.165]Created Hamiltonian for Shot 5
[2022-11-29T14:08:08.165]Created Hamiltonian for Shot 48
[2022-11-29T14:08:08.165]Created Hamiltonian for Shot 2
[2022-11-29T14:08:08.166]Created Hamiltonian for Shot 49
[2022-11-29T14:08:08.167]Created Hamiltonian for Shot 17
[2022-11-29T14:08:08.168]Created Hamiltonian for Shot 28
[2022-11-29T14:08:08.168]Created Hamiltonian for Shot 33
[[2022-11-29T14:08:08.169]Created Hamiltonian for Shot 102022-11-29T14:08:08.169
]Created Hamiltonian for Shot 9
[2022-11-29T14:08:08.169]Created Hamiltonian for Shot 29
[2022-11-29T14:08:08.169]Created Hamiltonian for Shot 16
[2022-11-29T14:08:08.170]Created Hamiltonian for Shot 31
[2022-11-29T14:08:08.170]Created Hamiltonian for Shot 30
[2022-11-29T14:08:08.170]Created Hamiltonian for Shot 18
[2022-11-29T14:08:08.170]Created Hamiltonian for Shot 32
[2022-11-29T14:47:01.934]Diagonalized H.
[2022-11-29T14:47:09.706]Diagonalized H.
[2022-11-29T14:47:42.630]Diagonalized H.
[2022-11-29T14:47:43.185]Diagonalized H.
[2022-11-29T14:47:43.472]Diagonalized H.
[2022-11-29T14:47:43.960]Diagonalized H.
[2022-11-29T14:47:44.002]Diagonalized H.
[2022-11-29T14:47:44.165]Diagonalized H.
[2022-11-29T14:47:44.173]Diagonalized H.
[2022-11-29T14:47:44.177]Diagonalized H.
[2022-11-29T14:47:44.427]Diagonalized H.
[2022-11-29T14:47:44.459]Diagonalized H.
[2022-11-29T14:47:44.757]Diagonalized H.
[2022-11-29T14:47:44.895]Diagonalized H.
[2022-11-29T14:48:01.791]Diagonalized H.
[2022-11-29T14:48:02.212]Diagonalized H.
[2022-11-29T14:48:09.875]Diagonalized H.
[2022-11-29T14:48:26.776]Diagonalized H.
[2022-11-29T14:48:27.735]Diagonalized H.
[2022-11-29T14:48:37.863]Diagonalized H.
[2022-11-29T14:48:56.786]Diagonalized H.
[2022-11-29T14:49:04.036]Diagonalized H.
[2022-11-29T14:49:08.558]Diagonalized H.
[2022-11-29T14:49:09.642]Diagonalized H.
[2022-11-29T14:49:11.818]Diagonalized H.
[2022-11-29T14:49:13.964]Diagonalized H.
[2022-11-29T14:49:17.984]Diagonalized H.
[2022-11-29T14:49:18.699]Diagonalized H.
[2022-11-29T14:49:20.897]Diagonalized H.
[2022-11-29T14:49:29.449]Diagonalized H.
[2022-11-29T14:49:31.834]Diagonalized H.
[2022-11-29T14:49:32.268]Diagonalized H.
[2022-11-29T14:49:32.595]Diagonalized H.
[2022-11-29T14:49:32.649]Diagonalized H.
[2022-11-29T14:49:32.931]Diagonalized H.
[2022-11-29T14:49:33.359]Diagonalized H.
[2022-11-29T14:49:33.611]Diagonalized H.
[2022-11-29T14:49:33.929]Diagonalized H.
[2022-11-29T14:49:34.087]Diagonalized H.
[2022-11-29T14:49:34.421]Diagonalized H.
[2022-11-29T14:49:35.479]Diagonalized H.
[2022-11-29T14:49:36.076]Diagonalized H.
[2022-11-29T14:49:36.416]Diagonalized H.
[2022-11-29T14:49:36.832]Diagonalized H.
[2022-11-29T14:49:37.605]Diagonalized H.
[2022-11-29T14:49:37.866]Diagonalized H.
[2022-11-29T14:49:38.657]Diagonalized H.
[2022-11-29T14:49:38.803]Diagonalized H.
[2022-11-29T14:49:38.903]Diagonalized H.
[2022-11-29T14:49:44.415]Diagonalized H.
[2022-11-29T14:59:55.791]Completed Shot 1
[2022-11-29T15:00:36.805]Completed Shot 33
[2022-11-29T15:05:02.563]Completed Shot 15
[2022-11-29T15:05:44.250]Completed Shot 6
[2022-11-29T15:10:45.493]Completed Shot 7
[2022-11-29T15:12:51.936]Completed Shot 46
[2022-11-29T15:13:26.740]Completed Shot 36
[2022-11-29T15:13:57.887]Completed Shot 21
[2022-11-29T15:17:27.124]Completed Shot 18
[2022-11-29T15:17:50.281]Completed Shot 23
[2022-11-29T15:17:55.379]Completed Shot 4
[2022-11-29T15:18:11.265]Completed Shot 5
[2022-11-29T15:18:14.613]Completed Shot 12
[2022-11-29T15:18:17.602]Completed Shot 22
[2022-11-29T15:18:21.498]Completed Shot 11
[2022-11-29T15:20:27.620]Completed Shot 19
[2022-11-29T15:20:47.257]Completed Shot 24
[2022-11-29T15:20:58.125]Completed Shot 30
[2022-11-29T15:21:06.012]Completed Shot 10
[2022-11-29T15:21:10.089]Completed Shot 35
[2022-11-29T15:21:14.269]Completed Shot 8
[2022-11-29T15:21:25.530]Completed Shot 13
[2022-11-29T15:21:46.794]Completed Shot 2
[2022-11-29T15:21:46.802]Completed Shot 3
[2022-11-29T15:24:12.681]Completed Shot 14
[2022-11-29T15:25:04.941]Completed Shot 17
[2022-11-29T15:25:42.736]Completed Shot 20
[2022-11-29T15:26:17.209]Completed Shot 27
[2022-11-29T15:26:28.719]Completed Shot 9
[2022-11-29T15:26:28.732]Completed Shot 26
[2022-11-29T15:26:28.751]Completed Shot 38
[2022-11-29T15:26:28.781]Completed Shot 16
[2022-11-29T15:26:28.801]Completed Shot 25
[2022-11-29T15:26:44.232]Completed Shot 28
[2022-11-29T15:27:00.359]Completed Shot 29
[2022-11-29T15:27:21.883]Completed Shot 31
[2022-11-29T15:27:33.243]Completed Shot 32
[2022-11-29T15:28:44.319]Completed Shot 34
[2022-11-29T15:28:56.517]Completed Shot 47
[2022-11-29T15:29:00.781]Completed Shot 43
[2022-11-29T15:29:01.306]Completed Shot 37
[2022-11-29T15:29:01.777]Completed Shot 41
[2022-11-29T15:29:01.838]Completed Shot 40
[2022-11-29T15:29:10.052]Completed Shot 50
[2022-11-29T15:29:10.448]Completed Shot 48
[2022-11-29T15:29:10.704]Completed Shot 49
[2022-11-29T15:29:10.933]Completed Shot 39
[2022-11-29T15:29:11.205]Completed Shot 42
[2022-11-29T15:29:12.331]Completed Shot 44
[2022-11-29T15:29:12.660]Completed Shot 45
[2022-11-29T15:29:12.661]**********Simulation completed!**********
[2022-11-29T15:29:12.661]**********Saving**********
[2022-11-29T15:29:16.765]Saving file: /gpfs/bwfor/work/ws/hd_ku269-logs/LightCones/2022-11-29/370939_N11_ED.jld2
[2022-11-29T15:29:18.152]**********Run completed!**********
pure virtual method called
terminate called without an active exception

signal (6): Aborted
in expression starting at none:0
gsignal at /lib64/libc.so.6 (unknown line)
abort at /lib64/libc.so.6 (unknown line)
__verbose_terminate_handler at /workspace/srcdir/gcc-11.1.0/libstdc++-v3/libsupc++/vterminate.cc:95
__terminate at /workspace/srcdir/gcc-11.1.0/libstdc++-v3/libsupc++/eh_terminate.cc:48
terminate at /workspace/srcdir/gcc-11.1.0/libstdc++-v3/libsupc++/eh_terminate.cc:58
__cxa_pure_virtual at /workspace/srcdir/gcc-11.1.0/libstdc++-v3/libsupc++/pure.cc:50
_ZN4llvm11raw_ostream5writeEPKcm at /gpfs/bwfor/home/hd/hd_hd/hd_ku269/julia-1.8.2/bin/../lib/julia/libLLVM-13jl.so (unknown line)
_ZN4llvm11LLVMContext8diagnoseERKNS_14DiagnosticInfoE at /gpfs/bwfor/home/hd/hd_hd/hd_ku269/julia-1.8.2/bin/../lib/julia/libLLVM-13jl.so (unknown line)
_ZNSt17_Function_handlerIFvRKN4llvm12SMDiagnosticEbRKNS0_9SourceMgrERSt6vectorIPKNS0_6MDNodeESaISA_EEEZNS0_28MachineModuleInfoWrapperPass16doInitializationERNS0_6ModuleEEUlS3_bS6_SD_E_E9_M_invokeERKSt9_Any_dataS3_ObS6_SD_ at /gpfs/bwfor/home/hd/hd_hd/hd_ku269/julia-1.8.2/bin/../lib/julia/libLLVM-13jl.so (unknown line)
_ZN4llvm9MCContext8diagnoseERKNS_12SMDiagnosticE at /gpfs/bwfor/home/hd/hd_hd/hd_ku269/julia-1.8.2/bin/../lib/julia/libLLVM-13jl.so (unknown line)
_ZN12_GLOBAL__N_19AsmParser11DiagHandlerERKN4llvm12SMDiagnosticEPv at /gpfs/bwfor/home/hd/hd_hd/hd_ku269/julia-1.8.2/bin/../lib/julia/libLLVM-13jl.so (unknown line)
_ZNK4llvm9SourceMgr12PrintMessageERNS_11raw_ostreamENS_5SMLocENS0_8DiagKindERKNS_5TwineENS_8ArrayRefINS_7SMRangeEEENS8_INS_7SMFixItEEEb at /gpfs/bwfor/home/hd/hd_hd/hd_ku269/julia-1.8.2/bin/../lib/julia/libLLVM-13jl.so (unknown line)
_ZNK4llvm9SourceMgr12PrintMessageENS_5SMLocENS0_8DiagKindERKNS_5TwineENS_8ArrayRefINS_7SMRangeEEENS6_INS_7SMFixItEEEb at /gpfs/bwfor/home/hd/hd_hd/hd_ku269/julia-1.8.2/bin/../lib/julia/libLLVM-13jl.so (unknown line)
_ZN12_GLOBAL__N_19AsmParser3RunEbb at /gpfs/bwfor/home/hd/hd_hd/hd_ku269/julia-1.8.2/bin/../lib/julia/libLLVM-13jl.so (unknown line)
_ZNK4llvm10AsmPrinter13emitInlineAsmENS_9StringRefERKNS_15MCSubtargetInfoERKNS_15MCTargetOptionsEPKNS_6MDNodeENS_9InlineAsm10AsmDialectE at /gpfs/bwfor/home/hd/hd_hd/hd_ku269/julia-1.8.2/bin/../lib/julia/libLLVM-13jl.so (unknown line)
_ZNK4llvm10AsmPrinter13emitInlineAsmEPKNS_12MachineInstrE at /gpfs/bwfor/home/hd/hd_hd/hd_ku269/julia-1.8.2/bin/../lib/julia/libLLVM-13jl.so (unknown line)
_ZN4llvm10AsmPrinter16emitFunctionBodyEv at /gpfs/bwfor/home/hd/hd_hd/hd_ku269/julia-1.8.2/bin/../lib/julia/libLLVM-13jl.so (unknown line)
_ZN4llvm13X86AsmPrinter20runOnMachineFunctionERNS_15MachineFunctionE at /gpfs/bwfor/home/hd/hd_hd/hd_ku269/julia-1.8.2/bin/../lib/julia/libLLVM-13jl.so (unknown line)
_ZN4llvm19MachineFunctionPass13runOnFunctionERNS_8FunctionE at /gpfs/bwfor/home/hd/hd_hd/hd_ku269/julia-1.8.2/bin/../lib/julia/libLLVM-13jl.so (unknown line)
_ZN4llvm13FPPassManager13runOnFunctionERNS_8FunctionE at /gpfs/bwfor/home/hd/hd_hd/hd_ku269/julia-1.8.2/bin/../lib/julia/libLLVM-13jl.so (unknown line)
_ZN4llvm13FPPassManager11runOnModuleERNS_6ModuleE at /gpfs/bwfor/home/hd/hd_hd/hd_ku269/julia-1.8.2/bin/../lib/julia/libLLVM-13jl.so (unknown line)
_ZN4llvm6legacy15PassManagerImpl3runERNS_6ModuleE at /gpfs/bwfor/home/hd/hd_hd/hd_ku269/julia-1.8.2/bin/../lib/julia/libLLVM-13jl.so (unknown line)
operator() at /cache/build/default-amdci4-6/julialang/julia-release-1-dot-8/src/jitlayers.cpp:528
_ZN4llvm3orc14IRCompileLayer4emitESt10unique_ptrINS0_29MaterializationResponsibilityESt14default_deleteIS3_EENS0_16ThreadSafeModuleE at /gpfs/bwfor/home/hd/hd_hd/hd_ku269/julia-1.8.2/bin/../lib/julia/libLLVM-13jl.so (unknown line)
_ZN4llvm3orc31BasicIRLayerMaterializationUnit11materializeESt10unique_ptrINS0_29MaterializationResponsibilityESt14default_deleteIS3_EE at /gpfs/bwfor/home/hd/hd_hd/hd_ku269/julia-1.8.2/bin/../lib/julia/libLLVM-13jl.so (unknown line)
_ZN4llvm3orc19MaterializationTask3runEv at /gpfs/bwfor/home/hd/hd_hd/hd_ku269/julia-1.8.2/bin/../lib/julia/libLLVM-13jl.so (unknown line)
_ZN4llvm6detail18UniqueFunctionBaseIvJSt10unique_ptrINS_3orc4TaskESt14default_deleteIS4_EEEE8CallImplIPFvS7_EEEvPvRS7_ at /gpfs/bwfor/home/hd/hd_hd/hd_ku269/julia-1.8.2/bin/../lib/julia/libLLVM-13jl.so (unknown line)
_ZN4llvm3orc16ExecutionSession22dispatchOutstandingMUsEv at /gpfs/bwfor/home/hd/hd_hd/hd_ku269/julia-1.8.2/bin/../lib/julia/libLLVM-13jl.so (unknown line)
_ZN4llvm3orc16ExecutionSession17OL_completeLookupESt10unique_ptrINS0_21InProgressLookupStateESt14default_deleteIS3_EESt10shared_ptrINS0_23AsynchronousSymbolQueryEESt8functionIFvRKNS_8DenseMapIPNS0_8JITDylibENS_8DenseSetINS0_15SymbolStringPtrENS_12DenseMapInfoISF_EEEENSG_ISD_EENS_6detail12DenseMapPairISD_SI_EEEEEE at /gpfs/bwfor/home/hd/hd_hd/hd_ku269/julia-1.8.2/bin/../lib/julia/libLLVM-13jl.so (unknown line)
_ZN4llvm3orc25InProgressFullLookupState8completeESt10unique_ptrINS0_21InProgressLookupStateESt14default_deleteIS3_EE at /gpfs/bwfor/home/hd/hd_hd/hd_ku269/julia-1.8.2/bin/../lib/julia/libLLVM-13jl.so (unknown line)
_ZN4llvm3orc16ExecutionSession19OL_applyQueryPhase1ESt10unique_ptrINS0_21InProgressLookupStateESt14default_deleteIS3_EENS_5ErrorE at /gpfs/bwfor/home/hd/hd_hd/hd_ku269/julia-1.8.2/bin/../lib/julia/libLLVM-13jl.so (unknown line)
_ZN4llvm3orc16ExecutionSession6lookupENS0_10LookupKindERKSt6vectorISt4pairIPNS0_8JITDylibENS0_19JITDylibLookupFlagsEESaIS8_EENS0_15SymbolLookupSetENS0_11SymbolStateENS_15unique_functionIFvNS_8ExpectedINS_8DenseMapINS0_15SymbolStringPtrENS_18JITEvaluatedSymbolENS_12DenseMapInfoISI_EENS_6detail12DenseMapPairISI_SJ_EEEEEEEEESt8functionIFvRKNSH_IS6_NS_8DenseSetISI_SL_EENSK_IS6_EENSN_IS6_SV_EEEEEE at /gpfs/bwfor/home/hd/hd_hd/hd_ku269/julia-1.8.2/bin/../lib/julia/libLLVM-13jl.so (unknown line)
_ZN4llvm3orc16ExecutionSession6lookupERKSt6vectorISt4pairIPNS0_8JITDylibENS0_19JITDylibLookupFlagsEESaIS7_EERKNS0_15SymbolLookupSetENS0_10LookupKindENS0_11SymbolStateESt8functionIFvRKNS_8DenseMapIS5_NS_8DenseSetINS0_15SymbolStringPtrENS_12DenseMapInfoISK_EEEENSL_IS5_EENS_6detail12DenseMapPairIS5_SN_EEEEEE at /gpfs/bwfor/home/hd/hd_hd/hd_ku269/julia-1.8.2/bin/../lib/julia/libLLVM-13jl.so (unknown line)
_ZN4llvm3orc16ExecutionSession6lookupERKSt6vectorISt4pairIPNS0_8JITDylibENS0_19JITDylibLookupFlagsEESaIS7_EENS0_15SymbolStringPtrENS0_11SymbolStateE at /gpfs/bwfor/home/hd/hd_hd/hd_ku269/julia-1.8.2/bin/../lib/julia/libLLVM-13jl.so (unknown line)
_ZN4llvm3orc16ExecutionSession6lookupENS_8ArrayRefIPNS0_8JITDylibEEENS0_15SymbolStringPtrENS0_11SymbolStateE at /gpfs/bwfor/home/hd/hd_hd/hd_ku269/julia-1.8.2/bin/../lib/julia/libLLVM-13jl.so (unknown line)
_ZN4llvm3orc16ExecutionSession6lookupENS_8ArrayRefIPNS0_8JITDylibEEENS_9StringRefENS0_11SymbolStateE at /gpfs/bwfor/home/hd/hd_hd/hd_ku269/julia-1.8.2/bin/../lib/julia/libLLVM-13jl.so (unknown line)
addModule at /cache/build/default-amdci4-6/julialang/julia-release-1-dot-8/src/jitlayers.cpp:968
jl_add_to_ee at /cache/build/default-amdci4-6/julialang/julia-release-1-dot-8/src/jitlayers.cpp:1261 [inlined]
jl_add_to_ee at /cache/build/default-amdci4-6/julialang/julia-release-1-dot-8/src/jitlayers.cpp:1305
jl_add_to_ee at /cache/build/default-amdci4-6/julialang/julia-release-1-dot-8/src/jitlayers.cpp:1327 [inlined]
_jl_compile_codeinst at /cache/build/default-amdci4-6/julialang/julia-release-1-dot-8/src/jitlayers.cpp:149
jl_generate_fptr_impl at /cache/build/default-amdci4-6/julialang/julia-release-1-dot-8/src/jitlayers.cpp:332
jl_compile_method_internal at /cache/build/default-amdci4-6/julialang/julia-release-1-dot-8/src/gf.c:2081 [inlined]
jl_compile_method_internal at /cache/build/default-amdci4-6/julialang/julia-release-1-dot-8/src/gf.c:2025
_jl_invoke at /cache/build/default-amdci4-6/julialang/julia-release-1-dot-8/src/gf.c:2359 [inlined]
ijl_apply_generic at /cache/build/default-amdci4-6/julialang/julia-release-1-dot-8/src/gf.c:2549
#handle_message#3 at /cache/build/default-amdci4-6/julialang/julia-release-1-dot-8/usr/share/julia/stdlib/v1.8/Logging/src/ConsoleLogger.jl:134
handle_message##kw at /cache/build/default-amdci4-6/julialang/julia-release-1-dot-8/usr/share/julia/stdlib/v1.8/Logging/src/ConsoleLogger.jl:106
unknown function (ip: 0x153a4a5deca4)
_jl_invoke at /cache/build/default-amdci4-6/julialang/julia-release-1-dot-8/src/gf.c:2367 [inlined]
ijl_apply_generic at /cache/build/default-amdci4-6/julialang/julia-release-1-dot-8/src/gf.c:2549
macro expansion at ./logging.jl:365 [inlined]
profile_printing_listener at /cache/build/default-amdci4-6/julialang/julia-release-1-dot-8/usr/share/julia/stdlib/v1.8/Profile/src/Profile.jl:44
#3 at ./threadingconstructs.jl:258
jfptr_YY.3_63130.clone_1 at /gpfs/bwfor/home/hd/hd_hd/hd_ku269/julia-1.8.2/lib/julia/sys.so (unknown line)
_jl_invoke at /cache/build/default-amdci4-6/julialang/julia-release-1-dot-8/src/gf.c:2367 [inlined]
ijl_apply_generic at /cache/build/default-amdci4-6/julialang/julia-release-1-dot-8/src/gf.c:2549
jl_apply at /cache/build/default-amdci4-6/julialang/julia-release-1-dot-8/src/julia.h:1839 [inlined]
start_task at /cache/build/default-amdci4-6/julialang/julia-release-1-dot-8/src/task.c:931
Allocations: 33778979 (Pool: 33748078; Big: 30901); GC: 24
============================= JOB FEEDBACK =============================
Job ID: 370939
Cluster: helix
User/Group: hd_ku269/hd_hd
State: FAILED (exit code 0)
Nodes: 1
Cores per node: 64
CPU Utilized: 3-02:58:58
CPU Efficiency: 86.22% of 3-14:58:08 core-walltime
Job Wall-clock time: 01:21:32
Memory Utilized: 119.54 GB
Memory Efficiency: 79.69% of 150.00 GB
