  Activating project at `/gpfs/bwfor/work/ws/hd_ku269-light_cones/WorkingFolder`
Added MKL.jl
Project LightCones v0.1.0
Status `/gpfs/bwfor/work/ws/hd_ku269-light_cones/WorkingFolder/Project.toml`
  [7d9fca2a] Arpack v0.5.3
  [7073ff75] IJulia v1.23.3
  [033835bb] JLD2 v0.4.25
  [0b1a1467] KrylovKit v0.6.0
  [d3d80556] LineSearches v7.2.0
  [33e6dc65] MKL v0.6.0
  [429524aa] Optim v1.7.3
  [91a5bcdd] Plots v1.35.5
  [c3e4b0f8] Pluto v0.19.14
  [3c0b384b] QuantumInformation v0.4.9
  [189a3867] Reexport v1.2.2
  [295af30f] Revise v3.4.0
  [ebcc8a00] SpinSymmetry v0.3.3
  [59d54670] ThreadedSparseArrays v0.2.2
  [ade2ca70] Dates
  [8ba89e20] Distributed
  [37e2e46d] LinearAlgebra
  [de0858da] Printf
  [9a3f8284] Random
  [1a1011a3] SharedArrays
  [2f01184e] SparseArrays
  [10745b16] Statistics
[2022-11-28T14:44:47.676]**********RANDOM FIELDS**********
shared_krylov.jl
Working Directory:          /gpfs/bwfor/work/ws/hd_ku269-light_cones/WorkingFolder
SLURM Directory:            /gpfs/bwfor/work/ws/hd_ku269-light_cones/WorkingFolder 
Running on host:            o01n17
Job id:                     369410
Job name:                   otoc_simulation_N15_EDTR
Number of nodes allocated:  
Number of cores allocated:  1
#threads of Julia:          20
#threads of BLAS:           20
ARGS = ["15", "1", "z", "0"]
LOCATION = "/gpfs/bwfor/work/ws/hd_ku269-logs/LightCones/2022-11-28"
N = 15
SHOTS = 1
OBSERVABLE = "z"
DISORDER_PARAM = 0.0
[2022-11-28T14:44:47.868]**********Running simulation**********
[2022-11-28T14:44:47.876]trange = [0.0, 0.1, 0.2, 0.3]
[2022-11-28T14:44:48.201]A = σz
[2022-11-28T14:44:50.137]Created Hamiltonian for Shot 1
[2022-11-28T15:35:45.196]Diagonalized H.
[2022-11-29T12:29:44.475]Completed Shot 1
[2022-11-29T12:29:44.476]**********Simulation completed!**********
[2022-11-29T12:29:44.476]**********Saving**********
[2022-11-29T12:29:48.768]Save directory: /gpfs/bwfor/work/ws/hd_ku269-logs/LightCones/2022-11-28 does not exist. Creating!
[2022-11-29T12:29:48.771]Saving file: /gpfs/bwfor/work/ws/hd_ku269-logs/LightCones/2022-11-28/369410_N15_ED.jld2
[2022-11-29T12:29:50.221]**********Run completed!**********
============================= JOB FEEDBACK =============================
Job ID: 369410
Cluster: helix
User/Group: hd_ku269/hd_hd
State: COMPLETED (exit code 0)
Nodes: 1
Cores per node: 20
CPU Utilized: 17-17:25:32
CPU Efficiency: 97.78% of 18-03:04:40 core-walltime
Job Wall-clock time: 21:45:14
Memory Utilized: 1.10 TB
Memory Efficiency: 62.84% of 1.76 TB
