Added MKL.jl
Project LightCones v0.1.0
Status `/gpfs/bwfor/work/ws/hd_ku269-light_cones/WorkingFolder/Project.toml`
⌃ [7d9fca2a] Arpack v0.5.3
⌃ [7073ff75] IJulia v1.23.3
⌃ [033835bb] JLD2 v0.4.25
  [0b1a1467] KrylovKit v0.6.0
  [d3d80556] LineSearches v7.2.0
  [33e6dc65] MKL v0.6.0
⌃ [429524aa] Optim v1.7.3
⌃ [91a5bcdd] Plots v1.35.5
⌃ [c3e4b0f8] Pluto v0.19.14
  [3c0b384b] QuantumInformation v0.4.9
  [189a3867] Reexport v1.2.2
⌃ [295af30f] Revise v3.4.0
  [ebcc8a00] SpinSymmetry v0.3.3
  [59d54670] ThreadedSparseArrays v0.2.2
  [ade2ca70] Dates
  [8ba89e20] Distributed
  [37e2e46d] LinearAlgebra
  [de0858da] Printf
  [9a3f8284] Random
  [1a1011a3] SharedArrays
  [2f01184e] SparseArrays
  [10745b16] Statistics
Info Packages marked with ⌃ have new versions available and may be upgradable.
[2023-01-09T01:06:55.546]**********RANDOM FIELDS**********
shared_krylov.jl
Working Directory:          /gpfs/bwfor/work/ws/hd_ku269-light_cones/WorkingFolder
SLURM Directory:            /gpfs/bwfor/work/ws/hd_ku269-light_cones/WorkingFolder 
Running on host:            m06n17
Job id:                     468799
Job name:                   otoc_simulation_N11_TR_FIDONLY
Number of nodes allocated:  
Number of cores allocated:  1
#threads of Julia:          64
#threads of BLAS:           1
ARGS = ["11", "10", "50", "BS", "x", "3", "100", "WAHUHA"]
LOCATION = "/gpfs/bwfor/work/ws/hd_ku269-logs/LightCones/2023-01-09"
N = 11
SHOTS = 10
MULT_RANDOM_STATES = true
N_RANDOM_STATES = 50
TYPE_OF_RS = "BS"
OBSERVABLE = "x"
DISORDER_PARAM = 3.0
[2023-01-09T01:06:55.708]**********Running simulation**********
[2023-01-09T01:06:55.758]trange = 0.1:0.1:20.0
[2023-01-09T01:06:56.059]A = σx
[2023-01-09T01:06:56.456]alpha=6
[2023-01-09T01:06:56.456]PBC
4[2023-01-09T01:06:58.740]Operations set up.
Using multiple states.
4402.267437 seconds (2.52 G allocations: 6.327 TiB, 12.34% gc time, 0.11% compilation time)
[2023-01-09T02:20:34.968]Completed Shot 1, state 20
4407.720840 seconds (2.53 G allocations: 6.336 TiB, 12.36% gc time, 0.09% compilation time)
[2023-01-09T02:20:41.164]Completed Shot 1, state 37
4413.954204 seconds (2.53 G allocations: 6.338 TiB, 12.36% gc time, 0.21% compilation time)
[2023-01-09T02:20:42.129]Completed Shot 1, state 24
4415.502218 seconds (2.53 G allocations: 6.342 TiB, 12.35% gc time, 0.21% compilation time)
[2023-01-09T02:20:43.676]Completed Shot 1, state 34
4412.071066 seconds (2.53 G allocations: 6.347 TiB, 12.35% gc time, 0.08% compilation time)
[2023-01-09T02:20:45.963]Completed Shot 1, state 43
4413.491843 seconds (2.53 G allocations: 6.351 TiB, 12.35% gc time, 0.08% compilation time)
[2023-01-09T02:20:47.386]Completed Shot 1, state 31
4423.710483 seconds (2.53 G allocations: 6.356 TiB, 12.38% gc time, 0.21% compilation time)
[2023-01-09T02:20:51.885]Completed Shot 1, state 2
4419.501688 seconds (2.53 G allocations: 6.356 TiB, 12.39% gc time, 0.11% compilation time)
[2023-01-09T02:20:52.164]Completed Shot 1, state 12
4424.189796 seconds (2.53 G allocations: 6.357 TiB, 12.38% gc time, 0.21% compilation time)
[2023-01-09T02:20:52.332]Completed Shot 1, state 1
4419.206180 seconds (2.53 G allocations: 6.358 TiB, 12.38% gc time, 0.09% compilation time)
[2023-01-09T02:20:52.656]Completed Shot 1, state 45
4419.198062 seconds (2.53 G allocations: 6.358 TiB, 12.38% gc time, 0.09% compilation time)
[2023-01-09T02:20:52.716]Completed Shot 1, state 33
4421.002547 seconds (2.54 G allocations: 6.360 TiB, 12.38% gc time, 0.11% compilation time)
[2023-01-09T02:20:53.653]Completed Shot 1, state 16
4425.723827 seconds (2.54 G allocations: 6.361 TiB, 12.37% gc time, 0.21% compilation time)
[2023-01-09T02:20:53.866]Completed Shot 1, state 40
4425.988864 seconds (2.54 G allocations: 6.362 TiB, 12.37% gc time, 0.21% compilation time)
[2023-01-09T02:20:54.164]Completed Shot 1, state 17
4420.676587 seconds (2.54 G allocations: 6.362 TiB, 12.38% gc time, 0.09% compilation time)
[2023-01-09T02:20:54.194]Completed Shot 1, state 39
4420.715583 seconds (2.54 G allocations: 6.362 TiB, 12.38% gc time, 0.08% compilation time)
[2023-01-09T02:20:54.409]Completed Shot 1, state 30
4426.315401 seconds (2.54 G allocations: 6.362 TiB, 12.37% gc time, 0.21% compilation time)
[2023-01-09T02:20:54.457]Completed Shot 1, state 26
4420.572679 seconds (2.54 G allocations: 6.362 TiB, 12.38% gc time, 0.08% compilation time)
[2023-01-09T02:20:54.464]Completed Shot 1, state 22
4420.953215 seconds (2.54 G allocations: 6.362 TiB, 12.37% gc time, 0.09% compilation time)
[2023-01-09T02:20:54.497]Completed Shot 1, state 50
4422.011915 seconds (2.54 G allocations: 6.363 TiB, 12.38% gc time, 0.11% compilation time)
[2023-01-09T02:20:54.674]Completed Shot 1, state 25
4426.830452 seconds (2.54 G allocations: 6.364 TiB, 12.37% gc time, 0.21% compilation time)
[2023-01-09T02:20:55.005]Completed Shot 1, state 15
4421.530838 seconds (2.54 G allocations: 6.364 TiB, 12.37% gc time, 0.09% compilation time)
[2023-01-09T02:20:55.049]Completed Shot 1, state 4
4427.140101 seconds (2.54 G allocations: 6.364 TiB, 12.37% gc time, 0.21% compilation time)
[2023-01-09T02:20:55.315]Completed Shot 1, state 29
4422.079425 seconds (2.54 G allocations: 6.365 TiB, 12.37% gc time, 0.08% compilation time)
[2023-01-09T02:20:55.782]Completed Shot 1, state 9
4424.993539 seconds (2.54 G allocations: 6.368 TiB, 12.39% gc time, 0.10% compilation time)
[2023-01-09T02:20:58.001]Completed Shot 1, state 10
4424.696036 seconds (2.54 G allocations: 6.368 TiB, 12.39% gc time, 0.09% compilation time)
[2023-01-09T02:20:58.212]Completed Shot 1, state 11
4425.002380 seconds (2.54 G allocations: 6.369 TiB, 12.39% gc time, 0.09% compilation time)
[2023-01-09T02:20:58.518]Completed Shot 1, state 13
4430.544217 seconds (2.54 G allocations: 6.369 TiB, 12.38% gc time, 0.21% compilation time)
[2023-01-09T02:20:58.718]Completed Shot 1, state 47
4425.696601 seconds (2.54 G allocations: 6.370 TiB, 12.38% gc time, 0.09% compilation time)
[2023-01-09T02:20:59.237]Completed Shot 1, state 41
4425.944727 seconds (2.54 G allocations: 6.371 TiB, 12.38% gc time, 0.09% compilation time)
[2023-01-09T02:20:59.482]Completed Shot 1, state 28
4426.631080 seconds (2.54 G allocations: 6.372 TiB, 12.38% gc time, 0.09% compilation time)
[2023-01-09T02:21:00.173]Completed Shot 1, state 14
4426.536782 seconds (2.54 G allocations: 6.372 TiB, 12.38% gc time, 0.08% compilation time)
[2023-01-09T02:21:00.231]Completed Shot 1, state 48
4426.948355 seconds (2.54 G allocations: 6.373 TiB, 12.38% gc time, 0.09% compilation time)
[2023-01-09T02:21:00.492]Completed Shot 1, state 35
4427.156397 seconds (2.54 G allocations: 6.373 TiB, 12.38% gc time, 0.09% compilation time)
[2023-01-09T02:21:00.607]Completed Shot 1, state 19
4427.958852 seconds (2.54 G allocations: 6.373 TiB, 12.39% gc time, 0.11% compilation time)
[2023-01-09T02:21:00.648]Completed Shot 1, state 44
4427.657255 seconds (2.54 G allocations: 6.374 TiB, 12.38% gc time, 0.09% compilation time)
[2023-01-09T02:21:01.199]Completed Shot 1, state 21
4433.496616 seconds (2.54 G allocations: 6.375 TiB, 12.37% gc time, 0.21% compilation time)
[2023-01-09T02:21:01.671]Completed Shot 1, state 42
4428.495381 seconds (2.54 G allocations: 6.375 TiB, 12.38% gc time, 0.09% compilation time)
[2023-01-09T02:21:01.946]Completed Shot 1, state 5
4430.183310 seconds (2.54 G allocations: 6.376 TiB, 12.38% gc time, 0.08% compilation time)
[2023-01-09T02:21:04.079]Completed Shot 1, state 32
4432.167241 seconds (2.54 G allocations: 6.377 TiB, 12.39% gc time, 0.11% compilation time)
[2023-01-09T02:21:04.844]Completed Shot 1, state 6
4437.311097 seconds (2.54 G allocations: 6.378 TiB, 12.37% gc time, 0.21% compilation time)
[2023-01-09T02:21:05.453]Completed Shot 1, state 36
4432.957977 seconds (2.54 G allocations: 6.379 TiB, 12.38% gc time, 0.09% compilation time)
[2023-01-09T02:21:06.409]Completed Shot 1, state 46
4438.685292 seconds (2.54 G allocations: 6.379 TiB, 12.37% gc time, 0.21% compilation time)
[2023-01-09T02:21:06.827]Completed Shot 1, state 27
4433.001971 seconds (2.54 G allocations: 6.379 TiB, 12.38% gc time, 0.08% compilation time)
[2023-01-09T02:21:06.892]Completed Shot 1, state 23
4434.812373 seconds (2.54 G allocations: 6.379 TiB, 12.39% gc time, 0.11% compilation time)
[2023-01-09T02:21:07.463]Completed Shot 1, state 3
4435.384163 seconds (2.54 G allocations: 6.380 TiB, 12.37% gc time, 0.09% compilation time)
[2023-01-09T02:21:08.834]Completed Shot 1, state 49
4435.205021 seconds (2.54 G allocations: 6.380 TiB, 12.38% gc time, 0.08% compilation time)
[2023-01-09T02:21:09.098]Completed Shot 1, state 18
4435.710564 seconds (2.54 G allocations: 6.380 TiB, 12.37% gc time, 0.09% compilation time)
[2023-01-09T02:21:09.249]Completed Shot 1, state 8
4441.375370 seconds (2.54 G allocations: 6.380 TiB, 12.37% gc time, 0.21% compilation time)
[2023-01-09T02:21:09.517]Completed Shot 1, state 38
4437.474212 seconds (2.54 G allocations: 6.380 TiB, 12.38% gc time, 0.11% compilation time)
[2023-01-09T02:21:10.136]Completed Shot 1, state 7
3638.244455 seconds (2.56 G allocations: 6.416 TiB, 14.84% gc time)
[2023-01-09T03:21:48.384]Completed Shot 2, state 14
3643.344935 seconds (2.57 G allocations: 6.424 TiB, 14.85% gc time)
[2023-01-09T03:21:53.484]Completed Shot 2, state 15
3644.157181 seconds (2.57 G allocations: 6.426 TiB, 14.85% gc time)
[2023-01-09T03:21:54.295]Completed Shot 2, state 2
3644.296304 seconds (2.57 G allocations: 6.426 TiB, 14.85% gc time)
[2023-01-09T03:21:54.437]Completed Shot 2, state 28
3644.911034 seconds (2.57 G allocations: 6.428 TiB, 14.85% gc time)
[2023-01-09T03:21:55.052]Completed Shot 2, state 39
3644.983045 seconds (2.57 G allocations: 6.428 TiB, 14.85% gc time)
[2023-01-09T03:21:55.124]Completed Shot 2, state 32
3645.563191 seconds (2.57 G allocations: 6.429 TiB, 14.84% gc time)
[2023-01-09T03:21:55.704]Completed Shot 2, state 43
3645.573647 seconds (2.57 G allocations: 6.429 TiB, 14.84% gc time)
[2023-01-09T03:21:55.713]Completed Shot 2, state 16
3645.857533 seconds (2.57 G allocations: 6.430 TiB, 14.84% gc time)
[2023-01-09T03:21:55.996]Completed Shot 2, state 11
3645.888801 seconds (2.57 G allocations: 6.430 TiB, 14.84% gc time)
[2023-01-09T03:21:56.029]Completed Shot 2, state 23
3645.987284 seconds (2.57 G allocations: 6.430 TiB, 14.84% gc time)
[2023-01-09T03:21:56.126]Completed Shot 2, state 7
3645.985728 seconds (2.57 G allocations: 6.430 TiB, 14.84% gc time)
[2023-01-09T03:21:56.126]Completed Shot 2, state 36
3646.717170 seconds (2.57 G allocations: 6.432 TiB, 14.84% gc time)
[2023-01-09T03:21:56.858]Completed Shot 2, state 38
3646.874932 seconds (2.57 G allocations: 6.433 TiB, 14.84% gc time)
[2023-01-09T03:21:57.016]Completed Shot 2, state 41
3647.028038 seconds (2.57 G allocations: 6.433 TiB, 14.84% gc time)
[2023-01-09T03:21:57.167]Completed Shot 2, state 12
3647.083355 seconds (2.57 G allocations: 6.433 TiB, 14.84% gc time)
[2023-01-09T03:21:57.224]Completed Shot 2, state 27
3647.220046 seconds (2.57 G allocations: 6.434 TiB, 14.84% gc time)
[2023-01-09T03:21:57.358]Completed Shot 2, state 1
3647.286764 seconds (2.57 G allocations: 6.434 TiB, 14.84% gc time)
[2023-01-09T03:21:57.428]Completed Shot 2, state 31
3647.369125 seconds (2.57 G allocations: 6.434 TiB, 14.84% gc time)
[2023-01-09T03:21:57.510]Completed Shot 2, state 33
3647.439645 seconds (2.57 G allocations: 6.434 TiB, 14.84% gc time)
[2023-01-09T03:21:57.580]Completed Shot 2, state 37
3647.590889 seconds (2.57 G allocations: 6.434 TiB, 14.84% gc time)
[2023-01-09T03:21:57.731]Completed Shot 2, state 21
3647.607258 seconds (2.57 G allocations: 6.435 TiB, 14.84% gc time)
[2023-01-09T03:21:57.747]Completed Shot 2, state 18
3647.800473 seconds (2.57 G allocations: 6.435 TiB, 14.83% gc time)
3647.798986 seconds (2.57 G allocations: 6.435 TiB, 14.83% gc time)
[[2023-01-09T03:21:57.940]Completed Shot 2, state 13
2023-01-09T03:21:57.940]Completed Shot 2, state 42
3647.854816 seconds (2.57 G allocations: 6.435 TiB, 14.83% gc time)
[2023-01-09T03:21:57.994]Completed Shot 2, state 10
3648.263485 seconds (2.57 G allocations: 6.436 TiB, 14.83% gc time)
[2023-01-09T03:21:58.405]Completed Shot 2, state 45
3649.259151 seconds (2.57 G allocations: 6.436 TiB, 14.85% gc time)
[2023-01-09T03:21:59.399]Completed Shot 2, state 25
3649.514140 seconds (2.57 G allocations: 6.437 TiB, 14.85% gc time)
[2023-01-09T03:21:59.654]Completed Shot 2, state 29
3649.577196 seconds (2.57 G allocations: 6.437 TiB, 14.85% gc time)
[2023-01-09T03:21:59.718]Completed Shot 2, state 50
3649.682523 seconds (2.57 G allocations: 6.437 TiB, 14.85% gc time)
[2023-01-09T03:21:59.824]Completed Shot 2, state 46
3649.923006 seconds (2.57 G allocations: 6.437 TiB, 14.85% gc time)
[2023-01-09T03:22:00.061]Completed Shot 2, state 3
3650.010620 seconds (2.57 G allocations: 6.438 TiB, 14.85% gc time)
[2023-01-09T03:22:00.151]Completed Shot 2, state 24
3650.432415 seconds (2.57 G allocations: 6.438 TiB, 14.85% gc time)
[2023-01-09T03:22:00.572]Completed Shot 2, state 19
3650.620748 seconds (2.57 G allocations: 6.439 TiB, 14.85% gc time)
[2023-01-09T03:22:00.759]Completed Shot 2, state 4
3650.786580 seconds (2.57 G allocations: 6.439 TiB, 14.85% gc time)
[2023-01-09T03:22:00.926]Completed Shot 2, state 17
3650.803538 seconds (2.57 G allocations: 6.439 TiB, 14.85% gc time)
[2023-01-09T03:22:00.945]Completed Shot 2, state 48
3650.810160 seconds (2.57 G allocations: 6.439 TiB, 14.85% gc time)
[2023-01-09T03:22:00.951]Completed Shot 2, state 30
3651.026674 seconds (2.57 G allocations: 6.439 TiB, 14.84% gc time)
[2023-01-09T03:22:01.165]Completed Shot 2, state 8
3651.161586 seconds (2.57 G allocations: 6.439 TiB, 14.84% gc time)
[2023-01-09T03:22:01.302]Completed Shot 2, state 35
3651.505074 seconds (2.57 G allocations: 6.440 TiB, 14.84% gc time)
[2023-01-09T03:22:01.646]Completed Shot 2, state 40
3651.910641 seconds (2.57 G allocations: 6.440 TiB, 14.84% gc time)
[2023-01-09T03:22:02.051]Completed Shot 2, state 34
3652.159887 seconds (2.57 G allocations: 6.440 TiB, 14.84% gc time)
[2023-01-09T03:22:02.301]Completed Shot 2, state 47
3652.841359 seconds (2.57 G allocations: 6.441 TiB, 14.85% gc time)
[2023-01-09T03:22:02.981]Completed Shot 2, state 20
3652.959459 seconds (2.57 G allocations: 6.441 TiB, 14.84% gc time)
[2023-01-09T03:22:03.098]Completed Shot 2, state 5
3653.054093 seconds (2.57 G allocations: 6.441 TiB, 14.84% gc time)
[2023-01-09T03:22:03.194]Completed Shot 2, state 26
3653.407324 seconds (2.57 G allocations: 6.441 TiB, 14.84% gc time)
[2023-01-09T03:22:03.547]Completed Shot 2, state 22
3653.592162 seconds (2.57 G allocations: 6.441 TiB, 14.84% gc time)
[2023-01-09T03:22:03.731]Completed Shot 2, state 9
3653.750569 seconds (2.57 G allocations: 6.441 TiB, 14.84% gc time)
[2023-01-09T03:22:03.889]Completed Shot 2, state 6
3654.076867 seconds (2.57 G allocations: 6.441 TiB, 14.84% gc time)
[2023-01-09T03:22:04.218]Completed Shot 2, state 49
3654.213893 seconds (2.57 G allocations: 6.441 TiB, 14.84% gc time)
[2023-01-09T03:22:04.355]Completed Shot 2, state 44
3562.789451 seconds (2.54 G allocations: 6.366 TiB, 14.34% gc time)
[2023-01-09T04:21:27.149]Completed Shot 3, state 26
3563.447280 seconds (2.54 G allocations: 6.367 TiB, 14.34% gc time)
[2023-01-09T04:21:27.808]Completed Shot 3, state 38
3564.453198 seconds (2.54 G allocations: 6.370 TiB, 14.33% gc time)
[2023-01-09T04:21:28.810]Completed Shot 3, state 3
3564.688330 seconds (2.54 G allocations: 6.370 TiB, 14.33% gc time)
[2023-01-09T04:21:29.046]Completed Shot 3, state 5
3566.562572 seconds (2.54 G allocations: 6.375 TiB, 14.32% gc time)
[2023-01-09T04:21:30.923]Completed Shot 3, state 32
3568.255721 seconds (2.54 G allocations: 6.376 TiB, 14.35% gc time)
[2023-01-09T04:21:32.615]Completed Shot 3, state 22
3569.154040 seconds (2.54 G allocations: 6.378 TiB, 14.35% gc time)
[2023-01-09T04:21:33.514]Completed Shot 3, state 41
3569.734145 seconds (2.54 G allocations: 6.379 TiB, 14.34% gc time)
[2023-01-09T04:21:34.093]Completed Shot 3, state 19
3569.826168 seconds (2.54 G allocations: 6.380 TiB, 14.34% gc time)
[2023-01-09T04:21:34.186]Completed Shot 3, state 35
3569.844214 seconds (2.54 G allocations: 6.380 TiB, 14.34% gc time)
[2023-01-09T04:21:34.204]Completed Shot 3, state 37
3569.982085 seconds (2.54 G allocations: 6.380 TiB, 14.34% gc time)
[2023-01-09T04:21:34.342]Completed Shot 3, state 31
3570.203052 seconds (2.54 G allocations: 6.381 TiB, 14.34% gc time)
[2023-01-09T04:21:34.563]Completed Shot 3, state 43
3570.406610 seconds (2.54 G allocations: 6.381 TiB, 14.34% gc time)
[2023-01-09T04:21:34.764]Completed Shot 3, state 6
3570.640892 seconds (2.54 G allocations: 6.382 TiB, 14.34% gc time)
[2023-01-09T04:21:35]Completed Shot 3, state 29
3570.825678 seconds (2.54 G allocations: 6.382 TiB, 14.34% gc time)
[2023-01-09T04:21:35.183]Completed Shot 3, state 9
3570.919717 seconds (2.54 G allocations: 6.382 TiB, 14.34% gc time)
[2023-01-09T04:21:35.280]Completed Shot 3, state 48
3571.306297 seconds (2.54 G allocations: 6.383 TiB, 14.34% gc time)
[2023-01-09T04:21:35.664]Completed Shot 3, state 16
3571.817354 seconds (2.54 G allocations: 6.385 TiB, 14.34% gc time)
[2023-01-09T04:21:36.177]Completed Shot 3, state 36
3571.817910 seconds (2.54 G allocations: 6.385 TiB, 14.34% gc time)
[2023-01-09T04:21:36.178]Completed Shot 3, state 34
3571.818340 seconds (2.54 G allocations: 6.385 TiB, 14.34% gc time)
[2023-01-09T04:21:36.178]Completed Shot 3, state 33
3571.886661 seconds (2.54 G allocations: 6.385 TiB, 14.34% gc time)
[2023-01-09T04:21:36.247]Completed Shot 3, state 50
3573.118307 seconds (2.54 G allocations: 6.386 TiB, 14.35% gc time)
[2023-01-09T04:21:37.477]Completed Shot 3, state 23
3573.131754 seconds (2.54 G allocations: 6.386 TiB, 14.35% gc time)
[2023-01-09T04:21:37.492]Completed Shot 3, state 47
3573.197143 seconds (2.54 G allocations: 6.386 TiB, 14.35% gc time)
3573.197571 seconds (2.54 G allocations: 6.386 TiB, 14.35% gc time)
[[2023-01-09T04:21:37.554]Completed Shot 3, state 8
2023-01-09T04:21:37.554]Completed Shot 3, state 4
3573.684545 seconds (2.54 G allocations: 6.387 TiB, 14.35% gc time)
[2023-01-09T04:21:38.042]Completed Shot 3, state 13
3573.849873 seconds (2.54 G allocations: 6.387 TiB, 14.35% gc time)
[2023-01-09T04:21:38.207]Completed Shot 3, state 7
3573.924046 seconds (2.54 G allocations: 6.388 TiB, 14.35% gc time)
[2023-01-09T04:21:38.284]Completed Shot 3, state 44
3573.929830 seconds (2.54 G allocations: 6.388 TiB, 14.35% gc time)
[2023-01-09T04:21:38.290]Completed Shot 3, state 46
3574.162330 seconds (2.54 G allocations: 6.388 TiB, 14.35% gc time)
[2023-01-09T04:21:38.519]Completed Shot 3, state 2
3574.706745 seconds (2.54 G allocations: 6.389 TiB, 14.34% gc time)
[2023-01-09T04:21:39.065]Completed Shot 3, state 20
3574.776679 seconds (2.54 G allocations: 6.389 TiB, 14.34% gc time)
[2023-01-09T04:21:39.136]Completed Shot 3, state 25
3574.823432 seconds (2.54 G allocations: 6.389 TiB, 14.34% gc time)
[2023-01-09T04:21:39.183]Completed Shot 3, state 28
3575.052449 seconds (2.54 G allocations: 6.390 TiB, 14.34% gc time)
[2023-01-09T04:21:39.410]Completed Shot 3, state 12
3575.175536 seconds (2.54 G allocations: 6.390 TiB, 14.34% gc time)
3575.175530 seconds (2.54 G allocations: 6.390 TiB, 14.34% gc time)
[[2023-01-09T04:21:39.5362023-01-09T04:21:39.536]Completed Shot 3, state 49]Completed Shot 3, state 45

3575.390255 seconds (2.55 G allocations: 6.390 TiB, 14.34% gc time)
[2023-01-09T04:21:39.749]Completed Shot 3, state 24
3575.391899 seconds (2.55 G allocations: 6.390 TiB, 14.34% gc time)
[2023-01-09T04:21:39.750]Completed Shot 3, state 15
3575.459488 seconds (2.55 G allocations: 6.390 TiB, 14.34% gc time)
[2023-01-09T04:21:39.818]Completed Shot 3, state 18
3575.458408 seconds (2.55 G allocations: 6.390 TiB, 14.34% gc time)
[2023-01-09T04:21:39.818]Completed Shot 3, state 42
3576.368085 seconds (2.55 G allocations: 6.391 TiB, 14.34% gc time)
[2023-01-09T04:21:40.727]Completed Shot 3, state 27
3576.505211 seconds (2.55 G allocations: 6.391 TiB, 14.34% gc time)
[2023-01-09T04:21:40.864]Completed Shot 3, state 21
3576.557717 seconds (2.55 G allocations: 6.391 TiB, 14.34% gc time)
[2023-01-09T04:21:40.915]Completed Shot 3, state 11
3576.598342 seconds (2.55 G allocations: 6.391 TiB, 14.34% gc time)
[2023-01-09T04:21:40.957]Completed Shot 3, state 17
3576.963480 seconds (2.55 G allocations: 6.391 TiB, 14.34% gc time)
[2023-01-09T04:21:41.321]Completed Shot 3, state 14
3577.275830 seconds (2.55 G allocations: 6.391 TiB, 14.34% gc time)
[2023-01-09T04:21:41.636]Completed Shot 3, state 40
3577.279321 seconds (2.55 G allocations: 6.391 TiB, 14.34% gc time)
[2023-01-09T04:21:41.636]Completed Shot 3, state 1
3577.296638 seconds (2.55 G allocations: 6.391 TiB, 14.34% gc time)
[2023-01-09T04:21:41.656]Completed Shot 3, state 30
3579.523279 seconds (2.55 G allocations: 6.392 TiB, 14.33% gc time)
[2023-01-09T04:21:43.881]Completed Shot 3, state 10
3579.891849 seconds (2.55 G allocations: 6.392 TiB, 14.33% gc time)
[2023-01-09T04:21:44.252]Completed Shot 3, state 39
3470.738094 seconds (2.53 G allocations: 6.342 TiB, 14.95% gc time)
[2023-01-09T05:19:34.993]Completed Shot 4, state 7
3476.823237 seconds (2.53 G allocations: 6.353 TiB, 14.95% gc time)
[2023-01-09T05:19:41.079]Completed Shot 4, state 12
3477.037858 seconds (2.53 G allocations: 6.354 TiB, 14.95% gc time)
[2023-01-09T05:19:41.295]Completed Shot 4, state 24
3477.135518 seconds (2.53 G allocations: 6.354 TiB, 14.95% gc time)
[2023-01-09T05:19:41.395]Completed Shot 4, state 46
3478.181197 seconds (2.53 G allocations: 6.357 TiB, 14.94% gc time)
[2023-01-09T05:19:42.436]Completed Shot 4, state 8
3478.996062 seconds (2.53 G allocations: 6.358 TiB, 14.94% gc time)
[2023-01-09T05:19:43.252]Completed Shot 4, state 14
3481.059915 seconds (2.53 G allocations: 6.361 TiB, 14.95% gc time)
[2023-01-09T05:19:45.318]Completed Shot 4, state 28
3481.171345 seconds (2.53 G allocations: 6.361 TiB, 14.95% gc time)
[2023-01-09T05:19:45.430]Completed Shot 4, state 31
3481.504832 seconds (2.53 G allocations: 6.362 TiB, 14.95% gc time)
[2023-01-09T05:19:45.761]Completed Shot 4, state 17
3482.180460 seconds (2.53 G allocations: 6.364 TiB, 14.94% gc time)
[2023-01-09T05:19:46.439]Completed Shot 4, state 43
3482.837249 seconds (2.53 G allocations: 6.365 TiB, 14.94% gc time)
[2023-01-09T05:19:47.095]Completed Shot 4, state 27
3482.994250 seconds (2.53 G allocations: 6.366 TiB, 14.94% gc time)
[2023-01-09T05:19:47.252]Completed Shot 4, state 22
3484.067221 seconds (2.54 G allocations: 6.368 TiB, 14.94% gc time)
[2023-01-09T05:19:48.325]Completed Shot 4, state 26
3485.104563 seconds (2.54 G allocations: 6.369 TiB, 14.95% gc time)
[2023-01-09T05:19:49.358]Completed Shot 4, state 4
3485.521599 seconds (2.54 G allocations: 6.370 TiB, 14.95% gc time)
[2023-01-09T05:19:49.779]Completed Shot 4, state 29
3485.528792 seconds (2.54 G allocations: 6.370 TiB, 14.95% gc time)
[2023-01-09T05:19:49.787]Completed Shot 4, state 32
3485.664141 seconds (2.54 G allocations: 6.370 TiB, 14.95% gc time)
[2023-01-09T05:19:49.923]Completed Shot 4, state 42
3485.690541 seconds (2.54 G allocations: 6.370 TiB, 14.95% gc time)
[2023-01-09T05:19:49.951]Completed Shot 4, state 48
3485.748544 seconds (2.54 G allocations: 6.370 TiB, 14.95% gc time)
[2023-01-09T05:19:50.007]Completed Shot 4, state 35
3486.296363 seconds (2.54 G allocations: 6.371 TiB, 14.94% gc time)
[2023-01-09T05:19:50.552]Completed Shot 4, state 13
3486.593490 seconds (2.54 G allocations: 6.372 TiB, 14.94% gc time)
[2023-01-09T05:19:50.848]Completed Shot 4, state 10
3486.700411 seconds (2.54 G allocations: 6.372 TiB, 14.94% gc time)
[2023-01-09T05:19:50.960]Completed Shot 4, state 49
3486.724641 seconds (2.54 G allocations: 6.373 TiB, 14.94% gc time)
[2023-01-09T05:19:50.981]Completed Shot 4, state 20
3486.959937 seconds (2.54 G allocations: 6.373 TiB, 14.94% gc time)
[2023-01-09T05:19:51.214]Completed Shot 4, state 6
3486.991201 seconds (2.54 G allocations: 6.373 TiB, 14.94% gc time)
[2023-01-09T05:19:51.248]Completed Shot 4, state 16
3487.273944 seconds (2.54 G allocations: 6.373 TiB, 14.94% gc time)
[2023-01-09T05:19:51.532]Completed Shot 4, state 37
3487.941910 seconds (2.54 G allocations: 6.374 TiB, 14.95% gc time)
[2023-01-09T05:19:52.200]Completed Shot 4, state 36
3488.476646 seconds (2.54 G allocations: 6.375 TiB, 14.94% gc time)
[2023-01-09T05:19:52.730]Completed Shot 4, state 5
3488.529191 seconds (2.54 G allocations: 6.375 TiB, 14.94% gc time)
[2023-01-09T05:19:52.783]Completed Shot 4, state 3
3489.344190 seconds (2.54 G allocations: 6.377 TiB, 14.94% gc time)
[2023-01-09T05:19:53.603]Completed Shot 4, state 44
3489.584067 seconds (2.54 G allocations: 6.377 TiB, 14.94% gc time)
[2023-01-09T05:19:53.841]Completed Shot 4, state 21
3489.609734 seconds (2.54 G allocations: 6.377 TiB, 14.94% gc time)
[2023-01-09T05:19:53.868]Completed Shot 4, state 40
3490.143012 seconds (2.54 G allocations: 6.378 TiB, 14.94% gc time)
[2023-01-09T05:19:54.403]Completed Shot 4, state 50
3490.465368 seconds (2.54 G allocations: 6.378 TiB, 14.94% gc time)
[2023-01-09T05:19:54.722]Completed Shot 4, state 19
3490.688013 seconds (2.54 G allocations: 6.378 TiB, 14.94% gc time)
[2023-01-09T05:19:54.941]Completed Shot 4, state 2
3490.836644 seconds (2.54 G allocations: 6.378 TiB, 14.94% gc time)
[2023-01-09T05:19:55.096]Completed Shot 4, state 45
3490.916672 seconds (2.54 G allocations: 6.378 TiB, 14.94% gc time)
[2023-01-09T05:19:55.175]Completed Shot 4, state 39
3490.997696 seconds (2.54 G allocations: 6.378 TiB, 14.94% gc time)
[2023-01-09T05:19:55.255]Completed Shot 4, state 30
3491.284894 seconds (2.54 G allocations: 6.379 TiB, 14.94% gc time)
[2023-01-09T05:19:55.544]Completed Shot 4, state 41
3491.386082 seconds (2.54 G allocations: 6.379 TiB, 14.94% gc time)
[2023-01-09T05:19:55.641]Completed Shot 4, state 11
3491.457059 seconds (2.54 G allocations: 6.379 TiB, 14.94% gc time)
[2023-01-09T05:19:55.717]Completed Shot 4, state 47
3491.569871 seconds (2.54 G allocations: 6.379 TiB, 14.94% gc time)
[2023-01-09T05:19:55.826]Completed Shot 4, state 15
3491.972431 seconds (2.54 G allocations: 6.379 TiB, 14.94% gc time)
[2023-01-09T05:19:56.229]Completed Shot 4, state 18
3492.565101 seconds (2.54 G allocations: 6.380 TiB, 14.93% gc time)
[2023-01-09T05:19:56.822]Completed Shot 4, state 25
3492.648055 seconds (2.54 G allocations: 6.380 TiB, 14.93% gc time)
[2023-01-09T05:19:56.901]Completed Shot 4, state 1
3492.718361 seconds (2.54 G allocations: 6.380 TiB, 14.93% gc time)
[2023-01-09T05:19:56.977]Completed Shot 4, state 38
3493.557406 seconds (2.54 G allocations: 6.380 TiB, 14.93% gc time)
[2023-01-09T05:19:57.816]Completed Shot 4, state 34
3494.516732 seconds (2.54 G allocations: 6.380 TiB, 14.93% gc time)
[2023-01-09T05:19:58.775]Completed Shot 4, state 33
3495.654101 seconds (2.54 G allocations: 6.380 TiB, 14.93% gc time)
[2023-01-09T05:19:59.909]Completed Shot 4, state 9
3495.738795 seconds (2.54 G allocations: 6.380 TiB, 14.92% gc time)
[2023-01-09T05:19:59.996]Completed Shot 4, state 23
3791.338425 seconds (2.55 G allocations: 6.386 TiB, 13.50% gc time)
[2023-01-09T06:23:11.339]Completed Shot 5, state 27
3801.625248 seconds (2.55 G allocations: 6.406 TiB, 13.50% gc time)
[2023-01-09T06:23:21.626]Completed Shot 5, state 49
3801.637338 seconds (2.56 G allocations: 6.406 TiB, 13.50% gc time)
[2023-01-09T06:23:21.636]Completed Shot 5, state 17
3802.417677 seconds (2.56 G allocations: 6.408 TiB, 13.50% gc time)
[2023-01-09T06:23:22.418]Completed Shot 5, state 50
3804.922871 seconds (2.56 G allocations: 6.414 TiB, 13.49% gc time)
[2023-01-09T06:23:24.922]Completed Shot 5, state 22
3805.292954 seconds (2.56 G allocations: 6.415 TiB, 13.49% gc time)
[2023-01-09T06:23:25.294]Completed Shot 5, state 42
3807.390240 seconds (2.56 G allocations: 6.417 TiB, 13.51% gc time)
[2023-01-09T06:23:27.390]Completed Shot 5, state 24
3809.210771 seconds (2.56 G allocations: 6.421 TiB, 13.51% gc time)
[2023-01-09T06:23:29.211]Completed Shot 5, state 44
3809.618474 seconds (2.56 G allocations: 6.422 TiB, 13.51% gc time)
[2023-01-09T06:23:29.617]Completed Shot 5, state 9
3809.961287 seconds (2.56 G allocations: 6.423 TiB, 13.50% gc time)
[2023-01-09T06:23:29.962]Completed Shot 5, state 39
3810.476600 seconds (2.56 G allocations: 6.424 TiB, 13.50% gc time)
[2023-01-09T06:23:30.476]Completed Shot 5, state 20
3810.520172 seconds (2.56 G allocations: 6.424 TiB, 13.50% gc time)
[2023-01-09T06:23:30.518]Completed Shot 5, state 8
3810.654175 seconds (2.56 G allocations: 6.425 TiB, 13.50% gc time)
[2023-01-09T06:23:30.654]Completed Shot 5, state 35
3810.949580 seconds (2.56 G allocations: 6.425 TiB, 13.50% gc time)
[2023-01-09T06:23:30.948]Completed Shot 5, state 16
3810.985521 seconds (2.56 G allocations: 6.425 TiB, 13.50% gc time)
[2023-01-09T06:23:30.984]Completed Shot 5, state 19
3811.143612 seconds (2.56 G allocations: 6.426 TiB, 13.50% gc time)
[2023-01-09T06:23:31.144]Completed Shot 5, state 45
3811.641204 seconds (2.56 G allocations: 6.427 TiB, 13.50% gc time)
[2023-01-09T06:23:31.639]Completed Shot 5, state 3
3811.963540 seconds (2.56 G allocations: 6.428 TiB, 13.50% gc time)
[2023-01-09T06:23:31.964]Completed Shot 5, state 47
3812.017821 seconds (2.56 G allocations: 6.428 TiB, 13.50% gc time)
[2023-01-09T06:23:32.018]Completed Shot 5, state 40
3812.139938 seconds (2.56 G allocations: 6.428 TiB, 13.50% gc time)
[2023-01-09T06:23:32.139]Completed Shot 5, state 23
3812.205015 seconds (2.56 G allocations: 6.428 TiB, 13.50% gc time)
[2023-01-09T06:23:32.205]Completed Shot 5, state 41
3812.256991 seconds (2.56 G allocations: 6.429 TiB, 13.50% gc time)
[2023-01-09T06:23:32.255]Completed Shot 5, state 12
3812.591578 seconds (2.56 G allocations: 6.429 TiB, 13.50% gc time)
[2023-01-09T06:23:32.589]Completed Shot 5, state 7
3814.021501 seconds (2.56 G allocations: 6.430 TiB, 13.52% gc time)
[2023-01-09T06:23:34.022]Completed Shot 5, state 43
3814.223095 seconds (2.56 G allocations: 6.430 TiB, 13.52% gc time)
[2023-01-09T06:23:34.221]Completed Shot 5, state 5
3814.262805 seconds (2.57 G allocations: 6.430 TiB, 13.52% gc time)
[2023-01-09T06:23:34.262]Completed Shot 5, state 18
3814.423113 seconds (2.57 G allocations: 6.431 TiB, 13.52% gc time)
[2023-01-09T06:23:34.421]Completed Shot 5, state 2
3814.568723 seconds (2.57 G allocations: 6.431 TiB, 13.52% gc time)
[2023-01-09T06:23:34.569]Completed Shot 5, state 46
3814.988918 seconds (2.57 G allocations: 6.432 TiB, 13.52% gc time)
[2023-01-09T06:23:34.987]Completed Shot 5, state 6
3815.196937 seconds (2.57 G allocations: 6.432 TiB, 13.52% gc time)
[2023-01-09T06:23:35.194]Completed Shot 5, state 4
3815.582923 seconds (2.57 G allocations: 6.433 TiB, 13.51% gc time)
[2023-01-09T06:23:35.582]Completed Shot 5, state 21
3815.593099 seconds (2.57 G allocations: 6.433 TiB, 13.51% gc time)
[2023-01-09T06:23:35.593]Completed Shot 5, state 38
3815.723156 seconds (2.57 G allocations: 6.433 TiB, 13.51% gc time)
[2023-01-09T06:23:35.723]Completed Shot 5, state 31
3815.861904 seconds (2.57 G allocations: 6.433 TiB, 13.51% gc time)
[2023-01-09T06:23:35.860]Completed Shot 5, state 11
3816.373356 seconds (2.57 G allocations: 6.434 TiB, 13.51% gc time)
[2023-01-09T06:23:36.373]Completed Shot 5, state 37
3816.419896 seconds (2.57 G allocations: 6.434 TiB, 13.51% gc time)
[2023-01-09T06:23:36.420]Completed Shot 5, state 36
3816.530747 seconds (2.57 G allocations: 6.434 TiB, 13.51% gc time)
[2023-01-09T06:23:36.530]Completed Shot 5, state 26
3816.748781 seconds (2.57 G allocations: 6.435 TiB, 13.51% gc time)
[2023-01-09T06:23:36.748]Completed Shot 5, state 34
3817.144519 seconds (2.57 G allocations: 6.435 TiB, 13.51% gc time)
[2023-01-09T06:23:37.143]Completed Shot 5, state 10
3817.315256 seconds (2.57 G allocations: 6.435 TiB, 13.51% gc time)
[2023-01-09T06:23:37.314]Completed Shot 5, state 14
3818.084683 seconds (2.57 G allocations: 6.436 TiB, 13.52% gc time)
[2023-01-09T06:23:38.082]Completed Shot 5, state 1
3818.195556 seconds (2.57 G allocations: 6.436 TiB, 13.52% gc time)
[2023-01-09T06:23:38.195]Completed Shot 5, state 25
3818.558801 seconds (2.57 G allocations: 6.436 TiB, 13.52% gc time)
[2023-01-09T06:23:38.557]Completed Shot 5, state 15
3819.229025 seconds (2.57 G allocations: 6.437 TiB, 13.51% gc time)
[2023-01-09T06:23:39.228]Completed Shot 5, state 28
3819.371248 seconds (2.57 G allocations: 6.437 TiB, 13.51% gc time)
[2023-01-09T06:23:39.371]Completed Shot 5, state 30
3819.534384 seconds (2.57 G allocations: 6.437 TiB, 13.51% gc time)
[2023-01-09T06:23:39.534]Completed Shot 5, state 33
3820.705770 seconds (2.57 G allocations: 6.437 TiB, 13.51% gc time)
[2023-01-09T06:23:40.704]Completed Shot 5, state 13
3821.876365 seconds (2.57 G allocations: 6.438 TiB, 13.51% gc time)
[2023-01-09T06:23:41.876]Completed Shot 5, state 32
  Activating project at `/gpfs/bwfor/work/ws/hd_ku269-light_cones/WorkingFolder`
3826.094184 seconds (2.57 G allocations: 6.438 TiB, 13.49% gc time)
[2023-01-09T06:23:46.096]Completed Shot 5, state 48
3827.263019 seconds (2.57 G allocations: 6.439 TiB, 13.49% gc time)
[2023-01-09T06:23:47.262]Completed Shot 5, state 29
3858.408944 seconds (2.57 G allocations: 6.427 TiB, 13.58% gc time)
[2023-01-09T07:28:05.682]Completed Shot 6, state 42
3858.600339 seconds (2.57 G allocations: 6.428 TiB, 13.58% gc time)
[2023-01-09T07:28:05.867]Completed Shot 6, state 8
3860.150900 seconds (2.57 G allocations: 6.431 TiB, 13.58% gc time)
[2023-01-09T07:28:07.419]Completed Shot 6, state 17
3861.384355 seconds (2.57 G allocations: 6.434 TiB, 13.57% gc time)
[2023-01-09T07:28:08.657]Completed Shot 6, state 44
3861.787607 seconds (2.57 G allocations: 6.435 TiB, 13.57% gc time)
[2023-01-09T07:28:09.053]Completed Shot 6, state 2
3864.534380 seconds (2.57 G allocations: 6.438 TiB, 13.60% gc time)
[2023-01-09T07:28:11.802]Completed Shot 6, state 15
3864.631348 seconds (2.57 G allocations: 6.438 TiB, 13.60% gc time)
[2023-01-09T07:28:11.899]Completed Shot 6, state 13
3864.845593 seconds (2.57 G allocations: 6.438 TiB, 13.60% gc time)
[2023-01-09T07:28:12.118]Completed Shot 6, state 35
3864.910992 seconds (2.57 G allocations: 6.439 TiB, 13.60% gc time)
[2023-01-09T07:28:12.183]Completed Shot 6, state 40
3865.683571 seconds (2.57 G allocations: 6.440 TiB, 13.59% gc time)
[2023-01-09T07:28:12.956]Completed Shot 6, state 43
3866.386153 seconds (2.57 G allocations: 6.442 TiB, 13.59% gc time)
[2023-01-09T07:28:13.655]Completed Shot 6, state 19
3866.663757 seconds (2.57 G allocations: 6.443 TiB, 13.59% gc time)
[2023-01-09T07:28:13.931]Completed Shot 6, state 12
3868.577144 seconds (2.57 G allocations: 6.448 TiB, 13.58% gc time)
[2023-01-09T07:28:15.849]Completed Shot 6, state 45
3870.358373 seconds (2.58 G allocations: 6.450 TiB, 13.60% gc time)
[2023-01-09T07:28:17.630]Completed Shot 6, state 38
3870.559786 seconds (2.58 G allocations: 6.450 TiB, 13.60% gc time)
[2023-01-09T07:28:17.831]Completed Shot 6, state 30
3870.650417 seconds (2.58 G allocations: 6.451 TiB, 13.60% gc time)
[2023-01-09T07:28:17.921]Completed Shot 6, state 27
3870.691343 seconds (2.58 G allocations: 6.451 TiB, 13.60% gc time)
[2023-01-09T07:28:17.963]Completed Shot 6, state 32
3870.700644 seconds (2.58 G allocations: 6.451 TiB, 13.60% gc time)
[2023-01-09T07:28:17.967]Completed Shot 6, state 7
3870.742934 seconds (2.58 G allocations: 6.451 TiB, 13.60% gc time)
[2023-01-09T07:28:18.015]Completed Shot 6, state 47
3870.806166 seconds (2.58 G allocations: 6.451 TiB, 13.60% gc time)
[2023-01-09T07:28:18.073]Completed Shot 6, state 10
3871.190925 seconds (2.58 G allocations: 6.452 TiB, 13.60% gc time)
[2023-01-09T07:28:18.460]Completed Shot 6, state 20
3871.558687 seconds (2.58 G allocations: 6.453 TiB, 13.59% gc time)
[2023-01-09T07:28:18.824]Completed Shot 6, state 3
3871.645839 seconds (2.58 G allocations: 6.453 TiB, 13.59% gc time)
[2023-01-09T07:28:18.916]Completed Shot 6, state 26
3871.802013 seconds (2.58 G allocations: 6.453 TiB, 13.59% gc time)
[2023-01-09T07:28:19.069]Completed Shot 6, state 11
3872.291300 seconds (2.58 G allocations: 6.454 TiB, 13.59% gc time)
[2023-01-09T07:28:19.564]Completed Shot 6, state 46
3872.522253 seconds (2.58 G allocations: 6.455 TiB, 13.59% gc time)
[2023-01-09T07:28:19.795]Completed Shot 6, state 49
3872.563219 seconds (2.58 G allocations: 6.455 TiB, 13.59% gc time)
[2023-01-09T07:28:19.833]Completed Shot 6, state 25
3872.679205 seconds (2.58 G allocations: 6.455 TiB, 13.59% gc time)
[2023-01-09T07:28:19.945]Completed Shot 6, state 5
3872.929478 seconds (2.58 G allocations: 6.455 TiB, 13.59% gc time)
[2023-01-09T07:28:20.202]Completed Shot 6, state 36
3873.200021 seconds (2.58 G allocations: 6.456 TiB, 13.59% gc time)
[2023-01-09T07:28:20.472]Completed Shot 6, state 41
3873.437363 seconds (2.58 G allocations: 6.456 TiB, 13.59% gc time)
[2023-01-09T07:28:20.709]Completed Shot 6, state 33
3873.487321 seconds (2.58 G allocations: 6.456 TiB, 13.59% gc time)
[2023-01-09T07:28:20.758]Completed Shot 6, state 28
3873.771478 seconds (2.58 G allocations: 6.457 TiB, 13.59% gc time)
[2023-01-09T07:28:21.043]Completed Shot 6, state 34
3874.946933 seconds (2.58 G allocations: 6.458 TiB, 13.60% gc time)
[2023-01-09T07:28:22.215]Completed Shot 6, state 18
3875.397678 seconds (2.58 G allocations: 6.458 TiB, 13.60% gc time)
[2023-01-09T07:28:22.669]Completed Shot 6, state 29
3875.405100 seconds (2.58 G allocations: 6.459 TiB, 13.60% gc time)
[2023-01-09T07:28:22.670]Completed Shot 6, state 1
3876.807526 seconds (2.58 G allocations: 6.460 TiB, 13.59% gc time)
[2023-01-09T07:28:24.080]Completed Shot 6, state 50
3877.122539 seconds (2.58 G allocations: 6.461 TiB, 13.59% gc time)
[2023-01-09T07:28:24.390]Completed Shot 6, state 14
3877.273895 seconds (2.58 G allocations: 6.461 TiB, 13.59% gc time)
[2023-01-09T07:28:24.546]Completed Shot 6, state 37
3877.360636 seconds (2.58 G allocations: 6.461 TiB, 13.59% gc time)
[2023-01-09T07:28:24.633]Completed Shot 6, state 39
3877.923036 seconds (2.58 G allocations: 6.461 TiB, 13.59% gc time)
[2023-01-09T07:28:25.192]Completed Shot 6, state 21
3878.040637 seconds (2.58 G allocations: 6.461 TiB, 13.59% gc time)
[2023-01-09T07:28:25.313]Completed Shot 6, state 48
3878.738053 seconds (2.58 G allocations: 6.462 TiB, 13.59% gc time)
[2023-01-09T07:28:26.004]Completed Shot 6, state 6
3879.505888 seconds (2.58 G allocations: 6.462 TiB, 13.59% gc time)
[2023-01-09T07:28:26.772]Completed Shot 6, state 9
3879.584556 seconds (2.58 G allocations: 6.462 TiB, 13.59% gc time)
[2023-01-09T07:28:26.854]Completed Shot 6, state 22
3879.675404 seconds (2.58 G allocations: 6.462 TiB, 13.59% gc time)
[2023-01-09T07:28:26.941]Completed Shot 6, state 4
3881.080547 seconds (2.58 G allocations: 6.463 TiB, 13.58% gc time)
[2023-01-09T07:28:28.351]Completed Shot 6, state 24
3881.136700 seconds (2.58 G allocations: 6.463 TiB, 13.58% gc time)
[2023-01-09T07:28:28.407]Completed Shot 6, state 23
3881.240381 seconds (2.58 G allocations: 6.463 TiB, 13.58% gc time)
[2023-01-09T07:28:28.512]Completed Shot 6, state 31
3881.980316 seconds (2.58 G allocations: 6.463 TiB, 13.58% gc time)
[2023-01-09T07:28:29.248]Completed Shot 6, state 16
3489.581108 seconds (2.54 G allocations: 6.366 TiB, 14.95% gc time)
[2023-01-09T08:26:38.833]Completed Shot 7, state 29
3491.171694 seconds (2.54 G allocations: 6.370 TiB, 14.95% gc time)
[2023-01-09T08:26:40.424]Completed Shot 7, state 43
3491.297809 seconds (2.54 G allocations: 6.370 TiB, 14.95% gc time)
[2023-01-09T08:26:40.550]Completed Shot 7, state 45
3492.318062 seconds (2.54 G allocations: 6.373 TiB, 14.94% gc time)
[2023-01-09T08:26:41.569]Completed Shot 7, state 12
3492.680885 seconds (2.54 G allocations: 6.374 TiB, 14.94% gc time)
[2023-01-09T08:26:41.933]Completed Shot 7, state 40
3492.826654 seconds (2.54 G allocations: 6.374 TiB, 14.94% gc time)
[2023-01-09T08:26:42.077]Completed Shot 7, state 6
3493.039851 seconds (2.54 G allocations: 6.375 TiB, 14.94% gc time)
[2023-01-09T08:26:42.292]Completed Shot 7, state 36
3493.052451 seconds (2.54 G allocations: 6.375 TiB, 14.94% gc time)
[2023-01-09T08:26:42.303]Completed Shot 7, state 17
3493.855021 seconds (2.54 G allocations: 6.377 TiB, 14.94% gc time)
3493.855403 seconds (2.54 G allocations: 6.377 TiB, 14.94% gc time)
[2023-01-09T08:26:43.107]Completed Shot 7, state 38
[2023-01-09T08:26:43.107]Completed Shot 7, state 35
3494.033177 seconds (2.54 G allocations: 6.377 TiB, 14.94% gc time)
[2023-01-09T08:26:43.284]Completed Shot 7, state 14
3494.197331 seconds (2.54 G allocations: 6.378 TiB, 14.93% gc time)
[2023-01-09T08:26:43.447]Completed Shot 7, state 5
3495.723668 seconds (2.54 G allocations: 6.379 TiB, 14.96% gc time)
[2023-01-09T08:26:44.975]Completed Shot 7, state 27
3496.036591 seconds (2.54 G allocations: 6.380 TiB, 14.96% gc time)
[2023-01-09T08:26:45.288]Completed Shot 7, state 28
3496.679367 seconds (2.54 G allocations: 6.381 TiB, 14.95% gc time)
[2023-01-09T08:26:45.931]Completed Shot 7, state 37
3496.833826 seconds (2.54 G allocations: 6.381 TiB, 14.95% gc time)
[2023-01-09T08:26:46.084]Completed Shot 7, state 13
3497.020442 seconds (2.54 G allocations: 6.382 TiB, 14.95% gc time)
[2023-01-09T08:26:46.272]Completed Shot 7, state 19
3497.082584 seconds (2.54 G allocations: 6.382 TiB, 14.95% gc time)
[2023-01-09T08:26:46.332]Completed Shot 7, state 2
3497.134212 seconds (2.54 G allocations: 6.382 TiB, 14.95% gc time)
[2023-01-09T08:26:46.386]Completed Shot 7, state 44
3497.184823 seconds (2.54 G allocations: 6.382 TiB, 14.95% gc time)
[2023-01-09T08:26:46.436]Completed Shot 7, state 26
3497.380960 seconds (2.54 G allocations: 6.383 TiB, 14.95% gc time)
[2023-01-09T08:26:46.632]Completed Shot 7, state 30
3497.640326 seconds (2.54 G allocations: 6.384 TiB, 14.95% gc time)
[2023-01-09T08:26:46.893]Completed Shot 7, state 48
3497.714599 seconds (2.54 G allocations: 6.384 TiB, 14.95% gc time)
[2023-01-09T08:26:46.967]Completed Shot 7, state 50
3497.761098 seconds (2.54 G allocations: 6.384 TiB, 14.95% gc time)
[2023-01-09T08:26:47.011]Completed Shot 7, state 1
3497.778817 seconds (2.54 G allocations: 6.384 TiB, 14.95% gc time)
[2023-01-09T08:26:47.029]Completed Shot 7, state 16
3498.154123 seconds (2.54 G allocations: 6.385 TiB, 14.95% gc time)
[2023-01-09T08:26:47.406]Completed Shot 7, state 49
3498.358745 seconds (2.54 G allocations: 6.385 TiB, 14.95% gc time)
[2023-01-09T08:26:47.611]Completed Shot 7, state 42
3498.614053 seconds (2.54 G allocations: 6.386 TiB, 14.94% gc time)
[2023-01-09T08:26:47.863]Completed Shot 7, state 3
3498.611981 seconds (2.54 G allocations: 6.386 TiB, 14.94% gc time)
[2023-01-09T08:26:47.864]Completed Shot 7, state 33
3498.697202 seconds (2.54 G allocations: 6.386 TiB, 14.94% gc time)
[2023-01-09T08:26:47.948]Completed Shot 7, state 23
3499.357884 seconds (2.54 G allocations: 6.386 TiB, 14.96% gc time)
[2023-01-09T08:26:48.609]Completed Shot 7, state 21
3499.399138 seconds (2.54 G allocations: 6.386 TiB, 14.96% gc time)
[2023-01-09T08:26:48.650]Completed Shot 7, state 18
3499.484072 seconds (2.54 G allocations: 6.387 TiB, 14.96% gc time)
[2023-01-09T08:26:48.736]Completed Shot 7, state 34
3499.764385 seconds (2.54 G allocations: 6.387 TiB, 14.96% gc time)
[2023-01-09T08:26:49.015]Completed Shot 7, state 25
3499.853942 seconds (2.54 G allocations: 6.387 TiB, 14.95% gc time)
[2023-01-09T08:26:49.103]Completed Shot 7, state 4
3500.370796 seconds (2.55 G allocations: 6.388 TiB, 14.95% gc time)
[2023-01-09T08:26:49.623]Completed Shot 7, state 41
3500.499061 seconds (2.55 G allocations: 6.388 TiB, 14.95% gc time)
[2023-01-09T08:26:49.751]Completed Shot 7, state 46
3500.504090 seconds (2.55 G allocations: 6.388 TiB, 14.95% gc time)
[2023-01-09T08:26:49.756]Completed Shot 7, state 31
3500.724344 seconds (2.55 G allocations: 6.388 TiB, 14.95% gc time)
[2023-01-09T08:26:49.974]Completed Shot 7, state 7
3500.868032 seconds (2.55 G allocations: 6.388 TiB, 14.95% gc time)
[2023-01-09T08:26:50.118]Completed Shot 7, state 9
3501.116252 seconds (2.55 G allocations: 6.389 TiB, 14.95% gc time)
[2023-01-09T08:26:50.368]Completed Shot 7, state 39
3501.119050 seconds (2.55 G allocations: 6.389 TiB, 14.95% gc time)
[2023-01-09T08:26:50.369]Completed Shot 7, state 15
3501.319075 seconds (2.55 G allocations: 6.389 TiB, 14.95% gc time)
[2023-01-09T08:26:50.570]Completed Shot 7, state 24
3501.332393 seconds (2.55 G allocations: 6.389 TiB, 14.95% gc time)
[2023-01-09T08:26:50.585]Completed Shot 7, state 47
3501.676239 seconds (2.55 G allocations: 6.389 TiB, 14.95% gc time)
[2023-01-09T08:26:50.927]Completed Shot 7, state 20
3501.881673 seconds (2.55 G allocations: 6.389 TiB, 14.95% gc time)
[2023-01-09T08:26:51.132]Completed Shot 7, state 10
3502.439661 seconds (2.55 G allocations: 6.389 TiB, 14.95% gc time)
[2023-01-09T08:26:51.690]Completed Shot 7, state 11
3502.591697 seconds (2.55 G allocations: 6.389 TiB, 14.95% gc time)
[2023-01-09T08:26:51.843]Completed Shot 7, state 32
3502.990818 seconds (2.55 G allocations: 6.389 TiB, 14.95% gc time)
[2023-01-09T08:26:52.241]Completed Shot 7, state 8
3503.690639 seconds (2.55 G allocations: 6.389 TiB, 14.94% gc time)
[2023-01-09T08:26:52.942]Completed Shot 7, state 22
3740.793594 seconds (2.59 G allocations: 6.481 TiB, 14.40% gc time)
[2023-01-09T09:29:13.740]Completed Shot 8, state 49
3742.795964 seconds (2.59 G allocations: 6.486 TiB, 14.39% gc time)
[2023-01-09T09:29:15.741]Completed Shot 8, state 24
3742.908980 seconds (2.59 G allocations: 6.486 TiB, 14.39% gc time)
[2023-01-09T09:29:15.855]Completed Shot 8, state 41
3743.347973 seconds (2.59 G allocations: 6.487 TiB, 14.39% gc time)
[2023-01-09T09:29:16.291]Completed Shot 8, state 6
3743.658146 seconds (2.59 G allocations: 6.488 TiB, 14.39% gc time)
[2023-01-09T09:29:16.603]Completed Shot 8, state 14
3745.429551 seconds (2.59 G allocations: 6.489 TiB, 14.40% gc time)
[2023-01-09T09:29:18.373]Completed Shot 8, state 5
3745.853252 seconds (2.60 G allocations: 6.490 TiB, 14.40% gc time)
[2023-01-09T09:29:18.799]Completed Shot 8, state 26
3746.997738 seconds (2.60 G allocations: 6.493 TiB, 14.40% gc time)
[2023-01-09T09:29:19.941]Completed Shot 8, state 2
3748.144504 seconds (2.60 G allocations: 6.496 TiB, 14.39% gc time)
[2023-01-09T09:29:21.090]Completed Shot 8, state 31
3748.194299 seconds (2.60 G allocations: 6.496 TiB, 14.39% gc time)
[2023-01-09T09:29:21.141]Completed Shot 8, state 44
3748.231936 seconds (2.60 G allocations: 6.496 TiB, 14.39% gc time)
[2023-01-09T09:29:21.176]Completed Shot 8, state 11
3749.532551 seconds (2.60 G allocations: 6.498 TiB, 14.40% gc time)
[2023-01-09T09:29:22.478]Completed Shot 8, state 30
3750.649221 seconds (2.60 G allocations: 6.500 TiB, 14.40% gc time)
[2023-01-09T09:29:23.594]Completed Shot 8, state 28
3750.703527 seconds (2.60 G allocations: 6.500 TiB, 14.40% gc time)
[2023-01-09T09:29:23.648]Completed Shot 8, state 12
3750.796691 seconds (2.60 G allocations: 6.500 TiB, 14.40% gc time)
[2023-01-09T09:29:23.741]Completed Shot 8, state 16
3750.810525 seconds (2.60 G allocations: 6.500 TiB, 14.40% gc time)
[2023-01-09T09:29:23.754]Completed Shot 8, state 4
3751.061002 seconds (2.60 G allocations: 6.501 TiB, 14.40% gc time)
[2023-01-09T09:29:24.007]Completed Shot 8, state 40
3751.657259 seconds (2.60 G allocations: 6.502 TiB, 14.40% gc time)
[2023-01-09T09:29:24.603]Completed Shot 8, state 38
3751.945561 seconds (2.60 G allocations: 6.503 TiB, 14.40% gc time)
[2023-01-09T09:29:24.890]Completed Shot 8, state 20
3752.230898 seconds (2.60 G allocations: 6.504 TiB, 14.39% gc time)
[2023-01-09T09:29:25.177]Completed Shot 8, state 50
3752.247040 seconds (2.60 G allocations: 6.504 TiB, 14.39% gc time)
[2023-01-09T09:29:25.191]Completed Shot 8, state 8
3752.350399 seconds (2.60 G allocations: 6.504 TiB, 14.39% gc time)
[2023-01-09T09:29:25.296]Completed Shot 8, state 29
3752.437684 seconds (2.60 G allocations: 6.505 TiB, 14.39% gc time)
[2023-01-09T09:29:25.383]Completed Shot 8, state 27
3753.208381 seconds (2.60 G allocations: 6.505 TiB, 14.40% gc time)
[2023-01-09T09:29:26.153]Completed Shot 8, state 18
3753.453920 seconds (2.60 G allocations: 6.505 TiB, 14.40% gc time)
3753.452915 seconds (2.60 G allocations: 6.505 TiB, 14.40% gc time)
[2023-01-09T09:29:26.398]Completed Shot 8, state 10
[2023-01-09T09:29:26.398]Completed Shot 8, state 22
3754.027294 seconds (2.60 G allocations: 6.506 TiB, 14.40% gc time)
[2023-01-09T09:29:26.972]Completed Shot 8, state 17
3754.046418 seconds (2.60 G allocations: 6.507 TiB, 14.40% gc time)
[2023-01-09T09:29:26.990]Completed Shot 8, state 7
3754.064363 seconds (2.60 G allocations: 6.507 TiB, 14.40% gc time)
[2023-01-09T09:29:27.009]Completed Shot 8, state 25
3754.082596 seconds (2.60 G allocations: 6.507 TiB, 14.40% gc time)
[2023-01-09T09:29:27.028]Completed Shot 8, state 45
3754.485207 seconds (2.60 G allocations: 6.507 TiB, 14.40% gc time)
[2023-01-09T09:29:27.429]Completed Shot 8, state 15
3754.659337 seconds (2.60 G allocations: 6.508 TiB, 14.40% gc time)
[2023-01-09T09:29:27.604]Completed Shot 8, state 19
3755.007127 seconds (2.60 G allocations: 6.508 TiB, 14.40% gc time)
[2023-01-09T09:29:27.953]Completed Shot 8, state 37
3755.142954 seconds (2.60 G allocations: 6.508 TiB, 14.40% gc time)
[2023-01-09T09:29:28.086]Completed Shot 8, state 3
3755.141065 seconds (2.60 G allocations: 6.508 TiB, 14.40% gc time)
[2023-01-09T09:29:28.087]Completed Shot 8, state 48
3755.667309 seconds (2.60 G allocations: 6.509 TiB, 14.40% gc time)
[2023-01-09T09:29:28.613]Completed Shot 8, state 35
3756.043728 seconds (2.60 G allocations: 6.509 TiB, 14.40% gc time)
[2023-01-09T09:29:28.989]Completed Shot 8, state 39
3756.097041 seconds (2.60 G allocations: 6.509 TiB, 14.40% gc time)
[2023-01-09T09:29:29.043]Completed Shot 8, state 33
3756.531469 seconds (2.60 G allocations: 6.510 TiB, 14.40% gc time)
[2023-01-09T09:29:29.475]Completed Shot 8, state 9
3756.688642 seconds (2.60 G allocations: 6.510 TiB, 14.40% gc time)
[2023-01-09T09:29:29.634]Completed Shot 8, state 34
3756.851595 seconds (2.60 G allocations: 6.510 TiB, 14.40% gc time)
[2023-01-09T09:29:29.797]Completed Shot 8, state 43
3756.938947 seconds (2.60 G allocations: 6.510 TiB, 14.40% gc time)
[2023-01-09T09:29:29.882]Completed Shot 8, state 1
3757.180419 seconds (2.60 G allocations: 6.510 TiB, 14.40% gc time)
[2023-01-09T09:29:30.126]Completed Shot 8, state 42
3757.198275 seconds (2.60 G allocations: 6.510 TiB, 14.40% gc time)
[2023-01-09T09:29:30.142]Completed Shot 8, state 13
3757.318626 seconds (2.60 G allocations: 6.510 TiB, 14.40% gc time)
[2023-01-09T09:29:30.265]Completed Shot 8, state 46
3758.629599 seconds (2.60 G allocations: 6.511 TiB, 14.40% gc time)
[2023-01-09T09:29:31.574]Completed Shot 8, state 21
3759.002818 seconds (2.60 G allocations: 6.511 TiB, 14.39% gc time)
[2023-01-09T09:29:31.948]Completed Shot 8, state 23
3759.232857 seconds (2.60 G allocations: 6.511 TiB, 14.39% gc time)
[2023-01-09T09:29:32.178]Completed Shot 8, state 36
3759.544760 seconds (2.60 G allocations: 6.511 TiB, 14.39% gc time)
[2023-01-09T09:29:32.490]Completed Shot 8, state 32
3761.192072 seconds (2.60 G allocations: 6.512 TiB, 14.39% gc time)
[2023-01-09T09:29:34.138]Completed Shot 8, state 47
3751.550301 seconds (2.54 G allocations: 6.383 TiB, 13.77% gc time)
[2023-01-09T10:32:05.693]Completed Shot 9, state 43
3752.406443 seconds (2.55 G allocations: 6.385 TiB, 13.76% gc time)
[2023-01-09T10:32:06.550]Completed Shot 9, state 41
3755.129022 seconds (2.55 G allocations: 6.391 TiB, 13.75% gc time)
[2023-01-09T10:32:09.270]Completed Shot 9, state 10
3755.476903 seconds (2.55 G allocations: 6.392 TiB, 13.75% gc time)
[2023-01-09T10:32:09.618]Completed Shot 9, state 9
3756.493989 seconds (2.55 G allocations: 6.394 TiB, 13.75% gc time)
[2023-01-09T10:32:10.635]Completed Shot 9, state 13
3757.079277 seconds (2.55 G allocations: 6.396 TiB, 13.75% gc time)
[2023-01-09T10:32:11.221]Completed Shot 9, state 22
3761.595310 seconds (2.55 G allocations: 6.402 TiB, 13.78% gc time)
[2023-01-09T10:32:15.737]Completed Shot 9, state 19
3762.702811 seconds (2.55 G allocations: 6.405 TiB, 13.77% gc time)
[2023-01-09T10:32:16.846]Completed Shot 9, state 47
3762.986958 seconds (2.55 G allocations: 6.406 TiB, 13.77% gc time)
[2023-01-09T10:32:17.128]Completed Shot 9, state 16
3763.752428 seconds (2.55 G allocations: 6.408 TiB, 13.77% gc time)
[2023-01-09T10:32:17.896]Completed Shot 9, state 40
3763.837631 seconds (2.55 G allocations: 6.408 TiB, 13.77% gc time)
[2023-01-09T10:32:17.981]Completed Shot 9, state 26
3764.018097 seconds (2.56 G allocations: 6.409 TiB, 13.77% gc time)
[2023-01-09T10:32:18.158]Completed Shot 9, state 5
3764.233039 seconds (2.56 G allocations: 6.410 TiB, 13.77% gc time)
[2023-01-09T10:32:18.376]Completed Shot 9, state 32
3764.490151 seconds (2.56 G allocations: 6.410 TiB, 13.77% gc time)
[2023-01-09T10:32:18.633]Completed Shot 9, state 35
3764.509411 seconds (2.56 G allocations: 6.410 TiB, 13.77% gc time)
[2023-01-09T10:32:18.649]Completed Shot 9, state 3
3764.583972 seconds (2.56 G allocations: 6.411 TiB, 13.77% gc time)
[2023-01-09T10:32:18.727]Completed Shot 9, state 42
3764.707578 seconds (2.56 G allocations: 6.411 TiB, 13.77% gc time)
[2023-01-09T10:32:18.851]Completed Shot 9, state 48
3764.717955 seconds (2.56 G allocations: 6.411 TiB, 13.77% gc time)
[2023-01-09T10:32:18.858]Completed Shot 9, state 11
3764.804879 seconds (2.56 G allocations: 6.411 TiB, 13.77% gc time)
[2023-01-09T10:32:18.947]Completed Shot 9, state 25
3766.723724 seconds (2.56 G allocations: 6.413 TiB, 13.79% gc time)
[2023-01-09T10:32:20.867]Completed Shot 9, state 38
3766.774700 seconds (2.56 G allocations: 6.413 TiB, 13.79% gc time)
[2023-01-09T10:32:20.917]Completed Shot 9, state 29
3767.486079 seconds (2.56 G allocations: 6.415 TiB, 13.79% gc time)
[2023-01-09T10:32:21.626]Completed Shot 9, state 4
3767.701162 seconds (2.56 G allocations: 6.415 TiB, 13.79% gc time)
[2023-01-09T10:32:21.843]Completed Shot 9, state 23
3768.162207 seconds (2.56 G allocations: 6.416 TiB, 13.79% gc time)
[2023-01-09T10:32:22.305]Completed Shot 9, state 37
3768.449735 seconds (2.56 G allocations: 6.417 TiB, 13.79% gc time)
[2023-01-09T10:32:22.591]Completed Shot 9, state 14
3769.055792 seconds (2.56 G allocations: 6.418 TiB, 13.78% gc time)
[2023-01-09T10:32:23.196]Completed Shot 9, state 12
3769.201168 seconds (2.56 G allocations: 6.419 TiB, 13.78% gc time)
[2023-01-09T10:32:23.344]Completed Shot 9, state 33
3769.275394 seconds (2.56 G allocations: 6.419 TiB, 13.78% gc time)
[2023-01-09T10:32:23.417]Completed Shot 9, state 24
3769.646016 seconds (2.56 G allocations: 6.420 TiB, 13.78% gc time)
[2023-01-09T10:32:23.789]Completed Shot 9, state 36
3770.082277 seconds (2.56 G allocations: 6.420 TiB, 13.78% gc time)
[2023-01-09T10:32:24.224]Completed Shot 9, state 15
3770.113177 seconds (2.56 G allocations: 6.420 TiB, 13.78% gc time)
[2023-01-09T10:32:24.256]Completed Shot 9, state 39
3770.144903 seconds (2.56 G allocations: 6.421 TiB, 13.78% gc time)
[2023-01-09T10:32:24.288]Completed Shot 9, state 44
3770.156431 seconds (2.56 G allocations: 6.421 TiB, 13.78% gc time)
[2023-01-09T10:32:24.296]Completed Shot 9, state 2
3770.215684 seconds (2.56 G allocations: 6.421 TiB, 13.78% gc time)
[2023-01-09T10:32:24.356]Completed Shot 9, state 7
3770.234697 seconds (2.56 G allocations: 6.421 TiB, 13.78% gc time)
[2023-01-09T10:32:24.376]Completed Shot 9, state 18
3770.452667 seconds (2.56 G allocations: 6.421 TiB, 13.78% gc time)
[2023-01-09T10:32:24.594]Completed Shot 9, state 17
3770.483186 seconds (2.56 G allocations: 6.421 TiB, 13.78% gc time)
[2023-01-09T10:32:24.626]Completed Shot 9, state 49
3771.762783 seconds (2.56 G allocations: 6.422 TiB, 13.78% gc time)
[2023-01-09T10:32:25.905]Completed Shot 9, state 30
3773.655418 seconds (2.56 G allocations: 6.424 TiB, 13.78% gc time)
[2023-01-09T10:32:27.795]Completed Shot 9, state 8
3773.688970 seconds (2.56 G allocations: 6.424 TiB, 13.78% gc time)
[2023-01-09T10:32:27.831]Completed Shot 9, state 27
3773.729892 seconds (2.56 G allocations: 6.424 TiB, 13.78% gc time)
[2023-01-09T10:32:27.870]Completed Shot 9, state 6
3773.784893 seconds (2.56 G allocations: 6.424 TiB, 13.78% gc time)
[2023-01-09T10:32:27.928]Completed Shot 9, state 50
3773.932477 seconds (2.56 G allocations: 6.424 TiB, 13.78% gc time)
[2023-01-09T10:32:28.074]Completed Shot 9, state 21
3773.933037 seconds (2.56 G allocations: 6.424 TiB, 13.78% gc time)
[2023-01-09T10:32:28.075]Completed Shot 9, state 28
3774.580905 seconds (2.56 G allocations: 6.425 TiB, 13.77% gc time)
[2023-01-09T10:32:28.724]Completed Shot 9, state 46
3775.141260 seconds (2.56 G allocations: 6.425 TiB, 13.77% gc time)
[2023-01-09T10:32:29.283]Completed Shot 9, state 20
3775.630138 seconds (2.56 G allocations: 6.425 TiB, 13.77% gc time)
[2023-01-09T10:32:29.773]Completed Shot 9, state 34
3776.485976 seconds (2.56 G allocations: 6.426 TiB, 13.77% gc time)
[2023-01-09T10:32:30.625]Completed Shot 9, state 1
3778.455688 seconds (2.56 G allocations: 6.426 TiB, 13.76% gc time)
[2023-01-09T10:32:32.598]Completed Shot 9, state 31
3780.017001 seconds (2.56 G allocations: 6.426 TiB, 13.76% gc time)
[2023-01-09T10:32:34.160]Completed Shot 9, state 45
3624.960836 seconds (2.51 G allocations: 6.300 TiB, 14.16% gc time)
[2023-01-09T11:32:59.126]Completed Shot 10, state 44
3630.396308 seconds (2.51 G allocations: 6.309 TiB, 14.18% gc time)
[2023-01-09T11:33:04.561]Completed Shot 10, state 42
3630.432991 seconds (2.51 G allocations: 6.309 TiB, 14.18% gc time)
[2023-01-09T11:33:04.598]Completed Shot 10, state 38
3631.044235 seconds (2.51 G allocations: 6.311 TiB, 14.17% gc time)
[2023-01-09T11:33:05.207]Completed Shot 10, state 7
3631.303730 seconds (2.51 G allocations: 6.311 TiB, 14.17% gc time)
[2023-01-09T11:33:05.467]Completed Shot 10, state 19
3631.995181 seconds (2.51 G allocations: 6.313 TiB, 14.17% gc time)
[2023-01-09T11:33:06.159]Completed Shot 10, state 17
3632.334604 seconds (2.51 G allocations: 6.314 TiB, 14.17% gc time)
[2023-01-09T11:33:06.499]Completed Shot 10, state 29
3632.454514 seconds (2.51 G allocations: 6.314 TiB, 14.17% gc time)
[2023-01-09T11:33:06.617]Completed Shot 10, state 13
3633.261483 seconds (2.51 G allocations: 6.317 TiB, 14.17% gc time)
[2023-01-09T11:33:07.426]Completed Shot 10, state 27
3635.605997 seconds (2.51 G allocations: 6.319 TiB, 14.20% gc time)
[2023-01-09T11:33:09.769]Completed Shot 10, state 14
3636.068068 seconds (2.51 G allocations: 6.320 TiB, 14.20% gc time)
[2023-01-09T11:33:10.233]Completed Shot 10, state 47
3636.232640 seconds (2.51 G allocations: 6.320 TiB, 14.20% gc time)
[2023-01-09T11:33:10.398]Completed Shot 10, state 45
3636.296727 seconds (2.51 G allocations: 6.320 TiB, 14.20% gc time)
[2023-01-09T11:33:10.461]Completed Shot 10, state 26
3636.763657 seconds (2.51 G allocations: 6.321 TiB, 14.20% gc time)
[2023-01-09T11:33:10.927]Completed Shot 10, state 20
3637.242792 seconds (2.52 G allocations: 6.323 TiB, 14.20% gc time)
[2023-01-09T11:33:11.405]Completed Shot 10, state 8
3637.245858 seconds (2.52 G allocations: 6.323 TiB, 14.20% gc time)
[2023-01-09T11:33:11.411]Completed Shot 10, state 49
3637.771930 seconds (2.52 G allocations: 6.324 TiB, 14.19% gc time)
[2023-01-09T11:33:11.937]Completed Shot 10, state 48
3638.109628 seconds (2.52 G allocations: 6.325 TiB, 14.19% gc time)
[2023-01-09T11:33:12.274]Completed Shot 10, state 39
3638.570918 seconds (2.52 G allocations: 6.327 TiB, 14.19% gc time)
[2023-01-09T11:33:12.734]Completed Shot 10, state 15
3638.635635 seconds (2.52 G allocations: 6.327 TiB, 14.19% gc time)
[2023-01-09T11:33:12.800]Completed Shot 10, state 31
3638.730338 seconds (2.52 G allocations: 6.327 TiB, 14.19% gc time)
[2023-01-09T11:33:12.894]Completed Shot 10, state 21
3638.782244 seconds (2.52 G allocations: 6.327 TiB, 14.19% gc time)
[2023-01-09T11:33:12.944]Completed Shot 10, state 4
3638.811713 seconds (2.52 G allocations: 6.327 TiB, 14.19% gc time)
[2023-01-09T11:33:12.976]Completed Shot 10, state 43
3638.829005 seconds (2.52 G allocations: 6.327 TiB, 14.19% gc time)
[2023-01-09T11:33:12.993]Completed Shot 10, state 35
3638.852216 seconds (2.52 G allocations: 6.327 TiB, 14.19% gc time)
[2023-01-09T11:33:13.015]Completed Shot 10, state 12
3639.106074 seconds (2.52 G allocations: 6.328 TiB, 14.19% gc time)
[2023-01-09T11:33:13.268]Completed Shot 10, state 3
3639.124473 seconds (2.52 G allocations: 6.328 TiB, 14.19% gc time)
[2023-01-09T11:33:13.289]Completed Shot 10, state 32
3639.185587 seconds (2.52 G allocations: 6.328 TiB, 14.19% gc time)
[2023-01-09T11:33:13.350]Completed Shot 10, state 37
3639.383647 seconds (2.52 G allocations: 6.328 TiB, 14.19% gc time)
[2023-01-09T11:33:13.548]Completed Shot 10, state 40
3640.610784 seconds (2.52 G allocations: 6.329 TiB, 14.20% gc time)
[2023-01-09T11:33:14.776]Completed Shot 10, state 41
3640.632909 seconds (2.52 G allocations: 6.329 TiB, 14.20% gc time)
[2023-01-09T11:33:14.797]Completed Shot 10, state 24
3641.013981 seconds (2.52 G allocations: 6.330 TiB, 14.20% gc time)
[2023-01-09T11:33:15.178]Completed Shot 10, state 34
3641.080134 seconds (2.52 G allocations: 6.330 TiB, 14.20% gc time)
[2023-01-09T11:33:15.242]Completed Shot 10, state 5
3641.141218 seconds (2.52 G allocations: 6.330 TiB, 14.20% gc time)
[2023-01-09T11:33:15.305]Completed Shot 10, state 23
3641.245273 seconds (2.52 G allocations: 6.330 TiB, 14.20% gc time)
[2023-01-09T11:33:15.408]Completed Shot 10, state 11
3641.308500 seconds (2.52 G allocations: 6.330 TiB, 14.20% gc time)
[2023-01-09T11:33:15.472]Completed Shot 10, state 25
3641.436813 seconds (2.52 G allocations: 6.330 TiB, 14.20% gc time)
[2023-01-09T11:33:15.598]Completed Shot 10, state 2
3641.498550 seconds (2.52 G allocations: 6.330 TiB, 14.20% gc time)
[2023-01-09T11:33:15.663]Completed Shot 10, state 50
3641.499607 seconds (2.52 G allocations: 6.330 TiB, 14.20% gc time)
[2023-01-09T11:33:15.663]Completed Shot 10, state 28
3641.854111 seconds (2.52 G allocations: 6.331 TiB, 14.20% gc time)
[2023-01-09T11:33:16.018]Completed Shot 10, state 36
3642.065761 seconds (2.52 G allocations: 6.331 TiB, 14.20% gc time)
[2023-01-09T11:33:16.230]Completed Shot 10, state 33
3642.670254 seconds (2.52 G allocations: 6.332 TiB, 14.20% gc time)
[2023-01-09T11:33:16.833]Completed Shot 10, state 18
3643.071371 seconds (2.52 G allocations: 6.332 TiB, 14.19% gc time)
[2023-01-09T11:33:17.236]Completed Shot 10, state 46
3643.074234 seconds (2.52 G allocations: 6.332 TiB, 14.19% gc time)
[2023-01-09T11:33:17.236]Completed Shot 10, state 6
3643.104756 seconds (2.52 G allocations: 6.332 TiB, 14.19% gc time)
[2023-01-09T11:33:17.268]Completed Shot 10, state 22
3644.379245 seconds (2.52 G allocations: 6.333 TiB, 14.20% gc time)
[2023-01-09T11:33:18.542]Completed Shot 10, state 9
3645.020042 seconds (2.52 G allocations: 6.333 TiB, 14.19% gc time)
[2023-01-09T11:33:19.183]Completed Shot 10, state 16
3645.870821 seconds (2.52 G allocations: 6.333 TiB, 14.19% gc time)
[2023-01-09T11:33:20.032]Completed Shot 10, state 1
3646.523525 seconds (2.52 G allocations: 6.333 TiB, 14.19% gc time)
[2023-01-09T11:33:20.688]Completed Shot 10, state 30
3648.297719 seconds (2.52 G allocations: 6.333 TiB, 14.18% gc time)
[2023-01-09T11:33:22.460]Completed Shot 10, state 10
[2023-01-09T11:33:22.461]**********Simulation completed!**********
[2023-01-09T11:33:22.461]**********Saving**********
[2023-01-09T11:33:26.469]Saving file: /gpfs/bwfor/work/ws/hd_ku269-logs/LightCones/2023-01-09/468799_N11_BS.jld2
[2023-01-09T11:33:28.031]**********Run completed!**********
============================= JOB FEEDBACK =============================
Job ID: 468799
Cluster: helix
User/Group: hd_ku269/hd_hd
State: COMPLETED (exit code 0)
Nodes: 1
Cores per node: 64
CPU Utilized: 24-15:35:12
CPU Efficiency: 88.47% of 27-20:42:40 core-walltime
Job Wall-clock time: 10:26:55
Memory Utilized: 46.08 GB
Memory Efficiency: 19.52% of 236.00 GB
