Added MKL.jl
Project LightCones v0.1.0
Status `/gpfs/bwfor/work/ws/hd_ku269-light_cones/WorkingFolder/Project.toml`
⌃ [7d9fca2a] Arpack v0.5.3
⌃ [7073ff75] IJulia v1.23.3
⌃ [033835bb] JLD2 v0.4.25
  [0b1a1467] KrylovKit v0.6.0
  [d3d80556] LineSearches v7.2.0
  [33e6dc65] MKL v0.6.0
⌃ [429524aa] Optim v1.7.3
⌃ [91a5bcdd] Plots v1.35.5
⌃ [c3e4b0f8] Pluto v0.19.14
  [3c0b384b] QuantumInformation v0.4.9
  [189a3867] Reexport v1.2.2
⌃ [295af30f] Revise v3.4.0
  [ebcc8a00] SpinSymmetry v0.3.3
  [59d54670] ThreadedSparseArrays v0.2.2
  [ade2ca70] Dates
  [8ba89e20] Distributed
  [37e2e46d] LinearAlgebra
  [de0858da] Printf
  [9a3f8284] Random
  [1a1011a3] SharedArrays
  [2f01184e] SparseArrays
  [10745b16] Statistics
Info Packages marked with ⌃ have new versions available and may be upgradable.
[2023-01-09T02:55:09.018]**********RANDOM FIELDS**********
shared_krylov.jl
Working Directory:          /gpfs/bwfor/work/ws/hd_ku269-light_cones/WorkingFolder
SLURM Directory:            /gpfs/bwfor/work/ws/hd_ku269-light_cones/WorkingFolder 
Running on host:            m08n07
Job id:                     468831
Job name:                   otoc_simulation_N11_TR_FIDONLY
Number of nodes allocated:  
Number of cores allocated:  1
#threads of Julia:          64
#threads of BLAS:           1
ARGS = ["11", "10", "50", "BS", "x", "3", "100", "WAHUHA"]
LOCATION = "/gpfs/bwfor/work/ws/hd_ku269-logs/LightCones/2023-01-09"
N = 11
SHOTS = 10
MULT_RANDOM_STATES = true
N_RANDOM_STATES = 50
TYPE_OF_RS = "BS"
OBSERVABLE = "x"
DISORDER_PARAM = 3.0
[2023-01-09T02:55:09.181]**********Running simulation**********
[2023-01-09T02:55:09.231]trange = 0.1:0.1:20.0
[2023-01-09T02:55:09.524]A = σx
[2023-01-09T02:55:09.919]alpha=6
[2023-01-09T02:55:09.919]PBC
4[2023-01-09T02:55:12.167]Operations set up.
Using multiple states.
4154.202117 seconds (2.50 G allocations: 6.268 TiB, 11.96% gc time, 0.16% compilation time)
[2023-01-09T04:04:34.703]Completed Shot 1, state 29
4153.469764 seconds (2.50 G allocations: 6.273 TiB, 11.97% gc time, 0.06% compilation time)
[2023-01-09T04:04:37.965]Completed Shot 1, state 33
4166.380607 seconds (2.51 G allocations: 6.286 TiB, 11.97% gc time, 0.16% compilation time)
[2023-01-09T04:04:46.854]Completed Shot 1, state 41
4196.037731 seconds (2.51 G allocations: 6.297 TiB, 12.46% gc time, 0.16% compilation time)
[2023-01-09T04:05:16.510]Completed Shot 1, state 5
4196.236435 seconds (2.51 G allocations: 6.297 TiB, 12.46% gc time, 0.16% compilation time)
[2023-01-09T04:05:16.709]Completed Shot 1, state 18
4199.377362 seconds (2.51 G allocations: 6.304 TiB, 12.45% gc time, 0.16% compilation time)
[2023-01-09T04:05:19.850]Completed Shot 1, state 2
4199.878226 seconds (2.51 G allocations: 6.305 TiB, 12.45% gc time, 0.16% compilation time)
[2023-01-09T04:05:20.351]Completed Shot 1, state 14
4201.616204 seconds (2.52 G allocations: 6.308 TiB, 12.44% gc time, 0.16% compilation time)
[2023-01-09T04:05:22.089]Completed Shot 1, state 22
4204.472731 seconds (2.52 G allocations: 6.309 TiB, 12.49% gc time, 0.16% compilation time)
[2023-01-09T04:05:24.945]Completed Shot 1, state 16
4206.482248 seconds (2.52 G allocations: 6.313 TiB, 12.48% gc time, 0.16% compilation time)
[2023-01-09T04:05:26.955]Completed Shot 1, state 42
4207.157854 seconds (2.52 G allocations: 6.314 TiB, 12.48% gc time, 0.16% compilation time)
[2023-01-09T04:05:27.631]Completed Shot 1, state 35
4207.269727 seconds (2.52 G allocations: 6.314 TiB, 12.48% gc time, 0.16% compilation time)
[2023-01-09T04:05:27.743]Completed Shot 1, state 3
4207.677889 seconds (2.52 G allocations: 6.315 TiB, 12.48% gc time, 0.16% compilation time)
[2023-01-09T04:05:28.151]Completed Shot 1, state 8
4207.854182 seconds (2.52 G allocations: 6.316 TiB, 12.48% gc time, 0.16% compilation time)
[2023-01-09T04:05:28.327]Completed Shot 1, state 28
4209.716485 seconds (2.52 G allocations: 6.320 TiB, 12.47% gc time, 0.16% compilation time)
[2023-01-09T04:05:30.189]Completed Shot 1, state 9
4209.888892 seconds (2.52 G allocations: 6.320 TiB, 12.47% gc time, 0.16% compilation time)
[2023-01-09T04:05:30.362]Completed Shot 1, state 32
4210.689394 seconds (2.52 G allocations: 6.321 TiB, 12.47% gc time, 0.16% compilation time)
[2023-01-09T04:05:31.162]Completed Shot 1, state 10
4211.984170 seconds (2.52 G allocations: 6.322 TiB, 12.49% gc time, 0.16% compilation time)
[2023-01-09T04:05:32.457]Completed Shot 1, state 4
4212.569187 seconds (2.52 G allocations: 6.322 TiB, 12.49% gc time, 0.16% compilation time)
[2023-01-09T04:05:33.042]Completed Shot 1, state 13
4207.551284 seconds (2.52 G allocations: 6.321 TiB, 12.51% gc time, 0.04% compilation time)
[2023-01-09T04:05:33.043]Completed Shot 1, state 39
4207.804792 seconds (2.52 G allocations: 6.322 TiB, 12.51% gc time, 0.04% compilation time)
[2023-01-09T04:05:33.300]Completed Shot 1, state 31
4207.956527 seconds (2.52 G allocations: 6.322 TiB, 12.50% gc time, 0.04% compilation time)
[2023-01-09T04:05:33.434]Completed Shot 1, state 24
4213.940328 seconds (2.52 G allocations: 6.325 TiB, 12.49% gc time, 0.16% compilation time)
[2023-01-09T04:05:34.412]Completed Shot 1, state 43
4214.836322 seconds (2.52 G allocations: 6.326 TiB, 12.49% gc time, 0.16% compilation time)
[2023-01-09T04:05:35.309]Completed Shot 1, state 17
4214.898147 seconds (2.52 G allocations: 6.326 TiB, 12.49% gc time, 0.16% compilation time)
[2023-01-09T04:05:35.355]Completed Shot 1, state 37
4214.996471 seconds (2.52 G allocations: 6.326 TiB, 12.49% gc time, 0.16% compilation time)
[2023-01-09T04:05:35.469]Completed Shot 1, state 20
4216.230342 seconds (2.52 G allocations: 6.328 TiB, 12.49% gc time, 0.16% compilation time)
[2023-01-09T04:05:36.703]Completed Shot 1, state 15
4216.910785 seconds (2.52 G allocations: 6.329 TiB, 12.49% gc time, 0.16% compilation time)
[2023-01-09T04:05:37.384]Completed Shot 1, state 46
4217.889110 seconds (2.52 G allocations: 6.331 TiB, 12.49% gc time, 0.16% compilation time)
[2023-01-09T04:05:38.362]Completed Shot 1, state 40
4214.042863 seconds (2.52 G allocations: 6.331 TiB, 12.50% gc time, 0.05% compilation time)
[2023-01-09T04:05:39.163]Completed Shot 1, state 19
4218.884841 seconds (2.52 G allocations: 6.332 TiB, 12.48% gc time, 0.16% compilation time)
[2023-01-09T04:05:39.359]Completed Shot 1, state 36
4219.142696 seconds (2.52 G allocations: 6.332 TiB, 12.49% gc time, 0.16% compilation time)
[2023-01-09T04:05:39.615]Completed Shot 1, state 38
4215.149472 seconds (2.52 G allocations: 6.332 TiB, 12.50% gc time, 0.06% compilation time)
[2023-01-09T04:05:39.645]Completed Shot 1, state 50
4214.389618 seconds (2.52 G allocations: 6.332 TiB, 12.50% gc time, 0.04% compilation time)
[2023-01-09T04:05:39.881]Completed Shot 1, state 34
4215.745524 seconds (2.52 G allocations: 6.333 TiB, 12.50% gc time, 0.06% compilation time)
[2023-01-09T04:05:40.243]Completed Shot 1, state 30
4219.812623 seconds (2.53 G allocations: 6.333 TiB, 12.49% gc time, 0.16% compilation time)
[2023-01-09T04:05:40.269]Completed Shot 1, state 1
4220.757917 seconds (2.53 G allocations: 6.335 TiB, 12.48% gc time, 0.16% compilation time)
[2023-01-09T04:05:41.214]Completed Shot 1, state 6
4221.458656 seconds (2.53 G allocations: 6.335 TiB, 12.49% gc time, 0.16% compilation time)
[2023-01-09T04:05:41.932]Completed Shot 1, state 26
4221.900320 seconds (2.53 G allocations: 6.336 TiB, 12.48% gc time, 0.16% compilation time)
[2023-01-09T04:05:42.373]Completed Shot 1, state 25
4222.023643 seconds (2.53 G allocations: 6.336 TiB, 12.48% gc time, 0.16% compilation time)
[2023-01-09T04:05:42.497]Completed Shot 1, state 45
4222.101281 seconds (2.53 G allocations: 6.336 TiB, 12.48% gc time, 0.16% compilation time)
[2023-01-09T04:05:42.574]Completed Shot 1, state 11
4217.690219 seconds (2.52 G allocations: 6.336 TiB, 12.50% gc time, 0.04% compilation time)
[2023-01-09T04:05:43.183]Completed Shot 1, state 48
4222.710179 seconds (2.53 G allocations: 6.336 TiB, 12.48% gc time, 0.16% compilation time)
[2023-01-09T04:05:43.183]Completed Shot 1, state 23
4223.175283 seconds (2.53 G allocations: 6.337 TiB, 12.48% gc time, 0.16% compilation time)
[2023-01-09T04:05:43.648]Completed Shot 1, state 12
4224.456667 seconds (2.53 G allocations: 6.338 TiB, 12.48% gc time, 0.16% compilation time)
[2023-01-09T04:05:44.930]Completed Shot 1, state 44
4224.987837 seconds (2.53 G allocations: 6.338 TiB, 12.48% gc time, 0.16% compilation time)
[2023-01-09T04:05:45.461]Completed Shot 1, state 49
4225.485335 seconds (2.53 G allocations: 6.338 TiB, 12.48% gc time, 0.16% compilation time)
[2023-01-09T04:05:45.958]Completed Shot 1, state 7
4227.481280 seconds (2.53 G allocations: 6.339 TiB, 12.47% gc time, 0.16% compilation time)
[2023-01-09T04:05:47.954]Completed Shot 1, state 47
4224.992991 seconds (2.53 G allocations: 6.338 TiB, 12.48% gc time, 0.05% compilation time)
[2023-01-09T04:05:50.005]Completed Shot 1, state 27
4234.055296 seconds (2.53 G allocations: 6.339 TiB, 12.45% gc time, 0.16% compilation time)
[2023-01-09T04:05:54.528]Completed Shot 1, state 21
3653.958581 seconds (2.55 G allocations: 6.401 TiB, 13.15% gc time)
[2023-01-09T05:06:48.490]Completed Shot 2, state 11
3655.196066 seconds (2.55 G allocations: 6.404 TiB, 13.15% gc time)
[2023-01-09T05:06:49.729]Completed Shot 2, state 31
3663.020745 seconds (2.56 G allocations: 6.417 TiB, 13.18% gc time)
[2023-01-09T05:06:57.553]Completed Shot 2, state 28
3663.251218 seconds (2.56 G allocations: 6.417 TiB, 13.18% gc time)
[2023-01-09T05:06:57.785]Completed Shot 2, state 46
3663.369635 seconds (2.56 G allocations: 6.417 TiB, 13.18% gc time)
[2023-01-09T05:06:57.903]Completed Shot 2, state 41
3663.631052 seconds (2.56 G allocations: 6.418 TiB, 13.18% gc time)
[2023-01-09T05:06:58.161]Completed Shot 2, state 5
3663.724799 seconds (2.56 G allocations: 6.418 TiB, 13.18% gc time)
[2023-01-09T05:06:58.257]Completed Shot 2, state 26
3664.143634 seconds (2.56 G allocations: 6.419 TiB, 13.18% gc time)
[2023-01-09T05:06:58.676]Completed Shot 2, state 24
3664.213457 seconds (2.56 G allocations: 6.420 TiB, 13.18% gc time)
[2023-01-09T05:06:58.747]Completed Shot 2, state 38
3664.491783 seconds (2.56 G allocations: 6.420 TiB, 13.18% gc time)
[2023-01-09T05:06:59.023]Completed Shot 2, state 13
3664.650276 seconds (2.56 G allocations: 6.421 TiB, 13.18% gc time)
[2023-01-09T05:06:59.183]Completed Shot 2, state 39
3664.812106 seconds (2.56 G allocations: 6.421 TiB, 13.18% gc time)
[2023-01-09T05:06:59.343]Completed Shot 2, state 10
3665.606648 seconds (2.56 G allocations: 6.424 TiB, 13.17% gc time)
[2023-01-09T05:07:00.139]Completed Shot 2, state 30
3665.916391 seconds (2.56 G allocations: 6.424 TiB, 13.17% gc time)
[2023-01-09T05:07:00.449]Completed Shot 2, state 32
3665.930895 seconds (2.56 G allocations: 6.424 TiB, 13.17% gc time)
[2023-01-09T05:07:00.464]Completed Shot 2, state 37
3666.042692 seconds (2.56 G allocations: 6.424 TiB, 13.17% gc time)
[2023-01-09T05:07:00.576]Completed Shot 2, state 43
3666.484216 seconds (2.56 G allocations: 6.425 TiB, 13.17% gc time)
[2023-01-09T05:07:01.017]Completed Shot 2, state 35
3666.691298 seconds (2.56 G allocations: 6.426 TiB, 13.17% gc time)
[2023-01-09T05:07:01.221]Completed Shot 2, state 1
3668.619451 seconds (2.56 G allocations: 6.427 TiB, 13.20% gc time)
[2023-01-09T05:07:03.151]Completed Shot 2, state 21
3668.941253 seconds (2.56 G allocations: 6.428 TiB, 13.20% gc time)
[2023-01-09T05:07:03.472]Completed Shot 2, state 3
3669.063549 seconds (2.56 G allocations: 6.428 TiB, 13.20% gc time)
[2023-01-09T05:07:03.595]Completed Shot 2, state 20
3669.103445 seconds (2.56 G allocations: 6.428 TiB, 13.20% gc time)
[2023-01-09T05:07:03.636]Completed Shot 2, state 34
3670.068354 seconds (2.56 G allocations: 6.430 TiB, 13.19% gc time)
[2023-01-09T05:07:04.600]Completed Shot 2, state 16
3670.105869 seconds (2.56 G allocations: 6.431 TiB, 13.19% gc time)
[2023-01-09T05:07:04.638]Completed Shot 2, state 22
3670.307199 seconds (2.56 G allocations: 6.431 TiB, 13.19% gc time)
[2023-01-09T05:07:04.840]Completed Shot 2, state 42
3670.880555 seconds (2.57 G allocations: 6.432 TiB, 13.19% gc time)
[2023-01-09T05:07:05.414]Completed Shot 2, state 48
3671.194714 seconds (2.57 G allocations: 6.433 TiB, 13.19% gc time)
[2023-01-09T05:07:05.725]Completed Shot 2, state 8
3671.263730 seconds (2.57 G allocations: 6.433 TiB, 13.19% gc time)
[2023-01-09T05:07:05.794]Completed Shot 2, state 12
3671.718001 seconds (2.57 G allocations: 6.434 TiB, 13.19% gc time)
[2023-01-09T05:07:06.250]Completed Shot 2, state 29
3672.666968 seconds (2.57 G allocations: 6.434 TiB, 13.20% gc time)
[2023-01-09T05:07:07.199]Completed Shot 2, state 23
3673.082305 seconds (2.57 G allocations: 6.435 TiB, 13.20% gc time)
[2023-01-09T05:07:07.613]Completed Shot 2, state 9
3673.196497 seconds (2.57 G allocations: 6.435 TiB, 13.20% gc time)
[2023-01-09T05:07:07.728]Completed Shot 2, state 15
3674.078507 seconds (2.57 G allocations: 6.437 TiB, 13.19% gc time)
[2023-01-09T05:07:08.611]Completed Shot 2, state 27
3674.105464 seconds (2.57 G allocations: 6.437 TiB, 13.19% gc time)
[2023-01-09T05:07:08.639]Completed Shot 2, state 40
3674.214318 seconds (2.57 G allocations: 6.437 TiB, 13.19% gc time)
[2023-01-09T05:07:08.746]Completed Shot 2, state 18
3674.281297 seconds (2.57 G allocations: 6.437 TiB, 13.19% gc time)
[2023-01-09T05:07:08.815]Completed Shot 2, state 50
3674.448190 seconds (2.57 G allocations: 6.437 TiB, 13.19% gc time)
[2023-01-09T05:07:08.978]Completed Shot 2, state 4
3674.602275 seconds (2.57 G allocations: 6.438 TiB, 13.19% gc time)
[2023-01-09T05:07:09.135]Completed Shot 2, state 44
3674.881381 seconds (2.57 G allocations: 6.438 TiB, 13.19% gc time)
[2023-01-09T05:07:09.415]Completed Shot 2, state 45
3675.160778 seconds (2.57 G allocations: 6.438 TiB, 13.19% gc time)
[2023-01-09T05:07:09.694]Completed Shot 2, state 49
3675.590033 seconds (2.57 G allocations: 6.439 TiB, 13.19% gc time)
[2023-01-09T05:07:10.120]Completed Shot 2, state 7
3675.812845 seconds (2.57 G allocations: 6.439 TiB, 13.19% gc time)
[2023-01-09T05:07:10.344]Completed Shot 2, state 19
3675.884664 seconds (2.57 G allocations: 6.439 TiB, 13.19% gc time)
[2023-01-09T05:07:10.416]Completed Shot 2, state 17
3677.098559 seconds (2.57 G allocations: 6.440 TiB, 13.19% gc time)
[2023-01-09T05:07:11.629]Completed Shot 2, state 6
3677.669571 seconds (2.57 G allocations: 6.440 TiB, 13.19% gc time)
[2023-01-09T05:07:12.201]Completed Shot 2, state 14
3677.943145 seconds (2.57 G allocations: 6.440 TiB, 13.19% gc time)
[2023-01-09T05:07:12.476]Completed Shot 2, state 47
3678.172978 seconds (2.57 G allocations: 6.440 TiB, 13.19% gc time)
[2023-01-09T05:07:12.705]Completed Shot 2, state 25
3679.818788 seconds (2.57 G allocations: 6.441 TiB, 13.18% gc time)
[2023-01-09T05:07:14.352]Completed Shot 2, state 33
3680.389808 seconds (2.57 G allocations: 6.441 TiB, 13.18% gc time)
[2023-01-09T05:07:14.923]Completed Shot 2, state 36
3680.408546 seconds (2.57 G allocations: 6.441 TiB, 13.18% gc time)
[2023-01-09T05:07:14.938]Completed Shot 2, state 2
3544.771941 seconds (2.50 G allocations: 6.288 TiB, 13.54% gc time)
[2023-01-09T06:06:19.715]Completed Shot 3, state 29
3553.544682 seconds (2.51 G allocations: 6.305 TiB, 13.53% gc time)
[2023-01-09T06:06:28.487]Completed Shot 3, state 39
3556.092161 seconds (2.51 G allocations: 6.311 TiB, 13.52% gc time)
[2023-01-09T06:06:31.034]Completed Shot 3, state 32
3560.116075 seconds (2.51 G allocations: 6.317 TiB, 13.55% gc time)
[2023-01-09T06:06:35.058]Completed Shot 3, state 24
3561.212092 seconds (2.52 G allocations: 6.320 TiB, 13.54% gc time)
[2023-01-09T06:06:36.153]Completed Shot 3, state 9
3561.487309 seconds (2.52 G allocations: 6.320 TiB, 13.54% gc time)
[2023-01-09T06:06:36.427]Completed Shot 3, state 2
3561.686544 seconds (2.52 G allocations: 6.321 TiB, 13.54% gc time)
[2023-01-09T06:06:36.628]Completed Shot 3, state 27
3561.882314 seconds (2.52 G allocations: 6.321 TiB, 13.54% gc time)
[2023-01-09T06:06:36.824]Completed Shot 3, state 25
3562.515850 seconds (2.52 G allocations: 6.323 TiB, 13.54% gc time)
[2023-01-09T06:06:37.456]Completed Shot 3, state 7
3562.576562 seconds (2.52 G allocations: 6.323 TiB, 13.54% gc time)
[2023-01-09T06:06:37.517]Completed Shot 3, state 6
3562.829790 seconds (2.52 G allocations: 6.324 TiB, 13.54% gc time)
[2023-01-09T06:06:37.771]Completed Shot 3, state 18
3564.456923 seconds (2.52 G allocations: 6.325 TiB, 13.56% gc time)
[2023-01-09T06:06:39.399]Completed Shot 3, state 33
3564.865720 seconds (2.52 G allocations: 6.326 TiB, 13.55% gc time)
[2023-01-09T06:06:39.806]Completed Shot 3, state 4
3565.763619 seconds (2.52 G allocations: 6.328 TiB, 13.55% gc time)
[2023-01-09T06:06:40.706]Completed Shot 3, state 36
3565.837760 seconds (2.52 G allocations: 6.328 TiB, 13.55% gc time)
[2023-01-09T06:06:40.780]Completed Shot 3, state 49
3566.401196 seconds (2.52 G allocations: 6.330 TiB, 13.55% gc time)
[2023-01-09T06:06:41.343]Completed Shot 3, state 34
3566.438798 seconds (2.52 G allocations: 6.330 TiB, 13.55% gc time)
[2023-01-09T06:06:41.380]Completed Shot 3, state 19
3566.785262 seconds (2.52 G allocations: 6.331 TiB, 13.55% gc time)
[2023-01-09T06:06:41.726]Completed Shot 3, state 16
3566.946781 seconds (2.52 G allocations: 6.331 TiB, 13.55% gc time)
[2023-01-09T06:06:41.889]Completed Shot 3, state 41
3567.480750 seconds (2.52 G allocations: 6.333 TiB, 13.54% gc time)
[2023-01-09T06:06:42.423]Completed Shot 3, state 45
3567.519330 seconds (2.52 G allocations: 6.333 TiB, 13.54% gc time)
[2023-01-09T06:06:42.460]Completed Shot 3, state 10
3568.389188 seconds (2.52 G allocations: 6.334 TiB, 13.56% gc time)
[2023-01-09T06:06:43.330]Completed Shot 3, state 13
3568.475608 seconds (2.52 G allocations: 6.334 TiB, 13.55% gc time)
[2023-01-09T06:06:43.417]Completed Shot 3, state 26
3568.665966 seconds (2.52 G allocations: 6.334 TiB, 13.55% gc time)
[2023-01-09T06:06:43.608]Completed Shot 3, state 35
3568.681477 seconds (2.52 G allocations: 6.334 TiB, 13.55% gc time)
[2023-01-09T06:06:43.624]Completed Shot 3, state 42
3569.085703 seconds (2.52 G allocations: 6.335 TiB, 13.55% gc time)
[2023-01-09T06:06:44.027]Completed Shot 3, state 23
3569.580964 seconds (2.52 G allocations: 6.336 TiB, 13.55% gc time)
[2023-01-09T06:06:44.523]Completed Shot 3, state 40
3569.626779 seconds (2.52 G allocations: 6.336 TiB, 13.55% gc time)
[2023-01-09T06:06:44.567]Completed Shot 3, state 5
3569.723577 seconds (2.52 G allocations: 6.336 TiB, 13.55% gc time)
[2023-01-09T06:06:44.666]Completed Shot 3, state 43
3569.864190 seconds (2.52 G allocations: 6.337 TiB, 13.55% gc time)
[2023-01-09T06:06:44.804]Completed Shot 3, state 1
3570.771688 seconds (2.52 G allocations: 6.338 TiB, 13.55% gc time)
[2023-01-09T06:06:45.712]Completed Shot 3, state 14
3570.824790 seconds (2.52 G allocations: 6.338 TiB, 13.55% gc time)
[2023-01-09T06:06:45.767]Completed Shot 3, state 48
3571.189973 seconds (2.52 G allocations: 6.339 TiB, 13.54% gc time)
[2023-01-09T06:06:46.132]Completed Shot 3, state 38
3571.353872 seconds (2.52 G allocations: 6.339 TiB, 13.54% gc time)
[2023-01-09T06:06:46.296]Completed Shot 3, state 46
3571.895086 seconds (2.52 G allocations: 6.339 TiB, 13.55% gc time)
[2023-01-09T06:06:46.836]Completed Shot 3, state 17
3572.534425 seconds (2.52 G allocations: 6.340 TiB, 13.55% gc time)
[2023-01-09T06:06:47.477]Completed Shot 3, state 50
3573.500690 seconds (2.52 G allocations: 6.342 TiB, 13.55% gc time)
[2023-01-09T06:06:48.443]Completed Shot 3, state 44
3573.576743 seconds (2.53 G allocations: 6.342 TiB, 13.55% gc time)
[2023-01-09T06:06:48.518]Completed Shot 3, state 28
3573.680704 seconds (2.53 G allocations: 6.342 TiB, 13.55% gc time)
[2023-01-09T06:06:48.623]Completed Shot 3, state 47
3574.421360 seconds (2.53 G allocations: 6.343 TiB, 13.54% gc time)
[2023-01-09T06:06:49.362]Completed Shot 3, state 15
3575.245787 seconds (2.53 G allocations: 6.343 TiB, 13.55% gc time)
[2023-01-09T06:06:50.187]Completed Shot 3, state 21
3575.586633 seconds (2.53 G allocations: 6.344 TiB, 13.55% gc time)
[2023-01-09T06:06:50.527]Completed Shot 3, state 8
3575.756904 seconds (2.53 G allocations: 6.344 TiB, 13.55% gc time)
[2023-01-09T06:06:50.697]Completed Shot 3, state 11
3576.125099 seconds (2.53 G allocations: 6.344 TiB, 13.54% gc time)
[2023-01-09T06:06:51.066]Completed Shot 3, state 12
3576.194591 seconds (2.53 G allocations: 6.344 TiB, 13.54% gc time)
[2023-01-09T06:06:51.136]Completed Shot 3, state 30
3576.562240 seconds (2.53 G allocations: 6.344 TiB, 13.54% gc time)
[2023-01-09T06:06:51.504]Completed Shot 3, state 22
3576.774294 seconds (2.53 G allocations: 6.344 TiB, 13.54% gc time)
[2023-01-09T06:06:51.715]Completed Shot 3, state 20
3577.171902 seconds (2.53 G allocations: 6.345 TiB, 13.54% gc time)
[2023-01-09T06:06:52.114]Completed Shot 3, state 37
3577.515318 seconds (2.53 G allocations: 6.345 TiB, 13.54% gc time)
[2023-01-09T06:06:52.457]Completed Shot 3, state 31
3578.006399 seconds (2.53 G allocations: 6.345 TiB, 13.54% gc time)
[2023-01-09T06:06:52.946]Completed Shot 3, state 3
3491.111659 seconds (2.58 G allocations: 6.459 TiB, 14.18% gc time)
[2023-01-09T07:05:04.061]Completed Shot 4, state 13
3494.852176 seconds (2.58 G allocations: 6.465 TiB, 14.20% gc time)
[2023-01-09T07:05:07.803]Completed Shot 4, state 32
3495.797683 seconds (2.58 G allocations: 6.468 TiB, 14.20% gc time)
[2023-01-09T07:05:08.748]Completed Shot 4, state 25
3496.221026 seconds (2.58 G allocations: 6.469 TiB, 14.20% gc time)
[2023-01-09T07:05:09.172]Completed Shot 4, state 49
3497.024884 seconds (2.59 G allocations: 6.471 TiB, 14.19% gc time)
[2023-01-09T07:05:09.974]Completed Shot 4, state 5
3497.326442 seconds (2.59 G allocations: 6.471 TiB, 14.19% gc time)
[2023-01-09T07:05:10.276]Completed Shot 4, state 21
3497.334514 seconds (2.59 G allocations: 6.471 TiB, 14.19% gc time)
[2023-01-09T07:05:10.283]Completed Shot 4, state 4
3497.448436 seconds (2.59 G allocations: 6.472 TiB, 14.19% gc time)
[2023-01-09T07:05:10.396]Completed Shot 4, state 2
3497.657952 seconds (2.59 G allocations: 6.472 TiB, 14.19% gc time)
[2023-01-09T07:05:10.610]Completed Shot 4, state 36
3499.555623 seconds (2.59 G allocations: 6.475 TiB, 14.21% gc time)
[2023-01-09T07:05:12.507]Completed Shot 4, state 47
3499.691262 seconds (2.59 G allocations: 6.475 TiB, 14.21% gc time)
[2023-01-09T07:05:12.642]Completed Shot 4, state 23
3499.903630 seconds (2.59 G allocations: 6.476 TiB, 14.21% gc time)
[2023-01-09T07:05:12.855]Completed Shot 4, state 46
3499.913664 seconds (2.59 G allocations: 6.476 TiB, 14.21% gc time)
[2023-01-09T07:05:12.864]Completed Shot 4, state 28
3499.993361 seconds (2.59 G allocations: 6.476 TiB, 14.21% gc time)
[2023-01-09T07:05:12.942]Completed Shot 4, state 12
3500.040112 seconds (2.59 G allocations: 6.476 TiB, 14.21% gc time)
[2023-01-09T07:05:12.988]Completed Shot 4, state 1
3500.205359 seconds (2.59 G allocations: 6.477 TiB, 14.20% gc time)
[2023-01-09T07:05:13.155]Completed Shot 4, state 18
3500.424025 seconds (2.59 G allocations: 6.477 TiB, 14.20% gc time)
[2023-01-09T07:05:13.373]Completed Shot 4, state 8
3500.896520 seconds (2.59 G allocations: 6.478 TiB, 14.20% gc time)
[2023-01-09T07:05:13.847]Completed Shot 4, state 38
3501.030606 seconds (2.59 G allocations: 6.479 TiB, 14.20% gc time)
[2023-01-09T07:05:13.979]Completed Shot 4, state 10
3501.395097 seconds (2.59 G allocations: 6.480 TiB, 14.20% gc time)
[2023-01-09T07:05:14.344]Completed Shot 4, state 7
3501.512399 seconds (2.59 G allocations: 6.480 TiB, 14.20% gc time)
[2023-01-09T07:05:14.464]Completed Shot 4, state 50
3501.601067 seconds (2.59 G allocations: 6.480 TiB, 14.20% gc time)
[2023-01-09T07:05:14.550]Completed Shot 4, state 15
3501.695619 seconds (2.59 G allocations: 6.481 TiB, 14.20% gc time)
[2023-01-09T07:05:14.645]Completed Shot 4, state 19
3501.762391 seconds (2.59 G allocations: 6.481 TiB, 14.20% gc time)
[2023-01-09T07:05:14.713]Completed Shot 4, state 31
3501.776085 seconds (2.59 G allocations: 6.481 TiB, 14.20% gc time)
[2023-01-09T07:05:14.727]Completed Shot 4, state 33
3502.473259 seconds (2.59 G allocations: 6.481 TiB, 14.21% gc time)
[2023-01-09T07:05:15.424]Completed Shot 4, state 30
3502.704775 seconds (2.59 G allocations: 6.482 TiB, 14.21% gc time)
[2023-01-09T07:05:15.654]Completed Shot 4, state 11
3502.899321 seconds (2.59 G allocations: 6.482 TiB, 14.21% gc time)
[2023-01-09T07:05:15.848]Completed Shot 4, state 6
3503.015956 seconds (2.59 G allocations: 6.482 TiB, 14.21% gc time)
[2023-01-09T07:05:15.966]Completed Shot 4, state 20
3503.092657 seconds (2.59 G allocations: 6.483 TiB, 14.21% gc time)
[2023-01-09T07:05:16.043]Completed Shot 4, state 22
3503.106229 seconds (2.59 G allocations: 6.483 TiB, 14.21% gc time)
[2023-01-09T07:05:16.055]Completed Shot 4, state 14
3503.243560 seconds (2.59 G allocations: 6.483 TiB, 14.21% gc time)
[2023-01-09T07:05:16.194]Completed Shot 4, state 29
3503.335655 seconds (2.59 G allocations: 6.483 TiB, 14.21% gc time)
[2023-01-09T07:05:16.286]Completed Shot 4, state 26
3503.461699 seconds (2.59 G allocations: 6.483 TiB, 14.20% gc time)
[2023-01-09T07:05:16.413]Completed Shot 4, state 40
3503.830254 seconds (2.59 G allocations: 6.484 TiB, 14.20% gc time)
[2023-01-09T07:05:16.780]Completed Shot 4, state 27
3503.957682 seconds (2.59 G allocations: 6.484 TiB, 14.20% gc time)
[2023-01-09T07:05:16.909]Completed Shot 4, state 42
3503.982805 seconds (2.59 G allocations: 6.484 TiB, 14.20% gc time)
[2023-01-09T07:05:16.934]Completed Shot 4, state 39
3504.158123 seconds (2.59 G allocations: 6.484 TiB, 14.20% gc time)
3504.161271 seconds (2.59 G allocations: 6.484 TiB, 14.20% gc time)
3504.158300 seconds (2.59 G allocations: 6.484 TiB, 14.20% gc time)
[[[2023-01-09T07:05:17.1092023-01-09T07:05:17.1092023-01-09T07:05:17.109]Completed Shot 4, state 3
]Completed Shot 4, state 45
]Completed Shot 4, state 41
3504.202735 seconds (2.59 G allocations: 6.484 TiB, 14.20% gc time)
[2023-01-09T07:05:17.151]Completed Shot 4, state 9
3504.221729 seconds (2.59 G allocations: 6.484 TiB, 14.20% gc time)
[2023-01-09T07:05:17.173]Completed Shot 4, state 48
3504.493876 seconds (2.59 G allocations: 6.484 TiB, 14.20% gc time)
[2023-01-09T07:05:17.445]Completed Shot 4, state 35
3504.675143 seconds (2.59 G allocations: 6.485 TiB, 14.20% gc time)
[2023-01-09T07:05:17.626]Completed Shot 4, state 43
3504.677207 seconds (2.59 G allocations: 6.485 TiB, 14.20% gc time)
[2023-01-09T07:05:17.626]Completed Shot 4, state 16
3505.423052 seconds (2.59 G allocations: 6.485 TiB, 14.20% gc time)
[2023-01-09T07:05:18.374]Completed Shot 4, state 37
3505.644521 seconds (2.59 G allocations: 6.485 TiB, 14.20% gc time)
[2023-01-09T07:05:18.594]Completed Shot 4, state 17
3506.139200 seconds (2.59 G allocations: 6.485 TiB, 14.20% gc time)
[2023-01-09T07:05:19.089]Completed Shot 4, state 24
3506.534009 seconds (2.59 G allocations: 6.485 TiB, 14.20% gc time)
[2023-01-09T07:05:19.485]Completed Shot 4, state 34
3507.828574 seconds (2.59 G allocations: 6.485 TiB, 14.19% gc time)
[2023-01-09T07:05:20.780]Completed Shot 4, state 44
3377.672295 seconds (2.52 G allocations: 6.334 TiB, 14.55% gc time)
[2023-01-09T08:01:38.455]Completed Shot 5, state 5
3380.977991 seconds (2.52 G allocations: 6.341 TiB, 14.55% gc time)
[2023-01-09T08:01:41.764]Completed Shot 5, state 22
3382.406000 seconds (2.53 G allocations: 6.344 TiB, 14.55% gc time)
[2023-01-09T08:01:43.194]Completed Shot 5, state 44
3383.034542 seconds (2.53 G allocations: 6.345 TiB, 14.55% gc time)
[2023-01-09T08:01:43.816]Completed Shot 5, state 2
3383.403853 seconds (2.53 G allocations: 6.346 TiB, 14.54% gc time)
[2023-01-09T08:01:44.186]Completed Shot 5, state 4
3383.828786 seconds (2.53 G allocations: 6.347 TiB, 14.54% gc time)
[2023-01-09T08:01:44.614]Completed Shot 5, state 17
3383.931572 seconds (2.53 G allocations: 6.347 TiB, 14.54% gc time)
[2023-01-09T08:01:44.718]Completed Shot 5, state 29
3386.095060 seconds (2.53 G allocations: 6.351 TiB, 14.55% gc time)
[2023-01-09T08:01:46.881]Completed Shot 5, state 23
3386.508704 seconds (2.53 G allocations: 6.352 TiB, 14.55% gc time)
[2023-01-09T08:01:47.296]Completed Shot 5, state 42
3387.146241 seconds (2.53 G allocations: 6.353 TiB, 14.55% gc time)
[2023-01-09T08:01:47.932]Completed Shot 5, state 20
3387.310242 seconds (2.53 G allocations: 6.354 TiB, 14.55% gc time)
[2023-01-09T08:01:48.096]Completed Shot 5, state 26
3387.390437 seconds (2.53 G allocations: 6.354 TiB, 14.55% gc time)
[2023-01-09T08:01:48.176]Completed Shot 5, state 19
3387.917265 seconds (2.53 G allocations: 6.356 TiB, 14.55% gc time)
[2023-01-09T08:01:48.703]Completed Shot 5, state 21
3388.052206 seconds (2.53 G allocations: 6.356 TiB, 14.54% gc time)
[2023-01-09T08:01:48.839]Completed Shot 5, state 33
3388.214966 seconds (2.53 G allocations: 6.357 TiB, 14.54% gc time)
[2023-01-09T08:01:49.002]Completed Shot 5, state 34
3388.393394 seconds (2.53 G allocations: 6.357 TiB, 14.54% gc time)
[2023-01-09T08:01:49.181]Completed Shot 5, state 50
3388.426900 seconds (2.53 G allocations: 6.357 TiB, 14.54% gc time)
[2023-01-09T08:01:49.214]Completed Shot 5, state 39
3388.521028 seconds (2.53 G allocations: 6.357 TiB, 14.54% gc time)
[2023-01-09T08:01:49.308]Completed Shot 5, state 32
3388.657494 seconds (2.53 G allocations: 6.358 TiB, 14.54% gc time)
[2023-01-09T08:01:49.439]Completed Shot 5, state 3
3389.449849 seconds (2.53 G allocations: 6.358 TiB, 14.56% gc time)
[2023-01-09T08:01:50.236]Completed Shot 5, state 24
3389.466731 seconds (2.53 G allocations: 6.358 TiB, 14.56% gc time)
[2023-01-09T08:01:50.251]Completed Shot 5, state 15
3389.652813 seconds (2.53 G allocations: 6.359 TiB, 14.55% gc time)
[2023-01-09T08:01:50.440]Completed Shot 5, state 46
3389.671798 seconds (2.53 G allocations: 6.359 TiB, 14.55% gc time)
[2023-01-09T08:01:50.459]Completed Shot 5, state 49
3389.745714 seconds (2.53 G allocations: 6.359 TiB, 14.55% gc time)
[2023-01-09T08:01:50.533]Completed Shot 5, state 35
3389.886063 seconds (2.53 G allocations: 6.359 TiB, 14.55% gc time)
[2023-01-09T08:01:50.670]Completed Shot 5, state 10
3389.925076 seconds (2.53 G allocations: 6.359 TiB, 14.55% gc time)
[2023-01-09T08:01:50.708]Completed Shot 5, state 6
3389.929239 seconds (2.53 G allocations: 6.359 TiB, 14.55% gc time)
[2023-01-09T08:01:50.712]Completed Shot 5, state 7
3389.942925 seconds (2.53 G allocations: 6.359 TiB, 14.55% gc time)
[2023-01-09T08:01:50.731]Completed Shot 5, state 38
3390.005155 seconds (2.53 G allocations: 6.359 TiB, 14.55% gc time)
[2023-01-09T08:01:50.789]Completed Shot 5, state 11
3390.099120 seconds (2.53 G allocations: 6.360 TiB, 14.55% gc time)
[2023-01-09T08:01:50.885]Completed Shot 5, state 27
3390.236270 seconds (2.53 G allocations: 6.360 TiB, 14.55% gc time)
[2023-01-09T08:01:51.024]Completed Shot 5, state 36
3390.240517 seconds (2.53 G allocations: 6.360 TiB, 14.55% gc time)
[2023-01-09T08:01:51.028]Completed Shot 5, state 47
3390.687866 seconds (2.53 G allocations: 6.360 TiB, 14.55% gc time)
[2023-01-09T08:01:51.475]Completed Shot 5, state 40
3390.885243 seconds (2.53 G allocations: 6.361 TiB, 14.55% gc time)
[2023-01-09T08:01:51.673]Completed Shot 5, state 43
3390.981546 seconds (2.53 G allocations: 6.361 TiB, 14.55% gc time)
[2023-01-09T08:01:51.769]Completed Shot 5, state 37
3391.224462 seconds (2.53 G allocations: 6.361 TiB, 14.55% gc time)
[2023-01-09T08:01:52.011]Completed Shot 5, state 30
3391.396817 seconds (2.53 G allocations: 6.361 TiB, 14.55% gc time)
[2023-01-09T08:01:52.183]Completed Shot 5, state 25
3391.521634 seconds (2.53 G allocations: 6.362 TiB, 14.55% gc time)
[2023-01-09T08:01:52.306]Completed Shot 5, state 14
3391.844857 seconds (2.53 G allocations: 6.362 TiB, 14.55% gc time)
[2023-01-09T08:01:52.631]Completed Shot 5, state 28
3391.956721 seconds (2.53 G allocations: 6.362 TiB, 14.55% gc time)
[2023-01-09T08:01:52.744]Completed Shot 5, state 45
3392.001686 seconds (2.53 G allocations: 6.362 TiB, 14.55% gc time)
[2023-01-09T08:01:52.785]Completed Shot 5, state 9
3392.109620 seconds (2.53 G allocations: 6.362 TiB, 14.55% gc time)
[2023-01-09T08:01:52.895]Completed Shot 5, state 18
3392.141382 seconds (2.53 G allocations: 6.362 TiB, 14.55% gc time)
[2023-01-09T08:01:52.923]Completed Shot 5, state 1
3392.165486 seconds (2.53 G allocations: 6.362 TiB, 14.55% gc time)
[2023-01-09T08:01:52.952]Completed Shot 5, state 31
3392.571371 seconds (2.53 G allocations: 6.362 TiB, 14.55% gc time)
[2023-01-09T08:01:53.359]Completed Shot 5, state 41
3392.641410 seconds (2.53 G allocations: 6.362 TiB, 14.55% gc time)
[2023-01-09T08:01:53.424]Completed Shot 5, state 8
3392.741512 seconds (2.53 G allocations: 6.362 TiB, 14.55% gc time)
[2023-01-09T08:01:53.525]Completed Shot 5, state 13
3393.184879 seconds (2.53 G allocations: 6.363 TiB, 14.55% gc time)
[2023-01-09T08:01:53.969]Completed Shot 5, state 16
  Activating project at `/gpfs/bwfor/work/ws/hd_ku269-light_cones/WorkingFolder`
3393.369818 seconds (2.53 G allocations: 6.363 TiB, 14.54% gc time)
[2023-01-09T08:01:54.154]Completed Shot 5, state 12
3393.947113 seconds (2.53 G allocations: 6.363 TiB, 14.54% gc time)
[2023-01-09T08:01:54.735]Completed Shot 5, state 48
3504.012143 seconds (2.55 G allocations: 6.386 TiB, 14.05% gc time)
[2023-01-09T09:00:18.756]Completed Shot 6, state 43
3510.847869 seconds (2.55 G allocations: 6.398 TiB, 14.06% gc time)
[2023-01-09T09:00:25.589]Completed Shot 6, state 26
3511.902455 seconds (2.55 G allocations: 6.401 TiB, 14.05% gc time)
[2023-01-09T09:00:26.643]Completed Shot 6, state 20
3512.365945 seconds (2.55 G allocations: 6.402 TiB, 14.05% gc time)
[2023-01-09T09:00:27.109]Completed Shot 6, state 46
3513.174433 seconds (2.55 G allocations: 6.404 TiB, 14.05% gc time)
[2023-01-09T09:00:27.918]Completed Shot 6, state 39
3513.523628 seconds (2.55 G allocations: 6.405 TiB, 14.04% gc time)
[2023-01-09T09:00:28.267]Completed Shot 6, state 48
3514.017355 seconds (2.55 G allocations: 6.406 TiB, 14.04% gc time)
[2023-01-09T09:00:28.758]Completed Shot 6, state 24
3514.099149 seconds (2.55 G allocations: 6.406 TiB, 14.04% gc time)
[2023-01-09T09:00:28.840]Completed Shot 6, state 21
3514.362535 seconds (2.55 G allocations: 6.407 TiB, 14.04% gc time)
[2023-01-09T09:00:29.100]Completed Shot 6, state 3
3514.462771 seconds (2.55 G allocations: 6.407 TiB, 14.04% gc time)
[2023-01-09T09:00:29.206]Completed Shot 6, state 41
3515.791893 seconds (2.55 G allocations: 6.408 TiB, 14.07% gc time)
[2023-01-09T09:00:30.532]Completed Shot 6, state 18
3517.025745 seconds (2.56 G allocations: 6.410 TiB, 14.06% gc time)
[2023-01-09T09:00:31.767]Completed Shot 6, state 23
3517.572409 seconds (2.56 G allocations: 6.411 TiB, 14.06% gc time)
[2023-01-09T09:00:32.312]Completed Shot 6, state 12
3517.915602 seconds (2.56 G allocations: 6.412 TiB, 14.06% gc time)
[2023-01-09T09:00:32.656]Completed Shot 6, state 19
3518.376977 seconds (2.56 G allocations: 6.413 TiB, 14.06% gc time)
[2023-01-09T09:00:33.116]Completed Shot 6, state 10
3518.415863 seconds (2.56 G allocations: 6.413 TiB, 14.06% gc time)
[2023-01-09T09:00:33.159]Completed Shot 6, state 36
3518.444284 seconds (2.56 G allocations: 6.413 TiB, 14.06% gc time)
[2023-01-09T09:00:33.186]Completed Shot 6, state 31
3518.718101 seconds (2.56 G allocations: 6.414 TiB, 14.06% gc time)
[2023-01-09T09:00:33.456]Completed Shot 6, state 4
3518.978910 seconds (2.56 G allocations: 6.414 TiB, 14.06% gc time)
[2023-01-09T09:00:33.718]Completed Shot 6, state 14
3519.018908 seconds (2.56 G allocations: 6.414 TiB, 14.06% gc time)
[2023-01-09T09:00:33.756]Completed Shot 6, state 1
3519.481517 seconds (2.56 G allocations: 6.415 TiB, 14.05% gc time)
[2023-01-09T09:00:34.221]Completed Shot 6, state 13
3520.117506 seconds (2.56 G allocations: 6.417 TiB, 14.05% gc time)
[2023-01-09T09:00:34.857]Completed Shot 6, state 16
3520.185888 seconds (2.56 G allocations: 6.417 TiB, 14.05% gc time)
[2023-01-09T09:00:34.928]Completed Shot 6, state 30
3520.355625 seconds (2.56 G allocations: 6.417 TiB, 14.05% gc time)
[2023-01-09T09:00:35.093]Completed Shot 6, state 5
3520.370394 seconds (2.56 G allocations: 6.417 TiB, 14.05% gc time)
[2023-01-09T09:00:35.114]Completed Shot 6, state 44
3520.603634 seconds (2.56 G allocations: 6.418 TiB, 14.05% gc time)
[2023-01-09T09:00:35.343]Completed Shot 6, state 15
3520.729288 seconds (2.56 G allocations: 6.418 TiB, 14.05% gc time)
[2023-01-09T09:00:35.472]Completed Shot 6, state 37
3520.907156 seconds (2.56 G allocations: 6.418 TiB, 14.05% gc time)
[2023-01-09T09:00:35.649]Completed Shot 6, state 27
3521.186629 seconds (2.56 G allocations: 6.419 TiB, 14.05% gc time)
[2023-01-09T09:00:35.928]Completed Shot 6, state 25
3521.313011 seconds (2.56 G allocations: 6.419 TiB, 14.05% gc time)
[2023-01-09T09:00:36.055]Completed Shot 6, state 29
3521.336883 seconds (2.56 G allocations: 6.419 TiB, 14.05% gc time)
3521.337256 seconds (2.56 G allocations: 6.419 TiB, 14.05% gc time)
[[2023-01-09T09:00:36.075]Completed Shot 6, state 6
2023-01-09T09:00:36.075]Completed Shot 6, state 8
3521.457233 seconds (2.56 G allocations: 6.419 TiB, 14.05% gc time)
[2023-01-09T09:00:36.200]Completed Shot 6, state 40
3523.057176 seconds (2.56 G allocations: 6.420 TiB, 14.07% gc time)
[2023-01-09T09:00:37.795]Completed Shot 6, state 7
3523.293214 seconds (2.56 G allocations: 6.421 TiB, 14.06% gc time)
[2023-01-09T09:00:38.036]Completed Shot 6, state 35
3523.477260 seconds (2.56 G allocations: 6.421 TiB, 14.06% gc time)
[2023-01-09T09:00:38.216]Completed Shot 6, state 11
3523.550153 seconds (2.56 G allocations: 6.421 TiB, 14.06% gc time)
[2023-01-09T09:00:38.293]Completed Shot 6, state 38
3523.569285 seconds (2.56 G allocations: 6.421 TiB, 14.06% gc time)
[2023-01-09T09:00:38.313]Completed Shot 6, state 42
3523.880453 seconds (2.56 G allocations: 6.422 TiB, 14.06% gc time)
[2023-01-09T09:00:38.624]Completed Shot 6, state 50
3524.006043 seconds (2.56 G allocations: 6.422 TiB, 14.06% gc time)
[2023-01-09T09:00:38.746]Completed Shot 6, state 17
3524.177536 seconds (2.56 G allocations: 6.422 TiB, 14.06% gc time)
[2023-01-09T09:00:38.918]Completed Shot 6, state 22
3524.318986 seconds (2.56 G allocations: 6.422 TiB, 14.06% gc time)
[2023-01-09T09:00:39.061]Completed Shot 6, state 34
3524.343292 seconds (2.56 G allocations: 6.422 TiB, 14.06% gc time)
[2023-01-09T09:00:39.085]Completed Shot 6, state 28
3525.475563 seconds (2.56 G allocations: 6.423 TiB, 14.06% gc time)
[2023-01-09T09:00:40.218]Completed Shot 6, state 33
3526.016320 seconds (2.56 G allocations: 6.423 TiB, 14.06% gc time)
[2023-01-09T09:00:40.758]Completed Shot 6, state 32
3526.382059 seconds (2.56 G allocations: 6.423 TiB, 14.05% gc time)
[2023-01-09T09:00:41.125]Completed Shot 6, state 45
3527.553981 seconds (2.56 G allocations: 6.424 TiB, 14.05% gc time)
[2023-01-09T09:00:42.291]Completed Shot 6, state 2
3527.806958 seconds (2.56 G allocations: 6.424 TiB, 14.05% gc time)
[2023-01-09T09:00:42.550]Completed Shot 6, state 47
3528.034355 seconds (2.56 G allocations: 6.424 TiB, 14.05% gc time)
[2023-01-09T09:00:42.778]Completed Shot 6, state 49
3529.200447 seconds (2.56 G allocations: 6.424 TiB, 14.04% gc time)
[2023-01-09T09:00:43.939]Completed Shot 6, state 9
3498.288966 seconds (2.52 G allocations: 6.338 TiB, 14.09% gc time)
[2023-01-09T09:59:02.231]Completed Shot 7, state 25
3498.599375 seconds (2.53 G allocations: 6.338 TiB, 14.08% gc time)
[2023-01-09T09:59:02.542]Completed Shot 7, state 26
3498.938889 seconds (2.53 G allocations: 6.339 TiB, 14.08% gc time)
[2023-01-09T09:59:02.883]Completed Shot 7, state 42
3499.361946 seconds (2.53 G allocations: 6.340 TiB, 14.08% gc time)
[2023-01-09T09:59:03.303]Completed Shot 7, state 10
3499.556747 seconds (2.53 G allocations: 6.340 TiB, 14.08% gc time)
[2023-01-09T09:59:03.500]Completed Shot 7, state 16
3499.622029 seconds (2.53 G allocations: 6.341 TiB, 14.08% gc time)
[2023-01-09T09:59:03.563]Completed Shot 7, state 3
3500.639350 seconds (2.53 G allocations: 6.341 TiB, 14.10% gc time)
[2023-01-09T09:59:04.582]Completed Shot 7, state 30
3501.769515 seconds (2.53 G allocations: 6.343 TiB, 14.10% gc time)
[2023-01-09T09:59:05.711]Completed Shot 7, state 7
3502.196376 seconds (2.53 G allocations: 6.344 TiB, 14.10% gc time)
[2023-01-09T09:59:06.140]Completed Shot 7, state 33
3502.748152 seconds (2.53 G allocations: 6.345 TiB, 14.10% gc time)
[2023-01-09T09:59:06.690]Completed Shot 7, state 13
3502.924042 seconds (2.53 G allocations: 6.346 TiB, 14.10% gc time)
[2023-01-09T09:59:06.868]Completed Shot 7, state 49
3503.141871 seconds (2.53 G allocations: 6.346 TiB, 14.09% gc time)
[2023-01-09T09:59:07.083]Completed Shot 7, state 4
3503.664980 seconds (2.53 G allocations: 6.348 TiB, 14.09% gc time)
[2023-01-09T09:59:07.607]Completed Shot 7, state 14
3504.010638 seconds (2.53 G allocations: 6.349 TiB, 14.09% gc time)
[2023-01-09T09:59:07.953]Completed Shot 7, state 20
3504.233602 seconds (2.53 G allocations: 6.349 TiB, 14.09% gc time)
[2023-01-09T09:59:08.177]Completed Shot 7, state 38
3504.393602 seconds (2.53 G allocations: 6.350 TiB, 14.09% gc time)
[2023-01-09T09:59:08.335]Completed Shot 7, state 9
3504.392654 seconds (2.53 G allocations: 6.350 TiB, 14.09% gc time)
[2023-01-09T09:59:08.336]Completed Shot 7, state 40
3504.432894 seconds (2.53 G allocations: 6.350 TiB, 14.09% gc time)
[2023-01-09T09:59:08.374]Completed Shot 7, state 5
3504.444026 seconds (2.53 G allocations: 6.350 TiB, 14.09% gc time)
[2023-01-09T09:59:08.385]Completed Shot 7, state 1
3504.636982 seconds (2.53 G allocations: 6.350 TiB, 14.09% gc time)
[2023-01-09T09:59:08.580]Completed Shot 7, state 29
3505.051253 seconds (2.53 G allocations: 6.351 TiB, 14.09% gc time)
[2023-01-09T09:59:08.994]Completed Shot 7, state 23
3506.383356 seconds (2.53 G allocations: 6.352 TiB, 14.11% gc time)
[2023-01-09T09:59:10.327]Completed Shot 7, state 48
3506.467039 seconds (2.53 G allocations: 6.352 TiB, 14.11% gc time)
[2023-01-09T09:59:10.409]Completed Shot 7, state 18
3506.762238 seconds (2.53 G allocations: 6.353 TiB, 14.11% gc time)
[2023-01-09T09:59:10.703]Completed Shot 7, state 2
3507.187691 seconds (2.53 G allocations: 6.354 TiB, 14.11% gc time)
[2023-01-09T09:59:11.131]Completed Shot 7, state 47
3507.207544 seconds (2.53 G allocations: 6.354 TiB, 14.11% gc time)
[2023-01-09T09:59:11.151]Completed Shot 7, state 45
3507.618807 seconds (2.53 G allocations: 6.354 TiB, 14.10% gc time)
[2023-01-09T09:59:11.561]Completed Shot 7, state 27
3507.667183 seconds (2.53 G allocations: 6.355 TiB, 14.10% gc time)
[2023-01-09T09:59:11.610]Completed Shot 7, state 28
3507.826982 seconds (2.53 G allocations: 6.355 TiB, 14.10% gc time)
[2023-01-09T09:59:11.769]Completed Shot 7, state 24
3507.888104 seconds (2.53 G allocations: 6.355 TiB, 14.10% gc time)
[2023-01-09T09:59:11.829]Completed Shot 7, state 11
3508.019809 seconds (2.53 G allocations: 6.355 TiB, 14.10% gc time)
3508.018782 seconds (2.53 G allocations: 6.355 TiB, 14.10% gc time)
[[2023-01-09T09:59:11.962]Completed Shot 7, state 21
2023-01-09T09:59:11.962]Completed Shot 7, state 39
3508.197322 seconds (2.53 G allocations: 6.356 TiB, 14.10% gc time)
[2023-01-09T09:59:12.140]Completed Shot 7, state 22
3508.590367 seconds (2.53 G allocations: 6.356 TiB, 14.10% gc time)
[2023-01-09T09:59:12.532]Completed Shot 7, state 15
3508.913707 seconds (2.53 G allocations: 6.357 TiB, 14.10% gc time)
[2023-01-09T09:59:12.855]Completed Shot 7, state 6
3509.066708 seconds (2.53 G allocations: 6.357 TiB, 14.10% gc time)
[2023-01-09T09:59:13.010]Completed Shot 7, state 36
3509.104316 seconds (2.53 G allocations: 6.357 TiB, 14.10% gc time)
[2023-01-09T09:59:13.048]Completed Shot 7, state 44
3509.920327 seconds (2.53 G allocations: 6.358 TiB, 14.11% gc time)
[2023-01-09T09:59:13.862]Completed Shot 7, state 19
3509.982450 seconds (2.53 G allocations: 6.358 TiB, 14.11% gc time)
[2023-01-09T09:59:13.924]Completed Shot 7, state 17
3510.381098 seconds (2.53 G allocations: 6.358 TiB, 14.11% gc time)
[2023-01-09T09:59:14.325]Completed Shot 7, state 50
3510.489414 seconds (2.53 G allocations: 6.358 TiB, 14.11% gc time)
[2023-01-09T09:59:14.433]Completed Shot 7, state 35
3510.576998 seconds (2.53 G allocations: 6.358 TiB, 14.11% gc time)
[2023-01-09T09:59:14.518]Completed Shot 7, state 12
3510.624059 seconds (2.53 G allocations: 6.359 TiB, 14.11% gc time)
[2023-01-09T09:59:14.568]Completed Shot 7, state 46
3511.185451 seconds (2.53 G allocations: 6.359 TiB, 14.10% gc time)
[2023-01-09T09:59:15.129]Completed Shot 7, state 43
3511.243585 seconds (2.53 G allocations: 6.359 TiB, 14.10% gc time)
[2023-01-09T09:59:15.187]Completed Shot 7, state 32
3511.401347 seconds (2.53 G allocations: 6.359 TiB, 14.10% gc time)
[2023-01-09T09:59:15.345]Completed Shot 7, state 37
3511.599479 seconds (2.53 G allocations: 6.359 TiB, 14.10% gc time)
[2023-01-09T09:59:15.540]Completed Shot 7, state 8
3511.717496 seconds (2.53 G allocations: 6.359 TiB, 14.10% gc time)
[2023-01-09T09:59:15.660]Completed Shot 7, state 31
3514.942312 seconds (2.53 G allocations: 6.360 TiB, 14.09% gc time)
[2023-01-09T09:59:18.885]Completed Shot 7, state 34
3517.323074 seconds (2.53 G allocations: 6.360 TiB, 14.08% gc time)
[2023-01-09T09:59:21.267]Completed Shot 7, state 41
3591.861259 seconds (2.55 G allocations: 6.382 TiB, 14.07% gc time)
[2023-01-09T10:59:13.131]Completed Shot 8, state 8
3600.722307 seconds (2.55 G allocations: 6.400 TiB, 14.07% gc time)
[2023-01-09T10:59:21.993]Completed Shot 8, state 17
3601.092953 seconds (2.55 G allocations: 6.401 TiB, 14.06% gc time)
[2023-01-09T10:59:22.364]Completed Shot 8, state 34
3602.001509 seconds (2.55 G allocations: 6.403 TiB, 14.06% gc time)
[2023-01-09T10:59:23.270]Completed Shot 8, state 5
3602.363053 seconds (2.56 G allocations: 6.404 TiB, 14.06% gc time)
[2023-01-09T10:59:23.633]Completed Shot 8, state 20
3604.848853 seconds (2.56 G allocations: 6.407 TiB, 14.08% gc time)
[2023-01-09T10:59:26.118]Completed Shot 8, state 16
3606.703641 seconds (2.56 G allocations: 6.412 TiB, 14.07% gc time)
[2023-01-09T10:59:27.975]Completed Shot 8, state 37
3607.016247 seconds (2.56 G allocations: 6.413 TiB, 14.07% gc time)
[2023-01-09T10:59:28.287]Completed Shot 8, state 39
3607.266046 seconds (2.56 G allocations: 6.413 TiB, 14.07% gc time)
[2023-01-09T10:59:28.537]Completed Shot 8, state 47
3607.309391 seconds (2.56 G allocations: 6.414 TiB, 14.07% gc time)
[2023-01-09T10:59:28.580]Completed Shot 8, state 40
3607.421733 seconds (2.56 G allocations: 6.414 TiB, 14.07% gc time)
[2023-01-09T10:59:28.690]Completed Shot 8, state 4
3609.074693 seconds (2.56 G allocations: 6.416 TiB, 14.08% gc time)
[2023-01-09T10:59:30.345]Completed Shot 8, state 30
3609.528325 seconds (2.56 G allocations: 6.417 TiB, 14.08% gc time)
[2023-01-09T10:59:30.797]Completed Shot 8, state 12
3609.861862 seconds (2.56 G allocations: 6.418 TiB, 14.08% gc time)
[2023-01-09T10:59:31.131]Completed Shot 8, state 18
3610.114738 seconds (2.56 G allocations: 6.419 TiB, 14.08% gc time)
[2023-01-09T10:59:31.385]Completed Shot 8, state 36
3610.784941 seconds (2.56 G allocations: 6.421 TiB, 14.08% gc time)
[2023-01-09T10:59:32.056]Completed Shot 8, state 41
3610.803392 seconds (2.56 G allocations: 6.421 TiB, 14.08% gc time)
[2023-01-09T10:59:32.073]Completed Shot 8, state 26
3611.108486 seconds (2.56 G allocations: 6.421 TiB, 14.07% gc time)
[2023-01-09T10:59:32.377]Completed Shot 8, state 10
3611.149307 seconds (2.56 G allocations: 6.421 TiB, 14.07% gc time)
[2023-01-09T10:59:32.420]Completed Shot 8, state 38
3611.380174 seconds (2.56 G allocations: 6.422 TiB, 14.07% gc time)
[2023-01-09T10:59:32.651]Completed Shot 8, state 44
3611.467033 seconds (2.56 G allocations: 6.422 TiB, 14.07% gc time)
[2023-01-09T10:59:32.736]Completed Shot 8, state 15
3611.509229 seconds (2.56 G allocations: 6.422 TiB, 14.07% gc time)
[2023-01-09T10:59:32.780]Completed Shot 8, state 43
3611.521338 seconds (2.56 G allocations: 6.422 TiB, 14.07% gc time)
[2023-01-09T10:59:32.790]Completed Shot 8, state 13
3611.800936 seconds (2.56 G allocations: 6.423 TiB, 14.07% gc time)
[2023-01-09T10:59:33.071]Completed Shot 8, state 32
3611.878322 seconds (2.56 G allocations: 6.423 TiB, 14.07% gc time)
[2023-01-09T10:59:33.148]Completed Shot 8, state 25
3612.350783 seconds (2.56 G allocations: 6.424 TiB, 14.08% gc time)
[2023-01-09T10:59:33.621]Completed Shot 8, state 24
3612.630666 seconds (2.56 G allocations: 6.424 TiB, 14.08% gc time)
[2023-01-09T10:59:33.899]Completed Shot 8, state 3
3612.680021 seconds (2.56 G allocations: 6.424 TiB, 14.08% gc time)
[2023-01-09T10:59:33.951]Completed Shot 8, state 45
3612.682092 seconds (2.56 G allocations: 6.424 TiB, 14.08% gc time)
[2023-01-09T10:59:33.953]Completed Shot 8, state 48
3612.916865 seconds (2.56 G allocations: 6.425 TiB, 14.08% gc time)
[2023-01-09T10:59:34.187]Completed Shot 8, state 27
3612.960771 seconds (2.56 G allocations: 6.425 TiB, 14.08% gc time)
[2023-01-09T10:59:34.231]Completed Shot 8, state 35
3613.392695 seconds (2.56 G allocations: 6.425 TiB, 14.07% gc time)
[2023-01-09T10:59:34.664]Completed Shot 8, state 50
3613.647631 seconds (2.56 G allocations: 6.426 TiB, 14.07% gc time)
[2023-01-09T10:59:34.916]Completed Shot 8, state 11
3613.884845 seconds (2.56 G allocations: 6.426 TiB, 14.07% gc time)
[2023-01-09T10:59:35.153]Completed Shot 8, state 1
3614.172850 seconds (2.56 G allocations: 6.427 TiB, 14.07% gc time)
[2023-01-09T10:59:35.444]Completed Shot 8, state 46
3614.240231 seconds (2.56 G allocations: 6.427 TiB, 14.07% gc time)
[2023-01-09T10:59:35.510]Completed Shot 8, state 23
3614.359674 seconds (2.56 G allocations: 6.427 TiB, 14.07% gc time)
[2023-01-09T10:59:35.629]Completed Shot 8, state 21
3614.480713 seconds (2.56 G allocations: 6.427 TiB, 14.07% gc time)
[2023-01-09T10:59:35.749]Completed Shot 8, state 9
3614.595678 seconds (2.57 G allocations: 6.427 TiB, 14.07% gc time)
[2023-01-09T10:59:35.867]Completed Shot 8, state 49
3615.411126 seconds (2.57 G allocations: 6.428 TiB, 14.07% gc time)
[2023-01-09T10:59:36.680]Completed Shot 8, state 7
3615.684345 seconds (2.57 G allocations: 6.428 TiB, 14.07% gc time)
[2023-01-09T10:59:36.952]Completed Shot 8, state 2
3616.176690 seconds (2.57 G allocations: 6.429 TiB, 14.07% gc time)
[2023-01-09T10:59:37.446]Completed Shot 8, state 22
3616.241798 seconds (2.57 G allocations: 6.429 TiB, 14.07% gc time)
[2023-01-09T10:59:37.511]Completed Shot 8, state 14
3616.605817 seconds (2.57 G allocations: 6.429 TiB, 14.07% gc time)
[2023-01-09T10:59:37.876]Completed Shot 8, state 31
3616.800407 seconds (2.57 G allocations: 6.429 TiB, 14.07% gc time)
[2023-01-09T10:59:38.069]Completed Shot 8, state 6
3616.899407 seconds (2.57 G allocations: 6.429 TiB, 14.07% gc time)
[2023-01-09T10:59:38.169]Completed Shot 8, state 19
3617.646941 seconds (2.57 G allocations: 6.430 TiB, 14.07% gc time)
[2023-01-09T10:59:38.918]Completed Shot 8, state 42
3617.791313 seconds (2.57 G allocations: 6.430 TiB, 14.07% gc time)
[2023-01-09T10:59:39.062]Completed Shot 8, state 33
3618.727754 seconds (2.57 G allocations: 6.430 TiB, 14.07% gc time)
[2023-01-09T10:59:39.998]Completed Shot 8, state 28
3619.283288 seconds (2.57 G allocations: 6.430 TiB, 14.06% gc time)
[2023-01-09T10:59:40.553]Completed Shot 8, state 29
3734.747731 seconds (2.52 G allocations: 6.327 TiB, 13.46% gc time)
[2023-01-09T12:01:55.304]Completed Shot 9, state 10
3737.993403 seconds (2.52 G allocations: 6.333 TiB, 13.47% gc time)
[2023-01-09T12:01:58.549]Completed Shot 9, state 8
3738.853525 seconds (2.52 G allocations: 6.335 TiB, 13.46% gc time)
[2023-01-09T12:01:59.409]Completed Shot 9, state 4
3738.867973 seconds (2.52 G allocations: 6.335 TiB, 13.46% gc time)
[2023-01-09T12:01:59.426]Completed Shot 9, state 50
3739.370980 seconds (2.52 G allocations: 6.336 TiB, 13.46% gc time)
[2023-01-09T12:01:59.928]Completed Shot 9, state 35
3740.345114 seconds (2.53 G allocations: 6.338 TiB, 13.46% gc time)
[2023-01-09T12:02:00.903]Completed Shot 9, state 32
3740.675135 seconds (2.53 G allocations: 6.339 TiB, 13.46% gc time)
[2023-01-09T12:02:01.232]Completed Shot 9, state 27
3742.217206 seconds (2.53 G allocations: 6.340 TiB, 13.47% gc time)
[2023-01-09T12:02:02.773]Completed Shot 9, state 11
3742.232862 seconds (2.53 G allocations: 6.340 TiB, 13.47% gc time)
[2023-01-09T12:02:02.790]Completed Shot 9, state 9
3742.998778 seconds (2.53 G allocations: 6.342 TiB, 13.47% gc time)
[2023-01-09T12:02:03.555]Completed Shot 9, state 18
3743.708428 seconds (2.53 G allocations: 6.344 TiB, 13.47% gc time)
[2023-01-09T12:02:04.266]Completed Shot 9, state 38
3743.774754 seconds (2.53 G allocations: 6.344 TiB, 13.47% gc time)
[2023-01-09T12:02:04.331]Completed Shot 9, state 12
3744.413542 seconds (2.53 G allocations: 6.346 TiB, 13.47% gc time)
[2023-01-09T12:02:04.972]Completed Shot 9, state 49
3744.515776 seconds (2.53 G allocations: 6.346 TiB, 13.47% gc time)
[2023-01-09T12:02:05.073]Completed Shot 9, state 28
3744.580709 seconds (2.53 G allocations: 6.346 TiB, 13.46% gc time)
[2023-01-09T12:02:05.139]Completed Shot 9, state 37
3745.625119 seconds (2.53 G allocations: 6.347 TiB, 13.47% gc time)
[2023-01-09T12:02:06.182]Completed Shot 9, state 22
3746.093187 seconds (2.53 G allocations: 6.348 TiB, 13.47% gc time)
[2023-01-09T12:02:06.650]Completed Shot 9, state 17
3746.220488 seconds (2.53 G allocations: 6.348 TiB, 13.47% gc time)
[2023-01-09T12:02:06.778]Completed Shot 9, state 46
3746.305665 seconds (2.53 G allocations: 6.349 TiB, 13.47% gc time)
[2023-01-09T12:02:06.862]Completed Shot 9, state 19
3746.752993 seconds (2.53 G allocations: 6.350 TiB, 13.47% gc time)
[2023-01-09T12:02:07.310]Completed Shot 9, state 29
3746.853238 seconds (2.53 G allocations: 6.350 TiB, 13.47% gc time)
[2023-01-09T12:02:07.410]Completed Shot 9, state 20
3747.109755 seconds (2.53 G allocations: 6.350 TiB, 13.47% gc time)
[2023-01-09T12:02:07.668]Completed Shot 9, state 36
3748.888168 seconds (2.53 G allocations: 6.353 TiB, 13.47% gc time)
[2023-01-09T12:02:09.445]Completed Shot 9, state 24
3748.946218 seconds (2.53 G allocations: 6.353 TiB, 13.47% gc time)
[2023-01-09T12:02:09.502]Completed Shot 9, state 6
3749.660970 seconds (2.53 G allocations: 6.355 TiB, 13.47% gc time)
[2023-01-09T12:02:10.216]Completed Shot 9, state 7
3749.661023 seconds (2.53 G allocations: 6.355 TiB, 13.47% gc time)
[2023-01-09T12:02:10.219]Completed Shot 9, state 43
3749.785393 seconds (2.53 G allocations: 6.355 TiB, 13.47% gc time)
[2023-01-09T12:02:10.343]Completed Shot 9, state 40
3750.457310 seconds (2.53 G allocations: 6.356 TiB, 13.47% gc time)
[2023-01-09T12:02:11.012]Completed Shot 9, state 1
3750.647987 seconds (2.53 G allocations: 6.356 TiB, 13.47% gc time)
[2023-01-09T12:02:11.204]Completed Shot 9, state 15
3751.029632 seconds (2.53 G allocations: 6.357 TiB, 13.46% gc time)
[2023-01-09T12:02:11.587]Completed Shot 9, state 26
3751.907970 seconds (2.53 G allocations: 6.358 TiB, 13.47% gc time)
[2023-01-09T12:02:12.463]Completed Shot 9, state 5
3752.184119 seconds (2.53 G allocations: 6.358 TiB, 13.47% gc time)
[2023-01-09T12:02:12.741]Completed Shot 9, state 21
3752.715395 seconds (2.53 G allocations: 6.359 TiB, 13.47% gc time)
[2023-01-09T12:02:13.273]Completed Shot 9, state 45
3753.118833 seconds (2.53 G allocations: 6.360 TiB, 13.47% gc time)
[2023-01-09T12:02:13.675]Completed Shot 9, state 16
3754.121620 seconds (2.53 G allocations: 6.361 TiB, 13.47% gc time)
[2023-01-09T12:02:14.679]Completed Shot 9, state 48
3754.497123 seconds (2.53 G allocations: 6.362 TiB, 13.47% gc time)
[2023-01-09T12:02:15.052]Completed Shot 9, state 2
3754.819934 seconds (2.53 G allocations: 6.362 TiB, 13.47% gc time)
[2023-01-09T12:02:15.377]Completed Shot 9, state 33
3754.988136 seconds (2.54 G allocations: 6.362 TiB, 13.47% gc time)
[2023-01-09T12:02:15.545]Completed Shot 9, state 31
3755.025455 seconds (2.54 G allocations: 6.362 TiB, 13.47% gc time)
[2023-01-09T12:02:15.582]Completed Shot 9, state 13
3755.503698 seconds (2.54 G allocations: 6.363 TiB, 13.46% gc time)
[2023-01-09T12:02:16.061]Completed Shot 9, state 41
3757.210077 seconds (2.54 G allocations: 6.365 TiB, 13.46% gc time)
[2023-01-09T12:02:17.765]Completed Shot 9, state 3
3757.589353 seconds (2.54 G allocations: 6.365 TiB, 13.46% gc time)
[2023-01-09T12:02:18.147]Completed Shot 9, state 44
3757.643810 seconds (2.54 G allocations: 6.365 TiB, 13.46% gc time)
[2023-01-09T12:02:18.202]Completed Shot 9, state 47
3757.703142 seconds (2.54 G allocations: 6.365 TiB, 13.46% gc time)
[2023-01-09T12:02:18.261]Completed Shot 9, state 39
3757.840978 seconds (2.54 G allocations: 6.365 TiB, 13.46% gc time)
[2023-01-09T12:02:18.399]Completed Shot 9, state 42
3758.854474 seconds (2.54 G allocations: 6.366 TiB, 13.46% gc time)
[2023-01-09T12:02:19.411]Completed Shot 9, state 14
3758.943120 seconds (2.54 G allocations: 6.366 TiB, 13.46% gc time)
[2023-01-09T12:02:19.500]Completed Shot 9, state 25
3761.020804 seconds (2.54 G allocations: 6.366 TiB, 13.45% gc time)
[2023-01-09T12:02:21.578]Completed Shot 9, state 30
3761.247714 seconds (2.54 G allocations: 6.366 TiB, 13.45% gc time)
[2023-01-09T12:02:21.805]Completed Shot 9, state 34
3761.633070 seconds (2.54 G allocations: 6.367 TiB, 13.45% gc time)
[2023-01-09T12:02:22.190]Completed Shot 9, state 23
3618.013017 seconds (2.53 G allocations: 6.335 TiB, 13.53% gc time)
[2023-01-09T13:02:40.205]Completed Shot 10, state 3
3632.692293 seconds (2.54 G allocations: 6.363 TiB, 13.51% gc time)
[2023-01-09T13:02:54.885]Completed Shot 10, state 12
3639.309788 seconds (2.55 G allocations: 6.373 TiB, 13.53% gc time)
[2023-01-09T13:03:01.502]Completed Shot 10, state 4
3640.068811 seconds (2.55 G allocations: 6.375 TiB, 13.53% gc time)
[2023-01-09T13:03:02.263]Completed Shot 10, state 45
3640.640810 seconds (2.55 G allocations: 6.376 TiB, 13.53% gc time)
[2023-01-09T13:03:02.835]Completed Shot 10, state 35
3642.212652 seconds (2.55 G allocations: 6.380 TiB, 13.52% gc time)
[2023-01-09T13:03:04.405]Completed Shot 10, state 11
3642.627392 seconds (2.55 G allocations: 6.381 TiB, 13.52% gc time)
[2023-01-09T13:03:04.822]Completed Shot 10, state 37
3643.677584 seconds (2.55 G allocations: 6.384 TiB, 13.52% gc time)
[2023-01-09T13:03:05.871]Completed Shot 10, state 18
3647.171777 seconds (2.55 G allocations: 6.389 TiB, 13.54% gc time)
[2023-01-09T13:03:09.366]Completed Shot 10, state 15
3647.274014 seconds (2.55 G allocations: 6.389 TiB, 13.54% gc time)
[2023-01-09T13:03:09.467]Completed Shot 10, state 16
3648.264571 seconds (2.55 G allocations: 6.391 TiB, 13.53% gc time)
[2023-01-09T13:03:10.459]Completed Shot 10, state 40
3649.523566 seconds (2.55 G allocations: 6.395 TiB, 13.53% gc time)
[2023-01-09T13:03:11.716]Completed Shot 10, state 9
3649.662089 seconds (2.55 G allocations: 6.395 TiB, 13.53% gc time)
[2023-01-09T13:03:11.855]Completed Shot 10, state 17
3649.918269 seconds (2.55 G allocations: 6.396 TiB, 13.53% gc time)
[2023-01-09T13:03:12.112]Completed Shot 10, state 34
3650.454282 seconds (2.56 G allocations: 6.397 TiB, 13.52% gc time)
[2023-01-09T13:03:12.649]Completed Shot 10, state 48
3652.163897 seconds (2.56 G allocations: 6.399 TiB, 13.54% gc time)
[2023-01-09T13:03:14.356]Completed Shot 10, state 14
3652.918730 seconds (2.56 G allocations: 6.400 TiB, 13.54% gc time)
[2023-01-09T13:03:15.113]Completed Shot 10, state 33
3652.957419 seconds (2.56 G allocations: 6.400 TiB, 13.54% gc time)
[2023-01-09T13:03:15.151]Completed Shot 10, state 25
3652.994654 seconds (2.56 G allocations: 6.400 TiB, 13.54% gc time)
[2023-01-09T13:03:15.187]Completed Shot 10, state 8
3653.104157 seconds (2.56 G allocations: 6.400 TiB, 13.54% gc time)
[2023-01-09T13:03:15.296]Completed Shot 10, state 6
3653.338076 seconds (2.56 G allocations: 6.401 TiB, 13.54% gc time)
[2023-01-09T13:03:15.531]Completed Shot 10, state 20
3654.946861 seconds (2.56 G allocations: 6.404 TiB, 13.53% gc time)
[2023-01-09T13:03:17.142]Completed Shot 10, state 47
3655.139767 seconds (2.56 G allocations: 6.404 TiB, 13.53% gc time)
[2023-01-09T13:03:17.331]Completed Shot 10, state 1
3655.170322 seconds (2.56 G allocations: 6.404 TiB, 13.53% gc time)
[2023-01-09T13:03:17.364]Completed Shot 10, state 32
3655.920325 seconds (2.56 G allocations: 6.405 TiB, 13.53% gc time)
[2023-01-09T13:03:18.112]Completed Shot 10, state 7
3655.975250 seconds (2.56 G allocations: 6.405 TiB, 13.53% gc time)
[2023-01-09T13:03:18.169]Completed Shot 10, state 21
3656.135467 seconds (2.56 G allocations: 6.406 TiB, 13.53% gc time)
[2023-01-09T13:03:18.329]Completed Shot 10, state 28
3656.450038 seconds (2.56 G allocations: 6.406 TiB, 13.53% gc time)
[2023-01-09T13:03:18.644]Completed Shot 10, state 39
3656.546827 seconds (2.56 G allocations: 6.406 TiB, 13.53% gc time)
[2023-01-09T13:03:18.741]Completed Shot 10, state 49
3656.798841 seconds (2.56 G allocations: 6.407 TiB, 13.53% gc time)
[2023-01-09T13:03:18.993]Completed Shot 10, state 50
3656.851238 seconds (2.56 G allocations: 6.407 TiB, 13.53% gc time)
[2023-01-09T13:03:19.045]Completed Shot 10, state 22
3657.055189 seconds (2.56 G allocations: 6.407 TiB, 13.53% gc time)
[2023-01-09T13:03:19.250]Completed Shot 10, state 42
3658.422242 seconds (2.56 G allocations: 6.408 TiB, 13.54% gc time)
[2023-01-09T13:03:20.615]Completed Shot 10, state 13
3659.236958 seconds (2.56 G allocations: 6.409 TiB, 13.53% gc time)
[2023-01-09T13:03:21.431]Completed Shot 10, state 41
3659.435737 seconds (2.56 G allocations: 6.410 TiB, 13.53% gc time)
[2023-01-09T13:03:21.629]Completed Shot 10, state 19
3659.778887 seconds (2.56 G allocations: 6.410 TiB, 13.53% gc time)
[2023-01-09T13:03:21.971]Completed Shot 10, state 10
3659.982374 seconds (2.56 G allocations: 6.411 TiB, 13.53% gc time)
[2023-01-09T13:03:22.176]Completed Shot 10, state 27
3660.249613 seconds (2.56 G allocations: 6.411 TiB, 13.53% gc time)
[2023-01-09T13:03:22.444]Completed Shot 10, state 38
3660.326350 seconds (2.56 G allocations: 6.411 TiB, 13.53% gc time)
[2023-01-09T13:03:22.521]Completed Shot 10, state 46
3660.475143 seconds (2.56 G allocations: 6.411 TiB, 13.53% gc time)
[2023-01-09T13:03:22.666]Completed Shot 10, state 2
3660.758638 seconds (2.56 G allocations: 6.411 TiB, 13.53% gc time)
[2023-01-09T13:03:22.952]Completed Shot 10, state 26
3661.178610 seconds (2.56 G allocations: 6.412 TiB, 13.53% gc time)
[2023-01-09T13:03:23.373]Completed Shot 10, state 44
3661.933844 seconds (2.56 G allocations: 6.412 TiB, 13.54% gc time)
[2023-01-09T13:03:24.128]Completed Shot 10, state 43
3662.118622 seconds (2.56 G allocations: 6.412 TiB, 13.54% gc time)
[2023-01-09T13:03:24.312]Completed Shot 10, state 23
3662.375131 seconds (2.56 G allocations: 6.413 TiB, 13.53% gc time)
[2023-01-09T13:03:24.569]Completed Shot 10, state 29
3662.816858 seconds (2.56 G allocations: 6.413 TiB, 13.53% gc time)
[2023-01-09T13:03:25.011]Completed Shot 10, state 30
3662.878413 seconds (2.56 G allocations: 6.413 TiB, 13.53% gc time)
[2023-01-09T13:03:25.073]Completed Shot 10, state 36
3663.368446 seconds (2.56 G allocations: 6.413 TiB, 13.53% gc time)
[2023-01-09T13:03:25.562]Completed Shot 10, state 31
3663.665684 seconds (2.56 G allocations: 6.413 TiB, 13.53% gc time)
[2023-01-09T13:03:25.857]Completed Shot 10, state 5
3664.714219 seconds (2.56 G allocations: 6.413 TiB, 13.53% gc time)
[2023-01-09T13:03:26.908]Completed Shot 10, state 24
[2023-01-09T13:03:26.908]**********Simulation completed!**********
[2023-01-09T13:03:26.908]**********Saving**********
[2023-01-09T13:03:30.939]Saving file: /gpfs/bwfor/work/ws/hd_ku269-logs/LightCones/2023-01-09/468831_N11_BS.jld2
[2023-01-09T13:03:32.479]**********Run completed!**********
============================= JOB FEEDBACK =============================
Job ID: 468831
Cluster: helix
User/Group: hd_ku269/hd_hd
State: COMPLETED (exit code 0)
Nodes: 1
Cores per node: 64
CPU Utilized: 23-22:23:13
CPU Efficiency: 88.45% of 27-01:22:08 core-walltime
Job Wall-clock time: 10:08:47
Memory Utilized: 41.13 GB
Memory Efficiency: 17.43% of 236.00 GB
