Added MKL.jl
Project LightCones v0.1.0
Status `/gpfs/bwfor/work/ws/hd_ku269-light_cones/WorkingFolder/Project.toml`
⌃ [7d9fca2a] Arpack v0.5.3
⌃ [7073ff75] IJulia v1.23.3
⌃ [033835bb] JLD2 v0.4.25
  [0b1a1467] KrylovKit v0.6.0
  [d3d80556] LineSearches v7.2.0
  [33e6dc65] MKL v0.6.0
⌃ [429524aa] Optim v1.7.3
⌃ [91a5bcdd] Plots v1.35.5
⌃ [c3e4b0f8] Pluto v0.19.14
  [3c0b384b] QuantumInformation v0.4.9
  [189a3867] Reexport v1.2.2
⌃ [295af30f] Revise v3.4.0
  [ebcc8a00] SpinSymmetry v0.3.3
  [59d54670] ThreadedSparseArrays v0.2.2
  [ade2ca70] Dates
  [8ba89e20] Distributed
  [37e2e46d] LinearAlgebra
  [de0858da] Printf
  [9a3f8284] Random
  [1a1011a3] SharedArrays
  [2f01184e] SparseArrays
  [10745b16] Statistics
Info Packages marked with ⌃ have new versions available and may be upgradable.
[2023-01-09T02:55:09.108]**********RANDOM FIELDS**********
shared_krylov.jl
Working Directory:          /gpfs/bwfor/work/ws/hd_ku269-light_cones/WorkingFolder
SLURM Directory:            /gpfs/bwfor/work/ws/hd_ku269-light_cones/WorkingFolder 
Running on host:            m01n03
Job id:                     468811
Job name:                   otoc_simulation_N11_TR_FIDONLY
Number of nodes allocated:  
Number of cores allocated:  1
#threads of Julia:          64
#threads of BLAS:           1
ARGS = ["11", "10", "50", "BS", "x", "3", "100", "WAHUHA"]
LOCATION = "/gpfs/bwfor/work/ws/hd_ku269-logs/LightCones/2023-01-09"
N = 11
SHOTS = 10
MULT_RANDOM_STATES = true
N_RANDOM_STATES = 50
TYPE_OF_RS = "BS"
OBSERVABLE = "x"
DISORDER_PARAM = 3.0
[2023-01-09T02:55:09.291]**********Running simulation**********
[2023-01-09T02:55:09.351]trange = 0.1:0.1:20.0
[2023-01-09T02:55:09.701]A = σx
[2023-01-09T02:55:10.164]alpha=6
[2023-01-09T02:55:10.165]PBC
4[2023-01-09T02:55:12.830]Operations set up.
Using multiple states.
3869.561352 seconds (2.54 G allocations: 6.363 TiB, 13.68% gc time, 0.16% compilation time)
[2023-01-09T03:59:51.447]Completed Shot 1, state 46
3867.330463 seconds (2.54 G allocations: 6.367 TiB, 13.68% gc time, 0.05% compilation time)
[2023-01-09T03:59:53.283]Completed Shot 1, state 40
3869.465852 seconds (2.54 G allocations: 6.372 TiB, 13.68% gc time, 0.05% compilation time)
[2023-01-09T03:59:55.470]Completed Shot 1, state 31
3874.065899 seconds (2.54 G allocations: 6.373 TiB, 13.66% gc time, 0.16% compilation time)
[2023-01-09T03:59:55.928]Completed Shot 1, state 43
3870.229316 seconds (2.54 G allocations: 6.374 TiB, 13.67% gc time, 0.05% compilation time)
[2023-01-09T03:59:56.199]Completed Shot 1, state 27
3870.803128 seconds (2.54 G allocations: 6.375 TiB, 13.67% gc time, 0.05% compilation time)
[2023-01-09T03:59:56.787]Completed Shot 1, state 19
3872.516742 seconds (2.55 G allocations: 6.379 TiB, 13.67% gc time, 0.05% compilation time)
[2023-01-09T03:59:58.484]Completed Shot 1, state 3
3872.512563 seconds (2.55 G allocations: 6.380 TiB, 13.67% gc time, 0.04% compilation time)
[2023-01-09T03:59:58.852]Completed Shot 1, state 28
3873.251984 seconds (2.55 G allocations: 6.381 TiB, 13.66% gc time, 0.05% compilation time)
[2023-01-09T03:59:59.227]Completed Shot 1, state 5
3873.611157 seconds (2.55 G allocations: 6.381 TiB, 13.66% gc time, 0.05% compilation time)
[2023-01-09T03:59:59.575]Completed Shot 1, state 50
3875.763633 seconds (2.55 G allocations: 6.382 TiB, 13.70% gc time, 0.05% compilation time)
[2023-01-09T04:00:01.739]Completed Shot 1, state 47
3876.386572 seconds (2.55 G allocations: 6.383 TiB, 13.70% gc time, 0.05% compilation time)
[2023-01-09T04:00:02.350]Completed Shot 1, state 16
3877.243967 seconds (2.55 G allocations: 6.385 TiB, 13.69% gc time, 0.05% compilation time)
[2023-01-09T04:00:03.213]Completed Shot 1, state 35
3877.324621 seconds (2.55 G allocations: 6.386 TiB, 13.69% gc time, 0.05% compilation time)
[2023-01-09T04:00:03.289]Completed Shot 1, state 22
3877.570678 seconds (2.55 G allocations: 6.387 TiB, 13.69% gc time, 0.04% compilation time)
[2023-01-09T04:00:03.862]Completed Shot 1, state 34
3878.212356 seconds (2.55 G allocations: 6.388 TiB, 13.69% gc time, 0.05% compilation time)
[2023-01-09T04:00:04.184]Completed Shot 1, state 32
3878.482378 seconds (2.55 G allocations: 6.389 TiB, 13.69% gc time, 0.05% compilation time)
[2023-01-09T04:00:04.469]Completed Shot 1, state 44
3878.745667 seconds (2.55 G allocations: 6.390 TiB, 13.69% gc time, 0.05% compilation time)
[2023-01-09T04:00:04.737]Completed Shot 1, state 18
3878.811714 seconds (2.55 G allocations: 6.390 TiB, 13.69% gc time, 0.05% compilation time)
[2023-01-09T04:00:04.816]Completed Shot 1, state 11
3878.955193 seconds (2.55 G allocations: 6.390 TiB, 13.69% gc time, 0.05% compilation time)
[2023-01-09T04:00:04.907]Completed Shot 1, state 49
3879.108875 seconds (2.55 G allocations: 6.391 TiB, 13.69% gc time, 0.05% compilation time)
[2023-01-09T04:00:05.080]Completed Shot 1, state 33
3879.127266 seconds (2.55 G allocations: 6.391 TiB, 13.69% gc time, 0.05% compilation time)
[2023-01-09T04:00:05.113]Completed Shot 1, state 25
3879.501824 seconds (2.55 G allocations: 6.391 TiB, 13.68% gc time, 0.05% compilation time)
[2023-01-09T04:00:05.471]Completed Shot 1, state 20
3879.656535 seconds (2.55 G allocations: 6.392 TiB, 13.68% gc time, 0.05% compilation time)
3879.634961 seconds (2.55 G allocations: 6.392 TiB, 13.68% gc time, 0.05% compilation time)
[[2023-01-09T04:00:05.623]Completed Shot 1, state 39
2023-01-09T04:00:05.623]Completed Shot 1, state 1
3879.890386 seconds (2.55 G allocations: 6.392 TiB, 13.68% gc time, 0.05% compilation time)
[2023-01-09T04:00:05.881]Completed Shot 1, state 29
3880.060402 seconds (2.55 G allocations: 6.393 TiB, 13.68% gc time, 0.05% compilation time)
[2023-01-09T04:00:06.012]Completed Shot 1, state 41
3880.434344 seconds (2.55 G allocations: 6.393 TiB, 13.68% gc time, 0.05% compilation time)
[2023-01-09T04:00:06.401]Completed Shot 1, state 13
3886.557910 seconds (2.55 G allocations: 6.396 TiB, 13.68% gc time, 0.16% compilation time)
[2023-01-09T04:00:08.419]Completed Shot 1, state 38
3882.376976 seconds (2.55 G allocations: 6.396 TiB, 13.69% gc time, 0.04% compilation time)
[2023-01-09T04:00:08.665]Completed Shot 1, state 26
3882.708137 seconds (2.55 G allocations: 6.396 TiB, 13.69% gc time, 0.05% compilation time)
[2023-01-09T04:00:08.697]Completed Shot 1, state 15
3882.772123 seconds (2.55 G allocations: 6.396 TiB, 13.69% gc time, 0.05% compilation time)
[2023-01-09T04:00:08.736]Completed Shot 1, state 4
3882.865890 seconds (2.55 G allocations: 6.396 TiB, 13.69% gc time, 0.05% compilation time)
[2023-01-09T04:00:08.834]Completed Shot 1, state 21
3883.223804 seconds (2.55 G allocations: 6.397 TiB, 13.69% gc time, 0.05% compilation time)
[2023-01-09T04:00:09.220]Completed Shot 1, state 6
3883.250409 seconds (2.55 G allocations: 6.397 TiB, 13.69% gc time, 0.05% compilation time)
[2023-01-09T04:00:09.224]Completed Shot 1, state 36
3884.163325 seconds (2.55 G allocations: 6.399 TiB, 13.69% gc time, 0.05% compilation time)
[2023-01-09T04:00:10.149]Completed Shot 1, state 14
3884.195818 seconds (2.55 G allocations: 6.399 TiB, 13.69% gc time, 0.05% compilation time)
[2023-01-09T04:00:10.198]Completed Shot 1, state 42
3884.737005 seconds (2.55 G allocations: 6.399 TiB, 13.68% gc time, 0.05% compilation time)
[2023-01-09T04:00:10.725]Completed Shot 1, state 23
3884.984055 seconds (2.55 G allocations: 6.400 TiB, 13.68% gc time, 0.05% compilation time)
[2023-01-09T04:00:10.949]Completed Shot 1, state 37
3890.033139 seconds (2.55 G allocations: 6.400 TiB, 13.68% gc time, 0.15% compilation time)
[2023-01-09T04:00:11.894]Completed Shot 1, state 8
3886.131977 seconds (2.55 G allocations: 6.400 TiB, 13.69% gc time, 0.05% compilation time)
[2023-01-09T04:00:12.109]Completed Shot 1, state 24
3890.278936 seconds (2.55 G allocations: 6.400 TiB, 13.68% gc time, 0.15% compilation time)
[2023-01-09T04:00:12.171]Completed Shot 1, state 45
3890.583013 seconds (2.55 G allocations: 6.401 TiB, 13.68% gc time, 0.15% compilation time)
[2023-01-09T04:00:12.444]Completed Shot 1, state 2
3886.508748 seconds (2.55 G allocations: 6.401 TiB, 13.69% gc time, 0.05% compilation time)
[2023-01-09T04:00:12.511]Completed Shot 1, state 7
3888.052048 seconds (2.55 G allocations: 6.402 TiB, 13.69% gc time, 0.05% compilation time)
[2023-01-09T04:00:14.017]Completed Shot 1, state 12
3888.183962 seconds (2.55 G allocations: 6.402 TiB, 13.69% gc time, 0.05% compilation time)
[2023-01-09T04:00:14.136]Completed Shot 1, state 17
3888.532501 seconds (2.55 G allocations: 6.402 TiB, 13.68% gc time, 0.05% compilation time)
[2023-01-09T04:00:14.498]Completed Shot 1, state 48
3889.260971 seconds (2.55 G allocations: 6.402 TiB, 13.68% gc time, 0.05% compilation time)
[2023-01-09T04:00:15.245]Completed Shot 1, state 9
3890.451472 seconds (2.55 G allocations: 6.402 TiB, 13.68% gc time, 0.04% compilation time)
[2023-01-09T04:00:16.741]Completed Shot 1, state 30
3894.513172 seconds (2.55 G allocations: 6.403 TiB, 13.67% gc time, 0.05% compilation time)
[2023-01-09T04:00:20.465]Completed Shot 1, state 10
3639.282180 seconds (2.54 G allocations: 6.357 TiB, 14.15% gc time)
[2023-01-09T05:00:59.749]Completed Shot 2, state 4
3643.874939 seconds (2.54 G allocations: 6.368 TiB, 14.13% gc time)
[2023-01-09T05:01:04.344]Completed Shot 2, state 27
3649.291026 seconds (2.54 G allocations: 6.376 TiB, 14.15% gc time)
[2023-01-09T05:01:09.758]Completed Shot 2, state 3
3650.047435 seconds (2.54 G allocations: 6.377 TiB, 14.15% gc time)
[2023-01-09T05:01:10.516]Completed Shot 2, state 24
3650.215553 seconds (2.55 G allocations: 6.378 TiB, 14.15% gc time)
[2023-01-09T05:01:10.685]Completed Shot 2, state 32
3650.225284 seconds (2.55 G allocations: 6.378 TiB, 14.15% gc time)
[2023-01-09T05:01:10.695]Completed Shot 2, state 39
3650.663514 seconds (2.55 G allocations: 6.379 TiB, 14.15% gc time)
[2023-01-09T05:01:11.132]Completed Shot 2, state 22
3651.031598 seconds (2.55 G allocations: 6.380 TiB, 14.15% gc time)
[2023-01-09T05:01:11.500]Completed Shot 2, state 25
3651.064694 seconds (2.55 G allocations: 6.380 TiB, 14.15% gc time)
[2023-01-09T05:01:11.535]Completed Shot 2, state 34
3651.181804 seconds (2.55 G allocations: 6.380 TiB, 14.15% gc time)
[2023-01-09T05:01:11.652]Completed Shot 2, state 42
3651.252294 seconds (2.55 G allocations: 6.380 TiB, 14.15% gc time)
[2023-01-09T05:01:11.721]Completed Shot 2, state 20
3651.507112 seconds (2.55 G allocations: 6.381 TiB, 14.15% gc time)
[2023-01-09T05:01:11.975]Completed Shot 2, state 8
3651.829978 seconds (2.55 G allocations: 6.382 TiB, 14.15% gc time)
[2023-01-09T05:01:12.299]Completed Shot 2, state 36
3653.490042 seconds (2.55 G allocations: 6.384 TiB, 14.16% gc time)
[2023-01-09T05:01:13.957]Completed Shot 2, state 7
3653.687640 seconds (2.55 G allocations: 6.384 TiB, 14.16% gc time)
[2023-01-09T05:01:14.156]Completed Shot 2, state 16
3654.133335 seconds (2.55 G allocations: 6.385 TiB, 14.16% gc time)
[2023-01-09T05:01:14.603]Completed Shot 2, state 23
3654.404132 seconds (2.55 G allocations: 6.386 TiB, 14.16% gc time)
[2023-01-09T05:01:14.873]Completed Shot 2, state 33
3654.432342 seconds (2.55 G allocations: 6.386 TiB, 14.16% gc time)
[2023-01-09T05:01:14.899]Completed Shot 2, state 2
3654.459739 seconds (2.55 G allocations: 6.386 TiB, 14.16% gc time)
[2023-01-09T05:01:14.928]Completed Shot 2, state 18
3654.603084 seconds (2.55 G allocations: 6.386 TiB, 14.16% gc time)
[2023-01-09T05:01:15.073]Completed Shot 2, state 38
3655.325142 seconds (2.55 G allocations: 6.388 TiB, 14.16% gc time)
[2023-01-09T05:01:15.794]Completed Shot 2, state 28
3655.516280 seconds (2.55 G allocations: 6.389 TiB, 14.16% gc time)
[2023-01-09T05:01:15.986]Completed Shot 2, state 29
3655.843658 seconds (2.55 G allocations: 6.389 TiB, 14.15% gc time)
[2023-01-09T05:01:16.313]Completed Shot 2, state 35
3656.237118 seconds (2.55 G allocations: 6.390 TiB, 14.15% gc time)
[2023-01-09T05:01:16.705]Completed Shot 2, state 19
3656.448413 seconds (2.55 G allocations: 6.391 TiB, 14.15% gc time)
[2023-01-09T05:01:16.916]Completed Shot 2, state 15
3656.685263 seconds (2.55 G allocations: 6.391 TiB, 14.15% gc time)
[2023-01-09T05:01:17.155]Completed Shot 2, state 47
3656.736853 seconds (2.55 G allocations: 6.391 TiB, 14.15% gc time)
[2023-01-09T05:01:17.205]Completed Shot 2, state 21
3656.835911 seconds (2.55 G allocations: 6.392 TiB, 14.15% gc time)
[2023-01-09T05:01:17.303]Completed Shot 2, state 9
3656.877741 seconds (2.55 G allocations: 6.392 TiB, 14.15% gc time)
[2023-01-09T05:01:17.344]Completed Shot 2, state 1
3657.813072 seconds (2.55 G allocations: 6.392 TiB, 14.16% gc time)
[2023-01-09T05:01:18.283]Completed Shot 2, state 40
3658.122811 seconds (2.55 G allocations: 6.393 TiB, 14.16% gc time)
[2023-01-09T05:01:18.593]Completed Shot 2, state 43
3658.244863 seconds (2.55 G allocations: 6.393 TiB, 14.16% gc time)
[2023-01-09T05:01:18.712]Completed Shot 2, state 11
3658.642335 seconds (2.55 G allocations: 6.394 TiB, 14.16% gc time)
[2023-01-09T05:01:19.112]Completed Shot 2, state 49
3658.815088 seconds (2.55 G allocations: 6.394 TiB, 14.16% gc time)
[2023-01-09T05:01:19.282]Completed Shot 2, state 5
3658.864679 seconds (2.55 G allocations: 6.394 TiB, 14.16% gc time)
[2023-01-09T05:01:19.333]Completed Shot 2, state 17
3659.199352 seconds (2.55 G allocations: 6.395 TiB, 14.16% gc time)
[2023-01-09T05:01:19.669]Completed Shot 2, state 50
3659.270631 seconds (2.55 G allocations: 6.395 TiB, 14.16% gc time)
[2023-01-09T05:01:19.740]Completed Shot 2, state 44
3659.300703 seconds (2.55 G allocations: 6.395 TiB, 14.16% gc time)
[2023-01-09T05:01:19.771]Completed Shot 2, state 45
3659.618250 seconds (2.55 G allocations: 6.396 TiB, 14.15% gc time)
[2023-01-09T05:01:20.086]Completed Shot 2, state 13
3659.795537 seconds (2.55 G allocations: 6.396 TiB, 14.15% gc time)
[2023-01-09T05:01:20.263]Completed Shot 2, state 14
3660.258204 seconds (2.55 G allocations: 6.396 TiB, 14.15% gc time)
[2023-01-09T05:01:20.728]Completed Shot 2, state 37
3660.717055 seconds (2.55 G allocations: 6.397 TiB, 14.15% gc time)
[2023-01-09T05:01:21.187]Completed Shot 2, state 46
3661.252629 seconds (2.55 G allocations: 6.397 TiB, 14.16% gc time)
[2023-01-09T05:01:21.722]Completed Shot 2, state 31
3661.486717 seconds (2.55 G allocations: 6.397 TiB, 14.16% gc time)
[2023-01-09T05:01:21.956]Completed Shot 2, state 26
3661.915696 seconds (2.55 G allocations: 6.397 TiB, 14.15% gc time)
[2023-01-09T05:01:22.385]Completed Shot 2, state 41
3662.038431 seconds (2.55 G allocations: 6.397 TiB, 14.15% gc time)
[2023-01-09T05:01:22.507]Completed Shot 2, state 30
3662.249046 seconds (2.55 G allocations: 6.398 TiB, 14.15% gc time)
[2023-01-09T05:01:22.717]Completed Shot 2, state 12
3662.805561 seconds (2.55 G allocations: 6.398 TiB, 14.15% gc time)
[2023-01-09T05:01:23.275]Completed Shot 2, state 48
3663.833471 seconds (2.55 G allocations: 6.398 TiB, 14.15% gc time)
[2023-01-09T05:01:24.300]Completed Shot 2, state 6
3665.485601 seconds (2.55 G allocations: 6.398 TiB, 14.14% gc time)
[2023-01-09T05:01:25.953]Completed Shot 2, state 10
3640.313500 seconds (2.56 G allocations: 6.415 TiB, 13.71% gc time)
[2023-01-09T06:02:06.274]Completed Shot 3, state 34
3640.357015 seconds (2.56 G allocations: 6.415 TiB, 13.71% gc time)
[2023-01-09T06:02:06.319]Completed Shot 3, state 43
3643.959657 seconds (2.56 G allocations: 6.420 TiB, 13.72% gc time)
[2023-01-09T06:02:09.922]Completed Shot 3, state 42
3644.608621 seconds (2.56 G allocations: 6.422 TiB, 13.72% gc time)
[2023-01-09T06:02:10.565]Completed Shot 3, state 9
3646.274938 seconds (2.57 G allocations: 6.426 TiB, 13.71% gc time)
[2023-01-09T06:02:12.235]Completed Shot 3, state 27
3646.938240 seconds (2.57 G allocations: 6.428 TiB, 13.71% gc time)
[2023-01-09T06:02:12.893]Completed Shot 3, state 1
3647.554037 seconds (2.57 G allocations: 6.430 TiB, 13.71% gc time)
[2023-01-09T06:02:13.516]Completed Shot 3, state 41
3647.629091 seconds (2.57 G allocations: 6.430 TiB, 13.71% gc time)
[2023-01-09T06:02:13.590]Completed Shot 3, state 36
3649.567541 seconds (2.57 G allocations: 6.432 TiB, 13.73% gc time)
[2023-01-09T06:02:15.526]Completed Shot 3, state 23
3649.823118 seconds (2.57 G allocations: 6.432 TiB, 13.73% gc time)
[2023-01-09T06:02:15.780]Completed Shot 3, state 16
3650.020790 seconds (2.57 G allocations: 6.432 TiB, 13.73% gc time)
[2023-01-09T06:02:15.981]Completed Shot 3, state 29
3651.008715 seconds (2.57 G allocations: 6.435 TiB, 13.73% gc time)
[2023-01-09T06:02:16.970]Completed Shot 3, state 38
3651.121211 seconds (2.57 G allocations: 6.435 TiB, 13.73% gc time)
[2023-01-09T06:02:17.078]Completed Shot 3, state 15
3651.171601 seconds (2.57 G allocations: 6.435 TiB, 13.73% gc time)
[2023-01-09T06:02:17.132]Completed Shot 3, state 33
3651.380629 seconds (2.57 G allocations: 6.436 TiB, 13.73% gc time)
[2023-01-09T06:02:17.342]Completed Shot 3, state 49
3651.570503 seconds (2.57 G allocations: 6.436 TiB, 13.73% gc time)
[2023-01-09T06:02:17.527]Completed Shot 3, state 10
3651.901539 seconds (2.57 G allocations: 6.437 TiB, 13.72% gc time)
[2023-01-09T06:02:17.863]Completed Shot 3, state 47
3652.541235 seconds (2.57 G allocations: 6.439 TiB, 13.72% gc time)
[2023-01-09T06:02:18.502]Completed Shot 3, state 39
3652.611865 seconds (2.57 G allocations: 6.439 TiB, 13.72% gc time)
[2023-01-09T06:02:18.570]Completed Shot 3, state 21
3652.647567 seconds (2.57 G allocations: 6.440 TiB, 13.72% gc time)
[2023-01-09T06:02:18.608]Completed Shot 3, state 32
3652.997266 seconds (2.57 G allocations: 6.440 TiB, 13.72% gc time)
[2023-01-09T06:02:18.957]Completed Shot 3, state 31
3653.134228 seconds (2.57 G allocations: 6.441 TiB, 13.72% gc time)
[2023-01-09T06:02:19.089]Completed Shot 3, state 3
3653.196531 seconds (2.57 G allocations: 6.441 TiB, 13.72% gc time)
[2023-01-09T06:02:19.156]Completed Shot 3, state 28
3653.904357 seconds (2.57 G allocations: 6.442 TiB, 13.73% gc time)
[2023-01-09T06:02:19.864]Completed Shot 3, state 26
3654.202781 seconds (2.57 G allocations: 6.442 TiB, 13.73% gc time)
[2023-01-09T06:02:20.158]Completed Shot 3, state 5
3654.207251 seconds (2.57 G allocations: 6.442 TiB, 13.73% gc time)
[2023-01-09T06:02:20.168]Completed Shot 3, state 40
3654.410967 seconds (2.57 G allocations: 6.443 TiB, 13.72% gc time)
[2023-01-09T06:02:20.366]Completed Shot 3, state 2
3655.215211 seconds (2.57 G allocations: 6.444 TiB, 13.72% gc time)
[2023-01-09T06:02:21.172]Completed Shot 3, state 14
3655.308688 seconds (2.57 G allocations: 6.445 TiB, 13.72% gc time)
[2023-01-09T06:02:21.264]Completed Shot 3, state 6
3655.697395 seconds (2.57 G allocations: 6.445 TiB, 13.72% gc time)
[2023-01-09T06:02:21.656]Completed Shot 3, state 20
3656.281750 seconds (2.57 G allocations: 6.446 TiB, 13.72% gc time)
[2023-01-09T06:02:22.244]Completed Shot 3, state 48
3656.484494 seconds (2.57 G allocations: 6.447 TiB, 13.72% gc time)
[2023-01-09T06:02:22.440]Completed Shot 3, state 7
3657.162826 seconds (2.57 G allocations: 6.447 TiB, 13.72% gc time)
[2023-01-09T06:02:23.119]Completed Shot 3, state 11
3657.229534 seconds (2.57 G allocations: 6.447 TiB, 13.72% gc time)
[2023-01-09T06:02:23.188]Completed Shot 3, state 19
3657.243707 seconds (2.57 G allocations: 6.447 TiB, 13.72% gc time)
[2023-01-09T06:02:23.205]Completed Shot 3, state 44
3657.359777 seconds (2.57 G allocations: 6.448 TiB, 13.72% gc time)
[2023-01-09T06:02:23.318]Completed Shot 3, state 22
3657.463701 seconds (2.57 G allocations: 6.448 TiB, 13.72% gc time)
[2023-01-09T06:02:23.425]Completed Shot 3, state 35
3658.609836 seconds (2.58 G allocations: 6.449 TiB, 13.72% gc time)
[2023-01-09T06:02:24.567]Completed Shot 3, state 13
3658.789840 seconds (2.58 G allocations: 6.449 TiB, 13.72% gc time)
[2023-01-09T06:02:24.745]Completed Shot 3, state 4
3659.335509 seconds (2.58 G allocations: 6.450 TiB, 13.72% gc time)
[2023-01-09T06:02:25.295]Completed Shot 3, state 25
3660.156169 seconds (2.58 G allocations: 6.451 TiB, 13.71% gc time)
[2023-01-09T06:02:26.113]Completed Shot 3, state 12
3660.342870 seconds (2.58 G allocations: 6.451 TiB, 13.71% gc time)
[2023-01-09T06:02:26.305]Completed Shot 3, state 50
3660.475223 seconds (2.58 G allocations: 6.451 TiB, 13.71% gc time)
[2023-01-09T06:02:26.437]Completed Shot 3, state 46
3660.757047 seconds (2.58 G allocations: 6.451 TiB, 13.71% gc time)
[2023-01-09T06:02:26.716]Completed Shot 3, state 24
3660.785011 seconds (2.58 G allocations: 6.451 TiB, 13.71% gc time)
[2023-01-09T06:02:26.743]Completed Shot 3, state 17
3660.967459 seconds (2.58 G allocations: 6.451 TiB, 13.71% gc time)
[2023-01-09T06:02:26.923]Completed Shot 3, state 8
3661.264116 seconds (2.58 G allocations: 6.452 TiB, 13.71% gc time)
[2023-01-09T06:02:27.226]Completed Shot 3, state 45
3661.339554 seconds (2.58 G allocations: 6.452 TiB, 13.71% gc time)
[2023-01-09T06:02:27.300]Completed Shot 3, state 37
3662.446249 seconds (2.58 G allocations: 6.452 TiB, 13.71% gc time)
[2023-01-09T06:02:28.404]Completed Shot 3, state 18
3665.493862 seconds (2.58 G allocations: 6.452 TiB, 13.70% gc time)
[2023-01-09T06:02:31.454]Completed Shot 3, state 30
3464.382457 seconds (2.50 G allocations: 6.273 TiB, 14.11% gc time)
[2023-01-09T07:00:15.844]Completed Shot 4, state 29
3464.875616 seconds (2.50 G allocations: 6.274 TiB, 14.11% gc time)
[2023-01-09T07:00:16.337]Completed Shot 4, state 38
3469.302294 seconds (2.50 G allocations: 6.282 TiB, 14.12% gc time)
[2023-01-09T07:00:20.762]Completed Shot 4, state 23
3469.324796 seconds (2.50 G allocations: 6.282 TiB, 14.12% gc time)
[2023-01-09T07:00:20.787]Completed Shot 4, state 44
3469.402463 seconds (2.50 G allocations: 6.282 TiB, 14.12% gc time)
[2023-01-09T07:00:20.865]Completed Shot 4, state 43
3469.867732 seconds (2.50 G allocations: 6.283 TiB, 14.12% gc time)
[2023-01-09T07:00:21.325]Completed Shot 4, state 9
3469.875876 seconds (2.50 G allocations: 6.283 TiB, 14.12% gc time)
[2023-01-09T07:00:21.336]Completed Shot 4, state 27
3470.311541 seconds (2.50 G allocations: 6.285 TiB, 14.12% gc time)
[2023-01-09T07:00:21.770]Completed Shot 4, state 16
3471.037456 seconds (2.50 G allocations: 6.286 TiB, 14.12% gc time)
[2023-01-09T07:00:22.500]Completed Shot 4, state 42
3471.593182 seconds (2.50 G allocations: 6.288 TiB, 14.11% gc time)
[2023-01-09T07:00:23.050]Completed Shot 4, state 4
3471.669566 seconds (2.50 G allocations: 6.288 TiB, 14.11% gc time)
[2023-01-09T07:00:23.127]Completed Shot 4, state 13
3471.682183 seconds (2.50 G allocations: 6.288 TiB, 14.11% gc time)
[2023-01-09T07:00:23.139]Completed Shot 4, state 5
3473.074588 seconds (2.50 G allocations: 6.289 TiB, 14.13% gc time)
[2023-01-09T07:00:24.536]Completed Shot 4, state 37
3473.096914 seconds (2.50 G allocations: 6.289 TiB, 14.13% gc time)
[2023-01-09T07:00:24.558]Completed Shot 4, state 32
3474.094998 seconds (2.50 G allocations: 6.292 TiB, 14.13% gc time)
[2023-01-09T07:00:25.556]Completed Shot 4, state 34
3474.129889 seconds (2.50 G allocations: 6.292 TiB, 14.13% gc time)
[2023-01-09T07:00:25.587]Completed Shot 4, state 8
3474.173846 seconds (2.50 G allocations: 6.292 TiB, 14.13% gc time)
[2023-01-09T07:00:25.633]Completed Shot 4, state 20
3474.222672 seconds (2.50 G allocations: 6.292 TiB, 14.13% gc time)
[2023-01-09T07:00:25.680]Completed Shot 4, state 11
3474.375979 seconds (2.50 G allocations: 6.293 TiB, 14.13% gc time)
[2023-01-09T07:00:25.837]Completed Shot 4, state 30
3474.431755 seconds (2.50 G allocations: 6.293 TiB, 14.13% gc time)
[2023-01-09T07:00:25.893]Completed Shot 4, state 31
3474.456542 seconds (2.50 G allocations: 6.293 TiB, 14.13% gc time)
[2023-01-09T07:00:25.915]Completed Shot 4, state 17
3474.696092 seconds (2.50 G allocations: 6.293 TiB, 14.12% gc time)
[2023-01-09T07:00:26.157]Completed Shot 4, state 35
3475.000855 seconds (2.50 G allocations: 6.294 TiB, 14.12% gc time)
[2023-01-09T07:00:26.459]Completed Shot 4, state 14
3475.209038 seconds (2.51 G allocations: 6.295 TiB, 14.12% gc time)
[2023-01-09T07:00:26.671]Completed Shot 4, state 47
3475.276818 seconds (2.51 G allocations: 6.295 TiB, 14.12% gc time)
[2023-01-09T07:00:26.732]Completed Shot 4, state 2
3475.579535 seconds (2.51 G allocations: 6.296 TiB, 14.12% gc time)
[2023-01-09T07:00:27.042]Completed Shot 4, state 48
3476.111818 seconds (2.51 G allocations: 6.296 TiB, 14.13% gc time)
[2023-01-09T07:00:27.574]Completed Shot 4, state 46
3476.338149 seconds (2.51 G allocations: 6.296 TiB, 14.13% gc time)
[2023-01-09T07:00:27.799]Completed Shot 4, state 36
3476.478571 seconds (2.51 G allocations: 6.297 TiB, 14.13% gc time)
[2023-01-09T07:00:27.937]Completed Shot 4, state 18
3476.548656 seconds (2.51 G allocations: 6.297 TiB, 14.13% gc time)
[2023-01-09T07:00:28.006]Completed Shot 4, state 12
3476.577053 seconds (2.51 G allocations: 6.297 TiB, 14.13% gc time)
[2023-01-09T07:00:28.032]Completed Shot 4, state 1
3476.665003 seconds (2.51 G allocations: 6.297 TiB, 14.13% gc time)
[2023-01-09T07:00:28.125]Completed Shot 4, state 26
3476.663363 seconds (2.51 G allocations: 6.297 TiB, 14.13% gc time)
[2023-01-09T07:00:28.126]Completed Shot 4, state 45
3476.703010 seconds (2.51 G allocations: 6.297 TiB, 14.13% gc time)
[2023-01-09T07:00:28.163]Completed Shot 4, state 24
3476.947081 seconds (2.51 G allocations: 6.298 TiB, 14.13% gc time)
[2023-01-09T07:00:28.406]Completed Shot 4, state 21
3477.027338 seconds (2.51 G allocations: 6.298 TiB, 14.13% gc time)
[2023-01-09T07:00:28.484]Completed Shot 4, state 10
3477.306383 seconds (2.51 G allocations: 6.298 TiB, 14.12% gc time)
[2023-01-09T07:00:28.763]Completed Shot 4, state 7
3477.325749 seconds (2.51 G allocations: 6.298 TiB, 14.12% gc time)
[2023-01-09T07:00:28.785]Completed Shot 4, state 19
3477.400559 seconds (2.51 G allocations: 6.298 TiB, 14.12% gc time)
[2023-01-09T07:00:28.862]Completed Shot 4, state 39
3477.734312 seconds (2.51 G allocations: 6.299 TiB, 14.12% gc time)
[2023-01-09T07:00:29.194]Completed Shot 4, state 25
3478.386834 seconds (2.51 G allocations: 6.299 TiB, 14.12% gc time)
[2023-01-09T07:00:29.849]Completed Shot 4, state 49
3478.393509 seconds (2.51 G allocations: 6.299 TiB, 14.12% gc time)
[2023-01-09T07:00:29.850]Completed Shot 4, state 6
3478.729443 seconds (2.51 G allocations: 6.299 TiB, 14.13% gc time)
[2023-01-09T07:00:30.185]Completed Shot 4, state 3
3478.823357 seconds (2.51 G allocations: 6.299 TiB, 14.13% gc time)
[2023-01-09T07:00:30.286]Completed Shot 4, state 50
3478.873725 seconds (2.51 G allocations: 6.300 TiB, 14.13% gc time)
[2023-01-09T07:00:30.332]Completed Shot 4, state 15
3479.150937 seconds (2.51 G allocations: 6.300 TiB, 14.12% gc time)
[2023-01-09T07:00:30.613]Completed Shot 4, state 41
3479.465215 seconds (2.51 G allocations: 6.300 TiB, 14.12% gc time)
[2023-01-09T07:00:30.925]Completed Shot 4, state 22
3480.327574 seconds (2.51 G allocations: 6.300 TiB, 14.12% gc time)
[2023-01-09T07:00:31.790]Completed Shot 4, state 40
3480.422161 seconds (2.51 G allocations: 6.300 TiB, 14.12% gc time)
[2023-01-09T07:00:31.883]Completed Shot 4, state 33
3483.591198 seconds (2.51 G allocations: 6.300 TiB, 14.11% gc time)
[2023-01-09T07:00:35.052]Completed Shot 4, state 28
3439.498356 seconds (2.57 G allocations: 6.434 TiB, 15.10% gc time)
[2023-01-09T07:57:54.554]Completed Shot 5, state 27
3443.385236 seconds (2.57 G allocations: 6.440 TiB, 15.12% gc time)
[2023-01-09T07:57:58.440]Completed Shot 5, state 16
3446.747358 seconds (2.57 G allocations: 6.449 TiB, 15.10% gc time)
[2023-01-09T07:58:01.803]Completed Shot 5, state 33
3446.952379 seconds (2.57 G allocations: 6.449 TiB, 15.10% gc time)
[2023-01-09T07:58:02.009]Completed Shot 5, state 48
3449.443515 seconds (2.57 G allocations: 6.453 TiB, 15.12% gc time)
[2023-01-09T07:58:04.497]Completed Shot 5, state 7
3451.528417 seconds (2.58 G allocations: 6.458 TiB, 15.11% gc time)
[2023-01-09T07:58:06.583]Completed Shot 5, state 19
3451.561798 seconds (2.58 G allocations: 6.458 TiB, 15.11% gc time)
[2023-01-09T07:58:06.617]Completed Shot 5, state 24
3453.025546 seconds (2.58 G allocations: 6.460 TiB, 15.12% gc time)
[2023-01-09T07:58:08.082]Completed Shot 5, state 50
3453.111234 seconds (2.58 G allocations: 6.460 TiB, 15.12% gc time)
[2023-01-09T07:58:08.167]Completed Shot 5, state 37
3453.516058 seconds (2.58 G allocations: 6.461 TiB, 15.12% gc time)
[2023-01-09T07:58:08.569]Completed Shot 5, state 6
3453.654554 seconds (2.58 G allocations: 6.461 TiB, 15.12% gc time)
[2023-01-09T07:58:08.711]Completed Shot 5, state 31
3454.022759 seconds (2.58 G allocations: 6.462 TiB, 15.12% gc time)
[2023-01-09T07:58:09.079]Completed Shot 5, state 34
3454.374156 seconds (2.58 G allocations: 6.464 TiB, 15.12% gc time)
[2023-01-09T07:58:09.429]Completed Shot 5, state 14
3454.447722 seconds (2.58 G allocations: 6.464 TiB, 15.12% gc time)
[2023-01-09T07:58:09.501]Completed Shot 5, state 5
3454.480064 seconds (2.58 G allocations: 6.464 TiB, 15.12% gc time)
[2023-01-09T07:58:09.535]Completed Shot 5, state 15
3454.681452 seconds (2.58 G allocations: 6.464 TiB, 15.12% gc time)
[2023-01-09T07:58:09.735]Completed Shot 5, state 9
3454.735295 seconds (2.58 G allocations: 6.464 TiB, 15.12% gc time)
[2023-01-09T07:58:09.792]Completed Shot 5, state 45
3455.560312 seconds (2.58 G allocations: 6.465 TiB, 15.13% gc time)
[2023-01-09T07:58:10.614]Completed Shot 5, state 10
3455.587852 seconds (2.58 G allocations: 6.465 TiB, 15.13% gc time)
[2023-01-09T07:58:10.642]Completed Shot 5, state 8
3455.727649 seconds (2.58 G allocations: 6.466 TiB, 15.13% gc time)
[2023-01-09T07:58:10.782]Completed Shot 5, state 12
3456.558878 seconds (2.58 G allocations: 6.467 TiB, 15.12% gc time)
[2023-01-09T07:58:11.614]Completed Shot 5, state 21
3456.618857 seconds (2.58 G allocations: 6.467 TiB, 15.12% gc time)
[2023-01-09T07:58:11.675]Completed Shot 5, state 38
3456.660376 seconds (2.58 G allocations: 6.468 TiB, 15.12% gc time)
[2023-01-09T07:58:11.716]Completed Shot 5, state 26
3456.745449 seconds (2.58 G allocations: 6.468 TiB, 15.12% gc time)
[2023-01-09T07:58:11.801]Completed Shot 5, state 40
3456.943579 seconds (2.58 G allocations: 6.468 TiB, 15.12% gc time)
[2023-01-09T07:58:11.999]Completed Shot 5, state 25
3456.988852 seconds (2.58 G allocations: 6.468 TiB, 15.12% gc time)
[2023-01-09T07:58:12.044]Completed Shot 5, state 22
3457.193031 seconds (2.58 G allocations: 6.469 TiB, 15.12% gc time)
[2023-01-09T07:58:12.249]Completed Shot 5, state 44
3457.356876 seconds (2.58 G allocations: 6.469 TiB, 15.12% gc time)
[2023-01-09T07:58:12.410]Completed Shot 5, state 1
3457.528845 seconds (2.58 G allocations: 6.470 TiB, 15.12% gc time)
[2023-01-09T07:58:12.585]Completed Shot 5, state 35
3458.715572 seconds (2.58 G allocations: 6.471 TiB, 15.12% gc time)
[2023-01-09T07:58:13.770]Completed Shot 5, state 13
3458.905527 seconds (2.58 G allocations: 6.472 TiB, 15.12% gc time)
[2023-01-09T07:58:13.959]Completed Shot 5, state 11
3458.908794 seconds (2.58 G allocations: 6.472 TiB, 15.12% gc time)
[2023-01-09T07:58:13.964]Completed Shot 5, state 29
3458.973713 seconds (2.58 G allocations: 6.472 TiB, 15.12% gc time)
[2023-01-09T07:58:14.030]Completed Shot 5, state 46
3459.011156 seconds (2.58 G allocations: 6.472 TiB, 15.12% gc time)
[2023-01-09T07:58:14.066]Completed Shot 5, state 23
3459.075987 seconds (2.58 G allocations: 6.472 TiB, 15.12% gc time)
[2023-01-09T07:58:14.132]Completed Shot 5, state 36
3459.172178 seconds (2.58 G allocations: 6.472 TiB, 15.12% gc time)
[2023-01-09T07:58:14.227]Completed Shot 5, state 28
3459.283292 seconds (2.58 G allocations: 6.472 TiB, 15.12% gc time)
[2023-01-09T07:58:14.336]Completed Shot 5, state 3
3459.413814 seconds (2.58 G allocations: 6.472 TiB, 15.12% gc time)
[2023-01-09T07:58:14.468]Completed Shot 5, state 17
3459.610318 seconds (2.58 G allocations: 6.473 TiB, 15.12% gc time)
[2023-01-09T07:58:14.663]Completed Shot 5, state 4
3459.653344 seconds (2.58 G allocations: 6.473 TiB, 15.12% gc time)
[2023-01-09T07:58:14.710]Completed Shot 5, state 41
3460.064715 seconds (2.58 G allocations: 6.473 TiB, 15.12% gc time)
[2023-01-09T07:58:15.120]Completed Shot 5, state 30
3460.482565 seconds (2.58 G allocations: 6.473 TiB, 15.12% gc time)
[2023-01-09T07:58:15.539]Completed Shot 5, state 43
3460.546064 seconds (2.58 G allocations: 6.473 TiB, 15.12% gc time)
[2023-01-09T07:58:15.602]Completed Shot 5, state 42
3460.735850 seconds (2.58 G allocations: 6.474 TiB, 15.12% gc time)
[2023-01-09T07:58:15.789]Completed Shot 5, state 2
3461.176451 seconds (2.58 G allocations: 6.474 TiB, 15.12% gc time)
[2023-01-09T07:58:16.232]Completed Shot 5, state 32
3461.234393 seconds (2.58 G allocations: 6.474 TiB, 15.12% gc time)
[2023-01-09T07:58:16.291]Completed Shot 5, state 49
3461.346594 seconds (2.58 G allocations: 6.474 TiB, 15.12% gc time)
[2023-01-09T07:58:16.403]Completed Shot 5, state 47
3461.428510 seconds (2.58 G allocations: 6.474 TiB, 15.12% gc time)
[2023-01-09T07:58:16.483]Completed Shot 5, state 20
  Activating project at `/gpfs/bwfor/work/ws/hd_ku269-light_cones/WorkingFolder`
3462.433106 seconds (2.58 G allocations: 6.474 TiB, 15.11% gc time)
[2023-01-09T07:58:17.489]Completed Shot 5, state 18
3466.099599 seconds (2.58 G allocations: 6.474 TiB, 15.10% gc time)
[2023-01-09T07:58:21.155]Completed Shot 5, state 39
3437.826187 seconds (2.57 G allocations: 6.429 TiB, 14.95% gc time)
[2023-01-09T08:55:38.984]Completed Shot 6, state 5
3440.058566 seconds (2.57 G allocations: 6.435 TiB, 14.94% gc time)
[2023-01-09T08:55:41.219]Completed Shot 6, state 33
3441.856998 seconds (2.57 G allocations: 6.439 TiB, 14.93% gc time)
[2023-01-09T08:55:43.018]Completed Shot 6, state 45
3445.243632 seconds (2.57 G allocations: 6.442 TiB, 14.98% gc time)
[2023-01-09T08:55:46.404]Completed Shot 6, state 40
3445.373133 seconds (2.57 G allocations: 6.442 TiB, 14.98% gc time)
[2023-01-09T08:55:46.531]Completed Shot 6, state 9
3445.459757 seconds (2.57 G allocations: 6.443 TiB, 14.98% gc time)
[2023-01-09T08:55:46.619]Completed Shot 6, state 18
3445.597423 seconds (2.57 G allocations: 6.443 TiB, 14.98% gc time)
[2023-01-09T08:55:46.757]Completed Shot 6, state 27
3445.786487 seconds (2.57 G allocations: 6.443 TiB, 14.98% gc time)
[2023-01-09T08:55:46.947]Completed Shot 6, state 48
3445.833177 seconds (2.57 G allocations: 6.444 TiB, 14.98% gc time)
[2023-01-09T08:55:46.993]Completed Shot 6, state 32
3446.444205 seconds (2.57 G allocations: 6.445 TiB, 14.97% gc time)
[2023-01-09T08:55:47.602]Completed Shot 6, state 7
3446.543862 seconds (2.57 G allocations: 6.446 TiB, 14.97% gc time)
[2023-01-09T08:55:47.704]Completed Shot 6, state 26
3446.618273 seconds (2.57 G allocations: 6.446 TiB, 14.97% gc time)
[2023-01-09T08:55:47.776]Completed Shot 6, state 4
3446.651414 seconds (2.57 G allocations: 6.446 TiB, 14.97% gc time)
3446.650882 seconds (2.57 G allocations: 6.446 TiB, 14.97% gc time)
[2023-01-09T08:55:47.809]Completed Shot 6, state 8
[2023-01-09T08:55:47.810]Completed Shot 6, state 15
3446.925391 seconds (2.57 G allocations: 6.447 TiB, 14.97% gc time)
[2023-01-09T08:55:48.082]Completed Shot 6, state 1
3446.997544 seconds (2.57 G allocations: 6.447 TiB, 14.97% gc time)
[2023-01-09T08:55:48.156]Completed Shot 6, state 13
3447.588276 seconds (2.57 G allocations: 6.449 TiB, 14.97% gc time)
[2023-01-09T08:55:48.746]Completed Shot 6, state 3
3447.738048 seconds (2.57 G allocations: 6.449 TiB, 14.97% gc time)
[2023-01-09T08:55:48.899]Completed Shot 6, state 37
3448.027104 seconds (2.57 G allocations: 6.450 TiB, 14.97% gc time)
[2023-01-09T08:55:49.188]Completed Shot 6, state 42
3448.260548 seconds (2.57 G allocations: 6.451 TiB, 14.97% gc time)
[2023-01-09T08:55:49.421]Completed Shot 6, state 46
3448.621224 seconds (2.57 G allocations: 6.452 TiB, 14.96% gc time)
[2023-01-09T08:55:49.780]Completed Shot 6, state 16
3448.836157 seconds (2.57 G allocations: 6.452 TiB, 14.96% gc time)
[2023-01-09T08:55:49.993]Completed Shot 6, state 2
3450.163111 seconds (2.57 G allocations: 6.453 TiB, 14.99% gc time)
[2023-01-09T08:55:51.323]Completed Shot 6, state 25
3450.164688 seconds (2.57 G allocations: 6.453 TiB, 14.99% gc time)
[2023-01-09T08:55:51.323]Completed Shot 6, state 11
3450.228048 seconds (2.57 G allocations: 6.453 TiB, 14.99% gc time)
[2023-01-09T08:55:51.389]Completed Shot 6, state 50
3450.590650 seconds (2.58 G allocations: 6.454 TiB, 14.99% gc time)
[2023-01-09T08:55:51.751]Completed Shot 6, state 31
3450.757165 seconds (2.58 G allocations: 6.454 TiB, 14.99% gc time)
[2023-01-09T08:55:51.918]Completed Shot 6, state 49
3450.815971 seconds (2.58 G allocations: 6.454 TiB, 14.99% gc time)
[2023-01-09T08:55:51.975]Completed Shot 6, state 20
3450.877591 seconds (2.58 G allocations: 6.454 TiB, 14.99% gc time)
[2023-01-09T08:55:52.036]Completed Shot 6, state 12
3451.640441 seconds (2.58 G allocations: 6.455 TiB, 14.98% gc time)
3451.639060 seconds (2.58 G allocations: 6.455 TiB, 14.98% gc time)
[2023-01-09T08:55:52.799]Completed Shot 6, state 14
[2023-01-09T08:55:52.799]Completed Shot 6, state 29
3451.701123 seconds (2.58 G allocations: 6.455 TiB, 14.98% gc time)
[2023-01-09T08:55:52.860]Completed Shot 6, state 23
3451.815592 seconds (2.58 G allocations: 6.456 TiB, 14.98% gc time)
[2023-01-09T08:55:52.973]Completed Shot 6, state 6
3452.057691 seconds (2.58 G allocations: 6.456 TiB, 14.98% gc time)
[2023-01-09T08:55:53.218]Completed Shot 6, state 47
3452.071449 seconds (2.58 G allocations: 6.456 TiB, 14.98% gc time)
[2023-01-09T08:55:53.232]Completed Shot 6, state 38
3452.087653 seconds (2.58 G allocations: 6.456 TiB, 14.98% gc time)
[2023-01-09T08:55:53.247]Completed Shot 6, state 30
3452.212758 seconds (2.58 G allocations: 6.456 TiB, 14.98% gc time)
[2023-01-09T08:55:53.373]Completed Shot 6, state 36
3452.633607 seconds (2.58 G allocations: 6.457 TiB, 14.98% gc time)
[2023-01-09T08:55:53.792]Completed Shot 6, state 17
3452.638727 seconds (2.58 G allocations: 6.457 TiB, 14.98% gc time)
[2023-01-09T08:55:53.799]Completed Shot 6, state 34
3453.161799 seconds (2.58 G allocations: 6.457 TiB, 14.98% gc time)
[2023-01-09T08:55:54.322]Completed Shot 6, state 44
3453.401945 seconds (2.58 G allocations: 6.458 TiB, 14.98% gc time)
[2023-01-09T08:55:54.562]Completed Shot 6, state 35
3453.445047 seconds (2.58 G allocations: 6.458 TiB, 14.98% gc time)
[2023-01-09T08:55:54.604]Completed Shot 6, state 21
3454.027666 seconds (2.58 G allocations: 6.458 TiB, 14.98% gc time)
[2023-01-09T08:55:55.187]Completed Shot 6, state 28
3454.055426 seconds (2.58 G allocations: 6.458 TiB, 14.98% gc time)
[2023-01-09T08:55:55.216]Completed Shot 6, state 39
3454.106491 seconds (2.58 G allocations: 6.458 TiB, 14.98% gc time)
[2023-01-09T08:55:55.266]Completed Shot 6, state 22
3454.268845 seconds (2.58 G allocations: 6.458 TiB, 14.98% gc time)
[2023-01-09T08:55:55.429]Completed Shot 6, state 41
3454.406241 seconds (2.58 G allocations: 6.458 TiB, 14.98% gc time)
[2023-01-09T08:55:55.565]Completed Shot 6, state 19
3454.531912 seconds (2.58 G allocations: 6.458 TiB, 14.98% gc time)
[2023-01-09T08:55:55.691]Completed Shot 6, state 24
3455.120548 seconds (2.58 G allocations: 6.458 TiB, 14.98% gc time)
[2023-01-09T08:55:56.281]Completed Shot 6, state 43
3456.166026 seconds (2.58 G allocations: 6.458 TiB, 14.97% gc time)
[2023-01-09T08:55:57.324]Completed Shot 6, state 10
3490.457154 seconds (2.50 G allocations: 6.291 TiB, 14.44% gc time)
[2023-01-09T09:54:07.784]Completed Shot 7, state 12
3492.919802 seconds (2.51 G allocations: 6.297 TiB, 14.43% gc time)
[2023-01-09T09:54:10.249]Completed Shot 7, state 44
3494.747556 seconds (2.51 G allocations: 6.301 TiB, 14.42% gc time)
[2023-01-09T09:54:12.077]Completed Shot 7, state 50
3495.082479 seconds (2.51 G allocations: 6.302 TiB, 14.42% gc time)
[2023-01-09T09:54:12.409]Completed Shot 7, state 13
3497.366338 seconds (2.51 G allocations: 6.304 TiB, 14.44% gc time)
[2023-01-09T09:54:14.696]Completed Shot 7, state 46
3497.868482 seconds (2.51 G allocations: 6.306 TiB, 14.44% gc time)
[2023-01-09T09:54:15.196]Completed Shot 7, state 25
3498.949034 seconds (2.51 G allocations: 6.309 TiB, 14.44% gc time)
[2023-01-09T09:54:16.277]Completed Shot 7, state 26
3498.991927 seconds (2.51 G allocations: 6.309 TiB, 14.44% gc time)
[2023-01-09T09:54:16.320]Completed Shot 7, state 27
3499.025577 seconds (2.51 G allocations: 6.309 TiB, 14.44% gc time)
[2023-01-09T09:54:16.354]Completed Shot 7, state 35
3499.201881 seconds (2.51 G allocations: 6.309 TiB, 14.44% gc time)
[2023-01-09T09:54:16.531]Completed Shot 7, state 41
3500.124196 seconds (2.51 G allocations: 6.312 TiB, 14.43% gc time)
[2023-01-09T09:54:17.451]Completed Shot 7, state 9
3500.281768 seconds (2.51 G allocations: 6.312 TiB, 14.43% gc time)
[2023-01-09T09:54:17.610]Completed Shot 7, state 23
3500.527529 seconds (2.51 G allocations: 6.313 TiB, 14.43% gc time)
[2023-01-09T09:54:17.857]Completed Shot 7, state 48
3500.590266 seconds (2.51 G allocations: 6.313 TiB, 14.43% gc time)
[2023-01-09T09:54:17.919]Completed Shot 7, state 33
3500.976563 seconds (2.51 G allocations: 6.314 TiB, 14.43% gc time)
[2023-01-09T09:54:18.306]Completed Shot 7, state 45
3501.209286 seconds (2.51 G allocations: 6.315 TiB, 14.43% gc time)
[2023-01-09T09:54:18.538]Completed Shot 7, state 40
3501.248947 seconds (2.51 G allocations: 6.315 TiB, 14.43% gc time)
[2023-01-09T09:54:18.577]Completed Shot 7, state 29
3501.256270 seconds (2.51 G allocations: 6.315 TiB, 14.43% gc time)
[2023-01-09T09:54:18.583]Completed Shot 7, state 15
3501.264236 seconds (2.51 G allocations: 6.315 TiB, 14.43% gc time)
[2023-01-09T09:54:18.591]Completed Shot 7, state 11
3502.358665 seconds (2.51 G allocations: 6.315 TiB, 14.45% gc time)
[2023-01-09T09:54:19.686]Completed Shot 7, state 10
3502.510433 seconds (2.51 G allocations: 6.316 TiB, 14.45% gc time)
[2023-01-09T09:54:19.839]Completed Shot 7, state 32
3502.599026 seconds (2.52 G allocations: 6.316 TiB, 14.45% gc time)
[2023-01-09T09:54:19.925]Completed Shot 7, state 4
3502.816462 seconds (2.52 G allocations: 6.316 TiB, 14.45% gc time)
[2023-01-09T09:54:20.145]Completed Shot 7, state 36
3502.934457 seconds (2.52 G allocations: 6.317 TiB, 14.45% gc time)
[2023-01-09T09:54:20.263]Completed Shot 7, state 31
3503.325097 seconds (2.52 G allocations: 6.317 TiB, 14.45% gc time)
[2023-01-09T09:54:20.652]Completed Shot 7, state 16
3503.374376 seconds (2.52 G allocations: 6.317 TiB, 14.45% gc time)
[2023-01-09T09:54:20.700]Completed Shot 7, state 2
3503.531861 seconds (2.52 G allocations: 6.318 TiB, 14.44% gc time)
[2023-01-09T09:54:20.858]Completed Shot 7, state 3
3503.546835 seconds (2.52 G allocations: 6.318 TiB, 14.44% gc time)
[2023-01-09T09:54:20.873]Completed Shot 7, state 6
3503.740453 seconds (2.52 G allocations: 6.318 TiB, 14.44% gc time)
[2023-01-09T09:54:21.068]Completed Shot 7, state 21
3504.058208 seconds (2.52 G allocations: 6.319 TiB, 14.44% gc time)
[2023-01-09T09:54:21.387]Completed Shot 7, state 47
3504.105049 seconds (2.52 G allocations: 6.319 TiB, 14.44% gc time)
[2023-01-09T09:54:21.433]Completed Shot 7, state 22
3504.528400 seconds (2.52 G allocations: 6.320 TiB, 14.44% gc time)
[2023-01-09T09:54:21.857]Completed Shot 7, state 30
3504.668011 seconds (2.52 G allocations: 6.320 TiB, 14.44% gc time)
3504.665659 seconds (2.52 G allocations: 6.320 TiB, 14.44% gc time)
[2023-01-09T09:54:21.994]Completed Shot 7, state 5
[2023-01-09T09:54:21.994]Completed Shot 7, state 34
3504.668606 seconds (2.52 G allocations: 6.320 TiB, 14.44% gc time)
[2023-01-09T09:54:21.996]Completed Shot 7, state 18
3504.738489 seconds (2.52 G allocations: 6.320 TiB, 14.44% gc time)
[2023-01-09T09:54:22.066]Completed Shot 7, state 20
3505.149713 seconds (2.52 G allocations: 6.321 TiB, 14.44% gc time)
[2023-01-09T09:54:22.477]Completed Shot 7, state 19
3505.173463 seconds (2.52 G allocations: 6.321 TiB, 14.44% gc time)
[2023-01-09T09:54:22.501]Completed Shot 7, state 17
3505.215184 seconds (2.52 G allocations: 6.321 TiB, 14.44% gc time)
[2023-01-09T09:54:22.544]Completed Shot 7, state 43
3505.480250 seconds (2.52 G allocations: 6.321 TiB, 14.44% gc time)
[2023-01-09T09:54:22.808]Completed Shot 7, state 24
3505.545839 seconds (2.52 G allocations: 6.321 TiB, 14.44% gc time)
[2023-01-09T09:54:22.871]Completed Shot 7, state 1
3506.548040 seconds (2.52 G allocations: 6.322 TiB, 14.44% gc time)
[2023-01-09T09:54:23.875]Completed Shot 7, state 14
3506.811113 seconds (2.52 G allocations: 6.322 TiB, 14.44% gc time)
[2023-01-09T09:54:24.140]Completed Shot 7, state 42
3506.839588 seconds (2.52 G allocations: 6.322 TiB, 14.44% gc time)
[2023-01-09T09:54:24.168]Completed Shot 7, state 39
3506.909995 seconds (2.52 G allocations: 6.322 TiB, 14.44% gc time)
[2023-01-09T09:54:24.236]Completed Shot 7, state 8
3506.979806 seconds (2.52 G allocations: 6.322 TiB, 14.44% gc time)
[2023-01-09T09:54:24.308]Completed Shot 7, state 28
3507.607507 seconds (2.52 G allocations: 6.322 TiB, 14.44% gc time)
[2023-01-09T09:54:24.936]Completed Shot 7, state 38
3507.704314 seconds (2.52 G allocations: 6.322 TiB, 14.43% gc time)
[2023-01-09T09:54:25.033]Completed Shot 7, state 37
3507.937573 seconds (2.52 G allocations: 6.322 TiB, 14.43% gc time)
[2023-01-09T09:54:25.266]Completed Shot 7, state 49
3508.228870 seconds (2.52 G allocations: 6.322 TiB, 14.43% gc time)
[2023-01-09T09:54:25.555]Completed Shot 7, state 7
3641.640510 seconds (2.55 G allocations: 6.400 TiB, 14.24% gc time)
[2023-01-09T10:55:07.200]Completed Shot 8, state 3
3644.323848 seconds (2.55 G allocations: 6.405 TiB, 14.23% gc time)
[2023-01-09T10:55:09.883]Completed Shot 8, state 6
3645.207767 seconds (2.56 G allocations: 6.407 TiB, 14.22% gc time)
[2023-01-09T10:55:10.771]Completed Shot 8, state 31
3645.378089 seconds (2.56 G allocations: 6.408 TiB, 14.22% gc time)
[2023-01-09T10:55:10.941]Completed Shot 8, state 39
3646.268381 seconds (2.56 G allocations: 6.410 TiB, 14.22% gc time)
[2023-01-09T10:55:11.827]Completed Shot 8, state 5
3646.517973 seconds (2.56 G allocations: 6.410 TiB, 14.22% gc time)
[2023-01-09T10:55:12.078]Completed Shot 8, state 9
3648.068783 seconds (2.56 G allocations: 6.412 TiB, 14.24% gc time)
[2023-01-09T10:55:13.631]Completed Shot 8, state 30
3649.503893 seconds (2.56 G allocations: 6.415 TiB, 14.23% gc time)
[2023-01-09T10:55:15.064]Completed Shot 8, state 12
3650.453926 seconds (2.56 G allocations: 6.418 TiB, 14.23% gc time)
[2023-01-09T10:55:16.017]Completed Shot 8, state 47
3650.500898 seconds (2.56 G allocations: 6.418 TiB, 14.23% gc time)
[2023-01-09T10:55:16.063]Completed Shot 8, state 21
3650.859498 seconds (2.56 G allocations: 6.419 TiB, 14.23% gc time)
[2023-01-09T10:55:16.423]Completed Shot 8, state 34
3651.193479 seconds (2.56 G allocations: 6.420 TiB, 14.22% gc time)
[2023-01-09T10:55:16.756]Completed Shot 8, state 22
3651.241556 seconds (2.56 G allocations: 6.420 TiB, 14.22% gc time)
[2023-01-09T10:55:16.805]Completed Shot 8, state 32
3651.713499 seconds (2.56 G allocations: 6.421 TiB, 14.22% gc time)
[2023-01-09T10:55:17.274]Completed Shot 8, state 13
3651.741863 seconds (2.56 G allocations: 6.421 TiB, 14.22% gc time)
[2023-01-09T10:55:17.305]Completed Shot 8, state 45
3653.147288 seconds (2.56 G allocations: 6.422 TiB, 14.25% gc time)
[2023-01-09T10:55:18.710]Completed Shot 8, state 41
3653.653356 seconds (2.56 G allocations: 6.423 TiB, 14.24% gc time)
[2023-01-09T10:55:19.216]Completed Shot 8, state 33
3653.812138 seconds (2.56 G allocations: 6.423 TiB, 14.24% gc time)
[2023-01-09T10:55:19.375]Completed Shot 8, state 38
3654.659759 seconds (2.56 G allocations: 6.426 TiB, 14.24% gc time)
[2023-01-09T10:55:20.221]Completed Shot 8, state 15
3654.707348 seconds (2.56 G allocations: 6.426 TiB, 14.24% gc time)
[2023-01-09T10:55:20.270]Completed Shot 8, state 35
3655.052082 seconds (2.56 G allocations: 6.426 TiB, 14.24% gc time)
[2023-01-09T10:55:20.615]Completed Shot 8, state 48
3655.136807 seconds (2.56 G allocations: 6.427 TiB, 14.24% gc time)
[2023-01-09T10:55:20.700]Completed Shot 8, state 46
3655.279144 seconds (2.56 G allocations: 6.427 TiB, 14.24% gc time)
[2023-01-09T10:55:20.842]Completed Shot 8, state 36
3655.324939 seconds (2.56 G allocations: 6.427 TiB, 14.24% gc time)
[2023-01-09T10:55:20.883]Completed Shot 8, state 2
3655.442937 seconds (2.56 G allocations: 6.427 TiB, 14.24% gc time)
[2023-01-09T10:55:21.006]Completed Shot 8, state 44
3655.636001 seconds (2.56 G allocations: 6.428 TiB, 14.24% gc time)
[2023-01-09T10:55:21.198]Completed Shot 8, state 23
3655.717414 seconds (2.56 G allocations: 6.428 TiB, 14.24% gc time)
[2023-01-09T10:55:21.281]Completed Shot 8, state 49
3655.793036 seconds (2.56 G allocations: 6.428 TiB, 14.23% gc time)
[2023-01-09T10:55:21.351]Completed Shot 8, state 1
3657.116993 seconds (2.56 G allocations: 6.429 TiB, 14.24% gc time)
[2023-01-09T10:55:22.678]Completed Shot 8, state 17
3657.283009 seconds (2.56 G allocations: 6.430 TiB, 14.24% gc time)
[2023-01-09T10:55:22.845]Completed Shot 8, state 19
3657.660985 seconds (2.56 G allocations: 6.430 TiB, 14.24% gc time)
[2023-01-09T10:55:23.224]Completed Shot 8, state 50
3657.827108 seconds (2.56 G allocations: 6.431 TiB, 14.24% gc time)
[2023-01-09T10:55:23.385]Completed Shot 8, state 4
3658.161554 seconds (2.57 G allocations: 6.431 TiB, 14.24% gc time)
[2023-01-09T10:55:23.724]Completed Shot 8, state 26
3658.289428 seconds (2.57 G allocations: 6.431 TiB, 14.24% gc time)
[2023-01-09T10:55:23.849]Completed Shot 8, state 10
3658.855049 seconds (2.57 G allocations: 6.432 TiB, 14.24% gc time)
[2023-01-09T10:55:24.418]Completed Shot 8, state 37
3659.032148 seconds (2.57 G allocations: 6.433 TiB, 14.24% gc time)
[2023-01-09T10:55:24.595]Completed Shot 8, state 24
3659.231365 seconds (2.57 G allocations: 6.433 TiB, 14.24% gc time)
[2023-01-09T10:55:24.794]Completed Shot 8, state 27
3659.943270 seconds (2.57 G allocations: 6.433 TiB, 14.24% gc time)
[2023-01-09T10:55:25.506]Completed Shot 8, state 25
3660.410372 seconds (2.57 G allocations: 6.434 TiB, 14.24% gc time)
[2023-01-09T10:55:25.973]Completed Shot 8, state 43
3661.282874 seconds (2.57 G allocations: 6.435 TiB, 14.24% gc time)
[2023-01-09T10:55:26.842]Completed Shot 8, state 8
3661.339638 seconds (2.57 G allocations: 6.435 TiB, 14.24% gc time)
[2023-01-09T10:55:26.901]Completed Shot 8, state 18
3661.378456 seconds (2.57 G allocations: 6.435 TiB, 14.24% gc time)
[2023-01-09T10:55:26.941]Completed Shot 8, state 42
3662.111969 seconds (2.57 G allocations: 6.436 TiB, 14.23% gc time)
[2023-01-09T10:55:27.675]Completed Shot 8, state 28
3662.632159 seconds (2.57 G allocations: 6.436 TiB, 14.24% gc time)
[2023-01-09T10:55:28.195]Completed Shot 8, state 29
3663.426661 seconds (2.57 G allocations: 6.436 TiB, 14.23% gc time)
[2023-01-09T10:55:28.986]Completed Shot 8, state 7
3665.404747 seconds (2.57 G allocations: 6.437 TiB, 14.23% gc time)
[2023-01-09T10:55:30.965]Completed Shot 8, state 11
3665.494098 seconds (2.57 G allocations: 6.437 TiB, 14.23% gc time)
[2023-01-09T10:55:31.055]Completed Shot 8, state 16
3666.220180 seconds (2.57 G allocations: 6.438 TiB, 14.23% gc time)
[2023-01-09T10:55:31.781]Completed Shot 8, state 14
3670.146517 seconds (2.57 G allocations: 6.438 TiB, 14.21% gc time)
[2023-01-09T10:55:35.708]Completed Shot 8, state 20
3671.034659 seconds (2.57 G allocations: 6.438 TiB, 14.21% gc time)
[2023-01-09T10:55:36.598]Completed Shot 8, state 40
3606.653074 seconds (2.57 G allocations: 6.438 TiB, 14.45% gc time)
[2023-01-09T11:55:43.256]Completed Shot 9, state 49
3610.744310 seconds (2.57 G allocations: 6.445 TiB, 14.45% gc time)
[2023-01-09T11:55:47.346]Completed Shot 9, state 29
3610.836674 seconds (2.57 G allocations: 6.446 TiB, 14.45% gc time)
[2023-01-09T11:55:47.439]Completed Shot 9, state 36
3611.009628 seconds (2.57 G allocations: 6.446 TiB, 14.45% gc time)
[2023-01-09T11:55:47.611]Completed Shot 9, state 25
3612.165135 seconds (2.57 G allocations: 6.449 TiB, 14.45% gc time)
[2023-01-09T11:55:48.765]Completed Shot 9, state 3
3613.357052 seconds (2.57 G allocations: 6.450 TiB, 14.47% gc time)
[2023-01-09T11:55:49.959]Completed Shot 9, state 42
3614.574848 seconds (2.58 G allocations: 6.452 TiB, 14.46% gc time)
[2023-01-09T11:55:51.177]Completed Shot 9, state 35
3614.786442 seconds (2.58 G allocations: 6.453 TiB, 14.46% gc time)
[2023-01-09T11:55:51.389]Completed Shot 9, state 41
3614.788652 seconds (2.58 G allocations: 6.453 TiB, 14.46% gc time)
[2023-01-09T11:55:51.391]Completed Shot 9, state 30
3614.958913 seconds (2.58 G allocations: 6.453 TiB, 14.46% gc time)
[2023-01-09T11:55:51.561]Completed Shot 9, state 44
3615.166351 seconds (2.58 G allocations: 6.454 TiB, 14.46% gc time)
[2023-01-09T11:55:51.768]Completed Shot 9, state 34
3615.228404 seconds (2.58 G allocations: 6.454 TiB, 14.46% gc time)
[2023-01-09T11:55:51.829]Completed Shot 9, state 19
3615.259046 seconds (2.58 G allocations: 6.454 TiB, 14.46% gc time)
[2023-01-09T11:55:51.861]Completed Shot 9, state 28
3615.708385 seconds (2.58 G allocations: 6.455 TiB, 14.46% gc time)
[2023-01-09T11:55:52.308]Completed Shot 9, state 6
3615.927906 seconds (2.58 G allocations: 6.456 TiB, 14.46% gc time)
[2023-01-09T11:55:52.528]Completed Shot 9, state 8
3615.943004 seconds (2.58 G allocations: 6.456 TiB, 14.46% gc time)
[2023-01-09T11:55:52.545]Completed Shot 9, state 39
3616.128631 seconds (2.58 G allocations: 6.456 TiB, 14.45% gc time)
[2023-01-09T11:55:52.731]Completed Shot 9, state 37
3616.926947 seconds (2.58 G allocations: 6.457 TiB, 14.47% gc time)
[2023-01-09T11:55:53.529]Completed Shot 9, state 32
3617.186534 seconds (2.58 G allocations: 6.457 TiB, 14.46% gc time)
[2023-01-09T11:55:53.789]Completed Shot 9, state 46
3617.557009 seconds (2.58 G allocations: 6.458 TiB, 14.46% gc time)
[2023-01-09T11:55:54.159]Completed Shot 9, state 43
3617.717653 seconds (2.58 G allocations: 6.458 TiB, 14.46% gc time)
[2023-01-09T11:55:54.320]Completed Shot 9, state 40
3617.780456 seconds (2.58 G allocations: 6.459 TiB, 14.46% gc time)
[2023-01-09T11:55:54.381]Completed Shot 9, state 23
3617.805762 seconds (2.58 G allocations: 6.459 TiB, 14.46% gc time)
[2023-01-09T11:55:54.405]Completed Shot 9, state 4
3618.321562 seconds (2.58 G allocations: 6.460 TiB, 14.46% gc time)
[2023-01-09T11:55:54.922]Completed Shot 9, state 16
3618.362669 seconds (2.58 G allocations: 6.460 TiB, 14.46% gc time)
[2023-01-09T11:55:54.962]Completed Shot 9, state 1
3618.482816 seconds (2.58 G allocations: 6.460 TiB, 14.46% gc time)
[2023-01-09T11:55:55.082]Completed Shot 9, state 5
3618.671583 seconds (2.58 G allocations: 6.460 TiB, 14.46% gc time)
[2023-01-09T11:55:55.272]Completed Shot 9, state 17
3618.739715 seconds (2.58 G allocations: 6.461 TiB, 14.46% gc time)
[2023-01-09T11:55:55.341]Completed Shot 9, state 31
3618.866531 seconds (2.58 G allocations: 6.461 TiB, 14.46% gc time)
[2023-01-09T11:55:55.466]Completed Shot 9, state 7
3619.203184 seconds (2.58 G allocations: 6.461 TiB, 14.46% gc time)
[2023-01-09T11:55:55.803]Completed Shot 9, state 14
3619.535912 seconds (2.58 G allocations: 6.462 TiB, 14.46% gc time)
[2023-01-09T11:55:56.137]Completed Shot 9, state 24
3619.598964 seconds (2.58 G allocations: 6.462 TiB, 14.46% gc time)
[2023-01-09T11:55:56.201]Completed Shot 9, state 50
3619.708028 seconds (2.58 G allocations: 6.462 TiB, 14.46% gc time)
[2023-01-09T11:55:56.309]Completed Shot 9, state 21
3619.851762 seconds (2.58 G allocations: 6.462 TiB, 14.46% gc time)
[2023-01-09T11:55:56.453]Completed Shot 9, state 27
3620.194089 seconds (2.58 G allocations: 6.463 TiB, 14.46% gc time)
[2023-01-09T11:55:56.794]Completed Shot 9, state 13
3620.325743 seconds (2.58 G allocations: 6.463 TiB, 14.46% gc time)
[2023-01-09T11:55:56.926]Completed Shot 9, state 12
3620.484596 seconds (2.58 G allocations: 6.463 TiB, 14.46% gc time)
[2023-01-09T11:55:57.085]Completed Shot 9, state 20
3620.925190 seconds (2.58 G allocations: 6.464 TiB, 14.46% gc time)
[2023-01-09T11:55:57.526]Completed Shot 9, state 22
3621.071119 seconds (2.58 G allocations: 6.464 TiB, 14.46% gc time)
[2023-01-09T11:55:57.671]Completed Shot 9, state 9
3621.134164 seconds (2.58 G allocations: 6.464 TiB, 14.46% gc time)
[2023-01-09T11:55:57.735]Completed Shot 9, state 26
3621.262624 seconds (2.58 G allocations: 6.464 TiB, 14.46% gc time)
[2023-01-09T11:55:57.862]Completed Shot 9, state 10
3621.328913 seconds (2.58 G allocations: 6.464 TiB, 14.46% gc time)
[2023-01-09T11:55:57.929]Completed Shot 9, state 15
3621.506758 seconds (2.58 G allocations: 6.464 TiB, 14.45% gc time)
[2023-01-09T11:55:58.108]Completed Shot 9, state 33
3622.545139 seconds (2.58 G allocations: 6.465 TiB, 14.46% gc time)
[2023-01-09T11:55:59.147]Completed Shot 9, state 48
3622.598625 seconds (2.58 G allocations: 6.465 TiB, 14.46% gc time)
[2023-01-09T11:55:59.199]Completed Shot 9, state 18
3623.150830 seconds (2.58 G allocations: 6.465 TiB, 14.45% gc time)
[2023-01-09T11:55:59.753]Completed Shot 9, state 45
3623.305738 seconds (2.58 G allocations: 6.465 TiB, 14.45% gc time)
[2023-01-09T11:55:59.906]Completed Shot 9, state 11
3624.277106 seconds (2.58 G allocations: 6.465 TiB, 14.45% gc time)
[2023-01-09T11:56:00.876]Completed Shot 9, state 2
3625.186185 seconds (2.58 G allocations: 6.466 TiB, 14.45% gc time)
[2023-01-09T11:56:01.788]Completed Shot 9, state 47
3626.513535 seconds (2.58 G allocations: 6.466 TiB, 14.44% gc time)
[2023-01-09T11:56:03.115]Completed Shot 9, state 38
3614.211377 seconds (2.52 G allocations: 6.317 TiB, 13.96% gc time)
[2023-01-09T12:56:17.332]Completed Shot 10, state 38
3618.871054 seconds (2.52 G allocations: 6.327 TiB, 13.94% gc time)
[2023-01-09T12:56:21.988]Completed Shot 10, state 2
3618.925860 seconds (2.52 G allocations: 6.327 TiB, 13.94% gc time)
[2023-01-09T12:56:22.044]Completed Shot 10, state 8
3622.526253 seconds (2.52 G allocations: 6.332 TiB, 13.97% gc time)
[2023-01-09T12:56:25.643]Completed Shot 10, state 4
3622.770629 seconds (2.52 G allocations: 6.333 TiB, 13.97% gc time)
[2023-01-09T12:56:25.890]Completed Shot 10, state 30
3624.353942 seconds (2.53 G allocations: 6.336 TiB, 13.96% gc time)
[2023-01-09T12:56:27.472]Completed Shot 10, state 6
3624.538284 seconds (2.53 G allocations: 6.337 TiB, 13.96% gc time)
[2023-01-09T12:56:27.657]Completed Shot 10, state 15
3624.820758 seconds (2.53 G allocations: 6.338 TiB, 13.96% gc time)
[2023-01-09T12:56:27.938]Completed Shot 10, state 7
3624.864023 seconds (2.53 G allocations: 6.338 TiB, 13.96% gc time)
[2023-01-09T12:56:27.984]Completed Shot 10, state 48
3625.678200 seconds (2.53 G allocations: 6.340 TiB, 13.96% gc time)
[2023-01-09T12:56:28.798]Completed Shot 10, state 45
3625.975112 seconds (2.53 G allocations: 6.340 TiB, 13.96% gc time)
[2023-01-09T12:56:29.095]Completed Shot 10, state 39
3626.501851 seconds (2.53 G allocations: 6.342 TiB, 13.95% gc time)
[2023-01-09T12:56:29.621]Completed Shot 10, state 31
3626.805692 seconds (2.53 G allocations: 6.342 TiB, 13.95% gc time)
[2023-01-09T12:56:29.926]Completed Shot 10, state 41
3626.845001 seconds (2.53 G allocations: 6.342 TiB, 13.95% gc time)
[2023-01-09T12:56:29.965]Completed Shot 10, state 37
3627.642682 seconds (2.53 G allocations: 6.345 TiB, 13.95% gc time)
[2023-01-09T12:56:30.762]Completed Shot 10, state 25
3629.187695 seconds (2.53 G allocations: 6.345 TiB, 13.98% gc time)
[2023-01-09T12:56:32.308]Completed Shot 10, state 50
3629.324606 seconds (2.53 G allocations: 6.346 TiB, 13.98% gc time)
[2023-01-09T12:56:32.441]Completed Shot 10, state 1
3629.470133 seconds (2.53 G allocations: 6.346 TiB, 13.98% gc time)
[2023-01-09T12:56:32.588]Completed Shot 10, state 12
3629.729071 seconds (2.53 G allocations: 6.346 TiB, 13.98% gc time)
[2023-01-09T12:56:32.849]Completed Shot 10, state 35
3629.862655 seconds (2.53 G allocations: 6.347 TiB, 13.98% gc time)
[2023-01-09T12:56:32.980]Completed Shot 10, state 3
3629.997248 seconds (2.53 G allocations: 6.347 TiB, 13.97% gc time)
[2023-01-09T12:56:33.117]Completed Shot 10, state 32
3630.217573 seconds (2.53 G allocations: 6.347 TiB, 13.97% gc time)
[2023-01-09T12:56:33.335]Completed Shot 10, state 5
3630.468300 seconds (2.53 G allocations: 6.348 TiB, 13.97% gc time)
[2023-01-09T12:56:33.587]Completed Shot 10, state 14
3630.595302 seconds (2.53 G allocations: 6.348 TiB, 13.97% gc time)
[2023-01-09T12:56:33.714]Completed Shot 10, state 19
3631.372004 seconds (2.53 G allocations: 6.350 TiB, 13.97% gc time)
[2023-01-09T12:56:34.492]Completed Shot 10, state 49
3631.581045 seconds (2.53 G allocations: 6.351 TiB, 13.97% gc time)
[2023-01-09T12:56:34.699]Completed Shot 10, state 9
3631.674917 seconds (2.53 G allocations: 6.351 TiB, 13.97% gc time)
[2023-01-09T12:56:34.793]Completed Shot 10, state 13
3631.681514 seconds (2.53 G allocations: 6.351 TiB, 13.97% gc time)
[2023-01-09T12:56:34.800]Completed Shot 10, state 16
3631.725766 seconds (2.53 G allocations: 6.351 TiB, 13.97% gc time)
[2023-01-09T12:56:34.845]Completed Shot 10, state 26
3631.911913 seconds (2.53 G allocations: 6.351 TiB, 13.97% gc time)
[2023-01-09T12:56:35.030]Completed Shot 10, state 11
3632.226196 seconds (2.53 G allocations: 6.352 TiB, 13.97% gc time)
[2023-01-09T12:56:35.345]Completed Shot 10, state 17
3632.314821 seconds (2.53 G allocations: 6.352 TiB, 13.97% gc time)
[2023-01-09T12:56:35.434]Completed Shot 10, state 28
3632.363025 seconds (2.53 G allocations: 6.352 TiB, 13.97% gc time)
[2023-01-09T12:56:35.483]Completed Shot 10, state 33
3632.480384 seconds (2.53 G allocations: 6.352 TiB, 13.97% gc time)
[2023-01-09T12:56:35.600]Completed Shot 10, state 29
3632.684950 seconds (2.53 G allocations: 6.352 TiB, 13.96% gc time)
[2023-01-09T12:56:35.805]Completed Shot 10, state 42
3633.053402 seconds (2.53 G allocations: 6.353 TiB, 13.96% gc time)
[2023-01-09T12:56:36.173]Completed Shot 10, state 36
3633.107612 seconds (2.53 G allocations: 6.353 TiB, 13.96% gc time)
[2023-01-09T12:56:36.228]Completed Shot 10, state 40
3633.751626 seconds (2.53 G allocations: 6.353 TiB, 13.98% gc time)
[2023-01-09T12:56:36.872]Completed Shot 10, state 44
3633.804588 seconds (2.53 G allocations: 6.353 TiB, 13.98% gc time)
[2023-01-09T12:56:36.924]Completed Shot 10, state 24
3635.041549 seconds (2.53 G allocations: 6.354 TiB, 13.97% gc time)
[2023-01-09T12:56:38.161]Completed Shot 10, state 23
3635.302657 seconds (2.53 G allocations: 6.355 TiB, 13.97% gc time)
[2023-01-09T12:56:38.422]Completed Shot 10, state 34
3635.392825 seconds (2.53 G allocations: 6.355 TiB, 13.97% gc time)
[2023-01-09T12:56:38.512]Completed Shot 10, state 20
3635.519952 seconds (2.53 G allocations: 6.355 TiB, 13.97% gc time)
[2023-01-09T12:56:38.640]Completed Shot 10, state 43
3635.565146 seconds (2.53 G allocations: 6.355 TiB, 13.97% gc time)
[2023-01-09T12:56:38.684]Completed Shot 10, state 27
3635.753208 seconds (2.53 G allocations: 6.355 TiB, 13.97% gc time)
[2023-01-09T12:56:38.872]Completed Shot 10, state 18
3636.237050 seconds (2.53 G allocations: 6.355 TiB, 13.97% gc time)
[2023-01-09T12:56:39.356]Completed Shot 10, state 22
3636.741502 seconds (2.53 G allocations: 6.356 TiB, 13.97% gc time)
[2023-01-09T12:56:39.860]Completed Shot 10, state 21
3636.892440 seconds (2.53 G allocations: 6.356 TiB, 13.97% gc time)
[2023-01-09T12:56:40.010]Completed Shot 10, state 10
3637.917931 seconds (2.53 G allocations: 6.356 TiB, 13.97% gc time)
[2023-01-09T12:56:41.038]Completed Shot 10, state 46
3641.107002 seconds (2.53 G allocations: 6.356 TiB, 13.95% gc time)
[2023-01-09T12:56:44.227]Completed Shot 10, state 47
[2023-01-09T12:56:44.228]**********Simulation completed!**********
[2023-01-09T12:56:44.228]**********Saving**********
[2023-01-09T12:56:48.227]Saving file: /gpfs/bwfor/work/ws/hd_ku269-logs/LightCones/2023-01-09/468811_N11_BS.jld2
[2023-01-09T12:56:49.739]**********Run completed!**********
============================= JOB FEEDBACK =============================
Job ID: 468811
Cluster: helix
User/Group: hd_ku269/hd_hd
State: COMPLETED (exit code 0)
Nodes: 1
Cores per node: 64
CPU Utilized: 23-16:26:18
CPU Efficiency: 88.51% of 26-18:13:20 core-walltime
Job Wall-clock time: 10:02:05
Memory Utilized: 44.81 GB
Memory Efficiency: 18.99% of 236.00 GB
