  Activating project at `/gpfs/bwfor/work/ws/hd_ku269-light_cones/WorkingFolder`
Added MKL.jl
Project LightCones v0.1.0
Status `/gpfs/bwfor/work/ws/hd_ku269-light_cones/WorkingFolder/Project.toml`
⌃ [7d9fca2a] Arpack v0.5.3
⌃ [7073ff75] IJulia v1.23.3
⌃ [033835bb] JLD2 v0.4.25
  [0b1a1467] KrylovKit v0.6.0
  [d3d80556] LineSearches v7.2.0
  [33e6dc65] MKL v0.6.0
⌃ [429524aa] Optim v1.7.3
⌃ [91a5bcdd] Plots v1.35.5
⌃ [c3e4b0f8] Pluto v0.19.14
  [3c0b384b] QuantumInformation v0.4.9
  [189a3867] Reexport v1.2.2
⌃ [295af30f] Revise v3.4.0
  [ebcc8a00] SpinSymmetry v0.3.3
  [59d54670] ThreadedSparseArrays v0.2.2
  [ade2ca70] Dates
  [8ba89e20] Distributed
  [37e2e46d] LinearAlgebra
  [de0858da] Printf
  [9a3f8284] Random
  [1a1011a3] SharedArrays
  [2f01184e] SparseArrays
  [10745b16] Statistics
Info Packages marked with ⌃ have new versions available and may be upgradable.
[2023-01-11T12:43:55.909]**********RANDOM FIELDS**********
shared_krylov.jl
Working Directory:          /gpfs/bwfor/work/ws/hd_ku269-light_cones/WorkingFolder
SLURM Directory:            /gpfs/bwfor/work/ws/hd_ku269-light_cones/WorkingFolder 
Running on host:            o03n05
Job id:                     491632
Job name:                   otoc_simulation_N12_TR
Number of nodes allocated:  
Number of cores allocated:  1
#threads of Julia:          64
#threads of BLAS:           1
ARGS = ["12", "1", "25", "BS", "x", "0", "1000", "Rhim71_FR"]
LOCATION = "/gpfs/bwfor/work/ws/hd_ku269-logs/LightCones/2023-01-11"
N = 12
SHOTS = 1
MULT_RANDOM_STATES = true
N_RANDOM_STATES = 25
TYPE_OF_RS = "BS"
OBSERVABLE = "x"
DISORDER_PARAM = 0.0
[2023-01-11T12:43:56.105]**********Running simulation**********
[2023-01-11T12:43:56.157]trange = 0.1:0.1:20.0
[2023-01-11T12:43:56.445]A = σx
[2023-01-11T12:43:57.195]alpha=6
[2023-01-11T12:43:57.195]PBC
SlowPulse([1.0, 0.0, 0.0], π, 15707.963267948964)SlowPulse([-1.0, 0.0, 0.0], π, 15707.963267948964)SlowPulse([1.0, 0.0, 0.0], π, 15707.963267948964)SlowPulse([-1.0, 0.0, 0.0], π, 15707.963267948964)6[2023-01-11T12:44:01.465]Operations set up.
Using multiple states.
100669.060870 seconds (31.56 G allocations: 242.840 TiB, 6.32% gc time, 0.00% compilation time)
[2023-01-12T16:42:06.873]Completed Shot 1, state 13
100715.887430 seconds (31.57 G allocations: 242.959 TiB, 6.32% gc time, 0.00% compilation time)
[2023-01-12T16:42:53.695]Completed Shot 1, state 6
100966.210956 seconds (31.65 G allocations: 243.574 TiB, 6.33% gc time, 0.01% compilation time)
[2023-01-12T16:46:59.960]Completed Shot 1, state 17
101001.834697 seconds (31.66 G allocations: 243.672 TiB, 6.33% gc time, 0.00% compilation time)
[2023-01-12T16:47:39.647]Completed Shot 1, state 16
101019.978545 seconds (31.67 G allocations: 243.708 TiB, 6.33% gc time, 0.01% compilation time)
[2023-01-12T16:47:53.728]Completed Shot 1, state 22
101068.109812 seconds (31.69 G allocations: 243.830 TiB, 6.33% gc time, 0.00% compilation time)
[2023-01-12T16:48:45.908]Completed Shot 1, state 19
101130.279234 seconds (31.70 G allocations: 243.960 TiB, 6.33% gc time, 0.01% compilation time)
[2023-01-12T16:49:44.029]Completed Shot 1, state 8
101132.236502 seconds (31.70 G allocations: 243.974 TiB, 6.33% gc time, 0.00% compilation time)
[2023-01-12T16:49:49.707]Completed Shot 1, state 24
101157.843733 seconds (31.71 G allocations: 244.030 TiB, 6.33% gc time, 0.00% compilation time)
[2023-01-12T16:50:15.596]Completed Shot 1, state 1
101183.859358 seconds (31.72 G allocations: 244.083 TiB, 6.33% gc time, 0.00% compilation time)
[2023-01-12T16:50:41.672]Completed Shot 1, state 15
101207.258894 seconds (31.72 G allocations: 244.128 TiB, 6.33% gc time, 0.00% compilation time)
[2023-01-12T16:51:04.734]Completed Shot 1, state 4
101211.796456 seconds (31.73 G allocations: 244.138 TiB, 6.33% gc time, 0.00% compilation time)
[2023-01-12T16:51:09.604]Completed Shot 1, state 23
101225.081645 seconds (31.73 G allocations: 244.162 TiB, 6.33% gc time, 0.00% compilation time)
[2023-01-12T16:51:22.747]Completed Shot 1, state 7
101234.208960 seconds (31.73 G allocations: 244.171 TiB, 6.33% gc time, 0.01% compilation time)
[2023-01-12T16:51:27.911]Completed Shot 1, state 3
101244.917415 seconds (31.73 G allocations: 244.196 TiB, 6.33% gc time, 0.00% compilation time)
[2023-01-12T16:51:42.729]Completed Shot 1, state 25
101250.127810 seconds (31.73 G allocations: 244.198 TiB, 6.33% gc time, 0.01% compilation time)
[2023-01-12T16:51:43.830]Completed Shot 1, state 14
101258.442216 seconds (31.74 G allocations: 244.215 TiB, 6.33% gc time, 0.00% compilation time)
[2023-01-12T16:51:56.245]Completed Shot 1, state 10
101295.549224 seconds (31.74 G allocations: 244.263 TiB, 6.33% gc time, 0.00% compilation time)
[2023-01-12T16:52:32.924]Completed Shot 1, state 18
101300.995441 seconds (31.74 G allocations: 244.269 TiB, 6.33% gc time, 0.00% compilation time)
[2023-01-12T16:52:38.471]Completed Shot 1, state 2
101310.991458 seconds (31.74 G allocations: 244.276 TiB, 6.33% gc time, 0.01% compilation time)
[2023-01-12T16:52:44.741]Completed Shot 1, state 9
101466.115327 seconds (31.76 G allocations: 244.418 TiB, 6.32% gc time, 0.00% compilation time)
[2023-01-12T16:55:23.914]Completed Shot 1, state 5
101510.862642 seconds (31.77 G allocations: 244.449 TiB, 6.32% gc time, 0.00% compilation time)
[2023-01-12T16:56:08.333]Completed Shot 1, state 20
101512.501710 seconds (31.77 G allocations: 244.450 TiB, 6.32% gc time, 0.00% compilation time)
[2023-01-12T16:56:09.999]Completed Shot 1, state 21
101570.914137 seconds (31.77 G allocations: 244.470 TiB, 6.31% gc time, 0.00% compilation time)
[2023-01-12T16:57:08.725]Completed Shot 1, state 12
101658.156882 seconds (31.77 G allocations: 244.485 TiB, 6.31% gc time, 0.01% compilation time)
[2023-01-12T16:58:31.859]Completed Shot 1, state 11
[2023-01-12T16:58:31.860]**********Simulation completed!**********
[2023-01-12T16:58:31.861]**********Saving**********
[2023-01-12T16:58:35.950]Saving file: /gpfs/bwfor/work/ws/hd_ku269-logs/LightCones/2023-01-11/491632_N12_BS.jld2
[2023-01-12T16:58:37.491]**********Run completed!**********
============================= JOB FEEDBACK =============================
Job ID: 491632
Cluster: helix
User/Group: hd_ku269/hd_hd
State: COMPLETED (exit code 0)
Nodes: 1
Cores per node: 64
CPU Utilized: 49-00:48:10
CPU Efficiency: 65.07% of 75-08:34:08 core-walltime
Job Wall-clock time: 1-04:15:32
Memory Utilized: 158.59 GB
Memory Efficiency: 67.20% of 236.00 GB
