  Activating project at `/gpfs/bwfor/work/ws/hd_ku269-light_cones/WorkingFolder`
Added MKL.jl
Project LightCones v0.1.0
Status `/gpfs/bwfor/work/ws/hd_ku269-light_cones/WorkingFolder/Project.toml`
⌃ [7d9fca2a] Arpack v0.5.3
⌃ [7073ff75] IJulia v1.23.3
⌃ [033835bb] JLD2 v0.4.25
  [0b1a1467] KrylovKit v0.6.0
  [d3d80556] LineSearches v7.2.0
  [33e6dc65] MKL v0.6.0
⌃ [429524aa] Optim v1.7.3
⌃ [91a5bcdd] Plots v1.35.5
⌃ [c3e4b0f8] Pluto v0.19.14
  [3c0b384b] QuantumInformation v0.4.9
  [189a3867] Reexport v1.2.2
⌃ [295af30f] Revise v3.4.0
  [ebcc8a00] SpinSymmetry v0.3.3
  [59d54670] ThreadedSparseArrays v0.2.2
  [ade2ca70] Dates
  [8ba89e20] Distributed
  [37e2e46d] LinearAlgebra
  [de0858da] Printf
  [9a3f8284] Random
  [1a1011a3] SharedArrays
  [2f01184e] SparseArrays
  [10745b16] Statistics
Info Packages marked with ⌃ have new versions available and may be upgradable.
[2023-01-08T10:23:56.236]**********RANDOM FIELDS**********
shared_krylov.jl
Working Directory:          /gpfs/bwfor/work/ws/hd_ku269-light_cones/WorkingFolder
SLURM Directory:            /gpfs/bwfor/work/ws/hd_ku269-light_cones/WorkingFolder 
Running on host:            m09n04
Job id:                     468411
Job name:                   otoc_simulation_N12_TR
Number of nodes allocated:  
Number of cores allocated:  1
#threads of Julia:          64
#threads of BLAS:           1
ARGS = ["12", "1", "25", "BS", "x", "0", "100", "Rhim71_FR"]
LOCATION = "/gpfs/bwfor/work/ws/hd_ku269-logs/LightCones/2023-01-08"
N = 12
SHOTS = 1
MULT_RANDOM_STATES = true
N_RANDOM_STATES = 25
TYPE_OF_RS = "BS"
OBSERVABLE = "x"
DISORDER_PARAM = 0.0
[2023-01-08T10:23:56.399]**********Running simulation**********
[2023-01-08T10:23:56.455]trange = 0.1:0.1:20.0
[2023-01-08T10:23:56.750]A = σx
[2023-01-08T10:23:57.183]alpha=6
[2023-01-08T10:23:57.183]PBC
SlowPulse([1.0, 0.0, 0.0], π, 1570.7963267948965)SlowPulse([-1.0, 0.0, 0.0], π, 1570.7963267948965)SlowPulse([1.0, 0.0, 0.0], π, 1570.7963267948965)SlowPulse([-1.0, 0.0, 0.0], π, 1570.7963267948965)6[2023-01-08T10:24:01.005]Operations set up.
Using multiple states.
8851.886819 seconds (2.73 G allocations: 21.062 TiB, 5.77% gc time, 0.02% compilation time)
9993.253720 seconds (3.10 G allocations: 23.959 TiB, 5.82% gc time, 0.04% compilation time)
10010.090295 seconds (3.11 G allocations: 24.003 TiB, 5.81% gc time, 0.04% compilation time)
10031.462844 seconds (3.12 G allocations: 24.060 TiB, 5.81% gc time, 0.04% compilation time)
10046.221265 seconds (3.12 G allocations: 24.100 TiB, 5.81% gc time, 0.03% compilation time)
10054.376930 seconds (3.13 G allocations: 24.121 TiB, 5.81% gc time, 0.03% compilation time)
10076.607517 seconds (3.13 G allocations: 24.177 TiB, 5.81% gc time, 0.03% compilation time)
10077.265132 seconds (3.13 G allocations: 24.179 TiB, 5.81% gc time, 0.03% compilation time)
10097.052137 seconds (3.14 G allocations: 24.228 TiB, 5.82% gc time, 0.04% compilation time)
10110.860373 seconds (3.14 G allocations: 24.263 TiB, 5.81% gc time, 0.04% compilation time)
10113.617439 seconds (3.14 G allocations: 24.270 TiB, 5.82% gc time, 0.03% compilation time)
10124.618230 seconds (3.15 G allocations: 24.288 TiB, 5.81% gc time, 0.08% compilation time)
10139.300402 seconds (3.15 G allocations: 24.325 TiB, 5.82% gc time, 0.08% compilation time)
10153.003948 seconds (3.16 G allocations: 24.374 TiB, 5.81% gc time, 0.03% compilation time)
10168.824219 seconds (3.16 G allocations: 24.411 TiB, 5.82% gc time, 0.04% compilation time)
10175.041631 seconds (3.16 G allocations: 24.417 TiB, 5.82% gc time, 0.08% compilation time)
10175.616137 seconds (3.17 G allocations: 24.429 TiB, 5.82% gc time, 0.04% compilation time)
10181.608882 seconds (3.17 G allocations: 24.443 TiB, 5.82% gc time, 0.04% compilation time)
10200.756690 seconds (3.17 G allocations: 24.482 TiB, 5.82% gc time, 0.08% compilation time)
10237.362904 seconds (3.19 G allocations: 24.586 TiB, 5.83% gc time, 0.04% compilation time)
10245.646221 seconds (3.19 G allocations: 24.609 TiB, 5.82% gc time, 0.04% compilation time)
10293.562877 seconds (3.21 G allocations: 24.732 TiB, 5.83% gc time, 0.03% compilation time)
10302.388792 seconds (3.21 G allocations: 24.753 TiB, 5.83% gc time, 0.04% compilation time)
10381.311135 seconds (3.23 G allocations: 24.962 TiB, 5.83% gc time, 0.03% compilation time)
10459.551066 seconds (3.26 G allocations: 25.163 TiB, 5.83% gc time, 0.03% compilation time)
9588.794352 seconds (3.17 G allocations: 24.312 TiB, 6.46% gc time, 0.02% compilation time)
[2023-01-08T15:31:37.339]Completed Shot 1, state 14
9458.469140 seconds (3.14 G allocations: 24.126 TiB, 6.44% gc time, 0.00% compilation time)
[2023-01-08T15:49:21.381]Completed Shot 1, state 6
9517.623132 seconds (3.16 G allocations: 24.283 TiB, 6.44% gc time, 0.00% compilation time)
[2023-01-08T15:50:05.208]Completed Shot 1, state 18
9558.723852 seconds (3.18 G allocations: 24.390 TiB, 6.43% gc time, 0.00% compilation time)
[2023-01-08T15:50:08.108]Completed Shot 1, state 3
9479.203460 seconds (3.15 G allocations: 24.184 TiB, 6.44% gc time, 0.00% compilation time)
[2023-01-08T15:50:12.493]Completed Shot 1, state 4
9575.248760 seconds (3.18 G allocations: 24.432 TiB, 6.43% gc time, 0.00% compilation time)
[2023-01-08T15:50:41.462]Completed Shot 1, state 19
9417.455015 seconds (3.13 G allocations: 24.026 TiB, 6.44% gc time, 0.00% compilation time)
[2023-01-08T15:50:42.411]Completed Shot 1, state 11
9472.027971 seconds (3.15 G allocations: 24.165 TiB, 6.44% gc time, 0.00% compilation time)
[2023-01-08T15:50:48.869]Completed Shot 1, state 25
9471.727241 seconds (3.15 G allocations: 24.161 TiB, 6.44% gc time, 0.00% compilation time)
[2023-01-08T15:51:03.236]Completed Shot 1, state 1
9554.473357 seconds (3.17 G allocations: 24.370 TiB, 6.44% gc time, 0.00% compilation time)
[2023-01-08T15:51:05.486]Completed Shot 1, state 23
9502.969849 seconds (3.16 G allocations: 24.236 TiB, 6.44% gc time, 0.00% compilation time)
[2023-01-08T15:51:09.954]Completed Shot 1, state 16
9546.883604 seconds (3.17 G allocations: 24.343 TiB, 6.44% gc time, 0.00% compilation time)
[2023-01-08T15:51:20.695]Completed Shot 1, state 24
9339.459193 seconds (3.10 G allocations: 23.807 TiB, 6.43% gc time, 0.00% compilation time)
[2023-01-08T15:51:29.667]Completed Shot 1, state 7
9442.612419 seconds (3.13 G allocations: 24.069 TiB, 6.43% gc time, 0.00% compilation time)
[2023-01-08T15:51:35.577]Completed Shot 1, state 12
9542.750467 seconds (3.17 G allocations: 24.312 TiB, 6.42% gc time, 0.00% compilation time)
[2023-01-08T15:51:53.055]Completed Shot 1, state 9
9490.035361 seconds (3.15 G allocations: 24.171 TiB, 6.43% gc time, 0.00% compilation time)
[2023-01-08T15:51:57.285]Completed Shot 1, state 2
9509.770945 seconds (3.15 G allocations: 24.218 TiB, 6.43% gc time, 0.00% compilation time)
[2023-01-08T15:51:59.411]Completed Shot 1, state 15
9504.208235 seconds (3.15 G allocations: 24.185 TiB, 6.42% gc time, 0.00% compilation time)
[2023-01-08T15:52:15.927]Completed Shot 1, state 8
9437.114964 seconds (3.13 G allocations: 24.009 TiB, 6.42% gc time, 0.00% compilation time)
[2023-01-08T15:52:18.894]Completed Shot 1, state 13
9503.165178 seconds (3.15 G allocations: 24.177 TiB, 6.42% gc time, 0.00% compilation time)
[2023-01-08T15:52:20.908]Completed Shot 1, state 17
9592.194922 seconds (3.18 G allocations: 24.396 TiB, 6.42% gc time, 0.00% compilation time)
[2023-01-08T15:52:25.349]Completed Shot 1, state 21
9392.021515 seconds (3.11 G allocations: 23.874 TiB, 6.41% gc time, 0.00% compilation time)
[2023-01-08T15:52:30.540]Completed Shot 1, state 10
9461.684848 seconds (3.13 G allocations: 24.044 TiB, 6.41% gc time, 0.00% compilation time)
[2023-01-08T15:52:35.179]Completed Shot 1, state 22
9447.583280 seconds (3.09 G allocations: 23.713 TiB, 6.34% gc time, 0.00% compilation time)
[2023-01-08T15:54:45.580]Completed Shot 1, state 20
9384.694506 seconds (3.06 G allocations: 23.514 TiB, 6.32% gc time, 0.00% compilation time)
[2023-01-08T15:55:00.927]Completed Shot 1, state 5
[2023-01-08T15:55:00.928]**********Simulation completed!**********
[2023-01-08T15:55:00.928]**********Saving**********
[2023-01-08T15:55:05.003]Saving file: /gpfs/bwfor/work/ws/hd_ku269-logs/LightCones/2023-01-08/468411_N12_BS.jld2
[2023-01-08T15:55:06.572]**********Run completed!**********
============================= JOB FEEDBACK =============================
Job ID: 468411
Cluster: helix
User/Group: hd_ku269/hd_hd
State: COMPLETED (exit code 0)
Nodes: 1
Cores per node: 64
CPU Utilized: 9-13:04:43
CPU Efficiency: 64.75% of 14-17:47:44 core-walltime
Job Wall-clock time: 05:31:41
Memory Utilized: 124.69 GB
Memory Efficiency: 52.83% of 236.00 GB
