Added MKL.jl
Project LightCones v0.1.0
Status `/gpfs/bwfor/work/ws/hd_ku269-light_cones/WorkingFolder/Project.toml`
⌃ [7d9fca2a] Arpack v0.5.3
⌃ [7073ff75] IJulia v1.23.3
⌃ [033835bb] JLD2 v0.4.25
  [0b1a1467] KrylovKit v0.6.0
  [d3d80556] LineSearches v7.2.0
  [33e6dc65] MKL v0.6.0
⌃ [429524aa] Optim v1.7.3
⌃ [91a5bcdd] Plots v1.35.5
⌃ [c3e4b0f8] Pluto v0.19.14
  [3c0b384b] QuantumInformation v0.4.9
  [189a3867] Reexport v1.2.2
⌃ [295af30f] Revise v3.4.0
  [ebcc8a00] SpinSymmetry v0.3.3
  [59d54670] ThreadedSparseArrays v0.2.2
  [ade2ca70] Dates
  [8ba89e20] Distributed
  [37e2e46d] LinearAlgebra
  [de0858da] Printf
  [9a3f8284] Random
  [1a1011a3] SharedArrays
  [2f01184e] SparseArrays
  [10745b16] Statistics
Info Packages marked with ⌃ have new versions available and may be upgradable.
[2023-01-12T09:44:09.787]**********RANDOM FIELDS**********
shared_krylov.jl
Working Directory:          /gpfs/bwfor/work/ws/hd_ku269-light_cones/WorkingFolder
SLURM Directory:            /gpfs/bwfor/work/ws/hd_ku269-light_cones/WorkingFolder 
Running on host:            p01n13
Job id:                     501078
Job name:                   otoc_simulation_N11_TR
Number of nodes allocated:  
Number of cores allocated:  1
#threads of Julia:          64
#threads of BLAS:           1
ARGS = ["11", "10", "50", "BS", "x", "9", "100", "Rhim71_FR"]
LOCATION = "/gpfs/bwfor/work/ws/hd_ku269-logs/LightCones/2023-01-12"
N = 11
SHOTS = 10
MULT_RANDOM_STATES = true
N_RANDOM_STATES = 50
TYPE_OF_RS = "BS"
OBSERVABLE = "x"
DISORDER_PARAM = 9.0
[2023-01-12T09:44:09.968]**********Running simulation**********
[2023-01-12T09:44:10.021]trange = 0.1:0.1:20.0
[2023-01-12T09:44:10.352]A = σx
[2023-01-12T09:44:10.809]alpha=6
[2023-01-12T09:44:10.809]PBC
SlowPulse([1.0, 0.0, 0.0], π, 1570.7963267948965)SlowPulse([-1.0, 0.0, 0.0], π, 1570.7963267948965)SlowPulse([1.0, 0.0, 0.0], π, 1570.7963267948965)SlowPulse([-1.0, 0.0, 0.0], π, 1570.7963267948965)6[2023-01-12T09:44:14.118]Operations set up.
Using multiple states.
7503.514416 seconds (5.79 G allocations: 22.671 TiB, 14.90% gc time, 0.08% compilation time)
[2023-01-12T11:49:27.261]Completed Shot 1, state 7
7505.507695 seconds (5.79 G allocations: 22.693 TiB, 14.91% gc time, 0.01% compilation time)
[2023-01-12T11:49:34.928]Completed Shot 1, state 24
7510.410941 seconds (5.79 G allocations: 22.705 TiB, 14.91% gc time, 0.01% compilation time)
[2023-01-12T11:49:39.941]Completed Shot 1, state 13
7514.919202 seconds (5.80 G allocations: 22.717 TiB, 14.92% gc time, 0.01% compilation time)
[2023-01-12T11:49:44.341]Completed Shot 1, state 32
7523.817616 seconds (5.80 G allocations: 22.741 TiB, 14.92% gc time, 0.01% compilation time)
[2023-01-12T11:49:53.239]Completed Shot 1, state 21
7525.489236 seconds (5.81 G allocations: 22.747 TiB, 14.92% gc time, 0.01% compilation time)
[2023-01-12T11:49:54.903]Completed Shot 1, state 16
7526.016727 seconds (5.81 G allocations: 22.748 TiB, 14.91% gc time, 0.01% compilation time)
[2023-01-12T11:49:55.260]Completed Shot 1, state 23
7540.945736 seconds (5.82 G allocations: 22.774 TiB, 14.90% gc time, 0.08% compilation time)
[2023-01-12T11:50:04.670]Completed Shot 1, state 31
7541.534593 seconds (5.82 G allocations: 22.777 TiB, 14.90% gc time, 0.08% compilation time)
[2023-01-12T11:50:05.259]Completed Shot 1, state 40
7538.207361 seconds (5.82 G allocations: 22.778 TiB, 14.91% gc time, 0.03% compilation time)
[2023-01-12T11:50:05.682]Completed Shot 1, state 43
7536.340452 seconds (5.81 G allocations: 22.778 TiB, 14.91% gc time, 0.01% compilation time)
[2023-01-12T11:50:05.761]Completed Shot 1, state 35
7542.854011 seconds (5.82 G allocations: 22.781 TiB, 14.90% gc time, 0.08% compilation time)
[2023-01-12T11:50:06.561]Completed Shot 1, state 1
7542.635108 seconds (5.82 G allocations: 22.790 TiB, 14.91% gc time, 0.03% compilation time)
[2023-01-12T11:50:10.110]Completed Shot 1, state 25
7546.406242 seconds (5.82 G allocations: 22.806 TiB, 14.91% gc time, 0.01% compilation time)
[2023-01-12T11:50:15.822]Completed Shot 1, state 19
7549.088882 seconds (5.82 G allocations: 22.814 TiB, 14.91% gc time, 0.01% compilation time)
[2023-01-12T11:50:18.508]Completed Shot 1, state 22
7564.090784 seconds (5.84 G allocations: 22.840 TiB, 14.90% gc time, 0.08% compilation time)
[2023-01-12T11:50:27.798]Completed Shot 1, state 39
7564.488542 seconds (5.84 G allocations: 22.841 TiB, 14.90% gc time, 0.08% compilation time)
[2023-01-12T11:50:28.213]Completed Shot 1, state 30
7558.924974 seconds (5.83 G allocations: 22.841 TiB, 14.91% gc time, 0.01% compilation time)
[2023-01-12T11:50:28.347]Completed Shot 1, state 14
7565.281480 seconds (5.84 G allocations: 22.844 TiB, 14.90% gc time, 0.08% compilation time)
[2023-01-12T11:50:29.006]Completed Shot 1, state 45
7561.967041 seconds (5.84 G allocations: 22.845 TiB, 14.90% gc time, 0.03% compilation time)
[2023-01-12T11:50:29.442]Completed Shot 1, state 34
7571.092855 seconds (5.84 G allocations: 22.860 TiB, 14.89% gc time, 0.08% compilation time)
[2023-01-12T11:50:34.817]Completed Shot 1, state 9
7571.423015 seconds (5.84 G allocations: 22.861 TiB, 14.89% gc time, 0.08% compilation time)
[2023-01-12T11:50:35.147]Completed Shot 1, state 38
7575.356266 seconds (5.85 G allocations: 22.871 TiB, 14.89% gc time, 0.08% compilation time)
[2023-01-12T11:50:39.081]Completed Shot 1, state 36
7569.729541 seconds (5.84 G allocations: 22.871 TiB, 14.90% gc time, 0.01% compilation time)
[2023-01-12T11:50:39.161]Completed Shot 1, state 17
7576.800377 seconds (5.85 G allocations: 22.874 TiB, 14.89% gc time, 0.08% compilation time)
[2023-01-12T11:50:40.525]Completed Shot 1, state 2
7573.110152 seconds (5.84 G allocations: 22.879 TiB, 14.90% gc time, 0.01% compilation time)
[2023-01-12T11:50:42.574]Completed Shot 1, state 28
7574.889772 seconds (5.84 G allocations: 22.883 TiB, 14.90% gc time, 0.01% compilation time)
[2023-01-12T11:50:44.269]Completed Shot 1, state 50
7580.837103 seconds (5.85 G allocations: 22.884 TiB, 14.89% gc time, 0.08% compilation time)
[2023-01-12T11:50:44.562]Completed Shot 1, state 4
7582.508848 seconds (5.85 G allocations: 22.889 TiB, 14.89% gc time, 0.08% compilation time)
[2023-01-12T11:50:46.233]Completed Shot 1, state 46
7578.851996 seconds (5.84 G allocations: 22.892 TiB, 14.90% gc time, 0.01% compilation time)
[2023-01-12T11:50:48.300]Completed Shot 1, state 29
7581.967362 seconds (5.85 G allocations: 22.895 TiB, 14.90% gc time, 0.03% compilation time)
[2023-01-12T11:50:49.442]Completed Shot 1, state 37
7586.003593 seconds (5.85 G allocations: 22.896 TiB, 14.89% gc time, 0.08% compilation time)
[2023-01-12T11:50:49.711]Completed Shot 1, state 44
7582.870566 seconds (5.85 G allocations: 22.901 TiB, 14.90% gc time, 0.01% compilation time)
[2023-01-12T11:50:52.152]Completed Shot 1, state 41
7583.792853 seconds (5.85 G allocations: 22.903 TiB, 14.90% gc time, 0.01% compilation time)
[2023-01-12T11:50:53.209]Completed Shot 1, state 18
7586.154578 seconds (5.85 G allocations: 22.904 TiB, 14.89% gc time, 0.03% compilation time)
[2023-01-12T11:50:53.630]Completed Shot 1, state 42
7589.916458 seconds (5.86 G allocations: 22.904 TiB, 14.88% gc time, 0.08% compilation time)
[2023-01-12T11:50:53.640]Completed Shot 1, state 5
7590.212637 seconds (5.86 G allocations: 22.905 TiB, 14.88% gc time, 0.08% compilation time)
[2023-01-12T11:50:53.937]Completed Shot 1, state 47
7591.624168 seconds (5.86 G allocations: 22.907 TiB, 14.89% gc time, 0.08% compilation time)
[2023-01-12T11:50:55.348]Completed Shot 1, state 48
7591.704058 seconds (5.86 G allocations: 22.907 TiB, 14.89% gc time, 0.08% compilation time)
[2023-01-12T11:50:55.428]Completed Shot 1, state 33
7593.052043 seconds (5.86 G allocations: 22.909 TiB, 14.88% gc time, 0.08% compilation time)
[2023-01-12T11:50:56.776]Completed Shot 1, state 12
7589.604310 seconds (5.86 G allocations: 22.910 TiB, 14.89% gc time, 0.03% compilation time)
[2023-01-12T11:50:57.144]Completed Shot 1, state 26
7588.016816 seconds (5.85 G allocations: 22.910 TiB, 14.89% gc time, 0.01% compilation time)
[2023-01-12T11:50:57.451]Completed Shot 1, state 20
7596.801100 seconds (5.86 G allocations: 22.914 TiB, 14.88% gc time, 0.08% compilation time)
[2023-01-12T11:51:00.525]Completed Shot 1, state 6
7597.669268 seconds (5.86 G allocations: 22.915 TiB, 14.88% gc time, 0.08% compilation time)
[2023-01-12T11:51:01.393]Completed Shot 1, state 15
7594.013333 seconds (5.86 G allocations: 22.915 TiB, 14.88% gc time, 0.03% compilation time)
[2023-01-12T11:51:01.489]Completed Shot 1, state 8
7599.735952 seconds (5.86 G allocations: 22.917 TiB, 14.87% gc time, 0.08% compilation time)
[2023-01-12T11:51:03.460]Completed Shot 1, state 49
7603.472919 seconds (5.86 G allocations: 22.920 TiB, 14.87% gc time, 0.08% compilation time)
[2023-01-12T11:51:07.197]Completed Shot 1, state 11
7598.984590 seconds (5.85 G allocations: 22.920 TiB, 14.88% gc time, 0.01% compilation time)
[2023-01-12T11:51:08.264]Completed Shot 1, state 3
7604.617389 seconds (5.86 G allocations: 22.920 TiB, 14.87% gc time, 0.08% compilation time)
[2023-01-12T11:51:08.342]Completed Shot 1, state 27
7612.384679 seconds (5.86 G allocations: 22.921 TiB, 14.85% gc time, 0.08% compilation time)
[2023-01-12T11:51:16.109]Completed Shot 1, state 10
7364.076134 seconds (5.79 G allocations: 22.676 TiB, 15.76% gc time)
[2023-01-12T13:54:00.188]Completed Shot 2, state 7
7367.089548 seconds (5.79 G allocations: 22.688 TiB, 15.76% gc time)
[2023-01-12T13:54:03.205]Completed Shot 2, state 33
7367.539965 seconds (5.79 G allocations: 22.690 TiB, 15.76% gc time)
[2023-01-12T13:54:03.652]Completed Shot 2, state 2
7384.412929 seconds (5.81 G allocations: 22.748 TiB, 15.76% gc time)
[2023-01-12T13:54:20.528]Completed Shot 2, state 42
7392.658796 seconds (5.81 G allocations: 22.774 TiB, 15.77% gc time)
[2023-01-12T13:54:28.773]Completed Shot 2, state 47
7393.146980 seconds (5.81 G allocations: 22.776 TiB, 15.77% gc time)
[2023-01-12T13:54:29.259]Completed Shot 2, state 8
7398.932129 seconds (5.82 G allocations: 22.796 TiB, 15.77% gc time)
[2023-01-12T13:54:35.046]Completed Shot 2, state 16
7400.253946 seconds (5.82 G allocations: 22.801 TiB, 15.77% gc time)
[2023-01-12T13:54:36.368]Completed Shot 2, state 36
7403.600130 seconds (5.82 G allocations: 22.816 TiB, 15.76% gc time)
[2023-01-12T13:54:39.715]Completed Shot 2, state 50
7405.949253 seconds (5.83 G allocations: 22.820 TiB, 15.78% gc time)
[2023-01-12T13:54:42.062]Completed Shot 2, state 21
7412.059901 seconds (5.83 G allocations: 22.841 TiB, 15.78% gc time)
[2023-01-12T13:54:48.173]Completed Shot 2, state 19
7412.161024 seconds (5.83 G allocations: 22.842 TiB, 15.78% gc time)
[2023-01-12T13:54:48.276]Completed Shot 2, state 49
7412.812709 seconds (5.83 G allocations: 22.844 TiB, 15.78% gc time)
[2023-01-12T13:54:48.925]Completed Shot 2, state 14
7412.884575 seconds (5.83 G allocations: 22.845 TiB, 15.78% gc time)
[2023-01-12T13:54:48.997]Completed Shot 2, state 13
7413.476612 seconds (5.83 G allocations: 22.847 TiB, 15.78% gc time)
[2023-01-12T13:54:49.589]Completed Shot 2, state 15
7414.753568 seconds (5.83 G allocations: 22.853 TiB, 15.77% gc time)
[2023-01-12T13:54:50.868]Completed Shot 2, state 48
7416.137932 seconds (5.84 G allocations: 22.858 TiB, 15.77% gc time)
[2023-01-12T13:54:52.250]Completed Shot 2, state 10
7418.080344 seconds (5.84 G allocations: 22.861 TiB, 15.78% gc time)
[2023-01-12T13:54:54.193]Completed Shot 2, state 24
7419.059477 seconds (5.84 G allocations: 22.864 TiB, 15.78% gc time)
[2023-01-12T13:54:55.173]Completed Shot 2, state 30
7419.442747 seconds (5.84 G allocations: 22.866 TiB, 15.78% gc time)
[2023-01-12T13:54:55.557]Completed Shot 2, state 45
7419.992848 seconds (5.84 G allocations: 22.868 TiB, 15.78% gc time)
[2023-01-12T13:54:56.106]Completed Shot 2, state 25
7420.611864 seconds (5.84 G allocations: 22.870 TiB, 15.77% gc time)
[2023-01-12T13:54:56.725]Completed Shot 2, state 27
7421.329428 seconds (5.84 G allocations: 22.872 TiB, 15.77% gc time)
[2023-01-12T13:54:57.442]Completed Shot 2, state 22
7424.940088 seconds (5.84 G allocations: 22.882 TiB, 15.78% gc time)
[2023-01-12T13:55:01.052]Completed Shot 2, state 9
7425.348942 seconds (5.84 G allocations: 22.883 TiB, 15.77% gc time)
[2023-01-12T13:55:01.463]Completed Shot 2, state 34
7427.337459 seconds (5.84 G allocations: 22.890 TiB, 15.77% gc time)
[2023-01-12T13:55:03.451]Completed Shot 2, state 35
7431.703461 seconds (5.85 G allocations: 22.901 TiB, 15.77% gc time)
[2023-01-12T13:55:07.818]Completed Shot 2, state 38
7434.928821 seconds (5.85 G allocations: 22.909 TiB, 15.78% gc time)
[2023-01-12T13:55:11.041]Completed Shot 2, state 17
7434.937714 seconds (5.85 G allocations: 22.909 TiB, 15.78% gc time)
[2023-01-12T13:55:11.050]Completed Shot 2, state 11
7435.626876 seconds (5.85 G allocations: 22.911 TiB, 15.78% gc time)
[2023-01-12T13:55:11.738]Completed Shot 2, state 5
7437.000840 seconds (5.85 G allocations: 22.915 TiB, 15.77% gc time)
[2023-01-12T13:55:13.115]Completed Shot 2, state 37
7437.387944 seconds (5.85 G allocations: 22.916 TiB, 15.77% gc time)
[2023-01-12T13:55:13.501]Completed Shot 2, state 26
7437.567552 seconds (5.85 G allocations: 22.917 TiB, 15.77% gc time)
[2023-01-12T13:55:13.681]Completed Shot 2, state 31
7437.810474 seconds (5.85 G allocations: 22.918 TiB, 15.77% gc time)
[2023-01-12T13:55:13.924]Completed Shot 2, state 28
7439.494636 seconds (5.85 G allocations: 22.920 TiB, 15.78% gc time)
[2023-01-12T13:55:15.609]Completed Shot 2, state 41
7440.524725 seconds (5.85 G allocations: 22.923 TiB, 15.78% gc time)
[2023-01-12T13:55:16.637]Completed Shot 2, state 18
7440.548252 seconds (5.85 G allocations: 22.923 TiB, 15.78% gc time)
[2023-01-12T13:55:16.660]Completed Shot 2, state 12
7443.214745 seconds (5.86 G allocations: 22.928 TiB, 15.78% gc time)
[2023-01-12T13:55:19.325]Completed Shot 2, state 1
7443.423050 seconds (5.86 G allocations: 22.929 TiB, 15.78% gc time)
[2023-01-12T13:55:19.537]Completed Shot 2, state 43
7443.742270 seconds (5.86 G allocations: 22.929 TiB, 15.77% gc time)
[2023-01-12T13:55:19.853]Completed Shot 2, state 4
7444.159366 seconds (5.86 G allocations: 22.930 TiB, 15.77% gc time)
[2023-01-12T13:55:20.273]Completed Shot 2, state 39
7445.002241 seconds (5.86 G allocations: 22.932 TiB, 15.77% gc time)
[2023-01-12T13:55:21.116]Completed Shot 2, state 32
7445.841295 seconds (5.86 G allocations: 22.933 TiB, 15.77% gc time)
[2023-01-12T13:55:21.956]Completed Shot 2, state 44
7447.354169 seconds (5.86 G allocations: 22.935 TiB, 15.77% gc time)
[2023-01-12T13:55:23.467]Completed Shot 2, state 23
7447.647699 seconds (5.86 G allocations: 22.935 TiB, 15.77% gc time)
[2023-01-12T13:55:23.759]Completed Shot 2, state 3
7448.255243 seconds (5.86 G allocations: 22.936 TiB, 15.77% gc time)
[2023-01-12T13:55:24.369]Completed Shot 2, state 46
7448.521115 seconds (5.86 G allocations: 22.936 TiB, 15.77% gc time)
[2023-01-12T13:55:24.635]Completed Shot 2, state 40
7448.565115 seconds (5.86 G allocations: 22.936 TiB, 15.77% gc time)
[2023-01-12T13:55:24.679]Completed Shot 2, state 29
7453.348429 seconds (5.86 G allocations: 22.937 TiB, 15.76% gc time)
[2023-01-12T13:55:29.460]Completed Shot 2, state 6
7453.388552 seconds (5.86 G allocations: 22.937 TiB, 15.76% gc time)
[2023-01-12T13:55:29.501]Completed Shot 2, state 20
7050.625588 seconds (5.91 G allocations: 22.957 TiB, 16.65% gc time)
[2023-01-12T15:53:00.129]Completed Shot 3, state 2
7063.028720 seconds (5.92 G allocations: 22.997 TiB, 16.66% gc time)
[2023-01-12T15:53:12.535]Completed Shot 3, state 23
7066.445327 seconds (5.93 G allocations: 23.012 TiB, 16.65% gc time)
[2023-01-12T15:53:15.953]Completed Shot 3, state 43
7067.197541 seconds (5.93 G allocations: 23.016 TiB, 16.65% gc time)
[2023-01-12T15:53:16.704]Completed Shot 3, state 33
7069.200670 seconds (5.93 G allocations: 23.025 TiB, 16.65% gc time)
[2023-01-12T15:53:18.707]Completed Shot 3, state 25
7078.707021 seconds (5.94 G allocations: 23.053 TiB, 16.66% gc time)
[2023-01-12T15:53:28.213]Completed Shot 3, state 21
7083.276716 seconds (5.94 G allocations: 23.074 TiB, 16.65% gc time)
[2023-01-12T15:53:32.783]Completed Shot 3, state 37
7084.657108 seconds (5.95 G allocations: 23.080 TiB, 16.65% gc time)
[2023-01-12T15:53:34.164]Completed Shot 3, state 28
7092.992186 seconds (5.95 G allocations: 23.104 TiB, 16.67% gc time)
[2023-01-12T15:53:42.499]Completed Shot 3, state 42
7093.562303 seconds (5.95 G allocations: 23.107 TiB, 16.67% gc time)
[2023-01-12T15:53:43.069]Completed Shot 3, state 47
7093.595761 seconds (5.95 G allocations: 23.107 TiB, 16.67% gc time)
[2023-01-12T15:53:43.103]Completed Shot 3, state 44
7099.173281 seconds (5.96 G allocations: 23.133 TiB, 16.66% gc time)
[2023-01-12T15:53:48.680]Completed Shot 3, state 30
7099.191741 seconds (5.96 G allocations: 23.133 TiB, 16.66% gc time)
[2023-01-12T15:53:48.698]Completed Shot 3, state 32
7100.011090 seconds (5.96 G allocations: 23.136 TiB, 16.65% gc time)
[2023-01-12T15:53:49.519]Completed Shot 3, state 41
7101.557415 seconds (5.96 G allocations: 23.142 TiB, 16.65% gc time)
[2023-01-12T15:53:51.061]Completed Shot 3, state 4
7103.602412 seconds (5.96 G allocations: 23.143 TiB, 16.67% gc time)
[2023-01-12T15:53:53.107]Completed Shot 3, state 14
7105.847558 seconds (5.97 G allocations: 23.154 TiB, 16.66% gc time)
[2023-01-12T15:53:55.354]Completed Shot 3, state 38
7106.548760 seconds (5.97 G allocations: 23.157 TiB, 16.66% gc time)
[2023-01-12T15:53:56.053]Completed Shot 3, state 8
7106.719692 seconds (5.97 G allocations: 23.157 TiB, 16.66% gc time)
[2023-01-12T15:53:56.224]Completed Shot 3, state 9
7108.446546 seconds (5.97 G allocations: 23.165 TiB, 16.66% gc time)
[2023-01-12T15:53:57.952]Completed Shot 3, state 17
7108.754264 seconds (5.97 G allocations: 23.166 TiB, 16.66% gc time)
[2023-01-12T15:53:58.259]Completed Shot 3, state 12
7109.581049 seconds (5.97 G allocations: 23.169 TiB, 16.65% gc time)
[2023-01-12T15:53:59.085]Completed Shot 3, state 1
7110.398166 seconds (5.97 G allocations: 23.172 TiB, 16.65% gc time)
[2023-01-12T15:53:59.905]Completed Shot 3, state 48
7113.181825 seconds (5.97 G allocations: 23.177 TiB, 16.67% gc time)
[2023-01-12T15:54:02.686]Completed Shot 3, state 10
7113.215823 seconds (5.97 G allocations: 23.177 TiB, 16.67% gc time)
[2023-01-12T15:54:02.723]Completed Shot 3, state 46
7113.503443 seconds (5.97 G allocations: 23.178 TiB, 16.67% gc time)
[2023-01-12T15:54:03.009]Completed Shot 3, state 26
7114.465292 seconds (5.97 G allocations: 23.182 TiB, 16.66% gc time)
[2023-01-12T15:54:03.971]Completed Shot 3, state 20
7115.029693 seconds (5.97 G allocations: 23.184 TiB, 16.66% gc time)
[2023-01-12T15:54:04.533]Completed Shot 3, state 3
7115.577433 seconds (5.97 G allocations: 23.186 TiB, 16.66% gc time)
[2023-01-12T15:54:05.083]Completed Shot 3, state 29
7115.668960 seconds (5.97 G allocations: 23.187 TiB, 16.66% gc time)
[2023-01-12T15:54:05.174]Completed Shot 3, state 15
7116.149929 seconds (5.97 G allocations: 23.188 TiB, 16.66% gc time)
[2023-01-12T15:54:05.656]Completed Shot 3, state 24
7116.738619 seconds (5.98 G allocations: 23.190 TiB, 16.66% gc time)
[2023-01-12T15:54:06.245]Completed Shot 3, state 27
7117.522829 seconds (5.98 G allocations: 23.193 TiB, 16.66% gc time)
[2023-01-12T15:54:07.030]Completed Shot 3, state 49
7117.858370 seconds (5.98 G allocations: 23.194 TiB, 16.65% gc time)
[2023-01-12T15:54:07.362]Completed Shot 3, state 6
7118.492112 seconds (5.98 G allocations: 23.195 TiB, 16.65% gc time)
[2023-01-12T15:54:07.999]Completed Shot 3, state 45
7120.333403 seconds (5.98 G allocations: 23.197 TiB, 16.66% gc time)
[2023-01-12T15:54:09.840]Completed Shot 3, state 31
7120.987683 seconds (5.98 G allocations: 23.199 TiB, 16.66% gc time)
[2023-01-12T15:54:10.494]Completed Shot 3, state 39
7121.812531 seconds (5.98 G allocations: 23.201 TiB, 16.66% gc time)
[2023-01-12T15:54:11.319]Completed Shot 3, state 40
7123.392986 seconds (5.98 G allocations: 23.205 TiB, 16.66% gc time)
[2023-01-12T15:54:12.900]Completed Shot 3, state 50
7123.710583 seconds (5.98 G allocations: 23.206 TiB, 16.66% gc time)
[2023-01-12T15:54:13.216]Completed Shot 3, state 18
7124.730312 seconds (5.98 G allocations: 23.208 TiB, 16.65% gc time)
[2023-01-12T15:54:14.237]Completed Shot 3, state 34
7125.813229 seconds (5.98 G allocations: 23.209 TiB, 16.66% gc time)
[2023-01-12T15:54:15.318]Completed Shot 3, state 16
7126.253080 seconds (5.98 G allocations: 23.209 TiB, 16.66% gc time)
[2023-01-12T15:54:15.760]Completed Shot 3, state 36
7126.767320 seconds (5.98 G allocations: 23.210 TiB, 16.66% gc time)
[2023-01-12T15:54:16.273]Completed Shot 3, state 19
7128.576924 seconds (5.98 G allocations: 23.212 TiB, 16.65% gc time)
[2023-01-12T15:54:18.081]Completed Shot 3, state 5
7130.230690 seconds (5.98 G allocations: 23.214 TiB, 16.65% gc time)
[2023-01-12T15:54:19.735]Completed Shot 3, state 13
7131.456910 seconds (5.98 G allocations: 23.215 TiB, 16.65% gc time)
[2023-01-12T15:54:20.963]Completed Shot 3, state 35
7136.243646 seconds (5.98 G allocations: 23.217 TiB, 16.64% gc time)
[2023-01-12T15:54:25.748]Completed Shot 3, state 11
7136.264294 seconds (5.98 G allocations: 23.217 TiB, 16.64% gc time)
[2023-01-12T15:54:25.770]Completed Shot 3, state 22
7137.976360 seconds (5.98 G allocations: 23.217 TiB, 16.63% gc time)
[2023-01-12T15:54:27.480]Completed Shot 3, state 7
6713.632289 seconds (5.80 G allocations: 22.730 TiB, 19.29% gc time)
[2023-01-12T17:46:21.115]Completed Shot 4, state 6
6715.277124 seconds (5.80 G allocations: 22.737 TiB, 19.29% gc time)
[2023-01-12T17:46:22.761]Completed Shot 4, state 18
6720.732419 seconds (5.80 G allocations: 22.761 TiB, 19.27% gc time)
[2023-01-12T17:46:28.217]Completed Shot 4, state 23
6723.862501 seconds (5.81 G allocations: 22.775 TiB, 19.26% gc time)
[2023-01-12T17:46:31.344]Completed Shot 4, state 1
6728.500863 seconds (5.81 G allocations: 22.781 TiB, 19.30% gc time)
[2023-01-12T17:46:35.986]Completed Shot 4, state 28
6730.681596 seconds (5.81 G allocations: 22.791 TiB, 19.29% gc time)
[2023-01-12T17:46:38.166]Completed Shot 4, state 13
6731.801601 seconds (5.81 G allocations: 22.796 TiB, 19.29% gc time)
[2023-01-12T17:46:39.284]Completed Shot 4, state 2
6733.811479 seconds (5.82 G allocations: 22.805 TiB, 19.28% gc time)
[2023-01-12T17:46:41.296]Completed Shot 4, state 22
6734.274929 seconds (5.82 G allocations: 22.807 TiB, 19.28% gc time)
[2023-01-12T17:46:41.758]Completed Shot 4, state 11
6734.685074 seconds (5.82 G allocations: 22.809 TiB, 19.28% gc time)
[2023-01-12T17:46:42.168]Completed Shot 4, state 7
6738.180625 seconds (5.82 G allocations: 22.824 TiB, 19.27% gc time)
[2023-01-12T17:46:45.667]Completed Shot 4, state 36
6742.882501 seconds (5.82 G allocations: 22.832 TiB, 19.30% gc time)
[2023-01-12T17:46:50.367]Completed Shot 4, state 26
6743.487098 seconds (5.82 G allocations: 22.835 TiB, 19.30% gc time)
[2023-01-12T17:46:50.974]Completed Shot 4, state 42
6743.825509 seconds (5.82 G allocations: 22.836 TiB, 19.30% gc time)
[2023-01-12T17:46:51.308]Completed Shot 4, state 9
6744.078940 seconds (5.82 G allocations: 22.837 TiB, 19.30% gc time)
[2023-01-12T17:46:51.564]Completed Shot 4, state 24
6744.171863 seconds (5.82 G allocations: 22.837 TiB, 19.30% gc time)
[2023-01-12T17:46:51.657]Completed Shot 4, state 30
6746.285988 seconds (5.83 G allocations: 22.846 TiB, 19.29% gc time)
[2023-01-12T17:46:53.770]Completed Shot 4, state 17
6746.632692 seconds (5.83 G allocations: 22.847 TiB, 19.29% gc time)
[2023-01-12T17:46:54.119]Completed Shot 4, state 47
6747.158899 seconds (5.83 G allocations: 22.849 TiB, 19.29% gc time)
[2023-01-12T17:46:54.644]Completed Shot 4, state 34
6747.396944 seconds (5.83 G allocations: 22.850 TiB, 19.29% gc time)
[2023-01-12T17:46:54.881]Completed Shot 4, state 20
6747.695632 seconds (5.83 G allocations: 22.851 TiB, 19.29% gc time)
[2023-01-12T17:46:55.179]Completed Shot 4, state 10
6748.546692 seconds (5.83 G allocations: 22.855 TiB, 19.28% gc time)
[2023-01-12T17:46:56.031]Completed Shot 4, state 25
6751.678005 seconds (5.83 G allocations: 22.859 TiB, 19.30% gc time)
[2023-01-12T17:46:59.160]Completed Shot 4, state 5
6752.331798 seconds (5.83 G allocations: 22.862 TiB, 19.30% gc time)
[2023-01-12T17:46:59.815]Completed Shot 4, state 15
6752.350179 seconds (5.83 G allocations: 22.862 TiB, 19.30% gc time)
[2023-01-12T17:46:59.835]Completed Shot 4, state 31
6753.664998 seconds (5.83 G allocations: 22.866 TiB, 19.30% gc time)
[2023-01-12T17:47:01.151]Completed Shot 4, state 40
6753.827902 seconds (5.83 G allocations: 22.867 TiB, 19.30% gc time)
[2023-01-12T17:47:01.314]Completed Shot 4, state 43
6754.482170 seconds (5.83 G allocations: 22.869 TiB, 19.29% gc time)
[2023-01-12T17:47:01.967]Completed Shot 4, state 33
6755.001765 seconds (5.83 G allocations: 22.871 TiB, 19.29% gc time)
[2023-01-12T17:47:02.488]Completed Shot 4, state 50
6755.542010 seconds (5.83 G allocations: 22.873 TiB, 19.29% gc time)
[2023-01-12T17:47:03.027]Completed Shot 4, state 27
6755.869400 seconds (5.83 G allocations: 22.874 TiB, 19.29% gc time)
[2023-01-12T17:47:03.354]Completed Shot 4, state 16
6756.724382 seconds (5.84 G allocations: 22.877 TiB, 19.29% gc time)
[2023-01-12T17:47:04.210]Completed Shot 4, state 44
6757.418891 seconds (5.84 G allocations: 22.879 TiB, 19.29% gc time)
[2023-01-12T17:47:04.901]Completed Shot 4, state 4
6760.202829 seconds (5.84 G allocations: 22.883 TiB, 19.30% gc time)
[2023-01-12T17:47:07.688]Completed Shot 4, state 37
6762.096204 seconds (5.84 G allocations: 22.888 TiB, 19.29% gc time)
[2023-01-12T17:47:09.580]Completed Shot 4, state 14
6762.360128 seconds (5.84 G allocations: 22.889 TiB, 19.29% gc time)
[2023-01-12T17:47:09.842]Completed Shot 4, state 3
6762.901945 seconds (5.84 G allocations: 22.890 TiB, 19.29% gc time)
[2023-01-12T17:47:10.388]Completed Shot 4, state 48
6763.446118 seconds (5.84 G allocations: 22.891 TiB, 19.29% gc time)
[2023-01-12T17:47:10.929]Completed Shot 4, state 8
6764.458590 seconds (5.84 G allocations: 22.894 TiB, 19.28% gc time)
[2023-01-12T17:47:11.944]Completed Shot 4, state 35
6765.066773 seconds (5.84 G allocations: 22.895 TiB, 19.28% gc time)
[2023-01-12T17:47:12.552]Completed Shot 4, state 29
6765.453474 seconds (5.84 G allocations: 22.896 TiB, 19.28% gc time)
[2023-01-12T17:47:12.939]Completed Shot 4, state 49
6767.897748 seconds (5.84 G allocations: 22.899 TiB, 19.28% gc time)
[2023-01-12T17:47:15.384]Completed Shot 4, state 46
6768.071186 seconds (5.84 G allocations: 22.899 TiB, 19.28% gc time)
[2023-01-12T17:47:15.557]Completed Shot 4, state 39
6768.372553 seconds (5.84 G allocations: 22.899 TiB, 19.28% gc time)
[2023-01-12T17:47:15.859]Completed Shot 4, state 45
6768.536756 seconds (5.84 G allocations: 22.899 TiB, 19.28% gc time)
[2023-01-12T17:47:16.021]Completed Shot 4, state 21
6768.700508 seconds (5.84 G allocations: 22.900 TiB, 19.28% gc time)
[2023-01-12T17:47:16.186]Completed Shot 4, state 41
6770.579277 seconds (5.84 G allocations: 22.901 TiB, 19.27% gc time)
[2023-01-12T17:47:18.062]Completed Shot 4, state 12
6771.374140 seconds (5.84 G allocations: 22.901 TiB, 19.27% gc time)
[2023-01-12T17:47:18.858]Completed Shot 4, state 19
6771.685770 seconds (5.84 G allocations: 22.901 TiB, 19.27% gc time)
[2023-01-12T17:47:19.171]Completed Shot 4, state 32
6776.428744 seconds (5.84 G allocations: 22.902 TiB, 19.26% gc time)
[2023-01-12T17:47:23.914]Completed Shot 4, state 38
7205.860981 seconds (5.76 G allocations: 22.637 TiB, 17.91% gc time)
[2023-01-12T19:47:29.780]Completed Shot 5, state 17
7207.934004 seconds (5.76 G allocations: 22.646 TiB, 17.90% gc time)
[2023-01-12T19:47:31.855]Completed Shot 5, state 43
7210.095483 seconds (5.77 G allocations: 22.655 TiB, 17.90% gc time)
[2023-01-12T19:47:34.015]Completed Shot 5, state 30
7214.075569 seconds (5.77 G allocations: 22.673 TiB, 17.89% gc time)
[2023-01-12T19:47:37.993]Completed Shot 5, state 8
7215.510258 seconds (5.77 G allocations: 22.679 TiB, 17.89% gc time)
[2023-01-12T19:47:39.432]Completed Shot 5, state 44
7225.031964 seconds (5.78 G allocations: 22.701 TiB, 17.92% gc time)
[2023-01-12T19:47:48.952]Completed Shot 5, state 38
7227.282557 seconds (5.78 G allocations: 22.711 TiB, 17.92% gc time)
[2023-01-12T19:47:51.200]Completed Shot 5, state 5
7230.474219 seconds (5.78 G allocations: 22.724 TiB, 17.91% gc time)
[2023-01-12T19:47:54.393]Completed Shot 5, state 16
7231.625409 seconds (5.79 G allocations: 22.729 TiB, 17.90% gc time)
[2023-01-12T19:47:55.543]Completed Shot 5, state 4
7232.045947 seconds (5.79 G allocations: 22.731 TiB, 17.90% gc time)
[2023-01-12T19:47:55.967]Completed Shot 5, state 49
7234.702143 seconds (5.79 G allocations: 22.742 TiB, 17.90% gc time)
[2023-01-12T19:47:58.623]Completed Shot 5, state 46
7234.707473 seconds (5.79 G allocations: 22.742 TiB, 17.90% gc time)
[2023-01-12T19:47:58.625]Completed Shot 5, state 11
7236.435952 seconds (5.79 G allocations: 22.748 TiB, 17.89% gc time)
[2023-01-12T19:48:00.356]Completed Shot 5, state 32
7238.233441 seconds (5.79 G allocations: 22.754 TiB, 17.89% gc time)
[2023-01-12T19:48:02.151]Completed Shot 5, state 1
7238.394076 seconds (5.79 G allocations: 22.754 TiB, 17.89% gc time)
[2023-01-12T19:48:02.314]Completed Shot 5, state 27
7238.427397 seconds (5.79 G allocations: 22.754 TiB, 17.89% gc time)
[2023-01-12T19:48:02.345]Completed Shot 5, state 10
7243.003829 seconds (5.79 G allocations: 22.756 TiB, 17.93% gc time)
[2023-01-12T19:48:06.923]Completed Shot 5, state 22
7243.860718 seconds (5.79 G allocations: 22.759 TiB, 17.93% gc time)
[2023-01-12T19:48:07.780]Completed Shot 5, state 18
7246.768798 seconds (5.80 G allocations: 22.770 TiB, 17.92% gc time)
[2023-01-12T19:48:10.689]Completed Shot 5, state 36
7246.980045 seconds (5.80 G allocations: 22.771 TiB, 17.92% gc time)
[2023-01-12T19:48:10.899]Completed Shot 5, state 20
7247.023828 seconds (5.80 G allocations: 22.771 TiB, 17.92% gc time)
[2023-01-12T19:48:10.943]Completed Shot 5, state 23
7248.508966 seconds (5.80 G allocations: 22.777 TiB, 17.92% gc time)
[2023-01-12T19:48:12.429]Completed Shot 5, state 39
7248.707414 seconds (5.80 G allocations: 22.778 TiB, 17.92% gc time)
[2023-01-12T19:48:12.627]Completed Shot 5, state 25
7249.919206 seconds (5.80 G allocations: 22.782 TiB, 17.91% gc time)
[2023-01-12T19:48:13.839]Completed Shot 5, state 29
7251.057251 seconds (5.80 G allocations: 22.787 TiB, 17.91% gc time)
[2023-01-12T19:48:14.978]Completed Shot 5, state 47
7257.254281 seconds (5.80 G allocations: 22.798 TiB, 17.93% gc time)
[2023-01-12T19:48:21.174]Completed Shot 5, state 34
7257.614981 seconds (5.80 G allocations: 22.799 TiB, 17.93% gc time)
[2023-01-12T19:48:21.533]Completed Shot 5, state 13
7258.934528 seconds (5.81 G allocations: 22.804 TiB, 17.92% gc time)
[2023-01-12T19:48:22.851]Completed Shot 5, state 3
7259.099266 seconds (5.81 G allocations: 22.804 TiB, 17.92% gc time)
[2023-01-12T19:48:23.020]Completed Shot 5, state 45
7259.225260 seconds (5.81 G allocations: 22.805 TiB, 17.92% gc time)
[2023-01-12T19:48:23.145]Completed Shot 5, state 37
7261.480468 seconds (5.81 G allocations: 22.811 TiB, 17.92% gc time)
[2023-01-12T19:48:25.398]Completed Shot 5, state 12
7262.926216 seconds (5.81 G allocations: 22.816 TiB, 17.91% gc time)
[2023-01-12T19:48:26.846]Completed Shot 5, state 35
7263.426928 seconds (5.81 G allocations: 22.817 TiB, 17.91% gc time)
[2023-01-12T19:48:27.344]Completed Shot 5, state 2
7265.591116 seconds (5.81 G allocations: 22.823 TiB, 17.91% gc time)
[2023-01-12T19:48:29.509]Completed Shot 5, state 15
7265.601231 seconds (5.81 G allocations: 22.823 TiB, 17.91% gc time)
[2023-01-12T19:48:29.520]Completed Shot 5, state 21
7268.249192 seconds (5.81 G allocations: 22.825 TiB, 17.92% gc time)
[2023-01-12T19:48:32.169]Completed Shot 5, state 42
7268.347949 seconds (5.81 G allocations: 22.826 TiB, 17.92% gc time)
[2023-01-12T19:48:32.265]Completed Shot 5, state 6
7271.436956 seconds (5.81 G allocations: 22.834 TiB, 17.91% gc time)
[2023-01-12T19:48:35.356]Completed Shot 5, state 28
7272.715270 seconds (5.81 G allocations: 22.837 TiB, 17.91% gc time)
[2023-01-12T19:48:36.635]Completed Shot 5, state 26
7276.563690 seconds (5.82 G allocations: 22.843 TiB, 17.92% gc time)
[2023-01-12T19:48:40.483]Completed Shot 5, state 33
7276.889166 seconds (5.82 G allocations: 22.843 TiB, 17.92% gc time)
[2023-01-12T19:48:40.807]Completed Shot 5, state 9
7277.592229 seconds (5.82 G allocations: 22.845 TiB, 17.91% gc time)
[2023-01-12T19:48:41.513]Completed Shot 5, state 48
7277.946153 seconds (5.82 G allocations: 22.845 TiB, 17.91% gc time)
[2023-01-12T19:48:41.866]Completed Shot 5, state 40
7278.530535 seconds (5.82 G allocations: 22.846 TiB, 17.91% gc time)
[2023-01-12T19:48:42.450]Completed Shot 5, state 24
  Activating project at `/gpfs/bwfor/work/ws/hd_ku269-light_cones/WorkingFolder`
7278.862971 seconds (5.82 G allocations: 22.847 TiB, 17.91% gc time)
[2023-01-12T19:48:42.785]Completed Shot 5, state 50
7279.116961 seconds (5.82 G allocations: 22.847 TiB, 17.91% gc time)
[2023-01-12T19:48:43.036]Completed Shot 5, state 19
7280.085230 seconds (5.82 G allocations: 22.848 TiB, 17.91% gc time)
[2023-01-12T19:48:44.005]Completed Shot 5, state 31
7281.937273 seconds (5.82 G allocations: 22.849 TiB, 17.90% gc time)
[2023-01-12T19:48:45.854]Completed Shot 5, state 7
7285.290810 seconds (5.82 G allocations: 22.849 TiB, 17.90% gc time)
[2023-01-12T19:48:49.209]Completed Shot 5, state 14
7294.212079 seconds (5.82 G allocations: 22.851 TiB, 17.88% gc time)
[2023-01-12T19:48:58.132]Completed Shot 5, state 41
6928.968024 seconds (5.85 G allocations: 22.848 TiB, 19.16% gc time)
[2023-01-12T21:44:27.104]Completed Shot 6, state 11
6934.855218 seconds (5.86 G allocations: 22.875 TiB, 19.14% gc time)
[2023-01-12T21:44:32.996]Completed Shot 6, state 46
6937.791478 seconds (5.86 G allocations: 22.889 TiB, 19.13% gc time)
[2023-01-12T21:44:35.930]Completed Shot 6, state 25
6940.600335 seconds (5.87 G allocations: 22.902 TiB, 19.12% gc time)
[2023-01-12T21:44:38.740]Completed Shot 6, state 33
6944.652203 seconds (5.87 G allocations: 22.920 TiB, 19.11% gc time)
[2023-01-12T21:44:42.793]Completed Shot 6, state 44
6945.580617 seconds (5.87 G allocations: 22.924 TiB, 19.11% gc time)
[2023-01-12T21:44:43.716]Completed Shot 6, state 16
6954.313942 seconds (5.88 G allocations: 22.937 TiB, 19.17% gc time)
[2023-01-12T21:44:52.451]Completed Shot 6, state 20
6955.506484 seconds (5.88 G allocations: 22.943 TiB, 19.16% gc time)
[2023-01-12T21:44:53.645]Completed Shot 6, state 29
6955.717138 seconds (5.88 G allocations: 22.944 TiB, 19.16% gc time)
[2023-01-12T21:44:53.858]Completed Shot 6, state 48
6957.363080 seconds (5.88 G allocations: 22.952 TiB, 19.16% gc time)
[2023-01-12T21:44:55.497]Completed Shot 6, state 7
6958.515732 seconds (5.88 G allocations: 22.957 TiB, 19.15% gc time)
[2023-01-12T21:44:56.653]Completed Shot 6, state 21
6960.729088 seconds (5.89 G allocations: 22.967 TiB, 19.15% gc time)
[2023-01-12T21:44:58.870]Completed Shot 6, state 49
6961.895748 seconds (5.89 G allocations: 22.972 TiB, 19.14% gc time)
[2023-01-12T21:45:00.036]Completed Shot 6, state 31
6961.958185 seconds (5.89 G allocations: 22.972 TiB, 19.14% gc time)
[2023-01-12T21:45:00.099]Completed Shot 6, state 39
6962.601940 seconds (5.89 G allocations: 22.975 TiB, 19.14% gc time)
[2023-01-12T21:45:00.738]Completed Shot 6, state 18
6964.031561 seconds (5.89 G allocations: 22.981 TiB, 19.14% gc time)
[2023-01-12T21:45:02.167]Completed Shot 6, state 12
6965.418523 seconds (5.89 G allocations: 22.987 TiB, 19.14% gc time)
[2023-01-12T21:45:03.559]Completed Shot 6, state 30
6965.656180 seconds (5.89 G allocations: 22.988 TiB, 19.13% gc time)
[2023-01-12T21:45:03.791]Completed Shot 6, state 8
6965.761307 seconds (5.89 G allocations: 22.989 TiB, 19.13% gc time)
[2023-01-12T21:45:03.902]Completed Shot 6, state 42
6965.894393 seconds (5.89 G allocations: 22.989 TiB, 19.13% gc time)
[2023-01-12T21:45:04.032]Completed Shot 6, state 26
6966.182013 seconds (5.89 G allocations: 22.990 TiB, 19.13% gc time)
[2023-01-12T21:45:04.317]Completed Shot 6, state 14
6966.446413 seconds (5.89 G allocations: 22.991 TiB, 19.13% gc time)
[2023-01-12T21:45:04.581]Completed Shot 6, state 5
6966.715729 seconds (5.89 G allocations: 22.992 TiB, 19.13% gc time)
[2023-01-12T21:45:04.854]Completed Shot 6, state 27
6966.824292 seconds (5.89 G allocations: 22.993 TiB, 19.13% gc time)
[2023-01-12T21:45:04.963]Completed Shot 6, state 28
6967.174687 seconds (5.89 G allocations: 22.994 TiB, 19.13% gc time)
[2023-01-12T21:45:05.315]Completed Shot 6, state 45
6973.663393 seconds (5.90 G allocations: 23.002 TiB, 19.17% gc time)
[2023-01-12T21:45:11.803]Completed Shot 6, state 32
6974.383560 seconds (5.90 G allocations: 23.005 TiB, 19.17% gc time)
[2023-01-12T21:45:12.524]Completed Shot 6, state 43
6974.624345 seconds (5.90 G allocations: 23.006 TiB, 19.17% gc time)
[2023-01-12T21:45:12.761]Completed Shot 6, state 19
6975.793302 seconds (5.90 G allocations: 23.010 TiB, 19.16% gc time)
[2023-01-12T21:45:13.933]Completed Shot 6, state 36
6976.281815 seconds (5.90 G allocations: 23.012 TiB, 19.16% gc time)
[2023-01-12T21:45:14.422]Completed Shot 6, state 37
6977.676170 seconds (5.90 G allocations: 23.017 TiB, 19.16% gc time)
[2023-01-12T21:45:15.811]Completed Shot 6, state 10
6978.415138 seconds (5.90 G allocations: 23.019 TiB, 19.16% gc time)
[2023-01-12T21:45:16.556]Completed Shot 6, state 40
6979.616968 seconds (5.90 G allocations: 23.023 TiB, 19.15% gc time)
[2023-01-12T21:45:17.751]Completed Shot 6, state 2
6979.719439 seconds (5.90 G allocations: 23.023 TiB, 19.15% gc time)
[2023-01-12T21:45:17.857]Completed Shot 6, state 22
6980.795325 seconds (5.90 G allocations: 23.026 TiB, 19.15% gc time)
[2023-01-12T21:45:18.936]Completed Shot 6, state 50
6982.393584 seconds (5.90 G allocations: 23.031 TiB, 19.15% gc time)
[2023-01-12T21:45:20.528]Completed Shot 6, state 6
6982.747309 seconds (5.90 G allocations: 23.032 TiB, 19.14% gc time)
[2023-01-12T21:45:20.882]Completed Shot 6, state 9
6984.889729 seconds (5.90 G allocations: 23.033 TiB, 19.16% gc time)
[2023-01-12T21:45:23.025]Completed Shot 6, state 17
6985.682494 seconds (5.90 G allocations: 23.035 TiB, 19.16% gc time)
[2023-01-12T21:45:23.817]Completed Shot 6, state 13
6986.267856 seconds (5.90 G allocations: 23.036 TiB, 19.16% gc time)
[2023-01-12T21:45:24.402]Completed Shot 6, state 4
6986.823352 seconds (5.90 G allocations: 23.038 TiB, 19.16% gc time)
[2023-01-12T21:45:24.961]Completed Shot 6, state 24
6987.375349 seconds (5.91 G allocations: 23.039 TiB, 19.15% gc time)
[2023-01-12T21:45:25.509]Completed Shot 6, state 1
6989.430378 seconds (5.91 G allocations: 23.042 TiB, 19.15% gc time)
[2023-01-12T21:45:27.571]Completed Shot 6, state 38
6990.521370 seconds (5.91 G allocations: 23.044 TiB, 19.15% gc time)
[2023-01-12T21:45:28.662]Completed Shot 6, state 41
6991.389071 seconds (5.91 G allocations: 23.045 TiB, 19.14% gc time)
[2023-01-12T21:45:29.526]Completed Shot 6, state 23
6992.850398 seconds (5.91 G allocations: 23.046 TiB, 19.14% gc time)
[2023-01-12T21:45:30.990]Completed Shot 6, state 34
6993.205755 seconds (5.91 G allocations: 23.046 TiB, 19.14% gc time)
[2023-01-12T21:45:31.340]Completed Shot 6, state 3
6995.120813 seconds (5.91 G allocations: 23.047 TiB, 19.14% gc time)
[2023-01-12T21:45:33.256]Completed Shot 6, state 15
6998.323597 seconds (5.91 G allocations: 23.048 TiB, 19.13% gc time)
[2023-01-12T21:45:36.464]Completed Shot 6, state 47
7001.923240 seconds (5.91 G allocations: 23.048 TiB, 19.12% gc time)
[2023-01-12T21:45:40.063]Completed Shot 6, state 35
6756.465307 seconds (5.86 G allocations: 22.902 TiB, 21.34% gc time)
[2023-01-12T23:38:16.534]Completed Shot 7, state 41
6756.855614 seconds (5.86 G allocations: 22.904 TiB, 21.34% gc time)
[2023-01-12T23:38:16.924]Completed Shot 7, state 31
6757.176808 seconds (5.86 G allocations: 22.905 TiB, 21.34% gc time)
[2023-01-12T23:38:17.244]Completed Shot 7, state 28
6757.807318 seconds (5.86 G allocations: 22.908 TiB, 21.34% gc time)
[2023-01-12T23:38:17.876]Completed Shot 7, state 45
6759.673183 seconds (5.86 G allocations: 22.917 TiB, 21.33% gc time)
[2023-01-12T23:38:19.740]Completed Shot 7, state 25
6762.947168 seconds (5.87 G allocations: 22.931 TiB, 21.32% gc time)
[2023-01-12T23:38:23.014]Completed Shot 7, state 16
6763.729374 seconds (5.87 G allocations: 22.935 TiB, 21.32% gc time)
[2023-01-12T23:38:23.795]Completed Shot 7, state 1
6764.603605 seconds (5.87 G allocations: 22.939 TiB, 21.32% gc time)
[2023-01-12T23:38:24.672]Completed Shot 7, state 37
6766.756532 seconds (5.87 G allocations: 22.948 TiB, 21.31% gc time)
[2023-01-12T23:38:26.824]Completed Shot 7, state 35
6767.301173 seconds (5.87 G allocations: 22.951 TiB, 21.31% gc time)
[2023-01-12T23:38:27.369]Completed Shot 7, state 32
6767.548434 seconds (5.87 G allocations: 22.952 TiB, 21.31% gc time)
[2023-01-12T23:38:27.617]Completed Shot 7, state 46
6768.237684 seconds (5.87 G allocations: 22.955 TiB, 21.30% gc time)
[2023-01-12T23:38:28.305]Completed Shot 7, state 19
6768.306095 seconds (5.87 G allocations: 22.955 TiB, 21.30% gc time)
[2023-01-12T23:38:28.374]Completed Shot 7, state 26
6768.510798 seconds (5.87 G allocations: 22.956 TiB, 21.30% gc time)
[2023-01-12T23:38:28.578]Completed Shot 7, state 33
6768.560080 seconds (5.87 G allocations: 22.956 TiB, 21.30% gc time)
[2023-01-12T23:38:28.625]Completed Shot 7, state 4
6769.608113 seconds (5.87 G allocations: 22.961 TiB, 21.30% gc time)
[2023-01-12T23:38:29.677]Completed Shot 7, state 50
6770.015138 seconds (5.87 G allocations: 22.963 TiB, 21.30% gc time)
[2023-01-12T23:38:30.081]Completed Shot 7, state 9
6770.437053 seconds (5.87 G allocations: 22.965 TiB, 21.30% gc time)
[2023-01-12T23:38:30.504]Completed Shot 7, state 23
6770.537710 seconds (5.87 G allocations: 22.965 TiB, 21.30% gc time)
[2023-01-12T23:38:30.603]Completed Shot 7, state 8
6770.604066 seconds (5.87 G allocations: 22.965 TiB, 21.30% gc time)
[2023-01-12T23:38:30.670]Completed Shot 7, state 15
6771.416321 seconds (5.88 G allocations: 22.969 TiB, 21.29% gc time)
[2023-01-12T23:38:31.482]Completed Shot 7, state 5
6771.534875 seconds (5.88 G allocations: 22.969 TiB, 21.29% gc time)
[2023-01-12T23:38:31.603]Completed Shot 7, state 40
6771.981051 seconds (5.88 G allocations: 22.971 TiB, 21.29% gc time)
[2023-01-12T23:38:32.047]Completed Shot 7, state 14
6772.985171 seconds (5.88 G allocations: 22.975 TiB, 21.29% gc time)
[2023-01-12T23:38:33.053]Completed Shot 7, state 36
6773.645004 seconds (5.88 G allocations: 22.977 TiB, 21.29% gc time)
[2023-01-12T23:38:33.713]Completed Shot 7, state 38
6779.615668 seconds (5.88 G allocations: 22.980 TiB, 21.34% gc time)
[2023-01-12T23:38:39.683]Completed Shot 7, state 30
6779.693700 seconds (5.88 G allocations: 22.980 TiB, 21.34% gc time)
[2023-01-12T23:38:39.762]Completed Shot 7, state 48
6780.163378 seconds (5.88 G allocations: 22.982 TiB, 21.34% gc time)
[2023-01-12T23:38:40.229]Completed Shot 7, state 11
6780.599574 seconds (5.88 G allocations: 22.983 TiB, 21.34% gc time)
[2023-01-12T23:38:40.666]Completed Shot 7, state 24
6780.676771 seconds (5.88 G allocations: 22.983 TiB, 21.34% gc time)
[2023-01-12T23:38:40.745]Completed Shot 7, state 42
6780.707156 seconds (5.88 G allocations: 22.984 TiB, 21.34% gc time)
[2023-01-12T23:38:40.776]Completed Shot 7, state 44
6780.726218 seconds (5.88 G allocations: 22.984 TiB, 21.34% gc time)
[2023-01-12T23:38:40.794]Completed Shot 7, state 34
6781.075704 seconds (5.88 G allocations: 22.985 TiB, 21.34% gc time)
[2023-01-12T23:38:41.142]Completed Shot 7, state 18
6781.415570 seconds (5.88 G allocations: 22.986 TiB, 21.34% gc time)
[2023-01-12T23:38:41.484]Completed Shot 7, state 39
6781.770151 seconds (5.88 G allocations: 22.987 TiB, 21.34% gc time)
[2023-01-12T23:38:41.835]Completed Shot 7, state 7
6781.796334 seconds (5.88 G allocations: 22.987 TiB, 21.34% gc time)
[2023-01-12T23:38:41.863]Completed Shot 7, state 20
6781.946379 seconds (5.88 G allocations: 22.987 TiB, 21.34% gc time)
[2023-01-12T23:38:42.012]Completed Shot 7, state 6
6782.310982 seconds (5.88 G allocations: 22.988 TiB, 21.33% gc time)
[2023-01-12T23:38:42.379]Completed Shot 7, state 47
6782.517101 seconds (5.88 G allocations: 22.988 TiB, 21.33% gc time)
[2023-01-12T23:38:42.583]Completed Shot 7, state 12
6782.565688 seconds (5.88 G allocations: 22.989 TiB, 21.33% gc time)
[2023-01-12T23:38:42.632]Completed Shot 7, state 17
6782.567968 seconds (5.88 G allocations: 22.989 TiB, 21.33% gc time)
[2023-01-12T23:38:42.635]Completed Shot 7, state 27
6783.065415 seconds (5.88 G allocations: 22.989 TiB, 21.33% gc time)
[2023-01-12T23:38:43.134]Completed Shot 7, state 43
6783.431544 seconds (5.88 G allocations: 22.990 TiB, 21.33% gc time)
[2023-01-12T23:38:43.500]Completed Shot 7, state 49
6784.398190 seconds (5.88 G allocations: 22.991 TiB, 21.33% gc time)
[2023-01-12T23:38:44.464]Completed Shot 7, state 13
6785.241763 seconds (5.88 G allocations: 22.992 TiB, 21.33% gc time)
[2023-01-12T23:38:45.308]Completed Shot 7, state 22
6785.272698 seconds (5.88 G allocations: 22.992 TiB, 21.32% gc time)
[2023-01-12T23:38:45.338]Completed Shot 7, state 10
6785.276768 seconds (5.88 G allocations: 22.992 TiB, 21.32% gc time)
[2023-01-12T23:38:45.344]Completed Shot 7, state 29
6787.019066 seconds (5.88 G allocations: 22.993 TiB, 21.32% gc time)
[2023-01-12T23:38:47.084]Completed Shot 7, state 2
6787.819538 seconds (5.88 G allocations: 22.993 TiB, 21.32% gc time)
[2023-01-12T23:38:47.886]Completed Shot 7, state 21
6792.455949 seconds (5.88 G allocations: 22.994 TiB, 21.31% gc time)
[2023-01-12T23:38:52.521]Completed Shot 7, state 3
6659.292359 seconds (6.00 G allocations: 23.220 TiB, 20.28% gc time)
[2023-01-13T01:29:51.817]Completed Shot 8, state 7
6659.391705 seconds (6.00 G allocations: 23.220 TiB, 20.28% gc time)
[2023-01-13T01:29:51.917]Completed Shot 8, state 9
6659.686461 seconds (6.00 G allocations: 23.221 TiB, 20.28% gc time)
[2023-01-13T01:29:52.214]Completed Shot 8, state 38
6660.362713 seconds (6.00 G allocations: 23.224 TiB, 20.28% gc time)
[2023-01-13T01:29:52.890]Completed Shot 8, state 23
6664.225502 seconds (6.00 G allocations: 23.240 TiB, 20.27% gc time)
[2023-01-13T01:29:56.753]Completed Shot 8, state 34
6664.255625 seconds (6.00 G allocations: 23.241 TiB, 20.27% gc time)
[2023-01-13T01:29:56.783]Completed Shot 8, state 42
6664.271933 seconds (6.00 G allocations: 23.241 TiB, 20.27% gc time)
[2023-01-13T01:29:56.800]Completed Shot 8, state 46
6664.929600 seconds (6.00 G allocations: 23.243 TiB, 20.27% gc time)
[2023-01-13T01:29:57.457]Completed Shot 8, state 37
6667.202636 seconds (6.01 G allocations: 23.253 TiB, 20.27% gc time)
[2023-01-13T01:29:59.727]Completed Shot 8, state 4
6667.421399 seconds (6.01 G allocations: 23.253 TiB, 20.27% gc time)
[2023-01-13T01:29:59.947]Completed Shot 8, state 11
6667.720203 seconds (6.01 G allocations: 23.255 TiB, 20.27% gc time)
[2023-01-13T01:30:00.248]Completed Shot 8, state 47
6670.125848 seconds (6.01 G allocations: 23.264 TiB, 20.26% gc time)
[2023-01-13T01:30:02.652]Completed Shot 8, state 28
6670.545512 seconds (6.01 G allocations: 23.266 TiB, 20.26% gc time)
[2023-01-13T01:30:03.073]Completed Shot 8, state 26
6671.079576 seconds (6.01 G allocations: 23.268 TiB, 20.26% gc time)
[2023-01-13T01:30:03.605]Completed Shot 8, state 8
6671.873290 seconds (6.01 G allocations: 23.271 TiB, 20.26% gc time)
[2023-01-13T01:30:04.398]Completed Shot 8, state 3
6672.583674 seconds (6.01 G allocations: 23.274 TiB, 20.26% gc time)
[2023-01-13T01:30:05.110]Completed Shot 8, state 20
6673.215141 seconds (6.01 G allocations: 23.276 TiB, 20.26% gc time)
[2023-01-13T01:30:05.742]Completed Shot 8, state 41
6673.322288 seconds (6.01 G allocations: 23.276 TiB, 20.26% gc time)
[2023-01-13T01:30:05.848]Completed Shot 8, state 17
6673.555917 seconds (6.01 G allocations: 23.277 TiB, 20.26% gc time)
[2023-01-13T01:30:06.083]Completed Shot 8, state 30
6673.656793 seconds (6.01 G allocations: 23.278 TiB, 20.26% gc time)
[2023-01-13T01:30:06.184]Completed Shot 8, state 40
6673.997730 seconds (6.01 G allocations: 23.279 TiB, 20.25% gc time)
[2023-01-13T01:30:06.525]Completed Shot 8, state 32
6674.197059 seconds (6.01 G allocations: 23.280 TiB, 20.25% gc time)
[2023-01-13T01:30:06.724]Completed Shot 8, state 39
6674.252130 seconds (6.01 G allocations: 23.280 TiB, 20.25% gc time)
[2023-01-13T01:30:06.779]Completed Shot 8, state 19
6674.362735 seconds (6.01 G allocations: 23.280 TiB, 20.25% gc time)
[2023-01-13T01:30:06.889]Completed Shot 8, state 22
6674.946691 seconds (6.02 G allocations: 23.282 TiB, 20.25% gc time)
[2023-01-13T01:30:07.471]Completed Shot 8, state 2
6675.075900 seconds (6.02 G allocations: 23.283 TiB, 20.25% gc time)
[2023-01-13T01:30:07.603]Completed Shot 8, state 48
6675.122214 seconds (6.02 G allocations: 23.283 TiB, 20.25% gc time)
[2023-01-13T01:30:07.650]Completed Shot 8, state 44
6675.564932 seconds (6.02 G allocations: 23.284 TiB, 20.25% gc time)
[2023-01-13T01:30:08.091]Completed Shot 8, state 15
6675.628422 seconds (6.02 G allocations: 23.285 TiB, 20.25% gc time)
[2023-01-13T01:30:08.154]Completed Shot 8, state 14
6675.817003 seconds (6.02 G allocations: 23.285 TiB, 20.25% gc time)
[2023-01-13T01:30:08.342]Completed Shot 8, state 13
6676.994022 seconds (6.02 G allocations: 23.289 TiB, 20.25% gc time)
[2023-01-13T01:30:09.521]Completed Shot 8, state 45
6677.175322 seconds (6.02 G allocations: 23.289 TiB, 20.25% gc time)
[2023-01-13T01:30:09.700]Completed Shot 8, state 1
6677.406421 seconds (6.02 G allocations: 23.290 TiB, 20.25% gc time)
[2023-01-13T01:30:09.933]Completed Shot 8, state 27
6677.528934 seconds (6.02 G allocations: 23.291 TiB, 20.25% gc time)
[2023-01-13T01:30:10.055]Completed Shot 8, state 16
6677.883837 seconds (6.02 G allocations: 23.292 TiB, 20.25% gc time)
[2023-01-13T01:30:10.411]Completed Shot 8, state 43
6678.374571 seconds (6.02 G allocations: 23.293 TiB, 20.25% gc time)
[2023-01-13T01:30:10.899]Completed Shot 8, state 6
6678.963490 seconds (6.02 G allocations: 23.294 TiB, 20.25% gc time)
[2023-01-13T01:30:11.489]Completed Shot 8, state 10
6678.962368 seconds (6.02 G allocations: 23.294 TiB, 20.25% gc time)
[2023-01-13T01:30:11.489]Completed Shot 8, state 36
6679.341552 seconds (6.02 G allocations: 23.295 TiB, 20.24% gc time)
[2023-01-13T01:30:11.868]Completed Shot 8, state 25
6679.650858 seconds (6.02 G allocations: 23.296 TiB, 20.24% gc time)
[2023-01-13T01:30:12.178]Completed Shot 8, state 33
6680.177401 seconds (6.02 G allocations: 23.297 TiB, 20.24% gc time)
[2023-01-13T01:30:12.704]Completed Shot 8, state 31
6680.316621 seconds (6.02 G allocations: 23.297 TiB, 20.24% gc time)
[2023-01-13T01:30:12.843]Completed Shot 8, state 29
6680.794110 seconds (6.02 G allocations: 23.297 TiB, 20.24% gc time)
[2023-01-13T01:30:13.320]Completed Shot 8, state 24
6681.683887 seconds (6.02 G allocations: 23.298 TiB, 20.24% gc time)
[2023-01-13T01:30:14.210]Completed Shot 8, state 18
6682.482929 seconds (6.02 G allocations: 23.299 TiB, 20.24% gc time)
[2023-01-13T01:30:15.010]Completed Shot 8, state 50
6682.624867 seconds (6.02 G allocations: 23.299 TiB, 20.23% gc time)
[2023-01-13T01:30:15.152]Completed Shot 8, state 49
6682.864209 seconds (6.02 G allocations: 23.299 TiB, 20.23% gc time)
[2023-01-13T01:30:15.389]Completed Shot 8, state 5
6683.201256 seconds (6.02 G allocations: 23.300 TiB, 20.23% gc time)
[2023-01-13T01:30:15.726]Completed Shot 8, state 12
6684.039797 seconds (6.02 G allocations: 23.300 TiB, 20.23% gc time)
[2023-01-13T01:30:16.566]Completed Shot 8, state 21
6685.752492 seconds (6.02 G allocations: 23.300 TiB, 20.23% gc time)
[2023-01-13T01:30:18.279]Completed Shot 8, state 35
5769.076614 seconds (5.90 G allocations: 22.995 TiB, 6.26% gc time)
[2023-01-13T03:06:27.359]Completed Shot 9, state 14
5769.213236 seconds (5.90 G allocations: 22.995 TiB, 6.26% gc time)
[2023-01-13T03:06:27.498]Completed Shot 9, state 42
5770.490603 seconds (5.90 G allocations: 23.000 TiB, 6.26% gc time)
[2023-01-13T03:06:28.774]Completed Shot 9, state 20
5771.196444 seconds (5.90 G allocations: 23.003 TiB, 6.26% gc time)
[2023-01-13T03:06:29.478]Completed Shot 9, state 1
5771.911560 seconds (5.90 G allocations: 23.006 TiB, 6.26% gc time)
[2023-01-13T03:06:30.195]Completed Shot 9, state 24
5772.023165 seconds (5.90 G allocations: 23.006 TiB, 6.26% gc time)
[2023-01-13T03:06:30.305]Completed Shot 9, state 4
5772.568502 seconds (5.90 G allocations: 23.008 TiB, 6.26% gc time)
[2023-01-13T03:06:30.853]Completed Shot 9, state 25
5773.277744 seconds (5.90 G allocations: 23.011 TiB, 6.26% gc time)
[2023-01-13T03:06:31.559]Completed Shot 9, state 5
5773.579332 seconds (5.90 G allocations: 23.012 TiB, 6.26% gc time)
[2023-01-13T03:06:31.864]Completed Shot 9, state 28
5773.745307 seconds (5.90 G allocations: 23.013 TiB, 6.26% gc time)
[2023-01-13T03:06:32.030]Completed Shot 9, state 39
5773.803384 seconds (5.90 G allocations: 23.013 TiB, 6.26% gc time)
[2023-01-13T03:06:32.088]Completed Shot 9, state 35
5774.568579 seconds (5.91 G allocations: 23.016 TiB, 6.26% gc time)
[2023-01-13T03:06:32.853]Completed Shot 9, state 45
5774.657579 seconds (5.91 G allocations: 23.016 TiB, 6.26% gc time)
[2023-01-13T03:06:32.940]Completed Shot 9, state 17
5775.502603 seconds (5.91 G allocations: 23.020 TiB, 6.26% gc time)
[2023-01-13T03:06:33.786]Completed Shot 9, state 18
5775.798959 seconds (5.91 G allocations: 23.021 TiB, 6.26% gc time)
[2023-01-13T03:06:34.082]Completed Shot 9, state 23
5776.112358 seconds (5.91 G allocations: 23.022 TiB, 6.26% gc time)
[2023-01-13T03:06:34.397]Completed Shot 9, state 49
5776.534312 seconds (5.91 G allocations: 23.024 TiB, 6.26% gc time)
[2023-01-13T03:06:34.816]Completed Shot 9, state 7
5777.120849 seconds (5.91 G allocations: 23.026 TiB, 6.26% gc time)
[2023-01-13T03:06:35.405]Completed Shot 9, state 40
5778.123505 seconds (5.91 G allocations: 23.030 TiB, 6.26% gc time)
[2023-01-13T03:06:36.407]Completed Shot 9, state 29
5778.178279 seconds (5.91 G allocations: 23.030 TiB, 6.26% gc time)
[2023-01-13T03:06:36.462]Completed Shot 9, state 30
5778.199441 seconds (5.91 G allocations: 23.030 TiB, 6.26% gc time)
[2023-01-13T03:06:36.485]Completed Shot 9, state 48
5778.585590 seconds (5.91 G allocations: 23.032 TiB, 6.26% gc time)
[2023-01-13T03:06:36.868]Completed Shot 9, state 15
5778.965130 seconds (5.91 G allocations: 23.033 TiB, 6.26% gc time)
[2023-01-13T03:06:37.250]Completed Shot 9, state 37
5779.048141 seconds (5.91 G allocations: 23.033 TiB, 6.26% gc time)
[2023-01-13T03:06:37.331]Completed Shot 9, state 13
5779.318726 seconds (5.91 G allocations: 23.034 TiB, 6.26% gc time)
[2023-01-13T03:06:37.602]Completed Shot 9, state 26
5779.398928 seconds (5.91 G allocations: 23.034 TiB, 6.26% gc time)
[2023-01-13T03:06:37.684]Completed Shot 9, state 47
5779.544510 seconds (5.91 G allocations: 23.035 TiB, 6.26% gc time)
[2023-01-13T03:06:37.827]Completed Shot 9, state 16
5779.760653 seconds (5.91 G allocations: 23.036 TiB, 6.26% gc time)
[2023-01-13T03:06:38.043]Completed Shot 9, state 11
5779.979433 seconds (5.91 G allocations: 23.036 TiB, 6.26% gc time)
[2023-01-13T03:06:38.264]Completed Shot 9, state 38
5779.992189 seconds (5.91 G allocations: 23.036 TiB, 6.26% gc time)
[2023-01-13T03:06:38.276]Completed Shot 9, state 34
5780.222154 seconds (5.91 G allocations: 23.037 TiB, 6.26% gc time)
[2023-01-13T03:06:38.506]Completed Shot 9, state 22
5780.236653 seconds (5.91 G allocations: 23.037 TiB, 6.26% gc time)
[2023-01-13T03:06:38.518]Completed Shot 9, state 3
5780.289229 seconds (5.91 G allocations: 23.037 TiB, 6.26% gc time)
[2023-01-13T03:06:38.596]Completed Shot 9, state 44
5780.312381 seconds (5.91 G allocations: 23.037 TiB, 6.26% gc time)
[2023-01-13T03:06:38.597]Completed Shot 9, state 33
5780.692646 seconds (5.91 G allocations: 23.038 TiB, 6.26% gc time)
[2023-01-13T03:06:38.977]Completed Shot 9, state 43
5780.833322 seconds (5.91 G allocations: 23.039 TiB, 6.26% gc time)
[2023-01-13T03:06:39.117]Completed Shot 9, state 31
5781.218298 seconds (5.91 G allocations: 23.040 TiB, 6.26% gc time)
[2023-01-13T03:06:39.500]Completed Shot 9, state 6
5781.333460 seconds (5.91 G allocations: 23.040 TiB, 6.26% gc time)
[2023-01-13T03:06:39.615]Completed Shot 9, state 2
5781.861125 seconds (5.91 G allocations: 23.041 TiB, 6.26% gc time)
[2023-01-13T03:06:40.145]Completed Shot 9, state 27
5781.892919 seconds (5.91 G allocations: 23.041 TiB, 6.26% gc time)
[2023-01-13T03:06:40.175]Completed Shot 9, state 9
5782.394279 seconds (5.91 G allocations: 23.042 TiB, 6.26% gc time)
[2023-01-13T03:06:40.676]Completed Shot 9, state 10
5782.476512 seconds (5.91 G allocations: 23.042 TiB, 6.26% gc time)
[2023-01-13T03:06:40.758]Completed Shot 9, state 8
5782.927903 seconds (5.91 G allocations: 23.043 TiB, 6.26% gc time)
[2023-01-13T03:06:41.212]Completed Shot 9, state 36
5783.113242 seconds (5.91 G allocations: 23.043 TiB, 6.26% gc time)
[2023-01-13T03:06:41.395]Completed Shot 9, state 12
5784.009894 seconds (5.91 G allocations: 23.044 TiB, 6.26% gc time)
[2023-01-13T03:06:42.293]Completed Shot 9, state 19
5784.145523 seconds (5.91 G allocations: 23.044 TiB, 6.26% gc time)
[2023-01-13T03:06:42.430]Completed Shot 9, state 41
5784.491784 seconds (5.91 G allocations: 23.044 TiB, 6.26% gc time)
[2023-01-13T03:06:42.777]Completed Shot 9, state 46
5785.549000 seconds (5.91 G allocations: 23.045 TiB, 6.26% gc time)
[2023-01-13T03:06:43.833]Completed Shot 9, state 32
5785.771420 seconds (5.91 G allocations: 23.045 TiB, 6.25% gc time)
[2023-01-13T03:06:44.056]Completed Shot 9, state 50
5786.718129 seconds (5.91 G allocations: 23.045 TiB, 6.26% gc time)
[2023-01-13T03:06:45.001]Completed Shot 9, state 21
6034.525552 seconds (5.94 G allocations: 23.057 TiB, 5.76% gc time)
[2023-01-13T04:47:19.529]Completed Shot 10, state 45
6035.518014 seconds (5.94 G allocations: 23.061 TiB, 5.76% gc time)
[2023-01-13T04:47:20.521]Completed Shot 10, state 4
6040.726277 seconds (5.94 G allocations: 23.082 TiB, 5.76% gc time)
[2023-01-13T04:47:25.730]Completed Shot 10, state 46
6042.837921 seconds (5.95 G allocations: 23.091 TiB, 5.76% gc time)
[2023-01-13T04:47:27.842]Completed Shot 10, state 36
6046.089771 seconds (5.95 G allocations: 23.104 TiB, 5.76% gc time)
[2023-01-13T04:47:31.094]Completed Shot 10, state 48
6046.733880 seconds (5.95 G allocations: 23.107 TiB, 5.76% gc time)
[2023-01-13T04:47:31.737]Completed Shot 10, state 23
6046.888409 seconds (5.95 G allocations: 23.107 TiB, 5.76% gc time)
[2023-01-13T04:47:31.891]Completed Shot 10, state 2
6047.983934 seconds (5.95 G allocations: 23.111 TiB, 5.76% gc time)
[2023-01-13T04:47:32.988]Completed Shot 10, state 40
6048.423441 seconds (5.95 G allocations: 23.113 TiB, 5.76% gc time)
[2023-01-13T04:47:33.427]Completed Shot 10, state 17
6048.937437 seconds (5.95 G allocations: 23.115 TiB, 5.76% gc time)
[2023-01-13T04:47:33.941]Completed Shot 10, state 19
6049.345692 seconds (5.95 G allocations: 23.117 TiB, 5.76% gc time)
[2023-01-13T04:47:34.349]Completed Shot 10, state 47
6049.944403 seconds (5.95 G allocations: 23.119 TiB, 5.76% gc time)
[2023-01-13T04:47:34.948]Completed Shot 10, state 15
6050.343866 seconds (5.95 G allocations: 23.121 TiB, 5.76% gc time)
[2023-01-13T04:47:35.347]Completed Shot 10, state 22
6050.692175 seconds (5.96 G allocations: 23.122 TiB, 5.76% gc time)
[2023-01-13T04:47:35.696]Completed Shot 10, state 42
6050.977633 seconds (5.96 G allocations: 23.123 TiB, 5.76% gc time)
[2023-01-13T04:47:35.981]Completed Shot 10, state 3
6054.119358 seconds (5.96 G allocations: 23.135 TiB, 5.76% gc time)
[2023-01-13T04:47:39.123]Completed Shot 10, state 16
6055.178340 seconds (5.96 G allocations: 23.139 TiB, 5.76% gc time)
[2023-01-13T04:47:40.182]Completed Shot 10, state 31
6055.347220 seconds (5.96 G allocations: 23.140 TiB, 5.76% gc time)
[2023-01-13T04:47:40.351]Completed Shot 10, state 27
6055.901194 seconds (5.96 G allocations: 23.142 TiB, 5.76% gc time)
[2023-01-13T04:47:40.905]Completed Shot 10, state 41
6055.950909 seconds (5.96 G allocations: 23.142 TiB, 5.76% gc time)
[2023-01-13T04:47:40.954]Completed Shot 10, state 8
6056.010740 seconds (5.96 G allocations: 23.142 TiB, 5.76% gc time)
[2023-01-13T04:47:41.014]Completed Shot 10, state 34
6056.160317 seconds (5.96 G allocations: 23.143 TiB, 5.76% gc time)
[2023-01-13T04:47:41.164]Completed Shot 10, state 28
6056.286941 seconds (5.96 G allocations: 23.143 TiB, 5.76% gc time)
[2023-01-13T04:47:41.290]Completed Shot 10, state 24
6056.300650 seconds (5.96 G allocations: 23.143 TiB, 5.76% gc time)
[2023-01-13T04:47:41.304]Completed Shot 10, state 20
6056.559191 seconds (5.96 G allocations: 23.144 TiB, 5.76% gc time)
[2023-01-13T04:47:41.562]Completed Shot 10, state 10
6056.934476 seconds (5.96 G allocations: 23.146 TiB, 5.76% gc time)
[2023-01-13T04:47:41.938]Completed Shot 10, state 50
6056.940985 seconds (5.96 G allocations: 23.146 TiB, 5.76% gc time)
[2023-01-13T04:47:41.945]Completed Shot 10, state 49
6057.115605 seconds (5.96 G allocations: 23.146 TiB, 5.76% gc time)
[2023-01-13T04:47:42.119]Completed Shot 10, state 44
6057.208003 seconds (5.96 G allocations: 23.146 TiB, 5.76% gc time)
[2023-01-13T04:47:42.211]Completed Shot 10, state 5
6057.338687 seconds (5.96 G allocations: 23.147 TiB, 5.76% gc time)
[2023-01-13T04:47:42.342]Completed Shot 10, state 37
6057.483407 seconds (5.96 G allocations: 23.147 TiB, 5.76% gc time)
[2023-01-13T04:47:42.486]Completed Shot 10, state 9
6057.504050 seconds (5.96 G allocations: 23.147 TiB, 5.76% gc time)
[2023-01-13T04:47:42.507]Completed Shot 10, state 14
6057.648623 seconds (5.96 G allocations: 23.148 TiB, 5.76% gc time)
[2023-01-13T04:47:42.652]Completed Shot 10, state 11
6057.854423 seconds (5.96 G allocations: 23.148 TiB, 5.76% gc time)
[2023-01-13T04:47:42.858]Completed Shot 10, state 35
6058.347524 seconds (5.96 G allocations: 23.150 TiB, 5.76% gc time)
[2023-01-13T04:47:43.351]Completed Shot 10, state 38
6059.059863 seconds (5.96 G allocations: 23.152 TiB, 5.76% gc time)
[2023-01-13T04:47:44.063]Completed Shot 10, state 6
6059.404407 seconds (5.96 G allocations: 23.153 TiB, 5.76% gc time)
[2023-01-13T04:47:44.407]Completed Shot 10, state 7
6060.366533 seconds (5.96 G allocations: 23.155 TiB, 5.76% gc time)
[2023-01-13T04:47:45.370]Completed Shot 10, state 29
6060.552430 seconds (5.96 G allocations: 23.155 TiB, 5.76% gc time)
[2023-01-13T04:47:45.555]Completed Shot 10, state 1
6061.030170 seconds (5.96 G allocations: 23.156 TiB, 5.76% gc time)
[2023-01-13T04:47:46.033]Completed Shot 10, state 30
6061.179120 seconds (5.96 G allocations: 23.157 TiB, 5.76% gc time)
[2023-01-13T04:47:46.182]Completed Shot 10, state 13
6061.619371 seconds (5.96 G allocations: 23.157 TiB, 5.76% gc time)
[2023-01-13T04:47:46.623]Completed Shot 10, state 39
6061.741030 seconds (5.96 G allocations: 23.157 TiB, 5.76% gc time)
[2023-01-13T04:47:46.744]Completed Shot 10, state 21
6061.764197 seconds (5.96 G allocations: 23.157 TiB, 5.76% gc time)
[2023-01-13T04:47:46.768]Completed Shot 10, state 43
6061.839410 seconds (5.97 G allocations: 23.158 TiB, 5.76% gc time)
[2023-01-13T04:47:46.843]Completed Shot 10, state 25
6062.482144 seconds (5.97 G allocations: 23.158 TiB, 5.76% gc time)
[2023-01-13T04:47:47.485]Completed Shot 10, state 18
6062.861655 seconds (5.97 G allocations: 23.158 TiB, 5.76% gc time)
[2023-01-13T04:47:47.865]Completed Shot 10, state 12
6062.891112 seconds (5.97 G allocations: 23.158 TiB, 5.76% gc time)
[2023-01-13T04:47:47.894]Completed Shot 10, state 32
6065.069622 seconds (5.97 G allocations: 23.159 TiB, 5.76% gc time)
[2023-01-13T04:47:50.073]Completed Shot 10, state 33
6067.228308 seconds (5.97 G allocations: 23.159 TiB, 5.76% gc time)
[2023-01-13T04:47:52.232]Completed Shot 10, state 26
[2023-01-13T04:47:52.232]**********Simulation completed!**********
[2023-01-13T04:47:52.232]**********Saving**********
[2023-01-13T04:47:56.494]Saving file: /gpfs/bwfor/work/ws/hd_ku269-logs/LightCones/2023-01-12/501078_N11_BS.jld2
[2023-01-13T04:47:58.104]**********Run completed!**********
============================= JOB FEEDBACK =============================
Job ID: 501078
Cluster: helix
User/Group: hd_ku269/hd_hd
State: COMPLETED (exit code 0)
Nodes: 1
Cores per node: 64
CPU Utilized: 45-06:15:44
CPU Efficiency: 88.99% of 50-20:42:40 core-walltime
Job Wall-clock time: 19:04:25
Memory Utilized: 156.44 GB
Memory Efficiency: 66.29% of 236.00 GB
