  Activating project at `/gpfs/bwfor/work/ws/hd_ku269-light_cones/WorkingFolder`
Added MKL.jl
Project LightCones v0.1.0
Status `/gpfs/bwfor/work/ws/hd_ku269-light_cones/WorkingFolder/Project.toml`
⌃ [7d9fca2a] Arpack v0.5.3
⌃ [7073ff75] IJulia v1.23.3
⌃ [033835bb] JLD2 v0.4.25
  [0b1a1467] KrylovKit v0.6.0
  [d3d80556] LineSearches v7.2.0
  [33e6dc65] MKL v0.6.0
⌃ [429524aa] Optim v1.7.3
⌃ [91a5bcdd] Plots v1.35.5
⌃ [c3e4b0f8] Pluto v0.19.14
  [3c0b384b] QuantumInformation v0.4.9
  [189a3867] Reexport v1.2.2
⌃ [295af30f] Revise v3.4.0
  [ebcc8a00] SpinSymmetry v0.3.3
  [59d54670] ThreadedSparseArrays v0.2.2
  [ade2ca70] Dates
  [8ba89e20] Distributed
  [37e2e46d] LinearAlgebra
  [de0858da] Printf
  [9a3f8284] Random
  [1a1011a3] SharedArrays
  [2f01184e] SparseArrays
  [10745b16] Statistics
Info Packages marked with ⌃ have new versions available and may be upgradable.
[2023-01-08T04:51:38.250]**********RANDOM FIELDS**********
shared_krylov.jl
Working Directory:          /gpfs/bwfor/work/ws/hd_ku269-light_cones/WorkingFolder
SLURM Directory:            /gpfs/bwfor/work/ws/hd_ku269-light_cones/WorkingFolder 
Running on host:            m06n01
Job id:                     468345
Job name:                   otoc_simulation_N13_TR
Number of nodes allocated:  
Number of cores allocated:  1
#threads of Julia:          64
#threads of BLAS:           1
ARGS = ["13", "1", "25", "BS", "x", "0", "5", "Rhim71"]
LOCATION = "/gpfs/bwfor/work/ws/hd_ku269-logs/LightCones/2023-01-08"
N = 13
SHOTS = 1
MULT_RANDOM_STATES = true
N_RANDOM_STATES = 25
TYPE_OF_RS = "BS"
OBSERVABLE = "x"
DISORDER_PARAM = 0.0
[2023-01-08T04:51:38.472]**********Running simulation**********
[2023-01-08T04:51:38.527]trange = 0.1:0.1:20.0
[2023-01-08T04:51:38.832]A = σx
[2023-01-08T04:51:39.407]alpha=6
[2023-01-08T04:51:39.407]PBC
SlowPulse([1.0, 0.0, 0.0], π, 78.53981633974482)SlowPulse([-1.0, 0.0, 0.0], π, 78.53981633974482)2[2023-01-08T04:51:43.915]Operations set up.
Using multiple states.
1119.270140 seconds (213.49 M allocations: 2.395 TiB, 4.30% gc time, 0.14% compilation time)
1120.099596 seconds (213.80 M allocations: 2.397 TiB, 4.30% gc time, 0.14% compilation time)
1122.836711 seconds (214.58 M allocations: 2.404 TiB, 4.29% gc time, 0.26% compilation time)
1122.956243 seconds (214.61 M allocations: 2.404 TiB, 4.29% gc time, 0.26% compilation time)
1126.840766 seconds (215.42 M allocations: 2.404 TiB, 4.28% gc time, 0.60% compilation time)
1131.413271 seconds (216.44 M allocations: 2.415 TiB, 4.26% gc time, 0.61% compilation time)
1127.933557 seconds (215.77 M allocations: 2.416 TiB, 4.27% gc time, 0.28% compilation time)
1128.031135 seconds (215.55 M allocations: 2.416 TiB, 4.27% gc time, 0.27% compilation time)
1128.521195 seconds (215.66 M allocations: 2.417 TiB, 4.27% gc time, 0.27% compilation time)
1128.808969 seconds (215.92 M allocations: 2.417 TiB, 4.27% gc time, 0.28% compilation time)
1133.916425 seconds (216.94 M allocations: 2.421 TiB, 4.25% gc time, 0.61% compilation time)
1134.281212 seconds (217.01 M allocations: 2.422 TiB, 4.25% gc time, 0.61% compilation time)
1134.591510 seconds (217.08 M allocations: 2.422 TiB, 4.25% gc time, 0.61% compilation time)
1134.909572 seconds (217.15 M allocations: 2.423 TiB, 4.25% gc time, 0.61% compilation time)
1132.811314 seconds (216.50 M allocations: 2.425 TiB, 4.31% gc time, 0.27% compilation time)
1137.054739 seconds (217.39 M allocations: 2.426 TiB, 4.30% gc time, 0.60% compilation time)
1133.900676 seconds (216.48 M allocations: 2.427 TiB, 4.31% gc time, 0.27% compilation time)
1137.876667 seconds (217.09 M allocations: 2.435 TiB, 4.29% gc time, 0.27% compilation time)
1143.546337 seconds (218.36 M allocations: 2.439 TiB, 4.27% gc time, 0.60% compilation time)
1144.086771 seconds (217.95 M allocations: 2.447 TiB, 4.27% gc time, 0.27% compilation time)
1153.388039 seconds (219.66 M allocations: 2.458 TiB, 4.24% gc time, 0.60% compilation time)
1150.879270 seconds (218.87 M allocations: 2.460 TiB, 4.25% gc time, 0.27% compilation time)
1150.925693 seconds (219.04 M allocations: 2.460 TiB, 4.25% gc time, 0.27% compilation time)
1153.162752 seconds (219.30 M allocations: 2.464 TiB, 4.24% gc time, 0.27% compilation time)
1181.037934 seconds (222.67 M allocations: 2.505 TiB, 4.24% gc time, 0.58% compilation time)
1068.902171 seconds (213.11 M allocations: 2.418 TiB, 3.94% gc time, 0.01% compilation time)
[2023-01-08T05:28:46.160]Completed Shot 1, state 17
1082.257084 seconds (215.37 M allocations: 2.446 TiB, 3.96% gc time, 0.01% compilation time)
[2023-01-08T05:28:47.800]Completed Shot 1, state 14
1079.657949 seconds (214.88 M allocations: 2.440 TiB, 3.97% gc time, 0.01% compilation time)
[2023-01-08T05:28:48.264]Completed Shot 1, state 4
1089.069164 seconds (216.89 M allocations: 2.461 TiB, 3.93% gc time, 0.02% compilation time)
[2023-01-08T05:28:49.387]Completed Shot 1, state 2
1081.946537 seconds (215.41 M allocations: 2.445 TiB, 3.96% gc time, 0.01% compilation time)
[2023-01-08T05:28:50.250]Completed Shot 1, state 8
1080.169699 seconds (215.37 M allocations: 2.444 TiB, 3.90% gc time, 0.01% compilation time)
[2023-01-08T05:28:51.584]Completed Shot 1, state 18
1080.818730 seconds (215.45 M allocations: 2.445 TiB, 3.90% gc time, 0.01% compilation time)
[2023-01-08T05:28:51.585]Completed Shot 1, state 3
1094.157527 seconds (218.15 M allocations: 2.474 TiB, 3.92% gc time, 0.15% compilation time)
[2023-01-08T05:28:51.758]Completed Shot 1, state 9
1085.601096 seconds (216.25 M allocations: 2.454 TiB, 3.95% gc time, 0.01% compilation time)
[2023-01-08T05:28:51.859]Completed Shot 1, state 20
1095.500126 seconds (218.78 M allocations: 2.478 TiB, 3.91% gc time, 0.15% compilation time)
[2023-01-08T05:28:52.230]Completed Shot 1, state 19
1091.896370 seconds (217.63 M allocations: 2.469 TiB, 3.92% gc time, 0.02% compilation time)
[2023-01-08T05:28:52.333]Completed Shot 1, state 7
1077.868731 seconds (215.16 M allocations: 2.440 TiB, 3.91% gc time, 0.01% compilation time)
[2023-01-08T05:28:53.261]Completed Shot 1, state 16
1083.147779 seconds (215.98 M allocations: 2.450 TiB, 3.89% gc time, 0.01% compilation time)
[2023-01-08T05:28:53.437]Completed Shot 1, state 21
1093.112867 seconds (217.88 M allocations: 2.471 TiB, 3.92% gc time, 0.02% compilation time)
[2023-01-08T05:28:53.665]Completed Shot 1, state 5
1086.654850 seconds (216.49 M allocations: 2.456 TiB, 3.94% gc time, 0.01% compilation time)
[2023-01-08T05:28:54.283]Completed Shot 1, state 11
1089.443991 seconds (217.03 M allocations: 2.462 TiB, 3.93% gc time, 0.01% compilation time)
[2023-01-08T05:28:54.569]Completed Shot 1, state 1
1087.069966 seconds (216.55 M allocations: 2.457 TiB, 3.94% gc time, 0.01% compilation time)
[2023-01-08T05:28:55.062]Completed Shot 1, state 10
1067.536718 seconds (213.78 M allocations: 2.418 TiB, 3.99% gc time, 0.01% compilation time)
[2023-01-08T05:28:55.935]Completed Shot 1, state 23
1066.863886 seconds (213.71 M allocations: 2.416 TiB, 4.00% gc time, 0.01% compilation time)
[2023-01-08T05:28:57.507]Completed Shot 1, state 6
1093.976834 seconds (217.45 M allocations: 2.467 TiB, 3.96% gc time, 0.01% compilation time)
[2023-01-08T05:29:00.003]Completed Shot 1, state 13
1077.616311 seconds (214.83 M allocations: 2.430 TiB, 3.97% gc time, 0.01% compilation time)
[2023-01-08T05:29:04.716]Completed Shot 1, state 12
1078.573061 seconds (214.82 M allocations: 2.429 TiB, 3.96% gc time, 0.01% compilation time)
[2023-01-08T05:29:06.958]Completed Shot 1, state 15
1087.479439 seconds (215.82 M allocations: 2.443 TiB, 3.93% gc time, 0.01% compilation time)
[2023-01-08T05:29:09.078]Completed Shot 1, state 24
1104.028392 seconds (218.26 M allocations: 2.475 TiB, 3.93% gc time, 0.01% compilation time)
[2023-01-08T05:29:09.411]Completed Shot 1, state 22
1063.210562 seconds (212.23 M allocations: 2.387 TiB, 3.91% gc time, 0.01% compilation time)
[2023-01-08T05:29:17.960]Completed Shot 1, state 25
[2023-01-08T05:29:17.961]**********Simulation completed!**********
[2023-01-08T05:29:17.961]**********Saving**********
[2023-01-08T05:29:21.981]Saving file: /gpfs/bwfor/work/ws/hd_ku269-logs/LightCones/2023-01-08/468345_N13_BS.jld2
[2023-01-08T05:29:23.508]**********Run completed!**********
============================= JOB FEEDBACK =============================
Job ID: 468345
Cluster: helix
User/Group: hd_ku269/hd_hd
State: COMPLETED (exit code 0)
Nodes: 1
Cores per node: 64
CPU Utilized: 23:53:39
CPU Efficiency: 58.95% of 1-16:32:00 core-walltime
Job Wall-clock time: 00:38:00
Memory Utilized: 113.54 GB
Memory Efficiency: 48.11% of 236.00 GB
