Added MKL.jl
Project LightCones v0.1.0
Status `/gpfs/bwfor/work/ws/hd_ku269-light_cones/WorkingFolder/Project.toml`
⌃ [7d9fca2a] Arpack v0.5.3
⌃ [7073ff75] IJulia v1.23.3
⌃ [033835bb] JLD2 v0.4.25
  [0b1a1467] KrylovKit v0.6.0
  [d3d80556] LineSearches v7.2.0
  [33e6dc65] MKL v0.6.0
⌃ [429524aa] Optim v1.7.3
⌃ [91a5bcdd] Plots v1.35.5
⌃ [c3e4b0f8] Pluto v0.19.14
  [3c0b384b] QuantumInformation v0.4.9
  [189a3867] Reexport v1.2.2
⌃ [295af30f] Revise v3.4.0
  [ebcc8a00] SpinSymmetry v0.3.3
  [59d54670] ThreadedSparseArrays v0.2.2
  [ade2ca70] Dates
  [8ba89e20] Distributed
  [37e2e46d] LinearAlgebra
  [de0858da] Printf
  [9a3f8284] Random
  [1a1011a3] SharedArrays
  [2f01184e] SparseArrays
  [10745b16] Statistics
Info Packages marked with ⌃ have new versions available and may be upgradable.
[2023-01-09T09:47:05.271]**********RANDOM FIELDS**********
shared_krylov.jl
Working Directory:          /gpfs/bwfor/work/ws/hd_ku269-light_cones/WorkingFolder
SLURM Directory:            /gpfs/bwfor/work/ws/hd_ku269-light_cones/WorkingFolder 
Running on host:            o02n07
Job id:                     468898
Job name:                   otoc_simulation_N11_TR_FIDONLY
Number of nodes allocated:  
Number of cores allocated:  1
#threads of Julia:          64
#threads of BLAS:           1
ARGS = ["11", "10", "50", "BS", "x", "9", "50", "WAHUHA"]
LOCATION = "/gpfs/bwfor/work/ws/hd_ku269-logs/LightCones/2023-01-09"
N = 11
SHOTS = 10
MULT_RANDOM_STATES = true
N_RANDOM_STATES = 50
TYPE_OF_RS = "BS"
OBSERVABLE = "x"
DISORDER_PARAM = 9.0
[2023-01-09T09:47:05.450]**********Running simulation**********
[2023-01-09T09:47:05.511]trange = 0.1:0.1:20.0
[2023-01-09T09:47:05.831]A = σx
[2023-01-09T09:47:06.542]alpha=6
[2023-01-09T09:47:06.542]PBC
4[2023-01-09T09:47:09.380]Operations set up.
Using multiple states.
2849.976038 seconds (2.50 G allocations: 6.016 TiB, 17.83% gc time, 0.07% compilation time)
[2023-01-09T10:34:52.302]Completed Shot 1, state 2
2857.810773 seconds (2.51 G allocations: 6.023 TiB, 17.85% gc time, 0.22% compilation time)
[2023-01-09T10:34:55.966]Completed Shot 1, state 31
2858.309859 seconds (2.51 G allocations: 6.025 TiB, 17.85% gc time, 0.22% compilation time)
[2023-01-09T10:34:56.486]Completed Shot 1, state 36
2861.650153 seconds (2.52 G allocations: 6.049 TiB, 17.90% gc time, 0.06% compilation time)
[2023-01-09T10:35:04.280]Completed Shot 1, state 42
2862.799366 seconds (2.52 G allocations: 6.054 TiB, 17.90% gc time, 0.06% compilation time)
[2023-01-09T10:35:05.323]Completed Shot 1, state 7
2863.153951 seconds (2.52 G allocations: 6.056 TiB, 17.89% gc time, 0.06% compilation time)
[2023-01-09T10:35:05.776]Completed Shot 1, state 17
2867.883318 seconds (2.52 G allocations: 6.057 TiB, 17.86% gc time, 0.21% compilation time)
[2023-01-09T10:35:06.060]Completed Shot 1, state 13
2864.799499 seconds (2.52 G allocations: 6.063 TiB, 17.88% gc time, 0.06% compilation time)
[2023-01-09T10:35:07.456]Completed Shot 1, state 10
2868.345147 seconds (2.53 G allocations: 6.070 TiB, 17.93% gc time, 0.06% compilation time)
[2023-01-09T10:35:10.868]Completed Shot 1, state 16
2869.157300 seconds (2.53 G allocations: 6.072 TiB, 17.92% gc time, 0.07% compilation time)
[2023-01-09T10:35:11.457]Completed Shot 1, state 25
2869.301938 seconds (2.53 G allocations: 6.073 TiB, 17.92% gc time, 0.07% compilation time)
[2023-01-09T10:35:11.602]Completed Shot 1, state 32
2869.591585 seconds (2.53 G allocations: 6.075 TiB, 17.92% gc time, 0.06% compilation time)
[2023-01-09T10:35:12.184]Completed Shot 1, state 12
2869.640015 seconds (2.53 G allocations: 6.076 TiB, 17.92% gc time, 0.06% compilation time)
[2023-01-09T10:35:12.282]Completed Shot 1, state 39
2869.743641 seconds (2.53 G allocations: 6.076 TiB, 17.92% gc time, 0.06% compilation time)
[2023-01-09T10:35:12.366]Completed Shot 1, state 29
2874.555303 seconds (2.53 G allocations: 6.078 TiB, 17.89% gc time, 0.21% compilation time)
[2023-01-09T10:35:12.710]Completed Shot 1, state 37
2871.133448 seconds (2.53 G allocations: 6.080 TiB, 17.91% gc time, 0.07% compilation time)
[2023-01-09T10:35:13.433]Completed Shot 1, state 47
2872.642505 seconds (2.53 G allocations: 6.082 TiB, 17.94% gc time, 0.06% compilation time)
[2023-01-09T10:35:15.234]Completed Shot 1, state 21
2873.202617 seconds (2.53 G allocations: 6.085 TiB, 17.94% gc time, 0.06% compilation time)
[2023-01-09T10:35:15.853]Completed Shot 1, state 9
2873.393940 seconds (2.53 G allocations: 6.085 TiB, 17.94% gc time, 0.06% compilation time)
[2023-01-09T10:35:15.917]Completed Shot 1, state 6
2873.725843 seconds (2.53 G allocations: 6.087 TiB, 17.93% gc time, 0.06% compilation time)
[2023-01-09T10:35:16.355]Completed Shot 1, state 40
2874.731147 seconds (2.54 G allocations: 6.091 TiB, 17.93% gc time, 0.06% compilation time)
[2023-01-09T10:35:17.360]Completed Shot 1, state 27
2874.734307 seconds (2.54 G allocations: 6.091 TiB, 17.93% gc time, 0.06% compilation time)
[2023-01-09T10:35:17.394]Completed Shot 1, state 18
2879.405884 seconds (2.54 G allocations: 6.092 TiB, 17.90% gc time, 0.21% compilation time)
[2023-01-09T10:35:17.561]Completed Shot 1, state 11
2877.052497 seconds (2.54 G allocations: 6.095 TiB, 17.94% gc time, 0.07% compilation time)
[2023-01-09T10:35:19.351]Completed Shot 1, state 22
2881.222890 seconds (2.54 G allocations: 6.095 TiB, 17.92% gc time, 0.21% compilation time)
[2023-01-09T10:35:19.399]Completed Shot 1, state 3
2877.050032 seconds (2.54 G allocations: 6.096 TiB, 17.94% gc time, 0.06% compilation time)
[2023-01-09T10:35:19.641]Completed Shot 1, state 35
2877.740758 seconds (2.54 G allocations: 6.099 TiB, 17.94% gc time, 0.06% compilation time)
[2023-01-09T10:35:20.399]Completed Shot 1, state 26
2877.877851 seconds (2.54 G allocations: 6.099 TiB, 17.94% gc time, 0.06% compilation time)
[2023-01-09T10:35:20.401]Completed Shot 1, state 14
2879.786174 seconds (2.54 G allocations: 6.103 TiB, 17.95% gc time, 0.06% compilation time)
[2023-01-09T10:35:22.411]Completed Shot 1, state 43
2879.798562 seconds (2.54 G allocations: 6.104 TiB, 17.95% gc time, 0.05% compilation time)
[2023-01-09T10:35:22.563]Completed Shot 1, state 45
2879.996082 seconds (2.54 G allocations: 6.104 TiB, 17.95% gc time, 0.06% compilation time)
[2023-01-09T10:35:22.642]Completed Shot 1, state 19
2880.438835 seconds (2.54 G allocations: 6.105 TiB, 17.95% gc time, 0.06% compilation time)
[2023-01-09T10:35:23.046]Completed Shot 1, state 15
2880.875711 seconds (2.54 G allocations: 6.106 TiB, 17.94% gc time, 0.07% compilation time)
[2023-01-09T10:35:23.174]Completed Shot 1, state 50
2885.064442 seconds (2.54 G allocations: 6.106 TiB, 17.92% gc time, 0.21% compilation time)
[2023-01-09T10:35:23.219]Completed Shot 1, state 5
2880.766145 seconds (2.54 G allocations: 6.106 TiB, 17.94% gc time, 0.06% compilation time)
[2023-01-09T10:35:23.289]Completed Shot 1, state 8
2885.941872 seconds (2.54 G allocations: 6.108 TiB, 17.91% gc time, 0.21% compilation time)
[2023-01-09T10:35:24.096]Completed Shot 1, state 4
2882.161726 seconds (2.54 G allocations: 6.108 TiB, 17.95% gc time, 0.06% compilation time)
[2023-01-09T10:35:24.812]Completed Shot 1, state 44
2882.260638 seconds (2.54 G allocations: 6.109 TiB, 17.95% gc time, 0.06% compilation time)
[2023-01-09T10:35:24.885]Completed Shot 1, state 28
2882.325198 seconds (2.54 G allocations: 6.109 TiB, 17.95% gc time, 0.06% compilation time)
[2023-01-09T10:35:24.963]Completed Shot 1, state 48
2882.749526 seconds (2.54 G allocations: 6.109 TiB, 17.95% gc time, 0.07% compilation time)
[2023-01-09T10:35:25.048]Completed Shot 1, state 33
2882.770233 seconds (2.54 G allocations: 6.109 TiB, 17.95% gc time, 0.07% compilation time)
[2023-01-09T10:35:25.070]Completed Shot 1, state 23
2883.044440 seconds (2.54 G allocations: 6.110 TiB, 17.95% gc time, 0.07% compilation time)
[2023-01-09T10:35:25.498]Completed Shot 1, state 34
2883.671976 seconds (2.54 G allocations: 6.110 TiB, 17.94% gc time, 0.07% compilation time)
[2023-01-09T10:35:25.971]Completed Shot 1, state 46
2883.438186 seconds (2.54 G allocations: 6.110 TiB, 17.94% gc time, 0.06% compilation time)
[2023-01-09T10:35:26.046]Completed Shot 1, state 30
2889.611056 seconds (2.54 G allocations: 6.112 TiB, 17.91% gc time, 0.21% compilation time)
[2023-01-09T10:35:27.765]Completed Shot 1, state 1
2885.636867 seconds (2.54 G allocations: 6.112 TiB, 17.94% gc time, 0.06% compilation time)
[2023-01-09T10:35:28.284]Completed Shot 1, state 41
2885.926597 seconds (2.54 G allocations: 6.112 TiB, 17.94% gc time, 0.06% compilation time)
[2023-01-09T10:35:28.573]Completed Shot 1, state 49
2891.274540 seconds (2.55 G allocations: 6.114 TiB, 17.91% gc time, 0.06% compilation time)
[2023-01-09T10:35:33.797]Completed Shot 1, state 38
2891.566950 seconds (2.55 G allocations: 6.114 TiB, 17.91% gc time, 0.07% compilation time)
[2023-01-09T10:35:33.866]Completed Shot 1, state 24
2897.324504 seconds (2.55 G allocations: 6.115 TiB, 17.87% gc time, 0.06% compilation time)
[2023-01-09T10:35:39.847]Completed Shot 1, state 20
2371.563729 seconds (2.23 G allocations: 5.387 TiB, 20.31% gc time)
[2023-01-09T11:15:11.415]Completed Shot 2, state 14
2374.120399 seconds (2.23 G allocations: 5.393 TiB, 20.32% gc time)
[2023-01-09T11:15:13.970]Completed Shot 2, state 6
2374.562828 seconds (2.23 G allocations: 5.394 TiB, 20.32% gc time)
[2023-01-09T11:15:14.416]Completed Shot 2, state 29
2379.264219 seconds (2.24 G allocations: 5.406 TiB, 20.34% gc time)
[2023-01-09T11:15:19.115]Completed Shot 2, state 9
2379.371178 seconds (2.24 G allocations: 5.406 TiB, 20.34% gc time)
[2023-01-09T11:15:19.224]Completed Shot 2, state 42
2379.785903 seconds (2.24 G allocations: 5.408 TiB, 20.33% gc time)
[2023-01-09T11:15:19.636]Completed Shot 2, state 5
2380.034140 seconds (2.24 G allocations: 5.409 TiB, 20.33% gc time)
[2023-01-09T11:15:19.885]Completed Shot 2, state 17
2380.553266 seconds (2.24 G allocations: 5.411 TiB, 20.33% gc time)
[2023-01-09T11:15:20.406]Completed Shot 2, state 48
2382.391409 seconds (2.24 G allocations: 5.413 TiB, 20.36% gc time)
[2023-01-09T11:15:22.243]Completed Shot 2, state 19
2382.391938 seconds (2.24 G allocations: 5.413 TiB, 20.36% gc time)
[2023-01-09T11:15:22.245]Completed Shot 2, state 32
2382.483171 seconds (2.24 G allocations: 5.413 TiB, 20.36% gc time)
[2023-01-09T11:15:22.336]Completed Shot 2, state 34
2383.186614 seconds (2.24 G allocations: 5.415 TiB, 20.36% gc time)
[2023-01-09T11:15:23.040]Completed Shot 2, state 40
2383.858208 seconds (2.24 G allocations: 5.418 TiB, 20.35% gc time)
[2023-01-09T11:15:23.709]Completed Shot 2, state 10
2384.804062 seconds (2.24 G allocations: 5.419 TiB, 20.37% gc time)
[2023-01-09T11:15:24.657]Completed Shot 2, state 44
2384.972325 seconds (2.24 G allocations: 5.420 TiB, 20.36% gc time)
[2023-01-09T11:15:24.824]Completed Shot 2, state 23
2384.994287 seconds (2.24 G allocations: 5.420 TiB, 20.36% gc time)
[2023-01-09T11:15:24.847]Completed Shot 2, state 39
2385.084043 seconds (2.24 G allocations: 5.420 TiB, 20.36% gc time)
[2023-01-09T11:15:24.935]Completed Shot 2, state 15
2385.362442 seconds (2.24 G allocations: 5.421 TiB, 20.36% gc time)
[2023-01-09T11:15:25.214]Completed Shot 2, state 21
2385.627855 seconds (2.24 G allocations: 5.422 TiB, 20.36% gc time)
[2023-01-09T11:15:25.481]Completed Shot 2, state 49
2385.805299 seconds (2.24 G allocations: 5.422 TiB, 20.36% gc time)
[2023-01-09T11:15:25.658]Completed Shot 2, state 36
2386.003436 seconds (2.24 G allocations: 5.423 TiB, 20.36% gc time)
[2023-01-09T11:15:25.855]Completed Shot 2, state 28
2386.269350 seconds (2.24 G allocations: 5.424 TiB, 20.35% gc time)
[2023-01-09T11:15:26.119]Completed Shot 2, state 3
2386.285773 seconds (2.24 G allocations: 5.424 TiB, 20.35% gc time)
[2023-01-09T11:15:26.138]Completed Shot 2, state 30
2386.310434 seconds (2.24 G allocations: 5.424 TiB, 20.35% gc time)
[2023-01-09T11:15:26.160]Completed Shot 2, state 8
2386.600352 seconds (2.24 G allocations: 5.425 TiB, 20.35% gc time)
[2023-01-09T11:15:26.451]Completed Shot 2, state 12
2387.209850 seconds (2.24 G allocations: 5.425 TiB, 20.36% gc time)
[2023-01-09T11:15:27.060]Completed Shot 2, state 13
2387.345371 seconds (2.24 G allocations: 5.426 TiB, 20.36% gc time)
[2023-01-09T11:15:27.198]Completed Shot 2, state 35
2387.489643 seconds (2.24 G allocations: 5.426 TiB, 20.36% gc time)
[2023-01-09T11:15:27.339]Completed Shot 2, state 2
2387.665869 seconds (2.24 G allocations: 5.427 TiB, 20.36% gc time)
[2023-01-09T11:15:27.518]Completed Shot 2, state 26
2387.685154 seconds (2.24 G allocations: 5.427 TiB, 20.36% gc time)
[2023-01-09T11:15:27.537]Completed Shot 2, state 22
2388.067396 seconds (2.24 G allocations: 5.428 TiB, 20.36% gc time)
[2023-01-09T11:15:27.920]Completed Shot 2, state 47
2388.256592 seconds (2.24 G allocations: 5.428 TiB, 20.35% gc time)
[2023-01-09T11:15:28.109]Completed Shot 2, state 33
2388.421604 seconds (2.24 G allocations: 5.428 TiB, 20.35% gc time)
[2023-01-09T11:15:28.274]Completed Shot 2, state 41
2388.461426 seconds (2.24 G allocations: 5.428 TiB, 20.35% gc time)
[2023-01-09T11:15:28.313]Completed Shot 2, state 24
2388.573923 seconds (2.24 G allocations: 5.429 TiB, 20.35% gc time)
[2023-01-09T11:15:28.424]Completed Shot 2, state 7
2388.620821 seconds (2.24 G allocations: 5.429 TiB, 20.35% gc time)
[2023-01-09T11:15:28.474]Completed Shot 2, state 45
2388.622313 seconds (2.24 G allocations: 5.429 TiB, 20.35% gc time)
[2023-01-09T11:15:28.474]Completed Shot 2, state 27
2388.640660 seconds (2.24 G allocations: 5.429 TiB, 20.35% gc time)
[2023-01-09T11:15:28.494]Completed Shot 2, state 50
2388.779050 seconds (2.24 G allocations: 5.429 TiB, 20.35% gc time)
[2023-01-09T11:15:28.632]Completed Shot 2, state 38
2388.862360 seconds (2.24 G allocations: 5.429 TiB, 20.35% gc time)
[2023-01-09T11:15:28.715]Completed Shot 2, state 43
2389.605393 seconds (2.25 G allocations: 5.430 TiB, 20.35% gc time)
[2023-01-09T11:15:29.456]Completed Shot 2, state 11
2389.769795 seconds (2.25 G allocations: 5.430 TiB, 20.35% gc time)
[2023-01-09T11:15:29.622]Completed Shot 2, state 37
2389.830519 seconds (2.25 G allocations: 5.431 TiB, 20.34% gc time)
[2023-01-09T11:15:29.680]Completed Shot 2, state 1
2390.015971 seconds (2.25 G allocations: 5.431 TiB, 20.34% gc time)
[2023-01-09T11:15:29.868]Completed Shot 2, state 25
2390.021532 seconds (2.25 G allocations: 5.431 TiB, 20.34% gc time)
[2023-01-09T11:15:29.873]Completed Shot 2, state 18
2390.038801 seconds (2.25 G allocations: 5.431 TiB, 20.34% gc time)
[2023-01-09T11:15:29.890]Completed Shot 2, state 16
2390.303370 seconds (2.25 G allocations: 5.431 TiB, 20.34% gc time)
[2023-01-09T11:15:30.153]Completed Shot 2, state 4
2390.380762 seconds (2.25 G allocations: 5.431 TiB, 20.34% gc time)
[2023-01-09T11:15:30.232]Completed Shot 2, state 20
2390.731195 seconds (2.25 G allocations: 5.431 TiB, 20.34% gc time)
[2023-01-09T11:15:30.583]Completed Shot 2, state 31
2393.605064 seconds (2.25 G allocations: 5.431 TiB, 20.31% gc time)
[2023-01-09T11:15:33.458]Completed Shot 2, state 46
2410.406165 seconds (2.32 G allocations: 5.592 TiB, 19.46% gc time)
[2023-01-09T11:55:43.869]Completed Shot 3, state 24
2411.437686 seconds (2.32 G allocations: 5.596 TiB, 19.45% gc time)
[2023-01-09T11:55:44.901]Completed Shot 3, state 26
2411.493218 seconds (2.32 G allocations: 5.596 TiB, 19.45% gc time)
[2023-01-09T11:55:44.957]Completed Shot 3, state 49
2412.714034 seconds (2.32 G allocations: 5.601 TiB, 19.44% gc time)
[2023-01-09T11:55:46.175]Completed Shot 3, state 8
2414.941112 seconds (2.32 G allocations: 5.604 TiB, 19.49% gc time)
[2023-01-09T11:55:48.404]Completed Shot 3, state 22
2416.459244 seconds (2.32 G allocations: 5.610 TiB, 19.47% gc time)
[2023-01-09T11:55:49.923]Completed Shot 3, state 40
2417.166022 seconds (2.32 G allocations: 5.613 TiB, 19.47% gc time)
[2023-01-09T11:55:50.629]Completed Shot 3, state 21
2417.190770 seconds (2.32 G allocations: 5.613 TiB, 19.47% gc time)
[2023-01-09T11:55:50.655]Completed Shot 3, state 45
2417.702805 seconds (2.33 G allocations: 5.615 TiB, 19.46% gc time)
[2023-01-09T11:55:51.167]Completed Shot 3, state 43
2417.853540 seconds (2.33 G allocations: 5.616 TiB, 19.46% gc time)
[2023-01-09T11:55:51.315]Completed Shot 3, state 6
2418.056863 seconds (2.33 G allocations: 5.617 TiB, 19.46% gc time)
[2023-01-09T11:55:51.517]Completed Shot 3, state 3
2418.590275 seconds (2.33 G allocations: 5.619 TiB, 19.46% gc time)
[2023-01-09T11:55:52.051]Completed Shot 3, state 2
2420.613115 seconds (2.33 G allocations: 5.621 TiB, 19.50% gc time)
[2023-01-09T11:55:54.077]Completed Shot 3, state 30
2420.642090 seconds (2.33 G allocations: 5.621 TiB, 19.50% gc time)
[2023-01-09T11:55:54.104]Completed Shot 3, state 5
2421.000039 seconds (2.33 G allocations: 5.622 TiB, 19.49% gc time)
[2023-01-09T11:55:54.463]Completed Shot 3, state 32
2421.378220 seconds (2.33 G allocations: 5.624 TiB, 19.49% gc time)
[2023-01-09T11:55:54.841]Completed Shot 3, state 18
2421.625389 seconds (2.33 G allocations: 5.625 TiB, 19.49% gc time)
[2023-01-09T11:55:55.088]Completed Shot 3, state 28
2421.656719 seconds (2.33 G allocations: 5.625 TiB, 19.49% gc time)
[2023-01-09T11:55:55.117]Completed Shot 3, state 4
2421.703321 seconds (2.33 G allocations: 5.625 TiB, 19.49% gc time)
[2023-01-09T11:55:55.167]Completed Shot 3, state 42
2421.747924 seconds (2.33 G allocations: 5.625 TiB, 19.49% gc time)
[2023-01-09T11:55:55.211]Completed Shot 3, state 27
2421.824555 seconds (2.33 G allocations: 5.626 TiB, 19.49% gc time)
[2023-01-09T11:55:55.288]Completed Shot 3, state 29
2422.046492 seconds (2.33 G allocations: 5.626 TiB, 19.49% gc time)
[2023-01-09T11:55:55.510]Completed Shot 3, state 50
2422.155363 seconds (2.33 G allocations: 5.627 TiB, 19.49% gc time)
[2023-01-09T11:55:55.619]Completed Shot 3, state 33
2422.268987 seconds (2.33 G allocations: 5.627 TiB, 19.48% gc time)
[2023-01-09T11:55:55.731]Completed Shot 3, state 16
2422.268778 seconds (2.33 G allocations: 5.627 TiB, 19.48% gc time)
[2023-01-09T11:55:55.733]Completed Shot 3, state 41
2422.481293 seconds (2.33 G allocations: 5.628 TiB, 19.48% gc time)
[2023-01-09T11:55:55.944]Completed Shot 3, state 25
2422.743207 seconds (2.33 G allocations: 5.629 TiB, 19.48% gc time)
[2023-01-09T11:55:56.206]Completed Shot 3, state 35
2422.766626 seconds (2.33 G allocations: 5.629 TiB, 19.48% gc time)
[2023-01-09T11:55:56.230]Completed Shot 3, state 46
2422.854855 seconds (2.33 G allocations: 5.629 TiB, 19.48% gc time)
[2023-01-09T11:55:56.318]Completed Shot 3, state 36
2422.923144 seconds (2.33 G allocations: 5.629 TiB, 19.48% gc time)
[2023-01-09T11:55:56.387]Completed Shot 3, state 39
2424.167898 seconds (2.33 G allocations: 5.630 TiB, 19.51% gc time)
[2023-01-09T11:55:57.629]Completed Shot 3, state 11
2424.250521 seconds (2.33 G allocations: 5.631 TiB, 19.51% gc time)
[2023-01-09T11:55:57.713]Completed Shot 3, state 31
2424.434189 seconds (2.33 G allocations: 5.631 TiB, 19.50% gc time)
[2023-01-09T11:55:57.896]Completed Shot 3, state 19
2424.569271 seconds (2.33 G allocations: 5.631 TiB, 19.50% gc time)
[2023-01-09T11:55:58.031]Completed Shot 3, state 15
2424.625199 seconds (2.33 G allocations: 5.632 TiB, 19.50% gc time)
[2023-01-09T11:55:58.087]Completed Shot 3, state 12
2424.704993 seconds (2.33 G allocations: 5.632 TiB, 19.50% gc time)
[2023-01-09T11:55:58.169]Completed Shot 3, state 47
2424.751898 seconds (2.33 G allocations: 5.632 TiB, 19.50% gc time)
[2023-01-09T11:55:58.213]Completed Shot 3, state 7
2424.806185 seconds (2.33 G allocations: 5.632 TiB, 19.50% gc time)
[2023-01-09T11:55:58.270]Completed Shot 3, state 37
2424.816068 seconds (2.33 G allocations: 5.632 TiB, 19.50% gc time)
[2023-01-09T11:55:58.279]Completed Shot 3, state 34
2425.158503 seconds (2.33 G allocations: 5.633 TiB, 19.50% gc time)
[2023-01-09T11:55:58.620]Completed Shot 3, state 10
2425.208599 seconds (2.33 G allocations: 5.633 TiB, 19.50% gc time)
[2023-01-09T11:55:58.672]Completed Shot 3, state 38
2425.305146 seconds (2.33 G allocations: 5.633 TiB, 19.50% gc time)
[2023-01-09T11:55:58.768]Completed Shot 3, state 23
2425.366566 seconds (2.33 G allocations: 5.633 TiB, 19.50% gc time)
[2023-01-09T11:55:58.828]Completed Shot 3, state 13
2425.434408 seconds (2.33 G allocations: 5.633 TiB, 19.50% gc time)
[2023-01-09T11:55:58.895]Completed Shot 3, state 1
2425.733347 seconds (2.33 G allocations: 5.633 TiB, 19.49% gc time)
[2023-01-09T11:55:59.196]Completed Shot 3, state 20
2425.877389 seconds (2.33 G allocations: 5.633 TiB, 19.49% gc time)
[2023-01-09T11:55:59.341]Completed Shot 3, state 44
2427.539775 seconds (2.33 G allocations: 5.634 TiB, 19.49% gc time)
[2023-01-09T11:56:01.003]Completed Shot 3, state 48
2428.467642 seconds (2.33 G allocations: 5.635 TiB, 19.48% gc time)
[2023-01-09T11:56:01.929]Completed Shot 3, state 9
2429.691937 seconds (2.33 G allocations: 5.635 TiB, 19.47% gc time)
[2023-01-09T11:56:03.154]Completed Shot 3, state 17
2430.582229 seconds (2.33 G allocations: 5.635 TiB, 19.47% gc time)
[2023-01-09T11:56:04.044]Completed Shot 3, state 14
2164.582357 seconds (1.91 G allocations: 4.678 TiB, 18.12% gc time)
[2023-01-09T12:32:08.628]Completed Shot 4, state 7
2168.848360 seconds (1.92 G allocations: 4.689 TiB, 18.13% gc time)
[2023-01-09T12:32:12.895]Completed Shot 4, state 18
2168.964186 seconds (1.92 G allocations: 4.690 TiB, 18.13% gc time)
[2023-01-09T12:32:13.013]Completed Shot 4, state 33
2168.989743 seconds (1.92 G allocations: 4.690 TiB, 18.13% gc time)
[2023-01-09T12:32:13.038]Completed Shot 4, state 37
2169.903450 seconds (1.92 G allocations: 4.693 TiB, 18.12% gc time)
[2023-01-09T12:32:13.952]Completed Shot 4, state 28
2170.349134 seconds (1.92 G allocations: 4.695 TiB, 18.12% gc time)
[2023-01-09T12:32:14.395]Completed Shot 4, state 5
2172.487468 seconds (1.92 G allocations: 4.699 TiB, 18.15% gc time)
[2023-01-09T12:32:16.534]Completed Shot 4, state 11
2172.650759 seconds (1.92 G allocations: 4.700 TiB, 18.14% gc time)
[2023-01-09T12:32:16.698]Completed Shot 4, state 3
2173.691539 seconds (1.92 G allocations: 4.704 TiB, 18.14% gc time)
[2023-01-09T12:32:17.738]Completed Shot 4, state 10
2174.078901 seconds (1.93 G allocations: 4.705 TiB, 18.13% gc time)
[2023-01-09T12:32:18.127]Completed Shot 4, state 43
2174.119843 seconds (1.93 G allocations: 4.706 TiB, 18.13% gc time)
[2023-01-09T12:32:18.168]Completed Shot 4, state 48
2174.295774 seconds (1.93 G allocations: 4.706 TiB, 18.13% gc time)
[2023-01-09T12:32:18.344]Completed Shot 4, state 30
2174.302616 seconds (1.93 G allocations: 4.706 TiB, 18.13% gc time)
[2023-01-09T12:32:18.350]Completed Shot 4, state 22
2175.459671 seconds (1.93 G allocations: 4.707 TiB, 18.16% gc time)
[2023-01-09T12:32:19.506]Completed Shot 4, state 4
2175.599203 seconds (1.93 G allocations: 4.708 TiB, 18.15% gc time)
[2023-01-09T12:32:19.647]Completed Shot 4, state 45
2175.758447 seconds (1.93 G allocations: 4.708 TiB, 18.15% gc time)
[2023-01-09T12:32:19.806]Completed Shot 4, state 32
2175.868193 seconds (1.93 G allocations: 4.709 TiB, 18.15% gc time)
[2023-01-09T12:32:19.914]Completed Shot 4, state 1
2176.115031 seconds (1.93 G allocations: 4.710 TiB, 18.15% gc time)
[2023-01-09T12:32:20.163]Completed Shot 4, state 41
2176.183644 seconds (1.93 G allocations: 4.710 TiB, 18.15% gc time)
[2023-01-09T12:32:20.232]Completed Shot 4, state 42
2176.306204 seconds (1.93 G allocations: 4.710 TiB, 18.15% gc time)
[2023-01-09T12:32:20.354]Completed Shot 4, state 23
2176.306796 seconds (1.93 G allocations: 4.710 TiB, 18.15% gc time)
[2023-01-09T12:32:20.355]Completed Shot 4, state 38
2176.766886 seconds (1.93 G allocations: 4.712 TiB, 18.14% gc time)
[2023-01-09T12:32:20.816]Completed Shot 4, state 50
2176.920671 seconds (1.93 G allocations: 4.713 TiB, 18.14% gc time)
[2023-01-09T12:32:20.967]Completed Shot 4, state 14
2177.122352 seconds (1.93 G allocations: 4.713 TiB, 18.14% gc time)
[2023-01-09T12:32:21.168]Completed Shot 4, state 2
2177.715183 seconds (1.93 G allocations: 4.714 TiB, 18.16% gc time)
[2023-01-09T12:32:21.762]Completed Shot 4, state 15
2177.825287 seconds (1.93 G allocations: 4.714 TiB, 18.16% gc time)
[2023-01-09T12:32:21.872]Completed Shot 4, state 17
2177.864065 seconds (1.93 G allocations: 4.714 TiB, 18.16% gc time)
[2023-01-09T12:32:21.911]Completed Shot 4, state 16
2177.890200 seconds (1.93 G allocations: 4.714 TiB, 18.16% gc time)
[2023-01-09T12:32:21.937]Completed Shot 4, state 12
2177.955645 seconds (1.93 G allocations: 4.715 TiB, 18.16% gc time)
[2023-01-09T12:32:22.004]Completed Shot 4, state 46
2178.000500 seconds (1.93 G allocations: 4.715 TiB, 18.15% gc time)
[2023-01-09T12:32:22.048]Completed Shot 4, state 29
2178.046225 seconds (1.93 G allocations: 4.715 TiB, 18.15% gc time)
[2023-01-09T12:32:22.094]Completed Shot 4, state 26
2178.482615 seconds (1.93 G allocations: 4.716 TiB, 18.15% gc time)
[2023-01-09T12:32:22.530]Completed Shot 4, state 25
2178.516213 seconds (1.93 G allocations: 4.716 TiB, 18.15% gc time)
[2023-01-09T12:32:22.564]Completed Shot 4, state 36
2178.517023 seconds (1.93 G allocations: 4.716 TiB, 18.15% gc time)
[2023-01-09T12:32:22.565]Completed Shot 4, state 44
2179.627593 seconds (1.93 G allocations: 4.718 TiB, 18.16% gc time)
[2023-01-09T12:32:23.674]Completed Shot 4, state 9
2179.659270 seconds (1.93 G allocations: 4.718 TiB, 18.16% gc time)
[2023-01-09T12:32:23.707]Completed Shot 4, state 35
2179.670383 seconds (1.93 G allocations: 4.718 TiB, 18.16% gc time)
[2023-01-09T12:32:23.718]Completed Shot 4, state 21
2179.713547 seconds (1.93 G allocations: 4.718 TiB, 18.16% gc time)
[2023-01-09T12:32:23.762]Completed Shot 4, state 40
2180.056378 seconds (1.93 G allocations: 4.719 TiB, 18.15% gc time)
[2023-01-09T12:32:24.103]Completed Shot 4, state 13
2180.136777 seconds (1.93 G allocations: 4.719 TiB, 18.15% gc time)
[2023-01-09T12:32:24.183]Completed Shot 4, state 8
2180.489961 seconds (1.93 G allocations: 4.719 TiB, 18.15% gc time)
[2023-01-09T12:32:24.538]Completed Shot 4, state 34
2180.612638 seconds (1.93 G allocations: 4.719 TiB, 18.15% gc time)
[2023-01-09T12:32:24.661]Completed Shot 4, state 39
2180.911235 seconds (1.93 G allocations: 4.720 TiB, 18.15% gc time)
[2023-01-09T12:32:24.959]Completed Shot 4, state 49
2181.000057 seconds (1.93 G allocations: 4.720 TiB, 18.14% gc time)
[2023-01-09T12:32:25.047]Completed Shot 4, state 24
2181.057688 seconds (1.93 G allocations: 4.720 TiB, 18.14% gc time)
[2023-01-09T12:32:25.105]Completed Shot 4, state 27
2181.157574 seconds (1.93 G allocations: 4.720 TiB, 18.14% gc time)
[2023-01-09T12:32:25.205]Completed Shot 4, state 19
2182.567866 seconds (1.93 G allocations: 4.721 TiB, 18.14% gc time)
[2023-01-09T12:32:26.616]Completed Shot 4, state 47
2182.866692 seconds (1.93 G allocations: 4.721 TiB, 18.14% gc time)
[2023-01-09T12:32:26.913]Completed Shot 4, state 6
2183.523989 seconds (1.93 G allocations: 4.721 TiB, 18.13% gc time)
[2023-01-09T12:32:27.572]Completed Shot 4, state 31
2184.444810 seconds (1.93 G allocations: 4.721 TiB, 18.12% gc time)
[2023-01-09T12:32:28.492]Completed Shot 4, state 20
2329.780286 seconds (2.35 G allocations: 5.674 TiB, 20.41% gc time)
[2023-01-09T13:11:18.275]Completed Shot 5, state 20
2331.385070 seconds (2.36 G allocations: 5.681 TiB, 20.40% gc time)
[2023-01-09T13:11:19.881]Completed Shot 5, state 35
2331.442039 seconds (2.36 G allocations: 5.681 TiB, 20.40% gc time)
[2023-01-09T13:11:19.938]Completed Shot 5, state 42
2331.902299 seconds (2.36 G allocations: 5.683 TiB, 20.39% gc time)
[2023-01-09T13:11:20.397]Completed Shot 5, state 14
2332.116446 seconds (2.36 G allocations: 5.684 TiB, 20.39% gc time)
[2023-01-09T13:11:20.611]Completed Shot 5, state 16
2332.669077 seconds (2.36 G allocations: 5.687 TiB, 20.39% gc time)
[2023-01-09T13:11:21.164]Completed Shot 5, state 15
2333.149919 seconds (2.36 G allocations: 5.689 TiB, 20.38% gc time)
[2023-01-09T13:11:21.645]Completed Shot 5, state 21
2333.235261 seconds (2.36 G allocations: 5.689 TiB, 20.38% gc time)
[2023-01-09T13:11:21.731]Completed Shot 5, state 29
2333.365427 seconds (2.36 G allocations: 5.690 TiB, 20.38% gc time)
[2023-01-09T13:11:21.861]Completed Shot 5, state 40
2333.833025 seconds (2.36 G allocations: 5.692 TiB, 20.38% gc time)
[2023-01-09T13:11:22.327]Completed Shot 5, state 10
2333.845870 seconds (2.36 G allocations: 5.692 TiB, 20.38% gc time)
[2023-01-09T13:11:22.341]Completed Shot 5, state 23
2333.899989 seconds (2.36 G allocations: 5.692 TiB, 20.38% gc time)
[2023-01-09T13:11:22.394]Completed Shot 5, state 9
2333.976281 seconds (2.36 G allocations: 5.692 TiB, 20.37% gc time)
[2023-01-09T13:11:22.473]Completed Shot 5, state 38
2334.058775 seconds (2.36 G allocations: 5.693 TiB, 20.37% gc time)
[2023-01-09T13:11:22.552]Completed Shot 5, state 3
2335.719250 seconds (2.36 G allocations: 5.693 TiB, 20.43% gc time)
[2023-01-09T13:11:24.215]Completed Shot 5, state 49
2335.729196 seconds (2.36 G allocations: 5.693 TiB, 20.43% gc time)
[2023-01-09T13:11:24.223]Completed Shot 5, state 8
2335.739622 seconds (2.36 G allocations: 5.693 TiB, 20.43% gc time)
[2023-01-09T13:11:24.233]Completed Shot 5, state 6
2336.023293 seconds (2.36 G allocations: 5.694 TiB, 20.42% gc time)
[2023-01-09T13:11:24.519]Completed Shot 5, state 22
2336.325805 seconds (2.36 G allocations: 5.695 TiB, 20.42% gc time)
[2023-01-09T13:11:24.820]Completed Shot 5, state 13
2336.675655 seconds (2.36 G allocations: 5.697 TiB, 20.42% gc time)
[2023-01-09T13:11:25.171]Completed Shot 5, state 25
2336.863107 seconds (2.36 G allocations: 5.697 TiB, 20.42% gc time)
[2023-01-09T13:11:25.357]Completed Shot 5, state 4
2337.195502 seconds (2.36 G allocations: 5.699 TiB, 20.41% gc time)
[2023-01-09T13:11:25.691]Completed Shot 5, state 26
2337.208417 seconds (2.36 G allocations: 5.699 TiB, 20.41% gc time)
[2023-01-09T13:11:25.704]Completed Shot 5, state 30
2337.241299 seconds (2.36 G allocations: 5.699 TiB, 20.41% gc time)
[2023-01-09T13:11:25.737]Completed Shot 5, state 48
2337.302558 seconds (2.36 G allocations: 5.699 TiB, 20.41% gc time)
[2023-01-09T13:11:25.796]Completed Shot 5, state 7
2337.459951 seconds (2.36 G allocations: 5.700 TiB, 20.41% gc time)
[2023-01-09T13:11:25.956]Completed Shot 5, state 45
2337.497930 seconds (2.36 G allocations: 5.700 TiB, 20.41% gc time)
[2023-01-09T13:11:25.991]Completed Shot 5, state 1
2337.499472 seconds (2.36 G allocations: 5.700 TiB, 20.41% gc time)
[2023-01-09T13:11:25.993]Completed Shot 5, state 2
2337.604380 seconds (2.36 G allocations: 5.700 TiB, 20.41% gc time)
[2023-01-09T13:11:26.100]Completed Shot 5, state 37
2337.805038 seconds (2.36 G allocations: 5.701 TiB, 20.41% gc time)
[2023-01-09T13:11:26.299]Completed Shot 5, state 11
2337.909771 seconds (2.36 G allocations: 5.701 TiB, 20.41% gc time)
[2023-01-09T13:11:26.406]Completed Shot 5, state 43
2337.948119 seconds (2.36 G allocations: 5.702 TiB, 20.41% gc time)
[2023-01-09T13:11:26.442]Completed Shot 5, state 12
2337.954954 seconds (2.36 G allocations: 5.702 TiB, 20.41% gc time)
[2023-01-09T13:11:26.451]Completed Shot 5, state 39
2338.963467 seconds (2.36 G allocations: 5.702 TiB, 20.43% gc time)
[2023-01-09T13:11:27.459]Completed Shot 5, state 27
2339.084884 seconds (2.36 G allocations: 5.703 TiB, 20.42% gc time)
[2023-01-09T13:11:27.580]Completed Shot 5, state 24
2339.185535 seconds (2.36 G allocations: 5.703 TiB, 20.42% gc time)
[2023-01-09T13:11:27.681]Completed Shot 5, state 34
2339.191698 seconds (2.36 G allocations: 5.703 TiB, 20.42% gc time)
[2023-01-09T13:11:27.688]Completed Shot 5, state 36
2339.287498 seconds (2.36 G allocations: 5.703 TiB, 20.42% gc time)
[2023-01-09T13:11:27.783]Completed Shot 5, state 44
2339.337129 seconds (2.36 G allocations: 5.703 TiB, 20.42% gc time)
[2023-01-09T13:11:27.833]Completed Shot 5, state 50
2339.570278 seconds (2.36 G allocations: 5.704 TiB, 20.42% gc time)
[2023-01-09T13:11:28.066]Completed Shot 5, state 46
2339.851515 seconds (2.36 G allocations: 5.704 TiB, 20.42% gc time)
[2023-01-09T13:11:28.347]Completed Shot 5, state 41
2340.013365 seconds (2.36 G allocations: 5.705 TiB, 20.42% gc time)
[2023-01-09T13:11:28.507]Completed Shot 5, state 5
2340.168360 seconds (2.37 G allocations: 5.705 TiB, 20.41% gc time)
[2023-01-09T13:11:28.664]Completed Shot 5, state 32
2340.412689 seconds (2.37 G allocations: 5.705 TiB, 20.41% gc time)
[2023-01-09T13:11:28.907]Completed Shot 5, state 17
2340.601369 seconds (2.37 G allocations: 5.705 TiB, 20.41% gc time)
[2023-01-09T13:11:29.097]Completed Shot 5, state 47
2340.823500 seconds (2.37 G allocations: 5.705 TiB, 20.41% gc time)
[2023-01-09T13:11:29.319]Completed Shot 5, state 33
2341.382040 seconds (2.37 G allocations: 5.706 TiB, 20.41% gc time)
[2023-01-09T13:11:29.877]Completed Shot 5, state 28
2341.472145 seconds (2.37 G allocations: 5.706 TiB, 20.41% gc time)
[2023-01-09T13:11:29.968]Completed Shot 5, state 31
  Activating project at `/gpfs/bwfor/work/ws/hd_ku269-light_cones/WorkingFolder`
2342.656512 seconds (2.37 G allocations: 5.706 TiB, 20.40% gc time)
[2023-01-09T13:11:31.152]Completed Shot 5, state 18
2343.241043 seconds (2.37 G allocations: 5.706 TiB, 20.39% gc time)
[2023-01-09T13:11:31.736]Completed Shot 5, state 19
2199.213490 seconds (2.01 G allocations: 4.885 TiB, 18.64% gc time)
[2023-01-09T13:48:10.954]Completed Shot 6, state 28
2199.615476 seconds (2.01 G allocations: 4.887 TiB, 18.64% gc time)
[2023-01-09T13:48:11.357]Completed Shot 6, state 37
2201.131759 seconds (2.01 G allocations: 4.888 TiB, 18.67% gc time)
[2023-01-09T13:48:12.872]Completed Shot 6, state 38
2201.140694 seconds (2.01 G allocations: 4.889 TiB, 18.67% gc time)
[2023-01-09T13:48:12.880]Completed Shot 6, state 18
2201.431146 seconds (2.01 G allocations: 4.890 TiB, 18.67% gc time)
[2023-01-09T13:48:13.170]Completed Shot 6, state 10
2201.744261 seconds (2.01 G allocations: 4.891 TiB, 18.66% gc time)
[2023-01-09T13:48:13.482]Completed Shot 6, state 4
2202.056979 seconds (2.01 G allocations: 4.892 TiB, 18.66% gc time)
[2023-01-09T13:48:13.799]Completed Shot 6, state 48
2202.237260 seconds (2.01 G allocations: 4.893 TiB, 18.66% gc time)
[2023-01-09T13:48:13.978]Completed Shot 6, state 42
2202.404774 seconds (2.01 G allocations: 4.894 TiB, 18.66% gc time)
[2023-01-09T13:48:14.145]Completed Shot 6, state 15
2203.105492 seconds (2.01 G allocations: 4.897 TiB, 18.65% gc time)
[2023-01-09T13:48:14.844]Completed Shot 6, state 13
2203.141782 seconds (2.01 G allocations: 4.897 TiB, 18.65% gc time)
[2023-01-09T13:48:14.880]Completed Shot 6, state 16
2203.234319 seconds (2.01 G allocations: 4.897 TiB, 18.65% gc time)
[2023-01-09T13:48:14.974]Completed Shot 6, state 32
2204.289988 seconds (2.01 G allocations: 4.898 TiB, 18.68% gc time)
[2023-01-09T13:48:16.029]Completed Shot 6, state 19
2204.665637 seconds (2.01 G allocations: 4.900 TiB, 18.68% gc time)
2204.667295 seconds (2.01 G allocations: 4.900 TiB, 18.68% gc time)
[2023-01-09T13:48:16.406]Completed Shot 6, state 40
[2023-01-09T13:48:16.407]Completed Shot 6, state 20
2204.708655 seconds (2.01 G allocations: 4.900 TiB, 18.68% gc time)
[2023-01-09T13:48:16.449]Completed Shot 6, state 36
2204.968029 seconds (2.01 G allocations: 4.901 TiB, 18.67% gc time)
[2023-01-09T13:48:16.706]Completed Shot 6, state 6
2205.080956 seconds (2.01 G allocations: 4.901 TiB, 18.67% gc time)
[2023-01-09T13:48:16.821]Completed Shot 6, state 25
2205.392573 seconds (2.01 G allocations: 4.902 TiB, 18.67% gc time)
[2023-01-09T13:48:17.133]Completed Shot 6, state 33
2205.397705 seconds (2.01 G allocations: 4.902 TiB, 18.67% gc time)
[2023-01-09T13:48:17.137]Completed Shot 6, state 24
2205.434175 seconds (2.01 G allocations: 4.903 TiB, 18.67% gc time)
[2023-01-09T13:48:17.175]Completed Shot 6, state 47
2205.720601 seconds (2.01 G allocations: 4.904 TiB, 18.67% gc time)
[2023-01-09T13:48:17.459]Completed Shot 6, state 7
2205.746082 seconds (2.01 G allocations: 4.904 TiB, 18.67% gc time)
[2023-01-09T13:48:17.487]Completed Shot 6, state 45
2205.817237 seconds (2.01 G allocations: 4.904 TiB, 18.67% gc time)
[2023-01-09T13:48:17.558]Completed Shot 6, state 34
2205.877282 seconds (2.01 G allocations: 4.904 TiB, 18.67% gc time)
[2023-01-09T13:48:17.615]Completed Shot 6, state 5
2206.543374 seconds (2.01 G allocations: 4.905 TiB, 18.68% gc time)
[2023-01-09T13:48:18.284]Completed Shot 6, state 50
2206.631326 seconds (2.01 G allocations: 4.905 TiB, 18.68% gc time)
[2023-01-09T13:48:18.372]Completed Shot 6, state 49
2206.782632 seconds (2.01 G allocations: 4.906 TiB, 18.68% gc time)
[2023-01-09T13:48:18.523]Completed Shot 6, state 31
2206.880712 seconds (2.01 G allocations: 4.906 TiB, 18.68% gc time)
[2023-01-09T13:48:18.622]Completed Shot 6, state 41
2206.939912 seconds (2.01 G allocations: 4.906 TiB, 18.68% gc time)
[2023-01-09T13:48:18.678]Completed Shot 6, state 8
2207.044850 seconds (2.02 G allocations: 4.906 TiB, 18.68% gc time)
[2023-01-09T13:48:18.783]Completed Shot 6, state 1
2207.136579 seconds (2.02 G allocations: 4.907 TiB, 18.68% gc time)
[2023-01-09T13:48:18.876]Completed Shot 6, state 22
2207.136898 seconds (2.02 G allocations: 4.907 TiB, 18.68% gc time)
[2023-01-09T13:48:18.877]Completed Shot 6, state 35
2207.305808 seconds (2.02 G allocations: 4.907 TiB, 18.68% gc time)
[2023-01-09T13:48:19.047]Completed Shot 6, state 46
2207.400121 seconds (2.02 G allocations: 4.907 TiB, 18.67% gc time)
[2023-01-09T13:48:19.140]Completed Shot 6, state 30
2207.419078 seconds (2.02 G allocations: 4.907 TiB, 18.67% gc time)
[2023-01-09T13:48:19.158]Completed Shot 6, state 23
2207.602782 seconds (2.02 G allocations: 4.908 TiB, 18.67% gc time)
[2023-01-09T13:48:19.343]Completed Shot 6, state 39
2207.742713 seconds (2.02 G allocations: 4.908 TiB, 18.67% gc time)
[2023-01-09T13:48:19.480]Completed Shot 6, state 2
2207.770071 seconds (2.02 G allocations: 4.908 TiB, 18.67% gc time)
[2023-01-09T13:48:19.508]Completed Shot 6, state 3
2207.871040 seconds (2.02 G allocations: 4.908 TiB, 18.67% gc time)
[2023-01-09T13:48:19.611]Completed Shot 6, state 29
2207.927574 seconds (2.02 G allocations: 4.908 TiB, 18.67% gc time)
[2023-01-09T13:48:19.668]Completed Shot 6, state 43
2208.302700 seconds (2.02 G allocations: 4.909 TiB, 18.68% gc time)
[2023-01-09T13:48:20.043]Completed Shot 6, state 44
2208.312996 seconds (2.02 G allocations: 4.909 TiB, 18.68% gc time)
[2023-01-09T13:48:20.053]Completed Shot 6, state 27
2208.326924 seconds (2.02 G allocations: 4.909 TiB, 18.68% gc time)
2208.327952 seconds (2.02 G allocations: 4.909 TiB, 18.68% gc time)
[[2023-01-09T13:48:20.066]Completed Shot 6, state 9
2023-01-09T13:48:20.066]Completed Shot 6, state 21
2208.879851 seconds (2.02 G allocations: 4.909 TiB, 18.67% gc time)
[2023-01-09T13:48:20.619]Completed Shot 6, state 17
2209.981508 seconds (2.02 G allocations: 4.910 TiB, 18.67% gc time)
[2023-01-09T13:48:21.720]Completed Shot 6, state 12
2210.009985 seconds (2.02 G allocations: 4.910 TiB, 18.67% gc time)
[2023-01-09T13:48:21.749]Completed Shot 6, state 26
2211.036885 seconds (2.02 G allocations: 4.910 TiB, 18.66% gc time)
[2023-01-09T13:48:22.775]Completed Shot 6, state 14
2212.681772 seconds (2.02 G allocations: 4.910 TiB, 18.65% gc time)
[2023-01-09T13:48:24.420]Completed Shot 6, state 11
2456.693562 seconds (2.72 G allocations: 6.517 TiB, 22.43% gc time)
[2023-01-09T14:29:21.123]Completed Shot 7, state 31
2457.005228 seconds (2.72 G allocations: 6.518 TiB, 22.43% gc time)
[2023-01-09T14:29:21.433]Completed Shot 7, state 38
2460.198705 seconds (2.72 G allocations: 6.526 TiB, 22.46% gc time)
[2023-01-09T14:29:24.621]Completed Shot 7, state 2
2461.192567 seconds (2.73 G allocations: 6.531 TiB, 22.45% gc time)
[2023-01-09T14:29:25.617]Completed Shot 7, state 12
2461.313215 seconds (2.73 G allocations: 6.532 TiB, 22.45% gc time)
[2023-01-09T14:29:25.737]Completed Shot 7, state 8
2461.446220 seconds (2.73 G allocations: 6.532 TiB, 22.45% gc time)
[2023-01-09T14:29:25.874]Completed Shot 7, state 26
2461.868111 seconds (2.73 G allocations: 6.534 TiB, 22.45% gc time)
[2023-01-09T14:29:26.290]Completed Shot 7, state 1
2461.960060 seconds (2.73 G allocations: 6.535 TiB, 22.45% gc time)
[2023-01-09T14:29:26.385]Completed Shot 7, state 15
2462.078229 seconds (2.73 G allocations: 6.535 TiB, 22.45% gc time)
[2023-01-09T14:29:26.501]Completed Shot 7, state 7
2464.117347 seconds (2.73 G allocations: 6.538 TiB, 22.48% gc time)
[2023-01-09T14:29:28.542]Completed Shot 7, state 13
2464.146013 seconds (2.73 G allocations: 6.538 TiB, 22.48% gc time)
[2023-01-09T14:29:28.574]Completed Shot 7, state 47
2464.157659 seconds (2.73 G allocations: 6.539 TiB, 22.48% gc time)
[2023-01-09T14:29:28.586]Completed Shot 7, state 50
2464.192912 seconds (2.73 G allocations: 6.539 TiB, 22.48% gc time)
[2023-01-09T14:29:28.621]Completed Shot 7, state 28
2464.199938 seconds (2.73 G allocations: 6.539 TiB, 22.48% gc time)
[2023-01-09T14:29:28.626]Completed Shot 7, state 20
2464.262065 seconds (2.73 G allocations: 6.539 TiB, 22.48% gc time)
[2023-01-09T14:29:28.691]Completed Shot 7, state 45
2464.415412 seconds (2.73 G allocations: 6.540 TiB, 22.48% gc time)
[2023-01-09T14:29:28.840]Completed Shot 7, state 11
2464.625594 seconds (2.73 G allocations: 6.541 TiB, 22.48% gc time)
[2023-01-09T14:29:29.055]Completed Shot 7, state 42
2464.834630 seconds (2.73 G allocations: 6.541 TiB, 22.48% gc time)
[2023-01-09T14:29:29.258]Completed Shot 7, state 5
2464.878855 seconds (2.73 G allocations: 6.542 TiB, 22.48% gc time)
[2023-01-09T14:29:29.302]Completed Shot 7, state 6
2465.021820 seconds (2.73 G allocations: 6.542 TiB, 22.47% gc time)
[2023-01-09T14:29:29.447]Completed Shot 7, state 16
2465.354143 seconds (2.73 G allocations: 6.544 TiB, 22.47% gc time)
[2023-01-09T14:29:29.783]Completed Shot 7, state 48
2465.462453 seconds (2.73 G allocations: 6.544 TiB, 22.47% gc time)
[2023-01-09T14:29:29.889]Completed Shot 7, state 21
2465.502777 seconds (2.73 G allocations: 6.544 TiB, 22.47% gc time)
[2023-01-09T14:29:29.931]Completed Shot 7, state 43
2465.531509 seconds (2.73 G allocations: 6.544 TiB, 22.47% gc time)
[2023-01-09T14:29:29.959]Completed Shot 7, state 25
2465.788339 seconds (2.73 G allocations: 6.545 TiB, 22.47% gc time)
[2023-01-09T14:29:30.216]Completed Shot 7, state 33
2465.869538 seconds (2.73 G allocations: 6.546 TiB, 22.47% gc time)
[2023-01-09T14:29:30.297]Completed Shot 7, state 32
2465.966093 seconds (2.73 G allocations: 6.546 TiB, 22.47% gc time)
[2023-01-09T14:29:30.392]Completed Shot 7, state 17
2466.016556 seconds (2.73 G allocations: 6.546 TiB, 22.47% gc time)
[2023-01-09T14:29:30.443]Completed Shot 7, state 22
2466.314745 seconds (2.73 G allocations: 6.547 TiB, 22.46% gc time)
[2023-01-09T14:29:30.739]Completed Shot 7, state 10
2466.357619 seconds (2.73 G allocations: 6.547 TiB, 22.46% gc time)
[2023-01-09T14:29:30.786]Completed Shot 7, state 34
2466.365621 seconds (2.73 G allocations: 6.547 TiB, 22.46% gc time)
[2023-01-09T14:29:30.794]Completed Shot 7, state 49
2466.428414 seconds (2.73 G allocations: 6.548 TiB, 22.46% gc time)
[2023-01-09T14:29:30.856]Completed Shot 7, state 30
2467.366795 seconds (2.73 G allocations: 6.548 TiB, 22.48% gc time)
[2023-01-09T14:29:31.792]Completed Shot 7, state 19
2467.621102 seconds (2.73 G allocations: 6.549 TiB, 22.48% gc time)
[2023-01-09T14:29:32.048]Completed Shot 7, state 24
2467.689366 seconds (2.73 G allocations: 6.549 TiB, 22.48% gc time)
[2023-01-09T14:29:32.118]Completed Shot 7, state 44
2467.777208 seconds (2.73 G allocations: 6.549 TiB, 22.48% gc time)
[2023-01-09T14:29:32.205]Completed Shot 7, state 29
2467.908020 seconds (2.73 G allocations: 6.550 TiB, 22.48% gc time)
[2023-01-09T14:29:32.331]Completed Shot 7, state 4
2467.961418 seconds (2.73 G allocations: 6.550 TiB, 22.48% gc time)
[2023-01-09T14:29:32.386]Completed Shot 7, state 14
2468.198500 seconds (2.73 G allocations: 6.550 TiB, 22.48% gc time)
[2023-01-09T14:29:32.627]Completed Shot 7, state 46
2468.227853 seconds (2.73 G allocations: 6.550 TiB, 22.48% gc time)
[2023-01-09T14:29:32.656]Completed Shot 7, state 39
2468.233466 seconds (2.73 G allocations: 6.550 TiB, 22.48% gc time)
[2023-01-09T14:29:32.662]Completed Shot 7, state 41
2468.634931 seconds (2.73 G allocations: 6.551 TiB, 22.47% gc time)
[2023-01-09T14:29:33.057]Completed Shot 7, state 3
2468.683921 seconds (2.73 G allocations: 6.551 TiB, 22.47% gc time)
[2023-01-09T14:29:33.111]Completed Shot 7, state 23
2469.065281 seconds (2.73 G allocations: 6.551 TiB, 22.47% gc time)
[2023-01-09T14:29:33.493]Completed Shot 7, state 36
2469.109872 seconds (2.73 G allocations: 6.551 TiB, 22.47% gc time)
[2023-01-09T14:29:33.535]Completed Shot 7, state 18
2469.135502 seconds (2.73 G allocations: 6.551 TiB, 22.47% gc time)
[2023-01-09T14:29:33.564]Completed Shot 7, state 40
2469.232471 seconds (2.73 G allocations: 6.552 TiB, 22.47% gc time)
[2023-01-09T14:29:33.660]Completed Shot 7, state 37
2469.984737 seconds (2.73 G allocations: 6.552 TiB, 22.47% gc time)
[2023-01-09T14:29:34.412]Completed Shot 7, state 27
2470.297087 seconds (2.73 G allocations: 6.552 TiB, 22.47% gc time)
[2023-01-09T14:29:34.725]Completed Shot 7, state 35
2470.599620 seconds (2.73 G allocations: 6.552 TiB, 22.46% gc time)
[2023-01-09T14:29:35.023]Completed Shot 7, state 9
2147.494222 seconds (1.98 G allocations: 4.826 TiB, 18.61% gc time)
[2023-01-09T15:05:22.525]Completed Shot 8, state 48
2157.096296 seconds (1.99 G allocations: 4.856 TiB, 18.63% gc time)
[2023-01-09T15:05:32.122]Completed Shot 8, state 8
2160.038227 seconds (2.00 G allocations: 4.864 TiB, 18.66% gc time)
[2023-01-09T15:05:35.066]Completed Shot 8, state 32
2160.046175 seconds (2.00 G allocations: 4.864 TiB, 18.66% gc time)
[2023-01-09T15:05:35.075]Completed Shot 8, state 38
2160.515983 seconds (2.00 G allocations: 4.866 TiB, 18.65% gc time)
[2023-01-09T15:05:35.541]Completed Shot 8, state 3
2160.718433 seconds (2.00 G allocations: 4.866 TiB, 18.65% gc time)
[2023-01-09T15:05:35.745]Completed Shot 8, state 24
2160.736070 seconds (2.00 G allocations: 4.866 TiB, 18.65% gc time)
[2023-01-09T15:05:35.762]Completed Shot 8, state 5
2160.903318 seconds (2.00 G allocations: 4.867 TiB, 18.65% gc time)
[2023-01-09T15:05:35.932]Completed Shot 8, state 46
2160.946259 seconds (2.00 G allocations: 4.867 TiB, 18.65% gc time)
[2023-01-09T15:05:35.974]Completed Shot 8, state 31
2160.947489 seconds (2.00 G allocations: 4.867 TiB, 18.65% gc time)
[2023-01-09T15:05:35.976]Completed Shot 8, state 43
2162.472696 seconds (2.00 G allocations: 4.870 TiB, 18.68% gc time)
[2023-01-09T15:05:37.500]Completed Shot 8, state 21
2162.477820 seconds (2.00 G allocations: 4.870 TiB, 18.68% gc time)
[2023-01-09T15:05:37.505]Completed Shot 8, state 30
2162.598084 seconds (2.00 G allocations: 4.870 TiB, 18.68% gc time)
[2023-01-09T15:05:37.625]Completed Shot 8, state 22
2162.663990 seconds (2.00 G allocations: 4.870 TiB, 18.68% gc time)
[2023-01-09T15:05:37.689]Completed Shot 8, state 6
2162.978613 seconds (2.00 G allocations: 4.872 TiB, 18.67% gc time)
[2023-01-09T15:05:38.007]Completed Shot 8, state 34
2163.072488 seconds (2.00 G allocations: 4.872 TiB, 18.67% gc time)
[2023-01-09T15:05:38.099]Completed Shot 8, state 12
2163.379077 seconds (2.00 G allocations: 4.873 TiB, 18.67% gc time)
[2023-01-09T15:05:38.408]Completed Shot 8, state 47
2163.406934 seconds (2.00 G allocations: 4.873 TiB, 18.67% gc time)
[2023-01-09T15:05:38.433]Completed Shot 8, state 13
2163.543847 seconds (2.00 G allocations: 4.874 TiB, 18.67% gc time)
[2023-01-09T15:05:38.572]Completed Shot 8, state 44
2163.867611 seconds (2.00 G allocations: 4.875 TiB, 18.67% gc time)
[2023-01-09T15:05:38.895]Completed Shot 8, state 36
2164.028490 seconds (2.00 G allocations: 4.875 TiB, 18.67% gc time)
[2023-01-09T15:05:39.055]Completed Shot 8, state 10
2165.273007 seconds (2.00 G allocations: 4.878 TiB, 18.68% gc time)
[2023-01-09T15:05:40.301]Completed Shot 8, state 41
2165.367859 seconds (2.00 G allocations: 4.878 TiB, 18.68% gc time)
[2023-01-09T15:05:40.394]Completed Shot 8, state 9
2165.374814 seconds (2.00 G allocations: 4.878 TiB, 18.68% gc time)
[2023-01-09T15:05:40.401]Completed Shot 8, state 17
2165.413763 seconds (2.00 G allocations: 4.878 TiB, 18.68% gc time)
[2023-01-09T15:05:40.440]Completed Shot 8, state 18
2165.624471 seconds (2.00 G allocations: 4.879 TiB, 18.68% gc time)
2165.623062 seconds (2.00 G allocations: 4.879 TiB, 18.68% gc time)
[2023-01-09T15:05:40.651]Completed Shot 8, state 15
[2023-01-09T15:05:40.651]Completed Shot 8, state 35
2165.683771 seconds (2.00 G allocations: 4.879 TiB, 18.68% gc time)
[2023-01-09T15:05:40.711]Completed Shot 8, state 27
2165.748438 seconds (2.00 G allocations: 4.879 TiB, 18.68% gc time)
[2023-01-09T15:05:40.777]Completed Shot 8, state 42
2166.144052 seconds (2.00 G allocations: 4.880 TiB, 18.67% gc time)
[2023-01-09T15:05:41.171]Completed Shot 8, state 23
2166.281631 seconds (2.00 G allocations: 4.881 TiB, 18.67% gc time)
[2023-01-09T15:05:41.308]Completed Shot 8, state 14
2166.329796 seconds (2.00 G allocations: 4.881 TiB, 18.67% gc time)
[2023-01-09T15:05:41.358]Completed Shot 8, state 33
2166.531076 seconds (2.00 G allocations: 4.882 TiB, 18.67% gc time)
[2023-01-09T15:05:41.558]Completed Shot 8, state 19
2167.042779 seconds (2.00 G allocations: 4.882 TiB, 18.68% gc time)
[2023-01-09T15:05:42.069]Completed Shot 8, state 11
2167.114225 seconds (2.00 G allocations: 4.882 TiB, 18.68% gc time)
[2023-01-09T15:05:42.142]Completed Shot 8, state 40
2167.143486 seconds (2.00 G allocations: 4.882 TiB, 18.68% gc time)
[2023-01-09T15:05:42.172]Completed Shot 8, state 45
2167.209583 seconds (2.00 G allocations: 4.882 TiB, 18.68% gc time)
[2023-01-09T15:05:42.237]Completed Shot 8, state 37
2167.280650 seconds (2.00 G allocations: 4.882 TiB, 18.68% gc time)
[2023-01-09T15:05:42.306]Completed Shot 8, state 4
2167.542967 seconds (2.01 G allocations: 4.883 TiB, 18.68% gc time)
[2023-01-09T15:05:42.571]Completed Shot 8, state 49
2167.611173 seconds (2.01 G allocations: 4.883 TiB, 18.67% gc time)
[2023-01-09T15:05:42.636]Completed Shot 8, state 1
2167.827658 seconds (2.01 G allocations: 4.883 TiB, 18.67% gc time)
[2023-01-09T15:05:42.855]Completed Shot 8, state 29
2167.876099 seconds (2.01 G allocations: 4.884 TiB, 18.67% gc time)
[2023-01-09T15:05:42.903]Completed Shot 8, state 28
2167.962406 seconds (2.01 G allocations: 4.884 TiB, 18.67% gc time)
[2023-01-09T15:05:42.989]Completed Shot 8, state 16
2168.159550 seconds (2.01 G allocations: 4.884 TiB, 18.67% gc time)
[2023-01-09T15:05:43.187]Completed Shot 8, state 26
2168.536978 seconds (2.01 G allocations: 4.884 TiB, 18.67% gc time)
[2023-01-09T15:05:43.565]Completed Shot 8, state 50
2169.186035 seconds (2.01 G allocations: 4.885 TiB, 18.67% gc time)
[2023-01-09T15:05:44.211]Completed Shot 8, state 7
2169.638510 seconds (2.01 G allocations: 4.885 TiB, 18.66% gc time)
[2023-01-09T15:05:44.667]Completed Shot 8, state 39
2170.593183 seconds (2.01 G allocations: 4.885 TiB, 18.66% gc time)
[2023-01-09T15:05:45.618]Completed Shot 8, state 2
2171.067183 seconds (2.01 G allocations: 4.885 TiB, 18.65% gc time)
[2023-01-09T15:05:46.094]Completed Shot 8, state 25
2171.744540 seconds (2.01 G allocations: 4.885 TiB, 18.65% gc time)
[2023-01-09T15:05:46.771]Completed Shot 8, state 20
2081.616111 seconds (1.83 G allocations: 4.467 TiB, 17.88% gc time)
[2023-01-09T15:40:28.394]Completed Shot 9, state 50
2083.524764 seconds (1.83 G allocations: 4.474 TiB, 17.87% gc time)
[2023-01-09T15:40:30.300]Completed Shot 9, state 30
2087.226843 seconds (1.83 G allocations: 4.481 TiB, 17.91% gc time)
[2023-01-09T15:40:34.003]Completed Shot 9, state 46
2087.238344 seconds (1.83 G allocations: 4.481 TiB, 17.91% gc time)
[2023-01-09T15:40:34.014]Completed Shot 9, state 27
2087.412719 seconds (1.83 G allocations: 4.482 TiB, 17.91% gc time)
[2023-01-09T15:40:34.188]Completed Shot 9, state 25
2087.461956 seconds (1.83 G allocations: 4.482 TiB, 17.91% gc time)
[2023-01-09T15:40:34.238]Completed Shot 9, state 47
2087.942106 seconds (1.83 G allocations: 4.484 TiB, 17.91% gc time)
[2023-01-09T15:40:34.719]Completed Shot 9, state 42
2088.024141 seconds (1.83 G allocations: 4.484 TiB, 17.90% gc time)
[2023-01-09T15:40:34.798]Completed Shot 9, state 12
2088.176095 seconds (1.83 G allocations: 4.485 TiB, 17.90% gc time)
[2023-01-09T15:40:34.952]Completed Shot 9, state 41
2088.199575 seconds (1.83 G allocations: 4.485 TiB, 17.90% gc time)
[2023-01-09T15:40:34.976]Completed Shot 9, state 31
2088.470056 seconds (1.83 G allocations: 4.486 TiB, 17.90% gc time)
[2023-01-09T15:40:35.246]Completed Shot 9, state 45
2088.496461 seconds (1.83 G allocations: 4.486 TiB, 17.90% gc time)
[2023-01-09T15:40:35.272]Completed Shot 9, state 40
2088.517886 seconds (1.83 G allocations: 4.486 TiB, 17.90% gc time)
[2023-01-09T15:40:35.294]Completed Shot 9, state 36
2088.868570 seconds (1.84 G allocations: 4.487 TiB, 17.90% gc time)
[2023-01-09T15:40:35.644]Completed Shot 9, state 23
2089.314299 seconds (1.84 G allocations: 4.489 TiB, 17.89% gc time)
[2023-01-09T15:40:36.089]Completed Shot 9, state 16
2089.466569 seconds (1.84 G allocations: 4.489 TiB, 17.89% gc time)
[2023-01-09T15:40:36.242]Completed Shot 9, state 18
2089.615510 seconds (1.84 G allocations: 4.490 TiB, 17.89% gc time)
[2023-01-09T15:40:36.391]Completed Shot 9, state 28
2090.162821 seconds (1.84 G allocations: 4.492 TiB, 17.89% gc time)
[2023-01-09T15:40:36.939]Completed Shot 9, state 35
2090.359280 seconds (1.84 G allocations: 4.492 TiB, 17.88% gc time)
[2023-01-09T15:40:37.134]Completed Shot 9, state 19
2090.381302 seconds (1.84 G allocations: 4.493 TiB, 17.88% gc time)
[2023-01-09T15:40:37.157]Completed Shot 9, state 33
2091.620748 seconds (1.84 G allocations: 4.493 TiB, 17.92% gc time)
[2023-01-09T15:40:38.394]Completed Shot 9, state 7
2091.801749 seconds (1.84 G allocations: 4.494 TiB, 17.92% gc time)
[2023-01-09T15:40:38.576]Completed Shot 9, state 8
2091.927431 seconds (1.84 G allocations: 4.494 TiB, 17.92% gc time)
[2023-01-09T15:40:38.702]Completed Shot 9, state 24
2091.969433 seconds (1.84 G allocations: 4.494 TiB, 17.92% gc time)
[2023-01-09T15:40:38.746]Completed Shot 9, state 48
2092.106556 seconds (1.84 G allocations: 4.495 TiB, 17.92% gc time)
[2023-01-09T15:40:38.882]Completed Shot 9, state 39
2092.121448 seconds (1.84 G allocations: 4.495 TiB, 17.92% gc time)
[2023-01-09T15:40:38.897]Completed Shot 9, state 29
2092.236521 seconds (1.84 G allocations: 4.495 TiB, 17.92% gc time)
[2023-01-09T15:40:39.013]Completed Shot 9, state 44
2092.268711 seconds (1.84 G allocations: 4.495 TiB, 17.92% gc time)
[2023-01-09T15:40:39.043]Completed Shot 9, state 17
2092.271049 seconds (1.84 G allocations: 4.495 TiB, 17.92% gc time)
[2023-01-09T15:40:39.044]Completed Shot 9, state 3
2092.619122 seconds (1.84 G allocations: 4.496 TiB, 17.91% gc time)
[2023-01-09T15:40:39.393]Completed Shot 9, state 9
2092.734242 seconds (1.84 G allocations: 4.496 TiB, 17.91% gc time)
[2023-01-09T15:40:39.508]Completed Shot 9, state 6
2092.946530 seconds (1.84 G allocations: 4.497 TiB, 17.91% gc time)
[2023-01-09T15:40:39.722]Completed Shot 9, state 26
2093.093629 seconds (1.84 G allocations: 4.497 TiB, 17.91% gc time)
[2023-01-09T15:40:39.867]Completed Shot 9, state 11
2093.146771 seconds (1.84 G allocations: 4.497 TiB, 17.91% gc time)
[2023-01-09T15:40:39.923]Completed Shot 9, state 37
2093.364870 seconds (1.84 G allocations: 4.498 TiB, 17.91% gc time)
[2023-01-09T15:40:40.139]Completed Shot 9, state 20
2093.701442 seconds (1.84 G allocations: 4.498 TiB, 17.90% gc time)
[2023-01-09T15:40:40.477]Completed Shot 9, state 32
2093.725161 seconds (1.84 G allocations: 4.499 TiB, 17.90% gc time)
[2023-01-09T15:40:40.498]Completed Shot 9, state 4
2093.831119 seconds (1.84 G allocations: 4.499 TiB, 17.90% gc time)
[2023-01-09T15:40:40.607]Completed Shot 9, state 49
2094.023977 seconds (1.84 G allocations: 4.499 TiB, 17.90% gc time)
[2023-01-09T15:40:40.800]Completed Shot 9, state 43
2094.063351 seconds (1.84 G allocations: 4.499 TiB, 17.90% gc time)
[2023-01-09T15:40:40.836]Completed Shot 9, state 5
2094.781124 seconds (1.84 G allocations: 4.500 TiB, 17.91% gc time)
[2023-01-09T15:40:41.555]Completed Shot 9, state 14
2094.857987 seconds (1.84 G allocations: 4.500 TiB, 17.91% gc time)
[2023-01-09T15:40:41.633]Completed Shot 9, state 22
2094.900655 seconds (1.84 G allocations: 4.500 TiB, 17.91% gc time)
[2023-01-09T15:40:41.675]Completed Shot 9, state 21
2095.136609 seconds (1.84 G allocations: 4.500 TiB, 17.91% gc time)
[2023-01-09T15:40:41.911]Completed Shot 9, state 15
2095.535914 seconds (1.84 G allocations: 4.500 TiB, 17.91% gc time)
[2023-01-09T15:40:42.309]Completed Shot 9, state 2
2095.740390 seconds (1.84 G allocations: 4.500 TiB, 17.91% gc time)
[2023-01-09T15:40:42.513]Completed Shot 9, state 1
2097.265051 seconds (1.84 G allocations: 4.501 TiB, 17.90% gc time)
[2023-01-09T15:40:44.039]Completed Shot 9, state 13
2097.961802 seconds (1.84 G allocations: 4.501 TiB, 17.89% gc time)
[2023-01-09T15:40:44.738]Completed Shot 9, state 38
2099.101612 seconds (1.84 G allocations: 4.502 TiB, 17.88% gc time)
[2023-01-09T15:40:45.875]Completed Shot 9, state 10
2099.524918 seconds (1.84 G allocations: 4.502 TiB, 17.88% gc time)
[2023-01-09T15:40:46.300]Completed Shot 9, state 34
2094.892246 seconds (1.87 G allocations: 4.587 TiB, 18.83% gc time)
[2023-01-09T16:15:41.197]Completed Shot 10, state 41
2096.116368 seconds (1.88 G allocations: 4.591 TiB, 18.82% gc time)
[2023-01-09T16:15:42.420]Completed Shot 10, state 11
2097.712826 seconds (1.88 G allocations: 4.597 TiB, 18.81% gc time)
[2023-01-09T16:15:44.017]Completed Shot 10, state 26
2097.777140 seconds (1.88 G allocations: 4.597 TiB, 18.80% gc time)
[2023-01-09T16:15:44.082]Completed Shot 10, state 48
2099.051985 seconds (1.88 G allocations: 4.598 TiB, 18.84% gc time)
[2023-01-09T16:15:45.355]Completed Shot 10, state 15
2099.267946 seconds (1.88 G allocations: 4.599 TiB, 18.84% gc time)
[2023-01-09T16:15:45.572]Completed Shot 10, state 23
2099.772582 seconds (1.88 G allocations: 4.601 TiB, 18.83% gc time)
[2023-01-09T16:15:46.077]Completed Shot 10, state 29
2100.206817 seconds (1.88 G allocations: 4.602 TiB, 18.83% gc time)
[2023-01-09T16:15:46.511]Completed Shot 10, state 24
2100.352946 seconds (1.88 G allocations: 4.603 TiB, 18.83% gc time)
[2023-01-09T16:15:46.657]Completed Shot 10, state 27
2100.541033 seconds (1.88 G allocations: 4.604 TiB, 18.83% gc time)
[2023-01-09T16:15:46.844]Completed Shot 10, state 2
2100.612866 seconds (1.88 G allocations: 4.604 TiB, 18.83% gc time)
[2023-01-09T16:15:46.916]Completed Shot 10, state 8
2100.877472 seconds (1.88 G allocations: 4.605 TiB, 18.82% gc time)
[2023-01-09T16:15:47.182]Completed Shot 10, state 28
2100.886576 seconds (1.88 G allocations: 4.605 TiB, 18.82% gc time)
[2023-01-09T16:15:47.192]Completed Shot 10, state 42
2102.527750 seconds (1.88 G allocations: 4.608 TiB, 18.84% gc time)
[2023-01-09T16:15:48.833]Completed Shot 10, state 40
2102.566021 seconds (1.88 G allocations: 4.609 TiB, 18.84% gc time)
[2023-01-09T16:15:48.871]Completed Shot 10, state 45
2102.708158 seconds (1.88 G allocations: 4.609 TiB, 18.84% gc time)
[2023-01-09T16:15:49.013]Completed Shot 10, state 39
2102.903874 seconds (1.88 G allocations: 4.610 TiB, 18.84% gc time)
[2023-01-09T16:15:49.209]Completed Shot 10, state 50
2102.968613 seconds (1.88 G allocations: 4.610 TiB, 18.84% gc time)
[2023-01-09T16:15:49.273]Completed Shot 10, state 17
2103.230067 seconds (1.88 G allocations: 4.611 TiB, 18.84% gc time)
[2023-01-09T16:15:49.533]Completed Shot 10, state 13
2103.309753 seconds (1.88 G allocations: 4.611 TiB, 18.83% gc time)
[2023-01-09T16:15:49.612]Completed Shot 10, state 5
2103.406216 seconds (1.88 G allocations: 4.611 TiB, 18.83% gc time)
[2023-01-09T16:15:49.709]Completed Shot 10, state 7
2103.418973 seconds (1.88 G allocations: 4.611 TiB, 18.83% gc time)
[2023-01-09T16:15:49.724]Completed Shot 10, state 35
2103.446220 seconds (1.88 G allocations: 4.612 TiB, 18.83% gc time)
[2023-01-09T16:15:49.751]Completed Shot 10, state 36
2103.552209 seconds (1.88 G allocations: 4.612 TiB, 18.83% gc time)
[2023-01-09T16:15:49.857]Completed Shot 10, state 32
2103.634104 seconds (1.89 G allocations: 4.612 TiB, 18.83% gc time)
[2023-01-09T16:15:49.939]Completed Shot 10, state 38
2103.697860 seconds (1.89 G allocations: 4.612 TiB, 18.83% gc time)
[2023-01-09T16:15:50]Completed Shot 10, state 6
2103.749793 seconds (1.89 G allocations: 4.612 TiB, 18.83% gc time)
[2023-01-09T16:15:50.055]Completed Shot 10, state 43
2103.753986 seconds (1.89 G allocations: 4.613 TiB, 18.83% gc time)
[2023-01-09T16:15:50.056]Completed Shot 10, state 4
2103.856963 seconds (1.89 G allocations: 4.613 TiB, 18.83% gc time)
[2023-01-09T16:15:50.161]Completed Shot 10, state 22
2103.956951 seconds (1.89 G allocations: 4.613 TiB, 18.83% gc time)
[2023-01-09T16:15:50.262]Completed Shot 10, state 46
2103.995547 seconds (1.89 G allocations: 4.613 TiB, 18.83% gc time)
[2023-01-09T16:15:50.299]Completed Shot 10, state 12
2104.545518 seconds (1.89 G allocations: 4.613 TiB, 18.84% gc time)
[2023-01-09T16:15:50.849]Completed Shot 10, state 21
2104.815210 seconds (1.89 G allocations: 4.614 TiB, 18.84% gc time)
[2023-01-09T16:15:51.120]Completed Shot 10, state 30
2105.507430 seconds (1.89 G allocations: 4.616 TiB, 18.83% gc time)
[2023-01-09T16:15:51.812]Completed Shot 10, state 33
2105.598818 seconds (1.89 G allocations: 4.616 TiB, 18.83% gc time)
[2023-01-09T16:15:51.902]Completed Shot 10, state 14
2105.610202 seconds (1.89 G allocations: 4.616 TiB, 18.83% gc time)
[2023-01-09T16:15:51.913]Completed Shot 10, state 10
2105.657364 seconds (1.89 G allocations: 4.616 TiB, 18.83% gc time)
[2023-01-09T16:15:51.963]Completed Shot 10, state 47
2105.769948 seconds (1.89 G allocations: 4.616 TiB, 18.83% gc time)
[2023-01-09T16:15:52.074]Completed Shot 10, state 19
2105.875809 seconds (1.89 G allocations: 4.616 TiB, 18.83% gc time)
[2023-01-09T16:15:52.179]Completed Shot 10, state 16
2106.567991 seconds (1.89 G allocations: 4.617 TiB, 18.84% gc time)
[2023-01-09T16:15:52.873]Completed Shot 10, state 37
2106.614312 seconds (1.89 G allocations: 4.617 TiB, 18.84% gc time)
[2023-01-09T16:15:52.919]Completed Shot 10, state 31
2106.970150 seconds (1.89 G allocations: 4.618 TiB, 18.83% gc time)
[2023-01-09T16:15:53.274]Completed Shot 10, state 20
2107.186884 seconds (1.89 G allocations: 4.618 TiB, 18.83% gc time)
[2023-01-09T16:15:53.490]Completed Shot 10, state 18
2107.215159 seconds (1.89 G allocations: 4.618 TiB, 18.83% gc time)
[2023-01-09T16:15:53.520]Completed Shot 10, state 44
2107.405297 seconds (1.89 G allocations: 4.618 TiB, 18.83% gc time)
[2023-01-09T16:15:53.708]Completed Shot 10, state 9
2107.797310 seconds (1.89 G allocations: 4.618 TiB, 18.83% gc time)
[2023-01-09T16:15:54.103]Completed Shot 10, state 49
2108.027489 seconds (1.89 G allocations: 4.619 TiB, 18.83% gc time)
[2023-01-09T16:15:54.329]Completed Shot 10, state 1
2108.091036 seconds (1.89 G allocations: 4.619 TiB, 18.83% gc time)
[2023-01-09T16:15:54.396]Completed Shot 10, state 34
2109.045483 seconds (1.89 G allocations: 4.619 TiB, 18.82% gc time)
[2023-01-09T16:15:55.349]Completed Shot 10, state 25
2110.043937 seconds (1.89 G allocations: 4.619 TiB, 18.81% gc time)
[2023-01-09T16:15:56.346]Completed Shot 10, state 3
[2023-01-09T16:15:56.347]**********Simulation completed!**********
[2023-01-09T16:15:56.347]**********Saving**********
[2023-01-09T16:16:00.467]Saving file: /gpfs/bwfor/work/ws/hd_ku269-logs/LightCones/2023-01-09/468898_N11_BS.jld2
[2023-01-09T16:16:02.024]**********Run completed!**********
============================= JOB FEEDBACK =============================
Job ID: 468898
Cluster: helix
User/Group: hd_ku269/hd_hd
State: COMPLETED (exit code 0)
Nodes: 1
Cores per node: 64
CPU Utilized: 15-15:30:17
CPU Efficiency: 90.40% of 17-07:23:44 core-walltime
Job Wall-clock time: 06:29:26
Memory Utilized: 45.62 GB
Memory Efficiency: 19.33% of 236.00 GB
