Added MKL.jl
Project LightCones v0.1.0
Status `/gpfs/bwfor/work/ws/hd_ku269-light_cones/WorkingFolder/Project.toml`
  [7d9fca2a] Arpack v0.5.4
  [7073ff75] IJulia v1.24.0
  [033835bb] JLD2 v0.4.29
  [0b1a1467] KrylovKit v0.6.0
  [d3d80556] LineSearches v7.2.0
  [33e6dc65] MKL v0.6.0
  [429524aa] Optim v1.7.4
  [91a5bcdd] Plots v1.38.2
  [c3e4b0f8] Pluto v0.19.19
  [3c0b384b] QuantumInformation v0.4.9
  [189a3867] Reexport v1.2.2
  [295af30f] Revise v3.5.0
  [ebcc8a00] SpinSymmetry v0.3.3
  [59d54670] ThreadedSparseArrays v0.2.2
  [ade2ca70] Dates
  [8ba89e20] Distributed
  [37e2e46d] LinearAlgebra
  [de0858da] Printf
  [9a3f8284] Random
  [1a1011a3] SharedArrays
  [2f01184e] SparseArrays
  [10745b16] Statistics
[2023-01-15T21:10:24.387]**********RANDOM FIELDS**********
shared_krylov.jl
Working Directory:          /gpfs/bwfor/work/ws/hd_ku269-light_cones/WorkingFolder
SLURM Directory:            /gpfs/bwfor/work/ws/hd_ku269-light_cones/WorkingFolder 
Running on host:            p03n14
Job id:                     512549
Job name:                   otoc_simulation_N11_TRNEW
Number of nodes allocated:  
Number of cores allocated:  1
#threads of Julia:          64
#threads of BLAS:           1
ARGS = ["11", "5", "50", "BS", "x", "12", "100", "WAHUHA_FR"]
LOCATION = "/gpfs/bwfor/work/ws/hd_ku269-logs/LightCones/2023-01-15"
N = 11
SHOTS = 5
MULT_RANDOM_STATES = true
N_RANDOM_STATES = 50
TYPE_OF_RS = "BS"
OBSERVABLE = "x"
DISORDER_PARAM = 12.0
[2023-01-15T21:10:24.560]**********Running simulation**********
[2023-01-15T21:10:24.614]trange = 0.1:0.1:20.0
[2023-01-15T21:10:24.902]A = σx
[2023-01-15T21:10:25.413]alpha=6
[2023-01-15T21:10:25.413]PBC
10[2023-01-15T21:10:28.347]Operations set up.
Using multiple states.
9963.223165 seconds (6.95 G allocations: 17.150 TiB, 13.32% gc time, 0.02% compilation time)
9964.481666 seconds (6.95 G allocations: 17.153 TiB, 13.32% gc time, 0.02% compilation time)
9984.458448 seconds (6.97 G allocations: 17.193 TiB, 13.33% gc time, 0.04% compilation time)
10000.776567 seconds (6.98 G allocations: 17.230 TiB, 13.32% gc time, 0.04% compilation time)
10015.942620 seconds (6.99 G allocations: 17.259 TiB, 13.33% gc time, 0.04% compilation time)
10021.147624 seconds (7.00 G allocations: 17.272 TiB, 13.33% gc time, 0.04% compilation time)
10020.869297 seconds (7.00 G allocations: 17.272 TiB, 13.33% gc time, 0.04% compilation time)
10024.223807 seconds (7.00 G allocations: 17.279 TiB, 13.32% gc time, 0.04% compilation time)
10030.484378 seconds (7.01 G allocations: 17.283 TiB, 13.31% gc time, 0.08% compilation time)
10029.321545 seconds (7.00 G allocations: 17.284 TiB, 13.34% gc time, 0.04% compilation time)
10038.495326 seconds (7.01 G allocations: 17.305 TiB, 13.33% gc time, 0.04% compilation time)
10039.757615 seconds (7.01 G allocations: 17.307 TiB, 13.33% gc time, 0.04% compilation time)
10055.029613 seconds (7.02 G allocations: 17.328 TiB, 13.33% gc time, 0.08% compilation time)
10054.124172 seconds (7.03 G allocations: 17.334 TiB, 13.33% gc time, 0.04% compilation time)
10058.469101 seconds (7.03 G allocations: 17.335 TiB, 13.32% gc time, 0.08% compilation time)
10073.570212 seconds (7.04 G allocations: 17.368 TiB, 13.34% gc time, 0.04% compilation time)
10074.571587 seconds (7.04 G allocations: 17.370 TiB, 13.34% gc time, 0.04% compilation time)
10079.955403 seconds (7.04 G allocations: 17.381 TiB, 13.33% gc time, 0.04% compilation time)
10084.414758 seconds (7.05 G allocations: 17.387 TiB, 13.34% gc time, 0.04% compilation time)
10085.882406 seconds (7.05 G allocations: 17.390 TiB, 13.34% gc time, 0.04% compilation time)
10086.510777 seconds (7.05 G allocations: 17.391 TiB, 13.34% gc time, 0.04% compilation time)
10087.241106 seconds (7.05 G allocations: 17.393 TiB, 13.33% gc time, 0.04% compilation time)
10089.352174 seconds (7.05 G allocations: 17.397 TiB, 13.33% gc time, 0.04% compilation time)
10091.859236 seconds (7.05 G allocations: 17.402 TiB, 13.33% gc time, 0.04% compilation time)
10093.201139 seconds (7.05 G allocations: 17.405 TiB, 13.33% gc time, 0.04% compilation time)
10095.226591 seconds (7.06 G allocations: 17.408 TiB, 13.32% gc time, 0.04% compilation time)
10108.399260 seconds (7.06 G allocations: 17.428 TiB, 13.32% gc time, 0.04% compilation time)
10111.144285 seconds (7.07 G allocations: 17.434 TiB, 13.32% gc time, 0.04% compilation time)
10123.210278 seconds (7.07 G allocations: 17.453 TiB, 13.32% gc time, 0.04% compilation time)
10124.453822 seconds (7.07 G allocations: 17.456 TiB, 13.32% gc time, 0.04% compilation time)
10129.829353 seconds (7.08 G allocations: 17.458 TiB, 13.31% gc time, 0.08% compilation time)
10126.682104 seconds (7.08 G allocations: 17.460 TiB, 13.32% gc time, 0.04% compilation time)
10132.423063 seconds (7.08 G allocations: 17.467 TiB, 13.33% gc time, 0.04% compilation time)
10132.903456 seconds (7.08 G allocations: 17.468 TiB, 13.33% gc time, 0.04% compilation time)
10133.096583 seconds (7.08 G allocations: 17.468 TiB, 13.33% gc time, 0.04% compilation time)
10135.958328 seconds (7.08 G allocations: 17.474 TiB, 13.32% gc time, 0.04% compilation time)
10139.605561 seconds (7.08 G allocations: 17.481 TiB, 13.32% gc time, 0.04% compilation time)
10140.731053 seconds (7.09 G allocations: 17.484 TiB, 13.32% gc time, 0.04% compilation time)
10142.295808 seconds (7.09 G allocations: 17.486 TiB, 13.31% gc time, 0.04% compilation time)
10150.049795 seconds (7.09 G allocations: 17.497 TiB, 13.33% gc time, 0.04% compilation time)
10151.705425 seconds (7.09 G allocations: 17.500 TiB, 13.32% gc time, 0.04% compilation time)
10158.795333 seconds (7.10 G allocations: 17.513 TiB, 13.31% gc time, 0.04% compilation time)
10164.065990 seconds (7.10 G allocations: 17.518 TiB, 13.33% gc time, 0.04% compilation time)
10170.640416 seconds (7.10 G allocations: 17.524 TiB, 13.32% gc time, 0.08% compilation time)
10169.194741 seconds (7.10 G allocations: 17.528 TiB, 13.32% gc time, 0.04% compilation time)
10181.169573 seconds (7.11 G allocations: 17.546 TiB, 13.33% gc time, 0.04% compilation time)
10185.652695 seconds (7.11 G allocations: 17.554 TiB, 13.32% gc time, 0.04% compilation time)
10197.656748 seconds (7.12 G allocations: 17.573 TiB, 13.32% gc time, 0.04% compilation time)
10215.725941 seconds (7.13 G allocations: 17.601 TiB, 13.32% gc time, 0.04% compilation time)
10217.357394 seconds (7.13 G allocations: 17.603 TiB, 13.32% gc time, 0.04% compilation time)
10499.294600 seconds (7.02 G allocations: 17.323 TiB, 13.18% gc time, 0.02% compilation time)
10444.807246 seconds (6.97 G allocations: 17.214 TiB, 13.16% gc time, 0.01% compilation time)
[2023-01-16T02:52:02.974]Diagonalized H.
[2023-01-16T02:52:02.982]Diagonalized H.
10411.250032 seconds (6.95 G allocations: 17.141 TiB, 13.16% gc time, 0.04% compilation time)
[2023-01-16T02:52:35.474]Diagonalized H.
 46.016459 seconds (29.22 M allocations: 63.939 GiB, 15.29% gc time, 8.57% compilation time)
[2023-01-16T02:52:39.376]Completed Shot 1, state 49
 54.857073 seconds (40.08 M allocations: 91.001 GiB, 12.83% gc time, 7.75% compilation time)
[2023-01-16T02:52:41.723]Completed Shot 1, state 18
10533.145739 seconds (7.04 G allocations: 17.369 TiB, 13.17% gc time, 0.05% compilation time)
10480.180382 seconds (7.00 G allocations: 17.261 TiB, 13.16% gc time, 0.04% compilation time)
[2023-01-16T02:52:54.297]Diagonalized H.
[2023-01-16T02:53:04.015]Diagonalized H.
 39.603894 seconds (18.80 M allocations: 53.012 GiB, 6.36% gc time)
[2023-01-16T02:53:07.262]Completed Shot 1, state 10
 43.094738 seconds (16.16 M allocations: 45.289 GiB)
[2023-01-16T02:53:25.027]Completed Shot 1, state 8
 47.015751 seconds (16.12 M allocations: 45.190 GiB)
[2023-01-16T02:53:31.281]Completed Shot 1, state 37
10493.027664 seconds (6.98 G allocations: 17.231 TiB, 13.12% gc time, 0.04% compilation time)
10539.766695 seconds (7.02 G allocations: 17.326 TiB, 13.11% gc time, 0.04% compilation time)
[2023-01-16T02:53:58.248]Diagonalized H.
10569.030953 seconds (7.04 G allocations: 17.385 TiB, 13.12% gc time, 0.04% compilation time)
[2023-01-16T02:54:03.950]Diagonalized H.
[2023-01-16T02:54:14.825]Diagonalized H.
10598.163691 seconds (7.01 G allocations: 17.308 TiB, 13.60% gc time, 0.04% compilation time)
10671.426441 seconds (7.07 G allocations: 17.445 TiB, 13.59% gc time, 0.04% compilation time)
10724.166581 seconds (7.11 G allocations: 17.553 TiB, 13.61% gc time, 0.06% compilation time)
10634.587386 seconds (7.04 G allocations: 17.372 TiB, 13.60% gc time, 0.04% compilation time)
10604.973760 seconds (7.02 G allocations: 17.320 TiB, 13.59% gc time, 0.04% compilation time)
10671.799870 seconds (7.07 G allocations: 17.442 TiB, 13.59% gc time, 0.04% compilation time)
[[[2023-01-16T02:55:47.041]Diagonalized H.
2023-01-16T02:55:47.040]Diagonalized H.
2023-01-16T02:55:47.040]Diagonalized H.
[2023-01-16T02:55:47.068]Diagonalized H.
[2023-01-16T02:55:47.125]Diagonalized H.
[2023-01-16T02:55:47.152]Diagonalized H.
121.436054 seconds (34.34 M allocations: 93.880 GiB, 55.42% gc time)
[2023-01-16T02:55:48.144]Completed Shot 1, state 47
10571.157141 seconds (6.99 G allocations: 17.252 TiB, 13.61% gc time, 0.04% compilation time)
116.513400 seconds (25.12 M allocations: 78.977 GiB, 57.76% gc time)
[2023-01-16T02:55:51.856]Completed Shot 1, state 28
124.417468 seconds (20.23 M allocations: 68.020 GiB, 54.09% gc time)
[2023-01-16T02:56:04.464]Completed Shot 1, state 13
[2023-01-16T02:56:13.890]Diagonalized H.
10711.397958 seconds (7.07 G allocations: 17.470 TiB, 13.58% gc time, 0.04% compilation time)
 41.651503 seconds (7.63 M allocations: 34.874 GiB, 10.11% gc time)
[2023-01-16T02:56:19.083]Completed Shot 1, state 4
 48.130566 seconds (12.52 M allocations: 47.912 GiB, 8.75% gc time)
[2023-01-16T02:56:19.829]Completed Shot 1, state 23
 47.448992 seconds (12.26 M allocations: 47.033 GiB, 8.88% gc time)
[2023-01-16T02:56:20.488]Completed Shot 1, state 11
 44.036444 seconds (9.83 M allocations: 40.603 GiB, 9.56% gc time)
[2023-01-16T02:56:20.800]Completed Shot 1, state 3
 48.319046 seconds (12.96 M allocations: 48.857 GiB, 8.72% gc time)
[2023-01-16T02:56:21.295]Completed Shot 1, state 42
 54.067080 seconds (16.75 M allocations: 58.912 GiB, 7.79% gc time)
[2023-01-16T02:56:22.441]Completed Shot 1, state 41
[2023-01-16T02:56:33.069]Diagonalized H.
 50.481773 seconds (15.81 M allocations: 56.044 GiB, 2.46% gc time)
[2023-01-16T02:56:39.108]Completed Shot 1, state 39
10613.628650 seconds (6.99 G allocations: 17.285 TiB, 13.55% gc time, 0.04% compilation time)
 40.108510 seconds (17.75 M allocations: 48.863 GiB)
[2023-01-16T02:56:56.982]Completed Shot 1, state 50
[2023-01-16T02:56:58.455]Diagonalized H.
10687.079966 seconds (7.04 G allocations: 17.392 TiB, 13.52% gc time, 0.04% compilation time)
[2023-01-16T02:57:21.393]Diagonalized H.
10722.972671 seconds (7.05 G allocations: 17.435 TiB, 13.56% gc time, 0.04% compilation time)
10801.136708 seconds (7.12 G allocations: 17.585 TiB, 13.57% gc time, 0.05% compilation time)
10693.403686 seconds (7.03 G allocations: 17.386 TiB, 13.57% gc time, 0.04% compilation time)
 42.293288 seconds (15.48 M allocations: 43.234 GiB, 17.23% gc time)
[2023-01-16T02:57:30.739]Completed Shot 1, state 45
10720.333339 seconds (7.05 G allocations: 17.434 TiB, 13.55% gc time, 0.04% compilation time)
[2023-01-16T02:57:41.349]Diagonalized H.
[2023-01-16T02:57:41.361]Diagonalized H.
[2023-01-16T02:57:41.707]Diagonalized H.
[2023-01-16T02:57:41.728]Diagonalized H.
10682.153565 seconds (7.02 G allocations: 17.358 TiB, 13.57% gc time, 0.04% compilation time)
10710.569144 seconds (7.04 G allocations: 17.407 TiB, 13.57% gc time, 0.04% compilation time)
10667.752444 seconds (7.01 G allocations: 17.338 TiB, 13.57% gc time, 0.04% compilation time)
10726.724093 seconds (7.05 G allocations: 17.434 TiB, 13.56% gc time, 0.04% compilation time)
 49.283075 seconds (15.01 M allocations: 48.867 GiB, 19.82% gc time)
[2023-01-16T02:57:56.221]Completed Shot 1, state 24
[2023-01-16T02:58:04.932]Diagonalized H.
[2023-01-16T02:58:04.951]Diagonalized H.
[2023-01-16T02:58:04.969]Diagonalized H.
[2023-01-16T02:58:05.049]Diagonalized H.
 40.927023 seconds (9.01 M allocations: 37.710 GiB, 10.01% gc time)
[2023-01-16T02:58:12.099]Completed Shot 1, state 19
 46.786084 seconds (13.46 M allocations: 49.360 GiB, 8.76% gc time)
[2023-01-16T02:58:13.027]Completed Shot 1, state 26
10708.149205 seconds (7.03 G allocations: 17.380 TiB, 13.55% gc time, 0.04% compilation time)
 44.665945 seconds (11.60 M allocations: 45.627 GiB, 9.17% gc time)
[2023-01-16T02:58:13.777]Completed Shot 1, state 32
10694.525013 seconds (7.01 G allocations: 17.356 TiB, 13.55% gc time, 0.04% compilation time)
 55.894343 seconds (18.62 M allocations: 66.028 GiB, 7.33% gc time)
[2023-01-16T02:58:18.001]Completed Shot 1, state 46
10818.275942 seconds (7.10 G allocations: 17.567 TiB, 13.53% gc time, 0.04% compilation time)
10838.294353 seconds (7.11 G allocations: 17.594 TiB, 13.50% gc time, 0.04% compilation time)
 49.719028 seconds (11.42 M allocations: 46.859 GiB, 3.25% gc time)
[2023-01-16T02:58:32.490]Completed Shot 1, state 35
[2023-01-16T02:58:33.945]Diagonalized H.
[2023-01-16T02:58:35.729]Diagonalized H.
 52.020948 seconds (11.15 M allocations: 43.714 GiB, 3.11% gc time)
[2023-01-16T02:58:36.495]Completed Shot 1, state 17
[2023-01-16T02:58:46.592]Diagonalized H.
[2023-01-16T02:58:46.645]Diagonalized H.
 63.797488 seconds (12.24 M allocations: 50.687 GiB, 6.80% gc time)
[2023-01-16T02:58:47.095]Completed Shot 1, state 48
10809.885343 seconds (7.08 G allocations: 17.518 TiB, 13.51% gc time, 0.04% compilation time)
 64.800816 seconds (12.62 M allocations: 49.844 GiB, 6.70% gc time)
[2023-01-16T02:58:48.587]Completed Shot 1, state 38
10767.966264 seconds (7.05 G allocations: 17.441 TiB, 13.52% gc time, 0.04% compilation time)
10776.777735 seconds (7.05 G allocations: 17.447 TiB, 13.51% gc time, 0.04% compilation time)
 52.407185 seconds (9.34 M allocations: 34.776 GiB, 5.19% gc time)
[2023-01-16T02:59:10.057]Completed Shot 1, state 31
[2023-01-16T02:59:10.388]Diagonalized H.
10853.406172 seconds (7.10 G allocations: 17.570 TiB, 13.49% gc time, 0.04% compilation time)
 59.458103 seconds (11.32 M allocations: 43.643 GiB, 4.58% gc time)
[2023-01-16T02:59:12.980]Completed Shot 1, state 12
10829.450703 seconds (7.08 G allocations: 17.527 TiB, 13.49% gc time, 0.04% compilation time)
 54.044601 seconds (9.66 M allocations: 37.281 GiB, 5.04% gc time)
[2023-01-16T02:59:15.581]Completed Shot 1, state 44
[2023-01-16T02:59:16.413]Diagonalized H.
 45.159883 seconds (8.34 M allocations: 32.968 GiB, 6.03% gc time)
[2023-01-16T02:59:17.110]Completed Shot 1, state 33
[2023-01-16T02:59:18.046]Diagonalized H.
10704.876187 seconds (6.99 G allocations: 17.315 TiB, 13.49% gc time, 0.04% compilation time)
[2023-01-16T02:59:28.081]Diagonalized H.
[2023-01-16T02:59:33.136]Diagonalized H.
 53.559351 seconds (9.59 M allocations: 40.266 GiB)
[2023-01-16T02:59:41.648]Completed Shot 1, state 5
10773.332560 seconds (7.03 G allocations: 17.403 TiB, 13.46% gc time, 0.04% compilation time)
[2023-01-16T02:59:45.581]Diagonalized H.
 45.822843 seconds (6.94 M allocations: 31.544 GiB)
[2023-01-16T02:59:50.139]Completed Shot 1, state 29
 55.136280 seconds (8.16 M allocations: 35.609 GiB)
[2023-01-16T02:59:52.128]Completed Shot 1, state 15
10805.768324 seconds (7.04 G allocations: 17.445 TiB, 13.45% gc time, 0.04% compilation time)
10779.640851 seconds (7.02 G allocations: 17.404 TiB, 13.45% gc time, 0.04% compilation time)
10771.499977 seconds (7.02 G allocations: 17.388 TiB, 13.44% gc time, 0.04% compilation time)
[2023-01-16T02:59:59.776]Diagonalized H.
10829.838863 seconds (7.05 G allocations: 17.478 TiB, 13.44% gc time, 0.04% compilation time)
[2023-01-16T03:00:09.603]Diagonalized H.
[2023-01-16T03:00:09.638]Diagonalized H.
[2023-01-16T03:00:09.651]Diagonalized H.
[2023-01-16T03:00:09.719]Diagonalized H.
 59.066953 seconds (8.01 M allocations: 37.775 GiB, 4.03% gc time)
[2023-01-16T03:00:11.501]Completed Shot 1, state 14
 61.491137 seconds (7.85 M allocations: 41.069 GiB, 3.87% gc time)
[2023-01-16T03:00:15.226]Completed Shot 1, state 40
10846.392469 seconds (7.05 G allocations: 17.488 TiB, 13.44% gc time, 0.04% compilation time)
10858.599367 seconds (7.05 G allocations: 17.477 TiB, 13.41% gc time, 0.04% compilation time)
10865.428622 seconds (7.05 G allocations: 17.490 TiB, 13.40% gc time, 0.04% compilation time)
[2023-01-16T03:00:47.233]Diagonalized H.
[2023-01-16T03:00:50.037]Diagonalized H.
 62.066182 seconds (7.38 M allocations: 34.985 GiB, 3.84% gc time)
[2023-01-16T03:00:54.458]Completed Shot 1, state 9
[2023-01-16T03:00:55.766]Diagonalized H.
 64.887076 seconds (7.15 M allocations: 36.041 GiB, 3.67% gc time)
[2023-01-16T03:01:02.295]Completed Shot 1, state 21
 73.169856 seconds (8.17 M allocations: 39.359 GiB, 3.26% gc time)
[2023-01-16T03:01:06.637]Completed Shot 1, state 27
10902.262529 seconds (7.06 G allocations: 17.507 TiB, 13.38% gc time, 0.04% compilation time)
[2023-01-16T03:01:26.031]Diagonalized H.
10856.183253 seconds (7.02 G allocations: 17.420 TiB, 13.38% gc time, 0.04% compilation time)
10844.390581 seconds (7.02 G allocations: 17.401 TiB, 13.38% gc time, 0.04% compilation time)
122.644963 seconds (12.90 M allocations: 61.743 GiB, 4.46% gc time)
[2023-01-16T03:01:28.018]Completed Shot 1, state 16
 46.509724 seconds (3.67 M allocations: 18.979 GiB, 6.63% gc time)
[2023-01-16T03:01:29.046]Completed Shot 1, state 43
 90.060623 seconds (8.17 M allocations: 41.393 GiB, 6.07% gc time)
[2023-01-16T03:01:30.260]Completed Shot 1, state 1
 72.923422 seconds (7.01 M allocations: 29.652 GiB, 4.23% gc time)
[2023-01-16T03:01:30.630]Completed Shot 1, state 2
110.724902 seconds (11.10 M allocations: 52.633 GiB, 4.94% gc time)
[2023-01-16T03:01:35.244]Completed Shot 1, state 7
[2023-01-16T03:01:35.423]Diagonalized H.
 53.070263 seconds (3.95 M allocations: 20.276 GiB, 5.81% gc time)
[2023-01-16T03:01:36.145]Completed Shot 1, state 6
[2023-01-16T03:01:38.604]Diagonalized H.
10974.291138 seconds (7.09 G allocations: 17.596 TiB, 13.35% gc time, 0.04% compilation time)
 29.469272 seconds (1.39 M allocations: 10.524 GiB, 2.25% gc time)
[2023-01-16T03:01:48.483]Completed Shot 1, state 20
[2023-01-16T03:01:53.947]Diagonalized H.
 40.975589 seconds (2.04 M allocations: 14.617 GiB, 0.66% gc time)
[2023-01-16T03:02:07.140]Completed Shot 1, state 25
 42.417758 seconds (2.11 M allocations: 14.745 GiB, 0.64% gc time)
[2023-01-16T03:02:09.218]Completed Shot 1, state 30
10925.253793 seconds (7.04 G allocations: 17.472 TiB, 13.32% gc time, 0.04% compilation time)
 30.584677 seconds (1.46 M allocations: 7.401 GiB, 0.88% gc time)
[2023-01-16T03:02:13.853]Completed Shot 1, state 22
[2023-01-16T03:02:19.534]Diagonalized H.
10878.787784 seconds (7.01 G allocations: 17.389 TiB, 13.33% gc time, 0.04% compilation time)
[2023-01-16T03:02:26.465]Diagonalized H.
 25.358584 seconds (219.90 k allocations: 5.194 GiB, 0.65% gc time)
[2023-01-16T03:02:39.005]Completed Shot 1, state 34
 25.091254 seconds (115.18 k allocations: 3.470 GiB)
[2023-01-16T03:02:45.786]Completed Shot 1, state 36
9902.102050 seconds (7.01 G allocations: 17.294 TiB, 16.85% gc time)
9902.662892 seconds (7.01 G allocations: 17.295 TiB, 16.85% gc time)
9923.352651 seconds (7.03 G allocations: 17.330 TiB, 16.88% gc time)
9934.702488 seconds (7.04 G allocations: 17.357 TiB, 16.86% gc time)
9937.346217 seconds (7.04 G allocations: 17.364 TiB, 16.86% gc time)
9940.085757 seconds (7.04 G allocations: 17.370 TiB, 16.85% gc time)
9943.338550 seconds (7.05 G allocations: 17.377 TiB, 16.85% gc time)
9944.847389 seconds (7.05 G allocations: 17.381 TiB, 16.84% gc time)
9958.974487 seconds (7.06 G allocations: 17.400 TiB, 16.87% gc time)
9959.969945 seconds (7.06 G allocations: 17.402 TiB, 16.87% gc time)
9960.139658 seconds (7.06 G allocations: 17.403 TiB, 16.87% gc time)
9961.908153 seconds (7.06 G allocations: 17.407 TiB, 16.87% gc time)
9963.122521 seconds (7.06 G allocations: 17.409 TiB, 16.87% gc time)
9963.207761 seconds (7.06 G allocations: 17.409 TiB, 16.87% gc time)
9966.299268 seconds (7.06 G allocations: 17.416 TiB, 16.86% gc time)
9968.950729 seconds (7.06 G allocations: 17.421 TiB, 16.86% gc time)
9969.442779 seconds (7.06 G allocations: 17.422 TiB, 16.86% gc time)
9972.681235 seconds (7.07 G allocations: 17.428 TiB, 16.85% gc time)
9978.230140 seconds (7.07 G allocations: 17.440 TiB, 16.84% gc time)
9981.197205 seconds (7.07 G allocations: 17.446 TiB, 16.84% gc time)
9984.981733 seconds (7.08 G allocations: 17.452 TiB, 16.83% gc time)
9993.784872 seconds (7.08 G allocations: 17.454 TiB, 16.89% gc time)
9996.327139 seconds (7.08 G allocations: 17.459 TiB, 16.89% gc time)
10001.447978 seconds (7.08 G allocations: 17.469 TiB, 16.88% gc time)
10001.680626 seconds (7.08 G allocations: 17.470 TiB, 16.88% gc time)
10002.386018 seconds (7.08 G allocations: 17.471 TiB, 16.88% gc time)
10002.680834 seconds (7.08 G allocations: 17.472 TiB, 16.88% gc time)
10006.213930 seconds (7.09 G allocations: 17.479 TiB, 16.87% gc time)
10008.812476 seconds (7.09 G allocations: 17.483 TiB, 16.87% gc time)
10009.966706 seconds (7.09 G allocations: 17.485 TiB, 16.86% gc time)
10011.378676 seconds (7.09 G allocations: 17.488 TiB, 16.86% gc time)
10019.066749 seconds (7.10 G allocations: 17.501 TiB, 16.85% gc time)
10021.582928 seconds (7.10 G allocations: 17.506 TiB, 16.84% gc time)
10029.659850 seconds (7.10 G allocations: 17.511 TiB, 16.88% gc time)
10030.271401 seconds (7.10 G allocations: 17.512 TiB, 16.88% gc time)
10033.299369 seconds (7.10 G allocations: 17.517 TiB, 16.88% gc time)
10035.911506 seconds (7.10 G allocations: 17.521 TiB, 16.87% gc time)
10038.861987 seconds (7.11 G allocations: 17.526 TiB, 16.87% gc time)
10047.407520 seconds (7.11 G allocations: 17.541 TiB, 16.85% gc time)
10050.996753 seconds (7.11 G allocations: 17.547 TiB, 16.85% gc time)
10053.581840 seconds (7.12 G allocations: 17.552 TiB, 16.84% gc time)
10055.990049 seconds (7.12 G allocations: 17.556 TiB, 16.84% gc time)
10058.465823 seconds (7.12 G allocations: 17.560 TiB, 16.83% gc time)
10061.856334 seconds (7.12 G allocations: 17.566 TiB, 16.83% gc time)
10079.704756 seconds (7.13 G allocations: 17.584 TiB, 16.87% gc time)
10086.121630 seconds (7.13 G allocations: 17.594 TiB, 16.86% gc time)
10094.239502 seconds (7.14 G allocations: 17.608 TiB, 16.84% gc time)
10095.200521 seconds (7.14 G allocations: 17.610 TiB, 16.84% gc time)
10130.692147 seconds (7.16 G allocations: 17.659 TiB, 16.83% gc time)
10145.384270 seconds (7.17 G allocations: 17.682 TiB, 16.81% gc time)
10180.624551 seconds (6.96 G allocations: 17.177 TiB, 15.97% gc time)
10179.039708 seconds (6.97 G allocations: 17.202 TiB, 15.90% gc time)
[2023-01-16T08:39:00.910]Diagonalized H.
10275.942865 seconds (7.04 G allocations: 17.379 TiB, 15.94% gc time)
[2023-01-16T08:39:20.767]Diagonalized H.
[2023-01-16T08:39:20.841]Diagonalized H.
10228.468154 seconds (7.00 G allocations: 17.274 TiB, 15.96% gc time)
 45.610744 seconds (36.16 M allocations: 95.425 GiB, 14.32% gc time)
[2023-01-16T08:39:30.255]Completed Shot 2, state 18
10209.419353 seconds (6.99 G allocations: 17.256 TiB, 15.92% gc time)
 40.867658 seconds (27.05 M allocations: 72.207 GiB, 15.98% gc time)
[2023-01-16T08:39:45.263]Completed Shot 2, state 9
[2023-01-16T08:41:11.624]Diagonalized H.
[2023-01-16T08:41:11.760]Diagonalized H.
10408.624180 seconds (7.08 G allocations: 17.465 TiB, 16.58% gc time)
138.151494 seconds (38.52 M allocations: 105.681 GiB, 63.01% gc time)
[2023-01-16T08:41:16.765]Completed Shot 2, state 2
10316.862774 seconds (7.00 G allocations: 17.287 TiB, 16.56% gc time)
[2023-01-16T08:41:31.478]Diagonalized H.
10325.011667 seconds (7.01 G allocations: 17.303 TiB, 16.54% gc time)
10376.447686 seconds (7.04 G allocations: 17.389 TiB, 16.53% gc time)
[2023-01-16T08:41:49.265]Diagonalized H.
[2023-01-16T08:41:49.287]Diagonalized H.
10431.940961 seconds (7.08 G allocations: 17.480 TiB, 16.52% gc time)
[2023-01-16T08:42:04.218]Diagonalized H.
167.435595 seconds (46.42 M allocations: 129.904 GiB, 50.60% gc time)
[2023-01-16T08:42:14.375]Completed Shot 2, state 19
153.756914 seconds (33.91 M allocations: 97.856 GiB, 55.10% gc time)
[2023-01-16T08:42:15.181]Completed Shot 2, state 35
 59.721226 seconds (25.59 M allocations: 73.813 GiB, 7.04% gc time)
[2023-01-16T08:42:16.237]Completed Shot 2, state 46
[2023-01-16T08:42:16.515]Diagonalized H.
 37.656440 seconds (15.37 M allocations: 46.102 GiB, 5.02% gc time)
[2023-01-16T08:42:18.430]Completed Shot 2, state 30
10436.692898 seconds (7.07 G allocations: 17.461 TiB, 16.55% gc time)
10380.144910 seconds (7.03 G allocations: 17.372 TiB, 16.51% gc time)
 60.045343 seconds (27.79 M allocations: 81.024 GiB, 9.39% gc time)
[2023-01-16T08:42:31.510]Completed Shot 2, state 17
 56.526212 seconds (26.29 M allocations: 75.410 GiB, 9.97% gc time)
[2023-01-16T08:42:37.738]Completed Shot 2, state 10
[2023-01-16T08:42:39.996]Diagonalized H.
10434.321924 seconds (7.07 G allocations: 17.467 TiB, 16.50% gc time)
10460.428191 seconds (7.09 G allocations: 17.515 TiB, 16.51% gc time)
10399.992931 seconds (7.05 G allocations: 17.417 TiB, 16.48% gc time)
10462.338811 seconds (7.09 G allocations: 17.519 TiB, 16.51% gc time)
[2023-01-16T08:42:45.870]Diagonalized H.
 51.631469 seconds (30.59 M allocations: 85.887 GiB, 7.26% gc time)
[2023-01-16T08:42:52.719]Completed Shot 2, state 42
10441.119357 seconds (7.07 G allocations: 17.478 TiB, 16.49% gc time)
10444.962853 seconds (7.08 G allocations: 17.486 TiB, 16.48% gc time)
[2023-01-16T08:42:56.079]Diagonalized H.
[2023-01-16T08:42:58.508]Diagonalized H.
[2023-01-16T08:42:59.267]Diagonalized H.
10428.940440 seconds (7.06 G allocations: 17.449 TiB, 16.51% gc time)
 39.980993 seconds (22.54 M allocations: 67.184 GiB)
[2023-01-16T08:43:07.324]Completed Shot 2, state 33
[2023-01-16T08:43:08.470]Diagonalized H.
[2023-01-16T08:43:16.165]Diagonalized H.
[2023-01-16T08:43:21.014]Diagonalized H.
[2023-01-16T08:43:21.882]Diagonalized H.
 56.791014 seconds (23.66 M allocations: 75.931 GiB)
[2023-01-16T08:43:24.415]Completed Shot 2, state 49
 51.588994 seconds (12.64 M allocations: 50.883 GiB)
[2023-01-16T08:43:31.842]Completed Shot 2, state 25
 65.335285 seconds (11.00 M allocations: 45.693 GiB, 17.81% gc time)
[2023-01-16T08:43:47.444]Completed Shot 2, state 1
 68.330035 seconds (12.92 M allocations: 52.174 GiB, 17.03% gc time)
[2023-01-16T08:43:49.251]Completed Shot 2, state 37
10464.082757 seconds (7.06 G allocations: 17.456 TiB, 16.49% gc time)
10458.605014 seconds (7.05 G allocations: 17.445 TiB, 16.50% gc time)
 72.320576 seconds (14.23 M allocations: 54.721 GiB, 16.09% gc time)
[2023-01-16T08:43:57.795]Completed Shot 2, state 31
 66.650914 seconds (11.78 M allocations: 46.700 GiB, 17.46% gc time)
[2023-01-16T08:43:59.859]Completed Shot 2, state 40
[2023-01-16T08:44:03.769]Diagonalized H.
 70.202292 seconds (15.17 M allocations: 55.286 GiB, 16.58% gc time)
[2023-01-16T08:44:04.162]Completed Shot 2, state 15
10497.189477 seconds (7.08 G allocations: 17.503 TiB, 16.51% gc time)
 65.579921 seconds (14.54 M allocations: 52.727 GiB, 17.74% gc time)
[2023-01-16T08:44:05.293]Completed Shot 2, state 38
[2023-01-16T08:44:08.506]Diagonalized H.
10481.680895 seconds (7.07 G allocations: 17.490 TiB, 16.46% gc time)
10524.311441 seconds (7.10 G allocations: 17.558 TiB, 16.47% gc time)
10485.481736 seconds (7.07 G allocations: 17.494 TiB, 16.45% gc time)
[2023-01-16T08:44:18.973]Diagonalized H.
10438.092217 seconds (7.04 G allocations: 17.415 TiB, 16.48% gc time)
[2023-01-16T08:44:22.033]Diagonalized H.
[2023-01-16T08:44:22.956]Diagonalized H.
 34.953847 seconds (17.57 M allocations: 54.556 GiB)
[2023-01-16T08:44:27.212]Completed Shot 2, state 27
[2023-01-16T08:44:29.523]Diagonalized H.
[2023-01-16T08:44:41.619]Diagonalized H.
10495.615017 seconds (7.06 G allocations: 17.480 TiB, 16.45% gc time)
10567.924574 seconds (7.11 G allocations: 17.588 TiB, 16.45% gc time)
10404.042081 seconds (7.01 G allocations: 17.341 TiB, 16.48% gc time)
10572.366793 seconds (7.11 G allocations: 17.592 TiB, 16.45% gc time)
 66.087964 seconds (21.76 M allocations: 70.732 GiB, 9.02% gc time)
[2023-01-16T08:45:01.861]Completed Shot 2, state 41
[2023-01-16T08:45:07.803]Diagonalized H.
[2023-01-16T08:45:08.322]Diagonalized H.
[2023-01-16T08:45:10.177]Diagonalized H.
[2023-01-16T08:45:13.636]Diagonalized H.
10579.697183 seconds (7.11 G allocations: 17.595 TiB, 16.44% gc time)
10612.284111 seconds (7.13 G allocations: 17.643 TiB, 16.44% gc time)
 78.385321 seconds (19.66 M allocations: 73.398 GiB, 7.60% gc time)
[2023-01-16T08:45:22.565]Completed Shot 2, state 16
 62.743541 seconds (12.52 M allocations: 51.157 GiB, 9.50% gc time)
[2023-01-16T08:45:22.617]Completed Shot 2, state 22
 73.755288 seconds (15.96 M allocations: 62.348 GiB, 8.08% gc time)
[2023-01-16T08:45:23.829]Completed Shot 2, state 20
 70.266474 seconds (14.48 M allocations: 56.974 GiB, 8.48% gc time)
[2023-01-16T08:45:24.220]Completed Shot 2, state 43
 75.340507 seconds (16.47 M allocations: 63.824 GiB, 7.91% gc time)
[2023-01-16T08:45:24.259]Completed Shot 2, state 48
10532.944514 seconds (7.07 G allocations: 17.510 TiB, 16.39% gc time)
[2023-01-16T08:45:44.239]Diagonalized H.
[2023-01-16T08:45:44.323]Diagonalized H.
[2023-01-16T08:45:44.324]Diagonalized H.
 51.703864 seconds (12.04 M allocations: 45.756 GiB, 5.95% gc time)
[2023-01-16T08:45:47.326]Completed Shot 2, state 24
 48.882550 seconds (11.08 M allocations: 43.246 GiB, 6.29% gc time)
[2023-01-16T08:45:49.406]Completed Shot 2, state 8
 60.269123 seconds (15.30 M allocations: 55.144 GiB, 5.10% gc time)
[2023-01-16T08:45:51.334]Completed Shot 2, state 7
10616.127205 seconds (7.11 G allocations: 17.623 TiB, 16.41% gc time)
10568.586871 seconds (7.08 G allocations: 17.545 TiB, 16.41% gc time)
 53.888322 seconds (12.82 M allocations: 48.277 GiB, 5.71% gc time)
[2023-01-16T08:45:55.167]Completed Shot 2, state 23
10497.765313 seconds (7.04 G allocations: 17.441 TiB, 16.41% gc time)
10554.985187 seconds (7.07 G allocations: 17.526 TiB, 16.38% gc time)
10544.279257 seconds (7.07 G allocations: 17.506 TiB, 16.40% gc time)
[2023-01-16T08:46:05.368]Diagonalized H.
10571.095590 seconds (7.08 G allocations: 17.549 TiB, 16.36% gc time)
[2023-01-16T08:46:07.230]Diagonalized H.
 53.812409 seconds (13.52 M allocations: 47.243 GiB, 5.72% gc time)
[2023-01-16T08:46:08.253]Completed Shot 2, state 47
[2023-01-16T08:46:11.994]Diagonalized H.
[2023-01-16T08:46:17.717]Diagonalized H.
[2023-01-16T08:46:18.644]Diagonalized H.
 59.972796 seconds (14.62 M allocations: 53.662 GiB, 5.13% gc time)
[2023-01-16T08:46:21.386]Completed Shot 2, state 50
10555.308532 seconds (7.06 G allocations: 17.508 TiB, 16.38% gc time)
10679.011874 seconds (7.14 G allocations: 17.706 TiB, 16.36% gc time)
 53.868202 seconds (13.35 M allocations: 51.499 GiB, 5.71% gc time)
[2023-01-16T08:46:25.906]Completed Shot 2, state 3
10543.530267 seconds (7.06 G allocations: 17.495 TiB, 16.34% gc time)
10569.839425 seconds (7.07 G allocations: 17.527 TiB, 16.36% gc time)
[2023-01-16T08:46:46.804]Diagonalized H.
[2023-01-16T08:46:46.811]Diagonalized H.
[2023-01-16T08:46:46.813]Diagonalized H.
[2023-01-16T08:46:46.818]Diagonalized H.
[2023-01-16T08:46:46.828]Diagonalized H.
 54.309641 seconds (9.69 M allocations: 39.107 GiB, 7.71% gc time)
[2023-01-16T08:46:47.753]Completed Shot 2, state 11
 46.933556 seconds (7.48 M allocations: 33.175 GiB, 8.92% gc time)
[2023-01-16T08:46:47.999]Completed Shot 2, state 32
10497.214419 seconds (7.02 G allocations: 17.407 TiB, 16.40% gc time)
 60.487379 seconds (10.69 M allocations: 49.420 GiB, 6.92% gc time)
[2023-01-16T08:46:51.847]Completed Shot 2, state 28
 53.093401 seconds (8.32 M allocations: 42.502 GiB, 7.88% gc time)
[2023-01-16T08:46:51.849]Completed Shot 2, state 44
10601.005055 seconds (7.08 G allocations: 17.552 TiB, 16.35% gc time)
10621.355715 seconds (7.09 G allocations: 17.575 TiB, 16.32% gc time)
 65.515863 seconds (9.16 M allocations: 46.857 GiB, 6.39% gc time)
[2023-01-16T08:47:05.152]Completed Shot 2, state 4
[2023-01-16T08:47:11.339]Diagonalized H.
[2023-01-16T08:47:12.834]Diagonalized H.
[2023-01-16T08:47:13.148]Diagonalized H.
10581.630634 seconds (7.06 G allocations: 17.509 TiB, 16.32% gc time)
10575.625285 seconds (7.05 G allocations: 17.498 TiB, 16.33% gc time)
10615.577514 seconds (7.07 G allocations: 17.547 TiB, 16.33% gc time)
 56.782283 seconds (4.31 M allocations: 30.864 GiB, 7.37% gc time)
[2023-01-16T08:47:25.807]Completed Shot 2, state 29
 57.234551 seconds (4.30 M allocations: 30.769 GiB, 7.31% gc time)
[2023-01-16T08:47:26.445]Completed Shot 2, state 45
 63.452789 seconds (5.05 M allocations: 33.889 GiB, 6.60% gc time)
[2023-01-16T08:47:28.340]Completed Shot 2, state 6
 81.288131 seconds (8.20 M allocations: 49.827 GiB, 5.15% gc time)
[2023-01-16T08:47:28.447]Completed Shot 2, state 39
 65.939182 seconds (5.44 M allocations: 36.473 GiB, 6.35% gc time)
[2023-01-16T08:47:28.893]Completed Shot 2, state 26
[2023-01-16T08:47:31.956]Diagonalized H.
10665.050753 seconds (7.09 G allocations: 17.605 TiB, 16.30% gc time)
[2023-01-16T08:47:33.844]Diagonalized H.
 41.517003 seconds (2.76 M allocations: 20.890 GiB)
[2023-01-16T08:47:35.719]Completed Shot 2, state 13
[2023-01-16T08:47:35.815]Diagonalized H.
 33.377035 seconds (1.98 M allocations: 17.618 GiB)
[2023-01-16T08:47:36.434]Completed Shot 2, state 34
 48.162177 seconds (2.96 M allocations: 25.383 GiB)
[2023-01-16T08:47:36.550]Completed Shot 2, state 14
[2023-01-16T08:47:41.691]Diagonalized H.
 51.819614 seconds (929.49 k allocations: 17.315 GiB, 2.60% gc time)
[2023-01-16T08:48:05.361]Completed Shot 2, state 21
 50.437249 seconds (762.37 k allocations: 14.021 GiB, 2.68% gc time)
[2023-01-16T08:48:06.093]Completed Shot 2, state 12
 46.557228 seconds (595.60 k allocations: 12.794 GiB, 2.90% gc time)
[2023-01-16T08:48:06.409]Completed Shot 2, state 36
 35.729284 seconds (252.59 k allocations: 10.101 GiB, 3.78% gc time)
[2023-01-16T08:48:08.152]Completed Shot 2, state 5
10214.246571 seconds (6.89 G allocations: 17.017 TiB, 12.16% gc time)
10218.944345 seconds (6.89 G allocations: 17.029 TiB, 12.15% gc time)
10226.291831 seconds (6.90 G allocations: 17.044 TiB, 12.15% gc time)
10230.063668 seconds (6.90 G allocations: 17.050 TiB, 12.16% gc time)
10234.053116 seconds (6.91 G allocations: 17.059 TiB, 12.15% gc time)
10234.393822 seconds (6.91 G allocations: 17.060 TiB, 12.15% gc time)
10243.515893 seconds (6.91 G allocations: 17.077 TiB, 12.15% gc time)
10269.122091 seconds (6.93 G allocations: 17.126 TiB, 12.16% gc time)
10271.279208 seconds (6.94 G allocations: 17.131 TiB, 12.16% gc time)
10271.495013 seconds (6.94 G allocations: 17.131 TiB, 12.16% gc time)
10275.173276 seconds (6.94 G allocations: 17.139 TiB, 12.15% gc time)
10279.442050 seconds (6.94 G allocations: 17.146 TiB, 12.16% gc time)
10283.150594 seconds (6.95 G allocations: 17.154 TiB, 12.16% gc time)
10283.556031 seconds (6.95 G allocations: 17.155 TiB, 12.16% gc time)
10285.095298 seconds (6.95 G allocations: 17.158 TiB, 12.15% gc time)
10296.971538 seconds (6.96 G allocations: 17.178 TiB, 12.16% gc time)
10302.376481 seconds (6.96 G allocations: 17.189 TiB, 12.16% gc time)
10302.870384 seconds (6.96 G allocations: 17.190 TiB, 12.16% gc time)
10308.792688 seconds (6.96 G allocations: 17.199 TiB, 12.16% gc time)
10309.357473 seconds (6.97 G allocations: 17.200 TiB, 12.16% gc time)
10312.101807 seconds (6.97 G allocations: 17.205 TiB, 12.16% gc time)
10324.301251 seconds (6.98 G allocations: 17.225 TiB, 12.16% gc time)
10325.006406 seconds (6.98 G allocations: 17.226 TiB, 12.16% gc time)
10328.431758 seconds (6.98 G allocations: 17.233 TiB, 12.16% gc time)
10345.519718 seconds (6.99 G allocations: 17.258 TiB, 12.16% gc time)
10347.791060 seconds (6.99 G allocations: 17.262 TiB, 12.16% gc time)
10347.943346 seconds (6.99 G allocations: 17.262 TiB, 12.16% gc time)
10352.005457 seconds (6.99 G allocations: 17.270 TiB, 12.15% gc time)
10352.237644 seconds (6.99 G allocations: 17.270 TiB, 12.15% gc time)
10355.899027 seconds (7.00 G allocations: 17.275 TiB, 12.16% gc time)
10366.032310 seconds (7.00 G allocations: 17.291 TiB, 12.15% gc time)
10378.570287 seconds (7.01 G allocations: 17.310 TiB, 12.15% gc time)
10379.060278 seconds (7.01 G allocations: 17.311 TiB, 12.15% gc time)
10381.791612 seconds (7.01 G allocations: 17.314 TiB, 12.15% gc time)
10390.213921 seconds (7.02 G allocations: 17.327 TiB, 12.14% gc time)
10390.340882 seconds (7.02 G allocations: 17.327 TiB, 12.14% gc time)
10397.155709 seconds (7.02 G allocations: 17.336 TiB, 12.15% gc time)
10410.646166 seconds (7.03 G allocations: 17.357 TiB, 12.14% gc time)
10412.021927 seconds (7.03 G allocations: 17.359 TiB, 12.14% gc time)
10415.483266 seconds (7.03 G allocations: 17.365 TiB, 12.14% gc time)
10419.461054 seconds (7.03 G allocations: 17.370 TiB, 12.14% gc time)
10424.508882 seconds (7.04 G allocations: 17.379 TiB, 12.14% gc time)
10428.880939 seconds (7.04 G allocations: 17.384 TiB, 12.14% gc time)
10435.800956 seconds (7.04 G allocations: 17.395 TiB, 12.13% gc time)
10454.592261 seconds (7.05 G allocations: 17.422 TiB, 12.13% gc time)
10457.062725 seconds (7.06 G allocations: 17.426 TiB, 12.13% gc time)
10460.297235 seconds (7.06 G allocations: 17.431 TiB, 12.12% gc time)
10479.800881 seconds (7.07 G allocations: 17.458 TiB, 12.12% gc time)
10494.547871 seconds (7.08 G allocations: 17.480 TiB, 12.11% gc time)
10503.417230 seconds (7.08 G allocations: 17.492 TiB, 12.11% gc time)
9801.308013 seconds (6.88 G allocations: 16.994 TiB, 12.44% gc time)
[2023-01-16T14:22:17.957]Diagonalized H.
9844.964702 seconds (6.91 G allocations: 17.080 TiB, 12.45% gc time)
[2023-01-16T14:22:53.789]Diagonalized H.
 68.996583 seconds (49.62 M allocations: 127.206 GiB, 15.92% gc time)
[2023-01-16T14:23:12.854]Completed Shot 3, state 10
 53.648435 seconds (41.58 M allocations: 105.231 GiB, 19.78% gc time)
[2023-01-16T14:23:36.832]Completed Shot 3, state 5
9749.318442 seconds (6.85 G allocations: 16.927 TiB, 12.53% gc time)
9833.368946 seconds (6.91 G allocations: 17.063 TiB, 12.50% gc time)
9924.686648 seconds (6.98 G allocations: 17.238 TiB, 12.51% gc time)
[2023-01-16T14:24:02.851]Diagonalized H.
[2023-01-16T14:24:02.892]Diagonalized H.
[2023-01-16T14:24:02.910]Diagonalized H.
9929.073679 seconds (6.98 G allocations: 17.234 TiB, 12.52% gc time)
[2023-01-16T14:24:12.740]Diagonalized H.
9956.286709 seconds (6.99 G allocations: 17.283 TiB, 12.50% gc time)
[2023-01-16T14:24:28.374]Diagonalized H.
 48.389398 seconds (19.12 M allocations: 58.229 GiB, 8.87% gc time)
[2023-01-16T14:24:38.710]Completed Shot 3, state 42
 47.455980 seconds (17.76 M allocations: 54.802 GiB, 9.04% gc time)
[2023-01-16T14:24:39.241]Completed Shot 3, state 1
 57.555698 seconds (27.20 M allocations: 78.822 GiB, 7.45% gc time)
[2023-01-16T14:24:45.246]Completed Shot 3, state 32
9973.902337 seconds (7.00 G allocations: 17.293 TiB, 12.47% gc time)
 53.794253 seconds (27.13 M allocations: 78.077 GiB, 3.70% gc time)
[2023-01-16T14:24:57.318]Completed Shot 3, state 44
9931.527405 seconds (6.96 G allocations: 17.211 TiB, 12.46% gc time)
9942.759471 seconds (6.97 G allocations: 17.231 TiB, 12.46% gc time)
 44.940158 seconds (24.43 M allocations: 65.273 GiB, 2.43% gc time)
[2023-01-16T14:25:03.630]Completed Shot 3, state 15
[2023-01-16T14:25:05.606]Diagonalized H.
[2023-01-16T14:25:07.048]Diagonalized H.
9808.696293 seconds (6.88 G allocations: 17.015 TiB, 12.47% gc time)
[2023-01-16T14:25:09.839]Diagonalized H.
9961.861521 seconds (6.97 G allocations: 17.239 TiB, 12.50% gc time)
[2023-01-16T14:25:25.212]Diagonalized H.
9946.202872 seconds (6.96 G allocations: 17.206 TiB, 12.48% gc time)
9873.709010 seconds (6.91 G allocations: 17.091 TiB, 12.49% gc time)
 50.971531 seconds (22.05 M allocations: 64.347 GiB, 12.83% gc time)
[2023-01-16T14:25:47.085]Completed Shot 3, state 41
[2023-01-16T14:25:47.753]Diagonalized H.
 45.396440 seconds (18.67 M allocations: 55.827 GiB, 14.40% gc time)
[2023-01-16T14:25:47.806]Completed Shot 3, state 13
 48.827039 seconds (20.81 M allocations: 61.295 GiB, 13.39% gc time)
[2023-01-16T14:25:47.953]Completed Shot 3, state 22
9991.836297 seconds (6.99 G allocations: 17.293 TiB, 12.46% gc time)
9966.407196 seconds (6.97 G allocations: 17.248 TiB, 12.46% gc time)
[2023-01-16T14:25:55.337]Diagonalized H.
[2023-01-16T14:25:55.658]Diagonalized H.
 49.812617 seconds (21.17 M allocations: 63.891 GiB, 13.12% gc time)
[2023-01-16T14:25:57.311]Completed Shot 3, state 19
[2023-01-16T14:26:04.742]Diagonalized H.
[2023-01-16T14:26:16.623]Diagonalized H.
9980.484586 seconds (6.97 G allocations: 17.245 TiB, 12.49% gc time)
 59.313610 seconds (25.72 M allocations: 78.256 GiB, 10.12% gc time)
[2023-01-16T14:26:24.505]Completed Shot 3, state 24
 53.750698 seconds (23.62 M allocations: 70.810 GiB, 11.16% gc time)
[2023-01-16T14:26:30.979]Completed Shot 3, state 9
9854.981277 seconds (6.89 G allocations: 17.054 TiB, 12.50% gc time)
 57.795568 seconds (26.04 M allocations: 77.029 GiB, 10.38% gc time)
[2023-01-16T14:26:38.233]Completed Shot 3, state 35
9816.188933 seconds (6.87 G allocations: 16.997 TiB, 12.52% gc time)
9987.535122 seconds (6.97 G allocations: 17.255 TiB, 12.46% gc time)
10000.841661 seconds (6.98 G allocations: 17.277 TiB, 12.46% gc time)
[2023-01-16T14:26:42.258]Diagonalized H.
 53.493655 seconds (22.81 M allocations: 68.711 GiB, 11.22% gc time)
[2023-01-16T14:26:45.028]Completed Shot 3, state 17
10032.819871 seconds (7.00 G allocations: 17.337 TiB, 12.46% gc time)
 57.248755 seconds (25.99 M allocations: 78.353 GiB, 10.48% gc time)
[2023-01-16T14:26:46.365]Completed Shot 3, state 40
[2023-01-16T14:26:49.473]Diagonalized H.
[2023-01-16T14:26:58.969]Diagonalized H.
[2023-01-16T14:26:58.977]Diagonalized H.
[2023-01-16T14:26:58.982]Diagonalized H.
[2023-01-16T14:26:59.049]Diagonalized H.
 63.769988 seconds (23.96 M allocations: 76.450 GiB, 8.68% gc time)
[2023-01-16T14:27:21.770]Completed Shot 3, state 33
9929.507605 seconds (6.92 G allocations: 17.142 TiB, 12.49% gc time)
9975.310480 seconds (6.95 G allocations: 17.210 TiB, 12.48% gc time)
10034.210759 seconds (6.99 G allocations: 17.304 TiB, 12.46% gc time)
 50.009926 seconds (17.39 M allocations: 57.579 GiB, 11.07% gc time)
[2023-01-16T14:27:30.004]Completed Shot 3, state 47
9998.472218 seconds (6.96 G allocations: 17.251 TiB, 12.46% gc time)
10093.276918 seconds (7.03 G allocations: 17.412 TiB, 12.45% gc time)
[2023-01-16T14:27:34.020]Diagonalized H.
 55.911229 seconds (22.82 M allocations: 71.845 GiB, 9.90% gc time)
[2023-01-16T14:27:34.803]Completed Shot 3, state 11
[2023-01-16T14:27:34.912]Diagonalized H.
10083.505341 seconds (7.02 G allocations: 17.394 TiB, 12.45% gc time)
10019.406256 seconds (6.98 G allocations: 17.288 TiB, 12.45% gc time)
 58.109327 seconds (24.36 M allocations: 77.720 GiB, 9.52% gc time)
[2023-01-16T14:27:35.844]Completed Shot 3, state 18
10017.377858 seconds (6.98 G allocations: 17.285 TiB, 12.45% gc time)
9973.123844 seconds (6.95 G allocations: 17.221 TiB, 12.46% gc time)
 57.445122 seconds (23.31 M allocations: 76.277 GiB, 9.63% gc time)
[2023-01-16T14:27:38.550]Completed Shot 3, state 12
 52.669737 seconds (18.61 M allocations: 62.850 GiB, 10.51% gc time)
[2023-01-16T14:27:38.739]Completed Shot 3, state 2
10127.918003 seconds (7.06 G allocations: 17.480 TiB, 12.45% gc time)
[2023-01-16T14:27:40.889]Diagonalized H.
[2023-01-16T14:27:56.019]Diagonalized H.
[2023-01-16T14:27:56.035]Diagonalized H.
[2023-01-16T14:27:56.038]Diagonalized H.
[2023-01-16T14:27:56.040]Diagonalized H.
[2023-01-16T14:27:56.046]Diagonalized H.
[2023-01-16T14:27:56.049]Diagonalized H.
[2023-01-16T14:27:56.052]Diagonalized H.
 55.652035 seconds (16.28 M allocations: 60.262 GiB, 9.33% gc time)
[2023-01-16T14:28:17.827]Completed Shot 3, state 49
 59.968814 seconds (16.17 M allocations: 62.623 GiB, 8.66% gc time)
[2023-01-16T14:28:22.496]Completed Shot 3, state 20
 55.122008 seconds (12.71 M allocations: 53.475 GiB, 9.42% gc time)
[2023-01-16T14:28:22.496]Completed Shot 3, state 27
 46.630248 seconds (3.91 M allocations: 28.052 GiB, 11.14% gc time)
[2023-01-16T14:28:26.221]Completed Shot 3, state 26
 50.305063 seconds (5.23 M allocations: 31.866 GiB, 10.32% gc time)
[2023-01-16T14:28:28.743]Completed Shot 3, state 50
 59.141811 seconds (9.72 M allocations: 47.009 GiB, 8.78% gc time)
[2023-01-16T14:28:34.361]Completed Shot 3, state 38
 62.139745 seconds (12.21 M allocations: 53.930 GiB, 8.36% gc time)
[2023-01-16T14:28:34.853]Completed Shot 3, state 29
 57.831970 seconds (8.86 M allocations: 41.884 GiB, 8.98% gc time)
[2023-01-16T14:28:35.602]Completed Shot 3, state 3
10020.127606 seconds (6.95 G allocations: 17.241 TiB, 12.46% gc time)
10149.059248 seconds (7.03 G allocations: 17.447 TiB, 12.44% gc time)
10004.090573 seconds (6.94 G allocations: 17.218 TiB, 12.46% gc time)
10043.469824 seconds (6.97 G allocations: 17.276 TiB, 12.46% gc time)
10089.146229 seconds (6.99 G allocations: 17.347 TiB, 12.44% gc time)
 70.252377 seconds (16.00 M allocations: 64.424 GiB, 10.51% gc time)
[2023-01-16T14:28:42.915]Completed Shot 3, state 37
 68.942817 seconds (14.50 M allocations: 59.138 GiB, 10.71% gc time)
[2023-01-16T14:28:44.298]Completed Shot 3, state 39
[2023-01-16T14:28:50.335]Diagonalized H.
[2023-01-16T14:28:50.336]Diagonalized H.
[2023-01-16T14:28:50.337]Diagonalized H.
[2023-01-16T14:28:50.339]Diagonalized H.
[2023-01-16T14:28:50.340]Diagonalized H.
10094.424907 seconds (7.00 G allocations: 17.351 TiB, 12.44% gc time)
10099.540699 seconds (6.99 G allocations: 17.356 TiB, 12.43% gc time)
[2023-01-16T14:29:16.108]Diagonalized H.
[2023-01-16T14:29:16.132]Diagonalized H.
10121.665421 seconds (7.00 G allocations: 17.362 TiB, 12.40% gc time)
10062.090832 seconds (6.96 G allocations: 17.270 TiB, 12.42% gc time)
[2023-01-16T14:29:44.738]Diagonalized H.
[2023-01-16T14:29:45.207]Diagonalized H.
 65.144144 seconds (11.29 M allocations: 47.982 GiB, 6.52% gc time)
[2023-01-16T14:29:47.113]Completed Shot 3, state 48
 66.947026 seconds (12.38 M allocations: 51.167 GiB, 6.35% gc time)
[2023-01-16T14:29:47.255]Completed Shot 3, state 46
 67.287289 seconds (12.47 M allocations: 51.349 GiB, 6.32% gc time)
[2023-01-16T14:29:47.654]Completed Shot 3, state 28
 48.580956 seconds (6.12 M allocations: 26.150 GiB, 6.88% gc time)
[2023-01-16T14:29:48.282]Completed Shot 3, state 4
 68.972978 seconds (12.72 M allocations: 52.089 GiB, 6.16% gc time)
[2023-01-16T14:29:50.103]Completed Shot 3, state 16
10045.397118 seconds (6.94 G allocations: 17.228 TiB, 12.44% gc time)
 68.535820 seconds (11.90 M allocations: 50.002 GiB, 6.20% gc time)
[2023-01-16T14:29:51.360]Completed Shot 3, state 45
 61.798754 seconds (9.16 M allocations: 42.125 GiB, 5.41% gc time)
[2023-01-16T14:29:52.323]Completed Shot 3, state 21
10131.981648 seconds (6.99 G allocations: 17.347 TiB, 12.39% gc time)
10055.682140 seconds (6.94 G allocations: 17.231 TiB, 12.42% gc time)
 38.497856 seconds (7.42 M allocations: 26.986 GiB, 6.66% gc time)
[2023-01-16T14:30:04.219]Completed Shot 3, state 34
 34.520523 seconds (6.55 M allocations: 22.819 GiB, 7.43% gc time)
[2023-01-16T14:30:04.229]Completed Shot 3, state 25
10037.610234 seconds (6.93 G allocations: 17.206 TiB, 12.42% gc time)
10102.849005 seconds (6.97 G allocations: 17.299 TiB, 12.40% gc time)
[2023-01-16T14:30:13.559]Diagonalized H.
[2023-01-16T14:30:13.560]Diagonalized H.
[2023-01-16T14:30:13.561]Diagonalized H.
[2023-01-16T14:30:13.562]Diagonalized H.
[2023-01-16T14:30:13.565]Diagonalized H.
10198.720908 seconds (7.02 G allocations: 17.441 TiB, 12.38% gc time)
[2023-01-16T14:30:38.432]Diagonalized H.
 33.318446 seconds (2.61 M allocations: 18.653 GiB, 2.79% gc time)
[2023-01-16T14:30:38.884]Completed Shot 3, state 6
 34.790986 seconds (3.08 M allocations: 19.944 GiB, 2.67% gc time)
[2023-01-16T14:30:38.928]Completed Shot 3, state 36
 32.613243 seconds (2.39 M allocations: 18.004 GiB, 2.85% gc time)
[2023-01-16T14:30:39.102]Completed Shot 3, state 30
 48.501276 seconds (6.32 M allocations: 29.371 GiB, 1.92% gc time)
[2023-01-16T14:30:39.119]Completed Shot 3, state 43
 37.242287 seconds (3.77 M allocations: 21.903 GiB, 2.50% gc time)
[2023-01-16T14:30:39.171]Completed Shot 3, state 8
10121.767376 seconds (6.96 G allocations: 17.291 TiB, 12.37% gc time)
[2023-01-16T14:30:52.725]Diagonalized H.
 46.547647 seconds (3.17 M allocations: 15.962 GiB, 1.92% gc time)
[2023-01-16T14:31:01.857]Completed Shot 3, state 23
10072.568339 seconds (6.92 G allocations: 17.198 TiB, 12.38% gc time)
[2023-01-16T14:31:10.184]Diagonalized H.
10280.322672 seconds (7.04 G allocations: 17.502 TiB, 12.32% gc time)
[2023-01-16T14:31:16.673]Diagonalized H.
 36.015326 seconds (1.24 M allocations: 10.059 GiB, 3.45% gc time)
[2023-01-16T14:31:21.739]Completed Shot 3, state 14
 25.334281 seconds (342.88 k allocations: 5.867 GiB, 0.09% gc time)
[2023-01-16T14:31:29.477]Completed Shot 3, state 31
 24.153515 seconds (121.93 k allocations: 4.939 GiB, 0.10% gc time)
[2023-01-16T14:31:35.007]Completed Shot 3, state 7
9740.931024 seconds (7.71 G allocations: 18.906 TiB, 17.45% gc time)
9760.034011 seconds (7.73 G allocations: 18.961 TiB, 17.46% gc time)
9761.566252 seconds (7.74 G allocations: 18.966 TiB, 17.46% gc time)
9761.666335 seconds (7.74 G allocations: 18.967 TiB, 17.46% gc time)
9769.946835 seconds (7.74 G allocations: 18.980 TiB, 17.49% gc time)
9773.288788 seconds (7.75 G allocations: 18.992 TiB, 17.49% gc time)
9775.712289 seconds (7.75 G allocations: 19.000 TiB, 17.48% gc time)
9777.818704 seconds (7.75 G allocations: 19.007 TiB, 17.48% gc time)
9778.969036 seconds (7.75 G allocations: 19.011 TiB, 17.48% gc time)
9779.265114 seconds (7.75 G allocations: 19.012 TiB, 17.48% gc time)
9788.835658 seconds (7.76 G allocations: 19.030 TiB, 17.50% gc time)
9791.524964 seconds (7.77 G allocations: 19.039 TiB, 17.50% gc time)
9791.589932 seconds (7.77 G allocations: 19.039 TiB, 17.50% gc time)
9792.044456 seconds (7.77 G allocations: 19.040 TiB, 17.50% gc time)
9792.308996 seconds (7.77 G allocations: 19.041 TiB, 17.50% gc time)
9793.789424 seconds (7.77 G allocations: 19.046 TiB, 17.49% gc time)
9795.200072 seconds (7.77 G allocations: 19.050 TiB, 17.49% gc time)
9795.294542 seconds (7.77 G allocations: 19.050 TiB, 17.49% gc time)
9795.395457 seconds (7.77 G allocations: 19.050 TiB, 17.49% gc time)
9796.999990 seconds (7.77 G allocations: 19.055 TiB, 17.49% gc time)
9800.886691 seconds (7.78 G allocations: 19.066 TiB, 17.48% gc time)
9801.210829 seconds (7.78 G allocations: 19.067 TiB, 17.48% gc time)
9801.375892 seconds (7.78 G allocations: 19.068 TiB, 17.48% gc time)
9801.434941 seconds (7.78 G allocations: 19.068 TiB, 17.48% gc time)
9801.927821 seconds (7.78 G allocations: 19.069 TiB, 17.48% gc time)
9801.963195 seconds (7.78 G allocations: 19.069 TiB, 17.48% gc time)
9802.813095 seconds (7.78 G allocations: 19.072 TiB, 17.48% gc time)
9802.909536 seconds (7.78 G allocations: 19.072 TiB, 17.48% gc time)
9807.692531 seconds (7.78 G allocations: 19.076 TiB, 17.50% gc time)
9808.953245 seconds (7.78 G allocations: 19.079 TiB, 17.50% gc time)
9811.413486 seconds (7.78 G allocations: 19.085 TiB, 17.49% gc time)
9811.454753 seconds (7.78 G allocations: 19.085 TiB, 17.49% gc time)
9815.457634 seconds (7.79 G allocations: 19.095 TiB, 17.49% gc time)
9817.086803 seconds (7.79 G allocations: 19.099 TiB, 17.48% gc time)
9818.349949 seconds (7.79 G allocations: 19.102 TiB, 17.48% gc time)
9818.982289 seconds (7.79 G allocations: 19.103 TiB, 17.48% gc time)
9819.732908 seconds (7.79 G allocations: 19.105 TiB, 17.48% gc time)
9820.789787 seconds (7.79 G allocations: 19.107 TiB, 17.48% gc time)
9829.971184 seconds (7.80 G allocations: 19.120 TiB, 17.49% gc time)
9834.098063 seconds (7.80 G allocations: 19.129 TiB, 17.49% gc time)
9841.938044 seconds (7.81 G allocations: 19.146 TiB, 17.47% gc time)
9843.448085 seconds (7.81 G allocations: 19.149 TiB, 17.47% gc time)
9844.179346 seconds (7.81 G allocations: 19.151 TiB, 17.47% gc time)
9847.703913 seconds (7.81 G allocations: 19.158 TiB, 17.46% gc time)
9847.832006 seconds (7.81 G allocations: 19.158 TiB, 17.46% gc time)
9854.201608 seconds (7.82 G allocations: 19.163 TiB, 17.49% gc time)
9854.670993 seconds (7.82 G allocations: 19.164 TiB, 17.49% gc time)
9873.067897 seconds (7.83 G allocations: 19.199 TiB, 17.45% gc time)
9890.071805 seconds (7.84 G allocations: 19.224 TiB, 17.46% gc time)
9907.279065 seconds (7.85 G allocations: 19.257 TiB, 17.43% gc time)
9548.616848 seconds (7.77 G allocations: 19.059 TiB, 17.09% gc time)
9571.810908 seconds (7.80 G allocations: 19.129 TiB, 17.10% gc time)
[2023-01-16T19:53:42.176]Diagonalized H.
[2023-01-16T19:53:42.205]Diagonalized H.
9537.547717 seconds (7.76 G allocations: 19.022 TiB, 17.08% gc time)
9558.326819 seconds (7.78 G allocations: 19.074 TiB, 17.09% gc time)
9563.111347 seconds (7.78 G allocations: 19.087 TiB, 17.08% gc time)
9568.630184 seconds (7.79 G allocations: 19.104 TiB, 17.07% gc time)
9539.686620 seconds (7.76 G allocations: 19.022 TiB, 17.08% gc time)
[2023-01-16T19:54:05.607]Diagonalized H.
[2023-01-16T19:54:05.624]Diagonalized H.
[2023-01-16T19:54:05.683]Diagonalized H.
[2023-01-16T19:54:06.030]Diagonalized H.
9590.945995 seconds (7.80 G allocations: 19.130 TiB, 17.11% gc time)
9551.587430 seconds (7.76 G allocations: 19.031 TiB, 17.09% gc time)
9557.630179 seconds (7.76 G allocations: 19.042 TiB, 17.08% gc time)
 52.631075 seconds (28.18 M allocations: 81.859 GiB, 17.55% gc time)
[2023-01-16T19:54:20.383]Completed Shot 4, state 1
 55.772656 seconds (32.52 M allocations: 92.658 GiB, 16.56% gc time)
[2023-01-16T19:54:21.066]Completed Shot 4, state 2
9550.801299 seconds (7.75 G allocations: 19.015 TiB, 17.06% gc time)
[2023-01-16T19:54:35.074]Diagonalized H.
[2023-01-16T19:54:35.423]Diagonalized H.
[[[2023-01-16T19:54:35.436]Diagonalized H.
2023-01-16T19:54:35.4442023-01-16T19:54:35.455]Diagonalized H.
]Diagonalized H.
 86.537886 seconds (15.85 M allocations: 57.952 GiB, 13.28% gc time)
[2023-01-16T19:55:15.587]Completed Shot 4, state 14
 90.960178 seconds (18.45 M allocations: 64.840 GiB, 12.64% gc time)
[2023-01-16T19:55:17.308]Completed Shot 4, state 39
 85.175445 seconds (11.72 M allocations: 47.764 GiB, 13.77% gc time)
[2023-01-16T19:55:18.764]Completed Shot 4, state 28
 98.683168 seconds (14.44 M allocations: 56.277 GiB, 12.88% gc time)
[2023-01-16T19:55:30.095]Completed Shot 4, state 50
9651.210229 seconds (7.78 G allocations: 19.109 TiB, 17.02% gc time)
[2023-01-16T19:55:42.059]Diagonalized H.
9679.230500 seconds (7.80 G allocations: 19.141 TiB, 17.03% gc time)
[2023-01-16T19:55:58.682]Diagonalized H.
105.069438 seconds (10.07 M allocations: 41.002 GiB, 11.22% gc time)
[2023-01-16T19:55:59.672]Completed Shot 4, state 8
123.542617 seconds (15.83 M allocations: 62.657 GiB, 12.09% gc time)
[2023-01-16T19:55:59.674]Completed Shot 4, state 25
9664.557299 seconds (7.77 G allocations: 19.086 TiB, 17.01% gc time)
9664.733125 seconds (7.77 G allocations: 19.087 TiB, 17.01% gc time)
9671.613884 seconds (7.78 G allocations: 19.108 TiB, 17.00% gc time)
9689.014542 seconds (7.80 G allocations: 19.150 TiB, 17.01% gc time)
114.407006 seconds (16.42 M allocations: 62.648 GiB, 10.31% gc time)
[2023-01-16T19:56:03.817]Completed Shot 4, state 38
116.325859 seconds (18.18 M allocations: 68.675 GiB, 10.14% gc time)
[2023-01-16T19:56:03.848]Completed Shot 4, state 35
9690.317921 seconds (7.80 G allocations: 19.153 TiB, 17.01% gc time)
 99.538646 seconds (12.54 M allocations: 47.718 GiB, 11.85% gc time)
[2023-01-16T19:56:05.083]Completed Shot 4, state 20
9675.169751 seconds (7.78 G allocations: 19.117 TiB, 17.00% gc time)
9680.844067 seconds (7.79 G allocations: 19.133 TiB, 16.99% gc time)
9681.337459 seconds (7.79 G allocations: 19.134 TiB, 16.98% gc time)
 33.428768 seconds (12.52 M allocations: 36.466 GiB, 6.29% gc time)
[2023-01-16T19:56:08.485]Completed Shot 4, state 36
9658.434797 seconds (7.77 G allocations: 19.081 TiB, 16.99% gc time)
9716.875433 seconds (7.83 G allocations: 19.222 TiB, 17.01% gc time)
9658.710903 seconds (7.77 G allocations: 19.081 TiB, 16.99% gc time)
9668.811235 seconds (7.78 G allocations: 19.105 TiB, 16.97% gc time)
9687.870560 seconds (7.80 G allocations: 19.149 TiB, 16.97% gc time)
9682.862479 seconds (7.79 G allocations: 19.134 TiB, 16.98% gc time)
[2023-01-16T19:56:15.015]Diagonalized H.
[2023-01-16T19:56:15.083]Diagonalized H.
[2023-01-16T19:56:16.534]Diagonalized H.
9680.630269 seconds (7.79 G allocations: 19.128 TiB, 16.99% gc time)
[2023-01-16T19:56:19.153]Diagonalized H.
[2023-01-16T19:56:19.611]Diagonalized H.
[2023-01-16T19:56:19.912]Diagonalized H.
9695.003520 seconds (7.80 G allocations: 19.162 TiB, 16.96% gc time)
 29.810519 seconds (18.10 M allocations: 55.035 GiB, 1.21% gc time)
[2023-01-16T19:56:21.873]Completed Shot 4, state 42
[2023-01-16T19:56:22.083]Diagonalized H.
[2023-01-16T19:56:22.409]Diagonalized H.
[2023-01-16T19:56:22.676]Diagonalized H.
[2023-01-16T19:56:25.742]Diagonalized H.
[2023-01-16T19:56:27.526]Diagonalized H.
[2023-01-16T19:56:29.396]Diagonalized H.
[2023-01-16T19:56:31.337]Diagonalized H.
[2023-01-16T19:56:33.489]Diagonalized H.
[2023-01-16T19:56:40.553]Diagonalized H.
[2023-01-16T19:56:46.357]Diagonalized H.
 47.205969 seconds (15.98 M allocations: 62.852 GiB)
[2023-01-16T19:56:48.343]Completed Shot 4, state 18
 49.080753 seconds (12.34 M allocations: 54.255 GiB)
[2023-01-16T19:56:53.680]Completed Shot 4, state 4
 56.783382 seconds (14.14 M allocations: 61.496 GiB)
[2023-01-16T19:56:59.777]Completed Shot 4, state 13
 69.809057 seconds (16.58 M allocations: 73.619 GiB)
[2023-01-16T19:57:10.590]Completed Shot 4, state 44
 66.857597 seconds (7.12 M allocations: 50.367 GiB)
[2023-01-16T19:57:17.404]Completed Shot 4, state 5
 77.592922 seconds (15.58 M allocations: 73.267 GiB)
[2023-01-16T19:57:19.426]Completed Shot 4, state 29
 65.018374 seconds (3.43 M allocations: 41.380 GiB)
[2023-01-16T19:57:19.903]Completed Shot 4, state 45
9727.813007 seconds (7.77 G allocations: 19.106 TiB, 16.84% gc time)
 76.400577 seconds (1.74 M allocations: 35.246 GiB)
[2023-01-16T19:57:38.005]Completed Shot 4, state 10
 90.916770 seconds (10.52 M allocations: 64.138 GiB)
[2023-01-16T19:57:39.080]Completed Shot 4, state 49
 87.537752 seconds (6.53 M allocations: 53.646 GiB)
[2023-01-16T19:57:40.313]Completed Shot 4, state 23
 84.981512 seconds (3.21 M allocations: 41.754 GiB)
[2023-01-16T19:57:42.553]Completed Shot 4, state 31
 91.575130 seconds (7.72 M allocations: 57.013 GiB)
[2023-01-16T19:57:43.647]Completed Shot 4, state 30
 92.750677 seconds (8.15 M allocations: 58.256 GiB)
[2023-01-16T19:57:44.670]Completed Shot 4, state 21
9770.047038 seconds (7.79 G allocations: 19.174 TiB, 16.83% gc time)
[2023-01-16T19:57:58.962]Diagonalized H.
[2023-01-16T19:57:59.363]Diagonalized H.
105.570534 seconds (7.19 M allocations: 56.062 GiB, 6.48% gc time)
[2023-01-16T19:57:59.976]Completed Shot 4, state 34
112.173528 seconds (13.03 M allocations: 71.267 GiB, 6.10% gc time)
[2023-01-16T19:58:00.566]Completed Shot 4, state 9
9764.816889 seconds (7.78 G allocations: 19.137 TiB, 16.88% gc time)
115.879373 seconds (16.55 M allocations: 83.189 GiB, 5.91% gc time)
[2023-01-16T19:58:01.353]Completed Shot 4, state 16
9772.159128 seconds (7.78 G allocations: 19.157 TiB, 16.86% gc time)
9733.183203 seconds (7.76 G allocations: 19.088 TiB, 16.86% gc time)
9780.915225 seconds (7.79 G allocations: 19.171 TiB, 16.85% gc time)
9788.902859 seconds (7.79 G allocations: 19.184 TiB, 16.84% gc time)
[2023-01-16T19:58:20.115]Diagonalized H.
[2023-01-16T19:58:20.117]Diagonalized H.
[2023-01-16T19:58:20.151]Diagonalized H.
[2023-01-16T19:58:20.155]Diagonalized H.
[2023-01-16T19:58:20.164]Diagonalized H.
9786.378391 seconds (7.78 G allocations: 19.159 TiB, 16.86% gc time)
9792.525346 seconds (7.78 G allocations: 19.153 TiB, 16.81% gc time)
9827.228407 seconds (7.81 G allocations: 19.223 TiB, 16.82% gc time)
 65.731415 seconds (10.09 M allocations: 42.050 GiB, 12.66% gc time)
[2023-01-16T19:58:42.653]Completed Shot 4, state 12
9786.308684 seconds (7.77 G allocations: 19.130 TiB, 16.82% gc time)
 58.191214 seconds (8.56 M allocations: 37.787 GiB, 14.30% gc time)
[2023-01-16T19:58:44.135]Completed Shot 4, state 32
9818.004011 seconds (7.79 G allocations: 19.193 TiB, 16.80% gc time)
 36.063466 seconds (3.34 M allocations: 21.099 GiB, 4.08% gc time)
[2023-01-16T19:58:47.669]Completed Shot 4, state 7
[2023-01-16T19:58:47.822]Diagonalized H.
9829.991273 seconds (7.80 G allocations: 19.209 TiB, 16.81% gc time)
 41.094012 seconds (4.99 M allocations: 25.930 GiB, 3.58% gc time)
[2023-01-16T19:58:48.432]Completed Shot 4, state 17
9789.970101 seconds (7.77 G allocations: 19.133 TiB, 16.82% gc time)
 48.670738 seconds (9.05 M allocations: 40.875 GiB, 3.03% gc time)
[2023-01-16T19:58:49.287]Completed Shot 4, state 33
[2023-01-16T19:58:57.299]Diagonalized H.
[2023-01-16T19:58:57.305]Diagonalized H.
[2023-01-16T19:58:57.305]Diagonalized H.
[2023-01-16T19:58:57.627]Diagonalized H.
[2023-01-16T19:58:57.627]Diagonalized H.
[2023-01-16T19:58:57.748]Diagonalized H.
 57.102299 seconds (7.65 M allocations: 42.074 GiB, 6.01% gc time)
[2023-01-16T19:58:59.729]Completed Shot 4, state 6
 66.084679 seconds (7.68 M allocations: 44.304 GiB, 5.19% gc time)
[2023-01-16T19:59:08.949]Completed Shot 4, state 11
 63.134020 seconds (5.89 M allocations: 42.008 GiB, 3.10% gc time)
[2023-01-16T19:59:23.505]Completed Shot 4, state 15
9826.090663 seconds (7.77 G allocations: 19.154 TiB, 16.77% gc time)
 49.435355 seconds (5.89 M allocations: 32.807 GiB, 3.96% gc time)
[2023-01-16T19:59:27.070]Completed Shot 4, state 24
 42.812083 seconds (4.70 M allocations: 28.576 GiB, 4.58% gc time)
[2023-01-16T19:59:27.281]Completed Shot 4, state 26
 38.966166 seconds (3.23 M allocations: 22.775 GiB, 5.03% gc time)
[2023-01-16T19:59:28.126]Completed Shot 4, state 47
 40.798961 seconds (3.87 M allocations: 25.983 GiB, 4.80% gc time)
[2023-01-16T19:59:28.710]Completed Shot 4, state 40
9801.666542 seconds (7.75 G allocations: 19.108 TiB, 16.78% gc time)
9827.424566 seconds (7.77 G allocations: 19.149 TiB, 16.77% gc time)
 48.240447 seconds (5.79 M allocations: 32.025 GiB, 4.06% gc time)
[2023-01-16T19:59:31.497]Completed Shot 4, state 48
 55.161096 seconds (6.96 M allocations: 36.048 GiB, 3.55% gc time)
[2023-01-16T19:59:32.668]Completed Shot 4, state 41
9830.172572 seconds (7.77 G allocations: 19.150 TiB, 16.77% gc time)
[2023-01-16T19:59:40.212]Diagonalized H.
[2023-01-16T19:59:40.212]Diagonalized H.
[2023-01-16T19:59:40.213]Diagonalized H.
[2023-01-16T19:59:40.213]Diagonalized H.
9841.550103 seconds (7.77 G allocations: 19.155 TiB, 16.72% gc time)
9796.024767 seconds (7.73 G allocations: 19.064 TiB, 16.76% gc time)
 37.480721 seconds (3.23 M allocations: 18.498 GiB, 3.36% gc time)
[2023-01-16T20:00:02.030]Completed Shot 4, state 27
 29.901733 seconds (1.65 M allocations: 13.700 GiB, 4.22% gc time)
[2023-01-16T20:00:02.788]Completed Shot 4, state 37
 33.057776 seconds (2.23 M allocations: 15.485 GiB, 3.81% gc time)
[2023-01-16T20:00:02.802]Completed Shot 4, state 19
 32.824514 seconds (2.15 M allocations: 15.135 GiB, 3.84% gc time)
[2023-01-16T20:00:03.092]Completed Shot 4, state 3
[2023-01-16T20:00:05.513]Diagonalized H.
[2023-01-16T20:00:06.826]Diagonalized H.
9841.784828 seconds (7.75 G allocations: 19.104 TiB, 16.69% gc time)
 31.466632 seconds (926.91 k allocations: 7.631 GiB, 0.90% gc time)
[2023-01-16T20:00:29.780]Completed Shot 4, state 46
 39.021452 seconds (1.28 M allocations: 9.802 GiB, 0.72% gc time)
[2023-01-16T20:00:29.783]Completed Shot 4, state 22
[2023-01-16T20:00:32.486]Diagonalized H.
 24.564075 seconds (67.23 k allocations: 2.736 GiB)
[2023-01-16T20:00:51.431]Completed Shot 4, state 43
9212.789841 seconds (6.85 G allocations: 16.921 TiB, 17.25% gc time)
9234.290041 seconds (6.86 G allocations: 16.962 TiB, 17.27% gc time)
9238.758907 seconds (6.87 G allocations: 16.974 TiB, 17.26% gc time)
9244.782599 seconds (6.88 G allocations: 16.990 TiB, 17.25% gc time)
9249.159808 seconds (6.88 G allocations: 17.002 TiB, 17.25% gc time)
9251.895844 seconds (6.88 G allocations: 17.009 TiB, 17.24% gc time)
9252.508932 seconds (6.88 G allocations: 17.011 TiB, 17.24% gc time)
9258.819395 seconds (6.89 G allocations: 17.012 TiB, 17.29% gc time)
9269.473839 seconds (6.90 G allocations: 17.039 TiB, 17.27% gc time)
9271.407921 seconds (6.90 G allocations: 17.044 TiB, 17.26% gc time)
9273.562362 seconds (6.90 G allocations: 17.049 TiB, 17.26% gc time)
9276.248447 seconds (6.90 G allocations: 17.056 TiB, 17.25% gc time)
9280.260010 seconds (6.91 G allocations: 17.066 TiB, 17.25% gc time)
9280.485798 seconds (6.91 G allocations: 17.067 TiB, 17.25% gc time)
9281.385653 seconds (6.91 G allocations: 17.069 TiB, 17.25% gc time)
9291.171085 seconds (6.91 G allocations: 17.076 TiB, 17.30% gc time)
9293.008784 seconds (6.91 G allocations: 17.080 TiB, 17.30% gc time)
9293.164924 seconds (6.91 G allocations: 17.081 TiB, 17.30% gc time)
9293.796546 seconds (6.91 G allocations: 17.082 TiB, 17.29% gc time)
9294.288624 seconds (6.91 G allocations: 17.083 TiB, 17.29% gc time)
9298.192284 seconds (6.92 G allocations: 17.092 TiB, 17.29% gc time)
9300.587169 seconds (6.92 G allocations: 17.097 TiB, 17.28% gc time)
9303.314760 seconds (6.92 G allocations: 17.103 TiB, 17.28% gc time)
9306.816569 seconds (6.93 G allocations: 17.111 TiB, 17.27% gc time)
9308.767934 seconds (6.93 G allocations: 17.115 TiB, 17.27% gc time)
  Activating project at `/gpfs/bwfor/work/ws/hd_ku269-light_cones/WorkingFolder`
9309.950441 seconds (6.93 G allocations: 17.118 TiB, 17.26% gc time)
9312.976236 seconds (6.93 G allocations: 17.124 TiB, 17.26% gc time)
9314.096739 seconds (6.93 G allocations: 17.126 TiB, 17.26% gc time)
9323.468793 seconds (6.94 G allocations: 17.135 TiB, 17.29% gc time)
9324.458796 seconds (6.94 G allocations: 17.137 TiB, 17.29% gc time)
9328.736654 seconds (6.94 G allocations: 17.146 TiB, 17.28% gc time)
9329.864036 seconds (6.94 G allocations: 17.148 TiB, 17.28% gc time)
9330.047298 seconds (6.94 G allocations: 17.149 TiB, 17.28% gc time)
9330.177439 seconds (6.94 G allocations: 17.149 TiB, 17.28% gc time)
9330.809219 seconds (6.94 G allocations: 17.150 TiB, 17.28% gc time)
9331.990389 seconds (6.94 G allocations: 17.153 TiB, 17.28% gc time)
9332.000503 seconds (6.94 G allocations: 17.153 TiB, 17.28% gc time)
9336.075648 seconds (6.95 G allocations: 17.161 TiB, 17.27% gc time)
9336.761127 seconds (6.95 G allocations: 17.162 TiB, 17.27% gc time)
9337.570375 seconds (6.95 G allocations: 17.163 TiB, 17.27% gc time)
9340.079266 seconds (6.95 G allocations: 17.168 TiB, 17.26% gc time)
9341.117310 seconds (6.95 G allocations: 17.171 TiB, 17.26% gc time)
9342.151903 seconds (6.95 G allocations: 17.173 TiB, 17.26% gc time)
9344.405572 seconds (6.95 G allocations: 17.177 TiB, 17.25% gc time)
9345.333914 seconds (6.95 G allocations: 17.178 TiB, 17.25% gc time)
9345.635100 seconds (6.95 G allocations: 17.179 TiB, 17.25% gc time)
9346.251828 seconds (6.95 G allocations: 17.180 TiB, 17.25% gc time)
9349.951366 seconds (6.96 G allocations: 17.187 TiB, 17.24% gc time)
9369.247595 seconds (6.97 G allocations: 17.210 TiB, 17.27% gc time)
9380.868909 seconds (6.97 G allocations: 17.230 TiB, 17.25% gc time)
9505.577968 seconds (6.85 G allocations: 16.932 TiB, 16.36% gc time)
9511.454183 seconds (6.86 G allocations: 16.967 TiB, 16.29% gc time)
[2023-01-17T01:13:56.908]Diagonalized H.
[2023-01-17T01:13:56.913]Diagonalized H.
9552.002893 seconds (6.89 G allocations: 17.034 TiB, 16.35% gc time)
[2023-01-17T01:14:24.901]Diagonalized H.
 60.694872 seconds (43.58 M allocations: 113.984 GiB, 17.74% gc time)
[2023-01-17T01:14:30.217]Completed Shot 5, state 22
9552.276147 seconds (6.89 G allocations: 17.022 TiB, 16.34% gc time)
9492.760795 seconds (6.84 G allocations: 16.919 TiB, 16.32% gc time)
 63.928666 seconds (44.26 M allocations: 116.478 GiB, 16.84% gc time)
[2023-01-17T01:14:45.637]Completed Shot 5, state 14
 47.913310 seconds (38.25 M allocations: 98.341 GiB, 8.42% gc time)
[2023-01-17T01:14:50.112]Completed Shot 5, state 45
[2023-01-17T01:14:50.866]Diagonalized H.
[2023-01-17T01:15:01.925]Diagonalized H.
9555.242665 seconds (6.89 G allocations: 17.024 TiB, 16.33% gc time)
9620.687231 seconds (6.94 G allocations: 17.159 TiB, 16.35% gc time)
9615.384392 seconds (6.93 G allocations: 17.141 TiB, 16.36% gc time)
9611.734060 seconds (6.93 G allocations: 17.130 TiB, 16.37% gc time)
[2023-01-17T01:15:25.751]Diagonalized H.
[2023-01-17T01:15:25.756]Diagonalized H.
[2023-01-17T01:15:25.758]Diagonalized H.
[2023-01-17T01:15:25.795]Diagonalized H.
9598.739489 seconds (6.91 G allocations: 17.089 TiB, 16.36% gc time)
9666.608017 seconds (6.97 G allocations: 17.236 TiB, 16.37% gc time)
 58.250006 seconds (32.35 M allocations: 92.818 GiB, 16.86% gc time)
[2023-01-17T01:15:35.523]Completed Shot 5, state 28
 56.221055 seconds (29.10 M allocations: 84.763 GiB, 17.47% gc time)
[2023-01-17T01:15:37.177]Completed Shot 5, state 6
[2023-01-17T01:15:47.847]Diagonalized H.
[2023-01-17T01:15:47.865]Diagonalized H.
9628.910679 seconds (6.93 G allocations: 17.134 TiB, 16.33% gc time)
9599.004168 seconds (6.90 G allocations: 17.078 TiB, 16.31% gc time)
 41.176232 seconds (14.98 M allocations: 50.257 GiB, 10.84% gc time)
[2023-01-17T01:15:52.777]Completed Shot 5, state 50
9610.265171 seconds (6.91 G allocations: 17.103 TiB, 16.29% gc time)
9612.581604 seconds (6.91 G allocations: 17.108 TiB, 16.28% gc time)
 60.281451 seconds (27.70 M allocations: 85.631 GiB, 7.41% gc time)
[2023-01-17T01:16:05.153]Completed Shot 5, state 12
 55.002661 seconds (23.21 M allocations: 72.555 GiB, 8.12% gc time)
[2023-01-17T01:16:07.332]Completed Shot 5, state 43
 61.139227 seconds (28.07 M allocations: 85.185 GiB, 7.30% gc time)
[2023-01-17T01:16:07.552]Completed Shot 5, state 19
9637.040351 seconds (6.93 G allocations: 17.140 TiB, 16.31% gc time)
[2023-01-17T01:16:08.818]Diagonalized H.
9623.751163 seconds (6.92 G allocations: 17.126 TiB, 16.26% gc time)
9646.800004 seconds (6.94 G allocations: 17.165 TiB, 16.30% gc time)
[[[[[2023-01-17T01:16:20.012]Diagonalized H.
2023-01-17T01:16:20.009]Diagonalized H.
2023-01-17T01:16:20.015]Diagonalized H.
2023-01-17T01:16:20.012]Diagonalized H.
2023-01-17T01:16:20.010]Diagonalized H.
[2023-01-17T01:16:20.200]Diagonalized H.
9623.427364 seconds (6.91 G allocations: 17.105 TiB, 16.31% gc time)
9605.973111 seconds (6.90 G allocations: 17.080 TiB, 16.29% gc time)
 70.134108 seconds (22.97 M allocations: 82.926 GiB, 8.54% gc time)
[2023-01-17T01:16:36.556]Completed Shot 5, state 38
 70.904708 seconds (20.17 M allocations: 73.227 GiB, 8.45% gc time)
[2023-01-17T01:16:41.737]Completed Shot 5, state 9
9616.573286 seconds (6.89 G allocations: 17.065 TiB, 16.27% gc time)
9614.750623 seconds (6.89 G allocations: 17.061 TiB, 16.27% gc time)
 61.543877 seconds (18.68 M allocations: 68.290 GiB, 6.95% gc time)
[2023-01-17T01:16:51.362]Completed Shot 5, state 37
9614.310383 seconds (6.89 G allocations: 17.061 TiB, 16.27% gc time)
9708.070358 seconds (6.96 G allocations: 17.231 TiB, 16.29% gc time)
[2023-01-17T01:16:51.523]Diagonalized H.
9678.972807 seconds (6.93 G allocations: 17.172 TiB, 16.29% gc time)
 57.202346 seconds (16.24 M allocations: 59.340 GiB, 7.47% gc time)
[2023-01-17T01:16:51.911]Completed Shot 5, state 42
 56.736303 seconds (15.99 M allocations: 58.546 GiB, 7.53% gc time)
[2023-01-17T01:16:51.923]Completed Shot 5, state 48
 43.208259 seconds (7.48 M allocations: 35.992 GiB, 9.89% gc time)
[2023-01-17T01:16:51.943]Completed Shot 5, state 5
 43.308701 seconds (7.42 M allocations: 35.674 GiB, 9.87% gc time)
[2023-01-17T01:16:52.783]Completed Shot 5, state 35
[2023-01-17T01:16:53.016]Diagonalized H.
9682.068679 seconds (6.94 G allocations: 17.182 TiB, 16.28% gc time)
9649.954448 seconds (6.91 G allocations: 17.127 TiB, 16.27% gc time)
9635.452028 seconds (6.90 G allocations: 17.107 TiB, 16.24% gc time)
9628.092894 seconds (6.90 G allocations: 17.093 TiB, 16.25% gc time)
 47.530184 seconds (11.10 M allocations: 48.385 GiB, 8.99% gc time)
[2023-01-17T01:16:57.176]Completed Shot 5, state 16
[2023-01-17T01:17:06.813]Diagonalized H.
[2023-01-17T01:17:06.864]Diagonalized H.
[2023-01-17T01:17:06.869]Diagonalized H.
[2023-01-17T01:17:06.876]Diagonalized H.
[2023-01-17T01:17:06.877]Diagonalized H.
[2023-01-17T01:17:06.891]Diagonalized H.
[2023-01-17T01:17:06.894]Diagonalized H.
[2023-01-17T01:17:06.895]Diagonalized H.
[2023-01-17T01:17:06.934]Diagonalized H.
9682.411970 seconds (6.93 G allocations: 17.178 TiB, 16.24% gc time)
9666.750854 seconds (6.92 G allocations: 17.143 TiB, 16.27% gc time)
 68.317074 seconds (11.00 M allocations: 60.632 GiB, 4.50% gc time)
[2023-01-17T01:17:29.995]Completed Shot 5, state 30
 35.216922 seconds (1.84 M allocations: 23.075 GiB, 8.72% gc time)
[2023-01-17T01:17:31.967]Completed Shot 5, state 10
100.942851 seconds (24.71 M allocations: 105.662 GiB, 7.28% gc time)
[2023-01-17T01:17:31.968]Completed Shot 5, state 3
 70.820651 seconds (10.87 M allocations: 62.782 GiB, 4.34% gc time)
[2023-01-17T01:17:32.687]Completed Shot 5, state 26
[2023-01-17T01:17:33.629]Diagonalized H.
 37.076350 seconds (1.67 M allocations: 23.834 GiB, 8.28% gc time)
[2023-01-17T01:17:34.173]Completed Shot 5, state 49
[2023-01-17T01:17:35.188]Diagonalized H.
9715.922143 seconds (6.93 G allocations: 17.187 TiB, 16.19% gc time)
9690.650852 seconds (6.91 G allocations: 17.143 TiB, 16.18% gc time)
[2023-01-17T01:18:05.325]Diagonalized H.
[2023-01-17T01:18:05.385]Diagonalized H.
 74.652878 seconds (11.74 M allocations: 60.263 GiB, 7.41% gc time)
[2023-01-17T01:18:06.445]Completed Shot 5, state 41
 86.971755 seconds (12.48 M allocations: 65.714 GiB, 8.18% gc time)
[2023-01-17T01:18:18.351]Completed Shot 5, state 33
9719.761283 seconds (6.91 G allocations: 17.158 TiB, 16.17% gc time)
[2023-01-17T01:18:28.332]Diagonalized H.
 93.861155 seconds (10.10 M allocations: 56.889 GiB, 8.16% gc time)
[2023-01-17T01:18:29.346]Completed Shot 5, state 25
100.334492 seconds (14.18 M allocations: 72.275 GiB, 8.09% gc time)
[2023-01-17T01:18:31.735]Completed Shot 5, state 13
 97.746540 seconds (11.66 M allocations: 63.693 GiB, 8.30% gc time)
[2023-01-17T01:18:31.735]Completed Shot 5, state 21
102.620696 seconds (15.16 M allocations: 75.152 GiB, 7.92% gc time)
[2023-01-17T01:18:33.210]Completed Shot 5, state 1
9750.061917 seconds (6.92 G allocations: 17.188 TiB, 16.18% gc time)
107.098330 seconds (17.30 M allocations: 81.209 GiB, 8.08% gc time)
[2023-01-17T01:18:35.185]Completed Shot 5, state 17
[2023-01-17T01:18:42.150]Diagonalized H.
 94.400194 seconds (9.11 M allocations: 53.738 GiB, 6.64% gc time)
[2023-01-17T01:18:42.545]Completed Shot 5, state 34
9746.659874 seconds (6.91 G allocations: 17.165 TiB, 16.16% gc time)
9737.900063 seconds (6.91 G allocations: 17.146 TiB, 16.18% gc time)
[2023-01-17T01:18:56.896]Diagonalized H.
[2023-01-17T01:19:04.603]Diagonalized H.
129.249244 seconds (10.19 M allocations: 62.165 GiB, 8.24% gc time)
[2023-01-17T01:19:16.892]Completed Shot 5, state 2
9803.458822 seconds (6.93 G allocations: 17.208 TiB, 16.16% gc time)
9819.799663 seconds (6.94 G allocations: 17.243 TiB, 16.13% gc time)
[2023-01-17T01:19:30.835]Diagonalized H.
[2023-01-17T01:19:36.726]Diagonalized H.
123.882443 seconds (7.11 M allocations: 35.817 GiB, 11.61% gc time)
[2023-01-17T01:19:56.145]Completed Shot 5, state 20
125.481354 seconds (7.79 M allocations: 37.874 GiB, 11.46% gc time)
[2023-01-17T01:19:56.152]Completed Shot 5, state 24
9817.871904 seconds (6.91 G allocations: 17.169 TiB, 16.12% gc time)
[2023-01-17T01:20:12.282]Diagonalized H.
9842.119777 seconds (6.92 G allocations: 17.198 TiB, 16.09% gc time)
118.079980 seconds (4.30 M allocations: 27.718 GiB, 10.03% gc time)
[2023-01-17T01:20:19.322]Completed Shot 5, state 31
[2023-01-17T01:20:25.401]Diagonalized H.
103.141657 seconds (2.73 M allocations: 21.426 GiB, 9.27% gc time)
[2023-01-17T01:20:33.596]Completed Shot 5, state 36
122.203459 seconds (4.05 M allocations: 27.391 GiB, 9.84% gc time)
[2023-01-17T01:20:36.676]Completed Shot 5, state 18
108.920362 seconds (3.41 M allocations: 23.834 GiB, 9.28% gc time)
[2023-01-17T01:20:37.824]Completed Shot 5, state 23
 80.861740 seconds (3.38 M allocations: 19.506 GiB, 7.43% gc time)
[2023-01-17T01:20:44.522]Completed Shot 5, state 44
9846.263670 seconds (6.91 G allocations: 17.157 TiB, 16.10% gc time)
[2023-01-17T01:20:53.638]Diagonalized H.
9873.757628 seconds (6.92 G allocations: 17.198 TiB, 16.06% gc time)
9869.087112 seconds (6.91 G allocations: 17.177 TiB, 16.06% gc time)
 58.162934 seconds (4.92 M allocations: 20.741 GiB, 4.45% gc time)
[2023-01-17T01:21:03.545]Completed Shot 5, state 40
[2023-01-17T01:21:03.632]Diagonalized H.
 46.970606 seconds (4.53 M allocations: 17.887 GiB, 3.99% gc time)
[2023-01-17T01:21:03.993]Completed Shot 5, state 47
 99.701253 seconds (5.59 M allocations: 27.820 GiB, 6.44% gc time)
[2023-01-17T01:21:04.100]Completed Shot 5, state 29
9872.253726 seconds (6.91 G allocations: 17.176 TiB, 16.06% gc time)
[2023-01-17T01:21:16.267]Diagonalized H.
[2023-01-17T01:21:16.301]Diagonalized H.
 39.082307 seconds (3.78 M allocations: 18.718 GiB, 1.99% gc time)
[2023-01-17T01:21:26.731]Completed Shot 5, state 11
9903.853993 seconds (6.92 G allocations: 17.210 TiB, 16.01% gc time)
[2023-01-17T01:21:34.430]Diagonalized H.
9896.913174 seconds (6.91 G allocations: 17.184 TiB, 16.03% gc time)
9863.641084 seconds (6.89 G allocations: 17.135 TiB, 16.02% gc time)
 43.701233 seconds (4.37 M allocations: 22.528 GiB, 1.88% gc time)
[2023-01-17T01:21:37.630]Completed Shot 5, state 46
 32.947649 seconds (2.19 M allocations: 13.125 GiB, 2.47% gc time)
[2023-01-17T01:21:41.969]Completed Shot 5, state 7
9881.902548 seconds (6.90 G allocations: 17.157 TiB, 15.99% gc time)
 40.843685 seconds (3.19 M allocations: 17.991 GiB, 2.00% gc time)
[2023-01-17T01:21:43.517]Completed Shot 5, state 27
[2023-01-17T01:21:45.880]Diagonalized H.
[2023-01-17T01:21:46.553]Diagonalized H.
9924.510784 seconds (6.92 G allocations: 17.218 TiB, 15.98% gc time)
[2023-01-17T01:21:48.497]Diagonalized H.
 29.243323 seconds (1.02 M allocations: 11.784 GiB, 1.35% gc time)
[2023-01-17T01:21:56.522]Completed Shot 5, state 15
[2023-01-17T01:22:02.823]Diagonalized H.
 37.234984 seconds (700.26 k allocations: 13.482 GiB)
[2023-01-17T01:22:11.834]Completed Shot 5, state 4
 37.439616 seconds (587.12 k allocations: 11.729 GiB)
[2023-01-17T01:22:13.384]Completed Shot 5, state 8
 31.510833 seconds (298.92 k allocations: 10.385 GiB)
[2023-01-17T01:22:14.095]Completed Shot 5, state 39
 34.292431 seconds (239.06 k allocations: 6.944 GiB)
[2023-01-17T01:22:22.238]Completed Shot 5, state 32
[2023-01-17T01:22:22.239]**********Simulation completed!**********
[2023-01-17T01:22:22.239]**********Saving**********
[2023-01-17T01:22:26.299]Saving file: /gpfs/bwfor/work/ws/hd_ku269-logs/LightCones/2023-01-15/512549_N11_BS.jld2
[2023-01-17T01:22:27.825]**********Run completed!**********
============================= JOB FEEDBACK =============================
Job ID: 512549
Cluster: helix
User/Group: hd_ku269/hd_hd
State: COMPLETED (exit code 0)
Nodes: 1
Cores per node: 64
CPU Utilized: 66-12:25:50
CPU Efficiency: 88.42% of 75-05:32:48 core-walltime
Job Wall-clock time: 1-04:12:42
Memory Utilized: 157.82 GB
Memory Efficiency: 66.87% of 236.00 GB
