Added MKL.jl
Project LightCones v0.1.0
Status `/gpfs/bwfor/work/ws/hd_ku269-light_cones/WorkingFolder/Project.toml`
  [7d9fca2a] Arpack v0.5.4
  [7073ff75] IJulia v1.24.0
  [033835bb] JLD2 v0.4.29
  [0b1a1467] KrylovKit v0.6.0
  [d3d80556] LineSearches v7.2.0
  [33e6dc65] MKL v0.6.0
  [429524aa] Optim v1.7.4
  [91a5bcdd] Plots v1.38.2
  [c3e4b0f8] Pluto v0.19.19
  [3c0b384b] QuantumInformation v0.4.9
  [189a3867] Reexport v1.2.2
  [295af30f] Revise v3.5.0
  [ebcc8a00] SpinSymmetry v0.3.3
  [59d54670] ThreadedSparseArrays v0.2.2
  [ade2ca70] Dates
  [8ba89e20] Distributed
  [37e2e46d] LinearAlgebra
  [de0858da] Printf
  [9a3f8284] Random
  [1a1011a3] SharedArrays
  [2f01184e] SparseArrays
  [10745b16] Statistics
[2023-01-15T20:56:58.739]**********RANDOM FIELDS**********
shared_krylov.jl
Working Directory:          /gpfs/bwfor/work/ws/hd_ku269-light_cones/WorkingFolder
SLURM Directory:            /gpfs/bwfor/work/ws/hd_ku269-light_cones/WorkingFolder 
Running on host:            o01n01
Job id:                     512540
Job name:                   otoc_simulation_N11_TRNEW
Number of nodes allocated:  
Number of cores allocated:  1
#threads of Julia:          64
#threads of BLAS:           1
ARGS = ["11", "5", "50", "BS", "x", "12", "100", "WAHUHA_FR"]
LOCATION = "/gpfs/bwfor/work/ws/hd_ku269-logs/LightCones/2023-01-15"
N = 11
SHOTS = 5
MULT_RANDOM_STATES = true
N_RANDOM_STATES = 50
TYPE_OF_RS = "BS"
OBSERVABLE = "x"
DISORDER_PARAM = 12.0
[2023-01-15T20:56:58.918]**********Running simulation**********
[2023-01-15T20:56:58.969]trange = 0.1:0.1:20.0
[2023-01-15T20:56:59.242]A = σx
[2023-01-15T20:56:59.621]alpha=6
[2023-01-15T20:56:59.621]PBC
10[2023-01-15T20:57:02.411]Operations set up.
Using multiple states.
10480.685496 seconds (6.94 G allocations: 17.123 TiB, 12.38% gc time, 0.01% compilation time)
10544.870873 seconds (6.99 G allocations: 17.254 TiB, 12.41% gc time, 0.06% compilation time)
10545.158107 seconds (7.00 G allocations: 17.256 TiB, 12.41% gc time, 0.06% compilation time)
10555.769097 seconds (7.00 G allocations: 17.275 TiB, 12.41% gc time, 0.06% compilation time)
10556.538927 seconds (7.00 G allocations: 17.277 TiB, 12.41% gc time, 0.06% compilation time)
10557.712877 seconds (7.01 G allocations: 17.279 TiB, 12.41% gc time, 0.06% compilation time)
10569.505167 seconds (7.01 G allocations: 17.300 TiB, 12.43% gc time, 0.06% compilation time)
10588.247386 seconds (7.03 G allocations: 17.336 TiB, 12.43% gc time, 0.06% compilation time)
10617.029021 seconds (7.05 G allocations: 17.391 TiB, 12.44% gc time, 0.06% compilation time)
10628.891976 seconds (7.06 G allocations: 17.416 TiB, 12.43% gc time, 0.06% compilation time)
10635.122250 seconds (7.07 G allocations: 17.426 TiB, 12.44% gc time, 0.06% compilation time)
10650.386459 seconds (7.08 G allocations: 17.456 TiB, 12.43% gc time, 0.06% compilation time)
10658.817098 seconds (7.08 G allocations: 17.471 TiB, 12.44% gc time, 0.06% compilation time)
10666.850140 seconds (7.09 G allocations: 17.483 TiB, 12.45% gc time, 0.06% compilation time)
10678.420362 seconds (7.10 G allocations: 17.501 TiB, 12.46% gc time, 0.06% compilation time)
10680.154559 seconds (7.10 G allocations: 17.505 TiB, 12.45% gc time, 0.06% compilation time)
10681.477616 seconds (7.10 G allocations: 17.509 TiB, 12.45% gc time, 0.06% compilation time)
10682.014776 seconds (7.10 G allocations: 17.509 TiB, 12.45% gc time, 0.06% compilation time)
10682.985795 seconds (7.10 G allocations: 17.511 TiB, 12.45% gc time, 0.06% compilation time)
10686.442894 seconds (7.10 G allocations: 17.518 TiB, 12.45% gc time, 0.06% compilation time)
10689.599843 seconds (7.10 G allocations: 17.521 TiB, 12.46% gc time, 0.06% compilation time)
10695.091668 seconds (7.11 G allocations: 17.522 TiB, 12.45% gc time, 0.10% compilation time)
10692.240925 seconds (7.11 G allocations: 17.525 TiB, 12.45% gc time, 0.06% compilation time)
10694.251724 seconds (7.11 G allocations: 17.529 TiB, 12.45% gc time, 0.06% compilation time)
10699.216320 seconds (7.11 G allocations: 17.537 TiB, 12.45% gc time, 0.06% compilation time)
10705.516461 seconds (7.11 G allocations: 17.539 TiB, 12.45% gc time, 0.10% compilation time)
10707.424582 seconds (7.12 G allocations: 17.550 TiB, 12.45% gc time, 0.06% compilation time)
10709.565016 seconds (7.12 G allocations: 17.554 TiB, 12.45% gc time, 0.06% compilation time)
10711.078109 seconds (7.12 G allocations: 17.557 TiB, 12.45% gc time, 0.06% compilation time)
10711.371431 seconds (7.12 G allocations: 17.557 TiB, 12.45% gc time, 0.06% compilation time)
10711.404710 seconds (7.12 G allocations: 17.557 TiB, 12.45% gc time, 0.06% compilation time)
10718.742712 seconds (7.12 G allocations: 17.568 TiB, 12.45% gc time, 0.06% compilation time)
10719.869225 seconds (7.12 G allocations: 17.570 TiB, 12.45% gc time, 0.06% compilation time)
10723.574534 seconds (7.13 G allocations: 17.576 TiB, 12.45% gc time, 0.06% compilation time)
10725.562685 seconds (7.13 G allocations: 17.579 TiB, 12.44% gc time, 0.06% compilation time)
10737.515194 seconds (7.14 G allocations: 17.598 TiB, 12.44% gc time, 0.06% compilation time)
10748.069756 seconds (7.14 G allocations: 17.613 TiB, 12.44% gc time, 0.06% compilation time)
10749.200372 seconds (7.14 G allocations: 17.615 TiB, 12.44% gc time, 0.06% compilation time)
10759.786899 seconds (7.15 G allocations: 17.629 TiB, 12.44% gc time, 0.06% compilation time)
10762.370637 seconds (7.15 G allocations: 17.633 TiB, 12.44% gc time, 0.06% compilation time)
10769.530271 seconds (7.15 G allocations: 17.644 TiB, 12.43% gc time, 0.06% compilation time)
10777.329599 seconds (7.16 G allocations: 17.655 TiB, 12.43% gc time, 0.06% compilation time)
10783.266735 seconds (7.16 G allocations: 17.663 TiB, 12.43% gc time, 0.06% compilation time)
10787.212978 seconds (7.16 G allocations: 17.669 TiB, 12.43% gc time, 0.06% compilation time)
10789.243380 seconds (7.17 G allocations: 17.673 TiB, 12.43% gc time, 0.06% compilation time)
10800.343337 seconds (7.17 G allocations: 17.687 TiB, 12.42% gc time, 0.06% compilation time)
10814.701951 seconds (7.18 G allocations: 17.706 TiB, 12.42% gc time, 0.06% compilation time)
10824.250939 seconds (7.18 G allocations: 17.714 TiB, 12.41% gc time, 0.10% compilation time)
10824.550001 seconds (7.18 G allocations: 17.720 TiB, 12.42% gc time, 0.06% compilation time)
10906.912377 seconds (7.23 G allocations: 17.826 TiB, 12.38% gc time, 0.10% compilation time)
10143.876111 seconds (7.06 G allocations: 17.411 TiB, 13.45% gc time, 0.01% compilation time)
[2023-01-16T02:42:16.534]Diagonalized H.
10163.586331 seconds (7.07 G allocations: 17.446 TiB, 13.45% gc time, 0.07% compilation time)
[2023-01-16T02:42:50.393]Diagonalized H.
10258.139411 seconds (7.15 G allocations: 17.630 TiB, 13.48% gc time, 0.11% compilation time)
10122.674371 seconds (7.04 G allocations: 17.363 TiB, 13.43% gc time, 0.07% compilation time)
 53.776047 seconds (41.11 M allocations: 95.138 GiB, 13.07% gc time, 12.09% compilation time)
[2023-01-16T02:43:00.340]Completed Shot 1, state 35
10124.288763 seconds (7.04 G allocations: 17.353 TiB, 13.42% gc time, 0.07% compilation time)
[2023-01-16T02:43:17.969]Diagonalized H.
[2023-01-16T02:43:18.099]Diagonalized H.
 49.375336 seconds (26.44 M allocations: 71.822 GiB, 10.17% gc time)
[2023-01-16T02:43:28.303]Completed Shot 1, state 43
[2023-01-16T02:43:32.913]Diagonalized H.
10243.845402 seconds (7.11 G allocations: 17.549 TiB, 13.43% gc time, 0.07% compilation time)
 62.537790 seconds (28.35 M allocations: 77.839 GiB, 9.52% gc time)
[2023-01-16T02:43:59.518]Completed Shot 1, state 4
 64.153144 seconds (29.77 M allocations: 81.292 GiB, 9.28% gc time)
[2023-01-16T02:44:01.378]Completed Shot 1, state 49
 51.567109 seconds (24.74 M allocations: 68.265 GiB, 11.54% gc time)
[2023-01-16T02:44:02.367]Completed Shot 1, state 9
[2023-01-16T02:44:11.237]Diagonalized H.
10236.090118 seconds (7.10 G allocations: 17.530 TiB, 13.41% gc time, 0.07% compilation time)
10268.902770 seconds (7.13 G allocations: 17.592 TiB, 13.43% gc time, 0.07% compilation time)
[2023-01-16T02:44:31.159]Diagonalized H.
[2023-01-16T02:44:34.062]Diagonalized H.
 41.045298 seconds (22.80 M allocations: 62.594 GiB, 7.99% gc time)
[2023-01-16T02:44:38.287]Completed Shot 1, state 48
 35.836406 seconds (10.65 M allocations: 31.549 GiB)
[2023-01-16T02:44:57.792]Completed Shot 1, state 2
10317.688892 seconds (7.15 G allocations: 17.644 TiB, 13.38% gc time, 0.07% compilation time)
 38.535825 seconds (11.18 M allocations: 32.880 GiB)
[2023-01-16T02:45:01.883]Completed Shot 1, state 42
10165.539474 seconds (7.04 G allocations: 17.365 TiB, 13.35% gc time, 0.07% compilation time)
[2023-01-16T02:45:07.964]Diagonalized H.
[2023-01-16T02:45:16.345]Diagonalized H.
10175.501855 seconds (7.04 G allocations: 17.374 TiB, 13.38% gc time, 0.07% compilation time)
[2023-01-16T02:45:31.224]Diagonalized H.
10171.292054 seconds (7.03 G allocations: 17.357 TiB, 13.39% gc time, 0.07% compilation time)
10265.906881 seconds (7.10 G allocations: 17.519 TiB, 13.38% gc time, 0.07% compilation time)
10331.547386 seconds (7.15 G allocations: 17.646 TiB, 13.39% gc time, 0.07% compilation time)
10258.308423 seconds (7.09 G allocations: 17.501 TiB, 13.38% gc time, 0.07% compilation time)
[2023-01-16T02:45:58.598]Diagonalized H.
[2023-01-16T02:45:58.599]Diagonalized H.
[2023-01-16T02:45:58.627]Diagonalized H.
[2023-01-16T02:45:58.632]Diagonalized H.
 56.208605 seconds (22.20 M allocations: 62.963 GiB, 17.97% gc time)
[2023-01-16T02:45:58.869]Completed Shot 1, state 24
 58.042997 seconds (23.25 M allocations: 65.777 GiB, 17.40% gc time)
[2023-01-16T02:45:59.017]Completed Shot 1, state 11
 54.582093 seconds (18.84 M allocations: 58.724 GiB, 7.61% gc time)
[2023-01-16T02:46:17.280]Completed Shot 1, state 12
10253.746358 seconds (7.07 G allocations: 17.467 TiB, 13.34% gc time, 0.07% compilation time)
 53.531670 seconds (19.64 M allocations: 61.152 GiB, 5.40% gc time)
[2023-01-16T02:46:28.013]Completed Shot 1, state 40
 49.497264 seconds (16.91 M allocations: 52.471 GiB, 5.84% gc time)
[2023-01-16T02:46:28.367]Completed Shot 1, state 39
 42.630786 seconds (12.80 M allocations: 41.590 GiB, 6.77% gc time)
[2023-01-16T02:46:28.953]Completed Shot 1, state 20
 50.933560 seconds (18.05 M allocations: 55.451 GiB, 5.67% gc time)
[2023-01-16T02:46:29.483]Completed Shot 1, state 10
10137.779766 seconds (7.00 G allocations: 17.294 TiB, 13.38% gc time, 0.07% compilation time)
10233.629057 seconds (7.06 G allocations: 17.433 TiB, 13.33% gc time, 0.07% compilation time)
[2023-01-16T02:46:33.836]Diagonalized H.
[2023-01-16T02:46:38.140]Diagonalized H.
[2023-01-16T02:46:43.163]Diagonalized H.
10252.288560 seconds (7.07 G allocations: 17.461 TiB, 13.35% gc time, 0.07% compilation time)
10285.306545 seconds (7.09 G allocations: 17.512 TiB, 13.35% gc time, 0.07% compilation time)
10290.932413 seconds (7.09 G allocations: 17.523 TiB, 13.34% gc time, 0.07% compilation time)
10213.002942 seconds (7.04 G allocations: 17.402 TiB, 13.36% gc time, 0.07% compilation time)
10297.126258 seconds (7.09 G allocations: 17.530 TiB, 13.33% gc time, 0.07% compilation time)
10271.547551 seconds (7.08 G allocations: 17.485 TiB, 13.34% gc time, 0.07% compilation time)
 39.948178 seconds (19.36 M allocations: 56.040 GiB, 9.80% gc time)
[2023-01-16T02:47:01.424]Completed Shot 1, state 14
[2023-01-16T02:47:04.236]Diagonalized H.
[2023-01-16T02:47:07.106]Diagonalized H.
 37.993755 seconds (17.28 M allocations: 52.447 GiB, 10.31% gc time)
[2023-01-16T02:47:08.007]Completed Shot 1, state 37
[2023-01-16T02:47:10.380]Diagonalized H.
 40.772937 seconds (17.16 M allocations: 53.945 GiB, 9.60% gc time)
[2023-01-16T02:47:11.895]Completed Shot 1, state 41
[2023-01-16T02:47:11.937]Diagonalized H.
[2023-01-16T02:47:12.410]Diagonalized H.
[2023-01-16T02:47:18.369]Diagonalized H.
10215.097083 seconds (7.03 G allocations: 17.393 TiB, 13.37% gc time, 0.07% compilation time)
 44.455215 seconds (10.45 M allocations: 40.806 GiB, 8.15% gc time)
[2023-01-16T02:47:33.008]Completed Shot 1, state 28
 52.078923 seconds (13.99 M allocations: 50.418 GiB, 6.96% gc time)
[2023-01-16T02:47:41.446]Completed Shot 1, state 17
[2023-01-16T02:47:43.422]Diagonalized H.
 44.574085 seconds (11.45 M allocations: 43.036 GiB, 8.13% gc time)
[2023-01-16T02:47:45.146]Completed Shot 1, state 29
 48.670846 seconds (12.99 M allocations: 48.110 GiB, 7.44% gc time)
[2023-01-16T02:47:45.394]Completed Shot 1, state 3
 52.602085 seconds (14.47 M allocations: 52.923 GiB, 6.89% gc time)
[2023-01-16T02:47:45.610]Completed Shot 1, state 13
 58.698234 seconds (17.33 M allocations: 60.604 GiB, 6.17% gc time)
[2023-01-16T02:47:49.267]Completed Shot 1, state 27
10360.696859 seconds (7.11 G allocations: 17.596 TiB, 13.29% gc time, 0.07% compilation time)
[2023-01-16T02:49:11.325]Diagonalized H.
115.734538 seconds (15.81 M allocations: 48.474 GiB, 58.48% gc time)
[2023-01-16T02:49:15.567]Completed Shot 1, state 38
10424.983156 seconds (7.11 G allocations: 17.582 TiB, 13.84% gc time, 0.07% compilation time)
10373.986635 seconds (7.08 G allocations: 17.503 TiB, 13.86% gc time, 0.07% compilation time)
10431.568604 seconds (7.11 G allocations: 17.594 TiB, 13.83% gc time, 0.07% compilation time)
10418.839213 seconds (7.10 G allocations: 17.573 TiB, 13.83% gc time, 0.07% compilation time)
[2023-01-16T02:49:33.898]Diagonalized H.
[2023-01-16T02:49:33.903]Diagonalized H.
[2023-01-16T02:49:33.913]Diagonalized H.
[2023-01-16T02:49:33.920]Diagonalized H.
10353.299764 seconds (7.06 G allocations: 17.463 TiB, 13.88% gc time, 0.07% compilation time)
10470.208128 seconds (7.13 G allocations: 17.646 TiB, 13.85% gc time, 0.07% compilation time)
 99.970399 seconds (12.14 M allocations: 39.763 GiB, 71.16% gc time)
[2023-01-16T02:49:36.709]Completed Shot 1, state 25
10459.117409 seconds (7.12 G allocations: 17.628 TiB, 13.84% gc time, 0.07% compilation time)
10373.766743 seconds (7.07 G allocations: 17.495 TiB, 13.88% gc time, 0.07% compilation time)
10326.899986 seconds (7.04 G allocations: 17.424 TiB, 13.88% gc time, 0.07% compilation time)
10465.261696 seconds (7.12 G allocations: 17.624 TiB, 13.82% gc time, 0.07% compilation time)
[2023-01-16T02:49:53.315]Diagonalized H.
10381.456654 seconds (7.07 G allocations: 17.493 TiB, 13.86% gc time, 0.07% compilation time)
[2023-01-16T02:49:58.929]Diagonalized H.
[2023-01-16T02:49:59.419]Diagonalized H.
 43.732587 seconds (11.56 M allocations: 42.320 GiB, 7.89% gc time)
[2023-01-16T02:50:00.785]Completed Shot 1, state 16
[2023-01-16T02:50:08.553]Diagonalized H.
[2023-01-16T02:50:08.576]Diagonalized H.
[2023-01-16T02:50:08.581]Diagonalized H.
[2023-01-16T02:50:08.585]Diagonalized H.
 44.745388 seconds (7.01 M allocations: 32.302 GiB, 13.37% gc time)
[2023-01-16T02:50:08.634]Completed Shot 1, state 36
 64.153267 seconds (9.87 M allocations: 47.480 GiB, 9.32% gc time)
[2023-01-16T02:50:25.484]Completed Shot 1, state 31
 67.329948 seconds (10.80 M allocations: 50.821 GiB, 8.88% gc time)
[2023-01-16T02:50:27.307]Completed Shot 1, state 5
10462.026328 seconds (7.09 G allocations: 17.574 TiB, 13.81% gc time, 0.07% compilation time)
[2023-01-16T02:50:46.085]Diagonalized H.
 83.130014 seconds (10.98 M allocations: 54.171 GiB, 7.36% gc time)
[2023-01-16T02:50:57.236]Completed Shot 1, state 32
10460.392471 seconds (7.08 G allocations: 17.550 TiB, 13.82% gc time, 0.07% compilation time)
[2023-01-16T02:51:04.467]Diagonalized H.
 94.712975 seconds (9.12 M allocations: 45.776 GiB, 8.16% gc time)
[2023-01-16T02:51:14.719]Completed Shot 1, state 45
 81.932388 seconds (6.95 M allocations: 38.471 GiB, 9.44% gc time)
[2023-01-16T02:51:15.185]Completed Shot 1, state 8
10451.390752 seconds (7.07 G allocations: 17.513 TiB, 13.83% gc time, 0.07% compilation time)
 97.627786 seconds (9.56 M allocations: 47.092 GiB, 8.11% gc time)
[2023-01-16T02:51:18.541]Completed Shot 1, state 15
103.843967 seconds (12.06 M allocations: 59.012 GiB, 7.62% gc time)
[2023-01-16T02:51:18.822]Completed Shot 1, state 34
 90.201792 seconds (8.24 M allocations: 42.877 GiB, 8.77% gc time)
[2023-01-16T02:51:19.184]Completed Shot 1, state 30
 83.126901 seconds (7.31 M allocations: 39.297 GiB, 9.52% gc time)
[2023-01-16T02:51:19.818]Completed Shot 1, state 47
10584.652504 seconds (7.15 G allocations: 17.716 TiB, 13.79% gc time, 0.07% compilation time)
 44.856186 seconds (4.39 M allocations: 16.985 GiB, 12.00% gc time)
[2023-01-16T02:51:22.517]Completed Shot 1, state 46
10534.925526 seconds (7.12 G allocations: 17.633 TiB, 13.79% gc time, 0.07% compilation time)
[2023-01-16T02:51:27.871]Diagonalized H.
[2023-01-16T02:51:28.295]Diagonalized H.
 33.838593 seconds (4.79 M allocations: 18.844 GiB, 5.30% gc time)
[2023-01-16T02:51:31.639]Completed Shot 1, state 44
10543.321045 seconds (7.12 G allocations: 17.641 TiB, 13.78% gc time, 0.07% compilation time)
[2023-01-16T02:51:32.634]Diagonalized H.
10459.492382 seconds (7.07 G allocations: 17.514 TiB, 13.81% gc time, 0.07% compilation time)
10581.030664 seconds (7.14 G allocations: 17.698 TiB, 13.76% gc time, 0.07% compilation time)
[2023-01-16T02:51:47.928]Diagonalized H.
10571.028123 seconds (7.13 G allocations: 17.668 TiB, 13.75% gc time, 0.07% compilation time)
 28.194994 seconds (4.53 M allocations: 20.727 GiB)
[2023-01-16T02:51:49.586]Completed Shot 1, state 21
 32.527798 seconds (5.37 M allocations: 23.286 GiB)
[2023-01-16T02:51:51.065]Completed Shot 1, state 26
[2023-01-16T02:51:51.183]Diagonalized H.
[2023-01-16T02:51:59.134]Diagonalized H.
[2023-01-16T02:51:59.171]Diagonalized H.
 36.999271 seconds (4.52 M allocations: 23.568 GiB, 5.56% gc time)
[2023-01-16T02:52:00.523]Completed Shot 1, state 22
10545.414163 seconds (7.10 G allocations: 17.603 TiB, 13.76% gc time, 0.07% compilation time)
 47.137627 seconds (3.75 M allocations: 22.507 GiB, 4.36% gc time)
[2023-01-16T02:52:19.351]Completed Shot 1, state 50
 43.308850 seconds (3.23 M allocations: 18.956 GiB, 4.75% gc time)
[2023-01-16T02:52:22.111]Completed Shot 1, state 18
 45.686762 seconds (3.48 M allocations: 19.909 GiB, 4.50% gc time)
[2023-01-16T02:52:23.147]Completed Shot 1, state 23
 34.792002 seconds (2.40 M allocations: 14.059 GiB, 5.91% gc time)
[2023-01-16T02:52:24.251]Completed Shot 1, state 6
[2023-01-16T02:52:24.421]Diagonalized H.
10589.382645 seconds (7.11 G allocations: 17.649 TiB, 13.72% gc time, 0.07% compilation time)
[2023-01-16T02:52:39.871]Diagonalized H.
 32.937537 seconds (2.25 M allocations: 11.086 GiB, 3.04% gc time)
[2023-01-16T02:52:45.171]Completed Shot 1, state 19
10509.918641 seconds (7.06 G allocations: 17.515 TiB, 13.76% gc time, 0.07% compilation time)
[2023-01-16T02:52:55.710]Diagonalized H.
 31.941674 seconds (1.14 M allocations: 7.704 GiB, 3.29% gc time)
[2023-01-16T02:53:02.521]Completed Shot 1, state 33
 26.158641 seconds (779.41 k allocations: 4.845 GiB, 0.33% gc time)
[2023-01-16T02:53:13.227]Completed Shot 1, state 7
10460.589106 seconds (7.02 G allocations: 17.409 TiB, 13.76% gc time, 0.07% compilation time)
[2023-01-16T02:53:26.012]Diagonalized H.
 23.126284 seconds (57.87 k allocations: 2.596 GiB)
[2023-01-16T02:53:43.527]Completed Shot 1, state 1
10161.233809 seconds (7.27 G allocations: 17.874 TiB, 15.97% gc time)
10172.618043 seconds (7.28 G allocations: 17.893 TiB, 15.98% gc time)
10179.035265 seconds (7.28 G allocations: 17.909 TiB, 15.97% gc time)
10180.061770 seconds (7.28 G allocations: 17.912 TiB, 15.97% gc time)
10191.958320 seconds (7.29 G allocations: 17.932 TiB, 15.98% gc time)
10193.040973 seconds (7.29 G allocations: 17.935 TiB, 15.98% gc time)
10196.127589 seconds (7.30 G allocations: 17.942 TiB, 15.97% gc time)
10202.058530 seconds (7.30 G allocations: 17.956 TiB, 15.96% gc time)
10216.305110 seconds (7.31 G allocations: 17.981 TiB, 15.97% gc time)
10218.152082 seconds (7.31 G allocations: 17.985 TiB, 15.97% gc time)
10220.452444 seconds (7.32 G allocations: 17.990 TiB, 15.97% gc time)
10220.973318 seconds (7.32 G allocations: 17.991 TiB, 15.97% gc time)
10222.761404 seconds (7.32 G allocations: 17.995 TiB, 15.96% gc time)
10223.324554 seconds (7.32 G allocations: 17.996 TiB, 15.96% gc time)
10228.511158 seconds (7.32 G allocations: 18.001 TiB, 15.98% gc time)
10228.614910 seconds (7.32 G allocations: 18.001 TiB, 15.98% gc time)
10237.545921 seconds (7.33 G allocations: 18.020 TiB, 15.97% gc time)
10239.343216 seconds (7.33 G allocations: 18.024 TiB, 15.97% gc time)
10243.565354 seconds (7.33 G allocations: 18.032 TiB, 15.96% gc time)
10253.265772 seconds (7.34 G allocations: 18.046 TiB, 15.97% gc time)
10255.086897 seconds (7.34 G allocations: 18.050 TiB, 15.97% gc time)
10265.722930 seconds (7.35 G allocations: 18.066 TiB, 15.97% gc time)
10267.716629 seconds (7.35 G allocations: 18.070 TiB, 15.97% gc time)
10269.739079 seconds (7.35 G allocations: 18.074 TiB, 15.97% gc time)
10274.889644 seconds (7.35 G allocations: 18.084 TiB, 15.96% gc time)
10275.259816 seconds (7.35 G allocations: 18.085 TiB, 15.96% gc time)
10277.573227 seconds (7.36 G allocations: 18.089 TiB, 15.96% gc time)
10288.104352 seconds (7.36 G allocations: 18.103 TiB, 15.97% gc time)
10289.051561 seconds (7.36 G allocations: 18.105 TiB, 15.97% gc time)
10291.848516 seconds (7.36 G allocations: 18.110 TiB, 15.96% gc time)
10297.082182 seconds (7.37 G allocations: 18.119 TiB, 15.95% gc time)
10299.193682 seconds (7.37 G allocations: 18.123 TiB, 15.95% gc time)
10307.763307 seconds (7.37 G allocations: 18.134 TiB, 15.96% gc time)
10312.671142 seconds (7.38 G allocations: 18.142 TiB, 15.95% gc time)
10313.193493 seconds (7.38 G allocations: 18.143 TiB, 15.95% gc time)
10319.463555 seconds (7.38 G allocations: 18.154 TiB, 15.94% gc time)
10332.042123 seconds (7.39 G allocations: 18.172 TiB, 15.95% gc time)
10334.894931 seconds (7.39 G allocations: 18.177 TiB, 15.94% gc time)
10352.713058 seconds (7.40 G allocations: 18.202 TiB, 15.94% gc time)
10356.161606 seconds (7.40 G allocations: 18.207 TiB, 15.94% gc time)
10357.378053 seconds (7.40 G allocations: 18.209 TiB, 15.93% gc time)
10366.326385 seconds (7.41 G allocations: 18.225 TiB, 15.92% gc time)
10370.616682 seconds (7.41 G allocations: 18.226 TiB, 15.94% gc time)
10383.737752 seconds (7.42 G allocations: 18.248 TiB, 15.92% gc time)
10396.377062 seconds (7.43 G allocations: 18.265 TiB, 15.93% gc time)
10403.517769 seconds (7.43 G allocations: 18.276 TiB, 15.92% gc time)
10411.631895 seconds (7.44 G allocations: 18.289 TiB, 15.90% gc time)
10425.159691 seconds (7.44 G allocations: 18.306 TiB, 15.91% gc time)
10430.133957 seconds (7.45 G allocations: 18.313 TiB, 15.90% gc time)
10432.114535 seconds (7.45 G allocations: 18.316 TiB, 15.90% gc time)
10856.902960 seconds (7.22 G allocations: 17.757 TiB, 13.85% gc time)
[2023-01-16T08:44:17.428]Diagonalized H.
 56.876559 seconds (46.99 M allocations: 118.354 GiB, 12.34% gc time)
[2023-01-16T08:44:58.548]Completed Shot 2, state 32
10947.180216 seconds (7.29 G allocations: 17.930 TiB, 13.85% gc time)
[2023-01-16T08:46:03.842]Diagonalized H.
10910.882516 seconds (7.26 G allocations: 17.855 TiB, 13.85% gc time)
10864.012426 seconds (7.23 G allocations: 17.783 TiB, 13.84% gc time)
[2023-01-16T08:46:29.762]Diagonalized H.
[2023-01-16T08:46:29.974]Diagonalized H.
10745.141709 seconds (7.16 G allocations: 17.607 TiB, 13.87% gc time)
[2023-01-16T08:46:55.374]Diagonalized H.
10974.260231 seconds (7.29 G allocations: 17.950 TiB, 13.85% gc time)
 75.519722 seconds (45.69 M allocations: 121.513 GiB, 13.06% gc time)
[2023-01-16T08:46:58.850]Completed Shot 2, state 6
10901.921359 seconds (7.25 G allocations: 17.832 TiB, 13.84% gc time)
 45.457720 seconds (23.69 M allocations: 65.392 GiB, 13.06% gc time)
[2023-01-16T08:47:04.854]Completed Shot 2, state 45
10985.041297 seconds (7.30 G allocations: 17.976 TiB, 13.84% gc time)
10967.896054 seconds (7.29 G allocations: 17.946 TiB, 13.83% gc time)
 59.090561 seconds (35.91 M allocations: 96.577 GiB, 10.04% gc time)
[2023-01-16T08:47:11.055]Completed Shot 2, state 35
11016.271779 seconds (7.33 G allocations: 18.039 TiB, 13.83% gc time)
[2023-01-16T08:47:13.284]Diagonalized H.
[2023-01-16T08:47:17.496]Diagonalized H.
[2023-01-16T08:47:21.137]Diagonalized H.
[2023-01-16T08:47:21.500]Diagonalized H.
[2023-01-16T08:47:21.858]Diagonalized H.
 44.026525 seconds (23.48 M allocations: 70.301 GiB, 6.25% gc time)
[2023-01-16T08:47:24.815]Completed Shot 2, state 8
 51.549354 seconds (17.08 M allocations: 54.398 GiB, 13.09% gc time)
[2023-01-16T08:47:54.087]Completed Shot 2, state 26
 57.373544 seconds (22.17 M allocations: 68.709 GiB, 11.91% gc time)
[2023-01-16T08:47:55.616]Completed Shot 2, state 1
 50.309785 seconds (14.66 M allocations: 47.919 GiB, 14.50% gc time)
[2023-01-16T08:48:02.072]Completed Shot 2, state 7
 59.825309 seconds (22.65 M allocations: 68.285 GiB, 12.64% gc time)
[2023-01-16T08:48:04.706]Completed Shot 2, state 23
 54.444810 seconds (17.89 M allocations: 56.095 GiB, 14.06% gc time)
[2023-01-16T08:48:05.227]Completed Shot 2, state 12
11084.632954 seconds (7.36 G allocations: 18.119 TiB, 13.84% gc time)
[2023-01-16T08:48:15.041]Diagonalized H.
11049.053687 seconds (7.32 G allocations: 18.037 TiB, 13.84% gc time)
11075.573048 seconds (7.35 G allocations: 18.090 TiB, 13.83% gc time)
[2023-01-16T08:48:30.494]Diagonalized H.
[2023-01-16T08:48:30.534]Diagonalized H.
11079.234803 seconds (7.34 G allocations: 18.083 TiB, 13.82% gc time)
11026.275610 seconds (7.30 G allocations: 17.991 TiB, 13.82% gc time)
11113.290642 seconds (7.37 G allocations: 18.149 TiB, 13.81% gc time)
 46.639005 seconds (22.29 M allocations: 62.470 GiB, 7.77% gc time)
[2023-01-16T08:48:54.870]Completed Shot 2, state 47
[2023-01-16T08:49:05.442]Diagonalized H.
[2023-01-16T08:49:05.468]Diagonalized H.
[2023-01-16T08:49:05.492]Diagonalized H.
 50.771642 seconds (26.19 M allocations: 72.628 GiB, 11.41% gc time)
[2023-01-16T08:49:06.685]Completed Shot 2, state 31
11010.777454 seconds (7.29 G allocations: 17.962 TiB, 13.82% gc time)
 45.946532 seconds (21.72 M allocations: 60.111 GiB, 12.58% gc time)
[2023-01-16T08:49:07.110]Completed Shot 2, state 11
11076.901740 seconds (7.33 G allocations: 18.074 TiB, 13.81% gc time)
11114.930756 seconds (7.36 G allocations: 18.136 TiB, 13.81% gc time)
11161.357811 seconds (7.40 G allocations: 18.223 TiB, 13.81% gc time)
[2023-01-16T08:49:24.765]Diagonalized H.
 42.944616 seconds (21.97 M allocations: 64.322 GiB, 7.12% gc time)
[2023-01-16T08:49:28.016]Completed Shot 2, state 49
11116.772831 seconds (7.36 G allocations: 18.140 TiB, 13.78% gc time)
 45.787913 seconds (23.75 M allocations: 69.174 GiB, 6.68% gc time)
[2023-01-16T08:49:29.533]Completed Shot 2, state 50
 39.983940 seconds (20.06 M allocations: 59.316 GiB, 7.65% gc time)
[2023-01-16T08:49:29.846]Completed Shot 2, state 2
[2023-01-16T08:49:29.971]Diagonalized H.
[2023-01-16T08:49:32.299]Diagonalized H.
[2023-01-16T08:49:32.817]Diagonalized H.
[2023-01-16T08:49:44.345]Diagonalized H.
11095.330188 seconds (7.33 G allocations: 18.070 TiB, 13.76% gc time)
 57.979894 seconds (17.40 M allocations: 61.131 GiB)
[2023-01-16T08:50:04.964]Completed Shot 2, state 33
 49.939989 seconds (11.37 M allocations: 41.226 GiB)
[2023-01-16T08:50:05.459]Completed Shot 2, state 3
[2023-01-16T08:50:06.643]Diagonalized H.
11110.161048 seconds (7.33 G allocations: 18.084 TiB, 13.74% gc time)
 45.483598 seconds (9.41 M allocations: 37.137 GiB)
[2023-01-16T08:50:09.413]Completed Shot 2, state 46
 50.144073 seconds (10.34 M allocations: 39.948 GiB)
[2023-01-16T08:50:11.385]Completed Shot 2, state 27
[2023-01-16T08:50:19.150]Diagonalized H.
 62.194236 seconds (10.46 M allocations: 40.297 GiB)
[2023-01-16T08:50:31.018]Completed Shot 2, state 36
11213.577225 seconds (7.40 G allocations: 18.239 TiB, 13.71% gc time)
11164.918674 seconds (7.35 G allocations: 18.137 TiB, 13.74% gc time)
11088.898105 seconds (7.30 G allocations: 18.016 TiB, 13.75% gc time)
11122.261898 seconds (7.32 G allocations: 18.066 TiB, 13.75% gc time)
[2023-01-16T08:50:53.902]Diagonalized H.
[2023-01-16T08:50:53.907]Diagonalized H.
[2023-01-16T08:50:53.908]Diagonalized H.
[2023-01-16T08:50:53.932]Diagonalized H.
 70.454216 seconds (14.87 M allocations: 50.844 GiB, 9.33% gc time)
[2023-01-16T08:51:06.894]Completed Shot 2, state 44
 67.604713 seconds (15.17 M allocations: 49.978 GiB, 11.74% gc time)
[2023-01-16T08:51:16.194]Completed Shot 2, state 39
 33.059926 seconds (9.23 M allocations: 31.975 GiB, 7.85% gc time)
[2023-01-16T08:51:18.045]Completed Shot 2, state 4
11142.584848 seconds (7.33 G allocations: 18.079 TiB, 13.73% gc time)
11227.541850 seconds (7.38 G allocations: 18.222 TiB, 13.71% gc time)
[2023-01-16T08:51:28.796]Diagonalized H.
[2023-01-16T08:51:28.803]Diagonalized H.
 56.972061 seconds (18.79 M allocations: 60.463 GiB, 8.22% gc time)
[2023-01-16T08:51:41.444]Completed Shot 2, state 10
 71.276097 seconds (23.19 M allocations: 71.982 GiB, 14.06% gc time)
[2023-01-16T08:51:44.516]Completed Shot 2, state 30
11192.314233 seconds (7.35 G allocations: 18.147 TiB, 13.71% gc time)
11174.734528 seconds (7.34 G allocations: 18.120 TiB, 13.71% gc time)
11163.145989 seconds (7.33 G allocations: 18.100 TiB, 13.72% gc time)
 65.175693 seconds (23.77 M allocations: 73.640 GiB, 7.18% gc time)
[2023-01-16T08:51:46.895]Completed Shot 2, state 34
[2023-01-16T08:51:55.242]Diagonalized H.
[2023-01-16T08:51:55.258]Diagonalized H.
[2023-01-16T08:51:55.258]Diagonalized H.
11249.000835 seconds (7.38 G allocations: 18.227 TiB, 13.73% gc time)
 55.406413 seconds (17.63 M allocations: 55.763 GiB, 7.84% gc time)
[2023-01-16T08:52:14.720]Completed Shot 2, state 40
[2023-01-16T08:52:18.305]Diagonalized H.
11249.122877 seconds (7.38 G allocations: 18.211 TiB, 13.69% gc time)
 63.147659 seconds (20.26 M allocations: 64.410 GiB, 9.22% gc time)
[2023-01-16T08:52:22.838]Completed Shot 2, state 16
11184.643378 seconds (7.33 G allocations: 18.110 TiB, 13.70% gc time)
11254.781687 seconds (7.38 G allocations: 18.222 TiB, 13.69% gc time)
11165.813617 seconds (7.32 G allocations: 18.082 TiB, 13.70% gc time)
 41.601657 seconds (11.55 M allocations: 38.670 GiB, 8.98% gc time)
[2023-01-16T08:52:27.745]Completed Shot 2, state 15
[2023-01-16T08:52:29.899]Diagonalized H.
 45.323913 seconds (13.12 M allocations: 44.470 GiB, 8.25% gc time)
[2023-01-16T08:52:31.356]Completed Shot 2, state 22
 46.633905 seconds (14.06 M allocations: 46.993 GiB, 8.01% gc time)
[2023-01-16T08:52:31.533]Completed Shot 2, state 21
[2023-01-16T08:52:32.577]Diagonalized H.
11174.771410 seconds (7.33 G allocations: 18.094 TiB, 13.69% gc time)
 38.379182 seconds (12.44 M allocations: 43.610 GiB, 3.86% gc time)
[2023-01-16T08:52:34.481]Completed Shot 2, state 18
[2023-01-16T08:52:34.795]Diagonalized H.
[2023-01-16T08:52:35.900]Diagonalized H.
11164.203486 seconds (7.32 G allocations: 18.081 TiB, 13.68% gc time)
11124.272254 seconds (7.30 G allocations: 18.019 TiB, 13.70% gc time)
11191.563607 seconds (7.33 G allocations: 18.111 TiB, 13.67% gc time)
[2023-01-16T08:53:01.483]Diagonalized H.
[2023-01-16T08:53:01.492]Diagonalized H.
[[2023-01-16T08:53:01.952]Diagonalized H.
2023-01-16T08:53:01.954]Diagonalized H.
 43.120874 seconds (8.47 M allocations: 36.530 GiB, 7.15% gc time)
[2023-01-16T08:53:06.194]Completed Shot 2, state 19
11346.062786 seconds (7.42 G allocations: 18.340 TiB, 13.67% gc time)
11282.732623 seconds (7.37 G allocations: 18.225 TiB, 13.66% gc time)
 51.229990 seconds (9.29 M allocations: 41.458 GiB, 6.02% gc time)
[2023-01-16T08:53:15.265]Completed Shot 2, state 5
11188.562493 seconds (7.32 G allocations: 18.081 TiB, 13.67% gc time)
 55.094966 seconds (10.46 M allocations: 45.289 GiB, 5.60% gc time)
[2023-01-16T08:53:17.493]Completed Shot 2, state 41
 54.914647 seconds (8.94 M allocations: 41.408 GiB, 5.62% gc time)
[2023-01-16T08:53:21.642]Completed Shot 2, state 43
11182.096171 seconds (7.31 G allocations: 18.067 TiB, 13.66% gc time)
 47.307584 seconds (5.81 M allocations: 26.859 GiB, 6.52% gc time)
[2023-01-16T08:53:25.660]Completed Shot 2, state 14
 48.430563 seconds (6.03 M allocations: 27.252 GiB, 6.37% gc time)
[2023-01-16T08:53:27.868]Completed Shot 2, state 17
[2023-01-16T08:53:27.919]Diagonalized H.
 40.651589 seconds (4.94 M allocations: 23.588 GiB, 7.59% gc time)
[2023-01-16T08:53:28.463]Completed Shot 2, state 28
11154.875209 seconds (7.29 G allocations: 18.022 TiB, 13.67% gc time)
 54.213949 seconds (7.31 M allocations: 34.686 GiB, 5.69% gc time)
[2023-01-16T08:53:28.683]Completed Shot 2, state 48
[2023-01-16T08:53:29.028]Diagonalized H.
[2023-01-16T08:53:29.274]Diagonalized H.
[2023-01-16T08:53:30.600]Diagonalized H.
[2023-01-16T08:53:44.941]Diagonalized H.
 49.166452 seconds (5.25 M allocations: 27.632 GiB, 3.76% gc time)
[2023-01-16T08:53:56.917]Completed Shot 2, state 38
 45.043239 seconds (4.46 M allocations: 24.351 GiB, 4.10% gc time)
[2023-01-16T08:54:00.876]Completed Shot 2, state 13
 47.238678 seconds (4.68 M allocations: 25.344 GiB, 3.91% gc time)
[2023-01-16T08:54:01.610]Completed Shot 2, state 25
 40.604064 seconds (3.87 M allocations: 21.879 GiB, 4.55% gc time)
[2023-01-16T08:54:02.612]Completed Shot 2, state 20
 37.912734 seconds (3.38 M allocations: 19.886 GiB, 4.88% gc time)
[2023-01-16T08:54:06.456]Completed Shot 2, state 29
11202.915347 seconds (7.30 G allocations: 18.052 TiB, 13.63% gc time)
11362.619964 seconds (7.39 G allocations: 18.288 TiB, 13.60% gc time)
[2023-01-16T08:54:20.500]Diagonalized H.
[2023-01-16T08:54:20.505]Diagonalized H.
 31.679117 seconds (1.84 M allocations: 9.445 GiB, 1.42% gc time)
[2023-01-16T08:54:43.288]Completed Shot 2, state 24
11293.450837 seconds (7.33 G allocations: 18.142 TiB, 13.60% gc time)
 29.471776 seconds (1.51 M allocations: 8.581 GiB, 1.53% gc time)
[2023-01-16T08:54:43.340]Completed Shot 2, state 9
[2023-01-16T08:54:49.372]Diagonalized H.
11270.550310 seconds (7.31 G allocations: 18.094 TiB, 13.57% gc time)
[2023-01-16T08:55:03.483]Diagonalized H.
 22.834493 seconds (570.43 k allocations: 5.636 GiB, 0.54% gc time)
[2023-01-16T08:55:06.148]Completed Shot 2, state 42
 23.398632 seconds (86.25 k allocations: 3.028 GiB)
[2023-01-16T08:55:21.002]Completed Shot 2, state 37
11098.965249 seconds (7.49 G allocations: 18.375 TiB, 15.12% gc time)
11142.231256 seconds (7.53 G allocations: 18.469 TiB, 15.12% gc time)
11148.297007 seconds (7.53 G allocations: 18.485 TiB, 15.11% gc time)
11159.802862 seconds (7.54 G allocations: 18.496 TiB, 15.16% gc time)
11165.800207 seconds (7.54 G allocations: 18.511 TiB, 15.15% gc time)
11173.618849 seconds (7.55 G allocations: 18.531 TiB, 15.14% gc time)
11180.908479 seconds (7.56 G allocations: 18.549 TiB, 15.13% gc time)
11188.164836 seconds (7.57 G allocations: 18.566 TiB, 15.12% gc time)
11189.612893 seconds (7.57 G allocations: 18.569 TiB, 15.12% gc time)
11204.059137 seconds (7.57 G allocations: 18.583 TiB, 15.17% gc time)
11204.184377 seconds (7.57 G allocations: 18.584 TiB, 15.17% gc time)
11207.533211 seconds (7.58 G allocations: 18.591 TiB, 15.17% gc time)
11211.194537 seconds (7.58 G allocations: 18.600 TiB, 15.16% gc time)
11213.003691 seconds (7.58 G allocations: 18.604 TiB, 15.16% gc time)
11218.134485 seconds (7.59 G allocations: 18.615 TiB, 15.15% gc time)
11218.367906 seconds (7.59 G allocations: 18.616 TiB, 15.15% gc time)
11222.510663 seconds (7.59 G allocations: 18.625 TiB, 15.15% gc time)
11224.919505 seconds (7.59 G allocations: 18.631 TiB, 15.14% gc time)
11230.504284 seconds (7.60 G allocations: 18.643 TiB, 15.14% gc time)
11231.623651 seconds (7.60 G allocations: 18.645 TiB, 15.14% gc time)
11235.017172 seconds (7.60 G allocations: 18.652 TiB, 15.13% gc time)
11236.417273 seconds (7.60 G allocations: 18.655 TiB, 15.13% gc time)
11249.512747 seconds (7.61 G allocations: 18.667 TiB, 15.18% gc time)
11262.820561 seconds (7.62 G allocations: 18.694 TiB, 15.16% gc time)
11262.998156 seconds (7.62 G allocations: 18.694 TiB, 15.16% gc time)
11265.846398 seconds (7.62 G allocations: 18.700 TiB, 15.15% gc time)
11267.897514 seconds (7.62 G allocations: 18.704 TiB, 15.15% gc time)
11273.577219 seconds (7.63 G allocations: 18.714 TiB, 15.14% gc time)
11276.569344 seconds (7.63 G allocations: 18.720 TiB, 15.14% gc time)
11280.994895 seconds (7.63 G allocations: 18.729 TiB, 15.13% gc time)
11295.300534 seconds (7.64 G allocations: 18.744 TiB, 15.17% gc time)
11304.833456 seconds (7.65 G allocations: 18.762 TiB, 15.16% gc time)
11314.812474 seconds (7.65 G allocations: 18.781 TiB, 15.14% gc time)
11314.845414 seconds (7.65 G allocations: 18.781 TiB, 15.14% gc time)
11320.647208 seconds (7.66 G allocations: 18.792 TiB, 15.14% gc time)
11321.585243 seconds (7.66 G allocations: 18.794 TiB, 15.13% gc time)
11324.665474 seconds (7.66 G allocations: 18.799 TiB, 15.13% gc time)
11330.866847 seconds (7.66 G allocations: 18.809 TiB, 15.12% gc time)
11332.779587 seconds (7.67 G allocations: 18.811 TiB, 15.12% gc time)
11333.592764 seconds (7.67 G allocations: 18.813 TiB, 15.12% gc time)
11352.488545 seconds (7.67 G allocations: 18.830 TiB, 15.16% gc time)
11357.200569 seconds (7.68 G allocations: 18.839 TiB, 15.15% gc time)
11357.585197 seconds (7.68 G allocations: 18.839 TiB, 15.15% gc time)
11366.867560 seconds (7.68 G allocations: 18.854 TiB, 15.14% gc time)
11368.824699 seconds (7.68 G allocations: 18.858 TiB, 15.14% gc time)
11370.859669 seconds (7.69 G allocations: 18.861 TiB, 15.14% gc time)
11406.010979 seconds (7.70 G allocations: 18.908 TiB, 15.15% gc time)
11407.495250 seconds (7.70 G allocations: 18.910 TiB, 15.15% gc time)
11429.395885 seconds (7.72 G allocations: 18.947 TiB, 15.12% gc time)
11453.252225 seconds (7.73 G allocations: 18.974 TiB, 15.15% gc time)
10525.548164 seconds (7.60 G allocations: 18.663 TiB, 16.24% gc time)
10483.590036 seconds (7.57 G allocations: 18.572 TiB, 16.24% gc time)
[2023-01-16T14:55:58.583]Diagonalized H.
[2023-01-16T14:56:04.193]Diagonalized H.
10515.922754 seconds (7.59 G allocations: 18.630 TiB, 16.26% gc time)
10438.606239 seconds (7.53 G allocations: 18.485 TiB, 16.24% gc time)
10441.044340 seconds (7.53 G allocations: 18.493 TiB, 16.23% gc time)
 52.014905 seconds (44.36 M allocations: 114.362 GiB, 14.13% gc time)
[2023-01-16T14:56:38.841]Completed Shot 3, state 18
[2023-01-16T14:56:41.863]Diagonalized H.
[2023-01-16T14:58:27.040]Diagonalized H.
[2023-01-16T14:58:27.826]Diagonalized H.
168.253091 seconds (55.31 M allocations: 146.657 GiB, 63.91% gc time)
[2023-01-16T14:58:33.771]Completed Shot 3, state 12
10633.148783 seconds (7.61 G allocations: 18.685 TiB, 16.96% gc time)
10624.570065 seconds (7.60 G allocations: 18.658 TiB, 16.97% gc time)
[2023-01-16T14:58:51.980]Diagonalized H.
[2023-01-16T14:58:52.007]Diagonalized H.
10596.865011 seconds (7.57 G allocations: 18.587 TiB, 16.97% gc time)
10568.345455 seconds (7.55 G allocations: 18.543 TiB, 16.94% gc time)
156.098269 seconds (36.68 M allocations: 101.779 GiB, 66.14% gc time)
[2023-01-16T14:59:01.324]Completed Shot 3, state 45
154.187396 seconds (33.93 M allocations: 94.987 GiB, 66.96% gc time)
[2023-01-16T14:59:04.302]Completed Shot 3, state 10
10560.574886 seconds (7.54 G allocations: 18.527 TiB, 16.96% gc time)
150.995815 seconds (30.03 M allocations: 85.259 GiB, 68.37% gc time)
[2023-01-16T14:59:04.669]Completed Shot 3, state 46
[2023-01-16T14:59:19.494]Diagonalized H.
[2023-01-16T14:59:19.558]Diagonalized H.
[2023-01-16T14:59:19.567]Diagonalized H.
 45.937957 seconds (21.70 M allocations: 64.463 GiB, 15.40% gc time)
[2023-01-16T14:59:25.132]Completed Shot 3, state 23
10660.404218 seconds (7.61 G allocations: 18.692 TiB, 16.98% gc time)
 57.326422 seconds (28.19 M allocations: 82.190 GiB, 12.34% gc time)
[2023-01-16T14:59:31.283]Completed Shot 3, state 33
10648.427591 seconds (7.60 G allocations: 18.679 TiB, 16.92% gc time)
10639.820598 seconds (7.59 G allocations: 18.659 TiB, 16.94% gc time)
 36.642379 seconds (20.96 M allocations: 59.839 GiB, 10.94% gc time)
[2023-01-16T14:59:41.220]Completed Shot 3, state 13
 45.004275 seconds (27.58 M allocations: 77.020 GiB, 8.90% gc time)
[2023-01-16T14:59:43.867]Completed Shot 3, state 48
 48.719468 seconds (30.36 M allocations: 86.951 GiB, 8.23% gc time)
[2023-01-16T14:59:44.957]Completed Shot 3, state 44
[2023-01-16T14:59:45.958]Diagonalized H.
[2023-01-16T14:59:48.993]Diagonalized H.
[2023-01-16T14:59:51.387]Diagonalized H.
10618.518084 seconds (7.57 G allocations: 18.599 TiB, 16.90% gc time)
10627.643805 seconds (7.57 G allocations: 18.612 TiB, 16.89% gc time)
 52.010446 seconds (22.26 M allocations: 63.800 GiB)
[2023-01-16T15:00:21.584]Completed Shot 3, state 40
[2023-01-16T15:00:22.662]Diagonalized H.
[2023-01-16T15:00:35.670]Diagonalized H.
 59.650549 seconds (18.88 M allocations: 54.917 GiB, 14.59% gc time)
[2023-01-16T15:00:36.616]Completed Shot 3, state 20
 58.963152 seconds (18.76 M allocations: 57.077 GiB, 14.76% gc time)
[2023-01-16T15:00:37.923]Completed Shot 3, state 25
10681.024231 seconds (7.60 G allocations: 18.677 TiB, 16.95% gc time)
10737.982732 seconds (7.64 G allocations: 18.785 TiB, 16.94% gc time)
10707.846985 seconds (7.62 G allocations: 18.725 TiB, 16.91% gc time)
10728.095345 seconds (7.63 G allocations: 18.769 TiB, 16.88% gc time)
10581.050284 seconds (7.54 G allocations: 18.525 TiB, 16.91% gc time)
[2023-01-16T15:01:11.659]Diagonalized H.
[2023-01-16T15:01:11.661]Diagonalized H.
[2023-01-16T15:01:11.684]Diagonalized H.
[2023-01-16T15:01:11.707]Diagonalized H.
[2023-01-16T15:01:11.755]Diagonalized H.
10763.155199 seconds (7.65 G allocations: 18.808 TiB, 16.96% gc time)
10754.256322 seconds (7.64 G allocations: 18.802 TiB, 16.90% gc time)
 70.171585 seconds (24.33 M allocations: 75.769 GiB, 21.37% gc time)
[2023-01-16T15:01:23.273]Completed Shot 3, state 9
 69.301164 seconds (23.68 M allocations: 74.405 GiB, 21.64% gc time)
[2023-01-16T15:01:25.849]Completed Shot 3, state 29
[2023-01-16T15:01:36.100]Diagonalized H.
[2023-01-16T15:01:36.107]Diagonalized H.
 45.967742 seconds (13.15 M allocations: 47.852 GiB, 17.21% gc time)
[2023-01-16T15:01:40.511]Completed Shot 3, state 42
 49.702802 seconds (15.78 M allocations: 54.878 GiB, 15.92% gc time)
[2023-01-16T15:01:41.065]Completed Shot 3, state 34
 62.319842 seconds (22.85 M allocations: 73.412 GiB, 12.70% gc time)
[2023-01-16T15:01:42.219]Completed Shot 3, state 4
 64.180286 seconds (24.26 M allocations: 77.091 GiB, 12.33% gc time)
[2023-01-16T15:01:42.626]Completed Shot 3, state 26
 51.712800 seconds (17.86 M allocations: 60.172 GiB, 15.30% gc time)
[2023-01-16T15:01:44.997]Completed Shot 3, state 30
10636.322410 seconds (7.56 G allocations: 18.591 TiB, 16.90% gc time)
10674.368225 seconds (7.58 G allocations: 18.640 TiB, 16.91% gc time)
[2023-01-16T15:02:09.076]Diagonalized H.
[2023-01-16T15:02:09.313]Diagonalized H.
 53.427851 seconds (21.22 M allocations: 63.478 GiB, 12.99% gc time)
[2023-01-16T15:02:12.748]Completed Shot 3, state 3
10645.308805 seconds (7.56 G allocations: 18.594 TiB, 16.93% gc time)
 59.686481 seconds (22.95 M allocations: 73.004 GiB, 11.63% gc time)
[2023-01-16T15:02:13.460]Completed Shot 3, state 24
10694.828082 seconds (7.58 G allocations: 18.660 TiB, 16.93% gc time)
10742.167704 seconds (7.61 G allocations: 18.737 TiB, 16.91% gc time)
10727.267359 seconds (7.61 G allocations: 18.718 TiB, 16.88% gc time)
10787.786131 seconds (7.64 G allocations: 18.810 TiB, 16.91% gc time)
[2023-01-16T15:02:32.462]Diagonalized H.
[2023-01-16T15:02:32.486]Diagonalized H.
[2023-01-16T15:02:32.489]Diagonalized H.
[2023-01-16T15:02:32.501]Diagonalized H.
[2023-01-16T15:02:32.514]Diagonalized H.
 46.758352 seconds (13.85 M allocations: 49.101 GiB, 15.42% gc time)
[2023-01-16T15:02:42.779]Completed Shot 3, state 41
 48.337305 seconds (14.86 M allocations: 51.891 GiB, 14.91% gc time)
[2023-01-16T15:02:43.250]Completed Shot 3, state 38
10715.248117 seconds (7.58 G allocations: 18.675 TiB, 16.91% gc time)
 37.959150 seconds (10.59 M allocations: 39.042 GiB, 4.97% gc time)
[2023-01-16T15:02:55.378]Completed Shot 3, state 47
 31.967756 seconds (7.59 M allocations: 30.826 GiB, 5.90% gc time)
[2023-01-16T15:02:55.541]Completed Shot 3, state 16
[2023-01-16T15:03:02.134]Diagonalized H.
10849.726332 seconds (7.67 G allocations: 18.893 TiB, 16.85% gc time)
 40.169146 seconds (8.62 M allocations: 35.111 GiB, 10.89% gc time)
[2023-01-16T15:03:03.977]Completed Shot 3, state 11
10838.672097 seconds (7.66 G allocations: 18.867 TiB, 16.87% gc time)
10659.293350 seconds (7.55 G allocations: 18.593 TiB, 16.89% gc time)
10785.020826 seconds (7.62 G allocations: 18.773 TiB, 16.88% gc time)
 47.326243 seconds (12.56 M allocations: 46.021 GiB, 9.24% gc time)
[2023-01-16T15:03:07.068]Completed Shot 3, state 1
10733.490635 seconds (7.59 G allocations: 18.691 TiB, 16.91% gc time)
10804.570061 seconds (7.64 G allocations: 18.810 TiB, 16.85% gc time)
 56.879352 seconds (17.21 M allocations: 58.834 GiB, 7.69% gc time)
[2023-01-16T15:03:10.060]Completed Shot 3, state 15
10905.524478 seconds (7.71 G allocations: 18.997 TiB, 16.84% gc time)
[2023-01-16T15:03:13.794]Diagonalized H.
10702.174924 seconds (7.57 G allocations: 18.648 TiB, 16.89% gc time)
10808.749257 seconds (7.64 G allocations: 18.813 TiB, 16.85% gc time)
[2023-01-16T15:03:19.451]Diagonalized H.
[2023-01-16T15:03:21.650]Diagonalized H.
[2023-01-16T15:03:28.115]Diagonalized H.
[2023-01-16T15:03:28.125]Diagonalized H.
[2023-01-16T15:03:28.144]Diagonalized H.
[2023-01-16T15:03:28.146]Diagonalized H.
[2023-01-16T15:03:28.155]Diagonalized H.
[2023-01-16T15:03:28.180]Diagonalized H.
10878.487817 seconds (7.68 G allocations: 18.927 TiB, 16.83% gc time)
 43.951113 seconds (12.39 M allocations: 43.875 GiB, 10.15% gc time)
[2023-01-16T15:03:31.071]Completed Shot 3, state 31
 49.692977 seconds (8.95 M allocations: 42.357 GiB, 3.98% gc time)
[2023-01-16T15:03:53.428]Completed Shot 3, state 17
 49.889147 seconds (7.25 M allocations: 38.513 GiB, 3.96% gc time)
[2023-01-16T15:03:57.165]Completed Shot 3, state 32
[2023-01-16T15:04:00.624]Diagonalized H.
 57.040125 seconds (9.83 M allocations: 46.533 GiB, 3.47% gc time)
[2023-01-16T15:04:01.636]Completed Shot 3, state 37
 51.026872 seconds (6.68 M allocations: 39.235 GiB, 3.87% gc time)
[2023-01-16T15:04:03.356]Completed Shot 3, state 2
 56.266904 seconds (8.46 M allocations: 44.082 GiB, 3.51% gc time)
[2023-01-16T15:04:04.662]Completed Shot 3, state 22
10799.070875 seconds (7.60 G allocations: 18.748 TiB, 16.82% gc time)
10812.562433 seconds (7.61 G allocations: 18.768 TiB, 16.80% gc time)
 62.490302 seconds (9.87 M allocations: 48.678 GiB, 3.16% gc time)
[2023-01-16T15:04:09.511]Completed Shot 3, state 43
 57.318713 seconds (7.51 M allocations: 41.977 GiB, 3.45% gc time)
[2023-01-16T15:04:11.358]Completed Shot 3, state 6
 66.836170 seconds (10.99 M allocations: 51.959 GiB, 2.96% gc time)
[2023-01-16T15:04:13.145]Completed Shot 3, state 35
10679.162400 seconds (7.54 G allocations: 18.578 TiB, 16.81% gc time)
[2023-01-16T15:04:14.675]Diagonalized H.
 59.832548 seconds (7.77 M allocations: 41.743 GiB, 3.30% gc time)
[2023-01-16T15:04:15.433]Completed Shot 3, state 39
10779.229174 seconds (7.59 G allocations: 18.718 TiB, 16.78% gc time)
[2023-01-16T15:04:26.301]Diagonalized H.
[2023-01-16T15:04:26.307]Diagonalized H.
[2023-01-16T15:04:26.325]Diagonalized H.
10831.577379 seconds (7.61 G allocations: 18.777 TiB, 16.79% gc time)
10778.064777 seconds (7.58 G allocations: 18.702 TiB, 16.81% gc time)
 61.542457 seconds (6.48 M allocations: 39.134 GiB, 3.46% gc time)
[2023-01-16T15:04:32.230]Completed Shot 3, state 7
[2023-01-16T15:04:47.179]Diagonalized H.
[2023-01-16T15:04:47.664]Diagonalized H.
10738.836223 seconds (7.55 G allocations: 18.624 TiB, 16.80% gc time)
 45.889720 seconds (5.36 M allocations: 26.946 GiB, 4.64% gc time)
[2023-01-16T15:04:50.631]Completed Shot 3, state 8
 41.038683 seconds (4.09 M allocations: 23.846 GiB, 5.18% gc time)
[2023-01-16T15:04:54.458]Completed Shot 3, state 5
[2023-01-16T15:05:01.044]Diagonalized H.
 55.105732 seconds (5.54 M allocations: 30.281 GiB, 6.19% gc time)
[2023-01-16T15:05:03.518]Completed Shot 3, state 19
 47.172005 seconds (3.59 M allocations: 23.041 GiB, 7.24% gc time)
[2023-01-16T15:05:04.607]Completed Shot 3, state 14
10879.557523 seconds (7.62 G allocations: 18.817 TiB, 16.73% gc time)
 42.660353 seconds (3.44 M allocations: 22.504 GiB, 3.02% gc time)
[2023-01-16T15:05:10.055]Completed Shot 3, state 28
 43.314486 seconds (3.45 M allocations: 21.801 GiB, 2.97% gc time)
[2023-01-16T15:05:11.209]Completed Shot 3, state 50
[2023-01-16T15:05:14.443]Diagonalized H.
 26.722672 seconds (1.80 M allocations: 11.761 GiB, 4.81% gc time)
[2023-01-16T15:05:15.959]Completed Shot 3, state 21
10878.611916 seconds (7.61 G allocations: 18.774 TiB, 16.74% gc time)
 27.918971 seconds (1.72 M allocations: 7.764 GiB, 2.62% gc time)
[2023-01-16T15:05:33.315]Completed Shot 3, state 49
[2023-01-16T15:05:39.448]Diagonalized H.
10824.628608 seconds (7.57 G allocations: 18.680 TiB, 16.69% gc time)
 23.758444 seconds (612.21 k allocations: 4.091 GiB, 1.21% gc time)
[2023-01-16T15:05:56.967]Completed Shot 3, state 27
[2023-01-16T15:05:58.808]Diagonalized H.
 24.188634 seconds (67.32 k allocations: 2.739 GiB)
[2023-01-16T15:06:17.317]Completed Shot 3, state 36
9767.801171 seconds (7.29 G allocations: 17.941 TiB, 14.22% gc time)
9809.294735 seconds (7.33 G allocations: 18.043 TiB, 14.23% gc time)
9809.593916 seconds (7.33 G allocations: 18.044 TiB, 14.23% gc time)
9811.082456 seconds (7.34 G allocations: 18.048 TiB, 14.23% gc time)
9811.750874 seconds (7.34 G allocations: 18.050 TiB, 14.23% gc time)
9817.195055 seconds (7.34 G allocations: 18.061 TiB, 14.24% gc time)
9817.572836 seconds (7.34 G allocations: 18.062 TiB, 14.24% gc time)
9822.710840 seconds (7.35 G allocations: 18.077 TiB, 14.23% gc time)
9823.856570 seconds (7.35 G allocations: 18.080 TiB, 14.23% gc time)
9839.216002 seconds (7.36 G allocations: 18.111 TiB, 14.25% gc time)
9840.966709 seconds (7.36 G allocations: 18.116 TiB, 14.24% gc time)
9850.241734 seconds (7.37 G allocations: 18.136 TiB, 14.25% gc time)
9856.583121 seconds (7.38 G allocations: 18.153 TiB, 14.24% gc time)
9861.222230 seconds (7.38 G allocations: 18.161 TiB, 14.25% gc time)
9861.428971 seconds (7.38 G allocations: 18.161 TiB, 14.25% gc time)
9863.480283 seconds (7.38 G allocations: 18.167 TiB, 14.24% gc time)
9863.597717 seconds (7.38 G allocations: 18.167 TiB, 14.24% gc time)
9865.193887 seconds (7.39 G allocations: 18.171 TiB, 14.24% gc time)
9872.535027 seconds (7.39 G allocations: 18.185 TiB, 14.25% gc time)
9874.337129 seconds (7.39 G allocations: 18.189 TiB, 14.25% gc time)
9875.366136 seconds (7.39 G allocations: 18.192 TiB, 14.25% gc time)
9877.905134 seconds (7.40 G allocations: 18.198 TiB, 14.24% gc time)
9878.368674 seconds (7.40 G allocations: 18.199 TiB, 14.24% gc time)
9881.380698 seconds (7.40 G allocations: 18.203 TiB, 14.25% gc time)
9882.550996 seconds (7.40 G allocations: 18.205 TiB, 14.25% gc time)
9885.363552 seconds (7.40 G allocations: 18.212 TiB, 14.25% gc time)
9885.890074 seconds (7.40 G allocations: 18.213 TiB, 14.25% gc time)
9887.190111 seconds (7.40 G allocations: 18.216 TiB, 14.24% gc time)
9887.698349 seconds (7.40 G allocations: 18.217 TiB, 14.24% gc time)
9890.113418 seconds (7.41 G allocations: 18.222 TiB, 14.24% gc time)
9893.615767 seconds (7.41 G allocations: 18.227 TiB, 14.25% gc time)
9894.026722 seconds (7.41 G allocations: 18.228 TiB, 14.25% gc time)
9894.214871 seconds (7.41 G allocations: 18.228 TiB, 14.25% gc time)
9896.783290 seconds (7.41 G allocations: 18.234 TiB, 14.25% gc time)
9901.778202 seconds (7.42 G allocations: 18.244 TiB, 14.24% gc time)
9903.398750 seconds (7.42 G allocations: 18.247 TiB, 14.24% gc time)
9908.166888 seconds (7.42 G allocations: 18.253 TiB, 14.25% gc time)
9908.844903 seconds (7.42 G allocations: 18.255 TiB, 14.25% gc time)
9912.197234 seconds (7.42 G allocations: 18.261 TiB, 14.24% gc time)
9912.260448 seconds (7.42 G allocations: 18.261 TiB, 14.24% gc time)
9924.158547 seconds (7.43 G allocations: 18.281 TiB, 14.25% gc time)
9925.677443 seconds (7.43 G allocations: 18.284 TiB, 14.25% gc time)
9945.235889 seconds (7.44 G allocations: 18.318 TiB, 14.24% gc time)
9954.852281 seconds (7.45 G allocations: 18.333 TiB, 14.24% gc time)
9972.417961 seconds (7.46 G allocations: 18.364 TiB, 14.23% gc time)
9977.671994 seconds (7.47 G allocations: 18.371 TiB, 14.24% gc time)
9980.611583 seconds (7.47 G allocations: 18.376 TiB, 14.24% gc time)
9987.853088 seconds (7.47 G allocations: 18.390 TiB, 14.23% gc time)
9989.008631 seconds (7.47 G allocations: 18.392 TiB, 14.23% gc time)
10008.239878 seconds (7.48 G allocations: 18.419 TiB, 14.24% gc time)
9320.812498 seconds (7.40 G allocations: 18.202 TiB, 14.59% gc time)
[2023-01-16T20:24:37.437]Diagonalized H.
 47.878274 seconds (39.49 M allocations: 99.836 GiB, 15.41% gc time)
[2023-01-16T20:25:13.813]Completed Shot 4, state 36
9281.752991 seconds (7.35 G allocations: 18.093 TiB, 14.58% gc time)
9329.501573 seconds (7.40 G allocations: 18.204 TiB, 14.58% gc time)
[2023-01-16T20:25:28.403]Diagonalized H.
[2023-01-16T20:25:28.413]Diagonalized H.
9344.165524 seconds (7.40 G allocations: 18.224 TiB, 14.59% gc time)
[2023-01-16T20:25:46.517]Diagonalized H.
9313.724253 seconds (7.37 G allocations: 18.138 TiB, 14.58% gc time)
[2023-01-16T20:26:04.787]Diagonalized H.
9365.487327 seconds (7.41 G allocations: 18.236 TiB, 14.60% gc time)
 51.620732 seconds (26.38 M allocations: 72.708 GiB, 16.65% gc time)
[2023-01-16T20:26:07.738]Completed Shot 4, state 17
9376.381346 seconds (7.42 G allocations: 18.264 TiB, 14.58% gc time)
9384.889767 seconds (7.43 G allocations: 18.283 TiB, 14.59% gc time)
 57.562608 seconds (31.22 M allocations: 85.987 GiB, 14.93% gc time)
[2023-01-16T20:26:13.220]Completed Shot 4, state 46
[2023-01-16T20:26:25.391]Diagonalized H.
[2023-01-16T20:26:25.453]Diagonalized H.
[2023-01-16T20:26:25.517]Diagonalized H.
9368.764578 seconds (7.40 G allocations: 18.224 TiB, 14.58% gc time)
9388.242392 seconds (7.42 G allocations: 18.265 TiB, 14.59% gc time)
9380.114925 seconds (7.41 G allocations: 18.244 TiB, 14.56% gc time)
 68.875857 seconds (31.69 M allocations: 90.852 GiB, 11.30% gc time)
[2023-01-16T20:26:41.444]Completed Shot 4, state 1
 54.391272 seconds (24.94 M allocations: 73.538 GiB, 9.46% gc time)
[2023-01-16T20:26:46.659]Completed Shot 4, state 13
9366.993321 seconds (7.39 G allocations: 18.206 TiB, 14.55% gc time)
[2023-01-16T20:26:52.993]Diagonalized H.
[2023-01-16T20:26:53.033]Diagonalized H.
[2023-01-16T20:26:53.049]Diagonalized H.
9346.093067 seconds (7.37 G allocations: 18.153 TiB, 14.57% gc time)
9362.969011 seconds (7.38 G allocations: 18.188 TiB, 14.56% gc time)
9329.418321 seconds (7.36 G allocations: 18.125 TiB, 14.56% gc time)
 44.878222 seconds (18.82 M allocations: 59.492 GiB, 12.11% gc time)
[2023-01-16T20:26:56.682]Completed Shot 4, state 11
 46.885709 seconds (20.11 M allocations: 63.521 GiB, 11.59% gc time)
[2023-01-16T20:26:58.161]Completed Shot 4, state 10
9353.395163 seconds (7.38 G allocations: 18.172 TiB, 14.56% gc time)
 52.988738 seconds (25.34 M allocations: 78.302 GiB, 10.26% gc time)
[2023-01-16T20:26:58.508]Completed Shot 4, state 30
9371.472283 seconds (7.39 G allocations: 18.205 TiB, 14.55% gc time)
9352.750916 seconds (7.37 G allocations: 18.170 TiB, 14.55% gc time)
9367.133888 seconds (7.38 G allocations: 18.194 TiB, 14.54% gc time)
9391.085077 seconds (7.40 G allocations: 18.242 TiB, 14.54% gc time)
[2023-01-16T20:27:12.212]Diagonalized H.
[2023-01-16T20:27:12.229]Diagonalized H.
 44.184745 seconds (21.46 M allocations: 69.653 GiB, 6.23% gc time)
[2023-01-16T20:27:13.604]Completed Shot 4, state 22
 37.313435 seconds (19.36 M allocations: 60.772 GiB, 7.38% gc time)
[2023-01-16T20:27:13.965]Completed Shot 4, state 7
 48.360020 seconds (24.22 M allocations: 78.191 GiB, 5.69% gc time)
[2023-01-16T20:27:15.411]Completed Shot 4, state 3
[2023-01-16T20:27:16.423]Diagonalized H.
[2023-01-16T20:27:17.300]Diagonalized H.
[2023-01-16T20:27:17.660]Diagonalized H.
[2023-01-16T20:27:18.613]Diagonalized H.
[2023-01-16T20:27:20.328]Diagonalized H.
[2023-01-16T20:27:29.434]Diagonalized H.
[2023-01-16T20:27:40.255]Diagonalized H.
9419.097533 seconds (7.39 G allocations: 18.229 TiB, 14.51% gc time)
9402.756402 seconds (7.38 G allocations: 18.196 TiB, 14.52% gc time)
 66.065313 seconds (14.00 M allocations: 57.540 GiB, 6.45% gc time)
[2023-01-16T20:28:04.480]Completed Shot 4, state 49
9397.616838 seconds (7.37 G allocations: 18.187 TiB, 14.50% gc time)
9408.291298 seconds (7.38 G allocations: 18.205 TiB, 14.51% gc time)
 73.163488 seconds (18.36 M allocations: 73.376 GiB, 5.83% gc time)
[2023-01-16T20:28:08.069]Completed Shot 4, state 31
9434.518700 seconds (7.40 G allocations: 18.254 TiB, 14.50% gc time)
 75.962447 seconds (20.25 M allocations: 78.521 GiB, 5.61% gc time)
[2023-01-16T20:28:10.588]Completed Shot 4, state 4
 83.431059 seconds (22.40 M allocations: 84.904 GiB, 8.41% gc time)
[2023-01-16T20:28:11.343]Completed Shot 4, state 39
 78.599378 seconds (22.49 M allocations: 84.406 GiB, 5.43% gc time)
[2023-01-16T20:28:12.126]Completed Shot 4, state 8
 68.076364 seconds (15.70 M allocations: 61.837 GiB, 6.26% gc time)
[2023-01-16T20:28:12.362]Completed Shot 4, state 33
9433.673348 seconds (7.40 G allocations: 18.255 TiB, 14.48% gc time)
 68.221100 seconds (15.79 M allocations: 62.214 GiB, 6.25% gc time)
[2023-01-16T20:28:12.380]Completed Shot 4, state 37
9452.161490 seconds (7.42 G allocations: 18.292 TiB, 14.49% gc time)
9500.241247 seconds (7.46 G allocations: 18.402 TiB, 14.49% gc time)
 65.488689 seconds (15.43 M allocations: 60.671 GiB, 6.51% gc time)
[2023-01-16T20:28:15.307]Completed Shot 4, state 42
[2023-01-16T20:28:15.539]Diagonalized H.
[2023-01-16T20:28:16.198]Diagonalized H.
[2023-01-16T20:28:16.622]Diagonalized H.
[2023-01-16T20:28:17.296]Diagonalized H.
9459.429023 seconds (7.42 G allocations: 18.314 TiB, 14.48% gc time)
[2023-01-16T20:28:18.957]Diagonalized H.
[2023-01-16T20:28:21.717]Diagonalized H.
 72.273729 seconds (17.20 M allocations: 73.598 GiB, 5.90% gc time)
[2023-01-16T20:28:24.159]Completed Shot 4, state 21
[2023-01-16T20:28:29.405]Diagonalized H.
[2023-01-16T20:28:31.635]Diagonalized H.
[2023-01-16T20:28:47.592]Diagonalized H.
 81.459365 seconds (11.75 M allocations: 50.360 GiB, 11.68% gc time)
[2023-01-16T20:29:24.935]Completed Shot 4, state 44
 78.311771 seconds (9.92 M allocations: 45.391 GiB, 12.57% gc time)
[2023-01-16T20:29:25.509]Completed Shot 4, state 50
9496.212444 seconds (7.40 G allocations: 18.268 TiB, 14.48% gc time)
 84.991594 seconds (12.90 M allocations: 53.790 GiB, 11.64% gc time)
[2023-01-16T20:29:27.299]Completed Shot 4, state 26
 80.057861 seconds (10.40 M allocations: 46.846 GiB, 12.37% gc time)
[2023-01-16T20:29:27.448]Completed Shot 4, state 34
[2023-01-16T20:29:33.947]Diagonalized H.
 96.361256 seconds (10.15 M allocations: 48.248 GiB, 12.86% gc time)
[2023-01-16T20:29:46.569]Completed Shot 4, state 32
 94.847916 seconds (8.64 M allocations: 44.358 GiB, 13.09% gc time)
[2023-01-16T20:29:47.222]Completed Shot 4, state 48
9532.074731 seconds (7.41 G allocations: 18.303 TiB, 14.48% gc time)
[2023-01-16T20:29:54.948]Diagonalized H.
9607.841504 seconds (7.47 G allocations: 18.455 TiB, 14.48% gc time)
102.940627 seconds (8.42 M allocations: 44.637 GiB, 12.41% gc time)
[2023-01-16T20:29:57.617]Completed Shot 4, state 43
9513.586670 seconds (7.39 G allocations: 18.257 TiB, 14.46% gc time)
101.970818 seconds (7.15 M allocations: 38.031 GiB, 12.53% gc time)
[2023-01-16T20:30:00.149]Completed Shot 4, state 24
105.669600 seconds (10.17 M allocations: 50.667 GiB, 12.09% gc time)
[2023-01-16T20:30:00.425]Completed Shot 4, state 14
9529.775128 seconds (7.40 G allocations: 18.284 TiB, 14.46% gc time)
 37.391658 seconds (7.58 M allocations: 24.640 GiB, 7.73% gc time)
[2023-01-16T20:30:04.540]Completed Shot 4, state 25
9450.283669 seconds (7.35 G allocations: 18.148 TiB, 14.46% gc time)
9515.766199 seconds (7.39 G allocations: 18.258 TiB, 14.46% gc time)
9578.342049 seconds (7.44 G allocations: 18.384 TiB, 14.45% gc time)
[2023-01-16T20:30:07.007]Diagonalized H.
[2023-01-16T20:30:12.388]Diagonalized H.
9553.178727 seconds (7.42 G allocations: 18.324 TiB, 14.44% gc time)
9510.054313 seconds (7.39 G allocations: 18.246 TiB, 14.44% gc time)
9512.180592 seconds (7.39 G allocations: 18.250 TiB, 14.44% gc time)
 27.270591 seconds (9.49 M allocations: 31.512 GiB, 1.33% gc time)
[2023-01-16T20:30:14.571]Completed Shot 4, state 29
9543.405482 seconds (7.41 G allocations: 18.305 TiB, 14.44% gc time)
[2023-01-16T20:30:14.913]Diagonalized H.
[2023-01-16T20:30:18.694]Diagonalized H.
[2023-01-16T20:30:18.951]Diagonalized H.
9558.305462 seconds (7.42 G allocations: 18.325 TiB, 14.43% gc time)
9500.808500 seconds (7.37 G allocations: 18.224 TiB, 14.44% gc time)
[2023-01-16T20:30:23.368]Diagonalized H.
 28.760157 seconds (8.27 M allocations: 34.189 GiB)
[2023-01-16T20:30:28.512]Completed Shot 4, state 27
[2023-01-16T20:30:29.160]Diagonalized H.
9470.968779 seconds (7.35 G allocations: 18.158 TiB, 14.43% gc time)
[2023-01-16T20:30:36.914]Diagonalized H.
[2023-01-16T20:30:53.865]Diagonalized H.
[2023-01-16T20:30:53.872]Diagonalized H.
[2023-01-16T20:30:54.023]Diagonalized H.
[2023-01-16T20:30:54.308]Diagonalized H.
[2023-01-16T20:30:54.340]Diagonalized H.
9608.428996 seconds (7.43 G allocations: 18.371 TiB, 14.40% gc time)
 56.256989 seconds (7.47 M allocations: 40.708 GiB, 4.74% gc time)
[2023-01-16T20:31:00.135]Completed Shot 4, state 5
 68.425778 seconds (11.89 M allocations: 57.336 GiB, 3.90% gc time)
[2023-01-16T20:31:05.338]Completed Shot 4, state 20
 68.367483 seconds (7.37 M allocations: 47.745 GiB, 3.90% gc time)
[2023-01-16T20:31:14.272]Completed Shot 4, state 40
 69.202736 seconds (7.65 M allocations: 48.777 GiB, 3.85% gc time)
[2023-01-16T20:31:14.479]Completed Shot 4, state 38
 61.108127 seconds (4.51 M allocations: 36.537 GiB, 4.36% gc time)
[2023-01-16T20:31:14.767]Completed Shot 4, state 16
 69.865325 seconds (7.73 M allocations: 49.047 GiB, 3.82% gc time)
[2023-01-16T20:31:15.150]Completed Shot 4, state 18
9512.048619 seconds (7.35 G allocations: 18.177 TiB, 14.39% gc time)
[2023-01-16T20:31:18.576]Diagonalized H.
 67.951867 seconds (5.44 M allocations: 41.986 GiB, 3.92% gc time)
[2023-01-16T20:31:21.004]Completed Shot 4, state 45
 66.812526 seconds (4.93 M allocations: 38.983 GiB, 3.99% gc time)
[2023-01-16T20:31:21.565]Completed Shot 4, state 19
9552.207137 seconds (7.37 G allocations: 18.240 TiB, 14.37% gc time)
 48.318070 seconds (3.17 M allocations: 25.759 GiB, 5.52% gc time)
[2023-01-16T20:31:24.460]Completed Shot 4, state 6
 64.736988 seconds (4.07 M allocations: 33.339 GiB, 4.12% gc time)
[2023-01-16T20:31:28.101]Completed Shot 4, state 23
 75.627859 seconds (6.11 M allocations: 46.459 GiB, 3.52% gc time)
[2023-01-16T20:31:28.678]Completed Shot 4, state 41
[2023-01-16T20:31:29.466]Diagonalized H.
9532.174811 seconds (7.36 G allocations: 18.199 TiB, 14.36% gc time)
 68.255160 seconds (4.37 M allocations: 36.334 GiB, 3.91% gc time)
[2023-01-16T20:31:31.070]Completed Shot 4, state 2
[2023-01-16T20:31:32.243]Diagonalized H.
[2023-01-16T20:31:40.605]Diagonalized H.
 50.741001 seconds (3.29 M allocations: 27.525 GiB)
[2023-01-16T20:31:49.025]Completed Shot 4, state 47
 38.854928 seconds (2.16 M allocations: 16.146 GiB, 3.69% gc time)
[2023-01-16T20:31:57.232]Completed Shot 4, state 12
 37.482212 seconds (1.89 M allocations: 12.993 GiB, 3.82% gc time)
[2023-01-16T20:32:01.862]Completed Shot 4, state 28
 31.794766 seconds (1.45 M allocations: 10.752 GiB, 4.51% gc time)
[2023-01-16T20:32:01.901]Completed Shot 4, state 9
9576.045047 seconds (7.36 G allocations: 18.222 TiB, 14.33% gc time)
9544.140033 seconds (7.34 G allocations: 18.167 TiB, 14.32% gc time)
[2023-01-16T20:32:11.621]Diagonalized H.
[2023-01-16T20:32:15.570]Diagonalized H.
 28.077526 seconds (267.38 k allocations: 5.512 GiB, 0.24% gc time)
[2023-01-16T20:32:33.860]Completed Shot 4, state 35
 26.289036 seconds (115.79 k allocations: 5.065 GiB, 0.25% gc time)
[2023-01-16T20:32:35.989]Completed Shot 4, state 15
9298.132504 seconds (7.26 G allocations: 17.850 TiB, 18.18% gc time)
9303.321949 seconds (7.26 G allocations: 17.866 TiB, 18.17% gc time)
9303.399829 seconds (7.26 G allocations: 17.867 TiB, 18.17% gc time)
9313.371700 seconds (7.27 G allocations: 17.876 TiB, 18.23% gc time)
9314.592742 seconds (7.27 G allocations: 17.879 TiB, 18.23% gc time)
9321.093965 seconds (7.28 G allocations: 17.899 TiB, 18.21% gc time)
9321.498610 seconds (7.28 G allocations: 17.900 TiB, 18.21% gc time)
9322.023716 seconds (7.28 G allocations: 17.902 TiB, 18.21% gc time)
9324.932967 seconds (7.28 G allocations: 17.910 TiB, 18.21% gc time)
9328.025494 seconds (7.29 G allocations: 17.919 TiB, 18.20% gc time)
9330.283959 seconds (7.29 G allocations: 17.926 TiB, 18.20% gc time)
9330.423428 seconds (7.29 G allocations: 17.926 TiB, 18.20% gc time)
9332.023859 seconds (7.29 G allocations: 17.930 TiB, 18.19% gc time)
9338.663354 seconds (7.30 G allocations: 17.949 TiB, 18.18% gc time)
9339.504000 seconds (7.30 G allocations: 17.951 TiB, 18.18% gc time)
9350.568175 seconds (7.30 G allocations: 17.960 TiB, 18.24% gc time)
9351.471271 seconds (7.30 G allocations: 17.963 TiB, 18.23% gc time)
9352.173280 seconds (7.30 G allocations: 17.965 TiB, 18.23% gc time)
9353.622491 seconds (7.31 G allocations: 17.969 TiB, 18.23% gc time)
9354.697605 seconds (7.31 G allocations: 17.971 TiB, 18.23% gc time)
9355.722665 seconds (7.31 G allocations: 17.974 TiB, 18.23% gc time)
9357.522845 seconds (7.31 G allocations: 17.979 TiB, 18.22% gc time)
  Activating project at `/gpfs/bwfor/work/ws/hd_ku269-light_cones/WorkingFolder`
9358.096234 seconds (7.31 G allocations: 17.980 TiB, 18.22% gc time)
9359.806698 seconds (7.31 G allocations: 17.984 TiB, 18.22% gc time)
9360.478396 seconds (7.31 G allocations: 17.986 TiB, 18.22% gc time)
9361.404824 seconds (7.31 G allocations: 17.988 TiB, 18.21% gc time)
9362.187526 seconds (7.31 G allocations: 17.990 TiB, 18.21% gc time)
9362.844178 seconds (7.32 G allocations: 17.991 TiB, 18.21% gc time)
9363.843826 seconds (7.32 G allocations: 17.993 TiB, 18.21% gc time)
9364.534538 seconds (7.32 G allocations: 17.995 TiB, 18.21% gc time)
9364.869093 seconds (7.32 G allocations: 17.996 TiB, 18.21% gc time)
9364.939157 seconds (7.32 G allocations: 17.996 TiB, 18.21% gc time)
9365.299003 seconds (7.32 G allocations: 17.997 TiB, 18.21% gc time)
9365.389639 seconds (7.32 G allocations: 17.997 TiB, 18.21% gc time)
9365.638892 seconds (7.32 G allocations: 17.998 TiB, 18.21% gc time)
9368.014283 seconds (7.32 G allocations: 18.003 TiB, 18.20% gc time)
9368.436886 seconds (7.32 G allocations: 18.004 TiB, 18.20% gc time)
9369.576592 seconds (7.32 G allocations: 18.006 TiB, 18.20% gc time)
9369.808063 seconds (7.32 G allocations: 18.007 TiB, 18.20% gc time)
9373.245091 seconds (7.32 G allocations: 18.014 TiB, 18.19% gc time)
9387.222437 seconds (7.33 G allocations: 18.029 TiB, 18.24% gc time)
9392.859748 seconds (7.33 G allocations: 18.040 TiB, 18.23% gc time)
9393.571447 seconds (7.34 G allocations: 18.042 TiB, 18.22% gc time)
9393.896888 seconds (7.34 G allocations: 18.043 TiB, 18.22% gc time)
9395.217309 seconds (7.34 G allocations: 18.045 TiB, 18.22% gc time)
9395.717031 seconds (7.34 G allocations: 18.046 TiB, 18.22% gc time)
9400.974362 seconds (7.34 G allocations: 18.057 TiB, 18.21% gc time)
9408.167189 seconds (7.35 G allocations: 18.071 TiB, 18.20% gc time)
9413.862877 seconds (7.35 G allocations: 18.082 TiB, 18.18% gc time)
9425.159251 seconds (7.36 G allocations: 18.104 TiB, 18.16% gc time)
9494.647348 seconds (7.28 G allocations: 17.918 TiB, 17.16% gc time)
[2023-01-17T01:46:08.939]Diagonalized H.
9515.361091 seconds (7.30 G allocations: 17.952 TiB, 17.20% gc time)
9494.737037 seconds (7.28 G allocations: 17.908 TiB, 17.17% gc time)
9482.802182 seconds (7.27 G allocations: 17.897 TiB, 17.11% gc time)
9481.488920 seconds (7.27 G allocations: 17.895 TiB, 17.11% gc time)
[2023-01-17T01:46:45.334]Diagonalized H.
[2023-01-17T01:46:45.347]Diagonalized H.
[2023-01-17T01:46:45.365]Diagonalized H.
[2023-01-17T01:46:45.367]Diagonalized H.
9548.503090 seconds (7.32 G allocations: 18.015 TiB, 17.20% gc time)
9531.762762 seconds (7.31 G allocations: 17.986 TiB, 17.16% gc time)
 60.268236 seconds (44.79 M allocations: 120.049 GiB, 21.70% gc time)
[2023-01-17T01:46:49.042]Completed Shot 5, state 21
9498.158536 seconds (7.27 G allocations: 17.898 TiB, 17.15% gc time)
9513.728622 seconds (7.29 G allocations: 17.932 TiB, 17.12% gc time)
9500.739762 seconds (7.27 G allocations: 17.899 TiB, 17.14% gc time)
9515.773612 seconds (7.28 G allocations: 17.922 TiB, 17.11% gc time)
9512.686135 seconds (7.28 G allocations: 17.912 TiB, 17.12% gc time)
9547.512189 seconds (7.31 G allocations: 17.983 TiB, 17.13% gc time)
9514.736106 seconds (7.28 G allocations: 17.916 TiB, 17.12% gc time)
 47.899324 seconds (20.09 M allocations: 60.211 GiB, 12.73% gc time)
[2023-01-17T01:47:17.293]Completed Shot 5, state 16
[2023-01-17T01:47:17.736]Diagonalized H.
[2023-01-17T01:47:19.022]Diagonalized H.
[2023-01-17T01:47:27.873]Diagonalized H.
[2023-01-17T01:47:27.875]Diagonalized H.
[2023-01-17T01:47:27.884]Diagonalized H.
[2023-01-17T01:47:27.886]Diagonalized H.
[2023-01-17T01:47:27.897]Diagonalized H.
[2023-01-17T01:47:27.908]Diagonalized H.
[2023-01-17T01:47:27.912]Diagonalized H.
 74.585008 seconds (39.10 M allocations: 111.233 GiB, 14.20% gc time)
[2023-01-17T01:47:29.261]Completed Shot 5, state 11
 56.637842 seconds (19.09 M allocations: 60.877 GiB, 18.70% gc time)
[2023-01-17T01:47:29.841]Completed Shot 5, state 6
9535.853779 seconds (7.29 G allocations: 17.950 TiB, 17.13% gc time)
 80.099289 seconds (20.56 M allocations: 78.359 GiB, 13.22% gc time)
[2023-01-17T01:47:52.518]Completed Shot 5, state 35
 71.064840 seconds (16.42 M allocations: 64.190 GiB, 6.32% gc time)
[2023-01-17T01:47:59.913]Completed Shot 5, state 3
9593.643029 seconds (7.31 G allocations: 18.022 TiB, 17.10% gc time)
 47.611017 seconds (9.04 M allocations: 43.076 GiB, 9.44% gc time)
[2023-01-17T01:48:01.400]Completed Shot 5, state 4
 45.065780 seconds (6.89 M allocations: 37.539 GiB, 9.97% gc time)
[2023-01-17T01:48:01.434]Completed Shot 5, state 31
 74.145429 seconds (18.58 M allocations: 71.521 GiB, 6.06% gc time)
[2023-01-17T01:48:02.042]Completed Shot 5, state 29
 48.618826 seconds (9.79 M allocations: 45.195 GiB, 9.24% gc time)
[2023-01-17T01:48:02.168]Completed Shot 5, state 37
9605.743046 seconds (7.33 G allocations: 18.054 TiB, 17.08% gc time)
[2023-01-17T01:48:03.958]Diagonalized H.
9600.914468 seconds (7.32 G allocations: 18.040 TiB, 17.09% gc time)
9567.345461 seconds (7.29 G allocations: 17.971 TiB, 17.07% gc time)
 58.318589 seconds (18.13 M allocations: 68.833 GiB, 7.70% gc time)
[2023-01-17T01:48:07.608]Completed Shot 5, state 7
 69.437309 seconds (21.13 M allocations: 77.786 GiB, 6.47% gc time)
[2023-01-17T01:48:08.124]Completed Shot 5, state 42
9617.895526 seconds (7.34 G allocations: 18.091 TiB, 17.06% gc time)
9593.047247 seconds (7.31 G allocations: 18.019 TiB, 17.10% gc time)
9569.352243 seconds (7.29 G allocations: 17.978 TiB, 17.07% gc time)
9574.923433 seconds (7.30 G allocations: 17.991 TiB, 17.06% gc time)
 70.866438 seconds (24.23 M allocations: 85.696 GiB, 6.34% gc time)
[2023-01-17T01:48:12.537]Completed Shot 5, state 5
9605.792699 seconds (7.32 G allocations: 18.051 TiB, 17.08% gc time)
9585.674198 seconds (7.31 G allocations: 18.017 TiB, 17.04% gc time)
 73.149835 seconds (25.83 M allocations: 90.165 GiB, 6.14% gc time)
[2023-01-17T01:48:14.345]Completed Shot 5, state 44
9585.402014 seconds (7.31 G allocations: 18.015 TiB, 17.04% gc time)
[2023-01-17T01:48:17.135]Diagonalized H.
[2023-01-17T01:48:17.844]Diagonalized H.
9617.577901 seconds (7.34 G allocations: 18.081 TiB, 17.06% gc time)
9547.943346 seconds (7.28 G allocations: 17.947 TiB, 17.03% gc time)
[2023-01-17T01:48:21.736]Diagonalized H.
[2023-01-17T01:48:22.712]Diagonalized H.
[[[[[[2023-01-17T01:48:36.064]Diagonalized H.
2023-01-17T01:48:36.062]Diagonalized H.
[2023-01-17T01:48:36.067]Diagonalized H.
2023-01-17T01:48:36.068]Diagonalized H.
2023-01-17T01:48:36.073]Diagonalized H.
2023-01-17T01:48:36.062]Diagonalized H.
2023-01-17T01:48:36.069]Diagonalized H.
[[2023-01-17T01:48:36.5052023-01-17T01:48:36.508]Diagonalized H.
]Diagonalized H.
107.098684 seconds (19.22 M allocations: 81.828 GiB, 10.71% gc time)
[2023-01-17T01:49:17.051]Completed Shot 5, state 33
107.331965 seconds (17.79 M allocations: 67.534 GiB, 14.27% gc time)
[2023-01-17T01:49:47.391]Completed Shot 5, state 19
152.106821 seconds (15.57 M allocations: 68.124 GiB, 14.51% gc time)
[2023-01-17T01:50:35.341]Completed Shot 5, state 14
150.155899 seconds (8.13 M allocations: 47.547 GiB, 15.50% gc time)
[2023-01-17T01:50:40.890]Completed Shot 5, state 15
158.077359 seconds (12.61 M allocations: 61.197 GiB, 14.95% gc time)
[2023-01-17T01:50:44.261]Completed Shot 5, state 36
160.999321 seconds (10.15 M allocations: 54.162 GiB, 15.09% gc time)
[2023-01-17T01:50:49.544]Completed Shot 5, state 38
9747.798617 seconds (7.31 G allocations: 18.043 TiB, 17.02% gc time)
9795.303018 seconds (7.35 G allocations: 18.153 TiB, 17.01% gc time)
[2023-01-17T01:51:10.943]Diagonalized H.
[2023-01-17T01:51:18.010]Diagonalized H.
213.679893 seconds (16.35 M allocations: 78.110 GiB, 14.40% gc time)
[2023-01-17T01:51:38.612]Completed Shot 5, state 10
9821.100033 seconds (7.34 G allocations: 18.134 TiB, 17.02% gc time)
211.208009 seconds (12.99 M allocations: 68.181 GiB, 14.67% gc time)
[2023-01-17T01:51:39.688]Completed Shot 5, state 9
[2023-01-17T01:51:46.137]Diagonalized H.
9787.257693 seconds (7.31 G allocations: 18.045 TiB, 17.01% gc time)
[2023-01-17T01:51:56.040]Diagonalized H.
224.642781 seconds (9.63 M allocations: 61.355 GiB, 14.25% gc time)
[2023-01-17T01:51:58.452]Completed Shot 5, state 22
220.681894 seconds (6.30 M allocations: 50.617 GiB, 14.68% gc time)
[2023-01-17T01:51:59.838]Completed Shot 5, state 50
228.310152 seconds (9.76 M allocations: 63.006 GiB, 14.32% gc time)
[2023-01-17T01:52:02.153]Completed Shot 5, state 48
9793.201237 seconds (7.30 G allocations: 18.030 TiB, 17.01% gc time)
226.488237 seconds (6.87 M allocations: 54.354 GiB, 14.56% gc time)
[2023-01-17T01:52:04.992]Completed Shot 5, state 23
9815.303390 seconds (7.31 G allocations: 18.061 TiB, 16.98% gc time)
[2023-01-17T01:52:11.680]Diagonalized H.
[2023-01-17T01:52:19.230]Diagonalized H.
261.688147 seconds (11.44 M allocations: 71.041 GiB, 13.99% gc time)
[2023-01-17T01:52:34.010]Completed Shot 5, state 34
264.742173 seconds (8.65 M allocations: 64.398 GiB, 14.16% gc time)
[2023-01-17T01:52:40.834]Completed Shot 5, state 8
9847.409202 seconds (7.31 G allocations: 18.051 TiB, 16.97% gc time)
[2023-01-17T01:52:58.805]Diagonalized H.
120.247986 seconds (5.46 M allocations: 29.901 GiB, 10.76% gc time)
[2023-01-17T01:53:04.517]Completed Shot 5, state 13
9835.792858 seconds (7.29 G allocations: 18.017 TiB, 16.93% gc time)
[2023-01-17T01:53:12.130]Diagonalized H.
136.333315 seconds (5.95 M allocations: 33.119 GiB, 10.93% gc time)
[2023-01-17T01:53:21.002]Completed Shot 5, state 39
9882.537918 seconds (7.31 G allocations: 18.059 TiB, 16.95% gc time)
9865.305151 seconds (7.30 G allocations: 18.037 TiB, 16.91% gc time)
[2023-01-17T01:53:34.390]Diagonalized H.
[2023-01-17T01:53:40.240]Diagonalized H.
9928.353359 seconds (7.33 G allocations: 18.110 TiB, 16.89% gc time)
113.781560 seconds (5.31 M allocations: 28.317 GiB, 10.24% gc time)
[2023-01-17T01:53:56.222]Completed Shot 5, state 27
129.682298 seconds (6.21 M allocations: 34.018 GiB, 9.94% gc time)
[2023-01-17T01:53:56.778]Completed Shot 5, state 46
[2023-01-17T01:54:03.269]Diagonalized H.
144.877209 seconds (7.14 M allocations: 37.200 GiB, 9.60% gc time)
[2023-01-17T01:54:03.995]Completed Shot 5, state 47
115.439057 seconds (5.50 M allocations: 30.263 GiB, 10.17% gc time)
[2023-01-17T01:54:07.524]Completed Shot 5, state 24
9926.673208 seconds (7.31 G allocations: 18.070 TiB, 16.91% gc time)
9935.465013 seconds (7.31 G allocations: 18.073 TiB, 16.90% gc time)
[2023-01-17T01:54:20.315]Diagonalized H.
[2023-01-17T01:54:28.446]Diagonalized H.
118.496870 seconds (5.68 M allocations: 31.008 GiB, 10.45% gc time)
[2023-01-17T01:54:49.914]Completed Shot 5, state 28
9938.265153 seconds (7.29 G allocations: 18.038 TiB, 16.87% gc time)
105.752540 seconds (4.98 M allocations: 27.317 GiB, 10.77% gc time)
[2023-01-17T01:54:50.398]Completed Shot 5, state 12
[2023-01-17T01:54:57.569]Diagonalized H.
9926.080114 seconds (7.27 G allocations: 17.984 TiB, 16.90% gc time)
 99.592387 seconds (4.03 M allocations: 24.593 GiB, 9.82% gc time)
[2023-01-17T01:55:07.698]Completed Shot 5, state 2
9965.636849 seconds (7.30 G allocations: 18.048 TiB, 16.84% gc time)
[2023-01-17T01:55:15.219]Diagonalized H.
107.014691 seconds (4.11 M allocations: 25.100 GiB, 9.62% gc time)
[2023-01-17T01:55:15.537]Completed Shot 5, state 43
[2023-01-17T01:55:23.497]Diagonalized H.
10004.858753 seconds (7.32 G allocations: 18.098 TiB, 16.85% gc time)
 91.622314 seconds (4.04 M allocations: 24.720 GiB, 9.35% gc time)
[2023-01-17T01:55:26.538]Completed Shot 5, state 40
 78.477923 seconds (3.24 M allocations: 20.532 GiB, 8.75% gc time)
[2023-01-17T01:55:30.952]Completed Shot 5, state 26
 71.409311 seconds (3.07 M allocations: 19.766 GiB, 8.88% gc time)
[2023-01-17T01:55:31.304]Completed Shot 5, state 20
[2023-01-17T01:55:40.174]Diagonalized H.
 50.375545 seconds (2.98 M allocations: 16.011 GiB, 4.50% gc time)
[2023-01-17T01:55:40.351]Completed Shot 5, state 32
9990.690147 seconds (7.30 G allocations: 18.057 TiB, 16.80% gc time)
9988.061141 seconds (7.29 G allocations: 18.046 TiB, 16.81% gc time)
 34.650180 seconds (2.65 M allocations: 14.529 GiB, 2.37% gc time)
[2023-01-17T01:55:49.849]Completed Shot 5, state 1
10031.752629 seconds (7.32 G allocations: 18.114 TiB, 16.80% gc time)
[2023-01-17T01:55:51.589]Diagonalized H.
 44.868500 seconds (2.97 M allocations: 16.211 GiB, 2.47% gc time)
[2023-01-17T01:55:52.101]Completed Shot 5, state 25
[2023-01-17T01:55:52.243]Diagonalized H.
9990.563503 seconds (7.28 G allocations: 18.026 TiB, 16.80% gc time)
9997.989827 seconds (7.29 G allocations: 18.038 TiB, 16.79% gc time)
 38.491299 seconds (2.65 M allocations: 15.738 GiB)
[2023-01-17T01:56:04.643]Completed Shot 5, state 41
[2023-01-17T01:56:05.187]Diagonalized H.
[2023-01-17T01:56:09.511]Diagonalized H.
[2023-01-17T01:56:10.133]Diagonalized H.
 27.102248 seconds (785.34 k allocations: 12.765 GiB)
[2023-01-17T01:56:12.131]Completed Shot 5, state 18
 35.005032 seconds (1.25 M allocations: 16.198 GiB)
[2023-01-17T01:56:15.585]Completed Shot 5, state 30
 47.948177 seconds (673.85 k allocations: 14.043 GiB)
[2023-01-17T01:56:37.882]Completed Shot 5, state 45
 36.676276 seconds (233.10 k allocations: 8.438 GiB)
[2023-01-17T01:56:38.826]Completed Shot 5, state 17
 38.702009 seconds (279.04 k allocations: 8.867 GiB)
[2023-01-17T01:56:39.122]Completed Shot 5, state 49
[2023-01-17T01:56:39.123]**********Simulation completed!**********
[2023-01-17T01:56:39.123]**********Saving**********
[2023-01-17T01:56:42.957]Saving file: /gpfs/bwfor/work/ws/hd_ku269-logs/LightCones/2023-01-15/512540_N11_BS.jld2
[2023-01-17T01:56:44.433]**********Run completed!**********
============================= JOB FEEDBACK =============================
Job ID: 512540
Cluster: helix
User/Group: hd_ku269/hd_hd
State: COMPLETED (exit code 0)
Nodes: 1
Cores per node: 64
CPU Utilized: 68-01:16:48
CPU Efficiency: 87.98% of 77-08:30:56 core-walltime
Job Wall-clock time: 1-05:00:29
Memory Utilized: 157.76 GB
Memory Efficiency: 66.85% of 236.00 GB
