  Activating project at `/lustre/work/ws/ws1/hd_ku269-light_cones/LightCones`
Added MKL.jl
     Project LightCones v0.1.0
      Status `/lustre/work/ws/ws1/hd_ku269-light_cones/LightCones/Project.toml`
  [7d9fca2a] Arpack v0.5.3
  [7073ff75] IJulia v1.23.3
  [033835bb] JLD2 v0.4.22
  [0b1a1467] KrylovKit v0.5.4
  [d3d80556] LineSearches v7.1.1
  [33e6dc65] MKL v0.5.0
  [429524aa] Optim v1.7.0
  [91a5bcdd] Plots v1.31.1
  [c3e4b0f8] Pluto v0.19.9
  [3c0b384b] QuantumInformation v0.4.9
  [189a3867] Reexport v1.2.2
  [295af30f] Revise v3.3.3
  [ebcc8a00] SpinSymmetry v0.3.3
  [59d54670] ThreadedSparseArrays v0.2.2
  [ade2ca70] Dates
  [8ba89e20] Distributed
  [37e2e46d] LinearAlgebra
  [de0858da] Printf
  [9a3f8284] Random
  [1a1011a3] SharedArrays
  [2f01184e] SparseArrays
  [10745b16] Statistics
[2022-07-19T19:39:04.072]**********RANDOM FIELDS**********
shared_krylov.jl
Working Directory:          /lustre/work/ws/ws1/hd_ku269-light_cones/LightCones
SLURM Directory:            /lustre/work/ws/ws1/hd_ku269-light_cones/LightCones 
Running on host:            n0326
Job id:                     6286618
Job name:                   otoc_simulation_N15_BS_sector
Number of nodes allocated:  
Number of cores allocated:  1
#threads of Julia:          96
#threads of BLAS:           1
ARGS = ["15", "1", "100", "BS", "z", "0"]
LOCATION = "/lustre/work/ws/ws1/hd_ku269-logs/LightCones/2022-07-19"
N = 15
SHOTS = 1
MULT_RANDOM_STATES = true
N_RANDOM_STATES = 100
TYPE_OF_RS = "BS"
OBSERVABLE = "z"
DISORDER_PARAM = 0.0
[2022-07-19T19:39:04.264]**********Running simulation**********
[2022-07-19T19:39:04.375]trange = 0.0:0.1:5.0
test
1337.698461 seconds (1.33 G allocations: 5.829 TiB, 31.91% gc time, 0.90% compilation time)
[2022-07-19T20:01:27.501]Completed Shot 1, state 29
1340.448852 seconds (1.33 G allocations: 5.845 TiB, 31.88% gc time, 0.89% compilation time)
[2022-07-19T20:01:30.285]Completed Shot 1, state 80
1330.170794 seconds (1.30 G allocations: 5.844 TiB, 32.09% gc time, 0.11% compilation time)
[2022-07-19T20:01:30.457]Completed Shot 1, state 83
1340.858311 seconds (1.33 G allocations: 5.846 TiB, 31.88% gc time, 0.90% compilation time)
[2022-07-19T20:01:30.607]Completed Shot 1, state 9
1330.349366 seconds (1.30 G allocations: 5.845 TiB, 32.08% gc time, 0.11% compilation time)
[2022-07-19T20:01:30.652]Completed Shot 1, state 49
1341.009293 seconds (1.33 G allocations: 5.848 TiB, 31.87% gc time, 0.90% compilation time)
[2022-07-19T20:01:30.758]Completed Shot 1, state 85
1341.062311 seconds (1.33 G allocations: 5.848 TiB, 31.87% gc time, 0.90% compilation time)
[2022-07-19T20:01:30.811]Completed Shot 1, state 59
1341.113441 seconds (1.33 G allocations: 5.848 TiB, 31.87% gc time, 0.90% compilation time)
[2022-07-19T20:01:30.863]Completed Shot 1, state 81
1330.627320 seconds (1.30 G allocations: 5.847 TiB, 32.08% gc time, 0.10% compilation time)
[2022-07-19T20:01:31.136]Completed Shot 1, state 52
1331.110349 seconds (1.31 G allocations: 5.849 TiB, 32.07% gc time, 0.13% compilation time)
[2022-07-19T20:01:31.235]Completed Shot 1, state 66
1331.284626 seconds (1.31 G allocations: 5.851 TiB, 32.06% gc time, 0.12% compilation time)
[2022-07-19T20:01:31.442]Completed Shot 1, state 46
1341.740019 seconds (1.33 G allocations: 5.852 TiB, 31.86% gc time, 0.90% compilation time)
[2022-07-19T20:01:31.489]Completed Shot 1, state 13
1331.509491 seconds (1.31 G allocations: 5.851 TiB, 32.06% gc time, 0.13% compilation time)
[2022-07-19T20:01:31.621]Completed Shot 1, state 56
1341.841692 seconds (1.33 G allocations: 5.853 TiB, 31.87% gc time, 0.89% compilation time)
[2022-07-19T20:01:31.666]Completed Shot 1, state 25
1341.966971 seconds (1.33 G allocations: 5.853 TiB, 31.86% gc time, 0.90% compilation time)
[2022-07-19T20:01:31.716]Completed Shot 1, state 72
1342.055709 seconds (1.33 G allocations: 5.854 TiB, 31.86% gc time, 0.90% compilation time)
[2022-07-19T20:01:31.814]Completed Shot 1, state 54
1331.703055 seconds (1.31 G allocations: 5.853 TiB, 32.06% gc time, 0.13% compilation time)
[2022-07-19T20:01:31.814]Completed Shot 1, state 99
1331.582637 seconds (1.31 G allocations: 5.853 TiB, 32.06% gc time, 0.11% compilation time)
[2022-07-19T20:01:31.865]Completed Shot 1, state 78
1331.740490 seconds (1.31 G allocations: 5.853 TiB, 32.06% gc time, 0.13% compilation time)
[2022-07-19T20:01:31.866]Completed Shot 1, state 88
1331.628811 seconds (1.31 G allocations: 5.853 TiB, 32.06% gc time, 0.12% compilation time)
[2022-07-19T20:01:31.869]Completed Shot 1, state 24
1342.206975 seconds (1.33 G allocations: 5.855 TiB, 31.86% gc time, 0.90% compilation time)
[2022-07-19T20:01:31.965]Completed Shot 1, state 50
1331.914937 seconds (1.31 G allocations: 5.854 TiB, 32.05% gc time, 0.13% compilation time)
[2022-07-19T20:01:32.027]Completed Shot 1, state 45
1342.271630 seconds (1.33 G allocations: 5.855 TiB, 31.85% gc time, 0.90% compilation time)
[2022-07-19T20:01:32.029]Completed Shot 1, state 47
1342.313240 seconds (1.33 G allocations: 5.856 TiB, 31.85% gc time, 0.90% compilation time)
[2022-07-19T20:01:32.071]Completed Shot 1, state 12
1331.769845 seconds (1.31 G allocations: 5.854 TiB, 32.06% gc time, 0.11% compilation time)
[2022-07-19T20:01:32.072]Completed Shot 1, state 75
1342.326028 seconds (1.33 G allocations: 5.856 TiB, 31.85% gc time, 0.90% compilation time)
[2022-07-19T20:01:32.075]Completed Shot 1, state 77
1342.372887 seconds (1.33 G allocations: 5.856 TiB, 31.85% gc time, 0.90% compilation time)
[2022-07-19T20:01:32.122]Completed Shot 1, state 93
1331.883364 seconds (1.31 G allocations: 5.854 TiB, 32.05% gc time, 0.12% compilation time)
[2022-07-19T20:01:32.124]Completed Shot 1, state 62
1342.440568 seconds (1.33 G allocations: 5.856 TiB, 31.86% gc time, 0.89% compilation time)
[2022-07-19T20:01:32.251]Completed Shot 1, state 70
1342.470180 seconds (1.33 G allocations: 5.856 TiB, 31.86% gc time, 0.89% compilation time)
[2022-07-19T20:01:32.254]Completed Shot 1, state 40
1332.059291 seconds (1.31 G allocations: 5.855 TiB, 32.06% gc time, 0.12% compilation time)
[2022-07-19T20:01:32.302]Completed Shot 1, state 35
1342.604982 seconds (1.33 G allocations: 5.857 TiB, 31.85% gc time, 0.90% compilation time)
[2022-07-19T20:01:32.354]Completed Shot 1, state 5
1332.273342 seconds (1.31 G allocations: 5.856 TiB, 32.05% gc time, 0.13% compilation time)
[2022-07-19T20:01:32.398]Completed Shot 1, state 86
1342.643700 seconds (1.33 G allocations: 5.857 TiB, 31.85% gc time, 0.90% compilation time)
[2022-07-19T20:01:32.402]Completed Shot 1, state 90
1342.507440 seconds (1.33 G allocations: 5.858 TiB, 31.86% gc time, 0.89% compilation time)
[2022-07-19T20:01:32.413]Completed Shot 1, state 18
1342.702300 seconds (1.33 G allocations: 5.858 TiB, 31.85% gc time, 0.90% compilation time)
[2022-07-19T20:01:32.451]Completed Shot 1, state 87
1332.230600 seconds (1.31 G allocations: 5.856 TiB, 32.05% gc time, 0.12% compilation time)
[2022-07-19T20:01:32.469]Completed Shot 1, state 36
1332.147108 seconds (1.31 G allocations: 5.856 TiB, 32.05% gc time, 0.11% compilation time)
[2022-07-19T20:01:32.507]Completed Shot 1, state 16
1332.212054 seconds (1.31 G allocations: 5.857 TiB, 32.05% gc time, 0.11% compilation time)
[2022-07-19T20:01:32.519]Completed Shot 1, state 34
1332.407482 seconds (1.31 G allocations: 5.857 TiB, 32.05% gc time, 0.13% compilation time)
[2022-07-19T20:01:32.519]Completed Shot 1, state 11
1332.393788 seconds (1.31 G allocations: 5.857 TiB, 32.05% gc time, 0.13% compilation time)
[2022-07-19T20:01:32.520]Completed Shot 1, state 14
1332.249863 seconds (1.31 G allocations: 5.857 TiB, 32.05% gc time, 0.11% compilation time)
[2022-07-19T20:01:32.533]Completed Shot 1, state 55
1343.220219 seconds (1.33 G allocations: 5.859 TiB, 31.87% gc time, 0.90% compilation time)
[2022-07-19T20:01:32.978]Completed Shot 1, state 82
1343.073562 seconds (1.33 G allocations: 5.859 TiB, 31.87% gc time, 0.89% compilation time)
[2022-07-19T20:01:32.979]Completed Shot 1, state 58
1332.796801 seconds (1.31 G allocations: 5.857 TiB, 32.07% gc time, 0.12% compilation time)
[2022-07-19T20:01:32.993]Completed Shot 1, state 19
1343.232288 seconds (1.33 G allocations: 5.859 TiB, 31.87% gc time, 0.89% compilation time)
[2022-07-19T20:01:33.043]Completed Shot 1, state 17
1343.347654 seconds (1.33 G allocations: 5.860 TiB, 31.87% gc time, 0.90% compilation time)
[2022-07-19T20:01:33.106]Completed Shot 1, state 27
1343.427926 seconds (1.33 G allocations: 5.860 TiB, 31.86% gc time, 0.90% compilation time)
[2022-07-19T20:01:33.177]Completed Shot 1, state 74
1332.753539 seconds (1.30 G allocations: 5.858 TiB, 32.07% gc time, 0.10% compilation time)
[2022-07-19T20:01:33.256]Completed Shot 1, state 95
1343.546483 seconds (1.33 G allocations: 5.861 TiB, 31.86% gc time, 0.90% compilation time)
[2022-07-19T20:01:33.304]Completed Shot 1, state 30
1343.546430 seconds (1.33 G allocations: 5.861 TiB, 31.86% gc time, 0.90% compilation time)
[2022-07-19T20:01:33.304]Completed Shot 1, state 37
1343.564100 seconds (1.34 G allocations: 5.861 TiB, 31.86% gc time, 0.90% compilation time)
[2022-07-19T20:01:33.322]Completed Shot 1, state 32
1333.030224 seconds (1.31 G allocations: 5.859 TiB, 32.06% gc time, 0.11% compilation time)
[2022-07-19T20:01:33.322]Completed Shot 1, state 64
1343.420205 seconds (1.33 G allocations: 5.861 TiB, 31.87% gc time, 0.88% compilation time)
[2022-07-19T20:01:33.326]Completed Shot 1, state 20
1343.654714 seconds (1.34 G allocations: 5.861 TiB, 31.86% gc time, 0.90% compilation time)
[2022-07-19T20:01:33.404]Completed Shot 1, state 43
1343.498362 seconds (1.33 G allocations: 5.861 TiB, 31.86% gc time, 0.88% compilation time)
[2022-07-19T20:01:33.404]Completed Shot 1, state 57
1333.303159 seconds (1.31 G allocations: 5.860 TiB, 32.06% gc time, 0.13% compilation time)
[2022-07-19T20:01:33.414]Completed Shot 1, state 1
1343.643977 seconds (1.34 G allocations: 5.862 TiB, 31.86% gc time, 0.89% compilation time)
[2022-07-19T20:01:33.479]Completed Shot 1, state 22
1333.327595 seconds (1.31 G allocations: 5.861 TiB, 32.06% gc time, 0.12% compilation time)
[2022-07-19T20:01:33.524]Completed Shot 1, state 51
1332.960765 seconds (1.30 G allocations: 5.860 TiB, 32.07% gc time, 0.09% compilation time)
[2022-07-19T20:01:33.557]Completed Shot 1, state 42
1333.330119 seconds (1.31 G allocations: 5.861 TiB, 32.06% gc time, 0.12% compilation time)
[2022-07-19T20:01:33.570]Completed Shot 1, state 41
1343.729982 seconds (1.34 G allocations: 5.863 TiB, 31.86% gc time, 0.88% compilation time)
[2022-07-19T20:01:33.636]Completed Shot 1, state 100
1333.418408 seconds (1.31 G allocations: 5.861 TiB, 32.06% gc time, 0.12% compilation time)
[2022-07-19T20:01:33.657]Completed Shot 1, state 68
1333.337859 seconds (1.31 G allocations: 5.861 TiB, 32.06% gc time, 0.11% compilation time)
[2022-07-19T20:01:33.720]Completed Shot 1, state 69
1344.032130 seconds (1.34 G allocations: 5.863 TiB, 31.85% gc time, 0.90% compilation time)
[2022-07-19T20:01:33.781]Completed Shot 1, state 76
1344.113735 seconds (1.34 G allocations: 5.864 TiB, 31.85% gc time, 0.90% compilation time)
[2022-07-19T20:01:33.872]Completed Shot 1, state 48
1333.569386 seconds (1.31 G allocations: 5.862 TiB, 32.05% gc time, 0.11% compilation time)
1333.505625 seconds (1.31 G allocations: 5.862 TiB, 32.05% gc time, 0.11% compilation time)
[2022-07-19T20:01:33.875]Completed Shot 1, state 94
[2022-07-19T20:01:33.875]Completed Shot 1, state 98
1333.300614 seconds (1.30 G allocations: 5.861 TiB, 32.06% gc time, 0.09% compilation time)
[2022-07-19T20:01:33.897]Completed Shot 1, state 67
1344.219454 seconds (1.34 G allocations: 5.864 TiB, 31.85% gc time, 0.89% compilation time)
[2022-07-19T20:01:34.003]Completed Shot 1, state 84
1333.798133 seconds (1.31 G allocations: 5.863 TiB, 32.05% gc time, 0.11% compilation time)
1333.788852 seconds (1.31 G allocations: 5.863 TiB, 32.05% gc time, 0.11% compilation time)
[2022-07-19T20:01:34.079]Completed Shot 1, state 44
[2022-07-19T20:01:34.079]Completed Shot 1, state 96
1344.410555 seconds (1.34 G allocations: 5.865 TiB, 31.84% gc time, 0.90% compilation time)
1333.868856 seconds (1.31 G allocations: 5.863 TiB, 32.04% gc time, 0.11% compilation time)
[[2022-07-19T20:01:34.159]Completed Shot 1, state 63
2022-07-19T20:01:34.159]Completed Shot 1, state 28
1333.675806 seconds (1.31 G allocations: 5.863 TiB, 32.05% gc time, 0.10% compilation time)
[2022-07-19T20:01:34.182]Completed Shot 1, state 10
1334.093042 seconds (1.32 G allocations: 5.864 TiB, 32.04% gc time, 0.13% compilation time)
[2022-07-19T20:01:34.205]Completed Shot 1, state 92
1333.700536 seconds (1.31 G allocations: 5.863 TiB, 32.05% gc time, 0.10% compilation time)
[2022-07-19T20:01:34.208]Completed Shot 1, state 79
1344.687813 seconds (1.34 G allocations: 5.866 TiB, 31.84% gc time, 0.89% compilation time)
[2022-07-19T20:01:34.446]Completed Shot 1, state 3
1344.711458 seconds (1.34 G allocations: 5.866 TiB, 31.83% gc time, 0.90% compilation time)
[2022-07-19T20:01:34.460]Completed Shot 1, state 91
1344.712527 seconds (1.34 G allocations: 5.866 TiB, 31.83% gc time, 0.89% compilation time)
[2022-07-19T20:01:34.470]Completed Shot 1, state 39
1345.173666 seconds (1.34 G allocations: 5.869 TiB, 31.82% gc time, 0.89% compilation time)
1345.172775 seconds (1.34 G allocations: 5.869 TiB, 31.82% gc time, 0.89% compilation time)
[2022-07-19T20:01:35.009]Completed Shot 1, state 73
[2022-07-19T20:01:35.009]Completed Shot 1, state 97
1340.713586 seconds (1.32 G allocations: 5.892 TiB, 31.88% gc time, 0.12% compilation time)
[2022-07-19T20:01:40.909]Completed Shot 1, state 71
1342.120962 seconds (1.32 G allocations: 5.896 TiB, 31.85% gc time, 0.11% compilation time)
[2022-07-19T20:01:42.425]Completed Shot 1, state 60
1387.318449 seconds (1.37 G allocations: 6.038 TiB, 31.25% gc time, 0.87% compilation time)
[2022-07-19T20:02:17.068]Completed Shot 1, state 33
1377.109876 seconds (1.35 G allocations: 6.038 TiB, 31.43% gc time, 0.11% compilation time)
[2022-07-19T20:02:17.396]Completed Shot 1, state 53
1377.658562 seconds (1.35 G allocations: 6.040 TiB, 31.42% gc time, 0.12% compilation time)
[2022-07-19T20:02:17.770]Completed Shot 1, state 21
1377.219584 seconds (1.34 G allocations: 6.039 TiB, 31.43% gc time, 0.09% compilation time)
[2022-07-19T20:02:17.784]Completed Shot 1, state 89
1377.741604 seconds (1.35 G allocations: 6.040 TiB, 31.42% gc time, 0.12% compilation time)
[2022-07-19T20:02:17.867]Completed Shot 1, state 7
1388.204178 seconds (1.38 G allocations: 6.042 TiB, 31.23% gc time, 0.87% compilation time)
[2022-07-19T20:02:17.953]Completed Shot 1, state 61
1377.732698 seconds (1.35 G allocations: 6.041 TiB, 31.42% gc time, 0.10% compilation time)
[2022-07-19T20:02:18.116]Completed Shot 1, state 31
1388.381082 seconds (1.38 G allocations: 6.043 TiB, 31.23% gc time, 0.87% compilation time)
[2022-07-19T20:02:18.139]Completed Shot 1, state 38
1388.409561 seconds (1.38 G allocations: 6.043 TiB, 31.22% gc time, 0.87% compilation time)
[2022-07-19T20:02:18.158]Completed Shot 1, state 23
1378.067906 seconds (1.35 G allocations: 6.042 TiB, 31.41% gc time, 0.12% compilation time)
[2022-07-19T20:02:18.192]Completed Shot 1, state 15
 45.959179 seconds (43.27 M allocations: 191.431 GiB, 12.77% gc time)
[2022-07-19T20:02:18.313]Completed Shot 1, state 6
1378.048140 seconds (1.35 G allocations: 6.042 TiB, 31.41% gc time, 0.11% compilation time)
[2022-07-19T20:02:18.356]Completed Shot 1, state 65
1388.713361 seconds (1.38 G allocations: 6.044 TiB, 31.22% gc time, 0.87% compilation time)
[2022-07-19T20:02:18.462]Completed Shot 1, state 26
 45.850368 seconds (41.33 M allocations: 190.528 GiB, 11.88% gc time)
[2022-07-19T20:02:19.265]Completed Shot 1, state 2
 45.504715 seconds (38.91 M allocations: 187.081 GiB, 11.97% gc time)
[2022-07-19T20:02:19.950]Completed Shot 1, state 4
 32.949460 seconds (14.25 M allocations: 65.950 GiB, 6.62% gc time)
[2022-07-19T20:02:50.817]Completed Shot 1, state 8
[2022-07-19T20:02:50.817]**********Simulation completed!**********
[2022-07-19T20:02:50.818]**********Saving**********
[2022-07-19T20:02:51.288]Saving file: /lustre/work/ws/ws1/hd_ku269-logs/LightCones/2022-07-19/6286618_N15_BS.jld2
[2022-07-19T20:02:54.359]**********Run completed!**********
