  Activating project at `/lustre/work/ws/ws1/hd_ku269-light_cones/LightCones`
Added MKL.jl
     Project LightCones v0.1.0
      Status `/lustre/work/ws/ws1/hd_ku269-light_cones/LightCones/Project.toml`
  [7d9fca2a] Arpack v0.5.3
  [7073ff75] IJulia v1.23.3
  [033835bb] JLD2 v0.4.22
  [0b1a1467] KrylovKit v0.5.4
  [d3d80556] LineSearches v7.1.1
  [33e6dc65] MKL v0.5.0
  [429524aa] Optim v1.7.0
  [91a5bcdd] Plots v1.31.1
  [c3e4b0f8] Pluto v0.19.9
  [3c0b384b] QuantumInformation v0.4.9
  [189a3867] Reexport v1.2.2
  [295af30f] Revise v3.3.3
  [ebcc8a00] SpinSymmetry v0.3.3
  [59d54670] ThreadedSparseArrays v0.2.2
  [ade2ca70] Dates
  [8ba89e20] Distributed
  [37e2e46d] LinearAlgebra
  [de0858da] Printf
  [9a3f8284] Random
  [1a1011a3] SharedArrays
  [2f01184e] SparseArrays
  [10745b16] Statistics
[2022-07-22T07:33:24.118]**********RANDOM FIELDS**********
shared_krylov.jl
Working Directory:          /lustre/work/ws/ws1/hd_ku269-light_cones/LightCones
SLURM Directory:            /lustre/work/ws/ws1/hd_ku269-light_cones/LightCones 
Running on host:            n1809
Job id:                     6309370
Job name:                   otoc_simulation_N19_BS_sector
Number of nodes allocated:  
Number of cores allocated:  1
#threads of Julia:          96
#threads of BLAS:           1
ARGS = ["19", "1", "100", "BS", "z", "0"]
LOCATION = "/lustre/work/ws/ws1/hd_ku269-logs/LightCones/2022-07-22"
N = 19
SHOTS = 1
MULT_RANDOM_STATES = true
N_RANDOM_STATES = 100
TYPE_OF_RS = "BS"
OBSERVABLE = "z"
DISORDER_PARAM = 0.0
[2022-07-22T07:33:24.324]**********Running simulation**********
[2022-07-22T07:33:24.449]trange = 0.0:0.1:5.0
test
77139.088658 seconds (4.64 G allocations: 96.781 TiB, 6.95% gc time, 0.01% compilation time)
[2022-07-23T04:59:54.139]Completed Shot 1, state 20
77261.094628 seconds (4.68 G allocations: 96.917 TiB, 6.95% gc time, 0.02% compilation time)
[2022-07-23T05:01:44.764]Completed Shot 1, state 57
77269.379252 seconds (4.68 G allocations: 96.927 TiB, 6.96% gc time, 0.02% compilation time)
[2022-07-23T05:01:53.053]Completed Shot 1, state 86
77428.559253 seconds (4.68 G allocations: 97.121 TiB, 6.96% gc time, 0.02% compilation time)
[2022-07-23T05:04:32.307]Completed Shot 1, state 22
77442.533984 seconds (4.65 G allocations: 97.148 TiB, 6.96% gc time, 0.01% compilation time)
[2022-07-23T05:04:57.211]Completed Shot 1, state 42
77636.052430 seconds (4.69 G allocations: 97.373 TiB, 6.96% gc time, 0.02% compilation time)
[2022-07-23T05:07:59.717]Completed Shot 1, state 66
77767.521212 seconds (4.69 G allocations: 97.531 TiB, 6.97% gc time, 0.02% compilation time)
[2022-07-23T05:10:11.146]Completed Shot 1, state 91
77830.694700 seconds (4.66 G allocations: 97.617 TiB, 6.97% gc time, 0.01% compilation time)
[2022-07-23T05:11:25.428]Completed Shot 1, state 1
77889.503647 seconds (4.69 G allocations: 97.675 TiB, 6.99% gc time, 0.01% compilation time)
[2022-07-23T05:12:24.305]Completed Shot 1, state 98
78000.775246 seconds (4.73 G allocations: 97.800 TiB, 6.99% gc time, 0.02% compilation time)
[2022-07-23T05:14:04.400]Completed Shot 1, state 89
78145.906413 seconds (4.73 G allocations: 97.974 TiB, 6.99% gc time, 0.02% compilation time)
[2022-07-23T05:16:29.577]Completed Shot 1, state 10
78274.564539 seconds (4.69 G allocations: 98.138 TiB, 7.00% gc time, 0.01% compilation time)
[2022-07-23T05:18:49.507]Completed Shot 1, state 87
78364.193740 seconds (4.71 G allocations: 98.247 TiB, 7.00% gc time, 0.01% compilation time)
[2022-07-23T05:20:18.580]Completed Shot 1, state 23
78538.936568 seconds (4.74 G allocations: 98.445 TiB, 7.00% gc time, 0.02% compilation time)
[2022-07-23T05:23:02.604]Completed Shot 1, state 3
78619.005005 seconds (4.75 G allocations: 98.548 TiB, 7.02% gc time, 0.01% compilation time)
[2022-07-23T05:24:33.361]Completed Shot 1, state 96
78632.493751 seconds (4.77 G allocations: 98.553 TiB, 7.02% gc time, 0.02% compilation time)
[2022-07-23T05:24:36.220]Completed Shot 1, state 30
78622.719401 seconds (4.74 G allocations: 98.551 TiB, 7.02% gc time, 0.01% compilation time)
[2022-07-23T05:24:37.392]Completed Shot 1, state 80
78732.123447 seconds (4.77 G allocations: 98.672 TiB, 7.02% gc time, 0.02% compilation time)
[2022-07-23T05:26:15.757]Completed Shot 1, state 72
79136.260844 seconds (4.78 G allocations: 99.151 TiB, 7.03% gc time, 0.02% compilation time)
[2022-07-23T05:32:59.886]Completed Shot 1, state 26
79140.028551 seconds (4.78 G allocations: 99.155 TiB, 7.03% gc time, 0.02% compilation time)
[2022-07-23T05:33:03.702]Completed Shot 1, state 12
79155.780696 seconds (4.78 G allocations: 99.174 TiB, 7.03% gc time, 0.02% compilation time)
[2022-07-23T05:33:19.405]Completed Shot 1, state 82
80686.810895 seconds (4.81 G allocations: 101.007 TiB, 7.06% gc time, 0.02% compilation time)
[2022-07-23T05:58:50.477]Completed Shot 1, state 40
80844.837566 seconds (4.81 G allocations: 101.198 TiB, 7.06% gc time, 0.02% compilation time)
[2022-07-23T06:01:28.462]Completed Shot 1, state 84
80950.716464 seconds (4.82 G allocations: 101.326 TiB, 7.06% gc time, 0.02% compilation time)
[2022-07-23T06:03:14.341]Completed Shot 1, state 7
80978.366759 seconds (4.85 G allocations: 101.355 TiB, 7.07% gc time, 0.02% compilation time)
[2022-07-23T06:03:42.036]Completed Shot 1, state 24
81705.236356 seconds (4.83 G allocations: 102.259 TiB, 7.09% gc time, 0.01% compilation time)
[2022-07-23T06:15:59.920]Completed Shot 1, state 61
82628.317683 seconds (4.88 G allocations: 103.383 TiB, 7.11% gc time, 0.02% compilation time)
[2022-07-23T06:31:11.997]Completed Shot 1, state 54
83229.207845 seconds (4.89 G allocations: 104.091 TiB, 7.12% gc time, 0.02% compilation time)
[2022-07-23T06:41:12.880]Completed Shot 1, state 38
85602.297540 seconds (4.94 G allocations: 106.987 TiB, 7.17% gc time, 0.02% compilation time)
[2022-07-23T07:20:45.971]Completed Shot 1, state 71
85879.363050 seconds (4.94 G allocations: 107.324 TiB, 7.18% gc time, 0.02% compilation time)
[2022-07-23T07:25:22.997]Completed Shot 1, state 65
87191.406147 seconds (4.97 G allocations: 108.931 TiB, 7.19% gc time, 0.02% compilation time)
[2022-07-23T07:47:15.364]Completed Shot 1, state 41
88162.352052 seconds (4.98 G allocations: 110.119 TiB, 7.21% gc time, 0.02% compilation time)
[2022-07-23T08:03:25.977]Completed Shot 1, state 46
88649.524725 seconds (4.99 G allocations: 110.721 TiB, 7.21% gc time, 0.02% compilation time)
[2022-07-23T08:11:33.198]Completed Shot 1, state 18
89062.461350 seconds (4.96 G allocations: 111.237 TiB, 7.22% gc time, 0.01% compilation time)
[2022-07-23T08:18:37.408]Completed Shot 1, state 29
89630.589823 seconds (5.01 G allocations: 111.921 TiB, 7.23% gc time, 0.02% compilation time)
[2022-07-23T08:27:54.259]Completed Shot 1, state 58
89779.962204 seconds (5.01 G allocations: 112.105 TiB, 7.23% gc time, 0.02% compilation time)
[2022-07-23T08:30:23.710]Completed Shot 1, state 13
90705.889240 seconds (5.03 G allocations: 113.253 TiB, 7.24% gc time, 0.02% compilation time)
[2022-07-23T08:45:49.514]Completed Shot 1, state 94
90704.799530 seconds (5.01 G allocations: 113.263 TiB, 7.24% gc time, 0.01% compilation time)
[2022-07-23T08:45:59.110]Completed Shot 1, state 85
91907.353666 seconds (5.00 G allocations: 114.711 TiB, 7.25% gc time, 0.01% compilation time)
[2022-07-23T09:06:02.711]Completed Shot 1, state 37
92220.273872 seconds (5.03 G allocations: 115.099 TiB, 7.26% gc time, 0.01% compilation time)
[2022-07-23T09:11:14.851]Completed Shot 1, state 92
92583.946144 seconds (5.07 G allocations: 115.534 TiB, 7.26% gc time, 0.02% compilation time)
[2022-07-23T09:17:07.580]Completed Shot 1, state 78
92705.656668 seconds (5.03 G allocations: 115.691 TiB, 7.26% gc time, 0.01% compilation time)
[2022-07-23T09:19:20.461]Completed Shot 1, state 81
92871.466877 seconds (5.05 G allocations: 115.894 TiB, 7.26% gc time, 0.01% compilation time)
[2022-07-23T09:22:05.879]Completed Shot 1, state 99
93268.421542 seconds (5.08 G allocations: 116.356 TiB, 7.26% gc time, 0.02% compilation time)
[2022-07-23T09:28:32.055]Completed Shot 1, state 79
93268.383358 seconds (5.06 G allocations: 116.368 TiB, 7.26% gc time, 0.01% compilation time)
[2022-07-23T09:28:42.668]Completed Shot 1, state 64
93530.722463 seconds (5.03 G allocations: 116.678 TiB, 7.27% gc time, 0.01% compilation time)
[2022-07-23T09:33:06.136]Completed Shot 1, state 90
94169.051463 seconds (5.06 G allocations: 117.449 TiB, 7.27% gc time, 0.01% compilation time)
[2022-07-23T09:43:43.992]Completed Shot 1, state 95
94199.467777 seconds (5.06 G allocations: 117.486 TiB, 7.27% gc time, 0.01% compilation time)
[2022-07-23T09:44:14.410]Completed Shot 1, state 48
94414.571734 seconds (5.07 G allocations: 117.746 TiB, 7.27% gc time, 0.01% compilation time)
[2022-07-23T09:47:48.957]Completed Shot 1, state 11
94521.745198 seconds (5.07 G allocations: 117.874 TiB, 7.27% gc time, 0.01% compilation time)
[2022-07-23T09:49:36.429]Completed Shot 1, state 16
95032.972647 seconds (5.11 G allocations: 118.477 TiB, 7.28% gc time, 0.02% compilation time)
[2022-07-23T09:57:56.598]Completed Shot 1, state 100
95045.815209 seconds (5.11 G allocations: 118.493 TiB, 7.28% gc time, 0.02% compilation time)
[2022-07-23T09:58:09.449]Completed Shot 1, state 5
95228.638608 seconds (5.11 G allocations: 118.722 TiB, 7.29% gc time, 0.01% compilation time)
[2022-07-23T10:01:23.583]Completed Shot 1, state 43
95311.065925 seconds (5.15 G allocations: 118.815 TiB, 7.29% gc time, 0.02% compilation time)
[2022-07-23T10:02:34.690]Completed Shot 1, state 17
95529.721203 seconds (5.12 G allocations: 119.094 TiB, 7.29% gc time, 0.01% compilation time)
[2022-07-23T10:06:24.521]Completed Shot 1, state 60
95816.788003 seconds (5.16 G allocations: 119.438 TiB, 7.29% gc time, 0.02% compilation time)
[2022-07-23T10:11:00.413]Completed Shot 1, state 34
95872.129846 seconds (5.16 G allocations: 119.506 TiB, 7.29% gc time, 0.02% compilation time)
[2022-07-23T10:11:55.804]Completed Shot 1, state 49
95911.598050 seconds (5.11 G allocations: 119.563 TiB, 7.29% gc time, 0.01% compilation time)
[2022-07-23T10:12:47.005]Completed Shot 1, state 77
95945.715716 seconds (5.14 G allocations: 119.608 TiB, 7.29% gc time, 0.01% compilation time)
[2022-07-23T10:13:20.044]Completed Shot 1, state 62
96057.199645 seconds (5.14 G allocations: 119.747 TiB, 7.30% gc time, 0.01% compilation time)
[2022-07-23T10:15:11.484]Completed Shot 1, state 67
96086.081253 seconds (5.16 G allocations: 119.770 TiB, 7.29% gc time, 0.02% compilation time)
[2022-07-23T10:15:29.808]Completed Shot 1, state 52
96092.532106 seconds (5.14 G allocations: 119.790 TiB, 7.30% gc time, 0.01% compilation time)
[2022-07-23T10:15:46.788]Completed Shot 1, state 88
96094.491060 seconds (5.12 G allocations: 119.789 TiB, 7.30% gc time, 0.01% compilation time)
[2022-07-23T10:15:49.577]Completed Shot 1, state 75
96149.654064 seconds (5.17 G allocations: 119.849 TiB, 7.30% gc time, 0.02% compilation time)
[2022-07-23T10:16:33.322]Completed Shot 1, state 27
96147.029213 seconds (5.13 G allocations: 119.855 TiB, 7.30% gc time, 0.01% compilation time)
[2022-07-23T10:16:41.767]Completed Shot 1, state 56
96161.702329 seconds (5.17 G allocations: 119.863 TiB, 7.30% gc time, 0.02% compilation time)
[2022-07-23T10:16:45.370]Completed Shot 1, state 83
96166.506611 seconds (5.13 G allocations: 119.880 TiB, 7.30% gc time, 0.01% compilation time)
[2022-07-23T10:17:01.189]Completed Shot 1, state 36
96178.007033 seconds (5.17 G allocations: 119.884 TiB, 7.30% gc time, 0.02% compilation time)
[2022-07-23T10:17:01.679]Completed Shot 1, state 73
96198.872842 seconds (5.17 G allocations: 119.910 TiB, 7.30% gc time, 0.02% compilation time)
[2022-07-23T10:17:22.605]Completed Shot 1, state 68
96200.364573 seconds (5.17 G allocations: 119.912 TiB, 7.30% gc time, 0.02% compilation time)
[2022-07-23T10:17:24.039]Completed Shot 1, state 9
96195.800176 seconds (5.14 G allocations: 119.918 TiB, 7.30% gc time, 0.01% compilation time)
[2022-07-23T10:17:30.066]Completed Shot 1, state 63
96226.663242 seconds (5.17 G allocations: 119.945 TiB, 7.30% gc time, 0.02% compilation time)
[2022-07-23T10:17:50.334]Completed Shot 1, state 33
96228.458703 seconds (5.17 G allocations: 119.947 TiB, 7.30% gc time, 0.02% compilation time)
[2022-07-23T10:17:52.125]Completed Shot 1, state 53
96226.389003 seconds (5.14 G allocations: 119.956 TiB, 7.30% gc time, 0.01% compilation time)
[2022-07-23T10:18:00.645]Completed Shot 1, state 47
96246.499047 seconds (5.17 G allocations: 119.970 TiB, 7.30% gc time, 0.02% compilation time)
[2022-07-23T10:18:10.167]Completed Shot 1, state 15
96240.505744 seconds (5.12 G allocations: 119.970 TiB, 7.30% gc time, 0.01% compilation time)
[2022-07-23T10:18:15.921]Completed Shot 1, state 39
96250.085275 seconds (5.14 G allocations: 119.985 TiB, 7.30% gc time, 0.01% compilation time)
[2022-07-23T10:18:24.469]Completed Shot 1, state 14
96269.094101 seconds (5.17 G allocations: 119.997 TiB, 7.30% gc time, 0.02% compilation time)
[2022-07-23T10:18:32.719]Completed Shot 1, state 55
96260.302040 seconds (5.11 G allocations: 119.993 TiB, 7.30% gc time, 0.01% compilation time)
[2022-07-23T10:18:35.883]Completed Shot 1, state 59
96262.411270 seconds (5.13 G allocations: 119.999 TiB, 7.30% gc time, 0.01% compilation time)
[2022-07-23T10:18:37.087]Completed Shot 1, state 35
96265.462847 seconds (5.14 G allocations: 120.003 TiB, 7.30% gc time, 0.01% compilation time)
[2022-07-23T10:18:40.029]Completed Shot 1, state 32
96289.863627 seconds (5.17 G allocations: 120.022 TiB, 7.30% gc time, 0.02% compilation time)
[2022-07-23T10:18:53.531]Completed Shot 1, state 50
96290.868406 seconds (5.17 G allocations: 120.024 TiB, 7.30% gc time, 0.02% compilation time)
[2022-07-23T10:18:54.503]Completed Shot 1, state 21
96280.001953 seconds (5.13 G allocations: 120.020 TiB, 7.30% gc time, 0.01% compilation time)
[2022-07-23T10:18:54.737]Completed Shot 1, state 97
96298.225584 seconds (5.12 G allocations: 120.041 TiB, 7.30% gc time, 0.01% compilation time)
[2022-07-23T10:19:13.461]Completed Shot 1, state 45
96310.844292 seconds (5.17 G allocations: 120.048 TiB, 7.30% gc time, 0.02% compilation time)
[2022-07-23T10:19:14.478]Completed Shot 1, state 51
96311.625668 seconds (5.17 G allocations: 120.049 TiB, 7.30% gc time, 0.02% compilation time)
[2022-07-23T10:19:15.260]Completed Shot 1, state 74
96307.529529 seconds (5.15 G allocations: 120.056 TiB, 7.30% gc time, 0.01% compilation time)
[2022-07-23T10:19:21.814]Completed Shot 1, state 76
96319.438603 seconds (5.17 G allocations: 120.058 TiB, 7.30% gc time, 0.02% compilation time)
[2022-07-23T10:19:23.063]Completed Shot 1, state 31
96321.466858 seconds (5.17 G allocations: 120.061 TiB, 7.30% gc time, 0.02% compilation time)
[2022-07-23T10:19:25.092]Completed Shot 1, state 93
96323.920233 seconds (5.17 G allocations: 120.064 TiB, 7.30% gc time, 0.02% compilation time)
[2022-07-23T10:19:27.545]Completed Shot 1, state 25
96328.923042 seconds (5.17 G allocations: 120.070 TiB, 7.30% gc time, 0.02% compilation time)
[2022-07-23T10:19:32.557]Completed Shot 1, state 28
96345.245933 seconds (5.17 G allocations: 120.089 TiB, 7.30% gc time, 0.02% compilation time)
[2022-07-23T10:19:48.871]Completed Shot 1, state 69
96386.233030 seconds (5.17 G allocations: 120.137 TiB, 7.30% gc time, 0.02% compilation time)
[2022-07-23T10:20:29.867]Completed Shot 1, state 44
96407.467059 seconds (5.17 G allocations: 120.162 TiB, 7.30% gc time, 0.02% compilation time)
[2022-07-23T10:20:51.137]Completed Shot 1, state 19
96411.556730 seconds (5.17 G allocations: 120.167 TiB, 7.30% gc time, 0.02% compilation time)
[2022-07-23T10:20:55.191]Completed Shot 1, state 70
20566.428638 seconds (511.94 M allocations: 24.763 TiB, 8.47% gc time)
[2022-07-23T10:54:11.857]Completed Shot 1, state 2
18533.679157 seconds (406.61 M allocations: 22.226 TiB, 8.27% gc time)
[2022-07-23T11:12:08.020]Completed Shot 1, state 8
20955.174113 seconds (484.11 M allocations: 25.117 TiB, 8.36% gc time)
[2022-07-23T11:12:17.778]Completed Shot 1, state 4
4759.236832 seconds (114.75 M allocations: 5.344 TiB, 7.98% gc time)
[2022-07-23T11:17:28.686]Completed Shot 1, state 6
[2022-07-23T11:17:54.948]**********Simulation completed!**********
[2022-07-23T11:17:54.948]**********Saving**********
[2022-07-23T11:18:25.812]Save directory: /lustre/work/ws/ws1/hd_ku269-logs/LightCones/2022-07-22 does not exist. Creating!
[2022-07-23T11:18:25.814]Saving file: /lustre/work/ws/ws1/hd_ku269-logs/LightCones/2022-07-22/6309370_N19_BS.jld2
[2022-07-23T11:18:29.433]**********Run completed!**********
