  Activating project at `/lustre/work/ws/ws1/hd_ku269-light_cones/LightCones`
Added MKL.jl
     Project LightCones v0.1.0
      Status `/lustre/work/ws/ws1/hd_ku269-light_cones/LightCones/Project.toml`
  [7d9fca2a] Arpack v0.5.3
  [7073ff75] IJulia v1.23.3
  [033835bb] JLD2 v0.4.22
  [0b1a1467] KrylovKit v0.5.4
  [d3d80556] LineSearches v7.1.1
  [33e6dc65] MKL v0.5.0
  [429524aa] Optim v1.7.0
  [91a5bcdd] Plots v1.31.1
  [c3e4b0f8] Pluto v0.19.9
  [3c0b384b] QuantumInformation v0.4.9
  [189a3867] Reexport v1.2.2
  [295af30f] Revise v3.3.3
  [ebcc8a00] SpinSymmetry v0.3.3
  [59d54670] ThreadedSparseArrays v0.2.2
  [ade2ca70] Dates
  [8ba89e20] Distributed
  [37e2e46d] LinearAlgebra
  [de0858da] Printf
  [9a3f8284] Random
  [1a1011a3] SharedArrays
  [2f01184e] SparseArrays
  [10745b16] Statistics
[2022-07-22T07:19:04.335]**********RANDOM FIELDS**********
shared_krylov.jl
Working Directory:          /lustre/work/ws/ws1/hd_ku269-light_cones/LightCones
SLURM Directory:            /lustre/work/ws/ws1/hd_ku269-light_cones/LightCones 
Running on host:            n1609
Job id:                     6309367
Job name:                   otoc_simulation_N19_BS_sector
Number of nodes allocated:  
Number of cores allocated:  1
#threads of Julia:          96
#threads of BLAS:           1
ARGS = ["19", "1", "100", "BS", "z", "0"]
LOCATION = "/lustre/work/ws/ws1/hd_ku269-logs/LightCones/2022-07-22"
N = 19
SHOTS = 1
MULT_RANDOM_STATES = true
N_RANDOM_STATES = 100
TYPE_OF_RS = "BS"
OBSERVABLE = "z"
DISORDER_PARAM = 0.0
[2022-07-22T07:19:04.540]**********Running simulation**********
[2022-07-22T07:19:04.670]trange = 0.0:0.1:5.0
test
81351.640243 seconds (4.68 G allocations: 96.452 TiB, 6.60% gc time, 0.03% compilation time)
[2022-07-23T05:55:35.031]Completed Shot 1, state 82
81749.454397 seconds (4.68 G allocations: 96.928 TiB, 6.61% gc time, 0.03% compilation time)
[2022-07-23T06:02:12.259]Completed Shot 1, state 94
81929.302388 seconds (4.69 G allocations: 97.141 TiB, 6.62% gc time, 0.03% compilation time)
[2022-07-23T06:05:12.152]Completed Shot 1, state 54
81998.464887 seconds (4.59 G allocations: 97.225 TiB, 6.62% gc time, 0.02% compilation time)
[2022-07-23T06:06:34.834]Completed Shot 1, state 34
82142.614157 seconds (4.69 G allocations: 97.392 TiB, 6.62% gc time, 0.03% compilation time)
[2022-07-23T06:08:45.463]Completed Shot 1, state 29
82306.552993 seconds (4.69 G allocations: 97.584 TiB, 6.62% gc time, 0.03% compilation time)
[2022-07-23T06:11:29.389]Completed Shot 1, state 39
82324.066284 seconds (4.70 G allocations: 97.604 TiB, 6.62% gc time, 0.03% compilation time)
[2022-07-23T06:11:46.915]Completed Shot 1, state 99
82339.102213 seconds (4.67 G allocations: 97.632 TiB, 6.63% gc time, 0.02% compilation time)
[2022-07-23T06:12:12.603]Completed Shot 1, state 43
82373.094454 seconds (4.70 G allocations: 97.659 TiB, 6.63% gc time, 0.03% compilation time)
[2022-07-23T06:12:35.947]Completed Shot 1, state 38
82437.636433 seconds (4.70 G allocations: 97.731 TiB, 6.63% gc time, 0.03% compilation time)
[2022-07-23T06:13:40.479]Completed Shot 1, state 53
82573.963570 seconds (4.61 G allocations: 97.885 TiB, 6.63% gc time, 0.02% compilation time)
[2022-07-23T06:16:09.928]Completed Shot 1, state 65
82771.193820 seconds (4.70 G allocations: 98.106 TiB, 6.63% gc time, 0.03% compilation time)
[2022-07-23T06:19:14.036]Completed Shot 1, state 76
82991.955839 seconds (4.71 G allocations: 98.352 TiB, 6.63% gc time, 0.03% compilation time)
[2022-07-23T06:22:54.750]Completed Shot 1, state 3
83090.919349 seconds (4.74 G allocations: 98.461 TiB, 6.65% gc time, 0.03% compilation time)
[2022-07-23T06:24:33.714]Completed Shot 1, state 35
83224.842597 seconds (4.70 G allocations: 98.623 TiB, 6.65% gc time, 0.02% compilation time)
[2022-07-23T06:26:58.899]Completed Shot 1, state 10
83733.650216 seconds (4.75 G allocations: 99.188 TiB, 6.66% gc time, 0.03% compilation time)
[2022-07-23T06:35:16.445]Completed Shot 1, state 60
84023.991213 seconds (4.76 G allocations: 99.521 TiB, 6.67% gc time, 0.03% compilation time)
[2022-07-23T06:40:06.826]Completed Shot 1, state 59
86863.040434 seconds (4.81 G allocations: 102.729 TiB, 6.72% gc time, 0.03% compilation time)
[2022-07-23T07:27:25.972]Completed Shot 1, state 55
87899.938503 seconds (4.83 G allocations: 103.938 TiB, 6.74% gc time, 0.03% compilation time)
[2022-07-23T07:44:42.775]Completed Shot 1, state 73
91820.462282 seconds (4.89 G allocations: 108.447 TiB, 6.82% gc time, 0.03% compilation time)
[2022-07-23T08:50:03.338]Completed Shot 1, state 47
92927.023622 seconds (4.91 G allocations: 109.737 TiB, 6.84% gc time, 0.03% compilation time)
[2022-07-23T09:08:29.819]Completed Shot 1, state 22
93351.867756 seconds (4.92 G allocations: 110.226 TiB, 6.84% gc time, 0.03% compilation time)
[2022-07-23T09:15:34.665]Completed Shot 1, state 19
96337.582216 seconds (4.97 G allocations: 113.593 TiB, 6.87% gc time, 0.03% compilation time)
[2022-07-23T10:05:20.438]Completed Shot 1, state 80
96969.073388 seconds (4.98 G allocations: 114.323 TiB, 6.88% gc time, 0.03% compilation time)
[2022-07-23T10:15:51.878]Completed Shot 1, state 95
97924.415500 seconds (5.00 G allocations: 115.464 TiB, 6.89% gc time, 0.03% compilation time)
[2022-07-23T10:31:47.253]Completed Shot 1, state 67
99389.007768 seconds (5.03 G allocations: 117.181 TiB, 6.90% gc time, 0.03% compilation time)
[2022-07-23T10:56:11.842]Completed Shot 1, state 28
100406.500526 seconds (5.05 G allocations: 118.390 TiB, 6.91% gc time, 0.03% compilation time)
[2022-07-23T11:13:09.348]Completed Shot 1, state 96
100529.853028 seconds (5.05 G allocations: 118.526 TiB, 6.91% gc time, 0.03% compilation time)
[2022-07-23T11:15:12.690]Completed Shot 1, state 57
101117.552069 seconds (5.06 G allocations: 119.146 TiB, 6.91% gc time, 0.03% compilation time)
[2022-07-23T11:25:00.403]Completed Shot 1, state 36
101441.795946 seconds (5.02 G allocations: 119.545 TiB, 6.91% gc time, 0.02% compilation time)
[2022-07-23T11:30:36.019]Completed Shot 1, state 7
101550.695239 seconds (5.10 G allocations: 119.663 TiB, 6.92% gc time, 0.03% compilation time)
[2022-07-23T11:32:13.547]Completed Shot 1, state 64
101593.164341 seconds (5.10 G allocations: 119.714 TiB, 6.92% gc time, 0.03% compilation time)
[2022-07-23T11:32:56.007]Completed Shot 1, state 5
101777.398409 seconds (5.05 G allocations: 119.931 TiB, 6.93% gc time, 0.01% compilation time)
[2022-07-23T11:36:13.587]Completed Shot 1, state 16
102396.023639 seconds (5.12 G allocations: 120.672 TiB, 6.93% gc time, 0.02% compilation time)
[2022-07-23T11:46:29.636]Completed Shot 1, state 32
102759.987897 seconds (5.16 G allocations: 121.100 TiB, 6.94% gc time, 0.03% compilation time)
[2022-07-23T11:52:22.835]Completed Shot 1, state 52
102779.000793 seconds (5.07 G allocations: 121.127 TiB, 6.94% gc time, 0.01% compilation time)
[2022-07-23T11:52:54.969]Completed Shot 1, state 26
102963.470571 seconds (5.16 G allocations: 121.344 TiB, 6.94% gc time, 0.03% compilation time)
[2022-07-23T11:55:46.309]Completed Shot 1, state 41
102966.450022 seconds (5.16 G allocations: 121.347 TiB, 6.94% gc time, 0.03% compilation time)
[2022-07-23T11:55:49.245]Completed Shot 1, state 9
103020.615128 seconds (5.16 G allocations: 121.413 TiB, 6.94% gc time, 0.03% compilation time)
[2022-07-23T11:56:43.453]Completed Shot 1, state 58
103168.716302 seconds (5.16 G allocations: 121.592 TiB, 6.94% gc time, 0.03% compilation time)
[2022-07-23T11:59:11.565]Completed Shot 1, state 56
103441.363162 seconds (5.17 G allocations: 121.919 TiB, 6.95% gc time, 0.03% compilation time)
[2022-07-23T12:03:44.204]Completed Shot 1, state 30
103645.999551 seconds (5.17 G allocations: 122.163 TiB, 6.95% gc time, 0.03% compilation time)
[2022-07-23T12:07:08.838]Completed Shot 1, state 17
103787.376771 seconds (5.17 G allocations: 122.331 TiB, 6.95% gc time, 0.03% compilation time)
[2022-07-23T12:09:30.172]Completed Shot 1, state 68
104020.039111 seconds (5.18 G allocations: 122.609 TiB, 6.95% gc time, 0.03% compilation time)
[2022-07-23T12:13:22.874]Completed Shot 1, state 21
104104.466538 seconds (5.10 G allocations: 122.714 TiB, 6.96% gc time, 0.01% compilation time)
[2022-07-23T12:15:00.441]Completed Shot 1, state 25
104143.802994 seconds (5.18 G allocations: 122.757 TiB, 6.96% gc time, 0.03% compilation time)
[2022-07-23T12:15:26.598]Completed Shot 1, state 61
104198.247332 seconds (5.18 G allocations: 122.822 TiB, 6.96% gc time, 0.03% compilation time)
[2022-07-23T12:16:21.096]Completed Shot 1, state 37
104281.598112 seconds (5.18 G allocations: 122.921 TiB, 6.96% gc time, 0.03% compilation time)
[2022-07-23T12:17:44.434]Completed Shot 1, state 31
104315.837808 seconds (5.18 G allocations: 122.962 TiB, 6.96% gc time, 0.03% compilation time)
[2022-07-23T12:18:18.764]Completed Shot 1, state 33
104386.822630 seconds (5.18 G allocations: 123.046 TiB, 6.96% gc time, 0.03% compilation time)
[2022-07-23T12:19:29.665]Completed Shot 1, state 1
104400.517038 seconds (5.22 G allocations: 123.058 TiB, 6.96% gc time, 0.03% compilation time)
[2022-07-23T12:19:43.312]Completed Shot 1, state 100
104442.906603 seconds (5.20 G allocations: 123.119 TiB, 6.96% gc time, 0.02% compilation time)
[2022-07-23T12:20:36.078]Completed Shot 1, state 98
104456.579963 seconds (5.22 G allocations: 123.124 TiB, 6.96% gc time, 0.03% compilation time)
[2022-07-23T12:20:39.375]Completed Shot 1, state 74
104464.441812 seconds (5.22 G allocations: 123.133 TiB, 6.96% gc time, 0.03% compilation time)
[2022-07-23T12:20:47.285]Completed Shot 1, state 92
104506.058034 seconds (5.22 G allocations: 123.181 TiB, 6.96% gc time, 0.03% compilation time)
[2022-07-23T12:21:28.902]Completed Shot 1, state 62
104503.716138 seconds (5.19 G allocations: 123.188 TiB, 6.96% gc time, 0.01% compilation time)
[2022-07-23T12:21:37.535]Completed Shot 1, state 20
104516.957435 seconds (5.22 G allocations: 123.194 TiB, 6.96% gc time, 0.03% compilation time)
[2022-07-23T12:21:39.752]Completed Shot 1, state 14
104551.700783 seconds (5.22 G allocations: 123.235 TiB, 6.97% gc time, 0.03% compilation time)
[2022-07-23T12:22:14.542]Completed Shot 1, state 71
104551.898499 seconds (5.22 G allocations: 123.235 TiB, 6.97% gc time, 0.03% compilation time)
[2022-07-23T12:22:14.746]Completed Shot 1, state 97
104553.066870 seconds (5.22 G allocations: 123.236 TiB, 6.97% gc time, 0.03% compilation time)
[2022-07-23T12:22:15.902]Completed Shot 1, state 63
104563.624702 seconds (5.22 G allocations: 123.249 TiB, 6.96% gc time, 0.03% compilation time)
[2022-07-23T12:22:26.429]Completed Shot 1, state 50
104570.897340 seconds (5.20 G allocations: 123.268 TiB, 6.97% gc time, 0.02% compilation time)
[2022-07-23T12:22:44.069]Completed Shot 1, state 27
104583.325077 seconds (5.22 G allocations: 123.272 TiB, 6.96% gc time, 0.03% compilation time)
[2022-07-23T12:22:46.120]Completed Shot 1, state 11
104600.217828 seconds (5.22 G allocations: 123.292 TiB, 6.96% gc time, 0.03% compilation time)
[2022-07-23T12:23:03.057]Completed Shot 1, state 86
104607.797390 seconds (5.22 G allocations: 123.301 TiB, 6.96% gc time, 0.03% compilation time)
[2022-07-23T12:23:10.632]Completed Shot 1, state 93
104608.014020 seconds (5.22 G allocations: 123.302 TiB, 6.96% gc time, 0.03% compilation time)
[2022-07-23T12:23:10.809]Completed Shot 1, state 84
104620.215096 seconds (5.22 G allocations: 123.316 TiB, 6.96% gc time, 0.03% compilation time)
[2022-07-23T12:23:23.010]Completed Shot 1, state 13
104627.858962 seconds (5.22 G allocations: 123.325 TiB, 6.96% gc time, 0.03% compilation time)
[2022-07-23T12:23:30.712]Completed Shot 1, state 91
104630.711217 seconds (5.22 G allocations: 123.329 TiB, 6.96% gc time, 0.03% compilation time)
[2022-07-23T12:23:33.515]Completed Shot 1, state 88
104668.145191 seconds (5.22 G allocations: 123.374 TiB, 6.96% gc time, 0.03% compilation time)
[2022-07-23T12:24:10.995]Completed Shot 1, state 48
104680.165556 seconds (5.22 G allocations: 123.388 TiB, 6.96% gc time, 0.03% compilation time)
[2022-07-23T12:24:22.970]Completed Shot 1, state 24
104669.663311 seconds (5.20 G allocations: 123.386 TiB, 6.96% gc time, 0.02% compilation time)
[2022-07-23T12:24:23.300]Completed Shot 1, state 79
104691.073354 seconds (5.22 G allocations: 123.401 TiB, 6.97% gc time, 0.03% compilation time)
[2022-07-23T12:24:33.913]Completed Shot 1, state 49
104691.684820 seconds (5.22 G allocations: 123.401 TiB, 6.97% gc time, 0.03% compilation time)
[2022-07-23T12:24:34.479]Completed Shot 1, state 45
104683.084710 seconds (5.15 G allocations: 123.396 TiB, 6.97% gc time, 0.01% compilation time)
[2022-07-23T12:24:38.644]Completed Shot 1, state 90
104696.783403 seconds (5.22 G allocations: 123.408 TiB, 6.97% gc time, 0.03% compilation time)
[2022-07-23T12:24:39.578]Completed Shot 1, state 42
104697.427045 seconds (5.22 G allocations: 123.408 TiB, 6.97% gc time, 0.03% compilation time)
[2022-07-23T12:24:40.277]Completed Shot 1, state 18
104698.117608 seconds (5.22 G allocations: 123.409 TiB, 6.97% gc time, 0.03% compilation time)
[2022-07-23T12:24:40.912]Completed Shot 1, state 69
104698.555894 seconds (5.22 G allocations: 123.410 TiB, 6.97% gc time, 0.03% compilation time)
[2022-07-23T12:24:41.351]Completed Shot 1, state 81
104705.633786 seconds (5.22 G allocations: 123.418 TiB, 6.97% gc time, 0.03% compilation time)
[2022-07-23T12:24:49.152]Completed Shot 1, state 15
104709.565380 seconds (5.22 G allocations: 123.423 TiB, 6.97% gc time, 0.03% compilation time)
[2022-07-23T12:24:52.360]Completed Shot 1, state 40
104697.927516 seconds (5.16 G allocations: 123.416 TiB, 6.97% gc time, 0.01% compilation time)
[2022-07-23T12:24:52.856]Completed Shot 1, state 83
104722.445442 seconds (5.22 G allocations: 123.438 TiB, 6.97% gc time, 0.03% compilation time)
[2022-07-23T12:25:05.240]Completed Shot 1, state 89
104735.555534 seconds (5.22 G allocations: 123.454 TiB, 6.97% gc time, 0.03% compilation time)
[2022-07-23T12:25:18.396]Completed Shot 1, state 70
104751.787550 seconds (5.22 G allocations: 123.472 TiB, 6.97% gc time, 0.03% compilation time)
[2022-07-23T12:25:34.625]Completed Shot 1, state 85
104748.839160 seconds (5.19 G allocations: 123.478 TiB, 6.96% gc time, 0.01% compilation time)
[2022-07-23T12:25:42.658]Completed Shot 1, state 72
104761.065431 seconds (5.22 G allocations: 123.483 TiB, 6.97% gc time, 0.03% compilation time)
[2022-07-23T12:25:43.909]Completed Shot 1, state 87
104769.442877 seconds (5.22 G allocations: 123.492 TiB, 6.96% gc time, 0.03% compilation time)
[2022-07-23T12:25:52.238]Completed Shot 1, state 23
104772.095223 seconds (5.22 G allocations: 123.496 TiB, 6.96% gc time, 0.03% compilation time)
[2022-07-23T12:25:54.947]Completed Shot 1, state 46
104775.844002 seconds (5.23 G allocations: 123.500 TiB, 6.96% gc time, 0.03% compilation time)
[2022-07-23T12:25:58.639]Completed Shot 1, state 12
104777.587041 seconds (5.20 G allocations: 123.512 TiB, 6.96% gc time, 0.02% compilation time)
[2022-07-23T12:26:10.752]Completed Shot 1, state 75
104796.906853 seconds (5.23 G allocations: 123.524 TiB, 6.96% gc time, 0.03% compilation time)
[2022-07-23T12:26:19.753]Completed Shot 1, state 51
104802.135639 seconds (5.23 G allocations: 123.530 TiB, 6.96% gc time, 0.03% compilation time)
[2022-07-23T12:26:24.984]Completed Shot 1, state 77
104798.357851 seconds (5.17 G allocations: 123.532 TiB, 6.96% gc time, 0.01% compilation time)
[2022-07-23T12:26:32.912]Completed Shot 1, state 44
104829.261438 seconds (5.23 G allocations: 123.560 TiB, 6.96% gc time, 0.03% compilation time)
[2022-07-23T12:26:52.106]Completed Shot 1, state 78
104878.933812 seconds (5.23 G allocations: 123.615 TiB, 6.96% gc time, 0.03% compilation time)
[2022-07-23T12:27:41.781]Completed Shot 1, state 66
25155.728665 seconds (574.09 M allocations: 28.806 TiB, 8.00% gc time)
[2022-07-23T13:22:10.870]Completed Shot 1, state 4
6994.859753 seconds (187.69 M allocations: 7.940 TiB, 7.56% gc time)
[2022-07-23T13:29:30.867]Completed Shot 1, state 6
7375.082433 seconds (227.76 M allocations: 8.384 TiB, 7.80% gc time)
[2022-07-23T13:33:31.102]Completed Shot 1, state 8
4558.704422 seconds (109.19 M allocations: 4.981 TiB, 7.46% gc time)
[2022-07-23T13:35:28.369]Completed Shot 1, state 2
[2022-07-23T13:35:29.058]**********Simulation completed!**********
[2022-07-23T13:35:29.059]**********Saving**********
[2022-07-23T13:35:39.910]Saving file: /lustre/work/ws/ws1/hd_ku269-logs/LightCones/2022-07-22/6309367_N19_BS.jld2
[2022-07-23T13:35:43.934]**********Run completed!**********
