  Activating project at `/lustre/work/ws/ws1/hd_ku269-light_cones/LightCones`
Added MKL.jl
     Project LightCones v0.1.0
      Status `/lustre/work/ws/ws1/hd_ku269-light_cones/LightCones/Project.toml`
  [7d9fca2a] Arpack v0.5.3
  [7073ff75] IJulia v1.23.3
  [033835bb] JLD2 v0.4.22
  [0b1a1467] KrylovKit v0.5.4
  [d3d80556] LineSearches v7.1.1
  [33e6dc65] MKL v0.5.0
  [429524aa] Optim v1.7.0
  [91a5bcdd] Plots v1.31.1
  [c3e4b0f8] Pluto v0.19.9
  [3c0b384b] QuantumInformation v0.4.9
  [189a3867] Reexport v1.2.2
  [295af30f] Revise v3.3.3
  [ebcc8a00] SpinSymmetry v0.3.3
  [59d54670] ThreadedSparseArrays v0.2.2
  [ade2ca70] Dates
  [8ba89e20] Distributed
  [37e2e46d] LinearAlgebra
  [de0858da] Printf
  [9a3f8284] Random
  [1a1011a3] SharedArrays
  [2f01184e] SparseArrays
  [10745b16] Statistics
[2022-08-06T19:25:21.120]**********RANDOM FIELDS**********
shared_krylov.jl
Working Directory:          /lustre/work/ws/ws1/hd_ku269-light_cones/LightCones
SLURM Directory:            /lustre/work/ws/ws1/hd_ku269-light_cones/LightCones 
Running on host:            n1330
Job id:                     6405151
Job name:                   otoc_simulation_N21_BS_sector
Number of nodes allocated:  
Number of cores allocated:  1
#threads of Julia:          96
#threads of BLAS:           1
ARGS = ["21", "1", "25", "BS", "z", "0"]
LOCATION = "/lustre/work/ws/ws1/hd_ku269-logs/LightCones/2022-08-06"
N = 21
SHOTS = 1
MULT_RANDOM_STATES = true
N_RANDOM_STATES = 25
TYPE_OF_RS = "BS"
OBSERVABLE = "z"
DISORDER_PARAM = 0.0
[2022-08-06T19:25:21.320]**********Running simulation**********
[2022-08-06T19:25:21.434]trange = 0.0:0.1:5.0
test
162986.651253 seconds (4.13 G allocations: 146.456 TiB, 3.86% gc time, 0.01% compilation time)
[2022-08-08T16:45:39.291]Completed Shot 1, state 10
163041.479390 seconds (4.13 G allocations: 146.498 TiB, 3.86% gc time, 0.01% compilation time)
[2022-08-08T16:46:34.008]Completed Shot 1, state 5
163072.028502 seconds (4.13 G allocations: 146.523 TiB, 3.86% gc time, 0.01% compilation time)
[2022-08-08T16:47:04.557]Completed Shot 1, state 18
163082.635382 seconds (4.13 G allocations: 146.532 TiB, 3.86% gc time, 0.01% compilation time)
[2022-08-08T16:47:15.131]Completed Shot 1, state 13
163090.234937 seconds (4.13 G allocations: 146.539 TiB, 3.86% gc time, 0.01% compilation time)
[2022-08-08T16:47:22.732]Completed Shot 1, state 25
163093.752298 seconds (4.13 G allocations: 146.542 TiB, 3.86% gc time, 0.01% compilation time)
[2022-08-08T16:47:26.249]Completed Shot 1, state 16
163094.937038 seconds (4.13 G allocations: 146.543 TiB, 3.86% gc time, 0.01% compilation time)
[2022-08-08T16:47:27.433]Completed Shot 1, state 24
163098.403522 seconds (4.13 G allocations: 146.545 TiB, 3.86% gc time, 0.01% compilation time)
[2022-08-08T16:47:30.934]Completed Shot 1, state 21
163106.048036 seconds (4.13 G allocations: 146.552 TiB, 3.86% gc time, 0.01% compilation time)
[2022-08-08T16:47:38.577]Completed Shot 1, state 20
163107.183691 seconds (4.13 G allocations: 146.553 TiB, 3.86% gc time, 0.01% compilation time)
[2022-08-08T16:47:39.712]Completed Shot 1, state 12
163113.925576 seconds (4.13 G allocations: 146.558 TiB, 3.86% gc time, 0.01% compilation time)
[2022-08-08T16:47:46.456]Completed Shot 1, state 1
163130.518134 seconds (4.13 G allocations: 146.571 TiB, 3.86% gc time, 0.01% compilation time)
[2022-08-08T16:48:03.046]Completed Shot 1, state 23
163139.883422 seconds (4.13 G allocations: 146.577 TiB, 3.86% gc time, 0.01% compilation time)
[2022-08-08T16:48:12.412]Completed Shot 1, state 3
163157.131090 seconds (4.13 G allocations: 146.589 TiB, 3.86% gc time, 0.01% compilation time)
[2022-08-08T16:48:29.627]Completed Shot 1, state 9
163157.162669 seconds (4.13 G allocations: 146.589 TiB, 3.86% gc time, 0.01% compilation time)
[2022-08-08T16:48:29.659]Completed Shot 1, state 8
163158.944117 seconds (4.13 G allocations: 146.590 TiB, 3.86% gc time, 0.01% compilation time)
[2022-08-08T16:48:31.449]Completed Shot 1, state 22
163162.562451 seconds (4.13 G allocations: 146.592 TiB, 3.86% gc time, 0.01% compilation time)
[2022-08-08T16:48:35.058]Completed Shot 1, state 14
163165.663560 seconds (4.13 G allocations: 146.593 TiB, 3.86% gc time, 0.01% compilation time)
[2022-08-08T16:48:38.160]Completed Shot 1, state 6
163173.707893 seconds (4.13 G allocations: 146.596 TiB, 3.86% gc time, 0.01% compilation time)
[2022-08-08T16:48:46.204]Completed Shot 1, state 7
163174.330624 seconds (4.13 G allocations: 146.597 TiB, 3.86% gc time, 0.01% compilation time)
[2022-08-08T16:48:46.827]Completed Shot 1, state 17
163175.665989 seconds (4.13 G allocations: 146.597 TiB, 3.86% gc time, 0.01% compilation time)
[2022-08-08T16:48:48.196]Completed Shot 1, state 2
163180.077971 seconds (4.13 G allocations: 146.598 TiB, 3.86% gc time, 0.01% compilation time)
[2022-08-08T16:48:52.607]Completed Shot 1, state 15
163189.369757 seconds (4.13 G allocations: 146.599 TiB, 3.86% gc time, 0.01% compilation time)
[2022-08-08T16:49:01.866]Completed Shot 1, state 19
163200.596162 seconds (4.13 G allocations: 146.601 TiB, 3.86% gc time, 0.01% compilation time)
[2022-08-08T16:49:13.125]Completed Shot 1, state 4
163226.979389 seconds (4.13 G allocations: 146.602 TiB, 3.86% gc time, 0.01% compilation time)
[2022-08-08T16:49:39.476]Completed Shot 1, state 11
[2022-08-08T16:49:39.479]**********Simulation completed!**********
[2022-08-08T16:49:39.479]**********Saving**********
[2022-08-08T16:49:40.509]Saving file: /lustre/work/ws/ws1/hd_ku269-logs/LightCones/2022-08-06/6405151_N21_BS.jld2
[2022-08-08T16:49:44.080]**********Run completed!**********
