  Activating project at `/lustre/work/ws/ws1/hd_ku269-light_cones/LightCones`
Added MKL.jl
     Project LightCones v0.1.0
      Status `/lustre/work/ws/ws1/hd_ku269-light_cones/LightCones/Project.toml`
  [7d9fca2a] Arpack v0.5.3
  [7073ff75] IJulia v1.23.3
  [033835bb] JLD2 v0.4.22
  [0b1a1467] KrylovKit v0.5.4
  [d3d80556] LineSearches v7.1.1
  [33e6dc65] MKL v0.5.0
  [429524aa] Optim v1.7.0
  [91a5bcdd] Plots v1.31.1
  [c3e4b0f8] Pluto v0.19.9
  [3c0b384b] QuantumInformation v0.4.9
  [189a3867] Reexport v1.2.2
  [295af30f] Revise v3.3.3
  [ebcc8a00] SpinSymmetry v0.3.3
  [59d54670] ThreadedSparseArrays v0.2.2
  [ade2ca70] Dates
  [8ba89e20] Distributed
  [37e2e46d] LinearAlgebra
  [de0858da] Printf
  [9a3f8284] Random
  [1a1011a3] SharedArrays
  [2f01184e] SparseArrays
  [10745b16] Statistics
[2022-07-21T13:24:12.999]**********RANDOM FIELDS**********
shared_krylov.jl
Working Directory:          /lustre/work/ws/ws1/hd_ku269-light_cones/LightCones
SLURM Directory:            /lustre/work/ws/ws1/hd_ku269-light_cones/LightCones 
Running on host:            n0224
Job id:                     6308351
Job name:                   otoc_simulation_N17_BS_sector
Number of nodes allocated:  
Number of cores allocated:  1
#threads of Julia:          96
#threads of BLAS:           1
ARGS = ["17", "1", "100", "BS", "z", "0"]
LOCATION = "/lustre/work/ws/ws1/hd_ku269-logs/LightCones/2022-07-21"
N = 17
SHOTS = 1
MULT_RANDOM_STATES = true
N_RANDOM_STATES = 100
TYPE_OF_RS = "BS"
OBSERVABLE = "z"
DISORDER_PARAM = 0.0
[2022-07-21T13:24:13.199]**********Running simulation**********
[2022-07-21T13:24:13.313]trange = 0.0:0.1:5.0
test
8810.158657 seconds (2.06 G allocations: 23.222 TiB, 12.64% gc time, 0.17% compilation time)
8798.063905 seconds (2.04 G allocations: 23.220 TiB, 12.65% gc time, 0.04% compilation time)
[[2022-07-21T15:51:13.541]Completed Shot 1, state 93
2022-07-21T15:51:13.541]Completed Shot 1, state 94
8810.283944 seconds (2.06 G allocations: 23.222 TiB, 12.64% gc time, 0.17% compilation time)
[2022-07-21T15:51:13.601]Completed Shot 1, state 84
8811.326952 seconds (2.06 G allocations: 23.225 TiB, 12.64% gc time, 0.17% compilation time)
[2022-07-21T15:51:14.763]Completed Shot 1, state 22
8799.729561 seconds (2.04 G allocations: 23.225 TiB, 12.65% gc time, 0.04% compilation time)
[2022-07-21T15:51:15.028]Completed Shot 1, state 90
8812.113256 seconds (2.06 G allocations: 23.226 TiB, 12.64% gc time, 0.17% compilation time)
[2022-07-21T15:51:15.462]Completed Shot 1, state 44
8812.714542 seconds (2.06 G allocations: 23.228 TiB, 12.64% gc time, 0.17% compilation time)
[2022-07-21T15:51:16.032]Completed Shot 1, state 54
8800.797314 seconds (2.04 G allocations: 23.227 TiB, 12.65% gc time, 0.04% compilation time)
[2022-07-21T15:51:16.079]Completed Shot 1, state 86
8800.863601 seconds (2.04 G allocations: 23.227 TiB, 12.65% gc time, 0.04% compilation time)
[2022-07-21T15:51:16.184]Completed Shot 1, state 63
8801.385903 seconds (2.04 G allocations: 23.228 TiB, 12.65% gc time, 0.04% compilation time)
[2022-07-21T15:51:16.813]Completed Shot 1, state 66
8816.006241 seconds (2.06 G allocations: 23.237 TiB, 12.64% gc time, 0.17% compilation time)
[2022-07-21T15:51:19.360]Completed Shot 1, state 1
8804.106791 seconds (2.04 G allocations: 23.236 TiB, 12.65% gc time, 0.04% compilation time)
[2022-07-21T15:51:19.405]Completed Shot 1, state 60
8806.139087 seconds (2.04 G allocations: 23.238 TiB, 12.67% gc time, 0.04% compilation time)
[2022-07-21T15:51:21.573]Completed Shot 1, state 73
8818.345182 seconds (2.07 G allocations: 23.240 TiB, 12.66% gc time, 0.17% compilation time)
[2022-07-21T15:51:21.693]Completed Shot 1, state 11
8818.433343 seconds (2.07 G allocations: 23.241 TiB, 12.66% gc time, 0.17% compilation time)
[2022-07-21T15:51:21.781]Completed Shot 1, state 49
8806.588573 seconds (2.04 G allocations: 23.240 TiB, 12.66% gc time, 0.04% compilation time)
[2022-07-21T15:51:22.032]Completed Shot 1, state 92
8806.813190 seconds (2.04 G allocations: 23.240 TiB, 12.66% gc time, 0.04% compilation time)
[2022-07-21T15:51:22.185]Completed Shot 1, state 5
8806.773984 seconds (2.04 G allocations: 23.240 TiB, 12.66% gc time, 0.04% compilation time)
[2022-07-21T15:51:22.225]Completed Shot 1, state 30
8806.999536 seconds (2.05 G allocations: 23.241 TiB, 12.67% gc time, 0.03% compilation time)
[2022-07-21T15:51:22.514]Completed Shot 1, state 35
8819.161997 seconds (2.08 G allocations: 23.243 TiB, 12.66% gc time, 0.17% compilation time)
[2022-07-21T15:51:22.514]Completed Shot 1, state 61
8820.954527 seconds (2.08 G allocations: 23.245 TiB, 12.67% gc time, 0.17% compilation time)
[2022-07-21T15:51:24.272]Completed Shot 1, state 56
8821.070927 seconds (2.08 G allocations: 23.246 TiB, 12.67% gc time, 0.17% compilation time)
[2022-07-21T15:51:24.388]Completed Shot 1, state 53
8808.840927 seconds (2.04 G allocations: 23.243 TiB, 12.68% gc time, 0.03% compilation time)
[2022-07-21T15:51:24.590]Completed Shot 1, state 57
8821.357991 seconds (2.08 G allocations: 23.247 TiB, 12.67% gc time, 0.17% compilation time)
[2022-07-21T15:51:24.706]Completed Shot 1, state 89
8809.537252 seconds (2.06 G allocations: 23.246 TiB, 12.68% gc time, 0.04% compilation time)
[2022-07-21T15:51:24.797]Completed Shot 1, state 9
8821.516532 seconds (2.08 G allocations: 23.247 TiB, 12.67% gc time, 0.17% compilation time)
[2022-07-21T15:51:24.867]Completed Shot 1, state 68
8809.298462 seconds (2.05 G allocations: 23.245 TiB, 12.68% gc time, 0.03% compilation time)
[2022-07-21T15:51:24.894]Completed Shot 1, state 12
8822.240136 seconds (2.08 G allocations: 23.249 TiB, 12.67% gc time, 0.17% compilation time)
[2022-07-21T15:51:25.591]Completed Shot 1, state 41
8822.192090 seconds (2.08 G allocations: 23.249 TiB, 12.67% gc time, 0.17% compilation time)
[2022-07-21T15:51:25.657]Completed Shot 1, state 79
8822.483502 seconds (2.08 G allocations: 23.249 TiB, 12.67% gc time, 0.17% compilation time)
[2022-07-21T15:51:25.792]Completed Shot 1, state 48
8822.428844 seconds (2.08 G allocations: 23.249 TiB, 12.67% gc time, 0.17% compilation time)
[2022-07-21T15:51:25.846]Completed Shot 1, state 70
8810.962413 seconds (2.06 G allocations: 23.249 TiB, 12.68% gc time, 0.04% compilation time)
[2022-07-21T15:51:26.261]Completed Shot 1, state 77
8822.845424 seconds (2.08 G allocations: 23.251 TiB, 12.67% gc time, 0.17% compilation time)
[2022-07-21T15:51:26.263]Completed Shot 1, state 20
8823.127763 seconds (2.08 G allocations: 23.251 TiB, 12.67% gc time, 0.17% compilation time)
[2022-07-21T15:51:26.436]Completed Shot 1, state 97
8810.703573 seconds (2.04 G allocations: 23.248 TiB, 12.68% gc time, 0.03% compilation time)
[2022-07-21T15:51:26.467]Completed Shot 1, state 10
8811.139730 seconds (2.05 G allocations: 23.250 TiB, 12.68% gc time, 0.04% compilation time)
[2022-07-21T15:51:26.568]Completed Shot 1, state 78
8811.292871 seconds (2.05 G allocations: 23.250 TiB, 12.68% gc time, 0.04% compilation time)
[2022-07-21T15:51:26.737]Completed Shot 1, state 96
8811.561514 seconds (2.06 G allocations: 23.251 TiB, 12.68% gc time, 0.04% compilation time)
[2022-07-21T15:51:26.841]Completed Shot 1, state 55
8811.378129 seconds (2.04 G allocations: 23.250 TiB, 12.68% gc time, 0.03% compilation time)
[2022-07-21T15:51:27.143]Completed Shot 1, state 25
8811.237598 seconds (2.04 G allocations: 23.249 TiB, 12.68% gc time, 0.03% compilation time)
[2022-07-21T15:51:27.148]Completed Shot 1, state 40
8811.468655 seconds (2.04 G allocations: 23.250 TiB, 12.68% gc time, 0.03% compilation time)
[2022-07-21T15:51:27.221]Completed Shot 1, state 95
8824.248976 seconds (2.08 G allocations: 23.254 TiB, 12.67% gc time, 0.17% compilation time)
[2022-07-21T15:51:27.557]Completed Shot 1, state 7
8824.323147 seconds (2.08 G allocations: 23.255 TiB, 12.67% gc time, 0.17% compilation time)
[2022-07-21T15:51:27.632]Completed Shot 1, state 3
8811.736913 seconds (2.04 G allocations: 23.251 TiB, 12.68% gc time, 0.03% compilation time)
[2022-07-21T15:51:27.651]Completed Shot 1, state 83
8824.222048 seconds (2.08 G allocations: 23.255 TiB, 12.67% gc time, 0.17% compilation time)
[2022-07-21T15:51:27.687]Completed Shot 1, state 65
8812.617146 seconds (2.06 G allocations: 23.253 TiB, 12.68% gc time, 0.03% compilation time)
[2022-07-21T15:51:28.211]Completed Shot 1, state 14
8812.958441 seconds (2.06 G allocations: 23.255 TiB, 12.68% gc time, 0.04% compilation time)
[2022-07-21T15:51:28.227]Completed Shot 1, state 46
8827.177142 seconds (2.10 G allocations: 23.259 TiB, 12.69% gc time, 0.17% compilation time)
[2022-07-21T15:51:30.525]Completed Shot 1, state 72
8815.359131 seconds (2.07 G allocations: 23.258 TiB, 12.70% gc time, 0.04% compilation time)
[2022-07-21T15:51:30.660]Completed Shot 1, state 37
8815.414453 seconds (2.07 G allocations: 23.258 TiB, 12.70% gc time, 0.04% compilation time)
[2022-07-21T15:51:30.715]Completed Shot 1, state 62
8827.457292 seconds (2.10 G allocations: 23.260 TiB, 12.69% gc time, 0.17% compilation time)
[2022-07-21T15:51:30.810]Completed Shot 1, state 33
8827.542577 seconds (2.10 G allocations: 23.260 TiB, 12.69% gc time, 0.17% compilation time)
[2022-07-21T15:51:30.851]Completed Shot 1, state 82
8827.545344 seconds (2.10 G allocations: 23.260 TiB, 12.69% gc time, 0.17% compilation time)
[2022-07-21T15:51:30.863]Completed Shot 1, state 15
8816.077230 seconds (2.07 G allocations: 23.259 TiB, 12.70% gc time, 0.04% compilation time)
[2022-07-21T15:51:31.514]Completed Shot 1, state 98
8828.430640 seconds (2.10 G allocations: 23.261 TiB, 12.69% gc time, 0.17% compilation time)
[2022-07-21T15:51:31.739]Completed Shot 1, state 100
8816.532018 seconds (2.07 G allocations: 23.260 TiB, 12.70% gc time, 0.04% compilation time)
[2022-07-21T15:51:31.831]Completed Shot 1, state 38
8828.489662 seconds (2.10 G allocations: 23.262 TiB, 12.69% gc time, 0.17% compilation time)
[2022-07-21T15:51:31.840]Completed Shot 1, state 42
8815.937146 seconds (2.06 G allocations: 23.258 TiB, 12.70% gc time, 0.03% compilation time)
[2022-07-21T15:51:31.850]Completed Shot 1, state 81
8816.610438 seconds (2.07 G allocations: 23.261 TiB, 12.70% gc time, 0.04% compilation time)
[2022-07-21T15:51:31.976]Completed Shot 1, state 71
8816.674391 seconds (2.07 G allocations: 23.261 TiB, 12.70% gc time, 0.04% compilation time)
[2022-07-21T15:51:32.115]Completed Shot 1, state 43
8828.893043 seconds (2.10 G allocations: 23.263 TiB, 12.69% gc time, 0.17% compilation time)
[2022-07-21T15:51:32.242]Completed Shot 1, state 75
8829.020605 seconds (2.10 G allocations: 23.263 TiB, 12.69% gc time, 0.17% compilation time)
[2022-07-21T15:51:32.329]Completed Shot 1, state 47
8829.856712 seconds (2.10 G allocations: 23.264 TiB, 12.70% gc time, 0.17% compilation time)
[2022-07-21T15:51:33.206]Completed Shot 1, state 28
8829.957385 seconds (2.10 G allocations: 23.264 TiB, 12.70% gc time, 0.17% compilation time)
[2022-07-21T15:51:33.266]Completed Shot 1, state 58
8817.990931 seconds (2.07 G allocations: 23.263 TiB, 12.71% gc time, 0.04% compilation time)
[2022-07-21T15:51:33.273]Completed Shot 1, state 39
8830.082095 seconds (2.10 G allocations: 23.265 TiB, 12.70% gc time, 0.17% compilation time)
[2022-07-21T15:51:33.435]Completed Shot 1, state 16
8818.382356 seconds (2.07 G allocations: 23.264 TiB, 12.71% gc time, 0.04% compilation time)
[2022-07-21T15:51:33.737]Completed Shot 1, state 45
8830.469086 seconds (2.10 G allocations: 23.266 TiB, 12.70% gc time, 0.17% compilation time)
[2022-07-21T15:51:33.920]Completed Shot 1, state 18
8830.582971 seconds (2.10 G allocations: 23.266 TiB, 12.70% gc time, 0.17% compilation time)
[2022-07-21T15:51:33.936]Completed Shot 1, state 64
8818.488422 seconds (2.06 G allocations: 23.264 TiB, 12.71% gc time, 0.03% compilation time)
[2022-07-21T15:51:34.089]Completed Shot 1, state 13
8818.757616 seconds (2.07 G allocations: 23.265 TiB, 12.71% gc time, 0.04% compilation time)
[2022-07-21T15:51:34.140]Completed Shot 1, state 76
8830.922360 seconds (2.10 G allocations: 23.267 TiB, 12.70% gc time, 0.17% compilation time)
[2022-07-21T15:51:34.240]Completed Shot 1, state 51
8831.320943 seconds (2.10 G allocations: 23.268 TiB, 12.70% gc time, 0.17% compilation time)
[2022-07-21T15:51:34.669]Completed Shot 1, state 27
8819.441243 seconds (2.07 G allocations: 23.267 TiB, 12.71% gc time, 0.04% compilation time)
[2022-07-21T15:51:34.805]Completed Shot 1, state 80
8819.387781 seconds (2.07 G allocations: 23.267 TiB, 12.71% gc time, 0.04% compilation time)
[2022-07-21T15:51:34.848]Completed Shot 1, state 88
8819.478041 seconds (2.06 G allocations: 23.267 TiB, 12.71% gc time, 0.03% compilation time)
[2022-07-21T15:51:35.078]Completed Shot 1, state 52
8819.560586 seconds (2.06 G allocations: 23.267 TiB, 12.71% gc time, 0.03% compilation time)
[2022-07-21T15:51:35.327]Completed Shot 1, state 34
8831.978486 seconds (2.10 G allocations: 23.270 TiB, 12.70% gc time, 0.17% compilation time)
[2022-07-21T15:51:35.331]Completed Shot 1, state 29
8832.046737 seconds (2.10 G allocations: 23.271 TiB, 12.70% gc time, 0.17% compilation time)
[2022-07-21T15:51:35.400]Completed Shot 1, state 17
8832.470179 seconds (2.10 G allocations: 23.271 TiB, 12.70% gc time, 0.17% compilation time)
[2022-07-21T15:51:35.921]Completed Shot 1, state 59
8832.732958 seconds (2.10 G allocations: 23.272 TiB, 12.70% gc time, 0.17% compilation time)
[2022-07-21T15:51:36.198]Completed Shot 1, state 74
8832.922285 seconds (2.10 G allocations: 23.273 TiB, 12.70% gc time, 0.17% compilation time)
[2022-07-21T15:51:36.272]Completed Shot 1, state 85
8820.940136 seconds (2.07 G allocations: 23.271 TiB, 12.71% gc time, 0.04% compilation time)
[2022-07-21T15:51:36.307]Completed Shot 1, state 91
8833.233171 seconds (2.10 G allocations: 23.273 TiB, 12.70% gc time, 0.17% compilation time)
[2022-07-21T15:51:36.582]Completed Shot 1, state 67
8833.397927 seconds (2.10 G allocations: 23.274 TiB, 12.70% gc time, 0.17% compilation time)
[2022-07-21T15:51:36.707]Completed Shot 1, state 19
8833.425549 seconds (2.10 G allocations: 23.274 TiB, 12.70% gc time, 0.17% compilation time)
[2022-07-21T15:51:36.776]Completed Shot 1, state 23
8833.814529 seconds (2.10 G allocations: 23.275 TiB, 12.70% gc time, 0.17% compilation time)
[2022-07-21T15:51:37.162]Completed Shot 1, state 21
8821.924016 seconds (2.07 G allocations: 23.274 TiB, 12.71% gc time, 0.04% compilation time)
[2022-07-21T15:51:37.192]Completed Shot 1, state 99
8834.443450 seconds (2.10 G allocations: 23.277 TiB, 12.70% gc time, 0.17% compilation time)
[2022-07-21T15:51:37.761]Completed Shot 1, state 87
8823.399419 seconds (2.07 G allocations: 23.278 TiB, 12.71% gc time, 0.04% compilation time)
[2022-07-21T15:51:38.851]Completed Shot 1, state 69
8823.545359 seconds (2.07 G allocations: 23.278 TiB, 12.71% gc time, 0.04% compilation time)
[2022-07-21T15:51:38.899]Completed Shot 1, state 31
8835.450091 seconds (2.10 G allocations: 23.280 TiB, 12.70% gc time, 0.17% compilation time)
[2022-07-21T15:51:38.921]Completed Shot 1, state 36
8823.837374 seconds (2.07 G allocations: 23.279 TiB, 12.71% gc time, 0.04% compilation time)
[2022-07-21T15:51:39.193]Completed Shot 1, state 26
8836.017662 seconds (2.10 G allocations: 23.281 TiB, 12.70% gc time, 0.17% compilation time)
[2022-07-21T15:51:39.367]Completed Shot 1, state 32
8836.092348 seconds (2.10 G allocations: 23.282 TiB, 12.70% gc time, 0.17% compilation time)
[2022-07-21T15:51:39.401]Completed Shot 1, state 50
8837.141486 seconds (2.10 G allocations: 23.284 TiB, 12.70% gc time, 0.17% compilation time)
[2022-07-21T15:51:40.495]Completed Shot 1, state 24
369.338373 seconds (69.21 M allocations: 991.392 GiB, 9.10% gc time)
[2022-07-21T15:57:36.896]Completed Shot 1, state 8
370.400821 seconds (67.60 M allocations: 991.367 GiB, 9.08% gc time)
[2022-07-21T15:57:38.032]Completed Shot 1, state 4
380.131791 seconds (85.78 M allocations: 1010.087 GiB, 9.76% gc time)
[2022-07-21T15:57:39.491]Completed Shot 1, state 2
378.221448 seconds (77.71 M allocations: 1004.818 GiB, 9.39% gc time)
[2022-07-21T15:57:40.406]Completed Shot 1, state 6
[2022-07-21T15:57:40.411]**********Simulation completed!**********
[2022-07-21T15:57:40.411]**********Saving**********
[2022-07-21T15:57:41.029]Saving file: /lustre/work/ws/ws1/hd_ku269-logs/LightCones/2022-07-21/6308351_N17_BS.jld2
[2022-07-21T15:57:44.573]**********Run completed!**********
