  Activating project at `/gpfs/bwfor/work/ws/hd_ku269-light_cones/WorkingFolder`
Added MKL.jl
Project LightCones v0.1.0
Status `/gpfs/bwfor/work/ws/hd_ku269-light_cones/WorkingFolder/Project.toml`
  [7d9fca2a] Arpack v0.5.3
  [7073ff75] IJulia v1.23.3
  [033835bb] JLD2 v0.4.25
  [0b1a1467] KrylovKit v0.6.0
  [d3d80556] LineSearches v7.2.0
  [33e6dc65] MKL v0.6.0
  [429524aa] Optim v1.7.3
  [91a5bcdd] Plots v1.35.5
  [c3e4b0f8] Pluto v0.19.14
  [3c0b384b] QuantumInformation v0.4.9
  [189a3867] Reexport v1.2.2
  [295af30f] Revise v3.4.0
  [ebcc8a00] SpinSymmetry v0.3.3
  [59d54670] ThreadedSparseArrays v0.2.2
  [ade2ca70] Dates
  [8ba89e20] Distributed
  [37e2e46d] LinearAlgebra
  [de0858da] Printf
  [9a3f8284] Random
  [1a1011a3] SharedArrays
  [2f01184e] SparseArrays
  [10745b16] Statistics
[2022-11-05T09:03:00.154]**********RANDOM FIELDS**********
shared_krylov_rp.jl
Working Directory:          /gpfs/bwfor/work/ws/hd_ku269-light_cones/WorkingFolder
SLURM Directory:            /gpfs/bwfor/work/ws/hd_ku269-light_cones/WorkingFolder 
Running on host:            m04n08
Job id:                     137065
Job name:                   otoc_simulation_N13_ED_rp
Number of nodes allocated:  
Number of cores allocated:  1
#threads of Julia:          64
#threads of BLAS:           64
ARGS = ["13", "25", "x", "0.5", "box_pbc"]
LOCATION = "/gpfs/bwfor/work/ws/hd_ku269-logs/LightCones/2022-11-05"
N = 13
SHOTS = 25
OBSERVABLE = "x"
DISORDER_PARAM = 0.5
GEOMETRY = "box_pbc"
[2022-11-05T09:03:00.351]**********Running simulation**********
[2022-11-05T09:03:00.407]trange = [0.001, 0.0012224984640507833, 0.0014945024946065226, 0.0018270270041765395, 0.0022335377063851234, 0.0027304964154553227, 0.003338027673990301, 0.004080733704412156, 0.004988690685844122, 0.006098666701068888, 0.0074556106748143655, 0.009114472598521184, 0.011142428752325104, 0.013621602035512718, 0.016652387566325318, 0.020357518222611073, 0.024887034759027867, 0.030424361767690002, 0.03719373553072644, 0.04546928455862411, 0.05558613053440594, 0.06795395920083763, 0.0830736107491936, 0.10155736154404175, 0.12415371850064118, 0.15177773017322715, 0.1855480420138843, 0.22683219636960364, 0.27730201165910606, 0.3390012833314499, 0.4144285481839415, 0.5066382636136649, 0.6193644990970611, 0.7571721488337407, 0.9256417889712781, 1.1315956652786068, 1.3833739627296209, 1.691172544644807, 2.067455838273133, 2.527461586781727, 3.08981790778802, 3.7772976464674546, 4.617740571069106, 5.645180755516969, 6.901224802908534, 8.436736721624852, 10.31389768378721, 12.608724076806796, 15.414145817536436, 18.843769586593137, 23.036479376536935, 28.162060654953976, 34.428075895186176, 42.08826990208894, 51.45284530985845, 62.90102436234463, 76.89640567018716, 94.00573782282974, 114.92187010036997, 140.49180968354577, 171.75102154984967, 209.9653600438446, 256.68233015746944, 313.7937543664821, 383.6123827417535, 468.9655486926548, 573.3096629695038, 700.8701824056907, 856.8127214899482, 1047.452236000633, 1280.5087496773324, 1565.4199796841278, 1913.7235207582544, 2339.5240647448254, 2860.0645757603943, 3496.42455095314, 4274.373643209663, 5225.415213602959, 6388.0620726572115, 7809.396072084504, 9546.974703287526, 11671.161911100682, 14267.977510008572, 17442.580591096616, 21323.527981697593, 26067.980205769178, 31868.065762459137, 38958.6614468756, 47626.903780279936, 58223.81671888672, 71178.52651001325, 87015.63933188906, 106376.48543163142, 130045.09005128978, 158979.92284504737, 194352.71149298263, 237595.89128427603, 290460.61215980403, 355087.6522326125, 434094.1094577669, 530679.3820656121, 648754.7294786302, 793101.660333306, 969565.5615935915, 1.1852924098446993e6, 1.449018150486198e6, 1.7714224633510853e6, 2.1655612406317545e6, 2.6473952904802253e6, 3.236436676347363e6, 3.9565388658322766e6, 4.836862686437181e6, 5.913057204993993e6, 7.228703350949566e6, 8.837078743614603e6, 1.0803315190764688e7, 1.3207036227366311e7, 1.6145581502618348e7, 1.9737948588157646e7, 2.412961183253607e7, 2.949841340341692e7, 3.606176507761233e7, 4.4085452418341294e7, 5.3894397868406065e7, 6.5885818615068145e7, 8.05453120596494e7, 9.84665202794123e7, 1.2037516980200672e8, 1.471584601928056e8, 1.799009915577826e8, 2.1992868586060324e8, 2.688624806652939e8, 3.2868396965420544e8, 4.018156480603808e8, 4.912190125853861e8, 6.00514488398175e8, 7.341280397070116e8, 8.974704009584349e8, 1.0971561867027237e9, 1.3412717530679011e9, 1.6397026580002053e9, 2.0045339809052315e9, 2.45053971279426e9, 2.995781034986421e9, 3.662337713903369e9, 4.4772022300821295e9, 5.47337284952015e9, 6.691189901715622e9, 8.179969377519501e9, 1.0e10]
[2022-11-05T09:03:00.473]i=1
[2022-11-05T09:03:00.726]A=σx
[2022-11-05T09:03:01.155]Generating positions for PositionDataDescriptor(:box_pbc, 13, 25, 0.5)
[[2022-11-05T09:03:04.0992022-11-05T09:03:04.099]Created Hamiltonian for Shot 20
]Created Hamiltonian for Shot 24
[[2022-11-05T09:03:04.102]Created Hamiltonian for Shot 11
2022-11-05T09:03:04.102]Created Hamiltonian for Shot 23
[2022-11-05T09:03:04.103]Created Hamiltonian for Shot 18
[2022-11-05T09:03:04.104]Created Hamiltonian for Shot 16
[2022-11-05T09:03:04.111]Created Hamiltonian for Shot 17
[2022-11-05T09:03:04.112]Created Hamiltonian for Shot 15
[2022-11-05T09:03:04.116]Created Hamiltonian for Shot 3
[2022-11-05T09:03:04.117]Created Hamiltonian for Shot 14
[2022-11-05T09:03:04.133]Created Hamiltonian for Shot 6
[2022-11-05T09:03:04.351]Created Hamiltonian for Shot 8
[2022-11-05T09:03:04.369]Created Hamiltonian for Shot 22
[2022-11-05T09:03:04.916]Created Hamiltonian for Shot 19
[2022-11-05T09:03:05.057]Created Hamiltonian for Shot 5
[2022-11-05T09:03:05.373]Created Hamiltonian for Shot 1
[[2022-11-05T09:03:05.374[]Created Hamiltonian for Shot 21
2022-11-05T09:03:05.374]Created Hamiltonian for Shot 25
[2022-11-05T09:03:05.645]Created Hamiltonian for Shot 12
2022-11-05T09:03:05.645]Created Hamiltonian for Shot 9
[2022-11-05T09:03:05.825]Created Hamiltonian for Shot 13
[2022-11-05T09:03:06.336]Created Hamiltonian for Shot 4
[2022-11-05T09:03:06.336]Created Hamiltonian for Shot 10
[2022-11-05T09:03:06.621]Created Hamiltonian for Shot 2
[2022-11-05T09:03:06.867]Created Hamiltonian for Shot 7
[[[[[[[[[[[[[[[[[[[2022-11-05T09:45:08.521]Diagonalized H.
2022-11-05T09:45:08.456]Diagonalized H.
[[2022-11-05T09:45:08.469]Diagonalized H.
2022-11-05T09:45:08.467]Diagonalized H.
2022-11-05T09:45:08.367]Diagonalized H.
2022-11-05T09:45:08.357]Diagonalized H.
2022-11-05T09:45:08.3582022-11-05T09:45:08.391]Diagonalized H.
]Diagonalized H.
2022-11-05T09:45:08.4132022-11-05T09:45:08.419]Diagonalized H.
]Diagonalized H.
2022-11-05T09:45:08.568]Diagonalized H.
2022-11-05T09:45:08.479]2022-11-05T09:45:08.568]Diagonalized H.
Diagonalized H.
2022-11-05T09:45:08.468]Diagonalized H.2022-11-05T09:45:08.397]Diagonalized H.
2022-11-05T09:45:08.549]Diagonalized H.
2022-11-05T09:45:08.3552022-11-05T09:45:08.4492022-11-05T09:45:08.500]]Diagonalized H.
[2022-11-05T09:45:08.710]Diagonalized H.
2022-11-05T09:45:08.494
]Diagonalized H.
2022-11-05T09:45:08.424[]]Diagonalized H.
2022-11-05T09:45:08.692]Diagonalized H.
Diagonalized H.
Diagonalized H.
[[2022-11-05T09:45:08.973]Diagonalized H.
2022-11-05T09:45:08.942]Diagonalized H.
[2022-11-05T11:16:44.226]Completed Shot 14
[2022-11-05T12:04:35.353]Completed Shot 24
[2022-11-05T12:05:19.742]Completed Shot 3
[2022-11-05T12:07:50.423]Completed Shot 20
[2022-11-05T12:44:59.160]Completed Shot 17
[2022-11-05T12:54:02.646]Completed Shot 25
[2022-11-05T13:24:01.283]Completed Shot 23
[2022-11-05T13:28:28.426]Completed Shot 2
[2022-11-05T13:29:39.366]Completed Shot 4
[2022-11-05T13:30:05.610]Completed Shot 10
[2022-11-05T13:32:36.117]Completed Shot 1
[2022-11-05T13:33:20.276]Completed Shot 21
[2022-11-05T13:33:53.210]Completed Shot 9
[2022-11-05T13:34:54.223]Completed Shot 6
[2022-11-05T13:34:55.297]Completed Shot 18
[2022-11-05T13:35:04.971]Completed Shot 8
[2022-11-05T13:35:11.389]Completed Shot 16
[2022-11-05T13:35:12.661]Completed Shot 15
[2022-11-05T13:35:26.531]Completed Shot 7
[2022-11-05T13:35:34.399]Completed Shot 5
[2022-11-05T13:36:46.663]Completed Shot 19
[2022-11-05T13:38:49.129]Completed Shot 13
[2022-11-05T13:39:33.165]Completed Shot 12
[2022-11-05T13:39:39.923]Completed Shot 11
[2022-11-05T13:40:42.929]Completed Shot 22
[2022-11-05T13:40:42.930]**********Simulation completed!**********
[2022-11-05T13:40:42.930]**********Saving**********
[2022-11-05T13:40:47.154]Saving file: /gpfs/bwfor/work/ws/hd_ku269-logs/LightCones/2022-11-05/137065_N13_rp.jld2
[2022-11-05T13:40:48.879]**********Run completed!**********
============================= JOB FEEDBACK =============================
Job ID: 137065
Cluster: helix
User/Group: hd_ku269/hd_hd
State: COMPLETED (exit code 0)
Nodes: 1
Cores per node: 64
CPU Utilized: 11-23:16:36
CPU Efficiency: 96.85% of 12-08:37:20 core-walltime
Job Wall-clock time: 04:38:05
Memory Utilized: 142.29 GB
Memory Efficiency: 59.29% of 240.00 GB
