  Activating project at `/gpfs/bwfor/work/ws/hd_ku269-light_cones/WorkingFolder`
Added MKL.jl
Project LightCones v0.1.0
Status `/gpfs/bwfor/work/ws/hd_ku269-light_cones/WorkingFolder/Project.toml`
  [7d9fca2a] Arpack v0.5.3
  [7073ff75] IJulia v1.23.3
  [033835bb] JLD2 v0.4.25
  [0b1a1467] KrylovKit v0.6.0
  [d3d80556] LineSearches v7.2.0
  [33e6dc65] MKL v0.6.0
  [429524aa] Optim v1.7.3
  [91a5bcdd] Plots v1.35.5
  [c3e4b0f8] Pluto v0.19.14
  [3c0b384b] QuantumInformation v0.4.9
  [189a3867] Reexport v1.2.2
  [295af30f] Revise v3.4.0
  [ebcc8a00] SpinSymmetry v0.3.3
  [59d54670] ThreadedSparseArrays v0.2.2
  [ade2ca70] Dates
  [8ba89e20] Distributed
  [37e2e46d] LinearAlgebra
  [de0858da] Printf
  [9a3f8284] Random
  [1a1011a3] SharedArrays
  [2f01184e] SparseArrays
  [10745b16] Statistics
[2022-11-05T08:37:22.190]**********RANDOM FIELDS**********
shared_krylov_rp.jl
Working Directory:          /gpfs/bwfor/work/ws/hd_ku269-light_cones/WorkingFolder
SLURM Directory:            /gpfs/bwfor/work/ws/hd_ku269-light_cones/WorkingFolder 
Running on host:            m02n05
Job id:                     137060
Job name:                   otoc_simulation_N13_ED_rp
Number of nodes allocated:  
Number of cores allocated:  1
#threads of Julia:          64
#threads of BLAS:           64
ARGS = ["13", "25", "x", "0.6", "box_pbc"]
LOCATION = "/gpfs/bwfor/work/ws/hd_ku269-logs/LightCones/2022-11-05"
N = 13
SHOTS = 25
OBSERVABLE = "x"
DISORDER_PARAM = 0.6
GEOMETRY = "box_pbc"
[2022-11-05T08:37:22.410]**********Running simulation**********
[2022-11-05T08:37:22.466]trange = [0.001, 0.0012224984640507833, 0.0014945024946065226, 0.0018270270041765395, 0.0022335377063851234, 0.0027304964154553227, 0.003338027673990301, 0.004080733704412156, 0.004988690685844122, 0.006098666701068888, 0.0074556106748143655, 0.009114472598521184, 0.011142428752325104, 0.013621602035512718, 0.016652387566325318, 0.020357518222611073, 0.024887034759027867, 0.030424361767690002, 0.03719373553072644, 0.04546928455862411, 0.05558613053440594, 0.06795395920083763, 0.0830736107491936, 0.10155736154404175, 0.12415371850064118, 0.15177773017322715, 0.1855480420138843, 0.22683219636960364, 0.27730201165910606, 0.3390012833314499, 0.4144285481839415, 0.5066382636136649, 0.6193644990970611, 0.7571721488337407, 0.9256417889712781, 1.1315956652786068, 1.3833739627296209, 1.691172544644807, 2.067455838273133, 2.527461586781727, 3.08981790778802, 3.7772976464674546, 4.617740571069106, 5.645180755516969, 6.901224802908534, 8.436736721624852, 10.31389768378721, 12.608724076806796, 15.414145817536436, 18.843769586593137, 23.036479376536935, 28.162060654953976, 34.428075895186176, 42.08826990208894, 51.45284530985845, 62.90102436234463, 76.89640567018716, 94.00573782282974, 114.92187010036997, 140.49180968354577, 171.75102154984967, 209.9653600438446, 256.68233015746944, 313.7937543664821, 383.6123827417535, 468.9655486926548, 573.3096629695038, 700.8701824056907, 856.8127214899482, 1047.452236000633, 1280.5087496773324, 1565.4199796841278, 1913.7235207582544, 2339.5240647448254, 2860.0645757603943, 3496.42455095314, 4274.373643209663, 5225.415213602959, 6388.0620726572115, 7809.396072084504, 9546.974703287526, 11671.161911100682, 14267.977510008572, 17442.580591096616, 21323.527981697593, 26067.980205769178, 31868.065762459137, 38958.6614468756, 47626.903780279936, 58223.81671888672, 71178.52651001325, 87015.63933188906, 106376.48543163142, 130045.09005128978, 158979.92284504737, 194352.71149298263, 237595.89128427603, 290460.61215980403, 355087.6522326125, 434094.1094577669, 530679.3820656121, 648754.7294786302, 793101.660333306, 969565.5615935915, 1.1852924098446993e6, 1.449018150486198e6, 1.7714224633510853e6, 2.1655612406317545e6, 2.6473952904802253e6, 3.236436676347363e6, 3.9565388658322766e6, 4.836862686437181e6, 5.913057204993993e6, 7.228703350949566e6, 8.837078743614603e6, 1.0803315190764688e7, 1.3207036227366311e7, 1.6145581502618348e7, 1.9737948588157646e7, 2.412961183253607e7, 2.949841340341692e7, 3.606176507761233e7, 4.4085452418341294e7, 5.3894397868406065e7, 6.5885818615068145e7, 8.05453120596494e7, 9.84665202794123e7, 1.2037516980200672e8, 1.471584601928056e8, 1.799009915577826e8, 2.1992868586060324e8, 2.688624806652939e8, 3.2868396965420544e8, 4.018156480603808e8, 4.912190125853861e8, 6.00514488398175e8, 7.341280397070116e8, 8.974704009584349e8, 1.0971561867027237e9, 1.3412717530679011e9, 1.6397026580002053e9, 2.0045339809052315e9, 2.45053971279426e9, 2.995781034986421e9, 3.662337713903369e9, 4.4772022300821295e9, 5.47337284952015e9, 6.691189901715622e9, 8.179969377519501e9, 1.0e10]
[2022-11-05T08:37:22.533]i=1
[2022-11-05T08:37:22.788]A=σx
[2022-11-05T08:37:23.426]Generating positions for PositionDataDescriptor(:box_pbc, 13, 25, 0.6)
[2022-11-05T08:37:26.350]Created Hamiltonian for Shot 8
[2022-11-05T08:37:26.358]Created Hamiltonian for Shot 3
[2022-11-05T08:37:26.371]Created Hamiltonian for Shot 16
[2022-11-05T08:37:26.384]Created Hamiltonian for Shot 2
[2022-11-05T08:37:26.815]Created Hamiltonian for Shot 5
[2022-11-05T08:37:26.815]Created Hamiltonian for Shot 17
[2022-11-05T08:37:26.815]Created Hamiltonian for Shot 19
[2022-11-05T08:37:26.817]Created Hamiltonian for Shot 14
[2022-11-05T08:37:26.819]Created Hamiltonian for Shot 13
[2022-11-05T08:37:26.821]Created Hamiltonian for Shot 6
[2022-11-05T08:37:26.827]Created Hamiltonian for Shot 24
[2022-11-05T08:37:26.827]Created Hamiltonian for Shot 21
[2022-11-05T08:37:26.828]Created Hamiltonian for Shot 25
[2022-11-05T08:37:26.831]Created Hamiltonian for Shot 11
[2022-11-05T08:37:26.831]Created Hamiltonian for Shot 1
[2022-11-05T08:37:26.832]Created Hamiltonian for Shot 18
[2022-11-05T08:37:26.832]Created Hamiltonian for Shot 22
[2022-11-05T08:37:26.834]Created Hamiltonian for Shot 12
[2022-11-05T08:37:26.839]Created Hamiltonian for Shot 10
[2022-11-05T08:37:27.608]Created Hamiltonian for Shot 20
[2022-11-05T08:37:27.741]Created Hamiltonian for Shot 9
[2022-11-05T08:37:27.872]Created Hamiltonian for Shot 4
[2022-11-05T08:37:28.152]Created Hamiltonian for Shot 7
[[2022-11-05T08:37:28.284]Created Hamiltonian for Shot 15
2022-11-05T08:37:28.284]Created Hamiltonian for Shot 23
[2022-11-05T09:24:15.200]Diagonalized H.
[2022-11-05T09:24:15.201]Diagonalized H.
[2022-11-05T09:24:15.208]Diagonalized H.
[2022-11-05T09:24:15.208]Diagonalized H.
[2022-11-05T09:24:15.255]Diagonalized H.
[2022-11-05T09:24:15.259]Diagonalized H.
[2022-11-05T09:24:15.261]Diagonalized H.
[2022-11-05T09:24:15.322]Diagonalized H.
[2022-11-05T09:24:15.326]Diagonalized H.
[2022-11-05T09:24:15.339]Diagonalized H.
[2022-11-05T09:24:15.352]Diagonalized H.
[2022-11-05T09:24:15.354]Diagonalized H.
[2022-11-05T09:24:15.369]Diagonalized H.
[2022-11-05T09:24:15.375]Diagonalized H.
[2022-11-05T09:24:15.401]Diagonalized H.
[2022-11-05T09:24:15.402]Diagonalized H.
[2022-11-05T09:24:15.427]Diagonalized H.
[2022-11-05T09:24:15.429]Diagonalized H.
[2022-11-05T09:24:15.429]Diagonalized H.
[2022-11-05T09:24:15.432]Diagonalized H.
[2022-11-05T09:24:15.432]Diagonalized H.
[2022-11-05T09:24:15.438]Diagonalized H.
[2022-11-05T09:24:15.439]Diagonalized H.
[2022-11-05T09:24:15.475]Diagonalized H.
[2022-11-05T09:24:15.485]Diagonalized H.
[2022-11-05T10:15:26.855]Completed Shot 14
[2022-11-05T11:32:16.017]Completed Shot 13
[2022-11-05T11:36:14.248]Completed Shot 3
[2022-11-05T11:36:59.219]Completed Shot 4
[2022-11-05T12:26:21.453]Completed Shot 19
[2022-11-05T12:31:43.656]Completed Shot 1
[2022-11-05T12:32:02.113]Completed Shot 2
[2022-11-05T12:56:12.086]Completed Shot 11
[2022-11-05T13:04:46.730]Completed Shot 22
[2022-11-05T13:05:00.496]Completed Shot 16
[2022-11-05T13:05:53.567]Completed Shot 24
[2022-11-05T13:09:05.067]Completed Shot 18
[2022-11-05T13:09:31.319]Completed Shot 21
[2022-11-05T13:09:42.935]Completed Shot 23
[2022-11-05T13:09:51.562]Completed Shot 17
[2022-11-05T13:10:08.374]Completed Shot 12
[2022-11-05T13:10:33.130]Completed Shot 25
[2022-11-05T13:10:52.663]Completed Shot 20
[2022-11-05T13:11:19.524]Completed Shot 8
[2022-11-05T13:11:23.869]Completed Shot 9
[2022-11-05T13:13:21.165]Completed Shot 10
[2022-11-05T13:14:00.241]Completed Shot 5
[2022-11-05T13:14:14.281]Completed Shot 7
[2022-11-05T13:14:40.797]Completed Shot 6
[2022-11-05T13:14:43.459]Completed Shot 15
[2022-11-05T13:14:43.460]**********Simulation completed!**********
[2022-11-05T13:14:43.460]**********Saving**********
[2022-11-05T13:14:47.642]Saving file: /gpfs/bwfor/work/ws/hd_ku269-logs/LightCones/2022-11-05/137060_N13_rp.jld2
[2022-11-05T13:14:49.358]**********Run completed!**********
============================= JOB FEEDBACK =============================
Job ID: 137060
Cluster: helix
User/Group: hd_ku269/hd_hd
State: COMPLETED (exit code 0)
Nodes: 1
Cores per node: 64
CPU Utilized: 12-01:20:49
CPU Efficiency: 97.69% of 12-08:11:44 core-walltime
Job Wall-clock time: 04:37:41
Memory Utilized: 140.92 GB
Memory Efficiency: 58.72% of 240.00 GB
