Added MKL.jl
Project LightCones v0.1.0
Status `/gpfs/bwfor/work/ws/hd_ku269-light_cones/WorkingFolder/Project.toml`
⌃ [7d9fca2a] Arpack v0.5.3
⌃ [7073ff75] IJulia v1.23.3
⌃ [033835bb] JLD2 v0.4.25
  [0b1a1467] KrylovKit v0.6.0
  [d3d80556] LineSearches v7.2.0
  [33e6dc65] MKL v0.6.0
⌃ [429524aa] Optim v1.7.3
⌃ [91a5bcdd] Plots v1.35.5
⌃ [c3e4b0f8] Pluto v0.19.14
  [3c0b384b] QuantumInformation v0.4.9
  [189a3867] Reexport v1.2.2
⌃ [295af30f] Revise v3.4.0
  [ebcc8a00] SpinSymmetry v0.3.3
  [59d54670] ThreadedSparseArrays v0.2.2
  [ade2ca70] Dates
  [8ba89e20] Distributed
  [37e2e46d] LinearAlgebra
  [de0858da] Printf
  [9a3f8284] Random
  [1a1011a3] SharedArrays
  [2f01184e] SparseArrays
  [10745b16] Statistics
Info Packages marked with ⌃ have new versions available and may be upgradable.
[2023-01-10T07:44:05.669]**********RANDOM FIELDS**********
shared_krylov.jl
Working Directory:          /gpfs/bwfor/work/ws/hd_ku269-light_cones/WorkingFolder
SLURM Directory:            /gpfs/bwfor/work/ws/hd_ku269-light_cones/WorkingFolder 
Running on host:            m10n11
Job id:                     482077
Job name:                   otoc_simulation_N11_TR_FIDONLYFR
Number of nodes allocated:  
Number of cores allocated:  1
#threads of Julia:          64
#threads of BLAS:           1
ARGS = ["11", "10", "50", "BS", "x", "6", "50", "WAHUHA_FR"]
LOCATION = "/gpfs/bwfor/work/ws/hd_ku269-logs/LightCones/2023-01-10"
N = 11
SHOTS = 10
MULT_RANDOM_STATES = true
N_RANDOM_STATES = 50
TYPE_OF_RS = "BS"
OBSERVABLE = "x"
DISORDER_PARAM = 6.0
[2023-01-10T07:44:05.881]**********Running simulation**********
[2023-01-10T07:44:05.936]trange = 0.1:0.1:20.0
[2023-01-10T07:44:06.232]A = σx
[2023-01-10T07:44:07.056]alpha=6
[2023-01-10T07:44:07.056]PBC
10[2023-01-10T07:44:10.318]Operations set up.
Using multiple states.
5087.492884 seconds (3.73 G allocations: 9.178 TiB, 14.82% gc time, 0.09% compilation time)
[2023-01-10T09:09:14.153]Completed Shot 1, state 30
5099.202176 seconds (3.75 G allocations: 9.206 TiB, 14.83% gc time, 0.09% compilation time)
[2023-01-10T09:09:25.970]Completed Shot 1, state 4
5104.773239 seconds (3.75 G allocations: 9.223 TiB, 14.82% gc time, 0.09% compilation time)
[2023-01-10T09:09:31.645]Completed Shot 1, state 9
5105.619009 seconds (3.75 G allocations: 9.225 TiB, 14.81% gc time, 0.09% compilation time)
[2023-01-10T09:09:32.030]Completed Shot 1, state 36
5106.775202 seconds (3.76 G allocations: 9.229 TiB, 14.81% gc time, 0.09% compilation time)
[2023-01-10T09:09:33.603]Completed Shot 1, state 28
5110.661432 seconds (3.76 G allocations: 9.232 TiB, 14.84% gc time, 0.09% compilation time)
[2023-01-10T09:09:37.072]Completed Shot 1, state 46
5116.522604 seconds (3.76 G allocations: 9.237 TiB, 14.82% gc time, 0.18% compilation time)
[2023-01-10T09:09:38.736]Completed Shot 1, state 1
5118.830874 seconds (3.77 G allocations: 9.255 TiB, 14.82% gc time, 0.09% compilation time)
[2023-01-10T09:09:45.243]Completed Shot 1, state 48
5118.890732 seconds (3.77 G allocations: 9.255 TiB, 14.82% gc time, 0.09% compilation time)
[2023-01-10T09:09:45.307]Completed Shot 1, state 3
5121.956727 seconds (3.77 G allocations: 9.260 TiB, 14.84% gc time, 0.09% compilation time)
[2023-01-10T09:09:48.780]Completed Shot 1, state 32
5122.564216 seconds (3.77 G allocations: 9.260 TiB, 14.84% gc time, 0.09% compilation time)
[2023-01-10T09:09:48.975]Completed Shot 1, state 26
5124.685909 seconds (3.77 G allocations: 9.267 TiB, 14.84% gc time, 0.09% compilation time)
[2023-01-10T09:09:51.290]Completed Shot 1, state 31
5124.754995 seconds (3.77 G allocations: 9.268 TiB, 14.84% gc time, 0.09% compilation time)
[2023-01-10T09:09:51.578]Completed Shot 1, state 10
5127.335185 seconds (3.77 G allocations: 9.272 TiB, 14.85% gc time, 0.09% compilation time)
[2023-01-10T09:09:53.958]Completed Shot 1, state 14
5127.768102 seconds (3.77 G allocations: 9.274 TiB, 14.85% gc time, 0.09% compilation time)
[2023-01-10T09:09:54.627]Completed Shot 1, state 7
5134.696400 seconds (3.78 G allocations: 9.280 TiB, 14.83% gc time, 0.18% compilation time)
[2023-01-10T09:09:56.910]Completed Shot 1, state 2
5130.664335 seconds (3.78 G allocations: 9.281 TiB, 14.84% gc time, 0.09% compilation time)
[2023-01-10T09:09:57.406]Completed Shot 1, state 13
5135.819366 seconds (3.78 G allocations: 9.283 TiB, 14.83% gc time, 0.18% compilation time)
[2023-01-10T09:09:58.050]Completed Shot 1, state 33
5137.647541 seconds (3.78 G allocations: 9.286 TiB, 14.84% gc time, 0.18% compilation time)
[2023-01-10T09:09:59.879]Completed Shot 1, state 25
5134.344587 seconds (3.78 G allocations: 9.290 TiB, 14.85% gc time, 0.09% compilation time)
[2023-01-10T09:10:01.178]Completed Shot 1, state 49
5134.793855 seconds (3.78 G allocations: 9.290 TiB, 14.85% gc time, 0.09% compilation time)
[2023-01-10T09:10:01.243]Completed Shot 1, state 34
5135.804859 seconds (3.78 G allocations: 9.292 TiB, 14.84% gc time, 0.09% compilation time)
[2023-01-10T09:10:02.216]Completed Shot 1, state 38
5140.163763 seconds (3.79 G allocations: 9.302 TiB, 14.85% gc time, 0.09% compilation time)
[2023-01-10T09:10:07.009]Completed Shot 1, state 12
5141.338204 seconds (3.79 G allocations: 9.305 TiB, 14.85% gc time, 0.09% compilation time)
[2023-01-10T09:10:08.182]Completed Shot 1, state 40
5146.950868 seconds (3.79 G allocations: 9.308 TiB, 14.83% gc time, 0.17% compilation time)
[2023-01-10T09:10:09.182]Completed Shot 1, state 8
5145.158275 seconds (3.79 G allocations: 9.311 TiB, 14.85% gc time, 0.09% compilation time)
[2023-01-10T09:10:11.569]Completed Shot 1, state 44
5145.770381 seconds (3.79 G allocations: 9.313 TiB, 14.85% gc time, 0.09% compilation time)
[2023-01-10T09:10:12.591]Completed Shot 1, state 17
5146.308596 seconds (3.79 G allocations: 9.314 TiB, 14.85% gc time, 0.09% compilation time)
[2023-01-10T09:10:12.719]Completed Shot 1, state 43
5146.296534 seconds (3.79 G allocations: 9.314 TiB, 14.85% gc time, 0.09% compilation time)
[2023-01-10T09:10:13.038]Completed Shot 1, state 37
5146.715744 seconds (3.79 G allocations: 9.315 TiB, 14.85% gc time, 0.09% compilation time)
[2023-01-10T09:10:13.126]Completed Shot 1, state 21
5146.329093 seconds (3.79 G allocations: 9.315 TiB, 14.85% gc time, 0.09% compilation time)
[2023-01-10T09:10:13.164]Completed Shot 1, state 29
5151.785021 seconds (3.79 G allocations: 9.317 TiB, 14.83% gc time, 0.17% compilation time)
[2023-01-10T09:10:14.016]Completed Shot 1, state 16
5148.506526 seconds (3.79 G allocations: 9.318 TiB, 14.85% gc time, 0.09% compilation time)
[2023-01-10T09:10:15.276]Completed Shot 1, state 20
5148.463103 seconds (3.79 G allocations: 9.318 TiB, 14.85% gc time, 0.09% compilation time)
[2023-01-10T09:10:15.294]Completed Shot 1, state 18
5149.226700 seconds (3.79 G allocations: 9.319 TiB, 14.85% gc time, 0.09% compilation time)
[2023-01-10T09:10:16.062]Completed Shot 1, state 35
5150.703836 seconds (3.79 G allocations: 9.322 TiB, 14.85% gc time, 0.09% compilation time)
[2023-01-10T09:10:17.529]Completed Shot 1, state 19
5150.929503 seconds (3.79 G allocations: 9.323 TiB, 14.85% gc time, 0.09% compilation time)
[2023-01-10T09:10:17.801]Completed Shot 1, state 47
5153.024700 seconds (3.80 G allocations: 9.326 TiB, 14.85% gc time, 0.09% compilation time)
[2023-01-10T09:10:19.862]Completed Shot 1, state 11
5155.599198 seconds (3.80 G allocations: 9.330 TiB, 14.84% gc time, 0.09% compilation time)
[2023-01-10T09:10:22.450]Completed Shot 1, state 42
5156.640101 seconds (3.80 G allocations: 9.332 TiB, 14.84% gc time, 0.09% compilation time)
[2023-01-10T09:10:23.243]Completed Shot 1, state 39
5158.729576 seconds (3.80 G allocations: 9.334 TiB, 14.84% gc time, 0.09% compilation time)
[2023-01-10T09:10:25.140]Completed Shot 1, state 15
5159.129234 seconds (3.80 G allocations: 9.334 TiB, 14.84% gc time, 0.09% compilation time)
[2023-01-10T09:10:25.540]Completed Shot 1, state 45
5160.181703 seconds (3.80 G allocations: 9.335 TiB, 14.84% gc time, 0.09% compilation time)
[2023-01-10T09:10:26.592]Completed Shot 1, state 22
5161.337266 seconds (3.80 G allocations: 9.336 TiB, 14.83% gc time, 0.09% compilation time)
[2023-01-10T09:10:27.747]Completed Shot 1, state 23
5161.553433 seconds (3.80 G allocations: 9.337 TiB, 14.84% gc time, 0.08% compilation time)
[2023-01-10T09:10:28.420]Completed Shot 1, state 5
5161.725389 seconds (3.80 G allocations: 9.337 TiB, 14.84% gc time, 0.09% compilation time)
[2023-01-10T09:10:28.586]Completed Shot 1, state 6
5167.013779 seconds (3.80 G allocations: 9.340 TiB, 14.82% gc time, 0.08% compilation time)
[2023-01-10T09:10:33.870]Completed Shot 1, state 41
5171.569943 seconds (3.80 G allocations: 9.341 TiB, 14.81% gc time, 0.09% compilation time)
[2023-01-10T09:10:37.981]Completed Shot 1, state 50
5173.946707 seconds (3.80 G allocations: 9.342 TiB, 14.81% gc time, 0.09% compilation time)
[2023-01-10T09:10:40.776]Completed Shot 1, state 24
5173.987093 seconds (3.80 G allocations: 9.342 TiB, 14.81% gc time, 0.08% compilation time)
[2023-01-10T09:10:40.851]Completed Shot 1, state 27
4852.243531 seconds (3.76 G allocations: 9.245 TiB, 14.82% gc time)
[2023-01-10T10:31:33.100]Completed Shot 2, state 31
4893.976821 seconds (3.80 G allocations: 9.344 TiB, 14.85% gc time)
[2023-01-10T10:32:14.833]Completed Shot 2, state 30
4894.613809 seconds (3.81 G allocations: 9.346 TiB, 14.85% gc time)
[2023-01-10T10:32:15.470]Completed Shot 2, state 43
4896.566168 seconds (3.81 G allocations: 9.351 TiB, 14.85% gc time)
[2023-01-10T10:32:17.421]Completed Shot 2, state 13
4905.141771 seconds (3.82 G allocations: 9.369 TiB, 14.87% gc time)
[2023-01-10T10:32:25.997]Completed Shot 2, state 33
4905.524836 seconds (3.82 G allocations: 9.370 TiB, 14.87% gc time)
[2023-01-10T10:32:26.381]Completed Shot 2, state 48
4906.927403 seconds (3.82 G allocations: 9.374 TiB, 14.87% gc time)
[2023-01-10T10:32:27.783]Completed Shot 2, state 35
4907.661595 seconds (3.82 G allocations: 9.377 TiB, 14.87% gc time)
[2023-01-10T10:32:28.517]Completed Shot 2, state 20
4908.737209 seconds (3.82 G allocations: 9.380 TiB, 14.86% gc time)
[2023-01-10T10:32:29.593]Completed Shot 2, state 42
4916.673321 seconds (3.83 G allocations: 9.397 TiB, 14.87% gc time)
[2023-01-10T10:32:37.529]Completed Shot 2, state 36
4917.476876 seconds (3.83 G allocations: 9.400 TiB, 14.87% gc time)
[2023-01-10T10:32:38.332]Completed Shot 2, state 28
4920.332066 seconds (3.83 G allocations: 9.408 TiB, 14.86% gc time)
[2023-01-10T10:32:41.186]Completed Shot 2, state 3
4924.441109 seconds (3.83 G allocations: 9.415 TiB, 14.88% gc time)
[2023-01-10T10:32:45.297]Completed Shot 2, state 24
4925.441389 seconds (3.84 G allocations: 9.418 TiB, 14.88% gc time)
[2023-01-10T10:32:46.298]Completed Shot 2, state 50
4926.551969 seconds (3.84 G allocations: 9.421 TiB, 14.88% gc time)
[2023-01-10T10:32:47.408]Completed Shot 2, state 38
4927.833747 seconds (3.84 G allocations: 9.425 TiB, 14.87% gc time)
[2023-01-10T10:32:48.688]Completed Shot 2, state 17
4928.086491 seconds (3.84 G allocations: 9.426 TiB, 14.87% gc time)
[2023-01-10T10:32:48.940]Completed Shot 2, state 10
4930.032426 seconds (3.84 G allocations: 9.431 TiB, 14.87% gc time)
[2023-01-10T10:32:50.888]Completed Shot 2, state 37
4930.041761 seconds (3.84 G allocations: 9.431 TiB, 14.87% gc time)
[2023-01-10T10:32:50.898]Completed Shot 2, state 40
4932.475164 seconds (3.84 G allocations: 9.432 TiB, 14.90% gc time)
[2023-01-10T10:32:53.329]Completed Shot 2, state 8
4934.599874 seconds (3.84 G allocations: 9.438 TiB, 14.89% gc time)
[2023-01-10T10:32:55.455]Completed Shot 2, state 26
4937.255541 seconds (3.85 G allocations: 9.445 TiB, 14.88% gc time)
[2023-01-10T10:32:58.111]Completed Shot 2, state 25
4939.018095 seconds (3.85 G allocations: 9.446 TiB, 14.90% gc time)
[2023-01-10T10:32:59.873]Completed Shot 2, state 29
4939.187544 seconds (3.85 G allocations: 9.447 TiB, 14.90% gc time)
[2023-01-10T10:33:00.042]Completed Shot 2, state 19
4940.065381 seconds (3.85 G allocations: 9.449 TiB, 14.90% gc time)
[2023-01-10T10:33:00.919]Completed Shot 2, state 4
4942.020200 seconds (3.85 G allocations: 9.453 TiB, 14.89% gc time)
[2023-01-10T10:33:02.875]Completed Shot 2, state 16
4942.899379 seconds (3.85 G allocations: 9.455 TiB, 14.89% gc time)
[2023-01-10T10:33:03.755]Completed Shot 2, state 41
4945.835637 seconds (3.85 G allocations: 9.460 TiB, 14.90% gc time)
[2023-01-10T10:33:06.692]Completed Shot 2, state 46
4946.001997 seconds (3.85 G allocations: 9.460 TiB, 14.90% gc time)
[2023-01-10T10:33:06.856]Completed Shot 2, state 11
4946.760610 seconds (3.85 G allocations: 9.461 TiB, 14.90% gc time)
[2023-01-10T10:33:07.617]Completed Shot 2, state 39
4947.743371 seconds (3.85 G allocations: 9.464 TiB, 14.89% gc time)
[2023-01-10T10:33:08.600]Completed Shot 2, state 47
4948.491730 seconds (3.85 G allocations: 9.465 TiB, 14.89% gc time)
[2023-01-10T10:33:09.348]Completed Shot 2, state 49
4949.893007 seconds (3.86 G allocations: 9.468 TiB, 14.89% gc time)
[2023-01-10T10:33:10.747]Completed Shot 2, state 6
4950.289763 seconds (3.86 G allocations: 9.469 TiB, 14.89% gc time)
[2023-01-10T10:33:11.145]Completed Shot 2, state 21
4950.713216 seconds (3.86 G allocations: 9.469 TiB, 14.88% gc time)
[2023-01-10T10:33:11.566]Completed Shot 2, state 1
4952.959090 seconds (3.86 G allocations: 9.472 TiB, 14.89% gc time)
[2023-01-10T10:33:13.814]Completed Shot 2, state 23
4953.271449 seconds (3.86 G allocations: 9.472 TiB, 14.89% gc time)
[2023-01-10T10:33:14.125]Completed Shot 2, state 7
4953.423028 seconds (3.86 G allocations: 9.472 TiB, 14.89% gc time)
[2023-01-10T10:33:14.278]Completed Shot 2, state 18
4954.083526 seconds (3.86 G allocations: 9.473 TiB, 14.89% gc time)
[2023-01-10T10:33:14.937]Completed Shot 2, state 5
4955.372118 seconds (3.86 G allocations: 9.475 TiB, 14.89% gc time)
[2023-01-10T10:33:16.228]Completed Shot 2, state 44
4956.201263 seconds (3.86 G allocations: 9.476 TiB, 14.88% gc time)
[2023-01-10T10:33:17.055]Completed Shot 2, state 12
4959.507230 seconds (3.86 G allocations: 9.479 TiB, 14.89% gc time)
[2023-01-10T10:33:20.362]Completed Shot 2, state 15
4959.965935 seconds (3.86 G allocations: 9.480 TiB, 14.88% gc time)
[2023-01-10T10:33:20.821]Completed Shot 2, state 22
4961.185500 seconds (3.86 G allocations: 9.481 TiB, 14.88% gc time)
[2023-01-10T10:33:22.041]Completed Shot 2, state 27
4961.517643 seconds (3.86 G allocations: 9.481 TiB, 14.88% gc time)
[2023-01-10T10:33:22.372]Completed Shot 2, state 14
4965.946141 seconds (3.86 G allocations: 9.484 TiB, 14.87% gc time)
[2023-01-10T10:33:26.802]Completed Shot 2, state 45
4967.590343 seconds (3.86 G allocations: 9.485 TiB, 14.87% gc time)
[2023-01-10T10:33:28.444]Completed Shot 2, state 9
4967.763469 seconds (3.86 G allocations: 9.485 TiB, 14.87% gc time)
[2023-01-10T10:33:28.619]Completed Shot 2, state 34
4976.290042 seconds (3.86 G allocations: 9.487 TiB, 14.85% gc time)
[2023-01-10T10:33:37.146]Completed Shot 2, state 32
4986.443811 seconds (3.86 G allocations: 9.488 TiB, 14.82% gc time)
[2023-01-10T10:33:47.297]Completed Shot 2, state 2
4705.166450 seconds (3.72 G allocations: 9.133 TiB, 15.76% gc time)
[2023-01-10T11:52:12.474]Completed Shot 3, state 42
4724.003309 seconds (3.74 G allocations: 9.182 TiB, 15.76% gc time)
[2023-01-10T11:52:31.309]Completed Shot 3, state 25
4739.843307 seconds (3.75 G allocations: 9.221 TiB, 15.78% gc time)
[2023-01-10T11:52:47.150]Completed Shot 3, state 34
4742.014067 seconds (3.75 G allocations: 9.228 TiB, 15.77% gc time)
[2023-01-10T11:52:49.316]Completed Shot 3, state 4
4745.057757 seconds (3.76 G allocations: 9.238 TiB, 15.76% gc time)
[2023-01-10T11:52:52.366]Completed Shot 3, state 50
4745.729227 seconds (3.76 G allocations: 9.240 TiB, 15.76% gc time)
[2023-01-10T11:52:53.037]Completed Shot 3, state 36
4745.946735 seconds (3.76 G allocations: 9.241 TiB, 15.76% gc time)
[2023-01-10T11:52:53.248]Completed Shot 3, state 2
4746.177469 seconds (3.76 G allocations: 9.241 TiB, 15.75% gc time)
[2023-01-10T11:52:53.484]Completed Shot 3, state 35
4746.671091 seconds (3.76 G allocations: 9.243 TiB, 15.75% gc time)
[2023-01-10T11:52:53.977]Completed Shot 3, state 28
4747.445801 seconds (3.76 G allocations: 9.246 TiB, 15.75% gc time)
[2023-01-10T11:52:54.747]Completed Shot 3, state 3
4747.506297 seconds (3.76 G allocations: 9.246 TiB, 15.75% gc time)
[2023-01-10T11:52:54.814]Completed Shot 3, state 44
4747.938857 seconds (3.76 G allocations: 9.247 TiB, 15.75% gc time)
[2023-01-10T11:52:55.242]Completed Shot 3, state 13
4748.520958 seconds (3.76 G allocations: 9.249 TiB, 15.75% gc time)
[2023-01-10T11:52:55.824]Completed Shot 3, state 10
4752.490138 seconds (3.76 G allocations: 9.252 TiB, 15.79% gc time)
[2023-01-10T11:52:59.796]Completed Shot 3, state 31
4754.642739 seconds (3.77 G allocations: 9.259 TiB, 15.78% gc time)
[2023-01-10T11:53:01.947]Completed Shot 3, state 19
4754.674632 seconds (3.77 G allocations: 9.259 TiB, 15.78% gc time)
[2023-01-10T11:53:01.977]Completed Shot 3, state 8
4755.112435 seconds (3.77 G allocations: 9.260 TiB, 15.78% gc time)
[2023-01-10T11:53:02.416]Completed Shot 3, state 17
4758.122940 seconds (3.77 G allocations: 9.269 TiB, 15.77% gc time)
[2023-01-10T11:53:05.431]Completed Shot 3, state 48
4758.628330 seconds (3.77 G allocations: 9.271 TiB, 15.77% gc time)
[2023-01-10T11:53:05.936]Completed Shot 3, state 47
4762.543171 seconds (3.78 G allocations: 9.278 TiB, 15.79% gc time)
[2023-01-10T11:53:09.848]Completed Shot 3, state 20
4763.058480 seconds (3.78 G allocations: 9.279 TiB, 15.79% gc time)
[2023-01-10T11:53:10.366]Completed Shot 3, state 46
4763.387815 seconds (3.78 G allocations: 9.280 TiB, 15.79% gc time)
[2023-01-10T11:53:10.694]Completed Shot 3, state 29
4765.036044 seconds (3.78 G allocations: 9.285 TiB, 15.78% gc time)
[2023-01-10T11:53:12.344]Completed Shot 3, state 41
4765.743632 seconds (3.78 G allocations: 9.287 TiB, 15.78% gc time)
[2023-01-10T11:53:13.047]Completed Shot 3, state 11
4765.925403 seconds (3.78 G allocations: 9.287 TiB, 15.78% gc time)
[2023-01-10T11:53:13.229]Completed Shot 3, state 15
4766.345075 seconds (3.78 G allocations: 9.288 TiB, 15.78% gc time)
[2023-01-10T11:53:13.652]Completed Shot 3, state 37
4766.827939 seconds (3.78 G allocations: 9.290 TiB, 15.77% gc time)
[2023-01-10T11:53:14.130]Completed Shot 3, state 6
4769.705719 seconds (3.78 G allocations: 9.294 TiB, 15.79% gc time)
[2023-01-10T11:53:17.013]Completed Shot 3, state 40
4769.866515 seconds (3.78 G allocations: 9.294 TiB, 15.79% gc time)
[2023-01-10T11:53:17.172]Completed Shot 3, state 23
4771.104611 seconds (3.78 G allocations: 9.297 TiB, 15.79% gc time)
[2023-01-10T11:53:18.408]Completed Shot 3, state 16
4771.447449 seconds (3.78 G allocations: 9.298 TiB, 15.79% gc time)
[2023-01-10T11:53:18.753]Completed Shot 3, state 24
4771.468698 seconds (3.78 G allocations: 9.298 TiB, 15.79% gc time)
[2023-01-10T11:53:18.776]Completed Shot 3, state 43
4771.850310 seconds (3.78 G allocations: 9.299 TiB, 15.79% gc time)
[2023-01-10T11:53:19.152]Completed Shot 3, state 7
4772.307450 seconds (3.78 G allocations: 9.300 TiB, 15.79% gc time)
[2023-01-10T11:53:19.615]Completed Shot 3, state 45
4772.379971 seconds (3.78 G allocations: 9.300 TiB, 15.79% gc time)
[2023-01-10T11:53:19.687]Completed Shot 3, state 33
4772.948739 seconds (3.78 G allocations: 9.301 TiB, 15.78% gc time)
[2023-01-10T11:53:20.253]Completed Shot 3, state 18
4773.102975 seconds (3.78 G allocations: 9.301 TiB, 15.78% gc time)
[2023-01-10T11:53:20.406]Completed Shot 3, state 14
4773.362419 seconds (3.79 G allocations: 9.302 TiB, 15.78% gc time)
[2023-01-10T11:53:20.664]Completed Shot 3, state 5
4773.441278 seconds (3.79 G allocations: 9.302 TiB, 15.78% gc time)
[2023-01-10T11:53:20.747]Completed Shot 3, state 26
4775.597687 seconds (3.79 G allocations: 9.303 TiB, 15.80% gc time)
[2023-01-10T11:53:22.901]Completed Shot 3, state 12
4777.213361 seconds (3.79 G allocations: 9.305 TiB, 15.79% gc time)
[2023-01-10T11:53:24.516]Completed Shot 3, state 9
4777.455570 seconds (3.79 G allocations: 9.306 TiB, 15.79% gc time)
[2023-01-10T11:53:24.761]Completed Shot 3, state 27
4777.504374 seconds (3.79 G allocations: 9.306 TiB, 15.79% gc time)
[2023-01-10T11:53:24.812]Completed Shot 3, state 39
4780.584526 seconds (3.79 G allocations: 9.309 TiB, 15.78% gc time)
[2023-01-10T11:53:27.889]Completed Shot 3, state 22
4780.907829 seconds (3.79 G allocations: 9.309 TiB, 15.78% gc time)
[2023-01-10T11:53:28.214]Completed Shot 3, state 30
4782.539241 seconds (3.79 G allocations: 9.310 TiB, 15.78% gc time)
[2023-01-10T11:53:29.847]Completed Shot 3, state 49
4783.583150 seconds (3.79 G allocations: 9.310 TiB, 15.78% gc time)
[2023-01-10T11:53:30.890]Completed Shot 3, state 38
4786.781989 seconds (3.79 G allocations: 9.311 TiB, 15.77% gc time)
[2023-01-10T11:53:34.083]Completed Shot 3, state 1
4792.727482 seconds (3.79 G allocations: 9.313 TiB, 15.75% gc time)
[2023-01-10T11:53:40.034]Completed Shot 3, state 32
4794.889752 seconds (3.79 G allocations: 9.313 TiB, 15.75% gc time)
[2023-01-10T11:53:42.194]Completed Shot 3, state 21
4634.998684 seconds (3.80 G allocations: 9.323 TiB, 17.69% gc time)
[2023-01-10T13:10:57.203]Completed Shot 4, state 37
4640.470362 seconds (3.80 G allocations: 9.336 TiB, 17.71% gc time)
[2023-01-10T13:11:02.668]Completed Shot 4, state 3
4644.175435 seconds (3.81 G allocations: 9.349 TiB, 17.69% gc time)
[2023-01-10T13:11:06.379]Completed Shot 4, state 39
4647.984533 seconds (3.81 G allocations: 9.356 TiB, 17.71% gc time)
[2023-01-10T13:11:10.187]Completed Shot 4, state 33
4652.132503 seconds (3.82 G allocations: 9.370 TiB, 17.70% gc time)
[2023-01-10T13:11:14.334]Completed Shot 4, state 24
4653.269745 seconds (3.82 G allocations: 9.374 TiB, 17.69% gc time)
[2023-01-10T13:11:15.469]Completed Shot 4, state 8
4656.096878 seconds (3.82 G allocations: 9.378 TiB, 17.71% gc time)
[2023-01-10T13:11:18.300]Completed Shot 4, state 38
4657.964175 seconds (3.82 G allocations: 9.385 TiB, 17.71% gc time)
[2023-01-10T13:11:20.166]Completed Shot 4, state 22
4659.726107 seconds (3.82 G allocations: 9.391 TiB, 17.70% gc time)
[2023-01-10T13:11:21.924]Completed Shot 4, state 4
4659.915953 seconds (3.82 G allocations: 9.391 TiB, 17.70% gc time)
[2023-01-10T13:11:22.120]Completed Shot 4, state 43
4659.990718 seconds (3.82 G allocations: 9.391 TiB, 17.70% gc time)
[2023-01-10T13:11:22.189]Completed Shot 4, state 7
4662.530631 seconds (3.83 G allocations: 9.395 TiB, 17.72% gc time)
[2023-01-10T13:11:24.733]Completed Shot 4, state 35
4662.910143 seconds (3.83 G allocations: 9.396 TiB, 17.72% gc time)
[2023-01-10T13:11:25.110]Completed Shot 4, state 12
4663.657048 seconds (3.83 G allocations: 9.399 TiB, 17.72% gc time)
[2023-01-10T13:11:25.862]Completed Shot 4, state 49
4667.688773 seconds (3.83 G allocations: 9.409 TiB, 17.72% gc time)
[2023-01-10T13:11:29.891]Completed Shot 4, state 29
4668.654286 seconds (3.83 G allocations: 9.412 TiB, 17.72% gc time)
[2023-01-10T13:11:30.855]Completed Shot 4, state 14
4668.771936 seconds (3.83 G allocations: 9.412 TiB, 17.72% gc time)
[2023-01-10T13:11:30.976]Completed Shot 4, state 47
4668.810140 seconds (3.83 G allocations: 9.412 TiB, 17.72% gc time)
[2023-01-10T13:11:31.012]Completed Shot 4, state 23
4668.870767 seconds (3.83 G allocations: 9.413 TiB, 17.72% gc time)
[2023-01-10T13:11:31.075]Completed Shot 4, state 48
4669.055699 seconds (3.83 G allocations: 9.413 TiB, 17.72% gc time)
[2023-01-10T13:11:31.256]Completed Shot 4, state 13
4669.263710 seconds (3.83 G allocations: 9.414 TiB, 17.72% gc time)
[2023-01-10T13:11:31.468]Completed Shot 4, state 42
4669.704004 seconds (3.83 G allocations: 9.415 TiB, 17.71% gc time)
[2023-01-10T13:11:31.906]Completed Shot 4, state 28
4670.080319 seconds (3.83 G allocations: 9.416 TiB, 17.71% gc time)
[2023-01-10T13:11:32.285]Completed Shot 4, state 44
4671.443232 seconds (3.84 G allocations: 9.418 TiB, 17.72% gc time)
[2023-01-10T13:11:33.643]Completed Shot 4, state 10
4671.492643 seconds (3.84 G allocations: 9.418 TiB, 17.72% gc time)
[2023-01-10T13:11:33.691]Completed Shot 4, state 5
4671.888689 seconds (3.84 G allocations: 9.419 TiB, 17.72% gc time)
[2023-01-10T13:11:34.089]Completed Shot 4, state 19
4672.000632 seconds (3.84 G allocations: 9.420 TiB, 17.72% gc time)
[2023-01-10T13:11:34.205]Completed Shot 4, state 45
4672.215379 seconds (3.84 G allocations: 9.420 TiB, 17.72% gc time)
[2023-01-10T13:11:34.418]Completed Shot 4, state 30
4673.150494 seconds (3.84 G allocations: 9.423 TiB, 17.71% gc time)
[2023-01-10T13:11:35.351]Completed Shot 4, state 18
4673.258707 seconds (3.84 G allocations: 9.423 TiB, 17.71% gc time)
[2023-01-10T13:11:35.459]Completed Shot 4, state 15
4674.345769 seconds (3.84 G allocations: 9.426 TiB, 17.71% gc time)
[2023-01-10T13:11:36.548]Completed Shot 4, state 32
4674.388024 seconds (3.84 G allocations: 9.426 TiB, 17.71% gc time)
[2023-01-10T13:11:36.590]Completed Shot 4, state 25
4675.916770 seconds (3.84 G allocations: 9.429 TiB, 17.72% gc time)
[2023-01-10T13:11:38.118]Completed Shot 4, state 21
4676.491850 seconds (3.84 G allocations: 9.430 TiB, 17.71% gc time)
[2023-01-10T13:11:38.690]Completed Shot 4, state 1
4676.789987 seconds (3.84 G allocations: 9.431 TiB, 17.71% gc time)
[2023-01-10T13:11:38.994]Completed Shot 4, state 40
4677.278117 seconds (3.84 G allocations: 9.432 TiB, 17.71% gc time)
[2023-01-10T13:11:39.476]Completed Shot 4, state 2
4677.376282 seconds (3.84 G allocations: 9.432 TiB, 17.71% gc time)
[2023-01-10T13:11:39.575]Completed Shot 4, state 9
4677.397581 seconds (3.84 G allocations: 9.432 TiB, 17.71% gc time)
[2023-01-10T13:11:39.598]Completed Shot 4, state 17
4677.987369 seconds (3.84 G allocations: 9.433 TiB, 17.71% gc time)
[2023-01-10T13:11:40.189]Completed Shot 4, state 27
4679.351147 seconds (3.84 G allocations: 9.435 TiB, 17.71% gc time)
[2023-01-10T13:11:41.552]Completed Shot 4, state 20
4679.653285 seconds (3.84 G allocations: 9.435 TiB, 17.71% gc time)
[2023-01-10T13:11:41.855]Completed Shot 4, state 26
4679.716431 seconds (3.84 G allocations: 9.435 TiB, 17.71% gc time)
[2023-01-10T13:11:41.921]Completed Shot 4, state 46
4680.067900 seconds (3.84 G allocations: 9.436 TiB, 17.71% gc time)
[2023-01-10T13:11:42.271]Completed Shot 4, state 36
4680.216400 seconds (3.84 G allocations: 9.436 TiB, 17.71% gc time)
[2023-01-10T13:11:42.419]Completed Shot 4, state 31
4681.122381 seconds (3.84 G allocations: 9.437 TiB, 17.70% gc time)
[2023-01-10T13:11:43.325]Completed Shot 4, state 34
4681.690521 seconds (3.84 G allocations: 9.437 TiB, 17.71% gc time)
[2023-01-10T13:11:43.894]Completed Shot 4, state 41
4683.030935 seconds (3.84 G allocations: 9.437 TiB, 17.70% gc time)
[2023-01-10T13:11:45.229]Completed Shot 4, state 6
4683.488255 seconds (3.84 G allocations: 9.438 TiB, 17.70% gc time)
[2023-01-10T13:11:45.693]Completed Shot 4, state 50
4687.737712 seconds (3.84 G allocations: 9.439 TiB, 17.68% gc time)
[2023-01-10T13:11:49.938]Completed Shot 4, state 16
4692.250873 seconds (3.84 G allocations: 9.439 TiB, 17.67% gc time)
[2023-01-10T13:11:54.450]Completed Shot 4, state 11
4533.069823 seconds (3.95 G allocations: 9.681 TiB, 16.59% gc time)
[2023-01-10T14:27:27.526]Completed Shot 5, state 33
4541.488481 seconds (3.96 G allocations: 9.702 TiB, 16.63% gc time)
[2023-01-10T14:27:35.945]Completed Shot 5, state 38
4543.930168 seconds (3.96 G allocations: 9.712 TiB, 16.62% gc time)
[2023-01-10T14:27:38.387]Completed Shot 5, state 48
4547.230101 seconds (3.96 G allocations: 9.717 TiB, 16.65% gc time)
[2023-01-10T14:27:41.687]Completed Shot 5, state 47
4549.461848 seconds (3.97 G allocations: 9.725 TiB, 16.65% gc time)
[2023-01-10T14:27:43.917]Completed Shot 5, state 28
4549.889085 seconds (3.97 G allocations: 9.727 TiB, 16.64% gc time)
[2023-01-10T14:27:44.344]Completed Shot 5, state 26
4550.355493 seconds (3.97 G allocations: 9.729 TiB, 16.64% gc time)
[2023-01-10T14:27:44.812]Completed Shot 5, state 44
4550.537478 seconds (3.97 G allocations: 9.730 TiB, 16.64% gc time)
[2023-01-10T14:27:44.994]Completed Shot 5, state 46
4550.966190 seconds (3.97 G allocations: 9.731 TiB, 16.64% gc time)
[2023-01-10T14:27:45.421]Completed Shot 5, state 18
4551.510755 seconds (3.97 G allocations: 9.733 TiB, 16.64% gc time)
[2023-01-10T14:27:45.967]Completed Shot 5, state 29
4552.340537 seconds (3.97 G allocations: 9.737 TiB, 16.64% gc time)
[2023-01-10T14:27:46.794]Completed Shot 5, state 12
4555.470859 seconds (3.97 G allocations: 9.741 TiB, 16.67% gc time)
[2023-01-10T14:27:49.927]Completed Shot 5, state 37
4555.872334 seconds (3.97 G allocations: 9.743 TiB, 16.66% gc time)
[2023-01-10T14:27:50.328]Completed Shot 5, state 35
4556.631651 seconds (3.98 G allocations: 9.746 TiB, 16.66% gc time)
[2023-01-10T14:27:51.085]Completed Shot 5, state 2
4556.762046 seconds (3.98 G allocations: 9.746 TiB, 16.66% gc time)
[2023-01-10T14:27:51.217]Completed Shot 5, state 20
4558.177750 seconds (3.98 G allocations: 9.751 TiB, 16.66% gc time)
[2023-01-10T14:27:52.632]Completed Shot 5, state 10
4558.460535 seconds (3.98 G allocations: 9.752 TiB, 16.65% gc time)
[2023-01-10T14:27:52.914]Completed Shot 5, state 9
4558.603840 seconds (3.98 G allocations: 9.753 TiB, 16.65% gc time)
[2023-01-10T14:27:53.061]Completed Shot 5, state 50
4560.956762 seconds (3.98 G allocations: 9.757 TiB, 16.68% gc time)
[2023-01-10T14:27:55.412]Completed Shot 5, state 21
4561.022576 seconds (3.98 G allocations: 9.757 TiB, 16.68% gc time)
[2023-01-10T14:27:55.476]Completed Shot 5, state 6
4561.304851 seconds (3.98 G allocations: 9.758 TiB, 16.67% gc time)
[2023-01-10T14:27:55.760]Completed Shot 5, state 30
4561.853449 seconds (3.98 G allocations: 9.760 TiB, 16.67% gc time)
[2023-01-10T14:27:56.309]Completed Shot 5, state 25
4562.506249 seconds (3.98 G allocations: 9.762 TiB, 16.67% gc time)
[2023-01-10T14:27:56.962]Completed Shot 5, state 39
4562.541593 seconds (3.98 G allocations: 9.762 TiB, 16.67% gc time)
[2023-01-10T14:27:56.997]Completed Shot 5, state 22
4563.212909 seconds (3.98 G allocations: 9.764 TiB, 16.67% gc time)
[2023-01-10T14:27:57.668]Completed Shot 5, state 23
4563.585641 seconds (3.98 G allocations: 9.765 TiB, 16.67% gc time)
[2023-01-10T14:27:58.040]Completed Shot 5, state 16
4563.995268 seconds (3.98 G allocations: 9.766 TiB, 16.66% gc time)
[2023-01-10T14:27:58.448]Completed Shot 5, state 1
4565.523376 seconds (3.99 G allocations: 9.769 TiB, 16.68% gc time)
[2023-01-10T14:27:59.977]Completed Shot 5, state 11
4566.034711 seconds (3.99 G allocations: 9.770 TiB, 16.67% gc time)
[2023-01-10T14:28:00.491]Completed Shot 5, state 43
4566.604100 seconds (3.99 G allocations: 9.772 TiB, 16.67% gc time)
[2023-01-10T14:28:01.060]Completed Shot 5, state 49
4567.059903 seconds (3.99 G allocations: 9.773 TiB, 16.67% gc time)
[2023-01-10T14:28:01.516]Completed Shot 5, state 45
4567.095923 seconds (3.99 G allocations: 9.773 TiB, 16.67% gc time)
[2023-01-10T14:28:01.552]Completed Shot 5, state 31
4567.112033 seconds (3.99 G allocations: 9.773 TiB, 16.67% gc time)
[2023-01-10T14:28:01.567]Completed Shot 5, state 27
4567.523648 seconds (3.99 G allocations: 9.774 TiB, 16.67% gc time)
[2023-01-10T14:28:01.980]Completed Shot 5, state 40
4567.767071 seconds (3.99 G allocations: 9.775 TiB, 16.67% gc time)
[2023-01-10T14:28:02.222]Completed Shot 5, state 19
4568.281094 seconds (3.99 G allocations: 9.776 TiB, 16.67% gc time)
[2023-01-10T14:28:02.737]Completed Shot 5, state 36
4569.781443 seconds (3.99 G allocations: 9.778 TiB, 16.67% gc time)
[2023-01-10T14:28:04.234]Completed Shot 5, state 3
4570.695734 seconds (3.99 G allocations: 9.779 TiB, 16.67% gc time)
[2023-01-10T14:28:05.149]Completed Shot 5, state 5
4571.621460 seconds (3.99 G allocations: 9.781 TiB, 16.67% gc time)
[2023-01-10T14:28:06.077]Completed Shot 5, state 24
4571.707541 seconds (3.99 G allocations: 9.781 TiB, 16.67% gc time)
[2023-01-10T14:28:06.161]Completed Shot 5, state 8
4571.786206 seconds (3.99 G allocations: 9.781 TiB, 16.67% gc time)
[2023-01-10T14:28:06.240]Completed Shot 5, state 14
4572.317682 seconds (3.99 G allocations: 9.782 TiB, 16.66% gc time)
[2023-01-10T14:28:06.771]Completed Shot 5, state 4
4572.372173 seconds (3.99 G allocations: 9.782 TiB, 16.66% gc time)
[2023-01-10T14:28:06.826]Completed Shot 5, state 13
4572.865849 seconds (3.99 G allocations: 9.783 TiB, 16.66% gc time)
[2023-01-10T14:28:07.319]Completed Shot 5, state 7
4572.980267 seconds (3.99 G allocations: 9.783 TiB, 16.66% gc time)
[2023-01-10T14:28:07.436]Completed Shot 5, state 34
4574.093306 seconds (3.99 G allocations: 9.784 TiB, 16.66% gc time)
[2023-01-10T14:28:08.548]Completed Shot 5, state 17
4575.769867 seconds (3.99 G allocations: 9.784 TiB, 16.66% gc time)
[2023-01-10T14:28:10.224]Completed Shot 5, state 15
4577.111046 seconds (3.99 G allocations: 9.785 TiB, 16.65% gc time)
[2023-01-10T14:28:11.567]Completed Shot 5, state 42
  Activating project at `/gpfs/bwfor/work/ws/hd_ku269-light_cones/WorkingFolder`
4581.203712 seconds (3.99 G allocations: 9.786 TiB, 16.64% gc time)
[2023-01-10T14:28:15.660]Completed Shot 5, state 32
4588.099870 seconds (3.99 G allocations: 9.786 TiB, 16.62% gc time)
[2023-01-10T14:28:22.556]Completed Shot 5, state 41
4642.826354 seconds (4.14 G allocations: 10.126 TiB, 17.30% gc time)
[2023-01-10T15:45:45.385]Completed Shot 6, state 9
4644.544577 seconds (4.14 G allocations: 10.133 TiB, 17.29% gc time)
[2023-01-10T15:45:47.105]Completed Shot 6, state 21
4648.972144 seconds (4.15 G allocations: 10.151 TiB, 17.28% gc time)
[2023-01-10T15:45:51.532]Completed Shot 6, state 8
4648.997962 seconds (4.15 G allocations: 10.151 TiB, 17.28% gc time)
[2023-01-10T15:45:51.559]Completed Shot 6, state 25
4650.236997 seconds (4.15 G allocations: 10.156 TiB, 17.27% gc time)
[2023-01-10T15:45:52.796]Completed Shot 6, state 10
4654.834225 seconds (4.16 G allocations: 10.164 TiB, 17.31% gc time)
[2023-01-10T15:45:57.395]Completed Shot 6, state 20
4656.602681 seconds (4.16 G allocations: 10.171 TiB, 17.31% gc time)
[2023-01-10T15:45:59.164]Completed Shot 6, state 29
4657.521234 seconds (4.16 G allocations: 10.174 TiB, 17.30% gc time)
[2023-01-10T15:46:00.083]Completed Shot 6, state 47
4658.106293 seconds (4.16 G allocations: 10.176 TiB, 17.30% gc time)
[2023-01-10T15:46:00.668]Completed Shot 6, state 39
4658.116855 seconds (4.16 G allocations: 10.176 TiB, 17.30% gc time)
[2023-01-10T15:46:00.677]Completed Shot 6, state 15
4658.949941 seconds (4.16 G allocations: 10.180 TiB, 17.30% gc time)
[2023-01-10T15:46:01.511]Completed Shot 6, state 33
4658.963181 seconds (4.16 G allocations: 10.180 TiB, 17.30% gc time)
[2023-01-10T15:46:01.522]Completed Shot 6, state 11
4659.521329 seconds (4.16 G allocations: 10.182 TiB, 17.30% gc time)
[2023-01-10T15:46:02.080]Completed Shot 6, state 4
4660.044877 seconds (4.17 G allocations: 10.184 TiB, 17.30% gc time)
[2023-01-10T15:46:02.606]Completed Shot 6, state 28
4660.682412 seconds (4.17 G allocations: 10.186 TiB, 17.29% gc time)
[2023-01-10T15:46:03.244]Completed Shot 6, state 43
4661.119491 seconds (4.17 G allocations: 10.188 TiB, 17.29% gc time)
[2023-01-10T15:46:03.681]Completed Shot 6, state 34
4661.613341 seconds (4.17 G allocations: 10.190 TiB, 17.29% gc time)
[2023-01-10T15:46:04.175]Completed Shot 6, state 50
4664.925666 seconds (4.17 G allocations: 10.194 TiB, 17.33% gc time)
[2023-01-10T15:46:07.486]Completed Shot 6, state 18
4665.012997 seconds (4.17 G allocations: 10.194 TiB, 17.33% gc time)
[2023-01-10T15:46:07.574]Completed Shot 6, state 30
4665.724330 seconds (4.17 G allocations: 10.197 TiB, 17.32% gc time)
[2023-01-10T15:46:08.286]Completed Shot 6, state 44
4665.738737 seconds (4.17 G allocations: 10.197 TiB, 17.32% gc time)
[2023-01-10T15:46:08.297]Completed Shot 6, state 3
4666.082755 seconds (4.17 G allocations: 10.198 TiB, 17.32% gc time)
[2023-01-10T15:46:08.641]Completed Shot 6, state 1
4666.691732 seconds (4.17 G allocations: 10.200 TiB, 17.32% gc time)
[2023-01-10T15:46:09.252]Completed Shot 6, state 23
4666.813502 seconds (4.17 G allocations: 10.200 TiB, 17.32% gc time)
[2023-01-10T15:46:09.372]Completed Shot 6, state 6
4667.531021 seconds (4.17 G allocations: 10.203 TiB, 17.32% gc time)
[2023-01-10T15:46:10.091]Completed Shot 6, state 17
4667.695040 seconds (4.17 G allocations: 10.203 TiB, 17.32% gc time)
[2023-01-10T15:46:10.255]Completed Shot 6, state 19
4668.407713 seconds (4.17 G allocations: 10.206 TiB, 17.31% gc time)
[2023-01-10T15:46:10.969]Completed Shot 6, state 40
4668.481196 seconds (4.17 G allocations: 10.206 TiB, 17.31% gc time)
[2023-01-10T15:46:11.043]Completed Shot 6, state 48
4670.860610 seconds (4.18 G allocations: 10.209 TiB, 17.33% gc time)
[2023-01-10T15:46:13.420]Completed Shot 6, state 13
4671.062844 seconds (4.18 G allocations: 10.210 TiB, 17.33% gc time)
[2023-01-10T15:46:13.624]Completed Shot 6, state 27
4671.083501 seconds (4.18 G allocations: 10.210 TiB, 17.33% gc time)
[2023-01-10T15:46:13.644]Completed Shot 6, state 24
4671.084821 seconds (4.18 G allocations: 10.210 TiB, 17.33% gc time)
[2023-01-10T15:46:13.646]Completed Shot 6, state 31
4671.491508 seconds (4.18 G allocations: 10.211 TiB, 17.33% gc time)
[2023-01-10T15:46:14.051]Completed Shot 6, state 16
4671.618005 seconds (4.18 G allocations: 10.211 TiB, 17.33% gc time)
[2023-01-10T15:46:14.180]Completed Shot 6, state 45
4672.099118 seconds (4.18 G allocations: 10.213 TiB, 17.33% gc time)
[2023-01-10T15:46:14.661]Completed Shot 6, state 41
4672.806982 seconds (4.18 G allocations: 10.214 TiB, 17.32% gc time)
[2023-01-10T15:46:15.369]Completed Shot 6, state 42
4673.011008 seconds (4.18 G allocations: 10.215 TiB, 17.32% gc time)
[2023-01-10T15:46:15.573]Completed Shot 6, state 49
4673.191393 seconds (4.18 G allocations: 10.215 TiB, 17.32% gc time)
[2023-01-10T15:46:15.750]Completed Shot 6, state 7
4673.667486 seconds (4.18 G allocations: 10.216 TiB, 17.32% gc time)
[2023-01-10T15:46:16.229]Completed Shot 6, state 36
4673.843322 seconds (4.18 G allocations: 10.217 TiB, 17.32% gc time)
[2023-01-10T15:46:16.405]Completed Shot 6, state 35
4674.243176 seconds (4.18 G allocations: 10.217 TiB, 17.32% gc time)
[2023-01-10T15:46:16.805]Completed Shot 6, state 46
4674.265896 seconds (4.18 G allocations: 10.217 TiB, 17.32% gc time)
[2023-01-10T15:46:16.827]Completed Shot 6, state 37
4676.127692 seconds (4.18 G allocations: 10.218 TiB, 17.33% gc time)
[2023-01-10T15:46:18.688]Completed Shot 6, state 22
4676.588613 seconds (4.18 G allocations: 10.219 TiB, 17.33% gc time)
[2023-01-10T15:46:19.150]Completed Shot 6, state 32
4676.619541 seconds (4.18 G allocations: 10.219 TiB, 17.33% gc time)
[2023-01-10T15:46:19.178]Completed Shot 6, state 5
4677.252306 seconds (4.18 G allocations: 10.219 TiB, 17.33% gc time)
[2023-01-10T15:46:19.812]Completed Shot 6, state 14
4677.680753 seconds (4.18 G allocations: 10.220 TiB, 17.32% gc time)
[2023-01-10T15:46:20.239]Completed Shot 6, state 2
4678.777664 seconds (4.18 G allocations: 10.220 TiB, 17.32% gc time)
[2023-01-10T15:46:21.338]Completed Shot 6, state 26
4679.260300 seconds (4.18 G allocations: 10.220 TiB, 17.32% gc time)
[2023-01-10T15:46:21.820]Completed Shot 6, state 12
4688.214986 seconds (4.18 G allocations: 10.221 TiB, 17.29% gc time)
[2023-01-10T15:46:30.776]Completed Shot 6, state 38
4716.176284 seconds (4.27 G allocations: 10.419 TiB, 18.34% gc time)
[2023-01-10T17:05:06.959]Completed Shot 7, state 44
4722.036012 seconds (4.28 G allocations: 10.436 TiB, 18.35% gc time)
[2023-01-10T17:05:12.818]Completed Shot 7, state 47
4722.807496 seconds (4.28 G allocations: 10.439 TiB, 18.35% gc time)
[2023-01-10T17:05:13.589]Completed Shot 7, state 33
4723.435106 seconds (4.28 G allocations: 10.442 TiB, 18.34% gc time)
[2023-01-10T17:05:14.217]Completed Shot 7, state 24
4723.608660 seconds (4.28 G allocations: 10.443 TiB, 18.34% gc time)
[2023-01-10T17:05:14.388]Completed Shot 7, state 10
4724.523494 seconds (4.28 G allocations: 10.447 TiB, 18.34% gc time)
[2023-01-10T17:05:15.303]Completed Shot 7, state 12
4725.150697 seconds (4.29 G allocations: 10.449 TiB, 18.34% gc time)
[2023-01-10T17:05:15.932]Completed Shot 7, state 40
4725.393721 seconds (4.29 G allocations: 10.451 TiB, 18.34% gc time)
[2023-01-10T17:05:16.174]Completed Shot 7, state 20
4725.971146 seconds (4.29 G allocations: 10.453 TiB, 18.34% gc time)
[2023-01-10T17:05:16.753]Completed Shot 7, state 30
4725.975849 seconds (4.29 G allocations: 10.453 TiB, 18.34% gc time)
[2023-01-10T17:05:16.758]Completed Shot 7, state 42
4728.658647 seconds (4.29 G allocations: 10.457 TiB, 18.36% gc time)
[2023-01-10T17:05:19.440]Completed Shot 7, state 34
4729.351662 seconds (4.29 G allocations: 10.460 TiB, 18.36% gc time)
[2023-01-10T17:05:20.133]Completed Shot 7, state 35
4729.584593 seconds (4.29 G allocations: 10.461 TiB, 18.36% gc time)
[2023-01-10T17:05:20.366]Completed Shot 7, state 39
4729.743610 seconds (4.29 G allocations: 10.462 TiB, 18.36% gc time)
[2023-01-10T17:05:20.525]Completed Shot 7, state 37
4729.872329 seconds (4.29 G allocations: 10.462 TiB, 18.36% gc time)
[2023-01-10T17:05:20.652]Completed Shot 7, state 16
4730.169161 seconds (4.29 G allocations: 10.463 TiB, 18.35% gc time)
[2023-01-10T17:05:20.949]Completed Shot 7, state 15
4730.940203 seconds (4.29 G allocations: 10.467 TiB, 18.35% gc time)
[2023-01-10T17:05:21.722]Completed Shot 7, state 36
4730.949781 seconds (4.29 G allocations: 10.467 TiB, 18.35% gc time)
[2023-01-10T17:05:21.729]Completed Shot 7, state 8
4731.310340 seconds (4.29 G allocations: 10.468 TiB, 18.35% gc time)
[2023-01-10T17:05:22.092]Completed Shot 7, state 41
4732.663012 seconds (4.29 G allocations: 10.469 TiB, 18.37% gc time)
[2023-01-10T17:05:23.442]Completed Shot 7, state 11
4733.536629 seconds (4.30 G allocations: 10.472 TiB, 18.37% gc time)
[2023-01-10T17:05:24.317]Completed Shot 7, state 29
4734.579045 seconds (4.30 G allocations: 10.476 TiB, 18.36% gc time)
[2023-01-10T17:05:25.359]Completed Shot 7, state 14
4734.976506 seconds (4.30 G allocations: 10.477 TiB, 18.36% gc time)
[2023-01-10T17:05:25.755]Completed Shot 7, state 2
4734.978365 seconds (4.30 G allocations: 10.477 TiB, 18.36% gc time)
[2023-01-10T17:05:25.759]Completed Shot 7, state 28
4736.470866 seconds (4.30 G allocations: 10.480 TiB, 18.37% gc time)
[2023-01-10T17:05:27.250]Completed Shot 7, state 9
4736.496993 seconds (4.30 G allocations: 10.480 TiB, 18.37% gc time)
[2023-01-10T17:05:27.279]Completed Shot 7, state 49
4736.927018 seconds (4.30 G allocations: 10.481 TiB, 18.37% gc time)
[2023-01-10T17:05:27.705]Completed Shot 7, state 1
4737.028016 seconds (4.30 G allocations: 10.482 TiB, 18.37% gc time)
[2023-01-10T17:05:27.810]Completed Shot 7, state 43
4737.182611 seconds (4.30 G allocations: 10.482 TiB, 18.37% gc time)
[2023-01-10T17:05:27.963]Completed Shot 7, state 18
4737.284234 seconds (4.30 G allocations: 10.482 TiB, 18.37% gc time)
[2023-01-10T17:05:28.064]Completed Shot 7, state 17
4737.462544 seconds (4.30 G allocations: 10.483 TiB, 18.37% gc time)
[2023-01-10T17:05:28.244]Completed Shot 7, state 45
4737.605576 seconds (4.30 G allocations: 10.483 TiB, 18.37% gc time)
[2023-01-10T17:05:28.384]Completed Shot 7, state 6
4737.823317 seconds (4.30 G allocations: 10.484 TiB, 18.37% gc time)
[2023-01-10T17:05:28.604]Completed Shot 7, state 26
4737.875737 seconds (4.30 G allocations: 10.484 TiB, 18.37% gc time)
[2023-01-10T17:05:28.656]Completed Shot 7, state 27
4738.543477 seconds (4.30 G allocations: 10.486 TiB, 18.36% gc time)
[2023-01-10T17:05:29.323]Completed Shot 7, state 13
4739.511889 seconds (4.30 G allocations: 10.487 TiB, 18.37% gc time)
[2023-01-10T17:05:30.290]Completed Shot 7, state 4
4739.674213 seconds (4.30 G allocations: 10.487 TiB, 18.37% gc time)
[2023-01-10T17:05:30.456]Completed Shot 7, state 48
4740.039155 seconds (4.30 G allocations: 10.488 TiB, 18.37% gc time)
[2023-01-10T17:05:30.819]Completed Shot 7, state 21
4740.116738 seconds (4.30 G allocations: 10.488 TiB, 18.37% gc time)
[2023-01-10T17:05:30.898]Completed Shot 7, state 32
4740.621623 seconds (4.30 G allocations: 10.489 TiB, 18.37% gc time)
[2023-01-10T17:05:31.402]Completed Shot 7, state 25
4740.705380 seconds (4.30 G allocations: 10.489 TiB, 18.37% gc time)
[2023-01-10T17:05:31.484]Completed Shot 7, state 3
4740.912072 seconds (4.30 G allocations: 10.489 TiB, 18.37% gc time)
[2023-01-10T17:05:31.693]Completed Shot 7, state 38
4741.262269 seconds (4.30 G allocations: 10.490 TiB, 18.37% gc time)
[2023-01-10T17:05:32.043]Completed Shot 7, state 31
4742.272493 seconds (4.30 G allocations: 10.490 TiB, 18.37% gc time)
[2023-01-10T17:05:33.051]Completed Shot 7, state 5
4742.308529 seconds (4.30 G allocations: 10.490 TiB, 18.37% gc time)
[2023-01-10T17:05:33.089]Completed Shot 7, state 23
4742.770884 seconds (4.30 G allocations: 10.491 TiB, 18.37% gc time)
[2023-01-10T17:05:33.550]Completed Shot 7, state 7
4743.234076 seconds (4.30 G allocations: 10.491 TiB, 18.37% gc time)
[2023-01-10T17:05:34.014]Completed Shot 7, state 22
4745.162173 seconds (4.30 G allocations: 10.492 TiB, 18.36% gc time)
[2023-01-10T17:05:35.944]Completed Shot 7, state 50
4745.514694 seconds (4.30 G allocations: 10.492 TiB, 18.36% gc time)
[2023-01-10T17:05:36.296]Completed Shot 7, state 46
4747.777246 seconds (4.30 G allocations: 10.492 TiB, 18.35% gc time)
[2023-01-10T17:05:38.557]Completed Shot 7, state 19
4660.711752 seconds (3.77 G allocations: 9.267 TiB, 15.86% gc time)
[2023-01-10T18:23:19.271]Completed Shot 8, state 7
4683.776167 seconds (3.80 G allocations: 9.328 TiB, 15.88% gc time)
[2023-01-10T18:23:42.337]Completed Shot 8, state 25
4685.037756 seconds (3.80 G allocations: 9.332 TiB, 15.87% gc time)
[2023-01-10T18:23:43.599]Completed Shot 8, state 23
4686.936574 seconds (3.80 G allocations: 9.339 TiB, 15.87% gc time)
[2023-01-10T18:23:45.498]Completed Shot 8, state 28
4694.185060 seconds (3.81 G allocations: 9.356 TiB, 15.88% gc time)
[2023-01-10T18:23:52.747]Completed Shot 8, state 33
4695.177389 seconds (3.81 G allocations: 9.359 TiB, 15.88% gc time)
[2023-01-10T18:23:53.736]Completed Shot 8, state 4
4695.508354 seconds (3.81 G allocations: 9.360 TiB, 15.88% gc time)
[2023-01-10T18:23:54.070]Completed Shot 8, state 29
4695.775290 seconds (3.81 G allocations: 9.361 TiB, 15.88% gc time)
[2023-01-10T18:23:54.337]Completed Shot 8, state 41
4696.068699 seconds (3.81 G allocations: 9.362 TiB, 15.88% gc time)
[2023-01-10T18:23:54.631]Completed Shot 8, state 42
4696.142656 seconds (3.81 G allocations: 9.362 TiB, 15.88% gc time)
[2023-01-10T18:23:54.705]Completed Shot 8, state 31
4696.264129 seconds (3.81 G allocations: 9.363 TiB, 15.88% gc time)
[2023-01-10T18:23:54.827]Completed Shot 8, state 50
4697.054675 seconds (3.81 G allocations: 9.366 TiB, 15.87% gc time)
[2023-01-10T18:23:55.614]Completed Shot 8, state 11
4697.078473 seconds (3.81 G allocations: 9.366 TiB, 15.87% gc time)
[2023-01-10T18:23:55.641]Completed Shot 8, state 43
4697.608015 seconds (3.81 G allocations: 9.367 TiB, 15.87% gc time)
[2023-01-10T18:23:56.167]Completed Shot 8, state 5
4699.974087 seconds (3.81 G allocations: 9.369 TiB, 15.91% gc time)
[2023-01-10T18:23:58.534]Completed Shot 8, state 9
4700.468807 seconds (3.81 G allocations: 9.370 TiB, 15.90% gc time)
[2023-01-10T18:23:59.031]Completed Shot 8, state 48
4701.982470 seconds (3.82 G allocations: 9.375 TiB, 15.90% gc time)
[2023-01-10T18:24:00.545]Completed Shot 8, state 39
4702.069531 seconds (3.82 G allocations: 9.375 TiB, 15.90% gc time)
[2023-01-10T18:24:00.631]Completed Shot 8, state 35
4702.154066 seconds (3.82 G allocations: 9.375 TiB, 15.90% gc time)
[2023-01-10T18:24:00.716]Completed Shot 8, state 32
4702.460855 seconds (3.82 G allocations: 9.376 TiB, 15.90% gc time)
[2023-01-10T18:24:01.023]Completed Shot 8, state 36
4703.584140 seconds (3.82 G allocations: 9.380 TiB, 15.89% gc time)
[2023-01-10T18:24:02.146]Completed Shot 8, state 47
4704.355077 seconds (3.82 G allocations: 9.382 TiB, 15.89% gc time)
[2023-01-10T18:24:02.916]Completed Shot 8, state 26
4704.595777 seconds (3.82 G allocations: 9.382 TiB, 15.89% gc time)
[2023-01-10T18:24:03.156]Completed Shot 8, state 13
4706.623170 seconds (3.82 G allocations: 9.385 TiB, 15.90% gc time)
[2023-01-10T18:24:05.185]Completed Shot 8, state 34
4707.251091 seconds (3.82 G allocations: 9.387 TiB, 15.90% gc time)
[2023-01-10T18:24:05.811]Completed Shot 8, state 10
4708.420591 seconds (3.82 G allocations: 9.390 TiB, 15.90% gc time)
[2023-01-10T18:24:06.980]Completed Shot 8, state 6
4709.167009 seconds (3.82 G allocations: 9.392 TiB, 15.90% gc time)
[2023-01-10T18:24:07.728]Completed Shot 8, state 20
4709.271594 seconds (3.82 G allocations: 9.392 TiB, 15.90% gc time)
[2023-01-10T18:24:07.832]Completed Shot 8, state 15
4709.720094 seconds (3.82 G allocations: 9.394 TiB, 15.89% gc time)
[2023-01-10T18:24:08.281]Completed Shot 8, state 24
4709.975459 seconds (3.82 G allocations: 9.394 TiB, 15.89% gc time)
[2023-01-10T18:24:08.536]Completed Shot 8, state 14
4711.247875 seconds (3.82 G allocations: 9.395 TiB, 15.91% gc time)
[2023-01-10T18:24:09.809]Completed Shot 8, state 22
4712.098185 seconds (3.82 G allocations: 9.397 TiB, 15.90% gc time)
[2023-01-10T18:24:10.661]Completed Shot 8, state 40
4712.136031 seconds (3.82 G allocations: 9.397 TiB, 15.90% gc time)
[2023-01-10T18:24:10.697]Completed Shot 8, state 30
4712.408370 seconds (3.82 G allocations: 9.398 TiB, 15.90% gc time)
[2023-01-10T18:24:10.969]Completed Shot 8, state 18
4712.735181 seconds (3.83 G allocations: 9.399 TiB, 15.90% gc time)
[2023-01-10T18:24:11.294]Completed Shot 8, state 1
4712.988106 seconds (3.83 G allocations: 9.399 TiB, 15.90% gc time)
[2023-01-10T18:24:11.550]Completed Shot 8, state 45
4713.134986 seconds (3.83 G allocations: 9.399 TiB, 15.90% gc time)
[2023-01-10T18:24:11.694]Completed Shot 8, state 2
4713.632749 seconds (3.83 G allocations: 9.400 TiB, 15.90% gc time)
[2023-01-10T18:24:12.195]Completed Shot 8, state 37
4713.675279 seconds (3.83 G allocations: 9.400 TiB, 15.90% gc time)
[2023-01-10T18:24:12.236]Completed Shot 8, state 19
4715.709269 seconds (3.83 G allocations: 9.402 TiB, 15.90% gc time)
[2023-01-10T18:24:14.272]Completed Shot 8, state 46
4716.334426 seconds (3.83 G allocations: 9.403 TiB, 15.90% gc time)
[2023-01-10T18:24:14.897]Completed Shot 8, state 44
4716.503777 seconds (3.83 G allocations: 9.404 TiB, 15.90% gc time)
[2023-01-10T18:24:15.063]Completed Shot 8, state 8
4717.007600 seconds (3.83 G allocations: 9.404 TiB, 15.90% gc time)
[2023-01-10T18:24:15.569]Completed Shot 8, state 27
4717.440165 seconds (3.83 G allocations: 9.404 TiB, 15.90% gc time)
[2023-01-10T18:24:16.001]Completed Shot 8, state 21
4718.449648 seconds (3.83 G allocations: 9.405 TiB, 15.89% gc time)
[2023-01-10T18:24:17.012]Completed Shot 8, state 38
4719.413225 seconds (3.83 G allocations: 9.406 TiB, 15.89% gc time)
[2023-01-10T18:24:17.972]Completed Shot 8, state 3
4720.408986 seconds (3.83 G allocations: 9.406 TiB, 15.89% gc time)
[2023-01-10T18:24:18.969]Completed Shot 8, state 16
4723.120055 seconds (3.83 G allocations: 9.407 TiB, 15.88% gc time)
[2023-01-10T18:24:21.680]Completed Shot 8, state 12
4723.693596 seconds (3.83 G allocations: 9.407 TiB, 15.88% gc time)
[2023-01-10T18:24:22.256]Completed Shot 8, state 49
4727.668819 seconds (3.83 G allocations: 9.408 TiB, 15.87% gc time)
[2023-01-10T18:24:26.229]Completed Shot 8, state 17
4553.189089 seconds (3.53 G allocations: 8.729 TiB, 14.79% gc time)
[2023-01-10T19:40:19.423]Completed Shot 9, state 24
4567.719153 seconds (3.55 G allocations: 8.767 TiB, 14.80% gc time)
[2023-01-10T19:40:33.952]Completed Shot 9, state 12
4575.398123 seconds (3.56 G allocations: 8.783 TiB, 14.83% gc time)
[2023-01-10T19:40:41.629]Completed Shot 9, state 2
4575.888020 seconds (3.56 G allocations: 8.784 TiB, 14.83% gc time)
[2023-01-10T19:40:42.121]Completed Shot 9, state 14
4576.339809 seconds (3.56 G allocations: 8.786 TiB, 14.83% gc time)
[2023-01-10T19:40:42.573]Completed Shot 9, state 18
4579.423606 seconds (3.56 G allocations: 8.795 TiB, 14.82% gc time)
[2023-01-10T19:40:45.656]Completed Shot 9, state 11
4579.555156 seconds (3.56 G allocations: 8.796 TiB, 14.82% gc time)
[2023-01-10T19:40:45.790]Completed Shot 9, state 44
4579.958346 seconds (3.56 G allocations: 8.797 TiB, 14.82% gc time)
[2023-01-10T19:40:46.192]Completed Shot 9, state 29
4588.320981 seconds (3.57 G allocations: 8.816 TiB, 14.84% gc time)
[2023-01-10T19:40:54.552]Completed Shot 9, state 3
4588.841903 seconds (3.57 G allocations: 8.818 TiB, 14.84% gc time)
[2023-01-10T19:40:55.074]Completed Shot 9, state 8
4592.751132 seconds (3.57 G allocations: 8.825 TiB, 14.86% gc time)
[2023-01-10T19:40:58.983]Completed Shot 9, state 6
4592.986591 seconds (3.57 G allocations: 8.826 TiB, 14.86% gc time)
[2023-01-10T19:40:59.220]Completed Shot 9, state 13
4594.844350 seconds (3.58 G allocations: 8.831 TiB, 14.86% gc time)
[2023-01-10T19:41:01.077]Completed Shot 9, state 10
4595.358613 seconds (3.58 G allocations: 8.833 TiB, 14.85% gc time)
[2023-01-10T19:41:01.592]Completed Shot 9, state 20
4595.545765 seconds (3.58 G allocations: 8.834 TiB, 14.85% gc time)
[2023-01-10T19:41:01.781]Completed Shot 9, state 41
4597.178142 seconds (3.58 G allocations: 8.839 TiB, 14.85% gc time)
[2023-01-10T19:41:03.413]Completed Shot 9, state 36
4597.537528 seconds (3.58 G allocations: 8.840 TiB, 14.85% gc time)
[2023-01-10T19:41:03.771]Completed Shot 9, state 17
4597.931216 seconds (3.58 G allocations: 8.841 TiB, 14.85% gc time)
[2023-01-10T19:41:04.166]Completed Shot 9, state 42
4599.705729 seconds (3.58 G allocations: 8.842 TiB, 14.87% gc time)
[2023-01-10T19:41:05.939]Completed Shot 9, state 19
4600.572092 seconds (3.58 G allocations: 8.844 TiB, 14.87% gc time)
[2023-01-10T19:41:06.807]Completed Shot 9, state 40
4600.994855 seconds (3.58 G allocations: 8.846 TiB, 14.87% gc time)
[2023-01-10T19:41:07.229]Completed Shot 9, state 25
4601.808784 seconds (3.58 G allocations: 8.848 TiB, 14.86% gc time)
[2023-01-10T19:41:08.040]Completed Shot 9, state 5
4602.138488 seconds (3.58 G allocations: 8.849 TiB, 14.86% gc time)
[2023-01-10T19:41:08.373]Completed Shot 9, state 33
4602.819629 seconds (3.58 G allocations: 8.851 TiB, 14.86% gc time)
[2023-01-10T19:41:09.054]Completed Shot 9, state 28
4603.776578 seconds (3.59 G allocations: 8.854 TiB, 14.86% gc time)
[2023-01-10T19:41:10.012]Completed Shot 9, state 47
4604.337767 seconds (3.59 G allocations: 8.855 TiB, 14.85% gc time)
[2023-01-10T19:41:10.570]Completed Shot 9, state 9
4604.467347 seconds (3.59 G allocations: 8.855 TiB, 14.85% gc time)
[2023-01-10T19:41:10.702]Completed Shot 9, state 49
4604.492370 seconds (3.59 G allocations: 8.855 TiB, 14.85% gc time)
[2023-01-10T19:41:10.727]Completed Shot 9, state 39
4604.505569 seconds (3.59 G allocations: 8.855 TiB, 14.85% gc time)
[2023-01-10T19:41:10.741]Completed Shot 9, state 48
4606.935045 seconds (3.59 G allocations: 8.859 TiB, 14.87% gc time)
[2023-01-10T19:41:13.170]Completed Shot 9, state 46
4607.406644 seconds (3.59 G allocations: 8.860 TiB, 14.86% gc time)
[2023-01-10T19:41:13.642]Completed Shot 9, state 50
4610.117672 seconds (3.59 G allocations: 8.867 TiB, 14.86% gc time)
[2023-01-10T19:41:16.352]Completed Shot 9, state 32
4610.145852 seconds (3.59 G allocations: 8.867 TiB, 14.86% gc time)
[2023-01-10T19:41:16.379]Completed Shot 9, state 21
4610.226787 seconds (3.59 G allocations: 8.867 TiB, 14.85% gc time)
[2023-01-10T19:41:16.461]Completed Shot 9, state 26
4610.247945 seconds (3.59 G allocations: 8.867 TiB, 14.85% gc time)
[2023-01-10T19:41:16.481]Completed Shot 9, state 15
4610.754939 seconds (3.59 G allocations: 8.868 TiB, 14.85% gc time)
[2023-01-10T19:41:16.989]Completed Shot 9, state 37
4611.835350 seconds (3.59 G allocations: 8.869 TiB, 14.87% gc time)
[2023-01-10T19:41:18.070]Completed Shot 9, state 35
4613.056513 seconds (3.59 G allocations: 8.871 TiB, 14.86% gc time)
[2023-01-10T19:41:19.288]Completed Shot 9, state 4
4613.615442 seconds (3.59 G allocations: 8.872 TiB, 14.86% gc time)
[2023-01-10T19:41:19.850]Completed Shot 9, state 43
4613.873499 seconds (3.59 G allocations: 8.872 TiB, 14.86% gc time)
[2023-01-10T19:41:20.108]Completed Shot 9, state 45
4614.531652 seconds (3.59 G allocations: 8.873 TiB, 14.86% gc time)
[2023-01-10T19:41:20.766]Completed Shot 9, state 38
4614.725013 seconds (3.59 G allocations: 8.873 TiB, 14.86% gc time)
[2023-01-10T19:41:20.959]Completed Shot 9, state 23
4615.301135 seconds (3.59 G allocations: 8.874 TiB, 14.86% gc time)
[2023-01-10T19:41:21.535]Completed Shot 9, state 22
4615.924956 seconds (3.59 G allocations: 8.874 TiB, 14.85% gc time)
[2023-01-10T19:41:22.159]Completed Shot 9, state 30
4616.149935 seconds (3.59 G allocations: 8.875 TiB, 14.85% gc time)
[2023-01-10T19:41:22.383]Completed Shot 9, state 16
4616.207079 seconds (3.59 G allocations: 8.875 TiB, 14.85% gc time)
[2023-01-10T19:41:22.441]Completed Shot 9, state 31
4616.268850 seconds (3.59 G allocations: 8.875 TiB, 14.85% gc time)
[2023-01-10T19:41:22.500]Completed Shot 9, state 1
4618.955132 seconds (3.59 G allocations: 8.875 TiB, 14.85% gc time)
[2023-01-10T19:41:25.187]Completed Shot 9, state 7
4619.334821 seconds (3.60 G allocations: 8.876 TiB, 14.85% gc time)
[2023-01-10T19:41:25.569]Completed Shot 9, state 34
4627.979390 seconds (3.60 G allocations: 8.876 TiB, 14.83% gc time)
[2023-01-10T19:41:34.213]Completed Shot 9, state 27
4619.769279 seconds (3.78 G allocations: 9.277 TiB, 16.04% gc time)
[2023-01-10T20:58:33.986]Completed Shot 10, state 17
4626.956643 seconds (3.78 G allocations: 9.287 TiB, 16.10% gc time)
[2023-01-10T20:58:41.175]Completed Shot 10, state 31
4632.159856 seconds (3.79 G allocations: 9.304 TiB, 16.09% gc time)
[2023-01-10T20:58:46.376]Completed Shot 10, state 8
4633.553644 seconds (3.79 G allocations: 9.309 TiB, 16.08% gc time)
[2023-01-10T20:58:47.769]Completed Shot 10, state 3
4634.693485 seconds (3.79 G allocations: 9.312 TiB, 16.08% gc time)
[2023-01-10T20:58:48.912]Completed Shot 10, state 26
4635.682654 seconds (3.79 G allocations: 9.316 TiB, 16.07% gc time)
[2023-01-10T20:58:49.901]Completed Shot 10, state 36
4637.026899 seconds (3.79 G allocations: 9.320 TiB, 16.07% gc time)
[2023-01-10T20:58:51.245]Completed Shot 10, state 30
4643.427961 seconds (3.80 G allocations: 9.330 TiB, 16.12% gc time)
[2023-01-10T20:58:57.646]Completed Shot 10, state 19
4643.677935 seconds (3.80 G allocations: 9.331 TiB, 16.12% gc time)
[2023-01-10T20:58:57.897]Completed Shot 10, state 33
4645.219639 seconds (3.80 G allocations: 9.336 TiB, 16.11% gc time)
[2023-01-10T20:58:59.435]Completed Shot 10, state 1
4646.765089 seconds (3.80 G allocations: 9.337 TiB, 16.13% gc time)
[2023-01-10T20:59:00.983]Completed Shot 10, state 25
4647.306866 seconds (3.80 G allocations: 9.339 TiB, 16.13% gc time)
[2023-01-10T20:59:01.524]Completed Shot 10, state 18
4648.499360 seconds (3.80 G allocations: 9.343 TiB, 16.13% gc time)
[2023-01-10T20:59:02.718]Completed Shot 10, state 29
4650.942273 seconds (3.81 G allocations: 9.348 TiB, 16.14% gc time)
[2023-01-10T20:59:05.159]Completed Shot 10, state 13
4651.555469 seconds (3.81 G allocations: 9.350 TiB, 16.14% gc time)
[2023-01-10T20:59:05.772]Completed Shot 10, state 12
4651.666654 seconds (3.81 G allocations: 9.350 TiB, 16.14% gc time)
[2023-01-10T20:59:05.885]Completed Shot 10, state 32
4651.699935 seconds (3.81 G allocations: 9.350 TiB, 16.14% gc time)
[2023-01-10T20:59:05.916]Completed Shot 10, state 5
4652.159473 seconds (3.81 G allocations: 9.351 TiB, 16.13% gc time)
[2023-01-10T20:59:06.377]Completed Shot 10, state 22
4652.795240 seconds (3.81 G allocations: 9.353 TiB, 16.13% gc time)
[2023-01-10T20:59:07.011]Completed Shot 10, state 4
4652.827393 seconds (3.81 G allocations: 9.353 TiB, 16.13% gc time)
[2023-01-10T20:59:07.046]Completed Shot 10, state 42
4655.096229 seconds (3.81 G allocations: 9.358 TiB, 16.14% gc time)
[2023-01-10T20:59:09.313]Completed Shot 10, state 15
4655.585883 seconds (3.81 G allocations: 9.359 TiB, 16.14% gc time)
[2023-01-10T20:59:09.805]Completed Shot 10, state 35
4656.006172 seconds (3.81 G allocations: 9.360 TiB, 16.14% gc time)
[2023-01-10T20:59:10.224]Completed Shot 10, state 23
4656.421672 seconds (3.81 G allocations: 9.362 TiB, 16.13% gc time)
[2023-01-10T20:59:10.640]Completed Shot 10, state 27
4656.694063 seconds (3.81 G allocations: 9.363 TiB, 16.13% gc time)
[2023-01-10T20:59:10.913]Completed Shot 10, state 44
4657.441048 seconds (3.81 G allocations: 9.365 TiB, 16.13% gc time)
[2023-01-10T20:59:11.657]Completed Shot 10, state 11
4658.270707 seconds (3.81 G allocations: 9.365 TiB, 16.14% gc time)
[2023-01-10T20:59:12.490]Completed Shot 10, state 41
4658.961018 seconds (3.81 G allocations: 9.367 TiB, 16.14% gc time)
[2023-01-10T20:59:13.176]Completed Shot 10, state 2
4658.965701 seconds (3.81 G allocations: 9.367 TiB, 16.14% gc time)
[2023-01-10T20:59:13.185]Completed Shot 10, state 39
4659.329084 seconds (3.81 G allocations: 9.368 TiB, 16.14% gc time)
[2023-01-10T20:59:13.546]Completed Shot 10, state 16
4659.516115 seconds (3.81 G allocations: 9.368 TiB, 16.14% gc time)
[2023-01-10T20:59:13.734]Completed Shot 10, state 24
4660.515524 seconds (3.82 G allocations: 9.370 TiB, 16.14% gc time)
[2023-01-10T20:59:14.734]Completed Shot 10, state 28
4660.976839 seconds (3.82 G allocations: 9.371 TiB, 16.13% gc time)
[2023-01-10T20:59:15.196]Completed Shot 10, state 37
4662.322870 seconds (3.82 G allocations: 9.373 TiB, 16.14% gc time)
[2023-01-10T20:59:16.540]Completed Shot 10, state 20
4662.564011 seconds (3.82 G allocations: 9.373 TiB, 16.14% gc time)
[2023-01-10T20:59:16.783]Completed Shot 10, state 50
4663.082919 seconds (3.82 G allocations: 9.375 TiB, 16.14% gc time)
[2023-01-10T20:59:17.299]Completed Shot 10, state 6
4663.692113 seconds (3.82 G allocations: 9.376 TiB, 16.14% gc time)
[2023-01-10T20:59:17.911]Completed Shot 10, state 48
4663.933165 seconds (3.82 G allocations: 9.376 TiB, 16.14% gc time)
[2023-01-10T20:59:18.149]Completed Shot 10, state 9
4664.030083 seconds (3.82 G allocations: 9.376 TiB, 16.14% gc time)
[2023-01-10T20:59:18.249]Completed Shot 10, state 40
4664.653318 seconds (3.82 G allocations: 9.377 TiB, 16.14% gc time)
[2023-01-10T20:59:18.872]Completed Shot 10, state 46
4664.744141 seconds (3.82 G allocations: 9.377 TiB, 16.14% gc time)
[2023-01-10T20:59:18.963]Completed Shot 10, state 47
4665.032463 seconds (3.82 G allocations: 9.377 TiB, 16.14% gc time)
[2023-01-10T20:59:19.250]Completed Shot 10, state 21
4665.606917 seconds (3.82 G allocations: 9.378 TiB, 16.14% gc time)
[2023-01-10T20:59:19.826]Completed Shot 10, state 49
4665.994807 seconds (3.82 G allocations: 9.378 TiB, 16.14% gc time)
[2023-01-10T20:59:20.211]Completed Shot 10, state 7
4667.103302 seconds (3.82 G allocations: 9.379 TiB, 16.13% gc time)
[2023-01-10T20:59:21.322]Completed Shot 10, state 43
4667.572940 seconds (3.82 G allocations: 9.379 TiB, 16.13% gc time)
[2023-01-10T20:59:21.791]Completed Shot 10, state 34
4669.158226 seconds (3.82 G allocations: 9.380 TiB, 16.13% gc time)
[2023-01-10T20:59:23.375]Completed Shot 10, state 14
4671.388590 seconds (3.82 G allocations: 9.381 TiB, 16.12% gc time)
[2023-01-10T20:59:25.607]Completed Shot 10, state 38
4673.710775 seconds (3.82 G allocations: 9.381 TiB, 16.11% gc time)
[2023-01-10T20:59:27.930]Completed Shot 10, state 45
4685.883233 seconds (3.82 G allocations: 9.383 TiB, 16.07% gc time)
[2023-01-10T20:59:40.099]Completed Shot 10, state 10
[2023-01-10T20:59:40.100]**********Simulation completed!**********
[2023-01-10T20:59:40.100]**********Saving**********
[2023-01-10T20:59:44.029]Saving file: /gpfs/bwfor/work/ws/hd_ku269-logs/LightCones/2023-01-10/482077_N11_BS.jld2
[2023-01-10T20:59:45.517]**********Run completed!**********
============================= JOB FEEDBACK =============================
Job ID: 482077
Cluster: helix
User/Group: hd_ku269/hd_hd
State: COMPLETED (exit code 0)
Nodes: 1
Cores per node: 64
CPU Utilized: 31-15:06:22
CPU Efficiency: 89.38% of 35-09:15:44 core-walltime
Job Wall-clock time: 13:16:11
Memory Utilized: 82.49 GB
Memory Efficiency: 34.95% of 236.00 GB
