Added MKL.jl
Project LightCones v0.1.0
Status `/gpfs/bwfor/work/ws/hd_ku269-light_cones/WorkingFolder/Project.toml`
⌃ [7d9fca2a] Arpack v0.5.3
⌃ [7073ff75] IJulia v1.23.3
⌃ [033835bb] JLD2 v0.4.25
  [0b1a1467] KrylovKit v0.6.0
  [d3d80556] LineSearches v7.2.0
  [33e6dc65] MKL v0.6.0
⌃ [429524aa] Optim v1.7.3
⌃ [91a5bcdd] Plots v1.35.5
⌃ [c3e4b0f8] Pluto v0.19.14
  [3c0b384b] QuantumInformation v0.4.9
  [189a3867] Reexport v1.2.2
⌃ [295af30f] Revise v3.4.0
  [ebcc8a00] SpinSymmetry v0.3.3
  [59d54670] ThreadedSparseArrays v0.2.2
  [ade2ca70] Dates
  [8ba89e20] Distributed
  [37e2e46d] LinearAlgebra
  [de0858da] Printf
  [9a3f8284] Random
  [1a1011a3] SharedArrays
  [2f01184e] SparseArrays
  [10745b16] Statistics
Info Packages marked with ⌃ have new versions available and may be upgradable.
[2023-01-10T08:13:17.308]**********RANDOM FIELDS**********
shared_krylov.jl
Working Directory:          /gpfs/bwfor/work/ws/hd_ku269-light_cones/WorkingFolder
SLURM Directory:            /gpfs/bwfor/work/ws/hd_ku269-light_cones/WorkingFolder 
Running on host:            p02n06
Job id:                     482097
Job name:                   otoc_simulation_N11_TR_FIDONLYFR
Number of nodes allocated:  
Number of cores allocated:  1
#threads of Julia:          64
#threads of BLAS:           1
ARGS = ["11", "10", "50", "BS", "x", "6", "50", "WAHUHA_FR"]
LOCATION = "/gpfs/bwfor/work/ws/hd_ku269-logs/LightCones/2023-01-10"
N = 11
SHOTS = 10
MULT_RANDOM_STATES = true
N_RANDOM_STATES = 50
TYPE_OF_RS = "BS"
OBSERVABLE = "x"
DISORDER_PARAM = 6.0
[2023-01-10T08:13:17.499]**********Running simulation**********
[2023-01-10T08:13:17.576]trange = 0.1:0.1:20.0
[2023-01-10T08:13:17.897]A = σx
[2023-01-10T08:13:18.326]alpha=6
[2023-01-10T08:13:18.326]PBC
10[2023-01-10T08:13:21.157]Operations set up.
Using multiple states.
5684.774453 seconds (3.71 G allocations: 9.109 TiB, 13.28% gc time, 0.06% compilation time)
[2023-01-10T09:48:24.335]Completed Shot 1, state 26
5697.034584 seconds (3.72 G allocations: 9.138 TiB, 13.28% gc time, 0.06% compilation time)
[2023-01-10T09:48:36.552]Completed Shot 1, state 23
5717.119943 seconds (3.73 G allocations: 9.172 TiB, 13.27% gc time, 0.15% compilation time)
[2023-01-10T09:48:51.159]Completed Shot 1, state 5
5717.583059 seconds (3.74 G allocations: 9.183 TiB, 13.30% gc time, 0.06% compilation time)
[2023-01-10T09:48:57.229]Completed Shot 1, state 3
5718.971738 seconds (3.74 G allocations: 9.186 TiB, 13.29% gc time, 0.06% compilation time)
[2023-01-10T09:48:58.099]Completed Shot 1, state 14
5729.790763 seconds (3.75 G allocations: 9.211 TiB, 13.30% gc time, 0.06% compilation time)
[2023-01-10T09:49:09.308]Completed Shot 1, state 25
5729.894901 seconds (3.75 G allocations: 9.211 TiB, 13.30% gc time, 0.06% compilation time)
[2023-01-10T09:49:09.411]Completed Shot 1, state 17
5730.664134 seconds (3.75 G allocations: 9.212 TiB, 13.30% gc time, 0.06% compilation time)
[2023-01-10T09:49:09.759]Completed Shot 1, state 22
5730.919127 seconds (3.75 G allocations: 9.213 TiB, 13.29% gc time, 0.06% compilation time)
[2023-01-10T09:49:10.015]Completed Shot 1, state 36
5739.386499 seconds (3.76 G allocations: 9.231 TiB, 13.31% gc time, 0.06% compilation time)
[2023-01-10T09:49:18.482]Completed Shot 1, state 47
5739.328790 seconds (3.76 G allocations: 9.232 TiB, 13.31% gc time, 0.06% compilation time)
[2023-01-10T09:49:18.843]Completed Shot 1, state 34
5739.597429 seconds (3.76 G allocations: 9.232 TiB, 13.31% gc time, 0.06% compilation time)
[2023-01-10T09:49:19.106]Completed Shot 1, state 19
5743.437870 seconds (3.76 G allocations: 9.242 TiB, 13.30% gc time, 0.06% compilation time)
[2023-01-10T09:49:22.533]Completed Shot 1, state 11
5749.041177 seconds (3.76 G allocations: 9.243 TiB, 13.28% gc time, 0.15% compilation time)
[2023-01-10T09:49:23.081]Completed Shot 1, state 10
5748.623817 seconds (3.77 G allocations: 9.252 TiB, 13.31% gc time, 0.06% compilation time)
[2023-01-10T09:49:28.269]Completed Shot 1, state 20
5755.058295 seconds (3.77 G allocations: 9.266 TiB, 13.31% gc time, 0.06% compilation time)
[2023-01-10T09:49:34.549]Completed Shot 1, state 32
5762.195962 seconds (3.78 G allocations: 9.271 TiB, 13.30% gc time, 0.15% compilation time)
[2023-01-10T09:49:36.236]Completed Shot 1, state 28
5758.649300 seconds (3.78 G allocations: 9.276 TiB, 13.30% gc time, 0.06% compilation time)
[2023-01-10T09:49:38.109]Completed Shot 1, state 35
5759.398402 seconds (3.78 G allocations: 9.277 TiB, 13.30% gc time, 0.06% compilation time)
[2023-01-10T09:49:38.495]Completed Shot 1, state 49
5762.103149 seconds (3.78 G allocations: 9.281 TiB, 13.31% gc time, 0.06% compilation time)
[2023-01-10T09:49:41.200]Completed Shot 1, state 2
5764.537277 seconds (3.78 G allocations: 9.288 TiB, 13.31% gc time, 0.06% compilation time)
[2023-01-10T09:49:44.031]Completed Shot 1, state 4
5774.664934 seconds (3.79 G allocations: 9.306 TiB, 13.32% gc time, 0.06% compilation time)
[2023-01-10T09:49:53.760]Completed Shot 1, state 18
5775.861768 seconds (3.79 G allocations: 9.309 TiB, 13.31% gc time, 0.06% compilation time)
[2023-01-10T09:49:54.958]Completed Shot 1, state 1
5776.367667 seconds (3.79 G allocations: 9.311 TiB, 13.31% gc time, 0.06% compilation time)
[2023-01-10T09:49:55.860]Completed Shot 1, state 40
5780.621081 seconds (3.79 G allocations: 9.318 TiB, 13.32% gc time, 0.06% compilation time)
[2023-01-10T09:49:59.718]Completed Shot 1, state 13
5785.816284 seconds (3.79 G allocations: 9.318 TiB, 13.30% gc time, 0.15% compilation time)
[2023-01-10T09:49:59.856]Completed Shot 1, state 8
5781.888245 seconds (3.79 G allocations: 9.320 TiB, 13.31% gc time, 0.06% compilation time)
[2023-01-10T09:50:00.985]Completed Shot 1, state 42
5781.506550 seconds (3.79 G allocations: 9.320 TiB, 13.31% gc time, 0.06% compilation time)
[2023-01-10T09:50:01.021]Completed Shot 1, state 29
5782.386989 seconds (3.80 G allocations: 9.322 TiB, 13.31% gc time, 0.06% compilation time)
[2023-01-10T09:50:01.847]Completed Shot 1, state 7
5784.398466 seconds (3.80 G allocations: 9.326 TiB, 13.31% gc time, 0.06% compilation time)
[2023-01-10T09:50:03.905]Completed Shot 1, state 33
5784.441559 seconds (3.80 G allocations: 9.326 TiB, 13.31% gc time, 0.06% compilation time)
[2023-01-10T09:50:03.958]Completed Shot 1, state 12
5784.803776 seconds (3.80 G allocations: 9.327 TiB, 13.31% gc time, 0.06% compilation time)
[2023-01-10T09:50:04.297]Completed Shot 1, state 6
5787.059177 seconds (3.80 G allocations: 9.330 TiB, 13.31% gc time, 0.05% compilation time)
[2023-01-10T09:50:06.702]Completed Shot 1, state 38
5788.073341 seconds (3.80 G allocations: 9.332 TiB, 13.31% gc time, 0.06% compilation time)
[2023-01-10T09:50:07.518]Completed Shot 1, state 15
5789.228812 seconds (3.80 G allocations: 9.334 TiB, 13.31% gc time, 0.06% compilation time)
[2023-01-10T09:50:08.741]Completed Shot 1, state 30
5789.732083 seconds (3.80 G allocations: 9.334 TiB, 13.31% gc time, 0.06% compilation time)
[2023-01-10T09:50:08.828]Completed Shot 1, state 43
5789.719537 seconds (3.80 G allocations: 9.335 TiB, 13.31% gc time, 0.06% compilation time)
[2023-01-10T09:50:09.212]Completed Shot 1, state 41
5790.911334 seconds (3.80 G allocations: 9.336 TiB, 13.32% gc time, 0.06% compilation time)
[2023-01-10T09:50:10.421]Completed Shot 1, state 21
5791.961184 seconds (3.80 G allocations: 9.337 TiB, 13.31% gc time, 0.06% compilation time)
[2023-01-10T09:50:11.455]Completed Shot 1, state 31
5792.360893 seconds (3.80 G allocations: 9.337 TiB, 13.31% gc time, 0.06% compilation time)
[2023-01-10T09:50:11.456]Completed Shot 1, state 9
5795.677719 seconds (3.80 G allocations: 9.341 TiB, 13.30% gc time, 0.06% compilation time)
[2023-01-10T09:50:14.773]Completed Shot 1, state 37
5797.080570 seconds (3.80 G allocations: 9.342 TiB, 13.31% gc time, 0.06% compilation time)
[2023-01-10T09:50:16.176]Completed Shot 1, state 44
5799.897373 seconds (3.81 G allocations: 9.345 TiB, 13.30% gc time, 0.06% compilation time)
[2023-01-10T09:50:19.410]Completed Shot 1, state 27
5807.036469 seconds (3.81 G allocations: 9.347 TiB, 13.29% gc time, 0.15% compilation time)
[2023-01-10T09:50:21.076]Completed Shot 1, state 39
5802.744232 seconds (3.81 G allocations: 9.347 TiB, 13.30% gc time, 0.06% compilation time)
[2023-01-10T09:50:21.840]Completed Shot 1, state 46
5804.433988 seconds (3.81 G allocations: 9.348 TiB, 13.29% gc time, 0.06% compilation time)
[2023-01-10T09:50:23.923]Completed Shot 1, state 24
5810.453036 seconds (3.81 G allocations: 9.351 TiB, 13.28% gc time, 0.06% compilation time)
[2023-01-10T09:50:29.549]Completed Shot 1, state 48
5810.797935 seconds (3.81 G allocations: 9.351 TiB, 13.28% gc time, 0.06% compilation time)
[2023-01-10T09:50:29.893]Completed Shot 1, state 45
5813.210269 seconds (3.81 G allocations: 9.352 TiB, 13.28% gc time, 0.06% compilation time)
[2023-01-10T09:50:32.694]Completed Shot 1, state 50
5821.142306 seconds (3.81 G allocations: 9.352 TiB, 13.26% gc time, 0.06% compilation time)
[2023-01-10T09:50:40.647]Completed Shot 1, state 16
5383.983069 seconds (3.94 G allocations: 9.659 TiB, 14.35% gc time)
[2023-01-10T11:20:24.633]Completed Shot 2, state 22
5423.545330 seconds (3.99 G allocations: 9.771 TiB, 14.40% gc time)
[2023-01-10T11:21:04.196]Completed Shot 2, state 50
5423.893153 seconds (3.99 G allocations: 9.773 TiB, 14.40% gc time)
[2023-01-10T11:21:04.544]Completed Shot 2, state 34
5424.479653 seconds (3.99 G allocations: 9.775 TiB, 14.40% gc time)
[2023-01-10T11:21:05.127]Completed Shot 2, state 1
5426.528837 seconds (3.99 G allocations: 9.782 TiB, 14.39% gc time)
[2023-01-10T11:21:07.179]Completed Shot 2, state 32
5433.259333 seconds (4.00 G allocations: 9.795 TiB, 14.43% gc time)
[2023-01-10T11:21:13.910]Completed Shot 2, state 37
5440.592625 seconds (4.01 G allocations: 9.821 TiB, 14.41% gc time)
[2023-01-10T11:21:21.245]Completed Shot 2, state 48
5446.159235 seconds (4.01 G allocations: 9.829 TiB, 14.45% gc time)
[2023-01-10T11:21:26.811]Completed Shot 2, state 45
5450.382967 seconds (4.02 G allocations: 9.845 TiB, 14.44% gc time)
[2023-01-10T11:21:31.034]Completed Shot 2, state 47
5457.274908 seconds (4.03 G allocations: 9.859 TiB, 14.47% gc time)
[2023-01-10T11:21:37.925]Completed Shot 2, state 28
5457.279116 seconds (4.03 G allocations: 9.859 TiB, 14.47% gc time)
[2023-01-10T11:21:37.929]Completed Shot 2, state 20
5459.466341 seconds (4.03 G allocations: 9.867 TiB, 14.46% gc time)
[2023-01-10T11:21:40.117]Completed Shot 2, state 33
5459.798194 seconds (4.03 G allocations: 9.869 TiB, 14.46% gc time)
[2023-01-10T11:21:40.449]Completed Shot 2, state 36
5462.596298 seconds (4.03 G allocations: 9.878 TiB, 14.46% gc time)
[2023-01-10T11:21:43.245]Completed Shot 2, state 4
5466.266841 seconds (4.04 G allocations: 9.884 TiB, 14.48% gc time)
[2023-01-10T11:21:46.916]Completed Shot 2, state 14
5467.904537 seconds (4.04 G allocations: 9.889 TiB, 14.48% gc time)
[2023-01-10T11:21:48.553]Completed Shot 2, state 8
5468.047987 seconds (4.04 G allocations: 9.889 TiB, 14.48% gc time)
[2023-01-10T11:21:48.697]Completed Shot 2, state 15
5468.136022 seconds (4.04 G allocations: 9.890 TiB, 14.48% gc time)
[2023-01-10T11:21:48.787]Completed Shot 2, state 29
5470.025490 seconds (4.04 G allocations: 9.896 TiB, 14.47% gc time)
[2023-01-10T11:21:50.676]Completed Shot 2, state 30
5472.511239 seconds (4.04 G allocations: 9.900 TiB, 14.49% gc time)
[2023-01-10T11:21:53.160]Completed Shot 2, state 12
5472.842431 seconds (4.04 G allocations: 9.901 TiB, 14.49% gc time)
[2023-01-10T11:21:53.493]Completed Shot 2, state 27
5473.288421 seconds (4.04 G allocations: 9.902 TiB, 14.49% gc time)
[2023-01-10T11:21:53.939]Completed Shot 2, state 42
5474.778360 seconds (4.05 G allocations: 9.907 TiB, 14.48% gc time)
[2023-01-10T11:21:55.429]Completed Shot 2, state 44
5475.306804 seconds (4.05 G allocations: 9.909 TiB, 14.48% gc time)
[2023-01-10T11:21:55.957]Completed Shot 2, state 24
5475.468662 seconds (4.05 G allocations: 9.909 TiB, 14.48% gc time)
[2023-01-10T11:21:56.119]Completed Shot 2, state 49
5476.444749 seconds (4.05 G allocations: 9.912 TiB, 14.48% gc time)
[2023-01-10T11:21:57.094]Completed Shot 2, state 13
5476.486025 seconds (4.05 G allocations: 9.912 TiB, 14.48% gc time)
[2023-01-10T11:21:57.136]Completed Shot 2, state 31
5477.599606 seconds (4.05 G allocations: 9.915 TiB, 14.48% gc time)
[2023-01-10T11:21:58.249]Completed Shot 2, state 25
5479.196714 seconds (4.05 G allocations: 9.916 TiB, 14.50% gc time)
[2023-01-10T11:21:59.845]Completed Shot 2, state 5
5480.757081 seconds (4.05 G allocations: 9.921 TiB, 14.49% gc time)
[2023-01-10T11:22:01.406]Completed Shot 2, state 7
5482.136051 seconds (4.05 G allocations: 9.925 TiB, 14.49% gc time)
[2023-01-10T11:22:02.786]Completed Shot 2, state 39
5482.339512 seconds (4.05 G allocations: 9.926 TiB, 14.49% gc time)
[2023-01-10T11:22:02.988]Completed Shot 2, state 10
5482.952313 seconds (4.06 G allocations: 9.927 TiB, 14.49% gc time)
[2023-01-10T11:22:03.603]Completed Shot 2, state 35
5483.000652 seconds (4.06 G allocations: 9.927 TiB, 14.49% gc time)
[2023-01-10T11:22:03.649]Completed Shot 2, state 6
5483.375556 seconds (4.06 G allocations: 9.928 TiB, 14.48% gc time)
[2023-01-10T11:22:04.024]Completed Shot 2, state 3
5485.737298 seconds (4.06 G allocations: 9.931 TiB, 14.50% gc time)
[2023-01-10T11:22:06.386]Completed Shot 2, state 16
5486.697453 seconds (4.06 G allocations: 9.933 TiB, 14.49% gc time)
[2023-01-10T11:22:07.348]Completed Shot 2, state 40
5486.887628 seconds (4.06 G allocations: 9.934 TiB, 14.49% gc time)
[2023-01-10T11:22:07.536]Completed Shot 2, state 9
5487.569825 seconds (4.06 G allocations: 9.935 TiB, 14.49% gc time)
[2023-01-10T11:22:08.218]Completed Shot 2, state 2
5488.098078 seconds (4.06 G allocations: 9.936 TiB, 14.49% gc time)
[2023-01-10T11:22:08.749]Completed Shot 2, state 41
5490.615261 seconds (4.06 G allocations: 9.939 TiB, 14.49% gc time)
[2023-01-10T11:22:11.266]Completed Shot 2, state 38
5491.456836 seconds (4.06 G allocations: 9.940 TiB, 14.49% gc time)
[2023-01-10T11:22:12.107]Completed Shot 2, state 26
5491.544932 seconds (4.06 G allocations: 9.940 TiB, 14.49% gc time)
[2023-01-10T11:22:12.196]Completed Shot 2, state 43
5492.523665 seconds (4.06 G allocations: 9.942 TiB, 14.49% gc time)
[2023-01-10T11:22:13.173]Completed Shot 2, state 21
5496.568149 seconds (4.06 G allocations: 9.945 TiB, 14.48% gc time)
[2023-01-10T11:22:17.217]Completed Shot 2, state 18
5498.039390 seconds (4.06 G allocations: 9.947 TiB, 14.48% gc time)
[2023-01-10T11:22:18.690]Completed Shot 2, state 46
5503.924998 seconds (4.06 G allocations: 9.950 TiB, 14.46% gc time)
[2023-01-10T11:22:24.574]Completed Shot 2, state 19
5504.883823 seconds (4.07 G allocations: 9.950 TiB, 14.47% gc time)
[2023-01-10T11:22:25.533]Completed Shot 2, state 17
5506.620372 seconds (4.07 G allocations: 9.951 TiB, 14.46% gc time)
[2023-01-10T11:22:27.270]Completed Shot 2, state 23
5508.994814 seconds (4.07 G allocations: 9.951 TiB, 14.45% gc time)
[2023-01-10T11:22:29.644]Completed Shot 2, state 11
5209.293473 seconds (4.22 G allocations: 10.303 TiB, 15.81% gc time)
[2023-01-10T12:49:18.941]Completed Shot 3, state 15
5211.750619 seconds (4.23 G allocations: 10.311 TiB, 15.81% gc time)
[2023-01-10T12:49:21.401]Completed Shot 3, state 28
5233.898309 seconds (4.25 G allocations: 10.365 TiB, 15.84% gc time)
[2023-01-10T12:49:43.552]Completed Shot 3, state 49
5234.313290 seconds (4.25 G allocations: 10.367 TiB, 15.84% gc time)
[2023-01-10T12:49:43.963]Completed Shot 3, state 26
5238.051358 seconds (4.25 G allocations: 10.379 TiB, 15.83% gc time)
[2023-01-10T12:49:47.703]Completed Shot 3, state 24
5238.758724 seconds (4.26 G allocations: 10.381 TiB, 15.83% gc time)
[2023-01-10T12:49:48.408]Completed Shot 3, state 18
5240.249936 seconds (4.26 G allocations: 10.386 TiB, 15.82% gc time)
[2023-01-10T12:49:49.897]Completed Shot 3, state 13
5240.672236 seconds (4.26 G allocations: 10.388 TiB, 15.82% gc time)
[2023-01-10T12:49:50.320]Completed Shot 3, state 17
5241.723024 seconds (4.26 G allocations: 10.391 TiB, 15.82% gc time)
[2023-01-10T12:49:51.372]Completed Shot 3, state 20
5250.420938 seconds (4.27 G allocations: 10.412 TiB, 15.84% gc time)
[2023-01-10T12:50:00.074]Completed Shot 3, state 48
5250.598008 seconds (4.27 G allocations: 10.412 TiB, 15.84% gc time)
[2023-01-10T12:50:00.249]Completed Shot 3, state 30
5251.456881 seconds (4.27 G allocations: 10.415 TiB, 15.84% gc time)
[2023-01-10T12:50:01.103]Completed Shot 3, state 8
5251.701867 seconds (4.27 G allocations: 10.416 TiB, 15.84% gc time)
[2023-01-10T12:50:01.354]Completed Shot 3, state 47
5256.409300 seconds (4.27 G allocations: 10.423 TiB, 15.86% gc time)
[2023-01-10T12:50:06.055]Completed Shot 3, state 3
5256.586795 seconds (4.27 G allocations: 10.423 TiB, 15.86% gc time)
[2023-01-10T12:50:06.233]Completed Shot 3, state 6
5258.814644 seconds (4.28 G allocations: 10.430 TiB, 15.86% gc time)
[2023-01-10T12:50:08.461]Completed Shot 3, state 7
5259.038819 seconds (4.28 G allocations: 10.431 TiB, 15.86% gc time)
[2023-01-10T12:50:08.689]Completed Shot 3, state 22
5261.207121 seconds (4.28 G allocations: 10.438 TiB, 15.85% gc time)
[2023-01-10T12:50:10.859]Completed Shot 3, state 44
5262.427611 seconds (4.28 G allocations: 10.441 TiB, 15.85% gc time)
[2023-01-10T12:50:12.078]Completed Shot 3, state 23
5263.040357 seconds (4.28 G allocations: 10.443 TiB, 15.84% gc time)
[2023-01-10T12:50:12.692]Completed Shot 3, state 34
5263.393739 seconds (4.28 G allocations: 10.444 TiB, 15.84% gc time)
[2023-01-10T12:50:13.046]Completed Shot 3, state 50
5266.628132 seconds (4.28 G allocations: 10.448 TiB, 15.87% gc time)
[2023-01-10T12:50:16.277]Completed Shot 3, state 21
5267.815274 seconds (4.29 G allocations: 10.451 TiB, 15.87% gc time)
[2023-01-10T12:50:17.462]Completed Shot 3, state 10
5267.981654 seconds (4.29 G allocations: 10.452 TiB, 15.86% gc time)
[2023-01-10T12:50:17.634]Completed Shot 3, state 42
5268.420388 seconds (4.29 G allocations: 10.453 TiB, 15.86% gc time)
[2023-01-10T12:50:18.073]Completed Shot 3, state 45
5269.745084 seconds (4.29 G allocations: 10.457 TiB, 15.86% gc time)
[2023-01-10T12:50:19.397]Completed Shot 3, state 43
5271.077039 seconds (4.29 G allocations: 10.460 TiB, 15.86% gc time)
[2023-01-10T12:50:20.729]Completed Shot 3, state 41
5272.465932 seconds (4.29 G allocations: 10.464 TiB, 15.85% gc time)
[2023-01-10T12:50:22.117]Completed Shot 3, state 33
5275.289668 seconds (4.29 G allocations: 10.468 TiB, 15.87% gc time)
[2023-01-10T12:50:24.941]Completed Shot 3, state 35
5275.928312 seconds (4.29 G allocations: 10.470 TiB, 15.87% gc time)
[2023-01-10T12:50:25.575]Completed Shot 3, state 12
5277.057011 seconds (4.29 G allocations: 10.473 TiB, 15.86% gc time)
[2023-01-10T12:50:26.709]Completed Shot 3, state 39
5277.603899 seconds (4.29 G allocations: 10.474 TiB, 15.86% gc time)
[2023-01-10T12:50:27.256]Completed Shot 3, state 37
5277.669782 seconds (4.29 G allocations: 10.474 TiB, 15.86% gc time)
[2023-01-10T12:50:27.322]Completed Shot 3, state 38
5279.548407 seconds (4.30 G allocations: 10.478 TiB, 15.85% gc time)
[2023-01-10T12:50:29.200]Completed Shot 3, state 31
5282.806684 seconds (4.30 G allocations: 10.484 TiB, 15.86% gc time)
[2023-01-10T12:50:32.457]Completed Shot 3, state 29
5283.328610 seconds (4.30 G allocations: 10.485 TiB, 15.86% gc time)
[2023-01-10T12:50:32.974]Completed Shot 3, state 1
5283.574801 seconds (4.30 G allocations: 10.486 TiB, 15.86% gc time)
[2023-01-10T12:50:33.223]Completed Shot 3, state 16
5283.726793 seconds (4.30 G allocations: 10.486 TiB, 15.86% gc time)
[2023-01-10T12:50:33.379]Completed Shot 3, state 46
5284.645912 seconds (4.30 G allocations: 10.488 TiB, 15.86% gc time)
[2023-01-10T12:50:34.292]Completed Shot 3, state 5
5284.679015 seconds (4.30 G allocations: 10.488 TiB, 15.86% gc time)
[2023-01-10T12:50:34.330]Completed Shot 3, state 32
5284.799116 seconds (4.30 G allocations: 10.488 TiB, 15.86% gc time)
[2023-01-10T12:50:34.446]Completed Shot 3, state 11
5286.717651 seconds (4.30 G allocations: 10.490 TiB, 15.87% gc time)
[2023-01-10T12:50:36.367]Completed Shot 3, state 25
5288.325558 seconds (4.30 G allocations: 10.492 TiB, 15.86% gc time)
[2023-01-10T12:50:37.976]Completed Shot 3, state 27
5288.365981 seconds (4.30 G allocations: 10.492 TiB, 15.86% gc time)
[2023-01-10T12:50:38.018]Completed Shot 3, state 40
5289.323484 seconds (4.30 G allocations: 10.493 TiB, 15.86% gc time)
[2023-01-10T12:50:38.972]Completed Shot 3, state 19
5294.331904 seconds (4.30 G allocations: 10.496 TiB, 15.85% gc time)
[2023-01-10T12:50:43.978]Completed Shot 3, state 9
5296.578273 seconds (4.30 G allocations: 10.498 TiB, 15.84% gc time)
[2023-01-10T12:50:46.224]Completed Shot 3, state 4
5296.784495 seconds (4.30 G allocations: 10.498 TiB, 15.84% gc time)
[2023-01-10T12:50:46.430]Completed Shot 3, state 2
5311.567329 seconds (4.31 G allocations: 10.498 TiB, 16.04% gc time)
[2023-01-10T12:51:01.219]Completed Shot 3, state 36
5321.359505 seconds (4.31 G allocations: 10.499 TiB, 16.02% gc time)
[2023-01-10T12:51:11.007]Completed Shot 3, state 14
5059.063576 seconds (3.70 G allocations: 9.102 TiB, 13.94% gc time)
[2023-01-10T14:15:30.077]Completed Shot 4, state 31
5088.708920 seconds (3.73 G allocations: 9.167 TiB, 13.95% gc time)
[2023-01-10T14:15:59.719]Completed Shot 4, state 7
5122.104328 seconds (3.76 G allocations: 9.242 TiB, 13.97% gc time)
[2023-01-10T14:16:33.116]Completed Shot 4, state 40
5125.673782 seconds (3.76 G allocations: 9.248 TiB, 13.99% gc time)
[2023-01-10T14:16:36.686]Completed Shot 4, state 13
5135.564038 seconds (3.77 G allocations: 9.271 TiB, 13.99% gc time)
[2023-01-10T14:16:46.574]Completed Shot 4, state 8
5141.207305 seconds (3.78 G allocations: 9.284 TiB, 14.00% gc time)
[2023-01-10T14:16:52.219]Completed Shot 4, state 25
5141.921361 seconds (3.78 G allocations: 9.286 TiB, 14.00% gc time)
[2023-01-10T14:16:52.934]Completed Shot 4, state 49
5142.180748 seconds (3.78 G allocations: 9.286 TiB, 14.00% gc time)
[2023-01-10T14:16:53.193]Completed Shot 4, state 34
5146.406198 seconds (3.78 G allocations: 9.296 TiB, 14.00% gc time)
[2023-01-10T14:16:57.418]Completed Shot 4, state 10
5146.487169 seconds (3.78 G allocations: 9.296 TiB, 14.00% gc time)
[2023-01-10T14:16:57.497]Completed Shot 4, state 1
5147.309160 seconds (3.78 G allocations: 9.298 TiB, 14.00% gc time)
[2023-01-10T14:16:58.320]Completed Shot 4, state 20
5148.971100 seconds (3.79 G allocations: 9.303 TiB, 14.00% gc time)
[2023-01-10T14:16:59.984]Completed Shot 4, state 43
5150.692224 seconds (3.79 G allocations: 9.308 TiB, 13.99% gc time)
[2023-01-10T14:17:01.704]Completed Shot 4, state 32
5153.791442 seconds (3.79 G allocations: 9.313 TiB, 14.01% gc time)
[2023-01-10T14:17:04.803]Completed Shot 4, state 24
5155.983509 seconds (3.79 G allocations: 9.318 TiB, 14.00% gc time)
[2023-01-10T14:17:06.993]Completed Shot 4, state 2
5158.064230 seconds (3.79 G allocations: 9.322 TiB, 14.01% gc time)
[2023-01-10T14:17:09.077]Completed Shot 4, state 30
5158.841300 seconds (3.80 G allocations: 9.324 TiB, 14.01% gc time)
[2023-01-10T14:17:09.853]Completed Shot 4, state 48
5160.160213 seconds (3.80 G allocations: 9.328 TiB, 14.00% gc time)
[2023-01-10T14:17:11.173]Completed Shot 4, state 47
5161.140685 seconds (3.80 G allocations: 9.330 TiB, 14.00% gc time)
[2023-01-10T14:17:12.151]Completed Shot 4, state 4
5164.501789 seconds (3.80 G allocations: 9.337 TiB, 14.01% gc time)
[2023-01-10T14:17:15.513]Completed Shot 4, state 14
5164.578225 seconds (3.80 G allocations: 9.337 TiB, 14.01% gc time)
[2023-01-10T14:17:15.588]Completed Shot 4, state 9
5166.065340 seconds (3.80 G allocations: 9.341 TiB, 14.00% gc time)
[2023-01-10T14:17:17.078]Completed Shot 4, state 38
5166.404962 seconds (3.80 G allocations: 9.342 TiB, 14.00% gc time)
[2023-01-10T14:17:17.417]Completed Shot 4, state 42
5167.561643 seconds (3.80 G allocations: 9.343 TiB, 14.01% gc time)
[2023-01-10T14:17:18.573]Completed Shot 4, state 28
5168.651000 seconds (3.80 G allocations: 9.346 TiB, 14.01% gc time)
[2023-01-10T14:17:19.662]Completed Shot 4, state 12
5170.829837 seconds (3.81 G allocations: 9.352 TiB, 14.00% gc time)
[2023-01-10T14:17:21.841]Completed Shot 4, state 15
5172.199396 seconds (3.81 G allocations: 9.353 TiB, 14.01% gc time)
[2023-01-10T14:17:23.211]Completed Shot 4, state 26
5173.171342 seconds (3.81 G allocations: 9.356 TiB, 14.01% gc time)
[2023-01-10T14:17:24.183]Completed Shot 4, state 23
5174.018266 seconds (3.81 G allocations: 9.358 TiB, 14.01% gc time)
[2023-01-10T14:17:25.030]Completed Shot 4, state 33
5175.537587 seconds (3.81 G allocations: 9.361 TiB, 14.00% gc time)
[2023-01-10T14:17:26.550]Completed Shot 4, state 44
5177.008088 seconds (3.81 G allocations: 9.363 TiB, 14.01% gc time)
[2023-01-10T14:17:28.020]Completed Shot 4, state 36
5177.098671 seconds (3.81 G allocations: 9.363 TiB, 14.01% gc time)
[2023-01-10T14:17:28.111]Completed Shot 4, state 41
5177.121072 seconds (3.81 G allocations: 9.363 TiB, 14.01% gc time)
[2023-01-10T14:17:28.132]Completed Shot 4, state 22
5177.571429 seconds (3.81 G allocations: 9.364 TiB, 14.01% gc time)
[2023-01-10T14:17:28.582]Completed Shot 4, state 17
5177.697794 seconds (3.81 G allocations: 9.364 TiB, 14.01% gc time)
[2023-01-10T14:17:28.710]Completed Shot 4, state 39
5181.866224 seconds (3.81 G allocations: 9.371 TiB, 14.01% gc time)
[2023-01-10T14:17:32.877]Completed Shot 4, state 21
5183.242088 seconds (3.82 G allocations: 9.374 TiB, 14.01% gc time)
[2023-01-10T14:17:34.252]Completed Shot 4, state 3
5183.679062 seconds (3.82 G allocations: 9.374 TiB, 14.01% gc time)
[2023-01-10T14:17:34.689]Completed Shot 4, state 6
5183.814973 seconds (3.82 G allocations: 9.375 TiB, 14.01% gc time)
[2023-01-10T14:17:34.826]Completed Shot 4, state 16
5185.522775 seconds (3.82 G allocations: 9.376 TiB, 14.01% gc time)
[2023-01-10T14:17:36.533]Completed Shot 4, state 11
5186.598944 seconds (3.82 G allocations: 9.377 TiB, 14.01% gc time)
[2023-01-10T14:17:37.611]Completed Shot 4, state 27
5190.926253 seconds (3.82 G allocations: 9.382 TiB, 14.00% gc time)
[2023-01-10T14:17:41.938]Completed Shot 4, state 45
5192.640464 seconds (3.82 G allocations: 9.384 TiB, 13.99% gc time)
[2023-01-10T14:17:43.653]Completed Shot 4, state 46
5193.510224 seconds (3.82 G allocations: 9.384 TiB, 13.99% gc time)
[2023-01-10T14:17:44.522]Completed Shot 4, state 29
5195.470354 seconds (3.82 G allocations: 9.386 TiB, 13.99% gc time)
[2023-01-10T14:17:46.482]Completed Shot 4, state 35
5196.493568 seconds (3.82 G allocations: 9.386 TiB, 13.99% gc time)
[2023-01-10T14:17:47.506]Completed Shot 4, state 50
5196.740975 seconds (3.82 G allocations: 9.386 TiB, 13.99% gc time)
[2023-01-10T14:17:47.753]Completed Shot 4, state 37
5196.839217 seconds (3.82 G allocations: 9.386 TiB, 13.99% gc time)
[2023-01-10T14:17:47.850]Completed Shot 4, state 18
5200.511986 seconds (3.82 G allocations: 9.387 TiB, 13.98% gc time)
[2023-01-10T14:17:51.523]Completed Shot 4, state 19
5207.333863 seconds (3.82 G allocations: 9.388 TiB, 13.96% gc time)
[2023-01-10T14:17:58.344]Completed Shot 4, state 5
5318.976779 seconds (4.07 G allocations: 9.952 TiB, 14.05% gc time)
[2023-01-10T15:46:37.324]Completed Shot 5, state 19
5328.646187 seconds (4.08 G allocations: 9.977 TiB, 14.07% gc time)
[2023-01-10T15:46:46.994]Completed Shot 5, state 15
5335.356500 seconds (4.09 G allocations: 9.999 TiB, 14.05% gc time)
[2023-01-10T15:46:53.705]Completed Shot 5, state 20
5335.986246 seconds (4.09 G allocations: 10.001 TiB, 14.05% gc time)
[2023-01-10T15:46:54.333]Completed Shot 5, state 8
5339.989653 seconds (4.09 G allocations: 10.007 TiB, 14.08% gc time)
[2023-01-10T15:46:58.337]Completed Shot 5, state 5
5344.970107 seconds (4.10 G allocations: 10.024 TiB, 14.06% gc time)
[2023-01-10T15:47:03.319]Completed Shot 5, state 37
5350.481494 seconds (4.10 G allocations: 10.035 TiB, 14.09% gc time)
[2023-01-10T15:47:08.832]Completed Shot 5, state 43
5354.475491 seconds (4.11 G allocations: 10.049 TiB, 14.08% gc time)
[2023-01-10T15:47:12.823]Completed Shot 5, state 17
5357.632776 seconds (4.11 G allocations: 10.055 TiB, 14.09% gc time)
[2023-01-10T15:47:15.982]Completed Shot 5, state 35
5357.778309 seconds (4.11 G allocations: 10.055 TiB, 14.09% gc time)
[2023-01-10T15:47:16.124]Completed Shot 5, state 4
5358.092014 seconds (4.11 G allocations: 10.056 TiB, 14.09% gc time)
[2023-01-10T15:47:16.441]Completed Shot 5, state 45
5359.003465 seconds (4.11 G allocations: 10.059 TiB, 14.09% gc time)
[2023-01-10T15:47:17.351]Completed Shot 5, state 16
5361.500952 seconds (4.12 G allocations: 10.067 TiB, 14.08% gc time)
[2023-01-10T15:47:19.849]Completed Shot 5, state 7
5367.246847 seconds (4.12 G allocations: 10.080 TiB, 14.10% gc time)
[2023-01-10T15:47:25.595]Completed Shot 5, state 40
5367.630365 seconds (4.12 G allocations: 10.082 TiB, 14.10% gc time)
[2023-01-10T15:47:25.976]Completed Shot 5, state 3
5368.478573 seconds (4.12 G allocations: 10.084 TiB, 14.09% gc time)
[2023-01-10T15:47:26.825]Completed Shot 5, state 14
5369.357994 seconds (4.12 G allocations: 10.087 TiB, 14.09% gc time)
[2023-01-10T15:47:27.706]Completed Shot 5, state 33
5375.817430 seconds (4.13 G allocations: 10.102 TiB, 14.10% gc time)
[2023-01-10T15:47:34.165]Completed Shot 5, state 31
5376.305868 seconds (4.13 G allocations: 10.103 TiB, 14.10% gc time)
[2023-01-10T15:47:34.655]Completed Shot 5, state 39
5380.598246 seconds (4.13 G allocations: 10.112 TiB, 14.12% gc time)
[2023-01-10T15:47:38.946]Completed Shot 5, state 30
5381.348955 seconds (4.14 G allocations: 10.114 TiB, 14.11% gc time)
[2023-01-10T15:47:39.698]Completed Shot 5, state 42
5382.273633 seconds (4.14 G allocations: 10.117 TiB, 14.11% gc time)
[2023-01-10T15:47:40.619]Completed Shot 5, state 2
5383.229166 seconds (4.14 G allocations: 10.120 TiB, 14.11% gc time)
[2023-01-10T15:47:41.577]Completed Shot 5, state 32
5384.005949 seconds (4.14 G allocations: 10.122 TiB, 14.11% gc time)
[2023-01-10T15:47:42.354]Completed Shot 5, state 41
5384.400897 seconds (4.14 G allocations: 10.123 TiB, 14.11% gc time)
[2023-01-10T15:47:42.750]Completed Shot 5, state 47
5386.415308 seconds (4.14 G allocations: 10.126 TiB, 14.12% gc time)
[2023-01-10T15:47:44.761]Completed Shot 5, state 6
5386.492979 seconds (4.14 G allocations: 10.126 TiB, 14.12% gc time)
[2023-01-10T15:47:44.841]Completed Shot 5, state 22
5387.077034 seconds (4.14 G allocations: 10.128 TiB, 14.12% gc time)
[2023-01-10T15:47:45.425]Completed Shot 5, state 34
5387.325955 seconds (4.14 G allocations: 10.129 TiB, 14.12% gc time)
[2023-01-10T15:47:45.673]Completed Shot 5, state 13
5387.797644 seconds (4.14 G allocations: 10.130 TiB, 14.12% gc time)
[2023-01-10T15:47:46.145]Completed Shot 5, state 25
5388.807735 seconds (4.14 G allocations: 10.133 TiB, 14.11% gc time)
[2023-01-10T15:47:47.155]Completed Shot 5, state 18
5389.230966 seconds (4.14 G allocations: 10.134 TiB, 14.11% gc time)
[2023-01-10T15:47:47.577]Completed Shot 5, state 12
5392.006894 seconds (4.15 G allocations: 10.138 TiB, 14.12% gc time)
[2023-01-10T15:47:50.354]Completed Shot 5, state 23
5392.032200 seconds (4.15 G allocations: 10.138 TiB, 14.12% gc time)
[2023-01-10T15:47:50.380]Completed Shot 5, state 27
5393.567873 seconds (4.15 G allocations: 10.141 TiB, 14.12% gc time)
[2023-01-10T15:47:51.917]Completed Shot 5, state 44
5394.792018 seconds (4.15 G allocations: 10.144 TiB, 14.11% gc time)
[2023-01-10T15:47:53.141]Completed Shot 5, state 46
5395.153339 seconds (4.15 G allocations: 10.144 TiB, 14.11% gc time)
[2023-01-10T15:47:53.501]Completed Shot 5, state 28
5395.790753 seconds (4.15 G allocations: 10.145 TiB, 14.11% gc time)
[2023-01-10T15:47:54.139]Completed Shot 5, state 48
5396.320312 seconds (4.15 G allocations: 10.146 TiB, 14.11% gc time)
[2023-01-10T15:47:54.668]Completed Shot 5, state 26
5400.039888 seconds (4.15 G allocations: 10.152 TiB, 14.11% gc time)
[2023-01-10T15:47:58.385]Completed Shot 5, state 1
5400.624340 seconds (4.15 G allocations: 10.153 TiB, 14.11% gc time)
[2023-01-10T15:47:58.972]Completed Shot 5, state 21
5406.353039 seconds (4.15 G allocations: 10.160 TiB, 14.10% gc time)
[2023-01-10T15:48:04.699]Completed Shot 5, state 11
5406.747437 seconds (4.15 G allocations: 10.160 TiB, 14.10% gc time)
[2023-01-10T15:48:05.095]Completed Shot 5, state 29
5407.463776 seconds (4.16 G allocations: 10.161 TiB, 14.10% gc time)
[2023-01-10T15:48:05.810]Completed Shot 5, state 9
5411.194179 seconds (4.16 G allocations: 10.164 TiB, 14.10% gc time)
[2023-01-10T15:48:09.542]Completed Shot 5, state 24
5414.242588 seconds (4.16 G allocations: 10.167 TiB, 14.09% gc time)
[2023-01-10T15:48:12.591]Completed Shot 5, state 50
5416.882983 seconds (4.16 G allocations: 10.168 TiB, 14.09% gc time)
[2023-01-10T15:48:15.231]Completed Shot 5, state 36
  Activating project at `/gpfs/bwfor/work/ws/hd_ku269-light_cones/WorkingFolder`
5417.156623 seconds (4.16 G allocations: 10.168 TiB, 14.09% gc time)
[2023-01-10T15:48:15.504]Completed Shot 5, state 10
5420.763413 seconds (4.16 G allocations: 10.169 TiB, 14.08% gc time)
[2023-01-10T15:48:19.112]Completed Shot 5, state 38
5421.508791 seconds (4.16 G allocations: 10.169 TiB, 14.08% gc time)
[2023-01-10T15:48:19.858]Completed Shot 5, state 49
5460.835557 seconds (4.27 G allocations: 10.411 TiB, 14.84% gc time)
[2023-01-10T17:19:20.698]Completed Shot 6, state 50
5487.349625 seconds (4.31 G allocations: 10.486 TiB, 14.88% gc time)
[2023-01-10T17:19:47.212]Completed Shot 6, state 27
5497.216973 seconds (4.32 G allocations: 10.515 TiB, 14.89% gc time)
[2023-01-10T17:19:57.080]Completed Shot 6, state 40
5501.385980 seconds (4.32 G allocations: 10.524 TiB, 14.90% gc time)
[2023-01-10T17:20:01.249]Completed Shot 6, state 46
5501.767102 seconds (4.32 G allocations: 10.526 TiB, 14.90% gc time)
[2023-01-10T17:20:01.627]Completed Shot 6, state 3
5502.671839 seconds (4.32 G allocations: 10.529 TiB, 14.90% gc time)
[2023-01-10T17:20:02.534]Completed Shot 6, state 33
5504.321492 seconds (4.33 G allocations: 10.535 TiB, 14.90% gc time)
[2023-01-10T17:20:04.184]Completed Shot 6, state 36
5514.986154 seconds (4.34 G allocations: 10.564 TiB, 14.92% gc time)
[2023-01-10T17:20:14.848]Completed Shot 6, state 21
5516.245413 seconds (4.34 G allocations: 10.569 TiB, 14.91% gc time)
[2023-01-10T17:20:16.106]Completed Shot 6, state 17
5517.190414 seconds (4.34 G allocations: 10.572 TiB, 14.91% gc time)
[2023-01-10T17:20:17.051]Completed Shot 6, state 11
5518.022952 seconds (4.34 G allocations: 10.575 TiB, 14.91% gc time)
[2023-01-10T17:20:17.883]Completed Shot 6, state 4
5519.724836 seconds (4.34 G allocations: 10.577 TiB, 14.93% gc time)
[2023-01-10T17:20:19.587]Completed Shot 6, state 24
5520.052667 seconds (4.34 G allocations: 10.578 TiB, 14.93% gc time)
[2023-01-10T17:20:19.914]Completed Shot 6, state 23
5520.845539 seconds (4.35 G allocations: 10.581 TiB, 14.92% gc time)
[2023-01-10T17:20:20.708]Completed Shot 6, state 34
5524.417690 seconds (4.35 G allocations: 10.591 TiB, 14.93% gc time)
[2023-01-10T17:20:24.280]Completed Shot 6, state 22
5524.719039 seconds (4.35 G allocations: 10.592 TiB, 14.93% gc time)
[2023-01-10T17:20:24.580]Completed Shot 6, state 18
5525.131714 seconds (4.35 G allocations: 10.593 TiB, 14.93% gc time)
[2023-01-10T17:20:24.992]Completed Shot 6, state 10
5528.287019 seconds (4.35 G allocations: 10.601 TiB, 14.93% gc time)
[2023-01-10T17:20:28.147]Completed Shot 6, state 5
5530.244102 seconds (4.36 G allocations: 10.608 TiB, 14.93% gc time)
[2023-01-10T17:20:30.104]Completed Shot 6, state 9
5532.162301 seconds (4.36 G allocations: 10.611 TiB, 14.94% gc time)
[2023-01-10T17:20:32.024]Completed Shot 6, state 25
5533.376471 seconds (4.36 G allocations: 10.615 TiB, 14.94% gc time)
[2023-01-10T17:20:33.239]Completed Shot 6, state 38
5533.953468 seconds (4.36 G allocations: 10.617 TiB, 14.93% gc time)
[2023-01-10T17:20:33.816]Completed Shot 6, state 37
5534.639030 seconds (4.36 G allocations: 10.619 TiB, 14.93% gc time)
[2023-01-10T17:20:34.501]Completed Shot 6, state 30
5536.302333 seconds (4.36 G allocations: 10.621 TiB, 14.95% gc time)
[2023-01-10T17:20:36.162]Completed Shot 6, state 6
5536.764700 seconds (4.36 G allocations: 10.622 TiB, 14.95% gc time)
[2023-01-10T17:20:36.627]Completed Shot 6, state 31
5537.285738 seconds (4.36 G allocations: 10.624 TiB, 14.94% gc time)
[2023-01-10T17:20:37.147]Completed Shot 6, state 15
5538.522773 seconds (4.37 G allocations: 10.628 TiB, 14.94% gc time)
[2023-01-10T17:20:38.385]Completed Shot 6, state 45
5539.663025 seconds (4.37 G allocations: 10.630 TiB, 14.95% gc time)
[2023-01-10T17:20:39.524]Completed Shot 6, state 14
5539.891341 seconds (4.37 G allocations: 10.630 TiB, 14.95% gc time)
[2023-01-10T17:20:39.754]Completed Shot 6, state 48
5541.628557 seconds (4.37 G allocations: 10.635 TiB, 14.94% gc time)
[2023-01-10T17:20:41.491]Completed Shot 6, state 39
5541.754155 seconds (4.37 G allocations: 10.635 TiB, 14.94% gc time)
[2023-01-10T17:20:41.616]Completed Shot 6, state 28
5541.912764 seconds (4.37 G allocations: 10.635 TiB, 14.94% gc time)
[2023-01-10T17:20:41.772]Completed Shot 6, state 1
5543.430580 seconds (4.37 G allocations: 10.638 TiB, 14.95% gc time)
[2023-01-10T17:20:43.293]Completed Shot 6, state 49
5544.374623 seconds (4.37 G allocations: 10.640 TiB, 14.95% gc time)
[2023-01-10T17:20:44.237]Completed Shot 6, state 29
5545.234704 seconds (4.37 G allocations: 10.642 TiB, 14.94% gc time)
[2023-01-10T17:20:45.097]Completed Shot 6, state 47
5546.166640 seconds (4.37 G allocations: 10.643 TiB, 14.95% gc time)
[2023-01-10T17:20:46.027]Completed Shot 6, state 13
5547.092962 seconds (4.37 G allocations: 10.645 TiB, 14.95% gc time)
[2023-01-10T17:20:46.953]Completed Shot 6, state 8
5549.189308 seconds (4.37 G allocations: 10.649 TiB, 14.95% gc time)
[2023-01-10T17:20:49.051]Completed Shot 6, state 26
5550.068258 seconds (4.38 G allocations: 10.651 TiB, 14.94% gc time)
[2023-01-10T17:20:49.930]Completed Shot 6, state 32
5551.140499 seconds (4.38 G allocations: 10.653 TiB, 14.94% gc time)
[2023-01-10T17:20:51.003]Completed Shot 6, state 43
5551.429012 seconds (4.38 G allocations: 10.653 TiB, 14.94% gc time)
[2023-01-10T17:20:51.289]Completed Shot 6, state 7
5553.371741 seconds (4.38 G allocations: 10.656 TiB, 14.94% gc time)
[2023-01-10T17:20:53.234]Completed Shot 6, state 41
5553.510666 seconds (4.38 G allocations: 10.656 TiB, 14.94% gc time)
[2023-01-10T17:20:53.370]Completed Shot 6, state 2
5553.859106 seconds (4.38 G allocations: 10.656 TiB, 14.94% gc time)
[2023-01-10T17:20:53.721]Completed Shot 6, state 35
5554.317419 seconds (4.38 G allocations: 10.657 TiB, 14.94% gc time)
[2023-01-10T17:20:54.179]Completed Shot 6, state 19
5556.672577 seconds (4.38 G allocations: 10.658 TiB, 14.93% gc time)
[2023-01-10T17:20:56.535]Completed Shot 6, state 44
5558.048057 seconds (4.38 G allocations: 10.659 TiB, 14.93% gc time)
[2023-01-10T17:20:57.909]Completed Shot 6, state 20
5562.769488 seconds (4.38 G allocations: 10.661 TiB, 14.92% gc time)
[2023-01-10T17:21:02.630]Completed Shot 6, state 12
5563.992664 seconds (4.38 G allocations: 10.661 TiB, 14.92% gc time)
[2023-01-10T17:21:03.855]Completed Shot 6, state 42
5566.935516 seconds (4.38 G allocations: 10.661 TiB, 14.91% gc time)
[2023-01-10T17:21:06.796]Completed Shot 6, state 16
4859.130691 seconds (3.74 G allocations: 9.184 TiB, 14.50% gc time)
[2023-01-10T18:42:05.930]Completed Shot 7, state 5
4861.861079 seconds (3.74 G allocations: 9.191 TiB, 14.49% gc time)
[2023-01-10T18:42:08.663]Completed Shot 7, state 42
4863.549079 seconds (3.74 G allocations: 9.195 TiB, 14.49% gc time)
[2023-01-10T18:42:10.350]Completed Shot 7, state 31
4869.631600 seconds (3.75 G allocations: 9.206 TiB, 14.50% gc time)
[2023-01-10T18:42:16.431]Completed Shot 7, state 14
4870.094749 seconds (3.75 G allocations: 9.208 TiB, 14.50% gc time)
[2023-01-10T18:42:16.895]Completed Shot 7, state 16
4874.683720 seconds (3.75 G allocations: 9.219 TiB, 14.49% gc time)
[2023-01-10T18:42:21.482]Completed Shot 7, state 4
4877.997474 seconds (3.75 G allocations: 9.225 TiB, 14.50% gc time)
[2023-01-10T18:42:24.797]Completed Shot 7, state 12
4879.037121 seconds (3.76 G allocations: 9.227 TiB, 14.50% gc time)
[2023-01-10T18:42:25.837]Completed Shot 7, state 18
4879.995951 seconds (3.76 G allocations: 9.230 TiB, 14.49% gc time)
[2023-01-10T18:42:26.798]Completed Shot 7, state 21
4880.172362 seconds (3.76 G allocations: 9.230 TiB, 14.49% gc time)
[2023-01-10T18:42:26.974]Completed Shot 7, state 37
4883.501772 seconds (3.76 G allocations: 9.236 TiB, 14.50% gc time)
[2023-01-10T18:42:30.302]Completed Shot 7, state 17
4884.565429 seconds (3.76 G allocations: 9.239 TiB, 14.50% gc time)
[2023-01-10T18:42:31.368]Completed Shot 7, state 47
4885.639869 seconds (3.76 G allocations: 9.242 TiB, 14.49% gc time)
[2023-01-10T18:42:32.438]Completed Shot 7, state 3
4887.953194 seconds (3.76 G allocations: 9.248 TiB, 14.49% gc time)
[2023-01-10T18:42:34.755]Completed Shot 7, state 35
4891.139388 seconds (3.77 G allocations: 9.253 TiB, 14.50% gc time)
[2023-01-10T18:42:37.941]Completed Shot 7, state 46
4892.989383 seconds (3.77 G allocations: 9.258 TiB, 14.49% gc time)
[2023-01-10T18:42:39.792]Completed Shot 7, state 38
4893.249123 seconds (3.77 G allocations: 9.259 TiB, 14.49% gc time)
[2023-01-10T18:42:40.051]Completed Shot 7, state 28
4896.267826 seconds (3.77 G allocations: 9.264 TiB, 14.50% gc time)
[2023-01-10T18:42:43.069]Completed Shot 7, state 25
4897.082100 seconds (3.77 G allocations: 9.266 TiB, 14.50% gc time)
[2023-01-10T18:42:43.884]Completed Shot 7, state 48
4902.135301 seconds (3.78 G allocations: 9.277 TiB, 14.50% gc time)
[2023-01-10T18:42:48.934]Completed Shot 7, state 2
4902.271120 seconds (3.78 G allocations: 9.277 TiB, 14.50% gc time)
[2023-01-10T18:42:49.073]Completed Shot 7, state 39
4902.965094 seconds (3.78 G allocations: 9.279 TiB, 14.50% gc time)
[2023-01-10T18:42:49.765]Completed Shot 7, state 19
4904.031864 seconds (3.78 G allocations: 9.281 TiB, 14.50% gc time)
[2023-01-10T18:42:50.833]Completed Shot 7, state 30
4905.733681 seconds (3.78 G allocations: 9.284 TiB, 14.49% gc time)
[2023-01-10T18:42:52.534]Completed Shot 7, state 24
4908.021342 seconds (3.78 G allocations: 9.288 TiB, 14.50% gc time)
[2023-01-10T18:42:54.822]Completed Shot 7, state 22
4908.251314 seconds (3.78 G allocations: 9.288 TiB, 14.50% gc time)
[2023-01-10T18:42:55.052]Completed Shot 7, state 27
4910.244551 seconds (3.78 G allocations: 9.293 TiB, 14.49% gc time)
[2023-01-10T18:42:57.046]Completed Shot 7, state 33
4911.669664 seconds (3.78 G allocations: 9.296 TiB, 14.49% gc time)
[2023-01-10T18:42:58.468]Completed Shot 7, state 6
4913.977608 seconds (3.79 G allocations: 9.299 TiB, 14.49% gc time)
[2023-01-10T18:43:00.779]Completed Shot 7, state 29
4913.994688 seconds (3.79 G allocations: 9.299 TiB, 14.49% gc time)
[2023-01-10T18:43:00.796]Completed Shot 7, state 36
4914.300799 seconds (3.79 G allocations: 9.300 TiB, 14.49% gc time)
[2023-01-10T18:43:01.100]Completed Shot 7, state 7
4915.071587 seconds (3.79 G allocations: 9.301 TiB, 14.49% gc time)
[2023-01-10T18:43:01.873]Completed Shot 7, state 41
4919.321503 seconds (3.79 G allocations: 9.307 TiB, 14.48% gc time)
[2023-01-10T18:43:06.121]Completed Shot 7, state 13
4920.678891 seconds (3.79 G allocations: 9.309 TiB, 14.48% gc time)
[2023-01-10T18:43:07.480]Completed Shot 7, state 32
4921.081825 seconds (3.79 G allocations: 9.310 TiB, 14.48% gc time)
[2023-01-10T18:43:07.883]Completed Shot 7, state 34
4921.553197 seconds (3.79 G allocations: 9.311 TiB, 14.48% gc time)
[2023-01-10T18:43:08.353]Completed Shot 7, state 20
4924.580963 seconds (3.79 G allocations: 9.315 TiB, 14.48% gc time)
[2023-01-10T18:43:11.381]Completed Shot 7, state 15
4924.972328 seconds (3.79 G allocations: 9.315 TiB, 14.48% gc time)
[2023-01-10T18:43:11.774]Completed Shot 7, state 43
4926.825405 seconds (3.79 G allocations: 9.318 TiB, 14.47% gc time)
[2023-01-10T18:43:13.625]Completed Shot 7, state 10
4928.315959 seconds (3.79 G allocations: 9.320 TiB, 14.47% gc time)
[2023-01-10T18:43:15.116]Completed Shot 7, state 23
4931.060547 seconds (3.80 G allocations: 9.323 TiB, 14.47% gc time)
[2023-01-10T18:43:17.862]Completed Shot 7, state 40
4931.909336 seconds (3.80 G allocations: 9.324 TiB, 14.46% gc time)
[2023-01-10T18:43:18.707]Completed Shot 7, state 1
4932.389740 seconds (3.80 G allocations: 9.324 TiB, 14.46% gc time)
[2023-01-10T18:43:19.189]Completed Shot 7, state 8
4934.377097 seconds (3.80 G allocations: 9.326 TiB, 14.46% gc time)
[2023-01-10T18:43:21.179]Completed Shot 7, state 44
4935.438457 seconds (3.80 G allocations: 9.326 TiB, 14.46% gc time)
[2023-01-10T18:43:22.238]Completed Shot 7, state 11
4937.243608 seconds (3.80 G allocations: 9.328 TiB, 14.45% gc time)
[2023-01-10T18:43:24.043]Completed Shot 7, state 9
4939.495010 seconds (3.80 G allocations: 9.329 TiB, 14.45% gc time)
[2023-01-10T18:43:26.297]Completed Shot 7, state 45
4939.631424 seconds (3.80 G allocations: 9.329 TiB, 14.45% gc time)
[2023-01-10T18:43:26.432]Completed Shot 7, state 26
4940.378531 seconds (3.80 G allocations: 9.329 TiB, 14.44% gc time)
[2023-01-10T18:43:27.180]Completed Shot 7, state 50
4952.892522 seconds (3.80 G allocations: 9.330 TiB, 14.41% gc time)
[2023-01-10T18:43:39.694]Completed Shot 7, state 49
5155.922489 seconds (3.76 G allocations: 9.236 TiB, 13.56% gc time)
[2023-01-10T20:09:35.627]Completed Shot 8, state 47
5180.555491 seconds (3.79 G allocations: 9.298 TiB, 13.58% gc time)
[2023-01-10T20:10:00.255]Completed Shot 8, state 19
5187.805215 seconds (3.80 G allocations: 9.320 TiB, 13.56% gc time)
[2023-01-10T20:10:07.504]Completed Shot 8, state 12
5193.404640 seconds (3.80 G allocations: 9.329 TiB, 13.60% gc time)
[2023-01-10T20:10:13.108]Completed Shot 8, state 35
5196.089094 seconds (3.80 G allocations: 9.338 TiB, 13.59% gc time)
[2023-01-10T20:10:15.788]Completed Shot 8, state 14
5199.774895 seconds (3.81 G allocations: 9.350 TiB, 13.58% gc time)
[2023-01-10T20:10:19.474]Completed Shot 8, state 11
5202.014764 seconds (3.81 G allocations: 9.356 TiB, 13.57% gc time)
[2023-01-10T20:10:21.718]Completed Shot 8, state 36
5204.515150 seconds (3.81 G allocations: 9.358 TiB, 13.61% gc time)
[2023-01-10T20:10:24.219]Completed Shot 8, state 41
5205.565891 seconds (3.81 G allocations: 9.361 TiB, 13.61% gc time)
[2023-01-10T20:10:25.263]Completed Shot 8, state 6
5209.725698 seconds (3.82 G allocations: 9.374 TiB, 13.59% gc time)
[2023-01-10T20:10:29.425]Completed Shot 8, state 15
5210.960828 seconds (3.82 G allocations: 9.378 TiB, 13.59% gc time)
[2023-01-10T20:10:30.663]Completed Shot 8, state 32
5211.200153 seconds (3.82 G allocations: 9.378 TiB, 13.59% gc time)
[2023-01-10T20:10:30.899]Completed Shot 8, state 16
5217.050562 seconds (3.83 G allocations: 9.389 TiB, 13.62% gc time)
[2023-01-10T20:10:36.748]Completed Shot 8, state 4
5217.719477 seconds (3.83 G allocations: 9.391 TiB, 13.62% gc time)
[2023-01-10T20:10:37.418]Completed Shot 8, state 10
5220.747550 seconds (3.83 G allocations: 9.401 TiB, 13.61% gc time)
[2023-01-10T20:10:40.448]Completed Shot 8, state 18
5221.707208 seconds (3.83 G allocations: 9.403 TiB, 13.61% gc time)
[2023-01-10T20:10:41.408]Completed Shot 8, state 24
5222.327140 seconds (3.83 G allocations: 9.405 TiB, 13.60% gc time)
[2023-01-10T20:10:42.024]Completed Shot 8, state 3
5226.364571 seconds (3.83 G allocations: 9.412 TiB, 13.63% gc time)
[2023-01-10T20:10:46.069]Completed Shot 8, state 45
5227.078050 seconds (3.84 G allocations: 9.414 TiB, 13.63% gc time)
[2023-01-10T20:10:46.782]Completed Shot 8, state 42
5227.822520 seconds (3.84 G allocations: 9.416 TiB, 13.62% gc time)
[2023-01-10T20:10:47.524]Completed Shot 8, state 28
5228.598575 seconds (3.84 G allocations: 9.419 TiB, 13.62% gc time)
[2023-01-10T20:10:48.303]Completed Shot 8, state 50
5230.019113 seconds (3.84 G allocations: 9.423 TiB, 13.62% gc time)
[2023-01-10T20:10:49.721]Completed Shot 8, state 31
5231.297384 seconds (3.84 G allocations: 9.427 TiB, 13.61% gc time)
[2023-01-10T20:10:50.999]Completed Shot 8, state 29
5234.896191 seconds (3.84 G allocations: 9.433 TiB, 13.63% gc time)
[2023-01-10T20:10:54.594]Completed Shot 8, state 5
5235.752761 seconds (3.84 G allocations: 9.436 TiB, 13.63% gc time)
[2023-01-10T20:10:55.456]Completed Shot 8, state 38
5236.370717 seconds (3.85 G allocations: 9.438 TiB, 13.63% gc time)
[2023-01-10T20:10:56.068]Completed Shot 8, state 7
5238.465002 seconds (3.85 G allocations: 9.443 TiB, 13.62% gc time)
[2023-01-10T20:10:58.163]Completed Shot 8, state 9
5241.252594 seconds (3.85 G allocations: 9.448 TiB, 13.64% gc time)
[2023-01-10T20:11:00.956]Completed Shot 8, state 40
5241.844434 seconds (3.85 G allocations: 9.450 TiB, 13.63% gc time)
[2023-01-10T20:11:01.545]Completed Shot 8, state 25
5242.140006 seconds (3.85 G allocations: 9.450 TiB, 13.63% gc time)
[2023-01-10T20:11:01.840]Completed Shot 8, state 21
5242.146041 seconds (3.85 G allocations: 9.450 TiB, 13.63% gc time)
[2023-01-10T20:11:01.846]Completed Shot 8, state 22
5243.312848 seconds (3.85 G allocations: 9.453 TiB, 13.63% gc time)
[2023-01-10T20:11:03.009]Completed Shot 8, state 1
5244.504562 seconds (3.85 G allocations: 9.456 TiB, 13.63% gc time)
[2023-01-10T20:11:04.209]Completed Shot 8, state 44
5246.596768 seconds (3.85 G allocations: 9.460 TiB, 13.64% gc time)
[2023-01-10T20:11:06.300]Completed Shot 8, state 37
5246.657332 seconds (3.85 G allocations: 9.460 TiB, 13.63% gc time)
[2023-01-10T20:11:06.361]Completed Shot 8, state 48
5246.987704 seconds (3.86 G allocations: 9.461 TiB, 13.63% gc time)
[2023-01-10T20:11:06.689]Completed Shot 8, state 30
5249.454663 seconds (3.86 G allocations: 9.466 TiB, 13.63% gc time)
[2023-01-10T20:11:09.157]Completed Shot 8, state 34
5249.691065 seconds (3.86 G allocations: 9.466 TiB, 13.63% gc time)
[2023-01-10T20:11:09.393]Completed Shot 8, state 33
5249.949619 seconds (3.86 G allocations: 9.467 TiB, 13.63% gc time)
[2023-01-10T20:11:09.651]Completed Shot 8, state 26
5251.442634 seconds (3.86 G allocations: 9.468 TiB, 13.64% gc time)
[2023-01-10T20:11:11.144]Completed Shot 8, state 27
5251.701320 seconds (3.86 G allocations: 9.468 TiB, 13.64% gc time)
[2023-01-10T20:11:11.405]Completed Shot 8, state 39
5255.255619 seconds (3.86 G allocations: 9.473 TiB, 13.63% gc time)
[2023-01-10T20:11:14.952]Completed Shot 8, state 2
5256.790080 seconds (3.86 G allocations: 9.474 TiB, 13.63% gc time)
[2023-01-10T20:11:16.494]Completed Shot 8, state 43
5257.406566 seconds (3.86 G allocations: 9.475 TiB, 13.63% gc time)
[2023-01-10T20:11:17.106]Completed Shot 8, state 20
5257.962911 seconds (3.86 G allocations: 9.475 TiB, 13.63% gc time)
[2023-01-10T20:11:17.661]Completed Shot 8, state 13
5258.635529 seconds (3.86 G allocations: 9.476 TiB, 13.63% gc time)
[2023-01-10T20:11:18.336]Completed Shot 8, state 23
5261.218756 seconds (3.86 G allocations: 9.477 TiB, 13.62% gc time)
[2023-01-10T20:11:20.923]Completed Shot 8, state 46
5264.523724 seconds (3.86 G allocations: 9.479 TiB, 13.61% gc time)
[2023-01-10T20:11:24.228]Completed Shot 8, state 49
5264.806610 seconds (3.86 G allocations: 9.479 TiB, 13.61% gc time)
[2023-01-10T20:11:24.504]Completed Shot 8, state 8
5270.601010 seconds (3.86 G allocations: 9.479 TiB, 13.60% gc time)
[2023-01-10T20:11:30.300]Completed Shot 8, state 17
5078.739710 seconds (4.65 G allocations: 11.281 TiB, 17.86% gc time)
[2023-01-10T21:36:09.045]Completed Shot 9, state 23
5085.914096 seconds (4.66 G allocations: 11.301 TiB, 17.87% gc time)
[2023-01-10T21:36:16.218]Completed Shot 9, state 13
5091.945665 seconds (4.67 G allocations: 11.318 TiB, 17.88% gc time)
[2023-01-10T21:36:22.250]Completed Shot 9, state 28
5092.700780 seconds (4.67 G allocations: 11.321 TiB, 17.88% gc time)
[2023-01-10T21:36:23.004]Completed Shot 9, state 9
5093.723319 seconds (4.67 G allocations: 11.325 TiB, 17.87% gc time)
[2023-01-10T21:36:24.028]Completed Shot 9, state 19
5099.293066 seconds (4.68 G allocations: 11.340 TiB, 17.89% gc time)
[2023-01-10T21:36:29.597]Completed Shot 9, state 10
5099.314059 seconds (4.68 G allocations: 11.340 TiB, 17.89% gc time)
[2023-01-10T21:36:29.619]Completed Shot 9, state 47
5102.342123 seconds (4.68 G allocations: 11.352 TiB, 17.88% gc time)
[2023-01-10T21:36:32.645]Completed Shot 9, state 4
5103.899774 seconds (4.69 G allocations: 11.354 TiB, 17.89% gc time)
[2023-01-10T21:36:34.205]Completed Shot 9, state 35
5109.232319 seconds (4.69 G allocations: 11.370 TiB, 17.90% gc time)
[2023-01-10T21:36:39.535]Completed Shot 9, state 3
5109.699233 seconds (4.69 G allocations: 11.372 TiB, 17.90% gc time)
[2023-01-10T21:36:40.003]Completed Shot 9, state 6
5112.142587 seconds (4.70 G allocations: 11.381 TiB, 17.89% gc time)
[2023-01-10T21:36:42.446]Completed Shot 9, state 15
5112.218833 seconds (4.70 G allocations: 11.381 TiB, 17.89% gc time)
[2023-01-10T21:36:42.524]Completed Shot 9, state 30
5114.667636 seconds (4.70 G allocations: 11.387 TiB, 17.90% gc time)
[2023-01-10T21:36:44.971]Completed Shot 9, state 7
5115.235564 seconds (4.70 G allocations: 11.389 TiB, 17.89% gc time)
[2023-01-10T21:36:45.539]Completed Shot 9, state 12
5115.992383 seconds (4.70 G allocations: 11.392 TiB, 17.89% gc time)
[2023-01-10T21:36:46.297]Completed Shot 9, state 1
5117.055994 seconds (4.70 G allocations: 11.393 TiB, 17.90% gc time)
[2023-01-10T21:36:47.361]Completed Shot 9, state 39
5117.852631 seconds (4.70 G allocations: 11.395 TiB, 17.90% gc time)
[2023-01-10T21:36:48.157]Completed Shot 9, state 33
5118.294239 seconds (4.70 G allocations: 11.397 TiB, 17.90% gc time)
[2023-01-10T21:36:48.599]Completed Shot 9, state 38
5118.982930 seconds (4.70 G allocations: 11.400 TiB, 17.90% gc time)
[2023-01-10T21:36:49.286]Completed Shot 9, state 14
5119.487234 seconds (4.71 G allocations: 11.401 TiB, 17.89% gc time)
[2023-01-10T21:36:49.791]Completed Shot 9, state 8
5119.637515 seconds (4.71 G allocations: 11.402 TiB, 17.89% gc time)
[2023-01-10T21:36:49.942]Completed Shot 9, state 11
5121.192658 seconds (4.71 G allocations: 11.405 TiB, 17.90% gc time)
[2023-01-10T21:36:51.498]Completed Shot 9, state 43
5122.190541 seconds (4.71 G allocations: 11.409 TiB, 17.90% gc time)
[2023-01-10T21:36:52.495]Completed Shot 9, state 24
5122.668924 seconds (4.71 G allocations: 11.410 TiB, 17.89% gc time)
[2023-01-10T21:36:52.973]Completed Shot 9, state 16
5122.866890 seconds (4.71 G allocations: 11.411 TiB, 17.89% gc time)
[2023-01-10T21:36:53.172]Completed Shot 9, state 46
5125.009796 seconds (4.71 G allocations: 11.415 TiB, 17.90% gc time)
[2023-01-10T21:36:55.315]Completed Shot 9, state 50
5125.143677 seconds (4.71 G allocations: 11.415 TiB, 17.90% gc time)
[2023-01-10T21:36:55.448]Completed Shot 9, state 32
5126.130241 seconds (4.71 G allocations: 11.418 TiB, 17.90% gc time)
[2023-01-10T21:36:56.435]Completed Shot 9, state 44
5126.265694 seconds (4.71 G allocations: 11.419 TiB, 17.90% gc time)
[2023-01-10T21:36:56.568]Completed Shot 9, state 5
5126.294776 seconds (4.71 G allocations: 11.419 TiB, 17.90% gc time)
[2023-01-10T21:36:56.599]Completed Shot 9, state 20
5126.815486 seconds (4.71 G allocations: 11.420 TiB, 17.89% gc time)
[2023-01-10T21:36:57.120]Completed Shot 9, state 34
5127.017325 seconds (4.71 G allocations: 11.421 TiB, 17.89% gc time)
[2023-01-10T21:36:57.321]Completed Shot 9, state 22
5128.158668 seconds (4.71 G allocations: 11.422 TiB, 17.90% gc time)
[2023-01-10T21:36:58.462]Completed Shot 9, state 2
5128.175594 seconds (4.71 G allocations: 11.422 TiB, 17.90% gc time)
[2023-01-10T21:36:58.481]Completed Shot 9, state 45
5129.155689 seconds (4.72 G allocations: 11.424 TiB, 17.90% gc time)
[2023-01-10T21:36:59.459]Completed Shot 9, state 18
5129.509152 seconds (4.72 G allocations: 11.425 TiB, 17.90% gc time)
[2023-01-10T21:36:59.814]Completed Shot 9, state 42
5129.988984 seconds (4.72 G allocations: 11.426 TiB, 17.89% gc time)
[2023-01-10T21:37:00.294]Completed Shot 9, state 48
5130.507506 seconds (4.72 G allocations: 11.427 TiB, 17.89% gc time)
[2023-01-10T21:37:00.813]Completed Shot 9, state 41
5132.536632 seconds (4.72 G allocations: 11.430 TiB, 17.89% gc time)
[2023-01-10T21:37:02.840]Completed Shot 9, state 17
5133.358414 seconds (4.72 G allocations: 11.431 TiB, 17.89% gc time)
[2023-01-10T21:37:03.663]Completed Shot 9, state 37
5133.885457 seconds (4.72 G allocations: 11.432 TiB, 17.89% gc time)
[2023-01-10T21:37:04.190]Completed Shot 9, state 25
5133.928064 seconds (4.72 G allocations: 11.432 TiB, 17.89% gc time)
[2023-01-10T21:37:04.233]Completed Shot 9, state 31
5134.448934 seconds (4.72 G allocations: 11.432 TiB, 17.89% gc time)
[2023-01-10T21:37:04.753]Completed Shot 9, state 26
5136.778915 seconds (4.72 G allocations: 11.434 TiB, 17.88% gc time)
[2023-01-10T21:37:07.083]Completed Shot 9, state 27
5136.842430 seconds (4.72 G allocations: 11.434 TiB, 17.88% gc time)
[2023-01-10T21:37:07.147]Completed Shot 9, state 29
5139.445641 seconds (4.72 G allocations: 11.436 TiB, 17.88% gc time)
[2023-01-10T21:37:09.751]Completed Shot 9, state 40
5144.194635 seconds (4.72 G allocations: 11.438 TiB, 17.86% gc time)
[2023-01-10T21:37:14.500]Completed Shot 9, state 36
5147.605241 seconds (4.72 G allocations: 11.438 TiB, 17.85% gc time)
[2023-01-10T21:37:17.909]Completed Shot 9, state 21
5149.516530 seconds (4.72 G allocations: 11.439 TiB, 17.84% gc time)
[2023-01-10T21:37:19.822]Completed Shot 9, state 49
5190.136914 seconds (3.97 G allocations: 9.734 TiB, 14.12% gc time)
[2023-01-10T23:03:49.964]Completed Shot 10, state 48
5213.832262 seconds (4.00 G allocations: 9.795 TiB, 14.18% gc time)
[2023-01-10T23:04:13.656]Completed Shot 10, state 2
5222.904440 seconds (4.01 G allocations: 9.818 TiB, 14.20% gc time)
[2023-01-10T23:04:22.730]Completed Shot 10, state 37
5226.667492 seconds (4.01 G allocations: 9.831 TiB, 14.19% gc time)
[2023-01-10T23:04:26.492]Completed Shot 10, state 7
5233.508942 seconds (4.02 G allocations: 9.848 TiB, 14.21% gc time)
[2023-01-10T23:04:33.335]Completed Shot 10, state 33
5236.160701 seconds (4.02 G allocations: 9.858 TiB, 14.21% gc time)
[2023-01-10T23:04:35.986]Completed Shot 10, state 11
5237.420964 seconds (4.03 G allocations: 9.862 TiB, 14.20% gc time)
[2023-01-10T23:04:37.245]Completed Shot 10, state 3
5242.822551 seconds (4.03 G allocations: 9.874 TiB, 14.22% gc time)
[2023-01-10T23:04:42.647]Completed Shot 10, state 9
5244.391100 seconds (4.03 G allocations: 9.879 TiB, 14.22% gc time)
[2023-01-10T23:04:44.216]Completed Shot 10, state 26
5248.202324 seconds (4.04 G allocations: 9.888 TiB, 14.23% gc time)
[2023-01-10T23:04:48.027]Completed Shot 10, state 16
5249.096034 seconds (4.04 G allocations: 9.891 TiB, 14.23% gc time)
[2023-01-10T23:04:48.921]Completed Shot 10, state 27
5251.955606 seconds (4.04 G allocations: 9.900 TiB, 14.22% gc time)
[2023-01-10T23:04:51.780]Completed Shot 10, state 14
5252.434212 seconds (4.04 G allocations: 9.902 TiB, 14.22% gc time)
[2023-01-10T23:04:52.258]Completed Shot 10, state 5
5252.437801 seconds (4.04 G allocations: 9.902 TiB, 14.22% gc time)
[2023-01-10T23:04:52.264]Completed Shot 10, state 41
5252.457630 seconds (4.04 G allocations: 9.902 TiB, 14.22% gc time)
[2023-01-10T23:04:52.282]Completed Shot 10, state 12
5256.181371 seconds (4.05 G allocations: 9.910 TiB, 14.23% gc time)
[2023-01-10T23:04:56.005]Completed Shot 10, state 1
5256.523864 seconds (4.05 G allocations: 9.911 TiB, 14.23% gc time)
[2023-01-10T23:04:56.349]Completed Shot 10, state 31
5256.864452 seconds (4.05 G allocations: 9.912 TiB, 14.23% gc time)
[2023-01-10T23:04:56.691]Completed Shot 10, state 47
5258.390274 seconds (4.05 G allocations: 9.917 TiB, 14.22% gc time)
[2023-01-10T23:04:58.215]Completed Shot 10, state 20
5260.107779 seconds (4.05 G allocations: 9.919 TiB, 14.24% gc time)
[2023-01-10T23:04:59.931]Completed Shot 10, state 6
5261.410509 seconds (4.05 G allocations: 9.924 TiB, 14.24% gc time)
[2023-01-10T23:05:01.236]Completed Shot 10, state 39
5262.184238 seconds (4.05 G allocations: 9.926 TiB, 14.23% gc time)
[2023-01-10T23:05:02.010]Completed Shot 10, state 34
5263.434576 seconds (4.05 G allocations: 9.930 TiB, 14.23% gc time)
[2023-01-10T23:05:03.260]Completed Shot 10, state 24
5265.469427 seconds (4.06 G allocations: 9.933 TiB, 14.24% gc time)
[2023-01-10T23:05:05.295]Completed Shot 10, state 35
5267.455636 seconds (4.06 G allocations: 9.938 TiB, 14.24% gc time)
[2023-01-10T23:05:07.281]Completed Shot 10, state 21
5268.282250 seconds (4.06 G allocations: 9.941 TiB, 14.24% gc time)
[2023-01-10T23:05:08.108]Completed Shot 10, state 43
5268.701414 seconds (4.06 G allocations: 9.942 TiB, 14.23% gc time)
[2023-01-10T23:05:08.527]Completed Shot 10, state 40
5268.909319 seconds (4.06 G allocations: 9.943 TiB, 14.23% gc time)
[2023-01-10T23:05:08.735]Completed Shot 10, state 42
5270.184448 seconds (4.06 G allocations: 9.944 TiB, 14.24% gc time)
[2023-01-10T23:05:10.010]Completed Shot 10, state 22
5270.347184 seconds (4.06 G allocations: 9.945 TiB, 14.24% gc time)
[2023-01-10T23:05:10.173]Completed Shot 10, state 32
5272.899035 seconds (4.06 G allocations: 9.952 TiB, 14.24% gc time)
[2023-01-10T23:05:12.725]Completed Shot 10, state 49
5273.245216 seconds (4.06 G allocations: 9.953 TiB, 14.24% gc time)
[2023-01-10T23:05:13.069]Completed Shot 10, state 8
5275.603053 seconds (4.07 G allocations: 9.957 TiB, 14.24% gc time)
[2023-01-10T23:05:15.429]Completed Shot 10, state 30
5275.834394 seconds (4.07 G allocations: 9.958 TiB, 14.24% gc time)
[2023-01-10T23:05:15.659]Completed Shot 10, state 25
5276.355377 seconds (4.07 G allocations: 9.959 TiB, 14.24% gc time)
[2023-01-10T23:05:16.180]Completed Shot 10, state 19
5277.424353 seconds (4.07 G allocations: 9.961 TiB, 14.24% gc time)
[2023-01-10T23:05:17.250]Completed Shot 10, state 50
5279.955862 seconds (4.07 G allocations: 9.964 TiB, 14.25% gc time)
[2023-01-10T23:05:19.782]Completed Shot 10, state 36
5280.324471 seconds (4.07 G allocations: 9.965 TiB, 14.25% gc time)
[2023-01-10T23:05:20.148]Completed Shot 10, state 4
5280.594258 seconds (4.07 G allocations: 9.966 TiB, 14.25% gc time)
[2023-01-10T23:05:20.420]Completed Shot 10, state 28
5282.682762 seconds (4.07 G allocations: 9.969 TiB, 14.24% gc time)
[2023-01-10T23:05:22.509]Completed Shot 10, state 45
5283.716246 seconds (4.07 G allocations: 9.970 TiB, 14.25% gc time)
[2023-01-10T23:05:23.541]Completed Shot 10, state 17
5284.657074 seconds (4.07 G allocations: 9.972 TiB, 14.25% gc time)
[2023-01-10T23:05:24.482]Completed Shot 10, state 18
5285.516469 seconds (4.07 G allocations: 9.973 TiB, 14.25% gc time)
[2023-01-10T23:05:25.340]Completed Shot 10, state 10
5287.942432 seconds (4.07 G allocations: 9.975 TiB, 14.24% gc time)
[2023-01-10T23:05:27.767]Completed Shot 10, state 13
5287.977926 seconds (4.07 G allocations: 9.975 TiB, 14.24% gc time)
[2023-01-10T23:05:27.803]Completed Shot 10, state 23
5289.507515 seconds (4.07 G allocations: 9.976 TiB, 14.24% gc time)
[2023-01-10T23:05:29.333]Completed Shot 10, state 38
5290.919282 seconds (4.07 G allocations: 9.977 TiB, 14.24% gc time)
[2023-01-10T23:05:30.745]Completed Shot 10, state 44
5294.368394 seconds (4.08 G allocations: 9.979 TiB, 14.23% gc time)
[2023-01-10T23:05:34.194]Completed Shot 10, state 29
5297.712014 seconds (4.08 G allocations: 9.979 TiB, 14.22% gc time)
[2023-01-10T23:05:37.538]Completed Shot 10, state 46
5299.234102 seconds (4.08 G allocations: 9.980 TiB, 14.22% gc time)
[2023-01-10T23:05:39.058]Completed Shot 10, state 15
[2023-01-10T23:05:39.059]**********Simulation completed!**********
[2023-01-10T23:05:39.059]**********Saving**********
[2023-01-10T23:05:42.952]Saving file: /gpfs/bwfor/work/ws/hd_ku269-logs/LightCones/2023-01-10/482097_N11_BS.jld2
[2023-01-10T23:05:44.425]**********Run completed!**********
============================= JOB FEEDBACK =============================
Job ID: 482097
Cluster: helix
User/Group: hd_ku269/hd_hd
State: COMPLETED (exit code 0)
Nodes: 1
Cores per node: 64
CPU Utilized: 35-02:42:07
CPU Efficiency: 88.46% of 39-16:38:24 core-walltime
Job Wall-clock time: 14:53:06
Memory Utilized: 79.27 GB
Memory Efficiency: 33.59% of 236.00 GB
