  Activating project at `/lustre/work/ws/ws1/hd_ku269-light_cones`
Added MKL.jl
Status `/lustre/work/ws/ws1/hd_ku269-light_cones/Project.toml` (empty project)
[2022-10-30T16:47:09.774]**********RANDOM FIELDS**********
shared_krylov_pbc.jl
Working Directory:          /lustre/work/ws/ws1/hd_ku269-light_cones
SLURM Directory:            /lustre/work/ws/ws1/hd_ku269-light_cones 
Running on host:            n1410
Job id:                     7482085
Job name:                   otoc_simulation_N13_ED_nn_pbc
Number of nodes allocated:  
Number of cores allocated:  1
#threads of Julia:          96
#threads of BLAS:           1
ARGS = ["13", "50", "x", "3"]
LOCATION = "/lustre/work/ws/ws1/hd_ku269-logs/LightCones/2022-10-30"
N = 13
SHOTS = 50
OBSERVABLE = "x"
DISORDER_PARAM = 3.0
[2022-10-30T16:47:09.978]**********Running simulation**********
[2022-10-30T16:47:10.055]trange = [0.001, 0.0012328467394420659, 0.0015199110829529332, 0.001873817422860383, 0.002310129700083158, 0.002848035868435802, 0.003511191734215131, 0.004328761281083057, 0.005336699231206307, 0.006579332246575682, 0.008111308307896864, 0.010000000000000002, 0.012328467394420665, 0.01519911082952933, 0.01873817422860384, 0.023101297000831605, 0.02848035868435802, 0.03511191734215131, 0.043287612810830614, 0.05336699231206307, 0.0657933224657568, 0.08111308307896876, 0.09999999999999995, 0.12328467394420659, 0.15199110829529347, 0.1873817422860385, 0.23101297000831617, 0.2848035868435802, 0.3511191734215131, 0.43287612810830595, 0.5336699231206312, 0.6579332246575682, 0.8111308307896873, 1.0, 1.232846739442066, 1.5199110829529339, 1.873817422860383, 2.31012970008316, 2.8480358684358005, 3.5111917342151275, 4.328761281083057, 5.3366992312063095, 6.5793322465756825, 8.11130830789688, 9.999999999999995, 12.32846739442066, 15.199110829529348, 18.73817422860384, 23.101297000831604, 28.480358684358034, 35.11191734215131, 43.28761281083057, 53.366992312063154, 65.79332246575676, 81.11308307896864, 100.0, 123.28467394420646, 151.99110829529363, 187.3817422860383, 231.01297000831556, 284.8035868435805, 351.11917342151276, 432.87612810830615, 533.6699231206312, 657.9332246575682, 811.1308307896873, 1000.0, 1232.8467394420659, 1519.9110829529332, 1873.817422860383, 2310.1297000831582, 2848.035868435799, 3511.1917342151273, 4328.761281083052, 5336.6992312063185, 6579.332246575669, 8111.308307896856, 10000.0, 12328.467394420633, 15199.11082952933, 18738.17422860383, 23101.297000831626, 28480.35868435805, 35111.917342151275, 43287.612810830615, 53366.99231206302, 65793.32246575695, 81113.08307896873, 100000.0, 123284.67394420685, 151991.10829529332, 187381.74228603867, 231012.97000831628, 284803.5868435805, 351119.17342151346, 432876.12810830615, 533669.9231206313, 657933.2246575683, 811130.8307896872, 1.0e6]
[2022-10-30T16:47:10.479]A=σx
[[2022-10-30T16:47:12.397]Created Hamiltonian for Shot 46
2022-10-30T16:47:12.398]Created Hamiltonian for Shot 50
[2022-10-30T16:47:12.398]Created Hamiltonian for Shot 48
[[2022-10-30T16:47:12.398]Created Hamiltonian for Shot 47
2022-10-30T16:47:12.398]Created Hamiltonian for Shot 29
[2022-10-30T16:47:12.398]Created Hamiltonian for Shot 49
[2022-10-30T16:47:12.398]Created Hamiltonian for Shot 45
[2022-10-30T16:47:12.399]Created Hamiltonian for Shot 21
[2022-10-30T16:47:12.399]Created Hamiltonian for Shot 31
[2022-10-30T16:47:12.400]Created Hamiltonian for Shot 23
[2022-10-30T16:47:12.401]Created Hamiltonian for Shot 5
[2022-10-30T16:47:12.401]Created Hamiltonian for Shot 41
[2022-10-30T16:47:12.401]Created Hamiltonian for Shot 18
[2022-10-30T16:47:12.401]Created Hamiltonian for Shot 1
[2022-10-30T16:47:12.401]Created Hamiltonian for Shot 3
[2022-10-30T16:47:12.402]Created Hamiltonian for Shot 12
[2022-10-30T16:47:12.402]Created Hamiltonian for Shot 10
[2022-10-30T16:47:12.403]Created Hamiltonian for Shot 25
[2022-10-30T16:47:12.404]Created Hamiltonian for Shot 8
[2022-10-30T16:47:12.404]Created Hamiltonian for Shot 9
[2022-10-30T16:47:12.405]Created Hamiltonian for Shot 36
[[2022-10-30T16:47:12.405]Created Hamiltonian for Shot 17
2022-10-30T16:47:12.405]Created Hamiltonian for Shot 13
[2022-10-30T16:47:12.405]Created Hamiltonian for Shot 38
[2022-10-30T16:47:12.406]Created Hamiltonian for Shot 22
[2022-10-30T16:47:12.406]Created Hamiltonian for Shot 32
[2022-10-30T16:47:12.406]Created Hamiltonian for Shot 2
[2022-10-30T16:47:12.406]Created Hamiltonian for Shot 40
[2022-10-30T16:47:12.406]Created Hamiltonian for Shot 6
[2022-10-30T16:47:12.406]Created Hamiltonian for Shot 27
[2022-10-30T16:47:12.406]Created Hamiltonian for Shot 35
[2022-10-30T16:47:12.406]Created Hamiltonian for Shot 43
[2022-10-30T16:47:12.406]Created Hamiltonian for Shot 39
[2022-10-30T16:47:12.406]Created Hamiltonian for Shot 44
[2022-10-30T16:47:12.407]Created Hamiltonian for Shot 20
[[2022-10-30T16:47:12.407]Created Hamiltonian for Shot 42
2022-10-30T16:47:12.407]Created Hamiltonian for Shot 11
[2022-10-30T16:47:12.407]Created Hamiltonian for Shot 15
[2022-10-30T16:47:12.407]Created Hamiltonian for Shot 14
[2022-10-30T16:47:12.407]Created Hamiltonian for Shot 30
[2022-10-30T16:47:12.407]Created Hamiltonian for Shot 16
[2022-10-30T16:47:12.407]Created Hamiltonian for Shot 34
[2022-10-30T16:47:12.407]Created Hamiltonian for Shot 4
[[2022-10-30T16:47:12.407]Created Hamiltonian for Shot 28
2022-10-30T16:47:12.407]Created Hamiltonian for Shot 37
[2022-10-30T16:47:12.407]Created Hamiltonian for Shot 26
[2022-10-30T16:47:12.407]Created Hamiltonian for Shot 19
[2022-10-30T16:47:12.407]Created Hamiltonian for Shot 33
[2022-10-30T16:47:12.407]Created Hamiltonian for Shot 7
[2022-10-30T16:47:12.407]Created Hamiltonian for Shot 24
[[[2022-10-30T17:20:44.769]Diagonalized H.
2022-10-30T17:20:44.770]Diagonalized H.
2022-10-30T17:20:44.778]Diagonalized H.
[2022-10-30T17:20:45.672]Diagonalized H.
[[[2022-10-30T17:25:52.779]Diagonalized H.
2022-10-30T17:20:45.900]Diagonalized H.
2022-10-30T17:20:45.908]Diagonalized H.
[2022-10-30T17:31:22.800]Diagonalized H.
[2022-10-30T17:31:23.243]Diagonalized H.
[[2022-10-30T17:31:23.613]Diagonalized H.
2022-10-30T17:31:23.615]Diagonalized H.
[[2022-10-30T17:36:31.580]Diagonalized H.
2022-10-30T17:36:31.584]Diagonalized H.
[2022-10-30T17:36:32.129]Diagonalized H.
[2022-10-30T17:47:27.386]Diagonalized H.
[2022-10-30T17:47:28.046]Diagonalized H.
[2022-10-30T17:48:54.813]Diagonalized H.
[2022-10-30T17:56:41.091]Diagonalized H.
[2022-10-30T17:59:30.269]Diagonalized H.
[2022-10-30T17:59:32.410]Diagonalized H.
[2022-10-30T18:07:31.642]Diagonalized H.
[[2022-10-30T18:16:50.783]Diagonalized H.
2022-10-30T18:16:50.620]Diagonalized H.
[2022-10-30T18:16:51.253]Diagonalized H.
[2022-10-30T18:23:24.251]Diagonalized H.
[[[[2022-10-30T18:40:22.333]Diagonalized H.
2022-10-30T18:40:22.381]Diagonalized H.
2022-10-30T18:40:22.387]Diagonalized H.
2022-10-30T18:40:22.665]Diagonalized H.
[2022-10-30T18:48:12.540]Diagonalized H.
[2022-10-30T18:52:48.871]Diagonalized H.
[2022-10-30T19:02:02.188]Diagonalized H.
[[2022-10-30T19:02:50.834]Diagonalized H.
2022-10-30T19:02:51.083]Diagonalized H.
[2022-10-30T19:13:40.687]Diagonalized H.
[2022-10-30T19:21:49.935]Diagonalized H.
[2022-10-30T19:23:22.534]Diagonalized H.
[2022-10-30T19:30:31.129]Diagonalized H.
[2022-10-30T19:46:03.450]Diagonalized H.
[2022-10-30T19:46:06.803]Diagonalized H.
[2022-10-30T19:57:15.815]Diagonalized H.
[2022-10-30T20:05:32.279]Diagonalized H.
[2022-10-30T20:08:35.650]Diagonalized H.
[2022-10-30T20:19:54.208]Diagonalized H.
[[2022-10-30T20:30:28.201]Diagonalized H.
2022-10-30T20:30:28.318]Diagonalized H.
[2022-10-30T20:30:28.600]Diagonalized H.
[2022-10-30T20:33:41.418]Diagonalized H.
[2022-10-30T20:43:54.668]Diagonalized H.
[2022-10-30T20:52:56.073]Diagonalized H.
[2022-10-31T00:33:37.074]Completed Shot 3
[2022-10-31T03:31:51.757]Completed Shot 19
[2022-10-31T04:48:54.777]Completed Shot 1
[2022-10-31T05:17:16.642]Completed Shot 49
[2022-10-31T06:30:36.331]Completed Shot 37
[2022-10-31T06:43:22.900]Completed Shot 7
[2022-10-31T06:44:58.374]Completed Shot 31
[2022-10-31T06:46:43.345]Completed Shot 14
[2022-10-31T06:53:18.969]Completed Shot 4
[2022-10-31T06:55:54.946]Completed Shot 30
[2022-10-31T06:58:31.076]Completed Shot 35
[2022-10-31T07:04:59.115]Completed Shot 29
[2022-10-31T07:08:17.946]Completed Shot 5
[2022-10-31T07:09:10.743]Completed Shot 9
[2022-10-31T07:10:46.537]Completed Shot 2
[2022-10-31T07:17:11.145]Completed Shot 25
[2022-10-31T07:19:42.771]Completed Shot 28
[2022-10-31T07:20:28.084]Completed Shot 6
[2022-10-31T07:23:04.204]Completed Shot 10
[2022-10-31T07:27:18.779]Completed Shot 11
[2022-10-31T07:39:38.420]Completed Shot 48
[2022-10-31T07:43:11.717]Completed Shot 17
[2022-10-31T07:43:20.042]Completed Shot 27
[2022-10-31T07:43:33.594]Completed Shot 36
[2022-10-31T07:43:43.712]Completed Shot 34
[2022-10-31T07:43:54.340]Completed Shot 46
[2022-10-31T07:45:02.594]Completed Shot 23
[2022-10-31T07:45:11.074]Completed Shot 22
[2022-10-31T07:45:13.027]Completed Shot 40
[2022-10-31T07:45:14.941]Completed Shot 12
[2022-10-31T07:45:16.120]Completed Shot 41
[2022-10-31T07:45:34.870]Completed Shot 24
[2022-10-31T07:45:43.262]Completed Shot 50
[2022-10-31T07:45:52.216]Completed Shot 47
[2022-10-31T07:45:57.878]Completed Shot 43
[2022-10-31T07:45:58.422]Completed Shot 44
[2022-10-31T07:45:59.582]Completed Shot 39
[2022-10-31T07:46:01.551]Completed Shot 45
[2022-10-31T07:46:02.848]Completed Shot 8
[2022-10-31T07:46:03.628]Completed Shot 16
[2022-10-31T07:46:05.588]Completed Shot 13
[2022-10-31T07:46:16.542]Completed Shot 26
[2022-10-31T07:46:21.320]Completed Shot 18
[2022-10-31T07:46:24.619]Completed Shot 38
[2022-10-31T07:46:31.872]Completed Shot 33
[2022-10-31T07:46:35.446]Completed Shot 15
[2022-10-31T07:46:38.729]Completed Shot 20
[2022-10-31T07:46:43.612]Completed Shot 42
[2022-10-31T07:46:59.417]Completed Shot 32
[2022-10-31T07:47:06.358]Completed Shot 21
[2022-10-31T07:47:06.366]**********Simulation completed!**********
[2022-10-31T07:47:06.366]**********Saving**********
[2022-10-31T07:47:11.540]Saving file: /lustre/work/ws/ws1/hd_ku269-logs/LightCones/2022-10-30/7482085_N13_ED.jld2
[2022-10-31T07:47:14.562]**********Run completed!**********
