  Activating project at `/lustre/work/ws/ws1/hd_ku269-light_cones`
Added MKL.jl
Status `/lustre/work/ws/ws1/hd_ku269-light_cones/Project.toml` (empty project)
[2022-10-30T16:42:35.238]**********RANDOM FIELDS**********
shared_krylov_pbc.jl
Working Directory:          /lustre/work/ws/ws1/hd_ku269-light_cones
SLURM Directory:            /lustre/work/ws/ws1/hd_ku269-light_cones 
Running on host:            n1436
Job id:                     7482084
Job name:                   otoc_simulation_N13_ED_nn_pbc
Number of nodes allocated:  
Number of cores allocated:  1
#threads of Julia:          96
#threads of BLAS:           1
ARGS = ["13", "50", "x", "3"]
LOCATION = "/lustre/work/ws/ws1/hd_ku269-logs/LightCones/2022-10-30"
N = 13
SHOTS = 50
OBSERVABLE = "x"
DISORDER_PARAM = 3.0
[2022-10-30T16:42:35.437]**********Running simulation**********
[2022-10-30T16:42:35.513]trange = [0.001, 0.0012328467394420659, 0.0015199110829529332, 0.001873817422860383, 0.002310129700083158, 0.002848035868435802, 0.003511191734215131, 0.004328761281083057, 0.005336699231206307, 0.006579332246575682, 0.008111308307896864, 0.010000000000000002, 0.012328467394420665, 0.01519911082952933, 0.01873817422860384, 0.023101297000831605, 0.02848035868435802, 0.03511191734215131, 0.043287612810830614, 0.05336699231206307, 0.0657933224657568, 0.08111308307896876, 0.09999999999999995, 0.12328467394420659, 0.15199110829529347, 0.1873817422860385, 0.23101297000831617, 0.2848035868435802, 0.3511191734215131, 0.43287612810830595, 0.5336699231206312, 0.6579332246575682, 0.8111308307896873, 1.0, 1.232846739442066, 1.5199110829529339, 1.873817422860383, 2.31012970008316, 2.8480358684358005, 3.5111917342151275, 4.328761281083057, 5.3366992312063095, 6.5793322465756825, 8.11130830789688, 9.999999999999995, 12.32846739442066, 15.199110829529348, 18.73817422860384, 23.101297000831604, 28.480358684358034, 35.11191734215131, 43.28761281083057, 53.366992312063154, 65.79332246575676, 81.11308307896864, 100.0, 123.28467394420646, 151.99110829529363, 187.3817422860383, 231.01297000831556, 284.8035868435805, 351.11917342151276, 432.87612810830615, 533.6699231206312, 657.9332246575682, 811.1308307896873, 1000.0, 1232.8467394420659, 1519.9110829529332, 1873.817422860383, 2310.1297000831582, 2848.035868435799, 3511.1917342151273, 4328.761281083052, 5336.6992312063185, 6579.332246575669, 8111.308307896856, 10000.0, 12328.467394420633, 15199.11082952933, 18738.17422860383, 23101.297000831626, 28480.35868435805, 35111.917342151275, 43287.612810830615, 53366.99231206302, 65793.32246575695, 81113.08307896873, 100000.0, 123284.67394420685, 151991.10829529332, 187381.74228603867, 231012.97000831628, 284803.5868435805, 351119.17342151346, 432876.12810830615, 533669.9231206313, 657933.2246575683, 811130.8307896872, 1.0e6]
[2022-10-30T16:42:35.928]A=σx
[2022-10-30T16:42:37.894]Created Hamiltonian for Shot 42
[2022-10-30T16:42:37.896]Created Hamiltonian for Shot 48
[2022-10-30T16:42:37.897]Created Hamiltonian for Shot 44
[2022-10-30T16:42:37.897]Created Hamiltonian for Shot 49
[2022-10-30T16:42:37.897]Created Hamiltonian for Shot 39
[2022-10-30T16:42:37.897]Created Hamiltonian for Shot 13
[2022-10-30T16:42:37.902]Created Hamiltonian for Shot 41
[2022-10-30T16:42:37.902]Created Hamiltonian for Shot 47
[2022-10-30T16:42:37.904]Created Hamiltonian for Shot 1
[2022-10-30T16:42:37.911]Created Hamiltonian for Shot 20
[2022-10-30T16:42:37.913]Created Hamiltonian for Shot 30
[2022-10-30T16:42:37.914]Created Hamiltonian for Shot 12
[2022-10-30T16:42:37.916]Created Hamiltonian for Shot 36
[2022-10-30T16:42:37.916]Created Hamiltonian for Shot 37
[2022-10-30T16:42:37.916]Created Hamiltonian for Shot 19
[2022-10-30T16:42:37.918]Created Hamiltonian for Shot 27
[2022-10-30T16:42:37.918]Created Hamiltonian for Shot 46
[2022-10-30T16:42:37.918]Created Hamiltonian for Shot 31
[2022-10-30T16:42:37.918]Created Hamiltonian for Shot 23
[2022-10-30T16:42:37.918]Created Hamiltonian for Shot 14
[2022-10-30T16:42:37.919]Created Hamiltonian for Shot 15
[2022-10-30T16:42:37.919]Created Hamiltonian for Shot 38
[2022-10-30T16:42:37.919]Created Hamiltonian for Shot 45
[2022-10-30T16:42:37.920]Created Hamiltonian for Shot 25
[2022-10-30T16:42:37.920]Created Hamiltonian for Shot 10
[2022-10-30T16:42:37.920]Created Hamiltonian for Shot 16
[2022-10-30T16:42:37.921]Created Hamiltonian for Shot 32
[2022-10-30T16:42:37.921]Created Hamiltonian for Shot 5
[2022-10-30T16:42:37.921]Created Hamiltonian for Shot 43
[2022-10-30T16:42:37.921]Created Hamiltonian for Shot 4
[2022-10-30T16:42:37.921]Created Hamiltonian for Shot 9
[2022-10-30T16:42:37.921]Created Hamiltonian for Shot 40
[2022-10-30T16:42:37.922]Created Hamiltonian for Shot 22
[2022-10-30T16:42:37.922]Created Hamiltonian for Shot 6
[2022-10-30T16:42:37.923]Created Hamiltonian for Shot 21
[2022-10-30T16:42:37.923]Created Hamiltonian for Shot 24
[2022-10-30T16:42:37.923]Created Hamiltonian for Shot 33
[2022-10-30T16:42:37.923]Created Hamiltonian for Shot 2
[2022-10-30T16:42:37.924]Created Hamiltonian for Shot 17
[2022-10-30T16:42:37.924]Created Hamiltonian for Shot 28
[2022-10-30T16:42:37.924]Created Hamiltonian for Shot 3
[2022-10-30T16:42:37.924]Created Hamiltonian for Shot 35
[2022-10-30T16:42:37.925]Created Hamiltonian for Shot 26
[2022-10-30T16:42:37.925]Created Hamiltonian for Shot 34
[2022-10-30T16:42:37.925]Created Hamiltonian for Shot 8
[2022-10-30T16:42:37.925]Created Hamiltonian for Shot 18
[2022-10-30T16:42:37.925]Created Hamiltonian for Shot 29
[2022-10-30T16:42:37.925]Created Hamiltonian for Shot 50
[2022-10-30T16:42:37.925]Created Hamiltonian for Shot 7
[2022-10-30T16:42:37.926]Created Hamiltonian for Shot 11
[[[[[[[[2022-10-30T17:03:52.081]Diagonalized H.
[2022-10-30T17:03:52.082]Diagonalized H.
[2022-10-30T17:03:52.085]Diagonalized H.
2022-10-30T17:03:52.082]Diagonalized H.
2022-10-30T17:03:52.080]Diagonalized H.
2022-10-30T17:03:52.076]Diagonalized H.
2022-10-30T17:03:52.095]Diagonalized H.
2022-10-30T17:03:52.0782022-10-30T17:03:52.077]Diagonalized H.
]Diagonalized H.
[2022-10-30T17:03:52.081]Diagonalized H.
[2022-10-30T17:03:52.075]Diagonalized H.
2022-10-30T17:03:52.083]Diagonalized H.
[[2022-10-30T17:03:52.359]Diagonalized H.
[[[[[2022-10-30T17:03:52.364]Diagonalized H.
2022-10-30T17:03:52.3592022-10-30T17:03:52.4102022-10-30T17:03:52.362]Diagonalized H.
2022-10-30T17:03:52.358]Diagonalized H.
2022-10-30T17:03:52.364]Diagonalized H.
]Diagonalized H.
]Diagonalized H.
[2022-10-30T17:03:52.717]Diagonalized H.
[2022-10-30T17:03:52.718]Diagonalized H.
[2022-10-30T17:03:52.719]Diagonalized H.
[2022-10-30T17:03:52.722]Diagonalized H.
[2022-10-30T17:03:52.723]Diagonalized H.
[2022-10-30T17:03:52.724]Diagonalized H.
[2022-10-30T17:03:52.727]Diagonalized H.
[[[[[2022-10-30T17:03:54.870]Diagonalized H.
2022-10-30T17:03:54.880]Diagonalized H.
[2022-10-30T17:03:54.860]Diagonalized H.
2022-10-30T17:03:54.883]Diagonalized H.
2022-10-30T17:03:54.858]Diagonalized H.
2022-10-30T17:03:54.884]Diagonalized H.
[2022-10-30T17:04:52.556]Diagonalized H.
[[[[2022-10-30T17:05:32.117]Diagonalized H.2022-10-30T17:05:32.113
]Diagonalized H.
2022-10-30T17:05:32.113]Diagonalized H.
2022-10-30T17:05:32.119]Diagonalized H.
[[[[[[[[[[[[[2022-10-30T17:06:11.649]2022-10-30T17:06:11.649]Diagonalized H.Diagonalized H.
2022-10-30T17:06:11.646]Diagonalized H.2022-10-30T17:06:11.649]Diagonalized H.
2022-10-30T17:06:11.647]Diagonalized H.
2022-10-30T17:06:11.808]Diagonalized H.2022-10-30T17:06:50.327
2022-10-30T17:06:11.6472022-10-30T17:06:11.647]Diagonalized H.
2022-10-30T17:06:11.647]Diagonalized H.
2022-10-30T17:06:11.648]Diagonalized H.
2022-10-30T17:06:11.649]Diagonalized H.
2022-10-30T17:06:11.646]Diagonalized H.
]Diagonalized H.
]Diagonalized H.


[2022-10-31T01:18:21.653]Completed Shot 3
[2022-10-31T02:26:52.079]Completed Shot 30
[2022-10-31T03:48:37.379]Completed Shot 25
[2022-10-31T04:17:22.436]Completed Shot 1
[2022-10-31T04:22:43.028]Completed Shot 35
[2022-10-31T04:29:29.159]Completed Shot 11
[2022-10-31T04:29:29.160]Completed Shot 22
[2022-10-31T04:34:57.626]Completed Shot 13
[2022-10-31T04:36:38.217]Completed Shot 6
[2022-10-31T04:38:18.341]Completed Shot 8
[2022-10-31T04:49:16.467]Completed Shot 5
[2022-10-31T04:52:00.524]Completed Shot 36
[2022-10-31T04:53:05.786]Completed Shot 7
[2022-10-31T04:53:40.003]Completed Shot 31
[2022-10-31T04:53:55.402]Completed Shot 21
[2022-10-31T04:53:58.775]Completed Shot 33
[2022-10-31T04:54:01.419]Completed Shot 37
[2022-10-31T04:54:26.526]Completed Shot 32
[2022-10-31T04:54:40.091]Completed Shot 24
[2022-10-31T04:55:13.501]Completed Shot 4
[2022-10-31T04:55:53.168]Completed Shot 42
[2022-10-31T04:56:04.112]Completed Shot 29
[2022-10-31T04:56:04.553]Completed Shot 38
[2022-10-31T04:56:09.170]Completed Shot 34
[2022-10-31T04:56:18.646]Completed Shot 45
[2022-10-31T04:56:36.620]Completed Shot 40
[2022-10-31T04:56:46.604]Completed Shot 43
[2022-10-31T04:57:10.824]Completed Shot 23
[2022-10-31T04:57:12.121]Completed Shot 47
[2022-10-31T04:57:24.783]Completed Shot 50
[2022-10-31T04:57:47.011]Completed Shot 39
[2022-10-31T04:57:48.882]Completed Shot 44
[2022-10-31T04:58:01.994]Completed Shot 16
[2022-10-31T04:58:02.913]Completed Shot 15
[2022-10-31T04:58:03.580]Completed Shot 46
[2022-10-31T04:58:09.771]Completed Shot 20
[2022-10-31T04:58:12.337]Completed Shot 10
[2022-10-31T04:58:15.981]Completed Shot 48
[2022-10-31T04:58:20.209]Completed Shot 14
[2022-10-31T04:58:23.794]Completed Shot 9
[2022-10-31T04:58:33.426]Completed Shot 17
[2022-10-31T04:58:36.982]Completed Shot 49
[2022-10-31T04:58:37.462]Completed Shot 26
[2022-10-31T04:58:47.559]Completed Shot 18
[2022-10-31T04:58:59.641]Completed Shot 28
[2022-10-31T04:59:10.980]Completed Shot 27
[2022-10-31T04:59:15.479]Completed Shot 12
[2022-10-31T04:59:16.958]Completed Shot 41
[2022-10-31T04:59:32.268]Completed Shot 2
[2022-10-31T04:59:43.144]Completed Shot 19
[2022-10-31T04:59:43.153]**********Simulation completed!**********
[2022-10-31T04:59:43.153]**********Saving**********
[2022-10-31T04:59:48.350]Saving file: /lustre/work/ws/ws1/hd_ku269-logs/LightCones/2022-10-30/7482084_N13_ED.jld2
[2022-10-31T04:59:50.966]**********Run completed!**********
