  Activating project at `/lustre/work/ws/ws1/hd_ku269-light_cones`
Added MKL.jl
Status `/lustre/work/ws/ws1/hd_ku269-light_cones/Project.toml` (empty project)
[2022-10-31T06:19:54.342]**********RANDOM FIELDS**********
shared_krylov_pbc.jl
Working Directory:          /lustre/work/ws/ws1/hd_ku269-light_cones
SLURM Directory:            /lustre/work/ws/ws1/hd_ku269-light_cones 
Running on host:            n1724
Job id:                     7482106
Job name:                   otoc_simulation_N13_ED_nn_pbc
Number of nodes allocated:  
Number of cores allocated:  1
#threads of Julia:          96
#threads of BLAS:           1
ARGS = ["13", "50", "x", "9"]
LOCATION = "/lustre/work/ws/ws1/hd_ku269-logs/LightCones/2022-10-31"
N = 13
SHOTS = 50
OBSERVABLE = "x"
DISORDER_PARAM = 9.0
[2022-10-31T06:19:54.551]**********Running simulation**********
[2022-10-31T06:19:54.630]trange = [0.001, 0.0012328467394420659, 0.0015199110829529332, 0.001873817422860383, 0.002310129700083158, 0.002848035868435802, 0.003511191734215131, 0.004328761281083057, 0.005336699231206307, 0.006579332246575682, 0.008111308307896864, 0.010000000000000002, 0.012328467394420665, 0.01519911082952933, 0.01873817422860384, 0.023101297000831605, 0.02848035868435802, 0.03511191734215131, 0.043287612810830614, 0.05336699231206307, 0.0657933224657568, 0.08111308307896876, 0.09999999999999995, 0.12328467394420659, 0.15199110829529347, 0.1873817422860385, 0.23101297000831617, 0.2848035868435802, 0.3511191734215131, 0.43287612810830595, 0.5336699231206312, 0.6579332246575682, 0.8111308307896873, 1.0, 1.232846739442066, 1.5199110829529339, 1.873817422860383, 2.31012970008316, 2.8480358684358005, 3.5111917342151275, 4.328761281083057, 5.3366992312063095, 6.5793322465756825, 8.11130830789688, 9.999999999999995, 12.32846739442066, 15.199110829529348, 18.73817422860384, 23.101297000831604, 28.480358684358034, 35.11191734215131, 43.28761281083057, 53.366992312063154, 65.79332246575676, 81.11308307896864, 100.0, 123.28467394420646, 151.99110829529363, 187.3817422860383, 231.01297000831556, 284.8035868435805, 351.11917342151276, 432.87612810830615, 533.6699231206312, 657.9332246575682, 811.1308307896873, 1000.0, 1232.8467394420659, 1519.9110829529332, 1873.817422860383, 2310.1297000831582, 2848.035868435799, 3511.1917342151273, 4328.761281083052, 5336.6992312063185, 6579.332246575669, 8111.308307896856, 10000.0, 12328.467394420633, 15199.11082952933, 18738.17422860383, 23101.297000831626, 28480.35868435805, 35111.917342151275, 43287.612810830615, 53366.99231206302, 65793.32246575695, 81113.08307896873, 100000.0, 123284.67394420685, 151991.10829529332, 187381.74228603867, 231012.97000831628, 284803.5868435805, 351119.17342151346, 432876.12810830615, 533669.9231206313, 657933.2246575683, 811130.8307896872, 1.0e6]
[2022-10-31T06:19:55.080]A=σx
[2022-10-31T06:19:57.109]Created Hamiltonian for Shot 5
[2022-10-31T06:19:57.109]Created Hamiltonian for Shot 34
[[2022-10-31T06:19:57.109]Created Hamiltonian for Shot 33
2022-10-31T06:19:57.109]Created Hamiltonian for Shot 26
[2022-10-31T06:19:57.109]Created Hamiltonian for Shot 28
[[2022-10-31T06:19:57.109]Created Hamiltonian for Shot 3
2022-10-31T06:19:57.109]Created Hamiltonian for Shot 9
[2022-10-31T06:19:57.109]Created Hamiltonian for Shot 29
[[2022-10-31T06:19:57.109]Created Hamiltonian for Shot 38
2022-10-31T06:19:57.109]Created Hamiltonian for Shot 24
[2022-10-31T06:19:57.109]Created Hamiltonian for Shot 36
[2022-10-31T06:19:57.109]Created Hamiltonian for Shot 44
[2022-10-31T06:19:57.111]Created Hamiltonian for Shot 4
[[2022-10-31T06:19:57.112]Created Hamiltonian for Shot 40
2022-10-31T06:19:57.112]Created Hamiltonian for Shot 11
[2022-10-31T06:19:57.112]Created Hamiltonian for Shot 30
[[2022-10-31T06:19:57.112]Created Hamiltonian for Shot 49
2022-10-31T06:19:57.112]Created Hamiltonian for Shot 1
[2022-10-31T06:19:57.112]Created Hamiltonian for Shot 12
[2022-10-31T06:19:57.112]Created Hamiltonian for Shot 6
[2022-10-31T06:19:57.112]Created Hamiltonian for Shot 17
[[[2022-10-31T06:19:57.113]Created Hamiltonian for Shot 39
2022-10-31T06:19:57.113]Created Hamiltonian for Shot 41
2022-10-31T06:19:57.113]Created Hamiltonian for Shot 27
[[2022-10-31T06:19:57.113]Created Hamiltonian for Shot 25
2022-10-31T06:19:57.113]Created Hamiltonian for Shot 21
[2022-10-31T06:19:57.113]Created Hamiltonian for Shot 35
[[2022-10-31T06:19:57.113]Created Hamiltonian for Shot 14
[[2022-10-31T06:19:57.113]Created Hamiltonian for Shot 15
2022-10-31T06:19:57.113]Created Hamiltonian for Shot 20
2022-10-31T06:19:57.113]Created Hamiltonian for Shot 13
[[2022-10-31T06:19:57.113]Created Hamiltonian for Shot 18
2022-10-31T06:19:57.113]Created Hamiltonian for Shot 23
[[[2022-10-31T06:19:57.113]Created Hamiltonian for Shot 10
2022-10-31T06:19:57.113]Created Hamiltonian for Shot 19
2022-10-31T06:19:57.113]Created Hamiltonian for Shot 50
[[[2022-10-31T06:19:57.113]Created Hamiltonian for Shot 22
[2022-10-31T06:19:57.113]Created Hamiltonian for Shot 43
2022-10-31T06:19:57.113]Created Hamiltonian for Shot 37
2022-10-31T06:19:57.113]Created Hamiltonian for Shot 48
[2022-10-31T06:19:57.113[]Created Hamiltonian for Shot 32
[2022-10-31T06:19:57.113]Created Hamiltonian for Shot 16
2022-10-31T06:19:57.113]Created Hamiltonian for Shot 46
[2022-10-31T06:19:57.113]Created Hamiltonian for Shot 2
[[2022-10-31T06:19:57.113]Created Hamiltonian for Shot 31
[[[[2022-10-31T06:19:57.113]Created Hamiltonian for Shot 8
2022-10-31T06:19:57.113]2022-10-31T06:19:57.113]Created Hamiltonian for Shot 47
Created Hamiltonian for Shot 45
2022-10-31T06:19:57.113]Created Hamiltonian for Shot 7
2022-10-31T06:19:57.113]Created Hamiltonian for Shot 42
[[2022-10-31T06:42:15.101]Diagonalized H.
[[[[[[2022-10-31T06:42:15.099]Diagonalized H.
2022-10-31T06:49:54.114[]Diagonalized H.
2022-10-31T06:49:54.115]Diagonalized H.
2022-10-31T06:49:54.1052022-10-31T06:49:54.094]Diagonalized H.]Diagonalized H.

[[2022-10-31T06:56:03.6172022-10-31T06:49:54.124]Diagonalized H.
2022-10-31T06:49:54.123]Diagonalized H.
2022-10-31T06:49:54.093]Diagonalized H.
[[]Diagonalized H.
2022-10-31T06:56:04.172]Diagonalized H.
[2022-10-31T06:49:54.117]Diagonalized H.
[[2022-10-31T07:01:13.170]Diagonalized H.
2022-10-31T06:56:04.170]Diagonalized H.
2022-10-31T06:56:04.168]Diagonalized H.
2022-10-31T07:01:13.342]Diagonalized H.
[2022-10-31T07:01:13.759]Diagonalized H.
[[[2022-10-31T07:01:14.135]Diagonalized H.
[2022-10-31T07:01:14.132]Diagonalized H.
2022-10-31T07:01:14.1302022-10-31T07:01:14.924]Diagonalized H.
]Diagonalized H.
[2022-10-31T07:01:15.357]Diagonalized H.
[2022-10-31T07:06:57.208]Diagonalized H.
[[[[2022-10-31T07:06:57.5252022-10-31T07:06:57.525]Diagonalized H.
]Diagonalized H.
2022-10-31T07:06:57.511]2022-10-31T07:06:57.523Diagonalized H.
]Diagonalized H.
[2022-10-31T07:12:35.453]Diagonalized H.
[[2022-10-31T07:12:36.726]2022-10-31T07:12:36.727Diagonalized H.
]Diagonalized H.
[2022-10-31T07:12:37.017]Diagonalized H.
[2022-10-31T07:18:21.798]Diagonalized H.
[2022-10-31T07:18:22.910]Diagonalized H.
[2022-10-31T07:30:56.557]Diagonalized H.
[2022-10-31T07:30:59.722]Diagonalized H.
[2022-10-31T07:40:48.739]Diagonalized H.
[2022-10-31T07:42:20.381]Diagonalized H.
[2022-10-31T07:49:46.188]Diagonalized H.
[2022-10-31T07:59:26.503]Diagonalized H.
[2022-10-31T08:17:27.652]Diagonalized H.
[2022-10-31T08:23:19.488]Diagonalized H.
[2022-10-31T08:31:38.497]Diagonalized H.
[2022-10-31T08:41:15.302]Diagonalized H.
[2022-10-31T08:52:11.112]Diagonalized H.
[2022-10-31T09:04:08.433]Diagonalized H.
[2022-10-31T09:12:15.469]Diagonalized H.
[2022-10-31T09:24:09.757]Diagonalized H.
[2022-10-31T09:32:07.048]Diagonalized H.
[2022-10-31T09:50:14.985]Diagonalized H.
[2022-10-31T10:13:09.275]Diagonalized H.
[2022-10-31T13:23:28.281]Completed Shot 41
[2022-10-31T16:24:20.793]Completed Shot 48
[2022-10-31T17:09:55.635]Completed Shot 24
[2022-10-31T17:44:51.206]Completed Shot 44
[2022-10-31T17:55:49.793]Completed Shot 49
[2022-10-31T17:57:04.131]Completed Shot 10
[2022-10-31T18:21:57.988]Completed Shot 14
[2022-10-31T18:51:03.746]Completed Shot 45
[2022-10-31T18:51:03.746]Completed Shot 7
[2022-10-31T19:35:38.404]Completed Shot 8
[2022-10-31T19:38:53.401]Completed Shot 46
[2022-10-31T19:38:53.492]Completed Shot 1
[2022-10-31T19:51:30.043]Completed Shot 35
[2022-10-31T19:57:11.035]Completed Shot 4
[2022-10-31T20:06:39.524]Completed Shot 37
[2022-10-31T20:08:25.281]Completed Shot 47
[2022-10-31T20:13:16.084]Completed Shot 50
[2022-10-31T20:19:05.027]Completed Shot 15
[2022-10-31T20:21:52.233]Completed Shot 6
[2022-10-31T20:21:52.233]Completed Shot 2
[2022-10-31T20:21:52.234]Completed Shot 29
[2022-10-31T20:25:19.661]Completed Shot 23
[2022-10-31T20:28:09.362]Completed Shot 5
[2022-10-31T20:29:20.887]Completed Shot 3
[2022-10-31T20:30:06.886]Completed Shot 12
[2022-10-31T20:33:25.107]Completed Shot 11
[2022-10-31T20:43:35.043]Completed Shot 9
[2022-10-31T20:45:19.792]Completed Shot 32
[2022-10-31T20:48:28.160]Completed Shot 20
[2022-10-31T20:48:45.690]Completed Shot 16
[2022-10-31T20:48:45.740]Completed Shot 18
[2022-10-31T20:49:19.799]Completed Shot 39
[2022-10-31T20:50:43.276]Completed Shot 19
[2022-10-31T20:50:57.790]Completed Shot 25
[2022-10-31T20:51:12.707]Completed Shot 13
[2022-10-31T20:51:55.368]Completed Shot 28
[2022-10-31T20:52:03.185]Completed Shot 36
[2022-10-31T20:52:12.166]Completed Shot 17
[2022-10-31T20:52:15.173]Completed Shot 21
[2022-10-31T20:52:22.901]Completed Shot 31
[2022-10-31T20:52:28.191]Completed Shot 22
[2022-10-31T20:52:34.466]Completed Shot 43
[2022-10-31T20:52:42.187]Completed Shot 27
[2022-10-31T20:52:48.576]Completed Shot 30
[2022-10-31T20:52:50.186]Completed Shot 42
[2022-10-31T20:53:00.762]Completed Shot 38
[2022-10-31T20:53:10.620]Completed Shot 26
[2022-10-31T20:53:30.986]Completed Shot 40
[2022-10-31T20:53:34.186]Completed Shot 34
[2022-10-31T20:53:35.769]Completed Shot 33
[2022-10-31T20:53:36.874]**********Simulation completed!**********
[2022-10-31T20:53:36.875]**********Saving**********
[2022-10-31T20:54:39.912]Saving file: /lustre/work/ws/ws1/hd_ku269-logs/LightCones/2022-10-31/7482106_N13_ED.jld2
[2022-10-31T20:54:43.651]**********Run completed!**********
