  Activating project at `/gpfs/bwfor/work/ws/hd_ku269-light_cones/WorkingFolder`
Added MKL.jl
Project LightCones v0.1.0
Status `/gpfs/bwfor/work/ws/hd_ku269-light_cones/WorkingFolder/Project.toml`
  [7d9fca2a] Arpack v0.5.3
  [7073ff75] IJulia v1.23.3
  [033835bb] JLD2 v0.4.25
  [0b1a1467] KrylovKit v0.6.0
  [d3d80556] LineSearches v7.2.0
  [33e6dc65] MKL v0.6.0
  [429524aa] Optim v1.7.3
  [91a5bcdd] Plots v1.35.5
  [c3e4b0f8] Pluto v0.19.14
  [3c0b384b] QuantumInformation v0.4.9
  [189a3867] Reexport v1.2.2
  [295af30f] Revise v3.4.0
  [ebcc8a00] SpinSymmetry v0.3.3
  [59d54670] ThreadedSparseArrays v0.2.2
  [ade2ca70] Dates
  [8ba89e20] Distributed
  [37e2e46d] LinearAlgebra
  [de0858da] Printf
  [9a3f8284] Random
  [1a1011a3] SharedArrays
  [2f01184e] SparseArrays
  [10745b16] Statistics
[2023-01-02T21:36:00.066]**********RANDOM FIELDS**********
shared_krylov_sector_pbc.jl
Working Directory:          /gpfs/bwfor/work/ws/hd_ku269-light_cones/WorkingFolder
SLURM Directory:            /gpfs/bwfor/work/ws/hd_ku269-light_cones/WorkingFolder 
Running on host:            m01n06
Job id:                     465125
Job name:                   otoc_simulation_N13_ED_sector
Number of nodes allocated:  
Number of cores allocated:  1
#threads of Julia:          96
#threads of BLAS:           48
ARGS = ["13", "25", "z", "24"]
LOCATION = "/gpfs/bwfor/work/ws/hd_ku269-logs/LightCones/2023-01-02"
N = 13
SHOTS = 25
OBSERVABLE = "z"
DISORDER_PARAM = 24.0
[2023-01-02T21:36:00.254]**********Running simulation**********
[2023-01-02T21:36:00.318]trange = [0.001, 0.0012328467394420659, 0.0015199110829529332, 0.001873817422860383, 0.002310129700083158, 0.002848035868435802, 0.003511191734215131, 0.004328761281083057, 0.005336699231206307, 0.006579332246575682, 0.008111308307896864, 0.010000000000000002, 0.012328467394420665, 0.01519911082952933, 0.01873817422860384, 0.023101297000831605, 0.02848035868435802, 0.03511191734215131, 0.043287612810830614, 0.05336699231206307, 0.0657933224657568, 0.08111308307896876, 0.09999999999999995, 0.12328467394420659, 0.15199110829529347, 0.1873817422860385, 0.23101297000831617, 0.2848035868435802, 0.3511191734215131, 0.43287612810830595, 0.5336699231206312, 0.6579332246575682, 0.8111308307896873, 1.0, 1.232846739442066, 1.5199110829529339, 1.873817422860383, 2.31012970008316, 2.8480358684358005, 3.5111917342151275, 4.328761281083057, 5.3366992312063095, 6.5793322465756825, 8.11130830789688, 9.999999999999995, 12.32846739442066, 15.199110829529348, 18.73817422860384, 23.101297000831604, 28.480358684358034, 35.11191734215131, 43.28761281083057, 53.366992312063154, 65.79332246575676, 81.11308307896864, 100.0, 123.28467394420646, 151.99110829529363, 187.3817422860383, 231.01297000831556, 284.8035868435805, 351.11917342151276, 432.87612810830615, 533.6699231206312, 657.9332246575682, 811.1308307896873, 1000.0, 1232.8467394420659, 1519.9110829529332, 1873.817422860383, 2310.1297000831582, 2848.035868435799, 3511.1917342151273, 4328.761281083052, 5336.6992312063185, 6579.332246575669, 8111.308307896856, 10000.0, 12328.467394420633, 15199.11082952933, 18738.17422860383, 23101.297000831626, 28480.35868435805, 35111.917342151275, 43287.612810830615, 53366.99231206302, 65793.32246575695, 81113.08307896873, 100000.0, 123284.67394420685, 151991.10829529332, 187381.74228603867, 231012.97000831628, 284803.5868435805, 351119.17342151346, 432876.12810830615, 533669.9231206313, 657933.2246575683, 811130.8307896872, 1.0e6]
[2023-01-02T21:36:01.221]k=7, d=1716
[2023-01-02T21:36:02.328]A=σz
[2023-01-02T21:36:02.892]SparseMatrixCSC{Float64, Int64}
[2023-01-02T21:36:03.252]PBC alpha=6
[2023-01-02T21:36:05.856]Created Hamiltonian for Shot 1
[[2023-01-02T21:36:05.856]Created Hamiltonian for Shot 17
2023-01-02T21:36:05.856]Created Hamiltonian for Shot 18
[2023-01-02T21:36:05.856]Created Hamiltonian for Shot 4
[2023-01-02T21:36:05.856]Created Hamiltonian for Shot 25
[2023-01-02T21:36:05.856]Created Hamiltonian for Shot 7
[2023-01-02T21:36:05.857]Created Hamiltonian for Shot 8
[2023-01-02T21:36:05.857]Created Hamiltonian for Shot 23
[2023-01-02T21:36:05.866]Created Hamiltonian for Shot 24
[2023-01-02T21:36:05.873]Created Hamiltonian for Shot 3
[2023-01-02T21:36:05.900]Created Hamiltonian for Shot 19
[2023-01-02T21:36:05.906]Created Hamiltonian for Shot 11
[2023-01-02T21:36:05.937]Created Hamiltonian for Shot 22
[2023-01-02T21:36:05.937]Created Hamiltonian for Shot 13
[2023-01-02T21:36:05.937]Created Hamiltonian for Shot 20
[2023-01-02T21:36:05.937]Created Hamiltonian for Shot 16
[2023-01-02T21:36:05.937]Created Hamiltonian for Shot 9
[[[2023-01-02T21:36:05.937]Created Hamiltonian for Shot 21
2023-01-02T21:36:05.937]Created Hamiltonian for Shot 14
2023-01-02T21:36:05.937]Created Hamiltonian for Shot 15
[[2023-01-02T21:36:05.937]Created Hamiltonian for Shot 6
2023-01-02T21:36:05.937]Created Hamiltonian for Shot 2
[2023-01-02T21:36:05.937]Created Hamiltonian for Shot 5
[[2023-01-02T21:36:06.007]Created Hamiltonian for Shot 12
2023-01-02T21:36:06.006]Created Hamiltonian for Shot 10
[2023-01-02T21:36:59.207]Diagonalized H.
[[2023-01-02T21:36:59.211]Diagonalized H.2023-01-02T21:36:59.211
]Diagonalized H.
[2023-01-02T21:36:59.211]Diagonalized H.
[2023-01-02T21:36:59.212]Diagonalized H.
[2023-01-02T21:36:59.213]Diagonalized H.
[2023-01-02T21:36:59.213]Diagonalized H.
[2023-01-02T21:36:59.213]Diagonalized H.
[2023-01-02T21:36:59.213]Diagonalized H.
[2023-01-02T21:36:59.214]Diagonalized H.
[2023-01-02T21:36:59.216]Diagonalized H.
[[[2023-01-02T21:36:59.220]Diagonalized H.
2023-01-02T21:36:59.220]Diagonalized H.
2023-01-02T21:36:59.220]Diagonalized H.
[2023-01-02T21:37:00.096]Diagonalized H.
[2023-01-02T21:37:00.098]Diagonalized H.
[2023-01-02T21:37:00.098]Diagonalized H.
[2023-01-02T21:37:00.099]Diagonalized H.
[2023-01-02T21:37:00.099]Diagonalized H.
[2023-01-02T21:37:00.100]Diagonalized H.
[2023-01-02T21:37:00.100]Diagonalized H.
[2023-01-02T21:37:00.101]Diagonalized H.
[[2023-01-02T21:37:00.102]Diagonalized H.
2023-01-02T21:37:00.102]Diagonalized H.
[2023-01-02T21:37:00.103]Diagonalized H.
[2023-01-02T21:44:14.569]Completed Shot 1
[2023-01-02T21:46:11.070]Completed Shot 6
[2023-01-02T21:48:05.965]Completed Shot 12
[2023-01-02T21:48:18.470]Completed Shot 17
[2023-01-02T21:48:28.780]Completed Shot 25
[2023-01-02T21:51:14.874]Completed Shot 4
[2023-01-02T21:51:34.144]Completed Shot 3
[2023-01-02T21:51:55.486]Completed Shot 16
[2023-01-02T21:51:58.752]Completed Shot 2
[2023-01-02T21:52:06.201]Completed Shot 8
[2023-01-02T21:52:10.126]Completed Shot 5
[2023-01-02T21:52:23.710]Completed Shot 9
[2023-01-02T21:52:58.787]Completed Shot 10
[2023-01-02T21:52:59.410]Completed Shot 15
[2023-01-02T21:53:00.632]Completed Shot 11
[2023-01-02T21:53:01.874]Completed Shot 7
[2023-01-02T21:53:02.273]Completed Shot 22
[2023-01-02T21:53:08.005]Completed Shot 14
[2023-01-02T21:53:12.421]Completed Shot 18
[2023-01-02T21:53:12.547]Completed Shot 13
[2023-01-02T21:53:12.560]Completed Shot 19
[2023-01-02T21:53:12.623]Completed Shot 24
[2023-01-02T21:53:13.016]Completed Shot 20
[2023-01-02T21:53:13.493]Completed Shot 23
[2023-01-02T21:53:14.041]Completed Shot 21
[2023-01-02T21:53:14.042]**********Simulation completed!**********
[2023-01-02T21:53:14.042]**********Saving**********
[2023-01-02T21:53:18.125]Saving file: /gpfs/bwfor/work/ws/hd_ku269-logs/LightCones/2023-01-02/465125_N13_ED.jld2
[2023-01-02T21:53:19.565]**********Run completed!**********
============================= JOB FEEDBACK =============================
Job ID: 465125
Cluster: helix
User/Group: hd_ku269/hd_hd
State: COMPLETED (exit code 0)
Nodes: 1
Cores per node: 48
CPU Utilized: 08:12:08
CPU Efficiency: 57.65% of 14:13:36 core-walltime
Job Wall-clock time: 00:17:47
Memory Utilized: 69.11 GB
Memory Efficiency: 29.28% of 236.00 GB
