Added MKL.jl
Project LightCones v0.1.0
Status `/lustre/work/ws/ws1/hd_ku269-light_cones/WorkingFolder/Project.toml`
  [7d9fca2a] Arpack v0.5.4
⌃ [7073ff75] IJulia v1.23.3
  [033835bb] JLD2 v0.4.29
  [0b1a1467] KrylovKit v0.6.0
  [d3d80556] LineSearches v7.2.0
  [33e6dc65] MKL v0.6.0
  [429524aa] Optim v1.7.4
⌃ [91a5bcdd] Plots v1.36.6
⌃ [c3e4b0f8] Pluto v0.19.16
  [3c0b384b] QuantumInformation v0.4.9
  [189a3867] Reexport v1.2.2
⌃ [295af30f] Revise v3.4.0
  [ebcc8a00] SpinSymmetry v0.3.3
  [59d54670] ThreadedSparseArrays v0.2.2
  [ade2ca70] Dates
  [8ba89e20] Distributed
  [37e2e46d] LinearAlgebra
  [de0858da] Printf
  [9a3f8284] Random
  [1a1011a3] SharedArrays
  [2f01184e] SparseArrays
  [10745b16] Statistics
Info Packages marked with ⌃ have new versions available
[2023-01-11T18:18:14.445]**********RANDOM FIELDS**********
shared_krylov.jl
Working Directory:          /lustre/work/ws/ws1/hd_ku269-light_cones/WorkingFolder
SLURM Directory:            /lustre/work/ws/ws1/hd_ku269-light_cones/WorkingFolder 
Running on host:            n1630
Job id:                     8095114
Job name:                   otoc_simulation_N11_TR_FIDONLY
Number of nodes allocated:  
Number of cores allocated:  1
#threads of Julia:          96
#threads of BLAS:           1
ARGS = ["11", "10", "50", "BS", "x", "12", "100", "Rhim71"]
LOCATION = "/lustre/work/ws/ws1/hd_ku269-logs/LightCones/2023-01-11"
N = 11
SHOTS = 10
MULT_RANDOM_STATES = true
N_RANDOM_STATES = 50
TYPE_OF_RS = "BS"
OBSERVABLE = "x"
DISORDER_PARAM = 12.0
[2023-01-11T18:18:14.652]**********Running simulation**********
[2023-01-11T18:18:14.708]trange = 0.1:0.1:20.0
[2023-01-11T18:18:15.032]A = σx
[2023-01-11T18:18:15.604]alpha=6
[2023-01-11T18:18:15.605]PBC
SlowPulse([1.0, 0.0, 0.0], π, 1570.7963267948965)SlowPulse([-1.0, 0.0, 0.0], π, 1570.7963267948965)2[2023-01-11T18:18:18.426]Operations set up.
Using multiple states.
2478.458606 seconds (3.59 G allocations: 10.479 TiB, 19.73% gc time, 0.44% compilation time)
[2023-01-11T18:59:54.675]Completed Shot 1, state 37
2506.864846 seconds (3.63 G allocations: 10.601 TiB, 19.71% gc time, 0.44% compilation time)
[2023-01-11T19:00:23.027]Completed Shot 1, state 1
2511.404748 seconds (3.65 G allocations: 10.643 TiB, 19.77% gc time, 0.18% compilation time)
[2023-01-11T19:00:33.890]Completed Shot 1, state 26
2515.368062 seconds (3.65 G allocations: 10.660 TiB, 19.77% gc time, 0.18% compilation time)
[2023-01-11T19:00:37.838]Completed Shot 1, state 5
2527.127739 seconds (3.67 G allocations: 10.714 TiB, 19.78% gc time, 0.13% compilation time)
[2023-01-11T19:00:50.950]Completed Shot 1, state 39
2529.195743 seconds (3.67 G allocations: 10.718 TiB, 19.76% gc time, 0.18% compilation time)
[2023-01-11T19:00:51.667]Completed Shot 1, state 25
2529.876469 seconds (3.67 G allocations: 10.722 TiB, 19.76% gc time, 0.18% compilation time)
[2023-01-11T19:00:52.342]Completed Shot 1, state 6
2538.974041 seconds (3.69 G allocations: 10.759 TiB, 19.75% gc time, 0.18% compilation time)
[2023-01-11T19:01:01.439]Completed Shot 1, state 43
2541.540350 seconds (3.69 G allocations: 10.768 TiB, 19.76% gc time, 0.18% compilation time)
[2023-01-11T19:01:04.037]Completed Shot 1, state 36
2547.853484 seconds (3.69 G allocations: 10.768 TiB, 19.71% gc time, 0.43% compilation time)
[2023-01-11T19:01:04.045]Completed Shot 1, state 32
2541.850569 seconds (3.69 G allocations: 10.771 TiB, 19.76% gc time, 0.17% compilation time)
[2023-01-11T19:01:04.514]Completed Shot 1, state 47
2543.134351 seconds (3.69 G allocations: 10.776 TiB, 19.75% gc time, 0.18% compilation time)
[2023-01-11T19:01:05.632]Completed Shot 1, state 7
2549.467719 seconds (3.69 G allocations: 10.776 TiB, 19.70% gc time, 0.43% compilation time)
[2023-01-11T19:01:05.659]Completed Shot 1, state 19
2549.687256 seconds (3.70 G allocations: 10.798 TiB, 19.75% gc time, 0.19% compilation time)
[2023-01-11T19:01:11.975]Completed Shot 1, state 28
2549.485497 seconds (3.70 G allocations: 10.798 TiB, 19.75% gc time, 0.18% compilation time)
[2023-01-11T19:01:12.020]Completed Shot 1, state 44
2551.855451 seconds (3.70 G allocations: 10.807 TiB, 19.76% gc time, 0.17% compilation time)
[2023-01-11T19:01:14.520]Completed Shot 1, state 24
2558.793928 seconds (3.71 G allocations: 10.809 TiB, 19.71% gc time, 0.43% compilation time)
[2023-01-11T19:01:14.985]Completed Shot 1, state 3
2553.374098 seconds (3.71 G allocations: 10.812 TiB, 19.75% gc time, 0.19% compilation time)
[2023-01-11T19:01:15.662]Completed Shot 1, state 21
2550.770290 seconds (3.70 G allocations: 10.811 TiB, 19.76% gc time, 0.08% compilation time)
[2023-01-11T19:01:15.703]Completed Shot 1, state 41
2557.657869 seconds (3.71 G allocations: 10.827 TiB, 19.74% gc time, 0.18% compilation time)
[2023-01-11T19:01:20.075]Completed Shot 1, state 10
2557.938017 seconds (3.71 G allocations: 10.837 TiB, 19.73% gc time, 0.09% compilation time)
[2023-01-11T19:01:22.834]Completed Shot 1, state 20
2567.041520 seconds (3.72 G allocations: 10.839 TiB, 19.68% gc time, 0.43% compilation time)
[2023-01-11T19:01:23.203]Completed Shot 1, state 17
2560.736711 seconds (3.72 G allocations: 10.839 TiB, 19.73% gc time, 0.18% compilation time)
[2023-01-11T19:01:23.207]Completed Shot 1, state 11
2573.818875 seconds (3.72 G allocations: 10.860 TiB, 19.66% gc time, 0.42% compilation time)
[2023-01-11T19:01:30.009]Completed Shot 1, state 40
2567.765896 seconds (3.72 G allocations: 10.861 TiB, 19.71% gc time, 0.18% compilation time)
[2023-01-11T19:01:30.263]Completed Shot 1, state 31
2573.359485 seconds (3.73 G allocations: 10.878 TiB, 19.69% gc time, 0.19% compilation time)
[2023-01-11T19:01:35.673]Completed Shot 1, state 50
2584.603907 seconds (3.74 G allocations: 10.893 TiB, 19.64% gc time, 0.42% compilation time)
[2023-01-11T19:01:40.766]Completed Shot 1, state 35
2577.604824 seconds (3.73 G allocations: 10.894 TiB, 19.69% gc time, 0.13% compilation time)
[2023-01-11T19:01:41.427]Completed Shot 1, state 14
2586.741375 seconds (3.74 G allocations: 10.898 TiB, 19.64% gc time, 0.42% compilation time)
[2023-01-11T19:01:42.932]Completed Shot 1, state 38
2581.998177 seconds (3.74 G allocations: 10.903 TiB, 19.67% gc time, 0.18% compilation time)
[2023-01-11T19:01:44.495]Completed Shot 1, state 29
2591.118640 seconds (3.74 G allocations: 10.911 TiB, 19.61% gc time, 0.42% compilation time)
[2023-01-11T19:01:47.310]Completed Shot 1, state 13
2591.288229 seconds (3.74 G allocations: 10.911 TiB, 19.61% gc time, 0.42% compilation time)
[2023-01-11T19:01:47.479]Completed Shot 1, state 8
2586.302007 seconds (3.74 G allocations: 10.914 TiB, 19.66% gc time, 0.18% compilation time)
[2023-01-11T19:01:48.773]Completed Shot 1, state 45
2583.986578 seconds (3.73 G allocations: 10.914 TiB, 19.67% gc time, 0.08% compilation time)
[2023-01-11T19:01:48.926]Completed Shot 1, state 15
2595.159338 seconds (3.75 G allocations: 10.920 TiB, 19.60% gc time, 0.42% compilation time)
[2023-01-11T19:01:51.322]Completed Shot 1, state 42
2595.683111 seconds (3.75 G allocations: 10.921 TiB, 19.60% gc time, 0.42% compilation time)
[2023-01-11T19:01:51.874]Completed Shot 1, state 30
2598.522208 seconds (3.75 G allocations: 10.927 TiB, 19.58% gc time, 0.42% compilation time)
[2023-01-11T19:01:54.684]Completed Shot 1, state 23
2593.616250 seconds (3.75 G allocations: 10.930 TiB, 19.63% gc time, 0.17% compilation time)
[2023-01-11T19:01:56.280]Completed Shot 1, state 34
2595.786977 seconds (3.75 G allocations: 10.934 TiB, 19.62% gc time, 0.18% compilation time)
[2023-01-11T19:01:58.284]Completed Shot 1, state 48
2597.826068 seconds (3.75 G allocations: 10.937 TiB, 19.60% gc time, 0.18% compilation time)
[2023-01-11T19:02:00.296]Completed Shot 1, state 22
2599.095823 seconds (3.75 G allocations: 10.939 TiB, 19.59% gc time, 0.18% compilation time)
[2023-01-11T19:02:01.504]Completed Shot 1, state 9
2600.389912 seconds (3.75 G allocations: 10.941 TiB, 19.59% gc time, 0.18% compilation time)
[2023-01-11T19:02:02.861]Completed Shot 1, state 2
2603.714951 seconds (3.75 G allocations: 10.946 TiB, 19.56% gc time, 0.17% compilation time)
[2023-01-11T19:02:06.389]Completed Shot 1, state 27
2604.722010 seconds (3.75 G allocations: 10.947 TiB, 19.56% gc time, 0.18% compilation time)
[2023-01-11T19:02:07.010]Completed Shot 1, state 49
2604.949232 seconds (3.75 G allocations: 10.947 TiB, 19.56% gc time, 0.18% compilation time)
[2023-01-11T19:02:07.415]Completed Shot 1, state 18
2604.987935 seconds (3.75 G allocations: 10.947 TiB, 19.56% gc time, 0.18% compilation time)
[2023-01-11T19:02:07.453]Completed Shot 1, state 16
2610.333185 seconds (3.75 G allocations: 10.952 TiB, 19.52% gc time, 0.13% compilation time)
[2023-01-11T19:02:14.155]Completed Shot 1, state 33
2613.832370 seconds (3.75 G allocations: 10.954 TiB, 19.50% gc time, 0.10% compilation time)
[2023-01-11T19:02:18.294]Completed Shot 1, state 4
2623.534403 seconds (3.76 G allocations: 10.955 TiB, 19.43% gc time, 0.42% compilation time)
[2023-01-11T19:02:19.696]Completed Shot 1, state 12
2638.244544 seconds (3.76 G allocations: 10.956 TiB, 19.32% gc time, 0.41% compilation time)
[2023-01-11T19:02:34.407]Completed Shot 1, state 46
2502.373725 seconds (3.67 G allocations: 10.680 TiB, 20.22% gc time)
[2023-01-11T19:44:16.786]Completed Shot 2, state 20
2505.958133 seconds (3.67 G allocations: 10.693 TiB, 20.24% gc time)
[2023-01-11T19:44:20.376]Completed Shot 2, state 48
2511.797049 seconds (3.68 G allocations: 10.718 TiB, 20.23% gc time)
[2023-01-11T19:44:26.210]Completed Shot 2, state 25
2518.742299 seconds (3.69 G allocations: 10.748 TiB, 20.22% gc time)
[2023-01-11T19:44:33.158]Completed Shot 2, state 38
2522.205711 seconds (3.69 G allocations: 10.760 TiB, 20.23% gc time)
[2023-01-11T19:44:36.621]Completed Shot 2, state 34
2530.221189 seconds (3.71 G allocations: 10.795 TiB, 20.21% gc time)
[2023-01-11T19:44:44.639]Completed Shot 2, state 50
2534.458749 seconds (3.71 G allocations: 10.812 TiB, 20.21% gc time)
[2023-01-11T19:44:48.870]Completed Shot 2, state 17
2538.698810 seconds (3.72 G allocations: 10.828 TiB, 20.22% gc time)
[2023-01-11T19:44:53.112]Completed Shot 2, state 23
2539.027995 seconds (3.72 G allocations: 10.830 TiB, 20.22% gc time)
[2023-01-11T19:44:53.443]Completed Shot 2, state 35
2548.607365 seconds (3.73 G allocations: 10.867 TiB, 20.22% gc time)
[2023-01-11T19:45:03.021]Completed Shot 2, state 28
2550.147187 seconds (3.73 G allocations: 10.874 TiB, 20.21% gc time)
[2023-01-11T19:45:04.563]Completed Shot 2, state 36
2551.846371 seconds (3.74 G allocations: 10.880 TiB, 20.21% gc time)
[2023-01-11T19:45:06.259]Completed Shot 2, state 24
2557.567715 seconds (3.74 G allocations: 10.902 TiB, 20.21% gc time)
[2023-01-11T19:45:11.985]Completed Shot 2, state 43
2558.064720 seconds (3.75 G allocations: 10.905 TiB, 20.20% gc time)
[2023-01-11T19:45:12.481]Completed Shot 2, state 41
2558.090834 seconds (3.75 G allocations: 10.905 TiB, 20.20% gc time)
[2023-01-11T19:45:12.505]Completed Shot 2, state 31
2558.233507 seconds (3.75 G allocations: 10.905 TiB, 20.20% gc time)
[2023-01-11T19:45:12.651]Completed Shot 2, state 46
2558.725814 seconds (3.75 G allocations: 10.908 TiB, 20.20% gc time)
[2023-01-11T19:45:13.141]Completed Shot 2, state 37
2558.898578 seconds (3.75 G allocations: 10.908 TiB, 20.20% gc time)
[2023-01-11T19:45:13.308]Completed Shot 2, state 7
2560.756555 seconds (3.75 G allocations: 10.913 TiB, 20.21% gc time)
[2023-01-11T19:45:15.167]Completed Shot 2, state 11
2561.108378 seconds (3.75 G allocations: 10.914 TiB, 20.21% gc time)
[2023-01-11T19:45:15.519]Completed Shot 2, state 10
2561.273337 seconds (3.75 G allocations: 10.915 TiB, 20.21% gc time)
[2023-01-11T19:45:15.683]Completed Shot 2, state 8
2562.312819 seconds (3.75 G allocations: 10.919 TiB, 20.20% gc time)
[2023-01-11T19:45:16.722]Completed Shot 2, state 4
2563.946270 seconds (3.75 G allocations: 10.925 TiB, 20.19% gc time)
[2023-01-11T19:45:18.358]Completed Shot 2, state 18
2564.959703 seconds (3.75 G allocations: 10.927 TiB, 20.20% gc time)
[2023-01-11T19:45:19.371]Completed Shot 2, state 14
2565.506128 seconds (3.75 G allocations: 10.928 TiB, 20.20% gc time)
[2023-01-11T19:45:19.920]Completed Shot 2, state 29
2566.152395 seconds (3.75 G allocations: 10.931 TiB, 20.19% gc time)
[2023-01-11T19:45:20.561]Completed Shot 2, state 2
2566.226882 seconds (3.75 G allocations: 10.931 TiB, 20.19% gc time)
[2023-01-11T19:45:20.644]Completed Shot 2, state 47
2566.515708 seconds (3.75 G allocations: 10.932 TiB, 20.19% gc time)
[2023-01-11T19:45:20.927]Completed Shot 2, state 12
2569.097204 seconds (3.76 G allocations: 10.939 TiB, 20.18% gc time)
[2023-01-11T19:45:23.507]Completed Shot 2, state 5
2572.546230 seconds (3.76 G allocations: 10.949 TiB, 20.16% gc time)
[2023-01-11T19:45:26.964]Completed Shot 2, state 49
2574.142810 seconds (3.76 G allocations: 10.954 TiB, 20.15% gc time)
[2023-01-11T19:45:28.554]Completed Shot 2, state 13
2576.614957 seconds (3.76 G allocations: 10.960 TiB, 20.15% gc time)
[2023-01-11T19:45:31.025]Completed Shot 2, state 9
2576.886865 seconds (3.77 G allocations: 10.960 TiB, 20.15% gc time)
[2023-01-11T19:45:31.299]Completed Shot 2, state 22
2577.109763 seconds (3.77 G allocations: 10.961 TiB, 20.15% gc time)
[2023-01-11T19:45:31.522]Completed Shot 2, state 21
2582.428392 seconds (3.77 G allocations: 10.973 TiB, 20.12% gc time)
[2023-01-11T19:45:36.845]Completed Shot 2, state 45
2584.147001 seconds (3.77 G allocations: 10.977 TiB, 20.11% gc time)
[2023-01-11T19:45:38.556]Completed Shot 2, state 1
2584.487224 seconds (3.77 G allocations: 10.978 TiB, 20.11% gc time)
[2023-01-11T19:45:38.904]Completed Shot 2, state 44
2586.112306 seconds (3.77 G allocations: 10.980 TiB, 20.11% gc time)
[2023-01-11T19:45:40.527]Completed Shot 2, state 32
2586.456823 seconds (3.77 G allocations: 10.981 TiB, 20.11% gc time)
[2023-01-11T19:45:40.873]Completed Shot 2, state 40
2587.556343 seconds (3.77 G allocations: 10.983 TiB, 20.10% gc time)
[2023-01-11T19:45:41.968]Completed Shot 2, state 16
2588.666008 seconds (3.77 G allocations: 10.985 TiB, 20.09% gc time)
[2023-01-11T19:45:43.079]Completed Shot 2, state 27
2589.604974 seconds (3.77 G allocations: 10.986 TiB, 20.09% gc time)
[2023-01-11T19:45:44.021]Completed Shot 2, state 39
2592.465786 seconds (3.78 G allocations: 10.990 TiB, 20.07% gc time)
[2023-01-11T19:45:46.877]Completed Shot 2, state 15
2595.597492 seconds (3.78 G allocations: 10.994 TiB, 20.05% gc time)
[2023-01-11T19:45:50.012]Completed Shot 2, state 30
2596.798340 seconds (3.78 G allocations: 10.995 TiB, 20.04% gc time)
[2023-01-11T19:45:51.208]Completed Shot 2, state 3
2601.840304 seconds (3.78 G allocations: 11.000 TiB, 20.01% gc time)
[2023-01-11T19:45:56.255]Completed Shot 2, state 33
2603.109631 seconds (3.78 G allocations: 11.001 TiB, 20.00% gc time)
[2023-01-11T19:45:57.526]Completed Shot 2, state 42
2605.357399 seconds (3.78 G allocations: 11.002 TiB, 19.98% gc time)
[2023-01-11T19:45:59.767]Completed Shot 2, state 6
2611.470990 seconds (3.78 G allocations: 11.004 TiB, 19.94% gc time)
[2023-01-11T19:46:05.884]Completed Shot 2, state 26
2618.265641 seconds (3.78 G allocations: 11.004 TiB, 19.89% gc time)
[2023-01-11T19:46:12.678]Completed Shot 2, state 19
2578.407122 seconds (3.69 G allocations: 10.748 TiB, 20.87% gc time)
[2023-01-11T20:29:11.091]Completed Shot 3, state 19
2588.387414 seconds (3.71 G allocations: 10.790 TiB, 20.84% gc time)
[2023-01-11T20:29:21.068]Completed Shot 3, state 2
2592.953652 seconds (3.72 G allocations: 10.807 TiB, 20.85% gc time)
[2023-01-11T20:29:25.638]Completed Shot 3, state 25
2594.412884 seconds (3.72 G allocations: 10.814 TiB, 20.84% gc time)
[2023-01-11T20:29:27.097]Completed Shot 3, state 20
2596.301175 seconds (3.72 G allocations: 10.817 TiB, 20.87% gc time)
[2023-01-11T20:29:28.987]Completed Shot 3, state 33
2599.457941 seconds (3.72 G allocations: 10.833 TiB, 20.85% gc time)
[2023-01-11T20:29:32.143]Completed Shot 3, state 29
2603.581706 seconds (3.73 G allocations: 10.847 TiB, 20.86% gc time)
[2023-01-11T20:29:36.264]Completed Shot 3, state 12
2604.679170 seconds (3.73 G allocations: 10.853 TiB, 20.85% gc time)
[2023-01-11T20:29:37.363]Completed Shot 3, state 18
2609.556953 seconds (3.74 G allocations: 10.871 TiB, 20.85% gc time)
[2023-01-11T20:29:42.244]Completed Shot 3, state 41
2610.405483 seconds (3.74 G allocations: 10.875 TiB, 20.84% gc time)
[2023-01-11T20:29:43.091]Completed Shot 3, state 30
2611.159985 seconds (3.74 G allocations: 10.879 TiB, 20.84% gc time)
[2023-01-11T20:29:43.842]Completed Shot 3, state 13
2613.822910 seconds (3.74 G allocations: 10.889 TiB, 20.84% gc time)
[2023-01-11T20:29:46.506]Completed Shot 3, state 16
2615.461323 seconds (3.75 G allocations: 10.896 TiB, 20.83% gc time)
[2023-01-11T20:29:48.143]Completed Shot 3, state 10
2615.479906 seconds (3.75 G allocations: 10.896 TiB, 20.83% gc time)
[2023-01-11T20:29:48.166]Completed Shot 3, state 34
2619.125283 seconds (3.75 G allocations: 10.908 TiB, 20.84% gc time)
[2023-01-11T20:29:51.807]Completed Shot 3, state 8
2619.384424 seconds (3.75 G allocations: 10.909 TiB, 20.84% gc time)
[2023-01-11T20:29:52.071]Completed Shot 3, state 35
2620.017220 seconds (3.75 G allocations: 10.912 TiB, 20.83% gc time)
[2023-01-11T20:29:52.701]Completed Shot 3, state 22
2621.558884 seconds (3.76 G allocations: 10.919 TiB, 20.82% gc time)
[2023-01-11T20:29:54.246]Completed Shot 3, state 44
2621.925864 seconds (3.76 G allocations: 10.920 TiB, 20.82% gc time)
2621.921716 seconds (3.76 G allocations: 10.920 TiB, 20.82% gc time)
[[2023-01-11T20:29:54.607]Completed Shot 3, state 7
2023-01-11T20:29:54.607]Completed Shot 3, state 31
2624.087775 seconds (3.76 G allocations: 10.925 TiB, 20.83% gc time)
[2023-01-11T20:29:56.775]Completed Shot 3, state 42
2625.822974 seconds (3.76 G allocations: 10.932 TiB, 20.82% gc time)
[2023-01-11T20:29:58.511]Completed Shot 3, state 47
2625.905697 seconds (3.76 G allocations: 10.932 TiB, 20.82% gc time)
[2023-01-11T20:29:58.594]Completed Shot 3, state 49
2626.178370 seconds (3.76 G allocations: 10.933 TiB, 20.82% gc time)
[2023-01-11T20:29:58.859]Completed Shot 3, state 5
2628.152470 seconds (3.76 G allocations: 10.938 TiB, 20.83% gc time)
[2023-01-11T20:30:00.838]Completed Shot 3, state 32
2628.215703 seconds (3.76 G allocations: 10.938 TiB, 20.83% gc time)
[2023-01-11T20:30:00.903]Completed Shot 3, state 43
2633.813555 seconds (3.77 G allocations: 10.954 TiB, 20.81% gc time)
[2023-01-11T20:30:06.498]Completed Shot 3, state 24
2633.829121 seconds (3.77 G allocations: 10.954 TiB, 20.81% gc time)
[2023-01-11T20:30:06.516]Completed Shot 3, state 39
2634.476121 seconds (3.77 G allocations: 10.956 TiB, 20.80% gc time)
[2023-01-11T20:30:07.157]Completed Shot 3, state 3
2638.119407 seconds (3.77 G allocations: 10.967 TiB, 20.78% gc time)
[2023-01-11T20:30:10.808]Completed Shot 3, state 50
2639.155022 seconds (3.77 G allocations: 10.970 TiB, 20.78% gc time)
[2023-01-11T20:30:11.840]Completed Shot 3, state 27
2641.038127 seconds (3.77 G allocations: 10.974 TiB, 20.78% gc time)
[2023-01-11T20:30:13.725]Completed Shot 3, state 40
2641.622204 seconds (3.78 G allocations: 10.975 TiB, 20.78% gc time)
[2023-01-11T20:30:14.305]Completed Shot 3, state 14
2643.629852 seconds (3.78 G allocations: 10.981 TiB, 20.76% gc time)
[2023-01-11T20:30:16.311]Completed Shot 3, state 6
2643.790698 seconds (3.78 G allocations: 10.981 TiB, 20.76% gc time)
[2023-01-11T20:30:16.477]Completed Shot 3, state 36
2644.683645 seconds (3.78 G allocations: 10.982 TiB, 20.77% gc time)
[2023-01-11T20:30:17.370]Completed Shot 3, state 37
2646.697877 seconds (3.78 G allocations: 10.986 TiB, 20.75% gc time)
[2023-01-11T20:30:19.378]Completed Shot 3, state 1
2649.179147 seconds (3.78 G allocations: 10.991 TiB, 20.74% gc time)
[2023-01-11T20:30:21.864]Completed Shot 3, state 26
2652.184510 seconds (3.78 G allocations: 10.997 TiB, 20.72% gc time)
[2023-01-11T20:30:24.868]Completed Shot 3, state 17
2657.312126 seconds (3.79 G allocations: 11.006 TiB, 20.69% gc time)
[2023-01-11T20:30:30]Completed Shot 3, state 48
2658.100112 seconds (3.79 G allocations: 11.007 TiB, 20.69% gc time)
[2023-01-11T20:30:30.784]Completed Shot 3, state 23
2658.949111 seconds (3.79 G allocations: 11.008 TiB, 20.68% gc time)
[2023-01-11T20:30:31.637]Completed Shot 3, state 46
2659.927917 seconds (3.79 G allocations: 11.009 TiB, 20.67% gc time)
[2023-01-11T20:30:32.609]Completed Shot 3, state 4
2662.230481 seconds (3.79 G allocations: 11.012 TiB, 20.66% gc time)
[2023-01-11T20:30:34.913]Completed Shot 3, state 15
2663.565614 seconds (3.79 G allocations: 11.014 TiB, 20.65% gc time)
[2023-01-11T20:30:36.252]Completed Shot 3, state 38
2664.182540 seconds (3.79 G allocations: 11.014 TiB, 20.65% gc time)
[2023-01-11T20:30:36.864]Completed Shot 3, state 9
2667.527269 seconds (3.79 G allocations: 11.016 TiB, 20.63% gc time)
[2023-01-11T20:30:40.211]Completed Shot 3, state 21
2670.536178 seconds (3.79 G allocations: 11.018 TiB, 20.61% gc time)
[2023-01-11T20:30:43.221]Completed Shot 3, state 28
2684.450634 seconds (3.79 G allocations: 11.023 TiB, 20.51% gc time)
[2023-01-11T20:30:57.138]Completed Shot 3, state 45
2689.896053 seconds (3.79 G allocations: 11.023 TiB, 20.47% gc time)
[2023-01-11T20:31:02.578]Completed Shot 3, state 11
2554.325277 seconds (3.66 G allocations: 10.689 TiB, 20.47% gc time)
[2023-01-11T21:13:36.916]Completed Shot 4, state 44
2561.989337 seconds (3.67 G allocations: 10.720 TiB, 20.46% gc time)
[2023-01-11T21:13:44.574]Completed Shot 4, state 21
2563.375374 seconds (3.67 G allocations: 10.728 TiB, 20.45% gc time)
[2023-01-11T21:13:45.961]Completed Shot 4, state 25
2565.889027 seconds (3.68 G allocations: 10.740 TiB, 20.43% gc time)
[2023-01-11T21:13:48.472]Completed Shot 4, state 10
2568.052331 seconds (3.68 G allocations: 10.743 TiB, 20.48% gc time)
[2023-01-11T21:13:50.634]Completed Shot 4, state 4
2570.171159 seconds (3.68 G allocations: 10.753 TiB, 20.46% gc time)
[2023-01-11T21:13:52.754]Completed Shot 4, state 11
2573.718392 seconds (3.69 G allocations: 10.771 TiB, 20.43% gc time)
[2023-01-11T21:13:56.300]Completed Shot 4, state 5
2573.845836 seconds (3.69 G allocations: 10.772 TiB, 20.43% gc time)
[2023-01-11T21:13:56.434]Completed Shot 4, state 42
2574.155543 seconds (3.69 G allocations: 10.773 TiB, 20.43% gc time)
[2023-01-11T21:13:56.743]Completed Shot 4, state 36
2581.282109 seconds (3.70 G allocations: 10.798 TiB, 20.45% gc time)
[2023-01-11T21:14:03.868]Completed Shot 4, state 30
2581.972385 seconds (3.70 G allocations: 10.801 TiB, 20.44% gc time)
[2023-01-11T21:14:04.560]Completed Shot 4, state 39
2585.233495 seconds (3.70 G allocations: 10.808 TiB, 20.48% gc time)
[2023-01-11T21:14:07.823]Completed Shot 4, state 46
2587.120612 seconds (3.71 G allocations: 10.817 TiB, 20.47% gc time)
[2023-01-11T21:14:09.710]Completed Shot 4, state 48
2591.088033 seconds (3.71 G allocations: 10.835 TiB, 20.44% gc time)
[2023-01-11T21:14:13.673]Completed Shot 4, state 20
2594.944807 seconds (3.72 G allocations: 10.846 TiB, 20.46% gc time)
[2023-01-11T21:14:17.528]Completed Shot 4, state 12
2597.567433 seconds (3.72 G allocations: 10.857 TiB, 20.44% gc time)
[2023-01-11T21:14:20.152]Completed Shot 4, state 22
2598.103336 seconds (3.72 G allocations: 10.859 TiB, 20.44% gc time)
[2023-01-11T21:14:20.690]Completed Shot 4, state 32
2598.812260 seconds (3.72 G allocations: 10.862 TiB, 20.43% gc time)
[2023-01-11T21:14:21.401]Completed Shot 4, state 43
2601.176132 seconds (3.72 G allocations: 10.866 TiB, 20.47% gc time)
[2023-01-11T21:14:23.759]Completed Shot 4, state 8
2601.312579 seconds (3.72 G allocations: 10.867 TiB, 20.47% gc time)
[2023-01-11T21:14:23.900]Completed Shot 4, state 38
2601.990238 seconds (3.72 G allocations: 10.869 TiB, 20.46% gc time)
[2023-01-11T21:14:24.573]Completed Shot 4, state 9
2604.254674 seconds (3.73 G allocations: 10.878 TiB, 20.44% gc time)
[2023-01-11T21:14:26.839]Completed Shot 4, state 18
2604.276173 seconds (3.73 G allocations: 10.878 TiB, 20.44% gc time)
[2023-01-11T21:14:26.865]Completed Shot 4, state 47
2608.883609 seconds (3.73 G allocations: 10.890 TiB, 20.45% gc time)
[2023-01-11T21:14:31.473]Completed Shot 4, state 50
2611.809085 seconds (3.74 G allocations: 10.901 TiB, 20.43% gc time)
[2023-01-11T21:14:34.392]Completed Shot 4, state 13
2612.518427 seconds (3.74 G allocations: 10.904 TiB, 20.43% gc time)
[2023-01-11T21:14:35.102]Completed Shot 4, state 16
2617.175416 seconds (3.74 G allocations: 10.916 TiB, 20.43% gc time)
[2023-01-11T21:14:39.765]Completed Shot 4, state 49
2617.918565 seconds (3.74 G allocations: 10.918 TiB, 20.42% gc time)
[2023-01-11T21:14:40.502]Completed Shot 4, state 15
2617.995030 seconds (3.74 G allocations: 10.918 TiB, 20.42% gc time)
[2023-01-11T21:14:40.584]Completed Shot 4, state 45
2623.516300 seconds (3.75 G allocations: 10.934 TiB, 20.40% gc time)
[2023-01-11T21:14:46.101]Completed Shot 4, state 19
2623.950188 seconds (3.75 G allocations: 10.935 TiB, 20.39% gc time)
[2023-01-11T21:14:46.532]Completed Shot 4, state 7
2625.634140 seconds (3.75 G allocations: 10.940 TiB, 20.38% gc time)
[2023-01-11T21:14:48.216]Completed Shot 4, state 3
2627.312077 seconds (3.75 G allocations: 10.943 TiB, 20.38% gc time)
[2023-01-11T21:14:49.898]Completed Shot 4, state 31
2632.326978 seconds (3.75 G allocations: 10.955 TiB, 20.37% gc time)
[2023-01-11T21:14:54.914]Completed Shot 4, state 35
2633.539573 seconds (3.76 G allocations: 10.958 TiB, 20.36% gc time)
[2023-01-11T21:14:56.125]Completed Shot 4, state 23
2636.951370 seconds (3.76 G allocations: 10.966 TiB, 20.34% gc time)
[2023-01-11T21:14:59.537]Completed Shot 4, state 29
2637.381542 seconds (3.76 G allocations: 10.967 TiB, 20.34% gc time)
[2023-01-11T21:14:59.962]Completed Shot 4, state 1
2638.830386 seconds (3.76 G allocations: 10.970 TiB, 20.33% gc time)
[2023-01-11T21:15:01.414]Completed Shot 4, state 17
2639.348296 seconds (3.76 G allocations: 10.971 TiB, 20.32% gc time)
[2023-01-11T21:15:01.935]Completed Shot 4, state 34
2640.567657 seconds (3.76 G allocations: 10.973 TiB, 20.32% gc time)
[2023-01-11T21:15:03.153]Completed Shot 4, state 27
2642.085288 seconds (3.76 G allocations: 10.975 TiB, 20.32% gc time)
[2023-01-11T21:15:04.667]Completed Shot 4, state 2
2642.219500 seconds (3.76 G allocations: 10.975 TiB, 20.32% gc time)
[2023-01-11T21:15:04.801]Completed Shot 4, state 6
2643.350075 seconds (3.76 G allocations: 10.977 TiB, 20.31% gc time)
[2023-01-11T21:15:05.938]Completed Shot 4, state 40
2645.422226 seconds (3.76 G allocations: 10.979 TiB, 20.29% gc time)
[2023-01-11T21:15:08.008]Completed Shot 4, state 26
2652.822525 seconds (3.77 G allocations: 10.987 TiB, 20.25% gc time)
[2023-01-11T21:15:15.409]Completed Shot 4, state 33
2653.726344 seconds (3.77 G allocations: 10.988 TiB, 20.24% gc time)
[2023-01-11T21:15:16.314]Completed Shot 4, state 41
2656.039265 seconds (3.77 G allocations: 10.990 TiB, 20.23% gc time)
[2023-01-11T21:15:18.625]Completed Shot 4, state 28
2657.255303 seconds (3.77 G allocations: 10.990 TiB, 20.22% gc time)
[2023-01-11T21:15:19.841]Completed Shot 4, state 24
2657.938133 seconds (3.77 G allocations: 10.991 TiB, 20.21% gc time)
[2023-01-11T21:15:20.522]Completed Shot 4, state 14
2664.472572 seconds (3.77 G allocations: 10.991 TiB, 20.16% gc time)
[2023-01-11T21:15:27.060]Completed Shot 4, state 37
2617.547392 seconds (3.71 G allocations: 10.756 TiB, 22.25% gc time)
[2023-01-11T21:59:04.611]Completed Shot 5, state 19
2637.940054 seconds (3.74 G allocations: 10.846 TiB, 22.22% gc time)
[2023-01-11T21:59:25.003]Completed Shot 5, state 32
2637.980282 seconds (3.74 G allocations: 10.846 TiB, 22.22% gc time)
[2023-01-11T21:59:25.043]Completed Shot 5, state 3
2639.187950 seconds (3.74 G allocations: 10.852 TiB, 22.21% gc time)
[2023-01-11T21:59:26.251]Completed Shot 5, state 31
2651.902857 seconds (3.76 G allocations: 10.904 TiB, 22.21% gc time)
[2023-01-11T21:59:38.966]Completed Shot 5, state 12
2655.122425 seconds (3.76 G allocations: 10.920 TiB, 22.18% gc time)
[2023-01-11T21:59:42.186]Completed Shot 5, state 16
2658.452582 seconds (3.77 G allocations: 10.928 TiB, 22.22% gc time)
[2023-01-11T21:59:45.516]Completed Shot 5, state 6
2658.498930 seconds (3.77 G allocations: 10.929 TiB, 22.22% gc time)
[2023-01-11T21:59:45.562]Completed Shot 5, state 25
2659.375419 seconds (3.77 G allocations: 10.933 TiB, 22.21% gc time)
[2023-01-11T21:59:46.439]Completed Shot 5, state 34
2659.602283 seconds (3.77 G allocations: 10.934 TiB, 22.21% gc time)
[2023-01-11T21:59:46.665]Completed Shot 5, state 35
2660.625727 seconds (3.77 G allocations: 10.939 TiB, 22.20% gc time)
[2023-01-11T21:59:47.689]Completed Shot 5, state 44
2661.581396 seconds (3.77 G allocations: 10.944 TiB, 22.19% gc time)
[2023-01-11T21:59:48.645]Completed Shot 5, state 37
2665.202542 seconds (3.78 G allocations: 10.953 TiB, 22.22% gc time)
[2023-01-11T21:59:52.265]Completed Shot 5, state 2
2667.537233 seconds (3.78 G allocations: 10.964 TiB, 22.20% gc time)
[2023-01-11T21:59:54.600]Completed Shot 5, state 33
2668.171154 seconds (3.78 G allocations: 10.967 TiB, 22.19% gc time)
[2023-01-11T21:59:55.234]Completed Shot 5, state 13
2668.425740 seconds (3.78 G allocations: 10.968 TiB, 22.19% gc time)
[2023-01-11T21:59:55.489]Completed Shot 5, state 45
2668.845348 seconds (3.78 G allocations: 10.970 TiB, 22.19% gc time)
[2023-01-11T21:59:55.908]Completed Shot 5, state 27
2670.592889 seconds (3.78 G allocations: 10.978 TiB, 22.17% gc time)
[2023-01-11T21:59:57.656]Completed Shot 5, state 47
2672.740523 seconds (3.79 G allocations: 10.981 TiB, 22.21% gc time)
[2023-01-11T21:59:59.804]Completed Shot 5, state 49
2673.938696 seconds (3.79 G allocations: 10.986 TiB, 22.20% gc time)
[2023-01-11T22:00:01.002]Completed Shot 5, state 17
2676.742097 seconds (3.79 G allocations: 10.997 TiB, 22.18% gc time)
[2023-01-11T22:00:03.805]Completed Shot 5, state 39
2679.230813 seconds (3.79 G allocations: 11.004 TiB, 22.18% gc time)
[2023-01-11T22:00:06.294]Completed Shot 5, state 42
2680.358817 seconds (3.80 G allocations: 11.008 TiB, 22.17% gc time)
[2023-01-11T22:00:07.422]Completed Shot 5, state 24
2681.258791 seconds (3.80 G allocations: 11.012 TiB, 22.16% gc time)
[2023-01-11T22:00:08.322]Completed Shot 5, state 36
2681.307664 seconds (3.80 G allocations: 11.012 TiB, 22.16% gc time)
[2023-01-11T22:00:08.371]Completed Shot 5, state 29
2681.337454 seconds (3.80 G allocations: 11.012 TiB, 22.16% gc time)
[2023-01-11T22:00:08.400]Completed Shot 5, state 15
2682.347472 seconds (3.80 G allocations: 11.016 TiB, 22.15% gc time)
[2023-01-11T22:00:09.410]Completed Shot 5, state 22
2684.898238 seconds (3.80 G allocations: 11.022 TiB, 22.15% gc time)
[2023-01-11T22:00:11.962]Completed Shot 5, state 43
2685.826582 seconds (3.80 G allocations: 11.025 TiB, 22.14% gc time)
[2023-01-11T22:00:12.890]Completed Shot 5, state 40
2686.924117 seconds (3.80 G allocations: 11.029 TiB, 22.13% gc time)
[2023-01-11T22:00:13.987]Completed Shot 5, state 28
2693.841306 seconds (3.81 G allocations: 11.047 TiB, 22.11% gc time)
[2023-01-11T22:00:20.904]Completed Shot 5, state 14
2695.408759 seconds (3.81 G allocations: 11.050 TiB, 22.12% gc time)
[2023-01-11T22:00:22.472]Completed Shot 5, state 38
2697.146935 seconds (3.81 G allocations: 11.054 TiB, 22.11% gc time)
[2023-01-11T22:00:24.210]Completed Shot 5, state 8
2697.262602 seconds (3.81 G allocations: 11.055 TiB, 22.11% gc time)
[2023-01-11T22:00:24.326]Completed Shot 5, state 26
2698.751724 seconds (3.81 G allocations: 11.058 TiB, 22.09% gc time)
[2023-01-11T22:00:25.815]Completed Shot 5, state 21
2700.638769 seconds (3.81 G allocations: 11.062 TiB, 22.09% gc time)
[2023-01-11T22:00:27.702]Completed Shot 5, state 30
2701.342293 seconds (3.82 G allocations: 11.064 TiB, 22.08% gc time)
[2023-01-11T22:00:28.405]Completed Shot 5, state 23
2703.119991 seconds (3.82 G allocations: 11.068 TiB, 22.07% gc time)
[2023-01-11T22:00:30.183]Completed Shot 5, state 11
2703.142915 seconds (3.82 G allocations: 11.068 TiB, 22.07% gc time)
[2023-01-11T22:00:30.206]Completed Shot 5, state 4
2709.977096 seconds (3.82 G allocations: 11.079 TiB, 22.04% gc time)
[2023-01-11T22:00:37.040]Completed Shot 5, state 46
2710.508097 seconds (3.82 G allocations: 11.080 TiB, 22.03% gc time)
[2023-01-11T22:00:37.571]Completed Shot 5, state 7
2711.095130 seconds (3.82 G allocations: 11.081 TiB, 22.03% gc time)
[2023-01-11T22:00:38.158]Completed Shot 5, state 50
2711.122440 seconds (3.82 G allocations: 11.081 TiB, 22.03% gc time)
[2023-01-11T22:00:38.185]Completed Shot 5, state 9
2711.430472 seconds (3.82 G allocations: 11.081 TiB, 22.02% gc time)
[2023-01-11T22:00:38.493]Completed Shot 5, state 18
2714.646503 seconds (3.82 G allocations: 11.085 TiB, 22.00% gc time)
[2023-01-11T22:00:41.709]Completed Shot 5, state 20
  Activating project at `/lustre/work/ws/ws1/hd_ku269-light_cones/WorkingFolder`
2714.932622 seconds (3.82 G allocations: 11.085 TiB, 22.00% gc time)
[2023-01-11T22:00:41.999]Completed Shot 5, state 10
2715.524278 seconds (3.82 G allocations: 11.085 TiB, 22.00% gc time)
[2023-01-11T22:00:42.587]Completed Shot 5, state 5
2719.805645 seconds (3.82 G allocations: 11.088 TiB, 21.96% gc time)
[2023-01-11T22:00:46.868]Completed Shot 5, state 1
2723.711113 seconds (3.82 G allocations: 11.089 TiB, 21.93% gc time)
[2023-01-11T22:00:50.774]Completed Shot 5, state 41
2733.171554 seconds (3.82 G allocations: 11.090 TiB, 21.86% gc time)
[2023-01-11T22:01:00.235]Completed Shot 5, state 48
2532.738403 seconds (3.66 G allocations: 10.638 TiB, 21.17% gc time)
[2023-01-11T22:43:12.984]Completed Shot 6, state 48
2567.799142 seconds (3.71 G allocations: 10.784 TiB, 21.17% gc time)
[2023-01-11T22:43:48.038]Completed Shot 6, state 6
2567.964157 seconds (3.71 G allocations: 10.785 TiB, 21.17% gc time)
[2023-01-11T22:43:48.203]Completed Shot 6, state 5
2570.830877 seconds (3.72 G allocations: 10.800 TiB, 21.15% gc time)
[2023-01-11T22:43:51.072]Completed Shot 6, state 17
2574.806999 seconds (3.72 G allocations: 10.807 TiB, 21.22% gc time)
[2023-01-11T22:43:55.051]Completed Shot 6, state 41
2578.232130 seconds (3.73 G allocations: 10.825 TiB, 21.19% gc time)
[2023-01-11T22:43:58.477]Completed Shot 6, state 42
2580.606408 seconds (3.73 G allocations: 10.837 TiB, 21.17% gc time)
[2023-01-11T22:44:00.845]Completed Shot 6, state 1
2581.316514 seconds (3.73 G allocations: 10.840 TiB, 21.16% gc time)
[2023-01-11T22:44:01.556]Completed Shot 6, state 9
2581.323690 seconds (3.73 G allocations: 10.840 TiB, 21.16% gc time)
[2023-01-11T22:44:01.563]Completed Shot 6, state 8
2581.609380 seconds (3.73 G allocations: 10.841 TiB, 21.16% gc time)
[2023-01-11T22:44:01.853]Completed Shot 6, state 38
2588.517299 seconds (3.74 G allocations: 10.864 TiB, 21.19% gc time)
[2023-01-11T22:44:08.760]Completed Shot 6, state 31
2588.854527 seconds (3.74 G allocations: 10.866 TiB, 21.18% gc time)
[2023-01-11T22:44:09.094]Completed Shot 6, state 7
2589.757810 seconds (3.74 G allocations: 10.870 TiB, 21.18% gc time)
[2023-01-11T22:44:10.001]Completed Shot 6, state 34
2597.574964 seconds (3.75 G allocations: 10.898 TiB, 21.18% gc time)
[2023-01-11T22:44:17.816]Completed Shot 6, state 21
2599.732524 seconds (3.76 G allocations: 10.908 TiB, 21.17% gc time)
[2023-01-11T22:44:19.972]Completed Shot 6, state 11
2603.841969 seconds (3.76 G allocations: 10.916 TiB, 21.21% gc time)
[2023-01-11T22:44:24.084]Completed Shot 6, state 24
2605.319064 seconds (3.76 G allocations: 10.923 TiB, 21.20% gc time)
[2023-01-11T22:44:25.559]Completed Shot 6, state 13
2609.708459 seconds (3.77 G allocations: 10.942 TiB, 21.17% gc time)
[2023-01-11T22:44:29.952]Completed Shot 6, state 33
2609.846614 seconds (3.77 G allocations: 10.942 TiB, 21.17% gc time)
[2023-01-11T22:44:30.089]Completed Shot 6, state 29
2609.984327 seconds (3.77 G allocations: 10.943 TiB, 21.16% gc time)
[2023-01-11T22:44:30.225]Completed Shot 6, state 16
2614.154031 seconds (3.77 G allocations: 10.953 TiB, 21.20% gc time)
[2023-01-11T22:44:34.399]Completed Shot 6, state 49
2614.221860 seconds (3.77 G allocations: 10.953 TiB, 21.20% gc time)
[2023-01-11T22:44:34.466]Completed Shot 6, state 40
2614.796505 seconds (3.77 G allocations: 10.955 TiB, 21.19% gc time)
[2023-01-11T22:44:35.036]Completed Shot 6, state 10
2616.353382 seconds (3.78 G allocations: 10.961 TiB, 21.18% gc time)
[2023-01-11T22:44:36.598]Completed Shot 6, state 47
2616.774142 seconds (3.78 G allocations: 10.962 TiB, 21.17% gc time)
[2023-01-11T22:44:37.015]Completed Shot 6, state 20
2621.287050 seconds (3.78 G allocations: 10.974 TiB, 21.19% gc time)
[2023-01-11T22:44:41.529]Completed Shot 6, state 27
2630.368702 seconds (3.79 G allocations: 11.000 TiB, 21.17% gc time)
[2023-01-11T22:44:50.613]Completed Shot 6, state 43
2631.763871 seconds (3.79 G allocations: 11.004 TiB, 21.16% gc time)
[2023-01-11T22:44:52.009]Completed Shot 6, state 44
2632.169618 seconds (3.79 G allocations: 11.006 TiB, 21.15% gc time)
[2023-01-11T22:44:52.410]Completed Shot 6, state 14
2634.429864 seconds (3.79 G allocations: 11.012 TiB, 21.13% gc time)
[2023-01-11T22:44:54.672]Completed Shot 6, state 28
2634.583778 seconds (3.79 G allocations: 11.013 TiB, 21.13% gc time)
[2023-01-11T22:44:54.827]Completed Shot 6, state 35
2634.679232 seconds (3.79 G allocations: 11.013 TiB, 21.13% gc time)
[2023-01-11T22:44:54.921]Completed Shot 6, state 23
2635.602434 seconds (3.79 G allocations: 11.014 TiB, 21.14% gc time)
[2023-01-11T22:44:55.844]Completed Shot 6, state 19
2636.831224 seconds (3.80 G allocations: 11.017 TiB, 21.13% gc time)
[2023-01-11T22:44:57.073]Completed Shot 6, state 22
2639.052772 seconds (3.80 G allocations: 11.023 TiB, 21.12% gc time)
[2023-01-11T22:44:59.293]Completed Shot 6, state 15
2640.045601 seconds (3.80 G allocations: 11.025 TiB, 21.11% gc time)
[2023-01-11T22:45:00.290]Completed Shot 6, state 45
2640.907696 seconds (3.80 G allocations: 11.027 TiB, 21.10% gc time)
[2023-01-11T22:45:01.146]Completed Shot 6, state 3
2642.588206 seconds (3.80 G allocations: 11.030 TiB, 21.10% gc time)
[2023-01-11T22:45:02.828]Completed Shot 6, state 12
2643.835654 seconds (3.80 G allocations: 11.032 TiB, 21.09% gc time)
[2023-01-11T22:45:04.080]Completed Shot 6, state 39
2646.743783 seconds (3.80 G allocations: 11.037 TiB, 21.07% gc time)
[2023-01-11T22:45:06.989]Completed Shot 6, state 46
2646.749968 seconds (3.80 G allocations: 11.037 TiB, 21.07% gc time)
[2023-01-11T22:45:06.994]Completed Shot 6, state 37
2648.882699 seconds (3.80 G allocations: 11.040 TiB, 21.06% gc time)
[2023-01-11T22:45:09.126]Completed Shot 6, state 36
2651.760030 seconds (3.81 G allocations: 11.044 TiB, 21.04% gc time)
[2023-01-11T22:45:12.003]Completed Shot 6, state 30
2651.979132 seconds (3.81 G allocations: 11.044 TiB, 21.04% gc time)
[2023-01-11T22:45:12.217]Completed Shot 6, state 2
2654.540192 seconds (3.81 G allocations: 11.046 TiB, 21.03% gc time)
[2023-01-11T22:45:14.779]Completed Shot 6, state 4
2655.434538 seconds (3.81 G allocations: 11.047 TiB, 21.02% gc time)
[2023-01-11T22:45:15.677]Completed Shot 6, state 25
2660.227173 seconds (3.81 G allocations: 11.051 TiB, 20.99% gc time)
[2023-01-11T22:45:20.469]Completed Shot 6, state 26
2665.290091 seconds (3.81 G allocations: 11.053 TiB, 20.95% gc time)
[2023-01-11T22:45:25.533]Completed Shot 6, state 32
2668.820551 seconds (3.81 G allocations: 11.054 TiB, 20.92% gc time)
[2023-01-11T22:45:29.061]Completed Shot 6, state 18
2807.782265 seconds (3.81 G allocations: 11.065 TiB, 19.90% gc time)
[2023-01-11T22:47:48.028]Completed Shot 6, state 50
2552.620177 seconds (3.62 G allocations: 10.520 TiB, 21.23% gc time)
[2023-01-11T23:30:20.655]Completed Shot 7, state 28
2578.165883 seconds (3.66 G allocations: 10.624 TiB, 21.22% gc time)
[2023-01-11T23:30:46.203]Completed Shot 7, state 46
2591.515367 seconds (3.67 G allocations: 10.675 TiB, 21.23% gc time)
[2023-01-11T23:30:59.552]Completed Shot 7, state 49
2594.054300 seconds (3.68 G allocations: 10.687 TiB, 21.21% gc time)
[2023-01-11T23:31:02.087]Completed Shot 7, state 16
2600.455523 seconds (3.69 G allocations: 10.707 TiB, 21.24% gc time)
[2023-01-11T23:31:08.486]Completed Shot 7, state 6
2603.735640 seconds (3.69 G allocations: 10.723 TiB, 21.21% gc time)
[2023-01-11T23:31:11.769]Completed Shot 7, state 19
2611.704535 seconds (3.70 G allocations: 10.754 TiB, 21.21% gc time)
[2023-01-11T23:31:19.741]Completed Shot 7, state 44
2612.652799 seconds (3.70 G allocations: 10.759 TiB, 21.20% gc time)
[2023-01-11T23:31:20.687]Completed Shot 7, state 29
2617.887910 seconds (3.71 G allocations: 10.783 TiB, 21.16% gc time)
[2023-01-11T23:31:25.923]Completed Shot 7, state 33
2626.824743 seconds (3.72 G allocations: 10.814 TiB, 21.18% gc time)
[2023-01-11T23:31:34.857]Completed Shot 7, state 11
2627.634466 seconds (3.73 G allocations: 10.818 TiB, 21.17% gc time)
[2023-01-11T23:31:35.671]Completed Shot 7, state 45
2629.492326 seconds (3.73 G allocations: 10.827 TiB, 21.16% gc time)
[2023-01-11T23:31:37.526]Completed Shot 7, state 23
2629.897088 seconds (3.73 G allocations: 10.828 TiB, 21.15% gc time)
[2023-01-11T23:31:37.928]Completed Shot 7, state 7
2644.651220 seconds (3.75 G allocations: 10.876 TiB, 21.20% gc time)
[2023-01-11T23:31:52.685]Completed Shot 7, state 26
2644.874686 seconds (3.75 G allocations: 10.877 TiB, 21.20% gc time)
[2023-01-11T23:31:52.910]Completed Shot 7, state 34
2646.382583 seconds (3.75 G allocations: 10.883 TiB, 21.19% gc time)
[2023-01-11T23:31:54.417]Completed Shot 7, state 31
2648.826436 seconds (3.75 G allocations: 10.894 TiB, 21.17% gc time)
[2023-01-11T23:31:56.858]Completed Shot 7, state 12
2656.622058 seconds (3.76 G allocations: 10.919 TiB, 21.18% gc time)
[2023-01-11T23:32:04.656]Completed Shot 7, state 25
2658.736940 seconds (3.76 G allocations: 10.927 TiB, 21.16% gc time)
[2023-01-11T23:32:06.769]Completed Shot 7, state 15
2659.726812 seconds (3.77 G allocations: 10.931 TiB, 21.15% gc time)
[2023-01-11T23:32:07.761]Completed Shot 7, state 27
2660.180957 seconds (3.77 G allocations: 10.933 TiB, 21.15% gc time)
[2023-01-11T23:32:08.212]Completed Shot 7, state 9
2664.906474 seconds (3.77 G allocations: 10.944 TiB, 21.18% gc time)
[2023-01-11T23:32:12.937]Completed Shot 7, state 4
2666.968626 seconds (3.77 G allocations: 10.952 TiB, 21.16% gc time)
[2023-01-11T23:32:15.006]Completed Shot 7, state 47
2669.742307 seconds (3.78 G allocations: 10.962 TiB, 21.14% gc time)
[2023-01-11T23:32:17.778]Completed Shot 7, state 39
2670.153137 seconds (3.78 G allocations: 10.963 TiB, 21.14% gc time)
[2023-01-11T23:32:18.183]Completed Shot 7, state 2
2670.694022 seconds (3.78 G allocations: 10.965 TiB, 21.13% gc time)
[2023-01-11T23:32:18.729]Completed Shot 7, state 32
2671.293227 seconds (3.78 G allocations: 10.967 TiB, 21.13% gc time)
[2023-01-11T23:32:19.326]Completed Shot 7, state 14
2677.708970 seconds (3.78 G allocations: 10.983 TiB, 21.13% gc time)
[2023-01-11T23:32:25.742]Completed Shot 7, state 21
2678.171298 seconds (3.78 G allocations: 10.985 TiB, 21.13% gc time)
[2023-01-11T23:32:26.207]Completed Shot 7, state 37
2678.651761 seconds (3.78 G allocations: 10.986 TiB, 21.12% gc time)
[2023-01-11T23:32:26.687]Completed Shot 7, state 36
2679.701718 seconds (3.79 G allocations: 10.990 TiB, 21.12% gc time)
[2023-01-11T23:32:27.737]Completed Shot 7, state 35
2682.953445 seconds (3.79 G allocations: 10.995 TiB, 21.14% gc time)
[2023-01-11T23:32:30.987]Completed Shot 7, state 17
2687.387760 seconds (3.79 G allocations: 11.007 TiB, 21.10% gc time)
[2023-01-11T23:32:35.422]Completed Shot 7, state 30
2690.089994 seconds (3.79 G allocations: 11.013 TiB, 21.10% gc time)
[2023-01-11T23:32:38.120]Completed Shot 7, state 5
2690.425258 seconds (3.79 G allocations: 11.014 TiB, 21.10% gc time)
[2023-01-11T23:32:38.461]Completed Shot 7, state 43
2691.905426 seconds (3.80 G allocations: 11.017 TiB, 21.09% gc time)
[2023-01-11T23:32:39.939]Completed Shot 7, state 22
2694.268331 seconds (3.80 G allocations: 11.023 TiB, 21.07% gc time)
[2023-01-11T23:32:42.304]Completed Shot 7, state 42
2695.811152 seconds (3.80 G allocations: 11.026 TiB, 21.06% gc time)
[2023-01-11T23:32:43.842]Completed Shot 7, state 8
2696.119423 seconds (3.80 G allocations: 11.027 TiB, 21.05% gc time)
[2023-01-11T23:32:44.156]Completed Shot 7, state 48
2697.647070 seconds (3.80 G allocations: 11.029 TiB, 21.05% gc time)
[2023-01-11T23:32:45.679]Completed Shot 7, state 10
2699.558006 seconds (3.80 G allocations: 11.032 TiB, 21.04% gc time)
[2023-01-11T23:32:47.587]Completed Shot 7, state 1
2700.312408 seconds (3.80 G allocations: 11.033 TiB, 21.03% gc time)
[2023-01-11T23:32:48.345]Completed Shot 7, state 18
2702.838988 seconds (3.80 G allocations: 11.037 TiB, 21.01% gc time)
[2023-01-11T23:32:50.873]Completed Shot 7, state 24
2706.846896 seconds (3.80 G allocations: 11.041 TiB, 20.99% gc time)
[2023-01-11T23:32:54.883]Completed Shot 7, state 41
2708.014493 seconds (3.80 G allocations: 11.042 TiB, 20.98% gc time)
[2023-01-11T23:32:56.047]Completed Shot 7, state 13
2708.417100 seconds (3.80 G allocations: 11.043 TiB, 20.98% gc time)
[2023-01-11T23:32:56.447]Completed Shot 7, state 3
2709.383319 seconds (3.80 G allocations: 11.043 TiB, 20.97% gc time)
[2023-01-11T23:32:57.419]Completed Shot 7, state 38
2725.324014 seconds (3.81 G allocations: 11.051 TiB, 20.87% gc time)
[2023-01-11T23:33:13.361]Completed Shot 7, state 50
2731.926580 seconds (3.81 G allocations: 11.053 TiB, 20.82% gc time)
[2023-01-11T23:33:19.960]Completed Shot 7, state 20
2803.658375 seconds (3.81 G allocations: 11.058 TiB, 20.30% gc time)
[2023-01-11T23:34:31.694]Completed Shot 7, state 40
2621.849093 seconds (3.61 G allocations: 10.522 TiB, 20.71% gc time)
[2023-01-12T00:18:13.552]Completed Shot 8, state 33
2643.549655 seconds (3.65 G allocations: 10.616 TiB, 20.66% gc time)
[2023-01-12T00:18:35.252]Completed Shot 8, state 31
2649.697374 seconds (3.65 G allocations: 10.630 TiB, 20.73% gc time)
[2023-01-12T00:18:41.397]Completed Shot 8, state 13
2650.744190 seconds (3.65 G allocations: 10.636 TiB, 20.73% gc time)
[2023-01-12T00:18:42.445]Completed Shot 8, state 18
2669.213999 seconds (3.68 G allocations: 10.708 TiB, 20.74% gc time)
[2023-01-12T00:19:00.918]Completed Shot 8, state 43
2669.434841 seconds (3.68 G allocations: 10.709 TiB, 20.74% gc time)
[2023-01-12T00:19:01.139]Completed Shot 8, state 41
2669.884917 seconds (3.68 G allocations: 10.711 TiB, 20.73% gc time)
[2023-01-12T00:19:01.583]Completed Shot 8, state 2
2678.333121 seconds (3.69 G allocations: 10.739 TiB, 20.77% gc time)
[2023-01-12T00:19:10.033]Completed Shot 8, state 10
2679.792798 seconds (3.69 G allocations: 10.747 TiB, 20.76% gc time)
[2023-01-12T00:19:11.497]Completed Shot 8, state 40
2698.105276 seconds (3.72 G allocations: 10.822 TiB, 20.72% gc time)
[2023-01-12T00:19:29.810]Completed Shot 8, state 46
2705.314123 seconds (3.73 G allocations: 10.844 TiB, 20.76% gc time)
[2023-01-12T00:19:37.019]Completed Shot 8, state 47
2707.091125 seconds (3.73 G allocations: 10.853 TiB, 20.75% gc time)
[2023-01-12T00:19:38.796]Completed Shot 8, state 50
2710.371489 seconds (3.74 G allocations: 10.868 TiB, 20.72% gc time)
[2023-01-12T00:19:42.071]Completed Shot 8, state 8
2711.156399 seconds (3.74 G allocations: 10.871 TiB, 20.72% gc time)
[2023-01-12T00:19:42.859]Completed Shot 8, state 28
2713.568230 seconds (3.74 G allocations: 10.882 TiB, 20.70% gc time)
[2023-01-12T00:19:45.272]Completed Shot 8, state 42
2716.729234 seconds (3.74 G allocations: 10.885 TiB, 20.76% gc time)
[2023-01-12T00:19:48.433]Completed Shot 8, state 36
2718.507607 seconds (3.74 G allocations: 10.893 TiB, 20.75% gc time)
[2023-01-12T00:19:50.211]Completed Shot 8, state 34
2718.828241 seconds (3.74 G allocations: 10.894 TiB, 20.75% gc time)
[2023-01-12T00:19:50.532]Completed Shot 8, state 38
2719.101192 seconds (3.75 G allocations: 10.895 TiB, 20.74% gc time)
[2023-01-12T00:19:50.803]Completed Shot 8, state 27
2721.414792 seconds (3.75 G allocations: 10.905 TiB, 20.73% gc time)
[2023-01-12T00:19:53.117]Completed Shot 8, state 26
2723.466521 seconds (3.75 G allocations: 10.913 TiB, 20.71% gc time)
[2023-01-12T00:19:55.168]Completed Shot 8, state 25
2724.435122 seconds (3.75 G allocations: 10.917 TiB, 20.70% gc time)
[2023-01-12T00:19:56.135]Completed Shot 8, state 15
2729.503617 seconds (3.76 G allocations: 10.928 TiB, 20.74% gc time)
[2023-01-12T00:20:01.205]Completed Shot 8, state 24
2729.960485 seconds (3.76 G allocations: 10.929 TiB, 20.73% gc time)
[2023-01-12T00:20:01.665]Completed Shot 8, state 44
2730.377446 seconds (3.76 G allocations: 10.931 TiB, 20.73% gc time)
[2023-01-12T00:20:02.078]Completed Shot 8, state 14
2732.767231 seconds (3.76 G allocations: 10.939 TiB, 20.71% gc time)
[2023-01-12T00:20:04.468]Completed Shot 8, state 20
2733.586795 seconds (3.76 G allocations: 10.942 TiB, 20.71% gc time)
[2023-01-12T00:20:05.288]Completed Shot 8, state 22
2733.730342 seconds (3.76 G allocations: 10.942 TiB, 20.71% gc time)
[2023-01-12T00:20:05.434]Completed Shot 8, state 35
2739.518866 seconds (3.77 G allocations: 10.957 TiB, 20.69% gc time)
[2023-01-12T00:20:11.219]Completed Shot 8, state 16
2739.558903 seconds (3.77 G allocations: 10.957 TiB, 20.69% gc time)
[2023-01-12T00:20:11.259]Completed Shot 8, state 17
2741.121726 seconds (3.77 G allocations: 10.962 TiB, 20.68% gc time)
[2023-01-12T00:20:12.825]Completed Shot 8, state 37
2741.286640 seconds (3.77 G allocations: 10.962 TiB, 20.68% gc time)
[2023-01-12T00:20:12.991]Completed Shot 8, state 45
2742.256674 seconds (3.77 G allocations: 10.965 TiB, 20.67% gc time)
[2023-01-12T00:20:13.958]Completed Shot 8, state 21
2743.761719 seconds (3.77 G allocations: 10.969 TiB, 20.66% gc time)
[2023-01-12T00:20:15.465]Completed Shot 8, state 39
2743.897940 seconds (3.77 G allocations: 10.969 TiB, 20.66% gc time)
[2023-01-12T00:20:15.600]Completed Shot 8, state 30
2746.878890 seconds (3.77 G allocations: 10.974 TiB, 20.67% gc time)
[2023-01-12T00:20:18.577]Completed Shot 8, state 4
2747.193015 seconds (3.77 G allocations: 10.975 TiB, 20.66% gc time)
[2023-01-12T00:20:18.893]Completed Shot 8, state 12
2756.195148 seconds (3.78 G allocations: 10.992 TiB, 20.63% gc time)
[2023-01-12T00:20:27.894]Completed Shot 8, state 6
2756.942527 seconds (3.78 G allocations: 10.993 TiB, 20.62% gc time)
[2023-01-12T00:20:28.642]Completed Shot 8, state 11
2759.355857 seconds (3.78 G allocations: 10.997 TiB, 20.60% gc time)
2759.348878 seconds (3.78 G allocations: 10.997 TiB, 20.60% gc time)
[[2023-01-12T00:20:31.054]Completed Shot 8, state 3
2023-01-12T00:20:31.054]Completed Shot 8, state 49
2759.702183 seconds (3.78 G allocations: 10.998 TiB, 20.60% gc time)
[2023-01-12T00:20:31.407]Completed Shot 8, state 48
2763.734432 seconds (3.78 G allocations: 11.003 TiB, 20.58% gc time)
[2023-01-12T00:20:35.435]Completed Shot 8, state 19
2763.829900 seconds (3.78 G allocations: 11.003 TiB, 20.58% gc time)
[2023-01-12T00:20:35.531]Completed Shot 8, state 23
2771.036786 seconds (3.79 G allocations: 11.010 TiB, 20.53% gc time)
[2023-01-12T00:20:42.740]Completed Shot 8, state 32
2772.278484 seconds (3.79 G allocations: 11.011 TiB, 20.52% gc time)
[2023-01-12T00:20:43.977]Completed Shot 8, state 7
2772.639985 seconds (3.79 G allocations: 11.012 TiB, 20.52% gc time)
[2023-01-12T00:20:44.339]Completed Shot 8, state 9
2775.227332 seconds (3.79 G allocations: 11.013 TiB, 20.50% gc time)
[2023-01-12T00:20:46.925]Completed Shot 8, state 1
2781.209514 seconds (3.79 G allocations: 11.015 TiB, 20.46% gc time)
[2023-01-12T00:20:52.912]Completed Shot 8, state 29
2785.945705 seconds (3.79 G allocations: 11.015 TiB, 20.43% gc time)
[2023-01-12T00:20:57.644]Completed Shot 8, state 5
2575.839557 seconds (3.54 G allocations: 10.421 TiB, 20.93% gc time)
[2023-01-12T01:03:53.491]Completed Shot 9, state 23
2583.320759 seconds (3.56 G allocations: 10.457 TiB, 20.87% gc time)
[2023-01-12T01:04:00.972]Completed Shot 9, state 28
2591.541897 seconds (3.57 G allocations: 10.482 TiB, 20.92% gc time)
[2023-01-12T01:04:09.196]Completed Shot 9, state 49
2593.801957 seconds (3.57 G allocations: 10.493 TiB, 20.91% gc time)
[2023-01-12T01:04:11.452]Completed Shot 9, state 21
2593.951475 seconds (3.57 G allocations: 10.494 TiB, 20.90% gc time)
[2023-01-12T01:04:11.602]Completed Shot 9, state 22
2601.385436 seconds (3.58 G allocations: 10.516 TiB, 20.95% gc time)
[2023-01-12T01:04:19.033]Completed Shot 9, state 6
2621.453689 seconds (3.61 G allocations: 10.599 TiB, 20.90% gc time)
[2023-01-12T01:04:39.107]Completed Shot 9, state 43
2629.925391 seconds (3.62 G allocations: 10.626 TiB, 20.95% gc time)
[2023-01-12T01:04:47.579]Completed Shot 9, state 48
2636.339910 seconds (3.63 G allocations: 10.657 TiB, 20.90% gc time)
[2023-01-12T01:04:53.991]Completed Shot 9, state 24
2637.134133 seconds (3.63 G allocations: 10.660 TiB, 20.89% gc time)
[2023-01-12T01:04:54.787]Completed Shot 9, state 38
2639.576210 seconds (3.63 G allocations: 10.672 TiB, 20.87% gc time)
[2023-01-12T01:04:57.227]Completed Shot 9, state 25
2640.161616 seconds (3.63 G allocations: 10.674 TiB, 20.87% gc time)
[2023-01-12T01:04:57.813]Completed Shot 9, state 20
2643.836253 seconds (3.63 G allocations: 10.677 TiB, 20.95% gc time)
[2023-01-12T01:05:01.485]Completed Shot 9, state 10
2645.946155 seconds (3.64 G allocations: 10.686 TiB, 20.93% gc time)
[2023-01-12T01:05:03.594]Completed Shot 9, state 7
2650.283270 seconds (3.65 G allocations: 10.706 TiB, 20.90% gc time)
[2023-01-12T01:05:07.931]Completed Shot 9, state 5
2653.042122 seconds (3.65 G allocations: 10.717 TiB, 20.88% gc time)
[2023-01-12T01:05:10.691]Completed Shot 9, state 12
2656.925779 seconds (3.65 G allocations: 10.723 TiB, 20.94% gc time)
[2023-01-12T01:05:14.578]Completed Shot 9, state 33
2657.585853 seconds (3.65 G allocations: 10.726 TiB, 20.94% gc time)
[2023-01-12T01:05:15.240]Completed Shot 9, state 46
2659.585712 seconds (3.66 G allocations: 10.734 TiB, 20.92% gc time)
[2023-01-12T01:05:17.239]Completed Shot 9, state 45
2660.567432 seconds (3.66 G allocations: 10.738 TiB, 20.92% gc time)
[2023-01-12T01:05:18.217]Completed Shot 9, state 16
2665.411073 seconds (3.66 G allocations: 10.757 TiB, 20.88% gc time)
[2023-01-12T01:05:23.063]Completed Shot 9, state 29
2675.444403 seconds (3.67 G allocations: 10.785 TiB, 20.89% gc time)
[2023-01-12T01:05:33.096]Completed Shot 9, state 30
2676.301276 seconds (3.67 G allocations: 10.789 TiB, 20.88% gc time)
[2023-01-12T01:05:33.950]Completed Shot 9, state 13
2677.050176 seconds (3.68 G allocations: 10.791 TiB, 20.87% gc time)
[2023-01-12T01:05:34.698]Completed Shot 9, state 8
2678.410173 seconds (3.68 G allocations: 10.796 TiB, 20.86% gc time)
[2023-01-12T01:05:36.057]Completed Shot 9, state 2
2684.489581 seconds (3.68 G allocations: 10.810 TiB, 20.89% gc time)
[2023-01-12T01:05:42.142]Completed Shot 9, state 34
2685.154830 seconds (3.68 G allocations: 10.812 TiB, 20.88% gc time)
[2023-01-12T01:05:42.809]Completed Shot 9, state 50
2687.753532 seconds (3.69 G allocations: 10.821 TiB, 20.86% gc time)
[2023-01-12T01:05:45.407]Completed Shot 9, state 36
2689.379889 seconds (3.69 G allocations: 10.826 TiB, 20.85% gc time)
[2023-01-12T01:05:47.030]Completed Shot 9, state 17
2695.187630 seconds (3.69 G allocations: 10.841 TiB, 20.84% gc time)
[2023-01-12T01:05:52.837]Completed Shot 9, state 15
2696.740244 seconds (3.69 G allocations: 10.846 TiB, 20.83% gc time)
[2023-01-12T01:05:54.390]Completed Shot 9, state 18
2697.165654 seconds (3.70 G allocations: 10.847 TiB, 20.83% gc time)
[2023-01-12T01:05:54.817]Completed Shot 9, state 27
2697.769260 seconds (3.70 G allocations: 10.848 TiB, 20.82% gc time)
[2023-01-12T01:05:55.423]Completed Shot 9, state 47
2698.590798 seconds (3.70 G allocations: 10.850 TiB, 20.82% gc time)
[2023-01-12T01:05:56.239]Completed Shot 9, state 11
2699.421940 seconds (3.70 G allocations: 10.852 TiB, 20.81% gc time)
[2023-01-12T01:05:57.075]Completed Shot 9, state 42
2705.165379 seconds (3.70 G allocations: 10.862 TiB, 20.82% gc time)
[2023-01-12T01:06:02.815]Completed Shot 9, state 19
2705.454155 seconds (3.70 G allocations: 10.863 TiB, 20.81% gc time)
[2023-01-12T01:06:03.101]Completed Shot 9, state 1
2709.330891 seconds (3.70 G allocations: 10.870 TiB, 20.78% gc time)
[2023-01-12T01:06:06.984]Completed Shot 9, state 39
2709.376661 seconds (3.70 G allocations: 10.870 TiB, 20.78% gc time)
[2023-01-12T01:06:07.024]Completed Shot 9, state 4
2710.390355 seconds (3.70 G allocations: 10.872 TiB, 20.78% gc time)
[2023-01-12T01:06:08.043]Completed Shot 9, state 40
2711.037654 seconds (3.70 G allocations: 10.872 TiB, 20.79% gc time)
[2023-01-12T01:06:08.687]Completed Shot 9, state 14
2713.925960 seconds (3.71 G allocations: 10.877 TiB, 20.76% gc time)
[2023-01-12T01:06:11.578]Completed Shot 9, state 35
2716.202084 seconds (3.71 G allocations: 10.880 TiB, 20.75% gc time)
[2023-01-12T01:06:13.854]Completed Shot 9, state 32
2716.632360 seconds (3.71 G allocations: 10.880 TiB, 20.74% gc time)
[2023-01-12T01:06:14.283]Completed Shot 9, state 26
2720.872238 seconds (3.71 G allocations: 10.884 TiB, 20.72% gc time)
[2023-01-12T01:06:18.520]Completed Shot 9, state 9
2722.518274 seconds (3.71 G allocations: 10.886 TiB, 20.71% gc time)
[2023-01-12T01:06:20.171]Completed Shot 9, state 37
2725.013417 seconds (3.71 G allocations: 10.888 TiB, 20.69% gc time)
[2023-01-12T01:06:22.661]Completed Shot 9, state 3
2731.096869 seconds (3.71 G allocations: 10.891 TiB, 20.65% gc time)
[2023-01-12T01:06:28.750]Completed Shot 9, state 44
2750.090154 seconds (3.71 G allocations: 10.897 TiB, 20.52% gc time)
[2023-01-12T01:06:47.742]Completed Shot 9, state 31
2777.491515 seconds (3.71 G allocations: 10.899 TiB, 20.32% gc time)
[2023-01-12T01:07:15.145]Completed Shot 9, state 41
2566.764572 seconds (3.56 G allocations: 10.456 TiB, 22.71% gc time)
[2023-01-12T01:50:01.918]Completed Shot 10, state 42
2568.639829 seconds (3.56 G allocations: 10.465 TiB, 22.70% gc time)
[2023-01-12T01:50:03.789]Completed Shot 10, state 12
2571.617334 seconds (3.57 G allocations: 10.480 TiB, 22.67% gc time)
[2023-01-12T01:50:06.771]Completed Shot 10, state 41
2620.004581 seconds (3.64 G allocations: 10.663 TiB, 22.63% gc time)
[2023-01-12T01:50:55.156]Completed Shot 10, state 26
2621.211979 seconds (3.64 G allocations: 10.669 TiB, 22.62% gc time)
[2023-01-12T01:50:56.362]Completed Shot 10, state 15
2625.511198 seconds (3.64 G allocations: 10.681 TiB, 22.65% gc time)
[2023-01-12T01:51:00.663]Completed Shot 10, state 27
2625.763832 seconds (3.64 G allocations: 10.683 TiB, 22.65% gc time)
[2023-01-12T01:51:00.916]Completed Shot 10, state 34
2627.471252 seconds (3.65 G allocations: 10.691 TiB, 22.64% gc time)
[2023-01-12T01:51:02.622]Completed Shot 10, state 20
2629.957561 seconds (3.65 G allocations: 10.703 TiB, 22.61% gc time)
[2023-01-12T01:51:05.106]Completed Shot 10, state 8
2632.107852 seconds (3.65 G allocations: 10.714 TiB, 22.60% gc time)
[2023-01-12T01:51:07.257]Completed Shot 10, state 10
2637.691376 seconds (3.66 G allocations: 10.727 TiB, 22.65% gc time)
[2023-01-12T01:51:12.843]Completed Shot 10, state 24
2641.016397 seconds (3.66 G allocations: 10.743 TiB, 22.62% gc time)
[2023-01-12T01:51:16.171]Completed Shot 10, state 50
2641.210529 seconds (3.66 G allocations: 10.744 TiB, 22.62% gc time)
[2023-01-12T01:51:16.360]Completed Shot 10, state 11
2642.547353 seconds (3.67 G allocations: 10.750 TiB, 22.61% gc time)
[2023-01-12T01:51:17.701]Completed Shot 10, state 43
2642.993983 seconds (3.67 G allocations: 10.752 TiB, 22.61% gc time)
[2023-01-12T01:51:18.144]Completed Shot 10, state 17
2643.849073 seconds (3.67 G allocations: 10.755 TiB, 22.60% gc time)
[2023-01-12T01:51:19.002]Completed Shot 10, state 39
2644.148782 seconds (3.67 G allocations: 10.757 TiB, 22.60% gc time)
[2023-01-12T01:51:19.303]Completed Shot 10, state 45
2651.162983 seconds (3.68 G allocations: 10.776 TiB, 22.63% gc time)
[2023-01-12T01:51:26.313]Completed Shot 10, state 14
2653.330667 seconds (3.68 G allocations: 10.785 TiB, 22.61% gc time)
[2023-01-12T01:51:28.484]Completed Shot 10, state 44
2654.290808 seconds (3.68 G allocations: 10.789 TiB, 22.60% gc time)
[2023-01-12T01:51:29.445]Completed Shot 10, state 48
2657.984155 seconds (3.69 G allocations: 10.803 TiB, 22.57% gc time)
[2023-01-12T01:51:33.132]Completed Shot 10, state 4
2662.635272 seconds (3.69 G allocations: 10.817 TiB, 22.57% gc time)
[2023-01-12T01:51:37.784]Completed Shot 10, state 9
2662.732954 seconds (3.69 G allocations: 10.817 TiB, 22.57% gc time)
[2023-01-12T01:51:37.883]Completed Shot 10, state 16
2662.968889 seconds (3.69 G allocations: 10.818 TiB, 22.57% gc time)
[2023-01-12T01:51:38.116]Completed Shot 10, state 1
2665.994606 seconds (3.69 G allocations: 10.829 TiB, 22.54% gc time)
[2023-01-12T01:51:41.147]Completed Shot 10, state 32
2666.036192 seconds (3.69 G allocations: 10.829 TiB, 22.54% gc time)
[2023-01-12T01:51:41.185]Completed Shot 10, state 6
2672.415483 seconds (3.70 G allocations: 10.847 TiB, 22.52% gc time)
[2023-01-12T01:51:47.568]Completed Shot 10, state 33
2676.071438 seconds (3.70 G allocations: 10.859 TiB, 22.49% gc time)
[2023-01-12T01:51:51.225]Completed Shot 10, state 40
2677.568418 seconds (3.71 G allocations: 10.864 TiB, 22.48% gc time)
[2023-01-12T01:51:52.717]Completed Shot 10, state 5
2679.916094 seconds (3.71 G allocations: 10.866 TiB, 22.52% gc time)
[2023-01-12T01:51:55.067]Completed Shot 10, state 21
2681.322334 seconds (3.71 G allocations: 10.870 TiB, 22.50% gc time)
[2023-01-12T01:51:56.476]Completed Shot 10, state 47
2683.522233 seconds (3.71 G allocations: 10.876 TiB, 22.49% gc time)
[2023-01-12T01:51:58.673]Completed Shot 10, state 22
2686.751913 seconds (3.71 G allocations: 10.884 TiB, 22.46% gc time)
[2023-01-12T01:52:01.902]Completed Shot 10, state 19
2690.034189 seconds (3.72 G allocations: 10.891 TiB, 22.45% gc time)
[2023-01-12T01:52:05.184]Completed Shot 10, state 13
2690.540863 seconds (3.72 G allocations: 10.892 TiB, 22.45% gc time)
[2023-01-12T01:52:05.689]Completed Shot 10, state 3
2690.554146 seconds (3.72 G allocations: 10.892 TiB, 22.45% gc time)
[2023-01-12T01:52:05.705]Completed Shot 10, state 23
2691.356455 seconds (3.72 G allocations: 10.894 TiB, 22.44% gc time)
[2023-01-12T01:52:06.510]Completed Shot 10, state 46
2691.910542 seconds (3.72 G allocations: 10.895 TiB, 22.44% gc time)
[2023-01-12T01:52:07.062]Completed Shot 10, state 25
2691.974367 seconds (3.72 G allocations: 10.895 TiB, 22.44% gc time)
[2023-01-12T01:52:07.127]Completed Shot 10, state 37
2693.387968 seconds (3.72 G allocations: 10.898 TiB, 22.42% gc time)
[2023-01-12T01:52:08.541]Completed Shot 10, state 36
2693.905501 seconds (3.72 G allocations: 10.899 TiB, 22.42% gc time)
[2023-01-12T01:52:09.056]Completed Shot 10, state 18
2695.900049 seconds (3.72 G allocations: 10.902 TiB, 22.40% gc time)
[2023-01-12T01:52:11.054]Completed Shot 10, state 49
2697.071597 seconds (3.72 G allocations: 10.903 TiB, 22.41% gc time)
[2023-01-12T01:52:12.224]Completed Shot 10, state 31
2697.194260 seconds (3.72 G allocations: 10.903 TiB, 22.40% gc time)
[2023-01-12T01:52:12.347]Completed Shot 10, state 35
2697.631218 seconds (3.72 G allocations: 10.904 TiB, 22.40% gc time)
[2023-01-12T01:52:12.783]Completed Shot 10, state 30
2704.511769 seconds (3.72 G allocations: 10.910 TiB, 22.35% gc time)
[2023-01-12T01:52:19.659]Completed Shot 10, state 2
2708.015007 seconds (3.72 G allocations: 10.912 TiB, 22.32% gc time)
[2023-01-12T01:52:23.163]Completed Shot 10, state 7
2709.031280 seconds (3.72 G allocations: 10.913 TiB, 22.31% gc time)
[2023-01-12T01:52:24.183]Completed Shot 10, state 28
2720.274749 seconds (3.73 G allocations: 10.916 TiB, 22.23% gc time)
[2023-01-12T01:52:35.427]Completed Shot 10, state 29
2761.503611 seconds (3.73 G allocations: 10.919 TiB, 21.90% gc time)
[2023-01-12T01:53:16.657]Completed Shot 10, state 38
[2023-01-12T01:53:16.657]**********Simulation completed!**********
[2023-01-12T01:53:16.658]**********Saving**********
[2023-01-12T01:53:21.840]Saving file: /lustre/work/ws/ws1/hd_ku269-logs/LightCones/2023-01-11/8095114_N11_BS.jld2
[2023-01-12T01:53:26.201]**********Run completed!**********
