Added MKL.jl
Project LightCones v0.1.0
Status `/gpfs/bwfor/work/ws/hd_ku269-light_cones/WorkingFolder/Project.toml`
⌃ [7d9fca2a] Arpack v0.5.3
⌃ [7073ff75] IJulia v1.23.3
⌃ [033835bb] JLD2 v0.4.25
  [0b1a1467] KrylovKit v0.6.0
  [d3d80556] LineSearches v7.2.0
  [33e6dc65] MKL v0.6.0
⌃ [429524aa] Optim v1.7.3
⌃ [91a5bcdd] Plots v1.35.5
⌃ [c3e4b0f8] Pluto v0.19.14
  [3c0b384b] QuantumInformation v0.4.9
  [189a3867] Reexport v1.2.2
⌃ [295af30f] Revise v3.4.0
  [ebcc8a00] SpinSymmetry v0.3.3
  [59d54670] ThreadedSparseArrays v0.2.2
  [ade2ca70] Dates
  [8ba89e20] Distributed
  [37e2e46d] LinearAlgebra
  [de0858da] Printf
  [9a3f8284] Random
  [1a1011a3] SharedArrays
  [2f01184e] SparseArrays
  [10745b16] Statistics
Info Packages marked with ⌃ have new versions available and may be upgradable.
[2023-01-10T03:47:51.814]**********RANDOM FIELDS**********
shared_krylov.jl
Working Directory:          /gpfs/bwfor/work/ws/hd_ku269-light_cones/WorkingFolder
SLURM Directory:            /gpfs/bwfor/work/ws/hd_ku269-light_cones/WorkingFolder 
Running on host:            m10n15
Job id:                     482037
Job name:                   otoc_simulation_N11_TR_FIDONLYFR
Number of nodes allocated:  
Number of cores allocated:  1
#threads of Julia:          64
#threads of BLAS:           1
ARGS = ["11", "10", "50", "BS", "x", "3", "50", "WAHUHA_FR"]
LOCATION = "/gpfs/bwfor/work/ws/hd_ku269-logs/LightCones/2023-01-10"
N = 11
SHOTS = 10
MULT_RANDOM_STATES = true
N_RANDOM_STATES = 50
TYPE_OF_RS = "BS"
OBSERVABLE = "x"
DISORDER_PARAM = 3.0
[2023-01-10T03:47:52.001]**********Running simulation**********
[2023-01-10T03:47:52.051]trange = 0.1:0.1:20.0
[2023-01-10T03:47:52.331]A = σx
[2023-01-10T03:47:52.859]alpha=6
[2023-01-10T03:47:52.860]PBC
10[2023-01-10T03:47:55.554]Operations set up.
Using multiple states.
4805.638403 seconds (3.31 G allocations: 8.217 TiB, 15.18% gc time, 0.04% compilation time)
[2023-01-10T05:08:15.012]Completed Shot 1, state 33
4812.945658 seconds (3.32 G allocations: 8.238 TiB, 15.15% gc time, 0.04% compilation time)
[2023-01-10T05:08:22.353]Completed Shot 1, state 37
4823.591306 seconds (3.33 G allocations: 8.250 TiB, 15.17% gc time, 0.12% compilation time)
[2023-01-10T05:08:29.008]Completed Shot 1, state 29
4824.487598 seconds (3.33 G allocations: 8.262 TiB, 15.17% gc time, 0.04% compilation time)
[2023-01-10T05:08:33.470]Completed Shot 1, state 44
4830.238557 seconds (3.34 G allocations: 8.269 TiB, 15.15% gc time, 0.12% compilation time)
[2023-01-10T05:08:35.656]Completed Shot 1, state 26
4830.897244 seconds (3.34 G allocations: 8.270 TiB, 15.15% gc time, 0.12% compilation time)
[2023-01-10T05:08:36.339]Completed Shot 1, state 34
4829.752183 seconds (3.34 G allocations: 8.271 TiB, 15.20% gc time, 0.04% compilation time)
[2023-01-10T05:08:38.830]Completed Shot 1, state 3
4830.512878 seconds (3.34 G allocations: 8.273 TiB, 15.20% gc time, 0.04% compilation time)
[2023-01-10T05:08:39.643]Completed Shot 1, state 46
4830.437335 seconds (3.34 G allocations: 8.274 TiB, 15.20% gc time, 0.04% compilation time)
[2023-01-10T05:08:39.843]Completed Shot 1, state 23
4831.179336 seconds (3.34 G allocations: 8.275 TiB, 15.19% gc time, 0.04% compilation time)
[2023-01-10T05:08:40.283]Completed Shot 1, state 4
4831.455585 seconds (3.34 G allocations: 8.276 TiB, 15.19% gc time, 0.04% compilation time)
[2023-01-10T05:08:40.516]Completed Shot 1, state 13
4831.443784 seconds (3.34 G allocations: 8.276 TiB, 15.19% gc time, 0.04% compilation time)
[2023-01-10T05:08:40.575]Completed Shot 1, state 10
4831.921274 seconds (3.34 G allocations: 8.278 TiB, 15.19% gc time, 0.04% compilation time)
[2023-01-10T05:08:41.066]Completed Shot 1, state 12
4831.860882 seconds (3.34 G allocations: 8.278 TiB, 15.19% gc time, 0.04% compilation time)
[2023-01-10T05:08:41.266]Completed Shot 1, state 9
4832.246166 seconds (3.34 G allocations: 8.278 TiB, 15.19% gc time, 0.04% compilation time)
[2023-01-10T05:08:41.391]Completed Shot 1, state 19
4833.102985 seconds (3.34 G allocations: 8.282 TiB, 15.19% gc time, 0.04% compilation time)
[2023-01-10T05:08:42.508]Completed Shot 1, state 8
4834.131501 seconds (3.34 G allocations: 8.284 TiB, 15.18% gc time, 0.04% compilation time)
[2023-01-10T05:08:43.235]Completed Shot 1, state 11
4834.492970 seconds (3.34 G allocations: 8.285 TiB, 15.18% gc time, 0.04% compilation time)
[2023-01-10T05:08:43.554]Completed Shot 1, state 7
4835.469297 seconds (3.34 G allocations: 8.289 TiB, 15.18% gc time, 0.03% compilation time)
[2023-01-10T05:08:44.880]Completed Shot 1, state 40
4842.879676 seconds (3.35 G allocations: 8.293 TiB, 15.19% gc time, 0.12% compilation time)
[2023-01-10T05:08:48.297]Completed Shot 1, state 1
4839.598949 seconds (3.35 G allocations: 8.294 TiB, 15.20% gc time, 0.04% compilation time)
[2023-01-10T05:08:48.650]Completed Shot 1, state 5
4839.678282 seconds (3.35 G allocations: 8.295 TiB, 15.20% gc time, 0.04% compilation time)
[2023-01-10T05:08:49.025]Completed Shot 1, state 42
4839.922945 seconds (3.35 G allocations: 8.295 TiB, 15.20% gc time, 0.04% compilation time)
[2023-01-10T05:08:49.025]Completed Shot 1, state 17
4840.443498 seconds (3.35 G allocations: 8.297 TiB, 15.20% gc time, 0.04% compilation time)
[2023-01-10T05:08:49.522]Completed Shot 1, state 18
4840.617037 seconds (3.35 G allocations: 8.298 TiB, 15.20% gc time, 0.04% compilation time)
[2023-01-10T05:08:50.023]Completed Shot 1, state 41
4840.870833 seconds (3.35 G allocations: 8.298 TiB, 15.20% gc time, 0.04% compilation time)
[2023-01-10T05:08:50.217]Completed Shot 1, state 20
4841.360872 seconds (3.35 G allocations: 8.299 TiB, 15.20% gc time, 0.04% compilation time)
[2023-01-10T05:08:50.438]Completed Shot 1, state 35
4841.407920 seconds (3.35 G allocations: 8.299 TiB, 15.20% gc time, 0.04% compilation time)
[2023-01-10T05:08:50.486]Completed Shot 1, state 15
4845.183733 seconds (3.35 G allocations: 8.299 TiB, 15.18% gc time, 0.12% compilation time)
[2023-01-10T05:08:50.600]Completed Shot 1, state 38
4841.757421 seconds (3.35 G allocations: 8.300 TiB, 15.19% gc time, 0.04% compilation time)
[2023-01-10T05:08:51.162]Completed Shot 1, state 47
4842.111095 seconds (3.35 G allocations: 8.301 TiB, 15.19% gc time, 0.04% compilation time)
[2023-01-10T05:08:51.459]Completed Shot 1, state 43
4842.494648 seconds (3.35 G allocations: 8.302 TiB, 15.19% gc time, 0.03% compilation time)
[2023-01-10T05:08:51.908]Completed Shot 1, state 31
4848.335242 seconds (3.35 G allocations: 8.304 TiB, 15.20% gc time, 0.12% compilation time)
[2023-01-10T05:08:53.752]Completed Shot 1, state 27
4844.608979 seconds (3.35 G allocations: 8.304 TiB, 15.21% gc time, 0.04% compilation time)
[2023-01-10T05:08:53.957]Completed Shot 1, state 45
4845.170144 seconds (3.35 G allocations: 8.305 TiB, 15.21% gc time, 0.04% compilation time)
[2023-01-10T05:08:54.274]Completed Shot 1, state 25
4845.730226 seconds (3.35 G allocations: 8.306 TiB, 15.20% gc time, 0.03% compilation time)
[2023-01-10T05:08:55.138]Completed Shot 1, state 50
4846.367662 seconds (3.35 G allocations: 8.307 TiB, 15.20% gc time, 0.04% compilation time)
[2023-01-10T05:08:55.446]Completed Shot 1, state 22
4846.472000 seconds (3.35 G allocations: 8.307 TiB, 15.20% gc time, 0.04% compilation time)
[2023-01-10T05:08:55.602]Completed Shot 1, state 48
4846.638160 seconds (3.35 G allocations: 8.307 TiB, 15.20% gc time, 0.04% compilation time)
[2023-01-10T05:08:55.701]Completed Shot 1, state 36
4847.019380 seconds (3.35 G allocations: 8.308 TiB, 15.20% gc time, 0.04% compilation time)
[2023-01-10T05:08:56.082]Completed Shot 1, state 6
4846.700526 seconds (3.35 G allocations: 8.308 TiB, 15.20% gc time, 0.03% compilation time)
[2023-01-10T05:08:56.111]Completed Shot 1, state 14
4847.377963 seconds (3.35 G allocations: 8.308 TiB, 15.20% gc time, 0.04% compilation time)
[2023-01-10T05:08:56.481]Completed Shot 1, state 21
4848.452555 seconds (3.35 G allocations: 8.310 TiB, 15.20% gc time, 0.03% compilation time)
[2023-01-10T05:08:57.862]Completed Shot 1, state 2
4849.838071 seconds (3.35 G allocations: 8.310 TiB, 15.20% gc time, 0.04% compilation time)
[2023-01-10T05:08:58.820]Completed Shot 1, state 16
4851.343423 seconds (3.35 G allocations: 8.312 TiB, 15.19% gc time, 0.03% compilation time)
[2023-01-10T05:09:00.763]Completed Shot 1, state 30
4852.137726 seconds (3.35 G allocations: 8.312 TiB, 15.19% gc time, 0.04% compilation time)
[2023-01-10T05:09:01.241]Completed Shot 1, state 39
4852.880761 seconds (3.35 G allocations: 8.313 TiB, 15.19% gc time, 0.03% compilation time)
[2023-01-10T05:09:02.287]Completed Shot 1, state 32
4854.780290 seconds (3.35 G allocations: 8.313 TiB, 15.19% gc time, 0.03% compilation time)
[2023-01-10T05:09:04.188]Completed Shot 1, state 28
4855.943704 seconds (3.35 G allocations: 8.314 TiB, 15.18% gc time, 0.04% compilation time)
[2023-01-10T05:09:05.021]Completed Shot 1, state 24
4861.721741 seconds (3.35 G allocations: 8.314 TiB, 15.17% gc time, 0.04% compilation time)
[2023-01-10T05:09:10.773]Completed Shot 1, state 49
4671.562406 seconds (3.11 G allocations: 7.752 TiB, 14.87% gc time)
[2023-01-10T06:27:02.341]Completed Shot 2, state 38
4688.607706 seconds (3.13 G allocations: 7.792 TiB, 14.89% gc time)
[2023-01-10T06:27:19.385]Completed Shot 2, state 21
4693.107604 seconds (3.14 G allocations: 7.805 TiB, 14.87% gc time)
[2023-01-10T06:27:23.886]Completed Shot 2, state 35
4695.445699 seconds (3.14 G allocations: 7.813 TiB, 14.87% gc time)
[2023-01-10T06:27:26.222]Completed Shot 2, state 15
4697.612471 seconds (3.14 G allocations: 7.819 TiB, 14.86% gc time)
[2023-01-10T06:27:28.389]Completed Shot 2, state 6
4704.698154 seconds (3.15 G allocations: 7.830 TiB, 14.91% gc time)
[2023-01-10T06:27:35.475]Completed Shot 2, state 25
4707.440375 seconds (3.15 G allocations: 7.838 TiB, 14.90% gc time)
[2023-01-10T06:27:38.217]Completed Shot 2, state 12
4707.522621 seconds (3.15 G allocations: 7.838 TiB, 14.90% gc time)
[2023-01-10T06:27:38.301]Completed Shot 2, state 37
4708.959758 seconds (3.15 G allocations: 7.843 TiB, 14.90% gc time)
[2023-01-10T06:27:39.738]Completed Shot 2, state 45
4709.049487 seconds (3.15 G allocations: 7.843 TiB, 14.89% gc time)
[2023-01-10T06:27:39.825]Completed Shot 2, state 3
4709.448861 seconds (3.15 G allocations: 7.844 TiB, 14.89% gc time)
[2023-01-10T06:27:40.226]Completed Shot 2, state 29
4709.680932 seconds (3.15 G allocations: 7.845 TiB, 14.89% gc time)
[2023-01-10T06:27:40.457]Completed Shot 2, state 11
4710.237476 seconds (3.15 G allocations: 7.846 TiB, 14.89% gc time)
[2023-01-10T06:27:41.013]Completed Shot 2, state 8
4710.424947 seconds (3.15 G allocations: 7.847 TiB, 14.89% gc time)
[2023-01-10T06:27:41.203]Completed Shot 2, state 33
4714.955061 seconds (3.16 G allocations: 7.852 TiB, 14.93% gc time)
[2023-01-10T06:27:45.731]Completed Shot 2, state 14
4715.342528 seconds (3.16 G allocations: 7.853 TiB, 14.93% gc time)
[2023-01-10T06:27:46.121]Completed Shot 2, state 39
4717.040507 seconds (3.16 G allocations: 7.858 TiB, 14.92% gc time)
[2023-01-10T06:27:47.819]Completed Shot 2, state 42
4717.199131 seconds (3.16 G allocations: 7.859 TiB, 14.92% gc time)
[2023-01-10T06:27:47.975]Completed Shot 2, state 4
4717.520236 seconds (3.16 G allocations: 7.860 TiB, 14.92% gc time)
[2023-01-10T06:27:48.297]Completed Shot 2, state 18
4718.728442 seconds (3.16 G allocations: 7.863 TiB, 14.92% gc time)
[2023-01-10T06:27:49.505]Completed Shot 2, state 20
4718.955995 seconds (3.16 G allocations: 7.863 TiB, 14.92% gc time)
[2023-01-10T06:27:49.735]Completed Shot 2, state 48
4721.338823 seconds (3.16 G allocations: 7.869 TiB, 14.91% gc time)
[2023-01-10T06:27:52.116]Completed Shot 2, state 17
4721.351658 seconds (3.16 G allocations: 7.869 TiB, 14.91% gc time)
[2023-01-10T06:27:52.129]Completed Shot 2, state 23
4723.244289 seconds (3.16 G allocations: 7.870 TiB, 14.94% gc time)
[2023-01-10T06:27:54.020]Completed Shot 2, state 5
4723.642303 seconds (3.16 G allocations: 7.871 TiB, 14.93% gc time)
[2023-01-10T06:27:54.420]Completed Shot 2, state 28
4725.102491 seconds (3.17 G allocations: 7.875 TiB, 14.93% gc time)
[2023-01-10T06:27:55.879]Completed Shot 2, state 16
4725.151116 seconds (3.17 G allocations: 7.875 TiB, 14.93% gc time)
[2023-01-10T06:27:55.929]Completed Shot 2, state 31
4725.808424 seconds (3.17 G allocations: 7.876 TiB, 14.93% gc time)
[2023-01-10T06:27:56.583]Completed Shot 2, state 1
4726.286475 seconds (3.17 G allocations: 7.878 TiB, 14.93% gc time)
[2023-01-10T06:27:57.065]Completed Shot 2, state 44
4726.421579 seconds (3.17 G allocations: 7.878 TiB, 14.93% gc time)
[2023-01-10T06:27:57.200]Completed Shot 2, state 34
4726.452569 seconds (3.17 G allocations: 7.878 TiB, 14.93% gc time)
[2023-01-10T06:27:57.231]Completed Shot 2, state 41
4726.538783 seconds (3.17 G allocations: 7.878 TiB, 14.93% gc time)
[2023-01-10T06:27:57.317]Completed Shot 2, state 36
4726.813841 seconds (3.17 G allocations: 7.879 TiB, 14.92% gc time)
[2023-01-10T06:27:57.590]Completed Shot 2, state 13
4727.287761 seconds (3.17 G allocations: 7.880 TiB, 14.92% gc time)
[2023-01-10T06:27:58.065]Completed Shot 2, state 30
4727.756998 seconds (3.17 G allocations: 7.881 TiB, 14.92% gc time)
[2023-01-10T06:27:58.535]Completed Shot 2, state 47
4728.006256 seconds (3.17 G allocations: 7.881 TiB, 14.92% gc time)
[2023-01-10T06:27:58.783]Completed Shot 2, state 22
4728.342190 seconds (3.17 G allocations: 7.882 TiB, 14.92% gc time)
[2023-01-10T06:27:59.121]Completed Shot 2, state 50
4728.478886 seconds (3.17 G allocations: 7.882 TiB, 14.92% gc time)
[2023-01-10T06:27:59.255]Completed Shot 2, state 10
4729.697351 seconds (3.17 G allocations: 7.882 TiB, 14.94% gc time)
[2023-01-10T06:28:00.475]Completed Shot 2, state 27
4731.138761 seconds (3.17 G allocations: 7.884 TiB, 14.93% gc time)
[2023-01-10T06:28:01.916]Completed Shot 2, state 19
4731.365626 seconds (3.17 G allocations: 7.884 TiB, 14.93% gc time)
[2023-01-10T06:28:02.144]Completed Shot 2, state 43
4731.523204 seconds (3.17 G allocations: 7.885 TiB, 14.93% gc time)
[2023-01-10T06:28:02.300]Completed Shot 2, state 26
4731.699572 seconds (3.17 G allocations: 7.885 TiB, 14.93% gc time)
[2023-01-10T06:28:02.477]Completed Shot 2, state 32
4731.947789 seconds (3.17 G allocations: 7.885 TiB, 14.93% gc time)
[2023-01-10T06:28:02.723]Completed Shot 2, state 2
4733.191911 seconds (3.17 G allocations: 7.886 TiB, 14.93% gc time)
[2023-01-10T06:28:03.969]Completed Shot 2, state 24
4733.772341 seconds (3.17 G allocations: 7.887 TiB, 14.92% gc time)
[2023-01-10T06:28:04.551]Completed Shot 2, state 46
4735.009187 seconds (3.17 G allocations: 7.887 TiB, 14.93% gc time)
[2023-01-10T06:28:05.788]Completed Shot 2, state 49
4735.387156 seconds (3.17 G allocations: 7.887 TiB, 14.93% gc time)
[2023-01-10T06:28:06.163]Completed Shot 2, state 7
4736.028047 seconds (3.17 G allocations: 7.887 TiB, 14.92% gc time)
[2023-01-10T06:28:06.806]Completed Shot 2, state 40
4737.237233 seconds (3.17 G allocations: 7.887 TiB, 14.92% gc time)
[2023-01-10T06:28:08.013]Completed Shot 2, state 9
4382.080725 seconds (3.13 G allocations: 7.804 TiB, 15.79% gc time)
[2023-01-10T07:41:10.099]Completed Shot 3, state 32
4384.062914 seconds (3.14 G allocations: 7.810 TiB, 15.78% gc time)
[2023-01-10T07:41:12.082]Completed Shot 3, state 37
4385.958729 seconds (3.14 G allocations: 7.816 TiB, 15.78% gc time)
[2023-01-10T07:41:13.974]Completed Shot 3, state 5
4387.771659 seconds (3.14 G allocations: 7.821 TiB, 15.77% gc time)
[2023-01-10T07:41:15.788]Completed Shot 3, state 13
4389.623297 seconds (3.14 G allocations: 7.826 TiB, 15.76% gc time)
[2023-01-10T07:41:17.641]Completed Shot 3, state 26
4394.592516 seconds (3.15 G allocations: 7.831 TiB, 15.82% gc time)
[2023-01-10T07:41:22.611]Completed Shot 3, state 45
4394.993039 seconds (3.15 G allocations: 7.833 TiB, 15.82% gc time)
[2023-01-10T07:41:23.012]Completed Shot 3, state 47
4396.925115 seconds (3.15 G allocations: 7.839 TiB, 15.81% gc time)
[2023-01-10T07:41:24.945]Completed Shot 3, state 44
4397.620311 seconds (3.15 G allocations: 7.841 TiB, 15.81% gc time)
[2023-01-10T07:41:25.638]Completed Shot 3, state 19
4397.977930 seconds (3.15 G allocations: 7.842 TiB, 15.81% gc time)
[2023-01-10T07:41:25.996]Completed Shot 3, state 20
4398.614279 seconds (3.15 G allocations: 7.844 TiB, 15.81% gc time)
[2023-01-10T07:41:26.632]Completed Shot 3, state 38
4399.079426 seconds (3.15 G allocations: 7.846 TiB, 15.80% gc time)
[2023-01-10T07:41:27.098]Completed Shot 3, state 42
4399.291406 seconds (3.15 G allocations: 7.846 TiB, 15.80% gc time)
[2023-01-10T07:41:27.309]Completed Shot 3, state 23
4399.486020 seconds (3.15 G allocations: 7.847 TiB, 15.80% gc time)
[2023-01-10T07:41:27.503]Completed Shot 3, state 17
4399.629235 seconds (3.15 G allocations: 7.847 TiB, 15.80% gc time)
[2023-01-10T07:41:27.648]Completed Shot 3, state 49
4400.967131 seconds (3.15 G allocations: 7.851 TiB, 15.80% gc time)
[2023-01-10T07:41:28.984]Completed Shot 3, state 15
4401.589571 seconds (3.16 G allocations: 7.853 TiB, 15.80% gc time)
[2023-01-10T07:41:29.607]Completed Shot 3, state 22
4401.624679 seconds (3.16 G allocations: 7.853 TiB, 15.80% gc time)
[2023-01-10T07:41:29.642]Completed Shot 3, state 25
4401.784396 seconds (3.16 G allocations: 7.853 TiB, 15.80% gc time)
[2023-01-10T07:41:29.800]Completed Shot 3, state 8
4402.012013 seconds (3.16 G allocations: 7.854 TiB, 15.79% gc time)
[2023-01-10T07:41:30.029]Completed Shot 3, state 16
4404.911261 seconds (3.16 G allocations: 7.855 TiB, 15.84% gc time)
[2023-01-10T07:41:32.927]Completed Shot 3, state 7
4404.993343 seconds (3.16 G allocations: 7.855 TiB, 15.84% gc time)
[2023-01-10T07:41:33.011]Completed Shot 3, state 27
4405.620334 seconds (3.16 G allocations: 7.857 TiB, 15.84% gc time)
[2023-01-10T07:41:33.636]Completed Shot 3, state 3
4406.405300 seconds (3.16 G allocations: 7.859 TiB, 15.84% gc time)
[2023-01-10T07:41:34.423]Completed Shot 3, state 33
4407.015928 seconds (3.16 G allocations: 7.861 TiB, 15.84% gc time)
[2023-01-10T07:41:35.034]Completed Shot 3, state 28
4407.295437 seconds (3.16 G allocations: 7.861 TiB, 15.84% gc time)
[2023-01-10T07:41:35.312]Completed Shot 3, state 11
4407.600618 seconds (3.16 G allocations: 7.862 TiB, 15.83% gc time)
[2023-01-10T07:41:35.617]Completed Shot 3, state 9
4407.750088 seconds (3.16 G allocations: 7.863 TiB, 15.83% gc time)
[2023-01-10T07:41:35.768]Completed Shot 3, state 39
4407.963482 seconds (3.16 G allocations: 7.863 TiB, 15.83% gc time)
[2023-01-10T07:41:35.980]Completed Shot 3, state 18
4408.565580 seconds (3.16 G allocations: 7.865 TiB, 15.83% gc time)
[2023-01-10T07:41:36.584]Completed Shot 3, state 36
4408.718470 seconds (3.16 G allocations: 7.865 TiB, 15.83% gc time)
[2023-01-10T07:41:36.737]Completed Shot 3, state 50
4408.802648 seconds (3.16 G allocations: 7.865 TiB, 15.83% gc time)
[2023-01-10T07:41:36.818]Completed Shot 3, state 6
4409.008755 seconds (3.16 G allocations: 7.866 TiB, 15.83% gc time)
[2023-01-10T07:41:37.026]Completed Shot 3, state 24
4409.165928 seconds (3.16 G allocations: 7.866 TiB, 15.83% gc time)
[2023-01-10T07:41:37.184]Completed Shot 3, state 48
4409.779448 seconds (3.16 G allocations: 7.867 TiB, 15.83% gc time)
[2023-01-10T07:41:37.798]Completed Shot 3, state 43
4409.857950 seconds (3.16 G allocations: 7.867 TiB, 15.83% gc time)
[2023-01-10T07:41:37.876]Completed Shot 3, state 31
4410.039244 seconds (3.16 G allocations: 7.868 TiB, 15.83% gc time)
[2023-01-10T07:41:38.058]Completed Shot 3, state 40
4410.065638 seconds (3.16 G allocations: 7.868 TiB, 15.83% gc time)
[2023-01-10T07:41:38.082]Completed Shot 3, state 14
4410.481696 seconds (3.16 G allocations: 7.868 TiB, 15.82% gc time)
[2023-01-10T07:41:38.499]Completed Shot 3, state 29
4412.052719 seconds (3.16 G allocations: 7.870 TiB, 15.84% gc time)
[2023-01-10T07:41:40.071]Completed Shot 3, state 46
4412.227458 seconds (3.16 G allocations: 7.870 TiB, 15.84% gc time)
[2023-01-10T07:41:40.243]Completed Shot 3, state 1
4412.485546 seconds (3.16 G allocations: 7.870 TiB, 15.84% gc time)
[2023-01-10T07:41:40.504]Completed Shot 3, state 35
4412.554916 seconds (3.16 G allocations: 7.870 TiB, 15.84% gc time)
[2023-01-10T07:41:40.570]Completed Shot 3, state 2
4412.891550 seconds (3.16 G allocations: 7.871 TiB, 15.84% gc time)
[2023-01-10T07:41:40.908]Completed Shot 3, state 10
4412.956559 seconds (3.16 G allocations: 7.871 TiB, 15.84% gc time)
[2023-01-10T07:41:40.975]Completed Shot 3, state 41
4413.410276 seconds (3.16 G allocations: 7.871 TiB, 15.83% gc time)
[2023-01-10T07:41:41.428]Completed Shot 3, state 30
4414.554117 seconds (3.16 G allocations: 7.872 TiB, 15.83% gc time)
[2023-01-10T07:41:42.570]Completed Shot 3, state 4
4415.970437 seconds (3.16 G allocations: 7.872 TiB, 15.83% gc time)
[2023-01-10T07:41:43.987]Completed Shot 3, state 21
4416.029540 seconds (3.16 G allocations: 7.872 TiB, 15.83% gc time)
[2023-01-10T07:41:44.047]Completed Shot 3, state 34
4421.049823 seconds (3.16 G allocations: 7.873 TiB, 15.81% gc time)
[2023-01-10T07:41:49.066]Completed Shot 3, state 12
4415.038177 seconds (3.29 G allocations: 8.174 TiB, 16.29% gc time)
[2023-01-10T08:55:24.109]Completed Shot 4, state 18
4417.720941 seconds (3.30 G allocations: 8.182 TiB, 16.28% gc time)
[2023-01-10T08:55:26.791]Completed Shot 4, state 15
4419.503773 seconds (3.30 G allocations: 8.187 TiB, 16.27% gc time)
[2023-01-10T08:55:28.574]Completed Shot 4, state 27
4420.361484 seconds (3.30 G allocations: 8.190 TiB, 16.27% gc time)
[2023-01-10T08:55:29.431]Completed Shot 4, state 8
4422.068301 seconds (3.30 G allocations: 8.196 TiB, 16.26% gc time)
[2023-01-10T08:55:31.140]Completed Shot 4, state 45
4429.030450 seconds (3.31 G allocations: 8.209 TiB, 16.29% gc time)
[2023-01-10T08:55:38.103]Completed Shot 4, state 46
4431.692660 seconds (3.31 G allocations: 8.218 TiB, 16.28% gc time)
[2023-01-10T08:55:40.763]Completed Shot 4, state 21
4432.261172 seconds (3.31 G allocations: 8.220 TiB, 16.28% gc time)
[2023-01-10T08:55:41.330]Completed Shot 4, state 2
4432.374652 seconds (3.31 G allocations: 8.220 TiB, 16.28% gc time)
[2023-01-10T08:55:41.447]Completed Shot 4, state 41
4432.566415 seconds (3.31 G allocations: 8.221 TiB, 16.28% gc time)
[2023-01-10T08:55:41.638]Completed Shot 4, state 35
4433.802710 seconds (3.32 G allocations: 8.225 TiB, 16.28% gc time)
[2023-01-10T08:55:42.875]Completed Shot 4, state 43
4433.803173 seconds (3.32 G allocations: 8.225 TiB, 16.28% gc time)
[2023-01-10T08:55:42.875]Completed Shot 4, state 44
4434.764762 seconds (3.32 G allocations: 8.228 TiB, 16.27% gc time)
[2023-01-10T08:55:43.836]Completed Shot 4, state 40
4435.185285 seconds (3.32 G allocations: 8.229 TiB, 16.27% gc time)
[2023-01-10T08:55:44.256]Completed Shot 4, state 25
4441.027034 seconds (3.32 G allocations: 8.237 TiB, 16.32% gc time)
[2023-01-10T08:55:50.098]Completed Shot 4, state 37
4442.275908 seconds (3.32 G allocations: 8.241 TiB, 16.31% gc time)
[2023-01-10T08:55:51.348]Completed Shot 4, state 48
4442.572726 seconds (3.32 G allocations: 8.242 TiB, 16.31% gc time)
[2023-01-10T08:55:51.644]Completed Shot 4, state 42
4443.366285 seconds (3.32 G allocations: 8.245 TiB, 16.31% gc time)
[2023-01-10T08:55:52.438]Completed Shot 4, state 32
4444.194774 seconds (3.32 G allocations: 8.248 TiB, 16.31% gc time)
[2023-01-10T08:55:53.264]Completed Shot 4, state 9
4444.369430 seconds (3.32 G allocations: 8.248 TiB, 16.31% gc time)
[2023-01-10T08:55:53.438]Completed Shot 4, state 6
4445.205181 seconds (3.33 G allocations: 8.251 TiB, 16.30% gc time)
[2023-01-10T08:55:54.274]Completed Shot 4, state 5
4445.249469 seconds (3.33 G allocations: 8.251 TiB, 16.30% gc time)
[2023-01-10T08:55:54.318]Completed Shot 4, state 1
4445.288602 seconds (3.33 G allocations: 8.251 TiB, 16.30% gc time)
[2023-01-10T08:55:54.360]Completed Shot 4, state 34
4445.511123 seconds (3.33 G allocations: 8.252 TiB, 16.30% gc time)
[2023-01-10T08:55:54.582]Completed Shot 4, state 24
4445.690430 seconds (3.33 G allocations: 8.252 TiB, 16.30% gc time)
[2023-01-10T08:55:54.762]Completed Shot 4, state 33
4449.130301 seconds (3.33 G allocations: 8.257 TiB, 16.33% gc time)
[2023-01-10T08:55:58.202]Completed Shot 4, state 36
4449.599223 seconds (3.33 G allocations: 8.258 TiB, 16.33% gc time)
[2023-01-10T08:55:58.671]Completed Shot 4, state 49
4450.283237 seconds (3.33 G allocations: 8.260 TiB, 16.32% gc time)
[2023-01-10T08:55:59.352]Completed Shot 4, state 4
4450.415371 seconds (3.33 G allocations: 8.261 TiB, 16.32% gc time)
[2023-01-10T08:55:59.486]Completed Shot 4, state 23
4450.435334 seconds (3.33 G allocations: 8.261 TiB, 16.32% gc time)
[2023-01-10T08:55:59.505]Completed Shot 4, state 11
4450.560028 seconds (3.33 G allocations: 8.261 TiB, 16.32% gc time)
[2023-01-10T08:55:59.631]Completed Shot 4, state 26
4451.115203 seconds (3.33 G allocations: 8.262 TiB, 16.32% gc time)
[2023-01-10T08:56:00.187]Completed Shot 4, state 38
4451.437374 seconds (3.33 G allocations: 8.263 TiB, 16.32% gc time)
[2023-01-10T08:56:00.507]Completed Shot 4, state 19
4451.897590 seconds (3.33 G allocations: 8.264 TiB, 16.32% gc time)
[2023-01-10T08:56:00.967]Completed Shot 4, state 12
4452.060757 seconds (3.33 G allocations: 8.265 TiB, 16.32% gc time)
[2023-01-10T08:56:01.132]Completed Shot 4, state 47
4452.202206 seconds (3.33 G allocations: 8.265 TiB, 16.32% gc time)
[2023-01-10T08:56:01.273]Completed Shot 4, state 28
4452.388560 seconds (3.33 G allocations: 8.265 TiB, 16.32% gc time)
[2023-01-10T08:56:01.458]Completed Shot 4, state 14
4452.713691 seconds (3.33 G allocations: 8.266 TiB, 16.31% gc time)
[2023-01-10T08:56:01.785]Completed Shot 4, state 30
4452.892086 seconds (3.33 G allocations: 8.266 TiB, 16.31% gc time)
[2023-01-10T08:56:01.962]Completed Shot 4, state 20
4453.228342 seconds (3.33 G allocations: 8.267 TiB, 16.31% gc time)
[2023-01-10T08:56:02.297]Completed Shot 4, state 3
4453.276316 seconds (3.33 G allocations: 8.267 TiB, 16.31% gc time)
[2023-01-10T08:56:02.346]Completed Shot 4, state 17
4454.081549 seconds (3.33 G allocations: 8.268 TiB, 16.31% gc time)
[2023-01-10T08:56:03.151]Completed Shot 4, state 13
4455.360436 seconds (3.33 G allocations: 8.269 TiB, 16.32% gc time)
[2023-01-10T08:56:04.430]Completed Shot 4, state 16
4455.443657 seconds (3.33 G allocations: 8.269 TiB, 16.32% gc time)
[2023-01-10T08:56:04.512]Completed Shot 4, state 7
4456.272162 seconds (3.33 G allocations: 8.269 TiB, 16.32% gc time)
[2023-01-10T08:56:05.342]Completed Shot 4, state 22
4457.073056 seconds (3.33 G allocations: 8.270 TiB, 16.32% gc time)
[2023-01-10T08:56:06.144]Completed Shot 4, state 31
4458.126040 seconds (3.33 G allocations: 8.270 TiB, 16.31% gc time)
[2023-01-10T08:56:07.197]Completed Shot 4, state 29
4458.166147 seconds (3.33 G allocations: 8.270 TiB, 16.31% gc time)
[2023-01-10T08:56:07.238]Completed Shot 4, state 39
4458.873930 seconds (3.33 G allocations: 8.271 TiB, 16.31% gc time)
[2023-01-10T08:56:07.943]Completed Shot 4, state 10
4459.670690 seconds (3.33 G allocations: 8.271 TiB, 16.31% gc time)
[2023-01-10T08:56:08.742]Completed Shot 4, state 50
4610.981012 seconds (3.24 G allocations: 8.053 TiB, 15.20% gc time)
[2023-01-10T10:12:59.726]Completed Shot 5, state 4
4621.439004 seconds (3.25 G allocations: 8.072 TiB, 15.24% gc time)
[2023-01-10T10:13:10.190]Completed Shot 5, state 40
4626.741035 seconds (3.26 G allocations: 8.087 TiB, 15.22% gc time)
[2023-01-10T10:13:15.487]Completed Shot 5, state 13
4640.788806 seconds (3.27 G allocations: 8.116 TiB, 15.25% gc time)
[2023-01-10T10:13:29.537]Completed Shot 5, state 31
4642.534273 seconds (3.27 G allocations: 8.121 TiB, 15.24% gc time)
[2023-01-10T10:13:31.285]Completed Shot 5, state 44
4653.002836 seconds (3.28 G allocations: 8.141 TiB, 15.27% gc time)
[2023-01-10T10:13:41.752]Completed Shot 5, state 32
4653.066072 seconds (3.28 G allocations: 8.141 TiB, 15.27% gc time)
[2023-01-10T10:13:41.816]Completed Shot 5, state 38
4654.207705 seconds (3.28 G allocations: 8.144 TiB, 15.27% gc time)
[2023-01-10T10:13:42.956]Completed Shot 5, state 26
4654.548862 seconds (3.28 G allocations: 8.145 TiB, 15.27% gc time)
[2023-01-10T10:13:43.298]Completed Shot 5, state 27
4655.874943 seconds (3.28 G allocations: 8.149 TiB, 15.27% gc time)
[2023-01-10T10:13:44.625]Completed Shot 5, state 39
4656.333437 seconds (3.28 G allocations: 8.151 TiB, 15.26% gc time)
[2023-01-10T10:13:45.080]Completed Shot 5, state 21
4657.929955 seconds (3.28 G allocations: 8.155 TiB, 15.26% gc time)
[2023-01-10T10:13:46.678]Completed Shot 5, state 23
4658.498215 seconds (3.29 G allocations: 8.157 TiB, 15.26% gc time)
[2023-01-10T10:13:47.245]Completed Shot 5, state 18
4661.813248 seconds (3.29 G allocations: 8.160 TiB, 15.30% gc time)
[2023-01-10T10:13:50.564]Completed Shot 5, state 41
4662.158336 seconds (3.29 G allocations: 8.161 TiB, 15.30% gc time)
[2023-01-10T10:13:50.905]Completed Shot 5, state 19
4663.388775 seconds (3.29 G allocations: 8.164 TiB, 15.29% gc time)
[2023-01-10T10:13:52.141]Completed Shot 5, state 43
4667.442209 seconds (3.29 G allocations: 8.175 TiB, 15.28% gc time)
[2023-01-10T10:13:56.194]Completed Shot 5, state 48
4667.976482 seconds (3.29 G allocations: 8.177 TiB, 15.28% gc time)
[2023-01-10T10:13:56.726]Completed Shot 5, state 37
4668.712150 seconds (3.29 G allocations: 8.179 TiB, 15.27% gc time)
[2023-01-10T10:13:57.457]Completed Shot 5, state 9
4669.485678 seconds (3.29 G allocations: 8.180 TiB, 15.27% gc time)
[2023-01-10T10:13:58.230]Completed Shot 5, state 1
4672.671554 seconds (3.30 G allocations: 8.184 TiB, 15.30% gc time)
[2023-01-10T10:14:01.417]Completed Shot 5, state 11
4678.409637 seconds (3.30 G allocations: 8.197 TiB, 15.28% gc time)
[2023-01-10T10:14:07.156]Completed Shot 5, state 16
4679.100432 seconds (3.30 G allocations: 8.199 TiB, 15.28% gc time)
[2023-01-10T10:14:07.850]Completed Shot 5, state 33
4679.651084 seconds (3.30 G allocations: 8.200 TiB, 15.28% gc time)
[2023-01-10T10:14:08.399]Completed Shot 5, state 28
4679.702627 seconds (3.30 G allocations: 8.200 TiB, 15.28% gc time)
[2023-01-10T10:14:08.449]Completed Shot 5, state 17
4679.762112 seconds (3.30 G allocations: 8.200 TiB, 15.28% gc time)
[2023-01-10T10:14:08.506]Completed Shot 5, state 3
4681.569692 seconds (3.30 G allocations: 8.200 TiB, 15.30% gc time)
[2023-01-10T10:14:10.316]Completed Shot 5, state 15
4682.371833 seconds (3.30 G allocations: 8.202 TiB, 15.30% gc time)
[2023-01-10T10:14:11.124]Completed Shot 5, state 50
4682.777256 seconds (3.30 G allocations: 8.203 TiB, 15.30% gc time)
[2023-01-10T10:14:11.527]Completed Shot 5, state 35
4682.957874 seconds (3.30 G allocations: 8.204 TiB, 15.30% gc time)
[2023-01-10T10:14:11.707]Completed Shot 5, state 30
4684.175999 seconds (3.31 G allocations: 8.206 TiB, 15.30% gc time)
[2023-01-10T10:14:12.921]Completed Shot 5, state 10
4684.501557 seconds (3.31 G allocations: 8.207 TiB, 15.29% gc time)
[2023-01-10T10:14:13.246]Completed Shot 5, state 6
4685.914989 seconds (3.31 G allocations: 8.210 TiB, 15.29% gc time)
[2023-01-10T10:14:14.659]Completed Shot 5, state 2
4686.748012 seconds (3.31 G allocations: 8.212 TiB, 15.29% gc time)
[2023-01-10T10:14:15.500]Completed Shot 5, state 49
4687.318462 seconds (3.31 G allocations: 8.213 TiB, 15.29% gc time)
[2023-01-10T10:14:16.063]Completed Shot 5, state 5
4691.358246 seconds (3.31 G allocations: 8.218 TiB, 15.30% gc time)
[2023-01-10T10:14:20.104]Completed Shot 5, state 12
4691.851133 seconds (3.31 G allocations: 8.219 TiB, 15.29% gc time)
[2023-01-10T10:14:20.596]Completed Shot 5, state 7
4692.022838 seconds (3.31 G allocations: 8.219 TiB, 15.29% gc time)
[2023-01-10T10:14:20.774]Completed Shot 5, state 42
4692.446729 seconds (3.31 G allocations: 8.220 TiB, 15.29% gc time)
[2023-01-10T10:14:21.198]Completed Shot 5, state 45
4692.464720 seconds (3.31 G allocations: 8.220 TiB, 15.29% gc time)
[2023-01-10T10:14:21.210]Completed Shot 5, state 8
4692.701171 seconds (3.31 G allocations: 8.220 TiB, 15.29% gc time)
[2023-01-10T10:14:21.449]Completed Shot 5, state 24
4693.066047 seconds (3.31 G allocations: 8.221 TiB, 15.29% gc time)
[2023-01-10T10:14:21.814]Completed Shot 5, state 25
4693.562247 seconds (3.31 G allocations: 8.221 TiB, 15.29% gc time)
[2023-01-10T10:14:22.310]Completed Shot 5, state 22
4694.189503 seconds (3.31 G allocations: 8.222 TiB, 15.29% gc time)
[2023-01-10T10:14:22.939]Completed Shot 5, state 34
4697.041165 seconds (3.31 G allocations: 8.224 TiB, 15.29% gc time)
[2023-01-10T10:14:25.793]Completed Shot 5, state 46
4697.406266 seconds (3.31 G allocations: 8.224 TiB, 15.29% gc time)
[2023-01-10T10:14:26.152]Completed Shot 5, state 14
4698.216040 seconds (3.31 G allocations: 8.224 TiB, 15.29% gc time)
[2023-01-10T10:14:26.968]Completed Shot 5, state 47
4698.768768 seconds (3.31 G allocations: 8.225 TiB, 15.28% gc time)
[2023-01-10T10:14:27.518]Completed Shot 5, state 36
  Activating project at `/gpfs/bwfor/work/ws/hd_ku269-light_cones/WorkingFolder`
4701.303265 seconds (3.31 G allocations: 8.225 TiB, 15.28% gc time)
[2023-01-10T10:14:30.053]Completed Shot 5, state 29
4736.189914 seconds (3.31 G allocations: 8.228 TiB, 15.17% gc time)
[2023-01-10T10:15:04.937]Completed Shot 5, state 20
4876.155423 seconds (3.25 G allocations: 8.059 TiB, 14.73% gc time)
[2023-01-10T11:36:21.101]Completed Shot 6, state 49
4882.560342 seconds (3.25 G allocations: 8.074 TiB, 14.74% gc time)
[2023-01-10T11:36:27.503]Completed Shot 6, state 21
4909.941930 seconds (3.28 G allocations: 8.142 TiB, 14.75% gc time)
[2023-01-10T11:36:54.884]Completed Shot 6, state 20
4918.178956 seconds (3.29 G allocations: 8.163 TiB, 14.75% gc time)
[2023-01-10T11:37:03.124]Completed Shot 6, state 36
4920.512956 seconds (3.29 G allocations: 8.165 TiB, 14.78% gc time)
[2023-01-10T11:37:05.458]Completed Shot 6, state 40
4923.692306 seconds (3.29 G allocations: 8.174 TiB, 14.77% gc time)
[2023-01-10T11:37:08.637]Completed Shot 6, state 33
4924.153405 seconds (3.30 G allocations: 8.176 TiB, 14.77% gc time)
[2023-01-10T11:37:09.098]Completed Shot 6, state 42
4929.399428 seconds (3.30 G allocations: 8.187 TiB, 14.78% gc time)
[2023-01-10T11:37:14.342]Completed Shot 6, state 22
4933.610174 seconds (3.31 G allocations: 8.200 TiB, 14.77% gc time)
[2023-01-10T11:37:18.550]Completed Shot 6, state 6
4940.244636 seconds (3.31 G allocations: 8.214 TiB, 14.79% gc time)
[2023-01-10T11:37:25.186]Completed Shot 6, state 18
4941.615478 seconds (3.31 G allocations: 8.218 TiB, 14.79% gc time)
[2023-01-10T11:37:26.558]Completed Shot 6, state 23
4942.657179 seconds (3.31 G allocations: 8.221 TiB, 14.78% gc time)
[2023-01-10T11:37:27.598]Completed Shot 6, state 11
4947.295089 seconds (3.32 G allocations: 8.231 TiB, 14.79% gc time)
[2023-01-10T11:37:32.235]Completed Shot 6, state 2
4947.767123 seconds (3.32 G allocations: 8.233 TiB, 14.79% gc time)
[2023-01-10T11:37:32.707]Completed Shot 6, state 9
4952.179706 seconds (3.32 G allocations: 8.243 TiB, 14.79% gc time)
[2023-01-10T11:37:37.121]Completed Shot 6, state 15
4953.498446 seconds (3.32 G allocations: 8.247 TiB, 14.79% gc time)
[2023-01-10T11:37:38.441]Completed Shot 6, state 26
4956.796923 seconds (3.33 G allocations: 8.254 TiB, 14.79% gc time)
[2023-01-10T11:37:41.740]Completed Shot 6, state 27
4957.175836 seconds (3.33 G allocations: 8.255 TiB, 14.79% gc time)
[2023-01-10T11:37:42.121]Completed Shot 6, state 41
4958.369829 seconds (3.33 G allocations: 8.258 TiB, 14.79% gc time)
[2023-01-10T11:37:43.314]Completed Shot 6, state 30
4959.782607 seconds (3.33 G allocations: 8.262 TiB, 14.79% gc time)
[2023-01-10T11:37:44.727]Completed Shot 6, state 34
4959.799446 seconds (3.33 G allocations: 8.262 TiB, 14.79% gc time)
[2023-01-10T11:37:44.741]Completed Shot 6, state 16
4961.625649 seconds (3.33 G allocations: 8.265 TiB, 14.80% gc time)
[2023-01-10T11:37:46.571]Completed Shot 6, state 46
4962.747453 seconds (3.33 G allocations: 8.268 TiB, 14.79% gc time)
[2023-01-10T11:37:47.688]Completed Shot 6, state 10
4962.830667 seconds (3.33 G allocations: 8.268 TiB, 14.79% gc time)
[2023-01-10T11:37:47.770]Completed Shot 6, state 5
4963.694483 seconds (3.33 G allocations: 8.270 TiB, 14.79% gc time)
[2023-01-10T11:37:48.638]Completed Shot 6, state 31
4966.865599 seconds (3.34 G allocations: 8.276 TiB, 14.79% gc time)
[2023-01-10T11:37:51.804]Completed Shot 6, state 1
4967.194241 seconds (3.34 G allocations: 8.277 TiB, 14.79% gc time)
[2023-01-10T11:37:52.139]Completed Shot 6, state 50
4967.339217 seconds (3.34 G allocations: 8.278 TiB, 14.79% gc time)
[2023-01-10T11:37:52.284]Completed Shot 6, state 43
4967.430929 seconds (3.34 G allocations: 8.278 TiB, 14.79% gc time)
[2023-01-10T11:37:52.372]Completed Shot 6, state 14
4968.994729 seconds (3.34 G allocations: 8.281 TiB, 14.79% gc time)
[2023-01-10T11:37:53.938]Completed Shot 6, state 29
4970.591912 seconds (3.34 G allocations: 8.283 TiB, 14.80% gc time)
[2023-01-10T11:37:55.536]Completed Shot 6, state 37
4970.623188 seconds (3.34 G allocations: 8.283 TiB, 14.80% gc time)
[2023-01-10T11:37:55.568]Completed Shot 6, state 38
4971.039468 seconds (3.34 G allocations: 8.284 TiB, 14.79% gc time)
[2023-01-10T11:37:55.983]Completed Shot 6, state 28
4974.214506 seconds (3.34 G allocations: 8.289 TiB, 14.79% gc time)
[2023-01-10T11:37:59.154]Completed Shot 6, state 4
4974.562935 seconds (3.34 G allocations: 8.290 TiB, 14.79% gc time)
[2023-01-10T11:37:59.505]Completed Shot 6, state 25
4975.353157 seconds (3.34 G allocations: 8.291 TiB, 14.79% gc time)
[2023-01-10T11:38:00.298]Completed Shot 6, state 39
4975.882335 seconds (3.34 G allocations: 8.292 TiB, 14.79% gc time)
[2023-01-10T11:38:00.827]Completed Shot 6, state 48
4977.075012 seconds (3.34 G allocations: 8.294 TiB, 14.79% gc time)
[2023-01-10T11:38:02.015]Completed Shot 6, state 7
4977.654947 seconds (3.34 G allocations: 8.295 TiB, 14.79% gc time)
[2023-01-10T11:38:02.595]Completed Shot 6, state 12
4978.999386 seconds (3.35 G allocations: 8.297 TiB, 14.78% gc time)
[2023-01-10T11:38:03.940]Completed Shot 6, state 13
4979.164829 seconds (3.35 G allocations: 8.298 TiB, 14.78% gc time)
[2023-01-10T11:38:04.104]Completed Shot 6, state 3
4979.442557 seconds (3.35 G allocations: 8.298 TiB, 14.78% gc time)
[2023-01-10T11:38:04.384]Completed Shot 6, state 17
4981.797539 seconds (3.35 G allocations: 8.300 TiB, 14.78% gc time)
[2023-01-10T11:38:06.741]Completed Shot 6, state 32
4981.900404 seconds (3.35 G allocations: 8.300 TiB, 14.78% gc time)
[2023-01-10T11:38:06.840]Completed Shot 6, state 8
4983.885562 seconds (3.35 G allocations: 8.302 TiB, 14.77% gc time)
[2023-01-10T11:38:08.827]Completed Shot 6, state 19
4986.150021 seconds (3.35 G allocations: 8.304 TiB, 14.77% gc time)
[2023-01-10T11:38:11.095]Completed Shot 6, state 45
4986.666227 seconds (3.35 G allocations: 8.304 TiB, 14.77% gc time)
[2023-01-10T11:38:11.610]Completed Shot 6, state 35
4987.359307 seconds (3.35 G allocations: 8.304 TiB, 14.77% gc time)
[2023-01-10T11:38:12.302]Completed Shot 6, state 24
4987.499488 seconds (3.35 G allocations: 8.304 TiB, 14.77% gc time)
[2023-01-10T11:38:12.444]Completed Shot 6, state 47
4996.843886 seconds (3.35 G allocations: 8.305 TiB, 14.74% gc time)
[2023-01-10T11:38:21.789]Completed Shot 6, state 44
4991.831922 seconds (3.12 G allocations: 7.760 TiB, 11.02% gc time)
[2023-01-10T13:01:33.624]Completed Shot 7, state 24
5000.255514 seconds (3.12 G allocations: 7.775 TiB, 11.02% gc time)
[2023-01-10T13:01:42.048]Completed Shot 7, state 16
5006.142454 seconds (3.13 G allocations: 7.789 TiB, 11.01% gc time)
[2023-01-10T13:01:47.935]Completed Shot 7, state 31
5007.508439 seconds (3.13 G allocations: 7.789 TiB, 11.03% gc time)
[2023-01-10T13:01:49.301]Completed Shot 7, state 36
5008.794894 seconds (3.13 G allocations: 7.792 TiB, 11.03% gc time)
[2023-01-10T13:01:50.588]Completed Shot 7, state 25
5016.203144 seconds (3.13 G allocations: 7.806 TiB, 11.04% gc time)
[2023-01-10T13:01:57.994]Completed Shot 7, state 5
5040.145155 seconds (3.16 G allocations: 7.857 TiB, 11.03% gc time)
[2023-01-10T13:02:21.939]Completed Shot 7, state 50
5044.583219 seconds (3.16 G allocations: 7.864 TiB, 11.05% gc time)
[2023-01-10T13:02:26.375]Completed Shot 7, state 22
5047.803198 seconds (3.16 G allocations: 7.871 TiB, 11.04% gc time)
[2023-01-10T13:02:29.597]Completed Shot 7, state 48
5055.647611 seconds (3.17 G allocations: 7.888 TiB, 11.04% gc time)
[2023-01-10T13:02:37.439]Completed Shot 7, state 21
5059.388510 seconds (3.17 G allocations: 7.895 TiB, 11.06% gc time)
[2023-01-10T13:02:41.179]Completed Shot 7, state 7
5062.282616 seconds (3.17 G allocations: 7.901 TiB, 11.05% gc time)
[2023-01-10T13:02:44.076]Completed Shot 7, state 41
5063.835839 seconds (3.17 G allocations: 7.904 TiB, 11.05% gc time)
[2023-01-10T13:02:45.626]Completed Shot 7, state 4
5065.300933 seconds (3.18 G allocations: 7.906 TiB, 11.06% gc time)
[2023-01-10T13:02:47.094]Completed Shot 7, state 33
5066.328617 seconds (3.18 G allocations: 7.908 TiB, 11.05% gc time)
[2023-01-10T13:02:48.122]Completed Shot 7, state 40
5066.794824 seconds (3.18 G allocations: 7.909 TiB, 11.05% gc time)
[2023-01-10T13:02:48.586]Completed Shot 7, state 10
5067.050857 seconds (3.18 G allocations: 7.910 TiB, 11.05% gc time)
[2023-01-10T13:02:48.844]Completed Shot 7, state 37
5067.590739 seconds (3.18 G allocations: 7.911 TiB, 11.05% gc time)
[2023-01-10T13:02:49.381]Completed Shot 7, state 2
5070.338758 seconds (3.18 G allocations: 7.917 TiB, 11.04% gc time)
[2023-01-10T13:02:52.132]Completed Shot 7, state 34
5073.530627 seconds (3.18 G allocations: 7.922 TiB, 11.05% gc time)
[2023-01-10T13:02:55.324]Completed Shot 7, state 42
5073.879435 seconds (3.18 G allocations: 7.923 TiB, 11.05% gc time)
[2023-01-10T13:02:55.672]Completed Shot 7, state 35
5074.506677 seconds (3.18 G allocations: 7.924 TiB, 11.05% gc time)
[2023-01-10T13:02:56.300]Completed Shot 7, state 38
5078.042469 seconds (3.19 G allocations: 7.930 TiB, 11.06% gc time)
[2023-01-10T13:02:59.833]Completed Shot 7, state 9
5078.881324 seconds (3.19 G allocations: 7.932 TiB, 11.06% gc time)
[2023-01-10T13:03:00.673]Completed Shot 7, state 19
5080.710134 seconds (3.19 G allocations: 7.935 TiB, 11.05% gc time)
[2023-01-10T13:03:02.501]Completed Shot 7, state 6
5087.786155 seconds (3.19 G allocations: 7.946 TiB, 11.06% gc time)
[2023-01-10T13:03:09.578]Completed Shot 7, state 20
5088.370983 seconds (3.19 G allocations: 7.947 TiB, 11.06% gc time)
[2023-01-10T13:03:10.164]Completed Shot 7, state 46
5091.263240 seconds (3.19 G allocations: 7.952 TiB, 11.05% gc time)
[2023-01-10T13:03:13.055]Completed Shot 7, state 23
5093.252794 seconds (3.20 G allocations: 7.954 TiB, 11.06% gc time)
[2023-01-10T13:03:15.045]Completed Shot 7, state 27
5093.630498 seconds (3.20 G allocations: 7.955 TiB, 11.06% gc time)
[2023-01-10T13:03:15.424]Completed Shot 7, state 47
5093.838965 seconds (3.20 G allocations: 7.955 TiB, 11.06% gc time)
[2023-01-10T13:03:15.632]Completed Shot 7, state 39
5094.231173 seconds (3.20 G allocations: 7.956 TiB, 11.06% gc time)
[2023-01-10T13:03:16.025]Completed Shot 7, state 44
5094.453857 seconds (3.20 G allocations: 7.956 TiB, 11.06% gc time)
[2023-01-10T13:03:16.246]Completed Shot 7, state 28
5098.167671 seconds (3.20 G allocations: 7.961 TiB, 11.06% gc time)
[2023-01-10T13:03:19.958]Completed Shot 7, state 1
5099.089268 seconds (3.20 G allocations: 7.963 TiB, 11.06% gc time)
[2023-01-10T13:03:20.881]Completed Shot 7, state 18
5100.547105 seconds (3.20 G allocations: 7.965 TiB, 11.05% gc time)
[2023-01-10T13:03:22.338]Completed Shot 7, state 8
5101.022943 seconds (3.20 G allocations: 7.966 TiB, 11.05% gc time)
[2023-01-10T13:03:22.815]Completed Shot 7, state 17
5101.482870 seconds (3.20 G allocations: 7.966 TiB, 11.05% gc time)
[2023-01-10T13:03:23.276]Completed Shot 7, state 45
5103.414078 seconds (3.20 G allocations: 7.968 TiB, 11.06% gc time)
[2023-01-10T13:03:25.205]Completed Shot 7, state 12
5104.745513 seconds (3.20 G allocations: 7.970 TiB, 11.05% gc time)
[2023-01-10T13:03:26.539]Completed Shot 7, state 43
5110.069846 seconds (3.20 G allocations: 7.975 TiB, 11.05% gc time)
[2023-01-10T13:03:31.861]Completed Shot 7, state 15
5110.387247 seconds (3.20 G allocations: 7.976 TiB, 11.05% gc time)
[2023-01-10T13:03:32.180]Completed Shot 7, state 30
5110.852285 seconds (3.20 G allocations: 7.976 TiB, 11.05% gc time)
[2023-01-10T13:03:32.645]Completed Shot 7, state 29
5111.463820 seconds (3.20 G allocations: 7.976 TiB, 11.05% gc time)
[2023-01-10T13:03:33.257]Completed Shot 7, state 32
5113.774518 seconds (3.21 G allocations: 7.978 TiB, 11.05% gc time)
[2023-01-10T13:03:35.567]Completed Shot 7, state 26
5119.543573 seconds (3.21 G allocations: 7.982 TiB, 11.04% gc time)
[2023-01-10T13:03:41.335]Completed Shot 7, state 14
5120.002267 seconds (3.21 G allocations: 7.982 TiB, 11.04% gc time)
[2023-01-10T13:03:41.796]Completed Shot 7, state 49
5121.811909 seconds (3.21 G allocations: 7.983 TiB, 11.03% gc time)
[2023-01-10T13:03:43.603]Completed Shot 7, state 11
5122.730433 seconds (3.21 G allocations: 7.983 TiB, 11.03% gc time)
[2023-01-10T13:03:44.521]Completed Shot 7, state 3
5142.884821 seconds (3.21 G allocations: 7.985 TiB, 10.99% gc time)
[2023-01-10T13:04:04.676]Completed Shot 7, state 13
5030.567556 seconds (3.26 G allocations: 8.093 TiB, 12.02% gc time)
[2023-01-10T14:27:55.248]Completed Shot 8, state 39
5057.377931 seconds (3.29 G allocations: 8.152 TiB, 12.05% gc time)
[2023-01-10T14:28:22.057]Completed Shot 8, state 18
5068.229312 seconds (3.30 G allocations: 8.171 TiB, 12.09% gc time)
[2023-01-10T14:28:32.910]Completed Shot 8, state 27
5068.649061 seconds (3.30 G allocations: 8.173 TiB, 12.09% gc time)
[2023-01-10T14:28:33.329]Completed Shot 8, state 25
5082.309433 seconds (3.31 G allocations: 8.203 TiB, 12.11% gc time)
[2023-01-10T14:28:46.990]Completed Shot 8, state 36
5089.348828 seconds (3.31 G allocations: 8.217 TiB, 12.13% gc time)
[2023-01-10T14:28:54.028]Completed Shot 8, state 17
5091.522506 seconds (3.32 G allocations: 8.223 TiB, 12.12% gc time)
[2023-01-10T14:28:56.202]Completed Shot 8, state 32
5095.325552 seconds (3.32 G allocations: 8.234 TiB, 12.12% gc time)
[2023-01-10T14:29:00.004]Completed Shot 8, state 9
5101.304778 seconds (3.33 G allocations: 8.244 TiB, 12.14% gc time)
[2023-01-10T14:29:05.984]Completed Shot 8, state 24
5101.837535 seconds (3.33 G allocations: 8.245 TiB, 12.14% gc time)
[2023-01-10T14:29:06.518]Completed Shot 8, state 47
5103.233482 seconds (3.33 G allocations: 8.249 TiB, 12.14% gc time)
[2023-01-10T14:29:07.914]Completed Shot 8, state 49
5106.314093 seconds (3.33 G allocations: 8.257 TiB, 12.13% gc time)
[2023-01-10T14:29:10.994]Completed Shot 8, state 22
5107.276946 seconds (3.33 G allocations: 8.260 TiB, 12.13% gc time)
[2023-01-10T14:29:11.955]Completed Shot 8, state 8
5109.724845 seconds (3.33 G allocations: 8.262 TiB, 12.15% gc time)
[2023-01-10T14:29:14.403]Completed Shot 8, state 5
5111.523183 seconds (3.34 G allocations: 8.267 TiB, 12.15% gc time)
[2023-01-10T14:29:16.201]Completed Shot 8, state 2
5114.516410 seconds (3.34 G allocations: 8.276 TiB, 12.14% gc time)
[2023-01-10T14:29:19.197]Completed Shot 8, state 31
5114.768359 seconds (3.34 G allocations: 8.276 TiB, 12.14% gc time)
[2023-01-10T14:29:19.446]Completed Shot 8, state 6
5116.120320 seconds (3.34 G allocations: 8.280 TiB, 12.13% gc time)
[2023-01-10T14:29:20.800]Completed Shot 8, state 20
5120.475369 seconds (3.34 G allocations: 8.287 TiB, 12.15% gc time)
[2023-01-10T14:29:25.154]Completed Shot 8, state 14
5120.839290 seconds (3.34 G allocations: 8.288 TiB, 12.15% gc time)
[2023-01-10T14:29:25.519]Completed Shot 8, state 34
5122.971144 seconds (3.35 G allocations: 8.294 TiB, 12.15% gc time)
[2023-01-10T14:29:27.651]Completed Shot 8, state 30
5123.156914 seconds (3.35 G allocations: 8.294 TiB, 12.15% gc time)
[2023-01-10T14:29:27.835]Completed Shot 8, state 7
5123.533576 seconds (3.35 G allocations: 8.295 TiB, 12.15% gc time)
[2023-01-10T14:29:28.214]Completed Shot 8, state 45
5123.722803 seconds (3.35 G allocations: 8.296 TiB, 12.15% gc time)
[2023-01-10T14:29:28.400]Completed Shot 8, state 3
5125.638024 seconds (3.35 G allocations: 8.298 TiB, 12.16% gc time)
[2023-01-10T14:29:30.319]Completed Shot 8, state 44
5127.237206 seconds (3.35 G allocations: 8.302 TiB, 12.15% gc time)
[2023-01-10T14:29:31.918]Completed Shot 8, state 41
5127.388070 seconds (3.35 G allocations: 8.302 TiB, 12.15% gc time)
[2023-01-10T14:29:32.068]Completed Shot 8, state 23
5130.876978 seconds (3.35 G allocations: 8.309 TiB, 12.15% gc time)
[2023-01-10T14:29:35.557]Completed Shot 8, state 38
5130.948689 seconds (3.35 G allocations: 8.310 TiB, 12.14% gc time)
[2023-01-10T14:29:35.627]Completed Shot 8, state 12
5131.115712 seconds (3.35 G allocations: 8.310 TiB, 12.14% gc time)
[2023-01-10T14:29:35.793]Completed Shot 8, state 4
5133.215802 seconds (3.35 G allocations: 8.312 TiB, 12.16% gc time)
[2023-01-10T14:29:37.895]Completed Shot 8, state 16
5134.816415 seconds (3.36 G allocations: 8.315 TiB, 12.16% gc time)
[2023-01-10T14:29:39.496]Completed Shot 8, state 29
5134.958752 seconds (3.36 G allocations: 8.315 TiB, 12.16% gc time)
[2023-01-10T14:29:39.639]Completed Shot 8, state 35
5137.694203 seconds (3.36 G allocations: 8.321 TiB, 12.15% gc time)
[2023-01-10T14:29:42.375]Completed Shot 8, state 48
5140.558696 seconds (3.36 G allocations: 8.324 TiB, 12.16% gc time)
[2023-01-10T14:29:45.239]Completed Shot 8, state 37
5142.233124 seconds (3.36 G allocations: 8.327 TiB, 12.15% gc time)
[2023-01-10T14:29:46.914]Completed Shot 8, state 43
5142.844784 seconds (3.36 G allocations: 8.329 TiB, 12.15% gc time)
[2023-01-10T14:29:47.525]Completed Shot 8, state 42
5144.174693 seconds (3.36 G allocations: 8.331 TiB, 12.15% gc time)
[2023-01-10T14:29:48.852]Completed Shot 8, state 1
5144.562053 seconds (3.36 G allocations: 8.331 TiB, 12.15% gc time)
[2023-01-10T14:29:49.241]Completed Shot 8, state 13
5147.299782 seconds (3.36 G allocations: 8.334 TiB, 12.16% gc time)
[2023-01-10T14:29:51.979]Completed Shot 8, state 26
5147.621219 seconds (3.36 G allocations: 8.334 TiB, 12.16% gc time)
[2023-01-10T14:29:52.302]Completed Shot 8, state 40
5151.481749 seconds (3.36 G allocations: 8.339 TiB, 12.15% gc time)
[2023-01-10T14:29:56.162]Completed Shot 8, state 33
5152.461919 seconds (3.37 G allocations: 8.339 TiB, 12.15% gc time)
[2023-01-10T14:29:57.140]Completed Shot 8, state 10
5155.959645 seconds (3.37 G allocations: 8.343 TiB, 12.14% gc time)
[2023-01-10T14:30:00.639]Completed Shot 8, state 19
5157.725589 seconds (3.37 G allocations: 8.344 TiB, 12.14% gc time)
[2023-01-10T14:30:02.405]Completed Shot 8, state 28
5158.226946 seconds (3.37 G allocations: 8.345 TiB, 12.14% gc time)
[2023-01-10T14:30:02.906]Completed Shot 8, state 15
5160.971708 seconds (3.37 G allocations: 8.346 TiB, 12.13% gc time)
[2023-01-10T14:30:05.652]Completed Shot 8, state 46
5164.645582 seconds (3.37 G allocations: 8.348 TiB, 12.12% gc time)
[2023-01-10T14:30:09.326]Completed Shot 8, state 50
5166.395454 seconds (3.37 G allocations: 8.348 TiB, 12.12% gc time)
[2023-01-10T14:30:11.074]Completed Shot 8, state 11
5178.510958 seconds (3.37 G allocations: 8.349 TiB, 12.09% gc time)
[2023-01-10T14:30:23.190]Completed Shot 8, state 21
4733.425751 seconds (3.21 G allocations: 7.969 TiB, 12.83% gc time)
[2023-01-10T15:49:16.621]Completed Shot 9, state 11
4738.847016 seconds (3.21 G allocations: 7.980 TiB, 12.84% gc time)
[2023-01-10T15:49:22.046]Completed Shot 9, state 28
4739.781404 seconds (3.22 G allocations: 7.983 TiB, 12.84% gc time)
[2023-01-10T15:49:22.978]Completed Shot 9, state 13
4744.392875 seconds (3.22 G allocations: 7.992 TiB, 12.85% gc time)
[2023-01-10T15:49:27.590]Completed Shot 9, state 17
4744.402216 seconds (3.22 G allocations: 7.993 TiB, 12.85% gc time)
[2023-01-10T15:49:27.600]Completed Shot 9, state 24
4746.128017 seconds (3.22 G allocations: 7.997 TiB, 12.84% gc time)
[2023-01-10T15:49:29.328]Completed Shot 9, state 42
4746.561408 seconds (3.22 G allocations: 7.998 TiB, 12.84% gc time)
[2023-01-10T15:49:29.761]Completed Shot 9, state 30
4746.671425 seconds (3.22 G allocations: 7.999 TiB, 12.84% gc time)
[2023-01-10T15:49:29.872]Completed Shot 9, state 44
4747.785626 seconds (3.22 G allocations: 8.002 TiB, 12.84% gc time)
[2023-01-10T15:49:30.984]Completed Shot 9, state 22
4749.524558 seconds (3.22 G allocations: 8.003 TiB, 12.86% gc time)
[2023-01-10T15:49:32.719]Completed Shot 9, state 9
4750.660566 seconds (3.23 G allocations: 8.006 TiB, 12.85% gc time)
[2023-01-10T15:49:33.861]Completed Shot 9, state 49
4754.474055 seconds (3.23 G allocations: 8.015 TiB, 12.86% gc time)
[2023-01-10T15:49:37.672]Completed Shot 9, state 25
4757.775525 seconds (3.23 G allocations: 8.023 TiB, 12.85% gc time)
[2023-01-10T15:49:40.970]Completed Shot 9, state 8
4758.454050 seconds (3.23 G allocations: 8.025 TiB, 12.85% gc time)
[2023-01-10T15:49:41.653]Completed Shot 9, state 27
4759.855177 seconds (3.23 G allocations: 8.027 TiB, 12.86% gc time)
[2023-01-10T15:49:43.055]Completed Shot 9, state 33
4761.501908 seconds (3.24 G allocations: 8.031 TiB, 12.86% gc time)
[2023-01-10T15:49:44.698]Completed Shot 9, state 15
4761.612019 seconds (3.24 G allocations: 8.031 TiB, 12.86% gc time)
[2023-01-10T15:49:44.806]Completed Shot 9, state 5
4762.845235 seconds (3.24 G allocations: 8.035 TiB, 12.85% gc time)
[2023-01-10T15:49:46.038]Completed Shot 9, state 2
4766.845553 seconds (3.24 G allocations: 8.043 TiB, 12.86% gc time)
[2023-01-10T15:49:50.041]Completed Shot 9, state 10
4768.242891 seconds (3.24 G allocations: 8.046 TiB, 12.85% gc time)
[2023-01-10T15:49:51.437]Completed Shot 9, state 4
4769.653627 seconds (3.24 G allocations: 8.048 TiB, 12.86% gc time)
[2023-01-10T15:49:52.853]Completed Shot 9, state 32
4769.876837 seconds (3.24 G allocations: 8.049 TiB, 12.86% gc time)
[2023-01-10T15:49:53.077]Completed Shot 9, state 50
4771.889628 seconds (3.24 G allocations: 8.053 TiB, 12.86% gc time)
[2023-01-10T15:49:55.087]Completed Shot 9, state 19
4772.162335 seconds (3.25 G allocations: 8.054 TiB, 12.86% gc time)
[2023-01-10T15:49:55.356]Completed Shot 9, state 6
4774.462176 seconds (3.25 G allocations: 8.057 TiB, 12.87% gc time)
[2023-01-10T15:49:57.662]Completed Shot 9, state 43
4775.287230 seconds (3.25 G allocations: 8.059 TiB, 12.86% gc time)
[2023-01-10T15:49:58.484]Completed Shot 9, state 18
4775.536839 seconds (3.25 G allocations: 8.060 TiB, 12.86% gc time)
[2023-01-10T15:49:58.737]Completed Shot 9, state 38
4776.799248 seconds (3.25 G allocations: 8.063 TiB, 12.86% gc time)
[2023-01-10T15:49:59.999]Completed Shot 9, state 48
4778.270268 seconds (3.25 G allocations: 8.064 TiB, 12.87% gc time)
[2023-01-10T15:50:01.464]Completed Shot 9, state 3
4778.867183 seconds (3.25 G allocations: 8.066 TiB, 12.87% gc time)
[2023-01-10T15:50:02.066]Completed Shot 9, state 26
4779.377847 seconds (3.25 G allocations: 8.067 TiB, 12.87% gc time)
[2023-01-10T15:50:02.578]Completed Shot 9, state 47
4786.797269 seconds (3.26 G allocations: 8.079 TiB, 12.87% gc time)
[2023-01-10T15:50:09.997]Completed Shot 9, state 36
4789.646573 seconds (3.26 G allocations: 8.085 TiB, 12.86% gc time)
[2023-01-10T15:50:12.846]Completed Shot 9, state 34
4790.841149 seconds (3.26 G allocations: 8.087 TiB, 12.87% gc time)
[2023-01-10T15:50:14.036]Completed Shot 9, state 12
4791.689059 seconds (3.26 G allocations: 8.088 TiB, 12.87% gc time)
[2023-01-10T15:50:14.888]Completed Shot 9, state 31
4791.777740 seconds (3.26 G allocations: 8.088 TiB, 12.87% gc time)
[2023-01-10T15:50:14.978]Completed Shot 9, state 46
4792.265344 seconds (3.26 G allocations: 8.089 TiB, 12.87% gc time)
[2023-01-10T15:50:15.463]Completed Shot 9, state 23
4793.856789 seconds (3.26 G allocations: 8.092 TiB, 12.86% gc time)
[2023-01-10T15:50:17.057]Completed Shot 9, state 41
4795.369715 seconds (3.26 G allocations: 8.094 TiB, 12.87% gc time)
[2023-01-10T15:50:18.570]Completed Shot 9, state 39
4796.255571 seconds (3.26 G allocations: 8.095 TiB, 12.86% gc time)
[2023-01-10T15:50:19.455]Completed Shot 9, state 37
4797.173067 seconds (3.26 G allocations: 8.096 TiB, 12.86% gc time)
[2023-01-10T15:50:20.366]Completed Shot 9, state 1
4798.604450 seconds (3.26 G allocations: 8.097 TiB, 12.86% gc time)
[2023-01-10T15:50:21.798]Completed Shot 9, state 7
4798.951167 seconds (3.26 G allocations: 8.098 TiB, 12.86% gc time)
[2023-01-10T15:50:22.150]Completed Shot 9, state 29
4800.421153 seconds (3.26 G allocations: 8.099 TiB, 12.86% gc time)
[2023-01-10T15:50:23.617]Completed Shot 9, state 14
4801.401407 seconds (3.26 G allocations: 8.100 TiB, 12.86% gc time)
[2023-01-10T15:50:24.601]Completed Shot 9, state 40
4803.382547 seconds (3.26 G allocations: 8.101 TiB, 12.85% gc time)
[2023-01-10T15:50:26.580]Completed Shot 9, state 20
4803.403820 seconds (3.26 G allocations: 8.101 TiB, 12.85% gc time)
[2023-01-10T15:50:26.603]Completed Shot 9, state 35
4806.936410 seconds (3.27 G allocations: 8.102 TiB, 12.85% gc time)
[2023-01-10T15:50:30.133]Completed Shot 9, state 16
4807.191294 seconds (3.27 G allocations: 8.103 TiB, 12.85% gc time)
[2023-01-10T15:50:30.391]Completed Shot 9, state 45
4808.957856 seconds (3.27 G allocations: 8.103 TiB, 12.84% gc time)
[2023-01-10T15:50:32.156]Completed Shot 9, state 21
4641.774963 seconds (3.23 G allocations: 8.018 TiB, 13.06% gc time)
[2023-01-10T17:07:53.935]Completed Shot 10, state 15
4655.136173 seconds (3.24 G allocations: 8.050 TiB, 13.07% gc time)
[2023-01-10T17:08:07.300]Completed Shot 10, state 48
4655.350975 seconds (3.24 G allocations: 8.051 TiB, 13.07% gc time)
[2023-01-10T17:08:07.514]Completed Shot 10, state 38
4660.086644 seconds (3.24 G allocations: 8.058 TiB, 13.10% gc time)
[2023-01-10T17:08:12.248]Completed Shot 10, state 22
4661.879962 seconds (3.25 G allocations: 8.063 TiB, 13.10% gc time)
[2023-01-10T17:08:14.038]Completed Shot 10, state 5
4666.080990 seconds (3.25 G allocations: 8.076 TiB, 13.08% gc time)
[2023-01-10T17:08:18.245]Completed Shot 10, state 42
4666.996319 seconds (3.25 G allocations: 8.078 TiB, 13.08% gc time)
[2023-01-10T17:08:19.158]Completed Shot 10, state 27
4670.839538 seconds (3.25 G allocations: 8.082 TiB, 13.12% gc time)
[2023-01-10T17:08:23.002]Completed Shot 10, state 37
4672.224332 seconds (3.26 G allocations: 8.086 TiB, 13.12% gc time)
[2023-01-10T17:08:24.383]Completed Shot 10, state 8
4676.295241 seconds (3.26 G allocations: 8.099 TiB, 13.11% gc time)
[2023-01-10T17:08:28.458]Completed Shot 10, state 43
4676.297146 seconds (3.26 G allocations: 8.099 TiB, 13.11% gc time)
[2023-01-10T17:08:28.458]Completed Shot 10, state 23
4680.576000 seconds (3.26 G allocations: 8.106 TiB, 13.13% gc time)
[2023-01-10T17:08:32.738]Completed Shot 10, state 29
4682.285745 seconds (3.27 G allocations: 8.111 TiB, 13.13% gc time)
[2023-01-10T17:08:34.443]Completed Shot 10, state 4
4684.731197 seconds (3.27 G allocations: 8.118 TiB, 13.12% gc time)
[2023-01-10T17:08:36.895]Completed Shot 10, state 50
4684.835683 seconds (3.27 G allocations: 8.118 TiB, 13.12% gc time)
[2023-01-10T17:08:36.995]Completed Shot 10, state 13
4685.286103 seconds (3.27 G allocations: 8.120 TiB, 13.12% gc time)
[2023-01-10T17:08:37.447]Completed Shot 10, state 21
4687.508254 seconds (3.27 G allocations: 8.125 TiB, 13.11% gc time)
[2023-01-10T17:08:39.672]Completed Shot 10, state 45
4690.176088 seconds (3.27 G allocations: 8.129 TiB, 13.14% gc time)
[2023-01-10T17:08:42.339]Completed Shot 10, state 36
4691.373798 seconds (3.27 G allocations: 8.132 TiB, 13.14% gc time)
[2023-01-10T17:08:43.533]Completed Shot 10, state 10
4692.436708 seconds (3.28 G allocations: 8.135 TiB, 13.13% gc time)
[2023-01-10T17:08:44.595]Completed Shot 10, state 7
4692.645043 seconds (3.28 G allocations: 8.135 TiB, 13.13% gc time)
[2023-01-10T17:08:44.805]Completed Shot 10, state 16
4692.672773 seconds (3.28 G allocations: 8.135 TiB, 13.13% gc time)
[2023-01-10T17:08:44.830]Completed Shot 10, state 2
4693.846869 seconds (3.28 G allocations: 8.139 TiB, 13.13% gc time)
[2023-01-10T17:08:46.007]Completed Shot 10, state 19
4694.827536 seconds (3.28 G allocations: 8.141 TiB, 13.13% gc time)
[2023-01-10T17:08:46.990]Completed Shot 10, state 32
4698.372954 seconds (3.28 G allocations: 8.146 TiB, 13.14% gc time)
[2023-01-10T17:08:50.536]Completed Shot 10, state 33
4698.779347 seconds (3.28 G allocations: 8.147 TiB, 13.14% gc time)
[2023-01-10T17:08:50.943]Completed Shot 10, state 49
4699.663370 seconds (3.28 G allocations: 8.149 TiB, 13.14% gc time)
[2023-01-10T17:08:51.826]Completed Shot 10, state 35
4699.794648 seconds (3.28 G allocations: 8.150 TiB, 13.14% gc time)
[2023-01-10T17:08:51.953]Completed Shot 10, state 6
4703.058232 seconds (3.28 G allocations: 8.155 TiB, 13.15% gc time)
[2023-01-10T17:08:55.217]Completed Shot 10, state 9
4705.126617 seconds (3.29 G allocations: 8.161 TiB, 13.14% gc time)
[2023-01-10T17:08:57.289]Completed Shot 10, state 41
4705.862658 seconds (3.29 G allocations: 8.162 TiB, 13.14% gc time)
[2023-01-10T17:08:58.026]Completed Shot 10, state 44
4707.022705 seconds (3.29 G allocations: 8.164 TiB, 13.14% gc time)
[2023-01-10T17:08:59.180]Completed Shot 10, state 1
4708.570259 seconds (3.29 G allocations: 8.166 TiB, 13.15% gc time)
[2023-01-10T17:09:00.731]Completed Shot 10, state 24
4708.621685 seconds (3.29 G allocations: 8.166 TiB, 13.15% gc time)
[2023-01-10T17:09:00.780]Completed Shot 10, state 11
4708.820236 seconds (3.29 G allocations: 8.166 TiB, 13.15% gc time)
[2023-01-10T17:09:00.983]Completed Shot 10, state 34
4708.845210 seconds (3.29 G allocations: 8.166 TiB, 13.15% gc time)
[2023-01-10T17:09:01.004]Completed Shot 10, state 12
4709.429995 seconds (3.29 G allocations: 8.167 TiB, 13.15% gc time)
[2023-01-10T17:09:01.590]Completed Shot 10, state 17
4709.708643 seconds (3.29 G allocations: 8.168 TiB, 13.15% gc time)
[2023-01-10T17:09:01.870]Completed Shot 10, state 26
4709.748317 seconds (3.29 G allocations: 8.168 TiB, 13.15% gc time)
[2023-01-10T17:09:01.910]Completed Shot 10, state 31
4712.388855 seconds (3.29 G allocations: 8.171 TiB, 13.14% gc time)
[2023-01-10T17:09:04.550]Completed Shot 10, state 25
4715.098774 seconds (3.29 G allocations: 8.174 TiB, 13.14% gc time)
[2023-01-10T17:09:07.259]Completed Shot 10, state 18
4715.208651 seconds (3.29 G allocations: 8.174 TiB, 13.14% gc time)
[2023-01-10T17:09:07.370]Completed Shot 10, state 28
4716.875493 seconds (3.29 G allocations: 8.176 TiB, 13.14% gc time)
[2023-01-10T17:09:09.035]Completed Shot 10, state 14
4717.183811 seconds (3.29 G allocations: 8.176 TiB, 13.14% gc time)
[2023-01-10T17:09:09.347]Completed Shot 10, state 46
4717.837999 seconds (3.29 G allocations: 8.177 TiB, 13.14% gc time)
[2023-01-10T17:09:10.001]Completed Shot 10, state 40
4717.945204 seconds (3.29 G allocations: 8.177 TiB, 13.13% gc time)
[2023-01-10T17:09:10.108]Completed Shot 10, state 39
4718.980497 seconds (3.29 G allocations: 8.177 TiB, 13.14% gc time)
[2023-01-10T17:09:11.142]Completed Shot 10, state 30
4731.145822 seconds (3.30 G allocations: 8.182 TiB, 13.11% gc time)
[2023-01-10T17:09:23.303]Completed Shot 10, state 3
4733.225711 seconds (3.30 G allocations: 8.182 TiB, 13.10% gc time)
[2023-01-10T17:09:25.389]Completed Shot 10, state 47
4736.251313 seconds (3.30 G allocations: 8.183 TiB, 13.10% gc time)
[2023-01-10T17:09:28.412]Completed Shot 10, state 20
[2023-01-10T17:09:28.412]**********Simulation completed!**********
[2023-01-10T17:09:28.413]**********Saving**********
[2023-01-10T17:09:32.524]Saving file: /gpfs/bwfor/work/ws/hd_ku269-logs/LightCones/2023-01-10/482037_N11_BS.jld2
[2023-01-10T17:09:34.089]**********Run completed!**********
============================= JOB FEEDBACK =============================
Job ID: 482037
Cluster: helix
User/Group: hd_ku269/hd_hd
State: COMPLETED (exit code 0)
Nodes: 1
Cores per node: 64
CPU Utilized: 31-09:28:50
CPU Efficiency: 88.05% of 35-15:44:00 core-walltime
Job Wall-clock time: 13:22:15
Memory Utilized: 81.21 GB
Memory Efficiency: 34.41% of 236.00 GB
