Added MKL.jl
Project LightCones v0.1.0
Status `/gpfs/bwfor/work/ws/hd_ku269-light_cones/WorkingFolder/Project.toml`
⌃ [7d9fca2a] Arpack v0.5.3
⌃ [7073ff75] IJulia v1.23.3
⌃ [033835bb] JLD2 v0.4.25
  [0b1a1467] KrylovKit v0.6.0
  [d3d80556] LineSearches v7.2.0
  [33e6dc65] MKL v0.6.0
⌃ [429524aa] Optim v1.7.3
⌃ [91a5bcdd] Plots v1.35.5
⌃ [c3e4b0f8] Pluto v0.19.14
  [3c0b384b] QuantumInformation v0.4.9
  [189a3867] Reexport v1.2.2
⌃ [295af30f] Revise v3.4.0
  [ebcc8a00] SpinSymmetry v0.3.3
  [59d54670] ThreadedSparseArrays v0.2.2
  [ade2ca70] Dates
  [8ba89e20] Distributed
  [37e2e46d] LinearAlgebra
  [de0858da] Printf
  [9a3f8284] Random
  [1a1011a3] SharedArrays
  [2f01184e] SparseArrays
  [10745b16] Statistics
Info Packages marked with ⌃ have new versions available and may be upgradable.
[2023-01-10T05:48:29.902]**********RANDOM FIELDS**********
shared_krylov.jl
Working Directory:          /gpfs/bwfor/work/ws/hd_ku269-light_cones/WorkingFolder
SLURM Directory:            /gpfs/bwfor/work/ws/hd_ku269-light_cones/WorkingFolder 
Running on host:            m03c02
Job id:                     482049
Job name:                   otoc_simulation_N11_TR_FIDONLYFR
Number of nodes allocated:  
Number of cores allocated:  1
#threads of Julia:          64
#threads of BLAS:           1
ARGS = ["11", "10", "50", "BS", "x", "3", "50", "WAHUHA_FR"]
LOCATION = "/gpfs/bwfor/work/ws/hd_ku269-logs/LightCones/2023-01-10"
N = 11
SHOTS = 10
MULT_RANDOM_STATES = true
N_RANDOM_STATES = 50
TYPE_OF_RS = "BS"
OBSERVABLE = "x"
DISORDER_PARAM = 3.0
[2023-01-10T05:48:30.107]**********Running simulation**********
[2023-01-10T05:48:30.157]trange = 0.1:0.1:20.0
[2023-01-10T05:48:30.458]A = σx
[2023-01-10T05:48:30.862]alpha=6
[2023-01-10T05:48:30.862]PBC
10[2023-01-10T05:48:33.438]Operations set up.
Using multiple states.
4494.822156 seconds (3.27 G allocations: 8.105 TiB, 14.04% gc time, 0.14% compilation time)
[2023-01-10T07:03:38.288]Completed Shot 1, state 24
4503.959745 seconds (3.28 G allocations: 8.137 TiB, 14.07% gc time, 0.05% compilation time)
[2023-01-10T07:03:51.381]Completed Shot 1, state 33
4506.718280 seconds (3.29 G allocations: 8.145 TiB, 14.06% gc time, 0.05% compilation time)
[2023-01-10T07:03:54.136]Completed Shot 1, state 13
4508.174915 seconds (3.29 G allocations: 8.150 TiB, 14.05% gc time, 0.05% compilation time)
[2023-01-10T07:03:55.600]Completed Shot 1, state 3
4516.402908 seconds (3.30 G allocations: 8.167 TiB, 14.08% gc time, 0.05% compilation time)
[2023-01-10T07:04:03.820]Completed Shot 1, state 43
4520.120678 seconds (3.30 G allocations: 8.179 TiB, 14.07% gc time, 0.05% compilation time)
[2023-01-10T07:04:07.538]Completed Shot 1, state 11
4522.312643 seconds (3.30 G allocations: 8.185 TiB, 14.06% gc time, 0.05% compilation time)
[2023-01-10T07:04:09.672]Completed Shot 1, state 34
4525.211493 seconds (3.30 G allocations: 8.187 TiB, 14.10% gc time, 0.05% compilation time)
[2023-01-10T07:04:12.636]Completed Shot 1, state 19
4526.888579 seconds (3.31 G allocations: 8.193 TiB, 14.09% gc time, 0.05% compilation time)
[2023-01-10T07:04:14.313]Completed Shot 1, state 5
4527.286891 seconds (3.31 G allocations: 8.194 TiB, 14.09% gc time, 0.05% compilation time)
[2023-01-10T07:04:14.705]Completed Shot 1, state 26
4527.633174 seconds (3.31 G allocations: 8.194 TiB, 14.09% gc time, 0.06% compilation time)
[2023-01-10T07:04:14.713]Completed Shot 1, state 38
4527.340953 seconds (3.31 G allocations: 8.194 TiB, 14.09% gc time, 0.05% compilation time)
[2023-01-10T07:04:14.758]Completed Shot 1, state 7
4529.198415 seconds (3.31 G allocations: 8.200 TiB, 14.09% gc time, 0.05% compilation time)
[2023-01-10T07:04:16.615]Completed Shot 1, state 46
4529.332625 seconds (3.31 G allocations: 8.200 TiB, 14.09% gc time, 0.05% compilation time)
[2023-01-10T07:04:16.758]Completed Shot 1, state 41
4529.364657 seconds (3.31 G allocations: 8.200 TiB, 14.09% gc time, 0.05% compilation time)
[2023-01-10T07:04:16.783]Completed Shot 1, state 27
4529.572862 seconds (3.31 G allocations: 8.201 TiB, 14.09% gc time, 0.05% compilation time)
[2023-01-10T07:04:16.990]Completed Shot 1, state 22
4530.737869 seconds (3.31 G allocations: 8.203 TiB, 14.08% gc time, 0.06% compilation time)
[2023-01-10T07:04:17.818]Completed Shot 1, state 44
4531.044845 seconds (3.31 G allocations: 8.204 TiB, 14.08% gc time, 0.06% compilation time)
[2023-01-10T07:04:18.201]Completed Shot 1, state 4
4531.270081 seconds (3.31 G allocations: 8.206 TiB, 14.08% gc time, 0.05% compilation time)
[2023-01-10T07:04:18.687]Completed Shot 1, state 39
4535.697853 seconds (3.31 G allocations: 8.207 TiB, 14.07% gc time, 0.14% compilation time)
[2023-01-10T07:04:19.105]Completed Shot 1, state 42
4539.705581 seconds (3.32 G allocations: 8.213 TiB, 14.09% gc time, 0.14% compilation time)
[2023-01-10T07:04:23.113]Completed Shot 1, state 1
4539.977536 seconds (3.32 G allocations: 8.214 TiB, 14.09% gc time, 0.14% compilation time)
[2023-01-10T07:04:23.385]Completed Shot 1, state 47
4537.464633 seconds (3.32 G allocations: 8.218 TiB, 14.10% gc time, 0.05% compilation time)
[2023-01-10T07:04:24.823]Completed Shot 1, state 31
4538.594134 seconds (3.32 G allocations: 8.221 TiB, 14.09% gc time, 0.06% compilation time)
[2023-01-10T07:04:25.750]Completed Shot 1, state 45
4538.516449 seconds (3.32 G allocations: 8.221 TiB, 14.09% gc time, 0.05% compilation time)
[2023-01-10T07:04:25.874]Completed Shot 1, state 30
4538.864524 seconds (3.32 G allocations: 8.222 TiB, 14.09% gc time, 0.06% compilation time)
[2023-01-10T07:04:25.944]Completed Shot 1, state 49
4538.695741 seconds (3.32 G allocations: 8.222 TiB, 14.09% gc time, 0.05% compilation time)
[2023-01-10T07:04:26.118]Completed Shot 1, state 10
4540.622526 seconds (3.32 G allocations: 8.224 TiB, 14.11% gc time, 0.06% compilation time)
[2023-01-10T07:04:27.702]Completed Shot 1, state 25
4542.022135 seconds (3.32 G allocations: 8.228 TiB, 14.11% gc time, 0.06% compilation time)
[2023-01-10T07:04:29.179]Completed Shot 1, state 50
4541.843584 seconds (3.32 G allocations: 8.228 TiB, 14.11% gc time, 0.05% compilation time)
[2023-01-10T07:04:29.195]Completed Shot 1, state 16
4542.397172 seconds (3.32 G allocations: 8.229 TiB, 14.11% gc time, 0.05% compilation time)
[2023-01-10T07:04:29.817]Completed Shot 1, state 37
4542.802550 seconds (3.32 G allocations: 8.230 TiB, 14.10% gc time, 0.05% compilation time)
[2023-01-10T07:04:30.220]Completed Shot 1, state 48
4543.150861 seconds (3.32 G allocations: 8.231 TiB, 14.10% gc time, 0.06% compilation time)
[2023-01-10T07:04:30.308]Completed Shot 1, state 32
4546.980389 seconds (3.32 G allocations: 8.231 TiB, 14.09% gc time, 0.14% compilation time)
[2023-01-10T07:04:30.429]Completed Shot 1, state 14
4543.330652 seconds (3.32 G allocations: 8.232 TiB, 14.10% gc time, 0.05% compilation time)
[2023-01-10T07:04:30.751]Completed Shot 1, state 18
4549.013264 seconds (3.32 G allocations: 8.234 TiB, 14.10% gc time, 0.14% compilation time)
[2023-01-10T07:04:32.421]Completed Shot 1, state 28
4549.854330 seconds (3.32 G allocations: 8.235 TiB, 14.10% gc time, 0.14% compilation time)
[2023-01-10T07:04:33.303]Completed Shot 1, state 2
4547.682340 seconds (3.33 G allocations: 8.239 TiB, 14.11% gc time, 0.05% compilation time)
[2023-01-10T07:04:35.031]Completed Shot 1, state 36
4547.984063 seconds (3.33 G allocations: 8.239 TiB, 14.11% gc time, 0.05% compilation time)
[2023-01-10T07:04:35.401]Completed Shot 1, state 20
4550.138088 seconds (3.33 G allocations: 8.242 TiB, 14.11% gc time, 0.05% compilation time)
[2023-01-10T07:04:37.557]Completed Shot 1, state 17
4550.784545 seconds (3.33 G allocations: 8.243 TiB, 14.10% gc time, 0.05% compilation time)
[2023-01-10T07:04:38.134]Completed Shot 1, state 29
4553.686735 seconds (3.33 G allocations: 8.246 TiB, 14.10% gc time, 0.05% compilation time)
[2023-01-10T07:04:41.107]Completed Shot 1, state 23
4555.271045 seconds (3.33 G allocations: 8.248 TiB, 14.10% gc time, 0.05% compilation time)
[2023-01-10T07:04:42.617]Completed Shot 1, state 9
4555.834530 seconds (3.33 G allocations: 8.249 TiB, 14.10% gc time, 0.05% compilation time)
[2023-01-10T07:04:43.252]Completed Shot 1, state 40
4555.955838 seconds (3.33 G allocations: 8.249 TiB, 14.10% gc time, 0.05% compilation time)
[2023-01-10T07:04:43.373]Completed Shot 1, state 21
4556.050194 seconds (3.33 G allocations: 8.249 TiB, 14.10% gc time, 0.05% compilation time)
[2023-01-10T07:04:43.410]Completed Shot 1, state 35
4556.319272 seconds (3.33 G allocations: 8.249 TiB, 14.10% gc time, 0.05% compilation time)
[2023-01-10T07:04:43.744]Completed Shot 1, state 6
4556.478848 seconds (3.33 G allocations: 8.249 TiB, 14.10% gc time, 0.05% compilation time)
[2023-01-10T07:04:43.900]Completed Shot 1, state 8
4557.257481 seconds (3.33 G allocations: 8.249 TiB, 14.09% gc time, 0.05% compilation time)
[2023-01-10T07:04:44.674]Completed Shot 1, state 15
4566.557674 seconds (3.33 G allocations: 8.250 TiB, 14.07% gc time, 0.05% compilation time)
[2023-01-10T07:04:53.982]Completed Shot 1, state 12
4377.229385 seconds (3.12 G allocations: 7.767 TiB, 13.98% gc time)
[2023-01-10T08:17:51.215]Completed Shot 2, state 18
4384.643738 seconds (3.13 G allocations: 7.784 TiB, 13.99% gc time)
[2023-01-10T08:17:58.629]Completed Shot 2, state 17
4388.173254 seconds (3.13 G allocations: 7.794 TiB, 13.98% gc time)
[2023-01-10T08:18:02.159]Completed Shot 2, state 19
4391.108568 seconds (3.13 G allocations: 7.802 TiB, 13.97% gc time)
[2023-01-10T08:18:05.095]Completed Shot 2, state 45
4394.564841 seconds (3.14 G allocations: 7.807 TiB, 13.99% gc time)
[2023-01-10T08:18:08.552]Completed Shot 2, state 40
4395.171638 seconds (3.14 G allocations: 7.809 TiB, 13.99% gc time)
[2023-01-10T08:18:09.157]Completed Shot 2, state 12
4395.363597 seconds (3.14 G allocations: 7.810 TiB, 13.99% gc time)
[2023-01-10T08:18:09.348]Completed Shot 2, state 3
4395.544086 seconds (3.14 G allocations: 7.810 TiB, 13.99% gc time)
[2023-01-10T08:18:09.531]Completed Shot 2, state 31
4396.204368 seconds (3.14 G allocations: 7.812 TiB, 13.99% gc time)
[2023-01-10T08:18:10.191]Completed Shot 2, state 37
4396.315038 seconds (3.14 G allocations: 7.813 TiB, 13.99% gc time)
[2023-01-10T08:18:10.300]Completed Shot 2, state 8
4396.451888 seconds (3.14 G allocations: 7.813 TiB, 13.99% gc time)
[2023-01-10T08:18:10.439]Completed Shot 2, state 36
4397.041203 seconds (3.14 G allocations: 7.815 TiB, 13.98% gc time)
[2023-01-10T08:18:11.026]Completed Shot 2, state 5
4397.784370 seconds (3.14 G allocations: 7.817 TiB, 13.98% gc time)
[2023-01-10T08:18:11.770]Completed Shot 2, state 20
4397.894651 seconds (3.14 G allocations: 7.817 TiB, 13.98% gc time)
[2023-01-10T08:18:11.882]Completed Shot 2, state 50
4400.844982 seconds (3.14 G allocations: 7.822 TiB, 14.00% gc time)
[2023-01-10T08:18:14.831]Completed Shot 2, state 23
4402.452776 seconds (3.14 G allocations: 7.826 TiB, 14.00% gc time)
[2023-01-10T08:18:16.440]Completed Shot 2, state 43
4402.454202 seconds (3.14 G allocations: 7.826 TiB, 14.00% gc time)
[2023-01-10T08:18:16.440]Completed Shot 2, state 22
4402.816373 seconds (3.14 G allocations: 7.827 TiB, 14.00% gc time)
[2023-01-10T08:18:16.802]Completed Shot 2, state 13
4403.044045 seconds (3.14 G allocations: 7.828 TiB, 13.99% gc time)
[2023-01-10T08:18:17.031]Completed Shot 2, state 35
4403.603948 seconds (3.14 G allocations: 7.829 TiB, 13.99% gc time)
[2023-01-10T08:18:17.589]Completed Shot 2, state 11
4405.681166 seconds (3.15 G allocations: 7.832 TiB, 14.01% gc time)
[2023-01-10T08:18:19.668]Completed Shot 2, state 38
4405.727351 seconds (3.15 G allocations: 7.833 TiB, 14.01% gc time)
[2023-01-10T08:18:19.712]Completed Shot 2, state 10
4406.620907 seconds (3.15 G allocations: 7.835 TiB, 14.00% gc time)
[2023-01-10T08:18:20.607]Completed Shot 2, state 30
4406.706201 seconds (3.15 G allocations: 7.835 TiB, 14.00% gc time)
[2023-01-10T08:18:20.693]Completed Shot 2, state 41
4408.840155 seconds (3.15 G allocations: 7.841 TiB, 14.00% gc time)
[2023-01-10T08:18:22.826]Completed Shot 2, state 21
4408.854423 seconds (3.15 G allocations: 7.841 TiB, 14.00% gc time)
[2023-01-10T08:18:22.839]Completed Shot 2, state 9
4409.050065 seconds (3.15 G allocations: 7.841 TiB, 14.00% gc time)
[2023-01-10T08:18:23.036]Completed Shot 2, state 26
4410.747443 seconds (3.15 G allocations: 7.844 TiB, 14.01% gc time)
[2023-01-10T08:18:24.734]Completed Shot 2, state 27
4410.834459 seconds (3.15 G allocations: 7.844 TiB, 14.01% gc time)
[2023-01-10T08:18:24.821]Completed Shot 2, state 39
4411.160004 seconds (3.15 G allocations: 7.845 TiB, 14.00% gc time)
[2023-01-10T08:18:25.146]Completed Shot 2, state 24
4411.545668 seconds (3.15 G allocations: 7.846 TiB, 14.00% gc time)
[2023-01-10T08:18:25.530]Completed Shot 2, state 2
4411.645094 seconds (3.15 G allocations: 7.846 TiB, 14.00% gc time)
[2023-01-10T08:18:25.630]Completed Shot 2, state 6
4412.679675 seconds (3.15 G allocations: 7.849 TiB, 14.00% gc time)
[2023-01-10T08:18:26.666]Completed Shot 2, state 34
4413.960193 seconds (3.15 G allocations: 7.850 TiB, 14.01% gc time)
[2023-01-10T08:18:27.947]Completed Shot 2, state 42
4414.067986 seconds (3.15 G allocations: 7.851 TiB, 14.01% gc time)
[2023-01-10T08:18:28.052]Completed Shot 2, state 1
4414.206257 seconds (3.15 G allocations: 7.851 TiB, 14.01% gc time)
[2023-01-10T08:18:28.190]Completed Shot 2, state 4
4414.920224 seconds (3.15 G allocations: 7.852 TiB, 14.00% gc time)
[2023-01-10T08:18:28.906]Completed Shot 2, state 25
4415.327013 seconds (3.15 G allocations: 7.853 TiB, 14.00% gc time)
[2023-01-10T08:18:29.313]Completed Shot 2, state 33
4415.641391 seconds (3.15 G allocations: 7.854 TiB, 14.00% gc time)
[2023-01-10T08:18:29.628]Completed Shot 2, state 47
4416.359959 seconds (3.15 G allocations: 7.855 TiB, 14.00% gc time)
[2023-01-10T08:18:30.345]Completed Shot 2, state 16
4416.677783 seconds (3.15 G allocations: 7.855 TiB, 14.01% gc time)
[2023-01-10T08:18:30.663]Completed Shot 2, state 14
4417.171653 seconds (3.16 G allocations: 7.855 TiB, 14.00% gc time)
[2023-01-10T08:18:31.159]Completed Shot 2, state 48
4417.800396 seconds (3.16 G allocations: 7.856 TiB, 14.00% gc time)
[2023-01-10T08:18:31.787]Completed Shot 2, state 32
4418.777245 seconds (3.16 G allocations: 7.857 TiB, 14.00% gc time)
[2023-01-10T08:18:32.762]Completed Shot 2, state 15
4419.053928 seconds (3.16 G allocations: 7.857 TiB, 14.00% gc time)
[2023-01-10T08:18:33.041]Completed Shot 2, state 46
4419.403842 seconds (3.16 G allocations: 7.858 TiB, 14.00% gc time)
[2023-01-10T08:18:33.391]Completed Shot 2, state 44
4421.173758 seconds (3.16 G allocations: 7.858 TiB, 14.00% gc time)
[2023-01-10T08:18:35.160]Completed Shot 2, state 28
4421.398285 seconds (3.16 G allocations: 7.858 TiB, 13.99% gc time)
[2023-01-10T08:18:35.385]Completed Shot 2, state 29
4422.503602 seconds (3.16 G allocations: 7.859 TiB, 13.99% gc time)
[2023-01-10T08:18:36.488]Completed Shot 2, state 7
4427.651229 seconds (3.16 G allocations: 7.859 TiB, 13.98% gc time)
[2023-01-10T08:18:41.638]Completed Shot 2, state 49
4264.942410 seconds (3.14 G allocations: 7.813 TiB, 13.15% gc time)
[2023-01-10T09:29:46.585]Completed Shot 3, state 49
4269.737770 seconds (3.14 G allocations: 7.821 TiB, 13.19% gc time)
[2023-01-10T09:29:51.378]Completed Shot 3, state 7
4273.304502 seconds (3.15 G allocations: 7.831 TiB, 13.18% gc time)
[2023-01-10T09:29:54.947]Completed Shot 3, state 50
4281.369123 seconds (3.15 G allocations: 7.850 TiB, 13.20% gc time)
[2023-01-10T09:30:03.011]Completed Shot 3, state 27
4284.058542 seconds (3.16 G allocations: 7.858 TiB, 13.19% gc time)
[2023-01-10T09:30:05.702]Completed Shot 3, state 47
4287.560882 seconds (3.16 G allocations: 7.868 TiB, 13.18% gc time)
[2023-01-10T09:30:09.203]Completed Shot 3, state 23
4287.825091 seconds (3.16 G allocations: 7.869 TiB, 13.18% gc time)
[2023-01-10T09:30:09.468]Completed Shot 3, state 37
4288.108153 seconds (3.16 G allocations: 7.870 TiB, 13.18% gc time)
[2023-01-10T09:30:09.751]Completed Shot 3, state 34
4288.235392 seconds (3.16 G allocations: 7.870 TiB, 13.18% gc time)
[2023-01-10T09:30:09.876]Completed Shot 3, state 8
4289.174756 seconds (3.16 G allocations: 7.873 TiB, 13.18% gc time)
[2023-01-10T09:30:10.817]Completed Shot 3, state 31
4291.945940 seconds (3.17 G allocations: 7.876 TiB, 13.21% gc time)
[2023-01-10T09:30:13.588]Completed Shot 3, state 20
4294.211188 seconds (3.17 G allocations: 7.882 TiB, 13.21% gc time)
[2023-01-10T09:30:15.854]Completed Shot 3, state 43
4295.153540 seconds (3.17 G allocations: 7.886 TiB, 13.20% gc time)
[2023-01-10T09:30:16.793]Completed Shot 3, state 4
4295.859261 seconds (3.17 G allocations: 7.888 TiB, 13.20% gc time)
[2023-01-10T09:30:17.500]Completed Shot 3, state 13
4299.426181 seconds (3.17 G allocations: 7.895 TiB, 13.22% gc time)
[2023-01-10T09:30:21.069]Completed Shot 3, state 39
4299.939822 seconds (3.17 G allocations: 7.896 TiB, 13.22% gc time)
[2023-01-10T09:30:21.581]Completed Shot 3, state 1
4299.968254 seconds (3.17 G allocations: 7.896 TiB, 13.22% gc time)
[2023-01-10T09:30:21.610]Completed Shot 3, state 24
4300.327965 seconds (3.17 G allocations: 7.897 TiB, 13.22% gc time)
[2023-01-10T09:30:21.970]Completed Shot 3, state 32
4300.701881 seconds (3.17 G allocations: 7.899 TiB, 13.22% gc time)
[2023-01-10T09:30:22.343]Completed Shot 3, state 11
4301.232418 seconds (3.18 G allocations: 7.900 TiB, 13.22% gc time)
[2023-01-10T09:30:22.875]Completed Shot 3, state 40
4302.034023 seconds (3.18 G allocations: 7.903 TiB, 13.21% gc time)
[2023-01-10T09:30:23.675]Completed Shot 3, state 14
4302.737995 seconds (3.18 G allocations: 7.905 TiB, 13.21% gc time)
[2023-01-10T09:30:24.379]Completed Shot 3, state 10
4303.104953 seconds (3.18 G allocations: 7.907 TiB, 13.21% gc time)
[2023-01-10T09:30:24.748]Completed Shot 3, state 44
4303.196703 seconds (3.18 G allocations: 7.907 TiB, 13.21% gc time)
[2023-01-10T09:30:24.836]Completed Shot 3, state 2
4303.199693 seconds (3.18 G allocations: 7.907 TiB, 13.21% gc time)
[2023-01-10T09:30:24.842]Completed Shot 3, state 38
4305.706031 seconds (3.18 G allocations: 7.911 TiB, 13.23% gc time)
[2023-01-10T09:30:27.348]Completed Shot 3, state 29
4305.860160 seconds (3.18 G allocations: 7.911 TiB, 13.23% gc time)
[2023-01-10T09:30:27.501]Completed Shot 3, state 9
4306.722858 seconds (3.18 G allocations: 7.914 TiB, 13.22% gc time)
[2023-01-10T09:30:28.365]Completed Shot 3, state 35
4306.898803 seconds (3.18 G allocations: 7.914 TiB, 13.22% gc time)
[2023-01-10T09:30:28.541]Completed Shot 3, state 42
4307.242293 seconds (3.18 G allocations: 7.915 TiB, 13.22% gc time)
[2023-01-10T09:30:28.884]Completed Shot 3, state 17
4307.249718 seconds (3.18 G allocations: 7.915 TiB, 13.22% gc time)
[2023-01-10T09:30:28.891]Completed Shot 3, state 18
4307.272842 seconds (3.18 G allocations: 7.915 TiB, 13.22% gc time)
[2023-01-10T09:30:28.913]Completed Shot 3, state 5
4307.576283 seconds (3.18 G allocations: 7.916 TiB, 13.22% gc time)
[2023-01-10T09:30:29.219]Completed Shot 3, state 45
4308.177947 seconds (3.18 G allocations: 7.918 TiB, 13.22% gc time)
[2023-01-10T09:30:29.819]Completed Shot 3, state 19
4308.300508 seconds (3.18 G allocations: 7.918 TiB, 13.22% gc time)
[2023-01-10T09:30:29.943]Completed Shot 3, state 48
4308.375983 seconds (3.18 G allocations: 7.918 TiB, 13.22% gc time)
[2023-01-10T09:30:30.016]Completed Shot 3, state 3
4310.111869 seconds (3.18 G allocations: 7.921 TiB, 13.23% gc time)
[2023-01-10T09:30:31.754]Completed Shot 3, state 26
4310.165848 seconds (3.18 G allocations: 7.921 TiB, 13.23% gc time)
[2023-01-10T09:30:31.808]Completed Shot 3, state 46
4310.357340 seconds (3.18 G allocations: 7.921 TiB, 13.23% gc time)
[2023-01-10T09:30:31.998]Completed Shot 3, state 15
4311.781862 seconds (3.19 G allocations: 7.924 TiB, 13.23% gc time)
[2023-01-10T09:30:33.424]Completed Shot 3, state 30
4311.798894 seconds (3.19 G allocations: 7.924 TiB, 13.23% gc time)
[2023-01-10T09:30:33.440]Completed Shot 3, state 16
4312.122914 seconds (3.19 G allocations: 7.924 TiB, 13.22% gc time)
[2023-01-10T09:30:33.764]Completed Shot 3, state 12
4312.299532 seconds (3.19 G allocations: 7.924 TiB, 13.22% gc time)
[2023-01-10T09:30:33.942]Completed Shot 3, state 41
4312.431785 seconds (3.19 G allocations: 7.924 TiB, 13.22% gc time)
[2023-01-10T09:30:34.074]Completed Shot 3, state 28
4312.692146 seconds (3.19 G allocations: 7.925 TiB, 13.22% gc time)
[2023-01-10T09:30:34.332]Completed Shot 3, state 6
4313.283788 seconds (3.19 G allocations: 7.925 TiB, 13.22% gc time)
[2023-01-10T09:30:34.925]Completed Shot 3, state 25
4313.972926 seconds (3.19 G allocations: 7.925 TiB, 13.22% gc time)
[2023-01-10T09:30:35.614]Completed Shot 3, state 21
4315.983038 seconds (3.19 G allocations: 7.926 TiB, 13.21% gc time)
[2023-01-10T09:30:37.625]Completed Shot 3, state 33
4316.475539 seconds (3.19 G allocations: 7.926 TiB, 13.21% gc time)
[2023-01-10T09:30:38.118]Completed Shot 3, state 36
4319.417328 seconds (3.19 G allocations: 7.927 TiB, 13.20% gc time)
[2023-01-10T09:30:41.059]Completed Shot 3, state 22
4353.140820 seconds (3.32 G allocations: 8.233 TiB, 13.87% gc time)
[2023-01-10T10:43:14.207]Completed Shot 4, state 30
4354.670652 seconds (3.32 G allocations: 8.237 TiB, 13.86% gc time)
[2023-01-10T10:43:15.736]Completed Shot 4, state 20
4357.059332 seconds (3.32 G allocations: 8.245 TiB, 13.86% gc time)
[2023-01-10T10:43:18.126]Completed Shot 4, state 24
4357.497648 seconds (3.33 G allocations: 8.246 TiB, 13.86% gc time)
[2023-01-10T10:43:18.564]Completed Shot 4, state 33
4357.684149 seconds (3.33 G allocations: 8.246 TiB, 13.85% gc time)
[2023-01-10T10:43:18.751]Completed Shot 4, state 45
4357.999428 seconds (3.33 G allocations: 8.247 TiB, 13.85% gc time)
[2023-01-10T10:43:19.062]Completed Shot 4, state 3
4358.090054 seconds (3.33 G allocations: 8.248 TiB, 13.85% gc time)
[2023-01-10T10:43:19.155]Completed Shot 4, state 18
4359.005794 seconds (3.33 G allocations: 8.251 TiB, 13.85% gc time)
[2023-01-10T10:43:20.069]Completed Shot 4, state 8
4359.171100 seconds (3.33 G allocations: 8.251 TiB, 13.85% gc time)
[2023-01-10T10:43:20.237]Completed Shot 4, state 23
4359.641711 seconds (3.33 G allocations: 8.253 TiB, 13.85% gc time)
[2023-01-10T10:43:20.709]Completed Shot 4, state 43
4359.757633 seconds (3.33 G allocations: 8.253 TiB, 13.85% gc time)
[2023-01-10T10:43:20.821]Completed Shot 4, state 9
4361.179268 seconds (3.33 G allocations: 8.258 TiB, 13.84% gc time)
[2023-01-10T10:43:22.246]Completed Shot 4, state 26
4361.187280 seconds (3.33 G allocations: 8.258 TiB, 13.84% gc time)
[2023-01-10T10:43:22.253]Completed Shot 4, state 28
4361.316723 seconds (3.33 G allocations: 8.258 TiB, 13.84% gc time)
[2023-01-10T10:43:22.383]Completed Shot 4, state 22
4361.484234 seconds (3.33 G allocations: 8.258 TiB, 13.84% gc time)
[2023-01-10T10:43:22.551]Completed Shot 4, state 42
4363.990344 seconds (3.33 G allocations: 8.259 TiB, 13.88% gc time)
[2023-01-10T10:43:25.057]Completed Shot 4, state 38
4364.427200 seconds (3.33 G allocations: 8.260 TiB, 13.88% gc time)
[2023-01-10T10:43:25.494]Completed Shot 4, state 48
4364.462545 seconds (3.33 G allocations: 8.261 TiB, 13.88% gc time)
[2023-01-10T10:43:25.527]Completed Shot 4, state 13
4364.821506 seconds (3.33 G allocations: 8.261 TiB, 13.88% gc time)
[2023-01-10T10:43:25.888]Completed Shot 4, state 40
4365.082699 seconds (3.33 G allocations: 8.262 TiB, 13.88% gc time)
4365.087636 seconds (3.33 G allocations: 8.262 TiB, 13.88% gc time)
[[2023-01-10T10:43:26.150]Completed Shot 4, state 44
2023-01-10T10:43:26.150]Completed Shot 4, state 4
4365.196929 seconds (3.33 G allocations: 8.262 TiB, 13.88% gc time)
[2023-01-10T10:43:26.259]Completed Shot 4, state 5
4365.504813 seconds (3.33 G allocations: 8.263 TiB, 13.88% gc time)
[2023-01-10T10:43:26.567]Completed Shot 4, state 7
4365.670769 seconds (3.33 G allocations: 8.263 TiB, 13.88% gc time)
[2023-01-10T10:43:26.736]Completed Shot 4, state 14
4366.041179 seconds (3.33 G allocations: 8.264 TiB, 13.87% gc time)
[2023-01-10T10:43:27.105]Completed Shot 4, state 10
4366.364403 seconds (3.33 G allocations: 8.265 TiB, 13.87% gc time)
[2023-01-10T10:43:27.432]Completed Shot 4, state 46
4366.447618 seconds (3.33 G allocations: 8.265 TiB, 13.87% gc time)
4366.447733 seconds (3.33 G allocations: 8.265 TiB, 13.87% gc time)
[[2023-01-10T10:43:27.514]Completed Shot 4, state 352023-01-10T10:43:27.514
]Completed Shot 4, state 39
4366.525008 seconds (3.33 G allocations: 8.265 TiB, 13.87% gc time)
[2023-01-10T10:43:27.587]Completed Shot 4, state 1
4366.558863 seconds (3.33 G allocations: 8.265 TiB, 13.87% gc time)
[2023-01-10T10:43:27.624]Completed Shot 4, state 15
4366.839993 seconds (3.33 G allocations: 8.266 TiB, 13.87% gc time)
[2023-01-10T10:43:27.907]Completed Shot 4, state 41
4367.027822 seconds (3.33 G allocations: 8.266 TiB, 13.87% gc time)
[2023-01-10T10:43:28.094]Completed Shot 4, state 27
4367.128113 seconds (3.33 G allocations: 8.267 TiB, 13.87% gc time)
[2023-01-10T10:43:28.192]Completed Shot 4, state 12
4367.149677 seconds (3.33 G allocations: 8.267 TiB, 13.87% gc time)
[2023-01-10T10:43:28.215]Completed Shot 4, state 17
4367.182204 seconds (3.33 G allocations: 8.267 TiB, 13.87% gc time)
[2023-01-10T10:43:28.249]Completed Shot 4, state 49
4367.464061 seconds (3.33 G allocations: 8.267 TiB, 13.87% gc time)
[2023-01-10T10:43:28.528]Completed Shot 4, state 11
4367.472964 seconds (3.33 G allocations: 8.267 TiB, 13.87% gc time)
[2023-01-10T10:43:28.540]Completed Shot 4, state 36
4367.502756 seconds (3.33 G allocations: 8.267 TiB, 13.87% gc time)
[2023-01-10T10:43:28.569]Completed Shot 4, state 32
4367.674197 seconds (3.33 G allocations: 8.268 TiB, 13.87% gc time)
[2023-01-10T10:43:28.740]Completed Shot 4, state 19
4367.687081 seconds (3.33 G allocations: 8.268 TiB, 13.87% gc time)
[2023-01-10T10:43:28.754]Completed Shot 4, state 50
4367.873967 seconds (3.33 G allocations: 8.268 TiB, 13.87% gc time)
[2023-01-10T10:43:28.939]Completed Shot 4, state 21
4368.199183 seconds (3.33 G allocations: 8.268 TiB, 13.87% gc time)
[2023-01-10T10:43:29.266]Completed Shot 4, state 37
4368.896028 seconds (3.33 G allocations: 8.269 TiB, 13.87% gc time)
[2023-01-10T10:43:29.962]Completed Shot 4, state 34
4369.127765 seconds (3.33 G allocations: 8.269 TiB, 13.86% gc time)
[2023-01-10T10:43:30.193]Completed Shot 4, state 16
4371.360592 seconds (3.34 G allocations: 8.270 TiB, 13.88% gc time)
[2023-01-10T10:43:32.423]Completed Shot 4, state 6
4371.653218 seconds (3.34 G allocations: 8.271 TiB, 13.88% gc time)
[2023-01-10T10:43:32.720]Completed Shot 4, state 47
4371.838124 seconds (3.34 G allocations: 8.271 TiB, 13.88% gc time)
[2023-01-10T10:43:32.904]Completed Shot 4, state 25
4371.910280 seconds (3.34 G allocations: 8.271 TiB, 13.88% gc time)
[2023-01-10T10:43:32.972]Completed Shot 4, state 2
4372.449189 seconds (3.34 G allocations: 8.271 TiB, 13.87% gc time)
[2023-01-10T10:43:33.515]Completed Shot 4, state 31
4372.609711 seconds (3.34 G allocations: 8.271 TiB, 13.87% gc time)
[2023-01-10T10:43:33.676]Completed Shot 4, state 29
4406.125675 seconds (3.26 G allocations: 8.089 TiB, 13.63% gc time)
[2023-01-10T11:56:59.807]Completed Shot 5, state 46
4412.684940 seconds (3.26 G allocations: 8.098 TiB, 13.68% gc time)
[2023-01-10T11:57:06.364]Completed Shot 5, state 34
4414.172484 seconds (3.26 G allocations: 8.102 TiB, 13.67% gc time)
[2023-01-10T11:57:07.852]Completed Shot 5, state 43
4414.227513 seconds (3.26 G allocations: 8.103 TiB, 13.67% gc time)
[2023-01-10T11:57:07.907]Completed Shot 5, state 32
4415.064493 seconds (3.26 G allocations: 8.105 TiB, 13.67% gc time)
[2023-01-10T11:57:08.743]Completed Shot 5, state 7
4415.169263 seconds (3.26 G allocations: 8.105 TiB, 13.67% gc time)
[2023-01-10T11:57:08.848]Completed Shot 5, state 16
4415.324397 seconds (3.26 G allocations: 8.106 TiB, 13.67% gc time)
[2023-01-10T11:57:09.005]Completed Shot 5, state 50
4417.355354 seconds (3.27 G allocations: 8.112 TiB, 13.66% gc time)
[2023-01-10T11:57:11.034]Completed Shot 5, state 18
4418.322054 seconds (3.27 G allocations: 8.115 TiB, 13.66% gc time)
[2023-01-10T11:57:12.001]Completed Shot 5, state 17
4419.018448 seconds (3.27 G allocations: 8.117 TiB, 13.66% gc time)
[2023-01-10T11:57:12.698]Completed Shot 5, state 36
4419.120916 seconds (3.27 G allocations: 8.117 TiB, 13.66% gc time)
[2023-01-10T11:57:12.800]Completed Shot 5, state 30
4419.146844 seconds (3.27 G allocations: 8.117 TiB, 13.66% gc time)
[2023-01-10T11:57:12.826]Completed Shot 5, state 21
4419.182738 seconds (3.27 G allocations: 8.117 TiB, 13.66% gc time)
[2023-01-10T11:57:12.862]Completed Shot 5, state 44
4419.504851 seconds (3.27 G allocations: 8.118 TiB, 13.66% gc time)
[2023-01-10T11:57:13.184]Completed Shot 5, state 38
4419.662707 seconds (3.27 G allocations: 8.119 TiB, 13.66% gc time)
[2023-01-10T11:57:13.341]Completed Shot 5, state 12
4420.303039 seconds (3.27 G allocations: 8.121 TiB, 13.66% gc time)
[2023-01-10T11:57:13.983]Completed Shot 5, state 39
4420.413437 seconds (3.27 G allocations: 8.121 TiB, 13.66% gc time)
[2023-01-10T11:57:14.093]Completed Shot 5, state 35
4420.980051 seconds (3.27 G allocations: 8.123 TiB, 13.65% gc time)
[2023-01-10T11:57:14.659]Completed Shot 5, state 26
4424.718761 seconds (3.27 G allocations: 8.126 TiB, 13.70% gc time)
[2023-01-10T11:57:18.397]Completed Shot 5, state 13
4424.831861 seconds (3.27 G allocations: 8.127 TiB, 13.70% gc time)
[2023-01-10T11:57:18.512]Completed Shot 5, state 47
4424.842461 seconds (3.27 G allocations: 8.127 TiB, 13.70% gc time)
[2023-01-10T11:57:18.522]Completed Shot 5, state 28
4424.913010 seconds (3.27 G allocations: 8.127 TiB, 13.70% gc time)
[2023-01-10T11:57:18.592]Completed Shot 5, state 19
4425.029621 seconds (3.27 G allocations: 8.127 TiB, 13.70% gc time)
[2023-01-10T11:57:18.707]Completed Shot 5, state 6
4425.173650 seconds (3.27 G allocations: 8.128 TiB, 13.70% gc time)
[2023-01-10T11:57:18.854]Completed Shot 5, state 45
4425.298957 seconds (3.27 G allocations: 8.128 TiB, 13.70% gc time)
[2023-01-10T11:57:18.978]Completed Shot 5, state 29
4425.462810 seconds (3.27 G allocations: 8.129 TiB, 13.70% gc time)
[2023-01-10T11:57:19.142]Completed Shot 5, state 31
4425.617716 seconds (3.27 G allocations: 8.129 TiB, 13.69% gc time)
[2023-01-10T11:57:19.295]Completed Shot 5, state 3
4426.069193 seconds (3.28 G allocations: 8.130 TiB, 13.69% gc time)
[2023-01-10T11:57:19.749]Completed Shot 5, state 37
4426.841411 seconds (3.28 G allocations: 8.132 TiB, 13.69% gc time)
[2023-01-10T11:57:20.519]Completed Shot 5, state 11
4427.679606 seconds (3.28 G allocations: 8.134 TiB, 13.69% gc time)
[2023-01-10T11:57:21.358]Completed Shot 5, state 23
4427.695627 seconds (3.28 G allocations: 8.134 TiB, 13.69% gc time)
[2023-01-10T11:57:21.375]Completed Shot 5, state 25
4427.914920 seconds (3.28 G allocations: 8.135 TiB, 13.69% gc time)
[2023-01-10T11:57:21.595]Completed Shot 5, state 48
4429.053895 seconds (3.28 G allocations: 8.137 TiB, 13.68% gc time)
[2023-01-10T11:57:22.731]Completed Shot 5, state 5
4429.501519 seconds (3.28 G allocations: 8.138 TiB, 13.68% gc time)
[2023-01-10T11:57:23.180]Completed Shot 5, state 20
4429.728510 seconds (3.28 G allocations: 8.138 TiB, 13.68% gc time)
[2023-01-10T11:57:23.406]Completed Shot 5, state 2
4429.781671 seconds (3.28 G allocations: 8.138 TiB, 13.68% gc time)
[2023-01-10T11:57:23.461]Completed Shot 5, state 42
4431.714614 seconds (3.28 G allocations: 8.140 TiB, 13.70% gc time)
[2023-01-10T11:57:25.394]Completed Shot 5, state 49
4432.088883 seconds (3.28 G allocations: 8.141 TiB, 13.70% gc time)
[2023-01-10T11:57:25.767]Completed Shot 5, state 15
4432.174668 seconds (3.28 G allocations: 8.141 TiB, 13.70% gc time)
[2023-01-10T11:57:25.853]Completed Shot 5, state 14
4432.180894 seconds (3.28 G allocations: 8.141 TiB, 13.70% gc time)
[2023-01-10T11:57:25.860]Completed Shot 5, state 22
4432.568556 seconds (3.28 G allocations: 8.141 TiB, 13.70% gc time)
[2023-01-10T11:57:26.246]Completed Shot 5, state 8
4432.869029 seconds (3.28 G allocations: 8.142 TiB, 13.70% gc time)
[2023-01-10T11:57:26.548]Completed Shot 5, state 24
4433.733044 seconds (3.28 G allocations: 8.143 TiB, 13.69% gc time)
[2023-01-10T11:57:27.411]Completed Shot 5, state 10
4434.423595 seconds (3.28 G allocations: 8.143 TiB, 13.69% gc time)
[2023-01-10T11:57:28.103]Completed Shot 5, state 40
4434.788953 seconds (3.28 G allocations: 8.144 TiB, 13.69% gc time)
[2023-01-10T11:57:28.466]Completed Shot 5, state 4
4435.554421 seconds (3.28 G allocations: 8.144 TiB, 13.69% gc time)
[2023-01-10T11:57:29.232]Completed Shot 5, state 9
4435.586339 seconds (3.28 G allocations: 8.144 TiB, 13.69% gc time)
[2023-01-10T11:57:29.266]Completed Shot 5, state 41
4436.510668 seconds (3.28 G allocations: 8.145 TiB, 13.68% gc time)
[2023-01-10T11:57:30.188]Completed Shot 5, state 1
  Activating project at `/gpfs/bwfor/work/ws/hd_ku269-light_cones/WorkingFolder`
4438.135621 seconds (3.28 G allocations: 8.145 TiB, 13.68% gc time)
[2023-01-10T11:57:31.816]Completed Shot 5, state 27
4439.771540 seconds (3.28 G allocations: 8.145 TiB, 13.68% gc time)
[2023-01-10T11:57:33.451]Completed Shot 5, state 33
4465.592341 seconds (3.43 G allocations: 8.493 TiB, 14.79% gc time)
[2023-01-10T13:11:59.052]Completed Shot 6, state 29
4466.552260 seconds (3.43 G allocations: 8.496 TiB, 14.79% gc time)
[2023-01-10T13:12:00.011]Completed Shot 6, state 30
4467.925439 seconds (3.43 G allocations: 8.500 TiB, 14.78% gc time)
[2023-01-10T13:12:01.379]Completed Shot 6, state 10
4467.960447 seconds (3.43 G allocations: 8.500 TiB, 14.78% gc time)
[2023-01-10T13:12:01.419]Completed Shot 6, state 28
4469.570018 seconds (3.43 G allocations: 8.504 TiB, 14.78% gc time)
[2023-01-10T13:12:03.029]Completed Shot 6, state 47
4469.760353 seconds (3.44 G allocations: 8.504 TiB, 14.78% gc time)
[2023-01-10T13:12:03.215]Completed Shot 6, state 14
4469.986739 seconds (3.44 G allocations: 8.505 TiB, 14.78% gc time)
[2023-01-10T13:12:03.446]Completed Shot 6, state 36
4471.329956 seconds (3.44 G allocations: 8.509 TiB, 14.77% gc time)
[2023-01-10T13:12:04.790]Completed Shot 6, state 49
4471.384897 seconds (3.44 G allocations: 8.509 TiB, 14.77% gc time)
[2023-01-10T13:12:04.839]Completed Shot 6, state 11
4472.046931 seconds (3.44 G allocations: 8.511 TiB, 14.77% gc time)
[2023-01-10T13:12:05.506]Completed Shot 6, state 37
4472.187656 seconds (3.44 G allocations: 8.511 TiB, 14.77% gc time)
[2023-01-10T13:12:05.647]Completed Shot 6, state 48
4472.403535 seconds (3.44 G allocations: 8.512 TiB, 14.77% gc time)
[2023-01-10T13:12:05.863]Completed Shot 6, state 41
4472.505686 seconds (3.44 G allocations: 8.512 TiB, 14.77% gc time)
[2023-01-10T13:12:05.963]Completed Shot 6, state 23
4472.562677 seconds (3.44 G allocations: 8.512 TiB, 14.77% gc time)
[2023-01-10T13:12:06.016]Completed Shot 6, state 7
4473.347579 seconds (3.44 G allocations: 8.515 TiB, 14.77% gc time)
[2023-01-10T13:12:06.806]Completed Shot 6, state 34
4473.659506 seconds (3.44 G allocations: 8.516 TiB, 14.77% gc time)
[2023-01-10T13:12:07.117]Completed Shot 6, state 22
4473.662960 seconds (3.44 G allocations: 8.516 TiB, 14.77% gc time)
[2023-01-10T13:12:07.118]Completed Shot 6, state 17
4474.137763 seconds (3.44 G allocations: 8.517 TiB, 14.76% gc time)
[2023-01-10T13:12:07.591]Completed Shot 6, state 8
4474.340750 seconds (3.44 G allocations: 8.518 TiB, 14.76% gc time)
[2023-01-10T13:12:07.794]Completed Shot 6, state 5
4474.367885 seconds (3.44 G allocations: 8.518 TiB, 14.76% gc time)
[2023-01-10T13:12:07.826]Completed Shot 6, state 25
4474.373576 seconds (3.44 G allocations: 8.518 TiB, 14.76% gc time)
[2023-01-10T13:12:07.833]Completed Shot 6, state 35
4474.429055 seconds (3.44 G allocations: 8.518 TiB, 14.76% gc time)
[2023-01-10T13:12:07.885]Completed Shot 6, state 20
4474.469954 seconds (3.44 G allocations: 8.518 TiB, 14.76% gc time)
[2023-01-10T13:12:07.928]Completed Shot 6, state 24
4474.763023 seconds (3.44 G allocations: 8.519 TiB, 14.76% gc time)
[2023-01-10T13:12:08.218]Completed Shot 6, state 15
4474.829535 seconds (3.44 G allocations: 8.519 TiB, 14.76% gc time)
[2023-01-10T13:12:08.283]Completed Shot 6, state 9
4474.848084 seconds (3.44 G allocations: 8.519 TiB, 14.76% gc time)
[2023-01-10T13:12:08.307]Completed Shot 6, state 33
4477.516493 seconds (3.44 G allocations: 8.520 TiB, 14.80% gc time)
[2023-01-10T13:12:10.976]Completed Shot 6, state 43
4477.578309 seconds (3.44 G allocations: 8.520 TiB, 14.80% gc time)
[2023-01-10T13:12:11.034]Completed Shot 6, state 19
4477.708273 seconds (3.44 G allocations: 8.521 TiB, 14.80% gc time)
[2023-01-10T13:12:11.167]Completed Shot 6, state 42
4477.890320 seconds (3.44 G allocations: 8.521 TiB, 14.80% gc time)
[2023-01-10T13:12:11.349]Completed Shot 6, state 26
4478.176850 seconds (3.44 G allocations: 8.522 TiB, 14.80% gc time)
[2023-01-10T13:12:11.636]Completed Shot 6, state 40
4478.258062 seconds (3.44 G allocations: 8.522 TiB, 14.80% gc time)
[2023-01-10T13:12:11.717]Completed Shot 6, state 39
4478.486383 seconds (3.44 G allocations: 8.522 TiB, 14.80% gc time)
[2023-01-10T13:12:11.939]Completed Shot 6, state 1
4478.480417 seconds (3.44 G allocations: 8.522 TiB, 14.80% gc time)
[2023-01-10T13:12:11.940]Completed Shot 6, state 45
4478.598738 seconds (3.44 G allocations: 8.522 TiB, 14.80% gc time)
[2023-01-10T13:12:12.054]Completed Shot 6, state 13
4478.672438 seconds (3.44 G allocations: 8.523 TiB, 14.80% gc time)
[2023-01-10T13:12:12.131]Completed Shot 6, state 32
4478.793506 seconds (3.44 G allocations: 8.523 TiB, 14.80% gc time)
[4478.787688 seconds (3.44 G allocations: 8.523 TiB, 14.80% gc time)
2023-01-10T13:12:12.247]Completed Shot 6, state 6
[2023-01-10T13:12:12.247]Completed Shot 6, state 38
4478.870372 seconds (3.44 G allocations: 8.523 TiB, 14.80% gc time)
[2023-01-10T13:12:12.323]Completed Shot 6, state 3
4479.228995 seconds (3.44 G allocations: 8.523 TiB, 14.80% gc time)
[2023-01-10T13:12:12.682]Completed Shot 6, state 4
4479.360609 seconds (3.44 G allocations: 8.523 TiB, 14.79% gc time)
[2023-01-10T13:12:12.820]Completed Shot 6, state 44
4479.435323 seconds (3.44 G allocations: 8.524 TiB, 14.79% gc time)
[2023-01-10T13:12:12.894]Completed Shot 6, state 31
4479.714695 seconds (3.44 G allocations: 8.524 TiB, 14.79% gc time)
[2023-01-10T13:12:13.174]Completed Shot 6, state 50
4479.939323 seconds (3.44 G allocations: 8.524 TiB, 14.79% gc time)
[2023-01-10T13:12:13.398]Completed Shot 6, state 27
4480.237633 seconds (3.44 G allocations: 8.524 TiB, 14.79% gc time)
[2023-01-10T13:12:13.694]Completed Shot 6, state 21
4480.366859 seconds (3.44 G allocations: 8.524 TiB, 14.79% gc time)
[2023-01-10T13:12:13.822]Completed Shot 6, state 16
4481.055975 seconds (3.44 G allocations: 8.525 TiB, 14.79% gc time)
[2023-01-10T13:12:14.512]Completed Shot 6, state 18
4481.401931 seconds (3.44 G allocations: 8.525 TiB, 14.79% gc time)
[2023-01-10T13:12:14.861]Completed Shot 6, state 46
4481.525433 seconds (3.44 G allocations: 8.525 TiB, 14.79% gc time)
[2023-01-10T13:12:14.978]Completed Shot 6, state 2
4482.071591 seconds (3.44 G allocations: 8.525 TiB, 14.79% gc time)
[2023-01-10T13:12:15.526]Completed Shot 6, state 12
4357.015986 seconds (3.16 G allocations: 7.865 TiB, 13.77% gc time)
[2023-01-10T14:24:52.546]Completed Shot 7, state 33
4370.737313 seconds (3.18 G allocations: 7.897 TiB, 13.80% gc time)
[2023-01-10T14:25:06.265]Completed Shot 7, state 2
4370.915301 seconds (3.18 G allocations: 7.898 TiB, 13.80% gc time)
[2023-01-10T14:25:06.445]Completed Shot 7, state 31
4371.688583 seconds (3.18 G allocations: 7.900 TiB, 13.80% gc time)
[2023-01-10T14:25:07.217]Completed Shot 7, state 8
4375.363331 seconds (3.18 G allocations: 7.911 TiB, 13.78% gc time)
[2023-01-10T14:25:10.894]Completed Shot 7, state 36
4375.702666 seconds (3.18 G allocations: 7.912 TiB, 13.78% gc time)
[2023-01-10T14:25:11.234]Completed Shot 7, state 38
4379.942222 seconds (3.18 G allocations: 7.916 TiB, 13.84% gc time)
[2023-01-10T14:25:15.472]Completed Shot 7, state 13
4380.670094 seconds (3.18 G allocations: 7.918 TiB, 13.84% gc time)
[2023-01-10T14:25:16.200]Completed Shot 7, state 22
4380.995254 seconds (3.18 G allocations: 7.919 TiB, 13.84% gc time)
[2023-01-10T14:25:16.526]Completed Shot 7, state 39
4381.565199 seconds (3.19 G allocations: 7.921 TiB, 13.83% gc time)
[2023-01-10T14:25:17.094]Completed Shot 7, state 4
4381.666850 seconds (3.19 G allocations: 7.921 TiB, 13.83% gc time)
[2023-01-10T14:25:17.196]Completed Shot 7, state 20
4382.168120 seconds (3.19 G allocations: 7.923 TiB, 13.83% gc time)
[2023-01-10T14:25:17.696]Completed Shot 7, state 1
4382.168921 seconds (3.19 G allocations: 7.923 TiB, 13.83% gc time)
[2023-01-10T14:25:17.700]Completed Shot 7, state 40
4382.588256 seconds (3.19 G allocations: 7.924 TiB, 13.83% gc time)
[2023-01-10T14:25:18.117]Completed Shot 7, state 6
4382.615077 seconds (3.19 G allocations: 7.924 TiB, 13.83% gc time)
[2023-01-10T14:25:18.143]Completed Shot 7, state 5
4382.706195 seconds (3.19 G allocations: 7.925 TiB, 13.83% gc time)
[2023-01-10T14:25:18.237]Completed Shot 7, state 41
4382.736738 seconds (3.19 G allocations: 7.925 TiB, 13.83% gc time)
[2023-01-10T14:25:18.268]Completed Shot 7, state 44
4382.766545 seconds (3.19 G allocations: 7.925 TiB, 13.83% gc time)
[2023-01-10T14:25:18.296]Completed Shot 7, state 15
4383.218618 seconds (3.19 G allocations: 7.926 TiB, 13.83% gc time)
[2023-01-10T14:25:18.749]Completed Shot 7, state 34
4383.533393 seconds (3.19 G allocations: 7.927 TiB, 13.83% gc time)
[2023-01-10T14:25:19.065]Completed Shot 7, state 50
4383.901163 seconds (3.19 G allocations: 7.928 TiB, 13.83% gc time)
[2023-01-10T14:25:19.430]Completed Shot 7, state 11
4384.179476 seconds (3.19 G allocations: 7.929 TiB, 13.83% gc time)
[2023-01-10T14:25:19.710]Completed Shot 7, state 29
4384.362879 seconds (3.19 G allocations: 7.930 TiB, 13.82% gc time)
[2023-01-10T14:25:19.892]Completed Shot 7, state 17
4384.369697 seconds (3.19 G allocations: 7.930 TiB, 13.82% gc time)
[2023-01-10T14:25:19.899]Completed Shot 7, state 16
4384.541901 seconds (3.19 G allocations: 7.930 TiB, 13.82% gc time)
[2023-01-10T14:25:20.072]Completed Shot 7, state 24
4384.550475 seconds (3.19 G allocations: 7.930 TiB, 13.82% gc time)
[2023-01-10T14:25:20.079]Completed Shot 7, state 3
4384.782840 seconds (3.19 G allocations: 7.931 TiB, 13.82% gc time)
[2023-01-10T14:25:20.311]Completed Shot 7, state 9
4384.829386 seconds (3.19 G allocations: 7.931 TiB, 13.82% gc time)
[2023-01-10T14:25:20.360]Completed Shot 7, state 49
4384.926769 seconds (3.19 G allocations: 7.931 TiB, 13.82% gc time)
[2023-01-10T14:25:20.455]Completed Shot 7, state 7
4385.051981 seconds (3.19 G allocations: 7.931 TiB, 13.82% gc time)
[2023-01-10T14:25:20.581]Completed Shot 7, state 14
4386.037410 seconds (3.19 G allocations: 7.934 TiB, 13.82% gc time)
[2023-01-10T14:25:21.567]Completed Shot 7, state 19
4386.205088 seconds (3.19 G allocations: 7.934 TiB, 13.82% gc time)
[2023-01-10T14:25:21.735]Completed Shot 7, state 27
4386.661388 seconds (3.19 G allocations: 7.935 TiB, 13.82% gc time)
[2023-01-10T14:25:22.191]Completed Shot 7, state 28
4386.706195 seconds (3.19 G allocations: 7.935 TiB, 13.82% gc time)
[2023-01-10T14:25:22.237]Completed Shot 7, state 35
4389.056002 seconds (3.19 G allocations: 7.936 TiB, 13.85% gc time)
[2023-01-10T14:25:24.586]Completed Shot 7, state 37
4389.539317 seconds (3.19 G allocations: 7.937 TiB, 13.85% gc time)
[2023-01-10T14:25:25.070]Completed Shot 7, state 45
4390.096504 seconds (3.19 G allocations: 7.938 TiB, 13.85% gc time)
[2023-01-10T14:25:25.627]Completed Shot 7, state 46
4391.249247 seconds (3.19 G allocations: 7.940 TiB, 13.84% gc time)
[2023-01-10T14:25:26.780]Completed Shot 7, state 42
4391.931008 seconds (3.19 G allocations: 7.941 TiB, 13.84% gc time)
[2023-01-10T14:25:27.461]Completed Shot 7, state 25
4392.185910 seconds (3.19 G allocations: 7.941 TiB, 13.84% gc time)
[2023-01-10T14:25:27.716]Completed Shot 7, state 32
4392.487602 seconds (3.19 G allocations: 7.941 TiB, 13.84% gc time)
[2023-01-10T14:25:28.017]Completed Shot 7, state 26
4392.584780 seconds (3.19 G allocations: 7.941 TiB, 13.84% gc time)
[2023-01-10T14:25:28.113]Completed Shot 7, state 10
4393.665911 seconds (3.19 G allocations: 7.942 TiB, 13.83% gc time)
[2023-01-10T14:25:29.195]Completed Shot 7, state 23
4395.503628 seconds (3.19 G allocations: 7.944 TiB, 13.84% gc time)
[2023-01-10T14:25:31.035]Completed Shot 7, state 48
4395.649947 seconds (3.19 G allocations: 7.944 TiB, 13.84% gc time)
[2023-01-10T14:25:31.179]Completed Shot 7, state 18
4396.039153 seconds (3.19 G allocations: 7.944 TiB, 13.84% gc time)
[2023-01-10T14:25:31.570]Completed Shot 7, state 43
4397.157865 seconds (3.20 G allocations: 7.944 TiB, 13.83% gc time)
[2023-01-10T14:25:32.687]Completed Shot 7, state 12
4398.042788 seconds (3.20 G allocations: 7.945 TiB, 13.83% gc time)
[2023-01-10T14:25:33.572]Completed Shot 7, state 21
4398.764080 seconds (3.20 G allocations: 7.945 TiB, 13.83% gc time)
[2023-01-10T14:25:34.295]Completed Shot 7, state 47
4401.617611 seconds (3.20 G allocations: 7.945 TiB, 13.82% gc time)
[2023-01-10T14:25:37.148]Completed Shot 7, state 30
4356.808050 seconds (3.20 G allocations: 7.957 TiB, 13.69% gc time)
[2023-01-10T15:38:13.960]Completed Shot 8, state 18
4363.229751 seconds (3.20 G allocations: 7.966 TiB, 13.74% gc time)
[2023-01-10T15:38:20.380]Completed Shot 8, state 6
4365.168887 seconds (3.21 G allocations: 7.972 TiB, 13.73% gc time)
[2023-01-10T15:38:22.320]Completed Shot 8, state 10
4366.493787 seconds (3.21 G allocations: 7.976 TiB, 13.73% gc time)
[2023-01-10T15:38:23.646]Completed Shot 8, state 26
4367.172540 seconds (3.21 G allocations: 7.978 TiB, 13.73% gc time)
[2023-01-10T15:38:24.325]Completed Shot 8, state 41
4367.692999 seconds (3.21 G allocations: 7.979 TiB, 13.73% gc time)
[2023-01-10T15:38:24.845]Completed Shot 8, state 30
4368.022987 seconds (3.21 G allocations: 7.980 TiB, 13.73% gc time)
[2023-01-10T15:38:25.176]Completed Shot 8, state 34
4368.745129 seconds (3.21 G allocations: 7.982 TiB, 13.72% gc time)
[2023-01-10T15:38:25.895]Completed Shot 8, state 11
4369.739971 seconds (3.21 G allocations: 7.985 TiB, 13.72% gc time)
[2023-01-10T15:38:26.893]Completed Shot 8, state 37
4369.990288 seconds (3.21 G allocations: 7.986 TiB, 13.72% gc time)
[2023-01-10T15:38:27.140]Completed Shot 8, state 5
4370.265055 seconds (3.21 G allocations: 7.987 TiB, 13.72% gc time)
[2023-01-10T15:38:27.418]Completed Shot 8, state 45
4371.017506 seconds (3.21 G allocations: 7.990 TiB, 13.72% gc time)
[2023-01-10T15:38:28.169]Completed Shot 8, state 17
4371.202265 seconds (3.21 G allocations: 7.990 TiB, 13.72% gc time)
[2023-01-10T15:38:28.354]Completed Shot 8, state 22
4371.209444 seconds (3.21 G allocations: 7.990 TiB, 13.72% gc time)
[2023-01-10T15:38:28.362]Completed Shot 8, state 33
4371.465528 seconds (3.21 G allocations: 7.991 TiB, 13.71% gc time)
[2023-01-10T15:38:28.616]Completed Shot 8, state 12
4372.001592 seconds (3.22 G allocations: 7.993 TiB, 13.71% gc time)
[2023-01-10T15:38:29.154]Completed Shot 8, state 35
4375.100836 seconds (3.22 G allocations: 7.995 TiB, 13.76% gc time)
[2023-01-10T15:38:32.251]Completed Shot 8, state 9
4375.257017 seconds (3.22 G allocations: 7.995 TiB, 13.76% gc time)
[2023-01-10T15:38:32.408]Completed Shot 8, state 15
4375.271674 seconds (3.22 G allocations: 7.995 TiB, 13.76% gc time)
[2023-01-10T15:38:32.424]Completed Shot 8, state 38
4375.273019 seconds (3.22 G allocations: 7.995 TiB, 13.76% gc time)
[2023-01-10T15:38:32.425]Completed Shot 8, state 29
4375.678481 seconds (3.22 G allocations: 7.996 TiB, 13.76% gc time)
[2023-01-10T15:38:32.831]Completed Shot 8, state 44
4376.148296 seconds (3.22 G allocations: 7.998 TiB, 13.76% gc time)
[2023-01-10T15:38:33.300]Completed Shot 8, state 31
4376.204722 seconds (3.22 G allocations: 7.998 TiB, 13.76% gc time)
[2023-01-10T15:38:33.356]Completed Shot 8, state 23
4376.327986 seconds (3.22 G allocations: 7.998 TiB, 13.75% gc time)
[2023-01-10T15:38:33.480]Completed Shot 8, state 24
4376.850472 seconds (3.22 G allocations: 7.999 TiB, 13.75% gc time)
[2023-01-10T15:38:34.003]Completed Shot 8, state 36
4377.003056 seconds (3.22 G allocations: 8.000 TiB, 13.75% gc time)
[2023-01-10T15:38:34.155]Completed Shot 8, state 25
4377.102439 seconds (3.22 G allocations: 8.000 TiB, 13.75% gc time)
[2023-01-10T15:38:34.254]Completed Shot 8, state 28
4377.511796 seconds (3.22 G allocations: 8.001 TiB, 13.75% gc time)
[2023-01-10T15:38:34.664]Completed Shot 8, state 42
4377.526774 seconds (3.22 G allocations: 8.001 TiB, 13.75% gc time)
[2023-01-10T15:38:34.677]Completed Shot 8, state 13
4377.592321 seconds (3.22 G allocations: 8.002 TiB, 13.75% gc time)
[2023-01-10T15:38:34.744]Completed Shot 8, state 32
4377.668733 seconds (3.22 G allocations: 8.002 TiB, 13.75% gc time)
[2023-01-10T15:38:34.820]Completed Shot 8, state 19
4378.255077 seconds (3.22 G allocations: 8.003 TiB, 13.75% gc time)
[2023-01-10T15:38:35.405]Completed Shot 8, state 7
4378.277169 seconds (3.22 G allocations: 8.003 TiB, 13.75% gc time)
[2023-01-10T15:38:35.430]Completed Shot 8, state 40
4378.316904 seconds (3.22 G allocations: 8.003 TiB, 13.75% gc time)
[2023-01-10T15:38:35.466]Completed Shot 8, state 3
4378.323791 seconds (3.22 G allocations: 8.003 TiB, 13.75% gc time)
[2023-01-10T15:38:35.476]Completed Shot 8, state 43
4378.636546 seconds (3.22 G allocations: 8.004 TiB, 13.75% gc time)
[2023-01-10T15:38:35.789]Completed Shot 8, state 47
4378.935096 seconds (3.22 G allocations: 8.004 TiB, 13.75% gc time)
[2023-01-10T15:38:36.087]Completed Shot 8, state 50
4379.203379 seconds (3.22 G allocations: 8.005 TiB, 13.75% gc time)
[2023-01-10T15:38:36.355]Completed Shot 8, state 20
4379.495365 seconds (3.22 G allocations: 8.005 TiB, 13.74% gc time)
[2023-01-10T15:38:36.648]Completed Shot 8, state 48
4379.950978 seconds (3.22 G allocations: 8.006 TiB, 13.74% gc time)
[2023-01-10T15:38:37.102]Completed Shot 8, state 21
4379.974694 seconds (3.22 G allocations: 8.006 TiB, 13.74% gc time)
[2023-01-10T15:38:37.126]Completed Shot 8, state 27
4380.427351 seconds (3.22 G allocations: 8.007 TiB, 13.74% gc time)
[2023-01-10T15:38:37.580]Completed Shot 8, state 46
4380.481897 seconds (3.22 G allocations: 8.007 TiB, 13.74% gc time)
[2023-01-10T15:38:37.634]Completed Shot 8, state 49
4380.671383 seconds (3.22 G allocations: 8.007 TiB, 13.74% gc time)
[2023-01-10T15:38:37.822]Completed Shot 8, state 14
4381.480073 seconds (3.22 G allocations: 8.007 TiB, 13.75% gc time)
[2023-01-10T15:38:38.630]Completed Shot 8, state 4
4381.595186 seconds (3.22 G allocations: 8.007 TiB, 13.75% gc time)
[2023-01-10T15:38:38.745]Completed Shot 8, state 8
4382.045027 seconds (3.22 G allocations: 8.008 TiB, 13.75% gc time)
[2023-01-10T15:38:39.194]Completed Shot 8, state 1
4382.753372 seconds (3.22 G allocations: 8.008 TiB, 13.74% gc time)
[2023-01-10T15:38:39.906]Completed Shot 8, state 39
4384.804372 seconds (3.22 G allocations: 8.008 TiB, 13.74% gc time)
[2023-01-10T15:38:41.955]Completed Shot 8, state 16
4385.537268 seconds (3.22 G allocations: 8.009 TiB, 13.73% gc time)
[2023-01-10T15:38:42.687]Completed Shot 8, state 2
4500.694657 seconds (3.37 G allocations: 8.346 TiB, 14.32% gc time)
[2023-01-10T16:53:43.384]Completed Shot 9, state 10
4502.603283 seconds (3.37 G allocations: 8.352 TiB, 14.31% gc time)
[2023-01-10T16:53:45.292]Completed Shot 9, state 3
4503.085592 seconds (3.37 G allocations: 8.353 TiB, 14.31% gc time)
[2023-01-10T16:53:45.775]Completed Shot 9, state 7
4504.773186 seconds (3.37 G allocations: 8.359 TiB, 14.31% gc time)
[2023-01-10T16:53:47.465]Completed Shot 9, state 32
4504.863185 seconds (3.37 G allocations: 8.359 TiB, 14.30% gc time)
[2023-01-10T16:53:47.555]Completed Shot 9, state 43
4504.871894 seconds (3.37 G allocations: 8.359 TiB, 14.30% gc time)
[2023-01-10T16:53:47.564]Completed Shot 9, state 40
4504.942525 seconds (3.37 G allocations: 8.359 TiB, 14.30% gc time)
[2023-01-10T16:53:47.633]Completed Shot 9, state 15
4510.340721 seconds (3.38 G allocations: 8.369 TiB, 14.33% gc time)
[2023-01-10T16:53:53.031]Completed Shot 9, state 18
4510.368665 seconds (3.38 G allocations: 8.369 TiB, 14.33% gc time)
[2023-01-10T16:53:53.061]Completed Shot 9, state 41
4510.771432 seconds (3.38 G allocations: 8.370 TiB, 14.33% gc time)
[2023-01-10T16:53:53.463]Completed Shot 9, state 33
4510.821532 seconds (3.38 G allocations: 8.370 TiB, 14.33% gc time)
[2023-01-10T16:53:53.514]Completed Shot 9, state 39
4511.138114 seconds (3.38 G allocations: 8.371 TiB, 14.33% gc time)
[2023-01-10T16:53:53.829]Completed Shot 9, state 30
4511.247229 seconds (3.38 G allocations: 8.372 TiB, 14.33% gc time)
[2023-01-10T16:53:53.938]Completed Shot 9, state 20
4511.626113 seconds (3.38 G allocations: 8.373 TiB, 14.33% gc time)
[2023-01-10T16:53:54.318]Completed Shot 9, state 47
4511.733711 seconds (3.38 G allocations: 8.373 TiB, 14.33% gc time)
[2023-01-10T16:53:54.426]Completed Shot 9, state 37
4511.899638 seconds (3.38 G allocations: 8.373 TiB, 14.33% gc time)
[2023-01-10T16:53:54.589]Completed Shot 9, state 12
4511.915834 seconds (3.38 G allocations: 8.373 TiB, 14.33% gc time)
[2023-01-10T16:53:54.607]Completed Shot 9, state 28
4512.269887 seconds (3.38 G allocations: 8.374 TiB, 14.33% gc time)
[2023-01-10T16:53:54.961]Completed Shot 9, state 22
4512.339536 seconds (3.38 G allocations: 8.375 TiB, 14.33% gc time)
[2023-01-10T16:53:55.030]Completed Shot 9, state 16
4512.378260 seconds (3.38 G allocations: 8.375 TiB, 14.33% gc time)
[2023-01-10T16:53:55.068]Completed Shot 9, state 9
4512.428980 seconds (3.38 G allocations: 8.375 TiB, 14.33% gc time)
[2023-01-10T16:53:55.120]Completed Shot 9, state 31
4512.900044 seconds (3.38 G allocations: 8.376 TiB, 14.33% gc time)
[2023-01-10T16:53:55.590]Completed Shot 9, state 14
4513.049149 seconds (3.38 G allocations: 8.377 TiB, 14.33% gc time)
[2023-01-10T16:53:55.741]Completed Shot 9, state 36
4513.145463 seconds (3.38 G allocations: 8.377 TiB, 14.33% gc time)
[2023-01-10T16:53:55.836]Completed Shot 9, state 23
4513.273490 seconds (3.38 G allocations: 8.377 TiB, 14.33% gc time)
[2023-01-10T16:53:55.963]Completed Shot 9, state 8
4513.272384 seconds (3.38 G allocations: 8.377 TiB, 14.33% gc time)
[2023-01-10T16:53:55.963]Completed Shot 9, state 21
4513.288126 seconds (3.38 G allocations: 8.377 TiB, 14.33% gc time)
[2023-01-10T16:53:55.978]Completed Shot 9, state 17
4513.427934 seconds (3.38 G allocations: 8.378 TiB, 14.32% gc time)
[2023-01-10T16:53:56.120]Completed Shot 9, state 45
4513.857628 seconds (3.38 G allocations: 8.379 TiB, 14.32% gc time)
[2023-01-10T16:53:56.550]Completed Shot 9, state 46
4513.939971 seconds (3.38 G allocations: 8.379 TiB, 14.32% gc time)
[2023-01-10T16:53:56.629]Completed Shot 9, state 4
4513.956110 seconds (3.38 G allocations: 8.379 TiB, 14.32% gc time)
[2023-01-10T16:53:56.648]Completed Shot 9, state 49
4515.593985 seconds (3.38 G allocations: 8.380 TiB, 14.35% gc time)
[2023-01-10T16:53:58.286]Completed Shot 9, state 34
4515.742368 seconds (3.38 G allocations: 8.381 TiB, 14.35% gc time)
[2023-01-10T16:53:58.431]Completed Shot 9, state 5
4515.826023 seconds (3.38 G allocations: 8.381 TiB, 14.35% gc time)
[2023-01-10T16:53:58.518]Completed Shot 9, state 35
4515.981526 seconds (3.38 G allocations: 8.381 TiB, 14.34% gc time)
[2023-01-10T16:53:58.672]Completed Shot 9, state 24
4515.985610 seconds (3.38 G allocations: 8.381 TiB, 14.34% gc time)
[2023-01-10T16:53:58.678]Completed Shot 9, state 50
4516.145656 seconds (3.38 G allocations: 8.382 TiB, 14.34% gc time)
[2023-01-10T16:53:58.835]Completed Shot 9, state 6
4516.163285 seconds (3.38 G allocations: 8.382 TiB, 14.34% gc time)
[2023-01-10T16:53:58.852]Completed Shot 9, state 1
4516.659312 seconds (3.38 G allocations: 8.382 TiB, 14.34% gc time)
[2023-01-10T16:53:59.350]Completed Shot 9, state 29
4516.742456 seconds (3.38 G allocations: 8.383 TiB, 14.34% gc time)
[2023-01-10T16:53:59.432]Completed Shot 9, state 13
4516.939642 seconds (3.38 G allocations: 8.383 TiB, 14.34% gc time)
[2023-01-10T16:53:59.631]Completed Shot 9, state 26
4517.472835 seconds (3.38 G allocations: 8.384 TiB, 14.34% gc time)
[2023-01-10T16:54:00.162]Completed Shot 9, state 11
4517.628780 seconds (3.38 G allocations: 8.384 TiB, 14.34% gc time)
[2023-01-10T16:54:00.321]Completed Shot 9, state 42
4518.374730 seconds (3.38 G allocations: 8.384 TiB, 14.34% gc time)
[2023-01-10T16:54:01.067]Completed Shot 9, state 48
4518.689147 seconds (3.38 G allocations: 8.385 TiB, 14.34% gc time)
[2023-01-10T16:54:01.380]Completed Shot 9, state 19
4518.846873 seconds (3.38 G allocations: 8.385 TiB, 14.34% gc time)
[2023-01-10T16:54:01.536]Completed Shot 9, state 2
4520.064082 seconds (3.38 G allocations: 8.385 TiB, 14.33% gc time)
[2023-01-10T16:54:02.756]Completed Shot 9, state 38
4521.166804 seconds (3.38 G allocations: 8.386 TiB, 14.33% gc time)
[2023-01-10T16:54:03.859]Completed Shot 9, state 44
4521.580363 seconds (3.38 G allocations: 8.386 TiB, 14.33% gc time)
[2023-01-10T16:54:04.271]Completed Shot 9, state 27
4521.730186 seconds (3.38 G allocations: 8.386 TiB, 14.33% gc time)
[2023-01-10T16:54:04.421]Completed Shot 9, state 25
4356.459540 seconds (3.16 G allocations: 7.855 TiB, 13.58% gc time)
[2023-01-10T18:06:40.883]Completed Shot 10, state 2
4363.214307 seconds (3.16 G allocations: 7.875 TiB, 13.56% gc time)
[2023-01-10T18:06:47.640]Completed Shot 10, state 34
4364.522230 seconds (3.17 G allocations: 7.879 TiB, 13.56% gc time)
[2023-01-10T18:06:48.948]Completed Shot 10, state 50
4365.167643 seconds (3.17 G allocations: 7.881 TiB, 13.55% gc time)
[2023-01-10T18:06:49.591]Completed Shot 10, state 4
4365.283822 seconds (3.17 G allocations: 7.881 TiB, 13.55% gc time)
[2023-01-10T18:06:49.710]Completed Shot 10, state 46
4365.469328 seconds (3.17 G allocations: 7.882 TiB, 13.55% gc time)
[2023-01-10T18:06:49.894]Completed Shot 10, state 25
4365.481279 seconds (3.17 G allocations: 7.882 TiB, 13.55% gc time)
[2023-01-10T18:06:49.906]Completed Shot 10, state 30
4366.030002 seconds (3.17 G allocations: 7.883 TiB, 13.55% gc time)
[2023-01-10T18:06:50.453]Completed Shot 10, state 5
4366.284285 seconds (3.17 G allocations: 7.884 TiB, 13.55% gc time)
[2023-01-10T18:06:50.708]Completed Shot 10, state 16
4366.849267 seconds (3.17 G allocations: 7.886 TiB, 13.55% gc time)
[2023-01-10T18:06:51.272]Completed Shot 10, state 8
4370.022382 seconds (3.17 G allocations: 7.888 TiB, 13.60% gc time)
[2023-01-10T18:06:54.447]Completed Shot 10, state 29
4370.378210 seconds (3.17 G allocations: 7.889 TiB, 13.59% gc time)
[2023-01-10T18:06:54.803]Completed Shot 10, state 48
4370.841595 seconds (3.17 G allocations: 7.890 TiB, 13.59% gc time)
[2023-01-10T18:06:55.267]Completed Shot 10, state 49
4370.907690 seconds (3.17 G allocations: 7.890 TiB, 13.59% gc time)
[2023-01-10T18:06:55.333]Completed Shot 10, state 44
4371.024627 seconds (3.17 G allocations: 7.891 TiB, 13.59% gc time)
[2023-01-10T18:06:55.450]Completed Shot 10, state 43
4371.245690 seconds (3.17 G allocations: 7.891 TiB, 13.59% gc time)
[2023-01-10T18:06:55.671]Completed Shot 10, state 31
4371.311144 seconds (3.17 G allocations: 7.891 TiB, 13.59% gc time)
[2023-01-10T18:06:55.736]Completed Shot 10, state 33
4371.579174 seconds (3.17 G allocations: 7.892 TiB, 13.59% gc time)
[2023-01-10T18:06:56.003]Completed Shot 10, state 21
4372.865861 seconds (3.17 G allocations: 7.896 TiB, 13.59% gc time)
[2023-01-10T18:06:57.291]Completed Shot 10, state 32
4372.898565 seconds (3.17 G allocations: 7.897 TiB, 13.59% gc time)
[2023-01-10T18:06:57.323]Completed Shot 10, state 20
4372.944923 seconds (3.17 G allocations: 7.897 TiB, 13.59% gc time)
[2023-01-10T18:06:57.369]Completed Shot 10, state 15
4373.139754 seconds (3.17 G allocations: 7.897 TiB, 13.59% gc time)
[2023-01-10T18:06:57.562]Completed Shot 10, state 1
4373.274049 seconds (3.17 G allocations: 7.898 TiB, 13.58% gc time)
[2023-01-10T18:06:57.698]Completed Shot 10, state 22
4373.455604 seconds (3.17 G allocations: 7.898 TiB, 13.58% gc time)
[2023-01-10T18:06:57.880]Completed Shot 10, state 17
4373.491419 seconds (3.17 G allocations: 7.898 TiB, 13.58% gc time)
[2023-01-10T18:06:57.917]Completed Shot 10, state 47
4373.506840 seconds (3.17 G allocations: 7.899 TiB, 13.58% gc time)
[2023-01-10T18:06:57.932]Completed Shot 10, state 36
4373.707970 seconds (3.17 G allocations: 7.899 TiB, 13.58% gc time)
[2023-01-10T18:06:58.132]Completed Shot 10, state 24
4374.278426 seconds (3.17 G allocations: 7.901 TiB, 13.58% gc time)
[2023-01-10T18:06:58.702]Completed Shot 10, state 14
4374.373946 seconds (3.17 G allocations: 7.901 TiB, 13.58% gc time)
[2023-01-10T18:06:58.797]Completed Shot 10, state 6
4374.373948 seconds (3.17 G allocations: 7.901 TiB, 13.58% gc time)
[2023-01-10T18:06:58.797]Completed Shot 10, state 11
4374.420454 seconds (3.17 G allocations: 7.901 TiB, 13.58% gc time)
[2023-01-10T18:06:58.846]Completed Shot 10, state 37
4374.536530 seconds (3.17 G allocations: 7.901 TiB, 13.58% gc time)
[2023-01-10T18:06:58.961]Completed Shot 10, state 27
4374.596183 seconds (3.17 G allocations: 7.901 TiB, 13.58% gc time)
[2023-01-10T18:06:59.021]Completed Shot 10, state 28
4374.614812 seconds (3.17 G allocations: 7.901 TiB, 13.58% gc time)
[2023-01-10T18:06:59.038]Completed Shot 10, state 7
4374.640846 seconds (3.18 G allocations: 7.901 TiB, 13.58% gc time)
[2023-01-10T18:06:59.065]Completed Shot 10, state 19
4374.919177 seconds (3.18 G allocations: 7.902 TiB, 13.58% gc time)
[2023-01-10T18:06:59.343]Completed Shot 10, state 23
4375.023754 seconds (3.18 G allocations: 7.902 TiB, 13.58% gc time)
[2023-01-10T18:06:59.447]Completed Shot 10, state 9
4375.096836 seconds (3.18 G allocations: 7.902 TiB, 13.58% gc time)
[2023-01-10T18:06:59.521]Completed Shot 10, state 18
4375.099839 seconds (3.18 G allocations: 7.902 TiB, 13.58% gc time)
[2023-01-10T18:06:59.525]Completed Shot 10, state 45
4375.186823 seconds (3.18 G allocations: 7.902 TiB, 13.58% gc time)
[2023-01-10T18:06:59.611]Completed Shot 10, state 26
4375.248728 seconds (3.18 G allocations: 7.903 TiB, 13.58% gc time)
[2023-01-10T18:06:59.674]Completed Shot 10, state 39
4375.408255 seconds (3.18 G allocations: 7.903 TiB, 13.58% gc time)
[2023-01-10T18:06:59.831]Completed Shot 10, state 3
4376.646392 seconds (3.18 G allocations: 7.903 TiB, 13.60% gc time)
[2023-01-10T18:07:01.071]Completed Shot 10, state 41
4377.146721 seconds (3.18 G allocations: 7.904 TiB, 13.59% gc time)
[2023-01-10T18:07:01.572]Completed Shot 10, state 35
4377.262641 seconds (3.18 G allocations: 7.904 TiB, 13.59% gc time)
[2023-01-10T18:07:01.688]Completed Shot 10, state 38
4378.250874 seconds (3.18 G allocations: 7.904 TiB, 13.59% gc time)
[2023-01-10T18:07:02.676]Completed Shot 10, state 40
4378.766711 seconds (3.18 G allocations: 7.905 TiB, 13.59% gc time)
[2023-01-10T18:07:03.190]Completed Shot 10, state 12
4379.272239 seconds (3.18 G allocations: 7.905 TiB, 13.59% gc time)
[2023-01-10T18:07:03.696]Completed Shot 10, state 10
4379.423406 seconds (3.18 G allocations: 7.905 TiB, 13.59% gc time)
[2023-01-10T18:07:03.849]Completed Shot 10, state 42
4382.635012 seconds (3.18 G allocations: 7.905 TiB, 13.58% gc time)
[2023-01-10T18:07:07.059]Completed Shot 10, state 13
[2023-01-10T18:07:07.059]**********Simulation completed!**********
[2023-01-10T18:07:07.059]**********Saving**********
[2023-01-10T18:07:11.067]Saving file: /gpfs/bwfor/work/ws/hd_ku269-logs/LightCones/2023-01-10/482049_N11_BS.jld2
[2023-01-10T18:07:12.585]**********Run completed!**********
============================= JOB FEEDBACK =============================
Job ID: 482049
Cluster: helix
User/Group: hd_ku269/hd_hd
State: COMPLETED (exit code 0)
Nodes: 1
Cores per node: 64
CPU Utilized: 29-06:15:58
CPU Efficiency: 89.05% of 32-20:39:28 core-walltime
Job Wall-clock time: 12:19:22
Memory Utilized: 69.72 GB
Memory Efficiency: 29.54% of 236.00 GB
