Added MKL.jl
Project LightCones v0.1.0
Status `/lustre/work/ws/ws1/hd_ku269-light_cones/WorkingFolder/Project.toml`
  [7d9fca2a] Arpack v0.5.4
⌃ [7073ff75] IJulia v1.23.3
  [033835bb] JLD2 v0.4.29
  [0b1a1467] KrylovKit v0.6.0
  [d3d80556] LineSearches v7.2.0
  [33e6dc65] MKL v0.6.0
  [429524aa] Optim v1.7.4
⌃ [91a5bcdd] Plots v1.36.6
⌃ [c3e4b0f8] Pluto v0.19.16
  [3c0b384b] QuantumInformation v0.4.9
  [189a3867] Reexport v1.2.2
⌃ [295af30f] Revise v3.4.0
  [ebcc8a00] SpinSymmetry v0.3.3
  [59d54670] ThreadedSparseArrays v0.2.2
  [ade2ca70] Dates
  [8ba89e20] Distributed
  [37e2e46d] LinearAlgebra
  [de0858da] Printf
  [9a3f8284] Random
  [1a1011a3] SharedArrays
  [2f01184e] SparseArrays
  [10745b16] Statistics
Info Packages marked with ⌃ have new versions available
[2023-01-12T12:51:27.451]**********RANDOM FIELDS**********
shared_krylov.jl
Working Directory:          /lustre/work/ws/ws1/hd_ku269-light_cones/WorkingFolder
SLURM Directory:            /lustre/work/ws/ws1/hd_ku269-light_cones/WorkingFolder 
Running on host:            n1415
Job id:                     8095134
Job name:                   otoc_simulation_N11_TR_FIDONLY
Number of nodes allocated:  
Number of cores allocated:  1
#threads of Julia:          96
#threads of BLAS:           1
ARGS = ["11", "10", "50", "BS", "x", "12", "1000", "Rhim71"]
LOCATION = "/lustre/work/ws/ws1/hd_ku269-logs/LightCones/2023-01-12"
N = 11
SHOTS = 10
MULT_RANDOM_STATES = true
N_RANDOM_STATES = 50
TYPE_OF_RS = "BS"
OBSERVABLE = "x"
DISORDER_PARAM = 12.0
[2023-01-12T12:51:27.629]**********Running simulation**********
[2023-01-12T12:51:27.684]trange = 0.1:0.1:20.0
[2023-01-12T12:51:27.999]A = σx
[2023-01-12T12:51:28.529]alpha=6
[2023-01-12T12:51:28.529]PBC
SlowPulse([1.0, 0.0, 0.0], π, 15707.963267948964)SlowPulse([-1.0, 0.0, 0.0], π, 15707.963267948964)2[2023-01-12T12:51:31.345]Operations set up.
Using multiple states.
20250.847820 seconds (27.39 G allocations: 92.493 TiB, 19.65% gc time, 0.04% compilation time)
[2023-01-12T18:29:24.438]Completed Shot 1, state 3
20287.148277 seconds (27.44 G allocations: 92.665 TiB, 19.65% gc time, 0.04% compilation time)
[2023-01-12T18:30:01.035]Completed Shot 1, state 9
20320.638022 seconds (27.49 G allocations: 92.816 TiB, 19.65% gc time, 0.04% compilation time)
[2023-01-12T18:30:34.314]Completed Shot 1, state 38
20353.241377 seconds (27.52 G allocations: 92.940 TiB, 19.65% gc time, 0.07% compilation time)
[2023-01-12T18:31:00.686]Completed Shot 1, state 47
20380.375950 seconds (27.57 G allocations: 93.089 TiB, 19.66% gc time, 0.04% compilation time)
[2023-01-12T18:31:34.075]Completed Shot 1, state 20
20381.634113 seconds (27.57 G allocations: 93.096 TiB, 19.65% gc time, 0.04% compilation time)
[2023-01-12T18:31:35.333]Completed Shot 1, state 32
20397.601032 seconds (27.59 G allocations: 93.175 TiB, 19.65% gc time, 0.04% compilation time)
[2023-01-12T18:31:51.303]Completed Shot 1, state 10
20409.728007 seconds (27.60 G allocations: 93.194 TiB, 19.65% gc time, 0.07% compilation time)
[2023-01-12T18:31:57.172]Completed Shot 1, state 19
20412.814742 seconds (27.60 G allocations: 93.211 TiB, 19.65% gc time, 0.07% compilation time)
[2023-01-12T18:32:00.282]Completed Shot 1, state 34
20414.285934 seconds (27.61 G allocations: 93.219 TiB, 19.64% gc time, 0.07% compilation time)
[2023-01-12T18:32:01.729]Completed Shot 1, state 12
20424.049810 seconds (27.62 G allocations: 93.281 TiB, 19.66% gc time, 0.04% compilation time)
[2023-01-12T18:32:17.885]Completed Shot 1, state 14
20434.504583 seconds (27.63 G allocations: 93.302 TiB, 19.65% gc time, 0.07% compilation time)
[2023-01-12T18:32:21.948]Completed Shot 1, state 15
20435.321709 seconds (27.63 G allocations: 93.307 TiB, 19.65% gc time, 0.07% compilation time)
[2023-01-12T18:32:22.766]Completed Shot 1, state 48
20435.323313 seconds (27.64 G allocations: 93.328 TiB, 19.66% gc time, 0.04% compilation time)
[2023-01-12T18:32:28.904]Completed Shot 1, state 29
20449.503611 seconds (27.65 G allocations: 93.359 TiB, 19.65% gc time, 0.07% compilation time)
[2023-01-12T18:32:36.948]Completed Shot 1, state 24
20465.616839 seconds (27.67 G allocations: 93.454 TiB, 19.65% gc time, 0.04% compilation time)
[2023-01-12T18:32:59.450]Completed Shot 1, state 25
20481.020329 seconds (27.68 G allocations: 93.488 TiB, 19.64% gc time, 0.07% compilation time)
[2023-01-12T18:33:08.488]Completed Shot 1, state 13
20482.227610 seconds (27.69 G allocations: 93.494 TiB, 19.64% gc time, 0.07% compilation time)
[2023-01-12T18:33:09.671]Completed Shot 1, state 35
20493.436813 seconds (27.70 G allocations: 93.538 TiB, 19.64% gc time, 0.07% compilation time)
[2023-01-12T18:33:20.885]Completed Shot 1, state 27
20495.100994 seconds (27.70 G allocations: 93.545 TiB, 19.64% gc time, 0.07% compilation time)
[2023-01-12T18:33:22.568]Completed Shot 1, state 50
20498.797177 seconds (27.71 G allocations: 93.586 TiB, 19.64% gc time, 0.04% compilation time)
[2023-01-12T18:33:32.682]Completed Shot 1, state 28
20500.853555 seconds (27.71 G allocations: 93.588 TiB, 19.64% gc time, 0.04% compilation time)
[2023-01-12T18:33:34.688]Completed Shot 1, state 39
20503.061802 seconds (27.72 G allocations: 93.597 TiB, 19.64% gc time, 0.04% compilation time)
[2023-01-12T18:33:36.636]Completed Shot 1, state 30
20510.248907 seconds (27.72 G allocations: 93.601 TiB, 19.64% gc time, 0.07% compilation time)
[2023-01-12T18:33:37.693]Completed Shot 1, state 8
20516.327630 seconds (27.72 G allocations: 93.620 TiB, 19.64% gc time, 0.07% compilation time)
[2023-01-12T18:33:43.795]Completed Shot 1, state 33
20512.441801 seconds (27.73 G allocations: 93.630 TiB, 19.64% gc time, 0.04% compilation time)
[2023-01-12T18:33:46.332]Completed Shot 1, state 22
20512.986060 seconds (27.73 G allocations: 93.631 TiB, 19.64% gc time, 0.04% compilation time)
[2023-01-12T18:33:46.587]Completed Shot 1, state 45
20538.881124 seconds (27.75 G allocations: 93.694 TiB, 19.63% gc time, 0.07% compilation time)
[2023-01-12T18:34:06.325]Completed Shot 1, state 5
20541.126969 seconds (27.75 G allocations: 93.721 TiB, 19.63% gc time, 0.04% compilation time)
[2023-01-12T18:34:14.976]Completed Shot 1, state 16
20551.969308 seconds (27.76 G allocations: 93.734 TiB, 19.62% gc time, 0.07% compilation time)
[2023-01-12T18:34:19.437]Completed Shot 1, state 2
20546.421143 seconds (27.76 G allocations: 93.736 TiB, 19.63% gc time, 0.04% compilation time)
[2023-01-12T18:34:20.256]Completed Shot 1, state 49
20554.418070 seconds (27.76 G allocations: 93.742 TiB, 19.62% gc time, 0.07% compilation time)
[2023-01-12T18:34:21.886]Completed Shot 1, state 26
20556.230771 seconds (27.76 G allocations: 93.747 TiB, 19.62% gc time, 0.07% compilation time)
[2023-01-12T18:34:23.675]Completed Shot 1, state 43
20558.834940 seconds (27.76 G allocations: 93.754 TiB, 19.62% gc time, 0.07% compilation time)
[2023-01-12T18:34:26.302]Completed Shot 1, state 4
20553.310414 seconds (27.76 G allocations: 93.756 TiB, 19.62% gc time, 0.04% compilation time)
[2023-01-12T18:34:27.196]Completed Shot 1, state 31
20555.255087 seconds (27.76 G allocations: 93.760 TiB, 19.62% gc time, 0.04% compilation time)
[2023-01-12T18:34:28.766]Completed Shot 1, state 44
20571.786940 seconds (27.77 G allocations: 93.786 TiB, 19.61% gc time, 0.07% compilation time)
[2023-01-12T18:34:39.254]Completed Shot 1, state 23
20573.069278 seconds (27.77 G allocations: 93.789 TiB, 19.61% gc time, 0.07% compilation time)
[2023-01-12T18:34:40.512]Completed Shot 1, state 1
20574.072779 seconds (27.77 G allocations: 93.791 TiB, 19.61% gc time, 0.07% compilation time)
[2023-01-12T18:34:41.540]Completed Shot 1, state 18
20577.282346 seconds (27.78 G allocations: 93.810 TiB, 19.61% gc time, 0.04% compilation time)
[2023-01-12T18:34:51.117]Completed Shot 1, state 40
20589.983836 seconds (27.78 G allocations: 93.821 TiB, 19.60% gc time, 0.07% compilation time)
[2023-01-12T18:34:57.451]Completed Shot 1, state 37
20586.501840 seconds (27.78 G allocations: 93.825 TiB, 19.60% gc time, 0.04% compilation time)
[2023-01-12T18:35:00.178]Completed Shot 1, state 6
20592.858729 seconds (27.78 G allocations: 93.825 TiB, 19.60% gc time, 0.07% compilation time)
[2023-01-12T18:35:00.302]Completed Shot 1, state 11
20619.035081 seconds (27.80 G allocations: 93.867 TiB, 19.58% gc time, 0.04% compilation time)
[2023-01-12T18:35:32.546]Completed Shot 1, state 21
20627.866914 seconds (27.80 G allocations: 93.871 TiB, 19.57% gc time, 0.07% compilation time)
[2023-01-12T18:35:35.311]Completed Shot 1, state 41
20637.183510 seconds (27.80 G allocations: 93.879 TiB, 19.56% gc time, 0.07% compilation time)
[2023-01-12T18:35:44.650]Completed Shot 1, state 17
20665.010136 seconds (27.81 G allocations: 93.900 TiB, 19.54% gc time, 0.07% compilation time)
[2023-01-12T18:36:12.454]Completed Shot 1, state 46
20661.028614 seconds (27.81 G allocations: 93.901 TiB, 19.54% gc time, 0.04% compilation time)
[2023-01-12T18:36:14.718]Completed Shot 1, state 42
20666.294537 seconds (27.81 G allocations: 93.904 TiB, 19.54% gc time, 0.04% compilation time)
[2023-01-12T18:36:20.129]Completed Shot 1, state 36
20709.009573 seconds (27.81 G allocations: 93.907 TiB, 19.50% gc time, 0.07% compilation time)
[2023-01-12T18:36:56.454]Completed Shot 1, state 7
20366.458068 seconds (27.30 G allocations: 92.216 TiB, 18.77% gc time)
[2023-01-13T00:16:22.920]Completed Shot 2, state 15
20393.628519 seconds (27.34 G allocations: 92.352 TiB, 18.76% gc time)
[2023-01-13T00:16:50.093]Completed Shot 2, state 31
20443.456800 seconds (27.41 G allocations: 92.597 TiB, 18.76% gc time)
[2023-01-13T00:17:39.922]Completed Shot 2, state 32
20448.552675 seconds (27.42 G allocations: 92.622 TiB, 18.75% gc time)
[2023-01-13T00:17:45.012]Completed Shot 2, state 4
20482.952804 seconds (27.47 G allocations: 92.789 TiB, 18.75% gc time)
[2023-01-13T00:18:19.419]Completed Shot 2, state 50
20487.270486 seconds (27.48 G allocations: 92.809 TiB, 18.75% gc time)
[2023-01-13T00:18:23.735]Completed Shot 2, state 29
20497.877713 seconds (27.49 G allocations: 92.860 TiB, 18.75% gc time)
[2023-01-13T00:18:34.344]Completed Shot 2, state 39
20536.579837 seconds (27.54 G allocations: 93.042 TiB, 18.74% gc time)
[2023-01-13T00:19:13.039]Completed Shot 2, state 1
20590.512355 seconds (27.62 G allocations: 93.291 TiB, 18.73% gc time)
[2023-01-13T00:20:06.972]Completed Shot 2, state 5
20591.615725 seconds (27.62 G allocations: 93.296 TiB, 18.73% gc time)
[2023-01-13T00:20:08.075]Completed Shot 2, state 2
20591.856578 seconds (27.62 G allocations: 93.297 TiB, 18.73% gc time)
[2023-01-13T00:20:08.318]Completed Shot 2, state 14
20593.801620 seconds (27.62 G allocations: 93.305 TiB, 18.73% gc time)
[2023-01-13T00:20:10.266]Completed Shot 2, state 30
20602.945649 seconds (27.63 G allocations: 93.346 TiB, 18.73% gc time)
[2023-01-13T00:20:19.406]Completed Shot 2, state 10
20603.415283 seconds (27.63 G allocations: 93.348 TiB, 18.73% gc time)
[2023-01-13T00:20:19.882]Completed Shot 2, state 44
20619.026801 seconds (27.65 G allocations: 93.415 TiB, 18.73% gc time)
[2023-01-13T00:20:35.490]Completed Shot 2, state 24
20622.441922 seconds (27.66 G allocations: 93.429 TiB, 18.73% gc time)
[2023-01-13T00:20:38.904]Completed Shot 2, state 17
20637.034418 seconds (27.68 G allocations: 93.490 TiB, 18.73% gc time)
[2023-01-13T00:20:53.500]Completed Shot 2, state 34
20647.319020 seconds (27.69 G allocations: 93.534 TiB, 18.72% gc time)
[2023-01-13T00:21:03.782]Completed Shot 2, state 26
20648.674072 seconds (27.69 G allocations: 93.540 TiB, 18.72% gc time)
[2023-01-13T00:21:05.140]Completed Shot 2, state 35
20656.783798 seconds (27.70 G allocations: 93.573 TiB, 18.72% gc time)
[2023-01-13T00:21:13.245]Completed Shot 2, state 13
20656.793324 seconds (27.70 G allocations: 93.573 TiB, 18.72% gc time)
[2023-01-13T00:21:13.253]Completed Shot 2, state 6
20664.566347 seconds (27.71 G allocations: 93.603 TiB, 18.72% gc time)
[2023-01-13T00:21:21.033]Completed Shot 2, state 48
20665.735427 seconds (27.71 G allocations: 93.607 TiB, 18.72% gc time)
[2023-01-13T00:21:22.198]Completed Shot 2, state 21
20668.350579 seconds (27.71 G allocations: 93.617 TiB, 18.72% gc time)
[2023-01-13T00:21:24.812]Completed Shot 2, state 11
20668.971289 seconds (27.71 G allocations: 93.619 TiB, 18.72% gc time)
[2023-01-13T00:21:25.438]Completed Shot 2, state 41
20669.729594 seconds (27.72 G allocations: 93.622 TiB, 18.72% gc time)
[2023-01-13T00:21:26.192]Completed Shot 2, state 18
20673.946847 seconds (27.72 G allocations: 93.637 TiB, 18.72% gc time)
[2023-01-13T00:21:30.413]Completed Shot 2, state 36
20675.796887 seconds (27.72 G allocations: 93.644 TiB, 18.71% gc time)
[2023-01-13T00:21:32.259]Completed Shot 2, state 19
20678.145287 seconds (27.72 G allocations: 93.652 TiB, 18.71% gc time)
[2023-01-13T00:21:34.612]Completed Shot 2, state 46
20679.115960 seconds (27.73 G allocations: 93.655 TiB, 18.71% gc time)
[2023-01-13T00:21:35.579]Completed Shot 2, state 25
20698.064465 seconds (27.74 G allocations: 93.714 TiB, 18.71% gc time)
[2023-01-13T00:21:54.525]Completed Shot 2, state 7
20706.051111 seconds (27.75 G allocations: 93.739 TiB, 18.70% gc time)
[2023-01-13T00:22:02.514]Completed Shot 2, state 22
20706.357223 seconds (27.75 G allocations: 93.740 TiB, 18.70% gc time)
[2023-01-13T00:22:02.820]Completed Shot 2, state 23
20708.646672 seconds (27.75 G allocations: 93.747 TiB, 18.70% gc time)
[2023-01-13T00:22:05.112]Completed Shot 2, state 33
20722.229278 seconds (27.76 G allocations: 93.784 TiB, 18.69% gc time)
[2023-01-13T00:22:18.692]Completed Shot 2, state 20
20726.407394 seconds (27.77 G allocations: 93.795 TiB, 18.69% gc time)
[2023-01-13T00:22:22.874]Completed Shot 2, state 42
20728.636929 seconds (27.77 G allocations: 93.800 TiB, 18.69% gc time)
[2023-01-13T00:22:25.096]Completed Shot 2, state 3
20729.813327 seconds (27.77 G allocations: 93.803 TiB, 18.69% gc time)
[2023-01-13T00:22:26.277]Completed Shot 2, state 28
20733.180613 seconds (27.77 G allocations: 93.811 TiB, 18.69% gc time)
[2023-01-13T00:22:29.647]Completed Shot 2, state 38
20740.191808 seconds (27.78 G allocations: 93.825 TiB, 18.68% gc time)
[2023-01-13T00:22:36.655]Completed Shot 2, state 27
20746.428817 seconds (27.78 G allocations: 93.838 TiB, 18.68% gc time)
[2023-01-13T00:22:42.895]Completed Shot 2, state 47
20748.340099 seconds (27.78 G allocations: 93.841 TiB, 18.68% gc time)
[2023-01-13T00:22:44.807]Completed Shot 2, state 45
20764.076438 seconds (27.79 G allocations: 93.865 TiB, 18.67% gc time)
[2023-01-13T00:23:00.537]Completed Shot 2, state 12
20764.269593 seconds (27.79 G allocations: 93.865 TiB, 18.67% gc time)
[2023-01-13T00:23:00.730]Completed Shot 2, state 9
20779.713598 seconds (27.79 G allocations: 93.884 TiB, 18.66% gc time)
[2023-01-13T00:23:16.180]Completed Shot 2, state 40
20781.865591 seconds (27.79 G allocations: 93.886 TiB, 18.66% gc time)
[2023-01-13T00:23:18.327]Completed Shot 2, state 16
20785.425565 seconds (27.79 G allocations: 93.889 TiB, 18.65% gc time)
[2023-01-13T00:23:21.892]Completed Shot 2, state 43
20806.308085 seconds (27.80 G allocations: 93.901 TiB, 18.64% gc time)
[2023-01-13T00:23:42.774]Completed Shot 2, state 37
20806.333439 seconds (27.80 G allocations: 93.901 TiB, 18.64% gc time)
[2023-01-13T00:23:42.800]Completed Shot 2, state 49
20845.773180 seconds (27.80 G allocations: 93.904 TiB, 18.61% gc time)
[2023-01-13T00:24:22.233]Completed Shot 2, state 8
19192.267230 seconds (27.33 G allocations: 92.302 TiB, 15.95% gc time)
[2023-01-13T05:44:14.506]Completed Shot 3, state 16
19246.766318 seconds (27.40 G allocations: 92.565 TiB, 15.95% gc time)
[2023-01-13T05:45:09.003]Completed Shot 3, state 7
19289.659834 seconds (27.47 G allocations: 92.773 TiB, 15.95% gc time)
[2023-01-13T05:45:51.900]Completed Shot 3, state 25
19292.566208 seconds (27.47 G allocations: 92.786 TiB, 15.95% gc time)
[2023-01-13T05:45:54.804]Completed Shot 3, state 12
19329.464993 seconds (27.52 G allocations: 92.963 TiB, 15.95% gc time)
[2023-01-13T05:46:31.707]Completed Shot 3, state 40
19334.581105 seconds (27.53 G allocations: 92.988 TiB, 15.95% gc time)
[2023-01-13T05:46:36.821]Completed Shot 3, state 28
19338.123499 seconds (27.53 G allocations: 93.005 TiB, 15.95% gc time)
[2023-01-13T05:46:40.364]Completed Shot 3, state 33
19358.886368 seconds (27.56 G allocations: 93.102 TiB, 15.95% gc time)
[2023-01-13T05:47:01.125]Completed Shot 3, state 17
19360.490198 seconds (27.56 G allocations: 93.110 TiB, 15.95% gc time)
[2023-01-13T05:47:02.729]Completed Shot 3, state 20
19371.225634 seconds (27.58 G allocations: 93.160 TiB, 15.95% gc time)
[2023-01-13T05:47:13.466]Completed Shot 3, state 29
19379.312654 seconds (27.59 G allocations: 93.197 TiB, 15.95% gc time)
[2023-01-13T05:47:21.555]Completed Shot 3, state 42
19398.494796 seconds (27.62 G allocations: 93.284 TiB, 15.95% gc time)
[2023-01-13T05:47:40.737]Completed Shot 3, state 43
19403.962230 seconds (27.62 G allocations: 93.309 TiB, 15.95% gc time)
[2023-01-13T05:47:46.204]Completed Shot 3, state 36
19410.033618 seconds (27.63 G allocations: 93.336 TiB, 15.95% gc time)
[2023-01-13T05:47:52.274]Completed Shot 3, state 30
19430.387557 seconds (27.66 G allocations: 93.426 TiB, 15.94% gc time)
[2023-01-13T05:48:12.625]Completed Shot 3, state 13
19433.228497 seconds (27.66 G allocations: 93.439 TiB, 15.94% gc time)
[2023-01-13T05:48:15.467]Completed Shot 3, state 14
19451.497932 seconds (27.68 G allocations: 93.518 TiB, 15.94% gc time)
[2023-01-13T05:48:33.740]Completed Shot 3, state 41
19452.999737 seconds (27.69 G allocations: 93.524 TiB, 15.94% gc time)
[2023-01-13T05:48:35.241]Completed Shot 3, state 34
19459.657583 seconds (27.69 G allocations: 93.552 TiB, 15.94% gc time)
[2023-01-13T05:48:41.898]Completed Shot 3, state 26
19465.393329 seconds (27.70 G allocations: 93.576 TiB, 15.94% gc time)
[2023-01-13T05:48:47.633]Completed Shot 3, state 23
19478.700911 seconds (27.72 G allocations: 93.630 TiB, 15.94% gc time)
[2023-01-13T05:49:00.939]Completed Shot 3, state 15
19479.059124 seconds (27.72 G allocations: 93.631 TiB, 15.94% gc time)
[2023-01-13T05:49:01.295]Completed Shot 3, state 3
19482.693248 seconds (27.72 G allocations: 93.645 TiB, 15.94% gc time)
[2023-01-13T05:49:04.931]Completed Shot 3, state 11
19491.216540 seconds (27.73 G allocations: 93.678 TiB, 15.93% gc time)
[2023-01-13T05:49:13.459]Completed Shot 3, state 46
19491.367938 seconds (27.73 G allocations: 93.679 TiB, 15.94% gc time)
[2023-01-13T05:49:13.604]Completed Shot 3, state 5
19494.499279 seconds (27.74 G allocations: 93.690 TiB, 15.93% gc time)
[2023-01-13T05:49:16.739]Completed Shot 3, state 27
19505.472836 seconds (27.75 G allocations: 93.728 TiB, 15.93% gc time)
[2023-01-13T05:49:27.715]Completed Shot 3, state 39
19505.696793 seconds (27.75 G allocations: 93.729 TiB, 15.93% gc time)
[2023-01-13T05:49:27.938]Completed Shot 3, state 37
19506.735125 seconds (27.75 G allocations: 93.732 TiB, 15.93% gc time)
[2023-01-13T05:49:28.971]Completed Shot 3, state 2
19512.712978 seconds (27.75 G allocations: 93.753 TiB, 15.93% gc time)
[2023-01-13T05:49:34.952]Completed Shot 3, state 22
19513.724672 seconds (27.75 G allocations: 93.756 TiB, 15.93% gc time)
[2023-01-13T05:49:35.961]Completed Shot 3, state 6
19518.194965 seconds (27.76 G allocations: 93.771 TiB, 15.93% gc time)
[2023-01-13T05:49:40.438]Completed Shot 3, state 49
19518.465489 seconds (27.76 G allocations: 93.772 TiB, 15.93% gc time)
[2023-01-13T05:49:40.701]Completed Shot 3, state 1
19522.625650 seconds (27.76 G allocations: 93.784 TiB, 15.93% gc time)
[2023-01-13T05:49:44.868]Completed Shot 3, state 47
19532.397671 seconds (27.77 G allocations: 93.810 TiB, 15.92% gc time)
[2023-01-13T05:49:54.640]Completed Shot 3, state 45
19534.854395 seconds (27.77 G allocations: 93.817 TiB, 15.92% gc time)
[2023-01-13T05:49:57.094]Completed Shot 3, state 21
19536.033122 seconds (27.77 G allocations: 93.820 TiB, 15.92% gc time)
[2023-01-13T05:49:58.275]Completed Shot 3, state 38
19536.562879 seconds (27.77 G allocations: 93.821 TiB, 15.92% gc time)
[2023-01-13T05:49:58.805]Completed Shot 3, state 44
19543.770709 seconds (27.78 G allocations: 93.837 TiB, 15.92% gc time)
[2023-01-13T05:50:06.014]Completed Shot 3, state 48
19544.778419 seconds (27.78 G allocations: 93.839 TiB, 15.92% gc time)
[2023-01-13T05:50:07.019]Completed Shot 3, state 31
19551.112202 seconds (27.78 G allocations: 93.851 TiB, 15.91% gc time)
[2023-01-13T05:50:13.352]Completed Shot 3, state 24
19563.763049 seconds (27.79 G allocations: 93.872 TiB, 15.91% gc time)
[2023-01-13T05:50:26.002]Completed Shot 3, state 18
19564.629694 seconds (27.79 G allocations: 93.874 TiB, 15.91% gc time)
[2023-01-13T05:50:26.867]Completed Shot 3, state 9
19565.375696 seconds (27.79 G allocations: 93.875 TiB, 15.91% gc time)
[2023-01-13T05:50:27.613]Completed Shot 3, state 10
19569.907154 seconds (27.79 G allocations: 93.881 TiB, 15.90% gc time)
[2023-01-13T05:50:32.146]Completed Shot 3, state 19
19572.219887 seconds (27.79 G allocations: 93.883 TiB, 15.90% gc time)
[2023-01-13T05:50:34.461]Completed Shot 3, state 32
19577.347507 seconds (27.79 G allocations: 93.888 TiB, 15.90% gc time)
[2023-01-13T05:50:39.589]Completed Shot 3, state 35
19579.441491 seconds (27.79 G allocations: 93.889 TiB, 15.90% gc time)
[2023-01-13T05:50:41.678]Completed Shot 3, state 4
19580.878508 seconds (27.79 G allocations: 93.890 TiB, 15.90% gc time)
[2023-01-13T05:50:43.122]Completed Shot 3, state 50
19766.568910 seconds (27.80 G allocations: 93.905 TiB, 15.78% gc time)
[2023-01-13T05:53:48.806]Completed Shot 3, state 8
19258.007825 seconds (27.36 G allocations: 92.432 TiB, 15.69% gc time)
[2023-01-13T11:14:46.825]Completed Shot 4, state 50
19268.725094 seconds (27.38 G allocations: 92.483 TiB, 15.69% gc time)
[2023-01-13T11:14:57.542]Completed Shot 4, state 45
19352.298072 seconds (27.50 G allocations: 92.886 TiB, 15.69% gc time)
[2023-01-13T11:16:21.113]Completed Shot 4, state 30
19355.439220 seconds (27.50 G allocations: 92.901 TiB, 15.69% gc time)
[2023-01-13T11:16:24.255]Completed Shot 4, state 36
19367.224594 seconds (27.52 G allocations: 92.958 TiB, 15.69% gc time)
[2023-01-13T11:16:36.038]Completed Shot 4, state 25
19378.954786 seconds (27.54 G allocations: 93.018 TiB, 15.69% gc time)
[2023-01-13T11:16:47.767]Completed Shot 4, state 14
19392.877805 seconds (27.56 G allocations: 93.083 TiB, 15.69% gc time)
[2023-01-13T11:17:01.692]Completed Shot 4, state 31
19401.872939 seconds (27.57 G allocations: 93.128 TiB, 15.68% gc time)
[2023-01-13T11:17:10.688]Completed Shot 4, state 29
19426.955095 seconds (27.60 G allocations: 93.246 TiB, 15.68% gc time)
[2023-01-13T11:17:35.771]Completed Shot 4, state 43
19431.049362 seconds (27.61 G allocations: 93.266 TiB, 15.68% gc time)
[2023-01-13T11:17:39.862]Completed Shot 4, state 18
19444.421215 seconds (27.63 G allocations: 93.329 TiB, 15.68% gc time)
[2023-01-13T11:17:53.238]Completed Shot 4, state 47
19448.223148 seconds (27.63 G allocations: 93.346 TiB, 15.68% gc time)
[2023-01-13T11:17:57.038]Completed Shot 4, state 34
19450.298422 seconds (27.64 G allocations: 93.356 TiB, 15.68% gc time)
[2023-01-13T11:17:59.109]Completed Shot 4, state 4
19459.180788 seconds (27.65 G allocations: 93.396 TiB, 15.68% gc time)
[2023-01-13T11:18:07.995]Completed Shot 4, state 27
19459.912143 seconds (27.65 G allocations: 93.399 TiB, 15.68% gc time)
[2023-01-13T11:18:08.729]Completed Shot 4, state 46
19467.654938 seconds (27.66 G allocations: 93.434 TiB, 15.68% gc time)
[2023-01-13T11:18:16.471]Completed Shot 4, state 38
19478.081802 seconds (27.67 G allocations: 93.480 TiB, 15.67% gc time)
[2023-01-13T11:18:26.895]Completed Shot 4, state 23
19479.476599 seconds (27.67 G allocations: 93.486 TiB, 15.67% gc time)
[2023-01-13T11:18:28.293]Completed Shot 4, state 41
19483.891415 seconds (27.68 G allocations: 93.504 TiB, 15.67% gc time)
[2023-01-13T11:18:32.704]Completed Shot 4, state 20
19484.618565 seconds (27.68 G allocations: 93.507 TiB, 15.67% gc time)
[2023-01-13T11:18:33.434]Completed Shot 4, state 35
19486.380355 seconds (27.68 G allocations: 93.514 TiB, 15.67% gc time)
[2023-01-13T11:18:35.191]Completed Shot 4, state 6
19491.738528 seconds (27.69 G allocations: 93.536 TiB, 15.67% gc time)
[2023-01-13T11:18:40.553]Completed Shot 4, state 32
19500.997391 seconds (27.70 G allocations: 93.573 TiB, 15.67% gc time)
[2023-01-13T11:18:49.813]Completed Shot 4, state 40
19502.853036 seconds (27.70 G allocations: 93.579 TiB, 15.67% gc time)
[2023-01-13T11:18:51.665]Completed Shot 4, state 16
19509.982689 seconds (27.71 G allocations: 93.604 TiB, 15.67% gc time)
[2023-01-13T11:18:58.798]Completed Shot 4, state 33
19529.906460 seconds (27.73 G allocations: 93.678 TiB, 15.66% gc time)
[2023-01-13T11:19:18.718]Completed Shot 4, state 9
19533.846629 seconds (27.74 G allocations: 93.691 TiB, 15.66% gc time)
[2023-01-13T11:19:22.658]Completed Shot 4, state 11
19538.160481 seconds (27.74 G allocations: 93.706 TiB, 15.66% gc time)
[2023-01-13T11:19:26.971]Completed Shot 4, state 2
19538.480388 seconds (27.74 G allocations: 93.707 TiB, 15.66% gc time)
[2023-01-13T11:19:27.297]Completed Shot 4, state 49
19538.939053 seconds (27.74 G allocations: 93.709 TiB, 15.66% gc time)
19538.941230 seconds (27.74 G allocations: 93.709 TiB, 15.66% gc time)
[[2023-01-13T11:19:27.752]Completed Shot 4, state 8
2023-01-13T11:19:27.752]Completed Shot 4, state 21
19544.213859 seconds (27.75 G allocations: 93.725 TiB, 15.66% gc time)
[2023-01-13T11:19:33.030]Completed Shot 4, state 39
19550.100354 seconds (27.75 G allocations: 93.742 TiB, 15.66% gc time)
[2023-01-13T11:19:38.916]Completed Shot 4, state 37
19550.126450 seconds (27.75 G allocations: 93.742 TiB, 15.66% gc time)
[2023-01-13T11:19:38.939]Completed Shot 4, state 15
19551.615832 seconds (27.75 G allocations: 93.746 TiB, 15.65% gc time)
[2023-01-13T11:19:40.430]Completed Shot 4, state 24
19567.657526 seconds (27.76 G allocations: 93.785 TiB, 15.65% gc time)
[2023-01-13T11:19:56.469]Completed Shot 4, state 10
19570.118028 seconds (27.76 G allocations: 93.791 TiB, 15.65% gc time)
[2023-01-13T11:19:58.928]Completed Shot 4, state 1
19575.764588 seconds (27.77 G allocations: 93.803 TiB, 15.65% gc time)
[2023-01-13T11:20:04.576]Completed Shot 4, state 12
19583.353842 seconds (27.77 G allocations: 93.820 TiB, 15.64% gc time)
[2023-01-13T11:20:12.165]Completed Shot 4, state 7
19585.626313 seconds (27.77 G allocations: 93.825 TiB, 15.64% gc time)
[2023-01-13T11:20:14.442]Completed Shot 4, state 42
19586.045910 seconds (27.77 G allocations: 93.826 TiB, 15.64% gc time)
[2023-01-13T11:20:14.860]Completed Shot 4, state 26
19592.583892 seconds (27.78 G allocations: 93.837 TiB, 15.64% gc time)
[2023-01-13T11:20:21.396]Completed Shot 4, state 13
19601.872632 seconds (27.78 G allocations: 93.851 TiB, 15.63% gc time)
[2023-01-13T11:20:30.686]Completed Shot 4, state 19
19614.497489 seconds (27.79 G allocations: 93.869 TiB, 15.63% gc time)
[2023-01-13T11:20:43.311]Completed Shot 4, state 22
19621.280427 seconds (27.79 G allocations: 93.877 TiB, 15.62% gc time)
[2023-01-13T11:20:50.095]Completed Shot 4, state 28
19623.142873 seconds (27.79 G allocations: 93.879 TiB, 15.62% gc time)
[2023-01-13T11:20:51.955]Completed Shot 4, state 17
19631.411720 seconds (27.79 G allocations: 93.885 TiB, 15.62% gc time)
[2023-01-13T11:21:00.228]Completed Shot 4, state 44
19638.625174 seconds (27.79 G allocations: 93.889 TiB, 15.61% gc time)
[2023-01-13T11:21:07.442]Completed Shot 4, state 48
19648.296435 seconds (27.79 G allocations: 93.894 TiB, 15.61% gc time)
[2023-01-13T11:21:17.107]Completed Shot 4, state 3
19755.995693 seconds (27.80 G allocations: 93.903 TiB, 15.54% gc time)
[2023-01-13T11:23:04.806]Completed Shot 4, state 5
19379.618997 seconds (27.38 G allocations: 92.474 TiB, 15.52% gc time)
[2023-01-13T16:46:04.432]Completed Shot 5, state 29
19417.479397 seconds (27.43 G allocations: 92.659 TiB, 15.52% gc time)
[2023-01-13T16:46:42.294]Completed Shot 5, state 39
19418.644582 seconds (27.44 G allocations: 92.665 TiB, 15.52% gc time)
[2023-01-13T16:46:43.460]Completed Shot 5, state 50
19440.859501 seconds (27.47 G allocations: 92.775 TiB, 15.52% gc time)
[2023-01-13T16:47:05.675]Completed Shot 5, state 46
19457.494556 seconds (27.49 G allocations: 92.856 TiB, 15.52% gc time)
[2023-01-13T16:47:22.305]Completed Shot 5, state 15
19463.324864 seconds (27.50 G allocations: 92.884 TiB, 15.52% gc time)
[2023-01-13T16:47:28.138]Completed Shot 5, state 31
19484.976020 seconds (27.53 G allocations: 92.989 TiB, 15.52% gc time)
[2023-01-13T16:47:49.788]Completed Shot 5, state 20
19485.700780 seconds (27.53 G allocations: 92.993 TiB, 15.52% gc time)
[2023-01-13T16:47:50.511]Completed Shot 5, state 10
19492.640039 seconds (27.54 G allocations: 93.026 TiB, 15.52% gc time)
[2023-01-13T16:47:57.449]Completed Shot 5, state 2
19494.740509 seconds (27.55 G allocations: 93.036 TiB, 15.52% gc time)
[2023-01-13T16:47:59.555]Completed Shot 5, state 42
19507.532455 seconds (27.56 G allocations: 93.096 TiB, 15.52% gc time)
[2023-01-13T16:48:12.343]Completed Shot 5, state 14
19518.738815 seconds (27.58 G allocations: 93.147 TiB, 15.52% gc time)
[2023-01-13T16:48:23.550]Completed Shot 5, state 19
19523.001354 seconds (27.58 G allocations: 93.166 TiB, 15.52% gc time)
[2023-01-13T16:48:27.812]Completed Shot 5, state 16
19529.151077 seconds (27.59 G allocations: 93.195 TiB, 15.52% gc time)
[2023-01-13T16:48:33.961]Completed Shot 5, state 11
19537.566299 seconds (27.60 G allocations: 93.233 TiB, 15.52% gc time)
[2023-01-13T16:48:42.377]Completed Shot 5, state 12
19540.177409 seconds (27.61 G allocations: 93.244 TiB, 15.52% gc time)
[2023-01-13T16:48:44.993]Completed Shot 5, state 48
19542.067684 seconds (27.61 G allocations: 93.252 TiB, 15.52% gc time)
[2023-01-13T16:48:46.882]Completed Shot 5, state 37
19555.328431 seconds (27.63 G allocations: 93.307 TiB, 15.52% gc time)
[2023-01-13T16:49:00.143]Completed Shot 5, state 41
19557.657188 seconds (27.63 G allocations: 93.317 TiB, 15.52% gc time)
[2023-01-13T16:49:02.473]Completed Shot 5, state 49
19564.553786 seconds (27.64 G allocations: 93.346 TiB, 15.52% gc time)
[2023-01-13T16:49:09.367]Completed Shot 5, state 32
19569.470684 seconds (27.64 G allocations: 93.366 TiB, 15.52% gc time)
[2023-01-13T16:49:14.284]Completed Shot 5, state 34
19573.244803 seconds (27.65 G allocations: 93.381 TiB, 15.52% gc time)
[2023-01-13T16:49:18.059]Completed Shot 5, state 35
19581.044174 seconds (27.66 G allocations: 93.410 TiB, 15.52% gc time)
[2023-01-13T16:49:25.854]Completed Shot 5, state 7
19612.770549 seconds (27.69 G allocations: 93.530 TiB, 15.51% gc time)
[2023-01-13T16:49:57.583]Completed Shot 5, state 25
19624.632978 seconds (27.70 G allocations: 93.574 TiB, 15.51% gc time)
[2023-01-13T16:50:09.447]Completed Shot 5, state 40
19625.481812 seconds (27.71 G allocations: 93.577 TiB, 15.51% gc time)
[2023-01-13T16:50:10.295]Completed Shot 5, state 30
19630.448554 seconds (27.71 G allocations: 93.595 TiB, 15.51% gc time)
[2023-01-13T16:50:15.259]Completed Shot 5, state 13
19634.935521 seconds (27.72 G allocations: 93.610 TiB, 15.51% gc time)
[2023-01-13T16:50:19.744]Completed Shot 5, state 3
19649.504432 seconds (27.73 G allocations: 93.660 TiB, 15.50% gc time)
[2023-01-13T16:50:34.318]Completed Shot 5, state 33
19650.988635 seconds (27.73 G allocations: 93.666 TiB, 15.50% gc time)
[2023-01-13T16:50:35.804]Completed Shot 5, state 47
19654.349647 seconds (27.74 G allocations: 93.677 TiB, 15.50% gc time)
[2023-01-13T16:50:39.159]Completed Shot 5, state 9
19658.913305 seconds (27.74 G allocations: 93.692 TiB, 15.50% gc time)
[2023-01-13T16:50:43.725]Completed Shot 5, state 21
19659.082270 seconds (27.74 G allocations: 93.693 TiB, 15.50% gc time)
[2023-01-13T16:50:43.892]Completed Shot 5, state 6
19674.178438 seconds (27.75 G allocations: 93.737 TiB, 15.49% gc time)
[2023-01-13T16:50:58.991]Completed Shot 5, state 27
19678.273498 seconds (27.76 G allocations: 93.749 TiB, 15.49% gc time)
[2023-01-13T16:51:03.085]Completed Shot 5, state 22
19681.594289 seconds (27.76 G allocations: 93.758 TiB, 15.49% gc time)
[2023-01-13T16:51:06.408]Completed Shot 5, state 38
19687.210787 seconds (27.76 G allocations: 93.772 TiB, 15.49% gc time)
[2023-01-13T16:51:12.023]Completed Shot 5, state 26
19700.699014 seconds (27.77 G allocations: 93.805 TiB, 15.48% gc time)
[2023-01-13T16:51:25.511]Completed Shot 5, state 24
19703.037548 seconds (27.77 G allocations: 93.810 TiB, 15.48% gc time)
[2023-01-13T16:51:27.850]Completed Shot 5, state 23
19710.728396 seconds (27.78 G allocations: 93.826 TiB, 15.48% gc time)
[2023-01-13T16:51:35.541]Completed Shot 5, state 28
19719.486828 seconds (27.78 G allocations: 93.843 TiB, 15.47% gc time)
[2023-01-13T16:51:44.295]Completed Shot 5, state 1
  Activating project at `/lustre/work/ws/ws1/hd_ku269-light_cones/WorkingFolder`
19727.267168 seconds (27.79 G allocations: 93.857 TiB, 15.47% gc time)
[2023-01-13T16:51:52.126]Completed Shot 5, state 18
19734.801496 seconds (27.79 G allocations: 93.869 TiB, 15.47% gc time)
[2023-01-13T16:51:59.611]Completed Shot 5, state 5
19739.310258 seconds (27.79 G allocations: 93.875 TiB, 15.46% gc time)
[2023-01-13T16:52:04.120]Completed Shot 5, state 8
19742.239559 seconds (27.79 G allocations: 93.879 TiB, 15.46% gc time)
[2023-01-13T16:52:07.054]Completed Shot 5, state 44
19742.401558 seconds (27.79 G allocations: 93.879 TiB, 15.46% gc time)
[2023-01-13T16:52:07.215]Completed Shot 5, state 36
19743.758113 seconds (27.79 G allocations: 93.880 TiB, 15.46% gc time)
[2023-01-13T16:52:08.573]Completed Shot 5, state 43
19782.143068 seconds (27.80 G allocations: 93.903 TiB, 15.44% gc time)
[2023-01-13T16:52:46.952]Completed Shot 5, state 4
19783.101802 seconds (27.80 G allocations: 93.904 TiB, 15.44% gc time)
[2023-01-13T16:52:47.913]Completed Shot 5, state 17
19904.379136 seconds (27.81 G allocations: 93.916 TiB, 15.36% gc time)
[2023-01-13T16:54:49.194]Completed Shot 5, state 45
19227.988342 seconds (27.51 G allocations: 92.915 TiB, 16.19% gc time)
[2023-01-13T22:15:17.211]Completed Shot 6, state 14
19232.947502 seconds (27.52 G allocations: 92.938 TiB, 16.19% gc time)
[2023-01-13T22:15:22.145]Completed Shot 6, state 7
19246.273099 seconds (27.54 G allocations: 93.002 TiB, 16.19% gc time)
[2023-01-13T22:15:35.477]Completed Shot 6, state 50
19246.785297 seconds (27.54 G allocations: 93.005 TiB, 16.19% gc time)
[2023-01-13T22:15:35.987]Completed Shot 6, state 26
19258.020310 seconds (27.55 G allocations: 93.061 TiB, 16.19% gc time)
[2023-01-13T22:15:47.219]Completed Shot 6, state 13
19269.088590 seconds (27.57 G allocations: 93.113 TiB, 16.19% gc time)
[2023-01-13T22:15:58.290]Completed Shot 6, state 25
19282.380343 seconds (27.59 G allocations: 93.179 TiB, 16.19% gc time)
[2023-01-13T22:16:11.583]Completed Shot 6, state 35
19298.151131 seconds (27.61 G allocations: 93.254 TiB, 16.19% gc time)
[2023-01-13T22:16:27.354]Completed Shot 6, state 37
19303.774501 seconds (27.62 G allocations: 93.281 TiB, 16.19% gc time)
[2023-01-13T22:16:32.971]Completed Shot 6, state 1
19317.422572 seconds (27.64 G allocations: 93.346 TiB, 16.19% gc time)
[2023-01-13T22:16:46.623]Completed Shot 6, state 21
19326.873892 seconds (27.65 G allocations: 93.388 TiB, 16.18% gc time)
[2023-01-13T22:16:56.076]Completed Shot 6, state 28
19330.918650 seconds (27.65 G allocations: 93.407 TiB, 16.18% gc time)
[2023-01-13T22:17:00.122]Completed Shot 6, state 40
19347.712475 seconds (27.68 G allocations: 93.485 TiB, 16.18% gc time)
[2023-01-13T22:17:16.914]Completed Shot 6, state 27
19357.445916 seconds (27.69 G allocations: 93.527 TiB, 16.18% gc time)
[2023-01-13T22:17:26.644]Completed Shot 6, state 10
19358.485648 seconds (27.69 G allocations: 93.532 TiB, 16.18% gc time)
[2023-01-13T22:17:27.686]Completed Shot 6, state 20
19364.063267 seconds (27.70 G allocations: 93.557 TiB, 16.18% gc time)
[2023-01-13T22:17:33.266]Completed Shot 6, state 34
19365.034376 seconds (27.70 G allocations: 93.561 TiB, 16.18% gc time)
[2023-01-13T22:17:34.238]Completed Shot 6, state 39
19374.062509 seconds (27.71 G allocations: 93.600 TiB, 16.18% gc time)
[2023-01-13T22:17:43.265]Completed Shot 6, state 32
19381.803960 seconds (27.72 G allocations: 93.632 TiB, 16.18% gc time)
[2023-01-13T22:17:51.004]Completed Shot 6, state 22
19384.148575 seconds (27.72 G allocations: 93.641 TiB, 16.18% gc time)
[2023-01-13T22:17:53.346]Completed Shot 6, state 8
19389.619426 seconds (27.73 G allocations: 93.663 TiB, 16.18% gc time)
[2023-01-13T22:17:58.818]Completed Shot 6, state 15
19390.358446 seconds (27.73 G allocations: 93.666 TiB, 16.18% gc time)
[2023-01-13T22:17:59.562]Completed Shot 6, state 45
19391.709022 seconds (27.73 G allocations: 93.672 TiB, 16.18% gc time)
[2023-01-13T22:18:00.913]Completed Shot 6, state 42
19397.041897 seconds (27.74 G allocations: 93.692 TiB, 16.17% gc time)
[2023-01-13T22:18:06.244]Completed Shot 6, state 30
19399.735943 seconds (27.74 G allocations: 93.702 TiB, 16.17% gc time)
[2023-01-13T22:18:08.932]Completed Shot 6, state 2
19401.060179 seconds (27.74 G allocations: 93.707 TiB, 16.17% gc time)
[2023-01-13T22:18:10.260]Completed Shot 6, state 19
19406.471771 seconds (27.75 G allocations: 93.726 TiB, 16.17% gc time)
[2023-01-13T22:18:15.675]Completed Shot 6, state 47
19413.361685 seconds (27.75 G allocations: 93.748 TiB, 16.17% gc time)
[2023-01-13T22:18:22.561]Completed Shot 6, state 18
19415.166975 seconds (27.76 G allocations: 93.754 TiB, 16.17% gc time)
[2023-01-13T22:18:24.365]Completed Shot 6, state 11
19415.602204 seconds (27.76 G allocations: 93.755 TiB, 16.17% gc time)
[2023-01-13T22:18:24.806]Completed Shot 6, state 44
19416.006049 seconds (27.76 G allocations: 93.757 TiB, 16.17% gc time)
[2023-01-13T22:18:25.210]Completed Shot 6, state 46
19422.443567 seconds (27.76 G allocations: 93.777 TiB, 16.17% gc time)
[2023-01-13T22:18:31.647]Completed Shot 6, state 36
19423.334049 seconds (27.76 G allocations: 93.779 TiB, 16.17% gc time)
[2023-01-13T22:18:32.535]Completed Shot 6, state 24
19431.835959 seconds (27.77 G allocations: 93.805 TiB, 16.16% gc time)
[2023-01-13T22:18:41.040]Completed Shot 6, state 43
19435.714783 seconds (27.77 G allocations: 93.816 TiB, 16.16% gc time)
[2023-01-13T22:18:44.911]Completed Shot 6, state 4
19438.403622 seconds (27.78 G allocations: 93.823 TiB, 16.16% gc time)
[2023-01-13T22:18:47.601]Completed Shot 6, state 6
19440.871908 seconds (27.78 G allocations: 93.829 TiB, 16.16% gc time)
[2023-01-13T22:18:50.074]Completed Shot 6, state 31
19443.284079 seconds (27.78 G allocations: 93.835 TiB, 16.16% gc time)
[2023-01-13T22:18:52.483]Completed Shot 6, state 16
19443.919824 seconds (27.78 G allocations: 93.836 TiB, 16.16% gc time)
[2023-01-13T22:18:53.123]Completed Shot 6, state 48
19453.223246 seconds (27.79 G allocations: 93.855 TiB, 16.15% gc time)
[2023-01-13T22:19:02.420]Completed Shot 6, state 3
19462.710096 seconds (27.79 G allocations: 93.873 TiB, 16.15% gc time)
[2023-01-13T22:19:11.913]Completed Shot 6, state 33
19463.352982 seconds (27.79 G allocations: 93.874 TiB, 16.15% gc time)
[2023-01-13T22:19:12.556]Completed Shot 6, state 38
19468.825297 seconds (27.79 G allocations: 93.883 TiB, 16.15% gc time)
[2023-01-13T22:19:18.025]Completed Shot 6, state 17
19471.465829 seconds (27.80 G allocations: 93.886 TiB, 16.15% gc time)
[2023-01-13T22:19:20.669]Completed Shot 6, state 49
19471.675626 seconds (27.80 G allocations: 93.886 TiB, 16.15% gc time)
[2023-01-13T22:19:20.879]Completed Shot 6, state 41
19481.427324 seconds (27.80 G allocations: 93.896 TiB, 16.14% gc time)
[2023-01-13T22:19:30.625]Completed Shot 6, state 9
19481.976546 seconds (27.80 G allocations: 93.896 TiB, 16.14% gc time)
[2023-01-13T22:19:31.173]Completed Shot 6, state 5
19496.895013 seconds (27.80 G allocations: 93.905 TiB, 16.13% gc time)
[2023-01-13T22:19:46.096]Completed Shot 6, state 23
19506.460049 seconds (27.80 G allocations: 93.909 TiB, 16.12% gc time)
[2023-01-13T22:19:55.658]Completed Shot 6, state 12
19547.952343 seconds (27.80 G allocations: 93.912 TiB, 16.10% gc time)
[2023-01-13T22:20:37.154]Completed Shot 6, state 29
19434.927186 seconds (27.38 G allocations: 92.469 TiB, 15.57% gc time)
[2023-01-14T03:44:32.092]Completed Shot 7, state 48
19458.809424 seconds (27.41 G allocations: 92.583 TiB, 15.57% gc time)
[2023-01-14T03:44:55.969]Completed Shot 7, state 23
19465.437042 seconds (27.42 G allocations: 92.616 TiB, 15.57% gc time)
[2023-01-14T03:45:02.599]Completed Shot 7, state 39
19505.342009 seconds (27.48 G allocations: 92.809 TiB, 15.57% gc time)
[2023-01-14T03:45:42.503]Completed Shot 7, state 28
19550.886683 seconds (27.54 G allocations: 93.026 TiB, 15.57% gc time)
[2023-01-14T03:46:28.046]Completed Shot 7, state 19
19558.672322 seconds (27.55 G allocations: 93.064 TiB, 15.57% gc time)
[2023-01-14T03:46:35.835]Completed Shot 7, state 42
19581.886625 seconds (27.59 G allocations: 93.176 TiB, 15.57% gc time)
[2023-01-14T03:46:59.047]Completed Shot 7, state 30
19590.524211 seconds (27.60 G allocations: 93.218 TiB, 15.57% gc time)
[2023-01-14T03:47:07.686]Completed Shot 7, state 38
19596.313975 seconds (27.61 G allocations: 93.246 TiB, 15.57% gc time)
[2023-01-14T03:47:13.472]Completed Shot 7, state 12
19601.033811 seconds (27.61 G allocations: 93.269 TiB, 15.57% gc time)
[2023-01-14T03:47:18.197]Completed Shot 7, state 46
19603.193390 seconds (27.62 G allocations: 93.279 TiB, 15.57% gc time)
[2023-01-14T03:47:20.414]Completed Shot 7, state 17
19603.950720 seconds (27.62 G allocations: 93.282 TiB, 15.57% gc time)
[2023-01-14T03:47:21.112]Completed Shot 7, state 34
19618.223499 seconds (27.64 G allocations: 93.347 TiB, 15.57% gc time)
[2023-01-14T03:47:35.385]Completed Shot 7, state 33
19625.364502 seconds (27.65 G allocations: 93.380 TiB, 15.57% gc time)
[2023-01-14T03:47:42.523]Completed Shot 7, state 13
19630.329205 seconds (27.65 G allocations: 93.403 TiB, 15.57% gc time)
[2023-01-14T03:47:47.485]Completed Shot 7, state 1
19631.001170 seconds (27.65 G allocations: 93.406 TiB, 15.57% gc time)
[2023-01-14T03:47:48.157]Completed Shot 7, state 2
19646.886185 seconds (27.68 G allocations: 93.475 TiB, 15.56% gc time)
[2023-01-14T03:48:04.048]Completed Shot 7, state 35
19653.865616 seconds (27.68 G allocations: 93.506 TiB, 15.56% gc time)
[2023-01-14T03:48:11.027]Completed Shot 7, state 36
19655.850462 seconds (27.69 G allocations: 93.515 TiB, 15.56% gc time)
[2023-01-14T03:48:13.009]Completed Shot 7, state 15
19657.108068 seconds (27.69 G allocations: 93.520 TiB, 15.56% gc time)
[2023-01-14T03:48:14.268]Completed Shot 7, state 26
19663.478429 seconds (27.70 G allocations: 93.545 TiB, 15.56% gc time)
[2023-01-14T03:48:20.639]Completed Shot 7, state 27
19674.847091 seconds (27.71 G allocations: 93.592 TiB, 15.56% gc time)
[2023-01-14T03:48:32.004]Completed Shot 7, state 8
19681.375577 seconds (27.72 G allocations: 93.617 TiB, 15.56% gc time)
[2023-01-14T03:48:38.539]Completed Shot 7, state 50
19684.166742 seconds (27.72 G allocations: 93.628 TiB, 15.56% gc time)
[2023-01-14T03:48:41.330]Completed Shot 7, state 47
19687.736596 seconds (27.72 G allocations: 93.642 TiB, 15.56% gc time)
[2023-01-14T03:48:44.896]Completed Shot 7, state 22
19694.930357 seconds (27.73 G allocations: 93.668 TiB, 15.55% gc time)
[2023-01-14T03:48:52.093]Completed Shot 7, state 43
19705.254299 seconds (27.74 G allocations: 93.705 TiB, 15.55% gc time)
[2023-01-14T03:49:02.411]Completed Shot 7, state 4
19706.173890 seconds (27.74 G allocations: 93.708 TiB, 15.55% gc time)
[2023-01-14T03:49:03.332]Completed Shot 7, state 10
19725.024393 seconds (27.76 G allocations: 93.772 TiB, 15.55% gc time)
[2023-01-14T03:49:22.182]Completed Shot 7, state 9
19725.419604 seconds (27.76 G allocations: 93.773 TiB, 15.55% gc time)
[2023-01-14T03:49:22.579]Completed Shot 7, state 21
19729.137066 seconds (27.77 G allocations: 93.785 TiB, 15.54% gc time)
[2023-01-14T03:49:26.296]Completed Shot 7, state 18
19729.148671 seconds (27.77 G allocations: 93.785 TiB, 15.54% gc time)
[2023-01-14T03:49:26.312]Completed Shot 7, state 45
19729.372344 seconds (27.77 G allocations: 93.786 TiB, 15.54% gc time)
[2023-01-14T03:49:26.530]Completed Shot 7, state 7
19731.703390 seconds (27.77 G allocations: 93.793 TiB, 15.54% gc time)
[2023-01-14T03:49:28.862]Completed Shot 7, state 16
19736.644918 seconds (27.77 G allocations: 93.806 TiB, 15.54% gc time)
[2023-01-14T03:49:33.803]Completed Shot 7, state 11
19740.586435 seconds (27.78 G allocations: 93.817 TiB, 15.54% gc time)
[2023-01-14T03:49:37.749]Completed Shot 7, state 41
19746.463325 seconds (27.78 G allocations: 93.832 TiB, 15.54% gc time)
[2023-01-14T03:49:43.627]Completed Shot 7, state 49
19747.843970 seconds (27.78 G allocations: 93.835 TiB, 15.54% gc time)
[2023-01-14T03:49:45.001]Completed Shot 7, state 3
19748.116780 seconds (27.78 G allocations: 93.835 TiB, 15.54% gc time)
[2023-01-14T03:49:45.279]Completed Shot 7, state 44
19751.366520 seconds (27.78 G allocations: 93.842 TiB, 15.54% gc time)
[2023-01-14T03:49:48.528]Completed Shot 7, state 37
19757.863983 seconds (27.79 G allocations: 93.853 TiB, 15.53% gc time)
[2023-01-14T03:49:55.022]Completed Shot 7, state 14
19761.982349 seconds (27.79 G allocations: 93.860 TiB, 15.53% gc time)
[2023-01-14T03:49:59.143]Completed Shot 7, state 29
19763.190111 seconds (27.79 G allocations: 93.862 TiB, 15.53% gc time)
[2023-01-14T03:50:00.351]Completed Shot 7, state 32
19769.843905 seconds (27.79 G allocations: 93.871 TiB, 15.53% gc time)
[2023-01-14T03:50:07.001]Completed Shot 7, state 6
19775.566066 seconds (27.79 G allocations: 93.878 TiB, 15.52% gc time)
[2023-01-14T03:50:12.727]Completed Shot 7, state 31
19788.881818 seconds (27.80 G allocations: 93.892 TiB, 15.52% gc time)
[2023-01-14T03:50:26.039]Completed Shot 7, state 5
19805.685925 seconds (27.80 G allocations: 93.904 TiB, 15.51% gc time)
[2023-01-14T03:50:42.846]Completed Shot 7, state 25
19822.212026 seconds (27.80 G allocations: 93.913 TiB, 15.50% gc time)
[2023-01-14T03:50:59.371]Completed Shot 7, state 20
19824.541709 seconds (27.80 G allocations: 93.914 TiB, 15.50% gc time)
[2023-01-14T03:51:01.702]Completed Shot 7, state 24
19852.955547 seconds (27.81 G allocations: 93.917 TiB, 15.48% gc time)
[2023-01-14T03:51:30.118]Completed Shot 7, state 40
19430.748603 seconds (27.27 G allocations: 92.087 TiB, 15.43% gc time)
[2023-01-14T09:15:20.908]Completed Shot 8, state 48
19460.940545 seconds (27.31 G allocations: 92.232 TiB, 15.43% gc time)
[2023-01-14T09:15:51.063]Completed Shot 8, state 15
19507.682662 seconds (27.38 G allocations: 92.458 TiB, 15.43% gc time)
[2023-01-14T09:16:37.807]Completed Shot 8, state 25
19526.024118 seconds (27.40 G allocations: 92.546 TiB, 15.43% gc time)
[2023-01-14T09:16:56.151]Completed Shot 8, state 43
19530.660578 seconds (27.41 G allocations: 92.568 TiB, 15.43% gc time)
[2023-01-14T09:17:00.785]Completed Shot 8, state 28
19566.777088 seconds (27.46 G allocations: 92.743 TiB, 15.43% gc time)
[2023-01-14T09:17:36.901]Completed Shot 8, state 21
19583.482240 seconds (27.48 G allocations: 92.824 TiB, 15.43% gc time)
[2023-01-14T09:17:53.606]Completed Shot 8, state 26
19657.834400 seconds (27.59 G allocations: 93.185 TiB, 15.43% gc time)
[2023-01-14T09:19:07.954]Completed Shot 8, state 1
19658.814466 seconds (27.59 G allocations: 93.190 TiB, 15.43% gc time)
[2023-01-14T09:19:08.939]Completed Shot 8, state 27
19668.371027 seconds (27.61 G allocations: 93.236 TiB, 15.43% gc time)
[2023-01-14T09:19:18.491]Completed Shot 8, state 3
19673.289000 seconds (27.61 G allocations: 93.258 TiB, 15.43% gc time)
[2023-01-14T09:19:23.411]Completed Shot 8, state 13
19677.895597 seconds (27.62 G allocations: 93.280 TiB, 15.43% gc time)
[2023-01-14T09:19:28.016]Completed Shot 8, state 4
19678.036281 seconds (27.62 G allocations: 93.281 TiB, 15.43% gc time)
[2023-01-14T09:19:28.160]Completed Shot 8, state 24
19688.620189 seconds (27.63 G allocations: 93.330 TiB, 15.43% gc time)
[2023-01-14T09:19:38.746]Completed Shot 8, state 36
19692.719210 seconds (27.64 G allocations: 93.348 TiB, 15.43% gc time)
[2023-01-14T09:19:42.845]Completed Shot 8, state 41
19712.528308 seconds (27.67 G allocations: 93.436 TiB, 15.42% gc time)
[2023-01-14T09:20:02.654]Completed Shot 8, state 39
19718.521120 seconds (27.67 G allocations: 93.463 TiB, 15.42% gc time)
[2023-01-14T09:20:08.648]Completed Shot 8, state 46
19723.026600 seconds (27.68 G allocations: 93.483 TiB, 15.42% gc time)
[2023-01-14T09:20:13.150]Completed Shot 8, state 19
19731.904901 seconds (27.69 G allocations: 93.520 TiB, 15.42% gc time)
[2023-01-14T09:20:22.026]Completed Shot 8, state 9
19734.703528 seconds (27.69 G allocations: 93.531 TiB, 15.42% gc time)
[2023-01-14T09:20:24.829]Completed Shot 8, state 38
19738.253206 seconds (27.70 G allocations: 93.546 TiB, 15.42% gc time)
[2023-01-14T09:20:28.374]Completed Shot 8, state 8
19739.851502 seconds (27.70 G allocations: 93.552 TiB, 15.42% gc time)
[2023-01-14T09:20:29.973]Completed Shot 8, state 6
19743.963855 seconds (27.70 G allocations: 93.568 TiB, 15.42% gc time)
[2023-01-14T09:20:34.090]Completed Shot 8, state 45
19749.636799 seconds (27.71 G allocations: 93.590 TiB, 15.42% gc time)
[2023-01-14T09:20:39.758]Completed Shot 8, state 10
19751.031782 seconds (27.71 G allocations: 93.595 TiB, 15.42% gc time)
[2023-01-14T09:20:41.157]Completed Shot 8, state 32
19752.810020 seconds (27.71 G allocations: 93.601 TiB, 15.42% gc time)
[2023-01-14T09:20:42.931]Completed Shot 8, state 7
19756.569589 seconds (27.72 G allocations: 93.615 TiB, 15.42% gc time)
[2023-01-14T09:20:46.691]Completed Shot 8, state 11
19761.311149 seconds (27.72 G allocations: 93.630 TiB, 15.42% gc time)
[2023-01-14T09:20:51.437]Completed Shot 8, state 40
19764.743023 seconds (27.73 G allocations: 93.641 TiB, 15.41% gc time)
[2023-01-14T09:20:54.870]Completed Shot 8, state 44
19784.867268 seconds (27.75 G allocations: 93.711 TiB, 15.41% gc time)
[2023-01-14T09:21:14.992]Completed Shot 8, state 31
19785.155898 seconds (27.75 G allocations: 93.712 TiB, 15.41% gc time)
[2023-01-14T09:21:15.279]Completed Shot 8, state 22
19787.105278 seconds (27.75 G allocations: 93.719 TiB, 15.41% gc time)
[2023-01-14T09:21:17.232]Completed Shot 8, state 42
19791.804558 seconds (27.75 G allocations: 93.732 TiB, 15.41% gc time)
[2023-01-14T09:21:21.932]Completed Shot 8, state 49
19795.727276 seconds (27.76 G allocations: 93.743 TiB, 15.41% gc time)
[2023-01-14T09:21:25.850]Completed Shot 8, state 14
19797.660472 seconds (27.76 G allocations: 93.749 TiB, 15.41% gc time)
[2023-01-14T09:21:27.786]Completed Shot 8, state 35
19804.740303 seconds (27.76 G allocations: 93.767 TiB, 15.40% gc time)
[2023-01-14T09:21:34.866]Completed Shot 8, state 34
19807.009558 seconds (27.76 G allocations: 93.773 TiB, 15.40% gc time)
[2023-01-14T09:21:37.132]Completed Shot 8, state 18
19811.031447 seconds (27.77 G allocations: 93.783 TiB, 15.40% gc time)
[2023-01-14T09:21:41.156]Completed Shot 8, state 29
19817.572407 seconds (27.77 G allocations: 93.798 TiB, 15.40% gc time)
[2023-01-14T09:21:47.692]Completed Shot 8, state 2
19821.702454 seconds (27.77 G allocations: 93.806 TiB, 15.40% gc time)
[2023-01-14T09:21:51.827]Completed Shot 8, state 30
19829.169696 seconds (27.78 G allocations: 93.820 TiB, 15.39% gc time)
[2023-01-14T09:21:59.295]Completed Shot 8, state 33
19831.623690 seconds (27.78 G allocations: 93.824 TiB, 15.39% gc time)
[2023-01-14T09:22:01.746]Completed Shot 8, state 16
19833.984990 seconds (27.78 G allocations: 93.828 TiB, 15.39% gc time)
[2023-01-14T09:22:04.108]Completed Shot 8, state 17
19834.540600 seconds (27.78 G allocations: 93.829 TiB, 15.39% gc time)
[2023-01-14T09:22:04.662]Completed Shot 8, state 12
19838.327194 seconds (27.78 G allocations: 93.833 TiB, 15.39% gc time)
[2023-01-14T09:22:08.453]Completed Shot 8, state 37
19849.040672 seconds (27.79 G allocations: 93.845 TiB, 15.38% gc time)
[2023-01-14T09:22:19.164]Completed Shot 8, state 20
19885.384719 seconds (27.79 G allocations: 93.875 TiB, 15.36% gc time)
[2023-01-14T09:22:55.512]Completed Shot 8, state 50
19918.419624 seconds (27.80 G allocations: 93.897 TiB, 15.34% gc time)
[2023-01-14T09:23:28.540]Completed Shot 8, state 5
19959.315931 seconds (27.81 G allocations: 93.916 TiB, 15.32% gc time)
[2023-01-14T09:24:09.440]Completed Shot 8, state 23
20021.962950 seconds (27.81 G allocations: 93.921 TiB, 15.28% gc time)
[2023-01-14T09:25:12.090]Completed Shot 8, state 47
19222.419722 seconds (27.55 G allocations: 93.042 TiB, 16.13% gc time)
[2023-01-14T14:45:34.563]Completed Shot 9, state 3
19248.643474 seconds (27.58 G allocations: 93.167 TiB, 16.13% gc time)
[2023-01-14T14:46:00.736]Completed Shot 9, state 6
19251.602398 seconds (27.59 G allocations: 93.181 TiB, 16.13% gc time)
[2023-01-14T14:46:03.697]Completed Shot 9, state 14
19278.647778 seconds (27.63 G allocations: 93.312 TiB, 16.13% gc time)
[2023-01-14T14:46:30.742]Completed Shot 9, state 13
19284.818964 seconds (27.64 G allocations: 93.342 TiB, 16.13% gc time)
[2023-01-14T14:46:36.911]Completed Shot 9, state 1
19289.789467 seconds (27.64 G allocations: 93.366 TiB, 16.13% gc time)
[2023-01-14T14:46:41.883]Completed Shot 9, state 9
19299.312596 seconds (27.66 G allocations: 93.412 TiB, 16.13% gc time)
[2023-01-14T14:46:51.410]Completed Shot 9, state 31
19303.915863 seconds (27.66 G allocations: 93.434 TiB, 16.13% gc time)
[2023-01-14T14:46:56.011]Completed Shot 9, state 21
19307.241032 seconds (27.67 G allocations: 93.449 TiB, 16.13% gc time)
[2023-01-14T14:46:59.336]Completed Shot 9, state 19
19308.813987 seconds (27.67 G allocations: 93.457 TiB, 16.13% gc time)
[2023-01-14T14:47:00.912]Completed Shot 9, state 32
19313.660809 seconds (27.68 G allocations: 93.480 TiB, 16.13% gc time)
[2023-01-14T14:47:05.754]Completed Shot 9, state 8
19325.087252 seconds (27.69 G allocations: 93.533 TiB, 16.13% gc time)
[2023-01-14T14:47:17.187]Completed Shot 9, state 46
19328.174628 seconds (27.70 G allocations: 93.547 TiB, 16.13% gc time)
[2023-01-14T14:47:20.274]Completed Shot 9, state 39
19331.505712 seconds (27.70 G allocations: 93.562 TiB, 16.13% gc time)
[2023-01-14T14:47:23.606]Completed Shot 9, state 49
19333.314585 seconds (27.70 G allocations: 93.570 TiB, 16.13% gc time)
[2023-01-14T14:47:25.407]Completed Shot 9, state 4
19339.227892 seconds (27.71 G allocations: 93.596 TiB, 16.13% gc time)
[2023-01-14T14:47:31.324]Completed Shot 9, state 25
19340.771474 seconds (27.71 G allocations: 93.603 TiB, 16.12% gc time)
[2023-01-14T14:47:32.870]Completed Shot 9, state 38
19344.341068 seconds (27.72 G allocations: 93.618 TiB, 16.12% gc time)
[2023-01-14T14:47:36.436]Completed Shot 9, state 17
19353.263366 seconds (27.73 G allocations: 93.656 TiB, 16.12% gc time)
[2023-01-14T14:47:45.359]Completed Shot 9, state 24
19355.608298 seconds (27.73 G allocations: 93.666 TiB, 16.12% gc time)
[2023-01-14T14:47:47.705]Completed Shot 9, state 29
19356.523185 seconds (27.73 G allocations: 93.670 TiB, 16.12% gc time)
[2023-01-14T14:47:48.617]Completed Shot 9, state 10
19362.473678 seconds (27.74 G allocations: 93.692 TiB, 16.12% gc time)
[2023-01-14T14:47:54.569]Completed Shot 9, state 18
19370.959744 seconds (27.75 G allocations: 93.725 TiB, 16.12% gc time)
[2023-01-14T14:48:03.060]Completed Shot 9, state 47
19376.866213 seconds (27.76 G allocations: 93.748 TiB, 16.12% gc time)
[2023-01-14T14:48:08.964]Completed Shot 9, state 34
19380.310155 seconds (27.76 G allocations: 93.761 TiB, 16.12% gc time)
[2023-01-14T14:48:12.409]Completed Shot 9, state 36
19380.490664 seconds (27.76 G allocations: 93.761 TiB, 16.12% gc time)
[2023-01-14T14:48:12.590]Completed Shot 9, state 43
19380.668157 seconds (27.76 G allocations: 93.762 TiB, 16.12% gc time)
[2023-01-14T14:48:12.765]Completed Shot 9, state 28
19382.121094 seconds (27.76 G allocations: 93.767 TiB, 16.12% gc time)
[2023-01-14T14:48:14.215]Completed Shot 9, state 16
19382.469668 seconds (27.76 G allocations: 93.768 TiB, 16.12% gc time)
[2023-01-14T14:48:14.569]Completed Shot 9, state 40
19384.529290 seconds (27.76 G allocations: 93.775 TiB, 16.12% gc time)
[2023-01-14T14:48:16.629]Completed Shot 9, state 45
19388.093109 seconds (27.77 G allocations: 93.786 TiB, 16.12% gc time)
[2023-01-14T14:48:20.192]Completed Shot 9, state 41
19389.069284 seconds (27.77 G allocations: 93.789 TiB, 16.12% gc time)
[2023-01-14T14:48:21.166]Completed Shot 9, state 26
19389.710560 seconds (27.77 G allocations: 93.790 TiB, 16.12% gc time)
[2023-01-14T14:48:21.803]Completed Shot 9, state 2
19391.066394 seconds (27.77 G allocations: 93.794 TiB, 16.11% gc time)
[2023-01-14T14:48:23.159]Completed Shot 9, state 7
19392.124483 seconds (27.77 G allocations: 93.797 TiB, 16.11% gc time)
[2023-01-14T14:48:24.224]Completed Shot 9, state 42
19397.175288 seconds (27.77 G allocations: 93.810 TiB, 16.11% gc time)
[2023-01-14T14:48:29.273]Completed Shot 9, state 30
19399.613518 seconds (27.78 G allocations: 93.816 TiB, 16.11% gc time)
[2023-01-14T14:48:31.706]Completed Shot 9, state 5
19407.865457 seconds (27.78 G allocations: 93.835 TiB, 16.11% gc time)
[2023-01-14T14:48:39.965]Completed Shot 9, state 50
19412.509146 seconds (27.78 G allocations: 93.845 TiB, 16.11% gc time)
[2023-01-14T14:48:44.603]Completed Shot 9, state 15
19416.572588 seconds (27.79 G allocations: 93.853 TiB, 16.10% gc time)
[2023-01-14T14:48:48.666]Completed Shot 9, state 12
19426.543419 seconds (27.79 G allocations: 93.871 TiB, 16.10% gc time)
[2023-01-14T14:48:58.639]Completed Shot 9, state 22
19427.050711 seconds (27.79 G allocations: 93.872 TiB, 16.10% gc time)
[2023-01-14T14:48:59.146]Completed Shot 9, state 20
19428.211590 seconds (27.79 G allocations: 93.874 TiB, 16.10% gc time)
[2023-01-14T14:49:00.308]Completed Shot 9, state 27
19435.563805 seconds (27.80 G allocations: 93.885 TiB, 16.09% gc time)
[2023-01-14T14:49:07.664]Completed Shot 9, state 48
19439.887378 seconds (27.80 G allocations: 93.890 TiB, 16.09% gc time)
[2023-01-14T14:49:11.985]Completed Shot 9, state 33
19450.221583 seconds (27.80 G allocations: 93.900 TiB, 16.09% gc time)
[2023-01-14T14:49:22.321]Completed Shot 9, state 44
19458.493304 seconds (27.80 G allocations: 93.907 TiB, 16.08% gc time)
[2023-01-14T14:49:30.591]Completed Shot 9, state 35
19466.789537 seconds (27.80 G allocations: 93.912 TiB, 16.08% gc time)
[2023-01-14T14:49:38.888]Completed Shot 9, state 37
19469.788129 seconds (27.80 G allocations: 93.913 TiB, 16.07% gc time)
[2023-01-14T14:49:41.882]Completed Shot 9, state 11
19478.260922 seconds (27.80 G allocations: 93.914 TiB, 16.07% gc time)
[2023-01-14T14:49:50.357]Completed Shot 9, state 23
19467.132791 seconds (27.52 G allocations: 92.951 TiB, 15.78% gc time)
[2023-01-14T20:14:17.497]Completed Shot 10, state 4
19483.456067 seconds (27.54 G allocations: 93.029 TiB, 15.78% gc time)
[2023-01-14T20:14:33.822]Completed Shot 10, state 13
19491.674191 seconds (27.55 G allocations: 93.070 TiB, 15.78% gc time)
[2023-01-14T20:14:42.045]Completed Shot 10, state 50
19521.187789 seconds (27.60 G allocations: 93.213 TiB, 15.78% gc time)
[2023-01-14T20:15:11.558]Completed Shot 10, state 38
19527.808642 seconds (27.60 G allocations: 93.246 TiB, 15.78% gc time)
[2023-01-14T20:15:18.177]Completed Shot 10, state 26
19544.788102 seconds (27.63 G allocations: 93.328 TiB, 15.78% gc time)
[2023-01-14T20:15:35.154]Completed Shot 10, state 17
19547.072537 seconds (27.63 G allocations: 93.340 TiB, 15.78% gc time)
[2023-01-14T20:15:37.443]Completed Shot 10, state 41
19554.845071 seconds (27.64 G allocations: 93.378 TiB, 15.78% gc time)
[2023-01-14T20:15:45.210]Completed Shot 10, state 10
19560.840943 seconds (27.65 G allocations: 93.406 TiB, 15.77% gc time)
[2023-01-14T20:15:51.208]Completed Shot 10, state 20
19563.462362 seconds (27.66 G allocations: 93.418 TiB, 15.77% gc time)
[2023-01-14T20:15:53.826]Completed Shot 10, state 2
19567.977304 seconds (27.66 G allocations: 93.438 TiB, 15.77% gc time)
[2023-01-14T20:15:58.348]Completed Shot 10, state 47
19568.384280 seconds (27.66 G allocations: 93.440 TiB, 15.77% gc time)
[2023-01-14T20:15:58.749]Completed Shot 10, state 9
19570.773037 seconds (27.67 G allocations: 93.451 TiB, 15.77% gc time)
[2023-01-14T20:16:01.140]Completed Shot 10, state 18
19583.662422 seconds (27.68 G allocations: 93.510 TiB, 15.77% gc time)
[2023-01-14T20:16:14.032]Completed Shot 10, state 30
19584.412147 seconds (27.68 G allocations: 93.513 TiB, 15.77% gc time)
[2023-01-14T20:16:14.783]Completed Shot 10, state 36
19585.550085 seconds (27.69 G allocations: 93.518 TiB, 15.77% gc time)
[2023-01-14T20:16:15.918]Completed Shot 10, state 22
19590.863053 seconds (27.69 G allocations: 93.541 TiB, 15.77% gc time)
[2023-01-14T20:16:21.228]Completed Shot 10, state 11
19595.510684 seconds (27.70 G allocations: 93.560 TiB, 15.77% gc time)
[2023-01-14T20:16:25.879]Completed Shot 10, state 24
19599.571456 seconds (27.70 G allocations: 93.578 TiB, 15.77% gc time)
[2023-01-14T20:16:29.942]Completed Shot 10, state 42
19605.290174 seconds (27.71 G allocations: 93.602 TiB, 15.77% gc time)
[2023-01-14T20:16:35.656]Completed Shot 10, state 15
19608.465326 seconds (27.71 G allocations: 93.615 TiB, 15.77% gc time)
[2023-01-14T20:16:38.836]Completed Shot 10, state 43
19609.124424 seconds (27.71 G allocations: 93.618 TiB, 15.77% gc time)
[2023-01-14T20:16:39.491]Completed Shot 10, state 16
19618.336092 seconds (27.73 G allocations: 93.654 TiB, 15.77% gc time)
[2023-01-14T20:16:48.705]Completed Shot 10, state 31
19618.342564 seconds (27.73 G allocations: 93.654 TiB, 15.77% gc time)
[2023-01-14T20:16:48.706]Completed Shot 10, state 3
19619.867570 seconds (27.73 G allocations: 93.660 TiB, 15.77% gc time)
[2023-01-14T20:16:50.233]Completed Shot 10, state 14
19621.564400 seconds (27.73 G allocations: 93.666 TiB, 15.77% gc time)
[2023-01-14T20:16:51.927]Completed Shot 10, state 1
19626.111775 seconds (27.73 G allocations: 93.682 TiB, 15.77% gc time)
[2023-01-14T20:16:56.480]Completed Shot 10, state 27
19627.395950 seconds (27.73 G allocations: 93.686 TiB, 15.77% gc time)
[2023-01-14T20:16:57.766]Completed Shot 10, state 34
19629.843696 seconds (27.74 G allocations: 93.694 TiB, 15.76% gc time)
[2023-01-14T20:17:00.212]Completed Shot 10, state 25
19634.722696 seconds (27.74 G allocations: 93.711 TiB, 15.76% gc time)
[2023-01-14T20:17:05.090]Completed Shot 10, state 21
19644.681798 seconds (27.75 G allocations: 93.742 TiB, 15.76% gc time)
[2023-01-14T20:17:15.052]Completed Shot 10, state 45
19646.174465 seconds (27.75 G allocations: 93.747 TiB, 15.76% gc time)
[2023-01-14T20:17:16.542]Completed Shot 10, state 23
19646.485190 seconds (27.75 G allocations: 93.748 TiB, 15.76% gc time)
[2023-01-14T20:17:16.849]Completed Shot 10, state 7
19648.663726 seconds (27.75 G allocations: 93.754 TiB, 15.76% gc time)
[2023-01-14T20:17:19.030]Completed Shot 10, state 19
19652.563979 seconds (27.76 G allocations: 93.764 TiB, 15.76% gc time)
[2023-01-14T20:17:22.934]Completed Shot 10, state 39
19652.592383 seconds (27.76 G allocations: 93.764 TiB, 15.76% gc time)
[2023-01-14T20:17:22.962]Completed Shot 10, state 32
19653.598522 seconds (27.76 G allocations: 93.767 TiB, 15.76% gc time)
[2023-01-14T20:17:23.968]Completed Shot 10, state 33
19665.182396 seconds (27.77 G allocations: 93.794 TiB, 15.75% gc time)
[2023-01-14T20:17:35.548]Completed Shot 10, state 12
19672.669584 seconds (27.77 G allocations: 93.810 TiB, 15.75% gc time)
[2023-01-14T20:17:43.040]Completed Shot 10, state 44
19673.322443 seconds (27.77 G allocations: 93.812 TiB, 15.75% gc time)
[2023-01-14T20:17:43.691]Completed Shot 10, state 29
19678.646224 seconds (27.77 G allocations: 93.821 TiB, 15.75% gc time)
[2023-01-14T20:17:49.017]Completed Shot 10, state 46
19688.979103 seconds (27.78 G allocations: 93.838 TiB, 15.74% gc time)
[2023-01-14T20:17:59.349]Completed Shot 10, state 35
19695.911607 seconds (27.78 G allocations: 93.847 TiB, 15.74% gc time)
[2023-01-14T20:18:06.282]Completed Shot 10, state 37
19701.169545 seconds (27.78 G allocations: 93.854 TiB, 15.74% gc time)
[2023-01-14T20:18:11.540]Completed Shot 10, state 48
19726.035815 seconds (27.79 G allocations: 93.881 TiB, 15.72% gc time)
[2023-01-14T20:18:36.400]Completed Shot 10, state 5
19726.214080 seconds (27.79 G allocations: 93.881 TiB, 15.72% gc time)
[2023-01-14T20:18:36.585]Completed Shot 10, state 49
19730.820416 seconds (27.79 G allocations: 93.885 TiB, 15.72% gc time)
[2023-01-14T20:18:41.184]Completed Shot 10, state 6
19731.299707 seconds (27.79 G allocations: 93.885 TiB, 15.72% gc time)
[2023-01-14T20:18:41.670]Completed Shot 10, state 40
19767.264723 seconds (27.80 G allocations: 93.899 TiB, 15.70% gc time)
[2023-01-14T20:19:17.629]Completed Shot 10, state 8
19847.234461 seconds (27.80 G allocations: 93.906 TiB, 15.64% gc time)
[2023-01-14T20:20:37.603]Completed Shot 10, state 28
[2023-01-14T20:20:37.639]**********Simulation completed!**********
[2023-01-14T20:20:37.639]**********Saving**********
[2023-01-14T20:20:43.927]Saving file: /lustre/work/ws/ws1/hd_ku269-logs/LightCones/2023-01-12/8095134_N11_BS.jld2
[2023-01-14T20:20:47.542]**********Run completed!**********
