Added MKL.jl
Project LightCones v0.1.0
Status `/lustre/work/ws/ws1/hd_ku269-light_cones/WorkingFolder/Project.toml`
  [7d9fca2a] Arpack v0.5.4
⌃ [7073ff75] IJulia v1.23.3
  [033835bb] JLD2 v0.4.29
  [0b1a1467] KrylovKit v0.6.0
  [d3d80556] LineSearches v7.2.0
  [33e6dc65] MKL v0.6.0
  [429524aa] Optim v1.7.4
⌃ [91a5bcdd] Plots v1.36.6
⌃ [c3e4b0f8] Pluto v0.19.16
  [3c0b384b] QuantumInformation v0.4.9
  [189a3867] Reexport v1.2.2
⌃ [295af30f] Revise v3.4.0
  [ebcc8a00] SpinSymmetry v0.3.3
  [59d54670] ThreadedSparseArrays v0.2.2
  [ade2ca70] Dates
  [8ba89e20] Distributed
  [37e2e46d] LinearAlgebra
  [de0858da] Printf
  [9a3f8284] Random
  [1a1011a3] SharedArrays
  [2f01184e] SparseArrays
  [10745b16] Statistics
Info Packages marked with ⌃ have new versions available
[2023-01-12T09:27:31.735]**********RANDOM FIELDS**********
shared_krylov.jl
Working Directory:          /lustre/work/ws/ws1/hd_ku269-light_cones/WorkingFolder
SLURM Directory:            /lustre/work/ws/ws1/hd_ku269-light_cones/WorkingFolder 
Running on host:            n1329
Job id:                     8095130
Job name:                   otoc_simulation_N11_TR_FIDONLY
Number of nodes allocated:  
Number of cores allocated:  1
#threads of Julia:          96
#threads of BLAS:           1
ARGS = ["11", "10", "50", "BS", "x", "12", "1000", "Rhim71"]
LOCATION = "/lustre/work/ws/ws1/hd_ku269-logs/LightCones/2023-01-12"
N = 11
SHOTS = 10
MULT_RANDOM_STATES = true
N_RANDOM_STATES = 50
TYPE_OF_RS = "BS"
OBSERVABLE = "x"
DISORDER_PARAM = 12.0
[2023-01-12T09:27:31.950]**********Running simulation**********
[2023-01-12T09:27:32.006]trange = 0.1:0.1:20.0
[2023-01-12T09:27:32.351]A = σx
[2023-01-12T09:27:32.919]alpha=6
[2023-01-12T09:27:32.919]PBC
SlowPulse([1.0, 0.0, 0.0], π, 15707.963267948964)SlowPulse([-1.0, 0.0, 0.0], π, 15707.963267948964)2[2023-01-12T09:27:35.832]Operations set up.
Using multiple states.
20133.406890 seconds (27.46 G allocations: 92.740 TiB, 19.77% gc time, 0.03% compilation time)
[2023-01-12T15:03:30.816]Completed Shot 1, state 40
20168.609946 seconds (27.51 G allocations: 92.891 TiB, 19.78% gc time, 0.03% compilation time)
[2023-01-12T15:04:06.093]Completed Shot 1, state 25
20213.256168 seconds (27.56 G allocations: 93.078 TiB, 19.78% gc time, 0.03% compilation time)
[2023-01-12T15:04:50.608]Completed Shot 1, state 50
20214.420856 seconds (27.56 G allocations: 93.084 TiB, 19.78% gc time, 0.03% compilation time)
[2023-01-12T15:04:51.751]Completed Shot 1, state 22
20222.332308 seconds (27.57 G allocations: 93.116 TiB, 19.78% gc time, 0.03% compilation time)
[2023-01-12T15:05:00.037]Completed Shot 1, state 31
20240.384056 seconds (27.59 G allocations: 93.209 TiB, 19.78% gc time, 0.01% compilation time)
[2023-01-12T15:05:20.932]Completed Shot 1, state 26
20255.016525 seconds (27.61 G allocations: 93.244 TiB, 19.77% gc time, 0.06% compilation time)
[2023-01-12T15:05:26.953]Completed Shot 1, state 36
20250.266248 seconds (27.61 G allocations: 93.247 TiB, 19.77% gc time, 0.03% compilation time)
[2023-01-12T15:05:27.597]Completed Shot 1, state 48
20258.883238 seconds (27.62 G allocations: 93.283 TiB, 19.78% gc time, 0.03% compilation time)
[2023-01-12T15:05:36.367]Completed Shot 1, state 2
20275.808362 seconds (27.64 G allocations: 93.332 TiB, 19.77% gc time, 0.06% compilation time)
[2023-01-12T15:05:47.745]Completed Shot 1, state 34
20289.942652 seconds (27.65 G allocations: 93.390 TiB, 19.77% gc time, 0.06% compilation time)
[2023-01-12T15:06:01.911]Completed Shot 1, state 35
20295.372943 seconds (27.66 G allocations: 93.405 TiB, 19.77% gc time, 0.06% compilation time)
[2023-01-12T15:06:07.342]Completed Shot 1, state 5
20296.683558 seconds (27.66 G allocations: 93.412 TiB, 19.77% gc time, 0.06% compilation time)
[2023-01-12T15:06:08.652]Completed Shot 1, state 47
20292.974223 seconds (27.66 G allocations: 93.421 TiB, 19.77% gc time, 0.03% compilation time)
[2023-01-12T15:06:10.450]Completed Shot 1, state 4
20310.124448 seconds (27.68 G allocations: 93.472 TiB, 19.76% gc time, 0.06% compilation time)
[2023-01-12T15:06:22.062]Completed Shot 1, state 45
20312.442397 seconds (27.69 G allocations: 93.505 TiB, 19.77% gc time, 0.03% compilation time)
[2023-01-12T15:06:29.919]Completed Shot 1, state 42
20316.041109 seconds (27.69 G allocations: 93.523 TiB, 19.76% gc time, 0.03% compilation time)
[2023-01-12T15:06:33.581]Completed Shot 1, state 43
20316.468710 seconds (27.69 G allocations: 93.525 TiB, 19.76% gc time, 0.03% compilation time)
[2023-01-12T15:06:34.044]Completed Shot 1, state 12
20332.918087 seconds (27.71 G allocations: 93.566 TiB, 19.75% gc time, 0.06% compilation time)
[2023-01-12T15:06:44.887]Completed Shot 1, state 46
20331.077994 seconds (27.71 G allocations: 93.577 TiB, 19.76% gc time, 0.03% compilation time)
[2023-01-12T15:06:48.621]Completed Shot 1, state 23
20341.812584 seconds (27.72 G allocations: 93.620 TiB, 19.76% gc time, 0.03% compilation time)
[2023-01-12T15:06:59.296]Completed Shot 1, state 32
20349.830595 seconds (27.73 G allocations: 93.647 TiB, 19.76% gc time, 0.03% compilation time)
[2023-01-12T15:07:07.161]Completed Shot 1, state 3
20355.928586 seconds (27.73 G allocations: 93.650 TiB, 19.75% gc time, 0.05% compilation time)
[2023-01-12T15:07:07.898]Completed Shot 1, state 39
20350.436212 seconds (27.73 G allocations: 93.651 TiB, 19.76% gc time, 0.03% compilation time)
[2023-01-12T15:07:08.142]Completed Shot 1, state 16
20351.813113 seconds (27.73 G allocations: 93.661 TiB, 19.75% gc time, 0.02% compilation time)
[2023-01-12T15:07:10.784]Completed Shot 1, state 17
20353.606977 seconds (27.73 G allocations: 93.662 TiB, 19.75% gc time, 0.03% compilation time)
[2023-01-12T15:07:10.937]Completed Shot 1, state 49
20358.650144 seconds (27.73 G allocations: 93.684 TiB, 19.75% gc time, 0.02% compilation time)
[2023-01-12T15:07:18.285]Completed Shot 1, state 7
20376.502645 seconds (27.75 G allocations: 93.732 TiB, 19.75% gc time, 0.03% compilation time)
[2023-01-12T15:07:34.046]Completed Shot 1, state 13
20376.505322 seconds (27.75 G allocations: 93.733 TiB, 19.75% gc time, 0.03% compilation time)
[2023-01-12T15:07:34.232]Completed Shot 1, state 41
20385.669356 seconds (27.76 G allocations: 93.744 TiB, 19.74% gc time, 0.05% compilation time)
[2023-01-12T15:07:37.638]Completed Shot 1, state 19
20391.608422 seconds (27.76 G allocations: 93.760 TiB, 19.74% gc time, 0.05% compilation time)
[2023-01-12T15:07:43.578]Completed Shot 1, state 29
20395.887089 seconds (27.77 G allocations: 93.773 TiB, 19.74% gc time, 0.06% compilation time)
[2023-01-12T15:07:47.824]Completed Shot 1, state 9
20403.285531 seconds (27.77 G allocations: 93.794 TiB, 19.73% gc time, 0.05% compilation time)
[2023-01-12T15:07:55.222]Completed Shot 1, state 1
20401.463414 seconds (27.78 G allocations: 93.803 TiB, 19.74% gc time, 0.03% compilation time)
[2023-01-12T15:07:58.940]Completed Shot 1, state 24
20404.745304 seconds (27.78 G allocations: 93.811 TiB, 19.73% gc time, 0.03% compilation time)
[2023-01-12T15:08:02.076]Completed Shot 1, state 20
20414.839150 seconds (27.78 G allocations: 93.822 TiB, 19.72% gc time, 0.05% compilation time)
[2023-01-12T15:08:06.808]Completed Shot 1, state 14
20411.975856 seconds (27.78 G allocations: 93.829 TiB, 19.73% gc time, 0.03% compilation time)
[2023-01-12T15:08:09.306]Completed Shot 1, state 44
20411.980919 seconds (27.78 G allocations: 93.829 TiB, 19.73% gc time, 0.03% compilation time)
[2023-01-12T15:08:09.464]Completed Shot 1, state 28
20417.889611 seconds (27.79 G allocations: 93.841 TiB, 19.72% gc time, 0.03% compilation time)
[2023-01-12T15:08:15.482]Completed Shot 1, state 33
20420.131063 seconds (27.79 G allocations: 93.846 TiB, 19.72% gc time, 0.03% compilation time)
[2023-01-12T15:08:17.710]Completed Shot 1, state 30
20421.354701 seconds (27.79 G allocations: 93.847 TiB, 19.72% gc time, 0.03% compilation time)
[2023-01-12T15:08:18.707]Completed Shot 1, state 38
20424.590440 seconds (27.79 G allocations: 93.853 TiB, 19.72% gc time, 0.03% compilation time)
[2023-01-12T15:08:22.183]Completed Shot 1, state 27
20430.124778 seconds (27.79 G allocations: 93.860 TiB, 19.71% gc time, 0.03% compilation time)
[2023-01-12T15:08:27.456]Completed Shot 1, state 8
20437.229816 seconds (27.79 G allocations: 93.863 TiB, 19.71% gc time, 0.05% compilation time)
[2023-01-12T15:08:29.198]Completed Shot 1, state 11
20434.434434 seconds (27.79 G allocations: 93.865 TiB, 19.71% gc time, 0.03% compilation time)
[2023-01-12T15:08:31.765]Completed Shot 1, state 21
20446.287856 seconds (27.80 G allocations: 93.878 TiB, 19.70% gc time, 0.03% compilation time)
[2023-01-12T15:08:43.763]Completed Shot 1, state 6
20467.334346 seconds (27.80 G allocations: 93.891 TiB, 19.68% gc time, 0.05% compilation time)
[2023-01-12T15:08:59.303]Completed Shot 1, state 15
20467.151968 seconds (27.80 G allocations: 93.894 TiB, 19.68% gc time, 0.03% compilation time)
[2023-01-12T15:09:04.482]Completed Shot 1, state 10
20482.507755 seconds (27.80 G allocations: 93.898 TiB, 19.67% gc time, 0.05% compilation time)
[2023-01-12T15:09:14.476]Completed Shot 1, state 18
20523.060528 seconds (27.80 G allocations: 93.902 TiB, 19.63% gc time, 0.03% compilation time)
[2023-01-12T15:10:00.381]Completed Shot 1, state 37
20163.082665 seconds (27.35 G allocations: 92.362 TiB, 18.91% gc time)
[2023-01-12T20:46:04.177]Completed Shot 2, state 13
20196.209044 seconds (27.40 G allocations: 92.525 TiB, 18.91% gc time)
[2023-01-12T20:46:36.596]Completed Shot 2, state 20
20287.658350 seconds (27.53 G allocations: 92.972 TiB, 18.89% gc time)
[2023-01-12T20:48:08.046]Completed Shot 2, state 25
20317.514182 seconds (27.57 G allocations: 93.119 TiB, 18.89% gc time)
[2023-01-12T20:48:37.903]Completed Shot 2, state 30
20338.578776 seconds (27.60 G allocations: 93.221 TiB, 18.88% gc time)
[2023-01-12T20:48:58.966]Completed Shot 2, state 22
20360.336490 seconds (27.63 G allocations: 93.330 TiB, 18.88% gc time)
[2023-01-12T20:49:20.723]Completed Shot 2, state 18
20368.376288 seconds (27.64 G allocations: 93.368 TiB, 18.88% gc time)
[2023-01-12T20:49:28.764]Completed Shot 2, state 28
20372.905902 seconds (27.65 G allocations: 93.390 TiB, 18.88% gc time)
[2023-01-12T20:49:33.293]Completed Shot 2, state 21
20373.133821 seconds (27.65 G allocations: 93.391 TiB, 18.88% gc time)
[2023-01-12T20:49:33.525]Completed Shot 2, state 48
20374.624685 seconds (27.65 G allocations: 93.398 TiB, 18.88% gc time)
[2023-01-12T20:49:35.010]Completed Shot 2, state 14
20376.509389 seconds (27.66 G allocations: 93.408 TiB, 18.88% gc time)
[2023-01-12T20:49:36.898]Completed Shot 2, state 31
20378.943296 seconds (27.66 G allocations: 93.419 TiB, 18.88% gc time)
[2023-01-12T20:49:39.327]Completed Shot 2, state 1
20386.571374 seconds (27.67 G allocations: 93.454 TiB, 18.87% gc time)
[2023-01-12T20:49:46.955]Completed Shot 2, state 3
20391.938298 seconds (27.68 G allocations: 93.478 TiB, 18.87% gc time)
[2023-01-12T20:49:52.324]Completed Shot 2, state 11
20401.974084 seconds (27.69 G allocations: 93.521 TiB, 18.87% gc time)
[2023-01-12T20:50:02.365]Completed Shot 2, state 46
20402.892365 seconds (27.69 G allocations: 93.525 TiB, 18.87% gc time)
[2023-01-12T20:50:03.279]Completed Shot 2, state 19
20408.252994 seconds (27.70 G allocations: 93.548 TiB, 18.87% gc time)
[2023-01-12T20:50:08.644]Completed Shot 2, state 49
20411.245900 seconds (27.70 G allocations: 93.561 TiB, 18.87% gc time)
[2023-01-12T20:50:11.635]Completed Shot 2, state 37
20417.751547 seconds (27.71 G allocations: 93.588 TiB, 18.87% gc time)
[2023-01-12T20:50:18.138]Completed Shot 2, state 17
20419.823274 seconds (27.71 G allocations: 93.596 TiB, 18.87% gc time)
[2023-01-12T20:50:20.214]Completed Shot 2, state 47
20426.072794 seconds (27.72 G allocations: 93.619 TiB, 18.86% gc time)
[2023-01-12T20:50:26.458]Completed Shot 2, state 12
20431.091805 seconds (27.72 G allocations: 93.639 TiB, 18.86% gc time)
[2023-01-12T20:50:31.476]Completed Shot 2, state 6
20437.569946 seconds (27.73 G allocations: 93.664 TiB, 18.86% gc time)
[2023-01-12T20:50:37.960]Completed Shot 2, state 43
20440.592654 seconds (27.73 G allocations: 93.675 TiB, 18.86% gc time)
[2023-01-12T20:50:40.983]Completed Shot 2, state 42
20446.884618 seconds (27.74 G allocations: 93.699 TiB, 18.86% gc time)
[2023-01-12T20:50:47.274]Completed Shot 2, state 39
20448.105818 seconds (27.74 G allocations: 93.703 TiB, 18.86% gc time)
[2023-01-12T20:50:48.496]Completed Shot 2, state 41
20453.665788 seconds (27.75 G allocations: 93.722 TiB, 18.85% gc time)
[2023-01-12T20:50:54.051]Completed Shot 2, state 10
20465.503485 seconds (27.76 G allocations: 93.763 TiB, 18.85% gc time)
[2023-01-12T20:51:05.891]Completed Shot 2, state 27
20467.189583 seconds (27.76 G allocations: 93.769 TiB, 18.85% gc time)
[2023-01-12T20:51:07.578]Completed Shot 2, state 34
20478.795949 seconds (27.77 G allocations: 93.806 TiB, 18.84% gc time)
[2023-01-12T20:51:19.184]Completed Shot 2, state 29
20478.941620 seconds (27.77 G allocations: 93.807 TiB, 18.84% gc time)
[2023-01-12T20:51:19.331]Completed Shot 2, state 36
20480.071239 seconds (27.77 G allocations: 93.810 TiB, 18.84% gc time)
[2023-01-12T20:51:20.459]Completed Shot 2, state 26
20484.209551 seconds (27.78 G allocations: 93.822 TiB, 18.84% gc time)
[2023-01-12T20:51:24.601]Completed Shot 2, state 50
20488.776157 seconds (27.78 G allocations: 93.834 TiB, 18.84% gc time)
[2023-01-12T20:51:29.160]Completed Shot 2, state 4
20489.618722 seconds (27.78 G allocations: 93.836 TiB, 18.84% gc time)
[2023-01-12T20:51:30.008]Completed Shot 2, state 38
20489.711088 seconds (27.78 G allocations: 93.837 TiB, 18.84% gc time)
[2023-01-12T20:51:30.101]Completed Shot 2, state 40
20493.350577 seconds (27.78 G allocations: 93.845 TiB, 18.84% gc time)
[2023-01-12T20:51:33.740]Completed Shot 2, state 35
20506.163503 seconds (27.79 G allocations: 93.874 TiB, 18.83% gc time)
[2023-01-12T20:51:46.552]Completed Shot 2, state 33
20506.336001 seconds (27.79 G allocations: 93.875 TiB, 18.83% gc time)
[2023-01-12T20:51:46.721]Completed Shot 2, state 8
20511.271257 seconds (27.80 G allocations: 93.884 TiB, 18.83% gc time)
[2023-01-12T20:51:51.659]Completed Shot 2, state 24
20515.623001 seconds (27.80 G allocations: 93.891 TiB, 18.82% gc time)
[2023-01-12T20:51:56.012]Completed Shot 2, state 32
20517.426764 seconds (27.80 G allocations: 93.895 TiB, 18.82% gc time)
[2023-01-12T20:51:57.811]Completed Shot 2, state 5
20520.388584 seconds (27.80 G allocations: 93.899 TiB, 18.82% gc time)
[2023-01-12T20:52:00.773]Completed Shot 2, state 7
20520.655134 seconds (27.80 G allocations: 93.900 TiB, 18.82% gc time)
[2023-01-12T20:52:01.041]Completed Shot 2, state 15
20526.114061 seconds (27.80 G allocations: 93.906 TiB, 18.82% gc time)
[2023-01-12T20:52:06.501]Completed Shot 2, state 23
20526.527873 seconds (27.80 G allocations: 93.906 TiB, 18.82% gc time)
[2023-01-12T20:52:06.918]Completed Shot 2, state 44
20536.848032 seconds (27.81 G allocations: 93.915 TiB, 18.81% gc time)
[2023-01-12T20:52:17.233]Completed Shot 2, state 9
20537.019427 seconds (27.81 G allocations: 93.915 TiB, 18.81% gc time)
[2023-01-12T20:52:17.410]Completed Shot 2, state 45
20537.383730 seconds (27.81 G allocations: 93.915 TiB, 18.81% gc time)
[2023-01-12T20:52:17.770]Completed Shot 2, state 16
20548.379506 seconds (27.81 G allocations: 93.916 TiB, 18.80% gc time)
[2023-01-12T20:52:28.763]Completed Shot 2, state 2
19043.118381 seconds (27.45 G allocations: 92.726 TiB, 15.99% gc time)
[2023-01-13T02:09:51.892]Completed Shot 3, state 47
19063.130606 seconds (27.48 G allocations: 92.823 TiB, 15.99% gc time)
[2023-01-13T02:10:11.902]Completed Shot 3, state 28
19070.860421 seconds (27.49 G allocations: 92.862 TiB, 15.99% gc time)
[2023-01-13T02:10:19.625]Completed Shot 3, state 1
19106.111783 seconds (27.54 G allocations: 93.037 TiB, 15.99% gc time)
[2023-01-13T02:10:54.881]Completed Shot 3, state 20
19118.005113 seconds (27.56 G allocations: 93.095 TiB, 15.99% gc time)
[2023-01-13T02:11:06.777]Completed Shot 3, state 32
19138.903261 seconds (27.59 G allocations: 93.195 TiB, 15.99% gc time)
[2023-01-13T02:11:27.676]Completed Shot 3, state 37
19140.654123 seconds (27.59 G allocations: 93.204 TiB, 15.98% gc time)
[2023-01-13T02:11:29.421]Completed Shot 3, state 8
19140.787229 seconds (27.59 G allocations: 93.205 TiB, 15.98% gc time)
[2023-01-13T02:11:29.556]Completed Shot 3, state 18
19147.128830 seconds (27.60 G allocations: 93.235 TiB, 15.98% gc time)
[2023-01-13T02:11:35.897]Completed Shot 3, state 16
19157.902654 seconds (27.62 G allocations: 93.287 TiB, 15.98% gc time)
[2023-01-13T02:11:46.676]Completed Shot 3, state 46
19159.671766 seconds (27.62 G allocations: 93.295 TiB, 15.98% gc time)
[2023-01-13T02:11:48.444]Completed Shot 3, state 31
19162.317399 seconds (27.62 G allocations: 93.307 TiB, 15.98% gc time)
[2023-01-13T02:11:51.088]Completed Shot 3, state 23
19173.431073 seconds (27.64 G allocations: 93.358 TiB, 15.98% gc time)
[2023-01-13T02:12:02.199]Completed Shot 3, state 13
19179.374305 seconds (27.65 G allocations: 93.384 TiB, 15.98% gc time)
[2023-01-13T02:12:08.147]Completed Shot 3, state 36
19191.530367 seconds (27.66 G allocations: 93.438 TiB, 15.98% gc time)
[2023-01-13T02:12:20.349]Completed Shot 3, state 10
19207.862053 seconds (27.68 G allocations: 93.508 TiB, 15.98% gc time)
[2023-01-13T02:12:36.630]Completed Shot 3, state 12
19208.631934 seconds (27.68 G allocations: 93.512 TiB, 15.98% gc time)
[2023-01-13T02:12:37.405]Completed Shot 3, state 41
19212.473182 seconds (27.69 G allocations: 93.528 TiB, 15.98% gc time)
[2023-01-13T02:12:41.243]Completed Shot 3, state 21
19215.848479 seconds (27.69 G allocations: 93.542 TiB, 15.98% gc time)
[2023-01-13T02:12:44.617]Completed Shot 3, state 15
19219.437256 seconds (27.70 G allocations: 93.557 TiB, 15.98% gc time)
[2023-01-13T02:12:48.203]Completed Shot 3, state 4
19229.437772 seconds (27.71 G allocations: 93.597 TiB, 15.97% gc time)
[2023-01-13T02:12:58.209]Completed Shot 3, state 27
19233.800872 seconds (27.71 G allocations: 93.614 TiB, 15.97% gc time)
[2023-01-13T02:13:02.571]Completed Shot 3, state 22
19233.975805 seconds (27.71 G allocations: 93.615 TiB, 15.97% gc time)
[2023-01-13T02:13:02.749]Completed Shot 3, state 48
19234.261367 seconds (27.71 G allocations: 93.616 TiB, 15.97% gc time)
[2023-01-13T02:13:03.034]Completed Shot 3, state 44
19242.921252 seconds (27.72 G allocations: 93.648 TiB, 15.97% gc time)
[2023-01-13T02:13:11.686]Completed Shot 3, state 2
19243.430183 seconds (27.72 G allocations: 93.650 TiB, 15.97% gc time)
[2023-01-13T02:13:12.201]Completed Shot 3, state 25
19245.378450 seconds (27.73 G allocations: 93.657 TiB, 15.97% gc time)
[2023-01-13T02:13:14.152]Completed Shot 3, state 43
19247.934406 seconds (27.73 G allocations: 93.665 TiB, 15.97% gc time)
[2023-01-13T02:13:16.708]Completed Shot 3, state 49
19257.776299 seconds (27.74 G allocations: 93.697 TiB, 15.97% gc time)
[2023-01-13T02:13:26.549]Completed Shot 3, state 42
19267.450421 seconds (27.75 G allocations: 93.729 TiB, 15.96% gc time)
[2023-01-13T02:13:36.216]Completed Shot 3, state 5
19270.789578 seconds (27.75 G allocations: 93.739 TiB, 15.96% gc time)
[2023-01-13T02:13:39.563]Completed Shot 3, state 39
19272.439367 seconds (27.75 G allocations: 93.744 TiB, 15.96% gc time)
[2023-01-13T02:13:41.208]Completed Shot 3, state 17
19277.960900 seconds (27.76 G allocations: 93.760 TiB, 15.96% gc time)
[2023-01-13T02:13:46.733]Completed Shot 3, state 30
19278.771817 seconds (27.76 G allocations: 93.762 TiB, 15.96% gc time)
[2023-01-13T02:13:47.537]Completed Shot 3, state 3
19283.781569 seconds (27.76 G allocations: 93.775 TiB, 15.96% gc time)
[2023-01-13T02:13:52.552]Completed Shot 3, state 26
19285.277371 seconds (27.76 G allocations: 93.779 TiB, 15.96% gc time)
[2023-01-13T02:13:54.045]Completed Shot 3, state 11
19297.823549 seconds (27.77 G allocations: 93.809 TiB, 15.95% gc time)
[2023-01-13T02:14:06.597]Completed Shot 3, state 50
19300.650868 seconds (27.77 G allocations: 93.815 TiB, 15.95% gc time)
[2023-01-13T02:14:09.424]Completed Shot 3, state 45
19302.041421 seconds (27.77 G allocations: 93.818 TiB, 15.95% gc time)
[2023-01-13T02:14:10.807]Completed Shot 3, state 6
19304.183634 seconds (27.77 G allocations: 93.822 TiB, 15.95% gc time)
[2023-01-13T02:14:12.955]Completed Shot 3, state 29
19318.316182 seconds (27.78 G allocations: 93.847 TiB, 15.94% gc time)
[2023-01-13T02:14:27.087]Completed Shot 3, state 24
19322.121572 seconds (27.78 G allocations: 93.853 TiB, 15.94% gc time)
[2023-01-13T02:14:30.894]Completed Shot 3, state 33
19325.475938 seconds (27.79 G allocations: 93.858 TiB, 15.94% gc time)
[2023-01-13T02:14:34.248]Completed Shot 3, state 34
19332.587018 seconds (27.79 G allocations: 93.868 TiB, 15.94% gc time)
[2023-01-13T02:14:41.356]Completed Shot 3, state 19
19335.442620 seconds (27.79 G allocations: 93.871 TiB, 15.93% gc time)
[2023-01-13T02:14:44.216]Completed Shot 3, state 38
19346.522769 seconds (27.79 G allocations: 93.882 TiB, 15.93% gc time)
[2023-01-13T02:14:55.295]Completed Shot 3, state 35
19348.693582 seconds (27.79 G allocations: 93.884 TiB, 15.93% gc time)
[2023-01-13T02:14:57.462]Completed Shot 3, state 14
19349.000062 seconds (27.79 G allocations: 93.884 TiB, 15.93% gc time)
[2023-01-13T02:14:57.773]Completed Shot 3, state 40
19361.525429 seconds (27.80 G allocations: 93.890 TiB, 15.92% gc time)
[2023-01-13T02:15:10.292]Completed Shot 3, state 9
19580.266950 seconds (27.80 G allocations: 93.907 TiB, 15.78% gc time)
[2023-01-13T02:18:49.033]Completed Shot 3, state 7
19025.617586 seconds (27.42 G allocations: 92.598 TiB, 16.02% gc time)
[2023-01-13T07:35:54.659]Completed Shot 4, state 8
19034.193526 seconds (27.43 G allocations: 92.638 TiB, 16.02% gc time)
[2023-01-13T07:36:03.232]Completed Shot 4, state 19
19051.017012 seconds (27.45 G allocations: 92.722 TiB, 16.02% gc time)
[2023-01-13T07:36:20.054]Completed Shot 4, state 10
19069.996031 seconds (27.48 G allocations: 92.814 TiB, 16.02% gc time)
[2023-01-13T07:36:39.035]Completed Shot 4, state 22
19097.775534 seconds (27.52 G allocations: 92.950 TiB, 16.02% gc time)
[2023-01-13T07:37:06.816]Completed Shot 4, state 27
19133.358119 seconds (27.57 G allocations: 93.124 TiB, 16.01% gc time)
[2023-01-13T07:37:42.399]Completed Shot 4, state 31
19164.665339 seconds (27.62 G allocations: 93.276 TiB, 16.01% gc time)
[2023-01-13T07:38:13.707]Completed Shot 4, state 38
19181.683804 seconds (27.64 G allocations: 93.357 TiB, 16.02% gc time)
[2023-01-13T07:38:30.722]Completed Shot 4, state 15
19183.102585 seconds (27.64 G allocations: 93.364 TiB, 16.02% gc time)
[2023-01-13T07:38:32.145]Completed Shot 4, state 39
19185.992704 seconds (27.65 G allocations: 93.377 TiB, 16.02% gc time)
[2023-01-13T07:38:35.034]Completed Shot 4, state 37
19189.260201 seconds (27.65 G allocations: 93.392 TiB, 16.01% gc time)
[2023-01-13T07:38:38.298]Completed Shot 4, state 14
19192.357977 seconds (27.65 G allocations: 93.406 TiB, 16.02% gc time)
[2023-01-13T07:38:41.402]Completed Shot 4, state 50
19202.238705 seconds (27.67 G allocations: 93.450 TiB, 16.01% gc time)
[2023-01-13T07:38:51.276]Completed Shot 4, state 11
19204.473366 seconds (27.67 G allocations: 93.460 TiB, 16.01% gc time)
[2023-01-13T07:38:53.512]Completed Shot 4, state 16
19206.184610 seconds (27.67 G allocations: 93.467 TiB, 16.01% gc time)
[2023-01-13T07:38:55.224]Completed Shot 4, state 26
19207.550010 seconds (27.67 G allocations: 93.473 TiB, 16.01% gc time)
[2023-01-13T07:38:56.590]Completed Shot 4, state 25
19208.163048 seconds (27.67 G allocations: 93.475 TiB, 16.01% gc time)
[2023-01-13T07:38:57.199]Completed Shot 4, state 5
19211.248215 seconds (27.68 G allocations: 93.488 TiB, 16.01% gc time)
[2023-01-13T07:39:00.287]Completed Shot 4, state 20
19213.841810 seconds (27.68 G allocations: 93.499 TiB, 16.01% gc time)
[2023-01-13T07:39:02.878]Completed Shot 4, state 7
19215.913481 seconds (27.68 G allocations: 93.507 TiB, 16.01% gc time)
[2023-01-13T07:39:04.954]Completed Shot 4, state 29
19220.427841 seconds (27.69 G allocations: 93.525 TiB, 16.01% gc time)
[2023-01-13T07:39:09.471]Completed Shot 4, state 47
19223.745693 seconds (27.69 G allocations: 93.538 TiB, 16.01% gc time)
[2023-01-13T07:39:12.781]Completed Shot 4, state 1
19236.194927 seconds (27.71 G allocations: 93.584 TiB, 16.01% gc time)
[2023-01-13T07:39:25.231]Completed Shot 4, state 2
19236.795539 seconds (27.71 G allocations: 93.586 TiB, 16.01% gc time)
[2023-01-13T07:39:25.839]Completed Shot 4, state 48
19244.566787 seconds (27.71 G allocations: 93.614 TiB, 16.01% gc time)
[2023-01-13T07:39:33.609]Completed Shot 4, state 44
19264.117829 seconds (27.74 G allocations: 93.683 TiB, 16.00% gc time)
[2023-01-13T07:39:53.161]Completed Shot 4, state 46
19265.049550 seconds (27.74 G allocations: 93.686 TiB, 16.00% gc time)
[2023-01-13T07:39:54.093]Completed Shot 4, state 49
19267.247087 seconds (27.74 G allocations: 93.693 TiB, 16.00% gc time)
[2023-01-13T07:39:56.290]Completed Shot 4, state 45
19268.994493 seconds (27.74 G allocations: 93.699 TiB, 16.00% gc time)
[2023-01-13T07:39:58.032]Completed Shot 4, state 13
19271.058284 seconds (27.74 G allocations: 93.705 TiB, 16.00% gc time)
[2023-01-13T07:40:00.099]Completed Shot 4, state 30
19276.957422 seconds (27.75 G allocations: 93.724 TiB, 16.00% gc time)
[2023-01-13T07:40:05.994]Completed Shot 4, state 6
19279.122362 seconds (27.75 G allocations: 93.730 TiB, 16.00% gc time)
[2023-01-13T07:40:08.164]Completed Shot 4, state 36
19279.707748 seconds (27.75 G allocations: 93.732 TiB, 16.00% gc time)
[2023-01-13T07:40:08.745]Completed Shot 4, state 12
19282.446525 seconds (27.75 G allocations: 93.739 TiB, 16.00% gc time)
[2023-01-13T07:40:11.487]Completed Shot 4, state 32
19289.355060 seconds (27.76 G allocations: 93.758 TiB, 16.00% gc time)
[2023-01-13T07:40:18.395]Completed Shot 4, state 28
19311.142933 seconds (27.77 G allocations: 93.811 TiB, 15.99% gc time)
[2023-01-13T07:40:40.184]Completed Shot 4, state 33
19313.832390 seconds (27.77 G allocations: 93.817 TiB, 15.99% gc time)
[2023-01-13T07:40:42.874]Completed Shot 4, state 40
19317.481048 seconds (27.78 G allocations: 93.825 TiB, 15.99% gc time)
[2023-01-13T07:40:46.523]Completed Shot 4, state 42
19330.206185 seconds (27.78 G allocations: 93.852 TiB, 15.98% gc time)
[2023-01-13T07:40:59.249]Completed Shot 4, state 43
19331.791863 seconds (27.79 G allocations: 93.855 TiB, 15.98% gc time)
[2023-01-13T07:41:00.831]Completed Shot 4, state 24
19336.026092 seconds (27.79 G allocations: 93.863 TiB, 15.98% gc time)
[2023-01-13T07:41:05.063]Completed Shot 4, state 9
19346.710243 seconds (27.79 G allocations: 93.880 TiB, 15.97% gc time)
[2023-01-13T07:41:15.752]Completed Shot 4, state 35
19350.584593 seconds (27.80 G allocations: 93.886 TiB, 15.97% gc time)
[2023-01-13T07:41:19.627]Completed Shot 4, state 41
19353.532058 seconds (27.80 G allocations: 93.889 TiB, 15.97% gc time)
[2023-01-13T07:41:22.568]Completed Shot 4, state 4
19361.003274 seconds (27.80 G allocations: 93.898 TiB, 15.96% gc time)
[2023-01-13T07:41:30.039]Completed Shot 4, state 3
19366.833970 seconds (27.80 G allocations: 93.904 TiB, 15.96% gc time)
[2023-01-13T07:41:35.872]Completed Shot 4, state 17
19371.561121 seconds (27.80 G allocations: 93.908 TiB, 15.96% gc time)
[2023-01-13T07:41:40.600]Completed Shot 4, state 21
19371.657110 seconds (27.80 G allocations: 93.908 TiB, 15.96% gc time)
[2023-01-13T07:41:40.696]Completed Shot 4, state 18
19374.862667 seconds (27.80 G allocations: 93.909 TiB, 15.96% gc time)
[2023-01-13T07:41:43.902]Completed Shot 4, state 23
19408.133398 seconds (27.80 G allocations: 93.912 TiB, 15.93% gc time)
[2023-01-13T07:42:17.174]Completed Shot 4, state 34
19070.946527 seconds (27.49 G allocations: 92.860 TiB, 16.13% gc time)
[2023-01-13T13:00:08.131]Completed Shot 5, state 39
19093.867104 seconds (27.52 G allocations: 92.973 TiB, 16.13% gc time)
[2023-01-13T13:00:31.045]Completed Shot 5, state 11
19094.854535 seconds (27.52 G allocations: 92.977 TiB, 16.13% gc time)
[2023-01-13T13:00:32.033]Completed Shot 5, state 12
19103.513766 seconds (27.54 G allocations: 93.020 TiB, 16.13% gc time)
[2023-01-13T13:00:40.690]Completed Shot 5, state 3
19155.790739 seconds (27.61 G allocations: 93.274 TiB, 16.13% gc time)
[2023-01-13T13:01:32.972]Completed Shot 5, state 28
19157.522821 seconds (27.61 G allocations: 93.282 TiB, 16.13% gc time)
[2023-01-13T13:01:34.703]Completed Shot 5, state 24
19159.362365 seconds (27.62 G allocations: 93.291 TiB, 16.13% gc time)
[2023-01-13T13:01:36.546]Completed Shot 5, state 46
19194.442806 seconds (27.67 G allocations: 93.461 TiB, 16.13% gc time)
[2023-01-13T13:02:11.626]Completed Shot 5, state 50
19199.757977 seconds (27.68 G allocations: 93.487 TiB, 16.13% gc time)
[2023-01-13T13:02:16.941]Completed Shot 5, state 48
19199.825693 seconds (27.68 G allocations: 93.488 TiB, 16.13% gc time)
[2023-01-13T13:02:17.007]Completed Shot 5, state 29
19203.000963 seconds (27.68 G allocations: 93.503 TiB, 16.13% gc time)
[2023-01-13T13:02:20.182]Completed Shot 5, state 30
19207.953419 seconds (27.69 G allocations: 93.525 TiB, 16.13% gc time)
[2023-01-13T13:02:25.133]Completed Shot 5, state 18
19216.828501 seconds (27.70 G allocations: 93.566 TiB, 16.13% gc time)
[2023-01-13T13:02:34.008]Completed Shot 5, state 19
19217.275941 seconds (27.70 G allocations: 93.568 TiB, 16.13% gc time)
[2023-01-13T13:02:34.459]Completed Shot 5, state 38
19217.714815 seconds (27.70 G allocations: 93.570 TiB, 16.13% gc time)
[2023-01-13T13:02:34.898]Completed Shot 5, state 45
19219.799027 seconds (27.70 G allocations: 93.579 TiB, 16.13% gc time)
[2023-01-13T13:02:36.983]Completed Shot 5, state 49
19236.914129 seconds (27.72 G allocations: 93.652 TiB, 16.12% gc time)
[2023-01-13T13:02:54.094]Completed Shot 5, state 23
19239.537013 seconds (27.73 G allocations: 93.663 TiB, 16.12% gc time)
[2023-01-13T13:02:56.720]Completed Shot 5, state 40
19239.712640 seconds (27.73 G allocations: 93.664 TiB, 16.12% gc time)
[2023-01-13T13:02:56.893]Completed Shot 5, state 22
19243.267018 seconds (27.73 G allocations: 93.679 TiB, 16.12% gc time)
[2023-01-13T13:03:00.450]Completed Shot 5, state 44
19243.536502 seconds (27.73 G allocations: 93.680 TiB, 16.12% gc time)
[2023-01-13T13:03:00.714]Completed Shot 5, state 9
19249.008166 seconds (27.74 G allocations: 93.702 TiB, 16.12% gc time)
[2023-01-13T13:03:06.188]Completed Shot 5, state 21
19249.607156 seconds (27.74 G allocations: 93.704 TiB, 16.12% gc time)
[2023-01-13T13:03:06.784]Completed Shot 5, state 2
19251.113622 seconds (27.74 G allocations: 93.710 TiB, 16.12% gc time)
[2023-01-13T13:03:08.297]Completed Shot 5, state 41
19260.932407 seconds (27.75 G allocations: 93.746 TiB, 16.12% gc time)
[2023-01-13T13:03:18.114]Completed Shot 5, state 31
19261.728460 seconds (27.75 G allocations: 93.749 TiB, 16.12% gc time)
[2023-01-13T13:03:18.912]Completed Shot 5, state 43
19262.917929 seconds (27.75 G allocations: 93.753 TiB, 16.12% gc time)
[2023-01-13T13:03:20.101]Completed Shot 5, state 47
19264.063424 seconds (27.75 G allocations: 93.757 TiB, 16.12% gc time)
[2023-01-13T13:03:21.243]Completed Shot 5, state 17
19264.396747 seconds (27.75 G allocations: 93.758 TiB, 16.12% gc time)
[2023-01-13T13:03:21.575]Completed Shot 5, state 14
19265.503047 seconds (27.76 G allocations: 93.762 TiB, 16.12% gc time)
[2023-01-13T13:03:22.681]Completed Shot 5, state 7
19265.687328 seconds (27.76 G allocations: 93.762 TiB, 16.12% gc time)
[2023-01-13T13:03:22.866]Completed Shot 5, state 15
19267.565863 seconds (27.76 G allocations: 93.768 TiB, 16.12% gc time)
[2023-01-13T13:03:24.748]Completed Shot 5, state 34
19275.501294 seconds (27.76 G allocations: 93.791 TiB, 16.11% gc time)
[2023-01-13T13:03:32.679]Completed Shot 5, state 8
19280.318545 seconds (27.77 G allocations: 93.805 TiB, 16.11% gc time)
[2023-01-13T13:03:37.502]Completed Shot 5, state 42
19280.848691 seconds (27.77 G allocations: 93.807 TiB, 16.11% gc time)
[2023-01-13T13:03:38.027]Completed Shot 5, state 10
19281.983357 seconds (27.77 G allocations: 93.810 TiB, 16.11% gc time)
[2023-01-13T13:03:39.164]Completed Shot 5, state 25
19282.852086 seconds (27.77 G allocations: 93.812 TiB, 16.11% gc time)
[2023-01-13T13:03:40.028]Completed Shot 5, state 1
19285.549957 seconds (27.77 G allocations: 93.818 TiB, 16.11% gc time)
[2023-01-13T13:03:42.732]Completed Shot 5, state 33
19287.327107 seconds (27.77 G allocations: 93.823 TiB, 16.11% gc time)
[2023-01-13T13:03:44.509]Completed Shot 5, state 32
19294.312120 seconds (27.78 G allocations: 93.837 TiB, 16.10% gc time)
[2023-01-13T13:03:51.490]Completed Shot 5, state 6
19296.787074 seconds (27.78 G allocations: 93.841 TiB, 16.10% gc time)
[2023-01-13T13:03:53.964]Completed Shot 5, state 5
  Activating project at `/lustre/work/ws/ws1/hd_ku269-light_cones/WorkingFolder`
19299.189936 seconds (27.78 G allocations: 93.845 TiB, 16.10% gc time)
[2023-01-13T13:03:56.381]Completed Shot 5, state 37
19301.352441 seconds (27.78 G allocations: 93.849 TiB, 16.10% gc time)
[2023-01-13T13:03:58.535]Completed Shot 5, state 36
19302.030318 seconds (27.78 G allocations: 93.850 TiB, 16.10% gc time)
[2023-01-13T13:03:59.207]Completed Shot 5, state 4
19304.557318 seconds (27.78 G allocations: 93.853 TiB, 16.10% gc time)
[2023-01-13T13:04:01.736]Completed Shot 5, state 13
19314.073785 seconds (27.79 G allocations: 93.862 TiB, 16.09% gc time)
[2023-01-13T13:04:11.254]Completed Shot 5, state 26
19320.639406 seconds (27.79 G allocations: 93.868 TiB, 16.09% gc time)
[2023-01-13T13:04:17.819]Completed Shot 5, state 20
19348.334749 seconds (27.79 G allocations: 93.886 TiB, 16.07% gc time)
[2023-01-13T13:04:45.517]Completed Shot 5, state 35
19361.902832 seconds (27.79 G allocations: 93.891 TiB, 16.06% gc time)
[2023-01-13T13:04:59.084]Completed Shot 5, state 27
19514.424562 seconds (27.80 G allocations: 93.904 TiB, 15.96% gc time)
[2023-01-13T13:07:31.604]Completed Shot 5, state 16
19071.071106 seconds (27.39 G allocations: 92.523 TiB, 15.97% gc time)
[2023-01-13T18:25:22.682]Completed Shot 6, state 30
19078.552540 seconds (27.40 G allocations: 92.559 TiB, 15.97% gc time)
[2023-01-13T18:25:30.164]Completed Shot 6, state 37
19140.033096 seconds (27.49 G allocations: 92.870 TiB, 15.97% gc time)
[2023-01-13T18:26:31.640]Completed Shot 6, state 6
19156.254792 seconds (27.52 G allocations: 92.952 TiB, 15.96% gc time)
[2023-01-13T18:26:47.865]Completed Shot 6, state 29
19158.484114 seconds (27.52 G allocations: 92.963 TiB, 15.96% gc time)
[2023-01-13T18:26:50.096]Completed Shot 6, state 39
19196.474895 seconds (27.58 G allocations: 93.146 TiB, 15.96% gc time)
[2023-01-13T18:27:28.081]Completed Shot 6, state 4
19202.318868 seconds (27.58 G allocations: 93.174 TiB, 15.96% gc time)
[2023-01-13T18:27:33.925]Completed Shot 6, state 3
19219.563791 seconds (27.61 G allocations: 93.255 TiB, 15.96% gc time)
[2023-01-13T18:27:51.172]Completed Shot 6, state 18
19220.106726 seconds (27.61 G allocations: 93.258 TiB, 15.96% gc time)
[2023-01-13T18:27:51.713]Completed Shot 6, state 7
19221.565316 seconds (27.61 G allocations: 93.264 TiB, 15.97% gc time)
[2023-01-13T18:27:53.174]Completed Shot 6, state 16
19231.591764 seconds (27.62 G allocations: 93.308 TiB, 15.97% gc time)
[2023-01-13T18:28:03.203]Completed Shot 6, state 32
19240.025195 seconds (27.63 G allocations: 93.347 TiB, 15.96% gc time)
[2023-01-13T18:28:11.633]Completed Shot 6, state 14
19244.178379 seconds (27.64 G allocations: 93.365 TiB, 15.96% gc time)
[2023-01-13T18:28:15.790]Completed Shot 6, state 38
19251.213774 seconds (27.65 G allocations: 93.397 TiB, 15.96% gc time)
[2023-01-13T18:28:22.820]Completed Shot 6, state 2
19261.666231 seconds (27.66 G allocations: 93.443 TiB, 15.96% gc time)
[2023-01-13T18:28:33.279]Completed Shot 6, state 50
19263.767664 seconds (27.67 G allocations: 93.452 TiB, 15.96% gc time)
[2023-01-13T18:28:35.376]Completed Shot 6, state 19
19277.987170 seconds (27.68 G allocations: 93.512 TiB, 15.96% gc time)
[2023-01-13T18:28:49.596]Completed Shot 6, state 20
19280.435067 seconds (27.69 G allocations: 93.522 TiB, 15.96% gc time)
[2023-01-13T18:28:52.041]Completed Shot 6, state 1
19282.268735 seconds (27.69 G allocations: 93.529 TiB, 15.96% gc time)
[2023-01-13T18:28:53.881]Completed Shot 6, state 42
19283.978257 seconds (27.69 G allocations: 93.536 TiB, 15.96% gc time)
[2023-01-13T18:28:55.585]Completed Shot 6, state 9
19284.168990 seconds (27.69 G allocations: 93.537 TiB, 15.96% gc time)
[2023-01-13T18:28:55.777]Completed Shot 6, state 13
19289.528466 seconds (27.70 G allocations: 93.557 TiB, 15.96% gc time)
[2023-01-13T18:29:01.138]Completed Shot 6, state 25
19303.700402 seconds (27.71 G allocations: 93.612 TiB, 15.96% gc time)
[2023-01-13T18:29:15.308]Completed Shot 6, state 12
19308.904056 seconds (27.72 G allocations: 93.632 TiB, 15.96% gc time)
[2023-01-13T18:29:20.513]Completed Shot 6, state 21
19310.504392 seconds (27.72 G allocations: 93.637 TiB, 15.95% gc time)
[2023-01-13T18:29:22.115]Completed Shot 6, state 28
19324.553653 seconds (27.74 G allocations: 93.688 TiB, 15.95% gc time)
[2023-01-13T18:29:36.166]Completed Shot 6, state 45
19331.270870 seconds (27.74 G allocations: 93.712 TiB, 15.95% gc time)
[2023-01-13T18:29:42.879]Completed Shot 6, state 15
19338.996224 seconds (27.75 G allocations: 93.739 TiB, 15.95% gc time)
[2023-01-13T18:29:50.608]Completed Shot 6, state 44
19339.835898 seconds (27.75 G allocations: 93.741 TiB, 15.95% gc time)
[2023-01-13T18:29:51.449]Completed Shot 6, state 49
19340.758074 seconds (27.75 G allocations: 93.745 TiB, 15.95% gc time)
[2023-01-13T18:29:52.371]Completed Shot 6, state 47
19340.972281 seconds (27.75 G allocations: 93.745 TiB, 15.95% gc time)
[2023-01-13T18:29:52.582]Completed Shot 6, state 23
19342.410419 seconds (27.75 G allocations: 93.749 TiB, 15.95% gc time)
[2023-01-13T18:29:54.017]Completed Shot 6, state 5
19342.473221 seconds (27.75 G allocations: 93.749 TiB, 15.95% gc time)
[2023-01-13T18:29:54.084]Completed Shot 6, state 31
19348.328755 seconds (27.76 G allocations: 93.766 TiB, 15.94% gc time)
[2023-01-13T18:29:59.940]Completed Shot 6, state 35
19351.584965 seconds (27.76 G allocations: 93.775 TiB, 15.94% gc time)
[2023-01-13T18:30:03.192]Completed Shot 6, state 8
19357.580800 seconds (27.77 G allocations: 93.790 TiB, 15.94% gc time)
[2023-01-13T18:30:09.193]Completed Shot 6, state 46
19359.142472 seconds (27.77 G allocations: 93.794 TiB, 15.94% gc time)
[2023-01-13T18:30:10.755]Completed Shot 6, state 43
19361.728738 seconds (27.77 G allocations: 93.801 TiB, 15.94% gc time)
[2023-01-13T18:30:13.340]Completed Shot 6, state 40
19362.933970 seconds (27.77 G allocations: 93.803 TiB, 15.94% gc time)
[2023-01-13T18:30:14.544]Completed Shot 6, state 26
19373.573056 seconds (27.78 G allocations: 93.824 TiB, 15.93% gc time)
[2023-01-13T18:30:25.184]Completed Shot 6, state 33
19373.865303 seconds (27.78 G allocations: 93.825 TiB, 15.93% gc time)
[2023-01-13T18:30:25.478]Completed Shot 6, state 48
19385.302224 seconds (27.78 G allocations: 93.844 TiB, 15.93% gc time)
[2023-01-13T18:30:36.912]Completed Shot 6, state 24
19387.890905 seconds (27.78 G allocations: 93.847 TiB, 15.93% gc time)
[2023-01-13T18:30:39.499]Completed Shot 6, state 17
19393.524248 seconds (27.78 G allocations: 93.855 TiB, 15.92% gc time)
[2023-01-13T18:30:45.136]Completed Shot 6, state 41
19414.010515 seconds (27.79 G allocations: 93.876 TiB, 15.91% gc time)
[2023-01-13T18:31:05.622]Completed Shot 6, state 34
19416.497751 seconds (27.79 G allocations: 93.878 TiB, 15.91% gc time)
[2023-01-13T18:31:08.109]Completed Shot 6, state 36
19423.973771 seconds (27.79 G allocations: 93.884 TiB, 15.90% gc time)
[2023-01-13T18:31:15.584]Completed Shot 6, state 27
19439.998022 seconds (27.80 G allocations: 93.894 TiB, 15.89% gc time)
[2023-01-13T18:31:31.607]Completed Shot 6, state 22
19445.818055 seconds (27.80 G allocations: 93.897 TiB, 15.89% gc time)
[2023-01-13T18:31:37.425]Completed Shot 6, state 11
19571.584924 seconds (27.80 G allocations: 93.907 TiB, 15.81% gc time)
[2023-01-13T18:33:43.192]Completed Shot 6, state 10
19124.590570 seconds (27.48 G allocations: 92.818 TiB, 16.02% gc time)
[2023-01-13T23:52:27.792]Completed Shot 7, state 47
19128.534731 seconds (27.48 G allocations: 92.837 TiB, 16.02% gc time)
[2023-01-13T23:52:31.729]Completed Shot 7, state 2
19158.751111 seconds (27.53 G allocations: 92.980 TiB, 16.02% gc time)
[2023-01-13T23:53:01.947]Completed Shot 7, state 13
19163.580277 seconds (27.53 G allocations: 93.003 TiB, 16.02% gc time)
[2023-01-13T23:53:06.779]Completed Shot 7, state 27
19184.297062 seconds (27.56 G allocations: 93.102 TiB, 16.02% gc time)
[2023-01-13T23:53:27.493]Completed Shot 7, state 10
19195.370130 seconds (27.58 G allocations: 93.157 TiB, 16.02% gc time)
[2023-01-13T23:53:38.571]Completed Shot 7, state 50
19204.735171 seconds (27.59 G allocations: 93.202 TiB, 16.02% gc time)
[2023-01-13T23:53:47.933]Completed Shot 7, state 21
19223.885502 seconds (27.62 G allocations: 93.292 TiB, 16.02% gc time)
[2023-01-13T23:54:07.086]Completed Shot 7, state 48
19237.246951 seconds (27.64 G allocations: 93.356 TiB, 16.02% gc time)
[2023-01-13T23:54:20.441]Completed Shot 7, state 1
19240.805051 seconds (27.64 G allocations: 93.372 TiB, 16.02% gc time)
[2023-01-13T23:54:24.004]Completed Shot 7, state 31
19254.522824 seconds (27.66 G allocations: 93.437 TiB, 16.02% gc time)
[2023-01-13T23:54:37.722]Completed Shot 7, state 35
19257.662883 seconds (27.67 G allocations: 93.452 TiB, 16.02% gc time)
[2023-01-13T23:54:40.860]Completed Shot 7, state 17
19265.945488 seconds (27.68 G allocations: 93.490 TiB, 16.02% gc time)
[2023-01-13T23:54:49.140]Completed Shot 7, state 6
19267.576917 seconds (27.68 G allocations: 93.498 TiB, 16.02% gc time)
[2023-01-13T23:54:50.772]Completed Shot 7, state 7
19270.839221 seconds (27.68 G allocations: 93.511 TiB, 16.02% gc time)
[2023-01-13T23:54:54.040]Completed Shot 7, state 46
19276.088481 seconds (27.69 G allocations: 93.534 TiB, 16.02% gc time)
[2023-01-13T23:54:59.287]Completed Shot 7, state 30
19279.281227 seconds (27.69 G allocations: 93.548 TiB, 16.02% gc time)
[2023-01-13T23:55:02.482]Completed Shot 7, state 44
19280.432296 seconds (27.70 G allocations: 93.553 TiB, 16.02% gc time)
[2023-01-13T23:55:03.630]Completed Shot 7, state 23
19285.389317 seconds (27.70 G allocations: 93.574 TiB, 16.01% gc time)
[2023-01-13T23:55:08.585]Completed Shot 7, state 12
19285.886533 seconds (27.70 G allocations: 93.576 TiB, 16.01% gc time)
[2023-01-13T23:55:09.084]Completed Shot 7, state 22
19290.112311 seconds (27.71 G allocations: 93.594 TiB, 16.01% gc time)
[2023-01-13T23:55:13.311]Completed Shot 7, state 28
19291.212741 seconds (27.71 G allocations: 93.598 TiB, 16.01% gc time)
[2023-01-13T23:55:14.412]Completed Shot 7, state 34
19297.559202 seconds (27.72 G allocations: 93.623 TiB, 16.01% gc time)
[2023-01-13T23:55:20.756]Completed Shot 7, state 16
19303.720764 seconds (27.72 G allocations: 93.645 TiB, 16.01% gc time)
[2023-01-13T23:55:26.921]Completed Shot 7, state 42
19308.939441 seconds (27.73 G allocations: 93.665 TiB, 16.01% gc time)
[2023-01-13T23:55:32.139]Completed Shot 7, state 40
19309.226305 seconds (27.73 G allocations: 93.666 TiB, 16.01% gc time)
[2023-01-13T23:55:32.424]Completed Shot 7, state 24
19313.885074 seconds (27.73 G allocations: 93.682 TiB, 16.01% gc time)
[2023-01-13T23:55:37.083]Completed Shot 7, state 29
19317.506838 seconds (27.74 G allocations: 93.695 TiB, 16.01% gc time)
[2023-01-13T23:55:40.704]Completed Shot 7, state 20
19326.717081 seconds (27.75 G allocations: 93.726 TiB, 16.00% gc time)
[2023-01-13T23:55:49.917]Completed Shot 7, state 39
19328.588046 seconds (27.75 G allocations: 93.733 TiB, 16.00% gc time)
[2023-01-13T23:55:51.789]Completed Shot 7, state 45
19330.833761 seconds (27.75 G allocations: 93.739 TiB, 16.00% gc time)
[2023-01-13T23:55:54.033]Completed Shot 7, state 32
19331.394136 seconds (27.75 G allocations: 93.741 TiB, 16.00% gc time)
[2023-01-13T23:55:54.594]Completed Shot 7, state 37
19332.299067 seconds (27.75 G allocations: 93.743 TiB, 16.00% gc time)
[2023-01-13T23:55:55.499]Completed Shot 7, state 38
19336.977544 seconds (27.76 G allocations: 93.756 TiB, 16.00% gc time)
[2023-01-13T23:56:00.172]Completed Shot 7, state 4
19356.999457 seconds (27.77 G allocations: 93.809 TiB, 15.99% gc time)
[2023-01-13T23:56:20.198]Completed Shot 7, state 26
19357.514957 seconds (27.77 G allocations: 93.810 TiB, 15.99% gc time)
[2023-01-13T23:56:20.716]Completed Shot 7, state 49
19358.456969 seconds (27.77 G allocations: 93.812 TiB, 15.99% gc time)
[2023-01-13T23:56:21.652]Completed Shot 7, state 5
19358.884324 seconds (27.77 G allocations: 93.813 TiB, 15.99% gc time)
[2023-01-13T23:56:22.082]Completed Shot 7, state 25
19361.602680 seconds (27.77 G allocations: 93.818 TiB, 15.99% gc time)
[2023-01-13T23:56:24.798]Completed Shot 7, state 9
19362.385571 seconds (27.77 G allocations: 93.820 TiB, 15.99% gc time)
[2023-01-13T23:56:25.585]Completed Shot 7, state 36
19366.702118 seconds (27.78 G allocations: 93.828 TiB, 15.99% gc time)
[2023-01-13T23:56:29.902]Completed Shot 7, state 43
19372.687929 seconds (27.78 G allocations: 93.838 TiB, 15.99% gc time)
[2023-01-13T23:56:35.888]Completed Shot 7, state 41
19374.925085 seconds (27.78 G allocations: 93.842 TiB, 15.98% gc time)
[2023-01-13T23:56:38.124]Completed Shot 7, state 33
19385.137702 seconds (27.79 G allocations: 93.856 TiB, 15.98% gc time)
[2023-01-13T23:56:48.333]Completed Shot 7, state 8
19405.553211 seconds (27.79 G allocations: 93.880 TiB, 15.97% gc time)
[2023-01-13T23:57:08.750]Completed Shot 7, state 15
19413.164111 seconds (27.79 G allocations: 93.887 TiB, 15.96% gc time)
[2023-01-13T23:57:16.361]Completed Shot 7, state 19
19423.358834 seconds (27.80 G allocations: 93.896 TiB, 15.96% gc time)
[2023-01-13T23:57:26.554]Completed Shot 7, state 11
19423.679995 seconds (27.80 G allocations: 93.896 TiB, 15.96% gc time)
[2023-01-13T23:57:26.877]Completed Shot 7, state 18
19450.437303 seconds (27.80 G allocations: 93.907 TiB, 15.94% gc time)
[2023-01-13T23:57:53.633]Completed Shot 7, state 14
19451.674031 seconds (27.80 G allocations: 93.907 TiB, 15.94% gc time)
[2023-01-13T23:57:54.868]Completed Shot 7, state 3
19130.025615 seconds (27.47 G allocations: 92.776 TiB, 16.08% gc time)
[2023-01-14T05:16:44.902]Completed Shot 8, state 30
19139.463768 seconds (27.48 G allocations: 92.820 TiB, 16.08% gc time)
[2023-01-14T05:16:54.340]Completed Shot 8, state 31
19191.928126 seconds (27.55 G allocations: 93.053 TiB, 16.07% gc time)
[2023-01-14T05:17:46.804]Completed Shot 8, state 28
19203.485829 seconds (27.56 G allocations: 93.101 TiB, 16.07% gc time)
[2023-01-14T05:17:58.359]Completed Shot 8, state 14
19209.101551 seconds (27.57 G allocations: 93.124 TiB, 16.07% gc time)
[2023-01-14T05:18:03.979]Completed Shot 8, state 44
19209.135990 seconds (27.57 G allocations: 93.124 TiB, 16.07% gc time)
[2023-01-14T05:18:04.007]Completed Shot 8, state 1
19220.615467 seconds (27.58 G allocations: 93.177 TiB, 16.07% gc time)
[2023-01-14T05:18:15.490]Completed Shot 8, state 25
19221.278500 seconds (27.58 G allocations: 93.180 TiB, 16.07% gc time)
[2023-01-14T05:18:16.152]Completed Shot 8, state 20
19233.952160 seconds (27.60 G allocations: 93.235 TiB, 16.07% gc time)
[2023-01-14T05:18:28.826]Completed Shot 8, state 17
19241.709493 seconds (27.61 G allocations: 93.271 TiB, 16.07% gc time)
[2023-01-14T05:18:36.582]Completed Shot 8, state 9
19261.202615 seconds (27.64 G allocations: 93.360 TiB, 16.06% gc time)
[2023-01-14T05:18:56.080]Completed Shot 8, state 47
19271.592298 seconds (27.65 G allocations: 93.407 TiB, 16.06% gc time)
[2023-01-14T05:19:06.468]Completed Shot 8, state 27
19272.456547 seconds (27.65 G allocations: 93.411 TiB, 16.06% gc time)
[2023-01-14T05:19:07.331]Completed Shot 8, state 21
19282.535997 seconds (27.67 G allocations: 93.457 TiB, 16.06% gc time)
[2023-01-14T05:19:17.411]Completed Shot 8, state 24
19289.753200 seconds (27.68 G allocations: 93.488 TiB, 16.06% gc time)
[2023-01-14T05:19:24.626]Completed Shot 8, state 15
19303.467658 seconds (27.69 G allocations: 93.549 TiB, 16.06% gc time)
[2023-01-14T05:19:38.339]Completed Shot 8, state 7
19306.360081 seconds (27.70 G allocations: 93.561 TiB, 16.06% gc time)
[2023-01-14T05:19:41.237]Completed Shot 8, state 36
19307.094567 seconds (27.70 G allocations: 93.564 TiB, 16.06% gc time)
[2023-01-14T05:19:41.972]Completed Shot 8, state 40
19310.772104 seconds (27.70 G allocations: 93.580 TiB, 16.06% gc time)
[2023-01-14T05:19:45.649]Completed Shot 8, state 38
19314.438591 seconds (27.71 G allocations: 93.595 TiB, 16.06% gc time)
[2023-01-14T05:19:49.311]Completed Shot 8, state 13
19325.155080 seconds (27.72 G allocations: 93.637 TiB, 16.06% gc time)
[2023-01-14T05:20:00.033]Completed Shot 8, state 45
19326.078240 seconds (27.72 G allocations: 93.641 TiB, 16.06% gc time)
[2023-01-14T05:20:00.952]Completed Shot 8, state 22
19328.063898 seconds (27.72 G allocations: 93.648 TiB, 16.06% gc time)
[2023-01-14T05:20:02.940]Completed Shot 8, state 34
19329.694096 seconds (27.72 G allocations: 93.654 TiB, 16.05% gc time)
[2023-01-14T05:20:04.569]Completed Shot 8, state 26
19330.988679 seconds (27.73 G allocations: 93.659 TiB, 16.05% gc time)
[2023-01-14T05:20:05.860]Completed Shot 8, state 3
19342.180668 seconds (27.74 G allocations: 93.701 TiB, 16.05% gc time)
[2023-01-14T05:20:17.057]Completed Shot 8, state 35
19342.483576 seconds (27.74 G allocations: 93.702 TiB, 16.05% gc time)
[2023-01-14T05:20:17.356]Completed Shot 8, state 11
19352.067659 seconds (27.75 G allocations: 93.734 TiB, 16.05% gc time)
[2023-01-14T05:20:26.945]Completed Shot 8, state 49
19353.517390 seconds (27.75 G allocations: 93.739 TiB, 16.05% gc time)
[2023-01-14T05:20:28.394]Completed Shot 8, state 32
19354.555486 seconds (27.75 G allocations: 93.743 TiB, 16.05% gc time)
[2023-01-14T05:20:29.429]Completed Shot 8, state 19
19363.034578 seconds (27.76 G allocations: 93.770 TiB, 16.04% gc time)
[2023-01-14T05:20:37.909]Completed Shot 8, state 23
19364.756858 seconds (27.76 G allocations: 93.776 TiB, 16.04% gc time)
[2023-01-14T05:20:39.630]Completed Shot 8, state 18
19367.439755 seconds (27.76 G allocations: 93.784 TiB, 16.04% gc time)
[2023-01-14T05:20:42.311]Completed Shot 8, state 2
19378.161958 seconds (27.77 G allocations: 93.814 TiB, 16.04% gc time)
[2023-01-14T05:20:53.033]Completed Shot 8, state 6
19381.781324 seconds (27.77 G allocations: 93.823 TiB, 16.04% gc time)
[2023-01-14T05:20:56.654]Completed Shot 8, state 12
19383.143242 seconds (27.78 G allocations: 93.827 TiB, 16.04% gc time)
[2023-01-14T05:20:58.021]Completed Shot 8, state 42
19384.416151 seconds (27.78 G allocations: 93.830 TiB, 16.04% gc time)
[2023-01-14T05:20:59.289]Completed Shot 8, state 16
19384.579474 seconds (27.78 G allocations: 93.830 TiB, 16.04% gc time)
[2023-01-14T05:20:59.457]Completed Shot 8, state 46
19386.044799 seconds (27.78 G allocations: 93.834 TiB, 16.04% gc time)
[2023-01-14T05:21:00.922]Completed Shot 8, state 41
19389.928276 seconds (27.78 G allocations: 93.841 TiB, 16.03% gc time)
[2023-01-14T05:21:04.805]Completed Shot 8, state 37
19395.815498 seconds (27.78 G allocations: 93.852 TiB, 16.03% gc time)
[2023-01-14T05:21:10.693]Completed Shot 8, state 48
19398.873135 seconds (27.78 G allocations: 93.857 TiB, 16.03% gc time)
[2023-01-14T05:21:13.751]Completed Shot 8, state 43
19401.728963 seconds (27.79 G allocations: 93.862 TiB, 16.03% gc time)
[2023-01-14T05:21:16.605]Completed Shot 8, state 29
19402.396899 seconds (27.79 G allocations: 93.863 TiB, 16.03% gc time)
[2023-01-14T05:21:17.274]Completed Shot 8, state 39
19405.231926 seconds (27.79 G allocations: 93.866 TiB, 16.03% gc time)
[2023-01-14T05:21:20.108]Completed Shot 8, state 33
19408.764055 seconds (27.79 G allocations: 93.869 TiB, 16.02% gc time)
[2023-01-14T05:21:23.642]Completed Shot 8, state 50
19424.919390 seconds (27.79 G allocations: 93.881 TiB, 16.01% gc time)
[2023-01-14T05:21:39.791]Completed Shot 8, state 8
19434.295992 seconds (27.79 G allocations: 93.887 TiB, 16.01% gc time)
[2023-01-14T05:21:49.168]Completed Shot 8, state 10
19451.925165 seconds (27.80 G allocations: 93.895 TiB, 16.00% gc time)
[2023-01-14T05:22:06.796]Completed Shot 8, state 5
19574.654771 seconds (27.80 G allocations: 93.904 TiB, 15.92% gc time)
[2023-01-14T05:24:09.526]Completed Shot 8, state 4
18907.034572 seconds (27.32 G allocations: 92.294 TiB, 16.14% gc time)
[2023-01-14T10:39:16.590]Completed Shot 9, state 14
19028.910661 seconds (27.50 G allocations: 92.881 TiB, 16.14% gc time)
[2023-01-14T10:41:18.445]Completed Shot 9, state 44
19041.255102 seconds (27.51 G allocations: 92.940 TiB, 16.14% gc time)
[2023-01-14T10:41:30.787]Completed Shot 9, state 25
19054.178843 seconds (27.53 G allocations: 93.006 TiB, 16.14% gc time)
[2023-01-14T10:41:43.708]Completed Shot 9, state 8
19059.244805 seconds (27.54 G allocations: 93.031 TiB, 16.14% gc time)
[2023-01-14T10:41:48.779]Completed Shot 9, state 39
19072.823334 seconds (27.56 G allocations: 93.097 TiB, 16.13% gc time)
[2023-01-14T10:42:02.355]Completed Shot 9, state 21
19077.141984 seconds (27.57 G allocations: 93.118 TiB, 16.13% gc time)
[2023-01-14T10:42:06.675]Completed Shot 9, state 33
19087.035917 seconds (27.58 G allocations: 93.167 TiB, 16.13% gc time)
[2023-01-14T10:42:16.565]Completed Shot 9, state 5
19092.007578 seconds (27.59 G allocations: 93.191 TiB, 16.13% gc time)
[2023-01-14T10:42:21.538]Completed Shot 9, state 16
19113.659283 seconds (27.62 G allocations: 93.295 TiB, 16.13% gc time)
[2023-01-14T10:42:43.194]Completed Shot 9, state 48
19121.725249 seconds (27.63 G allocations: 93.333 TiB, 16.13% gc time)
[2023-01-14T10:42:51.254]Completed Shot 9, state 6
19123.746279 seconds (27.63 G allocations: 93.342 TiB, 16.13% gc time)
[2023-01-14T10:42:53.282]Completed Shot 9, state 49
19154.883343 seconds (27.67 G allocations: 93.485 TiB, 16.13% gc time)
[2023-01-14T10:43:24.414]Completed Shot 9, state 18
19158.775754 seconds (27.68 G allocations: 93.503 TiB, 16.13% gc time)
[2023-01-14T10:43:28.309]Completed Shot 9, state 32
19160.693960 seconds (27.68 G allocations: 93.511 TiB, 16.13% gc time)
[2023-01-14T10:43:30.223]Completed Shot 9, state 4
19164.029749 seconds (27.69 G allocations: 93.526 TiB, 16.12% gc time)
[2023-01-14T10:43:33.562]Completed Shot 9, state 23
19172.704677 seconds (27.70 G allocations: 93.565 TiB, 16.12% gc time)
[2023-01-14T10:43:42.235]Completed Shot 9, state 12
19174.340023 seconds (27.70 G allocations: 93.572 TiB, 16.12% gc time)
[2023-01-14T10:43:43.872]Completed Shot 9, state 24
19180.069597 seconds (27.71 G allocations: 93.595 TiB, 16.12% gc time)
[2023-01-14T10:43:49.602]Completed Shot 9, state 30
19186.240751 seconds (27.72 G allocations: 93.623 TiB, 16.12% gc time)
[2023-01-14T10:43:55.775]Completed Shot 9, state 43
19189.726725 seconds (27.72 G allocations: 93.638 TiB, 16.12% gc time)
[2023-01-14T10:43:59.257]Completed Shot 9, state 11
19190.291280 seconds (27.72 G allocations: 93.640 TiB, 16.12% gc time)
[2023-01-14T10:43:59.825]Completed Shot 9, state 34
19191.312780 seconds (27.72 G allocations: 93.645 TiB, 16.12% gc time)
[2023-01-14T10:44:00.846]Completed Shot 9, state 31
19192.155595 seconds (27.72 G allocations: 93.648 TiB, 16.12% gc time)
[2023-01-14T10:44:01.684]Completed Shot 9, state 2
19200.462668 seconds (27.73 G allocations: 93.681 TiB, 16.11% gc time)
[2023-01-14T10:44:09.994]Completed Shot 9, state 22
19200.997755 seconds (27.73 G allocations: 93.683 TiB, 16.11% gc time)
[2023-01-14T10:44:10.529]Completed Shot 9, state 20
19201.669674 seconds (27.73 G allocations: 93.686 TiB, 16.11% gc time)
[2023-01-14T10:44:11.204]Completed Shot 9, state 42
19213.072046 seconds (27.75 G allocations: 93.728 TiB, 16.11% gc time)
[2023-01-14T10:44:22.606]Completed Shot 9, state 37
19213.433152 seconds (27.75 G allocations: 93.729 TiB, 16.11% gc time)
[2023-01-14T10:44:22.968]Completed Shot 9, state 47
19219.502041 seconds (27.75 G allocations: 93.750 TiB, 16.11% gc time)
[2023-01-14T10:44:29.031]Completed Shot 9, state 7
19220.416650 seconds (27.75 G allocations: 93.753 TiB, 16.11% gc time)
[2023-01-14T10:44:29.950]Completed Shot 9, state 35
19222.600478 seconds (27.76 G allocations: 93.760 TiB, 16.10% gc time)
[2023-01-14T10:44:32.133]Completed Shot 9, state 27
19226.469049 seconds (27.76 G allocations: 93.772 TiB, 16.10% gc time)
[2023-01-14T10:44:36.002]Completed Shot 9, state 28
19227.011092 seconds (27.76 G allocations: 93.774 TiB, 16.10% gc time)
[2023-01-14T10:44:36.541]Completed Shot 9, state 9
19228.288581 seconds (27.76 G allocations: 93.778 TiB, 16.10% gc time)
[2023-01-14T10:44:37.824]Completed Shot 9, state 50
19233.190171 seconds (27.76 G allocations: 93.791 TiB, 16.10% gc time)
[2023-01-14T10:44:42.723]Completed Shot 9, state 29
19240.027629 seconds (27.77 G allocations: 93.808 TiB, 16.10% gc time)
[2023-01-14T10:44:49.561]Completed Shot 9, state 36
19241.781672 seconds (27.77 G allocations: 93.812 TiB, 16.09% gc time)
[2023-01-14T10:44:51.317]Completed Shot 9, state 46
19252.832671 seconds (27.78 G allocations: 93.837 TiB, 16.09% gc time)
[2023-01-14T10:45:02.365]Completed Shot 9, state 26
19258.286604 seconds (27.78 G allocations: 93.849 TiB, 16.09% gc time)
[2023-01-14T10:45:07.816]Completed Shot 9, state 10
19266.022635 seconds (27.79 G allocations: 93.865 TiB, 16.08% gc time)
[2023-01-14T10:45:15.557]Completed Shot 9, state 40
19271.030740 seconds (27.79 G allocations: 93.874 TiB, 16.08% gc time)
[2023-01-14T10:45:20.561]Completed Shot 9, state 13
19277.563362 seconds (27.79 G allocations: 93.885 TiB, 16.07% gc time)
[2023-01-14T10:45:27.092]Completed Shot 9, state 3
19277.679599 seconds (27.79 G allocations: 93.885 TiB, 16.07% gc time)
[2023-01-14T10:45:27.211]Completed Shot 9, state 19
19278.215993 seconds (27.79 G allocations: 93.886 TiB, 16.07% gc time)
[2023-01-14T10:45:27.750]Completed Shot 9, state 38
19281.311784 seconds (27.79 G allocations: 93.889 TiB, 16.07% gc time)
[2023-01-14T10:45:30.846]Completed Shot 9, state 45
19282.971607 seconds (27.79 G allocations: 93.890 TiB, 16.07% gc time)
[2023-01-14T10:45:32.502]Completed Shot 9, state 15
19289.414958 seconds (27.80 G allocations: 93.895 TiB, 16.07% gc time)
[2023-01-14T10:45:38.943]Completed Shot 9, state 1
19300.311597 seconds (27.80 G allocations: 93.900 TiB, 16.06% gc time)
[2023-01-14T10:45:49.842]Completed Shot 9, state 17
19363.380017 seconds (27.80 G allocations: 93.905 TiB, 16.02% gc time)
[2023-01-14T10:46:52.914]Completed Shot 9, state 41
19207.839958 seconds (27.50 G allocations: 92.884 TiB, 15.99% gc time)
[2023-01-14T16:07:00.809]Completed Shot 10, state 23
19229.481260 seconds (27.53 G allocations: 92.989 TiB, 15.99% gc time)
[2023-01-14T16:07:22.402]Completed Shot 10, state 32
19243.526829 seconds (27.55 G allocations: 93.054 TiB, 15.99% gc time)
[2023-01-14T16:07:36.446]Completed Shot 10, state 20
19251.684395 seconds (27.56 G allocations: 93.094 TiB, 15.99% gc time)
[2023-01-14T16:07:44.600]Completed Shot 10, state 1
19258.466360 seconds (27.57 G allocations: 93.126 TiB, 15.99% gc time)
[2023-01-14T16:07:51.390]Completed Shot 10, state 49
19260.565718 seconds (27.57 G allocations: 93.136 TiB, 15.99% gc time)
[2023-01-14T16:07:53.489]Completed Shot 10, state 44
19265.955748 seconds (27.58 G allocations: 93.160 TiB, 15.99% gc time)
[2023-01-14T16:07:58.878]Completed Shot 10, state 37
19282.443829 seconds (27.60 G allocations: 93.238 TiB, 15.99% gc time)
[2023-01-14T16:08:15.367]Completed Shot 10, state 47
19291.055781 seconds (27.61 G allocations: 93.279 TiB, 15.99% gc time)
[2023-01-14T16:08:23.976]Completed Shot 10, state 24
19310.547395 seconds (27.64 G allocations: 93.371 TiB, 15.99% gc time)
[2023-01-14T16:08:43.466]Completed Shot 10, state 17
19320.355707 seconds (27.65 G allocations: 93.416 TiB, 15.99% gc time)
[2023-01-14T16:08:53.273]Completed Shot 10, state 5
19328.157552 seconds (27.67 G allocations: 93.452 TiB, 15.99% gc time)
[2023-01-14T16:09:01.074]Completed Shot 10, state 4
19340.151472 seconds (27.68 G allocations: 93.507 TiB, 15.99% gc time)
[2023-01-14T16:09:13.075]Completed Shot 10, state 45
19341.946380 seconds (27.68 G allocations: 93.515 TiB, 15.99% gc time)
[2023-01-14T16:09:14.868]Completed Shot 10, state 36
19354.259833 seconds (27.70 G allocations: 93.567 TiB, 15.99% gc time)
[2023-01-14T16:09:27.176]Completed Shot 10, state 2
19358.989388 seconds (27.71 G allocations: 93.588 TiB, 15.99% gc time)
[2023-01-14T16:09:31.908]Completed Shot 10, state 15
19363.669196 seconds (27.71 G allocations: 93.609 TiB, 15.99% gc time)
[2023-01-14T16:09:36.588]Completed Shot 10, state 16
19371.226781 seconds (27.72 G allocations: 93.642 TiB, 15.99% gc time)
[2023-01-14T16:09:44.148]Completed Shot 10, state 35
19371.393327 seconds (27.72 G allocations: 93.642 TiB, 15.99% gc time)
[2023-01-14T16:09:44.315]Completed Shot 10, state 39
19371.604489 seconds (27.72 G allocations: 93.643 TiB, 15.99% gc time)
[2023-01-14T16:09:44.521]Completed Shot 10, state 3
19375.305463 seconds (27.73 G allocations: 93.658 TiB, 15.98% gc time)
[2023-01-14T16:09:48.229]Completed Shot 10, state 50
19376.045371 seconds (27.73 G allocations: 93.661 TiB, 15.98% gc time)
[2023-01-14T16:09:48.964]Completed Shot 10, state 13
19376.671825 seconds (27.73 G allocations: 93.664 TiB, 15.98% gc time)
[2023-01-14T16:09:49.590]Completed Shot 10, state 11
19379.368710 seconds (27.73 G allocations: 93.673 TiB, 15.98% gc time)
[2023-01-14T16:09:52.289]Completed Shot 10, state 30
19382.642100 seconds (27.73 G allocations: 93.685 TiB, 15.98% gc time)
[2023-01-14T16:09:55.565]Completed Shot 10, state 42
19383.168806 seconds (27.73 G allocations: 93.687 TiB, 15.98% gc time)
[2023-01-14T16:09:56.091]Completed Shot 10, state 40
19392.637990 seconds (27.74 G allocations: 93.721 TiB, 15.98% gc time)
[2023-01-14T16:10:05.556]Completed Shot 10, state 10
19395.240025 seconds (27.75 G allocations: 93.730 TiB, 15.98% gc time)
[2023-01-14T16:10:08.160]Completed Shot 10, state 22
19396.597319 seconds (27.75 G allocations: 93.734 TiB, 15.98% gc time)
[2023-01-14T16:10:09.519]Completed Shot 10, state 33
19397.163453 seconds (27.75 G allocations: 93.736 TiB, 15.98% gc time)
[2023-01-14T16:10:10.084]Completed Shot 10, state 27
19403.963047 seconds (27.76 G allocations: 93.757 TiB, 15.98% gc time)
[2023-01-14T16:10:16.884]Completed Shot 10, state 26
19406.462925 seconds (27.76 G allocations: 93.765 TiB, 15.98% gc time)
[2023-01-14T16:10:19.385]Completed Shot 10, state 41
19411.489204 seconds (27.76 G allocations: 93.778 TiB, 15.98% gc time)
[2023-01-14T16:10:24.412]Completed Shot 10, state 43
19413.571104 seconds (27.76 G allocations: 93.784 TiB, 15.97% gc time)
[2023-01-14T16:10:26.492]Completed Shot 10, state 31
19414.504784 seconds (27.76 G allocations: 93.787 TiB, 15.97% gc time)
[2023-01-14T16:10:27.426]Completed Shot 10, state 34
19414.573006 seconds (27.76 G allocations: 93.787 TiB, 15.97% gc time)
[2023-01-14T16:10:27.494]Completed Shot 10, state 29
19422.247832 seconds (27.77 G allocations: 93.806 TiB, 15.97% gc time)
[2023-01-14T16:10:35.168]Completed Shot 10, state 25
19426.279730 seconds (27.77 G allocations: 93.816 TiB, 15.97% gc time)
[2023-01-14T16:10:39.197]Completed Shot 10, state 9
19428.432645 seconds (27.77 G allocations: 93.820 TiB, 15.97% gc time)
[2023-01-14T16:10:41.350]Completed Shot 10, state 7
19430.976844 seconds (27.78 G allocations: 93.826 TiB, 15.97% gc time)
[2023-01-14T16:10:43.894]Completed Shot 10, state 6
19434.173464 seconds (27.78 G allocations: 93.832 TiB, 15.97% gc time)
[2023-01-14T16:10:47.093]Completed Shot 10, state 21
19445.000057 seconds (27.78 G allocations: 93.850 TiB, 15.96% gc time)
[2023-01-14T16:10:57.923]Completed Shot 10, state 46
19453.059478 seconds (27.79 G allocations: 93.863 TiB, 15.96% gc time)
[2023-01-14T16:11:05.979]Completed Shot 10, state 18
19465.509038 seconds (27.79 G allocations: 93.880 TiB, 15.95% gc time)
[2023-01-14T16:11:18.431]Completed Shot 10, state 38
19470.586790 seconds (27.79 G allocations: 93.886 TiB, 15.95% gc time)
[2023-01-14T16:11:23.505]Completed Shot 10, state 14
19471.808562 seconds (27.79 G allocations: 93.887 TiB, 15.95% gc time)
[2023-01-14T16:11:24.728]Completed Shot 10, state 19
19473.551290 seconds (27.79 G allocations: 93.889 TiB, 15.95% gc time)
[2023-01-14T16:11:26.469]Completed Shot 10, state 8
19500.749787 seconds (27.80 G allocations: 93.904 TiB, 15.93% gc time)
[2023-01-14T16:11:53.670]Completed Shot 10, state 28
19501.622434 seconds (27.80 G allocations: 93.904 TiB, 15.93% gc time)
[2023-01-14T16:11:54.540]Completed Shot 10, state 12
19524.780321 seconds (27.80 G allocations: 93.906 TiB, 15.91% gc time)
[2023-01-14T16:12:17.704]Completed Shot 10, state 48
[2023-01-14T16:12:17.731]**********Simulation completed!**********
[2023-01-14T16:12:17.731]**********Saving**********
[2023-01-14T16:12:25.397]Saving file: /lustre/work/ws/ws1/hd_ku269-logs/LightCones/2023-01-12/8095130_N11_BS.jld2
[2023-01-14T16:12:28.786]**********Run completed!**********
