  Activating project at `/lustre/work/ws/ws1/hd_ku269-light_cones/LightCones`
Added MKL.jl
     Project LightCones v0.1.0
      Status `/lustre/work/ws/ws1/hd_ku269-light_cones/LightCones/Project.toml`
  [7d9fca2a] Arpack v0.5.3
  [7073ff75] IJulia v1.23.3
  [033835bb] JLD2 v0.4.22
  [0b1a1467] KrylovKit v0.5.4
  [d3d80556] LineSearches v7.1.1
  [33e6dc65] MKL v0.5.0
  [429524aa] Optim v1.7.0
  [91a5bcdd] Plots v1.31.1
  [c3e4b0f8] Pluto v0.19.9
  [3c0b384b] QuantumInformation v0.4.9
  [189a3867] Reexport v1.2.2
  [295af30f] Revise v3.3.3
  [ebcc8a00] SpinSymmetry v0.3.3
  [59d54670] ThreadedSparseArrays v0.2.2
  [ade2ca70] Dates
  [8ba89e20] Distributed
  [37e2e46d] LinearAlgebra
  [de0858da] Printf
  [9a3f8284] Random
  [1a1011a3] SharedArrays
  [2f01184e] SparseArrays
  [10745b16] Statistics
[2022-07-07T19:33:17.230]**********RANDOM FIELDS**********
shared_krylov.jl
Working Directory:          /lustre/work/ws/ws1/hd_ku269-light_cones/LightCones
SLURM Directory:            /lustre/work/ws/ws1/hd_ku269-light_cones/LightCones 
Running on host:            n1410
Job id:                     6223942
Job name:                   otoc_simulation_N19_RPS
Number of nodes allocated:  
Number of cores allocated:  1
#threads of Julia:          96
#threads of BLAS:           1
ARGS = ["19", "1", "10", "RPS", "z", "0"]
LOCATION = "/lustre/work/ws/ws1/hd_ku269-logs/LightCones/2022-07-07"
N = 19
SHOTS = 1
MULT_RANDOM_STATES = true
N_RANDOM_STATES = 10
TYPE_OF_RS = "RPS"
OBSERVABLE = "z"
DISORDER_PARAM = 0.0
[2022-07-07T19:33:17.433]**********Running simulation**********
[2022-07-07T19:33:17.559]trange = 0.0:0.1:5.0
test
80350.659946 seconds (235.30 M allocations: 78.484 TiB, 3.57% gc time, 0.02% compilation time)
[2022-07-08T17:53:03.552]Completed Shot 1, state 7
80371.309664 seconds (235.34 M allocations: 78.499 TiB, 3.57% gc time, 0.02% compilation time)
[2022-07-08T17:53:24.124]Completed Shot 1, state 9
80391.781607 seconds (235.37 M allocations: 78.510 TiB, 3.57% gc time, 0.02% compilation time)
[2022-07-08T17:53:44.595]Completed Shot 1, state 2
80406.043213 seconds (235.35 M allocations: 78.516 TiB, 3.57% gc time, 0.02% compilation time)
[2022-07-08T17:53:58.891]Completed Shot 1, state 6
80406.783231 seconds (235.35 M allocations: 78.517 TiB, 3.57% gc time, 0.02% compilation time)
[2022-07-08T17:53:59.632]Completed Shot 1, state 10
80417.862316 seconds (235.41 M allocations: 78.520 TiB, 3.57% gc time, 0.02% compilation time)
[2022-07-08T17:54:10.676]Completed Shot 1, state 3
80440.377795 seconds (235.42 M allocations: 78.526 TiB, 3.57% gc time, 0.02% compilation time)
[2022-07-08T17:54:33.201]Completed Shot 1, state 1
80447.337056 seconds (235.43 M allocations: 78.527 TiB, 3.57% gc time, 0.02% compilation time)
[2022-07-08T17:54:40.151]Completed Shot 1, state 5
80471.922944 seconds (235.43 M allocations: 78.530 TiB, 3.57% gc time, 0.02% compilation time)
[2022-07-08T17:55:04.746]Completed Shot 1, state 8
80479.971077 seconds (235.39 M allocations: 78.530 TiB, 3.57% gc time, 0.02% compilation time)
[2022-07-08T17:55:12.820]Completed Shot 1, state 4
[2022-07-08T17:55:12.854]**********Simulation completed!**********
[2022-07-08T17:55:12.855]**********Saving**********
[2022-07-08T17:55:13.655]Saving file: /lustre/work/ws/ws1/hd_ku269-logs/LightCones/2022-07-07/6223942_N19_RPS.jld2
[2022-07-08T17:55:17.096]**********Run completed!**********
