  Activating project at `/lustre/work/ws/ws1/hd_ku269-light_cones/LightCones`
Added MKL.jl
     Project LightCones v0.1.0
      Status `/lustre/work/ws/ws1/hd_ku269-light_cones/LightCones/Project.toml`
  [7d9fca2a] Arpack v0.5.3
  [7073ff75] IJulia v1.23.3
  [033835bb] JLD2 v0.4.22
  [0b1a1467] KrylovKit v0.5.4
  [d3d80556] LineSearches v7.1.1
  [33e6dc65] MKL v0.5.0
  [429524aa] Optim v1.7.0
  [91a5bcdd] Plots v1.31.1
  [c3e4b0f8] Pluto v0.19.9
  [3c0b384b] QuantumInformation v0.4.9
  [189a3867] Reexport v1.2.2
  [295af30f] Revise v3.3.3
  [ebcc8a00] SpinSymmetry v0.3.3
  [59d54670] ThreadedSparseArrays v0.2.2
  [ade2ca70] Dates
  [8ba89e20] Distributed
  [37e2e46d] LinearAlgebra
  [de0858da] Printf
  [9a3f8284] Random
  [1a1011a3] SharedArrays
  [2f01184e] SparseArrays
  [10745b16] Statistics
[2022-07-07T19:24:37.524]**********RANDOM FIELDS**********
shared_krylov.jl
Working Directory:          /lustre/work/ws/ws1/hd_ku269-light_cones/LightCones
SLURM Directory:            /lustre/work/ws/ws1/hd_ku269-light_cones/LightCones 
Running on host:            n0512
Job id:                     6223937
Job name:                   otoc_simulation_N19_RPS
Number of nodes allocated:  
Number of cores allocated:  1
#threads of Julia:          96
#threads of BLAS:           1
ARGS = ["19", "1", "10", "RPS", "z", "0"]
LOCATION = "/lustre/work/ws/ws1/hd_ku269-logs/LightCones/2022-07-07"
N = 19
SHOTS = 1
MULT_RANDOM_STATES = true
N_RANDOM_STATES = 10
TYPE_OF_RS = "RPS"
OBSERVABLE = "z"
DISORDER_PARAM = 0.0
[2022-07-07T19:24:37.731]**********Running simulation**********
[2022-07-07T19:24:37.863]trange = 0.0:0.1:5.0
test
81605.285934 seconds (235.00 M allocations: 78.377 TiB, 3.50% gc time, 0.02% compilation time)
[2022-07-08T18:05:19.466]Completed Shot 1, state 8
81757.146708 seconds (235.33 M allocations: 78.493 TiB, 3.50% gc time, 0.02% compilation time)
[2022-07-08T18:07:51.180]Completed Shot 1, state 5
81780.199141 seconds (235.37 M allocations: 78.508 TiB, 3.50% gc time, 0.02% compilation time)
[2022-07-08T18:08:14.233]Completed Shot 1, state 6
81784.651787 seconds (235.38 M allocations: 78.510 TiB, 3.50% gc time, 0.02% compilation time)
[2022-07-08T18:08:18.685]Completed Shot 1, state 2
81819.247292 seconds (235.38 M allocations: 78.525 TiB, 3.50% gc time, 0.02% compilation time)
[2022-07-08T18:08:53.314]Completed Shot 1, state 1
81826.769173 seconds (235.42 M allocations: 78.527 TiB, 3.50% gc time, 0.02% compilation time)
[2022-07-08T18:09:00.812]Completed Shot 1, state 9
81837.821805 seconds (235.43 M allocations: 78.529 TiB, 3.50% gc time, 0.02% compilation time)
[2022-07-08T18:09:11.842]Completed Shot 1, state 3
81842.686038 seconds (235.43 M allocations: 78.529 TiB, 3.50% gc time, 0.02% compilation time)
[2022-07-08T18:09:16.720]Completed Shot 1, state 7
81852.023752 seconds (235.44 M allocations: 78.530 TiB, 3.50% gc time, 0.02% compilation time)
[2022-07-08T18:09:26.057]Completed Shot 1, state 10
81858.506052 seconds (235.44 M allocations: 78.530 TiB, 3.50% gc time, 0.02% compilation time)
[2022-07-08T18:09:32.549]Completed Shot 1, state 4
[2022-07-08T18:09:32.553]**********Simulation completed!**********
[2022-07-08T18:09:32.553]**********Saving**********
[2022-07-08T18:09:33.168]Saving file: /lustre/work/ws/ws1/hd_ku269-logs/LightCones/2022-07-07/6223937_N19_RPS.jld2
[2022-07-08T18:09:36.743]**********Run completed!**********
