  Activating project at `/gpfs/bwfor/work/ws/hd_ku269-light_cones/WorkingFolder`
Added MKL.jl
Project LightCones v0.1.0
Status `/gpfs/bwfor/work/ws/hd_ku269-light_cones/WorkingFolder/Project.toml`
  [7d9fca2a] Arpack v0.5.3
  [7073ff75] IJulia v1.23.3
  [033835bb] JLD2 v0.4.25
  [0b1a1467] KrylovKit v0.6.0
  [d3d80556] LineSearches v7.2.0
  [33e6dc65] MKL v0.6.0
  [429524aa] Optim v1.7.3
  [91a5bcdd] Plots v1.35.5
  [c3e4b0f8] Pluto v0.19.14
  [3c0b384b] QuantumInformation v0.4.9
  [189a3867] Reexport v1.2.2
  [295af30f] Revise v3.4.0
  [ebcc8a00] SpinSymmetry v0.3.3
  [59d54670] ThreadedSparseArrays v0.2.2
  [ade2ca70] Dates
  [8ba89e20] Distributed
  [37e2e46d] LinearAlgebra
  [de0858da] Printf
  [9a3f8284] Random
  [1a1011a3] SharedArrays
  [2f01184e] SparseArrays
  [10745b16] Statistics
[2022-12-23T02:38:15.569]**********RANDOM FIELDS**********
shared_krylov_sector_pbc.jl
Working Directory:          /gpfs/bwfor/work/ws/hd_ku269-light_cones/WorkingFolder
SLURM Directory:            /gpfs/bwfor/work/ws/hd_ku269-light_cones/WorkingFolder 
Running on host:            m01n11
Job id:                     454617
Job name:                   otoc_simulation_N13_ED_sector
Number of nodes allocated:  
Number of cores allocated:  1
#threads of Julia:          96
#threads of BLAS:           48
ARGS = ["13", "25", "z", "24"]
LOCATION = "/gpfs/bwfor/work/ws/hd_ku269-logs/LightCones/2022-12-23"
N = 13
SHOTS = 25
OBSERVABLE = "z"
DISORDER_PARAM = 24.0
[2022-12-23T02:38:15.733]**********Running simulation**********
[2022-12-23T02:38:15.798]trange = [0.001, 0.0012328467394420659, 0.0015199110829529332, 0.001873817422860383, 0.002310129700083158, 0.002848035868435802, 0.003511191734215131, 0.004328761281083057, 0.005336699231206307, 0.006579332246575682, 0.008111308307896864, 0.010000000000000002, 0.012328467394420665, 0.01519911082952933, 0.01873817422860384, 0.023101297000831605, 0.02848035868435802, 0.03511191734215131, 0.043287612810830614, 0.05336699231206307, 0.0657933224657568, 0.08111308307896876, 0.09999999999999995, 0.12328467394420659, 0.15199110829529347, 0.1873817422860385, 0.23101297000831617, 0.2848035868435802, 0.3511191734215131, 0.43287612810830595, 0.5336699231206312, 0.6579332246575682, 0.8111308307896873, 1.0, 1.232846739442066, 1.5199110829529339, 1.873817422860383, 2.31012970008316, 2.8480358684358005, 3.5111917342151275, 4.328761281083057, 5.3366992312063095, 6.5793322465756825, 8.11130830789688, 9.999999999999995, 12.32846739442066, 15.199110829529348, 18.73817422860384, 23.101297000831604, 28.480358684358034, 35.11191734215131, 43.28761281083057, 53.366992312063154, 65.79332246575676, 81.11308307896864, 100.0, 123.28467394420646, 151.99110829529363, 187.3817422860383, 231.01297000831556, 284.8035868435805, 351.11917342151276, 432.87612810830615, 533.6699231206312, 657.9332246575682, 811.1308307896873, 1000.0, 1232.8467394420659, 1519.9110829529332, 1873.817422860383, 2310.1297000831582, 2848.035868435799, 3511.1917342151273, 4328.761281083052, 5336.6992312063185, 6579.332246575669, 8111.308307896856, 10000.0, 12328.467394420633, 15199.11082952933, 18738.17422860383, 23101.297000831626, 28480.35868435805, 35111.917342151275, 43287.612810830615, 53366.99231206302, 65793.32246575695, 81113.08307896873, 100000.0, 123284.67394420685, 151991.10829529332, 187381.74228603867, 231012.97000831628, 284803.5868435805, 351119.17342151346, 432876.12810830615, 533669.9231206313, 657933.2246575683, 811130.8307896872, 1.0e6]
[2022-12-23T02:38:16.417]k=10, d=286
[2022-12-23T02:38:17.472]A=σz
[2022-12-23T02:38:18.006]SparseMatrixCSC{Float64, Int64}
[2022-12-23T02:38:18.308]PBC alpha=6
[2022-12-23T02:38:20.267]Created Hamiltonian for Shot 25
[2022-12-23T02:38:20.268]Created Hamiltonian for Shot 1
[2022-12-23T02:38:20.271]Created Hamiltonian for Shot 12
[2022-12-23T02:38:20.271]Created Hamiltonian for Shot 11
[2022-12-23T02:38:20.272]Created Hamiltonian for Shot 2
[2022-12-23T02:38:20.272]Created Hamiltonian for Shot 20
[2022-12-23T02:38:20.272]Created Hamiltonian for Shot 17
[2022-12-23T02:38:20.272]Created Hamiltonian for Shot 16
[2022-12-23T02:38:20.273]Created Hamiltonian for Shot 18
[2022-12-23T02:38:20.273]Created Hamiltonian for Shot 19
[2022-12-23T02:38:20.273]Created Hamiltonian for Shot 15
[2022-12-23T02:38:20.274]Created Hamiltonian for Shot 10
[2022-12-23T02:38:20.276]Created Hamiltonian for Shot 7
[2022-12-23T02:38:20.276]Created Hamiltonian for Shot 22
[2022-12-23T02:38:20.276]Created Hamiltonian for Shot 23
[[2022-12-23T02:38:20.277]Created Hamiltonian for Shot 3
2022-12-23T02:38:20.277]Created Hamiltonian for Shot 6
[2022-12-23T02:38:20.277]Created Hamiltonian for Shot 21
[2022-12-23T02:38:20.277]Created Hamiltonian for Shot 5
[2022-12-23T02:38:20.277]Created Hamiltonian for Shot 8
[2022-12-23T02:38:20.277]Created Hamiltonian for Shot 9
[2022-12-23T02:38:20.278]Created Hamiltonian for Shot 14
[2022-12-23T02:38:20.278]Created Hamiltonian for Shot 13
[2022-12-23T02:38:20.279]Created Hamiltonian for Shot 24
[2022-12-23T02:38:20.279]Created Hamiltonian for Shot 4
[2022-12-23T02:38:25.698]Diagonalized H.
[2022-12-23T02:38:26.292]Diagonalized H.
[2022-12-23T02:38:26.366]Diagonalized H.
[2022-12-23T02:38:26.918]Diagonalized H.
[2022-12-23T02:38:27.049]Diagonalized H.
[2022-12-23T02:38:27.273]Diagonalized H.
[2022-12-23T02:38:27.284]Diagonalized H.
[2022-12-23T02:38:27.293]Diagonalized H.
[2022-12-23T02:38:27.358]Diagonalized H.
[[2022-12-23T02:38:29.584]Diagonalized H.
2022-12-23T02:38:29.585]Diagonalized H.
[2022-12-23T02:38:29.585]Diagonalized H.
[2022-12-23T02:38:29.586]Diagonalized H.
[2022-12-23T02:38:29.586]Diagonalized H.
[2022-12-23T02:38:29.586]Diagonalized H.
[2022-12-23T02:38:29.586]Diagonalized H.
[2022-12-23T02:38:29.586]Diagonalized H.
[2022-12-23T02:38:29.587]Diagonalized H.
[2022-12-23T02:38:29.587]Diagonalized H.
[2022-12-23T02:38:29.599]Diagonalized H.
[2022-12-23T02:38:29.602]Diagonalized H.
[2022-12-23T02:38:29.604]Diagonalized H.
[2022-12-23T02:38:29.604]Diagonalized H.
[2022-12-23T02:38:29.605]Diagonalized H.
[2022-12-23T02:38:32.227]Diagonalized H.
[2022-12-23T02:39:56.178]Completed Shot 14
[2022-12-23T02:40:00.856]Completed Shot 21
[2022-12-23T02:40:04.770]Completed Shot 19
[2022-12-23T02:40:08.404]Completed Shot 8
[2022-12-23T02:40:09.345]Completed Shot 4
[2022-12-23T02:40:09.417]Completed Shot 22
[2022-12-23T02:40:09.979]Completed Shot 18
[2022-12-23T02:40:10.288]Completed Shot 23
[2022-12-23T02:40:11.899]Completed Shot 16
[2022-12-23T02:40:13.588]Completed Shot 20
[2022-12-23T02:40:13.767]Completed Shot 6
[2022-12-23T02:40:17.084]Completed Shot 7
[2022-12-23T02:40:21.547]Completed Shot 9
[2022-12-23T02:40:24.187]Completed Shot 17
[2022-12-23T02:40:24.220]Completed Shot 11
[2022-12-23T02:40:25.355]Completed Shot 5
[2022-12-23T02:40:26.915]Completed Shot 2
[2022-12-23T02:40:30.443]Completed Shot 10
[2022-12-23T02:40:30.575]Completed Shot 15
[2022-12-23T02:40:30.699]Completed Shot 13
[2022-12-23T02:40:30.765]Completed Shot 25
[2022-12-23T02:40:30.810]Completed Shot 24
[2022-12-23T02:40:30.820]Completed Shot 1
[2022-12-23T02:40:30.838]Completed Shot 3
[2022-12-23T02:40:30.841]Completed Shot 12
[2022-12-23T02:40:30.841]**********Simulation completed!**********
[2022-12-23T02:40:30.841]**********Saving**********
[2022-12-23T02:40:35.023]Saving file: /gpfs/bwfor/work/ws/hd_ku269-logs/LightCones/2022-12-23/454617_N13_ED.jld2
[2022-12-23T02:40:36.469]**********Run completed!**********
============================= JOB FEEDBACK =============================
Job ID: 454617
Cluster: helix
User/Group: hd_ku269/hd_hd
State: COMPLETED (exit code 0)
Nodes: 1
Cores per node: 48
CPU Utilized: 01:42:47
CPU Efficiency: 79.80% of 02:08:48 core-walltime
Job Wall-clock time: 00:02:41
Memory Utilized: 8.90 GB
Memory Efficiency: 3.77% of 236.00 GB
