  Activating project at `/lustre/work/ws/ws1/hd_ku269-light_cones/WorkingFolder`
Added MKL.jl
Project LightCones v0.1.0
Status `/lustre/work/ws/ws1/hd_ku269-light_cones/WorkingFolder/Project.toml`
  [7d9fca2a] Arpack v0.5.3
  [7073ff75] IJulia v1.23.3
  [033835bb] JLD2 v0.4.25
  [0b1a1467] KrylovKit v0.5.4
  [d3d80556] LineSearches v7.2.0
  [33e6dc65] MKL v0.6.0
  [429524aa] Optim v1.7.3
  [91a5bcdd] Plots v1.35.4
  [c3e4b0f8] Pluto v0.19.14
  [3c0b384b] QuantumInformation v0.4.9
  [189a3867] Reexport v1.2.2
  [295af30f] Revise v3.4.0
  [ebcc8a00] SpinSymmetry v0.3.3
  [59d54670] ThreadedSparseArrays v0.2.2
  [ade2ca70] Dates
  [8ba89e20] Distributed
  [37e2e46d] LinearAlgebra
  [de0858da] Printf
  [9a3f8284] Random
  [1a1011a3] SharedArrays
  [2f01184e] SparseArrays
  [10745b16] Statistics
[2022-10-27T21:22:14.134]**********RANDOM FIELDS**********
shared_krylov_pbc.jl
Working Directory:          /lustre/work/ws/ws1/hd_ku269-light_cones/WorkingFolder
SLURM Directory:            /lustre/work/ws/ws1/hd_ku269-light_cones/WorkingFolder 
Running on host:            n1711
Job id:                     7433362
Job name:                   otoc_simulation_N13_ED_pbc
Number of nodes allocated:  
Number of cores allocated:  1
#threads of Julia:          96
#threads of BLAS:           1
ARGS = ["13", "50", "x", "6"]
LOCATION = "/lustre/work/ws/ws1/hd_ku269-logs/LightCones/2022-10-27"
N = 13
SHOTS = 50
OBSERVABLE = "x"
DISORDER_PARAM = 6.0
[2022-10-27T21:22:14.336]**********Running simulation**********
[2022-10-27T21:22:14.411]trange = [0.001, 0.0012328467394420659, 0.0015199110829529332, 0.001873817422860383, 0.002310129700083158, 0.002848035868435802, 0.003511191734215131, 0.004328761281083057, 0.005336699231206307, 0.006579332246575682, 0.008111308307896864, 0.010000000000000002, 0.012328467394420665, 0.01519911082952933, 0.01873817422860384, 0.023101297000831605, 0.02848035868435802, 0.03511191734215131, 0.043287612810830614, 0.05336699231206307, 0.0657933224657568, 0.08111308307896876, 0.09999999999999995, 0.12328467394420659, 0.15199110829529347, 0.1873817422860385, 0.23101297000831617, 0.2848035868435802, 0.3511191734215131, 0.43287612810830595, 0.5336699231206312, 0.6579332246575682, 0.8111308307896873, 1.0, 1.232846739442066, 1.5199110829529339, 1.873817422860383, 2.31012970008316, 2.8480358684358005, 3.5111917342151275, 4.328761281083057, 5.3366992312063095, 6.5793322465756825, 8.11130830789688, 9.999999999999995, 12.32846739442066, 15.199110829529348, 18.73817422860384, 23.101297000831604, 28.480358684358034, 35.11191734215131, 43.28761281083057, 53.366992312063154, 65.79332246575676, 81.11308307896864, 100.0, 123.28467394420646, 151.99110829529363, 187.3817422860383, 231.01297000831556, 284.8035868435805, 351.11917342151276, 432.87612810830615, 533.6699231206312, 657.9332246575682, 811.1308307896873, 1000.0, 1232.8467394420659, 1519.9110829529332, 1873.817422860383, 2310.1297000831582, 2848.035868435799, 3511.1917342151273, 4328.761281083052, 5336.6992312063185, 6579.332246575669, 8111.308307896856, 10000.0, 12328.467394420633, 15199.11082952933, 18738.17422860383, 23101.297000831626, 28480.35868435805, 35111.917342151275, 43287.612810830615, 53366.99231206302, 65793.32246575695, 81113.08307896873, 100000.0, 123284.67394420685, 151991.10829529332, 187381.74228603867, 231012.97000831628, 284803.5868435805, 351119.17342151346, 432876.12810830615, 533669.9231206313, 657933.2246575683, 811130.8307896872, 1.0e6]
[2022-10-27T21:22:14.832]A=σx
[2022-10-27T21:22:17.254]Created Hamiltonian for Shot 50
[2022-10-27T21:22:17.255]Created Hamiltonian for Shot 30
[2022-10-27T21:22:17.255]Created Hamiltonian for Shot 40
[2022-10-27T21:22:17.256]Created Hamiltonian for Shot 16
[2022-10-27T21:22:17.256]Created Hamiltonian for Shot 45
[2022-10-27T21:22:17.256]Created Hamiltonian for Shot 38
[2022-10-27T21:22:17.257]Created Hamiltonian for Shot 21
[[2022-10-27T21:22:17.258]Created Hamiltonian for Shot 48
2022-10-27T21:22:17.258]Created Hamiltonian for Shot 44
[2022-10-27T21:22:17.259]Created Hamiltonian for Shot 3
[2022-10-27T21:22:17.259]Created Hamiltonian for Shot 5
[2022-10-27T21:22:17.259]Created Hamiltonian for Shot 29
[2022-10-27T21:22:17.259]Created Hamiltonian for Shot 47
[2022-10-27T21:22:17.259]Created Hamiltonian for Shot 43
[2022-10-27T21:22:17.259]Created Hamiltonian for Shot 19
[2022-10-27T21:22:17.259]Created Hamiltonian for Shot 15
[2022-10-27T21:22:17.263]Created Hamiltonian for Shot 25
[2022-10-27T21:22:17.263]Created Hamiltonian for Shot 34
[2022-10-27T21:22:17.265]Created Hamiltonian for Shot 37
[2022-10-27T21:22:17.265]Created Hamiltonian for Shot 49
[2022-10-27T21:22:17.266]Created Hamiltonian for Shot 31
[2022-10-27T21:22:17.266]Created Hamiltonian for Shot 36
[[2022-10-27T21:22:17.266]Created Hamiltonian for Shot 33
2022-10-27T21:22:17.266]Created Hamiltonian for Shot 32
[2022-10-27T21:22:17.267]Created Hamiltonian for Shot 35
[2022-10-27T21:22:17.267]Created Hamiltonian for Shot 28
[2022-10-27T21:22:17.268]Created Hamiltonian for Shot 9
[2022-10-27T21:22:17.268]Created Hamiltonian for Shot 27
[2022-10-27T21:22:17.268]Created Hamiltonian for Shot 41
[2022-10-27T21:22:17.269]Created Hamiltonian for Shot 12
[2022-10-27T21:22:17.269]Created Hamiltonian for Shot 13
[2022-10-27T21:22:17.269]Created Hamiltonian for Shot 22
[2022-10-27T21:22:17.269]Created Hamiltonian for Shot 39
[2022-10-27T21:22:17.269]Created Hamiltonian for Shot 4
[2022-10-27T21:22:17.269]Created Hamiltonian for Shot 8
[2022-10-27T21:22:17.269]Created Hamiltonian for Shot 14
[2022-10-27T21:22:17.269]Created Hamiltonian for Shot 26
[2022-10-27T21:22:17.269]Created Hamiltonian for Shot 1
[2022-10-27T21:22:17.269]Created Hamiltonian for Shot 42
[2022-10-27T21:22:17.269]Created Hamiltonian for Shot 23
[2022-10-27T21:22:17.270]Created Hamiltonian for Shot 46
[2022-10-27T21:22:17.270]Created Hamiltonian for Shot 18
[2022-10-27T21:22:17.270]Created Hamiltonian for Shot 11
[2022-10-27T21:22:17.270]Created Hamiltonian for Shot 17
[2022-10-27T21:22:17.270]Created Hamiltonian for Shot 10
[2022-10-27T21:22:17.270]Created Hamiltonian for Shot 20
[2022-10-27T21:22:17.270]Created Hamiltonian for Shot 24
[2022-10-27T21:22:17.270]Created Hamiltonian for Shot 6
[2022-10-27T21:22:17.270]Created Hamiltonian for Shot 2
[2022-10-27T21:22:17.270]Created Hamiltonian for Shot 7
[[[[[[[[2022-10-27T21:43:06.232]Diagonalized H.
2022-10-27T21:43:06.243]Diagonalized H.
2022-10-27T21:43:06.577]Diagonalized H.
2022-10-27T21:43:06.585]Diagonalized H.
2022-10-27T21:43:06.581]Diagonalized H.
2022-10-27T21:43:06.230]Diagonalized H.
[2022-10-27T21:43:06.575]Diagonalized H.
2022-10-27T21:43:06.231]Diagonalized H.
[2022-10-27T21:43:06.232]Diagonalized H.
2022-10-27T21:43:06.623]Diagonalized H.
[[2022-10-27T21:43:06.8442022-10-27T21:43:06.839]Diagonalized H.
]Diagonalized H.
[[[[[2022-10-27T21:43:07.336]Diagonalized H.
2022-10-27T21:43:07.338]Diagonalized H.
2022-10-27T21:43:07.3452022-10-27T21:43:07.361]]2022-10-27T21:43:07.350]Diagonalized H.
Diagonalized H.
Diagonalized H.
[[[[[[[[[[2022-10-27T21:43:09.393]Diagonalized H.
2022-10-27T21:43:09.443]Diagonalized H.
2022-10-27T21:43:09.555]Diagonalized H.
2022-10-27T21:43:09.401]Diagonalized H.
2022-10-27T21:43:09.402]Diagonalized H.
2022-10-27T21:43:09.444]Diagonalized H.
2022-10-27T21:43:09.401[2022-10-27T21:43:09.402]Diagonalized H.
2022-10-27T21:43:09.404]Diagonalized H.
2022-10-27T21:43:09.444]Diagonalized H.
]Diagonalized H.
2022-10-27T21:43:09.389]Diagonalized H.
[[[[[[[[[[[[[[[[[[2022-10-27T21:43:12.004]Diagonalized H.
2022-10-27T21:43:11.994]Diagonalized H.
[2022-10-27T21:43:11.949]Diagonalized H.
2022-10-27T21:43:12.018]Diagonalized H.
[2022-10-27T21:43:11.999]Diagonalized H.
[2022-10-27T21:43:12.229]Diagonalized H.
2022-10-27T21:43:12.022]Diagonalized H.
2022-10-27T21:43:12.030]Diagonalized H.
2022-10-27T21:43:11.951]Diagonalized H.
2022-10-27T21:43:12.018]Diagonalized H.
2022-10-27T21:43:11.931]2022-10-27T21:43:12.212Diagonalized H.
]Diagonalized H.
[2022-10-27T21:43:12.014]Diagonalized H.
2022-10-27T21:43:12.0122022-10-27T21:43:12.059]Diagonalized H.
]Diagonalized H.
2022-10-27T21:43:11.987]Diagonalized H.
2022-10-27T21:43:11.939]2022-10-27T21:43:11.999]Diagonalized H.
Diagonalized H.
2022-10-27T21:43:11.947]Diagonalized H.
2022-10-27T21:43:11.951]Diagonalized H.
2022-10-27T21:43:11.948]Diagonalized H.
2022-10-27T21:43:12.014]Diagonalized H.
[2022-10-28T01:12:34.619]Completed Shot 15
[2022-10-28T01:50:37.201]Completed Shot 10
[2022-10-28T02:14:24.588]Completed Shot 1
[2022-10-28T07:20:11.254]Completed Shot 3
[2022-10-28T07:20:11.299]Completed Shot 5
[2022-10-28T07:20:11.299]Completed Shot 27
[2022-10-28T07:42:07.611]Completed Shot 18
[2022-10-28T08:13:46.056]Completed Shot 20
[2022-10-28T08:15:33.538]Completed Shot 22
[2022-10-28T08:17:08.514]Completed Shot 19
[2022-10-28T08:34:35.260]Completed Shot 50
[2022-10-28T08:34:35.270]Completed Shot 24
[2022-10-28T08:41:14.826]Completed Shot 23
[2022-10-28T08:42:57.679]Completed Shot 2
[2022-10-28T08:42:57.682]Completed Shot 7
[2022-10-28T08:52:21.484]Completed Shot 14
[2022-10-28T08:52:21.819]Completed Shot 6
[2022-10-28T08:57:41.543]Completed Shot 13
[2022-10-28T08:57:41.544]Completed Shot 21
[2022-10-28T08:57:41.544]Completed Shot 30
[2022-10-28T08:58:25.188]Completed Shot 8
[2022-10-28T09:01:56.407]Completed Shot 12
[2022-10-28T09:02:39.860]Completed Shot 17
[2022-10-28T09:05:55.048]Completed Shot 9
[2022-10-28T09:06:36.153]Completed Shot 11
[2022-10-28T09:06:42.984]Completed Shot 28
[2022-10-28T09:07:09.027]Completed Shot 37
[2022-10-28T09:08:54.026]Completed Shot 29
[2022-10-28T09:09:51.039]Completed Shot 32
[2022-10-28T09:10:14.926]Completed Shot 33
[2022-10-28T09:22:35.426]Completed Shot 35
[2022-10-28T09:23:26.320]Completed Shot 16
[2022-10-28T09:26:34.297]Completed Shot 26
[2022-10-28T09:26:56.781]Completed Shot 34
[2022-10-28T09:27:24.395]Completed Shot 31
[2022-10-28T09:27:31.440]Completed Shot 44
[2022-10-28T09:27:54.533]Completed Shot 38
[2022-10-28T09:28:11.499]Completed Shot 36
[2022-10-28T09:29:17.122]Completed Shot 41
[2022-10-28T09:29:19.726]Completed Shot 48
[2022-10-28T09:29:25.634]Completed Shot 43
[2022-10-28T09:29:28.461]Completed Shot 49
[2022-10-28T09:29:32.790]Completed Shot 45
[2022-10-28T09:29:39.033]Completed Shot 40
[2022-10-28T09:29:39.583]Completed Shot 25
[2022-10-28T09:29:52.184]Completed Shot 4
[2022-10-28T09:30:00.588]Completed Shot 39
[2022-10-28T09:30:09.796]Completed Shot 42
[2022-10-28T09:30:17.115]Completed Shot 46
[2022-10-28T09:30:17.612]Completed Shot 47
[2022-10-28T09:30:17.621]**********Simulation completed!**********
[2022-10-28T09:30:17.622]**********Saving**********
[2022-10-28T09:30:22.963]Saving file: /lustre/work/ws/ws1/hd_ku269-logs/LightCones/2022-10-27/7433362_N13_ED.jld2
[2022-10-28T09:30:25.891]**********Run completed!**********
