  Activating project at `/lustre/work/ws/ws1/hd_ku269-light_cones/WorkingFolder`
Added MKL.jl
Project LightCones v0.1.0
Status `/lustre/work/ws/ws1/hd_ku269-light_cones/WorkingFolder/Project.toml`
  [7d9fca2a] Arpack v0.5.3
  [7073ff75] IJulia v1.23.3
  [033835bb] JLD2 v0.4.25
  [0b1a1467] KrylovKit v0.5.4
  [d3d80556] LineSearches v7.2.0
  [33e6dc65] MKL v0.6.0
  [429524aa] Optim v1.7.3
  [91a5bcdd] Plots v1.35.4
  [c3e4b0f8] Pluto v0.19.14
  [3c0b384b] QuantumInformation v0.4.9
  [189a3867] Reexport v1.2.2
  [295af30f] Revise v3.4.0
  [ebcc8a00] SpinSymmetry v0.3.3
  [59d54670] ThreadedSparseArrays v0.2.2
  [ade2ca70] Dates
  [8ba89e20] Distributed
  [37e2e46d] LinearAlgebra
  [de0858da] Printf
  [9a3f8284] Random
  [1a1011a3] SharedArrays
  [2f01184e] SparseArrays
  [10745b16] Statistics
[2022-10-27T01:10:10.849]**********RANDOM FIELDS**********
shared_krylov_pbc.jl
Working Directory:          /lustre/work/ws/ws1/hd_ku269-light_cones/WorkingFolder
SLURM Directory:            /lustre/work/ws/ws1/hd_ku269-light_cones/WorkingFolder 
Running on host:            n1710
Job id:                     7433353
Job name:                   otoc_simulation_N13_ED_pbc
Number of nodes allocated:  
Number of cores allocated:  1
#threads of Julia:          96
#threads of BLAS:           1
ARGS = ["13", "50", "x", "6"]
LOCATION = "/lustre/work/ws/ws1/hd_ku269-logs/LightCones/2022-10-27"
N = 13
SHOTS = 50
OBSERVABLE = "x"
DISORDER_PARAM = 6.0
[2022-10-27T01:10:11.044]**********Running simulation**********
[2022-10-27T01:10:11.119]trange = [0.001, 0.0012328467394420659, 0.0015199110829529332, 0.001873817422860383, 0.002310129700083158, 0.002848035868435802, 0.003511191734215131, 0.004328761281083057, 0.005336699231206307, 0.006579332246575682, 0.008111308307896864, 0.010000000000000002, 0.012328467394420665, 0.01519911082952933, 0.01873817422860384, 0.023101297000831605, 0.02848035868435802, 0.03511191734215131, 0.043287612810830614, 0.05336699231206307, 0.0657933224657568, 0.08111308307896876, 0.09999999999999995, 0.12328467394420659, 0.15199110829529347, 0.1873817422860385, 0.23101297000831617, 0.2848035868435802, 0.3511191734215131, 0.43287612810830595, 0.5336699231206312, 0.6579332246575682, 0.8111308307896873, 1.0, 1.232846739442066, 1.5199110829529339, 1.873817422860383, 2.31012970008316, 2.8480358684358005, 3.5111917342151275, 4.328761281083057, 5.3366992312063095, 6.5793322465756825, 8.11130830789688, 9.999999999999995, 12.32846739442066, 15.199110829529348, 18.73817422860384, 23.101297000831604, 28.480358684358034, 35.11191734215131, 43.28761281083057, 53.366992312063154, 65.79332246575676, 81.11308307896864, 100.0, 123.28467394420646, 151.99110829529363, 187.3817422860383, 231.01297000831556, 284.8035868435805, 351.11917342151276, 432.87612810830615, 533.6699231206312, 657.9332246575682, 811.1308307896873, 1000.0, 1232.8467394420659, 1519.9110829529332, 1873.817422860383, 2310.1297000831582, 2848.035868435799, 3511.1917342151273, 4328.761281083052, 5336.6992312063185, 6579.332246575669, 8111.308307896856, 10000.0, 12328.467394420633, 15199.11082952933, 18738.17422860383, 23101.297000831626, 28480.35868435805, 35111.917342151275, 43287.612810830615, 53366.99231206302, 65793.32246575695, 81113.08307896873, 100000.0, 123284.67394420685, 151991.10829529332, 187381.74228603867, 231012.97000831628, 284803.5868435805, 351119.17342151346, 432876.12810830615, 533669.9231206313, 657933.2246575683, 811130.8307896872, 1.0e6]
[2022-10-27T01:10:11.528]A=σx
[2022-10-27T01:10:13.631]Created Hamiltonian for Shot 5
[2022-10-27T01:10:13.635]Created Hamiltonian for Shot 48
[2022-10-27T01:10:13.635]Created Hamiltonian for Shot 41
[2022-10-27T01:10:13.635]Created Hamiltonian for Shot 42
[2022-10-27T01:10:13.635]Created Hamiltonian for Shot 50
[2022-10-27T01:10:13.635]Created Hamiltonian for Shot 8
[2022-10-27T01:10:13.636]Created Hamiltonian for Shot 22
[2022-10-27T01:10:13.636]Created Hamiltonian for Shot 49
[2022-10-27T01:10:13.636]Created Hamiltonian for Shot 46
[2022-10-27T01:10:13.637]Created Hamiltonian for Shot 40
[2022-10-27T01:10:13.637]Created Hamiltonian for Shot 1
[2022-10-27T01:10:13.638]Created Hamiltonian for Shot 3
[2022-10-27T01:10:13.638]Created Hamiltonian for Shot 12
[2022-10-27T01:10:13.639]Created Hamiltonian for Shot 27
[2022-10-27T01:10:13.640]Created Hamiltonian for Shot 44
[2022-10-27T01:10:13.640]Created Hamiltonian for Shot 14
[2022-10-27T01:10:13.642]Created Hamiltonian for Shot 6
[2022-10-27T01:10:13.643]Created Hamiltonian for Shot 25
[2022-10-27T01:10:13.644]Created Hamiltonian for Shot 34
[2022-10-27T01:10:13.644]Created Hamiltonian for Shot 4
[2022-10-27T01:10:13.645]Created Hamiltonian for Shot 37
[2022-10-27T01:10:13.646]Created Hamiltonian for Shot 43
[2022-10-27T01:10:13.647]Created Hamiltonian for Shot 10
[2022-10-27T01:10:13.647]Created Hamiltonian for Shot 18
[2022-10-27T01:10:13.647]Created Hamiltonian for Shot 23
[2022-10-27T01:10:13.647]Created Hamiltonian for Shot 30
[2022-10-27T01:10:13.647]Created Hamiltonian for Shot 11
[2022-10-27T01:10:13.647]Created Hamiltonian for Shot 21
[2022-10-27T01:10:13.647]Created Hamiltonian for Shot 32
[2022-10-27T01:10:13.647]Created Hamiltonian for Shot 20
[2022-10-27T01:10:13.648]Created Hamiltonian for Shot 9
[2022-10-27T01:10:13.648]Created Hamiltonian for Shot 2
[2022-10-27T01:10:13.649]Created Hamiltonian for Shot 39
[2022-10-27T01:10:13.649]Created Hamiltonian for Shot 45
[2022-10-27T01:10:13.649]Created Hamiltonian for Shot 16
[2022-10-27T01:10:13.649]Created Hamiltonian for Shot 26
[[2022-10-27T01:10:13.649]Created Hamiltonian for Shot 17
2022-10-27T01:10:13.649]Created Hamiltonian for Shot 31
[2022-10-27T01:10:13.649]Created Hamiltonian for Shot 13
[2022-10-27T01:10:13.649]Created Hamiltonian for Shot 19
[2022-10-27T01:10:13.649]Created Hamiltonian for Shot 36
[[2022-10-27T01:10:13.650]Created Hamiltonian for Shot 29
2022-10-27T01:10:13.650]Created Hamiltonian for Shot 28
[2022-10-27T01:10:13.650]Created Hamiltonian for Shot 38
[2022-10-27T01:10:13.650]Created Hamiltonian for Shot 7
[2022-10-27T01:10:13.651]Created Hamiltonian for Shot 47
[2022-10-27T01:10:13.652]Created Hamiltonian for Shot 15
[2022-10-27T01:10:13.652]Created Hamiltonian for Shot 33
[2022-10-27T01:15:56.054]Created Hamiltonian for Shot 35
[[[[2022-10-27T01:44:01.749]Diagonalized H.
2022-10-27T01:44:01.741]Diagonalized H.
2022-10-27T01:44:01.756]Diagonalized H.
2022-10-27T01:49:15.610]Diagonalized H.
[[2022-10-27T01:49:16.024]Diagonalized H.
2022-10-27T01:49:16.025]Diagonalized H.
[2022-10-27T01:49:16.377]Diagonalized H.
[[2022-10-27T01:54:24.558]Diagonalized H.
2022-10-27T01:54:24.542]Diagonalized H.
[2022-10-27T02:00:00.038]Diagonalized H.
[[[[2022-10-27T02:06:02.533]Diagonalized H.
[2022-10-27T02:06:02.537]Diagonalized H.
2022-10-27T02:06:02.530]Diagonalized H.
[2022-10-27T02:06:02.532]Diagonalized H.
2022-10-27T02:06:02.5292022-10-27T02:06:02.529]Diagonalized H.]Diagonalized H.

[2022-10-27T02:11:19.559]Diagonalized H.
[2022-10-27T02:16:22.514]Diagonalized H.
[2022-10-27T02:16:22.719]Diagonalized H.
[2022-10-27T02:16:27.279]Diagonalized H.
[2022-10-27T02:28:11.301]Diagonalized H.
[[2022-10-27T02:28:11.574]Diagonalized H.
2022-10-27T02:28:11.570]Diagonalized H.
[[2022-10-27T02:40:43.733]Diagonalized H.
2022-10-27T02:40:43.729]Diagonalized H.
[2022-10-27T02:52:04.063]Created Hamiltonian for Shot 24
[[2022-10-27T02:52:04.292]Diagonalized H.
2022-10-27T02:52:04.292]Diagonalized H.
[2022-10-27T02:59:30.108]Diagonalized H.
[2022-10-27T03:07:17.692]Diagonalized H.
[2022-10-27T03:20:52.728]Diagonalized H.
[2022-10-27T03:21:39.230]Diagonalized H.
[[2022-10-27T03:31:14.883]2022-10-27T03:31:14.850]Diagonalized H.Diagonalized H.
[2022-10-27T03:32:01.440]Diagonalized H.
[2022-10-27T03:36:36.893]Diagonalized H.
[2022-10-27T03:44:02.782]Diagonalized H.
[2022-10-27T03:45:35.506]Diagonalized H.
[2022-10-27T03:53:28.634]Diagonalized H.
[2022-10-27T04:01:26.208]Diagonalized H.
[[2022-10-27T04:09:26.561]Diagonalized H.
2022-10-27T04:09:26.343]Diagonalized H.
[2022-10-27T04:24:31.760]Diagonalized H.
[2022-10-27T04:24:34.424]Diagonalized H.
[2022-10-27T04:37:03.842]Diagonalized H.
[2022-10-27T04:37:04.464]Diagonalized H.
[2022-10-27T04:48:17.762]Diagonalized H.
[2022-10-27T05:01:53.079]Diagonalized H.
[2022-10-27T05:01:57.115]Diagonalized H.
[2022-10-27T05:16:14.612]Diagonalized H.
[2022-10-27T05:38:16.407]Diagonalized H.
[2022-10-27T08:31:11.091]Completed Shot 25
[2022-10-27T10:28:30.910]Completed Shot 32
[2022-10-27T14:29:18.168]Completed Shot 24
[2022-10-27T15:00:54.307]Completed Shot 9
[2022-10-27T15:02:38.027]Completed Shot 41
[2022-10-27T15:24:52.425]Completed Shot 36
[2022-10-27T15:29:11.632]Completed Shot 49
[2022-10-27T15:30:03.235]Completed Shot 50
[2022-10-27T15:33:17.172]Completed Shot 14
[2022-10-27T15:37:23.388]Completed Shot 20
[2022-10-27T15:37:23.388]Completed Shot 23
[2022-10-27T15:37:23.389]Completed Shot 27

[2022-10-27T15:38:55.958]Completed Shot 42
[2022-10-27T15:42:17.449]Completed Shot 28
[2022-10-27T15:43:07.395]Completed Shot 34
[2022-10-27T15:49:11.046]Completed Shot 45
[2022-10-27T15:58:31.450]Completed Shot 31
[2022-10-27T15:58:31.488]Completed Shot 22
[2022-10-27T15:58:31.488]Completed Shot 13
[2022-10-27T16:00:08.484]Completed Shot 30
[2022-10-27T16:02:49.098]Completed Shot 37
[2022-10-27T16:02:49.098]Completed Shot 47
[2022-10-27T16:02:55.056]Completed Shot 26
[2022-10-27T16:03:04.818]Completed Shot 29
[2022-10-27T16:04:22.243]Completed Shot 39
[2022-10-27T16:04:44.001]Completed Shot 48
[2022-10-27T16:05:14.869]Completed Shot 43
[2022-10-27T16:05:38.123]Completed Shot 35
[2022-10-27T16:06:10.042]Completed Shot 33
[2022-10-27T16:20:21.504]Completed Shot 1
[2022-10-27T16:22:24.596]Completed Shot 19
[2022-10-27T16:23:57.893]Completed Shot 17
[2022-10-27T16:24:48.266]Completed Shot 2
[2022-10-27T16:24:49.076]Completed Shot 5
[2022-10-27T16:27:15.266]Completed Shot 21
[2022-10-27T16:27:32.838]Completed Shot 18
[2022-10-27T16:27:56.877]Completed Shot 46
[2022-10-27T16:28:17.994]Completed Shot 40
[2022-10-27T16:28:43.721]Completed Shot 4
[2022-10-27T16:28:45.841]Completed Shot 15
[2022-10-27T16:28:55.014]Completed Shot 6
[2022-10-27T16:29:07.397]Completed Shot 11
[2022-10-27T16:29:12.742]Completed Shot 38
[2022-10-27T16:29:20.448]Completed Shot 16
[2022-10-27T16:29:28.047]Completed Shot 7
[2022-10-27T16:29:34.443]Completed Shot 12
[2022-10-27T16:29:36.777]Completed Shot 3
[2022-10-27T16:30:07.054]Completed Shot 10
[2022-10-27T16:30:12.524]Completed Shot 44
[2022-10-27T16:30:37.807]Completed Shot 8
[2022-10-27T16:30:37.956]**********Simulation completed!**********
[2022-10-27T16:30:37.956]**********Saving**********
[2022-10-27T16:30:44.302]Saving file: /lustre/work/ws/ws1/hd_ku269-logs/LightCones/2022-10-27/7433353_N13_ED.jld2
[2022-10-27T16:30:47.180]**********Run completed!**********
