  Activating project at `/lustre/work/ws/ws1/hd_ku269-light_cones/LightCones`
Added MKL.jl
     Project LightCones v0.1.0
      Status `/lustre/work/ws/ws1/hd_ku269-light_cones/LightCones/Project.toml`
  [7d9fca2a] Arpack v0.5.3
  [7073ff75] IJulia v1.23.3
  [033835bb] JLD2 v0.4.22
  [0b1a1467] KrylovKit v0.5.4
  [d3d80556] LineSearches v7.1.1
  [33e6dc65] MKL v0.5.0
  [429524aa] Optim v1.7.0
  [91a5bcdd] Plots v1.31.1
  [c3e4b0f8] Pluto v0.19.9
  [3c0b384b] QuantumInformation v0.4.9
  [189a3867] Reexport v1.2.2
  [295af30f] Revise v3.3.3
  [ebcc8a00] SpinSymmetry v0.3.3
  [59d54670] ThreadedSparseArrays v0.2.2
  [ade2ca70] Dates
  [8ba89e20] Distributed
  [37e2e46d] LinearAlgebra
  [de0858da] Printf
  [9a3f8284] Random
  [1a1011a3] SharedArrays
  [2f01184e] SparseArrays
  [10745b16] Statistics
[2022-07-02T21:31:54.663]**********RANDOM FIELDS**********
shared_krylov.jl
Working Directory:          /lustre/work/ws/ws1/hd_ku269-light_cones/LightCones
SLURM Directory:            /lustre/work/ws/ws1/hd_ku269-light_cones/LightCones 
Running on host:            n0413
Job id:                     6192397
Job name:                   otoc_simulation_N19_RS
Number of nodes allocated:  
Number of cores allocated:  1
#threads of Julia:          96
#threads of BLAS:           1
ARGS = ["19", "1", "10", "RS", "z", "0"]
LOCATION = "/lustre/work/ws/ws1/hd_ku269-logs/LightCones/2022-07-02"
N = 19
SHOTS = 1
MULT_RANDOM_STATES = true
N_RANDOM_STATES = 10
TYPE_OF_RS = "RS"
OBSERVABLE = "z"
DISORDER_PARAM = 0.0
[2022-07-02T21:31:54.870]**********Running simulation**********
[2022-07-02T21:31:54.996]trange = 0.0:0.1:5.0
test
82072.758946 seconds (235.31 M allocations: 78.490 TiB, 3.48% gc time, 0.01% compilation time)
[2022-07-03T20:20:22.364]Completed Shot 1, state 7
82100.731020 seconds (235.37 M allocations: 78.508 TiB, 3.49% gc time, 0.01% compilation time)
[2022-07-03T20:20:50.238]Completed Shot 1, state 6
82120.124459 seconds (235.39 M allocations: 78.517 TiB, 3.49% gc time, 0.01% compilation time)
[2022-07-03T20:21:09.631]Completed Shot 1, state 9
82134.815738 seconds (235.41 M allocations: 78.522 TiB, 3.49% gc time, 0.01% compilation time)
[2022-07-03T20:21:24.323]Completed Shot 1, state 10
82143.482939 seconds (235.42 M allocations: 78.525 TiB, 3.49% gc time, 0.01% compilation time)
[2022-07-03T20:21:32.990]Completed Shot 1, state 4
82148.873251 seconds (235.42 M allocations: 78.526 TiB, 3.49% gc time, 0.01% compilation time)
[2022-07-03T20:21:38.379]Completed Shot 1, state 1
82152.137964 seconds (235.42 M allocations: 78.527 TiB, 3.49% gc time, 0.01% compilation time)
[2022-07-03T20:21:41.643]Completed Shot 1, state 2
82164.749703 seconds (235.43 M allocations: 78.529 TiB, 3.49% gc time, 0.01% compilation time)
[2022-07-03T20:21:54.256]Completed Shot 1, state 8
82171.418735 seconds (235.43 M allocations: 78.530 TiB, 3.49% gc time, 0.01% compilation time)
[2022-07-03T20:22:00.924]Completed Shot 1, state 3
82183.848097 seconds (235.43 M allocations: 78.530 TiB, 3.49% gc time, 0.01% compilation time)
[2022-07-03T20:22:13.354]Completed Shot 1, state 5
[2022-07-03T20:22:13.357]**********Simulation completed!**********
[2022-07-03T20:22:13.357]**********Saving**********
[2022-07-03T20:22:14.061]Saving file: /lustre/work/ws/ws1/hd_ku269-logs/LightCones/2022-07-02/6192397_N19_RS.jld2
[2022-07-03T20:22:17.236]**********Run completed!**********
