  Activating project at `/lustre/work/ws/ws1/hd_ku269-light_cones/LightCones`
Added MKL.jl
Precompiling project...
[32m  ✓ [39mLightCones
  1 dependency successfully precompiled in 43 seconds (178 already precompiled)
     Project LightCones v0.1.0
      Status `/lustre/work/ws/ws1/hd_ku269-light_cones/LightCones/Project.toml`
  [7d9fca2a] Arpack v0.5.3
  [d9af566e] FilteredMatrices v0.1.0 `https://github.com/pablosanjose/FilteredMatrices.jl.git#master`
  [7073ff75] IJulia v1.23.2
  [033835bb] JLD2 v0.4.17
  [0b1a1467] KrylovKit v0.5.3
  [d3d80556] LineSearches v7.1.1
  [429524aa] Optim v1.6.0
  [14b8a8f1] PkgTemplates v0.7.26
  [91a5bcdd] Plots v1.24.3
  [c3e4b0f8] Pluto v0.17.7
  [189a3867] Reexport v1.2.2
  [295af30f] Revise v3.3.1
  [6038ab10] Rotations v1.1.1
  [d0a720f3] SimLib v0.9.1 `https://github.com/abraemer/SimLib.jl.git#main`
  [ebcc8a00] SpinSymmetry v0.3.3
  [df0c8232] XXZNumerics v0.6.0 `https://github.com/abraemer/XXZNumerics.jl.git#main`
  [ade2ca70] Dates
  [8ba89e20] Distributed
  [37e2e46d] LinearAlgebra
  [de0858da] Printf
  [9a3f8284] Random
  [1a1011a3] SharedArrays
  [2f01184e] SparseArrays
  [10745b16] Statistics
shared_krylov.jl
Working Directory:          /lustre/work/ws/ws1/hd_ku269-light_cones/LightCones
SLURM Directory:            /lustre/work/ws/ws1/hd_ku269-light_cones/LightCones 
Running on host:            n0730
Job id:                     5179028
Job name:                   otoc_simulation_N12
Number of nodes allocated:  
Number of cores allocated:  1
#threads of Julia:          96
#threads of BLAS:           1
ARGS = ["12", "1", "10", "z", "0"]
LOCATION = "/lustre/work/ws/ws1/hd_ku269-logs/LightCones/2022-03-01"
N = 12
SHOTS = 1
RANDOM_STATES = true
N_RANDOM_STATES = 10
OBSERVABLE = "z"
DISORDER_PARAM = 0.0
[2022-03-01T23:28:03.935]**********Running simulation**********
test 17.657381 seconds (23.79 M allocations: 34.727 GiB, 7.56% gc time, 40.82% compilation time)
[2022-03-01T23:28:24.449]Completed Shot 1, state 1
  9.787388 seconds (1.38 M allocations: 33.682 GiB, 4.15% gc time)
[2022-03-01T23:28:34.242]Completed Shot 1, state 2
  9.976792 seconds (1.38 M allocations: 33.682 GiB, 3.68% gc time)
[2022-03-01T23:28:44.223]Completed Shot 1, state 3
  9.817668 seconds (1.38 M allocations: 33.682 GiB, 3.89% gc time)
[2022-03-01T23:28:54.045]Completed Shot 1, state 4
  9.886566 seconds (1.38 M allocations: 33.682 GiB, 4.00% gc time)
[2022-03-01T23:29:03.935]Completed Shot 1, state 5
 10.023242 seconds (1.38 M allocations: 33.682 GiB, 3.73% gc time)
[2022-03-01T23:29:13.963]Completed Shot 1, state 6
  9.965609 seconds (1.38 M allocations: 33.682 GiB, 3.63% gc time)
[2022-03-01T23:29:23.932]Completed Shot 1, state 7
  9.914146 seconds (1.38 M allocations: 33.682 GiB, 3.70% gc time)
[2022-03-01T23:29:33.850]Completed Shot 1, state 8
  9.829911 seconds (1.38 M allocations: 33.682 GiB, 3.63% gc time)
[2022-03-01T23:29:43.684]Completed Shot 1, state 9
  9.803209 seconds (1.38 M allocations: 33.682 GiB, 3.61% gc time)
[2022-03-01T23:29:53.491]Completed Shot 1, state 10
[2022-03-01T23:29:53.491]**********Simulation completed!**********
[2022-03-01T23:29:53.492]**********Saving**********
[2022-03-01T23:29:55.538]Saving file: /lustre/work/ws/ws1/hd_ku269-logs/LightCones/2022-03-01/5179028_N12.jld2
[2022-03-01T23:29:59.032]**********Run completed!**********
