  Activating project at `/lustre/work/ws/ws1/hd_ku269-light_cones/LightCones`
Added MKL.jl
Project LightCones v0.1.0
Status `/lustre/work/ws/ws1/hd_ku269-light_cones/LightCones/Project.toml`
  [7d9fca2a] Arpack v0.5.3
  [7073ff75] IJulia v1.23.3
  [033835bb] JLD2 v0.4.25
  [0b1a1467] KrylovKit v0.5.4
  [d3d80556] LineSearches v7.2.0
  [33e6dc65] MKL v0.5.0
  [429524aa] Optim v1.7.3
  [91a5bcdd] Plots v1.35.3
  [c3e4b0f8] Pluto v0.19.13
  [3c0b384b] QuantumInformation v0.4.9
  [189a3867] Reexport v1.2.2
  [295af30f] Revise v3.4.0
  [ebcc8a00] SpinSymmetry v0.3.3
  [59d54670] ThreadedSparseArrays v0.2.2
  [ade2ca70] Dates
  [8ba89e20] Distributed
  [37e2e46d] LinearAlgebra
  [de0858da] Printf
  [9a3f8284] Random
  [1a1011a3] SharedArrays
  [2f01184e] SparseArrays
  [10745b16] Statistics
[2022-10-16T16:42:18.196]**********RANDOM FIELDS**********
shared_krylov.jl
Working Directory:          /lustre/work/ws/ws1/hd_ku269-light_cones/LightCones
SLURM Directory:            /lustre/work/ws/ws1/hd_ku269-light_cones/LightCones 
Running on host:            n1429
Job id:                     7361030
Job name:                   otoc_simulation_N13_ED
Number of nodes allocated:  
Number of cores allocated:  1
#threads of Julia:          96
#threads of BLAS:           1
ARGS = ["13", "50", "x", "1"]
LOCATION = "/lustre/work/ws/ws1/hd_ku269-logs/LightCones/2022-10-16"
N = 13
SHOTS = 50
OBSERVABLE = "x"
DISORDER_PARAM = 1.0
[2022-10-16T16:42:18.421]**********Running simulation**********
[2022-10-16T16:42:18.421]s = 10
[2022-10-16T16:42:18.497]trange = [0.001, 0.001291549665014884, 0.0016681005372000592, 0.002154434690031882, 0.002782559402207123, 0.003593813663804626, 0.004641588833612777, 0.005994842503189409, 0.007742636826811269, 0.010000000000000005, 0.012915496650148827, 0.016681005372000592, 0.021544346900318846, 0.02782559402207123, 0.03593813663804628, 0.046415888336127795, 0.05994842503189412, 0.0774263682681127, 0.1000000000000001, 0.12915496650148833, 0.16681005372000582, 0.21544346900318856, 0.2782559402207123, 0.3593813663804626, 0.4641588833612782, 0.5994842503189415, 0.7742636826811278, 1.0, 1.291549665014884, 1.6681005372000592, 2.1544346900318843, 2.782559402207126, 3.5938136638046294, 4.6415888336127775, 5.994842503189409, 7.742636826811274, 10.0, 12.91549665014884, 16.681005372000584, 21.54434690031882, 27.82559402207123, 35.938136638046274, 46.41588833612782, 59.948425031894146, 77.42636826811265, 100.0, 129.1549665014884, 166.81005372000593, 215.44346900318845, 278.2559402207126, 359.3813663804629, 464.15888336127773, 599.4842503189421, 774.263682681127, 999.999999999999, 1291.5496650148852, 1668.1005372000575, 2154.4346900318865, 2782.559402207126, 3593.813663804622, 4641.588833612782, 5994.8425031894085, 7742.636826811277, 10000.0, 12915.496650148852, 16681.005372000593, 21544.346900318822, 27825.59402207126, 35938.13663804626, 46415.88833612782, 59948.42503189409, 77426.36826811262, 100000.0, 129154.96650148826, 166810.0537200059, 215443.46900318822, 278255.94022071204, 359381.36638046254, 464158.8833612772, 599484.2503189421, 774263.6826811262, 1.0000000000000021e6, 1.2915496650148828e6, 1.6681005372000558e6, 2.1544346900318866e6, 2.782559402207126e6, 3.593813663804633e6, 4.641588833612782e6, 5.994842503189396e6, 7.742636826811277e6, 1.0e7, 1.2915496650148854e7, 1.6681005372000592e7, 2.154434690031887e7, 2.7825594022071257e7, 3.593813663804626e7, 4.641588833612782e7, 5.994842503189409e7, 7.742636826811278e7, 1.0e8]
[2022-10-16T16:42:18.928]A = σx
[2022-10-16T16:42:21.402]Created Hamiltonian for Shot 5
[2022-10-16T16:42:21.403]Created Hamiltonian for Shot 9
[2022-10-16T16:42:21.403]Created Hamiltonian for Shot 48
[2022-10-16T16:42:21.403]Created Hamiltonian for Shot 38
[2022-10-16T16:42:21.403]Created Hamiltonian for Shot 45
[2022-10-16T16:42:21.403]Created Hamiltonian for Shot 43
[2022-10-16T16:42:21.403]Created Hamiltonian for Shot 36
[2022-10-16T16:42:21.404]Created Hamiltonian for Shot 41
[2022-10-16T16:42:21.404]Created Hamiltonian for Shot 49
[2022-10-16T16:42:21.406]Created Hamiltonian for Shot 37
[2022-10-16T16:42:21.407]Created Hamiltonian for Shot 34
[2022-10-16T16:42:21.407]Created Hamiltonian for Shot 42
[2022-10-16T16:42:21.408]Created Hamiltonian for Shot 1
[2022-10-16T16:42:21.408]Created Hamiltonian for Shot 18
[2022-10-16T16:42:21.408]Created Hamiltonian for Shot 20
[2022-10-16T16:42:21.409]Created Hamiltonian for Shot 25
[[2022-10-16T16:42:21.409]Created Hamiltonian for Shot 4
2022-10-16T16:42:21.409]Created Hamiltonian for Shot 47
[2022-10-16T16:42:21.409]Created Hamiltonian for Shot 10
[2022-10-16T16:42:21.410]Created Hamiltonian for Shot 23
[2022-10-16T16:42:21.410]Created Hamiltonian for Shot 35
[2022-10-16T16:42:21.410]Created Hamiltonian for Shot 2
[2022-10-16T16:42:21.414]Created Hamiltonian for Shot 14
[2022-10-16T16:42:21.414]Created Hamiltonian for Shot 26
[2022-10-16T16:42:21.424]Created Hamiltonian for Shot 22
[2022-10-16T16:42:21.424]Created Hamiltonian for Shot 8
[2022-10-16T16:42:21.425]Created Hamiltonian for Shot 39
[2022-10-16T16:42:21.425]Created Hamiltonian for Shot 7
[2022-10-16T16:42:21.426]Created Hamiltonian for Shot 33
[2022-10-16T16:42:21.427]Created Hamiltonian for Shot 32
[2022-10-16T16:42:21.427]Created Hamiltonian for Shot 15
[[2022-10-16T16:42:21.428]Created Hamiltonian for Shot 29
[[2022-10-16T16:42:21.428]Created Hamiltonian for Shot 40
2022-10-16T16:42:21.428]Created Hamiltonian for Shot 24
2022-10-16T16:42:21.427]Created Hamiltonian for Shot 3
[[2022-10-16T16:42:21.428]Created Hamiltonian for Shot 46
2022-10-16T16:42:21.428]Created Hamiltonian for Shot 11
[2022-10-16T16:42:21.428]Created Hamiltonian for Shot 17
[2022-10-16T16:42:21.428]Created Hamiltonian for Shot 27
[2022-10-16T16:42:21.429]Created Hamiltonian for Shot 16
[2022-10-16T16:42:21.429]Created Hamiltonian for Shot 44
[2022-10-16T16:42:21.430]Created Hamiltonian for Shot 13
[2022-10-16T16:42:21.430]Created Hamiltonian for Shot 28
[2022-10-16T16:42:21.430]Created Hamiltonian for Shot 50
[2022-10-16T16:42:21.430]Created Hamiltonian for Shot 6
[[2022-10-16T16:42:21.430]Created Hamiltonian for Shot 19
2022-10-16T16:42:21.430]Created Hamiltonian for Shot 30
[2022-10-16T16:42:21.430]Created Hamiltonian for Shot 31
[2022-10-16T16:42:21.431]Created Hamiltonian for Shot 12
[2022-10-16T16:42:21.431]Created Hamiltonian for Shot 21
[[[2022-10-16T17:10:13.903]Diagonalized H.
2022-10-16T17:10:13.902]Diagonalized H.
2022-10-16T17:10:14.094]Diagonalized H.
[2022-10-16T17:10:14.321]Diagonalized H.
[2022-10-16T17:10:14.955]Diagonalized H.
[[2022-10-16T17:10:15.202]Diagonalized H.
2022-10-16T17:15:23.741]Diagonalized H.
[2022-10-16T17:15:24.018]Diagonalized H.
[2022-10-16T17:21:10.158]Diagonalized H.
[[2022-10-16T17:26:52.402]Diagonalized H.
2022-10-16T17:26:52.411]Diagonalized H.
[[2022-10-16T17:32:09.779]Diagonalized H.
[2022-10-16T17:32:09.765]Diagonalized H.
2022-10-16T17:32:09.768]Diagonalized H.
[[2022-10-16T17:32:10.190]Diagonalized H.
2022-10-16T17:32:10.193]Diagonalized H.
[2022-10-16T17:37:26.040]Diagonalized H.
[[2022-10-16T17:37:27.5022022-10-16T17:37:27.501]Diagonalized H.]
Diagonalized H.
[2022-10-16T17:49:16.954]Diagonalized H.
[2022-10-16T17:49:17.233]Diagonalized H.
[2022-10-16T17:56:57.475]Diagonalized H.
[2022-10-16T17:56:57.724]Diagonalized H.
[2022-10-16T18:13:19.614]Diagonalized H.
[2022-10-16T18:13:22.594]Diagonalized H.
[2022-10-16T18:27:32.769]Diagonalized H.
[2022-10-16T18:27:33.727]Diagonalized H.
[2022-10-16T18:27:35.922]Diagonalized H.
[2022-10-16T18:29:57.361]Diagonalized H.
[2022-10-16T18:34:33.299]Diagonalized H.
[[2022-10-16T18:55:01.448]Diagonalized H.
2022-10-16T18:55:01.526]Diagonalized H.
[2022-10-16T18:55:04.233]Diagonalized H.
[2022-10-16T19:01:57.873]Diagonalized H.
[2022-10-16T19:09:14.562]Diagonalized H.
[2022-10-16T19:10:01.715]Diagonalized H.
[[2022-10-16T19:18:59.239]Diagonalized H.
2022-10-16T19:18:59.304]Diagonalized H.
[2022-10-16T19:21:17.842]Diagonalized H.
[2022-10-16T19:29:29.772]Diagonalized H.
[2022-10-16T19:40:02.407]Diagonalized H.
[2022-10-16T19:41:35.199]Diagonalized H.
[2022-10-16T19:53:44.931]Diagonalized H.
[2022-10-16T20:01:13.980]Diagonalized H.
[[2022-10-16T20:13:19.255]Diagonalized H.
2022-10-16T20:13:18.879]Diagonalized H.
[2022-10-16T20:27:38.041]Diagonalized H.
[2022-10-16T20:40:02.379]Diagonalized H.
[2022-10-16T20:40:02.753]Diagonalized H.
[2022-10-16T20:52:48.517]Diagonalized H.
[2022-10-16T23:46:16.045]Completed Shot 48
[2022-10-16T23:53:20.614]Completed Shot 50
[2022-10-17T05:08:54.156]Completed Shot 46
[2022-10-17T05:36:09.763]Completed Shot 6
[2022-10-17T06:15:49.646]Completed Shot 1
[2022-10-17T06:15:49.664]Completed Shot 4
[2022-10-17T06:15:49.664]Completed Shot 7
[2022-10-17T06:25:27.950]Completed Shot 3
[2022-10-17T06:39:52.212]Completed Shot 27
[2022-10-17T06:44:06.590]Completed Shot 49
[2022-10-17T06:48:25.957]Completed Shot 11
[2022-10-17T06:50:06.498]Completed Shot 44
[2022-10-17T06:56:41.263]Completed Shot 31
[2022-10-17T07:00:09]Completed Shot 13
[2022-10-17T07:00:53.628]Completed Shot 9
[2022-10-17T07:01:46.188]Completed Shot 5
[2022-10-17T07:04:04.818]Completed Shot 8
[2022-10-17T07:10:35.828]Completed Shot 45
[2022-10-17T07:15:26.269]Completed Shot 16
[2022-10-17T07:15:30.006]Completed Shot 41
[2022-10-17T07:15:50.598]Completed Shot 10
[2022-10-17T07:16:32.643]Completed Shot 40
[2022-10-17T07:17:03.557]Completed Shot 14
[2022-10-17T07:30:54.201]Completed Shot 32
[2022-10-17T07:31:50.169]Completed Shot 34
[2022-10-17T07:32:02.679]Completed Shot 24
[2022-10-17T07:33:13.058]Completed Shot 35
[2022-10-17T07:34:13.786]Completed Shot 12
[2022-10-17T07:34:16.803]Completed Shot 17
[2022-10-17T07:34:26.986]Completed Shot 38
[2022-10-17T07:34:31.459]Completed Shot 2
[2022-10-17T07:34:58.046]Completed Shot 39
[2022-10-17T07:36:07.342]Completed Shot 15
[2022-10-17T07:36:15.576]Completed Shot 19
[2022-10-17T07:36:19.113]Completed Shot 21
[2022-10-17T07:36:31.556]Completed Shot 43
[2022-10-17T07:36:32.313]Completed Shot 26
[2022-10-17T07:36:39.667]Completed Shot 22
[2022-10-17T07:36:41.303]Completed Shot 18
[2022-10-17T07:36:46.752]Completed Shot 42
[2022-10-17T07:36:50.882]Completed Shot 20
[2022-10-17T07:36:53.668]Completed Shot 36
[2022-10-17T07:36:57.568]Completed Shot 25
[2022-10-17T07:37:00.945]Completed Shot 47
[2022-10-17T07:37:26.207]Completed Shot 28
[2022-10-17T07:37:26.241]Completed Shot 23
[2022-10-17T07:37:39.720]Completed Shot 33
[2022-10-17T07:37:43.437]Completed Shot 37
[2022-10-17T07:37:50.001]Completed Shot 29
[2022-10-17T07:37:56.206]Completed Shot 30
[2022-10-17T07:37:56.221]**********Simulation completed!**********
[2022-10-17T07:37:56.222]**********Saving**********
[2022-10-17T07:38:01.742]Saving file: /lustre/work/ws/ws1/hd_ku269-logs/LightCones/2022-10-16/7361030_N13_ED.jld2
[2022-10-17T07:38:04.774]**********Run completed!**********
