  Activating project at `/lustre/work/ws/ws1/hd_ku269-light_cones/LightCones`
Added MKL.jl
Project LightCones v0.1.0
Status `/lustre/work/ws/ws1/hd_ku269-light_cones/LightCones/Project.toml`
  [7d9fca2a] Arpack v0.5.3
  [7073ff75] IJulia v1.23.3
  [033835bb] JLD2 v0.4.23
  [0b1a1467] KrylovKit v0.5.4
  [d3d80556] LineSearches v7.2.0
  [33e6dc65] MKL v0.5.0
  [429524aa] Optim v1.7.3
  [91a5bcdd] Plots v1.34.0
  [c3e4b0f8] Pluto v0.19.12
  [3c0b384b] QuantumInformation v0.4.9
  [189a3867] Reexport v1.2.2
  [295af30f] Revise v3.4.0
  [ebcc8a00] SpinSymmetry v0.3.3
  [59d54670] ThreadedSparseArrays v0.2.2
  [ade2ca70] Dates
  [8ba89e20] Distributed
  [37e2e46d] LinearAlgebra
  [de0858da] Printf
  [9a3f8284] Random
  [1a1011a3] SharedArrays
  [2f01184e] SparseArrays
  [10745b16] Statistics
[2022-09-29T03:04:08.865]**********RANDOM FIELDS**********
shared_krylov_rp.jl
Working Directory:          /lustre/work/ws/ws1/hd_ku269-light_cones/LightCones
SLURM Directory:            /lustre/work/ws/ws1/hd_ku269-light_cones/LightCones 
Running on host:            n1333
Job id:                     7218463
Job name:                   otoc_simulation_N13_ED_rp
Number of nodes allocated:  
Number of cores allocated:  1
#threads of Julia:          96
#threads of BLAS:           1
ARGS = ["13", "50", "x", "0.8", "box_pbc"]
LOCATION = "/lustre/work/ws/ws1/hd_ku269-logs/LightCones/2022-09-29"
N = 13
SHOTS = 50
OBSERVABLE = "x"
DISORDER_PARAM = 0.8
GEOMETRY = "box_pbc"
[2022-09-29T03:04:09.065]**********Running simulation**********
[2022-09-29T03:04:09.155]trange = [0.0, 0.010000000000000002, 0.020000000000000004, 0.030000000000000006, 0.04000000000000001, 0.05000000000000001, 0.06000000000000001, 0.07, 0.08000000000000002, 0.09000000000000002, 0.1, 0.2, 0.30000000000000004, 0.4, 0.5, 0.6000000000000001, 0.7000000000000001, 0.8, 0.9, 1.0, 2.0, 3.0, 4.0, 5.0, 6.0, 7.0, 8.0, 9.0, 10.0, 20.0, 30.0, 40.0, 50.0, 60.0, 70.0, 80.0, 90.0, 100.0, 200.0, 300.0, 400.0, 500.0, 600.0, 700.0, 800.0, 900.0, 1000.0, 2000.0, 3000.0, 4000.0, 5000.0, 6000.0, 7000.0, 8000.0, 9000.0, 10000.0, 20000.0, 30000.0, 40000.0, 50000.0, 60000.0, 70000.0, 80000.0, 90000.0, 100000.0, 200000.0, 300000.0, 400000.0, 500000.0, 600000.0, 700000.0, 800000.0, 900000.0, 1.0e6, 2.0e6, 3.0e6, 4.0e6, 5.0e6, 6.0e6, 7.0e6, 8.0e6, 9.0e6, 1.0e7, 2.0e7, 3.0e7, 4.0e7, 5.0e7, 6.0e7, 7.0e7, 8.0e7, 9.0e7, 1.0e8, 2.0e8, 3.0e8, 4.0e8, 5.0e8, 6.0e8, 7.0e8, 8.0e8, 9.0e8, 1.0e9, 2.0e9, 3.0e9, 4.0e9, 5.0e9, 6.0e9, 7.0e9, 8.0e9, 9.0e9, 1.0e10]
[2022-09-29T03:04:09.233]i=1
[2022-09-29T03:04:09.572]A=σx
[2022-09-29T03:04:10.158]Generating positions for PositionDataDescriptor(:box_pbc, 13, 50, 0.8)
[2022-09-29T03:04:14.493]Created Hamiltonian for Shot 40
[2022-09-29T03:04:14.493]Created Hamiltonian for Shot 10
[2022-09-29T03:04:14.494]Created Hamiltonian for Shot 49
[2022-09-29T03:04:14.497]Created Hamiltonian for Shot 35
[2022-09-29T03:04:14.509]Created Hamiltonian for Shot 32
[2022-09-29T03:04:14.772]Created Hamiltonian for Shot 3
[2022-09-29T03:04:14.772]Created Hamiltonian for Shot 5
[2022-09-29T03:04:15.185]Created Hamiltonian for Shot 23
[2022-09-29T03:04:15.518]Created Hamiltonian for Shot 12
[2022-09-29T03:04:16.101]Created Hamiltonian for Shot 27
[2022-09-29T03:04:16.642]Created Hamiltonian for Shot 42
[2022-09-29T03:04:17.158]Created Hamiltonian for Shot 26
[[2022-09-29T03:04:17.501]Created Hamiltonian for Shot 48
2022-09-29T03:04:17.501]Created Hamiltonian for Shot 9
[2022-09-29T03:04:17.976]Created Hamiltonian for Shot 1
[2022-09-29T03:04:18.409]Created Hamiltonian for Shot 31
[2022-09-29T03:04:18.927]Created Hamiltonian for Shot 30
[[2022-09-29T03:04:19.294]Created Hamiltonian for Shot 17
2022-09-29T03:04:19.294]Created Hamiltonian for Shot 36
[2022-09-29T03:04:19.792]Created Hamiltonian for Shot 4
[2022-09-29T03:04:20.227]Created Hamiltonian for Shot 46
[[2022-09-29T03:04:21.361]Created Hamiltonian for Shot 41
2022-09-29T03:04:21.361]Created Hamiltonian for Shot 21
[2022-09-29T03:04:22.375]Created Hamiltonian for Shot 50
[[2022-09-29T03:10:18.823]Created Hamiltonian for Shot 39
2022-09-29T03:10:18.822]Created Hamiltonian for Shot 16
[2022-09-29T03:10:18.822]Created Hamiltonian for Shot 45
[2022-09-29T03:16:46.923]Created Hamiltonian for Shot 19
[[2022-09-29T03:22:30.052]Created Hamiltonian for Shot 37
2022-09-29T03:22:30.052]Created Hamiltonian for Shot 33
[2022-09-29T03:22:30.052]Created Hamiltonian for Shot 6
[[[[[2022-09-29T03:28:48.334]Created Hamiltonian for Shot 38
2022-09-29T03:28:48.334]Created Hamiltonian for Shot 47
2022-09-29T03:28:48.334]Created Hamiltonian for Shot 34
2022-09-29T03:28:48.334]Created Hamiltonian for Shot 13
2022-09-29T03:28:48.334]Created Hamiltonian for Shot 11
[2022-09-29T04:08:37.714]Created Hamiltonian for Shot 24
[[[[[[2022-09-29T04:14:11.662]Created Hamiltonian for Shot 22
2022-09-29T04:14:11.662]Created Hamiltonian for Shot 14
2022-09-29T04:14:11.662]Created Hamiltonian for Shot 20
2022-09-29T04:14:11.662]Created Hamiltonian for Shot 2
[2022-09-29T04:14:11.662]Created Hamiltonian for Shot 7
2022-09-29T04:14:11.662]Created Hamiltonian for Shot 18
2022-09-29T04:14:11.662]Created Hamiltonian for Shot 43
[[2022-09-29T04:20:18.856]Created Hamiltonian for Shot 25
[[2022-09-29T04:20:18.856]Created Hamiltonian for Shot 15
2022-09-29T04:20:18.856]Created Hamiltonian for Shot 44
2022-09-29T04:20:18.856]Created Hamiltonian for Shot 29
[2022-09-29T04:26:32.393]Created Hamiltonian for Shot 8
[2022-09-29T04:49:44.108]Created Hamiltonian for Shot 28
[2022-09-29T04:55:12.125]Diagonalized H.
[2022-09-29T05:00:42.421]Diagonalized H.
[[[[2022-09-29T05:00:42.786]Diagonalized H.
2022-09-29T05:00:42.784]Diagonalized H.
2022-09-29T05:00:42.762]Diagonalized H.
2022-09-29T05:00:42.785]Diagonalized H.
[[2022-09-29T05:00:43.638]Diagonalized H.
2022-09-29T05:00:43.644]Diagonalized H.
[2022-09-29T05:00:43.869]Diagonalized H.
[2022-09-29T05:06:18.476]Diagonalized H.
[[[[[2022-09-29T05:06:19.2762022-09-29T05:06:19.265]Diagonalized H.]Diagonalized H.

2022-09-29T05:06:19.270]Diagonalized H.
2022-09-29T05:11:50.562]Diagonalized H.
2022-09-29T05:11:50.577]Diagonalized H.
[2022-09-29T05:11:51.371]Diagonalized H.
[2022-09-29T05:17:27.355]Diagonalized H.
[2022-09-29T05:17:28.394]Diagonalized H.
[[[[[2022-09-29T05:17:29.987]Diagonalized H.
2022-09-29T05:17:29.987]Diagonalized H.
2022-09-29T05:17:29.987]Diagonalized H.
2022-09-29T05:17:29.9722022-09-29T05:17:29.987]Diagonalized H.
]Diagonalized H.
[[2022-09-29T05:17:29.987]Diagonalized H.
2022-09-29T05:17:29.968]Diagonalized H.
[2022-09-29T05:27:06.647]Diagonalized H.
[2022-09-29T05:27:10.352]Diagonalized H.
[2022-09-29T05:27:56.798]Diagonalized H.
[2022-09-29T05:27:57.375]Diagonalized H.
[2022-09-29T05:28:00.435]Diagonalized H.
[2022-09-29T05:34:47.196]Diagonalized H.
[2022-09-29T05:35:34.339]Diagonalized H.
[[2022-09-29T05:36:21.303]Diagonalized H.
2022-09-29T05:36:19.131]Diagonalized H.
[2022-09-29T05:37:08.079]Diagonalized H.
[2022-09-29T05:43:59.101]Diagonalized H.
[2022-09-29T05:44:45.592]Diagonalized H.
[2022-09-29T05:45:32.320]Diagonalized H.
[[2022-09-29T05:46:18.896]Diagonalized H.
2022-09-29T05:46:18.975]Diagonalized H.
[2022-09-29T05:46:21.120]Diagonalized H.
[2022-09-29T05:49:18.380]Diagonalized H.
[2022-09-29T05:50:05.592]Diagonalized H.
[2022-09-29T05:58:36.312]Diagonalized H.
[2022-09-29T05:58:36.983]Diagonalized H.
[2022-09-29T06:00:54.621]Diagonalized H.
[2022-09-29T06:01:38.914]Diagonalized H.
[2022-09-29T06:03:58.706]Diagonalized H.
[2022-09-29T06:04:44.536]Diagonalized H.
[2022-09-29T06:14:28.963]Diagonalized H.
[2022-09-29T07:25:17.982]Completed Shot 1
[2022-09-29T10:18:10.729]Completed Shot 17
[2022-09-29T10:34:45.699]Completed Shot 12
[2022-09-29T11:50:04.355]Completed Shot 34
[2022-09-29T11:56:28.958]Completed Shot 5
[2022-09-29T12:04:58.040]Completed Shot 15
[2022-09-29T12:50:21.482]Completed Shot 16
[2022-09-29T13:06:37.364]Completed Shot 38
[2022-09-29T13:12:25.107]Completed Shot 45
[2022-09-29T13:13:02.654]Completed Shot 9
[2022-09-29T13:17:35.039]Completed Shot 2
[2022-09-29T13:20:23.676]Completed Shot 3
[2022-09-29T13:20:39.372]Completed Shot 20
[2022-09-29T13:21:44.491]Completed Shot 11
[2022-09-29T13:21:44.492]Completed Shot 13
[2022-09-29T13:21:44.492]Completed Shot 14
[2022-09-29T13:26:29.446]Completed Shot 23
[2022-09-29T13:29:03.242]Completed Shot 7
[2022-09-29T13:32:26.589]Completed Shot 25
[2022-09-29T13:33:31.414]Completed Shot 22
[2022-09-29T13:50:37.214]Completed Shot 33
[2022-09-29T14:01:14.309]Completed Shot 19
[2022-09-29T14:01:34.670]Completed Shot 4
[2022-09-29T14:02:09.294]Completed Shot 50
[2022-09-29T14:02:25.758]Completed Shot 10
[2022-09-29T14:04:13.145]Completed Shot 49
[2022-09-29T14:04:26.886]Completed Shot 28
[2022-09-29T14:04:40.100]Completed Shot 43
[2022-09-29T14:04:53.674]Completed Shot 47
[2022-09-29T14:06:29.442]Completed Shot 29
[2022-09-29T14:06:30.421]Completed Shot 44
[2022-09-29T14:06:31.236]Completed Shot 42
[2022-09-29T14:06:50.652]Completed Shot 27
[2022-09-29T14:07:00.012]Completed Shot 24
[2022-09-29T14:07:42.697]Completed Shot 21
[2022-09-29T14:07:49.909]Completed Shot 31
[2022-09-29T14:07:58.241]Completed Shot 8
[2022-09-29T14:08:08.687]Completed Shot 30
[2022-09-29T14:08:13.239]Completed Shot 32
[2022-09-29T14:08:19.164]Completed Shot 6
[2022-09-29T14:08:26.390]Completed Shot 36
[2022-09-29T14:08:26.904]Completed Shot 18
[2022-09-29T14:08:34.140]Completed Shot 41
[2022-09-29T14:09:29.711]Completed Shot 35
[2022-09-29T14:09:32.123]Completed Shot 26
[2022-09-29T14:09:43.211]Completed Shot 37
[2022-09-29T14:09:52.434]Completed Shot 39
[2022-09-29T14:09:59.977]Completed Shot 40
[2022-09-29T14:10:35.278]Completed Shot 48
[2022-09-29T14:11:24.898]Completed Shot 46
[2022-09-29T14:11:24.910]**********Simulation completed!**********
[2022-09-29T14:11:24.910]**********Saving**********
[2022-09-29T14:11:28.043]Saving file: /lustre/work/ws/ws1/hd_ku269-logs/LightCones/2022-09-29/7218463_N13_rp.jld2
[2022-09-29T14:11:31.909]**********Run completed!**********
