  Activating project at `/lustre/work/ws/ws1/hd_ku269-light_cones/LightCones`
Added MKL.jl
Project LightCones v0.1.0
Status `/lustre/work/ws/ws1/hd_ku269-light_cones/LightCones/Project.toml`
  [7d9fca2a] Arpack v0.5.3
  [7073ff75] IJulia v1.23.3
  [033835bb] JLD2 v0.4.25
  [0b1a1467] KrylovKit v0.5.4
  [d3d80556] LineSearches v7.2.0
  [33e6dc65] MKL v0.5.0
  [429524aa] Optim v1.7.3
  [91a5bcdd] Plots v1.35.3
  [c3e4b0f8] Pluto v0.19.13
  [3c0b384b] QuantumInformation v0.4.9
  [189a3867] Reexport v1.2.2
  [295af30f] Revise v3.4.0
  [ebcc8a00] SpinSymmetry v0.3.3
  [59d54670] ThreadedSparseArrays v0.2.2
  [ade2ca70] Dates
  [8ba89e20] Distributed
  [37e2e46d] LinearAlgebra
  [de0858da] Printf
  [9a3f8284] Random
  [1a1011a3] SharedArrays
  [2f01184e] SparseArrays
  [10745b16] Statistics
[2022-10-17T12:50:45.060]**********RANDOM FIELDS**********
shared_krylov.jl
Working Directory:          /lustre/work/ws/ws1/hd_ku269-light_cones/LightCones
SLURM Directory:            /lustre/work/ws/ws1/hd_ku269-light_cones/LightCones 
Running on host:            n1409
Job id:                     7361055
Job name:                   otoc_simulation_N21_RPS_sector
Number of nodes allocated:  
Number of cores allocated:  1
#threads of Julia:          96
#threads of BLAS:           1
ARGS = ["21", "1", "25", "RPS", "z", "0"]
LOCATION = "/lustre/work/ws/ws1/hd_ku269-logs/LightCones/2022-10-17"
N = 21
SHOTS = 1
MULT_RANDOM_STATES = true
N_RANDOM_STATES = 25
TYPE_OF_RS = "RPS"
OBSERVABLE = "z"
DISORDER_PARAM = 0.0
[2022-10-17T12:50:45.360]**********Running simulation**********
[2022-10-17T12:50:45.416]trange = 0.0:0.1:3.0
before H
after H
memory allocated: 629245512memory of full H: 3573547176test
61490.485797 seconds (3.77 G allocations: 56.886 TiB, 5.28% gc time, 0.05% compilation time)
[2022-10-18T06:04:24.616]Completed Shot 1, state 13
61536.594642 seconds (3.77 G allocations: 56.927 TiB, 5.28% gc time, 0.05% compilation time)
[2022-10-18T06:05:10.679]Completed Shot 1, state 12
61556.115496 seconds (3.77 G allocations: 56.944 TiB, 5.28% gc time, 0.05% compilation time)
[2022-10-18T06:05:30.150]Completed Shot 1, state 4
61623.963214 seconds (3.77 G allocations: 56.997 TiB, 5.28% gc time, 0.05% compilation time)
[2022-10-18T06:06:37.997]Completed Shot 1, state 9
61634.875842 seconds (3.77 G allocations: 57.006 TiB, 5.28% gc time, 0.05% compilation time)
[2022-10-18T06:06:48.918]Completed Shot 1, state 20
61636.915683 seconds (3.77 G allocations: 57.008 TiB, 5.28% gc time, 0.05% compilation time)
[2022-10-18T06:06:50.999]Completed Shot 1, state 18
61638.193258 seconds (3.77 G allocations: 57.009 TiB, 5.28% gc time, 0.05% compilation time)
[2022-10-18T06:06:52.227]Completed Shot 1, state 19
61641.607513 seconds (3.77 G allocations: 57.011 TiB, 5.28% gc time, 0.05% compilation time)
[2022-10-18T06:06:55.694]Completed Shot 1, state 2
61644.295023 seconds (3.77 G allocations: 57.013 TiB, 5.28% gc time, 0.05% compilation time)
[2022-10-18T06:06:58.329]Completed Shot 1, state 15
61645.407787 seconds (3.77 G allocations: 57.014 TiB, 5.28% gc time, 0.05% compilation time)
[2022-10-18T06:06:59.491]Completed Shot 1, state 16
61645.782280 seconds (3.77 G allocations: 57.014 TiB, 5.28% gc time, 0.05% compilation time)
[2022-10-18T06:06:59.868]Completed Shot 1, state 14
61647.638596 seconds (3.77 G allocations: 57.016 TiB, 5.28% gc time, 0.05% compilation time)
[2022-10-18T06:07:01.673]Completed Shot 1, state 21
61662.880909 seconds (3.77 G allocations: 57.027 TiB, 5.28% gc time, 0.05% compilation time)
[2022-10-18T06:07:16.966]Completed Shot 1, state 25
61664.913111 seconds (3.77 G allocations: 57.028 TiB, 5.28% gc time, 0.05% compilation time)
[2022-10-18T06:07:18.948]Completed Shot 1, state 23
61671.307425 seconds (3.77 G allocations: 57.032 TiB, 5.28% gc time, 0.05% compilation time)
[2022-10-18T06:07:25.341]Completed Shot 1, state 5
61672.892991 seconds (3.77 G allocations: 57.033 TiB, 5.28% gc time, 0.05% compilation time)
[2022-10-18T06:07:26.977]Completed Shot 1, state 11
61673.772063 seconds (3.77 G allocations: 57.034 TiB, 5.28% gc time, 0.05% compilation time)
[2022-10-18T06:07:27.856]Completed Shot 1, state 24
61684.314146 seconds (3.77 G allocations: 57.039 TiB, 5.28% gc time, 0.05% compilation time)
[2022-10-18T06:07:38.349]Completed Shot 1, state 8
61688.452714 seconds (3.77 G allocations: 57.040 TiB, 5.28% gc time, 0.05% compilation time)
[2022-10-18T06:07:42.486]Completed Shot 1, state 3
61688.603923 seconds (3.77 G allocations: 57.041 TiB, 5.28% gc time, 0.05% compilation time)
[2022-10-18T06:07:42.638]Completed Shot 1, state 10
61688.596211 seconds (3.77 G allocations: 57.041 TiB, 5.28% gc time, 0.05% compilation time)
[2022-10-18T06:07:42.638]Completed Shot 1, state 6
61689.248351 seconds (3.77 G allocations: 57.041 TiB, 5.28% gc time, 0.05% compilation time)
[2022-10-18T06:07:43.282]Completed Shot 1, state 1
61702.604355 seconds (3.77 G allocations: 57.043 TiB, 5.28% gc time, 0.05% compilation time)
[2022-10-18T06:07:56.638]Completed Shot 1, state 22
61703.794470 seconds (3.77 G allocations: 57.043 TiB, 5.28% gc time, 0.05% compilation time)
[2022-10-18T06:07:57.829]Completed Shot 1, state 17
61744.331011 seconds (3.77 G allocations: 57.045 TiB, 5.28% gc time, 0.05% compilation time)
[2022-10-18T06:08:38.415]Completed Shot 1, state 7
[2022-10-18T06:08:38.418]**********Simulation completed!**********
[2022-10-18T06:08:38.418]**********Saving**********
[2022-10-18T06:08:43.317]Saving file: /lustre/work/ws/ws1/hd_ku269-logs/LightCones/2022-10-17/7361055_N21_RPS.jld2
[2022-10-18T06:08:45.833]**********Run completed!**********

signal (11): Segmentation fault
in expression starting at none:0
setindex! at ./array.jl:966 [inlined]
unsafe_write at ./iobuffer.jl:430
unsafe_write at ./io.jl:419 [inlined]
write at ./strings/io.jl:244 [inlined]
print at ./strings/io.jl:246 [inlined]
showerror at ./errorshow.jl:142 [inlined]
#showerror#861 at ./errorshow.jl:88
showerror##kw at ./errorshow.jl:86 [inlined]
showvalue at /cache/build/default-amdci5-0/julialang/julia-release-1-dot-8/usr/share/julia/stdlib/v1.8/Logging/src/ConsoleLogger.jl:56
unknown function (ip: 0x148da21af818)
_jl_invoke at /cache/build/default-amdci5-0/julialang/julia-release-1-dot-8/src/gf.c:2367 [inlined]
ijl_apply_generic at /cache/build/default-amdci5-0/julialang/julia-release-1-dot-8/src/gf.c:2549
#handle_message#3 at /cache/build/default-amdci5-0/julialang/julia-release-1-dot-8/usr/share/julia/stdlib/v1.8/Logging/src/ConsoleLogger.jl:134
handle_message##kw at /cache/build/default-amdci5-0/julialang/julia-release-1-dot-8/usr/share/julia/stdlib/v1.8/Logging/src/ConsoleLogger.jl:106
unknown function (ip: 0x148da21a41f4)
_jl_invoke at /cache/build/default-amdci5-0/julialang/julia-release-1-dot-8/src/gf.c:2367 [inlined]
ijl_apply_generic at /cache/build/default-amdci5-0/julialang/julia-release-1-dot-8/src/gf.c:2549
macro expansion at ./logging.jl:365 [inlined]
profile_printing_listener at /cache/build/default-amdci5-0/julialang/julia-release-1-dot-8/usr/share/julia/stdlib/v1.8/Profile/src/Profile.jl:44
#3 at ./threadingconstructs.jl:258
jfptr_YY.3_66369.clone_1 at /lustre/home/hd/hd_hd/hd_ku269/julia-1.8.1/lib/julia/sys.so (unknown line)
_jl_invoke at /cache/build/default-amdci5-0/julialang/julia-release-1-dot-8/src/gf.c:2367 [inlined]
ijl_apply_generic at /cache/build/default-amdci5-0/julialang/julia-release-1-dot-8/src/gf.c:2549
jl_apply at /cache/build/default-amdci5-0/julialang/julia-release-1-dot-8/src/julia.h:1838 [inlined]
start_task at /cache/build/default-amdci5-0/julialang/julia-release-1-dot-8/src/task.c:931
Allocations: 3980706862 (Pool: 3978331949; Big: 2374913); GC: 16067
