  Activating project at `/lustre/work/ws/ws1/hd_ku269-light_cones/LightCones`
Added MKL.jl
Project LightCones v0.1.0
Status `/lustre/work/ws/ws1/hd_ku269-light_cones/LightCones/Project.toml`
  [7d9fca2a] Arpack v0.5.3
  [7073ff75] IJulia v1.23.3
  [033835bb] JLD2 v0.4.25
  [0b1a1467] KrylovKit v0.5.4
  [d3d80556] LineSearches v7.2.0
  [33e6dc65] MKL v0.5.0
  [429524aa] Optim v1.7.3
  [91a5bcdd] Plots v1.35.3
  [c3e4b0f8] Pluto v0.19.13
  [3c0b384b] QuantumInformation v0.4.9
  [189a3867] Reexport v1.2.2
  [295af30f] Revise v3.4.0
  [ebcc8a00] SpinSymmetry v0.3.3
  [59d54670] ThreadedSparseArrays v0.2.2
  [ade2ca70] Dates
  [8ba89e20] Distributed
  [37e2e46d] LinearAlgebra
  [de0858da] Printf
  [9a3f8284] Random
  [1a1011a3] SharedArrays
  [2f01184e] SparseArrays
  [10745b16] Statistics
[2022-10-15T17:17:04.391]**********RANDOM FIELDS**********
shared_krylov.jl
Working Directory:          /lustre/work/ws/ws1/hd_ku269-light_cones/LightCones
SLURM Directory:            /lustre/work/ws/ws1/hd_ku269-light_cones/LightCones 
Running on host:            n1335
Job id:                     7354083
Job name:                   otoc_simulation_N21_RPS_sector
Number of nodes allocated:  
Number of cores allocated:  1
#threads of Julia:          96
#threads of BLAS:           1
ARGS = ["21", "1", "25", "RPS", "z", "0"]
LOCATION = "/lustre/work/ws/ws1/hd_ku269-logs/LightCones/2022-10-15"
N = 21
SHOTS = 1
MULT_RANDOM_STATES = true
N_RANDOM_STATES = 25
TYPE_OF_RS = "RPS"
OBSERVABLE = "z"
DISORDER_PARAM = 0.0
[2022-10-15T17:17:04.594]**********Running simulation**********
[2022-10-15T17:17:04.649]trange = 0.0:0.1:3.0
before H
after H
memory allocated: 629245512memory of full H: 3573547176test
62598.618030 seconds (3.77 G allocations: 56.905 TiB, 5.14% gc time, 0.03% compilation time)
[2022-10-16T10:48:52.595]Completed Shot 1, state 17
62601.293683 seconds (3.77 G allocations: 56.907 TiB, 5.14% gc time, 0.03% compilation time)
[2022-10-16T10:48:55.205]Completed Shot 1, state 10
62653.211537 seconds (3.77 G allocations: 56.948 TiB, 5.14% gc time, 0.03% compilation time)
[2022-10-16T10:49:47.156]Completed Shot 1, state 5
62662.962768 seconds (3.77 G allocations: 56.955 TiB, 5.14% gc time, 0.03% compilation time)
[2022-10-16T10:49:56.876]Completed Shot 1, state 3
62687.758854 seconds (3.77 G allocations: 56.975 TiB, 5.14% gc time, 0.03% compilation time)
[2022-10-16T10:50:21.672]Completed Shot 1, state 15
62691.103014 seconds (3.77 G allocations: 56.977 TiB, 5.14% gc time, 0.03% compilation time)
[2022-10-16T10:50:25.014]Completed Shot 1, state 1
62691.475731 seconds (3.77 G allocations: 56.978 TiB, 5.14% gc time, 0.03% compilation time)
[2022-10-16T10:50:25.388]Completed Shot 1, state 23
62691.617067 seconds (3.77 G allocations: 56.978 TiB, 5.14% gc time, 0.03% compilation time)
[2022-10-16T10:50:25.530]Completed Shot 1, state 20
62693.833926 seconds (3.77 G allocations: 56.979 TiB, 5.14% gc time, 0.03% compilation time)
[2022-10-16T10:50:27.779]Completed Shot 1, state 19
62698.167445 seconds (3.77 G allocations: 56.982 TiB, 5.14% gc time, 0.03% compilation time)
[2022-10-16T10:50:32.113]Completed Shot 1, state 4
62703.810544 seconds (3.77 G allocations: 56.986 TiB, 5.14% gc time, 0.03% compilation time)
[2022-10-16T10:50:37.756]Completed Shot 1, state 7
62705.809561 seconds (3.77 G allocations: 56.987 TiB, 5.14% gc time, 0.03% compilation time)
[2022-10-16T10:50:39.722]Completed Shot 1, state 13
62708.445005 seconds (3.77 G allocations: 56.988 TiB, 5.14% gc time, 0.03% compilation time)
[2022-10-16T10:50:42.358]Completed Shot 1, state 25
62710.826108 seconds (3.77 G allocations: 56.990 TiB, 5.14% gc time, 0.03% compilation time)
[2022-10-16T10:50:44.770]Completed Shot 1, state 12
62711.949765 seconds (3.77 G allocations: 56.990 TiB, 5.14% gc time, 0.03% compilation time)
[2022-10-16T10:50:45.863]Completed Shot 1, state 2
62713.869534 seconds (3.77 G allocations: 56.991 TiB, 5.14% gc time, 0.03% compilation time)
[2022-10-16T10:50:47.782]Completed Shot 1, state 22
62716.050906 seconds (3.77 G allocations: 56.992 TiB, 5.14% gc time, 0.03% compilation time)
[2022-10-16T10:50:49.995]Completed Shot 1, state 16
62722.646759 seconds (3.77 G allocations: 56.995 TiB, 5.14% gc time, 0.03% compilation time)
[2022-10-16T10:50:56.591]Completed Shot 1, state 6
62723.998483 seconds (3.77 G allocations: 56.995 TiB, 5.14% gc time, 0.03% compilation time)
[2022-10-16T10:50:57.941]Completed Shot 1, state 18
62726.057917 seconds (3.77 G allocations: 56.996 TiB, 5.14% gc time, 0.03% compilation time)
[2022-10-16T10:50:59.970]Completed Shot 1, state 21
62727.296556 seconds (3.77 G allocations: 56.997 TiB, 5.14% gc time, 0.03% compilation time)
[2022-10-16T10:51:01.239]Completed Shot 1, state 8
62732.107141 seconds (3.77 G allocations: 56.998 TiB, 5.14% gc time, 0.03% compilation time)
[2022-10-16T10:51:06.019]Completed Shot 1, state 9
62740.375686 seconds (3.77 G allocations: 57.000 TiB, 5.14% gc time, 0.03% compilation time)
[2022-10-16T10:51:14.319]Completed Shot 1, state 11
62741.171336 seconds (3.77 G allocations: 57.000 TiB, 5.14% gc time, 0.03% compilation time)
[2022-10-16T10:51:15.092]Completed Shot 1, state 14
62757.487553 seconds (3.77 G allocations: 57.001 TiB, 5.14% gc time, 0.03% compilation time)
[2022-10-16T10:51:31.399]Completed Shot 1, state 24
[2022-10-16T10:51:31.401]**********Simulation completed!**********
[2022-10-16T10:51:31.402]**********Saving**********
[2022-10-16T10:51:35.971]Saving file: /lustre/work/ws/ws1/hd_ku269-logs/LightCones/2022-10-15/7354083_N21_RPS.jld2
[2022-10-16T10:51:38.988]**********Run completed!**********
