  Activating project at `/lustre/work/ws/ws1/hd_ku269-light_cones/LightCones`
Added MKL.jl
Project LightCones v0.1.0
Status `/lustre/work/ws/ws1/hd_ku269-light_cones/LightCones/Project.toml`
  [7d9fca2a] Arpack v0.5.3
  [7073ff75] IJulia v1.23.3
  [033835bb] JLD2 v0.4.25
  [0b1a1467] KrylovKit v0.5.4
  [d3d80556] LineSearches v7.2.0
  [33e6dc65] MKL v0.5.0
  [429524aa] Optim v1.7.3
  [91a5bcdd] Plots v1.35.3
  [c3e4b0f8] Pluto v0.19.13
  [3c0b384b] QuantumInformation v0.4.9
  [189a3867] Reexport v1.2.2
  [295af30f] Revise v3.4.0
  [ebcc8a00] SpinSymmetry v0.3.3
  [59d54670] ThreadedSparseArrays v0.2.2
  [ade2ca70] Dates
  [8ba89e20] Distributed
  [37e2e46d] LinearAlgebra
  [de0858da] Printf
  [9a3f8284] Random
  [1a1011a3] SharedArrays
  [2f01184e] SparseArrays
  [10745b16] Statistics
[2022-10-14T23:40:54.035]**********RANDOM FIELDS**********
shared_krylov.jl
Working Directory:          /lustre/work/ws/ws1/hd_ku269-light_cones/LightCones
SLURM Directory:            /lustre/work/ws/ws1/hd_ku269-light_cones/LightCones 
Running on host:            n1335
Job id:                     7354068
Job name:                   otoc_simulation_N21_RPS_sector
Number of nodes allocated:  
Number of cores allocated:  1
#threads of Julia:          96
#threads of BLAS:           1
ARGS = ["21", "1", "25", "RPS", "z", "0"]
LOCATION = "/lustre/work/ws/ws1/hd_ku269-logs/LightCones/2022-10-14"
N = 21
SHOTS = 1
MULT_RANDOM_STATES = true
N_RANDOM_STATES = 25
TYPE_OF_RS = "RPS"
OBSERVABLE = "z"
DISORDER_PARAM = 0.0
[2022-10-14T23:40:54.240]**********Running simulation**********
[2022-10-14T23:40:54.296]trange = 0.0:0.1:3.0
before H
after H
memory allocated: 629245512memory of full H: 3573547176test
62560.393232 seconds (3.74 G allocations: 56.794 TiB, 5.39% gc time, 0.01% compilation time)
[2022-10-15T17:12:28.433]Completed Shot 1, state 25
62581.837910 seconds (3.77 G allocations: 56.806 TiB, 5.39% gc time, 0.03% compilation time)
[2022-10-15T17:12:38.341]Completed Shot 1, state 21
62596.616846 seconds (3.74 G allocations: 56.824 TiB, 5.39% gc time, 0.01% compilation time)
[2022-10-15T17:13:04.829]Completed Shot 1, state 5
62604.202903 seconds (3.74 G allocations: 56.830 TiB, 5.39% gc time, 0.01% compilation time)
[2022-10-15T17:13:12.529]Completed Shot 1, state 24
62636.316530 seconds (3.77 G allocations: 56.852 TiB, 5.39% gc time, 0.03% compilation time)
[2022-10-15T17:13:32.819]Completed Shot 1, state 9
62648.917302 seconds (3.77 G allocations: 56.862 TiB, 5.39% gc time, 0.03% compilation time)
[2022-10-15T17:13:45.392]Completed Shot 1, state 19
62696.824661 seconds (3.77 G allocations: 56.900 TiB, 5.39% gc time, 0.03% compilation time)
[2022-10-15T17:14:33.293]Completed Shot 1, state 1
62685.693287 seconds (3.74 G allocations: 56.898 TiB, 5.39% gc time, 0.01% compilation time)
[2022-10-15T17:14:33.588]Completed Shot 1, state 2
62705.122346 seconds (3.77 G allocations: 56.906 TiB, 5.39% gc time, 0.03% compilation time)
[2022-10-15T17:14:41.591]Completed Shot 1, state 4
62709.111098 seconds (3.77 G allocations: 56.909 TiB, 5.39% gc time, 0.03% compilation time)
[2022-10-15T17:14:45.579]Completed Shot 1, state 15
62716.983779 seconds (3.77 G allocations: 56.915 TiB, 5.39% gc time, 0.03% compilation time)
[2022-10-15T17:14:53.486]Completed Shot 1, state 3
62717.791592 seconds (3.77 G allocations: 56.916 TiB, 5.39% gc time, 0.03% compilation time)
[2022-10-15T17:14:54.267]Completed Shot 1, state 12
62720.652878 seconds (3.77 G allocations: 56.918 TiB, 5.39% gc time, 0.03% compilation time)
[2022-10-15T17:14:57.155]Completed Shot 1, state 14
62723.449096 seconds (3.77 G allocations: 56.920 TiB, 5.39% gc time, 0.03% compilation time)
[2022-10-15T17:14:59.954]Completed Shot 1, state 18
62723.464084 seconds (3.77 G allocations: 56.920 TiB, 5.39% gc time, 0.03% compilation time)
[2022-10-15T17:14:59.968]Completed Shot 1, state 22
62727.188278 seconds (3.77 G allocations: 56.922 TiB, 5.39% gc time, 0.03% compilation time)
[2022-10-15T17:15:03.656]Completed Shot 1, state 10
62728.734731 seconds (3.77 G allocations: 56.923 TiB, 5.39% gc time, 0.03% compilation time)
[2022-10-15T17:15:05.210]Completed Shot 1, state 23
62736.988896 seconds (3.77 G allocations: 56.927 TiB, 5.39% gc time, 0.03% compilation time)
[2022-10-15T17:15:13.493]Completed Shot 1, state 17
62752.583352 seconds (3.77 G allocations: 56.935 TiB, 5.40% gc time, 0.03% compilation time)
[2022-10-15T17:15:29.052]Completed Shot 1, state 11
62762.532142 seconds (3.77 G allocations: 56.938 TiB, 5.40% gc time, 0.03% compilation time)
[2022-10-15T17:15:39.007]Completed Shot 1, state 6
62759.415250 seconds (3.74 G allocations: 56.939 TiB, 5.39% gc time, 0.01% compilation time)
[2022-10-15T17:15:47.307]Completed Shot 1, state 16
62762.032482 seconds (3.74 G allocations: 56.939 TiB, 5.39% gc time, 0.01% compilation time)
[2022-10-15T17:15:49.891]Completed Shot 1, state 7
62781.111967 seconds (3.77 G allocations: 56.943 TiB, 5.39% gc time, 0.03% compilation time)
[2022-10-15T17:15:57.587]Completed Shot 1, state 20
62784.183480 seconds (3.77 G allocations: 56.943 TiB, 5.39% gc time, 0.03% compilation time)
[2022-10-15T17:16:00.687]Completed Shot 1, state 8
62794.945151 seconds (3.77 G allocations: 56.944 TiB, 5.39% gc time, 0.03% compilation time)
[2022-10-15T17:16:11.447]Completed Shot 1, state 13
[2022-10-15T17:16:11.449]**********Simulation completed!**********
[2022-10-15T17:16:11.450]**********Saving**********
[2022-10-15T17:16:16.040]Saving file: /lustre/work/ws/ws1/hd_ku269-logs/LightCones/2022-10-14/7354068_N21_RPS.jld2
[2022-10-15T17:16:19.012]**********Run completed!**********
