  Activating project at `/lustre/work/ws/ws1/hd_ku269-light_cones/LightCones`
Added MKL.jl
Project LightCones v0.1.0
Status `/lustre/work/ws/ws1/hd_ku269-light_cones/LightCones/Project.toml`
  [7d9fca2a] Arpack v0.5.3
  [7073ff75] IJulia v1.23.3
  [033835bb] JLD2 v0.4.25
  [0b1a1467] KrylovKit v0.5.4
  [d3d80556] LineSearches v7.2.0
  [33e6dc65] MKL v0.5.0
  [429524aa] Optim v1.7.3
  [91a5bcdd] Plots v1.35.3
  [c3e4b0f8] Pluto v0.19.13
  [3c0b384b] QuantumInformation v0.4.9
  [189a3867] Reexport v1.2.2
  [295af30f] Revise v3.4.0
  [ebcc8a00] SpinSymmetry v0.3.3
  [59d54670] ThreadedSparseArrays v0.2.2
  [ade2ca70] Dates
  [8ba89e20] Distributed
  [37e2e46d] LinearAlgebra
  [de0858da] Printf
  [9a3f8284] Random
  [1a1011a3] SharedArrays
  [2f01184e] SparseArrays
  [10745b16] Statistics
[2022-10-17T05:24:31.618]**********RANDOM FIELDS**********
shared_krylov.jl
Working Directory:          /lustre/work/ws/ws1/hd_ku269-light_cones/LightCones
SLURM Directory:            /lustre/work/ws/ws1/hd_ku269-light_cones/LightCones 
Running on host:            n1431
Job id:                     7361045
Job name:                   otoc_simulation_N21_RPS_sector
Number of nodes allocated:  
Number of cores allocated:  1
#threads of Julia:          96
#threads of BLAS:           1
ARGS = ["21", "1", "25", "RPS", "z", "0"]
LOCATION = "/lustre/work/ws/ws1/hd_ku269-logs/LightCones/2022-10-17"
N = 21
SHOTS = 1
MULT_RANDOM_STATES = true
N_RANDOM_STATES = 25
TYPE_OF_RS = "RPS"
OBSERVABLE = "z"
DISORDER_PARAM = 0.0
[2022-10-17T05:24:31.829]**********Running simulation**********
[2022-10-17T05:24:31.884]trange = 0.0:0.1:3.0
before H
after H
memory allocated: 629245512memory of full H: 3573547176test
63837.217897 seconds (3.77 G allocations: 56.960 TiB, 5.24% gc time, 0.04% compilation time)
[2022-10-17T23:16:48.710]Completed Shot 1, state 18
63887.960537 seconds (3.77 G allocations: 57.004 TiB, 5.23% gc time, 0.04% compilation time)
[2022-10-17T23:17:39.328]Completed Shot 1, state 22
63957.226278 seconds (3.77 G allocations: 57.060 TiB, 5.23% gc time, 0.04% compilation time)
[2022-10-17T23:18:48.587]Completed Shot 1, state 23
63959.604005 seconds (3.77 G allocations: 57.062 TiB, 5.23% gc time, 0.04% compilation time)
[2022-10-17T23:18:50.998]Completed Shot 1, state 6
63967.750430 seconds (3.77 G allocations: 57.068 TiB, 5.23% gc time, 0.04% compilation time)
[2022-10-17T23:18:59.144]Completed Shot 1, state 14
63975.407683 seconds (3.77 G allocations: 57.074 TiB, 5.23% gc time, 0.04% compilation time)
[2022-10-17T23:19:06.799]Completed Shot 1, state 15
63982.212360 seconds (3.77 G allocations: 57.080 TiB, 5.23% gc time, 0.04% compilation time)
[2022-10-17T23:19:13.574]Completed Shot 1, state 8
63982.219801 seconds (3.77 G allocations: 57.080 TiB, 5.23% gc time, 0.04% compilation time)
[2022-10-17T23:19:13.587]Completed Shot 1, state 24
63992.836726 seconds (3.77 G allocations: 57.089 TiB, 5.23% gc time, 0.04% compilation time)
[2022-10-17T23:19:24.231]Completed Shot 1, state 3
63999.290357 seconds (3.77 G allocations: 57.094 TiB, 5.23% gc time, 0.04% compilation time)
[2022-10-17T23:19:30.682]Completed Shot 1, state 13
64002.919645 seconds (3.77 G allocations: 57.096 TiB, 5.23% gc time, 0.04% compilation time)
[2022-10-17T23:19:34.280]Completed Shot 1, state 1
64007.159269 seconds (3.77 G allocations: 57.099 TiB, 5.23% gc time, 0.04% compilation time)
[2022-10-17T23:19:38.521]Completed Shot 1, state 16
64011.009096 seconds (3.77 G allocations: 57.102 TiB, 5.23% gc time, 0.04% compilation time)
[2022-10-17T23:19:42.401]Completed Shot 1, state 9
64014.339022 seconds (3.77 G allocations: 57.104 TiB, 5.23% gc time, 0.04% compilation time)
[2022-10-17T23:19:45.731]Completed Shot 1, state 5
64028.114706 seconds (3.77 G allocations: 57.112 TiB, 5.24% gc time, 0.04% compilation time)
[2022-10-17T23:19:59.475]Completed Shot 1, state 17
64028.174227 seconds (3.77 G allocations: 57.112 TiB, 5.24% gc time, 0.04% compilation time)
[2022-10-17T23:19:59.568]Completed Shot 1, state 25
64033.569395 seconds (3.77 G allocations: 57.114 TiB, 5.24% gc time, 0.04% compilation time)
[2022-10-17T23:20:04.930]Completed Shot 1, state 11
64035.851925 seconds (3.77 G allocations: 57.115 TiB, 5.24% gc time, 0.04% compilation time)
[2022-10-17T23:20:07.213]Completed Shot 1, state 2
64037.586236 seconds (3.77 G allocations: 57.116 TiB, 5.24% gc time, 0.04% compilation time)
[2022-10-17T23:20:08.947]Completed Shot 1, state 21
64043.042395 seconds (3.77 G allocations: 57.118 TiB, 5.24% gc time, 0.04% compilation time)
[2022-10-17T23:20:14.435]Completed Shot 1, state 12
64051.151402 seconds (3.77 G allocations: 57.120 TiB, 5.24% gc time, 0.04% compilation time)
[2022-10-17T23:20:22.543]Completed Shot 1, state 20
64053.906645 seconds (3.77 G allocations: 57.121 TiB, 5.24% gc time, 0.04% compilation time)
[2022-10-17T23:20:25.299]Completed Shot 1, state 19
64054.673901 seconds (3.77 G allocations: 57.121 TiB, 5.24% gc time, 0.04% compilation time)
[2022-10-17T23:20:26.067]Completed Shot 1, state 7
64051.737584 seconds (3.74 G allocations: 57.115 TiB, 5.23% gc time, 0.02% compilation time)
[2022-10-17T23:20:34.890]Completed Shot 1, state 10
64071.743910 seconds (3.77 G allocations: 57.122 TiB, 5.23% gc time, 0.04% compilation time)
[2022-10-17T23:20:43.111]Completed Shot 1, state 4
[2022-10-17T23:20:43.132]**********Simulation completed!**********
[2022-10-17T23:20:43.133]**********Saving**********
[2022-10-17T23:20:49.123]Saving file: /lustre/work/ws/ws1/hd_ku269-logs/LightCones/2022-10-17/7361045_N21_RPS.jld2
[2022-10-17T23:20:51.306]**********Run completed!**********
