  Activating project at `/lustre/work/ws/ws1/hd_ku269-light_cones/LightCones`
Added MKL.jl
Project LightCones v0.1.0
Status `/lustre/work/ws/ws1/hd_ku269-light_cones/LightCones/Project.toml`
  [7d9fca2a] Arpack v0.5.3
  [7073ff75] IJulia v1.23.3
  [033835bb] JLD2 v0.4.25
  [0b1a1467] KrylovKit v0.5.4
  [d3d80556] LineSearches v7.2.0
  [33e6dc65] MKL v0.5.0
  [429524aa] Optim v1.7.3
  [91a5bcdd] Plots v1.35.3
  [c3e4b0f8] Pluto v0.19.13
  [3c0b384b] QuantumInformation v0.4.9
  [189a3867] Reexport v1.2.2
  [295af30f] Revise v3.4.0
  [ebcc8a00] SpinSymmetry v0.3.3
  [59d54670] ThreadedSparseArrays v0.2.2
  [ade2ca70] Dates
  [8ba89e20] Distributed
  [37e2e46d] LinearAlgebra
  [de0858da] Printf
  [9a3f8284] Random
  [1a1011a3] SharedArrays
  [2f01184e] SparseArrays
  [10745b16] Statistics
[2022-10-15T17:51:29.628]**********RANDOM FIELDS**********
shared_krylov.jl
Working Directory:          /lustre/work/ws/ws1/hd_ku269-light_cones/LightCones
SLURM Directory:            /lustre/work/ws/ws1/hd_ku269-light_cones/LightCones 
Running on host:            n1430
Job id:                     7354084
Job name:                   otoc_simulation_N21_RPS_sector
Number of nodes allocated:  
Number of cores allocated:  1
#threads of Julia:          96
#threads of BLAS:           1
ARGS = ["21", "1", "25", "RPS", "z", "0"]
LOCATION = "/lustre/work/ws/ws1/hd_ku269-logs/LightCones/2022-10-15"
N = 21
SHOTS = 1
MULT_RANDOM_STATES = true
N_RANDOM_STATES = 25
TYPE_OF_RS = "RPS"
OBSERVABLE = "z"
DISORDER_PARAM = 0.0
[2022-10-15T17:51:29.832]**********Running simulation**********
[2022-10-15T17:51:29.887]trange = 0.0:0.1:3.0
before H
after H
memory allocated: 629245512memory of full H: 3573547176test
63428.805106 seconds (3.77 G allocations: 56.845 TiB, 5.18% gc time, 0.03% compilation time)
[2022-10-16T11:37:20.126]Completed Shot 1, state 5
63500.076795 seconds (3.77 G allocations: 56.907 TiB, 5.18% gc time, 0.03% compilation time)
[2022-10-16T11:38:31.331]Completed Shot 1, state 8
63501.811554 seconds (3.77 G allocations: 56.908 TiB, 5.18% gc time, 0.03% compilation time)
[2022-10-16T11:38:33.100]Completed Shot 1, state 20
63539.113431 seconds (3.77 G allocations: 56.940 TiB, 5.18% gc time, 0.03% compilation time)
[2022-10-16T11:39:10.367]Completed Shot 1, state 25
63619.853303 seconds (3.77 G allocations: 57.004 TiB, 5.18% gc time, 0.03% compilation time)
[2022-10-16T11:40:31.108]Completed Shot 1, state 16
63636.823379 seconds (3.77 G allocations: 57.017 TiB, 5.18% gc time, 0.03% compilation time)
[2022-10-16T11:40:48.077]Completed Shot 1, state 7
63640.693156 seconds (3.77 G allocations: 57.020 TiB, 5.18% gc time, 0.03% compilation time)
[2022-10-16T11:40:51.947]Completed Shot 1, state 10
63641.565891 seconds (3.77 G allocations: 57.021 TiB, 5.18% gc time, 0.03% compilation time)
[2022-10-16T11:40:52.851]Completed Shot 1, state 6
63642.202445 seconds (3.77 G allocations: 57.021 TiB, 5.18% gc time, 0.03% compilation time)
[2022-10-16T11:40:53.457]Completed Shot 1, state 22
63645.344939 seconds (3.77 G allocations: 57.023 TiB, 5.18% gc time, 0.03% compilation time)
[2022-10-16T11:40:56.598]Completed Shot 1, state 2
63646.241373 seconds (3.77 G allocations: 57.024 TiB, 5.18% gc time, 0.03% compilation time)
[2022-10-16T11:40:57.495]Completed Shot 1, state 21
63648.835321 seconds (3.77 G allocations: 57.026 TiB, 5.18% gc time, 0.03% compilation time)
[2022-10-16T11:41:00.120]Completed Shot 1, state 14
63652.992431 seconds (3.77 G allocations: 57.029 TiB, 5.18% gc time, 0.03% compilation time)
[2022-10-16T11:41:04.246]Completed Shot 1, state 24
63657.650496 seconds (3.77 G allocations: 57.031 TiB, 5.18% gc time, 0.03% compilation time)
[2022-10-16T11:41:08.939]Completed Shot 1, state 9
63662.738371 seconds (3.77 G allocations: 57.034 TiB, 5.18% gc time, 0.03% compilation time)
[2022-10-16T11:41:14.001]Completed Shot 1, state 11
63666.880147 seconds (3.77 G allocations: 57.037 TiB, 5.18% gc time, 0.03% compilation time)
[2022-10-16T11:41:18.134]Completed Shot 1, state 15
63674.340413 seconds (3.77 G allocations: 57.040 TiB, 5.18% gc time, 0.03% compilation time)
[2022-10-16T11:41:25.593]Completed Shot 1, state 1
63674.358639 seconds (3.77 G allocations: 57.040 TiB, 5.18% gc time, 0.03% compilation time)
[2022-10-16T11:41:25.644]Completed Shot 1, state 4
63676.119565 seconds (3.77 G allocations: 57.041 TiB, 5.18% gc time, 0.03% compilation time)
[2022-10-16T11:41:27.404]Completed Shot 1, state 17
63676.216674 seconds (3.77 G allocations: 57.041 TiB, 5.18% gc time, 0.03% compilation time)
[2022-10-16T11:41:27.471]Completed Shot 1, state 19
63666.602991 seconds (3.74 G allocations: 57.036 TiB, 5.18% gc time, 0.01% compilation time)
[2022-10-16T11:41:28.690]Completed Shot 1, state 18
63687.319394 seconds (3.77 G allocations: 57.045 TiB, 5.18% gc time, 0.03% compilation time)
[2022-10-16T11:41:38.573]Completed Shot 1, state 13
63678.477235 seconds (3.74 G allocations: 57.044 TiB, 5.18% gc time, 0.01% compilation time)
[2022-10-16T11:41:40.120]Completed Shot 1, state 23
63691.161631 seconds (3.77 G allocations: 57.045 TiB, 5.18% gc time, 0.03% compilation time)
[2022-10-16T11:41:42.451]Completed Shot 1, state 12
63692.420318 seconds (3.77 G allocations: 57.045 TiB, 5.18% gc time, 0.03% compilation time)
[2022-10-16T11:41:43.708]Completed Shot 1, state 3
[2022-10-16T11:41:43.710]**********Simulation completed!**********
[2022-10-16T11:41:43.711]**********Saving**********
[2022-10-16T11:41:48.339]Saving file: /lustre/work/ws/ws1/hd_ku269-logs/LightCones/2022-10-15/7354084_N21_RPS.jld2
[2022-10-16T11:41:51.245]**********Run completed!**********
