  Activating project at `/lustre/work/ws/ws1/hd_ku269-light_cones/LightCones`
Added MKL.jl
Project LightCones v0.1.0
Status `/lustre/work/ws/ws1/hd_ku269-light_cones/LightCones/Project.toml`
  [7d9fca2a] Arpack v0.5.3
  [7073ff75] IJulia v1.23.3
  [033835bb] JLD2 v0.4.25
  [0b1a1467] KrylovKit v0.5.4
  [d3d80556] LineSearches v7.2.0
  [33e6dc65] MKL v0.5.0
  [429524aa] Optim v1.7.3
  [91a5bcdd] Plots v1.35.3
  [c3e4b0f8] Pluto v0.19.13
  [3c0b384b] QuantumInformation v0.4.9
  [189a3867] Reexport v1.2.2
  [295af30f] Revise v3.4.0
  [ebcc8a00] SpinSymmetry v0.3.3
  [59d54670] ThreadedSparseArrays v0.2.2
  [ade2ca70] Dates
  [8ba89e20] Distributed
  [37e2e46d] LinearAlgebra
  [de0858da] Printf
  [9a3f8284] Random
  [1a1011a3] SharedArrays
  [2f01184e] SparseArrays
  [10745b16] Statistics
[2022-10-12T00:26:32.482]**********RANDOM FIELDS**********
shared_krylov.jl
Working Directory:          /lustre/work/ws/ws1/hd_ku269-light_cones/LightCones
SLURM Directory:            /lustre/work/ws/ws1/hd_ku269-light_cones/LightCones 
Running on host:            n1617
Job id:                     7337638
Job name:                   otoc_simulation_N19_RPS_sector
Number of nodes allocated:  
Number of cores allocated:  1
#threads of Julia:          96
#threads of BLAS:           1
ARGS = ["19", "1", "50", "RPS", "z", "0"]
LOCATION = "/lustre/work/ws/ws1/hd_ku269-logs/LightCones/2022-10-12"
N = 19
SHOTS = 1
MULT_RANDOM_STATES = true
N_RANDOM_STATES = 50
TYPE_OF_RS = "RPS"
OBSERVABLE = "z"
DISORDER_PARAM = 0.0
[2022-10-12T00:26:32.676]**********Running simulation**********
[2022-10-12T00:26:32.731]trange = 0.0:0.1:5.0
before H
after H
memory allocated: 135241560memory of full H: 729809064test
58418.569001 seconds (2.74 G allocations: 69.526 TiB, 5.27% gc time, 0.04% compilation time)
[2022-10-12T16:41:31.765]Completed Shot 1, state 44
58429.125805 seconds (2.74 G allocations: 69.538 TiB, 5.27% gc time, 0.04% compilation time)
[2022-10-12T16:41:42.025]Completed Shot 1, state 10
58434.461984 seconds (2.74 G allocations: 69.543 TiB, 5.27% gc time, 0.04% compilation time)
[2022-10-12T16:41:47.362]Completed Shot 1, state 29
58436.951945 seconds (2.74 G allocations: 69.546 TiB, 5.27% gc time, 0.04% compilation time)
[2022-10-12T16:41:49.819]Completed Shot 1, state 41
58442.128819 seconds (2.74 G allocations: 69.552 TiB, 5.27% gc time, 0.04% compilation time)
[2022-10-12T16:41:55.031]Completed Shot 1, state 6
58445.593903 seconds (2.74 G allocations: 69.556 TiB, 5.27% gc time, 0.04% compilation time)
[2022-10-12T16:41:58.461]Completed Shot 1, state 45
58439.249203 seconds (2.72 G allocations: 69.560 TiB, 5.27% gc time, 0.02% compilation time)
[2022-10-12T16:42:03.066]Completed Shot 1, state 21
58452.809188 seconds (2.74 G allocations: 69.564 TiB, 5.27% gc time, 0.04% compilation time)
[2022-10-12T16:42:05.677]Completed Shot 1, state 25
58443.299981 seconds (2.70 G allocations: 69.562 TiB, 5.27% gc time, 0.02% compilation time)
[2022-10-12T16:42:07.693]Completed Shot 1, state 23
58455.777250 seconds (2.74 G allocations: 69.568 TiB, 5.27% gc time, 0.04% compilation time)
[2022-10-12T16:42:08.652]Completed Shot 1, state 27
58457.622075 seconds (2.74 G allocations: 69.570 TiB, 5.27% gc time, 0.04% compilation time)
[2022-10-12T16:42:10.522]Completed Shot 1, state 8
58457.695029 seconds (2.74 G allocations: 69.570 TiB, 5.27% gc time, 0.04% compilation time)
[2022-10-12T16:42:10.595]Completed Shot 1, state 19
58449.136220 seconds (2.72 G allocations: 69.570 TiB, 5.27% gc time, 0.02% compilation time)
[2022-10-12T16:42:13.014]Completed Shot 1, state 39
58449.279788 seconds (2.70 G allocations: 69.569 TiB, 5.27% gc time, 0.02% compilation time)
[2022-10-12T16:42:13.659]Completed Shot 1, state 2
58449.655940 seconds (2.71 G allocations: 69.570 TiB, 5.27% gc time, 0.02% compilation time)
[2022-10-12T16:42:13.750]Completed Shot 1, state 30
58457.660879 seconds (2.70 G allocations: 69.578 TiB, 5.27% gc time, 0.02% compilation time)
[2022-10-12T16:42:22.067]Completed Shot 1, state 33
58460.670945 seconds (2.70 G allocations: 69.581 TiB, 5.27% gc time, 0.02% compilation time)
[2022-10-12T16:42:25.068]Completed Shot 1, state 46
58473.586501 seconds (2.74 G allocations: 69.587 TiB, 5.27% gc time, 0.04% compilation time)
[2022-10-12T16:42:26.489]Completed Shot 1, state 20
58474.542905 seconds (2.74 G allocations: 69.588 TiB, 5.27% gc time, 0.04% compilation time)
[2022-10-12T16:42:27.443]Completed Shot 1, state 50
58474.595624 seconds (2.74 G allocations: 69.588 TiB, 5.27% gc time, 0.04% compilation time)
[2022-10-12T16:42:27.471]Completed Shot 1, state 18
58464.543897 seconds (2.72 G allocations: 69.587 TiB, 5.27% gc time, 0.02% compilation time)
[2022-10-12T16:42:28.422]Completed Shot 1, state 16
58476.160159 seconds (2.74 G allocations: 69.590 TiB, 5.27% gc time, 0.04% compilation time)
[2022-10-12T16:42:29.061]Completed Shot 1, state 17
58476.383317 seconds (2.74 G allocations: 69.590 TiB, 5.27% gc time, 0.04% compilation time)
[2022-10-12T16:42:29.286]Completed Shot 1, state 28
58476.454502 seconds (2.74 G allocations: 69.590 TiB, 5.27% gc time, 0.04% compilation time)
[2022-10-12T16:42:29.330]Completed Shot 1, state 4
58476.938348 seconds (2.74 G allocations: 69.591 TiB, 5.27% gc time, 0.04% compilation time)
[2022-10-12T16:42:29.839]Completed Shot 1, state 15
58478.230393 seconds (2.74 G allocations: 69.592 TiB, 5.27% gc time, 0.04% compilation time)
[2022-10-12T16:42:31.130]Completed Shot 1, state 22
58478.255466 seconds (2.74 G allocations: 69.592 TiB, 5.27% gc time, 0.04% compilation time)
[2022-10-12T16:42:31.154]Completed Shot 1, state 5
58479.385430 seconds (2.74 G allocations: 69.593 TiB, 5.27% gc time, 0.04% compilation time)
[2022-10-12T16:42:32.253]Completed Shot 1, state 36
58468.684944 seconds (2.71 G allocations: 69.591 TiB, 5.27% gc time, 0.02% compilation time)
[2022-10-12T16:42:32.841]Completed Shot 1, state 38
58468.990554 seconds (2.72 G allocations: 69.592 TiB, 5.27% gc time, 0.02% compilation time)
[2022-10-12T16:42:32.895]Completed Shot 1, state 42
58469.077044 seconds (2.72 G allocations: 69.592 TiB, 5.27% gc time, 0.02% compilation time)
[2022-10-12T16:42:32.927]Completed Shot 1, state 40
58481.471905 seconds (2.74 G allocations: 69.596 TiB, 5.27% gc time, 0.04% compilation time)
[2022-10-12T16:42:34.339]Completed Shot 1, state 1
58482.670557 seconds (2.74 G allocations: 69.597 TiB, 5.27% gc time, 0.04% compilation time)
[2022-10-12T16:42:35.538]Completed Shot 1, state 49
58483.023558 seconds (2.74 G allocations: 69.597 TiB, 5.27% gc time, 0.04% compilation time)
[2022-10-12T16:42:35.891]Completed Shot 1, state 48
58483.277038 seconds (2.74 G allocations: 69.598 TiB, 5.27% gc time, 0.04% compilation time)
[2022-10-12T16:42:36.152]Completed Shot 1, state 24
58484.317312 seconds (2.74 G allocations: 69.599 TiB, 5.27% gc time, 0.04% compilation time)
[2022-10-12T16:42:37.218]Completed Shot 1, state 31
58485.144835 seconds (2.74 G allocations: 69.599 TiB, 5.27% gc time, 0.04% compilation time)
[2022-10-12T16:42:38.012]Completed Shot 1, state 47
58485.338473 seconds (2.74 G allocations: 69.600 TiB, 5.27% gc time, 0.04% compilation time)
[2022-10-12T16:42:38.214]Completed Shot 1, state 37
58474.451580 seconds (2.71 G allocations: 69.597 TiB, 5.27% gc time, 0.02% compilation time)
[2022-10-12T16:42:38.610]Completed Shot 1, state 7
58475.306946 seconds (2.72 G allocations: 69.599 TiB, 5.27% gc time, 0.02% compilation time)
[2022-10-12T16:42:39.139]Completed Shot 1, state 34
58487.098422 seconds (2.74 G allocations: 69.601 TiB, 5.27% gc time, 0.04% compilation time)
[2022-10-12T16:42:39.966]Completed Shot 1, state 35
58487.913788 seconds (2.74 G allocations: 69.602 TiB, 5.27% gc time, 0.04% compilation time)
[2022-10-12T16:42:40.781]Completed Shot 1, state 13
58481.130379 seconds (2.70 G allocations: 69.601 TiB, 5.27% gc time, 0.02% compilation time)
[2022-10-12T16:42:45.530]Completed Shot 1, state 12
58482.088229 seconds (2.70 G allocations: 69.600 TiB, 5.27% gc time, 0.02% compilation time)
[2022-10-12T16:42:46.644]Completed Shot 1, state 14
58494.078589 seconds (2.75 G allocations: 69.606 TiB, 5.27% gc time, 0.04% compilation time)
[2022-10-12T16:42:46.946]Completed Shot 1, state 11
58484.404230 seconds (2.72 G allocations: 69.604 TiB, 5.27% gc time, 0.02% compilation time)
[2022-10-12T16:42:48.329]Completed Shot 1, state 9
58485.078277 seconds (2.72 G allocations: 69.605 TiB, 5.27% gc time, 0.02% compilation time)
[2022-10-12T16:42:48.884]Completed Shot 1, state 32
58486.541638 seconds (2.72 G allocations: 69.605 TiB, 5.27% gc time, 0.02% compilation time)
[2022-10-12T16:42:50.329]Completed Shot 1, state 26
58487.308841 seconds (2.72 G allocations: 69.605 TiB, 5.27% gc time, 0.02% compilation time)
[2022-10-12T16:42:51.186]Completed Shot 1, state 43
58499.482590 seconds (2.75 G allocations: 69.607 TiB, 5.27% gc time, 0.04% compilation time)
[2022-10-12T16:42:52.350]Completed Shot 1, state 3
[2022-10-12T16:42:52.352]**********Simulation completed!**********
[2022-10-12T16:42:52.352]**********Saving**********
[2022-10-12T16:42:57.126]Saving file: /lustre/work/ws/ws1/hd_ku269-logs/LightCones/2022-10-12/7337638_N19_RPS.jld2
[2022-10-12T16:42:59.869]**********Run completed!**********

signal (11): Segmentation fault
in expression starting at none:0
setindex! at ./array.jl:966 [inlined]
unsafe_write at ./iobuffer.jl:430
unsafe_write at ./io.jl:419 [inlined]
write at ./strings/io.jl:244 [inlined]
print at ./strings/io.jl:246 [inlined]
showerror at ./errorshow.jl:142 [inlined]
#showerror#861 at ./errorshow.jl:88
showerror##kw at ./errorshow.jl:86 [inlined]
showvalue at /cache/build/default-amdci5-0/julialang/julia-release-1-dot-8/usr/share/julia/stdlib/v1.8/Logging/src/ConsoleLogger.jl:56
unknown function (ip: 0x14f5a7c509f8)
_jl_invoke at /cache/build/default-amdci5-0/julialang/julia-release-1-dot-8/src/gf.c:2367 [inlined]
ijl_apply_generic at /cache/build/default-amdci5-0/julialang/julia-release-1-dot-8/src/gf.c:2549
#handle_message#3 at /cache/build/default-amdci5-0/julialang/julia-release-1-dot-8/usr/share/julia/stdlib/v1.8/Logging/src/ConsoleLogger.jl:134
handle_message##kw at /cache/build/default-amdci5-0/julialang/julia-release-1-dot-8/usr/share/julia/stdlib/v1.8/Logging/src/ConsoleLogger.jl:106
unknown function (ip: 0x14f5a7c453d4)
_jl_invoke at /cache/build/default-amdci5-0/julialang/julia-release-1-dot-8/src/gf.c:2367 [inlined]
ijl_apply_generic at /cache/build/default-amdci5-0/julialang/julia-release-1-dot-8/src/gf.c:2549
macro expansion at ./logging.jl:365 [inlined]
profile_printing_listener at /cache/build/default-amdci5-0/julialang/julia-release-1-dot-8/usr/share/julia/stdlib/v1.8/Profile/src/Profile.jl:44
#3 at ./threadingconstructs.jl:258
jfptr_YY.3_66369.clone_1 at /lustre/home/hd/hd_hd/hd_ku269/julia-1.8.1/lib/julia/sys.so (unknown line)
_jl_invoke at /cache/build/default-amdci5-0/julialang/julia-release-1-dot-8/src/gf.c:2367 [inlined]
ijl_apply_generic at /cache/build/default-amdci5-0/julialang/julia-release-1-dot-8/src/gf.c:2549
jl_apply at /cache/build/default-amdci5-0/julialang/julia-release-1-dot-8/src/julia.h:1838 [inlined]
start_task at /cache/build/default-amdci5-0/julialang/julia-release-1-dot-8/src/task.c:931
Allocations: 2816375998 (Pool: 2805498783; Big: 10877215); GC: 14026
