  Activating project at `/lustre/work/ws/ws1/hd_ku269-light_cones/LightCones`
Added MKL.jl
Project LightCones v0.1.0
Status `/lustre/work/ws/ws1/hd_ku269-light_cones/LightCones/Project.toml`
  [7d9fca2a] Arpack v0.5.3
  [7073ff75] IJulia v1.23.3
  [033835bb] JLD2 v0.4.25
  [0b1a1467] KrylovKit v0.5.4
  [d3d80556] LineSearches v7.2.0
  [33e6dc65] MKL v0.5.0
  [429524aa] Optim v1.7.3
  [91a5bcdd] Plots v1.35.3
  [c3e4b0f8] Pluto v0.19.13
  [3c0b384b] QuantumInformation v0.4.9
  [189a3867] Reexport v1.2.2
  [295af30f] Revise v3.4.0
  [ebcc8a00] SpinSymmetry v0.3.3
  [59d54670] ThreadedSparseArrays v0.2.2
  [ade2ca70] Dates
  [8ba89e20] Distributed
  [37e2e46d] LinearAlgebra
  [de0858da] Printf
  [9a3f8284] Random
  [1a1011a3] SharedArrays
  [2f01184e] SparseArrays
  [10745b16] Statistics
[2022-10-17T05:00:33.634]**********RANDOM FIELDS**********
shared_krylov.jl
Working Directory:          /lustre/work/ws/ws1/hd_ku269-light_cones/LightCones
SLURM Directory:            /lustre/work/ws/ws1/hd_ku269-light_cones/LightCones 
Running on host:            n1412
Job id:                     7361044
Job name:                   otoc_simulation_N21_RPS_sector
Number of nodes allocated:  
Number of cores allocated:  1
#threads of Julia:          96
#threads of BLAS:           1
ARGS = ["21", "1", "25", "RPS", "z", "0"]
LOCATION = "/lustre/work/ws/ws1/hd_ku269-logs/LightCones/2022-10-17"
N = 21
SHOTS = 1
MULT_RANDOM_STATES = true
N_RANDOM_STATES = 25
TYPE_OF_RS = "RPS"
OBSERVABLE = "z"
DISORDER_PARAM = 0.0
[2022-10-17T05:00:33.847]**********Running simulation**********
[2022-10-17T05:00:33.905]trange = 0.0:0.1:3.0
before H
after H
memory allocated: 629245512memory of full H: 3573547176test
63913.028177 seconds (3.77 G allocations: 56.870 TiB, 5.30% gc time, 0.13% compilation time)
[2022-10-17T22:54:09.387]Completed Shot 1, state 9
63935.349438 seconds (3.77 G allocations: 56.889 TiB, 5.30% gc time, 0.13% compilation time)
[2022-10-17T22:54:31.053]Completed Shot 1, state 20
63936.384005 seconds (3.77 G allocations: 56.890 TiB, 5.30% gc time, 0.13% compilation time)
[2022-10-17T22:54:32.059]Completed Shot 1, state 15
63938.150368 seconds (3.77 G allocations: 56.892 TiB, 5.30% gc time, 0.13% compilation time)
[2022-10-17T22:54:33.855]Completed Shot 1, state 24
64030.237588 seconds (3.77 G allocations: 56.964 TiB, 5.30% gc time, 0.13% compilation time)
[2022-10-17T22:56:05.944]Completed Shot 1, state 17
64047.866011 seconds (3.74 G allocations: 56.979 TiB, 5.29% gc time, 0.12% compilation time)
[2022-10-17T22:56:33.569]Completed Shot 1, state 23
64064.477406 seconds (3.77 G allocations: 56.990 TiB, 5.30% gc time, 0.13% compilation time)
[2022-10-17T22:56:40.180]Completed Shot 1, state 22
64058.634522 seconds (3.73 G allocations: 56.984 TiB, 5.29% gc time, 0.12% compilation time)
[2022-10-17T22:56:44.819]Completed Shot 1, state 3
64070.377615 seconds (3.74 G allocations: 56.996 TiB, 5.29% gc time, 0.12% compilation time)
[2022-10-17T22:56:56.011]Completed Shot 1, state 5
64084.729280 seconds (3.77 G allocations: 57.004 TiB, 5.30% gc time, 0.13% compilation time)
[2022-10-17T22:57:00.397]Completed Shot 1, state 1
64086.914889 seconds (3.77 G allocations: 57.006 TiB, 5.30% gc time, 0.13% compilation time)
[2022-10-17T22:57:02.621]Completed Shot 1, state 16
64086.946972 seconds (3.77 G allocations: 57.006 TiB, 5.30% gc time, 0.13% compilation time)
[2022-10-17T22:57:02.652]Completed Shot 1, state 4
64086.989353 seconds (3.74 G allocations: 57.010 TiB, 5.30% gc time, 0.12% compilation time)
[2022-10-17T22:57:12.252]Completed Shot 1, state 21
64106.578567 seconds (3.77 G allocations: 57.018 TiB, 5.30% gc time, 0.13% compilation time)
[2022-10-17T22:57:22.284]Completed Shot 1, state 2
64107.803852 seconds (3.77 G allocations: 57.018 TiB, 5.30% gc time, 0.13% compilation time)
[2022-10-17T22:57:23.479]Completed Shot 1, state 12
64100.101248 seconds (3.74 G allocations: 57.013 TiB, 5.30% gc time, 0.12% compilation time)
[2022-10-17T22:57:25.997]Completed Shot 1, state 19
64112.389711 seconds (3.77 G allocations: 57.021 TiB, 5.30% gc time, 0.13% compilation time)
[2022-10-17T22:57:28.093]Completed Shot 1, state 18
64119.436809 seconds (3.77 G allocations: 57.024 TiB, 5.30% gc time, 0.13% compilation time)
[2022-10-17T22:57:35.111]Completed Shot 1, state 8
64121.739014 seconds (3.77 G allocations: 57.025 TiB, 5.30% gc time, 0.13% compilation time)
[2022-10-17T22:57:37.442]Completed Shot 1, state 7
64125.975628 seconds (3.77 G allocations: 57.027 TiB, 5.30% gc time, 0.13% compilation time)
[2022-10-17T22:57:41.650]Completed Shot 1, state 10
64121.582707 seconds (3.73 G allocations: 57.021 TiB, 5.30% gc time, 0.12% compilation time)
[2022-10-17T22:57:47.662]Completed Shot 1, state 13
64126.852960 seconds (3.74 G allocations: 57.025 TiB, 5.30% gc time, 0.12% compilation time)
[2022-10-17T22:57:52.485]Completed Shot 1, state 6
64137.416568 seconds (3.77 G allocations: 57.031 TiB, 5.30% gc time, 0.13% compilation time)
[2022-10-17T22:57:53.091]Completed Shot 1, state 14
64139.828297 seconds (3.77 G allocations: 57.031 TiB, 5.30% gc time, 0.13% compilation time)
[2022-10-17T22:57:55.531]Completed Shot 1, state 25
64174.361060 seconds (3.77 G allocations: 57.033 TiB, 5.29% gc time, 0.13% compilation time)
[2022-10-17T22:58:30.063]Completed Shot 1, state 11
[2022-10-17T22:58:30.066]**********Simulation completed!**********
[2022-10-17T22:58:30.067]**********Saving**********
[2022-10-17T22:58:34.823]Saving file: /lustre/work/ws/ws1/hd_ku269-logs/LightCones/2022-10-17/7361044_N21_RPS.jld2
[2022-10-17T22:58:37.523]**********Run completed!**********
pure virtual method called
terminate called without an active exception

signal (6): Aborted
in expression starting at none:0
gsignal at /lib64/libc.so.6 (unknown line)
abort at /lib64/libc.so.6 (unknown line)
__verbose_terminate_handler at /workspace/srcdir/gcc-11.1.0/libstdc++-v3/libsupc++/vterminate.cc:95
__terminate at /workspace/srcdir/gcc-11.1.0/libstdc++-v3/libsupc++/eh_terminate.cc:48
terminate at /workspace/srcdir/gcc-11.1.0/libstdc++-v3/libsupc++/eh_terminate.cc:58
__cxa_pure_virtual at /workspace/srcdir/gcc-11.1.0/libstdc++-v3/libsupc++/pure.cc:50
_ZN4llvm11raw_ostream5writeEPKcm at /lustre/home/hd/hd_hd/hd_ku269/julia-1.8.1/bin/../lib/julia/libLLVM-13jl.so (unknown line)
_ZN4llvm11LLVMContext8diagnoseERKNS_14DiagnosticInfoE at /lustre/home/hd/hd_hd/hd_ku269/julia-1.8.1/bin/../lib/julia/libLLVM-13jl.so (unknown line)
_ZNSt17_Function_handlerIFvRKN4llvm12SMDiagnosticEbRKNS0_9SourceMgrERSt6vectorIPKNS0_6MDNodeESaISA_EEEZNS0_28MachineModuleInfoWrapperPass16doInitializationERNS0_6ModuleEEUlS3_bS6_SD_E_E9_M_invokeERKSt9_Any_dataS3_ObS6_SD_ at /lustre/home/hd/hd_hd/hd_ku269/julia-1.8.1/bin/../lib/julia/libLLVM-13jl.so (unknown line)
_ZN4llvm9MCContext8diagnoseERKNS_12SMDiagnosticE at /lustre/home/hd/hd_hd/hd_ku269/julia-1.8.1/bin/../lib/julia/libLLVM-13jl.so (unknown line)
_ZN12_GLOBAL__N_19AsmParser11DiagHandlerERKN4llvm12SMDiagnosticEPv at /lustre/home/hd/hd_hd/hd_ku269/julia-1.8.1/bin/../lib/julia/libLLVM-13jl.so (unknown line)
_ZNK4llvm9SourceMgr12PrintMessageERNS_11raw_ostreamENS_5SMLocENS0_8DiagKindERKNS_5TwineENS_8ArrayRefINS_7SMRangeEEENS8_INS_7SMFixItEEEb at /lustre/home/hd/hd_hd/hd_ku269/julia-1.8.1/bin/../lib/julia/libLLVM-13jl.so (unknown line)
_ZNK4llvm9SourceMgr12PrintMessageENS_5SMLocENS0_8DiagKindERKNS_5TwineENS_8ArrayRefINS_7SMRangeEEENS6_INS_7SMFixItEEEb at /lustre/home/hd/hd_hd/hd_ku269/julia-1.8.1/bin/../lib/julia/libLLVM-13jl.so (unknown line)
_ZN12_GLOBAL__N_19AsmParser3RunEbb at /lustre/home/hd/hd_hd/hd_ku269/julia-1.8.1/bin/../lib/julia/libLLVM-13jl.so (unknown line)
_ZNK4llvm10AsmPrinter13emitInlineAsmENS_9StringRefERKNS_15MCSubtargetInfoERKNS_15MCTargetOptionsEPKNS_6MDNodeENS_9InlineAsm10AsmDialectE at /lustre/home/hd/hd_hd/hd_ku269/julia-1.8.1/bin/../lib/julia/libLLVM-13jl.so (unknown line)
_ZNK4llvm10AsmPrinter13emitInlineAsmEPKNS_12MachineInstrE at /lustre/home/hd/hd_hd/hd_ku269/julia-1.8.1/bin/../lib/julia/libLLVM-13jl.so (unknown line)
_ZN4llvm10AsmPrinter16emitFunctionBodyEv at /lustre/home/hd/hd_hd/hd_ku269/julia-1.8.1/bin/../lib/julia/libLLVM-13jl.so (unknown line)
_ZN4llvm13X86AsmPrinter20runOnMachineFunctionERNS_15MachineFunctionE at /lustre/home/hd/hd_hd/hd_ku269/julia-1.8.1/bin/../lib/julia/libLLVM-13jl.so (unknown line)
_ZN4llvm19MachineFunctionPass13runOnFunctionERNS_8FunctionE at /lustre/home/hd/hd_hd/hd_ku269/julia-1.8.1/bin/../lib/julia/libLLVM-13jl.so (unknown line)
_ZN4llvm13FPPassManager13runOnFunctionERNS_8FunctionE at /lustre/home/hd/hd_hd/hd_ku269/julia-1.8.1/bin/../lib/julia/libLLVM-13jl.so (unknown line)
_ZN4llvm13FPPassManager11runOnModuleERNS_6ModuleE at /lustre/home/hd/hd_hd/hd_ku269/julia-1.8.1/bin/../lib/julia/libLLVM-13jl.so (unknown line)
_ZN4llvm6legacy15PassManagerImpl3runERNS_6ModuleE at /lustre/home/hd/hd_hd/hd_ku269/julia-1.8.1/bin/../lib/julia/libLLVM-13jl.so (unknown line)
operator() at /cache/build/default-amdci5-0/julialang/julia-release-1-dot-8/src/jitlayers.cpp:528
_ZN4llvm3orc14IRCompileLayer4emitESt10unique_ptrINS0_29MaterializationResponsibilityESt14default_deleteIS3_EENS0_16ThreadSafeModuleE at /lustre/home/hd/hd_hd/hd_ku269/julia-1.8.1/bin/../lib/julia/libLLVM-13jl.so (unknown line)
_ZN4llvm3orc31BasicIRLayerMaterializationUnit11materializeESt10unique_ptrINS0_29MaterializationResponsibilityESt14default_deleteIS3_EE at /lustre/home/hd/hd_hd/hd_ku269/julia-1.8.1/bin/../lib/julia/libLLVM-13jl.so (unknown line)
_ZN4llvm3orc19MaterializationTask3runEv at /lustre/home/hd/hd_hd/hd_ku269/julia-1.8.1/bin/../lib/julia/libLLVM-13jl.so (unknown line)
_ZN4llvm6detail18UniqueFunctionBaseIvJSt10unique_ptrINS_3orc4TaskESt14default_deleteIS4_EEEE8CallImplIPFvS7_EEEvPvRS7_ at /lustre/home/hd/hd_hd/hd_ku269/julia-1.8.1/bin/../lib/julia/libLLVM-13jl.so (unknown line)
_ZN4llvm3orc16ExecutionSession22dispatchOutstandingMUsEv at /lustre/home/hd/hd_hd/hd_ku269/julia-1.8.1/bin/../lib/julia/libLLVM-13jl.so (unknown line)
_ZN4llvm3orc16ExecutionSession17OL_completeLookupESt10unique_ptrINS0_21InProgressLookupStateESt14default_deleteIS3_EESt10shared_ptrINS0_23AsynchronousSymbolQueryEESt8functionIFvRKNS_8DenseMapIPNS0_8JITDylibENS_8DenseSetINS0_15SymbolStringPtrENS_12DenseMapInfoISF_EEEENSG_ISD_EENS_6detail12DenseMapPairISD_SI_EEEEEE at /lustre/home/hd/hd_hd/hd_ku269/julia-1.8.1/bin/../lib/julia/libLLVM-13jl.so (unknown line)
_ZN4llvm3orc25InProgressFullLookupState8completeESt10unique_ptrINS0_21InProgressLookupStateESt14default_deleteIS3_EE at /lustre/home/hd/hd_hd/hd_ku269/julia-1.8.1/bin/../lib/julia/libLLVM-13jl.so (unknown line)
_ZN4llvm3orc16ExecutionSession19OL_applyQueryPhase1ESt10unique_ptrINS0_21InProgressLookupStateESt14default_deleteIS3_EENS_5ErrorE at /lustre/home/hd/hd_hd/hd_ku269/julia-1.8.1/bin/../lib/julia/libLLVM-13jl.so (unknown line)
_ZN4llvm3orc16ExecutionSession6lookupENS0_10LookupKindERKSt6vectorISt4pairIPNS0_8JITDylibENS0_19JITDylibLookupFlagsEESaIS8_EENS0_15SymbolLookupSetENS0_11SymbolStateENS_15unique_functionIFvNS_8ExpectedINS_8DenseMapINS0_15SymbolStringPtrENS_18JITEvaluatedSymbolENS_12DenseMapInfoISI_EENS_6detail12DenseMapPairISI_SJ_EEEEEEEEESt8functionIFvRKNSH_IS6_NS_8DenseSetISI_SL_EENSK_IS6_EENSN_IS6_SV_EEEEEE at /lustre/home/hd/hd_hd/hd_ku269/julia-1.8.1/bin/../lib/julia/libLLVM-13jl.so (unknown line)
_ZN4llvm3orc16ExecutionSession6lookupERKSt6vectorISt4pairIPNS0_8JITDylibENS0_19JITDylibLookupFlagsEESaIS7_EERKNS0_15SymbolLookupSetENS0_10LookupKindENS0_11SymbolStateESt8functionIFvRKNS_8DenseMapIS5_NS_8DenseSetINS0_15SymbolStringPtrENS_12DenseMapInfoISK_EEEENSL_IS5_EENS_6detail12DenseMapPairIS5_SN_EEEEEE at /lustre/home/hd/hd_hd/hd_ku269/julia-1.8.1/bin/../lib/julia/libLLVM-13jl.so (unknown line)
_ZN4llvm3orc16ExecutionSession6lookupERKSt6vectorISt4pairIPNS0_8JITDylibENS0_19JITDylibLookupFlagsEESaIS7_EENS0_15SymbolStringPtrENS0_11SymbolStateE at /lustre/home/hd/hd_hd/hd_ku269/julia-1.8.1/bin/../lib/julia/libLLVM-13jl.so (unknown line)
_ZN4llvm3orc16ExecutionSession6lookupENS_8ArrayRefIPNS0_8JITDylibEEENS0_15SymbolStringPtrENS0_11SymbolStateE at /lustre/home/hd/hd_hd/hd_ku269/julia-1.8.1/bin/../lib/julia/libLLVM-13jl.so (unknown line)
_ZN4llvm3orc16ExecutionSession6lookupENS_8ArrayRefIPNS0_8JITDylibEEENS_9StringRefENS0_11SymbolStateE at /lustre/home/hd/hd_hd/hd_ku269/julia-1.8.1/bin/../lib/julia/libLLVM-13jl.so (unknown line)
addModule at /cache/build/default-amdci5-0/julialang/julia-release-1-dot-8/src/jitlayers.cpp:968
jl_add_to_ee at /cache/build/default-amdci5-0/julialang/julia-release-1-dot-8/src/jitlayers.cpp:1261 [inlined]
jl_add_to_ee at /cache/build/default-amdci5-0/julialang/julia-release-1-dot-8/src/jitlayers.cpp:1305
jl_add_to_ee at /cache/build/default-amdci5-0/julialang/julia-release-1-dot-8/src/jitlayers.cpp:1327 [inlined]
_jl_compile_codeinst at /cache/build/default-amdci5-0/julialang/julia-release-1-dot-8/src/jitlayers.cpp:149
jl_generate_fptr_impl at /cache/build/default-amdci5-0/julialang/julia-release-1-dot-8/src/jitlayers.cpp:332
jl_compile_method_internal at /cache/build/default-amdci5-0/julialang/julia-release-1-dot-8/src/gf.c:2081 [inlined]
jl_compile_method_internal at /cache/build/default-amdci5-0/julialang/julia-release-1-dot-8/src/gf.c:2025
_jl_invoke at /cache/build/default-amdci5-0/julialang/julia-release-1-dot-8/src/gf.c:2359 [inlined]
ijl_apply_generic at /cache/build/default-amdci5-0/julialang/julia-release-1-dot-8/src/gf.c:2549
#handle_message#3 at /cache/build/default-amdci5-0/julialang/julia-release-1-dot-8/usr/share/julia/stdlib/v1.8/Logging/src/ConsoleLogger.jl:134
handle_message##kw at /cache/build/default-amdci5-0/julialang/julia-release-1-dot-8/usr/share/julia/stdlib/v1.8/Logging/src/ConsoleLogger.jl:106
unknown function (ip: 0x14b219e761f4)
_jl_invoke at /cache/build/default-amdci5-0/julialang/julia-release-1-dot-8/src/gf.c:2367 [inlined]
ijl_apply_generic at /cache/build/default-amdci5-0/julialang/julia-release-1-dot-8/src/gf.c:2549
macro expansion at ./logging.jl:365 [inlined]
profile_printing_listener at /cache/build/default-amdci5-0/julialang/julia-release-1-dot-8/usr/share/julia/stdlib/v1.8/Profile/src/Profile.jl:44
#3 at ./threadingconstructs.jl:258
jfptr_YY.3_66369.clone_1 at /lustre/home/hd/hd_hd/hd_ku269/julia-1.8.1/lib/julia/sys.so (unknown line)
_jl_invoke at /cache/build/default-amdci5-0/julialang/julia-release-1-dot-8/src/gf.c:2367 [inlined]
ijl_apply_generic at /cache/build/default-amdci5-0/julialang/julia-release-1-dot-8/src/gf.c:2549
jl_apply at /cache/build/default-amdci5-0/julialang/julia-release-1-dot-8/src/julia.h:1838 [inlined]
start_task at /cache/build/default-amdci5-0/julialang/julia-release-1-dot-8/src/task.c:931
Allocations: 3980430103 (Pool: 3978075625; Big: 2354478); GC: 16184
