  Activating project at `/lustre/work/ws/ws1/hd_ku269-light_cones/LightCones`
Added MKL.jl
Project LightCones v0.1.0
Status `/lustre/work/ws/ws1/hd_ku269-light_cones/LightCones/Project.toml`
  [7d9fca2a] Arpack v0.5.3
  [7073ff75] IJulia v1.23.3
  [033835bb] JLD2 v0.4.25
  [0b1a1467] KrylovKit v0.5.4
  [d3d80556] LineSearches v7.2.0
  [33e6dc65] MKL v0.5.0
  [429524aa] Optim v1.7.3
  [91a5bcdd] Plots v1.35.3
  [c3e4b0f8] Pluto v0.19.13
  [3c0b384b] QuantumInformation v0.4.9
  [189a3867] Reexport v1.2.2
  [295af30f] Revise v3.4.0
  [ebcc8a00] SpinSymmetry v0.3.3
  [59d54670] ThreadedSparseArrays v0.2.2
  [ade2ca70] Dates
  [8ba89e20] Distributed
  [37e2e46d] LinearAlgebra
  [de0858da] Printf
  [9a3f8284] Random
  [1a1011a3] SharedArrays
  [2f01184e] SparseArrays
  [10745b16] Statistics
[2022-10-12T00:13:37.362]**********RANDOM FIELDS**********
shared_krylov.jl
Working Directory:          /lustre/work/ws/ws1/hd_ku269-light_cones/LightCones
SLURM Directory:            /lustre/work/ws/ws1/hd_ku269-light_cones/LightCones 
Running on host:            n1717
Job id:                     7337637
Job name:                   otoc_simulation_N19_RPS_sector
Number of nodes allocated:  
Number of cores allocated:  1
#threads of Julia:          96
#threads of BLAS:           1
ARGS = ["19", "1", "50", "RPS", "z", "0"]
LOCATION = "/lustre/work/ws/ws1/hd_ku269-logs/LightCones/2022-10-12"
N = 19
SHOTS = 1
MULT_RANDOM_STATES = true
N_RANDOM_STATES = 50
TYPE_OF_RS = "RPS"
OBSERVABLE = "z"
DISORDER_PARAM = 0.0
[2022-10-12T00:13:37.559]**********Running simulation**********
[2022-10-12T00:13:37.617]trange = 0.0:0.1:5.0
before H
after H
memory allocated: 135241560memory of full H: 729809064test
54276.897488 seconds (2.72 G allocations: 69.523 TiB, 5.72% gc time, 0.01% compilation time)
[2022-10-12T15:19:46.784]Completed Shot 1, state 42
54289.243876 seconds (2.74 G allocations: 69.525 TiB, 5.72% gc time, 0.03% compilation time)
[2022-10-12T15:19:47.344]Completed Shot 1, state 10
54291.694146 seconds (2.74 G allocations: 69.528 TiB, 5.72% gc time, 0.03% compilation time)
[2022-10-12T15:19:49.853]Completed Shot 1, state 36
54302.799736 seconds (2.74 G allocations: 69.541 TiB, 5.72% gc time, 0.03% compilation time)
[2022-10-12T15:20:00.899]Completed Shot 1, state 45
54317.338929 seconds (2.74 G allocations: 69.559 TiB, 5.72% gc time, 0.03% compilation time)
[2022-10-12T15:20:15.497]Completed Shot 1, state 22
54310.331804 seconds (2.70 G allocations: 69.561 TiB, 5.72% gc time, 0.01% compilation time)
[2022-10-12T15:20:20.740]Completed Shot 1, state 15
54322.683489 seconds (2.74 G allocations: 69.565 TiB, 5.72% gc time, 0.03% compilation time)
[2022-10-12T15:20:20.783]Completed Shot 1, state 17
54311.957079 seconds (2.72 G allocations: 69.565 TiB, 5.72% gc time, 0.01% compilation time)
[2022-10-12T15:20:21.774]Completed Shot 1, state 47
54313.083026 seconds (2.70 G allocations: 69.564 TiB, 5.72% gc time, 0.01% compilation time)
[2022-10-12T15:20:23.426]Completed Shot 1, state 44
54327.541948 seconds (2.74 G allocations: 69.571 TiB, 5.72% gc time, 0.03% compilation time)
[2022-10-12T15:20:25.673]Completed Shot 1, state 20
54327.644600 seconds (2.74 G allocations: 69.571 TiB, 5.72% gc time, 0.03% compilation time)
[2022-10-12T15:20:25.736]Completed Shot 1, state 1
54332.241097 seconds (2.74 G allocations: 69.576 TiB, 5.72% gc time, 0.03% compilation time)
[2022-10-12T15:20:30.333]Completed Shot 1, state 33
54334.262688 seconds (2.74 G allocations: 69.578 TiB, 5.72% gc time, 0.03% compilation time)
[2022-10-12T15:20:32.355]Completed Shot 1, state 5
54336.085549 seconds (2.74 G allocations: 69.581 TiB, 5.72% gc time, 0.03% compilation time)
[2022-10-12T15:20:34.214]Completed Shot 1, state 7
54337.110177 seconds (2.74 G allocations: 69.582 TiB, 5.72% gc time, 0.03% compilation time)
[2022-10-12T15:20:35.210]Completed Shot 1, state 11
54337.999777 seconds (2.74 G allocations: 69.583 TiB, 5.72% gc time, 0.03% compilation time)
[2022-10-12T15:20:36.129]Completed Shot 1, state 34
54339.190710 seconds (2.74 G allocations: 69.584 TiB, 5.72% gc time, 0.03% compilation time)
[2022-10-12T15:20:37.319]Completed Shot 1, state 26
54327.036382 seconds (2.70 G allocations: 69.580 TiB, 5.72% gc time, 0.01% compilation time)
[2022-10-12T15:20:37.463]Completed Shot 1, state 50
54339.989977 seconds (2.74 G allocations: 69.585 TiB, 5.72% gc time, 0.03% compilation time)
[2022-10-12T15:20:38.119]Completed Shot 1, state 12
54340.391973 seconds (2.74 G allocations: 69.586 TiB, 5.72% gc time, 0.03% compilation time)
[2022-10-12T15:20:38.520]Completed Shot 1, state 41
54340.956417 seconds (2.74 G allocations: 69.586 TiB, 5.72% gc time, 0.03% compilation time)
[2022-10-12T15:20:39.085]Completed Shot 1, state 18
54331.621650 seconds (2.72 G allocations: 69.587 TiB, 5.72% gc time, 0.01% compilation time)
[2022-10-12T15:20:41.565]Completed Shot 1, state 37
54343.511360 seconds (2.74 G allocations: 69.589 TiB, 5.72% gc time, 0.03% compilation time)
[2022-10-12T15:20:41.641]Completed Shot 1, state 39
54344.975160 seconds (2.74 G allocations: 69.591 TiB, 5.72% gc time, 0.03% compilation time)
[2022-10-12T15:20:43.075]Completed Shot 1, state 2
54333.649150 seconds (2.70 G allocations: 69.587 TiB, 5.72% gc time, 0.01% compilation time)
[2022-10-12T15:20:44.077]Completed Shot 1, state 3
54346.596806 seconds (2.74 G allocations: 69.593 TiB, 5.72% gc time, 0.03% compilation time)
[2022-10-12T15:20:44.689]Completed Shot 1, state 48
54336.016405 seconds (2.71 G allocations: 69.592 TiB, 5.72% gc time, 0.01% compilation time)
[2022-10-12T15:20:46]Completed Shot 1, state 24
54348.913552 seconds (2.74 G allocations: 69.595 TiB, 5.72% gc time, 0.03% compilation time)
[2022-10-12T15:20:47.044]Completed Shot 1, state 9
54349.465597 seconds (2.75 G allocations: 69.596 TiB, 5.72% gc time, 0.03% compilation time)
[2022-10-12T15:20:47.565]Completed Shot 1, state 43
54338.055896 seconds (2.70 G allocations: 69.591 TiB, 5.72% gc time, 0.01% compilation time)
[2022-10-12T15:20:48.780]Completed Shot 1, state 31
54339.382768 seconds (2.70 G allocations: 69.593 TiB, 5.72% gc time, 0.01% compilation time)
[2022-10-12T15:20:50.186]Completed Shot 1, state 23
54352.186250 seconds (2.75 G allocations: 69.599 TiB, 5.72% gc time, 0.03% compilation time)
[2022-10-12T15:20:50.316]Completed Shot 1, state 28
54340.634481 seconds (2.72 G allocations: 69.598 TiB, 5.72% gc time, 0.01% compilation time)
[2022-10-12T15:20:50.453]Completed Shot 1, state 16
54341.132805 seconds (2.72 G allocations: 69.598 TiB, 5.72% gc time, 0.01% compilation time)
[2022-10-12T15:20:51.044]Completed Shot 1, state 35
54341.289882 seconds (2.72 G allocations: 69.598 TiB, 5.72% gc time, 0.01% compilation time)
[2022-10-12T15:20:51.094]Completed Shot 1, state 49
54342.404893 seconds (2.71 G allocations: 69.598 TiB, 5.72% gc time, 0.01% compilation time)
[2022-10-12T15:20:52.430]Completed Shot 1, state 40
54342.162240 seconds (2.70 G allocations: 69.597 TiB, 5.72% gc time, 0.01% compilation time)
[2022-10-12T15:20:52.589]Completed Shot 1, state 29
54355.190702 seconds (2.75 G allocations: 69.602 TiB, 5.72% gc time, 0.03% compilation time)
[2022-10-12T15:20:53.282]Completed Shot 1, state 19
54356.324067 seconds (2.75 G allocations: 69.603 TiB, 5.72% gc time, 0.03% compilation time)
[2022-10-12T15:20:54.416]Completed Shot 1, state 4
54356.922469 seconds (2.75 G allocations: 69.603 TiB, 5.72% gc time, 0.03% compilation time)
[2022-10-12T15:20:55.014]Completed Shot 1, state 21
54357.522353 seconds (2.75 G allocations: 69.604 TiB, 5.72% gc time, 0.03% compilation time)
[2022-10-12T15:20:55.650]Completed Shot 1, state 25
54345.764653 seconds (2.70 G allocations: 69.598 TiB, 5.72% gc time, 0.01% compilation time)
[2022-10-12T15:20:56.570]Completed Shot 1, state 8
54361.038219 seconds (2.75 G allocations: 69.606 TiB, 5.72% gc time, 0.03% compilation time)
[2022-10-12T15:20:59.138]Completed Shot 1, state 6
54361.170150 seconds (2.75 G allocations: 69.606 TiB, 5.72% gc time, 0.03% compilation time)
[2022-10-12T15:20:59.300]Completed Shot 1, state 30
54361.344880 seconds (2.75 G allocations: 69.606 TiB, 5.72% gc time, 0.03% compilation time)
[2022-10-12T15:20:59.475]Completed Shot 1, state 13
54361.358147 seconds (2.75 G allocations: 69.606 TiB, 5.72% gc time, 0.03% compilation time)
[2022-10-12T15:20:59.486]Completed Shot 1, state 38
54362.888385 seconds (2.75 G allocations: 69.606 TiB, 5.72% gc time, 0.03% compilation time)
[2022-10-12T15:21:01.016]Completed Shot 1, state 14
54363.102655 seconds (2.75 G allocations: 69.606 TiB, 5.72% gc time, 0.03% compilation time)
[2022-10-12T15:21:01.202]Completed Shot 1, state 27
54365.497074 seconds (2.75 G allocations: 69.607 TiB, 5.72% gc time, 0.03% compilation time)
[2022-10-12T15:21:03.626]Completed Shot 1, state 46
54368.355612 seconds (2.75 G allocations: 69.607 TiB, 5.72% gc time, 0.03% compilation time)
[2022-10-12T15:21:06.483]Completed Shot 1, state 32
[2022-10-12T15:21:06.486]**********Simulation completed!**********
[2022-10-12T15:21:06.486]**********Saving**********
[2022-10-12T15:21:11.022]Save directory: /lustre/work/ws/ws1/hd_ku269-logs/LightCones/2022-10-12 does not exist. Creating!
[2022-10-12T15:21:11.026]Saving file: /lustre/work/ws/ws1/hd_ku269-logs/LightCones/2022-10-12/7337637_N19_RPS.jld2
[2022-10-12T15:21:13.624]**********Run completed!**********
