  Activating project at `/lustre/work/ws/ws1/hd_ku269-light_cones/LightCones`
Added MKL.jl
Project LightCones v0.1.0
Status `/lustre/work/ws/ws1/hd_ku269-light_cones/LightCones/Project.toml`
  [7d9fca2a] Arpack v0.5.3
  [7073ff75] IJulia v1.23.3
  [033835bb] JLD2 v0.4.25
  [0b1a1467] KrylovKit v0.5.4
  [d3d80556] LineSearches v7.2.0
  [33e6dc65] MKL v0.5.0
  [429524aa] Optim v1.7.3
  [91a5bcdd] Plots v1.35.3
  [c3e4b0f8] Pluto v0.19.13
  [3c0b384b] QuantumInformation v0.4.9
  [189a3867] Reexport v1.2.2
  [295af30f] Revise v3.4.0
  [ebcc8a00] SpinSymmetry v0.3.3
  [59d54670] ThreadedSparseArrays v0.2.2
  [ade2ca70] Dates
  [8ba89e20] Distributed
  [37e2e46d] LinearAlgebra
  [de0858da] Printf
  [9a3f8284] Random
  [1a1011a3] SharedArrays
  [2f01184e] SparseArrays
  [10745b16] Statistics
[2022-10-12T02:01:17.419]**********RANDOM FIELDS**********
shared_krylov.jl
Working Directory:          /lustre/work/ws/ws1/hd_ku269-light_cones/LightCones
SLURM Directory:            /lustre/work/ws/ws1/hd_ku269-light_cones/LightCones 
Running on host:            n1722
Job id:                     7337648
Job name:                   otoc_simulation_N19_RPS_sector
Number of nodes allocated:  
Number of cores allocated:  1
#threads of Julia:          96
#threads of BLAS:           1
ARGS = ["19", "1", "50", "RPS", "z", "0"]
LOCATION = "/lustre/work/ws/ws1/hd_ku269-logs/LightCones/2022-10-12"
N = 19
SHOTS = 1
MULT_RANDOM_STATES = true
N_RANDOM_STATES = 50
TYPE_OF_RS = "RPS"
OBSERVABLE = "z"
DISORDER_PARAM = 0.0
[2022-10-12T02:01:17.613]**********Running simulation**********
[2022-10-12T02:01:17.669]trange = 0.0:0.1:5.0
before H
after H
memory allocated: 135241560memory of full H: 729809064test
55781.756922 seconds (2.74 G allocations: 69.525 TiB, 5.55% gc time, 0.04% compilation time)
[2022-10-12T17:32:18.084]Completed Shot 1, state 29
55785.658205 seconds (2.74 G allocations: 69.530 TiB, 5.55% gc time, 0.04% compilation time)
[2022-10-12T17:32:21.534]Completed Shot 1, state 16
55795.397614 seconds (2.74 G allocations: 69.541 TiB, 5.55% gc time, 0.04% compilation time)
[2022-10-12T17:32:31.245]Completed Shot 1, state 4
55796.927298 seconds (2.74 G allocations: 69.543 TiB, 5.55% gc time, 0.04% compilation time)
[2022-10-12T17:32:32.800]Completed Shot 1, state 24
55805.725544 seconds (2.74 G allocations: 69.553 TiB, 5.55% gc time, 0.04% compilation time)
[2022-10-12T17:32:41.601]Completed Shot 1, state 11
55813.531961 seconds (2.74 G allocations: 69.563 TiB, 5.55% gc time, 0.04% compilation time)
[2022-10-12T17:32:49.407]Completed Shot 1, state 40
55805.546393 seconds (2.71 G allocations: 69.566 TiB, 5.55% gc time, 0.02% compilation time)
[2022-10-12T17:32:54.074]Completed Shot 1, state 13
55818.404138 seconds (2.74 G allocations: 69.569 TiB, 5.55% gc time, 0.04% compilation time)
[2022-10-12T17:32:54.276]Completed Shot 1, state 44
55822.187882 seconds (2.74 G allocations: 69.573 TiB, 5.55% gc time, 0.04% compilation time)
[2022-10-12T17:32:58.035]Completed Shot 1, state 25
55822.366346 seconds (2.74 G allocations: 69.573 TiB, 5.55% gc time, 0.04% compilation time)
[2022-10-12T17:32:58.238]Completed Shot 1, state 34
55823.396144 seconds (2.74 G allocations: 69.574 TiB, 5.55% gc time, 0.04% compilation time)
[2022-10-12T17:32:59.268]Completed Shot 1, state 3
55826.535740 seconds (2.74 G allocations: 69.578 TiB, 5.55% gc time, 0.04% compilation time)
[2022-10-12T17:33:02.410]Completed Shot 1, state 37
55828.956617 seconds (2.74 G allocations: 69.580 TiB, 5.55% gc time, 0.04% compilation time)
[2022-10-12T17:33:04.831]Completed Shot 1, state 39
55829.146727 seconds (2.75 G allocations: 69.581 TiB, 5.55% gc time, 0.04% compilation time)
[2022-10-12T17:33:05.022]Completed Shot 1, state 46
55820.028604 seconds (2.71 G allocations: 69.581 TiB, 5.55% gc time, 0.02% compilation time)
[2022-10-12T17:33:08.756]Completed Shot 1, state 36
55821.341131 seconds (2.72 G allocations: 69.585 TiB, 5.55% gc time, 0.02% compilation time)
[2022-10-12T17:33:09.647]Completed Shot 1, state 5
55820.931093 seconds (2.71 G allocations: 69.582 TiB, 5.55% gc time, 0.02% compilation time)
[2022-10-12T17:33:09.648]Completed Shot 1, state 17
55834.191618 seconds (2.75 G allocations: 69.586 TiB, 5.55% gc time, 0.04% compilation time)
[2022-10-12T17:33:10.063]Completed Shot 1, state 43
55821.694487 seconds (2.71 G allocations: 69.584 TiB, 5.55% gc time, 0.02% compilation time)
[2022-10-12T17:33:10.224]Completed Shot 1, state 27
55835.013869 seconds (2.75 G allocations: 69.587 TiB, 5.55% gc time, 0.04% compilation time)
[2022-10-12T17:33:10.887]Completed Shot 1, state 33
55837.242216 seconds (2.75 G allocations: 69.590 TiB, 5.55% gc time, 0.04% compilation time)
[2022-10-12T17:33:13.117]Completed Shot 1, state 47
55837.643382 seconds (2.75 G allocations: 69.590 TiB, 5.55% gc time, 0.04% compilation time)
[2022-10-12T17:33:13.517]Completed Shot 1, state 28
55838.711488 seconds (2.75 G allocations: 69.592 TiB, 5.55% gc time, 0.04% compilation time)
[2022-10-12T17:33:14.583]Completed Shot 1, state 26
55839.214665 seconds (2.75 G allocations: 69.592 TiB, 5.55% gc time, 0.04% compilation time)
[2022-10-12T17:33:15.087]Completed Shot 1, state 22
55840.390113 seconds (2.75 G allocations: 69.594 TiB, 5.55% gc time, 0.04% compilation time)
[2022-10-12T17:33:16.263]Completed Shot 1, state 41
55841.859773 seconds (2.75 G allocations: 69.595 TiB, 5.55% gc time, 0.04% compilation time)
[2022-10-12T17:33:17.735]Completed Shot 1, state 19
55844.169944 seconds (2.75 G allocations: 69.598 TiB, 5.55% gc time, 0.04% compilation time)
[2022-10-12T17:33:20.042]Completed Shot 1, state 23
55844.283988 seconds (2.75 G allocations: 69.598 TiB, 5.55% gc time, 0.04% compilation time)
[2022-10-12T17:33:20.156]Completed Shot 1, state 9
55831.506099 seconds (2.69 G allocations: 69.592 TiB, 5.55% gc time, 0.02% compilation time)
[2022-10-12T17:33:21.106]Completed Shot 1, state 42
55846.789390 seconds (2.75 G allocations: 69.600 TiB, 5.55% gc time, 0.04% compilation time)
[2022-10-12T17:33:22.629]Completed Shot 1, state 1
55835.322259 seconds (2.71 G allocations: 69.599 TiB, 5.55% gc time, 0.02% compilation time)
[2022-10-12T17:33:23.808]Completed Shot 1, state 38
55835.054876 seconds (2.71 G allocations: 69.598 TiB, 5.55% gc time, 0.02% compilation time)
[2022-10-12T17:33:23.838]Completed Shot 1, state 7
55835.650946 seconds (2.72 G allocations: 69.600 TiB, 5.55% gc time, 0.02% compilation time)
[2022-10-12T17:33:23.957]Completed Shot 1, state 31
55834.720678 seconds (2.69 G allocations: 69.595 TiB, 5.55% gc time, 0.02% compilation time)
[2022-10-12T17:33:24.115]Completed Shot 1, state 48
55848.667697 seconds (2.75 G allocations: 69.602 TiB, 5.55% gc time, 0.04% compilation time)
[2022-10-12T17:33:24.539]Completed Shot 1, state 15
55848.749034 seconds (2.75 G allocations: 69.602 TiB, 5.55% gc time, 0.04% compilation time)
[2022-10-12T17:33:24.620]Completed Shot 1, state 8
55848.888443 seconds (2.75 G allocations: 69.602 TiB, 5.55% gc time, 0.04% compilation time)
[2022-10-12T17:33:24.763]Completed Shot 1, state 35
55849.516519 seconds (2.75 G allocations: 69.603 TiB, 5.55% gc time, 0.04% compilation time)
[2022-10-12T17:33:25.356]Completed Shot 1, state 14
55849.908023 seconds (2.75 G allocations: 69.603 TiB, 5.55% gc time, 0.04% compilation time)
[2022-10-12T17:33:25.782]Completed Shot 1, state 2
55850.220010 seconds (2.75 G allocations: 69.604 TiB, 5.55% gc time, 0.04% compilation time)
[2022-10-12T17:33:26.094]Completed Shot 1, state 49
55852.011045 seconds (2.75 G allocations: 69.605 TiB, 5.55% gc time, 0.04% compilation time)
[2022-10-12T17:33:27.886]Completed Shot 1, state 12
55852.804672 seconds (2.75 G allocations: 69.605 TiB, 5.55% gc time, 0.04% compilation time)
[2022-10-12T17:33:28.677]Completed Shot 1, state 21
55840.154618 seconds (2.70 G allocations: 69.601 TiB, 5.55% gc time, 0.02% compilation time)
[2022-10-12T17:33:29.099]Completed Shot 1, state 10
55853.277233 seconds (2.75 G allocations: 69.605 TiB, 5.55% gc time, 0.04% compilation time)
[2022-10-12T17:33:29.152]Completed Shot 1, state 30
55853.792480 seconds (2.75 G allocations: 69.606 TiB, 5.55% gc time, 0.04% compilation time)
[2022-10-12T17:33:29.664]Completed Shot 1, state 20
55841.649513 seconds (2.72 G allocations: 69.604 TiB, 5.55% gc time, 0.02% compilation time)
[2022-10-12T17:33:30.041]Completed Shot 1, state 18
55854.692849 seconds (2.75 G allocations: 69.606 TiB, 5.55% gc time, 0.04% compilation time)
[2022-10-12T17:33:30.569]Completed Shot 1, state 50
55857.261929 seconds (2.75 G allocations: 69.606 TiB, 5.55% gc time, 0.04% compilation time)
[2022-10-12T17:33:33.136]Completed Shot 1, state 45
55857.395994 seconds (2.75 G allocations: 69.606 TiB, 5.55% gc time, 0.04% compilation time)
[2022-10-12T17:33:33.270]Completed Shot 1, state 6
55863.949676 seconds (2.75 G allocations: 69.607 TiB, 5.55% gc time, 0.04% compilation time)
[2022-10-12T17:33:39.789]Completed Shot 1, state 32
[2022-10-12T17:33:39.791]**********Simulation completed!**********
[2022-10-12T17:33:39.791]**********Saving**********
[2022-10-12T17:33:44.612]Saving file: /lustre/work/ws/ws1/hd_ku269-logs/LightCones/2022-10-12/7337648_N19_RPS.jld2
[2022-10-12T17:33:47.376]**********Run completed!**********
