  Activating project at `/lustre/work/ws/ws1/hd_ku269-light_cones/LightCones`
Added MKL.jl
Project LightCones v0.1.0
Status `/lustre/work/ws/ws1/hd_ku269-light_cones/LightCones/Project.toml`
  [7d9fca2a] Arpack v0.5.3
  [7073ff75] IJulia v1.23.3
  [033835bb] JLD2 v0.4.25
  [0b1a1467] KrylovKit v0.5.4
  [d3d80556] LineSearches v7.2.0
  [33e6dc65] MKL v0.5.0
  [429524aa] Optim v1.7.3
  [91a5bcdd] Plots v1.35.3
  [c3e4b0f8] Pluto v0.19.13
  [3c0b384b] QuantumInformation v0.4.9
  [189a3867] Reexport v1.2.2
  [295af30f] Revise v3.4.0
  [ebcc8a00] SpinSymmetry v0.3.3
  [59d54670] ThreadedSparseArrays v0.2.2
  [ade2ca70] Dates
  [8ba89e20] Distributed
  [37e2e46d] LinearAlgebra
  [de0858da] Printf
  [9a3f8284] Random
  [1a1011a3] SharedArrays
  [2f01184e] SparseArrays
  [10745b16] Statistics
[2022-10-15T16:26:42.699]**********RANDOM FIELDS**********
shared_krylov.jl
Working Directory:          /lustre/work/ws/ws1/hd_ku269-light_cones/LightCones
SLURM Directory:            /lustre/work/ws/ws1/hd_ku269-light_cones/LightCones 
Running on host:            n1331
Job id:                     7354082
Job name:                   otoc_simulation_N21_RPS_sector
Number of nodes allocated:  
Number of cores allocated:  1
#threads of Julia:          96
#threads of BLAS:           1
ARGS = ["21", "1", "25", "RPS", "z", "0"]
LOCATION = "/lustre/work/ws/ws1/hd_ku269-logs/LightCones/2022-10-15"
N = 21
SHOTS = 1
MULT_RANDOM_STATES = true
N_RANDOM_STATES = 25
TYPE_OF_RS = "RPS"
OBSERVABLE = "z"
DISORDER_PARAM = 0.0
[2022-10-15T16:26:42.915]**********Running simulation**********
[2022-10-15T16:26:42.970]trange = 0.0:0.1:3.0
before H
after H
memory allocated: 629245512memory of full H: 3573547176test
62640.988337 seconds (3.77 G allocations: 56.850 TiB, 5.30% gc time, 0.03% compilation time)
[2022-10-16T09:59:27.869]Completed Shot 1, state 25
62651.888154 seconds (3.74 G allocations: 56.866 TiB, 5.30% gc time, 0.01% compilation time)
[2022-10-16T09:59:49.627]Completed Shot 1, state 8
62667.309768 seconds (3.77 G allocations: 56.873 TiB, 5.30% gc time, 0.03% compilation time)
[2022-10-16T09:59:54.163]Completed Shot 1, state 22
62688.598762 seconds (3.77 G allocations: 56.890 TiB, 5.30% gc time, 0.03% compilation time)
[2022-10-16T10:00:15.416]Completed Shot 1, state 3
62700.066843 seconds (3.77 G allocations: 56.900 TiB, 5.30% gc time, 0.03% compilation time)
[2022-10-16T10:00:26.922]Completed Shot 1, state 10
62701.594640 seconds (3.77 G allocations: 56.901 TiB, 5.30% gc time, 0.03% compilation time)
[2022-10-16T10:00:28.447]Completed Shot 1, state 18
62706.050810 seconds (3.77 G allocations: 56.904 TiB, 5.30% gc time, 0.03% compilation time)
[2022-10-16T10:00:32.905]Completed Shot 1, state 9
62721.797939 seconds (3.77 G allocations: 56.916 TiB, 5.30% gc time, 0.03% compilation time)
[2022-10-16T10:00:48.653]Completed Shot 1, state 24
62724.783892 seconds (3.77 G allocations: 56.919 TiB, 5.30% gc time, 0.03% compilation time)
[2022-10-16T10:00:51.638]Completed Shot 1, state 23
62740.301249 seconds (3.77 G allocations: 56.931 TiB, 5.30% gc time, 0.03% compilation time)
[2022-10-16T10:01:07.153]Completed Shot 1, state 15
62750.346560 seconds (3.77 G allocations: 56.939 TiB, 5.30% gc time, 0.03% compilation time)
[2022-10-16T10:01:17.171]Completed Shot 1, state 11
62753.950027 seconds (3.77 G allocations: 56.941 TiB, 5.30% gc time, 0.03% compilation time)
[2022-10-16T10:01:20.803]Completed Shot 1, state 5
62778.571433 seconds (3.77 G allocations: 56.961 TiB, 5.30% gc time, 0.03% compilation time)
[2022-10-16T10:01:45.426]Completed Shot 1, state 14
62780.613112 seconds (3.77 G allocations: 56.962 TiB, 5.30% gc time, 0.03% compilation time)
[2022-10-16T10:01:47.430]Completed Shot 1, state 19
62797.056851 seconds (3.77 G allocations: 56.973 TiB, 5.30% gc time, 0.03% compilation time)
[2022-10-16T10:02:03.909]Completed Shot 1, state 6
62797.662270 seconds (3.74 G allocations: 56.975 TiB, 5.30% gc time, 0.01% compilation time)
[2022-10-16T10:02:15.698]Completed Shot 1, state 21
62809.131008 seconds (3.77 G allocations: 56.981 TiB, 5.30% gc time, 0.03% compilation time)
[2022-10-16T10:02:15.983]Completed Shot 1, state 4
62823.410687 seconds (3.77 G allocations: 56.988 TiB, 5.30% gc time, 0.03% compilation time)
[2022-10-16T10:02:30.227]Completed Shot 1, state 17
62816.692659 seconds (3.74 G allocations: 56.987 TiB, 5.30% gc time, 0.01% compilation time)
[2022-10-16T10:02:34.347]Completed Shot 1, state 16
62827.834611 seconds (3.77 G allocations: 56.989 TiB, 5.30% gc time, 0.03% compilation time)
[2022-10-16T10:02:34.659]Completed Shot 1, state 2
62830.439688 seconds (3.77 G allocations: 56.990 TiB, 5.30% gc time, 0.03% compilation time)
[2022-10-16T10:02:37.293]Completed Shot 1, state 7
62834.333547 seconds (3.77 G allocations: 56.991 TiB, 5.30% gc time, 0.03% compilation time)
[2022-10-16T10:02:41.150]Completed Shot 1, state 13
62835.276295 seconds (3.77 G allocations: 56.991 TiB, 5.30% gc time, 0.03% compilation time)
[2022-10-16T10:02:42.092]Completed Shot 1, state 1
62824.337852 seconds (3.74 G allocations: 56.985 TiB, 5.30% gc time, 0.01% compilation time)
[2022-10-16T10:02:42.493]Completed Shot 1, state 12
62840.781694 seconds (3.77 G allocations: 56.991 TiB, 5.30% gc time, 0.03% compilation time)
[2022-10-16T10:02:47.635]Completed Shot 1, state 20
[2022-10-16T10:02:47.637]**********Simulation completed!**********
[2022-10-16T10:02:47.637]**********Saving**********
[2022-10-16T10:02:52.163]Saving file: /lustre/work/ws/ws1/hd_ku269-logs/LightCones/2022-10-15/7354082_N21_RPS.jld2
[2022-10-16T10:06:41.555]**********Run completed!**********
