  Activating project at `/lustre/work/ws/ws1/hd_ku269-light_cones/LightCones`
Added MKL.jl
     Project LightCones v0.1.0
      Status `/lustre/work/ws/ws1/hd_ku269-light_cones/LightCones/Project.toml`
  [7d9fca2a] Arpack v0.5.3
  [7073ff75] IJulia v1.23.3
  [033835bb] JLD2 v0.4.22
  [0b1a1467] KrylovKit v0.5.4
  [d3d80556] LineSearches v7.1.1
  [33e6dc65] MKL v0.5.0
  [429524aa] Optim v1.7.0
  [91a5bcdd] Plots v1.31.1
  [c3e4b0f8] Pluto v0.19.9
  [3c0b384b] QuantumInformation v0.4.9
  [189a3867] Reexport v1.2.2
  [295af30f] Revise v3.3.3
  [ebcc8a00] SpinSymmetry v0.3.3
  [59d54670] ThreadedSparseArrays v0.2.2
  [ade2ca70] Dates
  [8ba89e20] Distributed
  [37e2e46d] LinearAlgebra
  [de0858da] Printf
  [9a3f8284] Random
  [1a1011a3] SharedArrays
  [2f01184e] SparseArrays
  [10745b16] Statistics
[2022-08-15T16:36:44.245]**********RANDOM FIELDS**********
shared_krylov.jl
Working Directory:          /lustre/work/ws/ws1/hd_ku269-light_cones/LightCones
SLURM Directory:            /lustre/work/ws/ws1/hd_ku269-light_cones/LightCones 
Running on host:            n1724
Job id:                     6466154
Job name:                   otoc_simulation_N15_RPS_sector
Number of nodes allocated:  
Number of cores allocated:  1
#threads of Julia:          96
#threads of BLAS:           1
ARGS = ["15", "1", "100", "RPS", "z", "0"]
LOCATION = "/lustre/work/ws/ws1/hd_ku269-logs/LightCones/2022-08-15"
N = 15
SHOTS = 1
MULT_RANDOM_STATES = true
N_RANDOM_STATES = 100
TYPE_OF_RS = "RPS"
OBSERVABLE = "z"
DISORDER_PARAM = 0.0
[2022-08-15T16:36:44.426]**********Running simulation**********
[2022-08-15T16:36:44.537]trange = 0.0:0.1:5.0
test
1317.747400 seconds (1.33 G allocations: 5.837 TiB, 31.74% gc time, 0.92% compilation time)
[2022-08-15T16:58:48.815]Completed Shot 1, state 40
1317.982390 seconds (1.33 G allocations: 5.838 TiB, 31.74% gc time, 0.93% compilation time)
[2022-08-15T16:58:48.999]Completed Shot 1, state 39
1306.930474 seconds (1.30 G allocations: 5.837 TiB, 31.96% gc time, 0.07% compilation time)
[2022-08-15T16:58:49.297]Completed Shot 1, state 97
1307.738696 seconds (1.31 G allocations: 5.841 TiB, 31.94% gc time, 0.11% compilation time)
[2022-08-15T16:58:49.601]Completed Shot 1, state 86
1318.558505 seconds (1.33 G allocations: 5.842 TiB, 31.72% gc time, 0.92% compilation time)
[2022-08-15T16:58:49.618]Completed Shot 1, state 93
1318.637157 seconds (1.33 G allocations: 5.842 TiB, 31.72% gc time, 0.93% compilation time)
[2022-08-15T16:58:49.654]Completed Shot 1, state 7
1308.071657 seconds (1.31 G allocations: 5.842 TiB, 31.93% gc time, 0.12% compilation time)
[2022-08-15T16:58:49.784]Completed Shot 1, state 76
1319.024998 seconds (1.33 G allocations: 5.845 TiB, 31.71% gc time, 0.93% compilation time)
[2022-08-15T16:58:50.051]Completed Shot 1, state 80
1319.044045 seconds (1.33 G allocations: 5.845 TiB, 31.71% gc time, 0.93% compilation time)
[2022-08-15T16:58:50.070]Completed Shot 1, state 65
1319.158978 seconds (1.33 G allocations: 5.846 TiB, 31.71% gc time, 0.93% compilation time)
[2022-08-15T16:58:50.176]Completed Shot 1, state 43
1319.367262 seconds (1.33 G allocations: 5.847 TiB, 31.70% gc time, 0.93% compilation time)
[2022-08-15T16:58:50.385]Completed Shot 1, state 51
1307.789893 seconds (1.29 G allocations: 5.843 TiB, 31.93% gc time, 0.04% compilation time)
[2022-08-15T16:58:50.515]Completed Shot 1, state 25
1319.282812 seconds (1.33 G allocations: 5.847 TiB, 31.71% gc time, 0.91% compilation time)
[2022-08-15T16:58:50.531]Completed Shot 1, state 92
1319.581325 seconds (1.33 G allocations: 5.847 TiB, 31.70% gc time, 0.93% compilation time)
[2022-08-15T16:58:50.598]Completed Shot 1, state 24
1308.231211 seconds (1.30 G allocations: 5.844 TiB, 31.92% gc time, 0.07% compilation time)
[2022-08-15T16:58:50.611]Completed Shot 1, state 72
1319.757873 seconds (1.33 G allocations: 5.848 TiB, 31.70% gc time, 0.92% compilation time)
[2022-08-15T16:58:50.817]Completed Shot 1, state 88
1319.762059 seconds (1.33 G allocations: 5.848 TiB, 31.70% gc time, 0.92% compilation time)
[2022-08-15T16:58:50.822]Completed Shot 1, state 11
1309.054931 seconds (1.31 G allocations: 5.847 TiB, 31.90% gc time, 0.10% compilation time)
[2022-08-15T16:58:50.941]Completed Shot 1, state 75
1319.909769 seconds (1.33 G allocations: 5.849 TiB, 31.69% gc time, 0.92% compilation time)
[2022-08-15T16:58:50.970]Completed Shot 1, state 35
1309.176241 seconds (1.31 G allocations: 5.848 TiB, 31.90% gc time, 0.10% compilation time)
[2022-08-15T16:58:51.062]Completed Shot 1, state 46
1320.172631 seconds (1.33 G allocations: 5.850 TiB, 31.69% gc time, 0.93% compilation time)
[2022-08-15T16:58:51.199]Completed Shot 1, state 15
1320.144171 seconds (1.33 G allocations: 5.850 TiB, 31.69% gc time, 0.92% compilation time)
[2022-08-15T16:58:51.207]Completed Shot 1, state 18
1320.181620 seconds (1.33 G allocations: 5.850 TiB, 31.69% gc time, 0.93% compilation time)
[2022-08-15T16:58:51.208]Completed Shot 1, state 85
1309.652710 seconds (1.31 G allocations: 5.849 TiB, 31.89% gc time, 0.12% compilation time)
[2022-08-15T16:58:51.386]Completed Shot 1, state 89
1309.039717 seconds (1.30 G allocations: 5.848 TiB, 31.90% gc time, 0.07% compilation time)
[2022-08-15T16:58:51.410]Completed Shot 1, state 31
1309.192030 seconds (1.30 G allocations: 5.848 TiB, 31.90% gc time, 0.07% compilation time)
[2022-08-15T16:58:51.560]Completed Shot 1, state 47
1320.543882 seconds (1.33 G allocations: 5.851 TiB, 31.68% gc time, 0.93% compilation time)
[2022-08-15T16:58:51.570]Completed Shot 1, state 45
1309.703208 seconds (1.31 G allocations: 5.850 TiB, 31.89% gc time, 0.10% compilation time)
[2022-08-15T16:58:51.643]Completed Shot 1, state 69
1320.629314 seconds (1.33 G allocations: 5.852 TiB, 31.67% gc time, 0.93% compilation time)
[2022-08-15T16:58:51.646]Completed Shot 1, state 33
1309.231680 seconds (1.30 G allocations: 5.848 TiB, 31.90% gc time, 0.06% compilation time)
[2022-08-15T16:58:51.670]Completed Shot 1, state 57
1320.673231 seconds (1.33 G allocations: 5.852 TiB, 31.67% gc time, 0.92% compilation time)
[2022-08-15T16:58:51.733]Completed Shot 1, state 42
1320.610698 seconds (1.33 G allocations: 5.852 TiB, 31.67% gc time, 0.91% compilation time)
[2022-08-15T16:58:51.827]Completed Shot 1, state 3
1309.882657 seconds (1.31 G allocations: 5.850 TiB, 31.88% gc time, 0.10% compilation time)
[2022-08-15T16:58:51.829]Completed Shot 1, state 20
1320.975548 seconds (1.34 G allocations: 5.853 TiB, 31.67% gc time, 0.92% compilation time)
[2022-08-15T16:58:52.035]Completed Shot 1, state 81
1321.020653 seconds (1.34 G allocations: 5.853 TiB, 31.67% gc time, 0.93% compilation time)
[2022-08-15T16:58:52.038]Completed Shot 1, state 61
1309.345342 seconds (1.30 G allocations: 5.849 TiB, 31.90% gc time, 0.04% compilation time)
[2022-08-15T16:58:52.070]Completed Shot 1, state 96
1310.276582 seconds (1.31 G allocations: 5.852 TiB, 31.87% gc time, 0.11% compilation time)
[2022-08-15T16:58:52.079]Completed Shot 1, state 36
1321.085131 seconds (1.34 G allocations: 5.853 TiB, 31.66% gc time, 0.93% compilation time)
1321.085548 seconds (1.34 G allocations: 5.853 TiB, 31.66% gc time, 0.93% compilation time)
[[2022-08-15T16:58:52.102]Completed Shot 1, state 16
2022-08-15T16:58:52.102]Completed Shot 1, state 73
1321.134779 seconds (1.34 G allocations: 5.853 TiB, 31.66% gc time, 0.92% compilation time)
[2022-08-15T16:58:52.161]Completed Shot 1, state 28
1321.226952 seconds (1.34 G allocations: 5.854 TiB, 31.66% gc time, 0.92% compilation time)
[2022-08-15T16:58:52.286]Completed Shot 1, state 23
1321.332437 seconds (1.34 G allocations: 5.854 TiB, 31.66% gc time, 0.93% compilation time)
[2022-08-15T16:58:52.349]Completed Shot 1, state 83
1321.338402 seconds (1.34 G allocations: 5.854 TiB, 31.66% gc time, 0.92% compilation time)
[2022-08-15T16:58:52.365]Completed Shot 1, state 91
1321.380313 seconds (1.34 G allocations: 5.854 TiB, 31.66% gc time, 0.92% compilation time)
[2022-08-15T16:58:52.441]Completed Shot 1, state 48
1321.415975 seconds (1.34 G allocations: 5.854 TiB, 31.66% gc time, 0.92% compilation time)
[2022-08-15T16:58:52.476]Completed Shot 1, state 32
1321.471203 seconds (1.34 G allocations: 5.855 TiB, 31.65% gc time, 0.92% compilation time)
[2022-08-15T16:58:52.532]Completed Shot 1, state 99
1310.728850 seconds (1.31 G allocations: 5.853 TiB, 31.86% gc time, 0.11% compilation time)
[2022-08-15T16:58:52.532]Completed Shot 1, state 41
1321.647650 seconds (1.34 G allocations: 5.855 TiB, 31.65% gc time, 0.92% compilation time)
[2022-08-15T16:58:52.708]Completed Shot 1, state 98
1310.417581 seconds (1.30 G allocations: 5.852 TiB, 31.87% gc time, 0.07% compilation time)
[2022-08-15T16:58:52.796]Completed Shot 1, state 77
1310.957271 seconds (1.31 G allocations: 5.854 TiB, 31.86% gc time, 0.10% compilation time)
[2022-08-15T16:58:52.888]Completed Shot 1, state 56
1311.103924 seconds (1.31 G allocations: 5.854 TiB, 31.85% gc time, 0.11% compilation time)
[2022-08-15T16:58:52.948]Completed Shot 1, state 44
1321.767799 seconds (1.34 G allocations: 5.856 TiB, 31.65% gc time, 0.91% compilation time)
[2022-08-15T16:58:52.975]Completed Shot 1, state 21
1310.186435 seconds (1.30 G allocations: 5.851 TiB, 31.88% gc time, 0.04% compilation time)
[2022-08-15T16:58:52.985]Completed Shot 1, state 9
1321.967792 seconds (1.34 G allocations: 5.856 TiB, 31.64% gc time, 0.92% compilation time)
[2022-08-15T16:58:52.985]Completed Shot 1, state 27
1322.006959 seconds (1.34 G allocations: 5.856 TiB, 31.64% gc time, 0.92% compilation time)
[2022-08-15T16:58:53.066]Completed Shot 1, state 22
1322.124950 seconds (1.34 G allocations: 5.856 TiB, 31.64% gc time, 0.92% compilation time)
[2022-08-15T16:58:53.151]Completed Shot 1, state 82
1322.145846 seconds (1.34 G allocations: 5.856 TiB, 31.64% gc time, 0.92% compilation time)
[2022-08-15T16:58:53.208]Completed Shot 1, state 50
1321.969980 seconds (1.34 G allocations: 5.856 TiB, 31.64% gc time, 0.91% compilation time)
1311.274845 seconds (1.31 G allocations: 5.855 TiB, 31.85% gc time, 0.10% compilation time)
[[2022-08-15T16:58:53.218]Completed Shot 1, state 10
2022-08-15T16:58:53.218]Completed Shot 1, state 30
1322.087777 seconds (1.34 G allocations: 5.857 TiB, 31.64% gc time, 0.91% compilation time)
[2022-08-15T16:58:53.313]Completed Shot 1, state 53
1322.392458 seconds (1.34 G allocations: 5.857 TiB, 31.63% gc time, 0.92% compilation time)
[2022-08-15T16:58:53.409]Completed Shot 1, state 60
1311.481018 seconds (1.31 G allocations: 5.855 TiB, 31.84% gc time, 0.10% compilation time)
[2022-08-15T16:58:53.427]Completed Shot 1, state 63
1311.070103 seconds (1.30 G allocations: 5.854 TiB, 31.85% gc time, 0.07% compilation time)
[2022-08-15T16:58:53.437]Completed Shot 1, state 62
1310.849389 seconds (1.30 G allocations: 5.853 TiB, 31.86% gc time, 0.05% compilation time)
[2022-08-15T16:58:53.437]Completed Shot 1, state 59
1322.442892 seconds (1.34 G allocations: 5.857 TiB, 31.63% gc time, 0.92% compilation time)
[2022-08-15T16:58:53.502]Completed Shot 1, state 19
1311.114873 seconds (1.30 G allocations: 5.854 TiB, 31.85% gc time, 0.06% compilation time)
[2022-08-15T16:58:53.553]Completed Shot 1, state 67
1322.620169 seconds (1.34 G allocations: 5.857 TiB, 31.63% gc time, 0.92% compilation time)
[2022-08-15T16:58:53.639]Completed Shot 1, state 79
1322.665355 seconds (1.34 G allocations: 5.858 TiB, 31.63% gc time, 0.92% compilation time)
[2022-08-15T16:58:53.682]Completed Shot 1, state 37
1312.080937 seconds (1.31 G allocations: 5.857 TiB, 31.83% gc time, 0.12% compilation time)
[2022-08-15T16:58:53.815]Completed Shot 1, state 58
1311.178245 seconds (1.30 G allocations: 5.854 TiB, 31.85% gc time, 0.05% compilation time)
[2022-08-15T16:58:53.837]Completed Shot 1, state 78
1311.911275 seconds (1.31 G allocations: 5.856 TiB, 31.83% gc time, 0.10% compilation time)
[2022-08-15T16:58:53.838]Completed Shot 1, state 94
1311.601953 seconds (1.30 G allocations: 5.855 TiB, 31.84% gc time, 0.07% compilation time)
[2022-08-15T16:58:53.971]Completed Shot 1, state 64
1312.101744 seconds (1.31 G allocations: 5.857 TiB, 31.83% gc time, 0.10% compilation time)
[2022-08-15T16:58:54.073]Completed Shot 1, state 26
1311.843993 seconds (1.30 G allocations: 5.856 TiB, 31.84% gc time, 0.07% compilation time)
[2022-08-15T16:58:54.209]Completed Shot 1, state 14
1323.251782 seconds (1.34 G allocations: 5.859 TiB, 31.61% gc time, 0.92% compilation time)
[2022-08-15T16:58:54.269]Completed Shot 1, state 17
1323.386577 seconds (1.34 G allocations: 5.859 TiB, 31.61% gc time, 0.92% compilation time)
[2022-08-15T16:58:54.404]Completed Shot 1, state 13
1323.527373 seconds (1.34 G allocations: 5.860 TiB, 31.61% gc time, 0.92% compilation time)
[2022-08-15T16:58:54.554]Completed Shot 1, state 38
1323.623873 seconds (1.34 G allocations: 5.860 TiB, 31.60% gc time, 0.92% compilation time)
[2022-08-15T16:58:54.641]Completed Shot 1, state 54
1312.843609 seconds (1.31 G allocations: 5.858 TiB, 31.81% gc time, 0.11% compilation time)
[2022-08-15T16:58:54.647]Completed Shot 1, state 66
1312.163580 seconds (1.30 G allocations: 5.856 TiB, 31.83% gc time, 0.04% compilation time)
[2022-08-15T16:58:54.964]Completed Shot 1, state 29
1324.191765 seconds (1.34 G allocations: 5.861 TiB, 31.59% gc time, 0.92% compilation time)
[2022-08-15T16:58:55.252]Completed Shot 1, state 90
1324.977982 seconds (1.34 G allocations: 5.863 TiB, 31.57% gc time, 0.92% compilation time)
[2022-08-15T16:58:56.038]Completed Shot 1, state 55
1314.017503 seconds (1.30 G allocations: 5.860 TiB, 31.78% gc time, 0.04% compilation time)
[2022-08-15T16:58:56.814]Completed Shot 1, state 100
1316.807189 seconds (1.32 G allocations: 5.867 TiB, 31.72% gc time, 0.12% compilation time)
[2022-08-15T16:58:58.519]Completed Shot 1, state 71
1315.952079 seconds (1.30 G allocations: 5.864 TiB, 31.74% gc time, 0.04% compilation time)
[2022-08-15T16:58:58.752]Completed Shot 1, state 52
1317.701973 seconds (1.32 G allocations: 5.868 TiB, 31.69% gc time, 0.11% compilation time)
[2022-08-15T16:58:59.531]Completed Shot 1, state 87
1318.849339 seconds (1.31 G allocations: 5.870 TiB, 31.67% gc time, 0.07% compilation time)
[2022-08-15T16:59:01.226]Completed Shot 1, state 70
1331.160104 seconds (1.34 G allocations: 5.875 TiB, 31.42% gc time, 0.92% compilation time)
[2022-08-15T16:59:02.220]Completed Shot 1, state 49
1333.501635 seconds (1.34 G allocations: 5.880 TiB, 31.37% gc time, 0.92% compilation time)
[2022-08-15T16:59:04.529]Completed Shot 1, state 68
1334.420308 seconds (1.34 G allocations: 5.880 TiB, 31.35% gc time, 0.91% compilation time)
[2022-08-15T16:59:05.480]Completed Shot 1, state 12
1324.002292 seconds (1.32 G allocations: 5.880 TiB, 31.54% gc time, 0.11% compilation time)
[2022-08-15T16:59:05.736]Completed Shot 1, state 95
1324.492627 seconds (1.32 G allocations: 5.881 TiB, 31.53% gc time, 0.11% compilation time)
[2022-08-15T16:59:06.260]Completed Shot 1, state 1
1340.892129 seconds (1.35 G allocations: 5.895 TiB, 31.20% gc time, 0.91% compilation time)
[2022-08-15T16:59:11.909]Completed Shot 1, state 84
1370.519611 seconds (1.36 G allocations: 5.981 TiB, 30.77% gc time, 0.88% compilation time)
[2022-08-15T16:59:41.735]Completed Shot 1, state 74
1380.774337 seconds (1.37 G allocations: 6.018 TiB, 30.69% gc time, 0.89% compilation time)
[2022-08-15T16:59:51.791]Completed Shot 1, state 5
1381.020597 seconds (1.37 G allocations: 6.020 TiB, 30.68% gc time, 0.88% compilation time)
[2022-08-15T16:59:52.046]Completed Shot 1, state 34
 66.497359 seconds (43.13 M allocations: 190.463 GiB, 11.37% gc time)
[2022-08-15T16:59:56.151]Completed Shot 1, state 8
 64.636418 seconds (39.68 M allocations: 181.674 GiB, 11.70% gc time)
[2022-08-15T16:59:56.464]Completed Shot 1, state 4
 57.994871 seconds (36.97 M allocations: 176.540 GiB, 13.04% gc time)
[2022-08-15T17:00:04.255]Completed Shot 1, state 2
 38.678028 seconds (17.39 M allocations: 82.395 GiB, 10.19% gc time)
[2022-08-15T17:00:30.470]Completed Shot 1, state 6
[2022-08-15T17:00:30.470]**********Simulation completed!**********
[2022-08-15T17:00:30.470]**********Saving**********
[2022-08-15T17:00:30.951]Saving file: /lustre/work/ws/ws1/hd_ku269-logs/LightCones/2022-08-15/6466154_N15_RPS.jld2
[2022-08-15T17:00:34.048]**********Run completed!**********
