Added MKL.jl
Project LightCones v0.1.0
Status `/gpfs/bwfor/work/ws/hd_ku269-light_cones/WorkingFolder/Project.toml`
  [7d9fca2a] Arpack v0.5.4
  [7073ff75] IJulia v1.24.0
  [033835bb] JLD2 v0.4.29
  [0b1a1467] KrylovKit v0.6.0
  [d3d80556] LineSearches v7.2.0
  [33e6dc65] MKL v0.6.0
  [429524aa] Optim v1.7.4
  [91a5bcdd] Plots v1.38.2
  [c3e4b0f8] Pluto v0.19.19
  [3c0b384b] QuantumInformation v0.4.9
  [189a3867] Reexport v1.2.2
  [295af30f] Revise v3.5.0
  [ebcc8a00] SpinSymmetry v0.3.3
  [59d54670] ThreadedSparseArrays v0.2.2
  [ade2ca70] Dates
  [8ba89e20] Distributed
  [37e2e46d] LinearAlgebra
  [de0858da] Printf
  [9a3f8284] Random
  [1a1011a3] SharedArrays
  [2f01184e] SparseArrays
  [10745b16] Statistics
[2023-01-16T08:21:56.036]**********RANDOM FIELDS**********
shared_krylov.jl
Working Directory:          /gpfs/bwfor/work/ws/hd_ku269-light_cones/WorkingFolder
SLURM Directory:            /gpfs/bwfor/work/ws/hd_ku269-light_cones/WorkingFolder 
Running on host:            p02n06
Job id:                     512636
Job name:                   otoc_simulation_N11_TRNEW
Number of nodes allocated:  
Number of cores allocated:  1
#threads of Julia:          64
#threads of BLAS:           1
ARGS = ["11", "5", "50", "BS", "x", "9", "100", "Rhim71_FR"]
LOCATION = "/gpfs/bwfor/work/ws/hd_ku269-logs/LightCones/2023-01-16"
N = 11
SHOTS = 5
MULT_RANDOM_STATES = true
N_RANDOM_STATES = 50
TYPE_OF_RS = "BS"
OBSERVABLE = "x"
DISORDER_PARAM = 9.0
[2023-01-16T08:21:56.265]**********Running simulation**********
[2023-01-16T08:21:56.316]trange = 0.1:0.1:20.0
[2023-01-16T08:21:56.590]A = σx
[2023-01-16T08:21:56.969]alpha=6
[2023-01-16T08:21:56.969]PBC
SlowPulse([1.0, 0.0, 0.0], π, 1570.7963267948965)SlowPulse([-1.0, 0.0, 0.0], π, 1570.7963267948965)SlowPulse([1.0, 0.0, 0.0], π, 1570.7963267948965)SlowPulse([-1.0, 0.0, 0.0], π, 1570.7963267948965)6[2023-01-16T08:21:59.804]Operations set up.
Using multiple states.
6995.448402 seconds (5.74 G allocations: 22.608 TiB, 16.12% gc time, 0.04% compilation time)
6996.996526 seconds (5.75 G allocations: 22.615 TiB, 16.11% gc time, 0.04% compilation time)
6997.013626 seconds (5.75 G allocations: 22.615 TiB, 16.11% gc time, 0.04% compilation time)
7004.277687 seconds (5.75 G allocations: 22.644 TiB, 16.11% gc time, 0.06% compilation time)
7008.927055 seconds (5.76 G allocations: 22.658 TiB, 16.12% gc time, 0.07% compilation time)
7015.477143 seconds (5.76 G allocations: 22.680 TiB, 16.13% gc time, 0.07% compilation time)
7016.474658 seconds (5.76 G allocations: 22.685 TiB, 16.13% gc time, 0.07% compilation time)
7017.116566 seconds (5.77 G allocations: 22.688 TiB, 16.12% gc time, 0.07% compilation time)
7017.828640 seconds (5.77 G allocations: 22.691 TiB, 16.12% gc time, 0.07% compilation time)
7021.444482 seconds (5.77 G allocations: 22.701 TiB, 16.13% gc time, 0.07% compilation time)
7022.969386 seconds (5.77 G allocations: 22.708 TiB, 16.13% gc time, 0.07% compilation time)
7025.253725 seconds (5.77 G allocations: 22.718 TiB, 16.12% gc time, 0.07% compilation time)
7025.413597 seconds (5.77 G allocations: 22.718 TiB, 16.12% gc time, 0.07% compilation time)
7025.569600 seconds (5.77 G allocations: 22.719 TiB, 16.12% gc time, 0.07% compilation time)
7025.797319 seconds (5.77 G allocations: 22.720 TiB, 16.12% gc time, 0.07% compilation time)
7026.538088 seconds (5.77 G allocations: 22.723 TiB, 16.12% gc time, 0.07% compilation time)
7026.780352 seconds (5.77 G allocations: 22.724 TiB, 16.12% gc time, 0.07% compilation time)
7032.357105 seconds (5.78 G allocations: 22.742 TiB, 16.13% gc time, 0.07% compilation time)
7032.959071 seconds (5.78 G allocations: 22.744 TiB, 16.12% gc time, 0.07% compilation time)
7035.777899 seconds (5.78 G allocations: 22.752 TiB, 16.13% gc time, 0.07% compilation time)
7036.371313 seconds (5.78 G allocations: 22.753 TiB, 16.13% gc time, 0.07% compilation time)
7038.938059 seconds (5.78 G allocations: 22.764 TiB, 16.13% gc time, 0.07% compilation time)
7040.253297 seconds (5.79 G allocations: 22.771 TiB, 16.12% gc time, 0.07% compilation time)
7040.868319 seconds (5.79 G allocations: 22.772 TiB, 16.12% gc time, 0.07% compilation time)
7041.201195 seconds (5.79 G allocations: 22.773 TiB, 16.12% gc time, 0.07% compilation time)
7041.672761 seconds (5.79 G allocations: 22.775 TiB, 16.12% gc time, 0.07% compilation time)
7044.259267 seconds (5.79 G allocations: 22.782 TiB, 16.13% gc time, 0.07% compilation time)
7045.855862 seconds (5.79 G allocations: 22.787 TiB, 16.13% gc time, 0.07% compilation time)
7045.961946 seconds (5.79 G allocations: 22.789 TiB, 16.13% gc time, 0.07% compilation time)
7054.416938 seconds (5.79 G allocations: 22.801 TiB, 16.11% gc time, 0.14% compilation time)
7049.267588 seconds (5.79 G allocations: 22.802 TiB, 16.12% gc time, 0.07% compilation time)
7052.779156 seconds (5.80 G allocations: 22.810 TiB, 16.13% gc time, 0.07% compilation time)
7058.282405 seconds (5.80 G allocations: 22.812 TiB, 16.11% gc time, 0.14% compilation time)
7055.090111 seconds (5.80 G allocations: 22.820 TiB, 16.12% gc time, 0.07% compilation time)
7055.878883 seconds (5.80 G allocations: 22.823 TiB, 16.12% gc time, 0.07% compilation time)
7065.344040 seconds (5.80 G allocations: 22.836 TiB, 16.11% gc time, 0.14% compilation time)
7061.971977 seconds (5.80 G allocations: 22.843 TiB, 16.12% gc time, 0.07% compilation time)
7062.050849 seconds (5.80 G allocations: 22.843 TiB, 16.12% gc time, 0.07% compilation time)
7064.463284 seconds (5.81 G allocations: 22.852 TiB, 16.12% gc time, 0.07% compilation time)
7064.925892 seconds (5.81 G allocations: 22.854 TiB, 16.11% gc time, 0.07% compilation time)
7065.090360 seconds (5.81 G allocations: 22.855 TiB, 16.11% gc time, 0.07% compilation time)
7066.733922 seconds (5.81 G allocations: 22.857 TiB, 16.13% gc time, 0.07% compilation time)
7074.924147 seconds (5.81 G allocations: 22.870 TiB, 16.11% gc time, 0.14% compilation time)
7070.685571 seconds (5.81 G allocations: 22.872 TiB, 16.12% gc time, 0.07% compilation time)
7072.305213 seconds (5.81 G allocations: 22.879 TiB, 16.11% gc time, 0.07% compilation time)
7074.458949 seconds (5.81 G allocations: 22.883 TiB, 16.12% gc time, 0.07% compilation time)
7081.536360 seconds (5.82 G allocations: 22.907 TiB, 16.12% gc time, 0.07% compilation time)
7089.349466 seconds (5.83 G allocations: 22.934 TiB, 16.12% gc time, 0.07% compilation time)
7097.165033 seconds (5.83 G allocations: 22.961 TiB, 16.11% gc time, 0.07% compilation time)
7103.281265 seconds (5.84 G allocations: 22.981 TiB, 16.12% gc time, 0.07% compilation time)
6537.557658 seconds (5.72 G allocations: 22.532 TiB, 18.18% gc time, 0.01% compilation time)
[2023-01-16T12:08:25.563]Diagonalized H.
6581.082684 seconds (5.76 G allocations: 22.645 TiB, 18.16% gc time, 0.06% compilation time)
6609.237462 seconds (5.78 G allocations: 22.745 TiB, 18.15% gc time, 0.10% compilation time)
[2023-01-16T12:09:02.714]Diagonalized H.
 47.554101 seconds (36.23 M allocations: 122.420 GiB, 12.19% gc time, 7.69% compilation time)
[2023-01-16T12:09:03]Completed Shot 1, state 27
[2023-01-16T12:09:09.082]Diagonalized H.
6623.409625 seconds (5.79 G allocations: 22.769 TiB, 18.15% gc time, 0.10% compilation time)
 34.662850 seconds (16.86 M allocations: 68.296 GiB, 7.30% gc time)
[2023-01-16T12:09:28.494]Completed Shot 1, state 50
[2023-01-16T12:09:28.833]Diagonalized H.
 31.406775 seconds (13.28 M allocations: 56.230 GiB, 8.06% gc time)
[2023-01-16T12:09:31.036]Completed Shot 1, state 15
6638.104823 seconds (5.79 G allocations: 22.764 TiB, 18.11% gc time, 0.06% compilation time)
6621.079940 seconds (5.77 G allocations: 22.701 TiB, 18.11% gc time, 0.06% compilation time)
6623.384584 seconds (5.77 G allocations: 22.709 TiB, 18.11% gc time, 0.06% compilation time)
6610.844575 seconds (5.76 G allocations: 22.664 TiB, 18.09% gc time, 0.06% compilation time)
 39.398799 seconds (19.28 M allocations: 76.318 GiB, 6.97% gc time)
[2023-01-16T12:09:54.724]Completed Shot 1, state 17
[2023-01-16T12:09:54.872]Diagonalized H.
[2023-01-16T12:09:56.127]Diagonalized H.
[2023-01-16T12:09:57.819]Diagonalized H.
[2023-01-16T12:10:00.445]Diagonalized H.
6680.877167 seconds (5.81 G allocations: 22.838 TiB, 18.06% gc time, 0.06% compilation time)
[2023-01-16T12:10:31.286]Diagonalized H.
6664.903242 seconds (5.78 G allocations: 22.761 TiB, 18.02% gc time, 0.06% compilation time)
 98.878159 seconds (21.49 M allocations: 92.281 GiB, 50.02% gc time)
[2023-01-16T12:11:20.829]Completed Shot 1, state 22
6730.702513 seconds (5.80 G allocations: 22.833 TiB, 18.57% gc time, 0.06% compilation time)
6697.462292 seconds (5.77 G allocations: 22.714 TiB, 18.59% gc time, 0.06% compilation time)
100.026951 seconds (22.41 M allocations: 95.983 GiB, 49.45% gc time)
[2023-01-16T12:11:22.565]Completed Shot 1, state 16
100.937190 seconds (22.92 M allocations: 97.900 GiB, 49.00% gc time)
[2023-01-16T12:11:25.036]Completed Shot 1, state 2
6726.251420 seconds (5.80 G allocations: 22.811 TiB, 18.57% gc time, 0.06% compilation time)
6711.422612 seconds (5.78 G allocations: 22.760 TiB, 18.57% gc time, 0.06% compilation time)
 95.779961 seconds (18.81 M allocations: 82.514 GiB, 51.64% gc time)
[2023-01-16T12:11:27.907]Completed Shot 1, state 24
6691.277459 seconds (5.77 G allocations: 22.692 TiB, 18.58% gc time, 0.06% compilation time)
6720.352302 seconds (5.79 G allocations: 22.789 TiB, 18.55% gc time, 0.06% compilation time)
[2023-01-16T12:11:33.483]Diagonalized H.
6741.726336 seconds (5.81 G allocations: 22.860 TiB, 18.54% gc time, 0.06% compilation time)
6726.620831 seconds (5.80 G allocations: 22.806 TiB, 18.55% gc time, 0.06% compilation time)
6699.312976 seconds (5.77 G allocations: 22.715 TiB, 18.55% gc time, 0.06% compilation time)
[2023-01-16T12:11:44.736]Diagonalized H.
[2023-01-16T12:11:44.778]Diagonalized H.
[2023-01-16T12:11:44.783]Diagonalized H.
[2023-01-16T12:11:44.792]Diagonalized H.
[2023-01-16T12:11:44.832]Diagonalized H.
[2023-01-16T12:11:44.854]Diagonalized H.
[2023-01-16T12:11:44.873]Diagonalized H.
[2023-01-16T12:11:44.905]Diagonalized H.
6743.554353 seconds (5.80 G allocations: 22.830 TiB, 18.58% gc time, 0.06% compilation time)
 85.197419 seconds (17.74 M allocations: 74.694 GiB, 58.98% gc time)
[2023-01-16T12:11:45.609]Completed Shot 1, state 41
 96.802135 seconds (13.30 M allocations: 71.382 GiB, 51.91% gc time)
[2023-01-16T12:12:08.980]Completed Shot 1, state 49
[2023-01-16T12:12:09.835]Diagonalized H.
[2023-01-16T12:12:11.838]Diagonalized H.
 51.501530 seconds (11.39 M allocations: 63.712 GiB, 7.75% gc time)
[2023-01-16T12:12:13.561]Completed Shot 1, state 8
6802.304248 seconds (5.83 G allocations: 22.964 TiB, 18.49% gc time, 0.09% compilation time)
 44.307564 seconds (5.26 M allocations: 39.981 GiB, 9.00% gc time)
[2023-01-16T12:12:15.949]Completed Shot 1, state 13
6762.520327 seconds (5.79 G allocations: 22.818 TiB, 18.49% gc time, 0.06% compilation time)
 42.678827 seconds (3.66 M allocations: 34.387 GiB, 9.35% gc time)
[2023-01-16T12:12:17.180]Completed Shot 1, state 10
 56.084693 seconds (13.09 M allocations: 72.430 GiB, 7.11% gc time)
[2023-01-16T12:12:17.183]Completed Shot 1, state 46
 56.215081 seconds (9.29 M allocations: 59.506 GiB, 7.10% gc time)
[2023-01-16T12:12:23.217]Completed Shot 1, state 42
[2023-01-16T12:12:29.137]Diagonalized H.
[2023-01-16T12:12:29.226]Diagonalized H.
6760.401444 seconds (5.78 G allocations: 22.771 TiB, 18.48% gc time, 0.06% compilation time)
6772.154366 seconds (5.79 G allocations: 22.809 TiB, 18.47% gc time, 0.06% compilation time)
6777.605198 seconds (5.80 G allocations: 22.825 TiB, 18.47% gc time, 0.06% compilation time)
6765.837649 seconds (5.79 G allocations: 22.786 TiB, 18.47% gc time, 0.06% compilation time)
 68.434969 seconds (12.12 M allocations: 74.619 GiB, 8.02% gc time)
[2023-01-16T12:12:34.858]Completed Shot 1, state 40
6781.136458 seconds (5.80 G allocations: 22.831 TiB, 18.46% gc time, 0.06% compilation time)
 70.060641 seconds (11.51 M allocations: 72.637 GiB, 7.83% gc time)
[2023-01-16T12:12:38.306]Completed Shot 1, state 6
 65.216009 seconds (8.30 M allocations: 60.017 GiB, 8.41% gc time)
[2023-01-16T12:12:38.976]Completed Shot 1, state 35
6800.128711 seconds (5.81 G allocations: 22.890 TiB, 18.45% gc time, 0.06% compilation time)
6776.700429 seconds (5.79 G allocations: 22.809 TiB, 18.45% gc time, 0.06% compilation time)
6773.874209 seconds (5.79 G allocations: 22.801 TiB, 18.45% gc time, 0.06% compilation time)
6766.541034 seconds (5.78 G allocations: 22.771 TiB, 18.45% gc time, 0.06% compilation time)
6757.968221 seconds (5.77 G allocations: 22.737 TiB, 18.46% gc time, 0.06% compilation time)
 61.085826 seconds (10.20 M allocations: 65.264 GiB, 2.45% gc time)
[2023-01-16T12:12:46.338]Completed Shot 1, state 7
6797.184737 seconds (5.81 G allocations: 22.868 TiB, 18.42% gc time, 0.06% compilation time)
 74.004957 seconds (11.21 M allocations: 71.264 GiB, 7.41% gc time)
[2023-01-16T12:12:48.617]Completed Shot 1, state 1
6817.261721 seconds (5.82 G allocations: 22.936 TiB, 18.42% gc time, 0.06% compilation time)
6793.560561 seconds (5.80 G allocations: 22.848 TiB, 18.43% gc time, 0.06% compilation time)
[2023-01-16T12:12:50.744]Diagonalized H.
[2023-01-16T12:12:50.842]Diagonalized H.
[2023-01-16T12:12:51.078]Diagonalized H.
[2023-01-16T12:12:51.114]Diagonalized H.
6792.879661 seconds (5.80 G allocations: 22.848 TiB, 18.41% gc time, 0.06% compilation time)
[2023-01-16T12:12:52.737]Diagonalized H.
 37.016823 seconds (9.21 M allocations: 52.377 GiB, 4.05% gc time)
[2023-01-16T12:12:53.397]Completed Shot 1, state 32
[2023-01-16T12:12:56.026]Diagonalized H.
[2023-01-16T12:12:56.369]Diagonalized H.
 46.985670 seconds (10.06 M allocations: 59.133 GiB, 3.19% gc time)
[2023-01-16T12:13:01.222]Completed Shot 1, state 5
[2023-01-16T12:13:02.405]Diagonalized H.
[2023-01-16T12:13:05.523]Diagonalized H.
[2023-01-16T12:13:06.609]Diagonalized H.
[2023-01-16T12:13:09.308]Diagonalized H.
[2023-01-16T12:13:15.075]Diagonalized H.
[2023-01-16T12:13:16.196]Diagonalized H.
[2023-01-16T12:13:17.430]Diagonalized H.
 53.723045 seconds (5.92 M allocations: 46.934 GiB)
[2023-01-16T12:13:30.994]Completed Shot 1, state 44
 65.571974 seconds (7.15 M allocations: 57.991 GiB)
[2023-01-16T12:13:38.967]Completed Shot 1, state 20
 69.499863 seconds (6.83 M allocations: 58.339 GiB)
[2023-01-16T12:13:43.578]Completed Shot 1, state 19
 68.848205 seconds (4.55 M allocations: 47.588 GiB)
[2023-01-16T12:13:50.419]Completed Shot 1, state 4
 80.381169 seconds (7.57 M allocations: 64.671 GiB)
[2023-01-16T12:13:53.315]Completed Shot 1, state 39
 72.910038 seconds (3.58 M allocations: 45.052 GiB)
[2023-01-16T12:13:58.104]Completed Shot 1, state 23
 77.948158 seconds (5.21 M allocations: 52.370 GiB)
[2023-01-16T12:13:58.570]Completed Shot 1, state 12
 82.903178 seconds (5.45 M allocations: 53.588 GiB)
[2023-01-16T12:14:03.977]Completed Shot 1, state 26
6883.843289 seconds (5.82 G allocations: 22.944 TiB, 18.22% gc time, 0.06% compilation time)
6839.354554 seconds (5.78 G allocations: 22.793 TiB, 18.24% gc time, 0.06% compilation time)
6845.355441 seconds (5.78 G allocations: 22.811 TiB, 18.24% gc time, 0.06% compilation time)
[2023-01-16T12:14:13.789]Diagonalized H.
[2023-01-16T12:14:13.809]Diagonalized H.
[2023-01-16T12:14:14.083]Diagonalized H.
118.508017 seconds (9.54 M allocations: 79.243 GiB, 4.18% gc time)
[2023-01-16T12:14:28.918]Completed Shot 1, state 29
6873.065165 seconds (5.78 G allocations: 22.815 TiB, 18.24% gc time, 0.06% compilation time)
[2023-01-16T12:14:41.842]Diagonalized H.
6925.862079 seconds (5.82 G allocations: 22.972 TiB, 18.20% gc time, 0.06% compilation time)
[2023-01-16T12:14:52.387]Diagonalized H.
132.629069 seconds (5.72 M allocations: 62.395 GiB, 5.57% gc time)
[2023-01-16T12:14:56.063]Completed Shot 1, state 28
123.723279 seconds (2.83 M allocations: 46.619 GiB, 5.97% gc time)
[2023-01-16T12:14:56.183]Completed Shot 1, state 34
6919.492071 seconds (5.79 G allocations: 22.854 TiB, 18.19% gc time, 0.06% compilation time)
142.718393 seconds (4.30 M allocations: 58.454 GiB, 6.65% gc time)
[2023-01-16T12:15:11.374]Completed Shot 1, state 47
[2023-01-16T12:15:18.408]Diagonalized H.
151.633789 seconds (4.55 M allocations: 60.068 GiB, 6.44% gc time)
[2023-01-16T12:15:19.917]Completed Shot 1, state 48
166.516722 seconds (4.07 M allocations: 60.257 GiB, 6.99% gc time)
[2023-01-16T12:15:36.669]Completed Shot 1, state 18
6938.757507 seconds (5.78 G allocations: 22.828 TiB, 18.16% gc time, 0.06% compilation time)
[2023-01-16T12:15:46.409]Diagonalized H.
109.252494 seconds (1.95 M allocations: 23.281 GiB, 12.00% gc time)
[2023-01-16T12:15:53.427]Completed Shot 1, state 37
110.558514 seconds (1.98 M allocations: 23.363 GiB, 12.14% gc time)
[2023-01-16T12:15:54.808]Completed Shot 1, state 33
110.395628 seconds (1.96 M allocations: 23.076 GiB, 12.16% gc time)
[2023-01-16T12:15:55.135]Completed Shot 1, state 38
6919.444086 seconds (5.76 G allocations: 22.706 TiB, 18.15% gc time, 0.06% compilation time)
[2023-01-16T12:16:04.298]Diagonalized H.
6940.531179 seconds (5.77 G allocations: 22.754 TiB, 18.13% gc time, 0.06% compilation time)
[2023-01-16T12:16:13.276]Diagonalized H.
6975.440177 seconds (5.79 G allocations: 22.835 TiB, 18.11% gc time, 0.06% compilation time)
[2023-01-16T12:16:25.398]Diagonalized H.
116.892504 seconds (1.70 M allocations: 22.075 GiB, 9.75% gc time)
[2023-01-16T12:16:39.119]Completed Shot 1, state 3
128.228955 seconds (2.14 M allocations: 24.661 GiB, 9.32% gc time)
[2023-01-16T12:16:42.946]Completed Shot 1, state 21
 96.871585 seconds (1.85 M allocations: 19.592 GiB, 8.95% gc time)
[2023-01-16T12:16:47.161]Completed Shot 1, state 14
7007.263414 seconds (5.78 G allocations: 22.826 TiB, 18.06% gc time, 0.06% compilation time)
[2023-01-16T12:16:59.985]Diagonalized H.
7023.278917 seconds (5.78 G allocations: 22.818 TiB, 18.04% gc time, 0.06% compilation time)
 95.139867 seconds (2.05 M allocations: 19.876 GiB, 9.08% gc time)
[2023-01-16T12:17:13.741]Completed Shot 1, state 36
[2023-01-16T12:17:19.870]Diagonalized H.
7032.769023 seconds (5.77 G allocations: 22.796 TiB, 18.02% gc time, 0.06% compilation time)
[2023-01-16T12:17:36.976]Diagonalized H.
106.739378 seconds (1.52 M allocations: 19.433 GiB, 9.28% gc time)
[2023-01-16T12:17:51.540]Completed Shot 1, state 11
 98.445930 seconds (1.52 M allocations: 17.881 GiB, 9.36% gc time)
[2023-01-16T12:17:53.894]Completed Shot 1, state 43
118.729658 seconds (1.75 M allocations: 21.105 GiB, 8.67% gc time)
[2023-01-16T12:17:56.375]Completed Shot 1, state 25
7051.809302 seconds (5.76 G allocations: 22.748 TiB, 17.98% gc time, 0.06% compilation time)
 71.710665 seconds (834.30 k allocations: 11.059 GiB, 8.63% gc time)
[2023-01-16T12:18:04.579]Completed Shot 1, state 45
 55.446282 seconds (607.79 k allocations: 8.200 GiB, 6.92% gc time)
[2023-01-16T12:18:08.103]Completed Shot 1, state 30
[2023-01-16T12:18:10.240]Diagonalized H.
 41.198532 seconds (499.73 k allocations: 5.964 GiB, 6.50% gc time)
[2023-01-16T12:18:10.435]Completed Shot 1, state 9
 23.063949 seconds (74.62 k allocations: 2.847 GiB, 1.35% gc time)
[2023-01-16T12:18:26.958]Completed Shot 1, state 31
6883.594289 seconds (5.70 G allocations: 22.510 TiB, 18.82% gc time)
6884.262722 seconds (5.70 G allocations: 22.513 TiB, 18.82% gc time)
6897.545147 seconds (5.71 G allocations: 22.553 TiB, 18.84% gc time)
6898.708962 seconds (5.71 G allocations: 22.559 TiB, 18.84% gc time)
6900.423049 seconds (5.71 G allocations: 22.567 TiB, 18.84% gc time)
6913.012961 seconds (5.72 G allocations: 22.603 TiB, 18.87% gc time)
6913.434613 seconds (5.72 G allocations: 22.605 TiB, 18.87% gc time)
6914.516209 seconds (5.72 G allocations: 22.610 TiB, 18.86% gc time)
6915.849070 seconds (5.73 G allocations: 22.616 TiB, 18.86% gc time)
6916.577316 seconds (5.73 G allocations: 22.619 TiB, 18.86% gc time)
6917.778971 seconds (5.73 G allocations: 22.625 TiB, 18.85% gc time)
6919.836100 seconds (5.73 G allocations: 22.634 TiB, 18.85% gc time)
6920.232830 seconds (5.73 G allocations: 22.635 TiB, 18.85% gc time)
6920.625637 seconds (5.73 G allocations: 22.637 TiB, 18.85% gc time)
6920.860412 seconds (5.73 G allocations: 22.638 TiB, 18.85% gc time)
6924.900483 seconds (5.74 G allocations: 22.656 TiB, 18.84% gc time)
6926.298603 seconds (5.74 G allocations: 22.662 TiB, 18.83% gc time)
6926.498887 seconds (5.74 G allocations: 22.662 TiB, 18.83% gc time)
6926.876496 seconds (5.74 G allocations: 22.664 TiB, 18.83% gc time)
6927.486300 seconds (5.74 G allocations: 22.667 TiB, 18.83% gc time)
6933.238961 seconds (5.74 G allocations: 22.673 TiB, 18.87% gc time)
6935.021661 seconds (5.74 G allocations: 22.680 TiB, 18.87% gc time)
6935.389256 seconds (5.74 G allocations: 22.682 TiB, 18.87% gc time)
6936.078776 seconds (5.74 G allocations: 22.685 TiB, 18.87% gc time)
6936.375581 seconds (5.74 G allocations: 22.686 TiB, 18.86% gc time)
6936.544539 seconds (5.74 G allocations: 22.687 TiB, 18.86% gc time)
6936.798374 seconds (5.74 G allocations: 22.688 TiB, 18.86% gc time)
6937.042304 seconds (5.74 G allocations: 22.689 TiB, 18.86% gc time)
6937.856593 seconds (5.74 G allocations: 22.692 TiB, 18.86% gc time)
6938.657828 seconds (5.75 G allocations: 22.695 TiB, 18.86% gc time)
6939.059069 seconds (5.75 G allocations: 22.697 TiB, 18.86% gc time)
6940.789588 seconds (5.75 G allocations: 22.704 TiB, 18.85% gc time)
6941.174493 seconds (5.75 G allocations: 22.706 TiB, 18.85% gc time)
6944.512799 seconds (5.75 G allocations: 22.719 TiB, 18.84% gc time)
6946.159251 seconds (5.75 G allocations: 22.726 TiB, 18.84% gc time)
6947.864171 seconds (5.75 G allocations: 22.733 TiB, 18.83% gc time)
6955.995773 seconds (5.76 G allocations: 22.745 TiB, 18.88% gc time)
6956.734806 seconds (5.76 G allocations: 22.748 TiB, 18.87% gc time)
6957.310664 seconds (5.76 G allocations: 22.750 TiB, 18.87% gc time)
6957.775300 seconds (5.76 G allocations: 22.752 TiB, 18.87% gc time)
6958.685352 seconds (5.76 G allocations: 22.756 TiB, 18.87% gc time)
6959.833819 seconds (5.76 G allocations: 22.760 TiB, 18.86% gc time)
6960.033606 seconds (5.76 G allocations: 22.761 TiB, 18.86% gc time)
6960.069037 seconds (5.76 G allocations: 22.761 TiB, 18.86% gc time)
6963.551980 seconds (5.76 G allocations: 22.776 TiB, 18.85% gc time)
6965.259350 seconds (5.77 G allocations: 22.783 TiB, 18.85% gc time)
6967.073693 seconds (5.77 G allocations: 22.790 TiB, 18.85% gc time)
6971.797423 seconds (5.77 G allocations: 22.809 TiB, 18.83% gc time)
6982.201877 seconds (5.78 G allocations: 22.834 TiB, 18.86% gc time)
6984.528468 seconds (5.78 G allocations: 22.844 TiB, 18.85% gc time)
6476.607215 seconds (5.73 G allocations: 22.629 TiB, 20.21% gc time)
[2023-01-16T16:01:20.451]Diagonalized H.
6492.037877 seconds (5.73 G allocations: 22.645 TiB, 20.19% gc time)
[2023-01-16T16:01:50.110]Diagonalized H.
6515.635954 seconds (5.75 G allocations: 22.696 TiB, 20.18% gc time)
6517.949397 seconds (5.75 G allocations: 22.706 TiB, 20.18% gc time)
6490.421519 seconds (5.72 G allocations: 22.603 TiB, 20.19% gc time)
6501.703743 seconds (5.74 G allocations: 22.651 TiB, 20.16% gc time)
6482.716351 seconds (5.72 G allocations: 22.588 TiB, 20.15% gc time)
6505.648260 seconds (5.74 G allocations: 22.668 TiB, 20.14% gc time)
 60.365120 seconds (36.52 M allocations: 142.590 GiB, 17.02% gc time)
[2023-01-16T16:02:07.557]Completed Shot 2, state 49
6503.285376 seconds (5.73 G allocations: 22.650 TiB, 20.15% gc time)
[2023-01-16T16:03:33.941]Diagonalized H.
[[[2023-01-16T16:03:33.944]Diagonalized H.
2023-01-16T16:03:33.962]Diagonalized H.
2023-01-16T16:03:33.963]Diagonalized H.
[2023-01-16T16:03:34.919[]Diagonalized H.
[2023-01-16T16:03:34.919]Diagonalized H.
2023-01-16T16:03:34.919]Diagonalized H.
6592.936188 seconds (5.74 G allocations: 22.677 TiB, 21.05% gc time)
117.048136 seconds (21.78 M allocations: 86.971 GiB, 69.94% gc time)
[2023-01-16T16:03:36.474]Completed Shot 2, state 24
6617.816814 seconds (5.74 G allocations: 22.692 TiB, 20.97% gc time)
6653.363930 seconds (5.77 G allocations: 22.809 TiB, 21.00% gc time)
122.663576 seconds (12.58 M allocations: 64.054 GiB, 63.19% gc time)
[2023-01-16T16:04:06.348]Completed Shot 2, state 16
[2023-01-16T16:04:06.482]Diagonalized H.
6605.390281 seconds (5.73 G allocations: 22.650 TiB, 20.95% gc time)
122.067149 seconds (11.85 M allocations: 61.451 GiB, 63.50% gc time)
[2023-01-16T16:04:08.292]Completed Shot 2, state 14
6621.830721 seconds (5.74 G allocations: 22.702 TiB, 20.96% gc time)
127.506694 seconds (17.36 M allocations: 84.352 GiB, 60.79% gc time)
[2023-01-16T16:04:08.813]Completed Shot 2, state 3
126.517790 seconds (16.32 M allocations: 80.283 GiB, 61.27% gc time)
[2023-01-16T16:04:08.974]Completed Shot 2, state 7
123.753926 seconds (13.57 M allocations: 69.577 GiB, 62.64% gc time)
[2023-01-16T16:04:09.001]Completed Shot 2, state 35
[2023-01-16T16:04:18.566]Diagonalized H.
[2023-01-16T16:04:18.596]Diagonalized H.
[2023-01-16T16:04:18.599]Diagonalized H.
[2023-01-16T16:04:18.645]Diagonalized H.
127.947843 seconds (11.10 M allocations: 60.654 GiB, 62.66% gc time)
[2023-01-16T16:04:19.056]Completed Shot 2, state 8
133.048494 seconds (14.72 M allocations: 74.581 GiB, 60.26% gc time)
[2023-01-16T16:04:20.180]Completed Shot 2, state 47
6639.948169 seconds (5.76 G allocations: 22.746 TiB, 20.94% gc time)
6633.260608 seconds (5.75 G allocations: 22.717 TiB, 20.97% gc time)
6629.660634 seconds (5.74 G allocations: 22.690 TiB, 20.91% gc time)
6646.337111 seconds (5.74 G allocations: 22.713 TiB, 20.92% gc time)
6659.402318 seconds (5.76 G allocations: 22.766 TiB, 20.88% gc time)
6640.075135 seconds (5.74 G allocations: 22.688 TiB, 20.88% gc time)
6650.468754 seconds (5.74 G allocations: 22.713 TiB, 20.91% gc time)
[2023-01-16T16:04:45.867]Diagonalized H.
6659.767987 seconds (5.75 G allocations: 22.750 TiB, 20.88% gc time)
 40.376469 seconds (12.01 M allocations: 59.170 GiB, 6.59% gc time)
[2023-01-16T16:04:47.754]Completed Shot 2, state 37
6644.418558 seconds (5.74 G allocations: 22.703 TiB, 20.87% gc time)
 72.049279 seconds (18.46 M allocations: 98.059 GiB, 3.69% gc time)
[2023-01-16T16:04:47.800]Completed Shot 2, state 28
 39.770999 seconds (11.34 M allocations: 55.887 GiB, 6.69% gc time)
[2023-01-16T16:04:48.401]Completed Shot 2, state 13
6641.077113 seconds (5.74 G allocations: 22.686 TiB, 20.88% gc time)
 44.940191 seconds (15.31 M allocations: 72.548 GiB, 5.92% gc time)
[2023-01-16T16:04:49.529]Completed Shot 2, state 6
 48.104996 seconds (17.25 M allocations: 80.385 GiB, 5.53% gc time)
[2023-01-16T16:04:50.667]Completed Shot 2, state 36
[2023-01-16T16:04:51.458]Diagonalized H.
6648.942421 seconds (5.74 G allocations: 22.713 TiB, 20.85% gc time)
6647.204534 seconds (5.74 G allocations: 22.704 TiB, 20.86% gc time)
[2023-01-16T16:04:53.276]Diagonalized H.
[2023-01-16T16:04:53.602]Diagonalized H.
6651.747230 seconds (5.75 G allocations: 22.721 TiB, 20.84% gc time)
[2023-01-16T16:04:55.075]Diagonalized H.
[2023-01-16T16:04:55.552]Diagonalized H.
[[2023-01-16T16:05:07.331]Diagonalized H.
2023-01-16T16:05:07.333]Diagonalized H.
[[[2023-01-16T16:05:08.338]Diagonalized H.
2023-01-16T16:05:08.331]Diagonalized H.
2023-01-16T16:05:08.338]Diagonalized H.
[[2023-01-16T16:05:08.487]Diagonalized H.
2023-01-16T16:05:08.514]Diagonalized H.
110.178374 seconds (856.15 k allocations: 22.477 GiB, 15.68% gc time)
[2023-01-16T16:06:44.281]Completed Shot 2, state 39
156.892559 seconds (11.21 M allocations: 77.326 GiB, 12.22% gc time)
[2023-01-16T16:06:57.236]Completed Shot 2, state 1
161.165480 seconds (10.93 M allocations: 74.533 GiB, 12.07% gc time)
[2023-01-16T16:07:02.019]Completed Shot 2, state 40
159.023635 seconds (8.93 M allocations: 63.570 GiB, 13.48% gc time)
[2023-01-16T16:07:17.228]Completed Shot 2, state 41
6792.423189 seconds (5.74 G allocations: 22.738 TiB, 20.73% gc time)
168.292897 seconds (9.97 M allocations: 69.013 GiB, 12.95% gc time)
[2023-01-16T16:07:18.154]Completed Shot 2, state 4
[2023-01-16T16:07:24.573]Diagonalized H.
6808.870635 seconds (5.74 G allocations: 22.730 TiB, 20.71% gc time)
[2023-01-16T16:07:43.828]Diagonalized H.
6832.435349 seconds (5.75 G allocations: 22.751 TiB, 20.67% gc time)
189.755886 seconds (5.82 M allocations: 55.397 GiB, 13.68% gc time)
[2023-01-16T16:07:56.723]Completed Shot 2, state 38
[2023-01-16T16:08:03.223]Diagonalized H.
194.365387 seconds (4.50 M allocations: 48.889 GiB, 13.50% gc time)
[2023-01-16T16:08:03.582]Completed Shot 2, state 19
6821.010909 seconds (5.73 G allocations: 22.695 TiB, 20.65% gc time)
[2023-01-16T16:08:14.187]Diagonalized H.
222.353386 seconds (5.88 M allocations: 57.952 GiB, 13.29% gc time)
[2023-01-16T16:08:30.112]Completed Shot 2, state 20
226.151784 seconds (8.53 M allocations: 70.177 GiB, 13.07% gc time)
[2023-01-16T16:08:30.232]Completed Shot 2, state 9
6844.934856 seconds (5.73 G allocations: 22.685 TiB, 20.63% gc time)
6866.746599 seconds (5.75 G allocations: 22.751 TiB, 20.63% gc time)
[2023-01-16T16:08:39.120]Diagonalized H.
[2023-01-16T16:08:45.931]Diagonalized H.
246.123139 seconds (3.99 M allocations: 53.363 GiB, 13.29% gc time)
[2023-01-16T16:08:58.110]Completed Shot 2, state 30
259.115068 seconds (8.28 M allocations: 72.970 GiB, 12.82% gc time)
[2023-01-16T16:09:04.035]Completed Shot 2, state 25
252.253882 seconds (3.58 M allocations: 51.146 GiB, 13.31% gc time)
[2023-01-16T16:09:05.482]Completed Shot 2, state 18
267.020654 seconds (10.87 M allocations: 83.906 GiB, 12.58% gc time)
[2023-01-16T16:09:06.403]Completed Shot 2, state 42
6881.399929 seconds (5.73 G allocations: 22.670 TiB, 20.58% gc time)
6900.882609 seconds (5.74 G allocations: 22.727 TiB, 20.59% gc time)
[2023-01-16T16:09:20.236]Diagonalized H.
[2023-01-16T16:09:27.953]Diagonalized H.
148.445404 seconds (2.55 M allocations: 27.345 GiB, 11.06% gc time)
[2023-01-16T16:09:45.691]Completed Shot 2, state 34
142.408614 seconds (3.03 M allocations: 28.528 GiB, 11.42% gc time)
[2023-01-16T16:09:59.032]Completed Shot 2, state 10
6965.934461 seconds (5.76 G allocations: 22.800 TiB, 20.54% gc time)
[2023-01-16T16:10:06.264]Diagonalized H.
6948.263877 seconds (5.73 G allocations: 22.711 TiB, 20.48% gc time)
6987.862729 seconds (5.76 G allocations: 22.804 TiB, 20.50% gc time)
[2023-01-16T16:10:21.951]Diagonalized H.
[2023-01-16T16:10:29.967]Diagonalized H.
167.841782 seconds (3.55 M allocations: 33.899 GiB, 11.16% gc time)
[2023-01-16T16:10:44.037]Completed Shot 2, state 2
6981.667740 seconds (5.74 G allocations: 22.722 TiB, 20.44% gc time)
[2023-01-16T16:10:53.462]Diagonalized H.
7013.127826 seconds (5.74 G allocations: 22.758 TiB, 20.44% gc time)
7001.062489 seconds (5.74 G allocations: 22.730 TiB, 20.41% gc time)
181.133566 seconds (4.10 M allocations: 38.468 GiB, 11.26% gc time)
[2023-01-16T16:11:05.109]Completed Shot 2, state 22
[2023-01-16T16:11:17.743]Diagonalized H.
[2023-01-16T16:11:17.843]Diagonalized H.
176.348393 seconds (3.54 M allocations: 34.452 GiB, 10.65% gc time)
[2023-01-16T16:11:28.283]Completed Shot 2, state 32
139.492401 seconds (3.05 M allocations: 28.323 GiB, 10.86% gc time)
[2023-01-16T16:11:33.117]Completed Shot 2, state 31
184.319378 seconds (3.48 M allocations: 35.207 GiB, 10.71% gc time)
[2023-01-16T16:11:36.689]Completed Shot 2, state 21
158.929984 seconds (3.34 M allocations: 31.577 GiB, 10.91% gc time)
[2023-01-16T16:11:52.939]Completed Shot 2, state 44
7048.677392 seconds (5.74 G allocations: 22.733 TiB, 20.34% gc time)
7043.413876 seconds (5.73 G allocations: 22.709 TiB, 20.36% gc time)
[2023-01-16T16:12:00.239]Diagonalized H.
[2023-01-16T16:12:07.236]Diagonalized H.
7089.523136 seconds (5.74 G allocations: 22.756 TiB, 20.33% gc time)
[2023-01-16T16:12:33.647]Diagonalized H.
152.969657 seconds (1.95 M allocations: 25.223 GiB, 10.72% gc time)
[2023-01-16T16:12:46.884]Completed Shot 2, state 17
7105.285552 seconds (5.73 G allocations: 22.731 TiB, 20.26% gc time)
180.576658 seconds (2.92 M allocations: 31.985 GiB, 9.88% gc time)
[2023-01-16T16:12:59.977]Completed Shot 2, state 46
[2023-01-16T16:13:00.190]Diagonalized H.
169.763197 seconds (2.36 M allocations: 29.524 GiB, 10.44% gc time)
[2023-01-16T16:13:11.469]Completed Shot 2, state 45
145.861062 seconds (2.18 M allocations: 25.384 GiB, 9.83% gc time)
[2023-01-16T16:13:11.803]Completed Shot 2, state 15
7129.126161 seconds (5.74 G allocations: 22.738 TiB, 20.22% gc time)
131.241705 seconds (1.76 M allocations: 21.802 GiB, 9.70% gc time)
[2023-01-16T16:13:16.006]Completed Shot 2, state 33
138.091979 seconds (1.82 M allocations: 22.336 GiB, 9.28% gc time)
[2023-01-16T16:13:22.699]Completed Shot 2, state 50
[2023-01-16T16:13:22.747]Diagonalized H.
7129.465442 seconds (5.73 G allocations: 22.709 TiB, 20.22% gc time)
[2023-01-16T16:13:33.663]Diagonalized H.
114.875354 seconds (1.68 M allocations: 20.905 GiB, 9.51% gc time)
[2023-01-16T16:13:48.294]Completed Shot 2, state 26
115.561064 seconds (1.72 M allocations: 21.078 GiB, 9.46% gc time)
[2023-01-16T16:13:49.490]Completed Shot 2, state 11
7152.359968 seconds (5.72 G allocations: 22.697 TiB, 20.20% gc time)
 87.485732 seconds (1.79 M allocations: 18.162 GiB, 8.98% gc time)
[2023-01-16T16:13:51.839]Completed Shot 2, state 27
[2023-01-16T16:13:57.755]Diagonalized H.
 74.087609 seconds (1.51 M allocations: 16.051 GiB, 8.51% gc time)
[2023-01-16T16:14:06.406]Completed Shot 2, state 12
7160.241321 seconds (5.72 G allocations: 22.666 TiB, 20.15% gc time)
[2023-01-16T16:14:17.883]Diagonalized H.
 54.923835 seconds (915.87 k allocations: 10.979 GiB, 8.69% gc time)
[2023-01-16T16:14:18.427]Completed Shot 2, state 23
 63.060655 seconds (1.01 M allocations: 11.856 GiB, 8.14% gc time)
[2023-01-16T16:14:18.982]Completed Shot 2, state 5
 36.010689 seconds (562.92 k allocations: 7.051 GiB, 5.34% gc time)
[2023-01-16T16:14:27.135]Completed Shot 2, state 48
7184.603534 seconds (5.72 G allocations: 22.680 TiB, 20.08% gc time)
 23.181070 seconds (402.74 k allocations: 4.415 GiB, 1.66% gc time)
[2023-01-16T16:14:34.917]Completed Shot 2, state 43
[2023-01-16T16:14:39.427]Diagonalized H.
 23.388220 seconds (59.61 k allocations: 2.621 GiB)
[2023-01-16T16:14:57.159]Completed Shot 2, state 29
6734.549086 seconds (5.72 G allocations: 22.533 TiB, 20.12% gc time)
6752.087195 seconds (5.73 G allocations: 22.592 TiB, 20.13% gc time)
6755.984065 seconds (5.74 G allocations: 22.609 TiB, 20.12% gc time)
6772.098589 seconds (5.75 G allocations: 22.661 TiB, 20.14% gc time)
6775.218577 seconds (5.76 G allocations: 22.674 TiB, 20.13% gc time)
6775.448001 seconds (5.76 G allocations: 22.675 TiB, 20.13% gc time)
6775.482230 seconds (5.76 G allocations: 22.675 TiB, 20.13% gc time)
6776.272950 seconds (5.76 G allocations: 22.679 TiB, 20.12% gc time)
6778.150480 seconds (5.76 G allocations: 22.687 TiB, 20.12% gc time)
6779.294294 seconds (5.76 G allocations: 22.692 TiB, 20.11% gc time)
6780.234456 seconds (5.76 G allocations: 22.696 TiB, 20.11% gc time)
6783.753381 seconds (5.77 G allocations: 22.710 TiB, 20.10% gc time)
6783.980031 seconds (5.77 G allocations: 22.711 TiB, 20.10% gc time)
6788.425094 seconds (5.77 G allocations: 22.713 TiB, 20.15% gc time)
6791.055594 seconds (5.77 G allocations: 22.724 TiB, 20.14% gc time)
6793.089111 seconds (5.77 G allocations: 22.732 TiB, 20.13% gc time)
6793.378335 seconds (5.77 G allocations: 22.733 TiB, 20.13% gc time)
6794.547221 seconds (5.77 G allocations: 22.738 TiB, 20.13% gc time)
6794.664139 seconds (5.77 G allocations: 22.739 TiB, 20.13% gc time)
6794.802737 seconds (5.77 G allocations: 22.739 TiB, 20.13% gc time)
6795.005282 seconds (5.77 G allocations: 22.740 TiB, 20.13% gc time)
6795.560719 seconds (5.77 G allocations: 22.742 TiB, 20.12% gc time)
6796.248618 seconds (5.77 G allocations: 22.745 TiB, 20.12% gc time)
6796.666390 seconds (5.77 G allocations: 22.747 TiB, 20.12% gc time)
6797.053497 seconds (5.77 G allocations: 22.748 TiB, 20.12% gc time)
6798.805225 seconds (5.78 G allocations: 22.755 TiB, 20.12% gc time)
6800.606821 seconds (5.78 G allocations: 22.762 TiB, 20.11% gc time)
6802.078442 seconds (5.78 G allocations: 22.768 TiB, 20.11% gc time)
6803.024458 seconds (5.78 G allocations: 22.772 TiB, 20.10% gc time)
6808.144167 seconds (5.78 G allocations: 22.777 TiB, 20.14% gc time)
6809.603503 seconds (5.78 G allocations: 22.783 TiB, 20.14% gc time)
6809.720346 seconds (5.78 G allocations: 22.783 TiB, 20.14% gc time)
6810.652717 seconds (5.78 G allocations: 22.787 TiB, 20.13% gc time)
6810.754619 seconds (5.78 G allocations: 22.788 TiB, 20.13% gc time)
6811.064896 seconds (5.78 G allocations: 22.789 TiB, 20.13% gc time)
6812.772734 seconds (5.79 G allocations: 22.795 TiB, 20.13% gc time)
6813.128885 seconds (5.79 G allocations: 22.797 TiB, 20.13% gc time)
6815.080108 seconds (5.79 G allocations: 22.805 TiB, 20.12% gc time)
6815.731927 seconds (5.79 G allocations: 22.807 TiB, 20.12% gc time)
6817.407518 seconds (5.79 G allocations: 22.813 TiB, 20.11% gc time)
6817.691338 seconds (5.79 G allocations: 22.815 TiB, 20.11% gc time)
6819.234937 seconds (5.79 G allocations: 22.821 TiB, 20.11% gc time)
6822.119733 seconds (5.79 G allocations: 22.831 TiB, 20.10% gc time)
6822.365614 seconds (5.80 G allocations: 22.832 TiB, 20.10% gc time)
6823.014598 seconds (5.80 G allocations: 22.835 TiB, 20.10% gc time)
6828.932154 seconds (5.80 G allocations: 22.844 TiB, 20.13% gc time)
6831.540315 seconds (5.80 G allocations: 22.854 TiB, 20.12% gc time)
6832.986682 seconds (5.80 G allocations: 22.859 TiB, 20.12% gc time)
6833.617382 seconds (5.80 G allocations: 22.862 TiB, 20.11% gc time)
6837.284449 seconds (5.81 G allocations: 22.876 TiB, 20.10% gc time)
6517.297768 seconds (5.77 G allocations: 22.741 TiB, 20.36% gc time)
[2023-01-16T19:56:06.059]Diagonalized H.
6526.766035 seconds (5.78 G allocations: 22.752 TiB, 20.36% gc time)
6531.756431 seconds (5.78 G allocations: 22.774 TiB, 20.34% gc time)
6509.946240 seconds (5.76 G allocations: 22.696 TiB, 20.35% gc time)
 39.207691 seconds (31.53 M allocations: 121.336 GiB, 15.64% gc time)
[2023-01-16T19:56:28.217]Completed Shot 3, state 49
[2023-01-16T19:56:38.744]Diagonalized H.
[2023-01-16T19:56:38.759]Diagonalized H.
[2023-01-16T19:56:38.766]Diagonalized H.
6530.979026 seconds (5.77 G allocations: 22.742 TiB, 20.37% gc time)
6528.600374 seconds (5.77 G allocations: 22.726 TiB, 20.37% gc time)
6529.700145 seconds (5.77 G allocations: 22.720 TiB, 20.37% gc time)
6541.646002 seconds (5.78 G allocations: 22.771 TiB, 20.33% gc time)
6526.516870 seconds (5.77 G allocations: 22.721 TiB, 20.32% gc time)
6505.562404 seconds (5.75 G allocations: 22.645 TiB, 20.33% gc time)
[2023-01-16T19:57:06.534]Diagonalized H.
[2023-01-16T19:57:06.544]Diagonalized H.
[2023-01-16T19:57:06.541]Diagonalized H.
[[2023-01-16T19:57:06.874]Diagonalized H.
2023-01-16T19:57:06.874]Diagonalized H.
[2023-01-16T19:57:15.003]Diagonalized H.
 91.057973 seconds (21.10 M allocations: 97.046 GiB, 16.55% gc time)
[2023-01-16T19:57:52.064]Completed Shot 3, state 24
 92.154723 seconds (22.16 M allocations: 101.183 GiB, 16.35% gc time)
[2023-01-16T19:57:52.067]Completed Shot 3, state 22
102.592289 seconds (19.92 M allocations: 94.230 GiB, 15.34% gc time)
[2023-01-16T19:58:04.919]Completed Shot 3, state 20
6617.716096 seconds (5.78 G allocations: 22.782 TiB, 20.27% gc time)
[2023-01-16T19:58:19.586]Diagonalized H.
6630.158226 seconds (5.78 G allocations: 22.766 TiB, 20.26% gc time)
[2023-01-16T19:58:37.896]Diagonalized H.
124.592084 seconds (13.52 M allocations: 70.264 GiB, 12.42% gc time)
[2023-01-16T19:58:50.589]Completed Shot 3, state 11
119.787925 seconds (11.21 M allocations: 60.740 GiB, 12.92% gc time)
[2023-01-16T19:58:50.695]Completed Shot 3, state 48
120.229986 seconds (11.59 M allocations: 62.315 GiB, 12.89% gc time)
[2023-01-16T19:58:51.072]Completed Shot 3, state 8
6611.812918 seconds (5.75 G allocations: 22.661 TiB, 20.24% gc time)
127.729128 seconds (15.37 M allocations: 77.818 GiB, 12.16% gc time)
[2023-01-16T19:58:51.318]Completed Shot 3, state 25
113.661185 seconds (7.23 M allocations: 45.058 GiB, 13.66% gc time)
[2023-01-16T19:58:51.466]Completed Shot 3, state 35
6639.748751 seconds (5.77 G allocations: 22.756 TiB, 20.21% gc time)
6647.436983 seconds (5.77 G allocations: 22.762 TiB, 20.18% gc time)
[2023-01-16T19:58:58.021]Diagonalized H.
[2023-01-16T19:59:10.717]Diagonalized H.
[2023-01-16T19:59:11.561]Diagonalized H.
141.847437 seconds (11.51 M allocations: 63.794 GiB, 11.85% gc time)
[2023-01-16T19:59:13.952]Completed Shot 3, state 36
6670.524729 seconds (5.76 G allocations: 22.729 TiB, 20.12% gc time)
 85.754746 seconds (10.19 M allocations: 50.129 GiB, 9.56% gc time)
[2023-01-16T19:59:38.785]Completed Shot 3, state 32
6685.836884 seconds (5.78 G allocations: 22.774 TiB, 20.13% gc time)
[2023-01-16T19:59:45.625]Diagonalized H.
[2023-01-16T19:59:52.693]Diagonalized H.
6690.909565 seconds (5.76 G allocations: 22.717 TiB, 20.09% gc time)
6730.871043 seconds (5.79 G allocations: 22.845 TiB, 20.09% gc time)
[2023-01-16T20:00:11.048]Diagonalized H.
[2023-01-16T20:00:18.755]Diagonalized H.
112.886024 seconds (9.34 M allocations: 50.642 GiB, 9.49% gc time)
[2023-01-16T20:00:24.971]Completed Shot 3, state 9
6735.864680 seconds (5.76 G allocations: 22.736 TiB, 20.04% gc time)
116.432968 seconds (6.12 M allocations: 39.110 GiB, 9.88% gc time)
[2023-01-16T20:00:54.122]Completed Shot 3, state 37
[2023-01-16T20:00:54.204]Diagonalized H.
6760.999358 seconds (5.78 G allocations: 22.786 TiB, 20.02% gc time)
125.610065 seconds (6.89 M allocations: 43.454 GiB, 9.89% gc time)
[2023-01-16T20:00:56.709]Completed Shot 3, state 23
125.134691 seconds (6.46 M allocations: 41.647 GiB, 9.90% gc time)
[2023-01-16T20:00:56.710]Completed Shot 3, state 16
[2023-01-16T20:01:04.855]Diagonalized H.
6804.757404 seconds (5.80 G allocations: 22.863 TiB, 19.99% gc time)
[2023-01-16T20:01:26.021]Diagonalized H.
122.333880 seconds (3.05 M allocations: 27.473 GiB, 10.83% gc time)
[2023-01-16T20:01:41.086]Completed Shot 3, state 21
123.859877 seconds (3.44 M allocations: 29.066 GiB, 10.73% gc time)
[2023-01-16T20:01:43.108]Completed Shot 3, state 26
6795.548833 seconds (5.77 G allocations: 22.760 TiB, 19.94% gc time)
[2023-01-16T20:01:50.461]Diagonalized H.
6840.890807 seconds (5.79 G allocations: 22.862 TiB, 19.94% gc time)
114.397486 seconds (4.41 M allocations: 31.378 GiB, 10.66% gc time)
[2023-01-16T20:01:58.201]Completed Shot 3, state 7
6825.404156 seconds (5.78 G allocations: 22.787 TiB, 19.93% gc time)
[2023-01-16T20:02:04.659]Diagonalized H.
6817.628663 seconds (5.77 G allocations: 22.769 TiB, 19.90% gc time)
[2023-01-16T20:02:12.075]Diagonalized H.
[2023-01-16T20:02:19.904]Diagonalized H.
155.983103 seconds (4.80 M allocations: 38.183 GiB, 10.58% gc time)
[2023-01-16T20:02:40.289]Completed Shot 3, state 5
116.163591 seconds (4.17 M allocations: 31.034 GiB, 9.95% gc time)
[2023-01-16T20:02:41.963]Completed Shot 3, state 19
6875.511345 seconds (5.79 G allocations: 22.838 TiB, 19.85% gc time)
[2023-01-16T20:02:51.113]Diagonalized H.
128.124226 seconds (4.07 M allocations: 32.909 GiB, 10.26% gc time)
[2023-01-16T20:03:03.339]Completed Shot 3, state 14
107.169221 seconds (3.95 M allocations: 29.367 GiB, 9.95% gc time)
[2023-01-16T20:03:04.571]Completed Shot 3, state 38
6893.533925 seconds (5.78 G allocations: 22.823 TiB, 19.83% gc time)
6896.245357 seconds (5.78 G allocations: 22.832 TiB, 19.82% gc time)
[2023-01-16T20:03:14.176]Diagonalized H.
[2023-01-16T20:03:21.871]Diagonalized H.
6922.512277 seconds (5.78 G allocations: 22.803 TiB, 19.80% gc time)
[2023-01-16T20:03:50.829]Diagonalized H.
136.158279 seconds (3.46 M allocations: 31.231 GiB, 9.96% gc time)
[2023-01-16T20:03:59.624]Completed Shot 3, state 12
123.184203 seconds (2.62 M allocations: 26.149 GiB, 10.22% gc time)
[2023-01-16T20:04:00.531]Completed Shot 3, state 18
117.803373 seconds (2.84 M allocations: 26.930 GiB, 10.56% gc time)
[2023-01-16T20:04:02.448]Completed Shot 3, state 40
117.840565 seconds (2.92 M allocations: 27.060 GiB, 10.36% gc time)
[2023-01-16T20:04:03.284]Completed Shot 3, state 42
6951.831897 seconds (5.79 G allocations: 22.844 TiB, 19.75% gc time)
6927.690446 seconds (5.77 G allocations: 22.764 TiB, 19.77% gc time)
[2023-01-16T20:04:10.685]Diagonalized H.
[2023-01-16T20:04:17.853]Diagonalized H.
6972.962084 seconds (5.78 G allocations: 22.826 TiB, 19.72% gc time)
6961.689819 seconds (5.77 G allocations: 22.792 TiB, 19.70% gc time)
[2023-01-16T20:04:45.523]Diagonalized H.
[2023-01-16T20:04:45.581]Diagonalized H.
138.252728 seconds (3.40 M allocations: 30.240 GiB, 9.36% gc time)
[2023-01-16T20:05:01.982]Completed Shot 3, state 4
131.323470 seconds (2.75 M allocations: 26.571 GiB, 9.55% gc time)
[2023-01-16T20:05:18.686]Completed Shot 3, state 47
7026.563467 seconds (5.79 G allocations: 22.856 TiB, 19.63% gc time)
[2023-01-16T20:05:26.160]Diagonalized H.
7036.781535 seconds (5.79 G allocations: 22.865 TiB, 19.61% gc time)
[2023-01-16T20:05:36.538]Diagonalized H.
7048.420499 seconds (5.78 G allocations: 22.819 TiB, 19.57% gc time)
[2023-01-16T20:06:02.418]Diagonalized H.
141.624425 seconds (3.60 M allocations: 30.811 GiB, 8.91% gc time)
[2023-01-16T20:06:04.325]Completed Shot 3, state 3
182.804571 seconds (3.71 M allocations: 36.500 GiB, 9.49% gc time)
[2023-01-16T20:06:10.760]Completed Shot 3, state 29
7069.880596 seconds (5.78 G allocations: 22.825 TiB, 19.54% gc time)
[2023-01-16T20:06:23.796]Diagonalized H.
7091.682605 seconds (5.79 G allocations: 22.867 TiB, 19.53% gc time)
[2023-01-16T20:06:33.762]Diagonalized H.
7120.145437 seconds (5.78 G allocations: 22.859 TiB, 19.51% gc time)
172.235055 seconds (2.67 M allocations: 30.780 GiB, 9.24% gc time)
[2023-01-16T20:06:56.323]Completed Shot 3, state 1
7111.665323 seconds (5.78 G allocations: 22.837 TiB, 19.48% gc time)
[2023-01-16T20:07:03.469]Diagonalized H.
[2023-01-16T20:07:10.898]Diagonalized H.
177.834096 seconds (2.64 M allocations: 30.630 GiB, 9.65% gc time)
[2023-01-16T20:07:29.815]Completed Shot 3, state 10
216.423773 seconds (3.39 M allocations: 38.567 GiB, 9.49% gc time)
[2023-01-16T20:07:40.221]Completed Shot 3, state 50
192.319168 seconds (3.52 M allocations: 35.857 GiB, 9.45% gc time)
[2023-01-16T20:07:43.054]Completed Shot 3, state 6
144.411127 seconds (2.99 M allocations: 28.372 GiB, 9.64% gc time)
[2023-01-16T20:07:43.142]Completed Shot 3, state 46
7149.141704 seconds (5.77 G allocations: 22.810 TiB, 19.44% gc time)
7148.888254 seconds (5.77 G allocations: 22.809 TiB, 19.44% gc time)
[2023-01-16T20:07:50.708]Diagonalized H.
[2023-01-16T20:07:57.151]Diagonalized H.
7157.671697 seconds (5.76 G allocations: 22.769 TiB, 19.41% gc time)
[2023-01-16T20:08:16.535]Diagonalized H.
151.644071 seconds (2.78 M allocations: 29.056 GiB, 9.90% gc time)
[2023-01-16T20:08:26.947]Completed Shot 3, state 43
7189.828404 seconds (5.77 G allocations: 22.800 TiB, 19.39% gc time)
182.362497 seconds (3.12 M allocations: 34.564 GiB, 10.03% gc time)
[2023-01-16T20:08:29.685]Completed Shot 3, state 27
[2023-01-16T20:08:36.989]Diagonalized H.
133.915305 seconds (2.17 M allocations: 24.667 GiB, 10.06% gc time)
[2023-01-16T20:08:38.321]Completed Shot 3, state 2
108.128903 seconds (2.00 M allocations: 21.547 GiB, 9.74% gc time)
[2023-01-16T20:08:44.242]Completed Shot 3, state 45
148.569559 seconds (2.54 M allocations: 28.278 GiB, 9.74% gc time)
[2023-01-16T20:08:45.216]Completed Shot 3, state 17
112.082719 seconds (2.29 M allocations: 23.089 GiB, 9.70% gc time)
[2023-01-16T20:08:49.054]Completed Shot 3, state 41
7210.912339 seconds (5.77 G allocations: 22.803 TiB, 19.36% gc time)
[2023-01-16T20:08:57.998]Diagonalized H.
7225.151045 seconds (5.77 G allocations: 22.799 TiB, 19.30% gc time)
 88.110385 seconds (2.00 M allocations: 19.777 GiB, 8.98% gc time)
[2023-01-16T20:09:11.822]Completed Shot 3, state 34
[2023-01-16T20:09:18.094]Diagonalized H.
103.510329 seconds (2.12 M allocations: 21.946 GiB, 8.85% gc time)
[2023-01-16T20:09:27.253]Completed Shot 3, state 15
7240.970086 seconds (5.76 G allocations: 22.792 TiB, 19.28% gc time)
[2023-01-16T20:09:36.353]Diagonalized H.
7249.978472 seconds (5.76 G allocations: 22.786 TiB, 19.27% gc time)
 94.050918 seconds (2.19 M allocations: 20.888 GiB, 8.70% gc time)
[2023-01-16T20:09:41.871]Completed Shot 3, state 44
[2023-01-16T20:09:49.049]Diagonalized H.
 84.589915 seconds (1.83 M allocations: 18.597 GiB, 8.32% gc time)
[2023-01-16T20:09:53.946]Completed Shot 3, state 33
7270.395396 seconds (5.76 G allocations: 22.775 TiB, 19.24% gc time)
 74.583232 seconds (1.16 M allocations: 14.180 GiB, 8.49% gc time)
[2023-01-16T20:10:05.672]Completed Shot 3, state 13
[2023-01-16T20:10:14.427]Diagonalized H.
 63.523086 seconds (603.82 k allocations: 10.085 GiB, 7.75% gc time)
[2023-01-16T20:10:14.768]Completed Shot 3, state 31
 51.705228 seconds (329.82 k allocations: 7.118 GiB, 6.66% gc time)
[2023-01-16T20:10:32.463]Completed Shot 3, state 28
 65.249919 seconds (412.25 k allocations: 9.441 GiB, 6.37% gc time)
[2023-01-16T20:10:34.923]Completed Shot 3, state 30
 32.057681 seconds (128.05 k allocations: 3.662 GiB, 4.29% gc time)
[2023-01-16T20:10:36.900]Completed Shot 3, state 39
6421.391215 seconds (5.75 G allocations: 22.677 TiB, 21.00% gc time)
6422.155726 seconds (5.75 G allocations: 22.681 TiB, 21.00% gc time)
6422.461097 seconds (5.75 G allocations: 22.682 TiB, 21.00% gc time)
6422.569339 seconds (5.75 G allocations: 22.683 TiB, 21.00% gc time)
6422.890744 seconds (5.75 G allocations: 22.685 TiB, 20.99% gc time)
6423.386560 seconds (5.75 G allocations: 22.687 TiB, 20.99% gc time)
6423.386046 seconds (5.75 G allocations: 22.687 TiB, 20.99% gc time)
6432.421539 seconds (5.76 G allocations: 22.697 TiB, 21.07% gc time)
6432.771877 seconds (5.76 G allocations: 22.699 TiB, 21.07% gc time)
6434.781257 seconds (5.76 G allocations: 22.708 TiB, 21.06% gc time)
6436.309026 seconds (5.76 G allocations: 22.715 TiB, 21.06% gc time)
6436.552734 seconds (5.76 G allocations: 22.716 TiB, 21.06% gc time)
6436.626192 seconds (5.76 G allocations: 22.716 TiB, 21.06% gc time)
6436.957700 seconds (5.76 G allocations: 22.718 TiB, 21.05% gc time)
6437.151343 seconds (5.76 G allocations: 22.719 TiB, 21.05% gc time)
6437.334640 seconds (5.76 G allocations: 22.720 TiB, 21.05% gc time)
6437.461424 seconds (5.76 G allocations: 22.720 TiB, 21.05% gc time)
6437.547562 seconds (5.76 G allocations: 22.721 TiB, 21.05% gc time)
6438.059418 seconds (5.76 G allocations: 22.723 TiB, 21.05% gc time)
6438.152068 seconds (5.76 G allocations: 22.723 TiB, 21.05% gc time)
6438.431837 seconds (5.76 G allocations: 22.724 TiB, 21.05% gc time)
6438.670705 seconds (5.76 G allocations: 22.726 TiB, 21.05% gc time)
6439.052149 seconds (5.77 G allocations: 22.727 TiB, 21.05% gc time)
6440.323531 seconds (5.77 G allocations: 22.733 TiB, 21.04% gc time)
6440.362026 seconds (5.77 G allocations: 22.733 TiB, 21.04% gc time)
6440.570223 seconds (5.77 G allocations: 22.734 TiB, 21.04% gc time)
6440.616688 seconds (5.77 G allocations: 22.734 TiB, 21.04% gc time)
6440.696200 seconds (5.77 G allocations: 22.734 TiB, 21.04% gc time)
6440.764800 seconds (5.77 G allocations: 22.735 TiB, 21.04% gc time)
6441.145851 seconds (5.77 G allocations: 22.736 TiB, 21.04% gc time)
6441.418229 seconds (5.77 G allocations: 22.737 TiB, 21.04% gc time)
6441.724263 seconds (5.77 G allocations: 22.739 TiB, 21.04% gc time)
6442.226075 seconds (5.77 G allocations: 22.741 TiB, 21.04% gc time)
6443.388531 seconds (5.77 G allocations: 22.746 TiB, 21.03% gc time)
6444.189069 seconds (5.77 G allocations: 22.749 TiB, 21.03% gc time)
6444.191612 seconds (5.77 G allocations: 22.749 TiB, 21.03% gc time)
6445.092776 seconds (5.77 G allocations: 22.753 TiB, 21.03% gc time)
6445.351989 seconds (5.77 G allocations: 22.754 TiB, 21.03% gc time)
6445.606086 seconds (5.77 G allocations: 22.755 TiB, 21.03% gc time)
6448.381928 seconds (5.78 G allocations: 22.767 TiB, 21.02% gc time)
6448.438636 seconds (5.78 G allocations: 22.767 TiB, 21.02% gc time)
6448.446872 seconds (5.78 G allocations: 22.767 TiB, 21.02% gc time)
6448.799672 seconds (5.78 G allocations: 22.769 TiB, 21.02% gc time)
6448.878263 seconds (5.78 G allocations: 22.769 TiB, 21.02% gc time)
6449.842031 seconds (5.78 G allocations: 22.774 TiB, 21.01% gc time)
6452.532579 seconds (5.78 G allocations: 22.785 TiB, 21.00% gc time)
6452.604496 seconds (5.78 G allocations: 22.785 TiB, 21.00% gc time)
6453.845978 seconds (5.78 G allocations: 22.790 TiB, 21.00% gc time)
6455.620726 seconds (5.78 G allocations: 22.796 TiB, 20.99% gc time)
6455.631590 seconds (5.78 G allocations: 22.796 TiB, 20.99% gc time)
6391.887534 seconds (5.75 G allocations: 22.681 TiB, 17.91% gc time)
[2023-01-16T23:44:28.141]Diagonalized H.
6402.601912 seconds (5.75 G allocations: 22.678 TiB, 17.90% gc time)
[2023-01-16T23:44:41.580]Diagonalized H.
6431.074166 seconds (5.76 G allocations: 22.720 TiB, 17.96% gc time)
6430.865521 seconds (5.76 G allocations: 22.718 TiB, 17.96% gc time)
[2023-01-16T23:44:56.647]Diagonalized H.
6443.222740 seconds (5.76 G allocations: 22.717 TiB, 17.94% gc time)
[2023-01-16T23:45:03.521]Diagonalized H.
[2023-01-16T23:45:12.422]Diagonalized H.
6472.077796 seconds (5.76 G allocations: 22.706 TiB, 17.81% gc time)
[2023-01-16T23:45:52.754]Diagonalized H.
 97.945855 seconds (9.73 M allocations: 49.900 GiB, 9.53% gc time)
[2023-01-16T23:45:59.158]Completed Shot 4, state 46
 86.015298 seconds (8.54 M allocations: 43.707 GiB, 9.43% gc time)
[2023-01-16T23:46:00.300]Completed Shot 4, state 8
6484.446432 seconds (5.76 G allocations: 22.698 TiB, 17.80% gc time)
6489.302868 seconds (5.76 G allocations: 22.719 TiB, 17.79% gc time)
[2023-01-16T23:46:16.079]Diagonalized H.
[2023-01-16T23:46:16.570]Diagonalized H.
6530.142878 seconds (5.77 G allocations: 22.758 TiB, 17.82% gc time)
[2023-01-16T23:46:36.936]Diagonalized H.
113.390671 seconds (7.57 M allocations: 43.645 GiB, 9.28% gc time)
[2023-01-16T23:46:43.828]Completed Shot 4, state 27
114.559104 seconds (7.42 M allocations: 43.220 GiB, 9.52% gc time)
[2023-01-16T23:46:45.218]Completed Shot 4, state 24
102.091903 seconds (7.43 M allocations: 42.827 GiB, 9.81% gc time)
[2023-01-16T23:46:45.603]Completed Shot 4, state 1
6533.446167 seconds (5.76 G allocations: 22.725 TiB, 17.75% gc time)
[2023-01-16T23:46:55.677]Diagonalized H.
6554.559327 seconds (5.76 G allocations: 22.724 TiB, 17.74% gc time)
[2023-01-16T23:47:18.756]Diagonalized H.
6569.620346 seconds (5.77 G allocations: 22.761 TiB, 17.70% gc time)
[2023-01-16T23:47:27.917]Diagonalized H.
112.446191 seconds (7.65 M allocations: 43.656 GiB, 10.35% gc time)
[2023-01-16T23:47:37.736]Completed Shot 4, state 47
101.776056 seconds (4.93 M allocations: 32.098 GiB, 10.80% gc time)
[2023-01-16T23:47:44.534]Completed Shot 4, state 12
6587.608860 seconds (5.76 G allocations: 22.734 TiB, 17.69% gc time)
103.023216 seconds (5.47 M allocations: 34.406 GiB, 10.71% gc time)
[2023-01-16T23:47:45.517]Completed Shot 4, state 31
6594.245526 seconds (5.76 G allocations: 22.734 TiB, 17.67% gc time)
[2023-01-16T23:47:52.100]Diagonalized H.
[2023-01-16T23:47:59.915]Diagonalized H.
 94.452808 seconds (5.19 M allocations: 31.684 GiB, 10.65% gc time)
[2023-01-16T23:48:04.070]Completed Shot 4, state 16
6609.739521 seconds (5.76 G allocations: 22.706 TiB, 17.69% gc time)
6620.031321 seconds (5.77 G allocations: 22.748 TiB, 17.67% gc time)
[2023-01-16T23:48:22.917]Diagonalized H.
[2023-01-16T23:48:29.894]Diagonalized H.
130.288553 seconds (4.44 M allocations: 33.210 GiB, 11.28% gc time)
[2023-01-16T23:48:59.070]Completed Shot 4, state 50
6684.301450 seconds (5.78 G allocations: 22.804 TiB, 17.68% gc time)
[2023-01-16T23:49:10.551]Diagonalized H.
6688.657872 seconds (5.77 G allocations: 22.772 TiB, 17.59% gc time)
[2023-01-16T23:49:29.652]Diagonalized H.
6707.054241 seconds (5.77 G allocations: 22.776 TiB, 17.57% gc time)
6708.236555 seconds (5.77 G allocations: 22.780 TiB, 17.57% gc time)
[2023-01-16T23:49:48.748]Diagonalized H.
[2023-01-16T23:49:55.406]Diagonalized H.
183.319988 seconds (5.54 M allocations: 43.185 GiB, 11.02% gc time)
[2023-01-16T23:50:15.399]Completed Shot 4, state 22
179.969853 seconds (5.23 M allocations: 41.896 GiB, 11.30% gc time)
[2023-01-16T23:50:19.264]Completed Shot 4, state 14
6763.580789 seconds (5.78 G allocations: 22.825 TiB, 17.60% gc time)
6744.851600 seconds (5.77 G allocations: 22.769 TiB, 17.55% gc time)
[2023-01-16T23:50:35.069]Diagonalized H.
[2023-01-16T23:50:35.558]Diagonalized H.
157.297890 seconds (3.59 M allocations: 30.700 GiB, 11.40% gc time)
[2023-01-16T23:50:53.283]Completed Shot 4, state 9
187.801644 seconds (4.35 M allocations: 38.160 GiB, 12.16% gc time)
[2023-01-16T23:50:59.714]Completed Shot 4, state 28
170.125273 seconds (3.84 M allocations: 33.270 GiB, 11.59% gc time)
[2023-01-16T23:51:05.567]Completed Shot 4, state 26
201.382933 seconds (4.91 M allocations: 41.382 GiB, 11.72% gc time)
[2023-01-16T23:51:06.218]Completed Shot 4, state 45
6796.349052 seconds (5.77 G allocations: 22.789 TiB, 17.50% gc time)
[2023-01-16T23:51:18.078]Diagonalized H.
148.445413 seconds (3.93 M allocations: 31.295 GiB, 11.32% gc time)
[2023-01-16T23:51:31.805]Completed Shot 4, state 39
6800.256072 seconds (5.75 G allocations: 22.720 TiB, 17.52% gc time)
6817.388361 seconds (5.77 G allocations: 22.791 TiB, 17.48% gc time)
[2023-01-16T23:51:45.838]Diagonalized H.
[2023-01-16T23:51:45.914]Diagonalized H.
6846.910498 seconds (5.78 G allocations: 22.831 TiB, 17.51% gc time)
[2023-01-16T23:51:57.280]Diagonalized H.
6861.921028 seconds (5.77 G allocations: 22.790 TiB, 17.43% gc time)
[2023-01-16T23:52:27.096]Diagonalized H.
185.370184 seconds (3.85 M allocations: 35.569 GiB, 11.18% gc time)
[2023-01-16T23:52:27.888]Completed Shot 4, state 10
169.042592 seconds (3.01 M allocations: 30.810 GiB, 10.90% gc time)
[2023-01-16T23:52:30.807]Completed Shot 4, state 7
180.274737 seconds (3.10 M allocations: 32.414 GiB, 11.24% gc time)
[2023-01-16T23:52:41.566]Completed Shot 4, state 41
6881.074053 seconds (5.77 G allocations: 22.779 TiB, 17.42% gc time)
[2023-01-16T23:52:50.195]Diagonalized H.
6896.985931 seconds (5.77 G allocations: 22.810 TiB, 17.39% gc time)
[2023-01-16T23:52:59.652]Diagonalized H.
177.584448 seconds (2.90 M allocations: 31.110 GiB, 10.41% gc time)
[2023-01-16T23:53:19.701]Completed Shot 4, state 38
6931.756368 seconds (5.77 G allocations: 22.795 TiB, 17.35% gc time)
140.520489 seconds (2.37 M allocations: 25.489 GiB, 9.99% gc time)
[2023-01-16T23:53:31.320]Completed Shot 4, state 42
6931.113808 seconds (5.77 G allocations: 22.789 TiB, 17.36% gc time)
195.687617 seconds (3.28 M allocations: 34.305 GiB, 10.14% gc time)
[2023-01-16T23:53:37.563]Completed Shot 4, state 34
[2023-01-16T23:53:37.731]Diagonalized H.
[2023-01-16T23:53:44.812]Diagonalized H.
6974.546777 seconds (5.77 G allocations: 22.820 TiB, 17.31% gc time)
149.372093 seconds (1.49 M allocations: 23.297 GiB, 10.42% gc time)
[2023-01-16T23:54:16.571]Completed Shot 4, state 49
[2023-01-16T23:54:16.904]Diagonalized H.
177.429367 seconds (1.89 M allocations: 27.575 GiB, 10.07% gc time)
[2023-01-16T23:54:30.391]Completed Shot 4, state 29
181.966267 seconds (2.22 M allocations: 29.522 GiB, 10.04% gc time)
[2023-01-16T23:54:34.757]Completed Shot 4, state 48
7001.735734 seconds (5.77 G allocations: 22.824 TiB, 17.28% gc time)
7002.361803 seconds (5.77 G allocations: 22.825 TiB, 17.28% gc time)
[2023-01-16T23:54:43.578]Diagonalized H.
[2023-01-16T23:54:51.241]Diagonalized H.
7020.089311 seconds (5.77 G allocations: 22.799 TiB, 17.28% gc time)
164.876666 seconds (2.79 M allocations: 29.830 GiB, 10.32% gc time)
[2023-01-16T23:55:04.396]Completed Shot 4, state 23
7019.366771 seconds (5.76 G allocations: 22.786 TiB, 17.29% gc time)
[2023-01-16T23:55:11.156]Diagonalized H.
[2023-01-16T23:55:17.815]Diagonalized H.
172.105661 seconds (2.65 M allocations: 30.199 GiB, 10.35% gc time)
[2023-01-16T23:55:34.274]Completed Shot 4, state 32
167.969772 seconds (2.57 M allocations: 30.016 GiB, 10.38% gc time)
[2023-01-16T23:55:39.009]Completed Shot 4, state 36
129.714160 seconds (2.34 M allocations: 24.734 GiB, 10.93% gc time)
[2023-01-16T23:55:40.097]Completed Shot 4, state 33
130.960106 seconds (2.43 M allocations: 25.192 GiB, 10.74% gc time)
[2023-01-16T23:55:42.365]Completed Shot 4, state 17
7065.541898 seconds (5.77 G allocations: 22.826 TiB, 17.23% gc time)
[2023-01-16T23:55:50.395]Diagonalized H.
7084.536885 seconds (5.77 G allocations: 22.826 TiB, 17.21% gc time)
[2023-01-16T23:56:10.496]Diagonalized H.
7090.408919 seconds (5.77 G allocations: 22.816 TiB, 17.20% gc time)
[2023-01-16T23:56:20.380]Diagonalized H.
142.184704 seconds (2.83 M allocations: 27.619 GiB, 10.10% gc time)
[2023-01-16T23:56:31.095]Completed Shot 4, state 35
7127.228794 seconds (5.77 G allocations: 22.829 TiB, 17.17% gc time)
[2023-01-16T23:56:53.800]Diagonalized H.
142.725897 seconds (2.25 M allocations: 26.493 GiB, 10.33% gc time)
[2023-01-16T23:56:59.424]Completed Shot 4, state 44
7134.699139 seconds (5.77 G allocations: 22.804 TiB, 17.16% gc time)
143.183145 seconds (2.11 M allocations: 25.854 GiB, 10.34% gc time)
[2023-01-16T23:57:00.600]Completed Shot 4, state 40
7131.193830 seconds (5.76 G allocations: 22.789 TiB, 17.17% gc time)
122.802999 seconds (1.66 M allocations: 20.670 GiB, 9.75% gc time)
[2023-01-16T23:57:07.511]Completed Shot 4, state 19
[2023-01-16T23:57:07.913]Diagonalized H.
[2023-01-16T23:57:14.505]Diagonalized H.
150.293155 seconds (2.03 M allocations: 26.542 GiB, 10.08% gc time)
[2023-01-16T23:57:32.637]Completed Shot 4, state 6
7173.169865 seconds (5.77 G allocations: 22.824 TiB, 17.12% gc time)
[2023-01-16T23:57:42.929]Diagonalized H.
7177.518380 seconds (5.76 G allocations: 22.787 TiB, 17.12% gc time)
[2023-01-16T23:57:59.107]Diagonalized H.
136.616246 seconds (1.99 M allocations: 24.672 GiB, 9.32% gc time)
[2023-01-16T23:57:59.630]Completed Shot 4, state 11
7202.125865 seconds (5.77 G allocations: 22.814 TiB, 17.10% gc time)
[2023-01-16T23:58:16.262]Diagonalized H.
134.892846 seconds (2.02 M allocations: 25.051 GiB, 9.68% gc time)
[2023-01-16T23:58:17.751]Completed Shot 4, state 43
7216.705075 seconds (5.77 G allocations: 22.835 TiB, 17.07% gc time)
[2023-01-16T23:58:27.856]Diagonalized H.
7230.678556 seconds (5.77 G allocations: 22.825 TiB, 17.07% gc time)
[2023-01-16T23:58:44.638]Diagonalized H.
7235.228809 seconds (5.76 G allocations: 22.808 TiB, 17.06% gc time)
[2023-01-16T23:58:52.770]Diagonalized H.
165.922644 seconds (2.16 M allocations: 30.586 GiB, 9.62% gc time)
[2023-01-16T23:58:58.287]Completed Shot 4, state 3
151.534646 seconds (2.15 M allocations: 29.267 GiB, 9.30% gc time)
[2023-01-16T23:59:17.892]Completed Shot 4, state 13
137.413035 seconds (1.71 M allocations: 25.299 GiB, 9.59% gc time)
[2023-01-16T23:59:17.893]Completed Shot 4, state 25
105.062309 seconds (1.39 M allocations: 19.633 GiB, 9.35% gc time)
[2023-01-16T23:59:20.740]Completed Shot 4, state 18
7270.498331 seconds (5.76 G allocations: 22.809 TiB, 17.03% gc time)
141.848829 seconds (1.84 M allocations: 26.496 GiB, 9.44% gc time)
[2023-01-16T23:59:22.478]Completed Shot 4, state 21
[2023-01-16T23:59:28.670]Diagonalized H.
7289.921124 seconds (5.77 G allocations: 22.834 TiB, 16.99% gc time)
109.123344 seconds (1.20 M allocations: 19.550 GiB, 9.06% gc time)
[2023-01-16T23:59:39.165]Completed Shot 4, state 15
 91.675114 seconds (790.95 k allocations: 15.612 GiB, 8.42% gc time)
[2023-01-16T23:59:40.545]Completed Shot 4, state 30
 85.365758 seconds (626.93 k allocations: 14.596 GiB, 8.15% gc time)
[2023-01-16T23:59:44.065]Completed Shot 4, state 2
[2023-01-16T23:59:49.504]Diagonalized H.
 86.484069 seconds (530.86 k allocations: 12.985 GiB, 6.89% gc time)
[2023-01-17T00:00:02.447]Completed Shot 4, state 5
 83.788811 seconds (490.73 k allocations: 12.733 GiB, 6.64% gc time)
[2023-01-17T00:00:08.524]Completed Shot 4, state 4
 48.105831 seconds (269.40 k allocations: 7.085 GiB, 5.12% gc time)
[2023-01-17T00:00:09.352]Completed Shot 4, state 20
 35.408597 seconds (187.44 k allocations: 4.566 GiB, 4.32% gc time)
[2023-01-17T00:00:10.679]Completed Shot 4, state 37
7210.984004 seconds (5.80 G allocations: 22.714 TiB, 5.39% gc time)
7220.279204 seconds (5.81 G allocations: 22.747 TiB, 5.39% gc time)
7224.039892 seconds (5.81 G allocations: 22.760 TiB, 5.39% gc time)
7224.664433 seconds (5.81 G allocations: 22.762 TiB, 5.39% gc time)
7232.178482 seconds (5.82 G allocations: 22.788 TiB, 5.39% gc time)
7233.131233 seconds (5.82 G allocations: 22.791 TiB, 5.39% gc time)
7235.402116 seconds (5.82 G allocations: 22.799 TiB, 5.39% gc time)
7239.391765 seconds (5.83 G allocations: 22.812 TiB, 5.39% gc time)
7245.584913 seconds (5.83 G allocations: 22.833 TiB, 5.39% gc time)
7245.987833 seconds (5.83 G allocations: 22.834 TiB, 5.39% gc time)
7246.334819 seconds (5.83 G allocations: 22.835 TiB, 5.39% gc time)
7247.454669 seconds (5.83 G allocations: 22.839 TiB, 5.39% gc time)
7249.464947 seconds (5.84 G allocations: 22.845 TiB, 5.39% gc time)
7250.726443 seconds (5.84 G allocations: 22.849 TiB, 5.39% gc time)
7253.517559 seconds (5.84 G allocations: 22.858 TiB, 5.39% gc time)
7255.921927 seconds (5.84 G allocations: 22.866 TiB, 5.39% gc time)
7255.943705 seconds (5.84 G allocations: 22.866 TiB, 5.39% gc time)
7258.018891 seconds (5.84 G allocations: 22.873 TiB, 5.39% gc time)
7260.140264 seconds (5.84 G allocations: 22.880 TiB, 5.39% gc time)
7268.740560 seconds (5.85 G allocations: 22.907 TiB, 5.39% gc time)
7269.326903 seconds (5.85 G allocations: 22.909 TiB, 5.39% gc time)
7269.887467 seconds (5.85 G allocations: 22.911 TiB, 5.39% gc time)
7269.954129 seconds (5.85 G allocations: 22.911 TiB, 5.39% gc time)
  Activating project at `/gpfs/bwfor/work/ws/hd_ku269-light_cones/WorkingFolder`
7272.613029 seconds (5.85 G allocations: 22.919 TiB, 5.39% gc time)
7273.296454 seconds (5.85 G allocations: 22.921 TiB, 5.39% gc time)
7273.353038 seconds (5.85 G allocations: 22.922 TiB, 5.39% gc time)
7274.759680 seconds (5.86 G allocations: 22.926 TiB, 5.39% gc time)
7275.371517 seconds (5.86 G allocations: 22.928 TiB, 5.39% gc time)
7277.746282 seconds (5.86 G allocations: 22.935 TiB, 5.39% gc time)
7278.844595 seconds (5.86 G allocations: 22.939 TiB, 5.39% gc time)
7278.859113 seconds (5.86 G allocations: 22.939 TiB, 5.39% gc time)
7279.937839 seconds (5.86 G allocations: 22.942 TiB, 5.39% gc time)
7282.815431 seconds (5.86 G allocations: 22.950 TiB, 5.39% gc time)
7288.015618 seconds (5.87 G allocations: 22.966 TiB, 5.39% gc time)
7292.120643 seconds (5.87 G allocations: 22.979 TiB, 5.39% gc time)
7292.537089 seconds (5.87 G allocations: 22.980 TiB, 5.39% gc time)
7292.770580 seconds (5.87 G allocations: 22.981 TiB, 5.39% gc time)
7292.915682 seconds (5.87 G allocations: 22.981 TiB, 5.39% gc time)
7292.917064 seconds (5.87 G allocations: 22.981 TiB, 5.39% gc time)
7296.286403 seconds (5.87 G allocations: 22.991 TiB, 5.39% gc time)
7297.773839 seconds (5.87 G allocations: 22.996 TiB, 5.39% gc time)
7299.249122 seconds (5.87 G allocations: 23.000 TiB, 5.39% gc time)
7305.165022 seconds (5.88 G allocations: 23.018 TiB, 5.39% gc time)
7308.618898 seconds (5.88 G allocations: 23.029 TiB, 5.39% gc time)
7313.041462 seconds (5.88 G allocations: 23.042 TiB, 5.39% gc time)
7314.239910 seconds (5.88 G allocations: 23.045 TiB, 5.39% gc time)
7314.604649 seconds (5.88 G allocations: 23.046 TiB, 5.39% gc time)
7315.737540 seconds (5.89 G allocations: 23.050 TiB, 5.39% gc time)
7316.753907 seconds (5.89 G allocations: 23.053 TiB, 5.39% gc time)
7335.438695 seconds (5.90 G allocations: 23.107 TiB, 5.39% gc time)
6772.118757 seconds (5.84 G allocations: 22.842 TiB, 5.89% gc time)
[2023-01-17T03:53:45.107]Diagonalized H.
6793.175810 seconds (5.84 G allocations: 22.875 TiB, 5.91% gc time)
6814.505031 seconds (5.86 G allocations: 22.949 TiB, 5.91% gc time)
[2023-01-17T03:54:02.972]Diagonalized H.
[2023-01-17T03:54:09.641]Diagonalized H.
6815.836726 seconds (5.84 G allocations: 22.854 TiB, 5.93% gc time)
6822.479798 seconds (5.84 G allocations: 22.875 TiB, 5.93% gc time)
[2023-01-17T03:54:39.475]Diagonalized H.
[2023-01-17T03:54:46.239]Diagonalized H.
6880.459810 seconds (5.87 G allocations: 22.965 TiB, 5.96% gc time)
 93.254975 seconds (16.31 M allocations: 72.407 GiB, 10.93% gc time)
[2023-01-17T03:55:11.457]Completed Shot 5, state 22
6867.718899 seconds (5.85 G allocations: 22.920 TiB, 5.96% gc time)
[2023-01-17T03:55:18.466]Diagonalized H.
[2023-01-17T03:55:25.421]Diagonalized H.
105.066422 seconds (13.58 M allocations: 64.667 GiB, 9.90% gc time)
[2023-01-17T03:55:41.102]Completed Shot 5, state 3
105.149838 seconds (13.58 M allocations: 64.613 GiB, 9.88% gc time)
[2023-01-17T03:55:41.321]Completed Shot 5, state 49
6906.626110 seconds (5.87 G allocations: 22.965 TiB, 5.97% gc time)
[2023-01-17T03:55:48.346]Diagonalized H.
6921.798399 seconds (5.87 G allocations: 22.973 TiB, 5.98% gc time)
6874.201090 seconds (5.82 G allocations: 22.813 TiB, 5.98% gc time)
[2023-01-17T03:56:04.471]Diagonalized H.
[2023-01-17T03:56:11.399]Diagonalized H.
 99.683779 seconds (9.92 M allocations: 49.412 GiB, 9.29% gc time)
[2023-01-17T03:56:12.378]Completed Shot 5, state 27
113.148777 seconds (10.00 M allocations: 52.474 GiB, 10.11% gc time)
[2023-01-17T03:56:25.655]Completed Shot 5, state 34
 91.132494 seconds (8.33 M allocations: 43.121 GiB, 8.65% gc time)
[2023-01-17T03:56:42.554]Completed Shot 5, state 38
 92.354451 seconds (8.92 M allocations: 45.368 GiB, 8.57% gc time)
[2023-01-17T03:56:43.886]Completed Shot 5, state 11
6939.843863 seconds (5.85 G allocations: 22.896 TiB, 5.99% gc time)
[2023-01-17T03:56:53.232]Diagonalized H.
6965.535025 seconds (5.86 G allocations: 22.943 TiB, 6.00% gc time)
[2023-01-17T03:57:09.160]Diagonalized H.
6972.346103 seconds (5.86 G allocations: 22.944 TiB, 6.00% gc time)
6961.031626 seconds (5.85 G allocations: 22.907 TiB, 6.00% gc time)
[2023-01-17T03:57:17.604]Diagonalized H.
[2023-01-17T03:57:26.526]Diagonalized H.
118.615913 seconds (12.08 M allocations: 60.344 GiB, 8.97% gc time)
[2023-01-17T03:57:40.588]Completed Shot 5, state 39
103.773128 seconds (10.97 M allocations: 54.275 GiB, 8.88% gc time)
[2023-01-17T03:57:41.952]Completed Shot 5, state 31
6982.481838 seconds (5.84 G allocations: 22.878 TiB, 6.03% gc time)
113.343451 seconds (11.67 M allocations: 57.446 GiB, 8.73% gc time)
[2023-01-17T03:57:49.864]Completed Shot 5, state 32
[2023-01-17T03:57:49.896]Diagonalized H.
7021.613888 seconds (5.85 G allocations: 22.927 TiB, 6.04% gc time)
[2023-01-17T03:58:19.330]Diagonalized H.
7042.554284 seconds (5.86 G allocations: 22.954 TiB, 6.04% gc time)
7046.251096 seconds (5.86 G allocations: 22.965 TiB, 6.05% gc time)
[2023-01-17T03:58:34.094]Diagonalized H.
108.418813 seconds (10.39 M allocations: 53.056 GiB, 9.94% gc time)
[2023-01-17T03:58:34.888]Completed Shot 5, state 19
7054.845688 seconds (5.86 G allocations: 22.970 TiB, 6.05% gc time)
[2023-01-17T03:58:41.596]Diagonalized H.
[2023-01-17T03:58:50.957]Diagonalized H.
120.955616 seconds (6.87 M allocations: 42.876 GiB, 11.18% gc time)
[2023-01-17T03:59:10.318]Completed Shot 5, state 24
121.055063 seconds (6.76 M allocations: 42.394 GiB, 11.16% gc time)
[2023-01-17T03:59:10.788]Completed Shot 5, state 15
130.519436 seconds (8.06 M allocations: 47.967 GiB, 11.05% gc time)
[2023-01-17T03:59:12.321]Completed Shot 5, state 36
 92.547109 seconds (7.25 M allocations: 39.862 GiB, 11.00% gc time)
[2023-01-17T03:59:15.599]Completed Shot 5, state 46
7099.480886 seconds (5.87 G allocations: 22.992 TiB, 6.09% gc time)
7091.501887 seconds (5.86 G allocations: 22.965 TiB, 6.09% gc time)
[2023-01-17T03:59:24.387]Diagonalized H.
[2023-01-17T03:59:31.821]Diagonalized H.
7091.193944 seconds (5.83 G allocations: 22.871 TiB, 6.11% gc time)
 98.389869 seconds (4.98 M allocations: 32.294 GiB, 11.29% gc time)
[2023-01-17T03:59:50.826]Completed Shot 5, state 14
[2023-01-17T03:59:57.609]Diagonalized H.
7118.833562 seconds (5.84 G allocations: 22.904 TiB, 6.13% gc time)
[2023-01-17T04:00:17.273]Diagonalized H.
107.977375 seconds (4.81 M allocations: 33.317 GiB, 11.60% gc time)
[2023-01-17T04:00:22.970]Completed Shot 5, state 33
117.312261 seconds (5.36 M allocations: 36.012 GiB, 11.91% gc time)
[2023-01-17T04:00:24.972]Completed Shot 5, state 40
119.251908 seconds (5.97 M allocations: 38.642 GiB, 11.99% gc time)
[2023-01-17T04:00:26.006]Completed Shot 5, state 47
7118.736486 seconds (5.83 G allocations: 22.856 TiB, 6.15% gc time)
7133.926385 seconds (5.84 G allocations: 22.902 TiB, 6.14% gc time)
[2023-01-17T04:00:33.977]Diagonalized H.
[2023-01-17T04:00:41.765]Diagonalized H.
107.405494 seconds (4.06 M allocations: 28.653 GiB, 11.75% gc time)
[2023-01-17T04:01:05.511]Completed Shot 5, state 7
7185.293760 seconds (5.85 G allocations: 22.945 TiB, 6.18% gc time)
[2023-01-17T04:01:15.596]Diagonalized H.
118.517754 seconds (6.00 M allocations: 37.086 GiB, 11.08% gc time)
[2023-01-17T04:01:16.135]Completed Shot 5, state 8
7173.852173 seconds (5.84 G allocations: 22.889 TiB, 6.18% gc time)
[2023-01-17T04:01:24.720]Diagonalized H.
7196.659435 seconds (5.84 G allocations: 22.894 TiB, 6.19% gc time)
111.033708 seconds (6.75 M allocations: 39.982 GiB, 11.18% gc time)
[2023-01-17T04:01:40.926]Completed Shot 5, state 20
[2023-01-17T04:01:47.351]Diagonalized H.
7219.470983 seconds (5.85 G allocations: 22.942 TiB, 6.19% gc time)
[2023-01-17T04:01:55.595]Diagonalized H.
120.214506 seconds (6.47 M allocations: 40.181 GiB, 10.12% gc time)
[2023-01-17T04:02:08.589]Completed Shot 5, state 26
7251.462512 seconds (5.85 G allocations: 22.959 TiB, 6.20% gc time)
110.402241 seconds (5.66 M allocations: 35.329 GiB, 9.66% gc time)
[2023-01-17T04:02:17.595]Completed Shot 5, state 2
[2023-01-17T04:02:24.919]Diagonalized H.
124.761874 seconds (6.23 M allocations: 39.274 GiB, 9.53% gc time)
[2023-01-17T04:02:32.185]Completed Shot 5, state 48
7226.261346 seconds (5.82 G allocations: 22.839 TiB, 6.21% gc time)
7273.555125 seconds (5.86 G allocations: 22.982 TiB, 6.20% gc time)
[2023-01-17T04:02:40.589]Diagonalized H.
7288.939951 seconds (5.86 G allocations: 22.987 TiB, 6.20% gc time)
[2023-01-17T04:02:48.438]Diagonalized H.
[2023-01-17T04:02:58.119]Diagonalized H.
7312.891008 seconds (5.84 G allocations: 22.924 TiB, 6.22% gc time)
[2023-01-17T04:03:43.822]Diagonalized H.
7326.326496 seconds (5.84 G allocations: 22.922 TiB, 6.23% gc time)
164.875728 seconds (7.59 M allocations: 50.270 GiB, 8.36% gc time)
[2023-01-17T04:03:53.465]Completed Shot 5, state 50
156.987811 seconds (6.95 M allocations: 47.336 GiB, 8.50% gc time)
[2023-01-17T04:03:53.642]Completed Shot 5, state 43
[2023-01-17T04:03:59.702]Diagonalized H.
141.025456 seconds (6.02 M allocations: 41.339 GiB, 8.85% gc time)
[2023-01-17T04:04:08.924]Completed Shot 5, state 4
7365.183913 seconds (5.86 G allocations: 22.997 TiB, 6.24% gc time)
149.388723 seconds (6.65 M allocations: 44.343 GiB, 8.55% gc time)
[2023-01-17T04:04:09.645]Completed Shot 5, state 35
[2023-01-17T04:04:15.898]Diagonalized H.
7366.739731 seconds (5.85 G allocations: 22.981 TiB, 6.23% gc time)
[2023-01-17T04:04:26.690]Diagonalized H.
130.145036 seconds (5.07 M allocations: 35.736 GiB, 8.62% gc time)
[2023-01-17T04:04:27.661]Completed Shot 5, state 5
103.902786 seconds (4.10 M allocations: 30.788 GiB, 9.38% gc time)
[2023-01-17T04:04:32.266]Completed Shot 5, state 42
7397.862981 seconds (5.86 G allocations: 23.018 TiB, 6.25% gc time)
[2023-01-17T04:04:44.341]Diagonalized H.
7367.228220 seconds (5.83 G allocations: 22.889 TiB, 6.26% gc time)
138.342856 seconds (5.72 M allocations: 40.449 GiB, 8.98% gc time)
[2023-01-17T04:04:52.040]Completed Shot 5, state 16
[2023-01-17T04:04:58.826]Diagonalized H.
7414.037311 seconds (5.86 G allocations: 23.006 TiB, 6.25% gc time)
[2023-01-17T04:05:09.209]Diagonalized H.
160.248307 seconds (5.79 M allocations: 42.587 GiB, 9.02% gc time)
[2023-01-17T04:05:15.632]Completed Shot 5, state 13
111.282498 seconds (4.51 M allocations: 32.266 GiB, 9.99% gc time)
[2023-01-17T04:05:27.626]Completed Shot 5, state 44
7429.793531 seconds (5.85 G allocations: 22.957 TiB, 6.28% gc time)
[2023-01-17T04:05:40.055]Diagonalized H.
7449.844461 seconds (5.86 G allocations: 22.998 TiB, 6.28% gc time)
7437.374726 seconds (5.85 G allocations: 22.960 TiB, 6.28% gc time)
[2023-01-17T04:05:54.274]Diagonalized H.
[2023-01-17T04:05:55.337]Diagonalized H.
140.516904 seconds (2.70 M allocations: 28.032 GiB, 9.57% gc time)
[2023-01-17T04:06:29.736]Completed Shot 5, state 28
158.891896 seconds (3.60 M allocations: 33.793 GiB, 9.60% gc time)
[2023-01-17T04:06:32.187]Completed Shot 5, state 41
136.388123 seconds (2.56 M allocations: 27.398 GiB, 9.75% gc time)
[2023-01-17T04:06:32.654]Completed Shot 5, state 12
120.244307 seconds (2.17 M allocations: 22.983 GiB, 9.09% gc time)
[2023-01-17T04:06:38.117]Completed Shot 5, state 21
109.297294 seconds (1.77 M allocations: 19.549 GiB, 9.29% gc time)
[2023-01-17T04:06:40.249]Completed Shot 5, state 23
101.395924 seconds (1.58 M allocations: 18.400 GiB, 9.28% gc time)
[2023-01-17T04:06:40.876]Completed Shot 5, state 45
7489.063998 seconds (5.84 G allocations: 22.935 TiB, 6.30% gc time)
[2023-01-17T04:06:51.569]Diagonalized H.
7491.063245 seconds (5.83 G allocations: 22.906 TiB, 6.30% gc time)
7498.623283 seconds (5.84 G allocations: 22.927 TiB, 6.30% gc time)
[2023-01-17T04:07:04.257]Diagonalized H.
[2023-01-17T04:07:11.049]Diagonalized H.
110.676467 seconds (2.04 M allocations: 21.475 GiB, 7.66% gc time)
[2023-01-17T04:07:24.068]Completed Shot 5, state 18
105.067080 seconds (1.96 M allocations: 20.788 GiB, 8.05% gc time)
[2023-01-17T04:07:25.531]Completed Shot 5, state 30
106.360244 seconds (2.04 M allocations: 21.097 GiB, 7.96% gc time)
[2023-01-17T04:07:26.956]Completed Shot 5, state 1
7523.738259 seconds (5.83 G allocations: 22.915 TiB, 6.31% gc time)
[2023-01-17T04:07:36.311]Diagonalized H.
7557.517282 seconds (5.84 G allocations: 22.964 TiB, 6.31% gc time)
[2023-01-17T04:07:54.336]Diagonalized H.
 80.864584 seconds (1.34 M allocations: 16.412 GiB, 7.38% gc time)
[2023-01-17T04:08:05.776]Completed Shot 5, state 29
 68.555418 seconds (1.08 M allocations: 13.598 GiB, 7.51% gc time)
[2023-01-17T04:08:06.038]Completed Shot 5, state 10
 70.870368 seconds (1.18 M allocations: 14.080 GiB, 7.01% gc time)
[2023-01-17T04:08:08.794]Completed Shot 5, state 9
7544.754753 seconds (5.82 G allocations: 22.862 TiB, 6.31% gc time)
[2023-01-17T04:08:16.867]Diagonalized H.
 54.115154 seconds (991.06 k allocations: 11.531 GiB, 6.74% gc time)
[2023-01-17T04:08:23.142]Completed Shot 5, state 37
 39.862483 seconds (743.12 k allocations: 8.250 GiB, 6.10% gc time)
[2023-01-17T04:08:27.311]Completed Shot 5, state 25
 26.954013 seconds (575.30 k allocations: 4.764 GiB, 5.33% gc time)
[2023-01-17T04:08:37.829]Completed Shot 5, state 17
7593.516039 seconds (5.83 G allocations: 22.929 TiB, 6.30% gc time)
[2023-01-17T04:08:44.279]Diagonalized H.
 25.715987 seconds (57.87 k allocations: 2.596 GiB, 4.63% gc time)
[2023-01-17T04:09:04.153]Completed Shot 5, state 6
[2023-01-17T04:09:04.154]**********Simulation completed!**********
[2023-01-17T04:09:04.154]**********Saving**********
[2023-01-17T04:09:08.207]Saving file: /gpfs/bwfor/work/ws/hd_ku269-logs/LightCones/2023-01-16/512636_N11_BS.jld2
[2023-01-17T04:09:09.781]**********Run completed!**********
============================= JOB FEEDBACK =============================
Job ID: 512636
Cluster: helix
User/Group: hd_ku269/hd_hd
State: COMPLETED (exit code 0)
Nodes: 1
Cores per node: 64
CPU Utilized: 47-10:50:53
CPU Efficiency: 89.88% of 52-19:05:36 core-walltime
Job Wall-clock time: 19:47:54
Memory Utilized: 162.15 GB
Memory Efficiency: 68.71% of 236.00 GB
